This is job 0
Time: Fri 17 Sep 10:20:42 BST 2021
Running on master node: cpu-p-596
Current directory: /rds/user/ccn30/hpc-work/WBIC_lustre/ENCRYPT/scripts/Segmentation/slurmoutputs
Changed directory to /home/ccn30/rds/hpc-work/WBIC_lustre/ENCRYPT/scripts/Segmentation/slurmoutputs.

JobID: 46539695
======
Time: Fri 17 Sep 10:20:42 BST 2021
Running on master node: cpu-p-596
Current directory: /home/ccn30/rds/hpc-work/WBIC_lustre/ENCRYPT/scripts/Segmentation/slurmoutputs

Nodes allocated:
================
cpu-p-596

numtasks=, numnodes=, mpi_tasks_per_node= (OMP_NUM_THREADS=1)

Executing command:
==================
/home/ccn30/rds/hpc-work/WBIC_lustre/ENCRYPT/scripts/Segmentation/ASHS_mainfun.sh /home/ccn30/rds/hpc-work/WBIC_lustre/ENCRYPT/ENCRYPT_MasterRIScodes.txt 0 /home/ccn30/rds/rds-p00500_encrypt-URQgmO1brZ0/p00500/ENCRYPT_images /home/ccn30/rds/rds-p00500_encrypt-URQgmO1brZ0/p00500/ENCRYPT_ASHS_T2 /home/ccn30/privatemodules/ASHS/ashs-fastashs_beta /home/ccn30/rds/hpc-work/WBIC_home/ENCRYPT/atlases/magdeburgatlas /home/ccn30/rds/hpc-work/WBIC_lustre/ENCRYPT/scripts/Segmentation/slurmoutputs /home/ccn30/rds/rds-p00500_encrypt-URQgmO1brZ0/p00500/ENCRYPT_registrations

Beginning ASHS for:  25739
INPUT: /home/ccn30/rds/rds-p00500_encrypt-URQgmO1brZ0/p00500/ENCRYPT_images/mp2rage/n4mag0000_PSIR_skulled_std.nii
Beginning ASHS for:  25739
INPUT: /home/ccn30/rds/rds-p00500_encrypt-URQgmO1brZ0/p00500/ENCRYPT_images/mp2rage/n4mag0000_PSIR_skulled_std.nii /home/ccn30/rds/rds-p00500_encrypt-URQgmO1brZ0/p00500/ENCRYPT_images/T2/N4t2.nii
Beginning ASHS for:  25739
INPUT: /home/ccn30/rds/rds-p00500_encrypt-URQgmO1brZ0/p00500/ENCRYPT_images/mp2rage/n4mag0000_PSIR_skulled_std.nii /home/ccn30/rds/rds-p00500_encrypt-URQgmO1brZ0/p00500/ENCRYPT_images/T2/N4t2.nii
Beginning ASHS for:  25739
INPUT: /home/ccn30/rds/rds-p00500_encrypt-URQgmO1brZ0/p00500/ENCRYPT_images/mp2rage/denoise_n4mag0000_PSIR_skulled_std.nii /home/ccn30/rds/rds-p00500_encrypt-URQgmO1brZ0/p00500/ENCRYPT_images/T2/denoise_N4t2.nii
Registration copied from: /home/ccn30/rds/rds-p00500_encrypt-URQgmO1brZ0/p00500/ENCRYPT_registrations/25739
