Changed directory to /lustre/scratch/wbic-beta/ccn30/ENCRYPT/scripts/Segmentation/slurmoutputs.

JobID: 5522405
======
Time: Wed Oct 14 11:26:40 BST 2020
Running on master node: wbic-csm-6
Current directory: /lustre/scratch/wbic-beta/ccn30/ENCRYPT/scripts/Segmentation/slurmoutputs

Nodes allocated:
================
wbic-csm-6

numtasks=1, numnodes=1, mpi_tasks_per_node=1 (OMP_NUM_THREADS=1)

Executing command:
==================
/lustre/scratch/wbic-beta/ccn30/ENCRYPT/scripts/Segmentation/ASHS_mainfun.sh /lustre/scratch/wbic-beta/ccn30/ENCRYPT 25846/20200211_U-ID48025 /lustre/scratch/wbic-beta/ccn30/ENCRYPT/scripts/Segmentation/slurmoutputs

Beginning ASHS for:  25846
INPUT: /lustre/scratch/wbic-beta/ccn30/ENCRYPT/images/25846/20200211_U-ID48025/mp2rage/n4mag0000_PSIR_skulled_std.nii /lustre/scratch/wbic-beta/ccn30/ENCRYPT/images/25846/20200211_U-ID48025/Series_034_Highresolution_TSE_PAT2_100/t2.nii
/lustre/scratch/wbic-beta/ccn30/ENCRYPT/scripts/Segmentation/ASHS_mainfun.sh: line 48: cd: /lustre/scratch/wbic-beta/ccn30/ENCRYPT/segmentation/ASHS/25846/original: No such file or directory
ASHS started at 11:26:40
ashs_main execution log
  timestamp:   Wed Oct 14 11:26:40 BST 2020
  invocation:  /home/ccn30/privatemodules/ASHS/ashs-fastashs_beta/bin/ashs_main.sh -I 25846 -a /home/ccn30/ENCRYPT/atlases/magdeburgatlas -g /lustre/scratch/wbic-beta/ccn30/ENCRYPT/images/25846/20200211_U-ID48025/mp2rage/n4mag0000_PSIR_skulled_std.nii -f /lustre/scratch/wbic-beta/ccn30/ENCRYPT/images/25846/20200211_U-ID48025/Series_034_Highresolution_TSE_PAT2_100/t2.nii -w /lustre/scratch/wbic-beta/ccn30/ENCRYPT/segmentation/ASHS/25846/original
  directory:   /lustre/scratch/wbic-beta/ccn30/ENCRYPT/scripts/Segmentation/slurmoutputs
  environment:
    ASHS_MPRAGE=/lustre/scratch/wbic-beta/ccn30/ENCRYPT/images/25846/20200211_U-ID48025/mp2rage/n4mag0000_PSIR_skulled_std.nii
    ASHS_ROOT=/home/ccn30/privatemodules/ASHS/ashs-fastashs_beta
    ASHS_SUBJID=25846
    ASHS_TSE=/lustre/scratch/wbic-beta/ccn30/ENCRYPT/images/25846/20200211_U-ID48025/Series_034_Highresolution_TSE_PAT2_100/t2.nii
    ASHS_WORK=/lustre/scratch/wbic-beta/ccn30/ENCRYPT/segmentation/ASHS/25846/original
Atlas    : /home/ccn30/ENCRYPT/atlases/magdeburgatlas
T1 Image : /lustre/scratch/wbic-beta/ccn30/ENCRYPT/images/25846/20200211_U-ID48025/mp2rage/n4mag0000_PSIR_skulled_std.nii
T2 Image : /lustre/scratch/wbic-beta/ccn30/ENCRYPT/images/25846/20200211_U-ID48025/Series_034_Highresolution_TSE_PAT2_100/t2.nii
WorkDir  : /lustre/scratch/wbic-beta/ccn30/ENCRYPT/segmentation/ASHS/25846/original
Not using SGE or GNU parallel
****************************************
Starting stage 1: Normalization to T1 population template
****************************************
[0;36m
-------------------  INFO  ---------------------
Started stage 1: Normalization to T1 population 
template
------------------------------------------------
[0m
+ source /home/ccn30/privatemodules/ASHS/ashs-fastashs_beta/bin/ashs_lib.sh
++ source /home/ccn30/privatemodules/ASHS/ashs-fastashs_beta/bin/ashs_version.sh
+++ ASHS_VERSION_MAJOR=1
+++ ASHS_VERSION_MINOR=0
+++ ASHS_VERSION_PATCH=0
+++ ASHS_VERSION_NOTE=
+++ ASHS_VERSION_FULL=1.0.0
+++ ASHS_VERSION_DATE=20170915
+++ ASHS_OLDEST_COMPAT_DATE=20170810
++ source /home/ccn30/privatemodules/ASHS/ashs-fastashs_beta/bin/ashs_common_master.sh
+++ [[ ! -n /home/ccn30/privatemodules/ASHS/ashs-fastashs_beta ]]
++++ uname
+++ ARCH=Linux
+++ ASHS_BIN=/home/ccn30/privatemodules/ASHS/ashs-fastashs_beta/ext/Linux/bin
+++ ASHS_ANTS=/home/ccn30/privatemodules/ASHS/ashs-fastashs_beta/ext/Linux/bin/ants_1042
+++ ASHS_FSL=/home/ccn30/privatemodules/ASHS/ashs-fastashs_beta/ext/Linux/bin/fsl
++++ /home/ccn30/privatemodules/ASHS/ashs-fastashs_beta/ext/Linux/bin/c3d -version
++++ grep Version
+++ [[ ! -n Version 1.1.0 ]]
+++ PATH=/home/ccn30/privatemodules/ASHS/ashs-fastashs_beta/ext/Linux/bin:/home/ccn30/privatemodules/ASHS/ashs-fastashs_beta/ext/Linux/bin/ants_1042:/home/ccn30/privatemodules/ASHS/ashs-fastashs_beta/ext/Linux/bin/fsl:/home/ccn30/privatemodules/ASHS/ashs-fastashs_beta/ext/Linux/bin:/home/ccn30/privatemodules/ASHS/ashs-fastashs_beta/ext/Linux/bin/ants_1042:/home/ccn30/privatemodules/ASHS/ashs-fastashs_beta/ext/Linux/bin/fsl:/applications/ANTS/2.2.0/bin:/applications/itksnap/3.6.0/bin-cs:/applications/fsl/fsl-5.0.10/bin:/applications/git/git-2.26.2/bin:/applications/turbovnc/2.1/bin:/applications/virtualgl/2.5.1/bin:/applications/slurm/current/sbin:/applications/slurm/current/bin:/applications/texlive/2016/bin/x86_64-linux:/applications/openmpi/openmpi-3.0.0/bin:/applications/ImageJ/1.50:/applications/spm/spm12_6906:/applications/matlab/matlab2016a/bin:/applications/hphi/bin:/usr/local/bin:/usr/bin:/bin:/usr/local/games:/usr/games:.
++ [[ ! /home/ccn30/ENCRYPT/atlases/magdeburgatlas/ashs_user_config.sh == /home/ccn30/privatemodules/ASHS/ashs-fastashs_beta/bin/ashs_config.sh ]]
++ source /home/ccn30/privatemodules/ASHS/ashs-fastashs_beta/bin/ashs_config.sh
+++ ASHS_SIDES='left right'
+++ ASHS_MPRAGE_DENOISE=0
+++ ASHS_MPRAGE_SRUPSAMPLE=0
+++ ASHS_MPRAGE_SRUPSAMPLE_FACTOR='1 1 1'
+++ ASHS_TSE_DENOISE=0
+++ ASHS_TSE_SRUPSAMPLE=0
+++ ASHS_TSE_SRUPSAMPLE_FACTOR='1 1 1'
+++ ASHS_TSE_ISO_FACTOR=100x100x500%
+++ ASHS_TSE_ISO_REGION_CROP='20x20x0% 60x60x100%'
+++ ASHS_FLIRT_MULTIMODAL_OPTS='-searchrx -5 5 -searchry -5 5 -searchrz -5 5 -coarsesearch 3 -finesearch 1 -searchcost normmi'
+++ ASHS_TEMPLATE_ANTS_ITER=60x20x0
+++ ASHS_TEMPLATE_STAGES_TOTAL=4
+++ ASHS_TEMPLATE_STAGES_RIGID=1
+++ ASHS_TEMPLATE_ROI_DILATION=10x10x10vox
+++ ASHS_TEMPLATE_ROI_MARGIN=4x4x4vox
+++ ASHS_TEMPLATE_TARGET_RESOLUTION=0.4688x0.4688x0.4688mm
+++ ASHS_TEMPLATE_MASK_THRESHOLD=0.5
+++ ASHS_TARGET_ATLAS_FOR_HISTMATCH=0
+++ ASHS_HISTMATCH_CONTROLS=5
+++ ASHS_PAIRWISE_AFFINE_ITER=60x60x0
+++ ASHS_PAIRWISE_DEFORM_ITER=60x60x20
+++ ASHS_PAIRWISE_CROSSCORR_RADIUS=2x2x2
+++ ASHS_PAIRWISE_ANTS_STEPSIZE=0.25
+++ ASHS_PAIRWISE_ANTS_T1_WEIGHT=0
+++ ASHS_LABEL_SMOOTHING=0.24mm
+++ ASHS_MALF_STRATEGY='Joint[0.1,2]'
+++ ASHS_MALF_PATCHRAD=3x3x1
+++ ASHS_MALF_SEARCHRAD=3x3x1
+++ ASHS_MALF_PADDING=0x0x2
+++ ASHS_EC_DILATION=1
+++ ASHS_EC_TARGET_SAMPLES=100000
+++ ASHS_EC_DRYRUN_SAMPLE_RATE=0.01
+++ ASHS_EC_ITERATIONS=500
+++ ASHS_EC_PATCH_RADIUS=6x6x0
+++ ASHS_EC_MINIMUM_SAMPLES=100
+++ ASHS_EC_QSUB_EXTRA_OPTIONS=
++ source /home/ccn30/ENCRYPT/atlases/magdeburgatlas/ashs_user_config.sh
+++ ASHS_TSE_ISO_FACTOR=100x100x252%
+++ ASHS_TEMPLATE_ANTS_ITER=60x60x20x0
+++ ASHS_TSE_ISO_REGION_CROP='10x10x0% 80x80x100%'
++ [[ -n '' ]]
+ cat
Script: ashs_template_qsub.sh
Root: /home/ccn30/privatemodules/ASHS/ashs-fastashs_beta
Working directory: /lustre/scratch/wbic-beta/ccn30/ENCRYPT/segmentation/ASHS/25846/original
PATH: /home/ccn30/privatemodules/ASHS/ashs-fastashs_beta/ext/Linux/bin:/home/ccn30/privatemodules/ASHS/ashs-fastashs_beta/ext/Linux/bin/ants_1042:/home/ccn30/privatemodules/ASHS/ashs-fastashs_beta/ext/Linux/bin/fsl:/home/ccn30/privatemodules/ASHS/ashs-fastashs_beta/ext/Linux/bin:/home/ccn30/privatemodules/ASHS/ashs-fastashs_beta/ext/Linux/bin/ants_1042:/home/ccn30/privatemodules/ASHS/ashs-fastashs_beta/ext/Linux/bin/fsl:/applications/ANTS/2.2.0/bin:/applications/itksnap/3.6.0/bin-cs:/applications/fsl/fsl-5.0.10/bin:/applications/git/git-2.26.2/bin:/applications/turbovnc/2.1/bin:/applications/virtualgl/2.5.1/bin:/applications/slurm/current/sbin:/applications/slurm/current/bin:/applications/texlive/2016/bin/x86_64-linux:/applications/openmpi/openmpi-3.0.0/bin:/applications/ImageJ/1.50:/applications/spm/spm12_6906:/applications/matlab/matlab2016a/bin:/applications/hphi/bin:/usr/local/bin:/usr/bin:/bin:/usr/local/games:/usr/games:.
  Skip Rigid: 
  Skip Ants: 
+ WFSL=/lustre/scratch/wbic-beta/ccn30/ENCRYPT/segmentation/ASHS/25846/original/flirt_t2_to_t1
+ WANT=/lustre/scratch/wbic-beta/ccn30/ENCRYPT/segmentation/ASHS/25846/original/ants_t1_to_temp
+ WAFF=/lustre/scratch/wbic-beta/ccn30/ENCRYPT/segmentation/ASHS/25846/original/affine_t1_to_template
+ mkdir -p /lustre/scratch/wbic-beta/ccn30/ENCRYPT/segmentation/ASHS/25846/original/ants_t1_to_temp /lustre/scratch/wbic-beta/ccn30/ENCRYPT/segmentation/ASHS/25846/original/flirt_t2_to_t1 /lustre/scratch/wbic-beta/ccn30/ENCRYPT/segmentation/ASHS/25846/original/affine_t1_to_template
+ TEMP_T1_FULL=/home/ccn30/ENCRYPT/atlases/magdeburgatlas/template/template.nii.gz
+ TEMP_T1_MASK=/home/ccn30/ENCRYPT/atlases/magdeburgatlas/template/template_bet_mask.nii.gz
+ ashs_subj_vars /lustre/scratch/wbic-beta/ccn30/ENCRYPT/segmentation/ASHS/25846/original
+ local WORK=/lustre/scratch/wbic-beta/ccn30/ENCRYPT/segmentation/ASHS/25846/original
+ local WANT=/lustre/scratch/wbic-beta/ccn30/ENCRYPT/segmentation/ASHS/25846/original/ants_t1_to_temp
+ local WAFF=/lustre/scratch/wbic-beta/ccn30/ENCRYPT/segmentation/ASHS/25846/original/affine_t1_to_template
+ local WFSL=/lustre/scratch/wbic-beta/ccn30/ENCRYPT/segmentation/ASHS/25846/original/flirt_t2_to_t1
+ SUBJ_RAWMPRAGE=/lustre/scratch/wbic-beta/ccn30/ENCRYPT/segmentation/ASHS/25846/original/mprage_raw.nii.gz
+ SUBJ_RAWTSE=/lustre/scratch/wbic-beta/ccn30/ENCRYPT/segmentation/ASHS/25846/original/tse_raw.nii.gz
+ SUBJ_MPRAGE=/lustre/scratch/wbic-beta/ccn30/ENCRYPT/segmentation/ASHS/25846/original/mprage.nii.gz
+ SUBJ_TSE=/lustre/scratch/wbic-beta/ccn30/ENCRYPT/segmentation/ASHS/25846/original/tse.nii.gz
+ SUBJ_AFF_T2T1_MAT=/lustre/scratch/wbic-beta/ccn30/ENCRYPT/segmentation/ASHS/25846/original/flirt_t2_to_t1/flirt_t2_to_t1.mat
+ SUBJ_AFF_T2T1_INVMAT=/lustre/scratch/wbic-beta/ccn30/ENCRYPT/segmentation/ASHS/25846/original/flirt_t2_to_t1/flirt_t2_to_t1_inv.mat
+ SUBJ_AFF_T1TEMP_MAT=/lustre/scratch/wbic-beta/ccn30/ENCRYPT/segmentation/ASHS/25846/original/affine_t1_to_template/t1_to_template_affine.mat
+ SUBJ_AFF_T1TEMP_INVMAT=/lustre/scratch/wbic-beta/ccn30/ENCRYPT/segmentation/ASHS/25846/original/affine_t1_to_template/t1_to_template_affine_inv.mat
+ SUBJ_T1TEMP_WARP=/lustre/scratch/wbic-beta/ccn30/ENCRYPT/segmentation/ASHS/25846/original/ants_t1_to_temp/greedy_t1_to_template_warp.nii.gz
+ SUBJ_T1TEMP_INVWARP=/lustre/scratch/wbic-beta/ccn30/ENCRYPT/segmentation/ASHS/25846/original/ants_t1_to_temp/greedy_t1_to_template_invwarp.nii.gz
+ SUBJ_T1TEMP_TRAN='/lustre/scratch/wbic-beta/ccn30/ENCRYPT/segmentation/ASHS/25846/original/ants_t1_to_temp/greedy_t1_to_template_warp.nii.gz /lustre/scratch/wbic-beta/ccn30/ENCRYPT/segmentation/ASHS/25846/original/affine_t1_to_template/t1_to_template_affine.mat'
+ SUBJ_T1TEMP_INVTRAN='/lustre/scratch/wbic-beta/ccn30/ENCRYPT/segmentation/ASHS/25846/original/affine_t1_to_template/t1_to_template_affine_inv.mat /lustre/scratch/wbic-beta/ccn30/ENCRYPT/segmentation/ASHS/25846/original/ants_t1_to_temp/greedy_t1_to_template_invwarp.nii.gz'
+ SUBJ_T2TEMP_TRAN='/lustre/scratch/wbic-beta/ccn30/ENCRYPT/segmentation/ASHS/25846/original/ants_t1_to_temp/greedy_t1_to_template_warp.nii.gz /lustre/scratch/wbic-beta/ccn30/ENCRYPT/segmentation/ASHS/25846/original/affine_t1_to_template/t1_to_template_affine.mat /lustre/scratch/wbic-beta/ccn30/ENCRYPT/segmentation/ASHS/25846/original/flirt_t2_to_t1/flirt_t2_to_t1_inv.mat'
+ SUBJ_T2TEMP_INVTRAN='/lustre/scratch/wbic-beta/ccn30/ENCRYPT/segmentation/ASHS/25846/original/flirt_t2_to_t1/flirt_t2_to_t1.mat /lustre/scratch/wbic-beta/ccn30/ENCRYPT/segmentation/ASHS/25846/original/affine_t1_to_template/t1_to_template_affine_inv.mat /lustre/scratch/wbic-beta/ccn30/ENCRYPT/segmentation/ASHS/25846/original/ants_t1_to_temp/greedy_t1_to_template_invwarp.nii.gz'
+ SUBJ_AFF_T1TEMP_RESLICE=/lustre/scratch/wbic-beta/ccn30/ENCRYPT/segmentation/ASHS/25846/original/affine_t1_to_template/t1_to_template_affine.nii.gz
+ [[ /lustre/scratch/wbic-beta/ccn30/ENCRYPT/images/25846/20200211_U-ID48025/mp2rage/n4mag0000_PSIR_skulled_std.nii -nt /lustre/scratch/wbic-beta/ccn30/ENCRYPT/segmentation/ASHS/25846/original/mprage_raw.nii.gz ]]
+ c3d /lustre/scratch/wbic-beta/ccn30/ENCRYPT/images/25846/20200211_U-ID48025/mp2rage/n4mag0000_PSIR_skulled_std.nii -type short -o /lustre/scratch/wbic-beta/ccn30/ENCRYPT/segmentation/ASHS/25846/original/mprage_raw.nii.gz
+ SUBJ_MPRAGE_DENOISE=/lustre/scratch/wbic-beta/ccn30/ENCRYPT/segmentation/ASHS/25846/original/mprage_d.nii.gz
+ echo 'ASHS_MPRAGE_DENOISE = 0'
ASHS_MPRAGE_DENOISE = 0
+ [[ 0 == 1 ]]
+ cp /lustre/scratch/wbic-beta/ccn30/ENCRYPT/segmentation/ASHS/25846/original/mprage_raw.nii.gz /lustre/scratch/wbic-beta/ccn30/ENCRYPT/segmentation/ASHS/25846/original/mprage_d.nii.gz
+ [[ 0 == 1 ]]
+ cp /lustre/scratch/wbic-beta/ccn30/ENCRYPT/segmentation/ASHS/25846/original/mprage_d.nii.gz /lustre/scratch/wbic-beta/ccn30/ENCRYPT/segmentation/ASHS/25846/original/mprage.nii.gz
+ rm -f /lustre/scratch/wbic-beta/ccn30/ENCRYPT/segmentation/ASHS/25846/original/mprage_d.nii.gz
+ [[ /lustre/scratch/wbic-beta/ccn30/ENCRYPT/images/25846/20200211_U-ID48025/Series_034_Highresolution_TSE_PAT2_100/t2.nii -nt /lustre/scratch/wbic-beta/ccn30/ENCRYPT/segmentation/ASHS/25846/original/tse_raw.nii.gz ]]
+ c3d /lustre/scratch/wbic-beta/ccn30/ENCRYPT/images/25846/20200211_U-ID48025/Series_034_Highresolution_TSE_PAT2_100/t2.nii -type short -o /lustre/scratch/wbic-beta/ccn30/ENCRYPT/segmentation/ASHS/25846/original/tse_raw.nii.gz
+ SUBJ_TSE_DENOISE=/lustre/scratch/wbic-beta/ccn30/ENCRYPT/segmentation/ASHS/25846/original/tse_d.nii.gz
+ [[ 0 == 1 ]]
+ cp /lustre/scratch/wbic-beta/ccn30/ENCRYPT/segmentation/ASHS/25846/original/tse_raw.nii.gz /lustre/scratch/wbic-beta/ccn30/ENCRYPT/segmentation/ASHS/25846/original/tse_d.nii.gz
+ [[ 0 == 1 ]]
+ cp /lustre/scratch/wbic-beta/ccn30/ENCRYPT/segmentation/ASHS/25846/original/tse_d.nii.gz /lustre/scratch/wbic-beta/ccn30/ENCRYPT/segmentation/ASHS/25846/original/tse.nii.gz
+ rm -f /lustre/scratch/wbic-beta/ccn30/ENCRYPT/segmentation/ASHS/25846/original/tse_d.nii.gz
+ ashs_align_t1t2 /lustre/scratch/wbic-beta/ccn30/ENCRYPT/segmentation/ASHS/25846/original
+ local ASHS_WORK=/lustre/scratch/wbic-beta/ccn30/ENCRYPT/segmentation/ASHS/25846/original
+ local OVERRIDE_MAT=
+ local OVERRIDE_MODE=
+ ashs_subj_vars /lustre/scratch/wbic-beta/ccn30/ENCRYPT/segmentation/ASHS/25846/original
+ local WORK=/lustre/scratch/wbic-beta/ccn30/ENCRYPT/segmentation/ASHS/25846/original
+ local WANT=/lustre/scratch/wbic-beta/ccn30/ENCRYPT/segmentation/ASHS/25846/original/ants_t1_to_temp
+ local WAFF=/lustre/scratch/wbic-beta/ccn30/ENCRYPT/segmentation/ASHS/25846/original/affine_t1_to_template
+ local WFSL=/lustre/scratch/wbic-beta/ccn30/ENCRYPT/segmentation/ASHS/25846/original/flirt_t2_to_t1
+ SUBJ_RAWMPRAGE=/lustre/scratch/wbic-beta/ccn30/ENCRYPT/segmentation/ASHS/25846/original/mprage_raw.nii.gz
+ SUBJ_RAWTSE=/lustre/scratch/wbic-beta/ccn30/ENCRYPT/segmentation/ASHS/25846/original/tse_raw.nii.gz
+ SUBJ_MPRAGE=/lustre/scratch/wbic-beta/ccn30/ENCRYPT/segmentation/ASHS/25846/original/mprage.nii.gz
+ SUBJ_TSE=/lustre/scratch/wbic-beta/ccn30/ENCRYPT/segmentation/ASHS/25846/original/tse.nii.gz
+ SUBJ_AFF_T2T1_MAT=/lustre/scratch/wbic-beta/ccn30/ENCRYPT/segmentation/ASHS/25846/original/flirt_t2_to_t1/flirt_t2_to_t1.mat
+ SUBJ_AFF_T2T1_INVMAT=/lustre/scratch/wbic-beta/ccn30/ENCRYPT/segmentation/ASHS/25846/original/flirt_t2_to_t1/flirt_t2_to_t1_inv.mat
+ SUBJ_AFF_T1TEMP_MAT=/lustre/scratch/wbic-beta/ccn30/ENCRYPT/segmentation/ASHS/25846/original/affine_t1_to_template/t1_to_template_affine.mat
+ SUBJ_AFF_T1TEMP_INVMAT=/lustre/scratch/wbic-beta/ccn30/ENCRYPT/segmentation/ASHS/25846/original/affine_t1_to_template/t1_to_template_affine_inv.mat
+ SUBJ_T1TEMP_WARP=/lustre/scratch/wbic-beta/ccn30/ENCRYPT/segmentation/ASHS/25846/original/ants_t1_to_temp/greedy_t1_to_template_warp.nii.gz
+ SUBJ_T1TEMP_INVWARP=/lustre/scratch/wbic-beta/ccn30/ENCRYPT/segmentation/ASHS/25846/original/ants_t1_to_temp/greedy_t1_to_template_invwarp.nii.gz
+ SUBJ_T1TEMP_TRAN='/lustre/scratch/wbic-beta/ccn30/ENCRYPT/segmentation/ASHS/25846/original/ants_t1_to_temp/greedy_t1_to_template_warp.nii.gz /lustre/scratch/wbic-beta/ccn30/ENCRYPT/segmentation/ASHS/25846/original/affine_t1_to_template/t1_to_template_affine.mat'
+ SUBJ_T1TEMP_INVTRAN='/lustre/scratch/wbic-beta/ccn30/ENCRYPT/segmentation/ASHS/25846/original/affine_t1_to_template/t1_to_template_affine_inv.mat /lustre/scratch/wbic-beta/ccn30/ENCRYPT/segmentation/ASHS/25846/original/ants_t1_to_temp/greedy_t1_to_template_invwarp.nii.gz'
+ SUBJ_T2TEMP_TRAN='/lustre/scratch/wbic-beta/ccn30/ENCRYPT/segmentation/ASHS/25846/original/ants_t1_to_temp/greedy_t1_to_template_warp.nii.gz /lustre/scratch/wbic-beta/ccn30/ENCRYPT/segmentation/ASHS/25846/original/affine_t1_to_template/t1_to_template_affine.mat /lustre/scratch/wbic-beta/ccn30/ENCRYPT/segmentation/ASHS/25846/original/flirt_t2_to_t1/flirt_t2_to_t1_inv.mat'
+ SUBJ_T2TEMP_INVTRAN='/lustre/scratch/wbic-beta/ccn30/ENCRYPT/segmentation/ASHS/25846/original/flirt_t2_to_t1/flirt_t2_to_t1.mat /lustre/scratch/wbic-beta/ccn30/ENCRYPT/segmentation/ASHS/25846/original/affine_t1_to_template/t1_to_template_affine_inv.mat /lustre/scratch/wbic-beta/ccn30/ENCRYPT/segmentation/ASHS/25846/original/ants_t1_to_temp/greedy_t1_to_template_invwarp.nii.gz'
+ [[ -f /lustre/scratch/wbic-beta/ccn30/ENCRYPT/segmentation/ASHS/25846/original/flirt_t2_to_t1/flirt_t2_to_t1.mat ]]
+ export FSLOUTPUTTYPE=NIFTI_GZ
+ FSLOUTPUTTYPE=NIFTI_GZ
+ c3d /lustre/scratch/wbic-beta/ccn30/ENCRYPT/segmentation/ASHS/25846/original/tse.nii.gz -resample 100x100x252% -region 10x10x0% 80x80x100% -type short -o /tmp/ashs.jrKkhs29/tse_iso.nii.gz
+ [[ -n '' ]]
+ local INIT_RIGID
+ [[ -n '' ]]
+ INIT_RIGID=-ia-identity
+ greedy -d 3 -a -dof 6 -m MI -n 100x100x10 -i /tmp/ashs.jrKkhs29/tse_iso.nii.gz /lustre/scratch/wbic-beta/ccn30/ENCRYPT/segmentation/ASHS/25846/original/mprage.nii.gz -ia-identity -o /lustre/scratch/wbic-beta/ccn30/ENCRYPT/segmentation/ASHS/25846/original/flirt_t2_to_t1/flirt_t2_to_t1.mat
Executing with the default number of threads: 48
*************************************************
  N=6   NUMBER OF CORRECTIONS=5       INITIAL VALUES F= -3498.54   GNORM= 36.4585
*************************************************
   I   NFN    FUNC        GNORM       STEPLENGTH
   1    2     -3519.947       9.333       0.027
   2    3     -3522.620       6.370       1.000
   3    4     -3524.502       7.544       1.000
   4    6     -3525.039       3.108       0.468
   5    7     -3525.193       1.630       1.000
   6    8     -3525.237       0.608       1.000
   7    9     -3525.242       0.383       1.000
   8   10     -3525.244       0.358       1.000
   9   12     -3525.244       0.336       0.364
  10   13     -3525.245       0.315       1.000
  11   14     -3525.245       0.232       1.000
  12   15     -3525.245       0.203       1.000
  13   16     -3525.245       0.226       1.000
  14   17     -3525.245       0.121       1.000
  15   18     -3525.245       0.071       1.000
  16   19     -3525.245       0.099       1.000
  17   21     -3525.245       0.065       0.350
  18   22     -3525.245       0.063       1.000
  19   25     -3525.245       0.059       0.048
  20   26     -3525.245       0.043       1.000
  21   27     -3525.245       0.035       1.000
  22   29     -3525.245       0.029       0.339
  23   31     -3525.245       0.040       0.229
  24   32     -3525.245       0.022       1.000
  25   33     -3525.245       0.027       1.000
  26   35     -3525.245       0.028       0.159
  27   37     -3525.245       0.040       0.335
  28   38     -3525.245       0.028       1.000
  29   39     -3525.245       0.021       1.000
  30   42     -3525.245       0.013       0.088
  31   43     -3525.245       0.004       1.000
  32   46     -3525.245       0.022       2.153
  33   47     -3525.245       0.004       1.000
  34   49     -3525.245       0.013       0.222
  35   50     -3525.245       0.018       1.000
  36   51     -3525.245       0.023       1.000
  37   53     -3525.245       0.036       5.000
  38   54     -3525.245       0.005       1.000
 IFLAG= -1  LINE SEARCH FAILED. SEE DOCUMENTATION OF ROUTINE MCSRCH ERROR RETURN OF LINE SEARCH: INFO= 3 POSSIBLE CAUSES: FUNCTION OR GRADIENT ARE INCORRECT OR INCORRECT TOLERANCESvnl_lbfgs: Error. Netlib routine lbfgs failed.
Final RAS Transform: 
0.999926 -0.0117642 -0.00314902 0.344573 
0.0117417 0.999906 -0.00706696 -0.954039 
0.00323186 0.00702946 0.99997 -0.97956 
0 0 0 1 

*************************************************
  N=6   NUMBER OF CORRECTIONS=5       INITIAL VALUES F= -3201.42   GNORM= 55.4823
*************************************************
   I   NFN    FUNC        GNORM       STEPLENGTH
   1    2     -3225.226      31.180       0.018
   2    3     -3229.806      15.154       1.000
   3    4     -3231.359      10.427       1.000
   4    5     -3233.175      13.067       1.000
   5    6     -3236.564      17.677       1.000
   6    7     -3238.760       8.968       1.000
   7    8     -3239.270       3.652       1.000
   8    9     -3239.436       3.223       1.000
   9   10     -3239.650       4.620       1.000
  10   11     -3239.678       4.968       1.000
  11   12     -3239.774       0.949       1.000
  12   13     -3239.781       0.885       1.000
  13   14     -3239.797       1.878       1.000
  14   15     -3239.804       2.018       1.000
  15   16     -3239.815       0.942       1.000
  16   17     -3239.820       0.519       1.000
  17   18     -3239.822       0.204       1.000
  18   19     -3239.823       0.220       1.000
  19   20     -3239.823       0.179       1.000
  20   21     -3239.824       0.173       1.000
  21   22     -3239.824       0.222       1.000
  22   24     -3239.824       0.090       0.238
  23   25     -3239.824       0.138       1.000
  24   26     -3239.824       0.035       1.000
  25   27     -3239.824       0.045       1.000
  26   28     -3239.824       0.038       1.000
  27   30     -3239.824       0.037       0.270
  28   31     -3239.824       0.045       1.000
  29   32     -3239.824       0.026       1.000
  30   33     -3239.824       0.018       1.000
  31   34     -3239.824       0.006       1.000
  32   35     -3239.824       0.008       1.000
  33   36     -3239.824       0.011       1.000
  34   38     -3239.824       0.013       0.202
  35   40     -3239.824       0.006       0.390
  36   43     -3239.824       0.009       0.019
  37   44     -3239.824       0.007       1.000
  38   46     -3239.824       0.009       0.262
  39   47     -3239.824       0.008       1.000
  40   48     -3239.824       0.009       1.000
  41   50     -3239.824       0.008       0.054
  42   51     -3239.824       0.009       1.000
  43   52     -3239.824       0.025       1.000
  44   53     -3239.824       0.016       1.000
  45   55     -3239.824       0.006       0.461
  46   57     -3239.824       0.006       0.316
  47   59     -3239.824       0.009       0.214
  48   60     -3239.824       0.008       1.000
  49   61     -3239.824       0.007       1.000
  50   63     -3239.824       0.009       0.400
  51   67     -3239.824       0.004       0.007
  52   68     -3239.824       0.007       1.000
  53   69     -3239.824       0.011       1.000
  54   70     -3239.824       0.011       1.000
  55   72     -3239.824       0.004       0.347
  56   73     -3239.824       0.004       1.000
  57   77     -3239.824       0.009       2.683
  58   78     -3239.824       0.009       1.000
  59   81     -3239.824       0.008       0.036
  60   83     -3239.824       0.006       0.364
  61   85     -3239.824       0.007       0.399
  62   88     -3239.824       0.011       0.081
  63   89     -3239.824       0.004       1.000
  64   90     -3239.824       0.007       1.000
  65   93     -3239.824       0.003       1.604
Final RAS Transform: 
0.999982 -0.00174404 -0.0057987 0.0314337 
0.00174635 0.999998 0.000394267 -0.251943 
0.005798 -0.000404387 0.999983 -0.42836 
0 0 0 1 

*************************************************
  N=6   NUMBER OF CORRECTIONS=5       INITIAL VALUES F= -2541.8   GNORM= 70.4057
*************************************************
   I   NFN    FUNC        GNORM       STEPLENGTH
   1    3     -2551.934      23.003       0.004
   2    4     -2552.403      18.862       1.000
   3    5     -2552.775       8.799       1.000
   4    6     -2553.026       8.717       1.000
   5    7     -2553.902      19.382       1.000
   6    8     -2555.680      33.404       1.000
   7    9     -2558.764      44.569       1.000
   8   10     -2560.379      29.497       1.000
   9   11     -2561.495      12.495       1.000
Final RAS Transform: 
0.999969 0.00142481 -0.00778859 -0.0763599 
-0.00146947 0.999982 -0.00573184 0.167924 
0.00778029 0.0057431 0.999953 -0.750058 
0 0 0 1 

+ c3d_affine_tool /lustre/scratch/wbic-beta/ccn30/ENCRYPT/segmentation/ASHS/25846/original/flirt_t2_to_t1/flirt_t2_to_t1.mat -inv -o /lustre/scratch/wbic-beta/ccn30/ENCRYPT/segmentation/ASHS/25846/original/flirt_t2_to_t1/flirt_t2_to_t1_inv.mat
+ [[ 0 == 1 ]]
+ [[ 0 == 1 ]]
+ [[ 0 == 1 ]]
+ job_progress 0.25
+ local PROGRESS=0.25
+ local CHUNK_PSTART CHUNK_PEND
+ read CHUNK_PSTART CHUNK_PEND
++ echo 1
++ awk -v bs=0.0 -v be=0.2 -v j=0 -v n=1 '{print bs + ((be - bs) * j) / n, bs + ((be - bs) * (j+1)) / n}'
+ echo 'CHUNK 0.0 0.2'
CHUNK 0.0 0.2
+ echo 1
+ awk -v bs=0.0 -v be=0.2 -v j=0 -v n=1 '{print bs + ((be - bs) * j) / n, bs + ((be - bs) * (j+1)) / n}'
0 0.2
+ echo 'CHUNK 0 0.2 0.25'
CHUNK 0 0.2 0.25
+ bash /home/ccn30/privatemodules/ASHS/ashs-fastashs_beta/bin/ashs_default_hook.sh progress 0 0.2 0.25
====================================
         PROGRESS: 0               
====================================
+ [[ -f /lustre/scratch/wbic-beta/ccn30/ENCRYPT/segmentation/ASHS/25846/original/affine_t1_to_template/t1_to_template_affine.mat ]]
+ greedy -d 3 -a -dof 6 -m NCC 2x2x2 -i /home/ccn30/ENCRYPT/atlases/magdeburgatlas/template/template.nii.gz /lustre/scratch/wbic-beta/ccn30/ENCRYPT/segmentation/ASHS/25846/original/mprage.nii.gz -o /lustre/scratch/wbic-beta/ccn30/ENCRYPT/segmentation/ASHS/25846/original/affine_t1_to_template/greedy_t1_to_template_init_rigid.mat -n 400x0x0x0 -ia-image-centers -search 400 5 5
Executing with the default number of threads: 48
Noise on image 0 component 0: fixed = 1.06327, moving = 62.466
Rigid search -> Initial best: -416.511 0 0 0 -6.03102 3.61259 25.0641
New best: -509.809 -0.0782742 0.0199108 -0.0191854 -6.16275 -1.60446 22.7883
New best: -547.354 0.00673294 0.00997331 0.0855249 -0.39333 1.76562 18.0368
New best: -586.517 -0.00809502 0.00133814 -0.00553603 -2.28203 6.45935 15.1621
New best: -659.475 -0.0695452 0.0781099 -0.00469067 2.53302 -1.95455 35.3761
*************************************************
  N=6   NUMBER OF CORRECTIONS=5       INITIAL VALUES F= -659.475   GNORM= 42.2037
*************************************************
   I   NFN    FUNC        GNORM       STEPLENGTH
   1    2      -697.286      33.461       0.024
   2    3      -829.594      26.383       1.000
   3    5      -852.874      17.130       0.346
   4    8      -891.814       9.853       2.704
   5    9      -899.685      13.246       1.000
   6   10      -906.242      24.560       1.000
   7   12      -942.505      24.884       5.000
   8   13      -961.178      13.183       1.000
   9   14      -966.775      11.844       1.000
  10   16      -974.830       6.361       0.473
  11   17      -980.414       7.219       1.000
  12   19      -988.146       8.159       0.337
  13   21      -988.797       9.646       0.265
  14   22      -990.792       5.640       1.000
  15   24      -990.969       3.198       0.469
  16   27      -991.873       3.841       2.223
  17   29      -992.141       3.099       0.435
  18   31      -992.286       2.390       0.268
  19   34      -993.356       3.007       2.927
  20   38      -993.514       4.603       0.073
  21   39      -993.676       8.394       1.000
  22   41      -993.971       8.839       0.082
  23   42      -994.755       8.751       1.000
  24   44      -994.784       8.788       0.267
  25   45      -995.164       7.158       1.000
  26   46      -995.221       4.242       1.000
  27   47      -995.844       4.942       1.000
  28   48      -995.889       2.772       1.000
  29   49      -996.049       3.539       1.000
  30   50      -996.461       3.040       1.000
  31   52      -996.583       5.009       0.525
  32   53      -996.677       4.486       1.000
  33   57      -996.744       2.475       0.103
  34   60      -996.751       3.605       0.284
  35   62      -996.783       3.266       0.221
  36   63      -996.792       1.315       1.000
  37   65      -996.817       1.262       0.482
  38   72      -996.826       8.133       0.171
  39   75      -996.826      17.619       0.005
  40   83      -996.839      18.290       0.146
  41   85      -996.840      43.702       0.245
  42   88      -996.842       6.916       0.095
  43   89      -996.844       2.299       1.000
  44   91      -996.844       2.377       0.466
  45   95      -996.845       2.331       0.004
  46   97      -996.845       2.378       0.471
  47   99      -996.845       2.352       0.197
  48  106      -996.845       0.964       0.002
  49  107      -996.845       1.319       1.000
  50  109      -996.845       0.935       0.343
  51  110      -996.845       0.804       1.000
 IFLAG= -1  LINE SEARCH FAILED. SEE DOCUMENTATION OF ROUTINE MCSRCH ERROR RETURN OF LINE SEARCH: INFO= 3 POSSIBLE CAUSES: FUNCTION OR GRADIENT ARE INCORRECT OR INCORRECT TOLERANCESvnl_lbfgs: Error. Netlib routine lbfgs failed.
Final RAS Transform: 
0.952275 -0.027264 0.304023 7.28577 
0.14139 0.922107 -0.360176 -12.6598 
-0.270522 0.385972 0.881954 29.852 
0 0 0 1 

Final RAS Transform: 
0.952275 -0.027264 0.304023 7.28577 
0.14139 0.922107 -0.360176 -12.6598 
-0.270522 0.385972 0.881954 29.852 
0 0 0 1 

Final RAS Transform: 
0.952275 -0.027264 0.304023 7.28577 
0.14139 0.922107 -0.360176 -12.6598 
-0.270522 0.385972 0.881954 29.852 
0 0 0 1 

Final RAS Transform: 
0.952275 -0.027264 0.304023 7.28577 
0.14139 0.922107 -0.360176 -12.6598 
-0.270522 0.385972 0.881954 29.852 
0 0 0 1 


real	0m58.690s
user	1m26.368s
sys	0m6.580s
+ greedy -d 3 -a -m NCC 2x2x2 -i /home/ccn30/ENCRYPT/atlases/magdeburgatlas/template/template.nii.gz /lustre/scratch/wbic-beta/ccn30/ENCRYPT/segmentation/ASHS/25846/original/mprage.nii.gz -o /lustre/scratch/wbic-beta/ccn30/ENCRYPT/segmentation/ASHS/25846/original/affine_t1_to_template/greedy_t1_to_template.mat -n 400x80x40x0 -ia /lustre/scratch/wbic-beta/ccn30/ENCRYPT/segmentation/ASHS/25846/original/affine_t1_to_template/greedy_t1_to_template_init_rigid.mat
Executing with the default number of threads: 48
Noise on image 0 component 0: fixed = 1.06327, moving = 62.466
*************************************************
  N=12   NUMBER OF CORRECTIONS=5       INITIAL VALUES F= -996.845   GNORM= 24.3951
*************************************************
   I   NFN    FUNC        GNORM       STEPLENGTH
   1    2     -1004.318      19.576       0.041
   2    3     -1011.355      13.278       1.000
   3    5     -1013.810      14.011       0.376
   4    6     -1016.721      14.237       1.000
   5    8     -1018.591      16.244       0.275
   6    9     -1023.335       9.730       1.000
   7   10     -1028.009      13.170       1.000
   8   13     -1030.806      17.751       0.694
   9   14     -1034.694      11.283       1.000
  10   16     -1035.564       6.968       0.311
  11   17     -1035.675       4.936       1.000
  12   18     -1035.777       5.474       1.000
  13   19     -1036.024       3.147       1.000
  14   21     -1036.031       4.000       0.410
  15   23     -1036.185       3.887       5.000
  16   24     -1036.306       5.281       1.000
  17   28     -1036.336       5.204       0.081
  18   29     -1036.380       3.206       1.000
  19   31     -1036.391       3.426       0.265
  20   33     -1036.397       3.057       0.287
  21   35     -1036.405       2.782       0.229
  22   52     -1036.407       4.665       0.066
  23   54     -1036.412       2.656       0.275
  24   55     -1036.414       1.399       1.000
  25   56     -1036.415       1.654       1.000
  26   57     -1036.416       1.348       1.000
  27   67     -1036.418       0.852       0.362
  28   72     -1036.418      14.636       0.000
  29   73     -1036.418       3.475       1.000
  30   74     -1036.418      18.790       1.000
  31   75     -1036.419       8.157       1.000
  32   76     -1036.420       0.946       1.000
  33   77     -1036.420       0.989       1.000
  34   79     -1036.421       1.088       0.026
  35   83     -1036.422       1.354       0.017
  36   86     -1036.422       1.361       0.001
  37   87     -1036.424       1.498       1.000
  38   96     -1036.424       1.337       0.085
  39  110     -1036.425       4.590       0.030
  40  112     -1036.425      88.331       0.204
  41  115     -1036.426       2.506       0.023
  42  116     -1036.426       2.103       1.000
  43  118     -1036.427      13.818       0.127
  44  119     -1036.427      16.083       1.000
  45  120     -1036.427       1.266       1.000
  46  122     -1036.427       1.434       0.107
  47  125     -1036.427       1.295       0.003
  48  128     -1036.428      68.472       2.787
  49  131     -1036.429       1.185       0.067
  50  132     -1036.429       1.231       1.000
  51  135     -1036.429       0.806       0.007
  52  137     -1036.429       0.798       0.183
  53  138     -1036.430      46.269       1.000
  54  141     -1036.431     128.382       0.798
  55  143     -1036.431     118.275       0.180
  56  144     -1036.431       1.632       1.000
  57  145     -1036.431       1.233       1.000
  58  148     -1036.432       1.326       0.009
  59  150     -1036.432       1.421       0.025
  60  152     -1036.432       1.560       0.018
  61  154     -1036.433      41.673       0.136
  62  155     -1036.433       2.692       1.000
  63  156     -1036.435       1.222       1.000
  64  159     -1036.435       1.222       0.014
  65  161     -1036.436       1.252       0.077
  66  162     -1036.436       1.197       1.000
  67  166     -1036.436       1.178       0.000
 IFLAG= -1  LINE SEARCH FAILED. SEE DOCUMENTATION OF ROUTINE MCSRCH ERROR RETURN OF LINE SEARCH: INFO= 6 POSSIBLE CAUSES: FUNCTION OR GRADIENT ARE INCORRECT OR INCORRECT TOLERANCESvnl_lbfgs: Error. Netlib routine lbfgs failed.
Final RAS Transform: 
1.01581 -0.0118787 0.311697 5.30635 
0.130628 0.8862 -0.31054 -13.9421 
-0.256142 0.379033 0.875847 29.9815 
0 0 0 1 

*************************************************
  N=12   NUMBER OF CORRECTIONS=5       INITIAL VALUES F= -524.965   GNORM= 15.635
*************************************************
   I   NFN    FUNC        GNORM       STEPLENGTH
   1    2      -534.812       8.653       0.064
   2    3      -540.306       6.990       1.000
   3    4      -545.133      10.369       1.000
   4    5      -547.441       7.015       1.000
   5    6      -548.581       2.565       1.000
   6    7      -548.905       2.091       1.000
   7    8      -549.431       2.602       1.000
   8    9      -549.798       1.558       1.000
   9   11      -549.923       2.926       0.376
  10   12      -550.334       5.186       1.000
  11   14      -550.617       4.520       0.495
  12   15      -551.010       1.785       1.000
  13   16      -551.121       1.732       1.000
  14   18      -551.323       2.282       0.364
  15   21      -551.477       2.109       2.010
  16   22      -551.654       1.465       1.000
  17   23      -551.705       2.733       1.000
  18   24      -551.708       1.496       1.000
  19   25      -551.763       1.330       1.000
  20   27      -551.858       1.782       0.470
  21   28      -551.910       1.544       1.000
  22   30      -551.936       4.299       0.311
  23   32      -551.951       1.468       0.167
  24   33      -551.977       1.792       1.000
  25   34      -552.013       1.708       1.000
  26   35      -552.053       1.986       1.000
  27   36      -552.098       1.680       1.000
  28   37      -552.129       6.857       1.000
  29   42      -552.130       4.435       0.000
  30   43      -552.135       3.667       1.000
  31   44      -552.149       1.728       1.000
  32   45      -552.154       1.435       1.000
  33   47      -552.162       1.257       0.054
  34   48      -552.165       1.387       1.000
  35   54      -552.177       4.841       0.356
  36   55      -552.188       1.721       1.000
  37   57      -552.195       0.912       0.282
  38   59      -552.196       0.713       0.149
  39   62      -552.197       0.644       0.215
  40   64      -552.198       0.779       0.108
  41   65      -552.204       0.662       1.000
  42   68      -552.208       0.984       0.063
  43   70      -552.211       1.030       0.136
  44   73      -552.238       1.083       3.164
  45   75      -552.250       1.505       0.120
  46   76      -552.265       0.942       1.000
  47   78      -552.270       0.678       0.330
  48   79      -552.271       1.154       1.000
Final RAS Transform: 
0.996688 0.0111606 0.288385 4.65105 
0.127823 0.901203 -0.304738 -12.9833 
-0.226786 0.358606 0.870089 31.7257 
0 0 0 1 

*************************************************
  N=12   NUMBER OF CORRECTIONS=5       INITIAL VALUES F= -203.886   GNORM= 6.84936
*************************************************
   I   NFN    FUNC        GNORM       STEPLENGTH
   1    2      -210.099       6.023       0.146
   2    4      -213.240       3.309       0.070
   3    5      -214.712       3.657       1.000
   4    6      -215.834       1.862       1.000
   5    7      -216.407       3.280       1.000
   6    8      -217.020       1.422       1.000
   7    9      -217.402       1.275       1.000
   8   11      -218.012       1.937       0.378
   9   12      -218.239       3.014       1.000
  10   13      -218.661       1.636       1.000
  11   14      -218.795       1.588       1.000
  12   15      -218.922       1.063       1.000
  13   16      -219.096       2.768       1.000
  14   17      -219.104       1.720       1.000
  15   20      -219.372       2.336       2.813
  16   22      -219.466       1.228       0.356
  17   23      -219.530       0.733       1.000
  18   24      -219.539       1.226       1.000
  19   31      -225.301       2.943      32.086
  20   33      -225.349       2.777       0.038
  21   34      -225.890       1.044       1.000
  22   35      -226.077       1.491       1.000
  23   36      -226.332       2.107       1.000
  24   37      -226.561       1.848       1.000
  25   38      -226.846       1.622       1.000
  26   40      -227.170       1.420       0.391
  27   41      -227.568       1.659       1.000
Final RAS Transform: 
0.976648 0.0240864 0.256693 4.78464 
0.0964345 0.916752 -0.271724 -13.8213 
-0.224983 0.354447 0.828645 34.0587 
0 0 0 1 

Final RAS Transform: 
0.976648 0.0240864 0.256693 4.78464 
0.0964345 0.916752 -0.271724 -13.8213 
-0.224983 0.354447 0.828645 34.0587 
0 0 0 1 


real	2m42.913s
user	4m47.724s
sys	0m12.364s
+ greedy -d 3 -r /lustre/scratch/wbic-beta/ccn30/ENCRYPT/segmentation/ASHS/25846/original/affine_t1_to_template/greedy_t1_to_template.mat -rf /home/ccn30/ENCRYPT/atlases/magdeburgatlas/template/template.nii.gz -rm /lustre/scratch/wbic-beta/ccn30/ENCRYPT/segmentation/ASHS/25846/original/mprage.nii.gz /lustre/scratch/wbic-beta/ccn30/ENCRYPT/segmentation/ASHS/25846/original/affine_t1_to_template/test_greedy_affine.nii.gz
Executing with the default number of threads: 48
+ cp -a /lustre/scratch/wbic-beta/ccn30/ENCRYPT/segmentation/ASHS/25846/original/affine_t1_to_template/greedy_t1_to_template.mat /lustre/scratch/wbic-beta/ccn30/ENCRYPT/segmentation/ASHS/25846/original/affine_t1_to_template/t1_to_template_affine.mat
+ ln -sf /lustre/scratch/wbic-beta/ccn30/ENCRYPT/segmentation/ASHS/25846/original/affine_t1_to_template/test_greedy_affine.nii.gz /lustre/scratch/wbic-beta/ccn30/ENCRYPT/segmentation/ASHS/25846/original/affine_t1_to_template/t1_to_template_affine.nii.gz
+ c3d_affine_tool /lustre/scratch/wbic-beta/ccn30/ENCRYPT/segmentation/ASHS/25846/original/affine_t1_to_template/t1_to_template_affine.mat -inv -o /lustre/scratch/wbic-beta/ccn30/ENCRYPT/segmentation/ASHS/25846/original/affine_t1_to_template/t1_to_template_affine_inv.mat
+ [[ 0 == 1 ]]
+ [[ 0 == 1 ]]
+ [[ 0 == 1 ]]
+ job_progress 0.5
+ local PROGRESS=0.5
+ local CHUNK_PSTART CHUNK_PEND
+ read CHUNK_PSTART CHUNK_PEND
++ echo 1
++ awk -v bs=0.0 -v be=0.2 -v j=0 -v n=1 '{print bs + ((be - bs) * j) / n, bs + ((be - bs) * (j+1)) / n}'
+ echo 'CHUNK 0.0 0.2'
CHUNK 0.0 0.2
+ echo 1
+ awk -v bs=0.0 -v be=0.2 -v j=0 -v n=1 '{print bs + ((be - bs) * j) / n, bs + ((be - bs) * (j+1)) / n}'
0 0.2
+ echo 'CHUNK 0 0.2 0.5'
CHUNK 0 0.2 0.5
+ bash /home/ccn30/privatemodules/ASHS/ashs-fastashs_beta/bin/ashs_default_hook.sh progress 0 0.2 0.5
====================================
         PROGRESS: 0               
====================================
+ [[ -n '' ]]
+ greedy -d 3 -m NCC 2x2x2 -e 0.5 -n 60x60x20x0 -i /home/ccn30/ENCRYPT/atlases/magdeburgatlas/template/template.nii.gz /lustre/scratch/wbic-beta/ccn30/ENCRYPT/segmentation/ASHS/25846/original/affine_t1_to_template/t1_to_template_affine.nii.gz -o /lustre/scratch/wbic-beta/ccn30/ENCRYPT/segmentation/ASHS/25846/original/ants_t1_to_temp/greedy_t1_to_template_warp.nii.gz -oinv /lustre/scratch/wbic-beta/ccn30/ENCRYPT/segmentation/ASHS/25846/original/ants_t1_to_temp/greedy_t1_to_template_invwarp.nii.gz -gm /home/ccn30/ENCRYPT/atlases/magdeburgatlas/template/template_bet_mask.nii.gz
Executing with the default number of threads: 48
Noise on image 0 component 0: fixed = 1.06327, moving = 49.148
LEVEL 1 of 4
  Smoothing sigmas: [8.29941, 8.21751, 8.31298], [3.38822, 3.35478, 3.39376]
Level     0,  Iter     0:    Energy =   0.0045
Level     0,  Iter     1:    Energy =   0.0070
Level     0,  Iter     2:    Energy =   0.0090
Level     0,  Iter     3:    Energy =   0.0110
Level     0,  Iter     4:    Energy =   0.0133
Level     0,  Iter     5:    Energy =   0.0160
Level     0,  Iter     6:    Energy =   0.0185
Level     0,  Iter     7:    Energy =   0.0204
Level     0,  Iter     8:    Energy =   0.0220
Level     0,  Iter     9:    Energy =   0.0233
Level     0,  Iter    10:    Energy =   0.0247
Level     0,  Iter    11:    Energy =   0.0257
Level     0,  Iter    12:    Energy =   0.0268
Level     0,  Iter    13:    Energy =   0.0277
Level     0,  Iter    14:    Energy =   0.0287
Level     0,  Iter    15:    Energy =   0.0295
Level     0,  Iter    16:    Energy =   0.0303
Level     0,  Iter    17:    Energy =   0.0312
Level     0,  Iter    18:    Energy =   0.0321
Level     0,  Iter    19:    Energy =   0.0330
Level     0,  Iter    20:    Energy =   0.0337
Level     0,  Iter    21:    Energy =   0.0345
Level     0,  Iter    22:    Energy =   0.0352
Level     0,  Iter    23:    Energy =   0.0360
Level     0,  Iter    24:    Energy =   0.0367
Level     0,  Iter    25:    Energy =   0.0373
Level     0,  Iter    26:    Energy =   0.0377
Level     0,  Iter    27:    Energy =   0.0382
Level     0,  Iter    28:    Energy =   0.0386
Level     0,  Iter    29:    Energy =   0.0390
Level     0,  Iter    30:    Energy =   0.0394
Level     0,  Iter    31:    Energy =   0.0398
Level     0,  Iter    32:    Energy =   0.0401
Level     0,  Iter    33:    Energy =   0.0404
Level     0,  Iter    34:    Energy =   0.0406
Level     0,  Iter    35:    Energy =   0.0408
Level     0,  Iter    36:    Energy =   0.0408
Level     0,  Iter    37:    Energy =   0.0410
Level     0,  Iter    38:    Energy =   0.0412
Level     0,  Iter    39:    Energy =   0.0414
Level     0,  Iter    40:    Energy =   0.0415
Level     0,  Iter    41:    Energy =   0.0417
Level     0,  Iter    42:    Energy =   0.0419
Level     0,  Iter    43:    Energy =   0.0420
Level     0,  Iter    44:    Energy =   0.0421
Level     0,  Iter    45:    Energy =   0.0423
Level     0,  Iter    46:    Energy =   0.0424
Level     0,  Iter    47:    Energy =   0.0425
Level     0,  Iter    48:    Energy =   0.0426
Level     0,  Iter    49:    Energy =   0.0426
Level     0,  Iter    50:    Energy =   0.0427
Level     0,  Iter    51:    Energy =   0.0428
Level     0,  Iter    52:    Energy =   0.0429
Level     0,  Iter    53:    Energy =   0.0429
Level     0,  Iter    54:    Energy =   0.0430
Level     0,  Iter    55:    Energy =   0.0431
Level     0,  Iter    56:    Energy =   0.0431
Level     0,  Iter    57:    Energy =   0.0432
Level     0,  Iter    58:    Energy =   0.0433
Level     0,  Iter    59:    Energy =   0.0433
END OF LEVEL     0    DetJac Range:   0.0575  to   3.2100 
  Avg. Gradient Time  : 0.0152s  34.43% 
  Avg. Gaussian Time  : 0.0213s  48.35% 
  Avg. Iteration Time : 0.0441s 
LEVEL 2 of 4
  Smoothing sigmas: [4.1497, 4.10875, 4.15649], [1.69411, 1.67739, 1.69688]
Level     1,  Iter     0:    Energy =   0.0186
Level     1,  Iter     1:    Energy =   0.0202
Level     1,  Iter     2:    Energy =   0.0217
Level     1,  Iter     3:    Energy =   0.0228
Level     1,  Iter     4:    Energy =   0.0239
Level     1,  Iter     5:    Energy =   0.0249
Level     1,  Iter     6:    Energy =   0.0258
Level     1,  Iter     7:    Energy =   0.0266
Level     1,  Iter     8:    Energy =   0.0273
Level     1,  Iter     9:    Energy =   0.0281
Level     1,  Iter    10:    Energy =   0.0286
Level     1,  Iter    11:    Energy =   0.0291
Level     1,  Iter    12:    Energy =   0.0295
Level     1,  Iter    13:    Energy =   0.0299
Level     1,  Iter    14:    Energy =   0.0303
Level     1,  Iter    15:    Energy =   0.0305
Level     1,  Iter    16:    Energy =   0.0307
Level     1,  Iter    17:    Energy =   0.0310
Level     1,  Iter    18:    Energy =   0.0312
Level     1,  Iter    19:    Energy =   0.0315
Level     1,  Iter    20:    Energy =   0.0318
Level     1,  Iter    21:    Energy =   0.0320
Level     1,  Iter    22:    Energy =   0.0323
Level     1,  Iter    23:    Energy =   0.0325
Level     1,  Iter    24:    Energy =   0.0328
Level     1,  Iter    25:    Energy =   0.0331
Level     1,  Iter    26:    Energy =   0.0333
Level     1,  Iter    27:    Energy =   0.0335
Level     1,  Iter    28:    Energy =   0.0337
Level     1,  Iter    29:    Energy =   0.0339
Level     1,  Iter    30:    Energy =   0.0341
Level     1,  Iter    31:    Energy =   0.0343
Level     1,  Iter    32:    Energy =   0.0345
Level     1,  Iter    33:    Energy =   0.0346
Level     1,  Iter    34:    Energy =   0.0348
Level     1,  Iter    35:    Energy =   0.0349
Level     1,  Iter    36:    Energy =   0.0350
Level     1,  Iter    37:    Energy =   0.0352
Level     1,  Iter    38:    Energy =   0.0353
Level     1,  Iter    39:    Energy =   0.0354
Level     1,  Iter    40:    Energy =   0.0354
Level     1,  Iter    41:    Energy =   0.0355
Level     1,  Iter    42:    Energy =   0.0355
Level     1,  Iter    43:    Energy =   0.0355
Level     1,  Iter    44:    Energy =   0.0356
Level     1,  Iter    45:    Energy =   0.0356
Level     1,  Iter    46:    Energy =   0.0356
Level     1,  Iter    47:    Energy =   0.0357
Level     1,  Iter    48:    Energy =   0.0357
Level     1,  Iter    49:    Energy =   0.0357
Level     1,  Iter    50:    Energy =   0.0358
Level     1,  Iter    51:    Energy =   0.0358
Level     1,  Iter    52:    Energy =   0.0357
Level     1,  Iter    53:    Energy =   0.0355
Level     1,  Iter    54:    Energy =   0.0353
Level     1,  Iter    55:    Energy =   0.0351
Level     1,  Iter    56:    Energy =   0.0349
Level     1,  Iter    57:    Energy =   0.0348
Level     1,  Iter    58:    Energy =   0.0347
Level     1,  Iter    59:    Energy =   0.0346
END OF LEVEL     1    DetJac Range:   0.0472  to   3.3932 
  Avg. Gradient Time  : 0.0867s  38.07% 
  Avg. Gaussian Time  : 0.1128s  49.52% 
  Avg. Iteration Time : 0.2277s 
LEVEL 3 of 4
  Smoothing sigmas: [2.07485, 2.06798, 2.07824], [0.847055, 0.84425, 0.84844]
Level     2,  Iter     0:    Energy =   0.0165
Level     2,  Iter     1:    Energy =   0.0176
Level     2,  Iter     2:    Energy =   0.0185
Level     2,  Iter     3:    Energy =   0.0193
Level     2,  Iter     4:    Energy =   0.0200
Level     2,  Iter     5:    Energy =   0.0207
Level     2,  Iter     6:    Energy =   0.0213
Level     2,  Iter     7:    Energy =   0.0219
Level     2,  Iter     8:    Energy =   0.0223
Level     2,  Iter     9:    Energy =   0.0227
Level     2,  Iter    10:    Energy =   0.0231
Level     2,  Iter    11:    Energy =   0.0234
Level     2,  Iter    12:    Energy =   0.0237
Level     2,  Iter    13:    Energy =   0.0241
Level     2,  Iter    14:    Energy =   0.0244
Level     2,  Iter    15:    Energy =   0.0249
Level     2,  Iter    16:    Energy =   0.0252
Level     2,  Iter    17:    Energy =   0.0256
Level     2,  Iter    18:    Energy =   0.0259
Level     2,  Iter    19:    Energy =   0.0262
END OF LEVEL     2    DetJac Range:   0.0295  to   4.2557 
  Avg. Gradient Time  : 0.6385s  36.77% 
  Avg. Gaussian Time  : 0.9161s  52.76% 
  Avg. Iteration Time : 1.7364s 
LEVEL 4 of 4
  Smoothing sigmas: [1.03743, 1.03743, 1.03912], [0.423527, 0.423527, 0.42422]

real	4m5.431s
user	6m42.940s
sys	0m27.496s
+ [[ 0 == 1 ]]
+ [[ 0 == 1 ]]
+ [[ 0 == 1 ]]
+ job_progress 0.9
+ local PROGRESS=0.9
+ local CHUNK_PSTART CHUNK_PEND
+ read CHUNK_PSTART CHUNK_PEND
++ echo 1
++ awk -v bs=0.0 -v be=0.2 -v j=0 -v n=1 '{print bs + ((be - bs) * j) / n, bs + ((be - bs) * (j+1)) / n}'
+ echo 'CHUNK 0.0 0.2'
CHUNK 0.0 0.2
+ echo 1
+ awk -v bs=0.0 -v be=0.2 -v j=0 -v n=1 '{print bs + ((be - bs) * j) / n, bs + ((be - bs) * (j+1)) / n}'
0 0.2
+ echo 'CHUNK 0 0.2 0.9'
CHUNK 0 0.2 0.9
+ bash /home/ccn30/privatemodules/ASHS/ashs-fastashs_beta/bin/ashs_default_hook.sh progress 0 0.2 0.9
====================================
         PROGRESS: 0               
====================================
+ greedy -d 3 -rm /lustre/scratch/wbic-beta/ccn30/ENCRYPT/segmentation/ASHS/25846/original/mprage.nii.gz /lustre/scratch/wbic-beta/ccn30/ENCRYPT/segmentation/ASHS/25846/original/ants_t1_to_temp/reslice_mprage_to_template.nii.gz -rf /home/ccn30/ENCRYPT/atlases/magdeburgatlas/template/template.nii.gz -r /lustre/scratch/wbic-beta/ccn30/ENCRYPT/segmentation/ASHS/25846/original/ants_t1_to_temp/greedy_t1_to_template_warp.nii.gz /lustre/scratch/wbic-beta/ccn30/ENCRYPT/segmentation/ASHS/25846/original/affine_t1_to_template/t1_to_template_affine.mat
Executing with the default number of threads: 48
+ greedy -d 3 -rm /lustre/scratch/wbic-beta/ccn30/ENCRYPT/segmentation/ASHS/25846/original/tse.nii.gz /lustre/scratch/wbic-beta/ccn30/ENCRYPT/segmentation/ASHS/25846/original/ants_t1_to_temp/reslice_tse_to_template.nii.gz -rf /home/ccn30/ENCRYPT/atlases/magdeburgatlas/template/template.nii.gz -r /lustre/scratch/wbic-beta/ccn30/ENCRYPT/segmentation/ASHS/25846/original/ants_t1_to_temp/greedy_t1_to_template_warp.nii.gz /lustre/scratch/wbic-beta/ccn30/ENCRYPT/segmentation/ASHS/25846/original/affine_t1_to_template/t1_to_template_affine.mat /lustre/scratch/wbic-beta/ccn30/ENCRYPT/segmentation/ASHS/25846/original/flirt_t2_to_t1/flirt_t2_to_t1_inv.mat
Executing with the default number of threads: 48
