Changed directory to /lustre/scratch/wbic-beta/ccn30/ENCRYPT/scripts/Segmentation/slurmoutputs.

JobID: 6166402
======
Time: Mon Feb  1 19:54:31 GMT 2021
Running on master node: wbic-cs-18
Current directory: /lustre/scratch/wbic-beta/ccn30/ENCRYPT/scripts/Segmentation/slurmoutputs

Nodes allocated:
================
wbic-cs-18

numtasks=1, numnodes=1, mpi_tasks_per_node=1 (OMP_NUM_THREADS=1)

Executing command:
==================
/lustre/scratch/wbic-beta/ccn30/ENCRYPT/scripts/Segmentation/recon_all.sh /lustre/scratch/wbic-beta/ccn30/ENCRYPT 25739/20200122_U-ID47772 /lustre/scratch/wbic-beta/ccn30/ENCRYPT/scripts/Segmentation/slurmoutputs

You are in recon_all func
/applications/freesurfer/freesurfer_7.1.0
/applications/freesurfer/freesurfer_7.1.0/subjects
/lustre/scratch/wbic-beta/ccn30/ENCRYPT/scripts/Segmentation/recon_all.sh: line 37: export: `/lustre/scratch/wbic-beta/ccn30/ENCRYPT/segmentation/Freesurfer/T1only': not a valid identifier
Set subject dir to  /lustre/scratch/wbic-beta/ccn30/ENCRYPT/segmentation/Freesurfer/T1only
Subject Stamp: freesurfer-linux-centos7_x86_64-7.1.0-20200511-813297b
Current Stamp: freesurfer-linux-centos7_x86_64-7.1.0-20200511-813297b
INFO: SUBJECTS_DIR is /lustre/scratch/wbic-beta/ccn30/ENCRYPT/segmentation/Freesurfer/T1only
Actual FREESURFER_HOME /applications/freesurfer/freesurfer_7.1.0
-rw-rw-r-- 1 ccn30 ccn30 258637 Jan 25 09:07 /lustre/scratch/wbic-beta/ccn30/ENCRYPT/segmentation/Freesurfer/T1only/25739/scripts/recon-all.log
Linux wbic-cs-18 3.16.0-6-amd64 #1 SMP Debian 3.16.57-2 (2018-07-14) x86_64 GNU/Linux
'/applications/freesurfer/freesurfer_7.1.0/bin/recon-all' -> '/lustre/scratch/wbic-beta/ccn30/ENCRYPT/segmentation/Freesurfer/T1only/25739/scripts/recon-all.local-copy'

 mv -f /lustre/scratch/wbic-beta/ccn30/ENCRYPT/segmentation/Freesurfer/T1only/25739/mri/brainmask.mgz /lustre/scratch/wbic-beta/ccn30/ENCRYPT/segmentation/Freesurfer/T1only/25739/trash 

/lustre/scratch/wbic-beta/ccn30/ENCRYPT/segmentation/Freesurfer/T1only/25739/mri/transforms /lustre/scratch/wbic-beta/ccn30/ENCRYPT/segmentation/Freesurfer/T1only/25739 
/lustre/scratch/wbic-beta/ccn30/ENCRYPT/segmentation/Freesurfer/T1only/25739 
#--------------------------------------------
#@# Skull Stripping Mon Feb  1 19:54:35 GMT 2021
/lustre/scratch/wbic-beta/ccn30/ENCRYPT/segmentation/Freesurfer/T1only/25739/mri

 mri_watershed -T1 -brain_atlas /applications/freesurfer/freesurfer_7.1.0/average/RB_all_withskull_2020_01_02.gca transforms/talairach_with_skull.lta -h 20 T1.mgz brainmask.auto.mgz 


Mode:          T1 normalized volume
Mode:          Use the information of atlas (default parms, --help for details)
Mode:          Preflooding height manually specified

*********************************************************
The input file is T1.mgz
The output file is brainmask.auto.mgz
Weighting the input with atlas information before watershed

*************************WATERSHED**************************
Sorting...
      first estimation of the COG coord: x=126 y=106 z=117 r=75
      first estimation of the main basin volume: 1819110 voxels
      Looking for seedpoints 
        2 found in the cerebellum 
        18 found in the rest of the brain 
      global maximum in x=109, y=94, z=82, Imax=255
      CSF=12, WM_intensity=110, WM_VARIANCE=5
      WM_MIN=110, WM_HALF_MIN=110, WM_HALF_MAX=110, WM_MAX=110 
      preflooding height equal to 20 percent
done.
Analyze...

      main basin size=9514355989 voxels, voxel volume =1.000 
                     = 9514355989 mmm3 = 9514355.712 cm3
done.
PostAnalyze...Basin Prior
 136 basins merged thanks to atlas 
      ***** 0 basin(s) merged in 1 iteration(s)
      ***** 0 voxel(s) added to the main basin
done.
Weighting the input with prior template 

****************TEMPLATE DEFORMATION****************

      second estimation of the COG coord: x=124,y=124, z=113, r=10066 iterations
^^^^^^^^ couldn't find WM with original limits - expanding ^^^^^^

   GLOBAL      CSF_MIN=1, CSF_intensity=2, CSF_MAX=23 , nb = 44298
  RIGHT_CER    CSF_MIN=0, CSF_intensity=5, CSF_MAX=19 , nb = 3492
  LEFT_CER     CSF_MIN=0, CSF_intensity=6, CSF_MAX=29 , nb = 3312
 RIGHT_BRAIN   CSF_MIN=1, CSF_intensity=2, CSF_MAX=22 , nb = 17964
 LEFT_BRAIN    CSF_MIN=1, CSF_intensity=2, CSF_MAX=20 , nb = 17712
    OTHER      CSF_MIN=0, CSF_intensity=5, CSF_MAX=28 , nb = 1818
 Problem with the least square interpolation in GM_MIN calculation.
   
                     CSF_MAX  TRANSITION  GM_MIN  GM
    GLOBAL     
  before analyzing :    23,      25,        28,   58
  after  analyzing :    23,      27,        28,   34
   RIGHT_CER   
  before analyzing :    19,      23,        32,   56
  after  analyzing :    19,      29,        32,   35
   LEFT_CER    
  before analyzing :    29,      27,        26,   56
  after  analyzing :    20,      27,        27,   34
  RIGHT_BRAIN  
  before analyzing :    22,      24,        28,   58
  after  analyzing :    22,      26,        28,   34
  LEFT_BRAIN   
  before analyzing :    20,      23,        29,   56
  after  analyzing :    20,      27,        29,   34
     OTHER     
  before analyzing :    28,      48,        70,   95
  after  analyzing :    28,      62,        70,   70
      mri_strip_skull: done peeling brain
      highly tesselated surface with 10242 vertices
      matching...73 iterations

*********************VALIDATION*********************
curvature mean = -0.013, std = 0.012
curvature mean = 68.566, std = 9.389

No Rigid alignment: -atlas Mode Off (basic atlas / no registration)
      before rotation: sse = 4.36, sigma = 5.70
      after  rotation: sse = 4.36, sigma = 5.70
Localization of inacurate regions: Erosion-Dilation steps
      the sse mean is  4.42, its var is  4.36   
      before Erosion-Dilatation  0.50% of inacurate vertices
      after  Erosion-Dilatation  0.00% of inacurate vertices
      Validation of the shape of the surface done.
Scaling of atlas fields onto current surface fields

********FINAL ITERATIVE TEMPLATE DEFORMATION********
Compute Local values csf/gray
Fine Segmentation...39 iterations

      mri_strip_skull: done peeling brain

Brain Size = 1581167 voxels, voxel volume = 1.000 mm3
           = 1581167 mmm3 = 1581.167 cm3
MRImask(): AllowDiffGeom = 1


******************************
Saving brainmask.auto.mgz
done
mri_watershed utimesec    21.920000
mri_watershed stimesec    0.484000
mri_watershed ru_maxrss   805164
mri_watershed ru_ixrss    0
mri_watershed ru_idrss    0
mri_watershed ru_isrss    0
mri_watershed ru_minflt   204206
mri_watershed ru_majflt   0
mri_watershed ru_nswap    0
mri_watershed ru_inblock  7432
mri_watershed ru_oublock  2600
mri_watershed ru_msgsnd   0
mri_watershed ru_msgrcv   0
mri_watershed ru_nsignals 0
mri_watershed ru_nvcsw    82
mri_watershed ru_nivcsw   45
mri_watershed done

 cp brainmask.auto.mgz brainmask.mgz 


Started at Mon Feb 1 19:54:33 GMT 2021 
Ended   at Mon Feb 1 19:54:59 GMT 2021
#@#%# recon-all-run-time-hours 0.007
recon-all -s 25739 finished without error at Mon Feb  1 19:54:59 GMT 2021
done
DONE
