Changed directory to /lustre/scratch/wbic-beta/ccn30/ENCRYPT/scripts/Segmentation/slurmoutputs.

JobID: 5668743
======
Time: Thu Jan  7 19:32:32 GMT 2021
Running on master node: wbic-cs-19
Current directory: /lustre/scratch/wbic-beta/ccn30/ENCRYPT/scripts/Segmentation/slurmoutputs

Nodes allocated:
================
wbic-cs-19

numtasks=1, numnodes=1, mpi_tasks_per_node=1 (OMP_NUM_THREADS=1)

Executing command:
==================
/lustre/scratch/wbic-beta/ccn30/ENCRYPT/scripts/Segmentation/ASHS_mainfun.sh /lustre/scratch/wbic-beta/ccn30/ENCRYPT 27137/20200213_U-ID48042 /lustre/scratch/wbic-beta/ccn30/ENCRYPT/scripts/Segmentation/slurmoutputs

mkdir: cannot create directory ‘/lustre/scratch/wbic-beta/ccn30/ENCRYPT/segmentation/ASHS/27137’: File exists
Beginning ASHS for:  27137
INPUT: /lustre/scratch/wbic-beta/ccn30/ENCRYPT/images/27137/20200213_U-ID48042/mp2rage/Rn4mag0000_PSIR_skulled_std.nii /lustre/scratch/wbic-beta/ccn30/ENCRYPT/images/27137/20200213_U-ID48042/Series_033_Highresolution_TSE_PAT2_100/t2.nii
ASHS started at 19:32:33


 ASHS completed for 27137 at 19:32:33, it took 0 days 0 hours 0 minutes and 0 seconds to complete 

Beginning ASHS for:  27137
INPUT: /lustre/scratch/wbic-beta/ccn30/ENCRYPT/images/27137/20200213_U-ID48042/mp2rage/Rn4mag0000_PSIR_skulled_std.nii /lustre/scratch/wbic-beta/ccn30/ENCRYPT/images/27137/20200213_U-ID48042/Series_033_Highresolution_TSE_PAT2_100/n42_t2.nii
ASHS started at 19:32:33


 ASHS completed for 27137 at 19:32:33, it took 0 days 0 hours 0 minutes and 0 seconds to complete 

Beginning ASHS for:  27137
INPUT: /lustre/scratch/wbic-beta/ccn30/ENCRYPT/images/27137/20200213_U-ID48042/mp2rage/Rn4mag0000_PSIR_skulled_std.nii /lustre/scratch/wbic-beta/ccn30/ENCRYPT/images/27137/20200213_U-ID48042/Series_033_Highresolution_TSE_PAT2_100/n42_t2.nii
ASHS started at 19:32:33


 ASHS completed for 27137 at 19:32:33, it took 0 days 0 hours 0 minutes and 0 seconds to complete 

Beginning ASHS for:  27137
INPUT: /lustre/scratch/wbic-beta/ccn30/ENCRYPT/images/27137/20200213_U-ID48042/mp2rage/Rn4mag0000_PSIR_skulled_std.nii /lustre/scratch/wbic-beta/ccn30/ENCRYPT/images/27137/20200213_U-ID48042/Series_033_Highresolution_TSE_PAT2_100/n42_t2.nii
ASHS started at 19:32:33


 ASHS completed for 27137 at 19:32:33, it took 0 days 0 hours 0 minutes and 0 seconds to complete 

Beginning ASHS for:  27137
INPUT: /lustre/scratch/wbic-beta/ccn30/ENCRYPT/images/27137/20200213_U-ID48042/mp2rage/Rn4mag0000_PSIR_skulled_std.nii /lustre/scratch/wbic-beta/ccn30/ENCRYPT/images/27137/20200213_U-ID48042/Series_033_Highresolution_TSE_PAT2_100/t2.nii
ASHS started at 19:32:33


 ASHS completed for 27137 at 19:32:33, it took 0 days 0 hours 0 minutes and 0 seconds to complete 

Beginning ASHS for:  27137
ASHS started at 19:32:33


 ASHS completed for 27137 at 19:32:33, it took 0 days 0 hours 0 minutes and 0 seconds to complete 

Beginning ASHS for:  27137
/lustre/scratch/wbic-beta/ccn30/ENCRYPT/scripts/Segmentation/ASHS_mainfun.sh: line 164: cd: /lustre/scratch/wbic-beta/ccn30/ENCRYPT/segmentation/ASHS/27137/DenoiseT1N4T2Utrecht: No such file or directory
ASHS started at 19:32:33
ashs_main execution log
  timestamp:   Thu Jan  7 19:32:33 GMT 2021
  invocation:  /home/ccn30/privatemodules/ASHS/ashs-fastashs_beta/bin/ashs_main.sh -I 27137 -a /home/ccn30/ENCRYPT/atlases/utrechtatlas -g /lustre/scratch/wbic-beta/ccn30/ENCRYPT/images/27137/20200213_U-ID48042/mp2rage/Rdenoise_n4mag0000_PSIR_skulled_std_struc_brain_mask.nii -f /lustre/scratch/wbic-beta/ccn30/ENCRYPT/images/27137/20200213_U-ID48042/Series_033_Highresolution_TSE_PAT2_100/n42_t2.nii -w /lustre/scratch/wbic-beta/ccn30/ENCRYPT/segmentation/ASHS/27137/DenoiseT1N4T2Utrecht
  directory:   /lustre/scratch/wbic-beta/ccn30/ENCRYPT/segmentation/ASHS/27137/DenoiseBrain
  environment:
    ASHS_MPRAGE=/lustre/scratch/wbic-beta/ccn30/ENCRYPT/images/27137/20200213_U-ID48042/mp2rage/Rdenoise_n4mag0000_PSIR_skulled_std_struc_brain_mask.nii
    ASHS_ROOT=/home/ccn30/privatemodules/ASHS/ashs-fastashs_beta
    ASHS_SUBJID=27137
    ASHS_TSE=/lustre/scratch/wbic-beta/ccn30/ENCRYPT/images/27137/20200213_U-ID48042/Series_033_Highresolution_TSE_PAT2_100/n42_t2.nii
    ASHS_WORK=/lustre/scratch/wbic-beta/ccn30/ENCRYPT/segmentation/ASHS/27137/DenoiseT1N4T2Utrecht
Atlas    : /home/ccn30/ENCRYPT/atlases/utrechtatlas
T1 Image : /lustre/scratch/wbic-beta/ccn30/ENCRYPT/images/27137/20200213_U-ID48042/mp2rage/Rdenoise_n4mag0000_PSIR_skulled_std_struc_brain_mask.nii
T2 Image : /lustre/scratch/wbic-beta/ccn30/ENCRYPT/images/27137/20200213_U-ID48042/Series_033_Highresolution_TSE_PAT2_100/n42_t2.nii
WorkDir  : /lustre/scratch/wbic-beta/ccn30/ENCRYPT/segmentation/ASHS/27137/DenoiseT1N4T2Utrecht
Not using SGE or GNU parallel
****************************************
Starting stage 1: Normalization to T1 population template
****************************************
[0;36m
-------------------  INFO  ---------------------
Started stage 1: Normalization to T1 population 
template
------------------------------------------------
[0m
+ source /home/ccn30/privatemodules/ASHS/ashs-fastashs_beta/bin/ashs_lib.sh
++ source /home/ccn30/privatemodules/ASHS/ashs-fastashs_beta/bin/ashs_version.sh
+++ ASHS_VERSION_MAJOR=1
+++ ASHS_VERSION_MINOR=0
+++ ASHS_VERSION_PATCH=0
+++ ASHS_VERSION_NOTE=
+++ ASHS_VERSION_FULL=1.0.0
+++ ASHS_VERSION_DATE=20170915
+++ ASHS_OLDEST_COMPAT_DATE=20170810
++ source /home/ccn30/privatemodules/ASHS/ashs-fastashs_beta/bin/ashs_common_master.sh
+++ [[ ! -n /home/ccn30/privatemodules/ASHS/ashs-fastashs_beta ]]
++++ uname
+++ ARCH=Linux
+++ ASHS_BIN=/home/ccn30/privatemodules/ASHS/ashs-fastashs_beta/ext/Linux/bin
+++ ASHS_ANTS=/home/ccn30/privatemodules/ASHS/ashs-fastashs_beta/ext/Linux/bin/ants_1042
+++ ASHS_FSL=/home/ccn30/privatemodules/ASHS/ashs-fastashs_beta/ext/Linux/bin/fsl
++++ /home/ccn30/privatemodules/ASHS/ashs-fastashs_beta/ext/Linux/bin/c3d -version
++++ grep Version
+++ [[ ! -n Version 1.1.0 ]]
+++ PATH=/home/ccn30/privatemodules/ASHS/ashs-fastashs_beta/ext/Linux/bin:/home/ccn30/privatemodules/ASHS/ashs-fastashs_beta/ext/Linux/bin/ants_1042:/home/ccn30/privatemodules/ASHS/ashs-fastashs_beta/ext/Linux/bin/fsl:/home/ccn30/privatemodules/ASHS/ashs-fastashs_beta/ext/Linux/bin:/home/ccn30/privatemodules/ASHS/ashs-fastashs_beta/ext/Linux/bin/ants_1042:/home/ccn30/privatemodules/ASHS/ashs-fastashs_beta/ext/Linux/bin/fsl:/applications/ANTS/ANTs-2.3.4/install/bin:/applications/itksnap/3.6.0/bin-cs:/applications/fsl/fsl-5.0.10/bin:/applications/git/git-2.26.2/bin:/applications/turbovnc/2.1/bin:/applications/virtualgl/2.5.1/bin:/applications/slurm/current/sbin:/applications/slurm/current/bin:/applications/texlive/2016/bin/x86_64-linux:/applications/openmpi/openmpi-3.0.0/bin:/applications/ImageJ/1.50:/applications/spm/spm12_6906:/applications/matlab/matlab2016a/bin:/applications/hphi/bin:/usr/local/bin:/usr/bin:/bin:/usr/local/games:/usr/games:.
++ [[ ! /home/ccn30/ENCRYPT/atlases/utrechtatlas/ashs_user_config.sh == /home/ccn30/privatemodules/ASHS/ashs-fastashs_beta/bin/ashs_config.sh ]]
++ source /home/ccn30/privatemodules/ASHS/ashs-fastashs_beta/bin/ashs_config.sh
+++ ASHS_SIDES='left right'
+++ ASHS_MPRAGE_DENOISE=0
+++ ASHS_MPRAGE_SRUPSAMPLE=0
+++ ASHS_MPRAGE_SRUPSAMPLE_FACTOR='1 1 1'
+++ ASHS_TSE_DENOISE=0
+++ ASHS_TSE_SRUPSAMPLE=0
+++ ASHS_TSE_SRUPSAMPLE_FACTOR='1 1 1'
+++ ASHS_TSE_ISO_FACTOR=100x100x500%
+++ ASHS_TSE_ISO_REGION_CROP='20x20x0% 60x60x100%'
+++ ASHS_FLIRT_MULTIMODAL_OPTS='-searchrx -5 5 -searchry -5 5 -searchrz -5 5 -coarsesearch 3 -finesearch 1 -searchcost normmi'
+++ ASHS_TEMPLATE_ANTS_ITER=60x20x0
+++ ASHS_TEMPLATE_STAGES_TOTAL=4
+++ ASHS_TEMPLATE_STAGES_RIGID=1
+++ ASHS_TEMPLATE_ROI_DILATION=10x10x10vox
+++ ASHS_TEMPLATE_ROI_MARGIN=4x4x4vox
+++ ASHS_TEMPLATE_TARGET_RESOLUTION=0.4688x0.4688x0.4688mm
+++ ASHS_TEMPLATE_MASK_THRESHOLD=0.5
+++ ASHS_TARGET_ATLAS_FOR_HISTMATCH=0
+++ ASHS_HISTMATCH_CONTROLS=5
+++ ASHS_PAIRWISE_AFFINE_ITER=60x60x0
+++ ASHS_PAIRWISE_DEFORM_ITER=60x60x20
+++ ASHS_PAIRWISE_CROSSCORR_RADIUS=2x2x2
+++ ASHS_PAIRWISE_ANTS_STEPSIZE=0.25
+++ ASHS_PAIRWISE_ANTS_T1_WEIGHT=0
+++ ASHS_LABEL_SMOOTHING=0.24mm
+++ ASHS_MALF_STRATEGY='Joint[0.1,2]'
+++ ASHS_MALF_PATCHRAD=3x3x1
+++ ASHS_MALF_SEARCHRAD=3x3x1
+++ ASHS_MALF_PADDING=0x0x2
+++ ASHS_EC_DILATION=1
+++ ASHS_EC_TARGET_SAMPLES=100000
+++ ASHS_EC_DRYRUN_SAMPLE_RATE=0.01
+++ ASHS_EC_ITERATIONS=500
+++ ASHS_EC_PATCH_RADIUS=6x6x0
+++ ASHS_EC_MINIMUM_SAMPLES=100
+++ ASHS_EC_QSUB_EXTRA_OPTIONS=
++ source /home/ccn30/ENCRYPT/atlases/utrechtatlas/ashs_user_config.sh
+++ ASHS_TSE_ISO_FACTOR=100x100x100%
+++ ASHS_TSE_ISO_REGION_CROP='20x20x0% 60x60x100%'
+++ ASHS_FLIRT_MULTIMODAL_OPTS='-searchrx -5 5 -searchry -5 5 -searchrz -5 5 -coarsesearch 3 -finesearch 1 -searchcost normmi'
+++ ASHS_TEMPLATE_ANTS_ITER=60x60x20x0
+++ ASHS_TEMPLATE_ROI_DILATION=10x10x10vox
+++ ASHS_TEMPLATE_ROI_MARGIN=4x4x4vox
+++ ASHS_TEMPLATE_TARGET_RESOLUTION=0.347222x0.347222x0.349996mm
+++ ASHS_TEMPLATE_MASK_THRESHOLD=0.5
+++ ASHS_TARGET_ATLAS_FOR_HISTMATCH=0
+++ ASHS_HISTMATCH_CONTROLS=0
+++ ASHS_PAIRWISE_ANTS_ITER=60x60x20
+++ ASHS_PAIRWISE_ANTS_STEPSIZE=0.25
+++ ASHS_PAIRWISE_ANTS_T1_WEIGHT=0
+++ ASHS_LABEL_SMOOTHING=0.24mm
+++ ASHS_MALF_STRATEGY='Joint[0.1,2]'
+++ ASHS_MALF_PATCHRAD=3x3x3
+++ ASHS_MALF_SEARCHRAD=3x3x3
+++ ASHS_EC_DILATION=1
+++ ASHS_EC_TARGET_SAMPLES=100000
+++ ASHS_EC_ITERATIONS=500
+++ ASHS_EC_PATCH_RADIUS=3x3x3
+++ ASHS_EC_QSUB_EXTRA_OPTIONS=
++ [[ -n '' ]]
+ cat
Script: ashs_template_qsub.sh
Root: /home/ccn30/privatemodules/ASHS/ashs-fastashs_beta
Working directory: /lustre/scratch/wbic-beta/ccn30/ENCRYPT/segmentation/ASHS/27137/DenoiseT1N4T2Utrecht
PATH: /home/ccn30/privatemodules/ASHS/ashs-fastashs_beta/ext/Linux/bin:/home/ccn30/privatemodules/ASHS/ashs-fastashs_beta/ext/Linux/bin/ants_1042:/home/ccn30/privatemodules/ASHS/ashs-fastashs_beta/ext/Linux/bin/fsl:/home/ccn30/privatemodules/ASHS/ashs-fastashs_beta/ext/Linux/bin:/home/ccn30/privatemodules/ASHS/ashs-fastashs_beta/ext/Linux/bin/ants_1042:/home/ccn30/privatemodules/ASHS/ashs-fastashs_beta/ext/Linux/bin/fsl:/applications/ANTS/ANTs-2.3.4/install/bin:/applications/itksnap/3.6.0/bin-cs:/applications/fsl/fsl-5.0.10/bin:/applications/git/git-2.26.2/bin:/applications/turbovnc/2.1/bin:/applications/virtualgl/2.5.1/bin:/applications/slurm/current/sbin:/applications/slurm/current/bin:/applications/texlive/2016/bin/x86_64-linux:/applications/openmpi/openmpi-3.0.0/bin:/applications/ImageJ/1.50:/applications/spm/spm12_6906:/applications/matlab/matlab2016a/bin:/applications/hphi/bin:/usr/local/bin:/usr/bin:/bin:/usr/local/games:/usr/games:.
  Skip Rigid: 
  Skip Ants: 
+ WFSL=/lustre/scratch/wbic-beta/ccn30/ENCRYPT/segmentation/ASHS/27137/DenoiseT1N4T2Utrecht/flirt_t2_to_t1
+ WANT=/lustre/scratch/wbic-beta/ccn30/ENCRYPT/segmentation/ASHS/27137/DenoiseT1N4T2Utrecht/ants_t1_to_temp
+ WAFF=/lustre/scratch/wbic-beta/ccn30/ENCRYPT/segmentation/ASHS/27137/DenoiseT1N4T2Utrecht/affine_t1_to_template
+ mkdir -p /lustre/scratch/wbic-beta/ccn30/ENCRYPT/segmentation/ASHS/27137/DenoiseT1N4T2Utrecht/ants_t1_to_temp /lustre/scratch/wbic-beta/ccn30/ENCRYPT/segmentation/ASHS/27137/DenoiseT1N4T2Utrecht/flirt_t2_to_t1 /lustre/scratch/wbic-beta/ccn30/ENCRYPT/segmentation/ASHS/27137/DenoiseT1N4T2Utrecht/affine_t1_to_template
+ TEMP_T1_FULL=/home/ccn30/ENCRYPT/atlases/utrechtatlas/template/template.nii.gz
+ TEMP_T1_MASK=/home/ccn30/ENCRYPT/atlases/utrechtatlas/template/template_bet_mask.nii.gz
+ ashs_subj_vars /lustre/scratch/wbic-beta/ccn30/ENCRYPT/segmentation/ASHS/27137/DenoiseT1N4T2Utrecht
+ local WORK=/lustre/scratch/wbic-beta/ccn30/ENCRYPT/segmentation/ASHS/27137/DenoiseT1N4T2Utrecht
+ local WANT=/lustre/scratch/wbic-beta/ccn30/ENCRYPT/segmentation/ASHS/27137/DenoiseT1N4T2Utrecht/ants_t1_to_temp
+ local WAFF=/lustre/scratch/wbic-beta/ccn30/ENCRYPT/segmentation/ASHS/27137/DenoiseT1N4T2Utrecht/affine_t1_to_template
+ local WFSL=/lustre/scratch/wbic-beta/ccn30/ENCRYPT/segmentation/ASHS/27137/DenoiseT1N4T2Utrecht/flirt_t2_to_t1
+ SUBJ_RAWMPRAGE=/lustre/scratch/wbic-beta/ccn30/ENCRYPT/segmentation/ASHS/27137/DenoiseT1N4T2Utrecht/mprage_raw.nii.gz
+ SUBJ_RAWTSE=/lustre/scratch/wbic-beta/ccn30/ENCRYPT/segmentation/ASHS/27137/DenoiseT1N4T2Utrecht/tse_raw.nii.gz
+ SUBJ_MPRAGE=/lustre/scratch/wbic-beta/ccn30/ENCRYPT/segmentation/ASHS/27137/DenoiseT1N4T2Utrecht/mprage.nii.gz
+ SUBJ_TSE=/lustre/scratch/wbic-beta/ccn30/ENCRYPT/segmentation/ASHS/27137/DenoiseT1N4T2Utrecht/tse.nii.gz
+ SUBJ_AFF_T2T1_MAT=/lustre/scratch/wbic-beta/ccn30/ENCRYPT/segmentation/ASHS/27137/DenoiseT1N4T2Utrecht/flirt_t2_to_t1/flirt_t2_to_t1.mat
+ SUBJ_AFF_T2T1_INVMAT=/lustre/scratch/wbic-beta/ccn30/ENCRYPT/segmentation/ASHS/27137/DenoiseT1N4T2Utrecht/flirt_t2_to_t1/flirt_t2_to_t1_inv.mat
+ SUBJ_AFF_T1TEMP_MAT=/lustre/scratch/wbic-beta/ccn30/ENCRYPT/segmentation/ASHS/27137/DenoiseT1N4T2Utrecht/affine_t1_to_template/t1_to_template_affine.mat
+ SUBJ_AFF_T1TEMP_INVMAT=/lustre/scratch/wbic-beta/ccn30/ENCRYPT/segmentation/ASHS/27137/DenoiseT1N4T2Utrecht/affine_t1_to_template/t1_to_template_affine_inv.mat
+ SUBJ_T1TEMP_WARP=/lustre/scratch/wbic-beta/ccn30/ENCRYPT/segmentation/ASHS/27137/DenoiseT1N4T2Utrecht/ants_t1_to_temp/greedy_t1_to_template_warp.nii.gz
+ SUBJ_T1TEMP_INVWARP=/lustre/scratch/wbic-beta/ccn30/ENCRYPT/segmentation/ASHS/27137/DenoiseT1N4T2Utrecht/ants_t1_to_temp/greedy_t1_to_template_invwarp.nii.gz
+ SUBJ_T1TEMP_TRAN='/lustre/scratch/wbic-beta/ccn30/ENCRYPT/segmentation/ASHS/27137/DenoiseT1N4T2Utrecht/ants_t1_to_temp/greedy_t1_to_template_warp.nii.gz /lustre/scratch/wbic-beta/ccn30/ENCRYPT/segmentation/ASHS/27137/DenoiseT1N4T2Utrecht/affine_t1_to_template/t1_to_template_affine.mat'
+ SUBJ_T1TEMP_INVTRAN='/lustre/scratch/wbic-beta/ccn30/ENCRYPT/segmentation/ASHS/27137/DenoiseT1N4T2Utrecht/affine_t1_to_template/t1_to_template_affine_inv.mat /lustre/scratch/wbic-beta/ccn30/ENCRYPT/segmentation/ASHS/27137/DenoiseT1N4T2Utrecht/ants_t1_to_temp/greedy_t1_to_template_invwarp.nii.gz'
+ SUBJ_T2TEMP_TRAN='/lustre/scratch/wbic-beta/ccn30/ENCRYPT/segmentation/ASHS/27137/DenoiseT1N4T2Utrecht/ants_t1_to_temp/greedy_t1_to_template_warp.nii.gz /lustre/scratch/wbic-beta/ccn30/ENCRYPT/segmentation/ASHS/27137/DenoiseT1N4T2Utrecht/affine_t1_to_template/t1_to_template_affine.mat /lustre/scratch/wbic-beta/ccn30/ENCRYPT/segmentation/ASHS/27137/DenoiseT1N4T2Utrecht/flirt_t2_to_t1/flirt_t2_to_t1_inv.mat'
+ SUBJ_T2TEMP_INVTRAN='/lustre/scratch/wbic-beta/ccn30/ENCRYPT/segmentation/ASHS/27137/DenoiseT1N4T2Utrecht/flirt_t2_to_t1/flirt_t2_to_t1.mat /lustre/scratch/wbic-beta/ccn30/ENCRYPT/segmentation/ASHS/27137/DenoiseT1N4T2Utrecht/affine_t1_to_template/t1_to_template_affine_inv.mat /lustre/scratch/wbic-beta/ccn30/ENCRYPT/segmentation/ASHS/27137/DenoiseT1N4T2Utrecht/ants_t1_to_temp/greedy_t1_to_template_invwarp.nii.gz'
+ SUBJ_AFF_T1TEMP_RESLICE=/lustre/scratch/wbic-beta/ccn30/ENCRYPT/segmentation/ASHS/27137/DenoiseT1N4T2Utrecht/affine_t1_to_template/t1_to_template_affine.nii.gz
+ [[ /lustre/scratch/wbic-beta/ccn30/ENCRYPT/images/27137/20200213_U-ID48042/mp2rage/Rdenoise_n4mag0000_PSIR_skulled_std_struc_brain_mask.nii -nt /lustre/scratch/wbic-beta/ccn30/ENCRYPT/segmentation/ASHS/27137/DenoiseT1N4T2Utrecht/mprage_raw.nii.gz ]]
+ c3d /lustre/scratch/wbic-beta/ccn30/ENCRYPT/images/27137/20200213_U-ID48042/mp2rage/Rdenoise_n4mag0000_PSIR_skulled_std_struc_brain_mask.nii -type short -o /lustre/scratch/wbic-beta/ccn30/ENCRYPT/segmentation/ASHS/27137/DenoiseT1N4T2Utrecht/mprage_raw.nii.gz
+ SUBJ_MPRAGE_DENOISE=/lustre/scratch/wbic-beta/ccn30/ENCRYPT/segmentation/ASHS/27137/DenoiseT1N4T2Utrecht/mprage_d.nii.gz
+ echo 'ASHS_MPRAGE_DENOISE = 0'
ASHS_MPRAGE_DENOISE = 0
+ [[ 0 == 1 ]]
+ cp /lustre/scratch/wbic-beta/ccn30/ENCRYPT/segmentation/ASHS/27137/DenoiseT1N4T2Utrecht/mprage_raw.nii.gz /lustre/scratch/wbic-beta/ccn30/ENCRYPT/segmentation/ASHS/27137/DenoiseT1N4T2Utrecht/mprage_d.nii.gz
+ [[ 0 == 1 ]]
+ cp /lustre/scratch/wbic-beta/ccn30/ENCRYPT/segmentation/ASHS/27137/DenoiseT1N4T2Utrecht/mprage_d.nii.gz /lustre/scratch/wbic-beta/ccn30/ENCRYPT/segmentation/ASHS/27137/DenoiseT1N4T2Utrecht/mprage.nii.gz
+ rm -f /lustre/scratch/wbic-beta/ccn30/ENCRYPT/segmentation/ASHS/27137/DenoiseT1N4T2Utrecht/mprage_d.nii.gz
+ [[ /lustre/scratch/wbic-beta/ccn30/ENCRYPT/images/27137/20200213_U-ID48042/Series_033_Highresolution_TSE_PAT2_100/n42_t2.nii -nt /lustre/scratch/wbic-beta/ccn30/ENCRYPT/segmentation/ASHS/27137/DenoiseT1N4T2Utrecht/tse_raw.nii.gz ]]
+ c3d /lustre/scratch/wbic-beta/ccn30/ENCRYPT/images/27137/20200213_U-ID48042/Series_033_Highresolution_TSE_PAT2_100/n42_t2.nii -type short -o /lustre/scratch/wbic-beta/ccn30/ENCRYPT/segmentation/ASHS/27137/DenoiseT1N4T2Utrecht/tse_raw.nii.gz
+ SUBJ_TSE_DENOISE=/lustre/scratch/wbic-beta/ccn30/ENCRYPT/segmentation/ASHS/27137/DenoiseT1N4T2Utrecht/tse_d.nii.gz
+ [[ 0 == 1 ]]
+ cp /lustre/scratch/wbic-beta/ccn30/ENCRYPT/segmentation/ASHS/27137/DenoiseT1N4T2Utrecht/tse_raw.nii.gz /lustre/scratch/wbic-beta/ccn30/ENCRYPT/segmentation/ASHS/27137/DenoiseT1N4T2Utrecht/tse_d.nii.gz
+ [[ 0 == 1 ]]
+ cp /lustre/scratch/wbic-beta/ccn30/ENCRYPT/segmentation/ASHS/27137/DenoiseT1N4T2Utrecht/tse_d.nii.gz /lustre/scratch/wbic-beta/ccn30/ENCRYPT/segmentation/ASHS/27137/DenoiseT1N4T2Utrecht/tse.nii.gz
+ rm -f /lustre/scratch/wbic-beta/ccn30/ENCRYPT/segmentation/ASHS/27137/DenoiseT1N4T2Utrecht/tse_d.nii.gz
+ ashs_align_t1t2 /lustre/scratch/wbic-beta/ccn30/ENCRYPT/segmentation/ASHS/27137/DenoiseT1N4T2Utrecht
+ local ASHS_WORK=/lustre/scratch/wbic-beta/ccn30/ENCRYPT/segmentation/ASHS/27137/DenoiseT1N4T2Utrecht
+ local OVERRIDE_MAT=
+ local OVERRIDE_MODE=
+ ashs_subj_vars /lustre/scratch/wbic-beta/ccn30/ENCRYPT/segmentation/ASHS/27137/DenoiseT1N4T2Utrecht
+ local WORK=/lustre/scratch/wbic-beta/ccn30/ENCRYPT/segmentation/ASHS/27137/DenoiseT1N4T2Utrecht
+ local WANT=/lustre/scratch/wbic-beta/ccn30/ENCRYPT/segmentation/ASHS/27137/DenoiseT1N4T2Utrecht/ants_t1_to_temp
+ local WAFF=/lustre/scratch/wbic-beta/ccn30/ENCRYPT/segmentation/ASHS/27137/DenoiseT1N4T2Utrecht/affine_t1_to_template
+ local WFSL=/lustre/scratch/wbic-beta/ccn30/ENCRYPT/segmentation/ASHS/27137/DenoiseT1N4T2Utrecht/flirt_t2_to_t1
+ SUBJ_RAWMPRAGE=/lustre/scratch/wbic-beta/ccn30/ENCRYPT/segmentation/ASHS/27137/DenoiseT1N4T2Utrecht/mprage_raw.nii.gz
+ SUBJ_RAWTSE=/lustre/scratch/wbic-beta/ccn30/ENCRYPT/segmentation/ASHS/27137/DenoiseT1N4T2Utrecht/tse_raw.nii.gz
+ SUBJ_MPRAGE=/lustre/scratch/wbic-beta/ccn30/ENCRYPT/segmentation/ASHS/27137/DenoiseT1N4T2Utrecht/mprage.nii.gz
+ SUBJ_TSE=/lustre/scratch/wbic-beta/ccn30/ENCRYPT/segmentation/ASHS/27137/DenoiseT1N4T2Utrecht/tse.nii.gz
+ SUBJ_AFF_T2T1_MAT=/lustre/scratch/wbic-beta/ccn30/ENCRYPT/segmentation/ASHS/27137/DenoiseT1N4T2Utrecht/flirt_t2_to_t1/flirt_t2_to_t1.mat
+ SUBJ_AFF_T2T1_INVMAT=/lustre/scratch/wbic-beta/ccn30/ENCRYPT/segmentation/ASHS/27137/DenoiseT1N4T2Utrecht/flirt_t2_to_t1/flirt_t2_to_t1_inv.mat
+ SUBJ_AFF_T1TEMP_MAT=/lustre/scratch/wbic-beta/ccn30/ENCRYPT/segmentation/ASHS/27137/DenoiseT1N4T2Utrecht/affine_t1_to_template/t1_to_template_affine.mat
+ SUBJ_AFF_T1TEMP_INVMAT=/lustre/scratch/wbic-beta/ccn30/ENCRYPT/segmentation/ASHS/27137/DenoiseT1N4T2Utrecht/affine_t1_to_template/t1_to_template_affine_inv.mat
+ SUBJ_T1TEMP_WARP=/lustre/scratch/wbic-beta/ccn30/ENCRYPT/segmentation/ASHS/27137/DenoiseT1N4T2Utrecht/ants_t1_to_temp/greedy_t1_to_template_warp.nii.gz
+ SUBJ_T1TEMP_INVWARP=/lustre/scratch/wbic-beta/ccn30/ENCRYPT/segmentation/ASHS/27137/DenoiseT1N4T2Utrecht/ants_t1_to_temp/greedy_t1_to_template_invwarp.nii.gz
+ SUBJ_T1TEMP_TRAN='/lustre/scratch/wbic-beta/ccn30/ENCRYPT/segmentation/ASHS/27137/DenoiseT1N4T2Utrecht/ants_t1_to_temp/greedy_t1_to_template_warp.nii.gz /lustre/scratch/wbic-beta/ccn30/ENCRYPT/segmentation/ASHS/27137/DenoiseT1N4T2Utrecht/affine_t1_to_template/t1_to_template_affine.mat'
+ SUBJ_T1TEMP_INVTRAN='/lustre/scratch/wbic-beta/ccn30/ENCRYPT/segmentation/ASHS/27137/DenoiseT1N4T2Utrecht/affine_t1_to_template/t1_to_template_affine_inv.mat /lustre/scratch/wbic-beta/ccn30/ENCRYPT/segmentation/ASHS/27137/DenoiseT1N4T2Utrecht/ants_t1_to_temp/greedy_t1_to_template_invwarp.nii.gz'
+ SUBJ_T2TEMP_TRAN='/lustre/scratch/wbic-beta/ccn30/ENCRYPT/segmentation/ASHS/27137/DenoiseT1N4T2Utrecht/ants_t1_to_temp/greedy_t1_to_template_warp.nii.gz /lustre/scratch/wbic-beta/ccn30/ENCRYPT/segmentation/ASHS/27137/DenoiseT1N4T2Utrecht/affine_t1_to_template/t1_to_template_affine.mat /lustre/scratch/wbic-beta/ccn30/ENCRYPT/segmentation/ASHS/27137/DenoiseT1N4T2Utrecht/flirt_t2_to_t1/flirt_t2_to_t1_inv.mat'
+ SUBJ_T2TEMP_INVTRAN='/lustre/scratch/wbic-beta/ccn30/ENCRYPT/segmentation/ASHS/27137/DenoiseT1N4T2Utrecht/flirt_t2_to_t1/flirt_t2_to_t1.mat /lustre/scratch/wbic-beta/ccn30/ENCRYPT/segmentation/ASHS/27137/DenoiseT1N4T2Utrecht/affine_t1_to_template/t1_to_template_affine_inv.mat /lustre/scratch/wbic-beta/ccn30/ENCRYPT/segmentation/ASHS/27137/DenoiseT1N4T2Utrecht/ants_t1_to_temp/greedy_t1_to_template_invwarp.nii.gz'
+ [[ -f /lustre/scratch/wbic-beta/ccn30/ENCRYPT/segmentation/ASHS/27137/DenoiseT1N4T2Utrecht/flirt_t2_to_t1/flirt_t2_to_t1.mat ]]
+ export FSLOUTPUTTYPE=NIFTI_GZ
+ FSLOUTPUTTYPE=NIFTI_GZ
+ c3d /lustre/scratch/wbic-beta/ccn30/ENCRYPT/segmentation/ASHS/27137/DenoiseT1N4T2Utrecht/tse.nii.gz -resample 100x100x100% -region 20x20x0% 60x60x100% -type short -o /tmp/ashs.z4laUgmD/tse_iso.nii.gz
+ [[ -n '' ]]
+ local INIT_RIGID
+ [[ -n '' ]]
+ INIT_RIGID=-ia-identity
+ greedy -d 3 -a -dof 6 -m MI -n 100x100x10 -i /tmp/ashs.z4laUgmD/tse_iso.nii.gz /lustre/scratch/wbic-beta/ccn30/ENCRYPT/segmentation/ASHS/27137/DenoiseT1N4T2Utrecht/mprage.nii.gz -ia-identity -o /lustre/scratch/wbic-beta/ccn30/ENCRYPT/segmentation/ASHS/27137/DenoiseT1N4T2Utrecht/flirt_t2_to_t1/flirt_t2_to_t1.mat
Executing with the default number of threads: 24
*************************************************
  N=6   NUMBER OF CORRECTIONS=5       INITIAL VALUES F= -2645.1   GNORM= 93.4657
*************************************************
   I   NFN    FUNC        GNORM       STEPLENGTH
   1    2     -2718.354      56.178       0.011
   2    3     -2784.096      17.301       1.000
   3    4     -2795.702      10.746       1.000
   4    6     -2799.321       5.371       0.514
   5    8     -2800.192       3.891       0.375
   6   10     -2800.264       2.815       0.237
   7   11     -2800.318       2.208       1.000
   8   12     -2800.370       1.827       1.000
   9   14     -2800.387       1.658       0.091
  10   15     -2800.402       0.649       1.000
  11   17     -2800.403       0.772       0.338
  12   19     -2800.403       0.486       0.185
  13   21     -2800.403       0.563       0.253
  14   22     -2800.403       0.625       1.000
  15   23     -2800.403       0.333       1.000
  16   24     -2800.403       0.355       1.000
  17   25     -2800.403       0.400       1.000
  18   26     -2800.403       0.368       1.000
  19   27     -2800.404       0.684       1.000
 IFLAG= -1  LINE SEARCH FAILED. SEE DOCUMENTATION OF ROUTINE MCSRCH ERROR RETURN OF LINE SEARCH: INFO= 3 POSSIBLE CAUSES: FUNCTION OR GRADIENT ARE INCORRECT OR INCORRECT TOLERANCESvnl_lbfgs: Error. Netlib routine lbfgs failed.
Final RAS Transform: 
0.999719 0.00819581 -0.0222578 0.166267 
-0.00930499 0.998696 -0.0501961 -0.342562 
0.0218174 0.050389 0.998491 -3.22247 
0 0 0 1 

*************************************************
  N=6   NUMBER OF CORRECTIONS=5       INITIAL VALUES F= -2664.16   GNORM= 134.948
*************************************************
   I   NFN    FUNC        GNORM       STEPLENGTH
   1    2     -2773.109      77.822       0.007
   2    4     -2815.347      45.663       0.469
   3    5     -2831.901      49.385       1.000
   4    6     -2847.697      36.851       1.000
   5    7     -2874.683      33.750       1.000
   6    8     -2880.714      17.888       1.000
   7    9     -2881.535      20.768       1.000
   8   10     -2882.525       7.502       1.000
   9   11     -2882.804       4.546       1.000
  10   12     -2883.035       1.666       1.000
  11   13     -2883.047       0.632       1.000
  12   14     -2883.049       0.689       1.000
  13   15     -2883.051       0.464       1.000
  14   16     -2883.053       0.900       1.000
  15   18     -2883.056       0.394       0.505
  16   19     -2883.057       0.322       1.000
  17   21     -2883.057       0.196       0.272
  18   22     -2883.057       0.150       1.000
  19   24     -2883.057       0.065       0.303
  20   25     -2883.057       0.054       1.000
  21   27     -2883.057       0.036       0.244
  22   28     -2883.057       0.051       1.000
  23   30     -2883.057       0.065       5.000
  24   31     -2883.057       0.035       1.000
  25   32     -2883.057       0.027       1.000
  26   33     -2883.057       0.013       1.000
  27   35     -2883.057       0.049       0.235
  28   40     -2883.057       0.059       0.110
  29   41     -2883.057       0.052       1.000
  30   42     -2883.057       0.035       1.000
  31   43     -2883.057       0.012       1.000
  32   44     -2883.057       0.014       1.000
  33   46     -2883.057       0.023       0.108
  34   47     -2883.057       0.027       1.000
  35   48     -2883.057       0.037       1.000
  36   49     -2883.057       0.036       1.000
  37   51     -2883.057       0.015       0.304
  38   52     -2883.057       0.044       1.000
  39   53     -2883.057       0.022       1.000
  40   55     -2883.057       0.015       0.189
  41   56     -2883.057       0.017       1.000
  42   58     -2883.057       0.023       0.391
  43   61     -2883.057       0.024       0.008
  44   63     -2883.057       0.019       0.086
  45   65     -2883.057       0.020       0.050
 IFLAG= -1  LINE SEARCH FAILED. SEE DOCUMENTATION OF ROUTINE MCSRCH ERROR RETURN OF LINE SEARCH: INFO= 6 POSSIBLE CAUSES: FUNCTION OR GRADIENT ARE INCORRECT OR INCORRECT TOLERANCESvnl_lbfgs: Error. Netlib routine lbfgs failed.
Final RAS Transform: 
0.999917 0.00553815 -0.0116196 -0.385164 
-0.00578119 0.999763 -0.0209881 0.307708 
0.0115006 0.0210535 0.999712 -1.1496 
0 0 0 1 

*************************************************
  N=6   NUMBER OF CORRECTIONS=5       INITIAL VALUES F= -3093.84   GNORM= 166.796
*************************************************
   I   NFN    FUNC        GNORM       STEPLENGTH
   1    3     -3111.621      30.614       0.001
   2    4     -3112.795      28.802       1.000
   3    5     -3118.706      54.350       1.000
   4    6     -3126.780      80.959       1.000
   5    7     -3134.385      60.564       1.000
   6    9     -3135.197      49.086       0.247
   7   10     -3136.632      12.196       1.000
   8   11     -3136.751       1.928       1.000
Final RAS Transform: 
0.999931 0.00445909 -0.010852 -0.371362 
-0.00460647 0.999897 -0.0135945 0.143152 
0.0107902 0.0136435 0.999849 -0.781833 
0 0 0 1 

+ c3d_affine_tool /lustre/scratch/wbic-beta/ccn30/ENCRYPT/segmentation/ASHS/27137/DenoiseT1N4T2Utrecht/flirt_t2_to_t1/flirt_t2_to_t1.mat -inv -o /lustre/scratch/wbic-beta/ccn30/ENCRYPT/segmentation/ASHS/27137/DenoiseT1N4T2Utrecht/flirt_t2_to_t1/flirt_t2_to_t1_inv.mat
+ [[ 0 == 1 ]]
+ [[ 0 == 1 ]]
+ [[ 0 == 1 ]]
+ job_progress 0.25
+ local PROGRESS=0.25
+ local CHUNK_PSTART CHUNK_PEND
+ read CHUNK_PSTART CHUNK_PEND
++ echo 1
++ awk -v bs=0.0 -v be=0.2 -v j=0 -v n=1 '{print bs + ((be - bs) * j) / n, bs + ((be - bs) * (j+1)) / n}'
+ echo 'CHUNK 0.0 0.2'
CHUNK 0.0 0.2
+ echo 1
+ awk -v bs=0.0 -v be=0.2 -v j=0 -v n=1 '{print bs + ((be - bs) * j) / n, bs + ((be - bs) * (j+1)) / n}'
0 0.2
+ echo 'CHUNK 0 0.2 0.25'
CHUNK 0 0.2 0.25
+ bash /home/ccn30/privatemodules/ASHS/ashs-fastashs_beta/bin/ashs_default_hook.sh progress 0 0.2 0.25
====================================
         PROGRESS: 0               
====================================
+ [[ -f /lustre/scratch/wbic-beta/ccn30/ENCRYPT/segmentation/ASHS/27137/DenoiseT1N4T2Utrecht/affine_t1_to_template/t1_to_template_affine.mat ]]
+ greedy -d 3 -a -dof 6 -m NCC 2x2x2 -i /home/ccn30/ENCRYPT/atlases/utrechtatlas/template/template.nii.gz /lustre/scratch/wbic-beta/ccn30/ENCRYPT/segmentation/ASHS/27137/DenoiseT1N4T2Utrecht/mprage.nii.gz -o /lustre/scratch/wbic-beta/ccn30/ENCRYPT/segmentation/ASHS/27137/DenoiseT1N4T2Utrecht/affine_t1_to_template/greedy_t1_to_template_init_rigid.mat -n 400x0x0x0 -ia-image-centers -search 400 5 5
Executing with the default number of threads: 24
Noise on image 0 component 0: fixed = 0.0104249, moving = 57.04
Rigid search -> Initial best: -182.474 5.89806e-17 -7.15264e-19 -1.39057e-16 2.98336 51.0075 -17.1327
New best: -516.51 0.0466339 0.00759078 0.0670481 -1.37256 57.711 -8.5576
New best: -546.801 -0.054395 0.085195 0.0641032 -0.923153 46.7812 -11.0728
New best: -550.047 0.0715428 0.0724489 -0.0507586 8.4645 62.4846 -5.44296
New best: -634.844 -0.00384622 0.00132025 0.00363836 9.19514 59.2174 -3.3102
New best: -638.459 -0.0169417 -0.00464489 0.0155382 3.48037 50.3195 -3.45481
*************************************************
  N=6   NUMBER OF CORRECTIONS=5       INITIAL VALUES F= -638.459   GNORM= 49.346
*************************************************
   I   NFN    FUNC        GNORM       STEPLENGTH
   1    2      -649.958      28.461       0.020
   2    5      -764.641      17.635      21.000
   3    7     -1127.036      12.631       5.000
   4   10     -1127.764      13.299       0.112
   5   17     -1128.253      16.360       0.019
   6   21     -1128.279      14.354       0.001
   7   25     -1147.374      33.469      15.773
   8   27     -1154.135      10.473       0.098
   9   30     -1154.168      10.969       0.027
  10   32     -2410.380       0.000       5.000
 THE MINIMIZATION TERMINATED WITHOUT DETECTING ERRORS.
Final RAS Transform: 
0.763603 -0.607699 0.218203 168.882 
0.632691 0.636757 -0.440729 -542.353 
0.128888 0.474597 0.870715 -423.66 
0 0 0 1 

Final RAS Transform: 
0.763603 -0.607699 0.218203 168.882 
0.632691 0.636757 -0.440729 -542.353 
0.128888 0.474597 0.870715 -423.66 
0 0 0 1 

Final RAS Transform: 
0.763603 -0.607699 0.218203 168.882 
0.632691 0.636757 -0.440729 -542.353 
0.128888 0.474597 0.870715 -423.66 
0 0 0 1 

Final RAS Transform: 
0.763603 -0.607699 0.218203 168.882 
0.632691 0.636757 -0.440729 -542.353 
0.128888 0.474597 0.870715 -423.66 
0 0 0 1 


real	1m27.601s
user	2m12.944s
sys	0m11.068s
+ greedy -d 3 -a -m NCC 2x2x2 -i /home/ccn30/ENCRYPT/atlases/utrechtatlas/template/template.nii.gz /lustre/scratch/wbic-beta/ccn30/ENCRYPT/segmentation/ASHS/27137/DenoiseT1N4T2Utrecht/mprage.nii.gz -o /lustre/scratch/wbic-beta/ccn30/ENCRYPT/segmentation/ASHS/27137/DenoiseT1N4T2Utrecht/affine_t1_to_template/greedy_t1_to_template.mat -n 400x80x40x0 -ia /lustre/scratch/wbic-beta/ccn30/ENCRYPT/segmentation/ASHS/27137/DenoiseT1N4T2Utrecht/affine_t1_to_template/greedy_t1_to_template_init_rigid.mat
Executing with the default number of threads: 24
Noise on image 0 component 0: fixed = 0.0104249, moving = 57.04
*************************************************
  N=12   NUMBER OF CORRECTIONS=5       INITIAL VALUES F= -2410.38   GNORM= 0
*************************************************
   I   NFN    FUNC        GNORM       STEPLENGTH
  THE SEARCH DIRECTION IS NOT A DESCENT DIRECTION
 IFLAG= -1  LINE SEARCH FAILED. SEE DOCUMENTATION OF ROUTINE MCSRCH ERROR RETURN OF LINE SEARCH: INFO= 0 POSSIBLE CAUSES: FUNCTION OR GRADIENT ARE INCORRECT OR INCORRECT TOLERANCESvnl_lbfgs: Error. Netlib routine lbfgs failed.
Final RAS Transform: 
0.763603 -0.607699 0.218203 168.882 
0.632691 0.636757 -0.440729 -542.353 
0.128888 0.474597 0.870715 -423.66 
0 0 0 1 

*************************************************
  N=12   NUMBER OF CORRECTIONS=5       INITIAL VALUES F= -2678.06   GNORM= 0
*************************************************
   I   NFN    FUNC        GNORM       STEPLENGTH
  THE SEARCH DIRECTION IS NOT A DESCENT DIRECTION
 IFLAG= -1  LINE SEARCH FAILED. SEE DOCUMENTATION OF ROUTINE MCSRCH ERROR RETURN OF LINE SEARCH: INFO= 0 POSSIBLE CAUSES: FUNCTION OR GRADIENT ARE INCORRECT OR INCORRECT TOLERANCESvnl_lbfgs: Error. Netlib routine lbfgs failed.
Final RAS Transform: 
0.763603 -0.607699 0.218203 168.882 
0.632691 0.636757 -0.440729 -542.353 
0.128888 0.474597 0.870715 -423.66 
0 0 0 1 

*************************************************
  N=12   NUMBER OF CORRECTIONS=5       INITIAL VALUES F= -2800.12   GNORM= 0
*************************************************
   I   NFN    FUNC        GNORM       STEPLENGTH
  THE SEARCH DIRECTION IS NOT A DESCENT DIRECTION
 IFLAG= -1  LINE SEARCH FAILED. SEE DOCUMENTATION OF ROUTINE MCSRCH ERROR RETURN OF LINE SEARCH: INFO= 0 POSSIBLE CAUSES: FUNCTION OR GRADIENT ARE INCORRECT OR INCORRECT TOLERANCESvnl_lbfgs: Error. Netlib routine lbfgs failed.
Final RAS Transform: 
0.763603 -0.607699 0.218203 168.882 
0.632691 0.636757 -0.440729 -542.353 
0.128888 0.474597 0.870715 -423.66 
0 0 0 1 

Final RAS Transform: 
0.763603 -0.607699 0.218203 168.882 
0.632691 0.636757 -0.440729 -542.353 
0.128888 0.474597 0.870715 -423.66 
0 0 0 1 


real	1m16.678s
user	1m55.628s
sys	0m8.072s
+ greedy -d 3 -r /lustre/scratch/wbic-beta/ccn30/ENCRYPT/segmentation/ASHS/27137/DenoiseT1N4T2Utrecht/affine_t1_to_template/greedy_t1_to_template.mat -rf /home/ccn30/ENCRYPT/atlases/utrechtatlas/template/template.nii.gz -rm /lustre/scratch/wbic-beta/ccn30/ENCRYPT/segmentation/ASHS/27137/DenoiseT1N4T2Utrecht/mprage.nii.gz /lustre/scratch/wbic-beta/ccn30/ENCRYPT/segmentation/ASHS/27137/DenoiseT1N4T2Utrecht/affine_t1_to_template/test_greedy_affine.nii.gz
Executing with the default number of threads: 24
+ cp -a /lustre/scratch/wbic-beta/ccn30/ENCRYPT/segmentation/ASHS/27137/DenoiseT1N4T2Utrecht/affine_t1_to_template/greedy_t1_to_template.mat /lustre/scratch/wbic-beta/ccn30/ENCRYPT/segmentation/ASHS/27137/DenoiseT1N4T2Utrecht/affine_t1_to_template/t1_to_template_affine.mat
+ ln -sf /lustre/scratch/wbic-beta/ccn30/ENCRYPT/segmentation/ASHS/27137/DenoiseT1N4T2Utrecht/affine_t1_to_template/test_greedy_affine.nii.gz /lustre/scratch/wbic-beta/ccn30/ENCRYPT/segmentation/ASHS/27137/DenoiseT1N4T2Utrecht/affine_t1_to_template/t1_to_template_affine.nii.gz
+ c3d_affine_tool /lustre/scratch/wbic-beta/ccn30/ENCRYPT/segmentation/ASHS/27137/DenoiseT1N4T2Utrecht/affine_t1_to_template/t1_to_template_affine.mat -inv -o /lustre/scratch/wbic-beta/ccn30/ENCRYPT/segmentation/ASHS/27137/DenoiseT1N4T2Utrecht/affine_t1_to_template/t1_to_template_affine_inv.mat
+ [[ 0 == 1 ]]
+ [[ 0 == 1 ]]
+ [[ 0 == 1 ]]
+ job_progress 0.5
+ local PROGRESS=0.5
+ local CHUNK_PSTART CHUNK_PEND
+ read CHUNK_PSTART CHUNK_PEND
++ echo 1
++ awk -v bs=0.0 -v be=0.2 -v j=0 -v n=1 '{print bs + ((be - bs) * j) / n, bs + ((be - bs) * (j+1)) / n}'
+ echo 'CHUNK 0.0 0.2'
CHUNK 0.0 0.2
+ echo 1
+ awk -v bs=0.0 -v be=0.2 -v j=0 -v n=1 '{print bs + ((be - bs) * j) / n, bs + ((be - bs) * (j+1)) / n}'
0 0.2
+ echo 'CHUNK 0 0.2 0.5'
CHUNK 0 0.2 0.5
+ bash /home/ccn30/privatemodules/ASHS/ashs-fastashs_beta/bin/ashs_default_hook.sh progress 0 0.2 0.5
====================================
         PROGRESS: 0               
====================================
+ [[ -n '' ]]
+ greedy -d 3 -m NCC 2x2x2 -e 0.5 -n 60x60x20x0 -i /home/ccn30/ENCRYPT/atlases/utrechtatlas/template/template.nii.gz /lustre/scratch/wbic-beta/ccn30/ENCRYPT/segmentation/ASHS/27137/DenoiseT1N4T2Utrecht/affine_t1_to_template/t1_to_template_affine.nii.gz -o /lustre/scratch/wbic-beta/ccn30/ENCRYPT/segmentation/ASHS/27137/DenoiseT1N4T2Utrecht/ants_t1_to_temp/greedy_t1_to_template_warp.nii.gz -oinv /lustre/scratch/wbic-beta/ccn30/ENCRYPT/segmentation/ASHS/27137/DenoiseT1N4T2Utrecht/ants_t1_to_temp/greedy_t1_to_template_invwarp.nii.gz -gm /home/ccn30/ENCRYPT/atlases/utrechtatlas/template/template_bet_mask.nii.gz
Executing with the default number of threads: 24
Noise on image 0 component 0: fixed = 0.0104249, moving = 0
LEVEL 1 of 4
  Smoothing sigmas: [9.11606, 9.11606, 6.92825], [3.72161, 3.72161, 2.82845]
Level     0,  Iter     0:    Energy =   0.0000
Level     0,  Iter     1:    Energy =   0.0000
Level     0,  Iter     2:    Energy =   0.0000
Level     0,  Iter     3:    Energy =   0.0000
Level     0,  Iter     4:    Energy =   0.0000
Level     0,  Iter     5:    Energy =   0.0000
Level     0,  Iter     6:    Energy =   0.0000
Level     0,  Iter     7:    Energy =   0.0000
Level     0,  Iter     8:    Energy =   0.0000
Level     0,  Iter     9:    Energy =   0.0000
Level     0,  Iter    10:    Energy =   0.0000
Level     0,  Iter    11:    Energy =   0.0000
Level     0,  Iter    12:    Energy =   0.0000
Level     0,  Iter    13:    Energy =   0.0000
Level     0,  Iter    14:    Energy =   0.0000
Level     0,  Iter    15:    Energy =   0.0000
Level     0,  Iter    16:    Energy =   0.0000
Level     0,  Iter    17:    Energy =   0.0000
Level     0,  Iter    18:    Energy =   0.0000
Level     0,  Iter    19:    Energy =   0.0000
Level     0,  Iter    20:    Energy =   0.0000
Level     0,  Iter    21:    Energy =   0.0000
Level     0,  Iter    22:    Energy =   0.0000
Level     0,  Iter    23:    Energy =   0.0000
Level     0,  Iter    24:    Energy =   0.0000
Level     0,  Iter    25:    Energy =   0.0000
Level     0,  Iter    26:    Energy =   0.0000
Level     0,  Iter    27:    Energy =   0.0000
Level     0,  Iter    28:    Energy =   0.0000
Level     0,  Iter    29:    Energy =   0.0000
Level     0,  Iter    30:    Energy =   0.0000
Level     0,  Iter    31:    Energy =   0.0000
Level     0,  Iter    32:    Energy =   0.0000
Level     0,  Iter    33:    Energy =   0.0000
Level     0,  Iter    34:    Energy =   0.0000
Level     0,  Iter    35:    Energy =   0.0000
Level     0,  Iter    36:    Energy =   0.0000
Level     0,  Iter    37:    Energy =   0.0000
Level     0,  Iter    38:    Energy =   0.0000
Level     0,  Iter    39:    Energy =   0.0000
Level     0,  Iter    40:    Energy =   0.0000
Level     0,  Iter    41:    Energy =   0.0000
Level     0,  Iter    42:    Energy =   0.0000
Level     0,  Iter    43:    Energy =   0.0000
Level     0,  Iter    44:    Energy =   0.0000
Level     0,  Iter    45:    Energy =   0.0000
Level     0,  Iter    46:    Energy =   0.0000
Level     0,  Iter    47:    Energy =   0.0000
Level     0,  Iter    48:    Energy =   0.0000
Level     0,  Iter    49:    Energy =   0.0000
Level     0,  Iter    50:    Energy =   0.0000
Level     0,  Iter    51:    Energy =   0.0000
Level     0,  Iter    52:    Energy =   0.0000
Level     0,  Iter    53:    Energy =   0.0000
Level     0,  Iter    54:    Energy =   0.0000
Level     0,  Iter    55:    Energy =   0.0000
Level     0,  Iter    56:    Energy =   0.0000
Level     0,  Iter    57:    Energy =   0.0000
Level     0,  Iter    58:    Energy =   0.0000
Level     0,  Iter    59:    Energy =   0.0000
END OF LEVEL     0    DetJac Range:   1.0000  to   1.0000 
  Avg. Gradient Time  : 0.0197s  39.22% 
  Avg. Gaussian Time  : 0.0262s  52.11% 
  Avg. Iteration Time : 0.0502s 
LEVEL 2 of 4
  Smoothing sigmas: [4.55803, 4.55803, 3.46412], [1.86081, 1.86081, 1.41422]
Level     1,  Iter     0:    Energy =   0.0000
Level     1,  Iter     1:    Energy =   0.0000
Level     1,  Iter     2:    Energy =   0.0000
Level     1,  Iter     3:    Energy =   0.0000
Level     1,  Iter     4:    Energy =   0.0000
Level     1,  Iter     5:    Energy =   0.0000
Level     1,  Iter     6:    Energy =   0.0000
Level     1,  Iter     7:    Energy =   0.0000
Level     1,  Iter     8:    Energy =   0.0000
Level     1,  Iter     9:    Energy =   0.0000
Level     1,  Iter    10:    Energy =   0.0000
Level     1,  Iter    11:    Energy =   0.0000
Level     1,  Iter    12:    Energy =   0.0000
Level     1,  Iter    13:    Energy =   0.0000
Level     1,  Iter    14:    Energy =   0.0000
Level     1,  Iter    15:    Energy =   0.0000
Level     1,  Iter    16:    Energy =   0.0000
Level     1,  Iter    17:    Energy =   0.0000
Level     1,  Iter    18:    Energy =   0.0000
Level     1,  Iter    19:    Energy =   0.0000
Level     1,  Iter    20:    Energy =   0.0000
Level     1,  Iter    21:    Energy =   0.0000
Level     1,  Iter    22:    Energy =   0.0000
Level     1,  Iter    23:    Energy =   0.0000
Level     1,  Iter    24:    Energy =   0.0000
Level     1,  Iter    25:    Energy =   0.0000
Level     1,  Iter    26:    Energy =   0.0000
Level     1,  Iter    27:    Energy =   0.0000
Level     1,  Iter    28:    Energy =   0.0000
Level     1,  Iter    29:    Energy =   0.0000
Level     1,  Iter    30:    Energy =   0.0000
Level     1,  Iter    31:    Energy =   0.0000
Level     1,  Iter    32:    Energy =   0.0000
Level     1,  Iter    33:    Energy =   0.0000
Level     1,  Iter    34:    Energy =   0.0000
Level     1,  Iter    35:    Energy =   0.0000
Level     1,  Iter    36:    Energy =   0.0000
Level     1,  Iter    37:    Energy =   0.0000
Level     1,  Iter    38:    Energy =   0.0000
Level     1,  Iter    39:    Energy =   0.0000
Level     1,  Iter    40:    Energy =   0.0000
Level     1,  Iter    41:    Energy =   0.0000
Level     1,  Iter    42:    Energy =   0.0000
Level     1,  Iter    43:    Energy =   0.0000
Level     1,  Iter    44:    Energy =   0.0000
Level     1,  Iter    45:    Energy =   0.0000
Level     1,  Iter    46:    Energy =   0.0000
Level     1,  Iter    47:    Energy =   0.0000
Level     1,  Iter    48:    Energy =   0.0000
Level     1,  Iter    49:    Energy =   0.0000
Level     1,  Iter    50:    Energy =   0.0000
Level     1,  Iter    51:    Energy =   0.0000
Level     1,  Iter    52:    Energy =   0.0000
Level     1,  Iter    53:    Energy =   0.0000
Level     1,  Iter    54:    Energy =   0.0000
Level     1,  Iter    55:    Energy =   0.0000
Level     1,  Iter    56:    Energy =   0.0000
Level     1,  Iter    57:    Energy =   0.0000
Level     1,  Iter    58:    Energy =   0.0000
Level     1,  Iter    59:    Energy =   0.0000
END OF LEVEL     1    DetJac Range:   1.0000  to   1.0000 
  Avg. Gradient Time  : 0.1393s  38.83% 
  Avg. Gaussian Time  : 0.1963s  54.73% 
  Avg. Iteration Time : 0.3588s 
LEVEL 3 of 4
  Smoothing sigmas: [2.27901, 2.27901, 1.73206], [0.930404, 0.930404, 0.707111]
Level     2,  Iter     0:    Energy =   0.0000
Level     2,  Iter     1:    Energy =   0.0000
Level     2,  Iter     2:    Energy =   0.0000
Level     2,  Iter     3:    Energy =   0.0000
Level     2,  Iter     4:    Energy =   0.0000
Level     2,  Iter     5:    Energy =   0.0000
Level     2,  Iter     6:    Energy =   0.0000
Level     2,  Iter     7:    Energy =   0.0000
Level     2,  Iter     8:    Energy =   0.0000
Level     2,  Iter     9:    Energy =   0.0000
Level     2,  Iter    10:    Energy =   0.0000
Level     2,  Iter    11:    Energy =   0.0000
Level     2,  Iter    12:    Energy =   0.0000
Level     2,  Iter    13:    Energy =   0.0000
Level     2,  Iter    14:    Energy =   0.0000
Level     2,  Iter    15:    Energy =   0.0000
Level     2,  Iter    16:    Energy =   0.0000
Level     2,  Iter    17:    Energy =   0.0000
Level     2,  Iter    18:    Energy =   0.0000
Level     2,  Iter    19:    Energy =   0.0000
END OF LEVEL     2    DetJac Range:   1.0000  to   1.0000 
  Avg. Gradient Time  : 1.3822s  37.18% 
  Avg. Gaussian Time  : 2.1377s  57.50% 
  Avg. Iteration Time : 3.7175s 
LEVEL 4 of 4
  Smoothing sigmas: [1.13951, 1.13951, 0.866031], [0.465202, 0.465202, 0.353556]
slurmstepd: error: Job 5668743 exceeded memory limit (7176712 > 7168000), being killed
slurmstepd: error: Exceeded job memory limit
slurmstepd: error: *** JOB 5668743 ON wbic-cs-19 CANCELLED AT 2021-01-07T19:40:32 ***
