Changed directory to /lustre/scratch/wbic-beta/ccn30/ENCRYPT/scripts/Segmentation/slurmoutputs.

JobID: 5522414
======
Time: Wed Oct 14 11:26:40 BST 2020
Running on master node: wbic-csm-5
Current directory: /lustre/scratch/wbic-beta/ccn30/ENCRYPT/scripts/Segmentation/slurmoutputs

Nodes allocated:
================
wbic-csm-5

numtasks=1, numnodes=1, mpi_tasks_per_node=1 (OMP_NUM_THREADS=1)

Executing command:
==================
/lustre/scratch/wbic-beta/ccn30/ENCRYPT/scripts/Segmentation/ASHS_mainfun.sh /lustre/scratch/wbic-beta/ccn30/ENCRYPT 26228/20200914_U-ID49904 /lustre/scratch/wbic-beta/ccn30/ENCRYPT/scripts/Segmentation/slurmoutputs

Beginning ASHS for:  26228
INPUT: /lustre/scratch/wbic-beta/ccn30/ENCRYPT/images/26228/20200914_U-ID49904/mp2rage/n4mag0000_PSIR_skulled_std.nii /lustre/scratch/wbic-beta/ccn30/ENCRYPT/images/26228/20200914_U-ID49904/Series_034_Highresolution_TSE_PAT2_100/t2.nii
/lustre/scratch/wbic-beta/ccn30/ENCRYPT/scripts/Segmentation/ASHS_mainfun.sh: line 48: cd: /lustre/scratch/wbic-beta/ccn30/ENCRYPT/segmentation/ASHS/26228/original: No such file or directory
ASHS started at 11:26:40
ashs_main execution log
  timestamp:   Wed Oct 14 11:26:40 BST 2020
  invocation:  /home/ccn30/privatemodules/ASHS/ashs-fastashs_beta/bin/ashs_main.sh -I 26228 -a /home/ccn30/ENCRYPT/atlases/magdeburgatlas -g /lustre/scratch/wbic-beta/ccn30/ENCRYPT/images/26228/20200914_U-ID49904/mp2rage/n4mag0000_PSIR_skulled_std.nii -f /lustre/scratch/wbic-beta/ccn30/ENCRYPT/images/26228/20200914_U-ID49904/Series_034_Highresolution_TSE_PAT2_100/t2.nii -w /lustre/scratch/wbic-beta/ccn30/ENCRYPT/segmentation/ASHS/26228/original
  directory:   /lustre/scratch/wbic-beta/ccn30/ENCRYPT/scripts/Segmentation/slurmoutputs
  environment:
    ASHS_MPRAGE=/lustre/scratch/wbic-beta/ccn30/ENCRYPT/images/26228/20200914_U-ID49904/mp2rage/n4mag0000_PSIR_skulled_std.nii
    ASHS_ROOT=/home/ccn30/privatemodules/ASHS/ashs-fastashs_beta
    ASHS_SUBJID=26228
    ASHS_TSE=/lustre/scratch/wbic-beta/ccn30/ENCRYPT/images/26228/20200914_U-ID49904/Series_034_Highresolution_TSE_PAT2_100/t2.nii
    ASHS_WORK=/lustre/scratch/wbic-beta/ccn30/ENCRYPT/segmentation/ASHS/26228/original
Atlas    : /home/ccn30/ENCRYPT/atlases/magdeburgatlas
T1 Image : /lustre/scratch/wbic-beta/ccn30/ENCRYPT/images/26228/20200914_U-ID49904/mp2rage/n4mag0000_PSIR_skulled_std.nii
T2 Image : /lustre/scratch/wbic-beta/ccn30/ENCRYPT/images/26228/20200914_U-ID49904/Series_034_Highresolution_TSE_PAT2_100/t2.nii
WorkDir  : /lustre/scratch/wbic-beta/ccn30/ENCRYPT/segmentation/ASHS/26228/original
Not using SGE or GNU parallel
****************************************
Starting stage 1: Normalization to T1 population template
****************************************
[0;36m
-------------------  INFO  ---------------------
Started stage 1: Normalization to T1 population 
template
------------------------------------------------
[0m
+ source /home/ccn30/privatemodules/ASHS/ashs-fastashs_beta/bin/ashs_lib.sh
++ source /home/ccn30/privatemodules/ASHS/ashs-fastashs_beta/bin/ashs_version.sh
+++ ASHS_VERSION_MAJOR=1
+++ ASHS_VERSION_MINOR=0
+++ ASHS_VERSION_PATCH=0
+++ ASHS_VERSION_NOTE=
+++ ASHS_VERSION_FULL=1.0.0
+++ ASHS_VERSION_DATE=20170915
+++ ASHS_OLDEST_COMPAT_DATE=20170810
++ source /home/ccn30/privatemodules/ASHS/ashs-fastashs_beta/bin/ashs_common_master.sh
+++ [[ ! -n /home/ccn30/privatemodules/ASHS/ashs-fastashs_beta ]]
++++ uname
+++ ARCH=Linux
+++ ASHS_BIN=/home/ccn30/privatemodules/ASHS/ashs-fastashs_beta/ext/Linux/bin
+++ ASHS_ANTS=/home/ccn30/privatemodules/ASHS/ashs-fastashs_beta/ext/Linux/bin/ants_1042
+++ ASHS_FSL=/home/ccn30/privatemodules/ASHS/ashs-fastashs_beta/ext/Linux/bin/fsl
++++ /home/ccn30/privatemodules/ASHS/ashs-fastashs_beta/ext/Linux/bin/c3d -version
++++ grep Version
+++ [[ ! -n Version 1.1.0 ]]
+++ PATH=/home/ccn30/privatemodules/ASHS/ashs-fastashs_beta/ext/Linux/bin:/home/ccn30/privatemodules/ASHS/ashs-fastashs_beta/ext/Linux/bin/ants_1042:/home/ccn30/privatemodules/ASHS/ashs-fastashs_beta/ext/Linux/bin/fsl:/home/ccn30/privatemodules/ASHS/ashs-fastashs_beta/ext/Linux/bin:/home/ccn30/privatemodules/ASHS/ashs-fastashs_beta/ext/Linux/bin/ants_1042:/home/ccn30/privatemodules/ASHS/ashs-fastashs_beta/ext/Linux/bin/fsl:/applications/ANTS/2.2.0/bin:/applications/itksnap/3.6.0/bin-cs:/applications/fsl/fsl-5.0.10/bin:/applications/git/git-2.26.2/bin:/applications/turbovnc/2.1/bin:/applications/virtualgl/2.5.1/bin:/applications/slurm/current/sbin:/applications/slurm/current/bin:/applications/texlive/2016/bin/x86_64-linux:/applications/openmpi/openmpi-3.0.0/bin:/applications/ImageJ/1.50:/applications/spm/spm12_6906:/applications/matlab/matlab2016a/bin:/applications/hphi/bin:/usr/local/bin:/usr/bin:/bin:/usr/local/games:/usr/games:.
++ [[ ! /home/ccn30/ENCRYPT/atlases/magdeburgatlas/ashs_user_config.sh == /home/ccn30/privatemodules/ASHS/ashs-fastashs_beta/bin/ashs_config.sh ]]
++ source /home/ccn30/privatemodules/ASHS/ashs-fastashs_beta/bin/ashs_config.sh
+++ ASHS_SIDES='left right'
+++ ASHS_MPRAGE_DENOISE=0
+++ ASHS_MPRAGE_SRUPSAMPLE=0
+++ ASHS_MPRAGE_SRUPSAMPLE_FACTOR='1 1 1'
+++ ASHS_TSE_DENOISE=0
+++ ASHS_TSE_SRUPSAMPLE=0
+++ ASHS_TSE_SRUPSAMPLE_FACTOR='1 1 1'
+++ ASHS_TSE_ISO_FACTOR=100x100x500%
+++ ASHS_TSE_ISO_REGION_CROP='20x20x0% 60x60x100%'
+++ ASHS_FLIRT_MULTIMODAL_OPTS='-searchrx -5 5 -searchry -5 5 -searchrz -5 5 -coarsesearch 3 -finesearch 1 -searchcost normmi'
+++ ASHS_TEMPLATE_ANTS_ITER=60x20x0
+++ ASHS_TEMPLATE_STAGES_TOTAL=4
+++ ASHS_TEMPLATE_STAGES_RIGID=1
+++ ASHS_TEMPLATE_ROI_DILATION=10x10x10vox
+++ ASHS_TEMPLATE_ROI_MARGIN=4x4x4vox
+++ ASHS_TEMPLATE_TARGET_RESOLUTION=0.4688x0.4688x0.4688mm
+++ ASHS_TEMPLATE_MASK_THRESHOLD=0.5
+++ ASHS_TARGET_ATLAS_FOR_HISTMATCH=0
+++ ASHS_HISTMATCH_CONTROLS=5
+++ ASHS_PAIRWISE_AFFINE_ITER=60x60x0
+++ ASHS_PAIRWISE_DEFORM_ITER=60x60x20
+++ ASHS_PAIRWISE_CROSSCORR_RADIUS=2x2x2
+++ ASHS_PAIRWISE_ANTS_STEPSIZE=0.25
+++ ASHS_PAIRWISE_ANTS_T1_WEIGHT=0
+++ ASHS_LABEL_SMOOTHING=0.24mm
+++ ASHS_MALF_STRATEGY='Joint[0.1,2]'
+++ ASHS_MALF_PATCHRAD=3x3x1
+++ ASHS_MALF_SEARCHRAD=3x3x1
+++ ASHS_MALF_PADDING=0x0x2
+++ ASHS_EC_DILATION=1
+++ ASHS_EC_TARGET_SAMPLES=100000
+++ ASHS_EC_DRYRUN_SAMPLE_RATE=0.01
+++ ASHS_EC_ITERATIONS=500
+++ ASHS_EC_PATCH_RADIUS=6x6x0
+++ ASHS_EC_MINIMUM_SAMPLES=100
+++ ASHS_EC_QSUB_EXTRA_OPTIONS=
++ source /home/ccn30/ENCRYPT/atlases/magdeburgatlas/ashs_user_config.sh
+++ ASHS_TSE_ISO_FACTOR=100x100x252%
+++ ASHS_TEMPLATE_ANTS_ITER=60x60x20x0
+++ ASHS_TSE_ISO_REGION_CROP='10x10x0% 80x80x100%'
++ [[ -n '' ]]
+ cat
Script: ashs_template_qsub.sh
Root: /home/ccn30/privatemodules/ASHS/ashs-fastashs_beta
Working directory: /lustre/scratch/wbic-beta/ccn30/ENCRYPT/segmentation/ASHS/26228/original
PATH: /home/ccn30/privatemodules/ASHS/ashs-fastashs_beta/ext/Linux/bin:/home/ccn30/privatemodules/ASHS/ashs-fastashs_beta/ext/Linux/bin/ants_1042:/home/ccn30/privatemodules/ASHS/ashs-fastashs_beta/ext/Linux/bin/fsl:/home/ccn30/privatemodules/ASHS/ashs-fastashs_beta/ext/Linux/bin:/home/ccn30/privatemodules/ASHS/ashs-fastashs_beta/ext/Linux/bin/ants_1042:/home/ccn30/privatemodules/ASHS/ashs-fastashs_beta/ext/Linux/bin/fsl:/applications/ANTS/2.2.0/bin:/applications/itksnap/3.6.0/bin-cs:/applications/fsl/fsl-5.0.10/bin:/applications/git/git-2.26.2/bin:/applications/turbovnc/2.1/bin:/applications/virtualgl/2.5.1/bin:/applications/slurm/current/sbin:/applications/slurm/current/bin:/applications/texlive/2016/bin/x86_64-linux:/applications/openmpi/openmpi-3.0.0/bin:/applications/ImageJ/1.50:/applications/spm/spm12_6906:/applications/matlab/matlab2016a/bin:/applications/hphi/bin:/usr/local/bin:/usr/bin:/bin:/usr/local/games:/usr/games:.
  Skip Rigid: 
  Skip Ants: 
+ WFSL=/lustre/scratch/wbic-beta/ccn30/ENCRYPT/segmentation/ASHS/26228/original/flirt_t2_to_t1
+ WANT=/lustre/scratch/wbic-beta/ccn30/ENCRYPT/segmentation/ASHS/26228/original/ants_t1_to_temp
+ WAFF=/lustre/scratch/wbic-beta/ccn30/ENCRYPT/segmentation/ASHS/26228/original/affine_t1_to_template
+ mkdir -p /lustre/scratch/wbic-beta/ccn30/ENCRYPT/segmentation/ASHS/26228/original/ants_t1_to_temp /lustre/scratch/wbic-beta/ccn30/ENCRYPT/segmentation/ASHS/26228/original/flirt_t2_to_t1 /lustre/scratch/wbic-beta/ccn30/ENCRYPT/segmentation/ASHS/26228/original/affine_t1_to_template
+ TEMP_T1_FULL=/home/ccn30/ENCRYPT/atlases/magdeburgatlas/template/template.nii.gz
+ TEMP_T1_MASK=/home/ccn30/ENCRYPT/atlases/magdeburgatlas/template/template_bet_mask.nii.gz
+ ashs_subj_vars /lustre/scratch/wbic-beta/ccn30/ENCRYPT/segmentation/ASHS/26228/original
+ local WORK=/lustre/scratch/wbic-beta/ccn30/ENCRYPT/segmentation/ASHS/26228/original
+ local WANT=/lustre/scratch/wbic-beta/ccn30/ENCRYPT/segmentation/ASHS/26228/original/ants_t1_to_temp
+ local WAFF=/lustre/scratch/wbic-beta/ccn30/ENCRYPT/segmentation/ASHS/26228/original/affine_t1_to_template
+ local WFSL=/lustre/scratch/wbic-beta/ccn30/ENCRYPT/segmentation/ASHS/26228/original/flirt_t2_to_t1
+ SUBJ_RAWMPRAGE=/lustre/scratch/wbic-beta/ccn30/ENCRYPT/segmentation/ASHS/26228/original/mprage_raw.nii.gz
+ SUBJ_RAWTSE=/lustre/scratch/wbic-beta/ccn30/ENCRYPT/segmentation/ASHS/26228/original/tse_raw.nii.gz
+ SUBJ_MPRAGE=/lustre/scratch/wbic-beta/ccn30/ENCRYPT/segmentation/ASHS/26228/original/mprage.nii.gz
+ SUBJ_TSE=/lustre/scratch/wbic-beta/ccn30/ENCRYPT/segmentation/ASHS/26228/original/tse.nii.gz
+ SUBJ_AFF_T2T1_MAT=/lustre/scratch/wbic-beta/ccn30/ENCRYPT/segmentation/ASHS/26228/original/flirt_t2_to_t1/flirt_t2_to_t1.mat
+ SUBJ_AFF_T2T1_INVMAT=/lustre/scratch/wbic-beta/ccn30/ENCRYPT/segmentation/ASHS/26228/original/flirt_t2_to_t1/flirt_t2_to_t1_inv.mat
+ SUBJ_AFF_T1TEMP_MAT=/lustre/scratch/wbic-beta/ccn30/ENCRYPT/segmentation/ASHS/26228/original/affine_t1_to_template/t1_to_template_affine.mat
+ SUBJ_AFF_T1TEMP_INVMAT=/lustre/scratch/wbic-beta/ccn30/ENCRYPT/segmentation/ASHS/26228/original/affine_t1_to_template/t1_to_template_affine_inv.mat
+ SUBJ_T1TEMP_WARP=/lustre/scratch/wbic-beta/ccn30/ENCRYPT/segmentation/ASHS/26228/original/ants_t1_to_temp/greedy_t1_to_template_warp.nii.gz
+ SUBJ_T1TEMP_INVWARP=/lustre/scratch/wbic-beta/ccn30/ENCRYPT/segmentation/ASHS/26228/original/ants_t1_to_temp/greedy_t1_to_template_invwarp.nii.gz
+ SUBJ_T1TEMP_TRAN='/lustre/scratch/wbic-beta/ccn30/ENCRYPT/segmentation/ASHS/26228/original/ants_t1_to_temp/greedy_t1_to_template_warp.nii.gz /lustre/scratch/wbic-beta/ccn30/ENCRYPT/segmentation/ASHS/26228/original/affine_t1_to_template/t1_to_template_affine.mat'
+ SUBJ_T1TEMP_INVTRAN='/lustre/scratch/wbic-beta/ccn30/ENCRYPT/segmentation/ASHS/26228/original/affine_t1_to_template/t1_to_template_affine_inv.mat /lustre/scratch/wbic-beta/ccn30/ENCRYPT/segmentation/ASHS/26228/original/ants_t1_to_temp/greedy_t1_to_template_invwarp.nii.gz'
+ SUBJ_T2TEMP_TRAN='/lustre/scratch/wbic-beta/ccn30/ENCRYPT/segmentation/ASHS/26228/original/ants_t1_to_temp/greedy_t1_to_template_warp.nii.gz /lustre/scratch/wbic-beta/ccn30/ENCRYPT/segmentation/ASHS/26228/original/affine_t1_to_template/t1_to_template_affine.mat /lustre/scratch/wbic-beta/ccn30/ENCRYPT/segmentation/ASHS/26228/original/flirt_t2_to_t1/flirt_t2_to_t1_inv.mat'
+ SUBJ_T2TEMP_INVTRAN='/lustre/scratch/wbic-beta/ccn30/ENCRYPT/segmentation/ASHS/26228/original/flirt_t2_to_t1/flirt_t2_to_t1.mat /lustre/scratch/wbic-beta/ccn30/ENCRYPT/segmentation/ASHS/26228/original/affine_t1_to_template/t1_to_template_affine_inv.mat /lustre/scratch/wbic-beta/ccn30/ENCRYPT/segmentation/ASHS/26228/original/ants_t1_to_temp/greedy_t1_to_template_invwarp.nii.gz'
+ SUBJ_AFF_T1TEMP_RESLICE=/lustre/scratch/wbic-beta/ccn30/ENCRYPT/segmentation/ASHS/26228/original/affine_t1_to_template/t1_to_template_affine.nii.gz
+ [[ /lustre/scratch/wbic-beta/ccn30/ENCRYPT/images/26228/20200914_U-ID49904/mp2rage/n4mag0000_PSIR_skulled_std.nii -nt /lustre/scratch/wbic-beta/ccn30/ENCRYPT/segmentation/ASHS/26228/original/mprage_raw.nii.gz ]]
+ c3d /lustre/scratch/wbic-beta/ccn30/ENCRYPT/images/26228/20200914_U-ID49904/mp2rage/n4mag0000_PSIR_skulled_std.nii -type short -o /lustre/scratch/wbic-beta/ccn30/ENCRYPT/segmentation/ASHS/26228/original/mprage_raw.nii.gz
+ SUBJ_MPRAGE_DENOISE=/lustre/scratch/wbic-beta/ccn30/ENCRYPT/segmentation/ASHS/26228/original/mprage_d.nii.gz
+ echo 'ASHS_MPRAGE_DENOISE = 0'
ASHS_MPRAGE_DENOISE = 0
+ [[ 0 == 1 ]]
+ cp /lustre/scratch/wbic-beta/ccn30/ENCRYPT/segmentation/ASHS/26228/original/mprage_raw.nii.gz /lustre/scratch/wbic-beta/ccn30/ENCRYPT/segmentation/ASHS/26228/original/mprage_d.nii.gz
+ [[ 0 == 1 ]]
+ cp /lustre/scratch/wbic-beta/ccn30/ENCRYPT/segmentation/ASHS/26228/original/mprage_d.nii.gz /lustre/scratch/wbic-beta/ccn30/ENCRYPT/segmentation/ASHS/26228/original/mprage.nii.gz
+ rm -f /lustre/scratch/wbic-beta/ccn30/ENCRYPT/segmentation/ASHS/26228/original/mprage_d.nii.gz
+ [[ /lustre/scratch/wbic-beta/ccn30/ENCRYPT/images/26228/20200914_U-ID49904/Series_034_Highresolution_TSE_PAT2_100/t2.nii -nt /lustre/scratch/wbic-beta/ccn30/ENCRYPT/segmentation/ASHS/26228/original/tse_raw.nii.gz ]]
+ c3d /lustre/scratch/wbic-beta/ccn30/ENCRYPT/images/26228/20200914_U-ID49904/Series_034_Highresolution_TSE_PAT2_100/t2.nii -type short -o /lustre/scratch/wbic-beta/ccn30/ENCRYPT/segmentation/ASHS/26228/original/tse_raw.nii.gz
+ SUBJ_TSE_DENOISE=/lustre/scratch/wbic-beta/ccn30/ENCRYPT/segmentation/ASHS/26228/original/tse_d.nii.gz
+ [[ 0 == 1 ]]
+ cp /lustre/scratch/wbic-beta/ccn30/ENCRYPT/segmentation/ASHS/26228/original/tse_raw.nii.gz /lustre/scratch/wbic-beta/ccn30/ENCRYPT/segmentation/ASHS/26228/original/tse_d.nii.gz
+ [[ 0 == 1 ]]
+ cp /lustre/scratch/wbic-beta/ccn30/ENCRYPT/segmentation/ASHS/26228/original/tse_d.nii.gz /lustre/scratch/wbic-beta/ccn30/ENCRYPT/segmentation/ASHS/26228/original/tse.nii.gz
+ rm -f /lustre/scratch/wbic-beta/ccn30/ENCRYPT/segmentation/ASHS/26228/original/tse_d.nii.gz
+ ashs_align_t1t2 /lustre/scratch/wbic-beta/ccn30/ENCRYPT/segmentation/ASHS/26228/original
+ local ASHS_WORK=/lustre/scratch/wbic-beta/ccn30/ENCRYPT/segmentation/ASHS/26228/original
+ local OVERRIDE_MAT=
+ local OVERRIDE_MODE=
+ ashs_subj_vars /lustre/scratch/wbic-beta/ccn30/ENCRYPT/segmentation/ASHS/26228/original
+ local WORK=/lustre/scratch/wbic-beta/ccn30/ENCRYPT/segmentation/ASHS/26228/original
+ local WANT=/lustre/scratch/wbic-beta/ccn30/ENCRYPT/segmentation/ASHS/26228/original/ants_t1_to_temp
+ local WAFF=/lustre/scratch/wbic-beta/ccn30/ENCRYPT/segmentation/ASHS/26228/original/affine_t1_to_template
+ local WFSL=/lustre/scratch/wbic-beta/ccn30/ENCRYPT/segmentation/ASHS/26228/original/flirt_t2_to_t1
+ SUBJ_RAWMPRAGE=/lustre/scratch/wbic-beta/ccn30/ENCRYPT/segmentation/ASHS/26228/original/mprage_raw.nii.gz
+ SUBJ_RAWTSE=/lustre/scratch/wbic-beta/ccn30/ENCRYPT/segmentation/ASHS/26228/original/tse_raw.nii.gz
+ SUBJ_MPRAGE=/lustre/scratch/wbic-beta/ccn30/ENCRYPT/segmentation/ASHS/26228/original/mprage.nii.gz
+ SUBJ_TSE=/lustre/scratch/wbic-beta/ccn30/ENCRYPT/segmentation/ASHS/26228/original/tse.nii.gz
+ SUBJ_AFF_T2T1_MAT=/lustre/scratch/wbic-beta/ccn30/ENCRYPT/segmentation/ASHS/26228/original/flirt_t2_to_t1/flirt_t2_to_t1.mat
+ SUBJ_AFF_T2T1_INVMAT=/lustre/scratch/wbic-beta/ccn30/ENCRYPT/segmentation/ASHS/26228/original/flirt_t2_to_t1/flirt_t2_to_t1_inv.mat
+ SUBJ_AFF_T1TEMP_MAT=/lustre/scratch/wbic-beta/ccn30/ENCRYPT/segmentation/ASHS/26228/original/affine_t1_to_template/t1_to_template_affine.mat
+ SUBJ_AFF_T1TEMP_INVMAT=/lustre/scratch/wbic-beta/ccn30/ENCRYPT/segmentation/ASHS/26228/original/affine_t1_to_template/t1_to_template_affine_inv.mat
+ SUBJ_T1TEMP_WARP=/lustre/scratch/wbic-beta/ccn30/ENCRYPT/segmentation/ASHS/26228/original/ants_t1_to_temp/greedy_t1_to_template_warp.nii.gz
+ SUBJ_T1TEMP_INVWARP=/lustre/scratch/wbic-beta/ccn30/ENCRYPT/segmentation/ASHS/26228/original/ants_t1_to_temp/greedy_t1_to_template_invwarp.nii.gz
+ SUBJ_T1TEMP_TRAN='/lustre/scratch/wbic-beta/ccn30/ENCRYPT/segmentation/ASHS/26228/original/ants_t1_to_temp/greedy_t1_to_template_warp.nii.gz /lustre/scratch/wbic-beta/ccn30/ENCRYPT/segmentation/ASHS/26228/original/affine_t1_to_template/t1_to_template_affine.mat'
+ SUBJ_T1TEMP_INVTRAN='/lustre/scratch/wbic-beta/ccn30/ENCRYPT/segmentation/ASHS/26228/original/affine_t1_to_template/t1_to_template_affine_inv.mat /lustre/scratch/wbic-beta/ccn30/ENCRYPT/segmentation/ASHS/26228/original/ants_t1_to_temp/greedy_t1_to_template_invwarp.nii.gz'
+ SUBJ_T2TEMP_TRAN='/lustre/scratch/wbic-beta/ccn30/ENCRYPT/segmentation/ASHS/26228/original/ants_t1_to_temp/greedy_t1_to_template_warp.nii.gz /lustre/scratch/wbic-beta/ccn30/ENCRYPT/segmentation/ASHS/26228/original/affine_t1_to_template/t1_to_template_affine.mat /lustre/scratch/wbic-beta/ccn30/ENCRYPT/segmentation/ASHS/26228/original/flirt_t2_to_t1/flirt_t2_to_t1_inv.mat'
+ SUBJ_T2TEMP_INVTRAN='/lustre/scratch/wbic-beta/ccn30/ENCRYPT/segmentation/ASHS/26228/original/flirt_t2_to_t1/flirt_t2_to_t1.mat /lustre/scratch/wbic-beta/ccn30/ENCRYPT/segmentation/ASHS/26228/original/affine_t1_to_template/t1_to_template_affine_inv.mat /lustre/scratch/wbic-beta/ccn30/ENCRYPT/segmentation/ASHS/26228/original/ants_t1_to_temp/greedy_t1_to_template_invwarp.nii.gz'
+ [[ -f /lustre/scratch/wbic-beta/ccn30/ENCRYPT/segmentation/ASHS/26228/original/flirt_t2_to_t1/flirt_t2_to_t1.mat ]]
+ export FSLOUTPUTTYPE=NIFTI_GZ
+ FSLOUTPUTTYPE=NIFTI_GZ
+ c3d /lustre/scratch/wbic-beta/ccn30/ENCRYPT/segmentation/ASHS/26228/original/tse.nii.gz -resample 100x100x252% -region 10x10x0% 80x80x100% -type short -o /tmp/ashs.YaL1Ifr8/tse_iso.nii.gz
+ [[ -n '' ]]
+ local INIT_RIGID
+ [[ -n '' ]]
+ INIT_RIGID=-ia-identity
+ greedy -d 3 -a -dof 6 -m MI -n 100x100x10 -i /tmp/ashs.YaL1Ifr8/tse_iso.nii.gz /lustre/scratch/wbic-beta/ccn30/ENCRYPT/segmentation/ASHS/26228/original/mprage.nii.gz -ia-identity -o /lustre/scratch/wbic-beta/ccn30/ENCRYPT/segmentation/ASHS/26228/original/flirt_t2_to_t1/flirt_t2_to_t1.mat
Executing with the default number of threads: 48
*************************************************
  N=6   NUMBER OF CORRECTIONS=5       INITIAL VALUES F= -2688.14   GNORM= 53.1664
*************************************************
   I   NFN    FUNC        GNORM       STEPLENGTH
   1    2     -2729.223      35.869       0.019
   2    3     -2775.067      45.189       1.000
   3    4     -2809.568      36.437       1.000
   4    5     -2829.039      19.523       1.000
   5    6     -2835.123       9.555       1.000
   6    7     -2836.016       2.708       1.000
   7    8     -2836.102       1.798       1.000
   8    9     -2836.130       0.884       1.000
   9   11     -2836.138       0.564       0.433
  10   12     -2836.142       0.464       1.000
  11   14     -2836.144       0.395       0.335
  12   15     -2836.146       0.292       1.000
  13   17     -2836.147       0.299       0.341
  14   18     -2836.148       0.202       1.000
  15   20     -2836.148       0.256       0.474
  16   23     -2836.148       0.218       0.025
  17   24     -2836.148       0.130       1.000
  18   26     -2836.148       0.161       0.319
  19   27     -2836.148       0.195       1.000
  20   28     -2836.148       0.082       1.000
  21   29     -2836.148       0.040       1.000
  22   30     -2836.148       0.093       1.000
  23   32     -2836.149       0.156       5.000
  24   37     -2836.149       0.176       0.225
  25   38     -2836.149       0.180       1.000
  26   39     -2836.150       0.295       1.000
  27   40     -2836.151       0.523       1.000
  28   42     -2836.151       0.425       0.311
  29   43     -2836.152       0.173       1.000
  30   45     -2836.152       0.112       0.366
  31   47     -2836.152       0.189       0.181
  32   49     -2836.152       0.180       0.294
  33   50     -2836.152       0.159       1.000
  34   51     -2836.152       0.084       1.000
  35   54     -2836.152       0.090       1.724
  36   56     -2836.152       0.092       0.191
  37   57     -2836.152       0.107       1.000
  38   58     -2836.152       0.098       1.000
  39   59     -2836.152       0.103       1.000
  40   64     -2836.152       0.114       8.577
  41   65     -2836.152       0.153       1.000
  42   67     -2836.152       0.112       0.393
  43   69     -2836.152       0.163       0.181
  44   71     -2836.152       0.141       0.195
  45   72     -2836.153       0.169       1.000
  46   73     -2836.153       0.093       1.000
  47   74     -2836.153       0.064       1.000
  48   76     -2836.153       0.139       0.190
  49   78     -2836.153       0.054       0.291
  50   79     -2836.153       0.041       1.000
  51   80     -2836.153       0.117       1.000
  52   81     -2836.153       0.036       1.000
  53   84     -2836.153       0.075       1.641
  54   85     -2836.153       0.088       1.000
  55   87     -2836.153       0.101       0.501
  56   89     -2836.153       0.080       0.186
  57   90     -2836.153       0.108       1.000
  58   92     -2836.153       0.079       0.193
Final RAS Transform: 
0.998809 -0.0484936 -0.00542277 0.824563 
0.0481854 0.997727 -0.0470975 1.20594 
0.00769437 0.0467801 0.998876 -3.26394 
0 0 0 1 

*************************************************
  N=6   NUMBER OF CORRECTIONS=5       INITIAL VALUES F= -2711.21   GNORM= 37.073
*************************************************
   I   NFN    FUNC        GNORM       STEPLENGTH
   1    2     -2723.565      21.006       0.027
   2    3     -2727.550      10.298       1.000
   3    4     -2730.800      10.265       1.000
   4    6     -2736.898      24.104       0.427
   5    7     -2740.732      25.124       1.000
   6    8     -2744.270       9.734       1.000
   7    9     -2745.343       6.108       1.000
   8   10     -2745.933       5.756       1.000
   9   11     -2747.543       3.320       1.000
  10   13     -2747.601       1.961       0.306
  11   14     -2747.615       1.124       1.000
  12   15     -2747.623       0.803       1.000
  13   16     -2747.637       1.076       1.000
  14   17     -2747.648       0.853       1.000
  15   18     -2747.655       0.593       1.000
  16   19     -2747.657       0.421       1.000
  17   20     -2747.659       0.543       1.000
  18   21     -2747.661       0.137       1.000
  19   22     -2747.661       0.123       1.000
  20   23     -2747.661       0.142       1.000
  21   25     -2747.661       0.106       0.219
  22   26     -2747.661       0.101       1.000
  23   28     -2747.661       0.056       0.203
  24   31     -2747.661       0.035       0.105
  25   32     -2747.661       0.021       1.000
  26   34     -2747.661       0.029       0.489
  27   36     -2747.661       0.026       0.247
  28   37     -2747.661       0.018       1.000
  29   38     -2747.661       0.016       1.000
  30   41     -2747.661       0.044       2.208
  31   42     -2747.661       0.034       1.000
  32   43     -2747.661       0.029       1.000
  33   44     -2747.661       0.002       1.000
  34   45     -2747.661       0.010       1.000
  35   47     -2747.661       0.015       0.009
  36   48     -2747.661       0.010       1.000
  37   49     -2747.661       0.010       1.000
  38   50     -2747.661       0.014       1.000
  39   52     -2747.661       0.013       0.220
  40   54     -2747.661       0.016       0.230
  41   56     -2747.661       0.008       0.146
  42   57     -2747.661       0.006       1.000
  43   59     -2747.661       0.008       0.268
  44   60     -2747.661       0.007       1.000
  45   62     -2747.661       0.003       0.151
  46   63     -2747.661       0.002       1.000
  47   64     -2747.661       0.004       1.000
  48   67     -2747.661       0.004       0.019
  49   70     -2747.661       0.004       0.019
  50   71     -2747.661       0.005       1.000
  51   73     -2747.661       0.003       0.182
  52   74     -2747.661       0.005       1.000
  53   75     -2747.661       0.005       1.000
  54   76     -2747.661       0.002       1.000
 IFLAG= -1  LINE SEARCH FAILED. SEE DOCUMENTATION OF ROUTINE MCSRCH ERROR RETURN OF LINE SEARCH: INFO= 3 POSSIBLE CAUSES: FUNCTION OR GRADIENT ARE INCORRECT OR INCORRECT TOLERANCESvnl_lbfgs: Error. Netlib routine lbfgs failed.
Final RAS Transform: 
0.998935 -0.0432462 -0.0161055 0.845678 
0.0428229 0.998751 -0.0257608 0.69949 
0.0171994 0.0250436 0.999538 -2.84703 
0 0 0 1 

*************************************************
  N=6   NUMBER OF CORRECTIONS=5       INITIAL VALUES F= -2699.31   GNORM= 46.9566
*************************************************
   I   NFN    FUNC        GNORM       STEPLENGTH
   1    3     -2702.312      11.529       0.003
   2    4     -2702.683      11.315       1.000
   3    5     -2705.868      25.066       1.000
   4    6     -2708.824      28.386       1.000
   5    7     -2713.423      18.690       1.000
   6    9     -2714.103       7.306       0.341
   7   10     -2714.320       3.800       1.000
   8   11     -2714.435       4.856       1.000
Final RAS Transform: 
0.998773 -0.0441505 -0.022425 1.1554 
0.0436202 0.998769 -0.0236137 0.659289 
0.02344 0.0226065 0.99947 -2.73482 
0 0 0 1 

+ c3d_affine_tool /lustre/scratch/wbic-beta/ccn30/ENCRYPT/segmentation/ASHS/26228/original/flirt_t2_to_t1/flirt_t2_to_t1.mat -inv -o /lustre/scratch/wbic-beta/ccn30/ENCRYPT/segmentation/ASHS/26228/original/flirt_t2_to_t1/flirt_t2_to_t1_inv.mat
+ [[ 0 == 1 ]]
+ [[ 0 == 1 ]]
+ [[ 0 == 1 ]]
+ job_progress 0.25
+ local PROGRESS=0.25
+ local CHUNK_PSTART CHUNK_PEND
+ read CHUNK_PSTART CHUNK_PEND
++ echo 1
++ awk -v bs=0.0 -v be=0.2 -v j=0 -v n=1 '{print bs + ((be - bs) * j) / n, bs + ((be - bs) * (j+1)) / n}'
+ echo 'CHUNK 0.0 0.2'
CHUNK 0.0 0.2
+ echo 1
+ awk -v bs=0.0 -v be=0.2 -v j=0 -v n=1 '{print bs + ((be - bs) * j) / n, bs + ((be - bs) * (j+1)) / n}'
0 0.2
+ echo 'CHUNK 0 0.2 0.25'
CHUNK 0 0.2 0.25
+ bash /home/ccn30/privatemodules/ASHS/ashs-fastashs_beta/bin/ashs_default_hook.sh progress 0 0.2 0.25
====================================
         PROGRESS: 0               
====================================
+ [[ -f /lustre/scratch/wbic-beta/ccn30/ENCRYPT/segmentation/ASHS/26228/original/affine_t1_to_template/t1_to_template_affine.mat ]]
+ greedy -d 3 -a -dof 6 -m NCC 2x2x2 -i /home/ccn30/ENCRYPT/atlases/magdeburgatlas/template/template.nii.gz /lustre/scratch/wbic-beta/ccn30/ENCRYPT/segmentation/ASHS/26228/original/mprage.nii.gz -o /lustre/scratch/wbic-beta/ccn30/ENCRYPT/segmentation/ASHS/26228/original/affine_t1_to_template/greedy_t1_to_template_init_rigid.mat -n 400x0x0x0 -ia-image-centers -search 400 5 5
Executing with the default number of threads: 48
Noise on image 0 component 0: fixed = 1.06327, moving = 62.497
Rigid search -> Initial best: -587.113 0 0 0 -9.74846 6.71186 25.0641
New best: -617.863 -0.0782742 0.0199108 -0.0191854 -9.88019 1.49482 22.7883
New best: -657.162 -0.0529471 -0.0035953 0.000703522 -2.44945 11.6006 29.3486
New best: -678.104 0.0601475 -0.0940047 0.00775668 -5.13512 4.58637 22.1829
New best: -699.539 -0.095822 0.00274491 0.0153137 -3.85759 11.0437 24.2009
New best: -780.416 -0.00809502 0.00133814 -0.00553603 -5.99947 9.55862 15.1621
New best: -838.086 -0.00497113 -0.00225297 0.00636025 1.40443 9.63042 36.208
New best: -855.864 -0.0695452 0.0781099 -0.00469067 -1.18442 1.14473 35.3761
*************************************************
  N=6   NUMBER OF CORRECTIONS=5       INITIAL VALUES F= -855.864   GNORM= 29.2522
*************************************************
   I   NFN    FUNC        GNORM       STEPLENGTH
   1    2      -883.059      25.426       0.034
   2    4      -936.613       9.943       0.468
   3    5      -942.970       5.201       1.000
   4    6      -945.104       3.488       1.000
   5    7      -947.315       4.055       1.000
   6    9      -947.968       4.750       0.371
   7   12      -948.358       3.224       0.028
   8   15      -951.232       7.445       2.980
   9   17      -952.017       9.699       0.225
  10   19      -953.391      11.733       0.492
  11   20      -956.651       8.240       1.000
  12   21      -959.395       7.741       1.000
  13   22      -963.942      12.918       1.000
  14   23      -972.929      11.602       1.000
  15   24      -979.796      10.380       1.000
  16   25      -980.029      14.530       1.000
  17   26      -987.254       8.568       1.000
  18   30      -994.747      13.416       0.892
  19   31     -1001.552       7.339       1.000
  20   32     -1004.376      11.648       1.000
  21   33     -1010.151      11.348       1.000
  22   36     -1120.940       8.862       1.734
  23   38     -1125.929       7.036       0.184
  24   40     -1126.367       6.354       0.094
  25   42     -1127.646       8.045       0.459
  26   44     -1128.351       6.514       0.492
  27   45     -1130.062       4.262       1.000
  28   47     -1130.421       3.612       0.175
  29   49     -1130.504       4.126       0.317
  30   50     -1130.575       3.232       1.000
  31   52     -1130.602       2.627       0.270
  32   54     -1130.626       1.850       0.284
  33   55     -1130.671       1.348       1.000
  34   56     -1130.781       2.054       1.000
  35   57     -1130.896       2.802       1.000
  36   61     -1130.915       2.569       0.000
  37   72     -1130.936       2.617       0.059
  38   83     -1130.937       2.354       0.003
  39   85     -1130.937       8.656       0.023
  40   86     -1130.958       1.705       1.000
  41   87     -1130.959       1.356       1.000
  42   89     -1131.104      13.593       5.000
  43   91     -1131.104      12.350       0.324
  44   92     -1131.107       1.939       1.000
  45   93     -1131.107       2.568       1.000
  46   96     -1131.107       2.551       0.007
  47   98     -1131.107       0.900       0.046
  48   99     -1131.108       9.320       1.000
  49  101     -1131.108       3.118       0.478
  50  102     -1131.108       0.718       1.000
  51  103     -1131.109       2.339       1.000
  52  104     -1131.109       2.318       1.000
  53  107     -1131.109       2.355       0.008
  54  109     -1131.109       2.355       0.006
  55  111     -1131.109       2.321       0.010
  56  116     -1131.109       0.301       0.002
  57  117     -1131.109       1.212       1.000
  58  119     -1131.109       0.138       0.322
  59  120     -1131.109       0.500       1.000
  60  121     -1131.109       0.047       1.000
  61  123     -1131.109       0.062       0.117
  62  125     -1131.109       0.181       0.021
  63  128     -1131.109       0.232       0.691
 IFLAG= -1  LINE SEARCH FAILED. SEE DOCUMENTATION OF ROUTINE MCSRCH ERROR RETURN OF LINE SEARCH: INFO= 6 POSSIBLE CAUSES: FUNCTION OR GRADIENT ARE INCORRECT OR INCORRECT TOLERANCESvnl_lbfgs: Error. Netlib routine lbfgs failed.
Final RAS Transform: 
0.94288 -0.130161 -0.306653 6.72483 
-0.0351392 0.876516 -0.480089 -10.9642 
0.331275 0.463442 0.821875 23.8483 
0 0 0 1 

Final RAS Transform: 
0.94288 -0.130161 -0.306653 6.72483 
-0.0351392 0.876516 -0.480089 -10.9642 
0.331275 0.463442 0.821875 23.8483 
0 0 0 1 

Final RAS Transform: 
0.94288 -0.130161 -0.306653 6.72483 
-0.0351392 0.876516 -0.480089 -10.9642 
0.331275 0.463442 0.821875 23.8483 
0 0 0 1 

Final RAS Transform: 
0.94288 -0.130161 -0.306653 6.72483 
-0.0351392 0.876516 -0.480089 -10.9642 
0.331275 0.463442 0.821875 23.8483 
0 0 0 1 


real	1m1.962s
user	1m31.680s
sys	0m7.224s
+ greedy -d 3 -a -m NCC 2x2x2 -i /home/ccn30/ENCRYPT/atlases/magdeburgatlas/template/template.nii.gz /lustre/scratch/wbic-beta/ccn30/ENCRYPT/segmentation/ASHS/26228/original/mprage.nii.gz -o /lustre/scratch/wbic-beta/ccn30/ENCRYPT/segmentation/ASHS/26228/original/affine_t1_to_template/greedy_t1_to_template.mat -n 400x80x40x0 -ia /lustre/scratch/wbic-beta/ccn30/ENCRYPT/segmentation/ASHS/26228/original/affine_t1_to_template/greedy_t1_to_template_init_rigid.mat
Executing with the default number of threads: 48
Noise on image 0 component 0: fixed = 1.06327, moving = 62.497
*************************************************
  N=12   NUMBER OF CORRECTIONS=5       INITIAL VALUES F= -1131.11   GNORM= 33.6558
*************************************************
   I   NFN    FUNC        GNORM       STEPLENGTH
   1    2     -1151.664      24.698       0.030
   2    3     -1169.555      15.406       1.000
   3    4     -1184.890      15.350       1.000
   4    6     -1191.365      17.423       0.359
   5    7     -1198.553      26.560       1.000
   6    8     -1201.995      21.682       1.000
   7    9     -1209.654      10.058       1.000
   8   10     -1212.383       9.568       1.000
   9   11     -1214.892       9.969       1.000
  10   12     -1217.261       7.029       1.000
  11   13     -1217.979      16.649       1.000
  12   14     -1220.480      10.253       1.000
  13   15     -1222.672       7.041       1.000
  14   16     -1225.403      12.748       1.000
  15   18     -1227.168      10.196       0.446
  16   20     -1228.844      10.550       0.366
  17   22     -1229.348      11.750       0.256
  18   23     -1229.588       5.005       1.000
  19   25     -1229.644       5.136       0.238
  20   26     -1229.764       3.938       1.000
  21   27     -1229.995       4.910       1.000
  22   28     -1230.205       6.144       1.000
  23   29     -1230.861       6.153       1.000
  24   30     -1230.879       6.606       1.000
  25   31     -1231.212      20.425       1.000
  26   35     -1231.285       4.543       0.150
  27   36     -1231.338       3.528       1.000
  28   37     -1231.426       3.437       1.000
  29   40     -1231.440       2.828       0.038
  30   41     -1231.473       1.780       1.000
  31   42     -1231.516       1.369       1.000
  32   43     -1231.551       2.898       1.000
  33   46     -1231.595       1.886       0.746
  34   47     -1231.638       1.951       1.000
  35   48     -1231.745       2.198       1.000
  36   50     -1231.750       2.291       0.062
  37   52     -1231.758       2.132       0.067
  38   63     -1231.758       3.005       0.003
  39   64     -1231.779      64.872       1.000
  40   66     -1231.782       1.776       0.134
  41   67     -1231.785       1.791       1.000
  42   68     -1231.813       0.907       1.000
  43   71     -1231.842       1.380       2.055
  44   72     -1231.861      64.976       1.000
  45   73     -1231.867       0.968       1.000
  46   74     -1231.868       0.741       1.000
  47   77     -1231.868       0.903       0.002
  48   78     -1231.871       0.802       1.000
  49   80     -1231.874       0.723       0.149
  50   83     -1231.876       0.776       0.002
  51   85     -1231.877       0.721       0.108
  52   94     -1231.877       1.885       0.016
  53   95     -1231.880       0.613       1.000
  54   96     -1231.880      41.539       1.000
  55   98     -1231.881       0.714       0.233
  56   99     -1231.881       0.613       1.000
  57  101     -1231.882       0.567       0.377
  58  103     -1231.882       2.843       0.124
  59  104     -1231.882      20.857       1.000
  60  105     -1231.883       0.443       1.000
  61  106     -1231.883       0.430       1.000
  62  108     -1231.883       0.439       0.022
  63  110     -1231.884       0.255       0.071
  64  112     -1231.884       0.262       0.132
  65  114     -1231.884       0.287       0.101
  66  118     -1231.884       0.326       0.115
  67  122     -1231.884       0.325       0.020
  68  128     -1231.884       1.058       0.015
  69  129     -1231.884       0.594       1.000
  70  131     -1231.884       0.169       5.000
  71  134     -1231.885       5.144       2.796
  72  136     -1231.885       0.261       0.140
  73  137     -1231.885       4.688       1.000
  74  139     -1231.885       5.763       0.130
  75  140     -1231.885       0.308       1.000
  76  141     -1231.885       0.356       1.000
  77  143     -1231.885       0.406       0.347
  78  145     -1231.885       4.143       0.087
  79  146     -1231.885       0.263       1.000
  80  148     -1231.885       0.273       0.319
  81  150     -1231.885       0.264       0.019
  82  151     -1231.885       3.880       1.000
  83  152     -1231.885       0.334       1.000
  84  153     -1231.885       0.337       1.000
  85  155     -1231.885       0.268       0.029
  86  156     -1231.885       0.593       1.000
  87  157     -1231.885       0.196       1.000
  88  159     -1231.885       0.822       0.183
  89  161     -1231.885       2.030       5.000
  90  162     -1231.885       0.202       1.000
  91  163     -1231.885       0.202       1.000
  92  165     -1231.885       0.213       0.284
  93  167     -1231.885       0.217       0.100
  94  172     -1231.885       0.213       0.002
  95  174     -1231.885       0.216       0.008
  96  176     -1231.885       0.276       0.017
  97  177     -1231.885       0.373       1.000
  98  181     -1231.885       0.216       0.053
 IFLAG= -1  LINE SEARCH FAILED. SEE DOCUMENTATION OF ROUTINE MCSRCH ERROR RETURN OF LINE SEARCH: INFO= 6 POSSIBLE CAUSES: FUNCTION OR GRADIENT ARE INCORRECT OR INCORRECT TOLERANCESvnl_lbfgs: Error. Netlib routine lbfgs failed.
Final RAS Transform: 
0.946869 -0.17029 -0.308607 10.5758 
0.113235 0.824988 -0.636825 -6.72123 
0.334493 0.493807 0.873295 18.9701 
0 0 0 1 

*************************************************
  N=12   NUMBER OF CORRECTIONS=5       INITIAL VALUES F= -593.34   GNORM= 23.4804
*************************************************
   I   NFN    FUNC        GNORM       STEPLENGTH
   1    2      -609.229       8.773       0.043
   2    3      -614.331       7.216       1.000
   3    4      -617.706      19.457       1.000
   4    5      -624.267      10.786       1.000
   5    6      -628.783       5.338       1.000
   6    7      -630.008       4.432       1.000
   7    8      -632.590       5.445       1.000
   8    9      -634.818       7.738       1.000
   9   11      -635.327       7.503       0.081
  10   12      -636.382       4.803       1.000
  11   13      -637.995      24.612       1.000
  12   16      -638.047       4.156       0.017
  13   17      -638.122       3.475       1.000
  14   18      -638.280       3.466       1.000
  15   19      -638.298       2.157       1.000
  16   20      -638.344       3.351       1.000
  17   21      -638.642       3.368       1.000
  18   23      -638.683       2.872       0.285
  19   24      -638.803       2.204       1.000
  20   26      -638.836       3.461       0.257
  21   27      -638.839       2.684       1.000
  22   28      -639.092       2.854       1.000
  23   29      -639.463       2.135       1.000
  24   32      -640.132       2.888       2.183
  25   35      -640.740       3.121       0.275
  26   38      -640.856       6.576       0.030
  27   40      -641.147       3.294       0.234
  28   42      -641.345       2.729       0.175
  29   44      -641.466       2.686       0.287
  30   45      -641.857       2.482       1.000
  31   46      -642.148       3.195       1.000
  32   47      -642.310       2.738       1.000
  33   48      -642.420       2.009       1.000
  34   50      -642.437       1.690       0.229
  35   51      -642.463       9.067       1.000
  36   54      -642.479       1.440       0.034
  37   56      -642.504       2.539       0.373
  38   59      -642.520       1.205       0.081
  39   60      -642.539       1.068       1.000
  40   62      -642.585       1.468       0.111
  41   65      -642.587       1.518       0.033
  42   67      -642.589       1.514       0.199
  43   69      -642.718       2.008       5.000
  44   71      -642.721       3.254       0.043
  45   73      -642.731       2.652       0.142
  46   74      -642.734       2.750       1.000
  47   75      -642.782       1.247       1.000
  48   78      -642.807       1.220       2.304
  49   79      -642.845       2.101       1.000
  50   80      -642.874       1.965       1.000
Final RAS Transform: 
0.954745 -0.165905 -0.299543 8.29726 
0.14707 0.829045 -0.609366 -10.5694 
0.323923 0.5524 0.799238 17.6829 
0 0 0 1 

*************************************************
  N=12   NUMBER OF CORRECTIONS=5       INITIAL VALUES F= -250.863   GNORM= 16.0949
*************************************************
   I   NFN    FUNC        GNORM       STEPLENGTH
   1    2      -262.860       7.557       0.062
   2    4      -266.037       3.507       0.519
   3    5      -267.067       3.664       1.000
   4    6      -268.692       6.393       1.000
   5    7      -269.954       2.460       1.000
   6    8      -270.958       4.295       1.000
   7    9      -272.558       3.165       1.000
   8   11      -273.532       2.291       0.232
   9   12      -273.721       1.121       1.000
  10   13      -273.869       1.995       1.000
  11   14      -274.014       2.206       1.000
  12   15      -274.050       0.802       1.000
  13   16      -274.101       0.663       1.000
  14   17      -274.164       0.799       1.000
  15   19      -274.354       2.410       0.263
  16   20      -274.498       1.776       1.000
  17   22      -274.699       2.272       0.484
  18   24      -274.757       2.013       0.118
  19   25      -274.873       2.477       1.000
  20   26      -275.014      10.735       1.000
  21   31      -275.021       3.659       0.000
  22   33      -275.024       1.218       0.189
  23   34      -275.041       0.938       1.000
  24   36      -275.048       0.704       0.382
  25   37      -275.059       0.692       1.000
  26   39      -275.087       0.717       0.274
Final RAS Transform: 
0.943647 -0.180371 -0.301315 7.82802 
0.152469 0.812531 -0.589955 -9.31267 
0.322098 0.538956 0.806499 18.8462 
0 0 0 1 

Final RAS Transform: 
0.943647 -0.180371 -0.301315 7.82802 
0.152469 0.812531 -0.589955 -9.31267 
0.322098 0.538956 0.806499 18.8462 
0 0 0 1 


real	3m23.638s
user	5m59.988s
sys	0m19.940s
+ greedy -d 3 -r /lustre/scratch/wbic-beta/ccn30/ENCRYPT/segmentation/ASHS/26228/original/affine_t1_to_template/greedy_t1_to_template.mat -rf /home/ccn30/ENCRYPT/atlases/magdeburgatlas/template/template.nii.gz -rm /lustre/scratch/wbic-beta/ccn30/ENCRYPT/segmentation/ASHS/26228/original/mprage.nii.gz /lustre/scratch/wbic-beta/ccn30/ENCRYPT/segmentation/ASHS/26228/original/affine_t1_to_template/test_greedy_affine.nii.gz
Executing with the default number of threads: 48
+ cp -a /lustre/scratch/wbic-beta/ccn30/ENCRYPT/segmentation/ASHS/26228/original/affine_t1_to_template/greedy_t1_to_template.mat /lustre/scratch/wbic-beta/ccn30/ENCRYPT/segmentation/ASHS/26228/original/affine_t1_to_template/t1_to_template_affine.mat
+ ln -sf /lustre/scratch/wbic-beta/ccn30/ENCRYPT/segmentation/ASHS/26228/original/affine_t1_to_template/test_greedy_affine.nii.gz /lustre/scratch/wbic-beta/ccn30/ENCRYPT/segmentation/ASHS/26228/original/affine_t1_to_template/t1_to_template_affine.nii.gz
+ c3d_affine_tool /lustre/scratch/wbic-beta/ccn30/ENCRYPT/segmentation/ASHS/26228/original/affine_t1_to_template/t1_to_template_affine.mat -inv -o /lustre/scratch/wbic-beta/ccn30/ENCRYPT/segmentation/ASHS/26228/original/affine_t1_to_template/t1_to_template_affine_inv.mat
+ [[ 0 == 1 ]]
+ [[ 0 == 1 ]]
+ [[ 0 == 1 ]]
+ job_progress 0.5
+ local PROGRESS=0.5
+ local CHUNK_PSTART CHUNK_PEND
+ read CHUNK_PSTART CHUNK_PEND
++ echo 1
++ awk -v bs=0.0 -v be=0.2 -v j=0 -v n=1 '{print bs + ((be - bs) * j) / n, bs + ((be - bs) * (j+1)) / n}'
+ echo 'CHUNK 0.0 0.2'
CHUNK 0.0 0.2
+ echo 1
+ awk -v bs=0.0 -v be=0.2 -v j=0 -v n=1 '{print bs + ((be - bs) * j) / n, bs + ((be - bs) * (j+1)) / n}'
0 0.2
+ echo 'CHUNK 0 0.2 0.5'
CHUNK 0 0.2 0.5
+ bash /home/ccn30/privatemodules/ASHS/ashs-fastashs_beta/bin/ashs_default_hook.sh progress 0 0.2 0.5
====================================
         PROGRESS: 0               
====================================
+ [[ -n '' ]]
+ greedy -d 3 -m NCC 2x2x2 -e 0.5 -n 60x60x20x0 -i /home/ccn30/ENCRYPT/atlases/magdeburgatlas/template/template.nii.gz /lustre/scratch/wbic-beta/ccn30/ENCRYPT/segmentation/ASHS/26228/original/affine_t1_to_template/t1_to_template_affine.nii.gz -o /lustre/scratch/wbic-beta/ccn30/ENCRYPT/segmentation/ASHS/26228/original/ants_t1_to_temp/greedy_t1_to_template_warp.nii.gz -oinv /lustre/scratch/wbic-beta/ccn30/ENCRYPT/segmentation/ASHS/26228/original/ants_t1_to_temp/greedy_t1_to_template_invwarp.nii.gz -gm /home/ccn30/ENCRYPT/atlases/magdeburgatlas/template/template_bet_mask.nii.gz
Executing with the default number of threads: 48
Noise on image 0 component 0: fixed = 1.06327, moving = 49.554
LEVEL 1 of 4
  Smoothing sigmas: [8.29941, 8.21751, 8.31298], [3.38822, 3.35478, 3.39376]
Level     0,  Iter     0:    Energy =   0.0023
Level     0,  Iter     1:    Energy =   0.0038
Level     0,  Iter     2:    Energy =   0.0058
Level     0,  Iter     3:    Energy =   0.0080
Level     0,  Iter     4:    Energy =   0.0096
Level     0,  Iter     5:    Energy =   0.0117
Level     0,  Iter     6:    Energy =   0.0132
Level     0,  Iter     7:    Energy =   0.0145
Level     0,  Iter     8:    Energy =   0.0157
Level     0,  Iter     9:    Energy =   0.0169
Level     0,  Iter    10:    Energy =   0.0179
Level     0,  Iter    11:    Energy =   0.0189
Level     0,  Iter    12:    Energy =   0.0201
Level     0,  Iter    13:    Energy =   0.0212
Level     0,  Iter    14:    Energy =   0.0216
Level     0,  Iter    15:    Energy =   0.0222
Level     0,  Iter    16:    Energy =   0.0222
Level     0,  Iter    17:    Energy =   0.0226
Level     0,  Iter    18:    Energy =   0.0229
Level     0,  Iter    19:    Energy =   0.0233
Level     0,  Iter    20:    Energy =   0.0235
Level     0,  Iter    21:    Energy =   0.0238
Level     0,  Iter    22:    Energy =   0.0242
Level     0,  Iter    23:    Energy =   0.0246
Level     0,  Iter    24:    Energy =   0.0246
Level     0,  Iter    25:    Energy =   0.0250
Level     0,  Iter    26:    Energy =   0.0250
Level     0,  Iter    27:    Energy =   0.0254
Level     0,  Iter    28:    Energy =   0.0254
Level     0,  Iter    29:    Energy =   0.0259
Level     0,  Iter    30:    Energy =   0.0258
Level     0,  Iter    31:    Energy =   0.0262
Level     0,  Iter    32:    Energy =   0.0263
Level     0,  Iter    33:    Energy =   0.0267
Level     0,  Iter    34:    Energy =   0.0266
Level     0,  Iter    35:    Energy =   0.0269
Level     0,  Iter    36:    Energy =   0.0270
Level     0,  Iter    37:    Energy =   0.0275
Level     0,  Iter    38:    Energy =   0.0273
Level     0,  Iter    39:    Energy =   0.0276
Level     0,  Iter    40:    Energy =   0.0279
Level     0,  Iter    41:    Energy =   0.0282
Level     0,  Iter    42:    Energy =   0.0279
Level     0,  Iter    43:    Energy =   0.0283
Level     0,  Iter    44:    Energy =   0.0283
Level     0,  Iter    45:    Energy =   0.0287
Level     0,  Iter    46:    Energy =   0.0284
Level     0,  Iter    47:    Energy =   0.0288
Level     0,  Iter    48:    Energy =   0.0289
Level     0,  Iter    49:    Energy =   0.0293
Level     0,  Iter    50:    Energy =   0.0289
Level     0,  Iter    51:    Energy =   0.0293
Level     0,  Iter    52:    Energy =   0.0293
Level     0,  Iter    53:    Energy =   0.0296
Level     0,  Iter    54:    Energy =   0.0293
Level     0,  Iter    55:    Energy =   0.0296
Level     0,  Iter    56:    Energy =   0.0297
Level     0,  Iter    57:    Energy =   0.0299
Level     0,  Iter    58:    Energy =   0.0298
Level     0,  Iter    59:    Energy =   0.0301
END OF LEVEL     0    DetJac Range:   0.0852  to   2.3458 
  Avg. Gradient Time  : 0.0198s  36.33% 
  Avg. Gaussian Time  : 0.0258s  47.23% 
  Avg. Iteration Time : 0.0546s 
LEVEL 2 of 4
  Smoothing sigmas: [4.1497, 4.10875, 4.15649], [1.69411, 1.67739, 1.69688]
Level     1,  Iter     0:    Energy =   0.0137
Level     1,  Iter     1:    Energy =   0.0151
Level     1,  Iter     2:    Energy =   0.0162
Level     1,  Iter     3:    Energy =   0.0171
Level     1,  Iter     4:    Energy =   0.0179
Level     1,  Iter     5:    Energy =   0.0187
Level     1,  Iter     6:    Energy =   0.0194
Level     1,  Iter     7:    Energy =   0.0202
Level     1,  Iter     8:    Energy =   0.0209
Level     1,  Iter     9:    Energy =   0.0214
Level     1,  Iter    10:    Energy =   0.0219
Level     1,  Iter    11:    Energy =   0.0224
Level     1,  Iter    12:    Energy =   0.0229
Level     1,  Iter    13:    Energy =   0.0234
Level     1,  Iter    14:    Energy =   0.0237
Level     1,  Iter    15:    Energy =   0.0241
Level     1,  Iter    16:    Energy =   0.0245
Level     1,  Iter    17:    Energy =   0.0249
Level     1,  Iter    18:    Energy =   0.0253
Level     1,  Iter    19:    Energy =   0.0256
Level     1,  Iter    20:    Energy =   0.0260
Level     1,  Iter    21:    Energy =   0.0264
Level     1,  Iter    22:    Energy =   0.0267
Level     1,  Iter    23:    Energy =   0.0271
Level     1,  Iter    24:    Energy =   0.0274
Level     1,  Iter    25:    Energy =   0.0277
Level     1,  Iter    26:    Energy =   0.0280
Level     1,  Iter    27:    Energy =   0.0283
Level     1,  Iter    28:    Energy =   0.0285
Level     1,  Iter    29:    Energy =   0.0287
Level     1,  Iter    30:    Energy =   0.0288
Level     1,  Iter    31:    Energy =   0.0288
Level     1,  Iter    32:    Energy =   0.0288
Level     1,  Iter    33:    Energy =   0.0288
Level     1,  Iter    34:    Energy =   0.0288
Level     1,  Iter    35:    Energy =   0.0287
Level     1,  Iter    36:    Energy =   0.0286
Level     1,  Iter    37:    Energy =   0.0285
Level     1,  Iter    38:    Energy =   0.0284
Level     1,  Iter    39:    Energy =   0.0284
Level     1,  Iter    40:    Energy =   0.0284
Level     1,  Iter    41:    Energy =   0.0284
Level     1,  Iter    42:    Energy =   0.0284
Level     1,  Iter    43:    Energy =   0.0283
Level     1,  Iter    44:    Energy =   0.0282
Level     1,  Iter    45:    Energy =   0.0282
Level     1,  Iter    46:    Energy =   0.0281
Level     1,  Iter    47:    Energy =   0.0281
Level     1,  Iter    48:    Energy =   0.0281
Level     1,  Iter    49:    Energy =   0.0281
Level     1,  Iter    50:    Energy =   0.0280
Level     1,  Iter    51:    Energy =   0.0280
Level     1,  Iter    52:    Energy =   0.0280
Level     1,  Iter    53:    Energy =   0.0280
Level     1,  Iter    54:    Energy =   0.0280
Level     1,  Iter    55:    Energy =   0.0280
Level     1,  Iter    56:    Energy =   0.0279
Level     1,  Iter    57:    Energy =   0.0279
Level     1,  Iter    58:    Energy =   0.0279
Level     1,  Iter    59:    Energy =   0.0279
END OF LEVEL     1    DetJac Range:   0.0552  to   2.6366 
  Avg. Gradient Time  : 0.1164s  39.52% 
  Avg. Gaussian Time  : 0.1413s  47.99% 
  Avg. Iteration Time : 0.2944s 
LEVEL 3 of 4
  Smoothing sigmas: [2.07485, 2.06798, 2.07824], [0.847055, 0.84425, 0.84844]
Level     2,  Iter     0:    Energy =   0.0147
Level     2,  Iter     1:    Energy =   0.0157
Level     2,  Iter     2:    Energy =   0.0169
Level     2,  Iter     3:    Energy =   0.0180
Level     2,  Iter     4:    Energy =   0.0188
Level     2,  Iter     5:    Energy =   0.0195
Level     2,  Iter     6:    Energy =   0.0201
Level     2,  Iter     7:    Energy =   0.0209
Level     2,  Iter     8:    Energy =   0.0216
Level     2,  Iter     9:    Energy =   0.0223
Level     2,  Iter    10:    Energy =   0.0228
Level     2,  Iter    11:    Energy =   0.0232
Level     2,  Iter    12:    Energy =   0.0235
Level     2,  Iter    13:    Energy =   0.0238
Level     2,  Iter    14:    Energy =   0.0242
Level     2,  Iter    15:    Energy =   0.0244
Level     2,  Iter    16:    Energy =   0.0246
Level     2,  Iter    17:    Energy =   0.0248
Level     2,  Iter    18:    Energy =   0.0249
Level     2,  Iter    19:    Energy =   0.0251
END OF LEVEL     2    DetJac Range:   0.0435  to   3.1412 
  Avg. Gradient Time  : 0.8973s  39.19% 
  Avg. Gaussian Time  : 1.1576s  50.56% 
  Avg. Iteration Time : 2.2895s 
LEVEL 4 of 4
  Smoothing sigmas: [1.03743, 1.03743, 1.03912], [0.423527, 0.423527, 0.42422]
