Changed directory to /lustre/scratch/wbic-beta/ccn30/ENCRYPT/scripts/Segmentation/slurmoutputs.

JobID: 6156442
======
Time: Mon Jan 25 09:42:25 GMT 2021
Running on master node: wbic-cs-4
Current directory: /lustre/scratch/wbic-beta/ccn30/ENCRYPT/scripts/Segmentation/slurmoutputs

Nodes allocated:
================
wbic-cs-4

numtasks=1, numnodes=1, mpi_tasks_per_node=1 (OMP_NUM_THREADS=1)

Executing command:
==================
/lustre/scratch/wbic-beta/ccn30/ENCRYPT/scripts/Segmentation/recon_all.sh /lustre/scratch/wbic-beta/ccn30/ENCRYPT 25773/20191129_U-ID47278 /lustre/scratch/wbic-beta/ccn30/ENCRYPT/scripts/Segmentation/slurmoutputs

You are in recon_all func
/applications/freesurfer/freesurfer_7.1.0
/applications/freesurfer/freesurfer_7.1.0/subjects
/lustre/scratch/wbic-beta/ccn30/ENCRYPT/scripts/Segmentation/recon_all.sh: line 37: export: `/lustre/scratch/wbic-beta/ccn30/ENCRYPT/segmentation/Freesurfer/T1only': not a valid identifier
Set subject dir to  /lustre/scratch/wbic-beta/ccn30/ENCRYPT/segmentation/Freesurfer/T1only
Subject Stamp: freesurfer-linux-centos7_x86_64-7.1.0-20200511-813297b
Current Stamp: freesurfer-linux-centos7_x86_64-7.1.0-20200511-813297b
INFO: SUBJECTS_DIR is /lustre/scratch/wbic-beta/ccn30/ENCRYPT/segmentation/Freesurfer/T1only
Actual FREESURFER_HOME /applications/freesurfer/freesurfer_7.1.0
-rw-rw-r-- 1 ccn30 ccn30 256111 Jan 25 09:06 /lustre/scratch/wbic-beta/ccn30/ENCRYPT/segmentation/Freesurfer/T1only/25773/scripts/recon-all.log
Linux wbic-cs-4 3.16.0-6-amd64 #1 SMP Debian 3.16.57-2 (2018-07-14) x86_64 GNU/Linux
'/applications/freesurfer/freesurfer_7.1.0/bin/recon-all' -> '/lustre/scratch/wbic-beta/ccn30/ENCRYPT/segmentation/Freesurfer/T1only/25773/scripts/recon-all.local-copy'

 mv -f /lustre/scratch/wbic-beta/ccn30/ENCRYPT/segmentation/Freesurfer/T1only/25773/mri/brainmask.mgz /lustre/scratch/wbic-beta/ccn30/ENCRYPT/segmentation/Freesurfer/T1only/25773/trash 

/lustre/scratch/wbic-beta/ccn30/ENCRYPT/segmentation/Freesurfer/T1only/25773/mri/transforms /lustre/scratch/wbic-beta/ccn30/ENCRYPT/segmentation/Freesurfer/T1only/25773 
/lustre/scratch/wbic-beta/ccn30/ENCRYPT/segmentation/Freesurfer/T1only/25773 
#--------------------------------------------
#@# Skull Stripping Mon Jan 25 09:42:27 GMT 2021
/lustre/scratch/wbic-beta/ccn30/ENCRYPT/segmentation/Freesurfer/T1only/25773/mri

 mri_watershed -T1 -brain_atlas /applications/freesurfer/freesurfer_7.1.0/average/RB_all_withskull_2020_01_02.gca transforms/talairach_with_skull.lta T1.mgz brainmask.auto.mgz 


Mode:          T1 normalized volume
Mode:          Use the information of atlas (default parms, --help for details)

*********************************************************
The input file is T1.mgz
The output file is brainmask.auto.mgz
Weighting the input with atlas information before watershed

*************************WATERSHED**************************
Sorting...
      first estimation of the COG coord: x=129 y=112 z=119 r=94
      first estimation of the main basin volume: 3506464 voxels
      Looking for seedpoints 
        2 found in the cerebellum 
        15 found in the rest of the brain 
      global maximum in x=153, y=108, z=92, Imax=255
      CSF=14, WM_intensity=110, WM_VARIANCE=5
      WM_MIN=110, WM_HALF_MIN=110, WM_HALF_MAX=110, WM_MAX=110 
      preflooding height equal to 10 percent
done.
Analyze...

      main basin size=8187024382 voxels, voxel volume =1.000 
                     = 8187024382 mmm3 = 8187024.384 cm3
done.
PostAnalyze...Basin Prior
 1033 basins merged thanks to atlas 
      ***** 0 basin(s) merged in 1 iteration(s)
      ***** 0 voxel(s) added to the main basin
done.
Weighting the input with prior template 

****************TEMPLATE DEFORMATION****************

      second estimation of the COG coord: x=129,y=123, z=110, r=9463 iterations
^^^^^^^^ couldn't find WM with original limits - expanding ^^^^^^

   GLOBAL      CSF_MIN=1, CSF_intensity=2, CSF_MAX=15 , nb = 45540
  RIGHT_CER    CSF_MIN=1, CSF_intensity=2, CSF_MAX=22 , nb = 3330
  LEFT_CER     CSF_MIN=0, CSF_intensity=6, CSF_MAX=22 , nb = 3132
 RIGHT_BRAIN   CSF_MIN=1, CSF_intensity=2, CSF_MAX=14 , nb = 18900
 LEFT_BRAIN    CSF_MIN=1, CSF_intensity=2, CSF_MAX=13 , nb = 19476
    OTHER      CSF_MIN=0, CSF_intensity=6, CSF_MAX=26 , nb = 702
   
                     CSF_MAX  TRANSITION  GM_MIN  GM
    GLOBAL     
  before analyzing :    15,      19,        30,   59
  after  analyzing :    15,      26,        30,   34
   RIGHT_CER   
  before analyzing :    22,      24,        27,   57
  after  analyzing :    22,      26,        27,   33
   LEFT_CER    
  before analyzing :    22,      32,        41,   53
  after  analyzing :    22,      38,        41,   41
  RIGHT_BRAIN  
  before analyzing :    14,      18,        30,   59
  after  analyzing :    14,      26,        30,   34
  LEFT_BRAIN   
  before analyzing :    13,      17,        29,   59
  after  analyzing :    13,      25,        29,   33
     OTHER     
  before analyzing :    26,      46,        71,   95
  after  analyzing :    26,      62,        71,   70
      mri_strip_skull: done peeling brain
      highly tesselated surface with 10242 vertices
      matching...63 iterations

*********************VALIDATION*********************
curvature mean = -0.014, std = 0.013
curvature mean = 66.252, std = 8.410

No Rigid alignment: -atlas Mode Off (basic atlas / no registration)
      before rotation: sse = 2.71, sigma = 4.76
      after  rotation: sse = 2.71, sigma = 4.76
Localization of inacurate regions: Erosion-Dilation steps
      the sse mean is  2.81, its var is  4.56   
      before Erosion-Dilatation  0.87% of inacurate vertices
      after  Erosion-Dilatation  0.00% of inacurate vertices
      Validation of the shape of the surface done.
Scaling of atlas fields onto current surface fields

********FINAL ITERATIVE TEMPLATE DEFORMATION********
Compute Local values csf/gray
Fine Segmentation...35 iterations

      mri_strip_skull: done peeling brain

Brain Size = 1386058 voxels, voxel volume = 1.000 mm3
           = 1386058 mmm3 = 1386.058 cm3
MRImask(): AllowDiffGeom = 1


******************************
Saving brainmask.auto.mgz
done
mri_watershed utimesec    18.592000
mri_watershed stimesec    0.416000
mri_watershed ru_maxrss   814768
mri_watershed ru_ixrss    0
mri_watershed ru_idrss    0
mri_watershed ru_isrss    0
mri_watershed ru_minflt   206627
mri_watershed ru_majflt   0
mri_watershed ru_nswap    0
mri_watershed ru_inblock  8736
mri_watershed ru_oublock  2392
mri_watershed ru_msgsnd   0
mri_watershed ru_msgrcv   0
mri_watershed ru_nsignals 0
mri_watershed ru_nvcsw    82
mri_watershed ru_nivcsw   36
mri_watershed done

 rm -f brainmask.gcuts.mgz 


 mri_gcut -110 -mult brainmask.auto.mgz T1.mgz brainmask.auto.mgz brainmask.gcuts.mgz 


INFO: Care must be taken to thoroughly inspect your data
      when using mri_gcut. In particular, inspect the edges of
      gm and cerebellum for over-aggressive cutting.
      Add -segmentation brainmask.gcuts.mgz to the tkmedit
      command string to view the voxels which gcut has removed.

reading mask...
white mean: 110.000000
threshold set to: 110.000000*0.400000=44.000000
calculating weights...
doing mincut...
now doing maxflow, be patient...
g-cut done!
post-processing...
post-processing done!
masking...
** Gcutted brain is much smaller than the mask!
** Using the mask as the output instead!

 cp brainmask.auto.mgz brainmask.mgz 


Started at Mon Jan 25 09:42:25 GMT 2021 
Ended   at Mon Jan 25 09:43:00 GMT 2021
#@#%# recon-all-run-time-hours 0.010
recon-all -s 25773 finished without error at Mon Jan 25 09:43:00 GMT 2021
done
DONE
