Changed directory to /lustre/scratch/wbic-beta/ccn30/ENCRYPT/scripts/Segmentation/slurmoutputs.

JobID: 5668742
======
Time: Thu Jan  7 19:32:32 GMT 2021
Running on master node: wbic-cs-19
Current directory: /lustre/scratch/wbic-beta/ccn30/ENCRYPT/scripts/Segmentation/slurmoutputs

Nodes allocated:
================
wbic-cs-19

numtasks=1, numnodes=1, mpi_tasks_per_node=1 (OMP_NUM_THREADS=1)

Executing command:
==================
/lustre/scratch/wbic-beta/ccn30/ENCRYPT/scripts/Segmentation/ASHS_mainfun.sh /lustre/scratch/wbic-beta/ccn30/ENCRYPT 25869/20200219_U-ID48148 /lustre/scratch/wbic-beta/ccn30/ENCRYPT/scripts/Segmentation/slurmoutputs

mkdir: cannot create directory ‘/lustre/scratch/wbic-beta/ccn30/ENCRYPT/segmentation/ASHS/25869’: File exists
Beginning ASHS for:  25869
INPUT: /lustre/scratch/wbic-beta/ccn30/ENCRYPT/images/25869/20200219_U-ID48148/mp2rage/Rn4mag0000_PSIR_skulled_std.nii /lustre/scratch/wbic-beta/ccn30/ENCRYPT/images/25869/20200219_U-ID48148/Series_033_Highresolution_TSE_PAT2_100/t2.nii
ASHS started at 19:32:32


 ASHS completed for 25869 at 19:32:32, it took 0 days 0 hours 0 minutes and 0 seconds to complete 

Beginning ASHS for:  25869
INPUT: /lustre/scratch/wbic-beta/ccn30/ENCRYPT/images/25869/20200219_U-ID48148/mp2rage/Rn4mag0000_PSIR_skulled_std.nii /lustre/scratch/wbic-beta/ccn30/ENCRYPT/images/25869/20200219_U-ID48148/Series_033_Highresolution_TSE_PAT2_100/n42_t2.nii
ASHS started at 19:32:32


 ASHS completed for 25869 at 19:32:32, it took 0 days 0 hours 0 minutes and 0 seconds to complete 

Beginning ASHS for:  25869
INPUT: /lustre/scratch/wbic-beta/ccn30/ENCRYPT/images/25869/20200219_U-ID48148/mp2rage/Rn4mag0000_PSIR_skulled_std.nii /lustre/scratch/wbic-beta/ccn30/ENCRYPT/images/25869/20200219_U-ID48148/Series_033_Highresolution_TSE_PAT2_100/n42_t2.nii
ASHS started at 19:32:32


 ASHS completed for 25869 at 19:32:32, it took 0 days 0 hours 0 minutes and 0 seconds to complete 

Beginning ASHS for:  25869
INPUT: /lustre/scratch/wbic-beta/ccn30/ENCRYPT/images/25869/20200219_U-ID48148/mp2rage/Rn4mag0000_PSIR_skulled_std.nii /lustre/scratch/wbic-beta/ccn30/ENCRYPT/images/25869/20200219_U-ID48148/Series_033_Highresolution_TSE_PAT2_100/n42_t2.nii
ASHS started at 19:32:32


 ASHS completed for 25869 at 19:32:32, it took 0 days 0 hours 0 minutes and 0 seconds to complete 

Beginning ASHS for:  25869
INPUT: /lustre/scratch/wbic-beta/ccn30/ENCRYPT/images/25869/20200219_U-ID48148/mp2rage/Rn4mag0000_PSIR_skulled_std.nii /lustre/scratch/wbic-beta/ccn30/ENCRYPT/images/25869/20200219_U-ID48148/Series_033_Highresolution_TSE_PAT2_100/t2.nii
ASHS started at 19:32:32


 ASHS completed for 25869 at 19:32:32, it took 0 days 0 hours 0 minutes and 0 seconds to complete 

Beginning ASHS for:  25869
ASHS started at 19:32:33


 ASHS completed for 25869 at 19:32:33, it took 0 days 0 hours 0 minutes and 0 seconds to complete 

Beginning ASHS for:  25869
/lustre/scratch/wbic-beta/ccn30/ENCRYPT/scripts/Segmentation/ASHS_mainfun.sh: line 164: cd: /lustre/scratch/wbic-beta/ccn30/ENCRYPT/segmentation/ASHS/25869/DenoiseT1N4T2Utrecht: No such file or directory
ASHS started at 19:32:33
ashs_main execution log
  timestamp:   Thu Jan  7 19:32:33 GMT 2021
  invocation:  /home/ccn30/privatemodules/ASHS/ashs-fastashs_beta/bin/ashs_main.sh -I 25869 -a /home/ccn30/ENCRYPT/atlases/utrechtatlas -g /lustre/scratch/wbic-beta/ccn30/ENCRYPT/images/25869/20200219_U-ID48148/mp2rage/Rdenoise_n4mag0000_PSIR_skulled_std_struc_brain_mask.nii -f /lustre/scratch/wbic-beta/ccn30/ENCRYPT/images/25869/20200219_U-ID48148/Series_033_Highresolution_TSE_PAT2_100/n42_t2.nii -w /lustre/scratch/wbic-beta/ccn30/ENCRYPT/segmentation/ASHS/25869/DenoiseT1N4T2Utrecht
  directory:   /lustre/scratch/wbic-beta/ccn30/ENCRYPT/segmentation/ASHS/25869/DenoiseBrain
  environment:
    ASHS_MPRAGE=/lustre/scratch/wbic-beta/ccn30/ENCRYPT/images/25869/20200219_U-ID48148/mp2rage/Rdenoise_n4mag0000_PSIR_skulled_std_struc_brain_mask.nii
    ASHS_ROOT=/home/ccn30/privatemodules/ASHS/ashs-fastashs_beta
    ASHS_SUBJID=25869
    ASHS_TSE=/lustre/scratch/wbic-beta/ccn30/ENCRYPT/images/25869/20200219_U-ID48148/Series_033_Highresolution_TSE_PAT2_100/n42_t2.nii
    ASHS_WORK=/lustre/scratch/wbic-beta/ccn30/ENCRYPT/segmentation/ASHS/25869/DenoiseT1N4T2Utrecht
Atlas    : /home/ccn30/ENCRYPT/atlases/utrechtatlas
T1 Image : /lustre/scratch/wbic-beta/ccn30/ENCRYPT/images/25869/20200219_U-ID48148/mp2rage/Rdenoise_n4mag0000_PSIR_skulled_std_struc_brain_mask.nii
T2 Image : /lustre/scratch/wbic-beta/ccn30/ENCRYPT/images/25869/20200219_U-ID48148/Series_033_Highresolution_TSE_PAT2_100/n42_t2.nii
WorkDir  : /lustre/scratch/wbic-beta/ccn30/ENCRYPT/segmentation/ASHS/25869/DenoiseT1N4T2Utrecht
Not using SGE or GNU parallel
****************************************
Starting stage 1: Normalization to T1 population template
****************************************
[0;36m
-------------------  INFO  ---------------------
Started stage 1: Normalization to T1 population 
template
------------------------------------------------
[0m
+ source /home/ccn30/privatemodules/ASHS/ashs-fastashs_beta/bin/ashs_lib.sh
++ source /home/ccn30/privatemodules/ASHS/ashs-fastashs_beta/bin/ashs_version.sh
+++ ASHS_VERSION_MAJOR=1
+++ ASHS_VERSION_MINOR=0
+++ ASHS_VERSION_PATCH=0
+++ ASHS_VERSION_NOTE=
+++ ASHS_VERSION_FULL=1.0.0
+++ ASHS_VERSION_DATE=20170915
+++ ASHS_OLDEST_COMPAT_DATE=20170810
++ source /home/ccn30/privatemodules/ASHS/ashs-fastashs_beta/bin/ashs_common_master.sh
+++ [[ ! -n /home/ccn30/privatemodules/ASHS/ashs-fastashs_beta ]]
++++ uname
+++ ARCH=Linux
+++ ASHS_BIN=/home/ccn30/privatemodules/ASHS/ashs-fastashs_beta/ext/Linux/bin
+++ ASHS_ANTS=/home/ccn30/privatemodules/ASHS/ashs-fastashs_beta/ext/Linux/bin/ants_1042
+++ ASHS_FSL=/home/ccn30/privatemodules/ASHS/ashs-fastashs_beta/ext/Linux/bin/fsl
++++ /home/ccn30/privatemodules/ASHS/ashs-fastashs_beta/ext/Linux/bin/c3d -version
++++ grep Version
+++ [[ ! -n Version 1.1.0 ]]
+++ PATH=/home/ccn30/privatemodules/ASHS/ashs-fastashs_beta/ext/Linux/bin:/home/ccn30/privatemodules/ASHS/ashs-fastashs_beta/ext/Linux/bin/ants_1042:/home/ccn30/privatemodules/ASHS/ashs-fastashs_beta/ext/Linux/bin/fsl:/home/ccn30/privatemodules/ASHS/ashs-fastashs_beta/ext/Linux/bin:/home/ccn30/privatemodules/ASHS/ashs-fastashs_beta/ext/Linux/bin/ants_1042:/home/ccn30/privatemodules/ASHS/ashs-fastashs_beta/ext/Linux/bin/fsl:/applications/ANTS/ANTs-2.3.4/install/bin:/applications/itksnap/3.6.0/bin-cs:/applications/fsl/fsl-5.0.10/bin:/applications/git/git-2.26.2/bin:/applications/turbovnc/2.1/bin:/applications/virtualgl/2.5.1/bin:/applications/slurm/current/sbin:/applications/slurm/current/bin:/applications/texlive/2016/bin/x86_64-linux:/applications/openmpi/openmpi-3.0.0/bin:/applications/ImageJ/1.50:/applications/spm/spm12_6906:/applications/matlab/matlab2016a/bin:/applications/hphi/bin:/usr/local/bin:/usr/bin:/bin:/usr/local/games:/usr/games:.
++ [[ ! /home/ccn30/ENCRYPT/atlases/utrechtatlas/ashs_user_config.sh == /home/ccn30/privatemodules/ASHS/ashs-fastashs_beta/bin/ashs_config.sh ]]
++ source /home/ccn30/privatemodules/ASHS/ashs-fastashs_beta/bin/ashs_config.sh
+++ ASHS_SIDES='left right'
+++ ASHS_MPRAGE_DENOISE=0
+++ ASHS_MPRAGE_SRUPSAMPLE=0
+++ ASHS_MPRAGE_SRUPSAMPLE_FACTOR='1 1 1'
+++ ASHS_TSE_DENOISE=0
+++ ASHS_TSE_SRUPSAMPLE=0
+++ ASHS_TSE_SRUPSAMPLE_FACTOR='1 1 1'
+++ ASHS_TSE_ISO_FACTOR=100x100x500%
+++ ASHS_TSE_ISO_REGION_CROP='20x20x0% 60x60x100%'
+++ ASHS_FLIRT_MULTIMODAL_OPTS='-searchrx -5 5 -searchry -5 5 -searchrz -5 5 -coarsesearch 3 -finesearch 1 -searchcost normmi'
+++ ASHS_TEMPLATE_ANTS_ITER=60x20x0
+++ ASHS_TEMPLATE_STAGES_TOTAL=4
+++ ASHS_TEMPLATE_STAGES_RIGID=1
+++ ASHS_TEMPLATE_ROI_DILATION=10x10x10vox
+++ ASHS_TEMPLATE_ROI_MARGIN=4x4x4vox
+++ ASHS_TEMPLATE_TARGET_RESOLUTION=0.4688x0.4688x0.4688mm
+++ ASHS_TEMPLATE_MASK_THRESHOLD=0.5
+++ ASHS_TARGET_ATLAS_FOR_HISTMATCH=0
+++ ASHS_HISTMATCH_CONTROLS=5
+++ ASHS_PAIRWISE_AFFINE_ITER=60x60x0
+++ ASHS_PAIRWISE_DEFORM_ITER=60x60x20
+++ ASHS_PAIRWISE_CROSSCORR_RADIUS=2x2x2
+++ ASHS_PAIRWISE_ANTS_STEPSIZE=0.25
+++ ASHS_PAIRWISE_ANTS_T1_WEIGHT=0
+++ ASHS_LABEL_SMOOTHING=0.24mm
+++ ASHS_MALF_STRATEGY='Joint[0.1,2]'
+++ ASHS_MALF_PATCHRAD=3x3x1
+++ ASHS_MALF_SEARCHRAD=3x3x1
+++ ASHS_MALF_PADDING=0x0x2
+++ ASHS_EC_DILATION=1
+++ ASHS_EC_TARGET_SAMPLES=100000
+++ ASHS_EC_DRYRUN_SAMPLE_RATE=0.01
+++ ASHS_EC_ITERATIONS=500
+++ ASHS_EC_PATCH_RADIUS=6x6x0
+++ ASHS_EC_MINIMUM_SAMPLES=100
+++ ASHS_EC_QSUB_EXTRA_OPTIONS=
++ source /home/ccn30/ENCRYPT/atlases/utrechtatlas/ashs_user_config.sh
+++ ASHS_TSE_ISO_FACTOR=100x100x100%
+++ ASHS_TSE_ISO_REGION_CROP='20x20x0% 60x60x100%'
+++ ASHS_FLIRT_MULTIMODAL_OPTS='-searchrx -5 5 -searchry -5 5 -searchrz -5 5 -coarsesearch 3 -finesearch 1 -searchcost normmi'
+++ ASHS_TEMPLATE_ANTS_ITER=60x60x20x0
+++ ASHS_TEMPLATE_ROI_DILATION=10x10x10vox
+++ ASHS_TEMPLATE_ROI_MARGIN=4x4x4vox
+++ ASHS_TEMPLATE_TARGET_RESOLUTION=0.347222x0.347222x0.349996mm
+++ ASHS_TEMPLATE_MASK_THRESHOLD=0.5
+++ ASHS_TARGET_ATLAS_FOR_HISTMATCH=0
+++ ASHS_HISTMATCH_CONTROLS=0
+++ ASHS_PAIRWISE_ANTS_ITER=60x60x20
+++ ASHS_PAIRWISE_ANTS_STEPSIZE=0.25
+++ ASHS_PAIRWISE_ANTS_T1_WEIGHT=0
+++ ASHS_LABEL_SMOOTHING=0.24mm
+++ ASHS_MALF_STRATEGY='Joint[0.1,2]'
+++ ASHS_MALF_PATCHRAD=3x3x3
+++ ASHS_MALF_SEARCHRAD=3x3x3
+++ ASHS_EC_DILATION=1
+++ ASHS_EC_TARGET_SAMPLES=100000
+++ ASHS_EC_ITERATIONS=500
+++ ASHS_EC_PATCH_RADIUS=3x3x3
+++ ASHS_EC_QSUB_EXTRA_OPTIONS=
++ [[ -n '' ]]
+ cat
Script: ashs_template_qsub.sh
Root: /home/ccn30/privatemodules/ASHS/ashs-fastashs_beta
Working directory: /lustre/scratch/wbic-beta/ccn30/ENCRYPT/segmentation/ASHS/25869/DenoiseT1N4T2Utrecht
PATH: /home/ccn30/privatemodules/ASHS/ashs-fastashs_beta/ext/Linux/bin:/home/ccn30/privatemodules/ASHS/ashs-fastashs_beta/ext/Linux/bin/ants_1042:/home/ccn30/privatemodules/ASHS/ashs-fastashs_beta/ext/Linux/bin/fsl:/home/ccn30/privatemodules/ASHS/ashs-fastashs_beta/ext/Linux/bin:/home/ccn30/privatemodules/ASHS/ashs-fastashs_beta/ext/Linux/bin/ants_1042:/home/ccn30/privatemodules/ASHS/ashs-fastashs_beta/ext/Linux/bin/fsl:/applications/ANTS/ANTs-2.3.4/install/bin:/applications/itksnap/3.6.0/bin-cs:/applications/fsl/fsl-5.0.10/bin:/applications/git/git-2.26.2/bin:/applications/turbovnc/2.1/bin:/applications/virtualgl/2.5.1/bin:/applications/slurm/current/sbin:/applications/slurm/current/bin:/applications/texlive/2016/bin/x86_64-linux:/applications/openmpi/openmpi-3.0.0/bin:/applications/ImageJ/1.50:/applications/spm/spm12_6906:/applications/matlab/matlab2016a/bin:/applications/hphi/bin:/usr/local/bin:/usr/bin:/bin:/usr/local/games:/usr/games:.
  Skip Rigid: 
  Skip Ants: 
+ WFSL=/lustre/scratch/wbic-beta/ccn30/ENCRYPT/segmentation/ASHS/25869/DenoiseT1N4T2Utrecht/flirt_t2_to_t1
+ WANT=/lustre/scratch/wbic-beta/ccn30/ENCRYPT/segmentation/ASHS/25869/DenoiseT1N4T2Utrecht/ants_t1_to_temp
+ WAFF=/lustre/scratch/wbic-beta/ccn30/ENCRYPT/segmentation/ASHS/25869/DenoiseT1N4T2Utrecht/affine_t1_to_template
+ mkdir -p /lustre/scratch/wbic-beta/ccn30/ENCRYPT/segmentation/ASHS/25869/DenoiseT1N4T2Utrecht/ants_t1_to_temp /lustre/scratch/wbic-beta/ccn30/ENCRYPT/segmentation/ASHS/25869/DenoiseT1N4T2Utrecht/flirt_t2_to_t1 /lustre/scratch/wbic-beta/ccn30/ENCRYPT/segmentation/ASHS/25869/DenoiseT1N4T2Utrecht/affine_t1_to_template
+ TEMP_T1_FULL=/home/ccn30/ENCRYPT/atlases/utrechtatlas/template/template.nii.gz
+ TEMP_T1_MASK=/home/ccn30/ENCRYPT/atlases/utrechtatlas/template/template_bet_mask.nii.gz
+ ashs_subj_vars /lustre/scratch/wbic-beta/ccn30/ENCRYPT/segmentation/ASHS/25869/DenoiseT1N4T2Utrecht
+ local WORK=/lustre/scratch/wbic-beta/ccn30/ENCRYPT/segmentation/ASHS/25869/DenoiseT1N4T2Utrecht
+ local WANT=/lustre/scratch/wbic-beta/ccn30/ENCRYPT/segmentation/ASHS/25869/DenoiseT1N4T2Utrecht/ants_t1_to_temp
+ local WAFF=/lustre/scratch/wbic-beta/ccn30/ENCRYPT/segmentation/ASHS/25869/DenoiseT1N4T2Utrecht/affine_t1_to_template
+ local WFSL=/lustre/scratch/wbic-beta/ccn30/ENCRYPT/segmentation/ASHS/25869/DenoiseT1N4T2Utrecht/flirt_t2_to_t1
+ SUBJ_RAWMPRAGE=/lustre/scratch/wbic-beta/ccn30/ENCRYPT/segmentation/ASHS/25869/DenoiseT1N4T2Utrecht/mprage_raw.nii.gz
+ SUBJ_RAWTSE=/lustre/scratch/wbic-beta/ccn30/ENCRYPT/segmentation/ASHS/25869/DenoiseT1N4T2Utrecht/tse_raw.nii.gz
+ SUBJ_MPRAGE=/lustre/scratch/wbic-beta/ccn30/ENCRYPT/segmentation/ASHS/25869/DenoiseT1N4T2Utrecht/mprage.nii.gz
+ SUBJ_TSE=/lustre/scratch/wbic-beta/ccn30/ENCRYPT/segmentation/ASHS/25869/DenoiseT1N4T2Utrecht/tse.nii.gz
+ SUBJ_AFF_T2T1_MAT=/lustre/scratch/wbic-beta/ccn30/ENCRYPT/segmentation/ASHS/25869/DenoiseT1N4T2Utrecht/flirt_t2_to_t1/flirt_t2_to_t1.mat
+ SUBJ_AFF_T2T1_INVMAT=/lustre/scratch/wbic-beta/ccn30/ENCRYPT/segmentation/ASHS/25869/DenoiseT1N4T2Utrecht/flirt_t2_to_t1/flirt_t2_to_t1_inv.mat
+ SUBJ_AFF_T1TEMP_MAT=/lustre/scratch/wbic-beta/ccn30/ENCRYPT/segmentation/ASHS/25869/DenoiseT1N4T2Utrecht/affine_t1_to_template/t1_to_template_affine.mat
+ SUBJ_AFF_T1TEMP_INVMAT=/lustre/scratch/wbic-beta/ccn30/ENCRYPT/segmentation/ASHS/25869/DenoiseT1N4T2Utrecht/affine_t1_to_template/t1_to_template_affine_inv.mat
+ SUBJ_T1TEMP_WARP=/lustre/scratch/wbic-beta/ccn30/ENCRYPT/segmentation/ASHS/25869/DenoiseT1N4T2Utrecht/ants_t1_to_temp/greedy_t1_to_template_warp.nii.gz
+ SUBJ_T1TEMP_INVWARP=/lustre/scratch/wbic-beta/ccn30/ENCRYPT/segmentation/ASHS/25869/DenoiseT1N4T2Utrecht/ants_t1_to_temp/greedy_t1_to_template_invwarp.nii.gz
+ SUBJ_T1TEMP_TRAN='/lustre/scratch/wbic-beta/ccn30/ENCRYPT/segmentation/ASHS/25869/DenoiseT1N4T2Utrecht/ants_t1_to_temp/greedy_t1_to_template_warp.nii.gz /lustre/scratch/wbic-beta/ccn30/ENCRYPT/segmentation/ASHS/25869/DenoiseT1N4T2Utrecht/affine_t1_to_template/t1_to_template_affine.mat'
+ SUBJ_T1TEMP_INVTRAN='/lustre/scratch/wbic-beta/ccn30/ENCRYPT/segmentation/ASHS/25869/DenoiseT1N4T2Utrecht/affine_t1_to_template/t1_to_template_affine_inv.mat /lustre/scratch/wbic-beta/ccn30/ENCRYPT/segmentation/ASHS/25869/DenoiseT1N4T2Utrecht/ants_t1_to_temp/greedy_t1_to_template_invwarp.nii.gz'
+ SUBJ_T2TEMP_TRAN='/lustre/scratch/wbic-beta/ccn30/ENCRYPT/segmentation/ASHS/25869/DenoiseT1N4T2Utrecht/ants_t1_to_temp/greedy_t1_to_template_warp.nii.gz /lustre/scratch/wbic-beta/ccn30/ENCRYPT/segmentation/ASHS/25869/DenoiseT1N4T2Utrecht/affine_t1_to_template/t1_to_template_affine.mat /lustre/scratch/wbic-beta/ccn30/ENCRYPT/segmentation/ASHS/25869/DenoiseT1N4T2Utrecht/flirt_t2_to_t1/flirt_t2_to_t1_inv.mat'
+ SUBJ_T2TEMP_INVTRAN='/lustre/scratch/wbic-beta/ccn30/ENCRYPT/segmentation/ASHS/25869/DenoiseT1N4T2Utrecht/flirt_t2_to_t1/flirt_t2_to_t1.mat /lustre/scratch/wbic-beta/ccn30/ENCRYPT/segmentation/ASHS/25869/DenoiseT1N4T2Utrecht/affine_t1_to_template/t1_to_template_affine_inv.mat /lustre/scratch/wbic-beta/ccn30/ENCRYPT/segmentation/ASHS/25869/DenoiseT1N4T2Utrecht/ants_t1_to_temp/greedy_t1_to_template_invwarp.nii.gz'
+ SUBJ_AFF_T1TEMP_RESLICE=/lustre/scratch/wbic-beta/ccn30/ENCRYPT/segmentation/ASHS/25869/DenoiseT1N4T2Utrecht/affine_t1_to_template/t1_to_template_affine.nii.gz
+ [[ /lustre/scratch/wbic-beta/ccn30/ENCRYPT/images/25869/20200219_U-ID48148/mp2rage/Rdenoise_n4mag0000_PSIR_skulled_std_struc_brain_mask.nii -nt /lustre/scratch/wbic-beta/ccn30/ENCRYPT/segmentation/ASHS/25869/DenoiseT1N4T2Utrecht/mprage_raw.nii.gz ]]
+ c3d /lustre/scratch/wbic-beta/ccn30/ENCRYPT/images/25869/20200219_U-ID48148/mp2rage/Rdenoise_n4mag0000_PSIR_skulled_std_struc_brain_mask.nii -type short -o /lustre/scratch/wbic-beta/ccn30/ENCRYPT/segmentation/ASHS/25869/DenoiseT1N4T2Utrecht/mprage_raw.nii.gz
+ SUBJ_MPRAGE_DENOISE=/lustre/scratch/wbic-beta/ccn30/ENCRYPT/segmentation/ASHS/25869/DenoiseT1N4T2Utrecht/mprage_d.nii.gz
+ echo 'ASHS_MPRAGE_DENOISE = 0'
ASHS_MPRAGE_DENOISE = 0
+ [[ 0 == 1 ]]
+ cp /lustre/scratch/wbic-beta/ccn30/ENCRYPT/segmentation/ASHS/25869/DenoiseT1N4T2Utrecht/mprage_raw.nii.gz /lustre/scratch/wbic-beta/ccn30/ENCRYPT/segmentation/ASHS/25869/DenoiseT1N4T2Utrecht/mprage_d.nii.gz
+ [[ 0 == 1 ]]
+ cp /lustre/scratch/wbic-beta/ccn30/ENCRYPT/segmentation/ASHS/25869/DenoiseT1N4T2Utrecht/mprage_d.nii.gz /lustre/scratch/wbic-beta/ccn30/ENCRYPT/segmentation/ASHS/25869/DenoiseT1N4T2Utrecht/mprage.nii.gz
+ rm -f /lustre/scratch/wbic-beta/ccn30/ENCRYPT/segmentation/ASHS/25869/DenoiseT1N4T2Utrecht/mprage_d.nii.gz
+ [[ /lustre/scratch/wbic-beta/ccn30/ENCRYPT/images/25869/20200219_U-ID48148/Series_033_Highresolution_TSE_PAT2_100/n42_t2.nii -nt /lustre/scratch/wbic-beta/ccn30/ENCRYPT/segmentation/ASHS/25869/DenoiseT1N4T2Utrecht/tse_raw.nii.gz ]]
+ c3d /lustre/scratch/wbic-beta/ccn30/ENCRYPT/images/25869/20200219_U-ID48148/Series_033_Highresolution_TSE_PAT2_100/n42_t2.nii -type short -o /lustre/scratch/wbic-beta/ccn30/ENCRYPT/segmentation/ASHS/25869/DenoiseT1N4T2Utrecht/tse_raw.nii.gz
+ SUBJ_TSE_DENOISE=/lustre/scratch/wbic-beta/ccn30/ENCRYPT/segmentation/ASHS/25869/DenoiseT1N4T2Utrecht/tse_d.nii.gz
+ [[ 0 == 1 ]]
+ cp /lustre/scratch/wbic-beta/ccn30/ENCRYPT/segmentation/ASHS/25869/DenoiseT1N4T2Utrecht/tse_raw.nii.gz /lustre/scratch/wbic-beta/ccn30/ENCRYPT/segmentation/ASHS/25869/DenoiseT1N4T2Utrecht/tse_d.nii.gz
+ [[ 0 == 1 ]]
+ cp /lustre/scratch/wbic-beta/ccn30/ENCRYPT/segmentation/ASHS/25869/DenoiseT1N4T2Utrecht/tse_d.nii.gz /lustre/scratch/wbic-beta/ccn30/ENCRYPT/segmentation/ASHS/25869/DenoiseT1N4T2Utrecht/tse.nii.gz
+ rm -f /lustre/scratch/wbic-beta/ccn30/ENCRYPT/segmentation/ASHS/25869/DenoiseT1N4T2Utrecht/tse_d.nii.gz
+ ashs_align_t1t2 /lustre/scratch/wbic-beta/ccn30/ENCRYPT/segmentation/ASHS/25869/DenoiseT1N4T2Utrecht
+ local ASHS_WORK=/lustre/scratch/wbic-beta/ccn30/ENCRYPT/segmentation/ASHS/25869/DenoiseT1N4T2Utrecht
+ local OVERRIDE_MAT=
+ local OVERRIDE_MODE=
+ ashs_subj_vars /lustre/scratch/wbic-beta/ccn30/ENCRYPT/segmentation/ASHS/25869/DenoiseT1N4T2Utrecht
+ local WORK=/lustre/scratch/wbic-beta/ccn30/ENCRYPT/segmentation/ASHS/25869/DenoiseT1N4T2Utrecht
+ local WANT=/lustre/scratch/wbic-beta/ccn30/ENCRYPT/segmentation/ASHS/25869/DenoiseT1N4T2Utrecht/ants_t1_to_temp
+ local WAFF=/lustre/scratch/wbic-beta/ccn30/ENCRYPT/segmentation/ASHS/25869/DenoiseT1N4T2Utrecht/affine_t1_to_template
+ local WFSL=/lustre/scratch/wbic-beta/ccn30/ENCRYPT/segmentation/ASHS/25869/DenoiseT1N4T2Utrecht/flirt_t2_to_t1
+ SUBJ_RAWMPRAGE=/lustre/scratch/wbic-beta/ccn30/ENCRYPT/segmentation/ASHS/25869/DenoiseT1N4T2Utrecht/mprage_raw.nii.gz
+ SUBJ_RAWTSE=/lustre/scratch/wbic-beta/ccn30/ENCRYPT/segmentation/ASHS/25869/DenoiseT1N4T2Utrecht/tse_raw.nii.gz
+ SUBJ_MPRAGE=/lustre/scratch/wbic-beta/ccn30/ENCRYPT/segmentation/ASHS/25869/DenoiseT1N4T2Utrecht/mprage.nii.gz
+ SUBJ_TSE=/lustre/scratch/wbic-beta/ccn30/ENCRYPT/segmentation/ASHS/25869/DenoiseT1N4T2Utrecht/tse.nii.gz
+ SUBJ_AFF_T2T1_MAT=/lustre/scratch/wbic-beta/ccn30/ENCRYPT/segmentation/ASHS/25869/DenoiseT1N4T2Utrecht/flirt_t2_to_t1/flirt_t2_to_t1.mat
+ SUBJ_AFF_T2T1_INVMAT=/lustre/scratch/wbic-beta/ccn30/ENCRYPT/segmentation/ASHS/25869/DenoiseT1N4T2Utrecht/flirt_t2_to_t1/flirt_t2_to_t1_inv.mat
+ SUBJ_AFF_T1TEMP_MAT=/lustre/scratch/wbic-beta/ccn30/ENCRYPT/segmentation/ASHS/25869/DenoiseT1N4T2Utrecht/affine_t1_to_template/t1_to_template_affine.mat
+ SUBJ_AFF_T1TEMP_INVMAT=/lustre/scratch/wbic-beta/ccn30/ENCRYPT/segmentation/ASHS/25869/DenoiseT1N4T2Utrecht/affine_t1_to_template/t1_to_template_affine_inv.mat
+ SUBJ_T1TEMP_WARP=/lustre/scratch/wbic-beta/ccn30/ENCRYPT/segmentation/ASHS/25869/DenoiseT1N4T2Utrecht/ants_t1_to_temp/greedy_t1_to_template_warp.nii.gz
+ SUBJ_T1TEMP_INVWARP=/lustre/scratch/wbic-beta/ccn30/ENCRYPT/segmentation/ASHS/25869/DenoiseT1N4T2Utrecht/ants_t1_to_temp/greedy_t1_to_template_invwarp.nii.gz
+ SUBJ_T1TEMP_TRAN='/lustre/scratch/wbic-beta/ccn30/ENCRYPT/segmentation/ASHS/25869/DenoiseT1N4T2Utrecht/ants_t1_to_temp/greedy_t1_to_template_warp.nii.gz /lustre/scratch/wbic-beta/ccn30/ENCRYPT/segmentation/ASHS/25869/DenoiseT1N4T2Utrecht/affine_t1_to_template/t1_to_template_affine.mat'
+ SUBJ_T1TEMP_INVTRAN='/lustre/scratch/wbic-beta/ccn30/ENCRYPT/segmentation/ASHS/25869/DenoiseT1N4T2Utrecht/affine_t1_to_template/t1_to_template_affine_inv.mat /lustre/scratch/wbic-beta/ccn30/ENCRYPT/segmentation/ASHS/25869/DenoiseT1N4T2Utrecht/ants_t1_to_temp/greedy_t1_to_template_invwarp.nii.gz'
+ SUBJ_T2TEMP_TRAN='/lustre/scratch/wbic-beta/ccn30/ENCRYPT/segmentation/ASHS/25869/DenoiseT1N4T2Utrecht/ants_t1_to_temp/greedy_t1_to_template_warp.nii.gz /lustre/scratch/wbic-beta/ccn30/ENCRYPT/segmentation/ASHS/25869/DenoiseT1N4T2Utrecht/affine_t1_to_template/t1_to_template_affine.mat /lustre/scratch/wbic-beta/ccn30/ENCRYPT/segmentation/ASHS/25869/DenoiseT1N4T2Utrecht/flirt_t2_to_t1/flirt_t2_to_t1_inv.mat'
+ SUBJ_T2TEMP_INVTRAN='/lustre/scratch/wbic-beta/ccn30/ENCRYPT/segmentation/ASHS/25869/DenoiseT1N4T2Utrecht/flirt_t2_to_t1/flirt_t2_to_t1.mat /lustre/scratch/wbic-beta/ccn30/ENCRYPT/segmentation/ASHS/25869/DenoiseT1N4T2Utrecht/affine_t1_to_template/t1_to_template_affine_inv.mat /lustre/scratch/wbic-beta/ccn30/ENCRYPT/segmentation/ASHS/25869/DenoiseT1N4T2Utrecht/ants_t1_to_temp/greedy_t1_to_template_invwarp.nii.gz'
+ [[ -f /lustre/scratch/wbic-beta/ccn30/ENCRYPT/segmentation/ASHS/25869/DenoiseT1N4T2Utrecht/flirt_t2_to_t1/flirt_t2_to_t1.mat ]]
+ export FSLOUTPUTTYPE=NIFTI_GZ
+ FSLOUTPUTTYPE=NIFTI_GZ
+ c3d /lustre/scratch/wbic-beta/ccn30/ENCRYPT/segmentation/ASHS/25869/DenoiseT1N4T2Utrecht/tse.nii.gz -resample 100x100x100% -region 20x20x0% 60x60x100% -type short -o /tmp/ashs.HZGBSvn6/tse_iso.nii.gz
+ [[ -n '' ]]
+ local INIT_RIGID
+ [[ -n '' ]]
+ INIT_RIGID=-ia-identity
+ greedy -d 3 -a -dof 6 -m MI -n 100x100x10 -i /tmp/ashs.HZGBSvn6/tse_iso.nii.gz /lustre/scratch/wbic-beta/ccn30/ENCRYPT/segmentation/ASHS/25869/DenoiseT1N4T2Utrecht/mprage.nii.gz -ia-identity -o /lustre/scratch/wbic-beta/ccn30/ENCRYPT/segmentation/ASHS/25869/DenoiseT1N4T2Utrecht/flirt_t2_to_t1/flirt_t2_to_t1.mat
Executing with the default number of threads: 24
*************************************************
  N=6   NUMBER OF CORRECTIONS=5       INITIAL VALUES F= -1826.04   GNORM= 92.9312
*************************************************
   I   NFN    FUNC        GNORM       STEPLENGTH
   1    2     -1896.961      47.116       0.011
   2    3     -1927.272      19.729       1.000
   3    4     -1933.243      13.833       1.000
   4    5     -1938.464       8.750       1.000
   5    6     -1939.800       3.391       1.000
   6    8     -1939.879       1.245       0.375
   7   10     -1939.897       2.088       0.361
   8   11     -1939.905       1.634       1.000
   9   12     -1939.915       0.723       1.000
  10   14     -1939.920       1.263       0.381
  11   17     -1939.922       1.004       0.030
  12   18     -1939.923       0.796       1.000
  13   20     -1939.924       0.877       0.498
  14   23     -1939.924       0.523       0.022
  15   24     -1939.924       0.535       1.000
  16   28     -1939.926       0.309       3.850
  17   30     -1939.926       0.640       0.146
  18   31     -1939.926       0.611       1.000
  19   34     -1939.926       1.299       0.647
  20   35     -1939.927       1.322       1.000
  21   36     -1939.928       1.859       1.000
  22   37     -1939.929       1.040       1.000
  23   39     -1939.930       0.894       0.488
  24   40     -1939.930       0.832       1.000
  25   41     -1939.931       0.659       1.000
  26   42     -1939.932       1.595       1.000
  27   43     -1939.933       1.068       1.000
  28   45     -1939.934       1.354       0.206
  29   47     -1939.935       1.079       0.329
  30   48     -1939.936       0.959       1.000
  31   49     -1939.938       2.069       1.000
  32   51     -1939.939       2.457       0.050
  33   53     -1939.941       1.650       0.224
  34   55     -1939.943       1.014       0.196
  35   57     -1939.943       1.382       0.191
  36   58     -1939.943       1.244       1.000
  37   59     -1939.943       0.672       1.000
  38   62     -1939.946       1.462       2.939
  39   66     -1939.947       1.513       0.113
  40   67     -1939.948       0.766       1.000
  41   69     -1939.948       1.016       0.282
  42   71     -1939.948       0.846       0.188
  43   72     -1939.948       0.429       1.000
  44   73     -1939.948       0.678       1.000
  45   74     -1939.949       0.544       1.000
  46   75     -1939.949       1.221       1.000
  47   76     -1939.949       0.998       1.000
  48   77     -1939.949       0.840       1.000
  49   80     -1939.949       0.903       0.030
  50   81     -1939.949       0.368       1.000
  51   82     -1939.949       0.607       1.000
Final RAS Transform: 
0.999643 0.0266635 -0.00192707 0.432213 
-0.0267026 0.999348 -0.02432 -0.105697 
0.00127735 0.0243628 0.999702 -2.17459 
0 0 0 1 

*************************************************
  N=6   NUMBER OF CORRECTIONS=5       INITIAL VALUES F= -1792.55   GNORM= 109.985
*************************************************
   I   NFN    FUNC        GNORM       STEPLENGTH
   1    2     -1863.354      28.668       0.009
   2    3     -1867.991      25.216       1.000
   3    4     -1871.632      19.000       1.000
   4    5     -1879.543      17.210       1.000
   5    6     -1882.768       9.422       1.000
   6    8     -1882.974       1.420       0.408
   7    9     -1882.988       1.130       1.000
   8   10     -1883.008       0.986       1.000
   9   11     -1883.014       0.331       1.000
  10   12     -1883.015       0.200       1.000
  11   13     -1883.015       0.108       1.000
  12   14     -1883.015       0.122       1.000
  13   16     -1883.015       0.107       0.275
  14   17     -1883.015       0.189       1.000
  15   19     -1883.015       0.293       0.052
  16   20     -1883.015       0.160       1.000
  17   21     -1883.015       0.065       1.000
  18   22     -1883.015       0.084       1.000
  19   24     -1883.015       0.078       0.427
  20   25     -1883.015       0.097       1.000
  21   26     -1883.015       0.086       1.000
  22   28     -1883.015       0.066       0.212
 IFLAG= -1  LINE SEARCH FAILED. SEE DOCUMENTATION OF ROUTINE MCSRCH ERROR RETURN OF LINE SEARCH: INFO= 3 POSSIBLE CAUSES: FUNCTION OR GRADIENT ARE INCORRECT OR INCORRECT TOLERANCESvnl_lbfgs: Error. Netlib routine lbfgs failed.
Final RAS Transform: 
0.999602 0.0281754 0.00115532 0.459532 
-0.0281624 0.999553 -0.0100659 -0.133494 
-0.00143841 0.0100293 0.999949 -0.739738 
0 0 0 1 

*************************************************
  N=6   NUMBER OF CORRECTIONS=5       INITIAL VALUES F= -2793.13   GNORM= 184.943
*************************************************
   I   NFN    FUNC        GNORM       STEPLENGTH
   1    3     -2808.273      34.083       0.001
   2    4     -2809.201      26.802       1.000
   3    5     -2810.898      38.551       1.000
   4    6     -2814.348      58.924       1.000
   5    7     -2818.176      56.062       1.000
   6    9     -2818.777      47.983       0.166
   7   10     -2819.840      17.205       1.000
   8   11     -2820.018       5.258       1.000
Final RAS Transform: 
0.999551 0.029831 0.00265839 0.29268 
-0.0298118 0.999531 -0.00698896 -0.129322 
-0.00286564 0.00690657 0.999972 -0.554605 
0 0 0 1 

+ c3d_affine_tool /lustre/scratch/wbic-beta/ccn30/ENCRYPT/segmentation/ASHS/25869/DenoiseT1N4T2Utrecht/flirt_t2_to_t1/flirt_t2_to_t1.mat -inv -o /lustre/scratch/wbic-beta/ccn30/ENCRYPT/segmentation/ASHS/25869/DenoiseT1N4T2Utrecht/flirt_t2_to_t1/flirt_t2_to_t1_inv.mat
+ [[ 0 == 1 ]]
+ [[ 0 == 1 ]]
+ [[ 0 == 1 ]]
+ job_progress 0.25
+ local PROGRESS=0.25
+ local CHUNK_PSTART CHUNK_PEND
+ read CHUNK_PSTART CHUNK_PEND
++ echo 1
++ awk -v bs=0.0 -v be=0.2 -v j=0 -v n=1 '{print bs + ((be - bs) * j) / n, bs + ((be - bs) * (j+1)) / n}'
+ echo 'CHUNK 0.0 0.2'
CHUNK 0.0 0.2
+ echo 1
+ awk -v bs=0.0 -v be=0.2 -v j=0 -v n=1 '{print bs + ((be - bs) * j) / n, bs + ((be - bs) * (j+1)) / n}'
0 0.2
+ echo 'CHUNK 0 0.2 0.25'
CHUNK 0 0.2 0.25
+ bash /home/ccn30/privatemodules/ASHS/ashs-fastashs_beta/bin/ashs_default_hook.sh progress 0 0.2 0.25
====================================
         PROGRESS: 0               
====================================
+ [[ -f /lustre/scratch/wbic-beta/ccn30/ENCRYPT/segmentation/ASHS/25869/DenoiseT1N4T2Utrecht/affine_t1_to_template/t1_to_template_affine.mat ]]
+ greedy -d 3 -a -dof 6 -m NCC 2x2x2 -i /home/ccn30/ENCRYPT/atlases/utrechtatlas/template/template.nii.gz /lustre/scratch/wbic-beta/ccn30/ENCRYPT/segmentation/ASHS/25869/DenoiseT1N4T2Utrecht/mprage.nii.gz -o /lustre/scratch/wbic-beta/ccn30/ENCRYPT/segmentation/ASHS/25869/DenoiseT1N4T2Utrecht/affine_t1_to_template/greedy_t1_to_template_init_rigid.mat -n 400x0x0x0 -ia-image-centers -search 400 5 5
Executing with the default number of threads: 24
Noise on image 0 component 0: fixed = 0.0104249, moving = 55.051
Rigid search -> Initial best: -388.698 5.89806e-17 -7.15264e-19 -1.39057e-16 2.98336 48.5281 11.3806
New best: -648.509 0.0466339 0.00759078 0.0670481 -1.37256 55.2316 19.9557
New best: -676.257 0.0715428 0.0724489 -0.0507586 8.4645 60.0052 23.0704
New best: -702.433 -0.00384622 0.00132025 0.00363836 9.19514 56.738 25.2031
New best: -718.108 0.17774 -0.18614 -0.15799 4.99293 50.5161 22.9304
*************************************************
  N=6   NUMBER OF CORRECTIONS=5       INITIAL VALUES F= -718.108   GNORM= 47.9921
*************************************************
   I   NFN    FUNC        GNORM       STEPLENGTH
   1    5      -718.665      87.366       0.000
   2    6      -719.114      53.416       1.000
   3    7      -719.224      82.415       1.000
   4    8      -719.694      50.619       1.000
   5    9      -719.764      55.840       1.000
   6   10      -719.867      40.868       1.000
   7   12      -719.936      39.087       0.442
   8   14      -719.959      19.579       0.093
   9   15      -719.973      11.343       1.000
  10   16      -719.984      10.279       1.000
  11   17      -720.019      12.233       1.000
  12   18      -720.033      17.712       1.000
  13   19      -720.110      60.344       1.000
  14   21      -720.445      61.475       0.425
  15   22      -720.815      72.158       1.000
  16   23      -721.221      41.203       1.000
  17   28      -721.522      35.935       0.128
  18   32      -721.535      30.621       0.008
  19   33      -721.852      50.553       1.000
  20   34      -723.962      47.345       1.000
  21   35      -724.156      41.380       1.000
  22   37      -951.811      35.967       5.000
  23   39     -2410.380       0.000       5.000
 THE MINIMIZATION TERMINATED WITHOUT DETECTING ERRORS.
Final RAS Transform: 
0.864108 0.351262 0.360461 -87.2254 
-0.418257 0.899536 0.12608 15.1287 
-0.27996 -0.259712 0.924214 340.027 
0 0 0 1 

Final RAS Transform: 
0.864108 0.351262 0.360461 -87.2254 
-0.418257 0.899536 0.12608 15.1287 
-0.27996 -0.259712 0.924214 340.027 
0 0 0 1 

Final RAS Transform: 
0.864108 0.351262 0.360461 -87.2254 
-0.418257 0.899536 0.12608 15.1287 
-0.27996 -0.259712 0.924214 340.027 
0 0 0 1 

Final RAS Transform: 
0.864108 0.351262 0.360461 -87.2254 
-0.418257 0.899536 0.12608 15.1287 
-0.27996 -0.259712 0.924214 340.027 
0 0 0 1 


real	1m30.939s
user	2m19.772s
sys	0m9.924s
+ greedy -d 3 -a -m NCC 2x2x2 -i /home/ccn30/ENCRYPT/atlases/utrechtatlas/template/template.nii.gz /lustre/scratch/wbic-beta/ccn30/ENCRYPT/segmentation/ASHS/25869/DenoiseT1N4T2Utrecht/mprage.nii.gz -o /lustre/scratch/wbic-beta/ccn30/ENCRYPT/segmentation/ASHS/25869/DenoiseT1N4T2Utrecht/affine_t1_to_template/greedy_t1_to_template.mat -n 400x80x40x0 -ia /lustre/scratch/wbic-beta/ccn30/ENCRYPT/segmentation/ASHS/25869/DenoiseT1N4T2Utrecht/affine_t1_to_template/greedy_t1_to_template_init_rigid.mat
Executing with the default number of threads: 24
Noise on image 0 component 0: fixed = 0.0104249, moving = 55.051
*************************************************
  N=12   NUMBER OF CORRECTIONS=5       INITIAL VALUES F= -2410.38   GNORM= 0
*************************************************
   I   NFN    FUNC        GNORM       STEPLENGTH
  THE SEARCH DIRECTION IS NOT A DESCENT DIRECTION
 IFLAG= -1  LINE SEARCH FAILED. SEE DOCUMENTATION OF ROUTINE MCSRCH ERROR RETURN OF LINE SEARCH: INFO= 0 POSSIBLE CAUSES: FUNCTION OR GRADIENT ARE INCORRECT OR INCORRECT TOLERANCESvnl_lbfgs: Error. Netlib routine lbfgs failed.
Final RAS Transform: 
0.864108 0.351262 0.360461 -87.2254 
-0.418257 0.899536 0.12608 15.1287 
-0.27996 -0.259712 0.924214 340.027 
0 0 0 1 

*************************************************
  N=12   NUMBER OF CORRECTIONS=5       INITIAL VALUES F= -2678.06   GNORM= 0
*************************************************
   I   NFN    FUNC        GNORM       STEPLENGTH
  THE SEARCH DIRECTION IS NOT A DESCENT DIRECTION
 IFLAG= -1  LINE SEARCH FAILED. SEE DOCUMENTATION OF ROUTINE MCSRCH ERROR RETURN OF LINE SEARCH: INFO= 0 POSSIBLE CAUSES: FUNCTION OR GRADIENT ARE INCORRECT OR INCORRECT TOLERANCESvnl_lbfgs: Error. Netlib routine lbfgs failed.
Final RAS Transform: 
0.864108 0.351262 0.360461 -87.2254 
-0.418257 0.899536 0.12608 15.1287 
-0.27996 -0.259712 0.924214 340.027 
0 0 0 1 

*************************************************
  N=12   NUMBER OF CORRECTIONS=5       INITIAL VALUES F= -2800.12   GNORM= 0
*************************************************
   I   NFN    FUNC        GNORM       STEPLENGTH
  THE SEARCH DIRECTION IS NOT A DESCENT DIRECTION
 IFLAG= -1  LINE SEARCH FAILED. SEE DOCUMENTATION OF ROUTINE MCSRCH ERROR RETURN OF LINE SEARCH: INFO= 0 POSSIBLE CAUSES: FUNCTION OR GRADIENT ARE INCORRECT OR INCORRECT TOLERANCESvnl_lbfgs: Error. Netlib routine lbfgs failed.
Final RAS Transform: 
0.864108 0.351262 0.360461 -87.2254 
-0.418257 0.899536 0.12608 15.1287 
-0.27996 -0.259712 0.924214 340.027 
0 0 0 1 

Final RAS Transform: 
0.864108 0.351262 0.360461 -87.2254 
-0.418257 0.899536 0.12608 15.1287 
-0.27996 -0.259712 0.924214 340.027 
0 0 0 1 


real	1m17.198s
user	1m55.984s
sys	0m8.760s
+ greedy -d 3 -r /lustre/scratch/wbic-beta/ccn30/ENCRYPT/segmentation/ASHS/25869/DenoiseT1N4T2Utrecht/affine_t1_to_template/greedy_t1_to_template.mat -rf /home/ccn30/ENCRYPT/atlases/utrechtatlas/template/template.nii.gz -rm /lustre/scratch/wbic-beta/ccn30/ENCRYPT/segmentation/ASHS/25869/DenoiseT1N4T2Utrecht/mprage.nii.gz /lustre/scratch/wbic-beta/ccn30/ENCRYPT/segmentation/ASHS/25869/DenoiseT1N4T2Utrecht/affine_t1_to_template/test_greedy_affine.nii.gz
Executing with the default number of threads: 24
+ cp -a /lustre/scratch/wbic-beta/ccn30/ENCRYPT/segmentation/ASHS/25869/DenoiseT1N4T2Utrecht/affine_t1_to_template/greedy_t1_to_template.mat /lustre/scratch/wbic-beta/ccn30/ENCRYPT/segmentation/ASHS/25869/DenoiseT1N4T2Utrecht/affine_t1_to_template/t1_to_template_affine.mat
+ ln -sf /lustre/scratch/wbic-beta/ccn30/ENCRYPT/segmentation/ASHS/25869/DenoiseT1N4T2Utrecht/affine_t1_to_template/test_greedy_affine.nii.gz /lustre/scratch/wbic-beta/ccn30/ENCRYPT/segmentation/ASHS/25869/DenoiseT1N4T2Utrecht/affine_t1_to_template/t1_to_template_affine.nii.gz
+ c3d_affine_tool /lustre/scratch/wbic-beta/ccn30/ENCRYPT/segmentation/ASHS/25869/DenoiseT1N4T2Utrecht/affine_t1_to_template/t1_to_template_affine.mat -inv -o /lustre/scratch/wbic-beta/ccn30/ENCRYPT/segmentation/ASHS/25869/DenoiseT1N4T2Utrecht/affine_t1_to_template/t1_to_template_affine_inv.mat
+ [[ 0 == 1 ]]
+ [[ 0 == 1 ]]
+ [[ 0 == 1 ]]
+ job_progress 0.5
+ local PROGRESS=0.5
+ local CHUNK_PSTART CHUNK_PEND
+ read CHUNK_PSTART CHUNK_PEND
++ echo 1
++ awk -v bs=0.0 -v be=0.2 -v j=0 -v n=1 '{print bs + ((be - bs) * j) / n, bs + ((be - bs) * (j+1)) / n}'
+ echo 'CHUNK 0.0 0.2'
CHUNK 0.0 0.2
+ echo 1
+ awk -v bs=0.0 -v be=0.2 -v j=0 -v n=1 '{print bs + ((be - bs) * j) / n, bs + ((be - bs) * (j+1)) / n}'
0 0.2
+ echo 'CHUNK 0 0.2 0.5'
CHUNK 0 0.2 0.5
+ bash /home/ccn30/privatemodules/ASHS/ashs-fastashs_beta/bin/ashs_default_hook.sh progress 0 0.2 0.5
====================================
         PROGRESS: 0               
====================================
+ [[ -n '' ]]
+ greedy -d 3 -m NCC 2x2x2 -e 0.5 -n 60x60x20x0 -i /home/ccn30/ENCRYPT/atlases/utrechtatlas/template/template.nii.gz /lustre/scratch/wbic-beta/ccn30/ENCRYPT/segmentation/ASHS/25869/DenoiseT1N4T2Utrecht/affine_t1_to_template/t1_to_template_affine.nii.gz -o /lustre/scratch/wbic-beta/ccn30/ENCRYPT/segmentation/ASHS/25869/DenoiseT1N4T2Utrecht/ants_t1_to_temp/greedy_t1_to_template_warp.nii.gz -oinv /lustre/scratch/wbic-beta/ccn30/ENCRYPT/segmentation/ASHS/25869/DenoiseT1N4T2Utrecht/ants_t1_to_temp/greedy_t1_to_template_invwarp.nii.gz -gm /home/ccn30/ENCRYPT/atlases/utrechtatlas/template/template_bet_mask.nii.gz
Executing with the default number of threads: 24
Noise on image 0 component 0: fixed = 0.0104249, moving = 0
LEVEL 1 of 4
  Smoothing sigmas: [9.11606, 9.11606, 6.92825], [3.72161, 3.72161, 2.82845]
Level     0,  Iter     0:    Energy =   0.0000
Level     0,  Iter     1:    Energy =   0.0000
Level     0,  Iter     2:    Energy =   0.0000
Level     0,  Iter     3:    Energy =   0.0000
Level     0,  Iter     4:    Energy =   0.0000
Level     0,  Iter     5:    Energy =   0.0000
Level     0,  Iter     6:    Energy =   0.0000
Level     0,  Iter     7:    Energy =   0.0000
Level     0,  Iter     8:    Energy =   0.0000
Level     0,  Iter     9:    Energy =   0.0000
Level     0,  Iter    10:    Energy =   0.0000
Level     0,  Iter    11:    Energy =   0.0000
Level     0,  Iter    12:    Energy =   0.0000
Level     0,  Iter    13:    Energy =   0.0000
Level     0,  Iter    14:    Energy =   0.0000
Level     0,  Iter    15:    Energy =   0.0000
Level     0,  Iter    16:    Energy =   0.0000
Level     0,  Iter    17:    Energy =   0.0000
Level     0,  Iter    18:    Energy =   0.0000
Level     0,  Iter    19:    Energy =   0.0000
Level     0,  Iter    20:    Energy =   0.0000
Level     0,  Iter    21:    Energy =   0.0000
Level     0,  Iter    22:    Energy =   0.0000
Level     0,  Iter    23:    Energy =   0.0000
Level     0,  Iter    24:    Energy =   0.0000
Level     0,  Iter    25:    Energy =   0.0000
Level     0,  Iter    26:    Energy =   0.0000
Level     0,  Iter    27:    Energy =   0.0000
Level     0,  Iter    28:    Energy =   0.0000
Level     0,  Iter    29:    Energy =   0.0000
Level     0,  Iter    30:    Energy =   0.0000
Level     0,  Iter    31:    Energy =   0.0000
Level     0,  Iter    32:    Energy =   0.0000
Level     0,  Iter    33:    Energy =   0.0000
Level     0,  Iter    34:    Energy =   0.0000
Level     0,  Iter    35:    Energy =   0.0000
Level     0,  Iter    36:    Energy =   0.0000
Level     0,  Iter    37:    Energy =   0.0000
Level     0,  Iter    38:    Energy =   0.0000
Level     0,  Iter    39:    Energy =   0.0000
Level     0,  Iter    40:    Energy =   0.0000
Level     0,  Iter    41:    Energy =   0.0000
Level     0,  Iter    42:    Energy =   0.0000
Level     0,  Iter    43:    Energy =   0.0000
Level     0,  Iter    44:    Energy =   0.0000
Level     0,  Iter    45:    Energy =   0.0000
Level     0,  Iter    46:    Energy =   0.0000
Level     0,  Iter    47:    Energy =   0.0000
Level     0,  Iter    48:    Energy =   0.0000
Level     0,  Iter    49:    Energy =   0.0000
Level     0,  Iter    50:    Energy =   0.0000
Level     0,  Iter    51:    Energy =   0.0000
Level     0,  Iter    52:    Energy =   0.0000
Level     0,  Iter    53:    Energy =   0.0000
Level     0,  Iter    54:    Energy =   0.0000
Level     0,  Iter    55:    Energy =   0.0000
Level     0,  Iter    56:    Energy =   0.0000
Level     0,  Iter    57:    Energy =   0.0000
Level     0,  Iter    58:    Energy =   0.0000
Level     0,  Iter    59:    Energy =   0.0000
END OF LEVEL     0    DetJac Range:   1.0000  to   1.0000 
  Avg. Gradient Time  : 0.0195s  38.97% 
  Avg. Gaussian Time  : 0.0262s  52.25% 
  Avg. Iteration Time : 0.0501s 
LEVEL 2 of 4
  Smoothing sigmas: [4.55803, 4.55803, 3.46412], [1.86081, 1.86081, 1.41422]
Level     1,  Iter     0:    Energy =   0.0000
Level     1,  Iter     1:    Energy =   0.0000
Level     1,  Iter     2:    Energy =   0.0000
Level     1,  Iter     3:    Energy =   0.0000
Level     1,  Iter     4:    Energy =   0.0000
Level     1,  Iter     5:    Energy =   0.0000
Level     1,  Iter     6:    Energy =   0.0000
Level     1,  Iter     7:    Energy =   0.0000
Level     1,  Iter     8:    Energy =   0.0000
Level     1,  Iter     9:    Energy =   0.0000
Level     1,  Iter    10:    Energy =   0.0000
Level     1,  Iter    11:    Energy =   0.0000
Level     1,  Iter    12:    Energy =   0.0000
Level     1,  Iter    13:    Energy =   0.0000
Level     1,  Iter    14:    Energy =   0.0000
Level     1,  Iter    15:    Energy =   0.0000
Level     1,  Iter    16:    Energy =   0.0000
Level     1,  Iter    17:    Energy =   0.0000
Level     1,  Iter    18:    Energy =   0.0000
Level     1,  Iter    19:    Energy =   0.0000
Level     1,  Iter    20:    Energy =   0.0000
Level     1,  Iter    21:    Energy =   0.0000
Level     1,  Iter    22:    Energy =   0.0000
Level     1,  Iter    23:    Energy =   0.0000
Level     1,  Iter    24:    Energy =   0.0000
Level     1,  Iter    25:    Energy =   0.0000
Level     1,  Iter    26:    Energy =   0.0000
Level     1,  Iter    27:    Energy =   0.0000
Level     1,  Iter    28:    Energy =   0.0000
Level     1,  Iter    29:    Energy =   0.0000
Level     1,  Iter    30:    Energy =   0.0000
Level     1,  Iter    31:    Energy =   0.0000
Level     1,  Iter    32:    Energy =   0.0000
Level     1,  Iter    33:    Energy =   0.0000
Level     1,  Iter    34:    Energy =   0.0000
Level     1,  Iter    35:    Energy =   0.0000
Level     1,  Iter    36:    Energy =   0.0000
Level     1,  Iter    37:    Energy =   0.0000
Level     1,  Iter    38:    Energy =   0.0000
Level     1,  Iter    39:    Energy =   0.0000
Level     1,  Iter    40:    Energy =   0.0000
Level     1,  Iter    41:    Energy =   0.0000
Level     1,  Iter    42:    Energy =   0.0000
Level     1,  Iter    43:    Energy =   0.0000
Level     1,  Iter    44:    Energy =   0.0000
Level     1,  Iter    45:    Energy =   0.0000
Level     1,  Iter    46:    Energy =   0.0000
Level     1,  Iter    47:    Energy =   0.0000
Level     1,  Iter    48:    Energy =   0.0000
Level     1,  Iter    49:    Energy =   0.0000
Level     1,  Iter    50:    Energy =   0.0000
Level     1,  Iter    51:    Energy =   0.0000
Level     1,  Iter    52:    Energy =   0.0000
Level     1,  Iter    53:    Energy =   0.0000
Level     1,  Iter    54:    Energy =   0.0000
Level     1,  Iter    55:    Energy =   0.0000
Level     1,  Iter    56:    Energy =   0.0000
Level     1,  Iter    57:    Energy =   0.0000
Level     1,  Iter    58:    Energy =   0.0000
Level     1,  Iter    59:    Energy =   0.0000
END OF LEVEL     1    DetJac Range:   1.0000  to   1.0000 
  Avg. Gradient Time  : 0.1371s  38.58% 
  Avg. Gaussian Time  : 0.1954s  54.98% 
  Avg. Iteration Time : 0.3554s 
LEVEL 3 of 4
  Smoothing sigmas: [2.27901, 2.27901, 1.73206], [0.930404, 0.930404, 0.707111]
Level     2,  Iter     0:    Energy =   0.0000
Level     2,  Iter     1:    Energy =   0.0000
Level     2,  Iter     2:    Energy =   0.0000
Level     2,  Iter     3:    Energy =   0.0000
Level     2,  Iter     4:    Energy =   0.0000
Level     2,  Iter     5:    Energy =   0.0000
Level     2,  Iter     6:    Energy =   0.0000
Level     2,  Iter     7:    Energy =   0.0000
Level     2,  Iter     8:    Energy =   0.0000
Level     2,  Iter     9:    Energy =   0.0000
Level     2,  Iter    10:    Energy =   0.0000
Level     2,  Iter    11:    Energy =   0.0000
Level     2,  Iter    12:    Energy =   0.0000
Level     2,  Iter    13:    Energy =   0.0000
Level     2,  Iter    14:    Energy =   0.0000
Level     2,  Iter    15:    Energy =   0.0000
Level     2,  Iter    16:    Energy =   0.0000
Level     2,  Iter    17:    Energy =   0.0000
Level     2,  Iter    18:    Energy =   0.0000
Level     2,  Iter    19:    Energy =   0.0000
END OF LEVEL     2    DetJac Range:   1.0000  to   1.0000 
  Avg. Gradient Time  : 1.3619s  37.16% 
  Avg. Gaussian Time  : 2.1422s  58.45% 
  Avg. Iteration Time : 3.6649s 
LEVEL 4 of 4
  Smoothing sigmas: [1.13951, 1.13951, 0.866031], [0.465202, 0.465202, 0.353556]
slurmstepd: error: Job 5668742 exceeded memory limit (7171804 > 7168000), being killed
slurmstepd: error: Exceeded job memory limit
slurmstepd: error: *** JOB 5668742 ON wbic-cs-19 CANCELLED AT 2021-01-07T19:40:32 ***
