Changed directory to /lustre/scratch/wbic-beta/ccn30/ENCRYPT/scripts/Segmentation/slurmoutputs.

JobID: 5900289
======
Time: Wed Jan 13 20:41:16 GMT 2021
Running on master node: wbic-csm-6
Current directory: /lustre/scratch/wbic-beta/ccn30/ENCRYPT/scripts/Segmentation/slurmoutputs

Nodes allocated:
================
wbic-csm-6

numtasks=1, numnodes=1, mpi_tasks_per_node=1 (OMP_NUM_THREADS=1)

Executing command:
==================
/lustre/scratch/wbic-beta/ccn30/ENCRYPT/scripts/Segmentation/ASHS_mainfun.sh /lustre/scratch/wbic-beta/ccn30/ENCRYPT 25774/20191128_U-ID47237 /lustre/scratch/wbic-beta/ccn30/ENCRYPT/scripts/Segmentation/slurmoutputs

mkdir: cannot create directory ‘/lustre/scratch/wbic-beta/ccn30/ENCRYPT/segmentation/ASHS_Utrecht/25774’: No such file or directory
Beginning ASHS for:  25774
INPUT: /lustre/scratch/wbic-beta/ccn30/ENCRYPT/images/25774/20191128_U-ID47237/mp2rage/Rn4mag0000_PSIR_skulled_std.nii /lustre/scratch/wbic-beta/ccn30/ENCRYPT/images/25774/20191128_U-ID47237/Series_031_Highresolution_TSE_PAT2_100/t2.nii
/lustre/scratch/wbic-beta/ccn30/ENCRYPT/scripts/Segmentation/ASHS_mainfun.sh: line 54: cd: /lustre/scratch/wbic-beta/ccn30/ENCRYPT/segmentation/ASHS_Utrecht/25774/original: No such file or directory
Beginning ASHS for:  25774
INPUT: /lustre/scratch/wbic-beta/ccn30/ENCRYPT/images/25774/20191128_U-ID47237/mp2rage/Rn4mag0000_PSIR_skulled_std.nii /lustre/scratch/wbic-beta/ccn30/ENCRYPT/images/25774/20191128_U-ID47237/Series_031_Highresolution_TSE_PAT2_100/n42_t2.nii
/lustre/scratch/wbic-beta/ccn30/ENCRYPT/scripts/Segmentation/ASHS_mainfun.sh: line 65: cd: /lustre/scratch/wbic-beta/ccn30/ENCRYPT/segmentation/ASHS_Utrecht/25774/N4T2: No such file or directory
Beginning ASHS for:  25774
INPUT: /lustre/scratch/wbic-beta/ccn30/ENCRYPT/images/25774/20191128_U-ID47237/mp2rage/Rn4mag0000_PSIR_skulled_std.nii /lustre/scratch/wbic-beta/ccn30/ENCRYPT/images/25774/20191128_U-ID47237/Series_031_Highresolution_TSE_PAT2_100/n42_t2.nii
/lustre/scratch/wbic-beta/ccn30/ENCRYPT/scripts/Segmentation/ASHS_mainfun.sh: line 76: cd: /lustre/scratch/wbic-beta/ccn30/ENCRYPT/segmentation/ASHS_Utrecht/25774/N4T2skullstrippedT1: No such file or directory
Beginning ASHS for:  25774
INPUT: /lustre/scratch/wbic-beta/ccn30/ENCRYPT/images/25774/20191128_U-ID47237/mp2rage/Rn4mag0000_PSIR_skulled_std.nii /lustre/scratch/wbic-beta/ccn30/ENCRYPT/images/25774/20191128_U-ID47237/Series_031_Highresolution_TSE_PAT2_100/n42_t2.nii
/lustre/scratch/wbic-beta/ccn30/ENCRYPT/scripts/Segmentation/ASHS_mainfun.sh: line 87: cd: /lustre/scratch/wbic-beta/ccn30/ENCRYPT/segmentation/ASHS_Utrecht/25774/DenoiseWT1DenoiseT2: No such file or directory
Beginning ASHS for:  25774
INPUT: /lustre/scratch/wbic-beta/ccn30/ENCRYPT/images/25774/20191128_U-ID47237/mp2rage/Rn4mag0000_PSIR_skulled_std.nii /lustre/scratch/wbic-beta/ccn30/ENCRYPT/images/25774/20191128_U-ID47237/Series_031_Highresolution_TSE_PAT2_100/t2.nii
/lustre/scratch/wbic-beta/ccn30/ENCRYPT/scripts/Segmentation/ASHS_mainfun.sh: line 104: cd: /lustre/scratch/wbic-beta/ccn30/ENCRYPT/segmentation/ASHS_Utrecht/25774/originalskullstripped: No such file or directory
Beginning ASHS for:  25774
/lustre/scratch/wbic-beta/ccn30/ENCRYPT/scripts/Segmentation/ASHS_mainfun.sh: line 114: cd: /lustre/scratch/wbic-beta/ccn30/ENCRYPT/segmentation/ASHS_Utrecht/25774/DenoiseBrainT1DenoiseT2: No such file or directory
mkdir: cannot create directory ‘affine_t1_to_template’: File exists
Beginning ASHS for:  25774
/lustre/scratch/wbic-beta/ccn30/ENCRYPT/scripts/Segmentation/ASHS_mainfun.sh: line 130: cd: /lustre/scratch/wbic-beta/ccn30/ENCRYPT/segmentation/ASHS_Utrecht/25774/DenoiseT1N4T2Utrecht: No such file or directory
Beginning ASHS for:  25774
/lustre/scratch/wbic-beta/ccn30/ENCRYPT/scripts/Segmentation/ASHS_mainfun.sh: line 140: cd: /lustre/scratch/wbic-beta/ccn30/ENCRYPT/segmentation/ASHS_Utrecht/25774/DenoiseT1N4T2Utrecht: No such file or directory
