Changed directory to /lustre/scratch/wbic-beta/ccn30/ENCRYPT/scripts/Segmentation/slurmoutputs.

JobID: 6156444
======
Time: Mon Jan 25 09:42:25 GMT 2021
Running on master node: wbic-cs-39
Current directory: /lustre/scratch/wbic-beta/ccn30/ENCRYPT/scripts/Segmentation/slurmoutputs

Nodes allocated:
================
wbic-cs-39

numtasks=1, numnodes=1, mpi_tasks_per_node=1 (OMP_NUM_THREADS=1)

Executing command:
==================
/lustre/scratch/wbic-beta/ccn30/ENCRYPT/scripts/Segmentation/recon_all.sh /lustre/scratch/wbic-beta/ccn30/ENCRYPT 26069/20200221_U-ID48187 /lustre/scratch/wbic-beta/ccn30/ENCRYPT/scripts/Segmentation/slurmoutputs

You are in recon_all func
/applications/freesurfer/freesurfer_7.1.0
/applications/freesurfer/freesurfer_7.1.0/subjects
/lustre/scratch/wbic-beta/ccn30/ENCRYPT/scripts/Segmentation/recon_all.sh: line 37: export: `/lustre/scratch/wbic-beta/ccn30/ENCRYPT/segmentation/Freesurfer/T1only': not a valid identifier
Set subject dir to  /lustre/scratch/wbic-beta/ccn30/ENCRYPT/segmentation/Freesurfer/T1only
Subject Stamp: freesurfer-linux-centos7_x86_64-7.1.0-20200511-813297b
Current Stamp: freesurfer-linux-centos7_x86_64-7.1.0-20200511-813297b
INFO: SUBJECTS_DIR is /lustre/scratch/wbic-beta/ccn30/ENCRYPT/segmentation/Freesurfer/T1only
Actual FREESURFER_HOME /applications/freesurfer/freesurfer_7.1.0
-rw-rw-r-- 1 ccn30 ccn30 264429 Jan 25 09:07 /lustre/scratch/wbic-beta/ccn30/ENCRYPT/segmentation/Freesurfer/T1only/26069/scripts/recon-all.log
Linux wbic-cs-39 3.16.0-6-amd64 #1 SMP Debian 3.16.57-2 (2018-07-14) x86_64 GNU/Linux
'/applications/freesurfer/freesurfer_7.1.0/bin/recon-all' -> '/lustre/scratch/wbic-beta/ccn30/ENCRYPT/segmentation/Freesurfer/T1only/26069/scripts/recon-all.local-copy'

 mv -f /lustre/scratch/wbic-beta/ccn30/ENCRYPT/segmentation/Freesurfer/T1only/26069/mri/brainmask.mgz /lustre/scratch/wbic-beta/ccn30/ENCRYPT/segmentation/Freesurfer/T1only/26069/trash 

/lustre/scratch/wbic-beta/ccn30/ENCRYPT/segmentation/Freesurfer/T1only/26069/mri/transforms /lustre/scratch/wbic-beta/ccn30/ENCRYPT/segmentation/Freesurfer/T1only/26069 
/lustre/scratch/wbic-beta/ccn30/ENCRYPT/segmentation/Freesurfer/T1only/26069 
#--------------------------------------------
#@# Skull Stripping Mon Jan 25 09:42:27 GMT 2021
/lustre/scratch/wbic-beta/ccn30/ENCRYPT/segmentation/Freesurfer/T1only/26069/mri

 mri_watershed -T1 -brain_atlas /applications/freesurfer/freesurfer_7.1.0/average/RB_all_withskull_2020_01_02.gca transforms/talairach_with_skull.lta T1.mgz brainmask.auto.mgz 


Mode:          T1 normalized volume
Mode:          Use the information of atlas (default parms, --help for details)

*********************************************************
The input file is T1.mgz
The output file is brainmask.auto.mgz
Weighting the input with atlas information before watershed

*************************WATERSHED**************************
Sorting...
      first estimation of the COG coord: x=127 y=107 z=119 r=99
      first estimation of the main basin volume: 4101602 voxels
      Looking for seedpoints 
        2 found in the cerebellum 
        13 found in the rest of the brain 
      global maximum in x=148, y=101, z=109, Imax=255
      CSF=14, WM_intensity=110, WM_VARIANCE=5
      WM_MIN=110, WM_HALF_MIN=110, WM_HALF_MAX=110, WM_MAX=110 
      preflooding height equal to 10 percent
done.
Analyze...

      main basin size=7408241118 voxels, voxel volume =1.000 
                     = 7408241118 mmm3 = 7408241.152 cm3
done.
PostAnalyze...Basin Prior
 733 basins merged thanks to atlas 
      ***** 0 basin(s) merged in 1 iteration(s)
      ***** 0 voxel(s) added to the main basin
done.
Weighting the input with prior template 

****************TEMPLATE DEFORMATION****************

      second estimation of the COG coord: x=126,y=120, z=112, r=10066 iterations
^^^^^^^^ couldn't find WM with original limits - expanding ^^^^^^

   GLOBAL      CSF_MIN=1, CSF_intensity=2, CSF_MAX=10 , nb = 44928
  RIGHT_CER    CSF_MIN=1, CSF_intensity=2, CSF_MAX=14 , nb = 3060
  LEFT_CER     CSF_MIN=1, CSF_intensity=2, CSF_MAX=22 , nb = 2448
 RIGHT_BRAIN   CSF_MIN=1, CSF_intensity=2, CSF_MAX=9 , nb = 19818
 LEFT_BRAIN    CSF_MIN=1, CSF_intensity=2, CSF_MAX=9 , nb = 18702
    OTHER      CSF_MIN=0, CSF_intensity=5, CSF_MAX=20 , nb = 900
   
                     CSF_MAX  TRANSITION  GM_MIN  GM
    GLOBAL     
  before analyzing :    10,      15,        34,   59
  after  analyzing :    10,      27,        34,   35
   RIGHT_CER   
  before analyzing :    14,      47,        59,   63
  after  analyzing :    14,      55,        59,   57
   LEFT_CER    
  before analyzing :    22,      31,        40,   58
  after  analyzing :    22,      37,        40,   42
  RIGHT_BRAIN  
  before analyzing :    9,      14,        33,   58
  after  analyzing :    9,      26,        33,   34
  LEFT_BRAIN   
  before analyzing :    9,      13,        33,   60
  after  analyzing :    9,      26,        33,   34
     OTHER     
  before analyzing :    20,      44,        75,   94
  after  analyzing :    20,      64,        75,   71
      mri_strip_skull: done peeling brain
      highly tesselated surface with 10242 vertices
      matching...74 iterations

*********************VALIDATION*********************
curvature mean = -0.014, std = 0.012
curvature mean = 65.572, std = 8.895

No Rigid alignment: -atlas Mode Off (basic atlas / no registration)
      before rotation: sse = 2.44, sigma = 3.71
      after  rotation: sse = 2.44, sigma = 3.71
Localization of inacurate regions: Erosion-Dilation steps
      the sse mean is  2.54, its var is  3.37   
      before Erosion-Dilatation  0.21% of inacurate vertices
      after  Erosion-Dilatation  0.00% of inacurate vertices
      Validation of the shape of the surface done.
Scaling of atlas fields onto current surface fields

********FINAL ITERATIVE TEMPLATE DEFORMATION********
Compute Local values csf/gray
Fine Segmentation...34 iterations

      mri_strip_skull: done peeling brain

Brain Size = 1337598 voxels, voxel volume = 1.000 mm3
           = 1337598 mmm3 = 1337.598 cm3
MRImask(): AllowDiffGeom = 1


******************************
Saving brainmask.auto.mgz
done
mri_watershed utimesec    21.484000
mri_watershed stimesec    0.504000
mri_watershed ru_maxrss   816244
mri_watershed ru_ixrss    0
mri_watershed ru_idrss    0
mri_watershed ru_isrss    0
mri_watershed ru_minflt   206988
mri_watershed ru_majflt   0
mri_watershed ru_nswap    0
mri_watershed ru_inblock  9016
mri_watershed ru_oublock  2376
mri_watershed ru_msgsnd   0
mri_watershed ru_msgrcv   0
mri_watershed ru_nsignals 0
mri_watershed ru_nvcsw    76
mri_watershed ru_nivcsw   59
mri_watershed done

 rm -f brainmask.gcuts.mgz 


 mri_gcut -110 -mult brainmask.auto.mgz T1.mgz brainmask.auto.mgz brainmask.gcuts.mgz 


INFO: Care must be taken to thoroughly inspect your data
      when using mri_gcut. In particular, inspect the edges of
      gm and cerebellum for over-aggressive cutting.
      Add -segmentation brainmask.gcuts.mgz to the tkmedit
      command string to view the voxels which gcut has removed.

reading mask...
white mean: 104.854392
threshold set to: 104.854392*0.400000=41.941757
calculating weights...
doing mincut...
now doing maxflow, be patient...
g-cut done!
post-processing...
post-processing done!
masking...

 mri_binarize --i brainmask.gcuts.mgz --o brainmask.gcuts.mgz --binval 999 --min 1 


7.1.0
cwd /lustre/scratch/wbic-beta/ccn30/ENCRYPT/segmentation/Freesurfer/T1only/26069/mri
cmdline mri_binarize --i brainmask.gcuts.mgz --o brainmask.gcuts.mgz --binval 999 --min 1 
sysname  Linux
hostname wbic-cs-39
machine  x86_64
user     ccn30

input      brainmask.gcuts.mgz
frame      0
nErode3d   0
nErode2d   0
output     brainmask.gcuts.mgz
Binarizing based on threshold
min        1
max        +infinity
binval        999
binvalnot     0
fstart = 0, fend = 0, nframes = 1
Found 133310 values in range
Counting number of voxels in first frame
Found 133309 voxels in final mask
Count: 133309 133309.000000 16777216 0.794584
mri_binarize done

 cp brainmask.auto.mgz brainmask.mgz 


Started at Mon Jan 25 09:42:25 GMT 2021 
Ended   at Mon Jan 25 09:43:10 GMT 2021
#@#%# recon-all-run-time-hours 0.013
recon-all -s 26069 finished without error at Mon Jan 25 09:43:10 GMT 2021
done
DONE
