Changed directory to /lustre/scratch/wbic-beta/ccn30/ENCRYPT/scripts/Segmentation/slurmoutputs.

JobID: 6166513
======
Time: Tue Feb  2 13:17:50 GMT 2021
Running on master node: wbic-cs-11
Current directory: /lustre/scratch/wbic-beta/ccn30/ENCRYPT/scripts/Segmentation/slurmoutputs

Nodes allocated:
================
wbic-cs-11

numtasks=1, numnodes=1, mpi_tasks_per_node=1 (OMP_NUM_THREADS=1)

Executing command:
==================
/lustre/scratch/wbic-beta/ccn30/ENCRYPT/scripts/Segmentation/recon_all.sh /lustre/scratch/wbic-beta/ccn30/ENCRYPT 25739/20200122_U-ID47772 /lustre/scratch/wbic-beta/ccn30/ENCRYPT/scripts/Segmentation/slurmoutputs

You are in recon_all func
/applications/freesurfer/freesurfer_7.1.0
/applications/freesurfer/freesurfer_7.1.0/subjects
/lustre/scratch/wbic-beta/ccn30/ENCRYPT/scripts/Segmentation/recon_all.sh: line 37: export: `/lustre/scratch/wbic-beta/ccn30/ENCRYPT/segmentation/Freesurfer/T1only': not a valid identifier
Set subject dir to  /lustre/scratch/wbic-beta/ccn30/ENCRYPT/segmentation/Freesurfer/T1only
Subject Stamp: freesurfer-linux-centos7_x86_64-7.1.0-20200511-813297b
Current Stamp: freesurfer-linux-centos7_x86_64-7.1.0-20200511-813297b
INFO: SUBJECTS_DIR is /lustre/scratch/wbic-beta/ccn30/ENCRYPT/segmentation/Freesurfer/T1only
Actual FREESURFER_HOME /applications/freesurfer/freesurfer_7.1.0
-rw-rw-r-- 1 ccn30 ccn30 291902 Feb  1 19:54 /lustre/scratch/wbic-beta/ccn30/ENCRYPT/segmentation/Freesurfer/T1only/25739/scripts/recon-all.log
Linux wbic-cs-11 3.16.0-6-amd64 #1 SMP Debian 3.16.57-2 (2018-07-14) x86_64 GNU/Linux
'/applications/freesurfer/freesurfer_7.1.0/bin/recon-all' -> '/lustre/scratch/wbic-beta/ccn30/ENCRYPT/segmentation/Freesurfer/T1only/25739/scripts/recon-all.local-copy'

 mv -f /lustre/scratch/wbic-beta/ccn30/ENCRYPT/segmentation/Freesurfer/T1only/25739/mri/brainmask.mgz /lustre/scratch/wbic-beta/ccn30/ENCRYPT/segmentation/Freesurfer/T1only/25739/trash 

/lustre/scratch/wbic-beta/ccn30/ENCRYPT/segmentation/Freesurfer/T1only/25739/mri/transforms /lustre/scratch/wbic-beta/ccn30/ENCRYPT/segmentation/Freesurfer/T1only/25739 
/lustre/scratch/wbic-beta/ccn30/ENCRYPT/segmentation/Freesurfer/T1only/25739 
#--------------------------------------------
#@# Skull Stripping Tue Feb  2 13:17:52 GMT 2021
/lustre/scratch/wbic-beta/ccn30/ENCRYPT/segmentation/Freesurfer/T1only/25739/mri

 mri_watershed -T1 -brain_atlas /applications/freesurfer/freesurfer_7.1.0/average/RB_all_withskull_2020_01_02.gca transforms/talairach_with_skull.lta -h 15 T1.mgz brainmask.auto.mgz 


Mode:          T1 normalized volume
Mode:          Use the information of atlas (default parms, --help for details)
Mode:          Preflooding height manually specified

*********************************************************
The input file is T1.mgz
The output file is brainmask.auto.mgz
Weighting the input with atlas information before watershed

*************************WATERSHED**************************
Sorting...
      first estimation of the COG coord: x=126 y=106 z=117 r=75
      first estimation of the main basin volume: 1819110 voxels
      Looking for seedpoints 
        2 found in the cerebellum 
        18 found in the rest of the brain 
      global maximum in x=109, y=94, z=82, Imax=255
      CSF=12, WM_intensity=110, WM_VARIANCE=5
      WM_MIN=110, WM_HALF_MIN=110, WM_HALF_MAX=110, WM_MAX=110 
      preflooding height equal to 15 percent
done.
Analyze...

      main basin size=9430155866 voxels, voxel volume =1.000 
                     = 9430155866 mmm3 = 9430156.288 cm3
done.
PostAnalyze...Basin Prior
 331 basins merged thanks to atlas 
      ***** 0 basin(s) merged in 1 iteration(s)
      ***** 0 voxel(s) added to the main basin
done.
Weighting the input with prior template 

****************TEMPLATE DEFORMATION****************

      second estimation of the COG coord: x=126,y=118, z=111, r=10271 iterations
^^^^^^^^ couldn't find WM with original limits - expanding ^^^^^^

   GLOBAL      CSF_MIN=1, CSF_intensity=2, CSF_MAX=22 , nb = 43776
  RIGHT_CER    CSF_MIN=0, CSF_intensity=5, CSF_MAX=22 , nb = 3078
  LEFT_CER     CSF_MIN=0, CSF_intensity=6, CSF_MAX=32 , nb = 3078
 RIGHT_BRAIN   CSF_MIN=1, CSF_intensity=2, CSF_MAX=21 , nb = 18648
 LEFT_BRAIN    CSF_MIN=1, CSF_intensity=2, CSF_MAX=20 , nb = 18594
    OTHER      CSF_MIN=0, CSF_intensity=5, CSF_MAX=26 , nb = 378
 Problem with the least square interpolation in GM_MIN calculation.
   
                     CSF_MAX  TRANSITION  GM_MIN  GM
    GLOBAL     
  before analyzing :    22,      24,        29,   58
  after  analyzing :    22,      27,        29,   34
   RIGHT_CER   
  before analyzing :    22,      27,        34,   57
  after  analyzing :    22,      31,        34,   37
   LEFT_CER    
  before analyzing :    32,      31,        31,   58
  after  analyzing :    22,      31,        31,   37
  RIGHT_BRAIN  
  before analyzing :    21,      24,        29,   59
  after  analyzing :    21,      27,        29,   35
  LEFT_BRAIN   
  before analyzing :    20,      23,        28,   58
  after  analyzing :    20,      26,        28,   34
     OTHER     
  before analyzing :    26,      53,        77,   95
  after  analyzing :    26,      69,        77,   75
      mri_strip_skull: done peeling brain
      highly tesselated surface with 10242 vertices
      matching...73 iterations

*********************VALIDATION*********************
curvature mean = -0.013, std = 0.012
curvature mean = 68.741, std = 8.564

No Rigid alignment: -atlas Mode Off (basic atlas / no registration)
      before rotation: sse = 2.46, sigma = 3.77
      after  rotation: sse = 2.46, sigma = 3.77
Localization of inacurate regions: Erosion-Dilation steps
      the sse mean is  2.46, its var is  3.11   
      before Erosion-Dilatation  0.08% of inacurate vertices
      after  Erosion-Dilatation  0.00% of inacurate vertices
      Validation of the shape of the surface done.
Scaling of atlas fields onto current surface fields

********FINAL ITERATIVE TEMPLATE DEFORMATION********
Compute Local values csf/gray
Fine Segmentation...35 iterations

      mri_strip_skull: done peeling brain

Brain Size = 1591471 voxels, voxel volume = 1.000 mm3
           = 1591471 mmm3 = 1591.471 cm3
MRImask(): AllowDiffGeom = 1


******************************
Saving brainmask.auto.mgz
done
mri_watershed utimesec    18.184000
mri_watershed stimesec    0.440000
mri_watershed ru_maxrss   805032
mri_watershed ru_ixrss    0
mri_watershed ru_idrss    0
mri_watershed ru_isrss    0
mri_watershed ru_minflt   204173
mri_watershed ru_majflt   0
mri_watershed ru_nswap    0
mri_watershed ru_inblock  7432
mri_watershed ru_oublock  2616
mri_watershed ru_msgsnd   0
mri_watershed ru_msgrcv   0
mri_watershed ru_nsignals 0
mri_watershed ru_nvcsw    82
mri_watershed ru_nivcsw   28
mri_watershed done

 cp brainmask.auto.mgz brainmask.mgz 


Started at Tue Feb 2 13:17:50 GMT 2021 
Ended   at Tue Feb 2 13:18:12 GMT 2021
#@#%# recon-all-run-time-hours 0.006
recon-all -s 25739 finished without error at Tue Feb  2 13:18:12 GMT 2021
done
DONE
