This is job 6
Time: Mon 13 Sep 18:17:18 BST 2021
Running on master node: cpu-p-152
Current directory: /rds/user/ccn30/hpc-work/WBIC_lustre/ENCRYPT/scripts/ImagePrep/mp2rage/slurmoutputs
Changed directory to /home/ccn30/rds/hpc-work/WBIC_lustre/ENCRYPT/scripts/ImagePrep/mp2rage/slurmoutputs.

JobID: 46418916
======
Time: Mon 13 Sep 18:17:18 BST 2021
Running on master node: cpu-p-152
Current directory: /home/ccn30/rds/hpc-work/WBIC_lustre/ENCRYPT/scripts/ImagePrep/mp2rage/slurmoutputs

Nodes allocated:
================
cpu-p-152

numtasks=, numnodes=, mpi_tasks_per_node= (OMP_NUM_THREADS=1)

Executing command:
==================
/home/ccn30/rds/hpc-work/WBIC_lustre/ENCRYPT/scripts/ImagePrep/mp2rage/mp2rage_processing.sh /home/ccn30/rds/hpc-work/WBIC_lustre/ENCRYPT/ENCRYPT_MasterRIScodes.txt 6 /home/ccn30/rds/hpc-work/WBIC_lustre/ENCRYPT/scripts/ImagePrep/mp2rage /usr/local/Cluster-Apps/matlab/R2017b /usr/local/software/spm/spm12 /home/ccn30/rds/rds-p00500_encrypt-URQgmO1brZ0/p00500/ENCRYPT_images /usr/local/Cluster-Apps/fsl/5.0.8/fsl

Starting 25974
/home/ccn30/rds/rds-p00500_encrypt-URQgmO1brZ0/p00500/ENCRYPT_images/25974/mp2rage
STARTING mp2rage PREPROCESSING
total 297884
-rw-rw----+ 1 ccn30 wbic-p00500 45875552 Sep 13 18:17 phas0001.nii
-rw-rw----+ 1 ccn30 wbic-p00500 45875552 Sep 13 18:17 phas0000.nii
-rw-rw----+ 1 ccn30 wbic-p00500 91750752 Sep  2 13:53 mp2rage_phase.nii.gz
-rw-rw----+ 1 ccn30 wbic-p00500 91750752 Sep  2 13:53 mp2rage_magnitude.nii.gz
-rw-rw----+ 1 ccn30 wbic-p00500 45875552 Sep 13 18:17 mag0001.nii
-rw-rw----+ 1 ccn30 wbic-p00500 45875552 Sep 13 18:17 mag0000.nii
drwxrws---+ 5 ccn30 wbic-p00500     4096 Sep  2 13:53 ..
drwxrws---+ 2 ccn30 wbic-p00500     4096 Sep 13 18:17 .
The folder where the PSIR is is /home/ccn30/rds/rds-p00500_encrypt-URQgmO1brZ0/p00500/ENCRYPT_images/25974/mp2rage
The script directory is /home/ccn30/rds/hpc-work/WBIC_lustre/ENCRYPT/scripts/ImagePrep/mp2rage
The SPM directory is /usr/local/software/spm/spm12
/home/ccn30/rds/rds-p00500_encrypt-URQgmO1brZ0/p00500/ENCRYPT_images/25974/mp2rage/mag0000 and /home/ccn30/rds/rds-p00500_encrypt-URQgmO1brZ0/p00500/ENCRYPT_images/25974/mp2rage/mag0001 and /home/ccn30/rds/rds-p00500_encrypt-URQgmO1brZ0/p00500/ENCRYPT_images/25974/mp2rage/phas0000 and /home/ccn30/rds/rds-p00500_encrypt-URQgmO1brZ0/p00500/ENCRYPT_images/25974/mp2rage/phas0001 are the files selected
0.000000 0.000000 -1.000000 156.099991 
-1.000000 0.000000 0.000000 223.300003 
0.000000 1.000000 0.000000 0.000000 
0.000000 0.000000 0.000000 1.000000 

0.000000 0.000000 -1.000000 156.099991 
-1.000000 0.000000 0.000000 223.300003 
0.000000 1.000000 0.000000 0.000000 
0.000000 0.000000 0.000000 1.000000 

0.000000 0.000000 -1.000000 156.099991 
-1.000000 0.000000 0.000000 223.300003 
0.000000 1.000000 0.000000 0.000000 
0.000000 0.000000 0.000000 1.000000 

0.000000 0.000000 -1.000000 156.099991 
-1.000000 0.000000 0.000000 223.300003 
0.000000 1.000000 0.000000 0.000000 
0.000000 0.000000 0.000000 1.000000 


                            < M A T L A B (R) >
                  Copyright 1984-2017 The MathWorks, Inc.
                   R2017b (9.3.0.713579) 64-bit (glnxa64)
                             September 14, 2017

 
To get started, type one of these: helpwin, helpdesk, or demo.
For product information, visit www.mathworks.com.
 
You are in the PSIR function
Phase data rescaled to radians (Assuming Siemens data range [0 4095])
320  320  224    2is the image dimension
 
 
 
The PSIR reconstruction is done.
/home/ccn30/rds/rds-p00500_encrypt-URQgmO1brZ0/p00500/ENCRYPT_images/25974/mp2rage/mag0000

                            < M A T L A B (R) >
                  Copyright 1984-2017 The MathWorks, Inc.
                   R2017b (9.3.0.713579) 64-bit (glnxa64)
                             September 14, 2017

 
To get started, type one of these: helpwin, helpdesk, or demo.
For product information, visit www.mathworks.com.
 
You are in the PSIR function


------------------------------------------------------------------------
13-Sep-2021 18:18:24 - Running job #1
------------------------------------------------------------------------
13-Sep-2021 18:18:24 - Running 'Segment'

SPM12: spm_preproc_run (v7408)                     18:18:24 - 13/09/2021
========================================================================
Segment /home/ccn30/rds/rds-p00500_encrypt-URQgmO1brZ0/p00500/ENCRYPT_images/25974/mp2rage/mag0000.img,1
Segment /home/ccn30/rds/rds-p00500_encrypt-URQgmO1brZ0/p00500/ENCRYPT_images/25974/mp2rage/mag0001.img,1
Completed                               :          18:24:09 - 13/09/2021
13-Sep-2021 18:24:09 - Done    'Segment'
13-Sep-2021 18:24:09 - Done

SPM is done...
STEP 1 COMPLETE
total 1247308
-rw-rw-r--  1 ccn30 ccn30       45875200 Sep 13 18:17 phas0001.img
-rw-rw-r--  1 ccn30 ccn30            352 Sep 13 18:17 phas0001.hdr
-rw-rw-r--  1 ccn30 ccn30       45875200 Sep 13 18:17 phas0000.img
-rw-rw-r--  1 ccn30 ccn30            352 Sep 13 18:17 phas0000.hdr
-rw-rw----+ 1 ccn30 wbic-p00500 91750752 Sep  2 13:53 mp2rage_phase.nii.gz
-rw-rw----+ 1 ccn30 wbic-p00500 91750752 Sep  2 13:53 mp2rage_magnitude.nii.gz
-rw-rw----+ 1 ccn30 wbic-p00500 91750752 Sep 13 18:23 mmag0001.nii
-rw-rw----+ 1 ccn30 wbic-p00500 91750752 Sep 13 18:21 mmag0000.nii
-rw-rw----+ 1 ccn30 wbic-p00500 91750752 Sep 13 18:24 mag0001_skull.nii
-rw-rw----+ 1 ccn30 wbic-p00500 91750752 Sep 13 18:24 mag0001_skull_mask.nii
-rw-rw----+ 1 ccn30 wbic-p00500  4332120 Sep 13 18:23 mag0001_seg8.mat
-rw-rw-r--  1 ccn30 ccn30       45875200 Sep 13 18:17 mag0001.img
-rw-rw-r--  1 ccn30 ccn30            352 Sep 13 18:17 mag0001.hdr
-rw-rw----+ 1 ccn30 wbic-p00500 45875552 Sep 13 18:24 mag0001_brain_skull.nii
-rw-rw----+ 1 ccn30 wbic-p00500 91750752 Sep 13 18:24 mag0001_brain.nii
-rw-rw----+ 1 ccn30 wbic-p00500 45875552 Sep 13 18:24 mag0001_brain_mask.nii
-rw-rw----+ 1 ccn30 wbic-p00500  4332120 Sep 13 18:20 mag0000_seg8.mat
-rw-rw----+ 1 ccn30 wbic-p00500 91750752 Sep 13 18:24 mag0000_PSIR_skulled.nii
-rw-rw----+ 1 ccn30 wbic-p00500 54525112 Sep 13 18:18 mag0000_PSIR.nii.gz
-rw-rw----+ 1 ccn30 wbic-p00500 60851540 Sep 13 18:17 mag0000_PD_smooth.nii.gz
-rw-rw----+ 1 ccn30 wbic-p00500 55637964 Sep 13 18:17 mag0000_MP2RAGE.nii.gz
-rw-rw-r--  1 ccn30 ccn30       45875200 Sep 13 18:17 mag0000.img
-rw-rw-r--  1 ccn30 ccn30            352 Sep 13 18:17 mag0000.hdr
-rw-rw----+ 1 ccn30 wbic-p00500 22937952 Sep 13 18:24 c3mag0001.nii
-rw-rw----+ 1 ccn30 wbic-p00500 22937952 Sep 13 18:21 c3mag0000.nii
-rw-rw----+ 1 ccn30 wbic-p00500 22937952 Sep 13 18:24 c2mag0001.nii
-rw-rw----+ 1 ccn30 wbic-p00500 22937952 Sep 13 18:21 c2mag0000.nii
-rw-rw----+ 1 ccn30 wbic-p00500 22937952 Sep 13 18:24 c1mag0001.nii
-rw-rw----+ 1 ccn30 wbic-p00500 22937952 Sep 13 18:21 c1mag0000.nii
drwxrws---+ 5 ccn30 wbic-p00500     4096 Sep  2 13:53 ..
drwxrws---+ 2 ccn30 wbic-p00500     4096 Sep 13 18:24 .
STEP 1.1 COMPLETE
total 1289944
-rw-rw-r--  1 ccn30 ccn30       45875200 Sep 13 18:17 phas0001.img
-rw-rw-r--  1 ccn30 ccn30            352 Sep 13 18:17 phas0001.hdr
-rw-rw-r--  1 ccn30 ccn30       45875200 Sep 13 18:17 phas0000.img
-rw-rw-r--  1 ccn30 ccn30            352 Sep 13 18:17 phas0000.hdr
-rw-rw----+ 1 ccn30 wbic-p00500 91750752 Sep  2 13:53 mp2rage_phase.nii.gz
-rw-rw----+ 1 ccn30 wbic-p00500 91750752 Sep  2 13:53 mp2rage_magnitude.nii.gz
-rw-rw----+ 1 ccn30 wbic-p00500 91750752 Sep 13 18:23 mmag0001.nii
-rw-rw----+ 1 ccn30 wbic-p00500 91750752 Sep 13 18:21 mmag0000.nii
-rw-rw----+ 1 ccn30 wbic-p00500 91750752 Sep 13 18:24 mag0001_skull.nii
-rw-rw----+ 1 ccn30 wbic-p00500 91750752 Sep 13 18:24 mag0001_skull_mask.nii
-rw-rw----+ 1 ccn30 wbic-p00500  4332120 Sep 13 18:23 mag0001_seg8.mat
-rw-rw-r--  1 ccn30 ccn30       45875200 Sep 13 18:17 mag0001.img
-rw-rw-r--  1 ccn30 ccn30            352 Sep 13 18:17 mag0001.hdr
-rw-rw----+ 1 ccn30 wbic-p00500 45875552 Sep 13 18:24 mag0001_brain_skull.nii
-rw-rw----+ 1 ccn30 wbic-p00500 91750752 Sep 13 18:24 mag0001_brain.nii
-rw-rw----+ 1 ccn30 wbic-p00500 45875552 Sep 13 18:24 mag0001_brain_mask.nii
-rw-rw----+ 1 ccn30 wbic-p00500  4332120 Sep 13 18:20 mag0000_seg8.mat
-rw-rw----+ 1 ccn30 wbic-p00500 56175677 Sep 13 18:24 mag0000_PSIR_skulled_std.nii.gz
-rw-rw----+ 1 ccn30 wbic-p00500 56363933 Sep 13 18:24 mag0000_PSIR_skulled.nii.gz
-rw-rw----+ 1 ccn30 wbic-p00500 54525112 Sep 13 18:18 mag0000_PSIR.nii.gz
-rw-rw----+ 1 ccn30 wbic-p00500 60851540 Sep 13 18:17 mag0000_PD_smooth.nii.gz
-rw-rw----+ 1 ccn30 wbic-p00500 55637964 Sep 13 18:17 mag0000_MP2RAGE.nii.gz
-rw-rw-r--  1 ccn30 ccn30       45875200 Sep 13 18:17 mag0000.img
-rw-rw-r--  1 ccn30 ccn30            352 Sep 13 18:17 mag0000.hdr
-rw-rw----+ 1 ccn30 wbic-p00500 22937952 Sep 13 18:24 c3mag0001.nii
-rw-rw----+ 1 ccn30 wbic-p00500 22937952 Sep 13 18:21 c3mag0000.nii
-rw-rw----+ 1 ccn30 wbic-p00500 22937952 Sep 13 18:24 c2mag0001.nii
-rw-rw----+ 1 ccn30 wbic-p00500 22937952 Sep 13 18:21 c2mag0000.nii
-rw-rw----+ 1 ccn30 wbic-p00500 22937952 Sep 13 18:24 c1mag0001.nii
-rw-rw----+ 1 ccn30 wbic-p00500 22937952 Sep 13 18:21 c1mag0000.nii
drwxrws---+ 5 ccn30 wbic-p00500     4096 Sep  2 13:53 ..
drwxrws---+ 2 ccn30 wbic-p00500     4096 Sep 13 18:24 .

Running N4 for 3-dimensional images.

Mask not read.  Creating Otsu mask.
Current level = 1
  Iteration 1 (of 50).   Current convergence value = 0.000965802 (threshold = 1e-06)
  Iteration 2 (of 50).   Current convergence value = 0.000955542 (threshold = 1e-06)
  Iteration 3 (of 50).   Current convergence value = 0.000945143 (threshold = 1e-06)
  Iteration 4 (of 50).   Current convergence value = 0.000935672 (threshold = 1e-06)
  Iteration 5 (of 50).   Current convergence value = 0.000925987 (threshold = 1e-06)
  Iteration 6 (of 50).   Current convergence value = 0.000916786 (threshold = 1e-06)
  Iteration 7 (of 50).   Current convergence value = 0.000907602 (threshold = 1e-06)
  Iteration 8 (of 50).   Current convergence value = 0.000898296 (threshold = 1e-06)
  Iteration 9 (of 50).   Current convergence value = 0.000889597 (threshold = 1e-06)
  Iteration 10 (of 50).   Current convergence value = 0.000880841 (threshold = 1e-06)
  Iteration 11 (of 50).   Current convergence value = 0.000872636 (threshold = 1e-06)
  Iteration 12 (of 50).   Current convergence value = 0.000864279 (threshold = 1e-06)
  Iteration 13 (of 50).   Current convergence value = 0.000856064 (threshold = 1e-06)
  Iteration 14 (of 50).   Current convergence value = 0.00084812 (threshold = 1e-06)
  Iteration 15 (of 50).   Current convergence value = 0.000840464 (threshold = 1e-06)
  Iteration 16 (of 50).   Current convergence value = 0.000832792 (threshold = 1e-06)
  Iteration 17 (of 50).   Current convergence value = 0.000824767 (threshold = 1e-06)
  Iteration 18 (of 50).   Current convergence value = 0.000816115 (threshold = 1e-06)
  Iteration 19 (of 50).   Current convergence value = 0.000807689 (threshold = 1e-06)
  Iteration 20 (of 50).   Current convergence value = 0.000799903 (threshold = 1e-06)
  Iteration 21 (of 50).   Current convergence value = 0.000792214 (threshold = 1e-06)
  Iteration 22 (of 50).   Current convergence value = 0.00078467 (threshold = 1e-06)
  Iteration 23 (of 50).   Current convergence value = 0.000777195 (threshold = 1e-06)
  Iteration 24 (of 50).   Current convergence value = 0.000770156 (threshold = 1e-06)
  Iteration 25 (of 50).   Current convergence value = 0.00076303 (threshold = 1e-06)
  Iteration 26 (of 50).   Current convergence value = 0.000756146 (threshold = 1e-06)
  Iteration 27 (of 50).   Current convergence value = 0.000749261 (threshold = 1e-06)
  Iteration 28 (of 50).   Current convergence value = 0.000742757 (threshold = 1e-06)
  Iteration 29 (of 50).   Current convergence value = 0.000735618 (threshold = 1e-06)
  Iteration 30 (of 50).   Current convergence value = 0.000728761 (threshold = 1e-06)
  Iteration 31 (of 50).   Current convergence value = 0.000722426 (threshold = 1e-06)
  Iteration 32 (of 50).   Current convergence value = 0.000715839 (threshold = 1e-06)
  Iteration 33 (of 50).   Current convergence value = 0.0007099 (threshold = 1e-06)
  Iteration 34 (of 50).   Current convergence value = 0.000703578 (threshold = 1e-06)
  Iteration 35 (of 50).   Current convergence value = 0.000697607 (threshold = 1e-06)
  Iteration 36 (of 50).   Current convergence value = 0.000691638 (threshold = 1e-06)
  Iteration 37 (of 50).   Current convergence value = 0.000685929 (threshold = 1e-06)
  Iteration 38 (of 50).   Current convergence value = 0.000680458 (threshold = 1e-06)
  Iteration 39 (of 50).   Current convergence value = 0.000674751 (threshold = 1e-06)
  Iteration 40 (of 50).   Current convergence value = 0.00066894 (threshold = 1e-06)
  Iteration 41 (of 50).   Current convergence value = 0.000663494 (threshold = 1e-06)
  Iteration 42 (of 50).   Current convergence value = 0.000657905 (threshold = 1e-06)
  Iteration 43 (of 50).   Current convergence value = 0.000652275 (threshold = 1e-06)
  Iteration 44 (of 50).   Current convergence value = 0.00064604 (threshold = 1e-06)
  Iteration 45 (of 50).   Current convergence value = 0.000640639 (threshold = 1e-06)
  Iteration 46 (of 50).   Current convergence value = 0.00063486 (threshold = 1e-06)
  Iteration 47 (of 50).   Current convergence value = 0.000628754 (threshold = 1e-06)
  Iteration 48 (of 50).   Current convergence value = 0.00062353 (threshold = 1e-06)
  Iteration 49 (of 50).   Current convergence value = 0.00061812 (threshold = 1e-06)
  Iteration 50 (of 50).   Current convergence value = 0.000612676 (threshold = 1e-06)
Current level = 2
  Iteration 1 (of 50).   Current convergence value = 0.00122818 (threshold = 1e-06)
  Iteration 2 (of 50).   Current convergence value = 0.00120694 (threshold = 1e-06)
  Iteration 3 (of 50).   Current convergence value = 0.00118492 (threshold = 1e-06)
  Iteration 4 (of 50).   Current convergence value = 0.00116302 (threshold = 1e-06)
  Iteration 5 (of 50).   Current convergence value = 0.00114171 (threshold = 1e-06)
  Iteration 6 (of 50).   Current convergence value = 0.00112074 (threshold = 1e-06)
  Iteration 7 (of 50).   Current convergence value = 0.00110109 (threshold = 1e-06)
  Iteration 8 (of 50).   Current convergence value = 0.0010793 (threshold = 1e-06)
  Iteration 9 (of 50).   Current convergence value = 0.00105865 (threshold = 1e-06)
  Iteration 10 (of 50).   Current convergence value = 0.00103883 (threshold = 1e-06)
  Iteration 11 (of 50).   Current convergence value = 0.00101884 (threshold = 1e-06)
  Iteration 12 (of 50).   Current convergence value = 0.000999523 (threshold = 1e-06)
  Iteration 13 (of 50).   Current convergence value = 0.000980718 (threshold = 1e-06)
  Iteration 14 (of 50).   Current convergence value = 0.000960984 (threshold = 1e-06)
  Iteration 15 (of 50).   Current convergence value = 0.000941629 (threshold = 1e-06)
  Iteration 16 (of 50).   Current convergence value = 0.000921594 (threshold = 1e-06)
  Iteration 17 (of 50).   Current convergence value = 0.000901387 (threshold = 1e-06)
  Iteration 18 (of 50).   Current convergence value = 0.000882008 (threshold = 1e-06)
  Iteration 19 (of 50).   Current convergence value = 0.000862185 (threshold = 1e-06)
  Iteration 20 (of 50).   Current convergence value = 0.000841612 (threshold = 1e-06)
  Iteration 21 (of 50).   Current convergence value = 0.000822423 (threshold = 1e-06)
  Iteration 22 (of 50).   Current convergence value = 0.000803723 (threshold = 1e-06)
  Iteration 23 (of 50).   Current convergence value = 0.000784947 (threshold = 1e-06)
  Iteration 24 (of 50).   Current convergence value = 0.0007665 (threshold = 1e-06)
  Iteration 25 (of 50).   Current convergence value = 0.000748899 (threshold = 1e-06)
  Iteration 26 (of 50).   Current convergence value = 0.000732115 (threshold = 1e-06)
  Iteration 27 (of 50).   Current convergence value = 0.000715846 (threshold = 1e-06)
  Iteration 28 (of 50).   Current convergence value = 0.000699733 (threshold = 1e-06)
  Iteration 29 (of 50).   Current convergence value = 0.000683698 (threshold = 1e-06)
  Iteration 30 (of 50).   Current convergence value = 0.000667805 (threshold = 1e-06)
  Iteration 31 (of 50).   Current convergence value = 0.000652127 (threshold = 1e-06)
  Iteration 32 (of 50).   Current convergence value = 0.000638802 (threshold = 1e-06)
  Iteration 33 (of 50).   Current convergence value = 0.000623906 (threshold = 1e-06)
  Iteration 34 (of 50).   Current convergence value = 0.000610626 (threshold = 1e-06)
  Iteration 35 (of 50).   Current convergence value = 0.000596339 (threshold = 1e-06)
  Iteration 36 (of 50).   Current convergence value = 0.000583197 (threshold = 1e-06)
  Iteration 37 (of 50).   Current convergence value = 0.000569576 (threshold = 1e-06)
  Iteration 38 (of 50).   Current convergence value = 0.000557114 (threshold = 1e-06)
  Iteration 39 (of 50).   Current convergence value = 0.000544932 (threshold = 1e-06)
  Iteration 40 (of 50).   Current convergence value = 0.000533484 (threshold = 1e-06)
  Iteration 41 (of 50).   Current convergence value = 0.000522818 (threshold = 1e-06)
  Iteration 42 (of 50).   Current convergence value = 0.000511453 (threshold = 1e-06)
  Iteration 43 (of 50).   Current convergence value = 0.000501234 (threshold = 1e-06)
  Iteration 44 (of 50).   Current convergence value = 0.000490582 (threshold = 1e-06)
  Iteration 45 (of 50).   Current convergence value = 0.000480071 (threshold = 1e-06)
  Iteration 46 (of 50).   Current convergence value = 0.00047142 (threshold = 1e-06)
  Iteration 47 (of 50).   Current convergence value = 0.000462309 (threshold = 1e-06)
  Iteration 48 (of 50).   Current convergence value = 0.000454073 (threshold = 1e-06)
  Iteration 49 (of 50).   Current convergence value = 0.000445642 (threshold = 1e-06)
  Iteration 50 (of 50).   Current convergence value = 0.000437311 (threshold = 1e-06)
Current level = 3
  Iteration 1 (of 30).   Current convergence value = 0.000821733 (threshold = 1e-06)
  Iteration 2 (of 30).   Current convergence value = 0.000796455 (threshold = 1e-06)
  Iteration 3 (of 30).   Current convergence value = 0.000773056 (threshold = 1e-06)
  Iteration 4 (of 30).   Current convergence value = 0.000752057 (threshold = 1e-06)
  Iteration 5 (of 30).   Current convergence value = 0.000731837 (threshold = 1e-06)
  Iteration 6 (of 30).   Current convergence value = 0.000714511 (threshold = 1e-06)
  Iteration 7 (of 30).   Current convergence value = 0.000698499 (threshold = 1e-06)
  Iteration 8 (of 30).   Current convergence value = 0.000683651 (threshold = 1e-06)
  Iteration 9 (of 30).   Current convergence value = 0.00066978 (threshold = 1e-06)
  Iteration 10 (of 30).   Current convergence value = 0.000657501 (threshold = 1e-06)
  Iteration 11 (of 30).   Current convergence value = 0.000645194 (threshold = 1e-06)
  Iteration 12 (of 30).   Current convergence value = 0.000633882 (threshold = 1e-06)
  Iteration 13 (of 30).   Current convergence value = 0.00062201 (threshold = 1e-06)
  Iteration 14 (of 30).   Current convergence value = 0.000610718 (threshold = 1e-06)
  Iteration 15 (of 30).   Current convergence value = 0.000599708 (threshold = 1e-06)
  Iteration 16 (of 30).   Current convergence value = 0.000588017 (threshold = 1e-06)
  Iteration 17 (of 30).   Current convergence value = 0.00057565 (threshold = 1e-06)
  Iteration 18 (of 30).   Current convergence value = 0.000562497 (threshold = 1e-06)
  Iteration 19 (of 30).   Current convergence value = 0.000549878 (threshold = 1e-06)
  Iteration 20 (of 30).   Current convergence value = 0.000537118 (threshold = 1e-06)
  Iteration 21 (of 30).   Current convergence value = 0.000524165 (threshold = 1e-06)
  Iteration 22 (of 30).   Current convergence value = 0.000510322 (threshold = 1e-06)
  Iteration 23 (of 30).   Current convergence value = 0.000497155 (threshold = 1e-06)
  Iteration 24 (of 30).   Current convergence value = 0.000483787 (threshold = 1e-06)
  Iteration 25 (of 30).   Current convergence value = 0.000471245 (threshold = 1e-06)
  Iteration 26 (of 30).   Current convergence value = 0.000459597 (threshold = 1e-06)
  Iteration 27 (of 30).   Current convergence value = 0.000448036 (threshold = 1e-06)
  Iteration 28 (of 30).   Current convergence value = 0.000436451 (threshold = 1e-06)
  Iteration 29 (of 30).   Current convergence value = 0.00042534 (threshold = 1e-06)
  Iteration 30 (of 30).   Current convergence value = 0.000415303 (threshold = 1e-06)
Current level = 4
  Iteration 1 (of 20).   Current convergence value = 0.00159809 (threshold = 1e-06)
  Iteration 2 (of 20).   Current convergence value = 0.00150215 (threshold = 1e-06)
  Iteration 3 (of 20).   Current convergence value = 0.00141625 (threshold = 1e-06)
  Iteration 4 (of 20).   Current convergence value = 0.00133943 (threshold = 1e-06)
  Iteration 5 (of 20).   Current convergence value = 0.00127013 (threshold = 1e-06)
  Iteration 6 (of 20).   Current convergence value = 0.00120751 (threshold = 1e-06)
  Iteration 7 (of 20).   Current convergence value = 0.00115039 (threshold = 1e-06)
  Iteration 8 (of 20).   Current convergence value = 0.00109967 (threshold = 1e-06)
  Iteration 9 (of 20).   Current convergence value = 0.00105222 (threshold = 1e-06)
  Iteration 10 (of 20).   Current convergence value = 0.00100927 (threshold = 1e-06)
  Iteration 11 (of 20).   Current convergence value = 0.000970124 (threshold = 1e-06)
  Iteration 12 (of 20).   Current convergence value = 0.000935066 (threshold = 1e-06)
  Iteration 13 (of 20).   Current convergence value = 0.000917331 (threshold = 1e-06)
  Iteration 14 (of 20).   Current convergence value = 0.000916719 (threshold = 1e-06)
  Iteration 15 (of 20).   Current convergence value = 0.00089424 (threshold = 1e-06)
  Iteration 16 (of 20).   Current convergence value = 0.000876708 (threshold = 1e-06)
  Iteration 17 (of 20).   Current convergence value = 0.000860747 (threshold = 1e-06)
  Iteration 18 (of 20).   Current convergence value = 0.000846826 (threshold = 1e-06)
  Iteration 19 (of 20).   Current convergence value = 0.000834403 (threshold = 1e-06)
  Iteration 20 (of 20).   Current convergence value = 0.00082513 (threshold = 1e-06)
   N4BiasFieldCorrectionImageFilter (0x1c30090)
     RTTI typeinfo:   itk::N4BiasFieldCorrectionImageFilter<itk::Image<float, 3u>, itk::Image<float, 3u>, itk::Image<float, 3u> >
     Reference Count: 1
     Modified Time: 813
     Debug: Off
     Object Name: 
     Observers: 
       IterationEvent(Command)
     Inputs: 
       Primary: (0x1c401c0) *
       _1: (0x1c40840)
     Indexed Inputs: 
       0: Primary (0x1c401c0)
       1: _1 (0x1c40840)
     Required Input Names: Primary
     NumberOfRequiredInputs: 1
     Outputs: 
       Primary: (0x1c34950)
     Indexed Outputs: 
       0: Primary (0x1c34950)
     NumberOfRequiredOutputs: 1
     Number Of Threads: 56
     ReleaseDataFlag: Off
     ReleaseDataBeforeUpdateFlag: Off
     AbortGenerateData: Off
     Progress: 0
     Multithreader: 
       RTTI typeinfo:   itk::MultiThreader
       Reference Count: 1
       Modified Time: 122
       Debug: Off
       Object Name: 
       Observers: 
         none
       Thread Count: 56
       Global Maximum Number Of Threads: 128
       Global Default Number Of Threads: 56
     CoordinateTolerance: 1e-06
     DirectionTolerance: 1e-06
     Mask label: 1
     Number of histogram bins: 200
     Wiener filter noise: 0.01
     Bias field FWHM: 0.15
     Maximum number of iterations: [50, 50, 30, 20]
     Convergence threshold: 1e-06
     Spline order: 3
     Number of fitting levels: [4, 4, 4]
     Number of control points: [4, 5, 5]
     CurrentConvergenceMeasurement: 0.00082513
     CurrentLevel: 4
     ElapsedIterations: 21
     LogBiasFieldControlPointLattice: 
       Image (0x1c3a0a0)
         RTTI typeinfo:   itk::Image<itk::Vector<float, 1u>, 3u>
         Reference Count: 1
         Modified Time: 187182852
         Debug: Off
         Object Name: 
         Observers: 
           none
         Source: (none)
         Source output name: (none)
         Release Data: Off
         Data Released: False
         Global Release Data: Off
         PipelineMTime: 0
         UpdateMTime: 0
         RealTimeStamp: 0 seconds 
         LargestPossibleRegion: 
           Dimension: 3
           Index: [0, 0, 0]
           Size: [11, 19, 19]
         BufferedRegion: 
           Dimension: 3
           Index: [0, 0, 0]
           Size: [11, 19, 19]
         RequestedRegion: 
           Dimension: 3
           Index: [0, 0, 0]
           Size: [11, 19, 19]
         Spacing: [24.5, 24.85, 24.85]
         Origin: [-24.5, 24.85, -24.85]
         Direction: 
1 0 0
0 -1 0
0 0 1

         IndexToPointMatrix: 
24.5 0 0
0 -24.85 0
0 0 24.85

         PointToIndexMatrix: 
0.0408163 0 0
0 -0.0402414 0
0 0 0.0402414

         Inverse Direction: 
1 0 0
0 -1 0
0 0 1

         PixelContainer: 
           ImportImageContainer (0x1c3a360)
             RTTI typeinfo:   itk::ImportImageContainer<unsigned long, itk::Vector<float, 1u> >
             Reference Count: 1
             Modified Time: 187182853
             Debug: Off
             Object Name: 
             Observers: 
               none
             Pointer: 0x3237e70
             Container manages memory: true
             Size: 3971
             Capacity: 3971
Elapsed time: 123.938
STEP 2 COMPLETE
total 1369152
-rw-rw-r--  1 ccn30 ccn30       45875200 Sep 13 18:17 phas0001.img
-rw-rw-r--  1 ccn30 ccn30            352 Sep 13 18:17 phas0001.hdr
-rw-rw-r--  1 ccn30 ccn30       45875200 Sep 13 18:17 phas0000.img
-rw-rw-r--  1 ccn30 ccn30            352 Sep 13 18:17 phas0000.hdr
-rw-rw----+ 1 ccn30 wbic-p00500 56265993 Sep 13 18:27 n4mag0000_PSIR_skulled_std.nii.gz
-rw-rw----+ 1 ccn30 wbic-p00500 91750752 Sep  2 13:53 mp2rage_phase.nii.gz
-rw-rw----+ 1 ccn30 wbic-p00500 91750752 Sep  2 13:53 mp2rage_magnitude.nii.gz
-rw-rw----+ 1 ccn30 wbic-p00500 91750752 Sep 13 18:23 mmag0001.nii
-rw-rw----+ 1 ccn30 wbic-p00500 91750752 Sep 13 18:21 mmag0000.nii
-rw-rw----+ 1 ccn30 wbic-p00500 91750752 Sep 13 18:24 mag0001_skull.nii
-rw-rw----+ 1 ccn30 wbic-p00500 91750752 Sep 13 18:24 mag0001_skull_mask.nii
-rw-rw----+ 1 ccn30 wbic-p00500  4332120 Sep 13 18:23 mag0001_seg8.mat
-rw-rw-r--  1 ccn30 ccn30       45875200 Sep 13 18:17 mag0001.img
-rw-rw-r--  1 ccn30 ccn30            352 Sep 13 18:17 mag0001.hdr
-rw-rw----+ 1 ccn30 wbic-p00500 45875552 Sep 13 18:24 mag0001_brain_skull.nii
-rw-rw----+ 1 ccn30 wbic-p00500 91750752 Sep 13 18:24 mag0001_brain.nii
-rw-rw----+ 1 ccn30 wbic-p00500 45875552 Sep 13 18:24 mag0001_brain_mask.nii
-rw-rw----+ 1 ccn30 wbic-p00500  4332120 Sep 13 18:20 mag0000_seg8.mat
-rw-rw----+ 1 ccn30 wbic-p00500 56175677 Sep 13 18:24 mag0000_PSIR_skulled_std.nii.gz
-rw-rw----+ 1 ccn30 wbic-p00500 56363933 Sep 13 18:24 mag0000_PSIR_skulled.nii.gz
-rw-rw----+ 1 ccn30 wbic-p00500 54525112 Sep 13 18:18 mag0000_PSIR.nii.gz
-rw-rw----+ 1 ccn30 wbic-p00500 60851540 Sep 13 18:17 mag0000_PD_smooth.nii.gz
-rw-rw----+ 1 ccn30 wbic-p00500 55637964 Sep 13 18:17 mag0000_MP2RAGE.nii.gz
-rw-rw-r--  1 ccn30 ccn30       45875200 Sep 13 18:17 mag0000.img
-rw-rw-r--  1 ccn30 ccn30            352 Sep 13 18:17 mag0000.hdr
-rw-rw----+ 1 ccn30 wbic-p00500 22937952 Sep 13 18:24 c3mag0001.nii
-rw-rw----+ 1 ccn30 wbic-p00500 22937952 Sep 13 18:21 c3mag0000.nii
-rw-rw----+ 1 ccn30 wbic-p00500 22937952 Sep 13 18:24 c2mag0001.nii
-rw-rw----+ 1 ccn30 wbic-p00500 22937952 Sep 13 18:21 c2mag0000.nii
-rw-rw----+ 1 ccn30 wbic-p00500 22937952 Sep 13 18:24 c1mag0001.nii
-rw-rw----+ 1 ccn30 wbic-p00500 22937952 Sep 13 18:21 c1mag0000.nii
drwxrws---+ 5 ccn30 wbic-p00500     4096 Sep  2 13:53 ..
drwxrws---+ 2 ccn30 wbic-p00500     4096 Sep 13 18:27 .
STEP 3 COMPLETE
total 1401916
-rw-rw-r--  1 ccn30 ccn30       45875200 Sep 13 18:17 phas0001.img
-rw-rw-r--  1 ccn30 ccn30            352 Sep 13 18:17 phas0001.hdr
-rw-rw-r--  1 ccn30 ccn30       45875200 Sep 13 18:17 phas0000.img
-rw-rw-r--  1 ccn30 ccn30            352 Sep 13 18:17 phas0000.hdr
-rw-rw----+ 1 ccn30 wbic-p00500 91750752 Sep 13 18:27 n4mag0000_PSIR_skulled_std.nii
-rw-rw----+ 1 ccn30 wbic-p00500 91750752 Sep  2 13:53 mp2rage_phase.nii.gz
-rw-rw----+ 1 ccn30 wbic-p00500 91750752 Sep  2 13:53 mp2rage_magnitude.nii.gz
-rw-rw----+ 1 ccn30 wbic-p00500 91750752 Sep 13 18:23 mmag0001.nii
-rw-rw----+ 1 ccn30 wbic-p00500 91750752 Sep 13 18:21 mmag0000.nii
-rw-rw----+ 1 ccn30 wbic-p00500 91750752 Sep 13 18:24 mag0001_skull.nii
-rw-rw----+ 1 ccn30 wbic-p00500 91750752 Sep 13 18:24 mag0001_skull_mask.nii
-rw-rw----+ 1 ccn30 wbic-p00500  4332120 Sep 13 18:23 mag0001_seg8.mat
-rw-rw-r--  1 ccn30 ccn30       45875200 Sep 13 18:17 mag0001.img
-rw-rw-r--  1 ccn30 ccn30            352 Sep 13 18:17 mag0001.hdr
-rw-rw----+ 1 ccn30 wbic-p00500 45875552 Sep 13 18:24 mag0001_brain_skull.nii
-rw-rw----+ 1 ccn30 wbic-p00500 91750752 Sep 13 18:24 mag0001_brain.nii
-rw-rw----+ 1 ccn30 wbic-p00500 45875552 Sep 13 18:24 mag0001_brain_mask.nii
-rw-rw----+ 1 ccn30 wbic-p00500  4332120 Sep 13 18:20 mag0000_seg8.mat
-rw-rw----+ 1 ccn30 wbic-p00500 56175677 Sep 13 18:24 mag0000_PSIR_skulled_std.nii.gz
-rw-rw----+ 1 ccn30 wbic-p00500 56363933 Sep 13 18:24 mag0000_PSIR_skulled.nii.gz
-rw-rw----+ 1 ccn30 wbic-p00500 54525112 Sep 13 18:18 mag0000_PSIR.nii.gz
-rw-rw----+ 1 ccn30 wbic-p00500 60851540 Sep 13 18:17 mag0000_PD_smooth.nii.gz
-rw-rw----+ 1 ccn30 wbic-p00500 55637964 Sep 13 18:17 mag0000_MP2RAGE.nii.gz
-rw-rw-r--  1 ccn30 ccn30       45875200 Sep 13 18:17 mag0000.img
-rw-rw-r--  1 ccn30 ccn30            352 Sep 13 18:17 mag0000.hdr
-rw-rw----+ 1 ccn30 wbic-p00500 22937952 Sep 13 18:24 c3mag0001.nii
-rw-rw----+ 1 ccn30 wbic-p00500 22937952 Sep 13 18:21 c3mag0000.nii
-rw-rw----+ 1 ccn30 wbic-p00500 22937952 Sep 13 18:24 c2mag0001.nii
-rw-rw----+ 1 ccn30 wbic-p00500 22937952 Sep 13 18:21 c2mag0000.nii
-rw-rw----+ 1 ccn30 wbic-p00500 22937952 Sep 13 18:24 c1mag0001.nii
-rw-rw----+ 1 ccn30 wbic-p00500 22937952 Sep 13 18:21 c1mag0000.nii
drwxrws---+ 5 ccn30 wbic-p00500     4096 Sep  2 13:53 ..
drwxrws---+ 2 ccn30 wbic-p00500     4096 Sep 13 18:27 .

                            < M A T L A B (R) >
                  Copyright 1984-2017 The MathWorks, Inc.
                   R2017b (9.3.0.713579) 64-bit (glnxa64)
                             September 14, 2017

 
To get started, type one of these: helpwin, helpdesk, or demo.
For product information, visit www.mathworks.com.
 


------------------------------------------------------------------------
13-Sep-2021 18:27:22 - Running job #1
------------------------------------------------------------------------
13-Sep-2021 18:27:22 - Running 'Segment'

SPM12: spm_preproc_run (v7408)                     18:27:22 - 13/09/2021
========================================================================
Segment /home/ccn30/rds/rds-p00500_encrypt-URQgmO1brZ0/p00500/ENCRYPT_images/25974/mp2rage/n4mag0000_PSIR_skulled_std.nii,1
Completed                               :          18:30:53 - 13/09/2021
13-Sep-2021 18:30:54 - Done    'Segment'
13-Sep-2021 18:30:54 - Done

SPM segmentation is done...
STEP 4 COMPLETE
total 1512152
-rw-rw-r--  1 ccn30 ccn30       45875200 Sep 13 18:17 phas0001.img
-rw-rw-r--  1 ccn30 ccn30            352 Sep 13 18:17 phas0001.hdr
-rw-rw-r--  1 ccn30 ccn30       45875200 Sep 13 18:17 phas0000.img
-rw-rw-r--  1 ccn30 ccn30            352 Sep 13 18:17 phas0000.hdr
-rw-rw----+ 1 ccn30 wbic-p00500  4341760 Sep 13 18:28 n4mag0000_PSIR_skulled_std_seg8.mat
-rw-rw----+ 1 ccn30 wbic-p00500 91750752 Sep 13 18:27 n4mag0000_PSIR_skulled_std.nii
-rw-rw----+ 1 ccn30 wbic-p00500 91750752 Sep  2 13:53 mp2rage_phase.nii.gz
-rw-rw----+ 1 ccn30 wbic-p00500 91750752 Sep  2 13:53 mp2rage_magnitude.nii.gz
-rw-rw----+ 1 ccn30 wbic-p00500 91750752 Sep 13 18:23 mmag0001.nii
-rw-rw----+ 1 ccn30 wbic-p00500 91750752 Sep 13 18:21 mmag0000.nii
-rw-rw----+ 1 ccn30 wbic-p00500 91750752 Sep 13 18:24 mag0001_skull.nii
-rw-rw----+ 1 ccn30 wbic-p00500 91750752 Sep 13 18:24 mag0001_skull_mask.nii
-rw-rw----+ 1 ccn30 wbic-p00500  4332120 Sep 13 18:23 mag0001_seg8.mat
-rw-rw-r--  1 ccn30 ccn30       45875200 Sep 13 18:17 mag0001.img
-rw-rw-r--  1 ccn30 ccn30            352 Sep 13 18:17 mag0001.hdr
-rw-rw----+ 1 ccn30 wbic-p00500 45875552 Sep 13 18:24 mag0001_brain_skull.nii
-rw-rw----+ 1 ccn30 wbic-p00500 91750752 Sep 13 18:24 mag0001_brain.nii
-rw-rw----+ 1 ccn30 wbic-p00500 45875552 Sep 13 18:24 mag0001_brain_mask.nii
-rw-rw----+ 1 ccn30 wbic-p00500  4332120 Sep 13 18:20 mag0000_seg8.mat
-rw-rw----+ 1 ccn30 wbic-p00500 56175677 Sep 13 18:24 mag0000_PSIR_skulled_std.nii.gz
-rw-rw----+ 1 ccn30 wbic-p00500 56363933 Sep 13 18:24 mag0000_PSIR_skulled.nii.gz
-rw-rw----+ 1 ccn30 wbic-p00500 54525112 Sep 13 18:18 mag0000_PSIR.nii.gz
-rw-rw----+ 1 ccn30 wbic-p00500 60851540 Sep 13 18:17 mag0000_PD_smooth.nii.gz
-rw-rw----+ 1 ccn30 wbic-p00500 55637964 Sep 13 18:17 mag0000_MP2RAGE.nii.gz
-rw-rw-r--  1 ccn30 ccn30       45875200 Sep 13 18:17 mag0000.img
-rw-rw-r--  1 ccn30 ccn30            352 Sep 13 18:17 mag0000.hdr
-rw-rw----+ 1 ccn30 wbic-p00500 22937952 Sep 13 18:30 c5n4mag0000_PSIR_skulled_std.nii
-rw-rw----+ 1 ccn30 wbic-p00500 22937952 Sep 13 18:30 c4n4mag0000_PSIR_skulled_std.nii
-rw-rw----+ 1 ccn30 wbic-p00500 22937952 Sep 13 18:30 c3n4mag0000_PSIR_skulled_std.nii
-rw-rw----+ 1 ccn30 wbic-p00500 22937952 Sep 13 18:24 c3mag0001.nii
-rw-rw----+ 1 ccn30 wbic-p00500 22937952 Sep 13 18:21 c3mag0000.nii
-rw-rw----+ 1 ccn30 wbic-p00500 22937952 Sep 13 18:30 c2n4mag0000_PSIR_skulled_std.nii
-rw-rw----+ 1 ccn30 wbic-p00500 22937952 Sep 13 18:24 c2mag0001.nii
-rw-rw----+ 1 ccn30 wbic-p00500 22937952 Sep 13 18:21 c2mag0000.nii
-rw-rw----+ 1 ccn30 wbic-p00500 22937952 Sep 13 18:30 c1n4mag0000_PSIR_skulled_std.nii
-rw-rw----+ 1 ccn30 wbic-p00500 22937952 Sep 13 18:24 c1mag0001.nii
-rw-rw----+ 1 ccn30 wbic-p00500 22937952 Sep 13 18:21 c1mag0000.nii
drwxrws---+ 5 ccn30 wbic-p00500     4096 Sep  2 13:53 ..
drwxrws---+ 2 ccn30 wbic-p00500     4096 Sep 13 18:28 .

                            < M A T L A B (R) >
                  Copyright 1984-2017 The MathWorks, Inc.
                   R2017b (9.3.0.713579) 64-bit (glnxa64)
                             September 14, 2017

 
To get started, type one of these: helpwin, helpdesk, or demo.
For product information, visit www.mathworks.com.
 
Preparing data ...
Masking image 1 of 1 subjects ...
Finished skull stripping data.
STEP 5 COMPLETE
total 1607792
-rw-rw-r--  1 ccn30 ccn30       45875200 Sep 13 18:17 phas0001.img
-rw-rw-r--  1 ccn30 ccn30            352 Sep 13 18:17 phas0001.hdr
-rw-rw-r--  1 ccn30 ccn30       45875200 Sep 13 18:17 phas0000.img
-rw-rw-r--  1 ccn30 ccn30            352 Sep 13 18:17 phas0000.hdr
-rw-rw----+ 1 ccn30 wbic-p00500 91750752 Sep 13 18:31 n4mag0000_PSIR_skulled_std_struc_brain.nii
-rw-rw----+ 1 ccn30 wbic-p00500  4341760 Sep 13 18:28 n4mag0000_PSIR_skulled_std_seg8.mat
-rw-rw----+ 1 ccn30 wbic-p00500 91750752 Sep 13 18:27 n4mag0000_PSIR_skulled_std.nii
-rw-rw----+ 1 ccn30 wbic-p00500 91750752 Sep  2 13:53 mp2rage_phase.nii.gz
-rw-rw----+ 1 ccn30 wbic-p00500 91750752 Sep  2 13:53 mp2rage_magnitude.nii.gz
-rw-rw----+ 1 ccn30 wbic-p00500 91750752 Sep 13 18:23 mmag0001.nii
-rw-rw----+ 1 ccn30 wbic-p00500 91750752 Sep 13 18:21 mmag0000.nii
-rw-rw----+ 1 ccn30 wbic-p00500 91750752 Sep 13 18:24 mag0001_skull.nii
-rw-rw----+ 1 ccn30 wbic-p00500 91750752 Sep 13 18:24 mag0001_skull_mask.nii
-rw-rw----+ 1 ccn30 wbic-p00500  4332120 Sep 13 18:23 mag0001_seg8.mat
-rw-rw-r--  1 ccn30 ccn30       45875200 Sep 13 18:17 mag0001.img
-rw-rw-r--  1 ccn30 ccn30            352 Sep 13 18:17 mag0001.hdr
-rw-rw----+ 1 ccn30 wbic-p00500 45875552 Sep 13 18:24 mag0001_brain_skull.nii
-rw-rw----+ 1 ccn30 wbic-p00500 91750752 Sep 13 18:24 mag0001_brain.nii
-rw-rw----+ 1 ccn30 wbic-p00500 45875552 Sep 13 18:24 mag0001_brain_mask.nii
-rw-rw----+ 1 ccn30 wbic-p00500  4332120 Sep 13 18:20 mag0000_seg8.mat
-rw-rw----+ 1 ccn30 wbic-p00500 56175677 Sep 13 18:24 mag0000_PSIR_skulled_std.nii.gz
-rw-rw----+ 1 ccn30 wbic-p00500 56363933 Sep 13 18:24 mag0000_PSIR_skulled.nii.gz
-rw-rw----+ 1 ccn30 wbic-p00500 54525112 Sep 13 18:18 mag0000_PSIR.nii.gz
-rw-rw----+ 1 ccn30 wbic-p00500 60851540 Sep 13 18:17 mag0000_PD_smooth.nii.gz
-rw-rw----+ 1 ccn30 wbic-p00500 55637964 Sep 13 18:17 mag0000_MP2RAGE.nii.gz
-rw-rw-r--  1 ccn30 ccn30       45875200 Sep 13 18:17 mag0000.img
-rw-rw-r--  1 ccn30 ccn30            352 Sep 13 18:17 mag0000.hdr
-rw-rw----+ 1 ccn30 wbic-p00500 22937952 Sep 13 18:30 c5n4mag0000_PSIR_skulled_std.nii
-rw-rw----+ 1 ccn30 wbic-p00500 22937952 Sep 13 18:30 c4n4mag0000_PSIR_skulled_std.nii
-rw-rw----+ 1 ccn30 wbic-p00500 22937952 Sep 13 18:30 c3n4mag0000_PSIR_skulled_std.nii
-rw-rw----+ 1 ccn30 wbic-p00500 22937952 Sep 13 18:24 c3mag0001.nii
-rw-rw----+ 1 ccn30 wbic-p00500 22937952 Sep 13 18:21 c3mag0000.nii
-rw-rw----+ 1 ccn30 wbic-p00500 22937952 Sep 13 18:30 c2n4mag0000_PSIR_skulled_std.nii
-rw-rw----+ 1 ccn30 wbic-p00500 22937952 Sep 13 18:24 c2mag0001.nii
-rw-rw----+ 1 ccn30 wbic-p00500 22937952 Sep 13 18:21 c2mag0000.nii
-rw-rw----+ 1 ccn30 wbic-p00500 22937952 Sep 13 18:30 c1n4mag0000_PSIR_skulled_std.nii
-rw-rw----+ 1 ccn30 wbic-p00500 22937952 Sep 13 18:24 c1mag0001.nii
-rw-rw----+ 1 ccn30 wbic-p00500 22937952 Sep 13 18:21 c1mag0000.nii
drwxrws---+ 5 ccn30 wbic-p00500     4096 Sep  2 13:53 ..
drwxrws---+ 2 ccn30 wbic-p00500     4096 Sep 13 18:31 .
STEP 6 COMPLETE
total 1689716
-rw-rw-r--  1 ccn30 ccn30       45875200 Sep 13 18:17 phas0001.img
-rw-rw-r--  1 ccn30 ccn30            352 Sep 13 18:17 phas0001.hdr
-rw-rw-r--  1 ccn30 ccn30       45875200 Sep 13 18:17 phas0000.img
-rw-rw-r--  1 ccn30 ccn30            352 Sep 13 18:17 phas0000.hdr
-rw-rw----+ 1 ccn30 wbic-p00500 91750752 Sep 13 18:31 n4mag0000_PSIR_skulled_std_struc_brain.nii
-rw-rw----+ 1 ccn30 wbic-p00500 91750752 Sep 13 18:31 n4mag0000_PSIR_skulled_std_struc_brain_mask.nii
-rw-rw----+ 1 ccn30 wbic-p00500  4341760 Sep 13 18:28 n4mag0000_PSIR_skulled_std_seg8.mat
-rw-rw----+ 1 ccn30 wbic-p00500 91750752 Sep 13 18:27 n4mag0000_PSIR_skulled_std.nii
-rw-rw----+ 1 ccn30 wbic-p00500 91750752 Sep  2 13:53 mp2rage_phase.nii.gz
-rw-rw----+ 1 ccn30 wbic-p00500 91750752 Sep  2 13:53 mp2rage_magnitude.nii.gz
-rw-rw----+ 1 ccn30 wbic-p00500 91750752 Sep 13 18:23 mmag0001.nii
-rw-rw----+ 1 ccn30 wbic-p00500 91750752 Sep 13 18:21 mmag0000.nii
-rw-rw----+ 1 ccn30 wbic-p00500 91750752 Sep 13 18:24 mag0001_skull.nii
-rw-rw----+ 1 ccn30 wbic-p00500 91750752 Sep 13 18:24 mag0001_skull_mask.nii
-rw-rw----+ 1 ccn30 wbic-p00500  4332120 Sep 13 18:23 mag0001_seg8.mat
-rw-rw-r--  1 ccn30 ccn30       45875200 Sep 13 18:17 mag0001.img
-rw-rw-r--  1 ccn30 ccn30            352 Sep 13 18:17 mag0001.hdr
-rw-rw----+ 1 ccn30 wbic-p00500 45875552 Sep 13 18:24 mag0001_brain_skull.nii
-rw-rw----+ 1 ccn30 wbic-p00500 91750752 Sep 13 18:24 mag0001_brain.nii
-rw-rw----+ 1 ccn30 wbic-p00500 45875552 Sep 13 18:24 mag0001_brain_mask.nii
-rw-rw----+ 1 ccn30 wbic-p00500  4332120 Sep 13 18:20 mag0000_seg8.mat
-rw-rw----+ 1 ccn30 wbic-p00500 56175677 Sep 13 18:24 mag0000_PSIR_skulled_std.nii.gz
-rw-rw----+ 1 ccn30 wbic-p00500 56363933 Sep 13 18:24 mag0000_PSIR_skulled.nii.gz
-rw-rw----+ 1 ccn30 wbic-p00500 54525112 Sep 13 18:18 mag0000_PSIR.nii.gz
-rw-rw----+ 1 ccn30 wbic-p00500 60851540 Sep 13 18:17 mag0000_PD_smooth.nii.gz
-rw-rw----+ 1 ccn30 wbic-p00500 55637964 Sep 13 18:17 mag0000_MP2RAGE.nii.gz
-rw-rw-r--  1 ccn30 ccn30       45875200 Sep 13 18:17 mag0000.img
-rw-rw-r--  1 ccn30 ccn30            352 Sep 13 18:17 mag0000.hdr
-rw-rw----+ 1 ccn30 wbic-p00500 22937952 Sep 13 18:30 c5n4mag0000_PSIR_skulled_std.nii
-rw-rw----+ 1 ccn30 wbic-p00500 22937952 Sep 13 18:30 c4n4mag0000_PSIR_skulled_std.nii
-rw-rw----+ 1 ccn30 wbic-p00500 22937952 Sep 13 18:30 c3n4mag0000_PSIR_skulled_std.nii
-rw-rw----+ 1 ccn30 wbic-p00500 22937952 Sep 13 18:24 c3mag0001.nii
-rw-rw----+ 1 ccn30 wbic-p00500 22937952 Sep 13 18:21 c3mag0000.nii
-rw-rw----+ 1 ccn30 wbic-p00500 22937952 Sep 13 18:30 c2n4mag0000_PSIR_skulled_std.nii
-rw-rw----+ 1 ccn30 wbic-p00500 22937952 Sep 13 18:24 c2mag0001.nii
-rw-rw----+ 1 ccn30 wbic-p00500 22937952 Sep 13 18:21 c2mag0000.nii
-rw-rw----+ 1 ccn30 wbic-p00500 22937952 Sep 13 18:30 c1n4mag0000_PSIR_skulled_std.nii
-rw-rw----+ 1 ccn30 wbic-p00500 22937952 Sep 13 18:24 c1mag0001.nii
-rw-rw----+ 1 ccn30 wbic-p00500 22937952 Sep 13 18:21 c1mag0000.nii
drwxrws---+ 5 ccn30 wbic-p00500     4096 Sep  2 13:53 ..
drwxrws---+ 2 ccn30 wbic-p00500     4096 Sep 13 18:31 .
