This is job 31
Time: Mon 13 Sep 18:17:20 BST 2021
Running on master node: cpu-p-181
Current directory: /rds/user/ccn30/hpc-work/WBIC_lustre/ENCRYPT/scripts/ImagePrep/mp2rage/slurmoutputs
Changed directory to /home/ccn30/rds/hpc-work/WBIC_lustre/ENCRYPT/scripts/ImagePrep/mp2rage/slurmoutputs.

JobID: 46418941
======
Time: Mon 13 Sep 18:17:20 BST 2021
Running on master node: cpu-p-181
Current directory: /home/ccn30/rds/hpc-work/WBIC_lustre/ENCRYPT/scripts/ImagePrep/mp2rage/slurmoutputs

Nodes allocated:
================
cpu-p-181

numtasks=, numnodes=, mpi_tasks_per_node= (OMP_NUM_THREADS=1)

Executing command:
==================
/home/ccn30/rds/hpc-work/WBIC_lustre/ENCRYPT/scripts/ImagePrep/mp2rage/mp2rage_processing.sh /home/ccn30/rds/hpc-work/WBIC_lustre/ENCRYPT/ENCRYPT_MasterRIScodes.txt 31 /home/ccn30/rds/hpc-work/WBIC_lustre/ENCRYPT/scripts/ImagePrep/mp2rage /usr/local/Cluster-Apps/matlab/R2017b /usr/local/software/spm/spm12 /home/ccn30/rds/rds-p00500_encrypt-URQgmO1brZ0/p00500/ENCRYPT_images /usr/local/Cluster-Apps/fsl/5.0.8/fsl

Starting 32073
/home/ccn30/rds/rds-p00500_encrypt-URQgmO1brZ0/p00500/ENCRYPT_images/32073/mp2rage
STARTING mp2rage PREPROCESSING
total 330684
-rw-rw----+ 1 ccn30 wbic-p00500 45875552 Sep 13 18:17 phas0001.nii
-rw-rw----+ 1 ccn30 wbic-p00500 45875552 Sep 13 18:17 phas0000.nii
-rw-rw----+ 1 ccn30 wbic-p00500 91750752 Sep  2 13:53 mp2rage_phase.nii.gz
-rw-rw----+ 1 ccn30 wbic-p00500 91750752 Sep  2 13:53 mp2rage_magnitude.nii.gz
-rw-rw----+ 1 ccn30 wbic-p00500 45875552 Sep 13 18:17 mag0001.nii
-rw-rw----+ 1 ccn30 wbic-p00500 45875552 Sep 13 18:17 mag0000.nii
drwxrws---+ 5 ccn30 wbic-p00500     4096 Sep  2 13:53 ..
drwxrws---+ 2 ccn30 wbic-p00500     4096 Sep 13 18:17 .
The folder where the PSIR is is /home/ccn30/rds/rds-p00500_encrypt-URQgmO1brZ0/p00500/ENCRYPT_images/32073/mp2rage
The script directory is /home/ccn30/rds/hpc-work/WBIC_lustre/ENCRYPT/scripts/ImagePrep/mp2rage
The SPM directory is /usr/local/software/spm/spm12
/home/ccn30/rds/rds-p00500_encrypt-URQgmO1brZ0/p00500/ENCRYPT_images/32073/mp2rage/mag0000 and /home/ccn30/rds/rds-p00500_encrypt-URQgmO1brZ0/p00500/ENCRYPT_images/32073/mp2rage/mag0001 and /home/ccn30/rds/rds-p00500_encrypt-URQgmO1brZ0/p00500/ENCRYPT_images/32073/mp2rage/phas0000 and /home/ccn30/rds/rds-p00500_encrypt-URQgmO1brZ0/p00500/ENCRYPT_images/32073/mp2rage/phas0001 are the files selected
0.000000 0.000000 -1.000000 156.099991 
-1.000000 0.000000 0.000000 223.300003 
0.000000 1.000000 0.000000 0.000000 
0.000000 0.000000 0.000000 1.000000 

0.000000 0.000000 -1.000000 156.099991 
-1.000000 0.000000 0.000000 223.300003 
0.000000 1.000000 0.000000 0.000000 
0.000000 0.000000 0.000000 1.000000 

0.000000 0.000000 -1.000000 156.099991 
-1.000000 0.000000 0.000000 223.300003 
0.000000 1.000000 0.000000 0.000000 
0.000000 0.000000 0.000000 1.000000 

0.000000 0.000000 -1.000000 156.099991 
-1.000000 0.000000 0.000000 223.300003 
0.000000 1.000000 0.000000 0.000000 
0.000000 0.000000 0.000000 1.000000 


                            < M A T L A B (R) >
                  Copyright 1984-2017 The MathWorks, Inc.
                   R2017b (9.3.0.713579) 64-bit (glnxa64)
                             September 14, 2017

 
To get started, type one of these: helpwin, helpdesk, or demo.
For product information, visit www.mathworks.com.
 
You are in the PSIR function
Phase data rescaled to radians (Assuming Siemens data range [0 4095])
320  320  224    2is the image dimension
 
 
 
The PSIR reconstruction is done.
/home/ccn30/rds/rds-p00500_encrypt-URQgmO1brZ0/p00500/ENCRYPT_images/32073/mp2rage/mag0000

                            < M A T L A B (R) >
                  Copyright 1984-2017 The MathWorks, Inc.
                   R2017b (9.3.0.713579) 64-bit (glnxa64)
                             September 14, 2017

 
To get started, type one of these: helpwin, helpdesk, or demo.
For product information, visit www.mathworks.com.
 
You are in the PSIR function


------------------------------------------------------------------------
13-Sep-2021 18:18:25 - Running job #1
------------------------------------------------------------------------
13-Sep-2021 18:18:25 - Running 'Segment'

SPM12: spm_preproc_run (v7408)                     18:18:25 - 13/09/2021
========================================================================
Segment /home/ccn30/rds/rds-p00500_encrypt-URQgmO1brZ0/p00500/ENCRYPT_images/32073/mp2rage/mag0000.img,1
Segment /home/ccn30/rds/rds-p00500_encrypt-URQgmO1brZ0/p00500/ENCRYPT_images/32073/mp2rage/mag0001.img,1
Completed                               :          18:23:37 - 13/09/2021
13-Sep-2021 18:23:37 - Done    'Segment'
13-Sep-2021 18:23:37 - Done

SPM is done...
STEP 1 COMPLETE
total 1247020
-rw-rw-r--  1 ccn30 ccn30       45875200 Sep 13 18:17 phas0001.img
-rw-rw-r--  1 ccn30 ccn30            352 Sep 13 18:17 phas0001.hdr
-rw-rw-r--  1 ccn30 ccn30       45875200 Sep 13 18:17 phas0000.img
-rw-rw-r--  1 ccn30 ccn30            352 Sep 13 18:17 phas0000.hdr
-rw-rw----+ 1 ccn30 wbic-p00500 91750752 Sep  2 13:53 mp2rage_phase.nii.gz
-rw-rw----+ 1 ccn30 wbic-p00500 91750752 Sep  2 13:53 mp2rage_magnitude.nii.gz
-rw-rw----+ 1 ccn30 wbic-p00500 91750752 Sep 13 18:23 mmag0001.nii
-rw-rw----+ 1 ccn30 wbic-p00500 91750752 Sep 13 18:21 mmag0000.nii
-rw-rw----+ 1 ccn30 wbic-p00500 91750752 Sep 13 18:23 mag0001_skull.nii
-rw-rw----+ 1 ccn30 wbic-p00500 91750752 Sep 13 18:23 mag0001_skull_mask.nii
-rw-rw----+ 1 ccn30 wbic-p00500  4332120 Sep 13 18:22 mag0001_seg8.mat
-rw-rw-r--  1 ccn30 ccn30       45875200 Sep 13 18:17 mag0001.img
-rw-rw-r--  1 ccn30 ccn30            352 Sep 13 18:17 mag0001.hdr
-rw-rw----+ 1 ccn30 wbic-p00500 45875552 Sep 13 18:23 mag0001_brain_skull.nii
-rw-rw----+ 1 ccn30 wbic-p00500 91750752 Sep 13 18:23 mag0001_brain.nii
-rw-rw----+ 1 ccn30 wbic-p00500 45875552 Sep 13 18:23 mag0001_brain_mask.nii
-rw-rw----+ 1 ccn30 wbic-p00500  4332120 Sep 13 18:20 mag0000_seg8.mat
-rw-rw----+ 1 ccn30 wbic-p00500 91750752 Sep 13 18:23 mag0000_PSIR_skulled.nii
-rw-rw----+ 1 ccn30 wbic-p00500 48919359 Sep 13 18:18 mag0000_PSIR.nii.gz
-rw-rw----+ 1 ccn30 wbic-p00500 57040531 Sep 13 18:17 mag0000_PD_smooth.nii.gz
-rw-rw----+ 1 ccn30 wbic-p00500 50025618 Sep 13 18:18 mag0000_MP2RAGE.nii.gz
-rw-rw-r--  1 ccn30 ccn30       45875200 Sep 13 18:17 mag0000.img
-rw-rw-r--  1 ccn30 ccn30            352 Sep 13 18:17 mag0000.hdr
-rw-rw----+ 1 ccn30 wbic-p00500 22937952 Sep 13 18:23 c3mag0001.nii
-rw-rw----+ 1 ccn30 wbic-p00500 22937952 Sep 13 18:21 c3mag0000.nii
-rw-rw----+ 1 ccn30 wbic-p00500 22937952 Sep 13 18:23 c2mag0001.nii
-rw-rw----+ 1 ccn30 wbic-p00500 22937952 Sep 13 18:21 c2mag0000.nii
-rw-rw----+ 1 ccn30 wbic-p00500 22937952 Sep 13 18:23 c1mag0001.nii
-rw-rw----+ 1 ccn30 wbic-p00500 22937952 Sep 13 18:21 c1mag0000.nii
drwxrws---+ 5 ccn30 wbic-p00500     4096 Sep  2 13:53 ..
drwxrws---+ 2 ccn30 wbic-p00500     4096 Sep 13 18:23 .
STEP 1.1 COMPLETE
total 1259308
-rw-rw-r--  1 ccn30 ccn30       45875200 Sep 13 18:17 phas0001.img
-rw-rw-r--  1 ccn30 ccn30            352 Sep 13 18:17 phas0001.hdr
-rw-rw-r--  1 ccn30 ccn30       45875200 Sep 13 18:17 phas0000.img
-rw-rw-r--  1 ccn30 ccn30            352 Sep 13 18:17 phas0000.hdr
-rw-rw----+ 1 ccn30 wbic-p00500 91750752 Sep  2 13:53 mp2rage_phase.nii.gz
-rw-rw----+ 1 ccn30 wbic-p00500 91750752 Sep  2 13:53 mp2rage_magnitude.nii.gz
-rw-rw----+ 1 ccn30 wbic-p00500 91750752 Sep 13 18:23 mmag0001.nii
-rw-rw----+ 1 ccn30 wbic-p00500 91750752 Sep 13 18:21 mmag0000.nii
-rw-rw----+ 1 ccn30 wbic-p00500 91750752 Sep 13 18:23 mag0001_skull.nii
-rw-rw----+ 1 ccn30 wbic-p00500 91750752 Sep 13 18:23 mag0001_skull_mask.nii
-rw-rw----+ 1 ccn30 wbic-p00500  4332120 Sep 13 18:22 mag0001_seg8.mat
-rw-rw-r--  1 ccn30 ccn30       45875200 Sep 13 18:17 mag0001.img
-rw-rw-r--  1 ccn30 ccn30            352 Sep 13 18:17 mag0001.hdr
-rw-rw----+ 1 ccn30 wbic-p00500 45875552 Sep 13 18:23 mag0001_brain_skull.nii
-rw-rw----+ 1 ccn30 wbic-p00500 91750752 Sep 13 18:23 mag0001_brain.nii
-rw-rw----+ 1 ccn30 wbic-p00500 45875552 Sep 13 18:23 mag0001_brain_mask.nii
-rw-rw----+ 1 ccn30 wbic-p00500  4332120 Sep 13 18:20 mag0000_seg8.mat
-rw-rw----+ 1 ccn30 wbic-p00500 50509891 Sep 13 18:23 mag0000_PSIR_skulled_std.nii.gz
-rw-rw----+ 1 ccn30 wbic-p00500 50610182 Sep 13 18:23 mag0000_PSIR_skulled.nii.gz
-rw-rw----+ 1 ccn30 wbic-p00500 48919359 Sep 13 18:18 mag0000_PSIR.nii.gz
-rw-rw----+ 1 ccn30 wbic-p00500 57040531 Sep 13 18:17 mag0000_PD_smooth.nii.gz
-rw-rw----+ 1 ccn30 wbic-p00500 50025618 Sep 13 18:18 mag0000_MP2RAGE.nii.gz
-rw-rw-r--  1 ccn30 ccn30       45875200 Sep 13 18:17 mag0000.img
-rw-rw-r--  1 ccn30 ccn30            352 Sep 13 18:17 mag0000.hdr
-rw-rw----+ 1 ccn30 wbic-p00500 22937952 Sep 13 18:23 c3mag0001.nii
-rw-rw----+ 1 ccn30 wbic-p00500 22937952 Sep 13 18:21 c3mag0000.nii
-rw-rw----+ 1 ccn30 wbic-p00500 22937952 Sep 13 18:23 c2mag0001.nii
-rw-rw----+ 1 ccn30 wbic-p00500 22937952 Sep 13 18:21 c2mag0000.nii
-rw-rw----+ 1 ccn30 wbic-p00500 22937952 Sep 13 18:23 c1mag0001.nii
-rw-rw----+ 1 ccn30 wbic-p00500 22937952 Sep 13 18:21 c1mag0000.nii
drwxrws---+ 5 ccn30 wbic-p00500     4096 Sep  2 13:53 ..
drwxrws---+ 2 ccn30 wbic-p00500     4096 Sep 13 18:24 .

Running N4 for 3-dimensional images.

Mask not read.  Creating Otsu mask.
Current level = 1
  Iteration 1 (of 50).   Current convergence value = 0.000913264 (threshold = 1e-06)
  Iteration 2 (of 50).   Current convergence value = 0.000906439 (threshold = 1e-06)
  Iteration 3 (of 50).   Current convergence value = 0.000899741 (threshold = 1e-06)
  Iteration 4 (of 50).   Current convergence value = 0.000892056 (threshold = 1e-06)
  Iteration 5 (of 50).   Current convergence value = 0.000884489 (threshold = 1e-06)
  Iteration 6 (of 50).   Current convergence value = 0.00087731 (threshold = 1e-06)
  Iteration 7 (of 50).   Current convergence value = 0.000870411 (threshold = 1e-06)
  Iteration 8 (of 50).   Current convergence value = 0.000864175 (threshold = 1e-06)
  Iteration 9 (of 50).   Current convergence value = 0.000857066 (threshold = 1e-06)
  Iteration 10 (of 50).   Current convergence value = 0.000850541 (threshold = 1e-06)
  Iteration 11 (of 50).   Current convergence value = 0.000843911 (threshold = 1e-06)
  Iteration 12 (of 50).   Current convergence value = 0.00083797 (threshold = 1e-06)
  Iteration 13 (of 50).   Current convergence value = 0.000832678 (threshold = 1e-06)
  Iteration 14 (of 50).   Current convergence value = 0.00082661 (threshold = 1e-06)
  Iteration 15 (of 50).   Current convergence value = 0.000820147 (threshold = 1e-06)
  Iteration 16 (of 50).   Current convergence value = 0.00081387 (threshold = 1e-06)
  Iteration 17 (of 50).   Current convergence value = 0.00080707 (threshold = 1e-06)
  Iteration 18 (of 50).   Current convergence value = 0.000801131 (threshold = 1e-06)
  Iteration 19 (of 50).   Current convergence value = 0.000794983 (threshold = 1e-06)
  Iteration 20 (of 50).   Current convergence value = 0.000789676 (threshold = 1e-06)
  Iteration 21 (of 50).   Current convergence value = 0.000782736 (threshold = 1e-06)
  Iteration 22 (of 50).   Current convergence value = 0.000776651 (threshold = 1e-06)
  Iteration 23 (of 50).   Current convergence value = 0.000770866 (threshold = 1e-06)
  Iteration 24 (of 50).   Current convergence value = 0.000765148 (threshold = 1e-06)
  Iteration 25 (of 50).   Current convergence value = 0.000759056 (threshold = 1e-06)
  Iteration 26 (of 50).   Current convergence value = 0.000753549 (threshold = 1e-06)
  Iteration 27 (of 50).   Current convergence value = 0.000748536 (threshold = 1e-06)
  Iteration 28 (of 50).   Current convergence value = 0.000743093 (threshold = 1e-06)
  Iteration 29 (of 50).   Current convergence value = 0.000738038 (threshold = 1e-06)
  Iteration 30 (of 50).   Current convergence value = 0.000732167 (threshold = 1e-06)
  Iteration 31 (of 50).   Current convergence value = 0.000726652 (threshold = 1e-06)
  Iteration 32 (of 50).   Current convergence value = 0.00072111 (threshold = 1e-06)
  Iteration 33 (of 50).   Current convergence value = 0.000715805 (threshold = 1e-06)
  Iteration 34 (of 50).   Current convergence value = 0.00071051 (threshold = 1e-06)
  Iteration 35 (of 50).   Current convergence value = 0.000705254 (threshold = 1e-06)
  Iteration 36 (of 50).   Current convergence value = 0.00070018 (threshold = 1e-06)
  Iteration 37 (of 50).   Current convergence value = 0.000695147 (threshold = 1e-06)
  Iteration 38 (of 50).   Current convergence value = 0.000690232 (threshold = 1e-06)
  Iteration 39 (of 50).   Current convergence value = 0.000685547 (threshold = 1e-06)
  Iteration 40 (of 50).   Current convergence value = 0.000680798 (threshold = 1e-06)
  Iteration 41 (of 50).   Current convergence value = 0.000676094 (threshold = 1e-06)
  Iteration 42 (of 50).   Current convergence value = 0.000670828 (threshold = 1e-06)
  Iteration 43 (of 50).   Current convergence value = 0.000666026 (threshold = 1e-06)
  Iteration 44 (of 50).   Current convergence value = 0.000661236 (threshold = 1e-06)
  Iteration 45 (of 50).   Current convergence value = 0.000656851 (threshold = 1e-06)
  Iteration 46 (of 50).   Current convergence value = 0.000652115 (threshold = 1e-06)
  Iteration 47 (of 50).   Current convergence value = 0.000647556 (threshold = 1e-06)
  Iteration 48 (of 50).   Current convergence value = 0.000643245 (threshold = 1e-06)
  Iteration 49 (of 50).   Current convergence value = 0.000638852 (threshold = 1e-06)
  Iteration 50 (of 50).   Current convergence value = 0.000634681 (threshold = 1e-06)
Current level = 2
  Iteration 1 (of 50).   Current convergence value = 0.0012549 (threshold = 1e-06)
  Iteration 2 (of 50).   Current convergence value = 0.00123694 (threshold = 1e-06)
  Iteration 3 (of 50).   Current convergence value = 0.00122081 (threshold = 1e-06)
  Iteration 4 (of 50).   Current convergence value = 0.00120301 (threshold = 1e-06)
  Iteration 5 (of 50).   Current convergence value = 0.00118618 (threshold = 1e-06)
  Iteration 6 (of 50).   Current convergence value = 0.00117065 (threshold = 1e-06)
  Iteration 7 (of 50).   Current convergence value = 0.00115767 (threshold = 1e-06)
  Iteration 8 (of 50).   Current convergence value = 0.00114524 (threshold = 1e-06)
  Iteration 9 (of 50).   Current convergence value = 0.00113841 (threshold = 1e-06)
  Iteration 10 (of 50).   Current convergence value = 0.00159154 (threshold = 1e-06)
  Iteration 11 (of 50).   Current convergence value = 0.00155913 (threshold = 1e-06)
  Iteration 12 (of 50).   Current convergence value = 0.00152775 (threshold = 1e-06)
  Iteration 13 (of 50).   Current convergence value = 0.0014971 (threshold = 1e-06)
  Iteration 14 (of 50).   Current convergence value = 0.00146609 (threshold = 1e-06)
  Iteration 15 (of 50).   Current convergence value = 0.00143673 (threshold = 1e-06)
  Iteration 16 (of 50).   Current convergence value = 0.00140818 (threshold = 1e-06)
  Iteration 17 (of 50).   Current convergence value = 0.00137942 (threshold = 1e-06)
  Iteration 18 (of 50).   Current convergence value = 0.00135326 (threshold = 1e-06)
  Iteration 19 (of 50).   Current convergence value = 0.00132625 (threshold = 1e-06)
  Iteration 20 (of 50).   Current convergence value = 0.00129934 (threshold = 1e-06)
  Iteration 21 (of 50).   Current convergence value = 0.00127374 (threshold = 1e-06)
  Iteration 22 (of 50).   Current convergence value = 0.00124932 (threshold = 1e-06)
  Iteration 23 (of 50).   Current convergence value = 0.00122652 (threshold = 1e-06)
  Iteration 24 (of 50).   Current convergence value = 0.00120233 (threshold = 1e-06)
  Iteration 25 (of 50).   Current convergence value = 0.00118225 (threshold = 1e-06)
  Iteration 26 (of 50).   Current convergence value = 0.00116077 (threshold = 1e-06)
  Iteration 27 (of 50).   Current convergence value = 0.00114075 (threshold = 1e-06)
  Iteration 28 (of 50).   Current convergence value = 0.00112224 (threshold = 1e-06)
  Iteration 29 (of 50).   Current convergence value = 0.00110402 (threshold = 1e-06)
  Iteration 30 (of 50).   Current convergence value = 0.00108657 (threshold = 1e-06)
  Iteration 31 (of 50).   Current convergence value = 0.00107046 (threshold = 1e-06)
  Iteration 32 (of 50).   Current convergence value = 0.00105453 (threshold = 1e-06)
  Iteration 33 (of 50).   Current convergence value = 0.00103909 (threshold = 1e-06)
  Iteration 34 (of 50).   Current convergence value = 0.00102574 (threshold = 1e-06)
  Iteration 35 (of 50).   Current convergence value = 0.00101159 (threshold = 1e-06)
  Iteration 36 (of 50).   Current convergence value = 0.000999259 (threshold = 1e-06)
  Iteration 37 (of 50).   Current convergence value = 0.000988523 (threshold = 1e-06)
  Iteration 38 (of 50).   Current convergence value = 0.000978376 (threshold = 1e-06)
  Iteration 39 (of 50).   Current convergence value = 0.00097069 (threshold = 1e-06)
  Iteration 40 (of 50).   Current convergence value = 0.000961863 (threshold = 1e-06)
  Iteration 41 (of 50).   Current convergence value = 0.000954741 (threshold = 1e-06)
  Iteration 42 (of 50).   Current convergence value = 0.000947604 (threshold = 1e-06)
  Iteration 43 (of 50).   Current convergence value = 0.000939995 (threshold = 1e-06)
  Iteration 44 (of 50).   Current convergence value = 0.000933191 (threshold = 1e-06)
  Iteration 45 (of 50).   Current convergence value = 0.00092812 (threshold = 1e-06)
  Iteration 46 (of 50).   Current convergence value = 0.000922191 (threshold = 1e-06)
  Iteration 47 (of 50).   Current convergence value = 0.000916859 (threshold = 1e-06)
  Iteration 48 (of 50).   Current convergence value = 0.000912611 (threshold = 1e-06)
  Iteration 49 (of 50).   Current convergence value = 0.000909482 (threshold = 1e-06)
  Iteration 50 (of 50).   Current convergence value = 0.000906497 (threshold = 1e-06)
Current level = 3
  Iteration 1 (of 30).   Current convergence value = 0.00138684 (threshold = 1e-06)
  Iteration 2 (of 30).   Current convergence value = 0.00139123 (threshold = 1e-06)
  Iteration 3 (of 30).   Current convergence value = 0.00139558 (threshold = 1e-06)
  Iteration 4 (of 30).   Current convergence value = 0.0014012 (threshold = 1e-06)
  Iteration 5 (of 30).   Current convergence value = 0.00140631 (threshold = 1e-06)
  Iteration 6 (of 30).   Current convergence value = 0.00141233 (threshold = 1e-06)
  Iteration 7 (of 30).   Current convergence value = 0.00141641 (threshold = 1e-06)
  Iteration 8 (of 30).   Current convergence value = 0.0014204 (threshold = 1e-06)
  Iteration 9 (of 30).   Current convergence value = 0.0014228 (threshold = 1e-06)
  Iteration 10 (of 30).   Current convergence value = 0.00142472 (threshold = 1e-06)
  Iteration 11 (of 30).   Current convergence value = 0.0014282 (threshold = 1e-06)
  Iteration 12 (of 30).   Current convergence value = 0.0014316 (threshold = 1e-06)
  Iteration 13 (of 30).   Current convergence value = 0.00143184 (threshold = 1e-06)
  Iteration 14 (of 30).   Current convergence value = 0.00143117 (threshold = 1e-06)
  Iteration 15 (of 30).   Current convergence value = 0.00142976 (threshold = 1e-06)
  Iteration 16 (of 30).   Current convergence value = 0.00142759 (threshold = 1e-06)
  Iteration 17 (of 30).   Current convergence value = 0.00142384 (threshold = 1e-06)
  Iteration 18 (of 30).   Current convergence value = 0.00142065 (threshold = 1e-06)
  Iteration 19 (of 30).   Current convergence value = 0.00141425 (threshold = 1e-06)
  Iteration 20 (of 30).   Current convergence value = 0.00140748 (threshold = 1e-06)
  Iteration 21 (of 30).   Current convergence value = 0.00140002 (threshold = 1e-06)
  Iteration 22 (of 30).   Current convergence value = 0.00139082 (threshold = 1e-06)
  Iteration 23 (of 30).   Current convergence value = 0.00138176 (threshold = 1e-06)
  Iteration 24 (of 30).   Current convergence value = 0.00137127 (threshold = 1e-06)
  Iteration 25 (of 30).   Current convergence value = 0.00136178 (threshold = 1e-06)
  Iteration 26 (of 30).   Current convergence value = 0.00134989 (threshold = 1e-06)
  Iteration 27 (of 30).   Current convergence value = 0.00133682 (threshold = 1e-06)
  Iteration 28 (of 30).   Current convergence value = 0.00132228 (threshold = 1e-06)
  Iteration 29 (of 30).   Current convergence value = 0.0013081 (threshold = 1e-06)
  Iteration 30 (of 30).   Current convergence value = 0.00129638 (threshold = 1e-06)
Current level = 4
  Iteration 1 (of 20).   Current convergence value = 0.00177865 (threshold = 1e-06)
  Iteration 2 (of 20).   Current convergence value = 0.00170575 (threshold = 1e-06)
  Iteration 3 (of 20).   Current convergence value = 0.00164041 (threshold = 1e-06)
  Iteration 4 (of 20).   Current convergence value = 0.00159219 (threshold = 1e-06)
  Iteration 5 (of 20).   Current convergence value = 0.00162032 (threshold = 1e-06)
  Iteration 6 (of 20).   Current convergence value = 0.00158174 (threshold = 1e-06)
  Iteration 7 (of 20).   Current convergence value = 0.0015514 (threshold = 1e-06)
  Iteration 8 (of 20).   Current convergence value = 0.00152366 (threshold = 1e-06)
  Iteration 9 (of 20).   Current convergence value = 0.00149493 (threshold = 1e-06)
  Iteration 10 (of 20).   Current convergence value = 0.0014659 (threshold = 1e-06)
  Iteration 11 (of 20).   Current convergence value = 0.00143551 (threshold = 1e-06)
  Iteration 12 (of 20).   Current convergence value = 0.00140689 (threshold = 1e-06)
  Iteration 13 (of 20).   Current convergence value = 0.00138142 (threshold = 1e-06)
  Iteration 14 (of 20).   Current convergence value = 0.00135638 (threshold = 1e-06)
  Iteration 15 (of 20).   Current convergence value = 0.00132815 (threshold = 1e-06)
  Iteration 16 (of 20).   Current convergence value = 0.00130281 (threshold = 1e-06)
  Iteration 17 (of 20).   Current convergence value = 0.00127414 (threshold = 1e-06)
  Iteration 18 (of 20).   Current convergence value = 0.00124778 (threshold = 1e-06)
  Iteration 19 (of 20).   Current convergence value = 0.00122222 (threshold = 1e-06)
  Iteration 20 (of 20).   Current convergence value = 0.00120005 (threshold = 1e-06)
   N4BiasFieldCorrectionImageFilter (0x1b51090)
     RTTI typeinfo:   itk::N4BiasFieldCorrectionImageFilter<itk::Image<float, 3u>, itk::Image<float, 3u>, itk::Image<float, 3u> >
     Reference Count: 1
     Modified Time: 813
     Debug: Off
     Object Name: 
     Observers: 
       IterationEvent(Command)
     Inputs: 
       Primary: (0x1b611c0) *
       _1: (0x1b61840)
     Indexed Inputs: 
       0: Primary (0x1b611c0)
       1: _1 (0x1b61840)
     Required Input Names: Primary
     NumberOfRequiredInputs: 1
     Outputs: 
       Primary: (0x1b55950)
     Indexed Outputs: 
       0: Primary (0x1b55950)
     NumberOfRequiredOutputs: 1
     Number Of Threads: 56
     ReleaseDataFlag: Off
     ReleaseDataBeforeUpdateFlag: Off
     AbortGenerateData: Off
     Progress: 0
     Multithreader: 
       RTTI typeinfo:   itk::MultiThreader
       Reference Count: 1
       Modified Time: 122
       Debug: Off
       Object Name: 
       Observers: 
         none
       Thread Count: 56
       Global Maximum Number Of Threads: 128
       Global Default Number Of Threads: 56
     CoordinateTolerance: 1e-06
     DirectionTolerance: 1e-06
     Mask label: 1
     Number of histogram bins: 200
     Wiener filter noise: 0.01
     Bias field FWHM: 0.15
     Maximum number of iterations: [50, 50, 30, 20]
     Convergence threshold: 1e-06
     Spline order: 3
     Number of fitting levels: [4, 4, 4]
     Number of control points: [4, 5, 5]
     CurrentConvergenceMeasurement: 0.00120005
     CurrentLevel: 4
     ElapsedIterations: 21
     LogBiasFieldControlPointLattice: 
       Image (0x1b5b0a0)
         RTTI typeinfo:   itk::Image<itk::Vector<float, 1u>, 3u>
         Reference Count: 1
         Modified Time: 158152752
         Debug: Off
         Object Name: 
         Observers: 
           none
         Source: (none)
         Source output name: (none)
         Release Data: Off
         Data Released: False
         Global Release Data: Off
         PipelineMTime: 0
         UpdateMTime: 0
         RealTimeStamp: 0 seconds 
         LargestPossibleRegion: 
           Dimension: 3
           Index: [0, 0, 0]
           Size: [11, 19, 19]
         BufferedRegion: 
           Dimension: 3
           Index: [0, 0, 0]
           Size: [11, 19, 19]
         RequestedRegion: 
           Dimension: 3
           Index: [0, 0, 0]
           Size: [11, 19, 19]
         Spacing: [24.5, 24.85, 24.85]
         Origin: [-24.5, 24.85, -24.85]
         Direction: 
1 0 0
0 -1 0
0 0 1

         IndexToPointMatrix: 
24.5 0 0
0 -24.85 0
0 0 24.85

         PointToIndexMatrix: 
0.0408163 0 0
0 -0.0402414 0
0 0 0.0402414

         Inverse Direction: 
1 0 0
0 -1 0
0 0 1

         PixelContainer: 
           ImportImageContainer (0x1b5b360)
             RTTI typeinfo:   itk::ImportImageContainer<unsigned long, itk::Vector<float, 1u> >
             Reference Count: 1
             Modified Time: 158152753
             Debug: Off
             Object Name: 
             Observers: 
               none
             Pointer: 0x3158e70
             Container manages memory: true
             Size: 3971
             Capacity: 3971
Elapsed time: 74.5596
STEP 2 COMPLETE
total 1337704
-rw-rw-r--  1 ccn30 ccn30       45875200 Sep 13 18:17 phas0001.img
-rw-rw-r--  1 ccn30 ccn30            352 Sep 13 18:17 phas0001.hdr
-rw-rw-r--  1 ccn30 ccn30       45875200 Sep 13 18:17 phas0000.img
-rw-rw-r--  1 ccn30 ccn30            352 Sep 13 18:17 phas0000.hdr
-rw-rw----+ 1 ccn30 wbic-p00500 50558191 Sep 13 18:25 n4mag0000_PSIR_skulled_std.nii.gz
-rw-rw----+ 1 ccn30 wbic-p00500 91750752 Sep  2 13:53 mp2rage_phase.nii.gz
-rw-rw----+ 1 ccn30 wbic-p00500 91750752 Sep  2 13:53 mp2rage_magnitude.nii.gz
-rw-rw----+ 1 ccn30 wbic-p00500 91750752 Sep 13 18:23 mmag0001.nii
-rw-rw----+ 1 ccn30 wbic-p00500 91750752 Sep 13 18:21 mmag0000.nii
-rw-rw----+ 1 ccn30 wbic-p00500 91750752 Sep 13 18:23 mag0001_skull.nii
-rw-rw----+ 1 ccn30 wbic-p00500 91750752 Sep 13 18:23 mag0001_skull_mask.nii
-rw-rw----+ 1 ccn30 wbic-p00500  4332120 Sep 13 18:22 mag0001_seg8.mat
-rw-rw-r--  1 ccn30 ccn30       45875200 Sep 13 18:17 mag0001.img
-rw-rw-r--  1 ccn30 ccn30            352 Sep 13 18:17 mag0001.hdr
-rw-rw----+ 1 ccn30 wbic-p00500 45875552 Sep 13 18:23 mag0001_brain_skull.nii
-rw-rw----+ 1 ccn30 wbic-p00500 91750752 Sep 13 18:23 mag0001_brain.nii
-rw-rw----+ 1 ccn30 wbic-p00500 45875552 Sep 13 18:23 mag0001_brain_mask.nii
-rw-rw----+ 1 ccn30 wbic-p00500  4332120 Sep 13 18:20 mag0000_seg8.mat
-rw-rw----+ 1 ccn30 wbic-p00500 50509891 Sep 13 18:23 mag0000_PSIR_skulled_std.nii.gz
-rw-rw----+ 1 ccn30 wbic-p00500 50610182 Sep 13 18:23 mag0000_PSIR_skulled.nii.gz
-rw-rw----+ 1 ccn30 wbic-p00500 48919359 Sep 13 18:18 mag0000_PSIR.nii.gz
-rw-rw----+ 1 ccn30 wbic-p00500 57040531 Sep 13 18:17 mag0000_PD_smooth.nii.gz
-rw-rw----+ 1 ccn30 wbic-p00500 50025618 Sep 13 18:18 mag0000_MP2RAGE.nii.gz
-rw-rw-r--  1 ccn30 ccn30       45875200 Sep 13 18:17 mag0000.img
-rw-rw-r--  1 ccn30 ccn30            352 Sep 13 18:17 mag0000.hdr
-rw-rw----+ 1 ccn30 wbic-p00500 22937952 Sep 13 18:23 c3mag0001.nii
-rw-rw----+ 1 ccn30 wbic-p00500 22937952 Sep 13 18:21 c3mag0000.nii
-rw-rw----+ 1 ccn30 wbic-p00500 22937952 Sep 13 18:23 c2mag0001.nii
-rw-rw----+ 1 ccn30 wbic-p00500 22937952 Sep 13 18:21 c2mag0000.nii
-rw-rw----+ 1 ccn30 wbic-p00500 22937952 Sep 13 18:23 c1mag0001.nii
-rw-rw----+ 1 ccn30 wbic-p00500 22937952 Sep 13 18:21 c1mag0000.nii
drwxrws---+ 5 ccn30 wbic-p00500     4096 Sep  2 13:53 ..
drwxrws---+ 2 ccn30 wbic-p00500     4096 Sep 13 18:25 .
STEP 3 COMPLETE
total 1376104
-rw-rw-r--  1 ccn30 ccn30       45875200 Sep 13 18:17 phas0001.img
-rw-rw-r--  1 ccn30 ccn30            352 Sep 13 18:17 phas0001.hdr
-rw-rw-r--  1 ccn30 ccn30       45875200 Sep 13 18:17 phas0000.img
-rw-rw-r--  1 ccn30 ccn30            352 Sep 13 18:17 phas0000.hdr
-rw-rw----+ 1 ccn30 wbic-p00500 91750752 Sep 13 18:25 n4mag0000_PSIR_skulled_std.nii
-rw-rw----+ 1 ccn30 wbic-p00500 91750752 Sep  2 13:53 mp2rage_phase.nii.gz
-rw-rw----+ 1 ccn30 wbic-p00500 91750752 Sep  2 13:53 mp2rage_magnitude.nii.gz
-rw-rw----+ 1 ccn30 wbic-p00500 91750752 Sep 13 18:23 mmag0001.nii
-rw-rw----+ 1 ccn30 wbic-p00500 91750752 Sep 13 18:21 mmag0000.nii
-rw-rw----+ 1 ccn30 wbic-p00500 91750752 Sep 13 18:23 mag0001_skull.nii
-rw-rw----+ 1 ccn30 wbic-p00500 91750752 Sep 13 18:23 mag0001_skull_mask.nii
-rw-rw----+ 1 ccn30 wbic-p00500  4332120 Sep 13 18:22 mag0001_seg8.mat
-rw-rw-r--  1 ccn30 ccn30       45875200 Sep 13 18:17 mag0001.img
-rw-rw-r--  1 ccn30 ccn30            352 Sep 13 18:17 mag0001.hdr
-rw-rw----+ 1 ccn30 wbic-p00500 45875552 Sep 13 18:23 mag0001_brain_skull.nii
-rw-rw----+ 1 ccn30 wbic-p00500 91750752 Sep 13 18:23 mag0001_brain.nii
-rw-rw----+ 1 ccn30 wbic-p00500 45875552 Sep 13 18:23 mag0001_brain_mask.nii
-rw-rw----+ 1 ccn30 wbic-p00500  4332120 Sep 13 18:20 mag0000_seg8.mat
-rw-rw----+ 1 ccn30 wbic-p00500 50509891 Sep 13 18:23 mag0000_PSIR_skulled_std.nii.gz
-rw-rw----+ 1 ccn30 wbic-p00500 50610182 Sep 13 18:23 mag0000_PSIR_skulled.nii.gz
-rw-rw----+ 1 ccn30 wbic-p00500 48919359 Sep 13 18:18 mag0000_PSIR.nii.gz
-rw-rw----+ 1 ccn30 wbic-p00500 57040531 Sep 13 18:17 mag0000_PD_smooth.nii.gz
-rw-rw----+ 1 ccn30 wbic-p00500 50025618 Sep 13 18:18 mag0000_MP2RAGE.nii.gz
-rw-rw-r--  1 ccn30 ccn30       45875200 Sep 13 18:17 mag0000.img
-rw-rw-r--  1 ccn30 ccn30            352 Sep 13 18:17 mag0000.hdr
-rw-rw----+ 1 ccn30 wbic-p00500 22937952 Sep 13 18:23 c3mag0001.nii
-rw-rw----+ 1 ccn30 wbic-p00500 22937952 Sep 13 18:21 c3mag0000.nii
-rw-rw----+ 1 ccn30 wbic-p00500 22937952 Sep 13 18:23 c2mag0001.nii
-rw-rw----+ 1 ccn30 wbic-p00500 22937952 Sep 13 18:21 c2mag0000.nii
-rw-rw----+ 1 ccn30 wbic-p00500 22937952 Sep 13 18:23 c1mag0001.nii
-rw-rw----+ 1 ccn30 wbic-p00500 22937952 Sep 13 18:21 c1mag0000.nii
drwxrws---+ 5 ccn30 wbic-p00500     4096 Sep  2 13:53 ..
drwxrws---+ 2 ccn30 wbic-p00500     4096 Sep 13 18:25 .

                            < M A T L A B (R) >
                  Copyright 1984-2017 The MathWorks, Inc.
                   R2017b (9.3.0.713579) 64-bit (glnxa64)
                             September 14, 2017

 
To get started, type one of these: helpwin, helpdesk, or demo.
For product information, visit www.mathworks.com.
 


------------------------------------------------------------------------
13-Sep-2021 18:25:46 - Running job #1
------------------------------------------------------------------------
13-Sep-2021 18:25:46 - Running 'Segment'

SPM12: spm_preproc_run (v7408)                     18:25:46 - 13/09/2021
========================================================================
Segment /home/ccn30/rds/rds-p00500_encrypt-URQgmO1brZ0/p00500/ENCRYPT_images/32073/mp2rage/n4mag0000_PSIR_skulled_std.nii,1
Completed                               :          18:28:54 - 13/09/2021
13-Sep-2021 18:28:54 - Done    'Segment'
13-Sep-2021 18:28:54 - Done

SPM segmentation is done...
STEP 4 COMPLETE
total 1486336
-rw-rw-r--  1 ccn30 ccn30       45875200 Sep 13 18:17 phas0001.img
-rw-rw-r--  1 ccn30 ccn30            352 Sep 13 18:17 phas0001.hdr
-rw-rw-r--  1 ccn30 ccn30       45875200 Sep 13 18:17 phas0000.img
-rw-rw-r--  1 ccn30 ccn30            352 Sep 13 18:17 phas0000.hdr
-rw-rw----+ 1 ccn30 wbic-p00500  4341760 Sep 13 18:26 n4mag0000_PSIR_skulled_std_seg8.mat
-rw-rw----+ 1 ccn30 wbic-p00500 91750752 Sep 13 18:25 n4mag0000_PSIR_skulled_std.nii
-rw-rw----+ 1 ccn30 wbic-p00500 91750752 Sep  2 13:53 mp2rage_phase.nii.gz
-rw-rw----+ 1 ccn30 wbic-p00500 91750752 Sep  2 13:53 mp2rage_magnitude.nii.gz
-rw-rw----+ 1 ccn30 wbic-p00500 91750752 Sep 13 18:23 mmag0001.nii
-rw-rw----+ 1 ccn30 wbic-p00500 91750752 Sep 13 18:21 mmag0000.nii
-rw-rw----+ 1 ccn30 wbic-p00500 91750752 Sep 13 18:23 mag0001_skull.nii
-rw-rw----+ 1 ccn30 wbic-p00500 91750752 Sep 13 18:23 mag0001_skull_mask.nii
-rw-rw----+ 1 ccn30 wbic-p00500  4332120 Sep 13 18:22 mag0001_seg8.mat
-rw-rw-r--  1 ccn30 ccn30       45875200 Sep 13 18:17 mag0001.img
-rw-rw-r--  1 ccn30 ccn30            352 Sep 13 18:17 mag0001.hdr
-rw-rw----+ 1 ccn30 wbic-p00500 45875552 Sep 13 18:23 mag0001_brain_skull.nii
-rw-rw----+ 1 ccn30 wbic-p00500 91750752 Sep 13 18:23 mag0001_brain.nii
-rw-rw----+ 1 ccn30 wbic-p00500 45875552 Sep 13 18:23 mag0001_brain_mask.nii
-rw-rw----+ 1 ccn30 wbic-p00500  4332120 Sep 13 18:20 mag0000_seg8.mat
-rw-rw----+ 1 ccn30 wbic-p00500 50509891 Sep 13 18:23 mag0000_PSIR_skulled_std.nii.gz
-rw-rw----+ 1 ccn30 wbic-p00500 50610182 Sep 13 18:23 mag0000_PSIR_skulled.nii.gz
-rw-rw----+ 1 ccn30 wbic-p00500 48919359 Sep 13 18:18 mag0000_PSIR.nii.gz
-rw-rw----+ 1 ccn30 wbic-p00500 57040531 Sep 13 18:17 mag0000_PD_smooth.nii.gz
-rw-rw----+ 1 ccn30 wbic-p00500 50025618 Sep 13 18:18 mag0000_MP2RAGE.nii.gz
-rw-rw-r--  1 ccn30 ccn30       45875200 Sep 13 18:17 mag0000.img
-rw-rw-r--  1 ccn30 ccn30            352 Sep 13 18:17 mag0000.hdr
-rw-rw----+ 1 ccn30 wbic-p00500 22937952 Sep 13 18:28 c5n4mag0000_PSIR_skulled_std.nii
-rw-rw----+ 1 ccn30 wbic-p00500 22937952 Sep 13 18:28 c4n4mag0000_PSIR_skulled_std.nii
-rw-rw----+ 1 ccn30 wbic-p00500 22937952 Sep 13 18:28 c3n4mag0000_PSIR_skulled_std.nii
-rw-rw----+ 1 ccn30 wbic-p00500 22937952 Sep 13 18:23 c3mag0001.nii
-rw-rw----+ 1 ccn30 wbic-p00500 22937952 Sep 13 18:21 c3mag0000.nii
-rw-rw----+ 1 ccn30 wbic-p00500 22937952 Sep 13 18:28 c2n4mag0000_PSIR_skulled_std.nii
-rw-rw----+ 1 ccn30 wbic-p00500 22937952 Sep 13 18:23 c2mag0001.nii
-rw-rw----+ 1 ccn30 wbic-p00500 22937952 Sep 13 18:21 c2mag0000.nii
-rw-rw----+ 1 ccn30 wbic-p00500 22937952 Sep 13 18:28 c1n4mag0000_PSIR_skulled_std.nii
-rw-rw----+ 1 ccn30 wbic-p00500 22937952 Sep 13 18:23 c1mag0001.nii
-rw-rw----+ 1 ccn30 wbic-p00500 22937952 Sep 13 18:21 c1mag0000.nii
drwxrws---+ 5 ccn30 wbic-p00500     4096 Sep  2 13:53 ..
drwxrws---+ 2 ccn30 wbic-p00500     4096 Sep 13 18:27 .

                            < M A T L A B (R) >
                  Copyright 1984-2017 The MathWorks, Inc.
                   R2017b (9.3.0.713579) 64-bit (glnxa64)
                             September 14, 2017

 
To get started, type one of these: helpwin, helpdesk, or demo.
For product information, visit www.mathworks.com.
 
Preparing data ...
Masking image 1 of 1 subjects ...
Finished skull stripping data.
STEP 5 COMPLETE
total 1581972
-rw-rw-r--  1 ccn30 ccn30       45875200 Sep 13 18:17 phas0001.img
-rw-rw-r--  1 ccn30 ccn30            352 Sep 13 18:17 phas0001.hdr
-rw-rw-r--  1 ccn30 ccn30       45875200 Sep 13 18:17 phas0000.img
-rw-rw-r--  1 ccn30 ccn30            352 Sep 13 18:17 phas0000.hdr
-rw-rw----+ 1 ccn30 wbic-p00500 91750752 Sep 13 18:29 n4mag0000_PSIR_skulled_std_struc_brain.nii
-rw-rw----+ 1 ccn30 wbic-p00500  4341760 Sep 13 18:26 n4mag0000_PSIR_skulled_std_seg8.mat
-rw-rw----+ 1 ccn30 wbic-p00500 91750752 Sep 13 18:25 n4mag0000_PSIR_skulled_std.nii
-rw-rw----+ 1 ccn30 wbic-p00500 91750752 Sep  2 13:53 mp2rage_phase.nii.gz
-rw-rw----+ 1 ccn30 wbic-p00500 91750752 Sep  2 13:53 mp2rage_magnitude.nii.gz
-rw-rw----+ 1 ccn30 wbic-p00500 91750752 Sep 13 18:23 mmag0001.nii
-rw-rw----+ 1 ccn30 wbic-p00500 91750752 Sep 13 18:21 mmag0000.nii
-rw-rw----+ 1 ccn30 wbic-p00500 91750752 Sep 13 18:23 mag0001_skull.nii
-rw-rw----+ 1 ccn30 wbic-p00500 91750752 Sep 13 18:23 mag0001_skull_mask.nii
-rw-rw----+ 1 ccn30 wbic-p00500  4332120 Sep 13 18:22 mag0001_seg8.mat
-rw-rw-r--  1 ccn30 ccn30       45875200 Sep 13 18:17 mag0001.img
-rw-rw-r--  1 ccn30 ccn30            352 Sep 13 18:17 mag0001.hdr
-rw-rw----+ 1 ccn30 wbic-p00500 45875552 Sep 13 18:23 mag0001_brain_skull.nii
-rw-rw----+ 1 ccn30 wbic-p00500 91750752 Sep 13 18:23 mag0001_brain.nii
-rw-rw----+ 1 ccn30 wbic-p00500 45875552 Sep 13 18:23 mag0001_brain_mask.nii
-rw-rw----+ 1 ccn30 wbic-p00500  4332120 Sep 13 18:20 mag0000_seg8.mat
-rw-rw----+ 1 ccn30 wbic-p00500 50509891 Sep 13 18:23 mag0000_PSIR_skulled_std.nii.gz
-rw-rw----+ 1 ccn30 wbic-p00500 50610182 Sep 13 18:23 mag0000_PSIR_skulled.nii.gz
-rw-rw----+ 1 ccn30 wbic-p00500 48919359 Sep 13 18:18 mag0000_PSIR.nii.gz
-rw-rw----+ 1 ccn30 wbic-p00500 57040531 Sep 13 18:17 mag0000_PD_smooth.nii.gz
-rw-rw----+ 1 ccn30 wbic-p00500 50025618 Sep 13 18:18 mag0000_MP2RAGE.nii.gz
-rw-rw-r--  1 ccn30 ccn30       45875200 Sep 13 18:17 mag0000.img
-rw-rw-r--  1 ccn30 ccn30            352 Sep 13 18:17 mag0000.hdr
-rw-rw----+ 1 ccn30 wbic-p00500 22937952 Sep 13 18:28 c5n4mag0000_PSIR_skulled_std.nii
-rw-rw----+ 1 ccn30 wbic-p00500 22937952 Sep 13 18:28 c4n4mag0000_PSIR_skulled_std.nii
-rw-rw----+ 1 ccn30 wbic-p00500 22937952 Sep 13 18:28 c3n4mag0000_PSIR_skulled_std.nii
-rw-rw----+ 1 ccn30 wbic-p00500 22937952 Sep 13 18:23 c3mag0001.nii
-rw-rw----+ 1 ccn30 wbic-p00500 22937952 Sep 13 18:21 c3mag0000.nii
-rw-rw----+ 1 ccn30 wbic-p00500 22937952 Sep 13 18:28 c2n4mag0000_PSIR_skulled_std.nii
-rw-rw----+ 1 ccn30 wbic-p00500 22937952 Sep 13 18:23 c2mag0001.nii
-rw-rw----+ 1 ccn30 wbic-p00500 22937952 Sep 13 18:21 c2mag0000.nii
-rw-rw----+ 1 ccn30 wbic-p00500 22937952 Sep 13 18:28 c1n4mag0000_PSIR_skulled_std.nii
-rw-rw----+ 1 ccn30 wbic-p00500 22937952 Sep 13 18:23 c1mag0001.nii
-rw-rw----+ 1 ccn30 wbic-p00500 22937952 Sep 13 18:21 c1mag0000.nii
drwxrws---+ 5 ccn30 wbic-p00500     4096 Sep  2 13:53 ..
drwxrws---+ 2 ccn30 wbic-p00500     4096 Sep 13 18:29 .
STEP 6 COMPLETE
total 1659800
-rw-rw-r--  1 ccn30 ccn30       45875200 Sep 13 18:17 phas0001.img
-rw-rw-r--  1 ccn30 ccn30            352 Sep 13 18:17 phas0001.hdr
-rw-rw-r--  1 ccn30 ccn30       45875200 Sep 13 18:17 phas0000.img
-rw-rw-r--  1 ccn30 ccn30            352 Sep 13 18:17 phas0000.hdr
-rw-rw----+ 1 ccn30 wbic-p00500 91750752 Sep 13 18:29 n4mag0000_PSIR_skulled_std_struc_brain.nii
-rw-rw----+ 1 ccn30 wbic-p00500 91750752 Sep 13 18:29 n4mag0000_PSIR_skulled_std_struc_brain_mask.nii
-rw-rw----+ 1 ccn30 wbic-p00500  4341760 Sep 13 18:26 n4mag0000_PSIR_skulled_std_seg8.mat
-rw-rw----+ 1 ccn30 wbic-p00500 91750752 Sep 13 18:25 n4mag0000_PSIR_skulled_std.nii
-rw-rw----+ 1 ccn30 wbic-p00500 91750752 Sep  2 13:53 mp2rage_phase.nii.gz
-rw-rw----+ 1 ccn30 wbic-p00500 91750752 Sep  2 13:53 mp2rage_magnitude.nii.gz
-rw-rw----+ 1 ccn30 wbic-p00500 91750752 Sep 13 18:23 mmag0001.nii
-rw-rw----+ 1 ccn30 wbic-p00500 91750752 Sep 13 18:21 mmag0000.nii
-rw-rw----+ 1 ccn30 wbic-p00500 91750752 Sep 13 18:23 mag0001_skull.nii
-rw-rw----+ 1 ccn30 wbic-p00500 91750752 Sep 13 18:23 mag0001_skull_mask.nii
-rw-rw----+ 1 ccn30 wbic-p00500  4332120 Sep 13 18:22 mag0001_seg8.mat
-rw-rw-r--  1 ccn30 ccn30       45875200 Sep 13 18:17 mag0001.img
-rw-rw-r--  1 ccn30 ccn30            352 Sep 13 18:17 mag0001.hdr
-rw-rw----+ 1 ccn30 wbic-p00500 45875552 Sep 13 18:23 mag0001_brain_skull.nii
-rw-rw----+ 1 ccn30 wbic-p00500 91750752 Sep 13 18:23 mag0001_brain.nii
-rw-rw----+ 1 ccn30 wbic-p00500 45875552 Sep 13 18:23 mag0001_brain_mask.nii
-rw-rw----+ 1 ccn30 wbic-p00500  4332120 Sep 13 18:20 mag0000_seg8.mat
-rw-rw----+ 1 ccn30 wbic-p00500 50509891 Sep 13 18:23 mag0000_PSIR_skulled_std.nii.gz
-rw-rw----+ 1 ccn30 wbic-p00500 50610182 Sep 13 18:23 mag0000_PSIR_skulled.nii.gz
-rw-rw----+ 1 ccn30 wbic-p00500 48919359 Sep 13 18:18 mag0000_PSIR.nii.gz
-rw-rw----+ 1 ccn30 wbic-p00500 57040531 Sep 13 18:17 mag0000_PD_smooth.nii.gz
-rw-rw----+ 1 ccn30 wbic-p00500 50025618 Sep 13 18:18 mag0000_MP2RAGE.nii.gz
-rw-rw-r--  1 ccn30 ccn30       45875200 Sep 13 18:17 mag0000.img
-rw-rw-r--  1 ccn30 ccn30            352 Sep 13 18:17 mag0000.hdr
-rw-rw----+ 1 ccn30 wbic-p00500 22937952 Sep 13 18:28 c5n4mag0000_PSIR_skulled_std.nii
-rw-rw----+ 1 ccn30 wbic-p00500 22937952 Sep 13 18:28 c4n4mag0000_PSIR_skulled_std.nii
-rw-rw----+ 1 ccn30 wbic-p00500 22937952 Sep 13 18:28 c3n4mag0000_PSIR_skulled_std.nii
-rw-rw----+ 1 ccn30 wbic-p00500 22937952 Sep 13 18:23 c3mag0001.nii
-rw-rw----+ 1 ccn30 wbic-p00500 22937952 Sep 13 18:21 c3mag0000.nii
-rw-rw----+ 1 ccn30 wbic-p00500 22937952 Sep 13 18:28 c2n4mag0000_PSIR_skulled_std.nii
-rw-rw----+ 1 ccn30 wbic-p00500 22937952 Sep 13 18:23 c2mag0001.nii
-rw-rw----+ 1 ccn30 wbic-p00500 22937952 Sep 13 18:21 c2mag0000.nii
-rw-rw----+ 1 ccn30 wbic-p00500 22937952 Sep 13 18:28 c1n4mag0000_PSIR_skulled_std.nii
-rw-rw----+ 1 ccn30 wbic-p00500 22937952 Sep 13 18:23 c1mag0001.nii
-rw-rw----+ 1 ccn30 wbic-p00500 22937952 Sep 13 18:21 c1mag0000.nii
drwxrws---+ 5 ccn30 wbic-p00500     4096 Sep  2 13:53 ..
drwxrws---+ 2 ccn30 wbic-p00500     4096 Sep 13 18:29 .
