This is job 19
Time: Mon 13 Sep 18:17:20 BST 2021
Running on master node: cpu-p-181
Current directory: /rds/user/ccn30/hpc-work/WBIC_lustre/ENCRYPT/scripts/ImagePrep/mp2rage/slurmoutputs
Changed directory to /home/ccn30/rds/hpc-work/WBIC_lustre/ENCRYPT/scripts/ImagePrep/mp2rage/slurmoutputs.

JobID: 46418929
======
Time: Mon 13 Sep 18:17:20 BST 2021
Running on master node: cpu-p-181
Current directory: /home/ccn30/rds/hpc-work/WBIC_lustre/ENCRYPT/scripts/ImagePrep/mp2rage/slurmoutputs

Nodes allocated:
================
cpu-p-181

numtasks=, numnodes=, mpi_tasks_per_node= (OMP_NUM_THREADS=1)

Executing command:
==================
/home/ccn30/rds/hpc-work/WBIC_lustre/ENCRYPT/scripts/ImagePrep/mp2rage/mp2rage_processing.sh /home/ccn30/rds/hpc-work/WBIC_lustre/ENCRYPT/ENCRYPT_MasterRIScodes.txt 19 /home/ccn30/rds/hpc-work/WBIC_lustre/ENCRYPT/scripts/ImagePrep/mp2rage /usr/local/Cluster-Apps/matlab/R2017b /usr/local/software/spm/spm12 /home/ccn30/rds/rds-p00500_encrypt-URQgmO1brZ0/p00500/ENCRYPT_images /usr/local/Cluster-Apps/fsl/5.0.8/fsl

Starting 26886
/home/ccn30/rds/rds-p00500_encrypt-URQgmO1brZ0/p00500/ENCRYPT_images/26886/mp2rage
STARTING mp2rage PREPROCESSING
total 326532
-rw-rw----+ 1 ccn30 wbic-p00500 45875552 Sep 13 18:17 phas0001.nii
-rw-rw----+ 1 ccn30 wbic-p00500 45875552 Sep 13 18:17 phas0000.nii
-rw-rw----+ 1 ccn30 wbic-p00500 91750752 Sep  2 13:53 mp2rage_phase.nii.gz
-rw-rw----+ 1 ccn30 wbic-p00500 91750752 Sep  2 13:53 mp2rage_magnitude.nii.gz
-rw-rw----+ 1 ccn30 wbic-p00500 45875552 Sep 13 18:17 mag0001.nii
-rw-rw----+ 1 ccn30 wbic-p00500 45875552 Sep 13 18:17 mag0000.nii
drwxrws---+ 5 ccn30 wbic-p00500     4096 Sep  2 13:53 ..
drwxrws---+ 2 ccn30 wbic-p00500     4096 Sep 13 18:17 .
The folder where the PSIR is is /home/ccn30/rds/rds-p00500_encrypt-URQgmO1brZ0/p00500/ENCRYPT_images/26886/mp2rage
The script directory is /home/ccn30/rds/hpc-work/WBIC_lustre/ENCRYPT/scripts/ImagePrep/mp2rage
The SPM directory is /usr/local/software/spm/spm12
/home/ccn30/rds/rds-p00500_encrypt-URQgmO1brZ0/p00500/ENCRYPT_images/26886/mp2rage/mag0000 and /home/ccn30/rds/rds-p00500_encrypt-URQgmO1brZ0/p00500/ENCRYPT_images/26886/mp2rage/mag0001 and /home/ccn30/rds/rds-p00500_encrypt-URQgmO1brZ0/p00500/ENCRYPT_images/26886/mp2rage/phas0000 and /home/ccn30/rds/rds-p00500_encrypt-URQgmO1brZ0/p00500/ENCRYPT_images/26886/mp2rage/phas0001 are the files selected
0.000000 0.000000 -1.000000 156.099991 
-1.000000 0.000000 0.000000 223.300003 
0.000000 1.000000 0.000000 0.000000 
0.000000 0.000000 0.000000 1.000000 

0.000000 0.000000 -1.000000 156.099991 
-1.000000 0.000000 0.000000 223.300003 
0.000000 1.000000 0.000000 0.000000 
0.000000 0.000000 0.000000 1.000000 

0.000000 0.000000 -1.000000 156.099991 
-1.000000 0.000000 0.000000 223.300003 
0.000000 1.000000 0.000000 0.000000 
0.000000 0.000000 0.000000 1.000000 

0.000000 0.000000 -1.000000 156.099991 
-1.000000 0.000000 0.000000 223.300003 
0.000000 1.000000 0.000000 0.000000 
0.000000 0.000000 0.000000 1.000000 


                            < M A T L A B (R) >
                  Copyright 1984-2017 The MathWorks, Inc.
                   R2017b (9.3.0.713579) 64-bit (glnxa64)
                             September 14, 2017

 
To get started, type one of these: helpwin, helpdesk, or demo.
For product information, visit www.mathworks.com.
 
You are in the PSIR function
Phase data rescaled to radians (Assuming Siemens data range [0 4095])
320  320  224    2is the image dimension
 
 
 
The PSIR reconstruction is done.
/home/ccn30/rds/rds-p00500_encrypt-URQgmO1brZ0/p00500/ENCRYPT_images/26886/mp2rage/mag0000

                            < M A T L A B (R) >
                  Copyright 1984-2017 The MathWorks, Inc.
                   R2017b (9.3.0.713579) 64-bit (glnxa64)
                             September 14, 2017

 
To get started, type one of these: helpwin, helpdesk, or demo.
For product information, visit www.mathworks.com.
 
You are in the PSIR function


------------------------------------------------------------------------
13-Sep-2021 18:18:28 - Running job #1
------------------------------------------------------------------------
13-Sep-2021 18:18:29 - Running 'Segment'

SPM12: spm_preproc_run (v7408)                     18:18:29 - 13/09/2021
========================================================================
Segment /home/ccn30/rds/rds-p00500_encrypt-URQgmO1brZ0/p00500/ENCRYPT_images/26886/mp2rage/mag0000.img,1
Segment /home/ccn30/rds/rds-p00500_encrypt-URQgmO1brZ0/p00500/ENCRYPT_images/26886/mp2rage/mag0001.img,1
Completed                               :          18:22:59 - 13/09/2021
13-Sep-2021 18:22:59 - Done    'Segment'
13-Sep-2021 18:22:59 - Done

SPM is done...
STEP 1 COMPLETE
total 1237028
-rw-rw-r--  1 ccn30 ccn30       45875200 Sep 13 18:17 phas0001.img
-rw-rw-r--  1 ccn30 ccn30            352 Sep 13 18:17 phas0001.hdr
-rw-rw-r--  1 ccn30 ccn30       45875200 Sep 13 18:17 phas0000.img
-rw-rw-r--  1 ccn30 ccn30            352 Sep 13 18:17 phas0000.hdr
-rw-rw----+ 1 ccn30 wbic-p00500 91750752 Sep  2 13:53 mp2rage_phase.nii.gz
-rw-rw----+ 1 ccn30 wbic-p00500 91750752 Sep  2 13:53 mp2rage_magnitude.nii.gz
-rw-rw----+ 1 ccn30 wbic-p00500 91750752 Sep 13 18:22 mmag0001.nii
-rw-rw----+ 1 ccn30 wbic-p00500 91750752 Sep 13 18:20 mmag0000.nii
-rw-rw----+ 1 ccn30 wbic-p00500 91750752 Sep 13 18:23 mag0001_skull.nii
-rw-rw----+ 1 ccn30 wbic-p00500 91750752 Sep 13 18:23 mag0001_skull_mask.nii
-rw-rw----+ 1 ccn30 wbic-p00500  4332120 Sep 13 18:22 mag0001_seg8.mat
-rw-rw-r--  1 ccn30 ccn30       45875200 Sep 13 18:17 mag0001.img
-rw-rw-r--  1 ccn30 ccn30            352 Sep 13 18:17 mag0001.hdr
-rw-rw----+ 1 ccn30 wbic-p00500 45875552 Sep 13 18:23 mag0001_brain_skull.nii
-rw-rw----+ 1 ccn30 wbic-p00500 91750752 Sep 13 18:23 mag0001_brain.nii
-rw-rw----+ 1 ccn30 wbic-p00500 45875552 Sep 13 18:23 mag0001_brain_mask.nii
-rw-rw----+ 1 ccn30 wbic-p00500  4332120 Sep 13 18:20 mag0000_seg8.mat
-rw-rw----+ 1 ccn30 wbic-p00500 91750752 Sep 13 18:23 mag0000_PSIR_skulled.nii
-rw-rw----+ 1 ccn30 wbic-p00500 48797540 Sep 13 18:18 mag0000_PSIR.nii.gz
-rw-rw----+ 1 ccn30 wbic-p00500 57625834 Sep 13 18:18 mag0000_PD_smooth.nii.gz
-rw-rw----+ 1 ccn30 wbic-p00500 49900260 Sep 13 18:18 mag0000_MP2RAGE.nii.gz
-rw-rw-r--  1 ccn30 ccn30       45875200 Sep 13 18:17 mag0000.img
-rw-rw-r--  1 ccn30 ccn30            352 Sep 13 18:17 mag0000.hdr
-rw-rw----+ 1 ccn30 wbic-p00500 22937952 Sep 13 18:22 c3mag0001.nii
-rw-rw----+ 1 ccn30 wbic-p00500 22937952 Sep 13 18:20 c3mag0000.nii
-rw-rw----+ 1 ccn30 wbic-p00500 22937952 Sep 13 18:22 c2mag0001.nii
-rw-rw----+ 1 ccn30 wbic-p00500 22937952 Sep 13 18:20 c2mag0000.nii
-rw-rw----+ 1 ccn30 wbic-p00500 22937952 Sep 13 18:22 c1mag0001.nii
-rw-rw----+ 1 ccn30 wbic-p00500 22937952 Sep 13 18:20 c1mag0000.nii
drwxrws---+ 5 ccn30 wbic-p00500     4096 Sep  2 13:53 ..
drwxrws---+ 2 ccn30 wbic-p00500     4096 Sep 13 18:23 .
STEP 1.1 COMPLETE
total 1261608
-rw-rw-r--  1 ccn30 ccn30       45875200 Sep 13 18:17 phas0001.img
-rw-rw-r--  1 ccn30 ccn30            352 Sep 13 18:17 phas0001.hdr
-rw-rw-r--  1 ccn30 ccn30       45875200 Sep 13 18:17 phas0000.img
-rw-rw-r--  1 ccn30 ccn30            352 Sep 13 18:17 phas0000.hdr
-rw-rw----+ 1 ccn30 wbic-p00500 91750752 Sep  2 13:53 mp2rage_phase.nii.gz
-rw-rw----+ 1 ccn30 wbic-p00500 91750752 Sep  2 13:53 mp2rage_magnitude.nii.gz
-rw-rw----+ 1 ccn30 wbic-p00500 91750752 Sep 13 18:22 mmag0001.nii
-rw-rw----+ 1 ccn30 wbic-p00500 91750752 Sep 13 18:20 mmag0000.nii
-rw-rw----+ 1 ccn30 wbic-p00500 91750752 Sep 13 18:23 mag0001_skull.nii
-rw-rw----+ 1 ccn30 wbic-p00500 91750752 Sep 13 18:23 mag0001_skull_mask.nii
-rw-rw----+ 1 ccn30 wbic-p00500  4332120 Sep 13 18:22 mag0001_seg8.mat
-rw-rw-r--  1 ccn30 ccn30       45875200 Sep 13 18:17 mag0001.img
-rw-rw-r--  1 ccn30 ccn30            352 Sep 13 18:17 mag0001.hdr
-rw-rw----+ 1 ccn30 wbic-p00500 45875552 Sep 13 18:23 mag0001_brain_skull.nii
-rw-rw----+ 1 ccn30 wbic-p00500 91750752 Sep 13 18:23 mag0001_brain.nii
-rw-rw----+ 1 ccn30 wbic-p00500 45875552 Sep 13 18:23 mag0001_brain_mask.nii
-rw-rw----+ 1 ccn30 wbic-p00500  4332120 Sep 13 18:20 mag0000_seg8.mat
-rw-rw----+ 1 ccn30 wbic-p00500 50414760 Sep 13 18:23 mag0000_PSIR_skulled_std.nii.gz
-rw-rw----+ 1 ccn30 wbic-p00500 50532073 Sep 13 18:23 mag0000_PSIR_skulled.nii.gz
-rw-rw----+ 1 ccn30 wbic-p00500 48797540 Sep 13 18:18 mag0000_PSIR.nii.gz
-rw-rw----+ 1 ccn30 wbic-p00500 57625834 Sep 13 18:18 mag0000_PD_smooth.nii.gz
-rw-rw----+ 1 ccn30 wbic-p00500 49900260 Sep 13 18:18 mag0000_MP2RAGE.nii.gz
-rw-rw-r--  1 ccn30 ccn30       45875200 Sep 13 18:17 mag0000.img
-rw-rw-r--  1 ccn30 ccn30            352 Sep 13 18:17 mag0000.hdr
-rw-rw----+ 1 ccn30 wbic-p00500 22937952 Sep 13 18:22 c3mag0001.nii
-rw-rw----+ 1 ccn30 wbic-p00500 22937952 Sep 13 18:20 c3mag0000.nii
-rw-rw----+ 1 ccn30 wbic-p00500 22937952 Sep 13 18:22 c2mag0001.nii
-rw-rw----+ 1 ccn30 wbic-p00500 22937952 Sep 13 18:20 c2mag0000.nii
-rw-rw----+ 1 ccn30 wbic-p00500 22937952 Sep 13 18:22 c1mag0001.nii
-rw-rw----+ 1 ccn30 wbic-p00500 22937952 Sep 13 18:20 c1mag0000.nii
drwxrws---+ 5 ccn30 wbic-p00500     4096 Sep  2 13:53 ..
drwxrws---+ 2 ccn30 wbic-p00500     4096 Sep 13 18:23 .

Running N4 for 3-dimensional images.

Mask not read.  Creating Otsu mask.
Current level = 1
  Iteration 1 (of 50).   Current convergence value = 0.000738979 (threshold = 1e-06)
  Iteration 2 (of 50).   Current convergence value = 0.000734161 (threshold = 1e-06)
  Iteration 3 (of 50).   Current convergence value = 0.000728892 (threshold = 1e-06)
  Iteration 4 (of 50).   Current convergence value = 0.000724393 (threshold = 1e-06)
  Iteration 5 (of 50).   Current convergence value = 0.000718974 (threshold = 1e-06)
  Iteration 6 (of 50).   Current convergence value = 0.000713517 (threshold = 1e-06)
  Iteration 7 (of 50).   Current convergence value = 0.000707915 (threshold = 1e-06)
  Iteration 8 (of 50).   Current convergence value = 0.000702821 (threshold = 1e-06)
  Iteration 9 (of 50).   Current convergence value = 0.00069799 (threshold = 1e-06)
  Iteration 10 (of 50).   Current convergence value = 0.000693116 (threshold = 1e-06)
  Iteration 11 (of 50).   Current convergence value = 0.000688406 (threshold = 1e-06)
  Iteration 12 (of 50).   Current convergence value = 0.000683556 (threshold = 1e-06)
  Iteration 13 (of 50).   Current convergence value = 0.00067869 (threshold = 1e-06)
  Iteration 14 (of 50).   Current convergence value = 0.000674436 (threshold = 1e-06)
  Iteration 15 (of 50).   Current convergence value = 0.000669917 (threshold = 1e-06)
  Iteration 16 (of 50).   Current convergence value = 0.000665293 (threshold = 1e-06)
  Iteration 17 (of 50).   Current convergence value = 0.00066127 (threshold = 1e-06)
  Iteration 18 (of 50).   Current convergence value = 0.000657082 (threshold = 1e-06)
  Iteration 19 (of 50).   Current convergence value = 0.000652824 (threshold = 1e-06)
  Iteration 20 (of 50).   Current convergence value = 0.000648725 (threshold = 1e-06)
  Iteration 21 (of 50).   Current convergence value = 0.000644769 (threshold = 1e-06)
  Iteration 22 (of 50).   Current convergence value = 0.000640713 (threshold = 1e-06)
  Iteration 23 (of 50).   Current convergence value = 0.00063632 (threshold = 1e-06)
  Iteration 24 (of 50).   Current convergence value = 0.000632206 (threshold = 1e-06)
  Iteration 25 (of 50).   Current convergence value = 0.00062772 (threshold = 1e-06)
  Iteration 26 (of 50).   Current convergence value = 0.000623789 (threshold = 1e-06)
  Iteration 27 (of 50).   Current convergence value = 0.000619977 (threshold = 1e-06)
  Iteration 28 (of 50).   Current convergence value = 0.000616159 (threshold = 1e-06)
  Iteration 29 (of 50).   Current convergence value = 0.000612355 (threshold = 1e-06)
  Iteration 30 (of 50).   Current convergence value = 0.000608886 (threshold = 1e-06)
  Iteration 31 (of 50).   Current convergence value = 0.000605058 (threshold = 1e-06)
  Iteration 32 (of 50).   Current convergence value = 0.000601379 (threshold = 1e-06)
  Iteration 33 (of 50).   Current convergence value = 0.000597557 (threshold = 1e-06)
  Iteration 34 (of 50).   Current convergence value = 0.000593999 (threshold = 1e-06)
  Iteration 35 (of 50).   Current convergence value = 0.000590528 (threshold = 1e-06)
  Iteration 36 (of 50).   Current convergence value = 0.000586773 (threshold = 1e-06)
  Iteration 37 (of 50).   Current convergence value = 0.000583239 (threshold = 1e-06)
  Iteration 38 (of 50).   Current convergence value = 0.000579853 (threshold = 1e-06)
  Iteration 39 (of 50).   Current convergence value = 0.000576441 (threshold = 1e-06)
  Iteration 40 (of 50).   Current convergence value = 0.000573328 (threshold = 1e-06)
  Iteration 41 (of 50).   Current convergence value = 0.000569965 (threshold = 1e-06)
  Iteration 42 (of 50).   Current convergence value = 0.000566797 (threshold = 1e-06)
  Iteration 43 (of 50).   Current convergence value = 0.000563606 (threshold = 1e-06)
  Iteration 44 (of 50).   Current convergence value = 0.000560899 (threshold = 1e-06)
  Iteration 45 (of 50).   Current convergence value = 0.000557372 (threshold = 1e-06)
  Iteration 46 (of 50).   Current convergence value = 0.000554163 (threshold = 1e-06)
  Iteration 47 (of 50).   Current convergence value = 0.000550949 (threshold = 1e-06)
  Iteration 48 (of 50).   Current convergence value = 0.000547441 (threshold = 1e-06)
  Iteration 49 (of 50).   Current convergence value = 0.000544501 (threshold = 1e-06)
  Iteration 50 (of 50).   Current convergence value = 0.000541396 (threshold = 1e-06)
Current level = 2
  Iteration 1 (of 50).   Current convergence value = 0.00176822 (threshold = 1e-06)
  Iteration 2 (of 50).   Current convergence value = 0.00174087 (threshold = 1e-06)
  Iteration 3 (of 50).   Current convergence value = 0.00171414 (threshold = 1e-06)
  Iteration 4 (of 50).   Current convergence value = 0.00168684 (threshold = 1e-06)
  Iteration 5 (of 50).   Current convergence value = 0.0016617 (threshold = 1e-06)
  Iteration 6 (of 50).   Current convergence value = 0.00163637 (threshold = 1e-06)
  Iteration 7 (of 50).   Current convergence value = 0.00160883 (threshold = 1e-06)
  Iteration 8 (of 50).   Current convergence value = 0.00158254 (threshold = 1e-06)
  Iteration 9 (of 50).   Current convergence value = 0.00155669 (threshold = 1e-06)
  Iteration 10 (of 50).   Current convergence value = 0.00153022 (threshold = 1e-06)
  Iteration 11 (of 50).   Current convergence value = 0.00150614 (threshold = 1e-06)
  Iteration 12 (of 50).   Current convergence value = 0.00148211 (threshold = 1e-06)
  Iteration 13 (of 50).   Current convergence value = 0.00145898 (threshold = 1e-06)
  Iteration 14 (of 50).   Current convergence value = 0.00143729 (threshold = 1e-06)
  Iteration 15 (of 50).   Current convergence value = 0.00141546 (threshold = 1e-06)
  Iteration 16 (of 50).   Current convergence value = 0.0013949 (threshold = 1e-06)
  Iteration 17 (of 50).   Current convergence value = 0.00137528 (threshold = 1e-06)
  Iteration 18 (of 50).   Current convergence value = 0.00135526 (threshold = 1e-06)
  Iteration 19 (of 50).   Current convergence value = 0.00133583 (threshold = 1e-06)
  Iteration 20 (of 50).   Current convergence value = 0.00131634 (threshold = 1e-06)
  Iteration 21 (of 50).   Current convergence value = 0.00129763 (threshold = 1e-06)
  Iteration 22 (of 50).   Current convergence value = 0.00127883 (threshold = 1e-06)
  Iteration 23 (of 50).   Current convergence value = 0.00126019 (threshold = 1e-06)
  Iteration 24 (of 50).   Current convergence value = 0.00124258 (threshold = 1e-06)
  Iteration 25 (of 50).   Current convergence value = 0.00122455 (threshold = 1e-06)
  Iteration 26 (of 50).   Current convergence value = 0.00120619 (threshold = 1e-06)
  Iteration 27 (of 50).   Current convergence value = 0.00118835 (threshold = 1e-06)
  Iteration 28 (of 50).   Current convergence value = 0.00117051 (threshold = 1e-06)
  Iteration 29 (of 50).   Current convergence value = 0.00115306 (threshold = 1e-06)
  Iteration 30 (of 50).   Current convergence value = 0.00113652 (threshold = 1e-06)
  Iteration 31 (of 50).   Current convergence value = 0.0011204 (threshold = 1e-06)
  Iteration 32 (of 50).   Current convergence value = 0.0011042 (threshold = 1e-06)
  Iteration 33 (of 50).   Current convergence value = 0.00108869 (threshold = 1e-06)
  Iteration 34 (of 50).   Current convergence value = 0.0010731 (threshold = 1e-06)
  Iteration 35 (of 50).   Current convergence value = 0.00105866 (threshold = 1e-06)
  Iteration 36 (of 50).   Current convergence value = 0.00104319 (threshold = 1e-06)
  Iteration 37 (of 50).   Current convergence value = 0.00102923 (threshold = 1e-06)
  Iteration 38 (of 50).   Current convergence value = 0.00101446 (threshold = 1e-06)
  Iteration 39 (of 50).   Current convergence value = 0.00100014 (threshold = 1e-06)
  Iteration 40 (of 50).   Current convergence value = 0.00098772 (threshold = 1e-06)
  Iteration 41 (of 50).   Current convergence value = 0.000974817 (threshold = 1e-06)
  Iteration 42 (of 50).   Current convergence value = 0.000962727 (threshold = 1e-06)
  Iteration 43 (of 50).   Current convergence value = 0.00095056 (threshold = 1e-06)
  Iteration 44 (of 50).   Current convergence value = 0.000938617 (threshold = 1e-06)
  Iteration 45 (of 50).   Current convergence value = 0.000927539 (threshold = 1e-06)
  Iteration 46 (of 50).   Current convergence value = 0.000916008 (threshold = 1e-06)
  Iteration 47 (of 50).   Current convergence value = 0.000905171 (threshold = 1e-06)
  Iteration 48 (of 50).   Current convergence value = 0.000894277 (threshold = 1e-06)
  Iteration 49 (of 50).   Current convergence value = 0.000883652 (threshold = 1e-06)
  Iteration 50 (of 50).   Current convergence value = 0.000874006 (threshold = 1e-06)
Current level = 3
  Iteration 1 (of 30).   Current convergence value = 0.0012189 (threshold = 1e-06)
  Iteration 2 (of 30).   Current convergence value = 0.00121516 (threshold = 1e-06)
  Iteration 3 (of 30).   Current convergence value = 0.00121242 (threshold = 1e-06)
  Iteration 4 (of 30).   Current convergence value = 0.00120891 (threshold = 1e-06)
  Iteration 5 (of 30).   Current convergence value = 0.0012092 (threshold = 1e-06)
  Iteration 6 (of 30).   Current convergence value = 0.00120994 (threshold = 1e-06)
  Iteration 7 (of 30).   Current convergence value = 0.0012113 (threshold = 1e-06)
  Iteration 8 (of 30).   Current convergence value = 0.00121147 (threshold = 1e-06)
  Iteration 9 (of 30).   Current convergence value = 0.00120986 (threshold = 1e-06)
  Iteration 10 (of 30).   Current convergence value = 0.00120995 (threshold = 1e-06)
  Iteration 11 (of 30).   Current convergence value = 0.00120915 (threshold = 1e-06)
  Iteration 12 (of 30).   Current convergence value = 0.0012065 (threshold = 1e-06)
  Iteration 13 (of 30).   Current convergence value = 0.0012067 (threshold = 1e-06)
  Iteration 14 (of 30).   Current convergence value = 0.0012029 (threshold = 1e-06)
  Iteration 15 (of 30).   Current convergence value = 0.00119934 (threshold = 1e-06)
  Iteration 16 (of 30).   Current convergence value = 0.00119628 (threshold = 1e-06)
  Iteration 17 (of 30).   Current convergence value = 0.00119167 (threshold = 1e-06)
  Iteration 18 (of 30).   Current convergence value = 0.00118502 (threshold = 1e-06)
  Iteration 19 (of 30).   Current convergence value = 0.00117958 (threshold = 1e-06)
  Iteration 20 (of 30).   Current convergence value = 0.00117268 (threshold = 1e-06)
  Iteration 21 (of 30).   Current convergence value = 0.0011642 (threshold = 1e-06)
  Iteration 22 (of 30).   Current convergence value = 0.00115707 (threshold = 1e-06)
  Iteration 23 (of 30).   Current convergence value = 0.00114923 (threshold = 1e-06)
  Iteration 24 (of 30).   Current convergence value = 0.00113993 (threshold = 1e-06)
  Iteration 25 (of 30).   Current convergence value = 0.00113063 (threshold = 1e-06)
  Iteration 26 (of 30).   Current convergence value = 0.00112209 (threshold = 1e-06)
  Iteration 27 (of 30).   Current convergence value = 0.00111299 (threshold = 1e-06)
  Iteration 28 (of 30).   Current convergence value = 0.00110267 (threshold = 1e-06)
  Iteration 29 (of 30).   Current convergence value = 0.00109329 (threshold = 1e-06)
  Iteration 30 (of 30).   Current convergence value = 0.00108265 (threshold = 1e-06)
Current level = 4
  Iteration 1 (of 20).   Current convergence value = 0.0013612 (threshold = 1e-06)
  Iteration 2 (of 20).   Current convergence value = 0.00130621 (threshold = 1e-06)
  Iteration 3 (of 20).   Current convergence value = 0.00126459 (threshold = 1e-06)
  Iteration 4 (of 20).   Current convergence value = 0.00122825 (threshold = 1e-06)
  Iteration 5 (of 20).   Current convergence value = 0.00119325 (threshold = 1e-06)
  Iteration 6 (of 20).   Current convergence value = 0.00115774 (threshold = 1e-06)
  Iteration 7 (of 20).   Current convergence value = 0.00112458 (threshold = 1e-06)
  Iteration 8 (of 20).   Current convergence value = 0.00109321 (threshold = 1e-06)
  Iteration 9 (of 20).   Current convergence value = 0.00106283 (threshold = 1e-06)
  Iteration 10 (of 20).   Current convergence value = 0.00103508 (threshold = 1e-06)
  Iteration 11 (of 20).   Current convergence value = 0.00101124 (threshold = 1e-06)
  Iteration 12 (of 20).   Current convergence value = 0.000988927 (threshold = 1e-06)
  Iteration 13 (of 20).   Current convergence value = 0.000966139 (threshold = 1e-06)
  Iteration 14 (of 20).   Current convergence value = 0.000947475 (threshold = 1e-06)
  Iteration 15 (of 20).   Current convergence value = 0.000930828 (threshold = 1e-06)
  Iteration 16 (of 20).   Current convergence value = 0.000913378 (threshold = 1e-06)
  Iteration 17 (of 20).   Current convergence value = 0.000895028 (threshold = 1e-06)
  Iteration 18 (of 20).   Current convergence value = 0.000873704 (threshold = 1e-06)
  Iteration 19 (of 20).   Current convergence value = 0.000850421 (threshold = 1e-06)
  Iteration 20 (of 20).   Current convergence value = 0.000826861 (threshold = 1e-06)
   N4BiasFieldCorrectionImageFilter (0x232b090)
     RTTI typeinfo:   itk::N4BiasFieldCorrectionImageFilter<itk::Image<float, 3u>, itk::Image<float, 3u>, itk::Image<float, 3u> >
     Reference Count: 1
     Modified Time: 813
     Debug: Off
     Object Name: 
     Observers: 
       IterationEvent(Command)
     Inputs: 
       Primary: (0x233b1c0) *
       _1: (0x233b840)
     Indexed Inputs: 
       0: Primary (0x233b1c0)
       1: _1 (0x233b840)
     Required Input Names: Primary
     NumberOfRequiredInputs: 1
     Outputs: 
       Primary: (0x232f950)
     Indexed Outputs: 
       0: Primary (0x232f950)
     NumberOfRequiredOutputs: 1
     Number Of Threads: 56
     ReleaseDataFlag: Off
     ReleaseDataBeforeUpdateFlag: Off
     AbortGenerateData: Off
     Progress: 0
     Multithreader: 
       RTTI typeinfo:   itk::MultiThreader
       Reference Count: 1
       Modified Time: 122
       Debug: Off
       Object Name: 
       Observers: 
         none
       Thread Count: 56
       Global Maximum Number Of Threads: 128
       Global Default Number Of Threads: 56
     CoordinateTolerance: 1e-06
     DirectionTolerance: 1e-06
     Mask label: 1
     Number of histogram bins: 200
     Wiener filter noise: 0.01
     Bias field FWHM: 0.15
     Maximum number of iterations: [50, 50, 30, 20]
     Convergence threshold: 1e-06
     Spline order: 3
     Number of fitting levels: [4, 4, 4]
     Number of control points: [4, 5, 5]
     CurrentConvergenceMeasurement: 0.000826861
     CurrentLevel: 4
     ElapsedIterations: 21
     LogBiasFieldControlPointLattice: 
       Image (0x23350a0)
         RTTI typeinfo:   itk::Image<itk::Vector<float, 1u>, 3u>
         Reference Count: 1
         Modified Time: 154554102
         Debug: Off
         Object Name: 
         Observers: 
           none
         Source: (none)
         Source output name: (none)
         Release Data: Off
         Data Released: False
         Global Release Data: Off
         PipelineMTime: 0
         UpdateMTime: 0
         RealTimeStamp: 0 seconds 
         LargestPossibleRegion: 
           Dimension: 3
           Index: [0, 0, 0]
           Size: [11, 19, 19]
         BufferedRegion: 
           Dimension: 3
           Index: [0, 0, 0]
           Size: [11, 19, 19]
         RequestedRegion: 
           Dimension: 3
           Index: [0, 0, 0]
           Size: [11, 19, 19]
         Spacing: [24.5, 24.85, 24.85]
         Origin: [-24.5, 24.85, -24.85]
         Direction: 
1 0 0
0 -1 0
0 0 1

         IndexToPointMatrix: 
24.5 0 0
0 -24.85 0
0 0 24.85

         PointToIndexMatrix: 
0.0408163 0 0
0 -0.0402414 0
0 0 0.0402414

         Inverse Direction: 
1 0 0
0 -1 0
0 0 1

         PixelContainer: 
           ImportImageContainer (0x2335360)
             RTTI typeinfo:   itk::ImportImageContainer<unsigned long, itk::Vector<float, 1u> >
             Reference Count: 1
             Modified Time: 154554103
             Debug: Off
             Object Name: 
             Observers: 
               none
             Pointer: 0x3932e70
             Container manages memory: true
             Size: 3971
             Capacity: 3971
Elapsed time: 103.964
STEP 2 COMPLETE
total 1339368
-rw-rw-r--  1 ccn30 ccn30       45875200 Sep 13 18:17 phas0001.img
-rw-rw-r--  1 ccn30 ccn30            352 Sep 13 18:17 phas0001.hdr
-rw-rw-r--  1 ccn30 ccn30       45875200 Sep 13 18:17 phas0000.img
-rw-rw-r--  1 ccn30 ccn30            352 Sep 13 18:17 phas0000.hdr
-rw-rw----+ 1 ccn30 wbic-p00500 50436410 Sep 13 18:25 n4mag0000_PSIR_skulled_std.nii.gz
-rw-rw----+ 1 ccn30 wbic-p00500 91750752 Sep  2 13:53 mp2rage_phase.nii.gz
-rw-rw----+ 1 ccn30 wbic-p00500 91750752 Sep  2 13:53 mp2rage_magnitude.nii.gz
-rw-rw----+ 1 ccn30 wbic-p00500 91750752 Sep 13 18:22 mmag0001.nii
-rw-rw----+ 1 ccn30 wbic-p00500 91750752 Sep 13 18:20 mmag0000.nii
-rw-rw----+ 1 ccn30 wbic-p00500 91750752 Sep 13 18:23 mag0001_skull.nii
-rw-rw----+ 1 ccn30 wbic-p00500 91750752 Sep 13 18:23 mag0001_skull_mask.nii
-rw-rw----+ 1 ccn30 wbic-p00500  4332120 Sep 13 18:22 mag0001_seg8.mat
-rw-rw-r--  1 ccn30 ccn30       45875200 Sep 13 18:17 mag0001.img
-rw-rw-r--  1 ccn30 ccn30            352 Sep 13 18:17 mag0001.hdr
-rw-rw----+ 1 ccn30 wbic-p00500 45875552 Sep 13 18:23 mag0001_brain_skull.nii
-rw-rw----+ 1 ccn30 wbic-p00500 91750752 Sep 13 18:23 mag0001_brain.nii
-rw-rw----+ 1 ccn30 wbic-p00500 45875552 Sep 13 18:23 mag0001_brain_mask.nii
-rw-rw----+ 1 ccn30 wbic-p00500  4332120 Sep 13 18:20 mag0000_seg8.mat
-rw-rw----+ 1 ccn30 wbic-p00500 50414760 Sep 13 18:23 mag0000_PSIR_skulled_std.nii.gz
-rw-rw----+ 1 ccn30 wbic-p00500 50532073 Sep 13 18:23 mag0000_PSIR_skulled.nii.gz
-rw-rw----+ 1 ccn30 wbic-p00500 48797540 Sep 13 18:18 mag0000_PSIR.nii.gz
-rw-rw----+ 1 ccn30 wbic-p00500 57625834 Sep 13 18:18 mag0000_PD_smooth.nii.gz
-rw-rw----+ 1 ccn30 wbic-p00500 49900260 Sep 13 18:18 mag0000_MP2RAGE.nii.gz
-rw-rw-r--  1 ccn30 ccn30       45875200 Sep 13 18:17 mag0000.img
-rw-rw-r--  1 ccn30 ccn30            352 Sep 13 18:17 mag0000.hdr
-rw-rw----+ 1 ccn30 wbic-p00500 22937952 Sep 13 18:22 c3mag0001.nii
-rw-rw----+ 1 ccn30 wbic-p00500 22937952 Sep 13 18:20 c3mag0000.nii
-rw-rw----+ 1 ccn30 wbic-p00500 22937952 Sep 13 18:22 c2mag0001.nii
-rw-rw----+ 1 ccn30 wbic-p00500 22937952 Sep 13 18:20 c2mag0000.nii
-rw-rw----+ 1 ccn30 wbic-p00500 22937952 Sep 13 18:22 c1mag0001.nii
-rw-rw----+ 1 ccn30 wbic-p00500 22937952 Sep 13 18:20 c1mag0000.nii
drwxrws---+ 5 ccn30 wbic-p00500     4096 Sep  2 13:53 ..
drwxrws---+ 2 ccn30 wbic-p00500     4096 Sep 13 18:25 .
STEP 3 COMPLETE
total 1376232
-rw-rw-r--  1 ccn30 ccn30       45875200 Sep 13 18:17 phas0001.img
-rw-rw-r--  1 ccn30 ccn30            352 Sep 13 18:17 phas0001.hdr
-rw-rw-r--  1 ccn30 ccn30       45875200 Sep 13 18:17 phas0000.img
-rw-rw-r--  1 ccn30 ccn30            352 Sep 13 18:17 phas0000.hdr
-rw-rw----+ 1 ccn30 wbic-p00500 91750752 Sep 13 18:25 n4mag0000_PSIR_skulled_std.nii
-rw-rw----+ 1 ccn30 wbic-p00500 91750752 Sep  2 13:53 mp2rage_phase.nii.gz
-rw-rw----+ 1 ccn30 wbic-p00500 91750752 Sep  2 13:53 mp2rage_magnitude.nii.gz
-rw-rw----+ 1 ccn30 wbic-p00500 91750752 Sep 13 18:22 mmag0001.nii
-rw-rw----+ 1 ccn30 wbic-p00500 91750752 Sep 13 18:20 mmag0000.nii
-rw-rw----+ 1 ccn30 wbic-p00500 91750752 Sep 13 18:23 mag0001_skull.nii
-rw-rw----+ 1 ccn30 wbic-p00500 91750752 Sep 13 18:23 mag0001_skull_mask.nii
-rw-rw----+ 1 ccn30 wbic-p00500  4332120 Sep 13 18:22 mag0001_seg8.mat
-rw-rw-r--  1 ccn30 ccn30       45875200 Sep 13 18:17 mag0001.img
-rw-rw-r--  1 ccn30 ccn30            352 Sep 13 18:17 mag0001.hdr
-rw-rw----+ 1 ccn30 wbic-p00500 45875552 Sep 13 18:23 mag0001_brain_skull.nii
-rw-rw----+ 1 ccn30 wbic-p00500 91750752 Sep 13 18:23 mag0001_brain.nii
-rw-rw----+ 1 ccn30 wbic-p00500 45875552 Sep 13 18:23 mag0001_brain_mask.nii
-rw-rw----+ 1 ccn30 wbic-p00500  4332120 Sep 13 18:20 mag0000_seg8.mat
-rw-rw----+ 1 ccn30 wbic-p00500 50414760 Sep 13 18:23 mag0000_PSIR_skulled_std.nii.gz
-rw-rw----+ 1 ccn30 wbic-p00500 50532073 Sep 13 18:23 mag0000_PSIR_skulled.nii.gz
-rw-rw----+ 1 ccn30 wbic-p00500 48797540 Sep 13 18:18 mag0000_PSIR.nii.gz
-rw-rw----+ 1 ccn30 wbic-p00500 57625834 Sep 13 18:18 mag0000_PD_smooth.nii.gz
-rw-rw----+ 1 ccn30 wbic-p00500 49900260 Sep 13 18:18 mag0000_MP2RAGE.nii.gz
-rw-rw-r--  1 ccn30 ccn30       45875200 Sep 13 18:17 mag0000.img
-rw-rw-r--  1 ccn30 ccn30            352 Sep 13 18:17 mag0000.hdr
-rw-rw----+ 1 ccn30 wbic-p00500 22937952 Sep 13 18:22 c3mag0001.nii
-rw-rw----+ 1 ccn30 wbic-p00500 22937952 Sep 13 18:20 c3mag0000.nii
-rw-rw----+ 1 ccn30 wbic-p00500 22937952 Sep 13 18:22 c2mag0001.nii
-rw-rw----+ 1 ccn30 wbic-p00500 22937952 Sep 13 18:20 c2mag0000.nii
-rw-rw----+ 1 ccn30 wbic-p00500 22937952 Sep 13 18:22 c1mag0001.nii
-rw-rw----+ 1 ccn30 wbic-p00500 22937952 Sep 13 18:20 c1mag0000.nii
drwxrws---+ 5 ccn30 wbic-p00500     4096 Sep  2 13:53 ..
drwxrws---+ 2 ccn30 wbic-p00500     4096 Sep 13 18:25 .

                            < M A T L A B (R) >
                  Copyright 1984-2017 The MathWorks, Inc.
                   R2017b (9.3.0.713579) 64-bit (glnxa64)
                             September 14, 2017

 
To get started, type one of these: helpwin, helpdesk, or demo.
For product information, visit www.mathworks.com.
 


------------------------------------------------------------------------
13-Sep-2021 18:25:43 - Running job #1
------------------------------------------------------------------------
13-Sep-2021 18:25:43 - Running 'Segment'

SPM12: spm_preproc_run (v7408)                     18:25:43 - 13/09/2021
========================================================================
Segment /home/ccn30/rds/rds-p00500_encrypt-URQgmO1brZ0/p00500/ENCRYPT_images/26886/mp2rage/n4mag0000_PSIR_skulled_std.nii,1
Completed                               :          18:29:25 - 13/09/2021
13-Sep-2021 18:29:25 - Done    'Segment'
13-Sep-2021 18:29:25 - Done

SPM segmentation is done...
STEP 4 COMPLETE
total 1492232
-rw-rw-r--  1 ccn30 ccn30       45875200 Sep 13 18:17 phas0001.img
-rw-rw-r--  1 ccn30 ccn30            352 Sep 13 18:17 phas0001.hdr
-rw-rw-r--  1 ccn30 ccn30       45875200 Sep 13 18:17 phas0000.img
-rw-rw-r--  1 ccn30 ccn30            352 Sep 13 18:17 phas0000.hdr
-rw-rw----+ 1 ccn30 wbic-p00500  4341760 Sep 13 18:27 n4mag0000_PSIR_skulled_std_seg8.mat
-rw-rw----+ 1 ccn30 wbic-p00500 91750752 Sep 13 18:25 n4mag0000_PSIR_skulled_std.nii
-rw-rw----+ 1 ccn30 wbic-p00500 91750752 Sep  2 13:53 mp2rage_phase.nii.gz
-rw-rw----+ 1 ccn30 wbic-p00500 91750752 Sep  2 13:53 mp2rage_magnitude.nii.gz
-rw-rw----+ 1 ccn30 wbic-p00500 91750752 Sep 13 18:22 mmag0001.nii
-rw-rw----+ 1 ccn30 wbic-p00500 91750752 Sep 13 18:20 mmag0000.nii
-rw-rw----+ 1 ccn30 wbic-p00500 91750752 Sep 13 18:23 mag0001_skull.nii
-rw-rw----+ 1 ccn30 wbic-p00500 91750752 Sep 13 18:23 mag0001_skull_mask.nii
-rw-rw----+ 1 ccn30 wbic-p00500  4332120 Sep 13 18:22 mag0001_seg8.mat
-rw-rw-r--  1 ccn30 ccn30       45875200 Sep 13 18:17 mag0001.img
-rw-rw-r--  1 ccn30 ccn30            352 Sep 13 18:17 mag0001.hdr
-rw-rw----+ 1 ccn30 wbic-p00500 45875552 Sep 13 18:23 mag0001_brain_skull.nii
-rw-rw----+ 1 ccn30 wbic-p00500 91750752 Sep 13 18:23 mag0001_brain.nii
-rw-rw----+ 1 ccn30 wbic-p00500 45875552 Sep 13 18:23 mag0001_brain_mask.nii
-rw-rw----+ 1 ccn30 wbic-p00500  4332120 Sep 13 18:20 mag0000_seg8.mat
-rw-rw----+ 1 ccn30 wbic-p00500 50414760 Sep 13 18:23 mag0000_PSIR_skulled_std.nii.gz
-rw-rw----+ 1 ccn30 wbic-p00500 50532073 Sep 13 18:23 mag0000_PSIR_skulled.nii.gz
-rw-rw----+ 1 ccn30 wbic-p00500 48797540 Sep 13 18:18 mag0000_PSIR.nii.gz
-rw-rw----+ 1 ccn30 wbic-p00500 57625834 Sep 13 18:18 mag0000_PD_smooth.nii.gz
-rw-rw----+ 1 ccn30 wbic-p00500 49900260 Sep 13 18:18 mag0000_MP2RAGE.nii.gz
-rw-rw-r--  1 ccn30 ccn30       45875200 Sep 13 18:17 mag0000.img
-rw-rw-r--  1 ccn30 ccn30            352 Sep 13 18:17 mag0000.hdr
-rw-rw----+ 1 ccn30 wbic-p00500 22937952 Sep 13 18:29 c5n4mag0000_PSIR_skulled_std.nii
-rw-rw----+ 1 ccn30 wbic-p00500 22937952 Sep 13 18:29 c4n4mag0000_PSIR_skulled_std.nii
-rw-rw----+ 1 ccn30 wbic-p00500 22937952 Sep 13 18:29 c3n4mag0000_PSIR_skulled_std.nii
-rw-rw----+ 1 ccn30 wbic-p00500 22937952 Sep 13 18:22 c3mag0001.nii
-rw-rw----+ 1 ccn30 wbic-p00500 22937952 Sep 13 18:20 c3mag0000.nii
-rw-rw----+ 1 ccn30 wbic-p00500 22937952 Sep 13 18:29 c2n4mag0000_PSIR_skulled_std.nii
-rw-rw----+ 1 ccn30 wbic-p00500 22937952 Sep 13 18:22 c2mag0001.nii
-rw-rw----+ 1 ccn30 wbic-p00500 22937952 Sep 13 18:20 c2mag0000.nii
-rw-rw----+ 1 ccn30 wbic-p00500 22937952 Sep 13 18:29 c1n4mag0000_PSIR_skulled_std.nii
-rw-rw----+ 1 ccn30 wbic-p00500 22937952 Sep 13 18:22 c1mag0001.nii
-rw-rw----+ 1 ccn30 wbic-p00500 22937952 Sep 13 18:20 c1mag0000.nii
drwxrws---+ 5 ccn30 wbic-p00500     4096 Sep  2 13:53 ..
drwxrws---+ 2 ccn30 wbic-p00500     4096 Sep 13 18:27 .

                            < M A T L A B (R) >
                  Copyright 1984-2017 The MathWorks, Inc.
                   R2017b (9.3.0.713579) 64-bit (glnxa64)
                             September 14, 2017

 
To get started, type one of these: helpwin, helpdesk, or demo.
For product information, visit www.mathworks.com.
 
Preparing data ...
Masking image 1 of 1 subjects ...
Finished skull stripping data.
STEP 5 COMPLETE
total 1582100
-rw-rw-r--  1 ccn30 ccn30       45875200 Sep 13 18:17 phas0001.img
-rw-rw-r--  1 ccn30 ccn30            352 Sep 13 18:17 phas0001.hdr
-rw-rw-r--  1 ccn30 ccn30       45875200 Sep 13 18:17 phas0000.img
-rw-rw-r--  1 ccn30 ccn30            352 Sep 13 18:17 phas0000.hdr
-rw-rw----+ 1 ccn30 wbic-p00500 91750752 Sep 13 18:30 n4mag0000_PSIR_skulled_std_struc_brain.nii
-rw-rw----+ 1 ccn30 wbic-p00500  4341760 Sep 13 18:27 n4mag0000_PSIR_skulled_std_seg8.mat
-rw-rw----+ 1 ccn30 wbic-p00500 91750752 Sep 13 18:25 n4mag0000_PSIR_skulled_std.nii
-rw-rw----+ 1 ccn30 wbic-p00500 91750752 Sep  2 13:53 mp2rage_phase.nii.gz
-rw-rw----+ 1 ccn30 wbic-p00500 91750752 Sep  2 13:53 mp2rage_magnitude.nii.gz
-rw-rw----+ 1 ccn30 wbic-p00500 91750752 Sep 13 18:22 mmag0001.nii
-rw-rw----+ 1 ccn30 wbic-p00500 91750752 Sep 13 18:20 mmag0000.nii
-rw-rw----+ 1 ccn30 wbic-p00500 91750752 Sep 13 18:23 mag0001_skull.nii
-rw-rw----+ 1 ccn30 wbic-p00500 91750752 Sep 13 18:23 mag0001_skull_mask.nii
-rw-rw----+ 1 ccn30 wbic-p00500  4332120 Sep 13 18:22 mag0001_seg8.mat
-rw-rw-r--  1 ccn30 ccn30       45875200 Sep 13 18:17 mag0001.img
-rw-rw-r--  1 ccn30 ccn30            352 Sep 13 18:17 mag0001.hdr
-rw-rw----+ 1 ccn30 wbic-p00500 45875552 Sep 13 18:23 mag0001_brain_skull.nii
-rw-rw----+ 1 ccn30 wbic-p00500 91750752 Sep 13 18:23 mag0001_brain.nii
-rw-rw----+ 1 ccn30 wbic-p00500 45875552 Sep 13 18:23 mag0001_brain_mask.nii
-rw-rw----+ 1 ccn30 wbic-p00500  4332120 Sep 13 18:20 mag0000_seg8.mat
-rw-rw----+ 1 ccn30 wbic-p00500 50414760 Sep 13 18:23 mag0000_PSIR_skulled_std.nii.gz
-rw-rw----+ 1 ccn30 wbic-p00500 50532073 Sep 13 18:23 mag0000_PSIR_skulled.nii.gz
-rw-rw----+ 1 ccn30 wbic-p00500 48797540 Sep 13 18:18 mag0000_PSIR.nii.gz
-rw-rw----+ 1 ccn30 wbic-p00500 57625834 Sep 13 18:18 mag0000_PD_smooth.nii.gz
-rw-rw----+ 1 ccn30 wbic-p00500 49900260 Sep 13 18:18 mag0000_MP2RAGE.nii.gz
-rw-rw-r--  1 ccn30 ccn30       45875200 Sep 13 18:17 mag0000.img
-rw-rw-r--  1 ccn30 ccn30            352 Sep 13 18:17 mag0000.hdr
-rw-rw----+ 1 ccn30 wbic-p00500 22937952 Sep 13 18:29 c5n4mag0000_PSIR_skulled_std.nii
-rw-rw----+ 1 ccn30 wbic-p00500 22937952 Sep 13 18:29 c4n4mag0000_PSIR_skulled_std.nii
-rw-rw----+ 1 ccn30 wbic-p00500 22937952 Sep 13 18:29 c3n4mag0000_PSIR_skulled_std.nii
-rw-rw----+ 1 ccn30 wbic-p00500 22937952 Sep 13 18:22 c3mag0001.nii
-rw-rw----+ 1 ccn30 wbic-p00500 22937952 Sep 13 18:20 c3mag0000.nii
-rw-rw----+ 1 ccn30 wbic-p00500 22937952 Sep 13 18:29 c2n4mag0000_PSIR_skulled_std.nii
-rw-rw----+ 1 ccn30 wbic-p00500 22937952 Sep 13 18:22 c2mag0001.nii
-rw-rw----+ 1 ccn30 wbic-p00500 22937952 Sep 13 18:20 c2mag0000.nii
-rw-rw----+ 1 ccn30 wbic-p00500 22937952 Sep 13 18:29 c1n4mag0000_PSIR_skulled_std.nii
-rw-rw----+ 1 ccn30 wbic-p00500 22937952 Sep 13 18:22 c1mag0001.nii
-rw-rw----+ 1 ccn30 wbic-p00500 22937952 Sep 13 18:20 c1mag0000.nii
drwxrws---+ 5 ccn30 wbic-p00500     4096 Sep  2 13:53 ..
drwxrws---+ 2 ccn30 wbic-p00500     4096 Sep 13 18:30 .
STEP 6 COMPLETE
total 1659928
-rw-rw-r--  1 ccn30 ccn30       45875200 Sep 13 18:17 phas0001.img
-rw-rw-r--  1 ccn30 ccn30            352 Sep 13 18:17 phas0001.hdr
-rw-rw-r--  1 ccn30 ccn30       45875200 Sep 13 18:17 phas0000.img
-rw-rw-r--  1 ccn30 ccn30            352 Sep 13 18:17 phas0000.hdr
-rw-rw----+ 1 ccn30 wbic-p00500 91750752 Sep 13 18:30 n4mag0000_PSIR_skulled_std_struc_brain.nii
-rw-rw----+ 1 ccn30 wbic-p00500 91750752 Sep 13 18:30 n4mag0000_PSIR_skulled_std_struc_brain_mask.nii
-rw-rw----+ 1 ccn30 wbic-p00500  4341760 Sep 13 18:27 n4mag0000_PSIR_skulled_std_seg8.mat
-rw-rw----+ 1 ccn30 wbic-p00500 91750752 Sep 13 18:25 n4mag0000_PSIR_skulled_std.nii
-rw-rw----+ 1 ccn30 wbic-p00500 91750752 Sep  2 13:53 mp2rage_phase.nii.gz
-rw-rw----+ 1 ccn30 wbic-p00500 91750752 Sep  2 13:53 mp2rage_magnitude.nii.gz
-rw-rw----+ 1 ccn30 wbic-p00500 91750752 Sep 13 18:22 mmag0001.nii
-rw-rw----+ 1 ccn30 wbic-p00500 91750752 Sep 13 18:20 mmag0000.nii
-rw-rw----+ 1 ccn30 wbic-p00500 91750752 Sep 13 18:23 mag0001_skull.nii
-rw-rw----+ 1 ccn30 wbic-p00500 91750752 Sep 13 18:23 mag0001_skull_mask.nii
-rw-rw----+ 1 ccn30 wbic-p00500  4332120 Sep 13 18:22 mag0001_seg8.mat
-rw-rw-r--  1 ccn30 ccn30       45875200 Sep 13 18:17 mag0001.img
-rw-rw-r--  1 ccn30 ccn30            352 Sep 13 18:17 mag0001.hdr
-rw-rw----+ 1 ccn30 wbic-p00500 45875552 Sep 13 18:23 mag0001_brain_skull.nii
-rw-rw----+ 1 ccn30 wbic-p00500 91750752 Sep 13 18:23 mag0001_brain.nii
-rw-rw----+ 1 ccn30 wbic-p00500 45875552 Sep 13 18:23 mag0001_brain_mask.nii
-rw-rw----+ 1 ccn30 wbic-p00500  4332120 Sep 13 18:20 mag0000_seg8.mat
-rw-rw----+ 1 ccn30 wbic-p00500 50414760 Sep 13 18:23 mag0000_PSIR_skulled_std.nii.gz
-rw-rw----+ 1 ccn30 wbic-p00500 50532073 Sep 13 18:23 mag0000_PSIR_skulled.nii.gz
-rw-rw----+ 1 ccn30 wbic-p00500 48797540 Sep 13 18:18 mag0000_PSIR.nii.gz
-rw-rw----+ 1 ccn30 wbic-p00500 57625834 Sep 13 18:18 mag0000_PD_smooth.nii.gz
-rw-rw----+ 1 ccn30 wbic-p00500 49900260 Sep 13 18:18 mag0000_MP2RAGE.nii.gz
-rw-rw-r--  1 ccn30 ccn30       45875200 Sep 13 18:17 mag0000.img
-rw-rw-r--  1 ccn30 ccn30            352 Sep 13 18:17 mag0000.hdr
-rw-rw----+ 1 ccn30 wbic-p00500 22937952 Sep 13 18:29 c5n4mag0000_PSIR_skulled_std.nii
-rw-rw----+ 1 ccn30 wbic-p00500 22937952 Sep 13 18:29 c4n4mag0000_PSIR_skulled_std.nii
-rw-rw----+ 1 ccn30 wbic-p00500 22937952 Sep 13 18:29 c3n4mag0000_PSIR_skulled_std.nii
-rw-rw----+ 1 ccn30 wbic-p00500 22937952 Sep 13 18:22 c3mag0001.nii
-rw-rw----+ 1 ccn30 wbic-p00500 22937952 Sep 13 18:20 c3mag0000.nii
-rw-rw----+ 1 ccn30 wbic-p00500 22937952 Sep 13 18:29 c2n4mag0000_PSIR_skulled_std.nii
-rw-rw----+ 1 ccn30 wbic-p00500 22937952 Sep 13 18:22 c2mag0001.nii
-rw-rw----+ 1 ccn30 wbic-p00500 22937952 Sep 13 18:20 c2mag0000.nii
-rw-rw----+ 1 ccn30 wbic-p00500 22937952 Sep 13 18:29 c1n4mag0000_PSIR_skulled_std.nii
-rw-rw----+ 1 ccn30 wbic-p00500 22937952 Sep 13 18:22 c1mag0001.nii
-rw-rw----+ 1 ccn30 wbic-p00500 22937952 Sep 13 18:20 c1mag0000.nii
drwxrws---+ 5 ccn30 wbic-p00500     4096 Sep  2 13:53 ..
drwxrws---+ 2 ccn30 wbic-p00500     4096 Sep 13 18:30 .
