This is job 2
Time: Wed 10 Nov 10:04:07 GMT 2021
Running on master node: cpu-p-112
Current directory: /rds/user/ccn30/hpc-work/WBIC_lustre/ENCRYPT/scripts/ImagePrep/mp2rage/slurmoutputs
Changed directory to /home/ccn30/rds/hpc-work/WBIC_lustre/ENCRYPT/scripts/ImagePrep/mp2rage/slurmoutputs.

JobID: 49308943
======
Time: Wed 10 Nov 10:04:07 GMT 2021
Running on master node: cpu-p-112
Current directory: /home/ccn30/rds/hpc-work/WBIC_lustre/ENCRYPT/scripts/ImagePrep/mp2rage/slurmoutputs

Nodes allocated:
================
cpu-p-112

numtasks=, numnodes=, mpi_tasks_per_node= (OMP_NUM_THREADS=1)

Executing command:
==================
/home/ccn30/rds/hpc-work/WBIC_lustre/ENCRYPT/scripts/ImagePrep/mp2rage/mp2rage_processing.sh /home/ccn30/rds/hpc-work/WBIC_lustre/ENCRYPT/testsubjcode.txt 2 /home/ccn30/rds/hpc-work/WBIC_lustre/ENCRYPT/scripts/ImagePrep/mp2rage /usr/local/Cluster-Apps/matlab/R2017b /usr/local/software/spm/spm12 /home/ccn30/rds/rds-p00500_encrypt-URQgmO1brZ0/p00500/ENCRYPT_images /usr/local/Cluster-Apps/fsl/5.0.8/fsl

Starting 27775
/home/ccn30/rds/rds-p00500_encrypt-URQgmO1brZ0/p00500/ENCRYPT_images/27775/mp2rage
STARTING mp2rage PREPROCESSING
total 338764
-rw-rw----+ 1 ccn30 wbic-p00500 45875552 Nov 10 10:04 phas0001.nii
-rw-rw----+ 1 ccn30 wbic-p00500 45875552 Nov 10 10:04 phas0000.nii
-rw-rw----+ 1 ccn30 wbic-p00500 91750752 Nov 10 08:59 mp2rage_phase.nii.gz
-rw-rw----+ 1 ccn30 wbic-p00500 91750752 Nov 10 08:59 mp2rage_magnitude.nii.gz
-rw-rw----+ 1 ccn30 wbic-p00500 45875552 Nov 10 10:04 mag0001.nii
-rw-rw----+ 1 ccn30 wbic-p00500 45875552 Nov 10 10:04 mag0000.nii
drwxrws---+ 5 ccn30 wbic-p00500     4096 Nov 10 08:59 ..
drwxrws---+ 2 ccn30 wbic-p00500     4096 Nov 10 10:04 .
The folder where the PSIR is is /home/ccn30/rds/rds-p00500_encrypt-URQgmO1brZ0/p00500/ENCRYPT_images/27775/mp2rage
The script directory is /home/ccn30/rds/hpc-work/WBIC_lustre/ENCRYPT/scripts/ImagePrep/mp2rage
The SPM directory is /usr/local/software/spm/spm12
/home/ccn30/rds/rds-p00500_encrypt-URQgmO1brZ0/p00500/ENCRYPT_images/27775/mp2rage/mag0000 and /home/ccn30/rds/rds-p00500_encrypt-URQgmO1brZ0/p00500/ENCRYPT_images/27775/mp2rage/mag0001 and /home/ccn30/rds/rds-p00500_encrypt-URQgmO1brZ0/p00500/ENCRYPT_images/27775/mp2rage/phas0000 and /home/ccn30/rds/rds-p00500_encrypt-URQgmO1brZ0/p00500/ENCRYPT_images/27775/mp2rage/phas0001 are the files selected
0.000000 0.000000 -1.000000 156.099991 
-1.000000 0.000000 0.000000 223.300003 
0.000000 1.000000 0.000000 0.000000 
0.000000 0.000000 0.000000 1.000000 

0.000000 0.000000 -1.000000 156.099991 
-1.000000 0.000000 0.000000 223.300003 
0.000000 1.000000 0.000000 0.000000 
0.000000 0.000000 0.000000 1.000000 

0.000000 0.000000 -1.000000 156.099991 
-1.000000 0.000000 0.000000 223.300003 
0.000000 1.000000 0.000000 0.000000 
0.000000 0.000000 0.000000 1.000000 

0.000000 0.000000 -1.000000 156.099991 
-1.000000 0.000000 0.000000 223.300003 
0.000000 1.000000 0.000000 0.000000 
0.000000 0.000000 0.000000 1.000000 


                            < M A T L A B (R) >
                  Copyright 1984-2017 The MathWorks, Inc.
                   R2017b (9.3.0.713579) 64-bit (glnxa64)
                             September 14, 2017

 
To get started, type one of these: helpwin, helpdesk, or demo.
For product information, visit www.mathworks.com.
 
You are in the PSIR function
Phase data rescaled to radians (Assuming Siemens data range [0 4095])
320  320  224    2is the image dimension
 
 
 
The PSIR reconstruction is done.
/home/ccn30/rds/rds-p00500_encrypt-URQgmO1brZ0/p00500/ENCRYPT_images/27775/mp2rage/mag0000

                            < M A T L A B (R) >
                  Copyright 1984-2017 The MathWorks, Inc.
                   R2017b (9.3.0.713579) 64-bit (glnxa64)
                             September 14, 2017

 
To get started, type one of these: helpwin, helpdesk, or demo.
For product information, visit www.mathworks.com.
 
You are in the PSIR function


------------------------------------------------------------------------
10-Nov-2021 10:05:14 - Running job #1
------------------------------------------------------------------------
10-Nov-2021 10:05:14 - Running 'Segment'

SPM12: spm_preproc_run (v7408)                     10:05:14 - 10/11/2021
========================================================================
Segment /home/ccn30/rds/rds-p00500_encrypt-URQgmO1brZ0/p00500/ENCRYPT_images/27775/mp2rage/mag0000.img,1
Segment /home/ccn30/rds/rds-p00500_encrypt-URQgmO1brZ0/p00500/ENCRYPT_images/27775/mp2rage/mag0001.img,1
Completed                               :          10:09:52 - 10/11/2021
10-Nov-2021 10:09:52 - Done    'Segment'
10-Nov-2021 10:09:52 - Done

SPM is done...
STEP 1 COMPLETE
total 1225068
-rw-rw-r--  1 ccn30 ccn30       45875200 Nov 10 10:04 phas0001.img
-rw-rw-r--  1 ccn30 ccn30            352 Nov 10 10:04 phas0001.hdr
-rw-rw-r--  1 ccn30 ccn30       45875200 Nov 10 10:04 phas0000.img
-rw-rw-r--  1 ccn30 ccn30            352 Nov 10 10:04 phas0000.hdr
-rw-rw----+ 1 ccn30 wbic-p00500 91750752 Nov 10 08:59 mp2rage_phase.nii.gz
-rw-rw----+ 1 ccn30 wbic-p00500 91750752 Nov 10 08:59 mp2rage_magnitude.nii.gz
-rw-rw----+ 1 ccn30 wbic-p00500 91750752 Nov 10 10:09 mmag0001.nii
-rw-rw----+ 1 ccn30 wbic-p00500 91750752 Nov 10 10:06 mmag0000.nii
-rw-rw----+ 1 ccn30 wbic-p00500 91750752 Nov 10 10:10 mag0001_skull.nii
-rw-rw----+ 1 ccn30 wbic-p00500 91750752 Nov 10 10:10 mag0001_skull_mask.nii
-rw-rw----+ 1 ccn30 wbic-p00500  4332120 Nov 10 10:09 mag0001_seg8.mat
-rw-rw-r--  1 ccn30 ccn30       45875200 Nov 10 10:04 mag0001.img
-rw-rw-r--  1 ccn30 ccn30            352 Nov 10 10:04 mag0001.hdr
-rw-rw----+ 1 ccn30 wbic-p00500 45875552 Nov 10 10:10 mag0001_brain_skull.nii
-rw-rw----+ 1 ccn30 wbic-p00500 91750752 Nov 10 10:10 mag0001_brain.nii
-rw-rw----+ 1 ccn30 wbic-p00500 45875552 Nov 10 10:10 mag0001_brain_mask.nii
-rw-rw----+ 1 ccn30 wbic-p00500  4332120 Nov 10 10:06 mag0000_seg8.mat
-rw-rw----+ 1 ccn30 wbic-p00500 91750752 Nov 10 10:10 mag0000_PSIR_skulled.nii
-rw-rw----+ 1 ccn30 wbic-p00500 52948419 Nov 10 10:04 mag0000_PSIR.nii.gz
-rw-rw----+ 1 ccn30 wbic-p00500 62502818 Nov 10 10:04 mag0000_PD_smooth.nii.gz
-rw-rw----+ 1 ccn30 wbic-p00500 54049804 Nov 10 10:04 mag0000_MP2RAGE.nii.gz
-rw-rw-r--  1 ccn30 ccn30       45875200 Nov 10 10:04 mag0000.img
-rw-rw-r--  1 ccn30 ccn30            352 Nov 10 10:04 mag0000.hdr
-rw-rw----+ 1 ccn30 wbic-p00500 22937952 Nov 10 10:09 c3mag0001.nii
-rw-rw----+ 1 ccn30 wbic-p00500 22937952 Nov 10 10:07 c3mag0000.nii
-rw-rw----+ 1 ccn30 wbic-p00500 22937952 Nov 10 10:09 c2mag0001.nii
-rw-rw----+ 1 ccn30 wbic-p00500 22937952 Nov 10 10:07 c2mag0000.nii
-rw-rw----+ 1 ccn30 wbic-p00500 22937952 Nov 10 10:09 c1mag0001.nii
-rw-rw----+ 1 ccn30 wbic-p00500 22937952 Nov 10 10:07 c1mag0000.nii
drwxrws---+ 5 ccn30 wbic-p00500     4096 Nov 10 08:59 ..
drwxrws---+ 2 ccn30 wbic-p00500     4096 Nov 10 10:10 .
STEP 1.1 COMPLETE
total 1286592
-rw-rw-r--  1 ccn30 ccn30       45875200 Nov 10 10:04 phas0001.img
-rw-rw-r--  1 ccn30 ccn30            352 Nov 10 10:04 phas0001.hdr
-rw-rw-r--  1 ccn30 ccn30       45875200 Nov 10 10:04 phas0000.img
-rw-rw-r--  1 ccn30 ccn30            352 Nov 10 10:04 phas0000.hdr
-rw-rw----+ 1 ccn30 wbic-p00500 91750752 Nov 10 08:59 mp2rage_phase.nii.gz
-rw-rw----+ 1 ccn30 wbic-p00500 91750752 Nov 10 08:59 mp2rage_magnitude.nii.gz
-rw-rw----+ 1 ccn30 wbic-p00500 91750752 Nov 10 10:09 mmag0001.nii
-rw-rw----+ 1 ccn30 wbic-p00500 91750752 Nov 10 10:06 mmag0000.nii
-rw-rw----+ 1 ccn30 wbic-p00500 91750752 Nov 10 10:10 mag0001_skull.nii
-rw-rw----+ 1 ccn30 wbic-p00500 91750752 Nov 10 10:10 mag0001_skull_mask.nii
-rw-rw----+ 1 ccn30 wbic-p00500  4332120 Nov 10 10:09 mag0001_seg8.mat
-rw-rw-r--  1 ccn30 ccn30       45875200 Nov 10 10:04 mag0001.img
-rw-rw-r--  1 ccn30 ccn30            352 Nov 10 10:04 mag0001.hdr
-rw-rw----+ 1 ccn30 wbic-p00500 45875552 Nov 10 10:10 mag0001_brain_skull.nii
-rw-rw----+ 1 ccn30 wbic-p00500 91750752 Nov 10 10:10 mag0001_brain.nii
-rw-rw----+ 1 ccn30 wbic-p00500 45875552 Nov 10 10:10 mag0001_brain_mask.nii
-rw-rw----+ 1 ccn30 wbic-p00500  4332120 Nov 10 10:06 mag0000_seg8.mat
-rw-rw----+ 1 ccn30 wbic-p00500 55178384 Nov 10 10:10 mag0000_PSIR_skulled_std.nii.gz
-rw-rw----+ 1 ccn30 wbic-p00500 55200363 Nov 10 10:10 mag0000_PSIR_skulled.nii.gz
-rw-rw----+ 1 ccn30 wbic-p00500 52948419 Nov 10 10:04 mag0000_PSIR.nii.gz
-rw-rw----+ 1 ccn30 wbic-p00500 62502818 Nov 10 10:04 mag0000_PD_smooth.nii.gz
-rw-rw----+ 1 ccn30 wbic-p00500 54049804 Nov 10 10:04 mag0000_MP2RAGE.nii.gz
-rw-rw-r--  1 ccn30 ccn30       45875200 Nov 10 10:04 mag0000.img
-rw-rw-r--  1 ccn30 ccn30            352 Nov 10 10:04 mag0000.hdr
-rw-rw----+ 1 ccn30 wbic-p00500 22937952 Nov 10 10:09 c3mag0001.nii
-rw-rw----+ 1 ccn30 wbic-p00500 22937952 Nov 10 10:07 c3mag0000.nii
-rw-rw----+ 1 ccn30 wbic-p00500 22937952 Nov 10 10:09 c2mag0001.nii
-rw-rw----+ 1 ccn30 wbic-p00500 22937952 Nov 10 10:07 c2mag0000.nii
-rw-rw----+ 1 ccn30 wbic-p00500 22937952 Nov 10 10:09 c1mag0001.nii
-rw-rw----+ 1 ccn30 wbic-p00500 22937952 Nov 10 10:07 c1mag0000.nii
drwxrws---+ 5 ccn30 wbic-p00500     4096 Nov 10 08:59 ..
drwxrws---+ 2 ccn30 wbic-p00500     4096 Nov 10 10:10 .

Running N4 for 3-dimensional images.

Mask not read.  Creating Otsu mask.
Current level = 1
  Iteration 1 (of 50).   Current convergence value = 0.000517318 (threshold = 1e-06)
  Iteration 2 (of 50).   Current convergence value = 0.00051395 (threshold = 1e-06)
  Iteration 3 (of 50).   Current convergence value = 0.000510278 (threshold = 1e-06)
  Iteration 4 (of 50).   Current convergence value = 0.00050628 (threshold = 1e-06)
  Iteration 5 (of 50).   Current convergence value = 0.000501996 (threshold = 1e-06)
  Iteration 6 (of 50).   Current convergence value = 0.000498193 (threshold = 1e-06)
  Iteration 7 (of 50).   Current convergence value = 0.000494818 (threshold = 1e-06)
  Iteration 8 (of 50).   Current convergence value = 0.000490922 (threshold = 1e-06)
  Iteration 9 (of 50).   Current convergence value = 0.00048721 (threshold = 1e-06)
  Iteration 10 (of 50).   Current convergence value = 0.000484048 (threshold = 1e-06)
  Iteration 11 (of 50).   Current convergence value = 0.000480593 (threshold = 1e-06)
  Iteration 12 (of 50).   Current convergence value = 0.000477024 (threshold = 1e-06)
  Iteration 13 (of 50).   Current convergence value = 0.000473899 (threshold = 1e-06)
  Iteration 14 (of 50).   Current convergence value = 0.00047089 (threshold = 1e-06)
  Iteration 15 (of 50).   Current convergence value = 0.000467638 (threshold = 1e-06)
  Iteration 16 (of 50).   Current convergence value = 0.000464392 (threshold = 1e-06)
  Iteration 17 (of 50).   Current convergence value = 0.000461338 (threshold = 1e-06)
  Iteration 18 (of 50).   Current convergence value = 0.000458162 (threshold = 1e-06)
  Iteration 19 (of 50).   Current convergence value = 0.000455008 (threshold = 1e-06)
  Iteration 20 (of 50).   Current convergence value = 0.000451804 (threshold = 1e-06)
  Iteration 21 (of 50).   Current convergence value = 0.000447975 (threshold = 1e-06)
  Iteration 22 (of 50).   Current convergence value = 0.000444378 (threshold = 1e-06)
  Iteration 23 (of 50).   Current convergence value = 0.000441173 (threshold = 1e-06)
  Iteration 24 (of 50).   Current convergence value = 0.000438172 (threshold = 1e-06)
  Iteration 25 (of 50).   Current convergence value = 0.000434982 (threshold = 1e-06)
  Iteration 26 (of 50).   Current convergence value = 0.000432266 (threshold = 1e-06)
  Iteration 27 (of 50).   Current convergence value = 0.000429259 (threshold = 1e-06)
  Iteration 28 (of 50).   Current convergence value = 0.000425717 (threshold = 1e-06)
  Iteration 29 (of 50).   Current convergence value = 0.000422223 (threshold = 1e-06)
  Iteration 30 (of 50).   Current convergence value = 0.00041959 (threshold = 1e-06)
  Iteration 31 (of 50).   Current convergence value = 0.000415983 (threshold = 1e-06)
  Iteration 32 (of 50).   Current convergence value = 0.000413098 (threshold = 1e-06)
  Iteration 33 (of 50).   Current convergence value = 0.000410408 (threshold = 1e-06)
  Iteration 34 (of 50).   Current convergence value = 0.000408276 (threshold = 1e-06)
  Iteration 35 (of 50).   Current convergence value = 0.000405337 (threshold = 1e-06)
  Iteration 36 (of 50).   Current convergence value = 0.000402494 (threshold = 1e-06)
  Iteration 37 (of 50).   Current convergence value = 0.000399611 (threshold = 1e-06)
  Iteration 38 (of 50).   Current convergence value = 0.000396759 (threshold = 1e-06)
  Iteration 39 (of 50).   Current convergence value = 0.000394295 (threshold = 1e-06)
  Iteration 40 (of 50).   Current convergence value = 0.000391423 (threshold = 1e-06)
  Iteration 41 (of 50).   Current convergence value = 0.000388451 (threshold = 1e-06)
  Iteration 42 (of 50).   Current convergence value = 0.000385303 (threshold = 1e-06)
  Iteration 43 (of 50).   Current convergence value = 0.000382185 (threshold = 1e-06)
  Iteration 44 (of 50).   Current convergence value = 0.000379085 (threshold = 1e-06)
  Iteration 45 (of 50).   Current convergence value = 0.000376324 (threshold = 1e-06)
  Iteration 46 (of 50).   Current convergence value = 0.000373552 (threshold = 1e-06)
  Iteration 47 (of 50).   Current convergence value = 0.000371057 (threshold = 1e-06)
  Iteration 48 (of 50).   Current convergence value = 0.000368676 (threshold = 1e-06)
  Iteration 49 (of 50).   Current convergence value = 0.000365823 (threshold = 1e-06)
  Iteration 50 (of 50).   Current convergence value = 0.000363353 (threshold = 1e-06)
Current level = 2
  Iteration 1 (of 50).   Current convergence value = 0.00077154 (threshold = 1e-06)
  Iteration 2 (of 50).   Current convergence value = 0.000750141 (threshold = 1e-06)
  Iteration 3 (of 50).   Current convergence value = 0.000729863 (threshold = 1e-06)
  Iteration 4 (of 50).   Current convergence value = 0.000710564 (threshold = 1e-06)
  Iteration 5 (of 50).   Current convergence value = 0.000691451 (threshold = 1e-06)
  Iteration 6 (of 50).   Current convergence value = 0.000673954 (threshold = 1e-06)
  Iteration 7 (of 50).   Current convergence value = 0.000657006 (threshold = 1e-06)
  Iteration 8 (of 50).   Current convergence value = 0.00064028 (threshold = 1e-06)
  Iteration 9 (of 50).   Current convergence value = 0.000624826 (threshold = 1e-06)
  Iteration 10 (of 50).   Current convergence value = 0.000609913 (threshold = 1e-06)
  Iteration 11 (of 50).   Current convergence value = 0.000595431 (threshold = 1e-06)
  Iteration 12 (of 50).   Current convergence value = 0.00058113 (threshold = 1e-06)
  Iteration 13 (of 50).   Current convergence value = 0.000567237 (threshold = 1e-06)
  Iteration 14 (of 50).   Current convergence value = 0.000553615 (threshold = 1e-06)
  Iteration 15 (of 50).   Current convergence value = 0.000540402 (threshold = 1e-06)
  Iteration 16 (of 50).   Current convergence value = 0.000527593 (threshold = 1e-06)
  Iteration 17 (of 50).   Current convergence value = 0.000516715 (threshold = 1e-06)
  Iteration 18 (of 50).   Current convergence value = 0.000505141 (threshold = 1e-06)
  Iteration 19 (of 50).   Current convergence value = 0.000492628 (threshold = 1e-06)
  Iteration 20 (of 50).   Current convergence value = 0.000481885 (threshold = 1e-06)
  Iteration 21 (of 50).   Current convergence value = 0.000472936 (threshold = 1e-06)
  Iteration 22 (of 50).   Current convergence value = 0.000462088 (threshold = 1e-06)
  Iteration 23 (of 50).   Current convergence value = 0.00045232 (threshold = 1e-06)
  Iteration 24 (of 50).   Current convergence value = 0.0004434 (threshold = 1e-06)
  Iteration 25 (of 50).   Current convergence value = 0.000434841 (threshold = 1e-06)
  Iteration 26 (of 50).   Current convergence value = 0.000426948 (threshold = 1e-06)
  Iteration 27 (of 50).   Current convergence value = 0.000417712 (threshold = 1e-06)
  Iteration 28 (of 50).   Current convergence value = 0.000409288 (threshold = 1e-06)
  Iteration 29 (of 50).   Current convergence value = 0.000401829 (threshold = 1e-06)
  Iteration 30 (of 50).   Current convergence value = 0.000394129 (threshold = 1e-06)
  Iteration 31 (of 50).   Current convergence value = 0.000386478 (threshold = 1e-06)
  Iteration 32 (of 50).   Current convergence value = 0.000379017 (threshold = 1e-06)
  Iteration 33 (of 50).   Current convergence value = 0.000372425 (threshold = 1e-06)
  Iteration 34 (of 50).   Current convergence value = 0.000366732 (threshold = 1e-06)
  Iteration 35 (of 50).   Current convergence value = 0.000359756 (threshold = 1e-06)
  Iteration 36 (of 50).   Current convergence value = 0.000353467 (threshold = 1e-06)
  Iteration 37 (of 50).   Current convergence value = 0.00034752 (threshold = 1e-06)
  Iteration 38 (of 50).   Current convergence value = 0.000342136 (threshold = 1e-06)
  Iteration 39 (of 50).   Current convergence value = 0.000336922 (threshold = 1e-06)
  Iteration 40 (of 50).   Current convergence value = 0.000332501 (threshold = 1e-06)
  Iteration 41 (of 50).   Current convergence value = 0.000327646 (threshold = 1e-06)
  Iteration 42 (of 50).   Current convergence value = 0.000322151 (threshold = 1e-06)
  Iteration 43 (of 50).   Current convergence value = 0.000317161 (threshold = 1e-06)
  Iteration 44 (of 50).   Current convergence value = 0.000313232 (threshold = 1e-06)
  Iteration 45 (of 50).   Current convergence value = 0.000308796 (threshold = 1e-06)
  Iteration 46 (of 50).   Current convergence value = 0.000304709 (threshold = 1e-06)
  Iteration 47 (of 50).   Current convergence value = 0.000301231 (threshold = 1e-06)
  Iteration 48 (of 50).   Current convergence value = 0.000298268 (threshold = 1e-06)
  Iteration 49 (of 50).   Current convergence value = 0.000294024 (threshold = 1e-06)
  Iteration 50 (of 50).   Current convergence value = 0.000290234 (threshold = 1e-06)
Current level = 3
  Iteration 1 (of 30).   Current convergence value = 0.000667464 (threshold = 1e-06)
  Iteration 2 (of 30).   Current convergence value = 0.000641761 (threshold = 1e-06)
  Iteration 3 (of 30).   Current convergence value = 0.000618495 (threshold = 1e-06)
  Iteration 4 (of 30).   Current convergence value = 0.000597167 (threshold = 1e-06)
  Iteration 5 (of 30).   Current convergence value = 0.000578277 (threshold = 1e-06)
  Iteration 6 (of 30).   Current convergence value = 0.000559471 (threshold = 1e-06)
  Iteration 7 (of 30).   Current convergence value = 0.00054341 (threshold = 1e-06)
  Iteration 8 (of 30).   Current convergence value = 0.000527451 (threshold = 1e-06)
  Iteration 9 (of 30).   Current convergence value = 0.00051316 (threshold = 1e-06)
  Iteration 10 (of 30).   Current convergence value = 0.000499194 (threshold = 1e-06)
  Iteration 11 (of 30).   Current convergence value = 0.000485844 (threshold = 1e-06)
  Iteration 12 (of 30).   Current convergence value = 0.00047502 (threshold = 1e-06)
  Iteration 13 (of 30).   Current convergence value = 0.000464013 (threshold = 1e-06)
  Iteration 14 (of 30).   Current convergence value = 0.000452909 (threshold = 1e-06)
  Iteration 15 (of 30).   Current convergence value = 0.000443209 (threshold = 1e-06)
  Iteration 16 (of 30).   Current convergence value = 0.000433838 (threshold = 1e-06)
  Iteration 17 (of 30).   Current convergence value = 0.000423776 (threshold = 1e-06)
  Iteration 18 (of 30).   Current convergence value = 0.000415558 (threshold = 1e-06)
  Iteration 19 (of 30).   Current convergence value = 0.000408353 (threshold = 1e-06)
  Iteration 20 (of 30).   Current convergence value = 0.000401789 (threshold = 1e-06)
  Iteration 21 (of 30).   Current convergence value = 0.000394894 (threshold = 1e-06)
  Iteration 22 (of 30).   Current convergence value = 0.000387454 (threshold = 1e-06)
  Iteration 23 (of 30).   Current convergence value = 0.000378986 (threshold = 1e-06)
  Iteration 24 (of 30).   Current convergence value = 0.000371947 (threshold = 1e-06)
  Iteration 25 (of 30).   Current convergence value = 0.000366191 (threshold = 1e-06)
  Iteration 26 (of 30).   Current convergence value = 0.000360884 (threshold = 1e-06)
  Iteration 27 (of 30).   Current convergence value = 0.000354496 (threshold = 1e-06)
  Iteration 28 (of 30).   Current convergence value = 0.00034947 (threshold = 1e-06)
  Iteration 29 (of 30).   Current convergence value = 0.000344465 (threshold = 1e-06)
  Iteration 30 (of 30).   Current convergence value = 0.000337873 (threshold = 1e-06)
Current level = 4
  Iteration 1 (of 20).   Current convergence value = 0.00172991 (threshold = 1e-06)
  Iteration 2 (of 20).   Current convergence value = 0.00154591 (threshold = 1e-06)
  Iteration 3 (of 20).   Current convergence value = 0.00140978 (threshold = 1e-06)
  Iteration 4 (of 20).   Current convergence value = 0.00130702 (threshold = 1e-06)
  Iteration 5 (of 20).   Current convergence value = 0.00122865 (threshold = 1e-06)
  Iteration 6 (of 20).   Current convergence value = 0.00116849 (threshold = 1e-06)
  Iteration 7 (of 20).   Current convergence value = 0.00112049 (threshold = 1e-06)
  Iteration 8 (of 20).   Current convergence value = 0.00108177 (threshold = 1e-06)
  Iteration 9 (of 20).   Current convergence value = 0.0010485 (threshold = 1e-06)
  Iteration 10 (of 20).   Current convergence value = 0.00101798 (threshold = 1e-06)
  Iteration 11 (of 20).   Current convergence value = 0.000991199 (threshold = 1e-06)
  Iteration 12 (of 20).   Current convergence value = 0.000966068 (threshold = 1e-06)
  Iteration 13 (of 20).   Current convergence value = 0.000942177 (threshold = 1e-06)
  Iteration 14 (of 20).   Current convergence value = 0.000916413 (threshold = 1e-06)
  Iteration 15 (of 20).   Current convergence value = 0.000894128 (threshold = 1e-06)
  Iteration 16 (of 20).   Current convergence value = 0.000874654 (threshold = 1e-06)
  Iteration 17 (of 20).   Current convergence value = 0.000853784 (threshold = 1e-06)
  Iteration 18 (of 20).   Current convergence value = 0.000835945 (threshold = 1e-06)
  Iteration 19 (of 20).   Current convergence value = 0.000817224 (threshold = 1e-06)
  Iteration 20 (of 20).   Current convergence value = 0.000794626 (threshold = 1e-06)
   N4BiasFieldCorrectionImageFilter (0x3056090)
     RTTI typeinfo:   itk::N4BiasFieldCorrectionImageFilter<itk::Image<float, 3u>, itk::Image<float, 3u>, itk::Image<float, 3u> >
     Reference Count: 1
     Modified Time: 813
     Debug: Off
     Object Name: 
     Observers: 
       IterationEvent(Command)
     Inputs: 
       Primary: (0x30661c0) *
       _1: (0x3066840)
     Indexed Inputs: 
       0: Primary (0x30661c0)
       1: _1 (0x3066840)
     Required Input Names: Primary
     NumberOfRequiredInputs: 1
     Outputs: 
       Primary: (0x305a950)
     Indexed Outputs: 
       0: Primary (0x305a950)
     NumberOfRequiredOutputs: 1
     Number Of Threads: 56
     ReleaseDataFlag: Off
     ReleaseDataBeforeUpdateFlag: Off
     AbortGenerateData: Off
     Progress: 0
     Multithreader: 
       RTTI typeinfo:   itk::MultiThreader
       Reference Count: 1
       Modified Time: 122
       Debug: Off
       Object Name: 
       Observers: 
         none
       Thread Count: 56
       Global Maximum Number Of Threads: 128
       Global Default Number Of Threads: 56
     CoordinateTolerance: 1e-06
     DirectionTolerance: 1e-06
     Mask label: 1
     Number of histogram bins: 200
     Wiener filter noise: 0.01
     Bias field FWHM: 0.15
     Maximum number of iterations: [50, 50, 30, 20]
     Convergence threshold: 1e-06
     Spline order: 3
     Number of fitting levels: [4, 4, 4]
     Number of control points: [4, 5, 5]
     CurrentConvergenceMeasurement: 0.000794626
     CurrentLevel: 4
     ElapsedIterations: 21
     LogBiasFieldControlPointLattice: 
       Image (0x306c9f0)
         RTTI typeinfo:   itk::Image<itk::Vector<float, 1u>, 3u>
         Reference Count: 1
         Modified Time: 107050602
         Debug: Off
         Object Name: 
         Observers: 
           none
         Source: (none)
         Source output name: (none)
         Release Data: Off
         Data Released: False
         Global Release Data: Off
         PipelineMTime: 0
         UpdateMTime: 0
         RealTimeStamp: 0 seconds 
         LargestPossibleRegion: 
           Dimension: 3
           Index: [0, 0, 0]
           Size: [11, 19, 19]
         BufferedRegion: 
           Dimension: 3
           Index: [0, 0, 0]
           Size: [11, 19, 19]
         RequestedRegion: 
           Dimension: 3
           Index: [0, 0, 0]
           Size: [11, 19, 19]
         Spacing: [24.5, 24.85, 24.85]
         Origin: [-24.5, 24.85, -24.85]
         Direction: 
1 0 0
0 -1 0
0 0 1

         IndexToPointMatrix: 
24.5 0 0
0 -24.85 0
0 0 24.85

         PointToIndexMatrix: 
0.0408163 0 0
0 -0.0402414 0
0 0 0.0402414

         Inverse Direction: 
1 0 0
0 -1 0
0 0 1

         PixelContainer: 
           ImportImageContainer (0x306ccb0)
             RTTI typeinfo:   itk::ImportImageContainer<unsigned long, itk::Vector<float, 1u> >
             Reference Count: 1
             Modified Time: 107050603
             Debug: Off
             Object Name: 
             Observers: 
               none
             Pointer: 0x5556370
             Container manages memory: true
             Size: 3971
             Capacity: 3971
Elapsed time: 91.5142
STEP 2 COMPLETE
total 1365552
-rw-rw-r--  1 ccn30 ccn30       45875200 Nov 10 10:04 phas0001.img
-rw-rw-r--  1 ccn30 ccn30            352 Nov 10 10:04 phas0001.hdr
-rw-rw-r--  1 ccn30 ccn30       45875200 Nov 10 10:04 phas0000.img
-rw-rw-r--  1 ccn30 ccn30            352 Nov 10 10:04 phas0000.hdr
-rw-rw----+ 1 ccn30 wbic-p00500 55167920 Nov 10 10:12 n4mag0000_PSIR_skulled_std.nii.gz
-rw-rw----+ 1 ccn30 wbic-p00500 91750752 Nov 10 08:59 mp2rage_phase.nii.gz
-rw-rw----+ 1 ccn30 wbic-p00500 91750752 Nov 10 08:59 mp2rage_magnitude.nii.gz
-rw-rw----+ 1 ccn30 wbic-p00500 91750752 Nov 10 10:09 mmag0001.nii
-rw-rw----+ 1 ccn30 wbic-p00500 91750752 Nov 10 10:06 mmag0000.nii
-rw-rw----+ 1 ccn30 wbic-p00500 91750752 Nov 10 10:10 mag0001_skull.nii
-rw-rw----+ 1 ccn30 wbic-p00500 91750752 Nov 10 10:10 mag0001_skull_mask.nii
-rw-rw----+ 1 ccn30 wbic-p00500  4332120 Nov 10 10:09 mag0001_seg8.mat
-rw-rw-r--  1 ccn30 ccn30       45875200 Nov 10 10:04 mag0001.img
-rw-rw-r--  1 ccn30 ccn30            352 Nov 10 10:04 mag0001.hdr
-rw-rw----+ 1 ccn30 wbic-p00500 45875552 Nov 10 10:10 mag0001_brain_skull.nii
-rw-rw----+ 1 ccn30 wbic-p00500 91750752 Nov 10 10:10 mag0001_brain.nii
-rw-rw----+ 1 ccn30 wbic-p00500 45875552 Nov 10 10:10 mag0001_brain_mask.nii
-rw-rw----+ 1 ccn30 wbic-p00500  4332120 Nov 10 10:06 mag0000_seg8.mat
-rw-rw----+ 1 ccn30 wbic-p00500 55178384 Nov 10 10:10 mag0000_PSIR_skulled_std.nii.gz
-rw-rw----+ 1 ccn30 wbic-p00500 55200363 Nov 10 10:10 mag0000_PSIR_skulled.nii.gz
-rw-rw----+ 1 ccn30 wbic-p00500 52948419 Nov 10 10:04 mag0000_PSIR.nii.gz
-rw-rw----+ 1 ccn30 wbic-p00500 62502818 Nov 10 10:04 mag0000_PD_smooth.nii.gz
-rw-rw----+ 1 ccn30 wbic-p00500 54049804 Nov 10 10:04 mag0000_MP2RAGE.nii.gz
-rw-rw-r--  1 ccn30 ccn30       45875200 Nov 10 10:04 mag0000.img
-rw-rw-r--  1 ccn30 ccn30            352 Nov 10 10:04 mag0000.hdr
-rw-rw----+ 1 ccn30 wbic-p00500 22937952 Nov 10 10:09 c3mag0001.nii
-rw-rw----+ 1 ccn30 wbic-p00500 22937952 Nov 10 10:07 c3mag0000.nii
-rw-rw----+ 1 ccn30 wbic-p00500 22937952 Nov 10 10:09 c2mag0001.nii
-rw-rw----+ 1 ccn30 wbic-p00500 22937952 Nov 10 10:07 c2mag0000.nii
-rw-rw----+ 1 ccn30 wbic-p00500 22937952 Nov 10 10:09 c1mag0001.nii
-rw-rw----+ 1 ccn30 wbic-p00500 22937952 Nov 10 10:07 c1mag0000.nii
drwxrws---+ 5 ccn30 wbic-p00500     4096 Nov 10 08:59 ..
drwxrws---+ 2 ccn30 wbic-p00500     4096 Nov 10 10:12 .
STEP 3 COMPLETE
total 1398320
-rw-rw-r--  1 ccn30 ccn30       45875200 Nov 10 10:04 phas0001.img
-rw-rw-r--  1 ccn30 ccn30            352 Nov 10 10:04 phas0001.hdr
-rw-rw-r--  1 ccn30 ccn30       45875200 Nov 10 10:04 phas0000.img
-rw-rw-r--  1 ccn30 ccn30            352 Nov 10 10:04 phas0000.hdr
-rw-rw----+ 1 ccn30 wbic-p00500 91750752 Nov 10 10:12 n4mag0000_PSIR_skulled_std.nii
-rw-rw----+ 1 ccn30 wbic-p00500 91750752 Nov 10 08:59 mp2rage_phase.nii.gz
-rw-rw----+ 1 ccn30 wbic-p00500 91750752 Nov 10 08:59 mp2rage_magnitude.nii.gz
-rw-rw----+ 1 ccn30 wbic-p00500 91750752 Nov 10 10:09 mmag0001.nii
-rw-rw----+ 1 ccn30 wbic-p00500 91750752 Nov 10 10:06 mmag0000.nii
-rw-rw----+ 1 ccn30 wbic-p00500 91750752 Nov 10 10:10 mag0001_skull.nii
-rw-rw----+ 1 ccn30 wbic-p00500 91750752 Nov 10 10:10 mag0001_skull_mask.nii
-rw-rw----+ 1 ccn30 wbic-p00500  4332120 Nov 10 10:09 mag0001_seg8.mat
-rw-rw-r--  1 ccn30 ccn30       45875200 Nov 10 10:04 mag0001.img
-rw-rw-r--  1 ccn30 ccn30            352 Nov 10 10:04 mag0001.hdr
-rw-rw----+ 1 ccn30 wbic-p00500 45875552 Nov 10 10:10 mag0001_brain_skull.nii
-rw-rw----+ 1 ccn30 wbic-p00500 91750752 Nov 10 10:10 mag0001_brain.nii
-rw-rw----+ 1 ccn30 wbic-p00500 45875552 Nov 10 10:10 mag0001_brain_mask.nii
-rw-rw----+ 1 ccn30 wbic-p00500  4332120 Nov 10 10:06 mag0000_seg8.mat
-rw-rw----+ 1 ccn30 wbic-p00500 55178384 Nov 10 10:10 mag0000_PSIR_skulled_std.nii.gz
-rw-rw----+ 1 ccn30 wbic-p00500 55200363 Nov 10 10:10 mag0000_PSIR_skulled.nii.gz
-rw-rw----+ 1 ccn30 wbic-p00500 52948419 Nov 10 10:04 mag0000_PSIR.nii.gz
-rw-rw----+ 1 ccn30 wbic-p00500 62502818 Nov 10 10:04 mag0000_PD_smooth.nii.gz
-rw-rw----+ 1 ccn30 wbic-p00500 54049804 Nov 10 10:04 mag0000_MP2RAGE.nii.gz
-rw-rw-r--  1 ccn30 ccn30       45875200 Nov 10 10:04 mag0000.img
-rw-rw-r--  1 ccn30 ccn30            352 Nov 10 10:04 mag0000.hdr
-rw-rw----+ 1 ccn30 wbic-p00500 22937952 Nov 10 10:09 c3mag0001.nii
-rw-rw----+ 1 ccn30 wbic-p00500 22937952 Nov 10 10:07 c3mag0000.nii
-rw-rw----+ 1 ccn30 wbic-p00500 22937952 Nov 10 10:09 c2mag0001.nii
-rw-rw----+ 1 ccn30 wbic-p00500 22937952 Nov 10 10:07 c2mag0000.nii
-rw-rw----+ 1 ccn30 wbic-p00500 22937952 Nov 10 10:09 c1mag0001.nii
-rw-rw----+ 1 ccn30 wbic-p00500 22937952 Nov 10 10:07 c1mag0000.nii
drwxrws---+ 5 ccn30 wbic-p00500     4096 Nov 10 08:59 ..
drwxrws---+ 2 ccn30 wbic-p00500     4096 Nov 10 10:12 .

                            < M A T L A B (R) >
                  Copyright 1984-2017 The MathWorks, Inc.
                   R2017b (9.3.0.713579) 64-bit (glnxa64)
                             September 14, 2017

 
To get started, type one of these: helpwin, helpdesk, or demo.
For product information, visit www.mathworks.com.
 


------------------------------------------------------------------------
10-Nov-2021 10:12:24 - Running job #1
------------------------------------------------------------------------
10-Nov-2021 10:12:24 - Running 'Segment'

SPM12: spm_preproc_run (v7408)                     10:12:25 - 10/11/2021
========================================================================
Segment /home/ccn30/rds/rds-p00500_encrypt-URQgmO1brZ0/p00500/ENCRYPT_images/27775/mp2rage/n4mag0000_PSIR_skulled_std.nii,1
Completed                               :          10:15:40 - 10/11/2021
10-Nov-2021 10:15:40 - Done    'Segment'
10-Nov-2021 10:15:40 - Done

SPM segmentation is done...
STEP 4 COMPLETE
total 1508548
-rw-rw-r--  1 ccn30 ccn30       45875200 Nov 10 10:04 phas0001.img
-rw-rw-r--  1 ccn30 ccn30            352 Nov 10 10:04 phas0001.hdr
-rw-rw-r--  1 ccn30 ccn30       45875200 Nov 10 10:04 phas0000.img
-rw-rw-r--  1 ccn30 ccn30            352 Nov 10 10:04 phas0000.hdr
-rw-rw----+ 1 ccn30 wbic-p00500  4341760 Nov 10 10:13 n4mag0000_PSIR_skulled_std_seg8.mat
-rw-rw----+ 1 ccn30 wbic-p00500 91750752 Nov 10 10:12 n4mag0000_PSIR_skulled_std.nii
-rw-rw----+ 1 ccn30 wbic-p00500 91750752 Nov 10 08:59 mp2rage_phase.nii.gz
-rw-rw----+ 1 ccn30 wbic-p00500 91750752 Nov 10 08:59 mp2rage_magnitude.nii.gz
-rw-rw----+ 1 ccn30 wbic-p00500 91750752 Nov 10 10:09 mmag0001.nii
-rw-rw----+ 1 ccn30 wbic-p00500 91750752 Nov 10 10:06 mmag0000.nii
-rw-rw----+ 1 ccn30 wbic-p00500 91750752 Nov 10 10:10 mag0001_skull.nii
-rw-rw----+ 1 ccn30 wbic-p00500 91750752 Nov 10 10:10 mag0001_skull_mask.nii
-rw-rw----+ 1 ccn30 wbic-p00500  4332120 Nov 10 10:09 mag0001_seg8.mat
-rw-rw-r--  1 ccn30 ccn30       45875200 Nov 10 10:04 mag0001.img
-rw-rw-r--  1 ccn30 ccn30            352 Nov 10 10:04 mag0001.hdr
-rw-rw----+ 1 ccn30 wbic-p00500 45875552 Nov 10 10:10 mag0001_brain_skull.nii
-rw-rw----+ 1 ccn30 wbic-p00500 91750752 Nov 10 10:10 mag0001_brain.nii
-rw-rw----+ 1 ccn30 wbic-p00500 45875552 Nov 10 10:10 mag0001_brain_mask.nii
-rw-rw----+ 1 ccn30 wbic-p00500  4332120 Nov 10 10:06 mag0000_seg8.mat
-rw-rw----+ 1 ccn30 wbic-p00500 55178384 Nov 10 10:10 mag0000_PSIR_skulled_std.nii.gz
-rw-rw----+ 1 ccn30 wbic-p00500 55200363 Nov 10 10:10 mag0000_PSIR_skulled.nii.gz
-rw-rw----+ 1 ccn30 wbic-p00500 52948419 Nov 10 10:04 mag0000_PSIR.nii.gz
-rw-rw----+ 1 ccn30 wbic-p00500 62502818 Nov 10 10:04 mag0000_PD_smooth.nii.gz
-rw-rw----+ 1 ccn30 wbic-p00500 54049804 Nov 10 10:04 mag0000_MP2RAGE.nii.gz
-rw-rw-r--  1 ccn30 ccn30       45875200 Nov 10 10:04 mag0000.img
-rw-rw-r--  1 ccn30 ccn30            352 Nov 10 10:04 mag0000.hdr
-rw-rw----+ 1 ccn30 wbic-p00500 22937952 Nov 10 10:15 c5n4mag0000_PSIR_skulled_std.nii
-rw-rw----+ 1 ccn30 wbic-p00500 22937952 Nov 10 10:15 c4n4mag0000_PSIR_skulled_std.nii
-rw-rw----+ 1 ccn30 wbic-p00500 22937952 Nov 10 10:15 c3n4mag0000_PSIR_skulled_std.nii
-rw-rw----+ 1 ccn30 wbic-p00500 22937952 Nov 10 10:09 c3mag0001.nii
-rw-rw----+ 1 ccn30 wbic-p00500 22937952 Nov 10 10:07 c3mag0000.nii
-rw-rw----+ 1 ccn30 wbic-p00500 22937952 Nov 10 10:15 c2n4mag0000_PSIR_skulled_std.nii
-rw-rw----+ 1 ccn30 wbic-p00500 22937952 Nov 10 10:09 c2mag0001.nii
-rw-rw----+ 1 ccn30 wbic-p00500 22937952 Nov 10 10:07 c2mag0000.nii
-rw-rw----+ 1 ccn30 wbic-p00500 22937952 Nov 10 10:15 c1n4mag0000_PSIR_skulled_std.nii
-rw-rw----+ 1 ccn30 wbic-p00500 22937952 Nov 10 10:09 c1mag0001.nii
-rw-rw----+ 1 ccn30 wbic-p00500 22937952 Nov 10 10:07 c1mag0000.nii
drwxrws---+ 5 ccn30 wbic-p00500     4096 Nov 10 08:59 ..
drwxrws---+ 2 ccn30 wbic-p00500     4096 Nov 10 10:13 .

                            < M A T L A B (R) >
                  Copyright 1984-2017 The MathWorks, Inc.
                   R2017b (9.3.0.713579) 64-bit (glnxa64)
                             September 14, 2017

 
To get started, type one of these: helpwin, helpdesk, or demo.
For product information, visit www.mathworks.com.
 
Preparing data ...
Masking image 1 of 1 subjects ...
Finished skull stripping data.
STEP 5 COMPLETE
total 1604188
-rw-rw-r--  1 ccn30 ccn30       45875200 Nov 10 10:04 phas0001.img
-rw-rw-r--  1 ccn30 ccn30            352 Nov 10 10:04 phas0001.hdr
-rw-rw-r--  1 ccn30 ccn30       45875200 Nov 10 10:04 phas0000.img
-rw-rw-r--  1 ccn30 ccn30            352 Nov 10 10:04 phas0000.hdr
-rw-rw----+ 1 ccn30 wbic-p00500 91750752 Nov 10 10:16 n4mag0000_PSIR_skulled_std_struc_brain.nii
-rw-rw----+ 1 ccn30 wbic-p00500  4341760 Nov 10 10:13 n4mag0000_PSIR_skulled_std_seg8.mat
-rw-rw----+ 1 ccn30 wbic-p00500 91750752 Nov 10 10:12 n4mag0000_PSIR_skulled_std.nii
-rw-rw----+ 1 ccn30 wbic-p00500 91750752 Nov 10 08:59 mp2rage_phase.nii.gz
-rw-rw----+ 1 ccn30 wbic-p00500 91750752 Nov 10 08:59 mp2rage_magnitude.nii.gz
-rw-rw----+ 1 ccn30 wbic-p00500 91750752 Nov 10 10:09 mmag0001.nii
-rw-rw----+ 1 ccn30 wbic-p00500 91750752 Nov 10 10:06 mmag0000.nii
-rw-rw----+ 1 ccn30 wbic-p00500 91750752 Nov 10 10:10 mag0001_skull.nii
-rw-rw----+ 1 ccn30 wbic-p00500 91750752 Nov 10 10:10 mag0001_skull_mask.nii
-rw-rw----+ 1 ccn30 wbic-p00500  4332120 Nov 10 10:09 mag0001_seg8.mat
-rw-rw-r--  1 ccn30 ccn30       45875200 Nov 10 10:04 mag0001.img
-rw-rw-r--  1 ccn30 ccn30            352 Nov 10 10:04 mag0001.hdr
-rw-rw----+ 1 ccn30 wbic-p00500 45875552 Nov 10 10:10 mag0001_brain_skull.nii
-rw-rw----+ 1 ccn30 wbic-p00500 91750752 Nov 10 10:10 mag0001_brain.nii
-rw-rw----+ 1 ccn30 wbic-p00500 45875552 Nov 10 10:10 mag0001_brain_mask.nii
-rw-rw----+ 1 ccn30 wbic-p00500  4332120 Nov 10 10:06 mag0000_seg8.mat
-rw-rw----+ 1 ccn30 wbic-p00500 55178384 Nov 10 10:10 mag0000_PSIR_skulled_std.nii.gz
-rw-rw----+ 1 ccn30 wbic-p00500 55200363 Nov 10 10:10 mag0000_PSIR_skulled.nii.gz
-rw-rw----+ 1 ccn30 wbic-p00500 52948419 Nov 10 10:04 mag0000_PSIR.nii.gz
-rw-rw----+ 1 ccn30 wbic-p00500 62502818 Nov 10 10:04 mag0000_PD_smooth.nii.gz
-rw-rw----+ 1 ccn30 wbic-p00500 54049804 Nov 10 10:04 mag0000_MP2RAGE.nii.gz
-rw-rw-r--  1 ccn30 ccn30       45875200 Nov 10 10:04 mag0000.img
-rw-rw-r--  1 ccn30 ccn30            352 Nov 10 10:04 mag0000.hdr
-rw-rw----+ 1 ccn30 wbic-p00500 22937952 Nov 10 10:15 c5n4mag0000_PSIR_skulled_std.nii
-rw-rw----+ 1 ccn30 wbic-p00500 22937952 Nov 10 10:15 c4n4mag0000_PSIR_skulled_std.nii
-rw-rw----+ 1 ccn30 wbic-p00500 22937952 Nov 10 10:15 c3n4mag0000_PSIR_skulled_std.nii
-rw-rw----+ 1 ccn30 wbic-p00500 22937952 Nov 10 10:09 c3mag0001.nii
-rw-rw----+ 1 ccn30 wbic-p00500 22937952 Nov 10 10:07 c3mag0000.nii
-rw-rw----+ 1 ccn30 wbic-p00500 22937952 Nov 10 10:15 c2n4mag0000_PSIR_skulled_std.nii
-rw-rw----+ 1 ccn30 wbic-p00500 22937952 Nov 10 10:09 c2mag0001.nii
-rw-rw----+ 1 ccn30 wbic-p00500 22937952 Nov 10 10:07 c2mag0000.nii
-rw-rw----+ 1 ccn30 wbic-p00500 22937952 Nov 10 10:15 c1n4mag0000_PSIR_skulled_std.nii
-rw-rw----+ 1 ccn30 wbic-p00500 22937952 Nov 10 10:09 c1mag0001.nii
-rw-rw----+ 1 ccn30 wbic-p00500 22937952 Nov 10 10:07 c1mag0000.nii
drwxrws---+ 5 ccn30 wbic-p00500     4096 Nov 10 08:59 ..
drwxrws---+ 2 ccn30 wbic-p00500     4096 Nov 10 10:16 .
STEP 6 COMPLETE
total 1686108
-rw-rw-r--  1 ccn30 ccn30       45875200 Nov 10 10:04 phas0001.img
-rw-rw-r--  1 ccn30 ccn30            352 Nov 10 10:04 phas0001.hdr
-rw-rw-r--  1 ccn30 ccn30       45875200 Nov 10 10:04 phas0000.img
-rw-rw-r--  1 ccn30 ccn30            352 Nov 10 10:04 phas0000.hdr
-rw-rw----+ 1 ccn30 wbic-p00500 91750752 Nov 10 10:16 n4mag0000_PSIR_skulled_std_struc_brain.nii
-rw-rw----+ 1 ccn30 wbic-p00500 91750752 Nov 10 10:16 n4mag0000_PSIR_skulled_std_struc_brain_mask.nii
-rw-rw----+ 1 ccn30 wbic-p00500  4341760 Nov 10 10:13 n4mag0000_PSIR_skulled_std_seg8.mat
-rw-rw----+ 1 ccn30 wbic-p00500 91750752 Nov 10 10:12 n4mag0000_PSIR_skulled_std.nii
-rw-rw----+ 1 ccn30 wbic-p00500 91750752 Nov 10 08:59 mp2rage_phase.nii.gz
-rw-rw----+ 1 ccn30 wbic-p00500 91750752 Nov 10 08:59 mp2rage_magnitude.nii.gz
-rw-rw----+ 1 ccn30 wbic-p00500 91750752 Nov 10 10:09 mmag0001.nii
-rw-rw----+ 1 ccn30 wbic-p00500 91750752 Nov 10 10:06 mmag0000.nii
-rw-rw----+ 1 ccn30 wbic-p00500 91750752 Nov 10 10:10 mag0001_skull.nii
-rw-rw----+ 1 ccn30 wbic-p00500 91750752 Nov 10 10:10 mag0001_skull_mask.nii
-rw-rw----+ 1 ccn30 wbic-p00500  4332120 Nov 10 10:09 mag0001_seg8.mat
-rw-rw-r--  1 ccn30 ccn30       45875200 Nov 10 10:04 mag0001.img
-rw-rw-r--  1 ccn30 ccn30            352 Nov 10 10:04 mag0001.hdr
-rw-rw----+ 1 ccn30 wbic-p00500 45875552 Nov 10 10:10 mag0001_brain_skull.nii
-rw-rw----+ 1 ccn30 wbic-p00500 91750752 Nov 10 10:10 mag0001_brain.nii
-rw-rw----+ 1 ccn30 wbic-p00500 45875552 Nov 10 10:10 mag0001_brain_mask.nii
-rw-rw----+ 1 ccn30 wbic-p00500  4332120 Nov 10 10:06 mag0000_seg8.mat
-rw-rw----+ 1 ccn30 wbic-p00500 55178384 Nov 10 10:10 mag0000_PSIR_skulled_std.nii.gz
-rw-rw----+ 1 ccn30 wbic-p00500 55200363 Nov 10 10:10 mag0000_PSIR_skulled.nii.gz
-rw-rw----+ 1 ccn30 wbic-p00500 52948419 Nov 10 10:04 mag0000_PSIR.nii.gz
-rw-rw----+ 1 ccn30 wbic-p00500 62502818 Nov 10 10:04 mag0000_PD_smooth.nii.gz
-rw-rw----+ 1 ccn30 wbic-p00500 54049804 Nov 10 10:04 mag0000_MP2RAGE.nii.gz
-rw-rw-r--  1 ccn30 ccn30       45875200 Nov 10 10:04 mag0000.img
-rw-rw-r--  1 ccn30 ccn30            352 Nov 10 10:04 mag0000.hdr
-rw-rw----+ 1 ccn30 wbic-p00500 22937952 Nov 10 10:15 c5n4mag0000_PSIR_skulled_std.nii
-rw-rw----+ 1 ccn30 wbic-p00500 22937952 Nov 10 10:15 c4n4mag0000_PSIR_skulled_std.nii
-rw-rw----+ 1 ccn30 wbic-p00500 22937952 Nov 10 10:15 c3n4mag0000_PSIR_skulled_std.nii
-rw-rw----+ 1 ccn30 wbic-p00500 22937952 Nov 10 10:09 c3mag0001.nii
-rw-rw----+ 1 ccn30 wbic-p00500 22937952 Nov 10 10:07 c3mag0000.nii
-rw-rw----+ 1 ccn30 wbic-p00500 22937952 Nov 10 10:15 c2n4mag0000_PSIR_skulled_std.nii
-rw-rw----+ 1 ccn30 wbic-p00500 22937952 Nov 10 10:09 c2mag0001.nii
-rw-rw----+ 1 ccn30 wbic-p00500 22937952 Nov 10 10:07 c2mag0000.nii
-rw-rw----+ 1 ccn30 wbic-p00500 22937952 Nov 10 10:15 c1n4mag0000_PSIR_skulled_std.nii
-rw-rw----+ 1 ccn30 wbic-p00500 22937952 Nov 10 10:09 c1mag0001.nii
-rw-rw----+ 1 ccn30 wbic-p00500 22937952 Nov 10 10:07 c1mag0000.nii
drwxrws---+ 5 ccn30 wbic-p00500     4096 Nov 10 08:59 ..
drwxrws---+ 2 ccn30 wbic-p00500     4096 Nov 10 10:16 .
