This is job 3
Time: Mon 13 Sep 18:17:19 BST 2021
Running on master node: cpu-p-152
Current directory: /rds/user/ccn30/hpc-work/WBIC_lustre/ENCRYPT/scripts/ImagePrep/mp2rage/slurmoutputs
Changed directory to /home/ccn30/rds/hpc-work/WBIC_lustre/ENCRYPT/scripts/ImagePrep/mp2rage/slurmoutputs.

JobID: 46418913
======
Time: Mon 13 Sep 18:17:19 BST 2021
Running on master node: cpu-p-152
Current directory: /home/ccn30/rds/hpc-work/WBIC_lustre/ENCRYPT/scripts/ImagePrep/mp2rage/slurmoutputs

Nodes allocated:
================
cpu-p-152

numtasks=, numnodes=, mpi_tasks_per_node= (OMP_NUM_THREADS=1)

Executing command:
==================
/home/ccn30/rds/hpc-work/WBIC_lustre/ENCRYPT/scripts/ImagePrep/mp2rage/mp2rage_processing.sh /home/ccn30/rds/hpc-work/WBIC_lustre/ENCRYPT/ENCRYPT_MasterRIScodes.txt 3 /home/ccn30/rds/hpc-work/WBIC_lustre/ENCRYPT/scripts/ImagePrep/mp2rage /usr/local/Cluster-Apps/matlab/R2017b /usr/local/software/spm/spm12 /home/ccn30/rds/rds-p00500_encrypt-URQgmO1brZ0/p00500/ENCRYPT_images /usr/local/Cluster-Apps/fsl/5.0.8/fsl

Starting 25846
/home/ccn30/rds/rds-p00500_encrypt-URQgmO1brZ0/p00500/ENCRYPT_images/25846/mp2rage
STARTING mp2rage PREPROCESSING
total 338824
-rw-rw----+ 1 ccn30 wbic-p00500 45875552 Sep 13 18:17 phas0001.nii
-rw-rw----+ 1 ccn30 wbic-p00500 45875552 Sep 13 18:17 phas0000.nii
-rw-rw----+ 1 ccn30 wbic-p00500 91750752 Sep  2 13:53 mp2rage_phase.nii.gz
-rw-rw----+ 1 ccn30 wbic-p00500 91750752 Sep  2 13:53 mp2rage_magnitude.nii.gz
-rw-rw----+ 1 ccn30 wbic-p00500 45875552 Sep 13 18:17 mag0001.nii
-rw-rw----+ 1 ccn30 wbic-p00500 45875552 Sep 13 18:17 mag0000.nii
drwxrws---+ 5 ccn30 wbic-p00500     4096 Sep  2 13:53 ..
drwxrws---+ 2 ccn30 wbic-p00500     4096 Sep 13 18:17 .
The folder where the PSIR is is /home/ccn30/rds/rds-p00500_encrypt-URQgmO1brZ0/p00500/ENCRYPT_images/25846/mp2rage
The script directory is /home/ccn30/rds/hpc-work/WBIC_lustre/ENCRYPT/scripts/ImagePrep/mp2rage
The SPM directory is /usr/local/software/spm/spm12
/home/ccn30/rds/rds-p00500_encrypt-URQgmO1brZ0/p00500/ENCRYPT_images/25846/mp2rage/mag0000 and /home/ccn30/rds/rds-p00500_encrypt-URQgmO1brZ0/p00500/ENCRYPT_images/25846/mp2rage/mag0001 and /home/ccn30/rds/rds-p00500_encrypt-URQgmO1brZ0/p00500/ENCRYPT_images/25846/mp2rage/phas0000 and /home/ccn30/rds/rds-p00500_encrypt-URQgmO1brZ0/p00500/ENCRYPT_images/25846/mp2rage/phas0001 are the files selected
0.000000 0.000000 -1.000000 156.099991 
-1.000000 0.000000 0.000000 223.300003 
0.000000 1.000000 0.000000 0.000000 
0.000000 0.000000 0.000000 1.000000 

0.000000 0.000000 -1.000000 156.099991 
-1.000000 0.000000 0.000000 223.300003 
0.000000 1.000000 0.000000 0.000000 
0.000000 0.000000 0.000000 1.000000 

0.000000 0.000000 -1.000000 156.099991 
-1.000000 0.000000 0.000000 223.300003 
0.000000 1.000000 0.000000 0.000000 
0.000000 0.000000 0.000000 1.000000 

0.000000 0.000000 -1.000000 156.099991 
-1.000000 0.000000 0.000000 223.300003 
0.000000 1.000000 0.000000 0.000000 
0.000000 0.000000 0.000000 1.000000 


                            < M A T L A B (R) >
                  Copyright 1984-2017 The MathWorks, Inc.
                   R2017b (9.3.0.713579) 64-bit (glnxa64)
                             September 14, 2017

 
To get started, type one of these: helpwin, helpdesk, or demo.
For product information, visit www.mathworks.com.
 
You are in the PSIR function
Phase data rescaled to radians (Assuming Siemens data range [0 4095])
320  320  224    2is the image dimension
 
 
 
The PSIR reconstruction is done.
/home/ccn30/rds/rds-p00500_encrypt-URQgmO1brZ0/p00500/ENCRYPT_images/25846/mp2rage/mag0000

                            < M A T L A B (R) >
                  Copyright 1984-2017 The MathWorks, Inc.
                   R2017b (9.3.0.713579) 64-bit (glnxa64)
                             September 14, 2017

 
To get started, type one of these: helpwin, helpdesk, or demo.
For product information, visit www.mathworks.com.
 
You are in the PSIR function


------------------------------------------------------------------------
13-Sep-2021 18:18:30 - Running job #1
------------------------------------------------------------------------
13-Sep-2021 18:18:30 - Running 'Segment'

SPM12: spm_preproc_run (v7408)                     18:18:30 - 13/09/2021
========================================================================
Segment /home/ccn30/rds/rds-p00500_encrypt-URQgmO1brZ0/p00500/ENCRYPT_images/25846/mp2rage/mag0000.img,1
Segment /home/ccn30/rds/rds-p00500_encrypt-URQgmO1brZ0/p00500/ENCRYPT_images/25846/mp2rage/mag0001.img,1
Completed                               :          18:25:15 - 13/09/2021
13-Sep-2021 18:25:15 - Done    'Segment'
13-Sep-2021 18:25:15 - Done

SPM is done...
STEP 1 COMPLETE
total 1243916
-rw-rw-r--  1 ccn30 ccn30       45875200 Sep 13 18:17 phas0001.img
-rw-rw-r--  1 ccn30 ccn30            352 Sep 13 18:17 phas0001.hdr
-rw-rw-r--  1 ccn30 ccn30       45875200 Sep 13 18:17 phas0000.img
-rw-rw-r--  1 ccn30 ccn30            352 Sep 13 18:17 phas0000.hdr
-rw-rw----+ 1 ccn30 wbic-p00500 91750752 Sep  2 13:53 mp2rage_phase.nii.gz
-rw-rw----+ 1 ccn30 wbic-p00500 91750752 Sep  2 13:53 mp2rage_magnitude.nii.gz
-rw-rw----+ 1 ccn30 wbic-p00500 91750752 Sep 13 18:24 mmag0001.nii
-rw-rw----+ 1 ccn30 wbic-p00500 91750752 Sep 13 18:21 mmag0000.nii
-rw-rw----+ 1 ccn30 wbic-p00500 91750752 Sep 13 18:25 mag0001_skull.nii
-rw-rw----+ 1 ccn30 wbic-p00500 91750752 Sep 13 18:25 mag0001_skull_mask.nii
-rw-rw----+ 1 ccn30 wbic-p00500  4332120 Sep 13 18:24 mag0001_seg8.mat
-rw-rw-r--  1 ccn30 ccn30       45875200 Sep 13 18:17 mag0001.img
-rw-rw-r--  1 ccn30 ccn30            352 Sep 13 18:17 mag0001.hdr
-rw-rw----+ 1 ccn30 wbic-p00500 45875552 Sep 13 18:25 mag0001_brain_skull.nii
-rw-rw----+ 1 ccn30 wbic-p00500 91750752 Sep 13 18:25 mag0001_brain.nii
-rw-rw----+ 1 ccn30 wbic-p00500 45875552 Sep 13 18:25 mag0001_brain_mask.nii
-rw-rw----+ 1 ccn30 wbic-p00500  4332120 Sep 13 18:21 mag0000_seg8.mat
-rw-rw----+ 1 ccn30 wbic-p00500 91750752 Sep 13 18:25 mag0000_PSIR_skulled.nii
-rw-rw----+ 1 ccn30 wbic-p00500 56989144 Sep 13 18:18 mag0000_PSIR.nii.gz
-rw-rw----+ 1 ccn30 wbic-p00500 64808639 Sep 13 18:17 mag0000_PD_smooth.nii.gz
-rw-rw----+ 1 ccn30 wbic-p00500 58352862 Sep 13 18:18 mag0000_MP2RAGE.nii.gz
-rw-rw-r--  1 ccn30 ccn30       45875200 Sep 13 18:17 mag0000.img
-rw-rw-r--  1 ccn30 ccn30            352 Sep 13 18:17 mag0000.hdr
-rw-rw----+ 1 ccn30 wbic-p00500 22937952 Sep 13 18:25 c3mag0001.nii
-rw-rw----+ 1 ccn30 wbic-p00500 22937952 Sep 13 18:22 c3mag0000.nii
-rw-rw----+ 1 ccn30 wbic-p00500 22937952 Sep 13 18:25 c2mag0001.nii
-rw-rw----+ 1 ccn30 wbic-p00500 22937952 Sep 13 18:22 c2mag0000.nii
-rw-rw----+ 1 ccn30 wbic-p00500 22937952 Sep 13 18:25 c1mag0001.nii
-rw-rw----+ 1 ccn30 wbic-p00500 22937952 Sep 13 18:21 c1mag0000.nii
drwxrws---+ 5 ccn30 wbic-p00500     4096 Sep  2 13:53 ..
drwxrws---+ 2 ccn30 wbic-p00500     4096 Sep 13 18:25 .
STEP 1.1 COMPLETE
total 1305360
-rw-rw-r--  1 ccn30 ccn30       45875200 Sep 13 18:17 phas0001.img
-rw-rw-r--  1 ccn30 ccn30            352 Sep 13 18:17 phas0001.hdr
-rw-rw-r--  1 ccn30 ccn30       45875200 Sep 13 18:17 phas0000.img
-rw-rw-r--  1 ccn30 ccn30            352 Sep 13 18:17 phas0000.hdr
-rw-rw----+ 1 ccn30 wbic-p00500 91750752 Sep  2 13:53 mp2rage_phase.nii.gz
-rw-rw----+ 1 ccn30 wbic-p00500 91750752 Sep  2 13:53 mp2rage_magnitude.nii.gz
-rw-rw----+ 1 ccn30 wbic-p00500 91750752 Sep 13 18:24 mmag0001.nii
-rw-rw----+ 1 ccn30 wbic-p00500 91750752 Sep 13 18:21 mmag0000.nii
-rw-rw----+ 1 ccn30 wbic-p00500 91750752 Sep 13 18:25 mag0001_skull.nii
-rw-rw----+ 1 ccn30 wbic-p00500 91750752 Sep 13 18:25 mag0001_skull_mask.nii
-rw-rw----+ 1 ccn30 wbic-p00500  4332120 Sep 13 18:24 mag0001_seg8.mat
-rw-rw-r--  1 ccn30 ccn30       45875200 Sep 13 18:17 mag0001.img
-rw-rw-r--  1 ccn30 ccn30            352 Sep 13 18:17 mag0001.hdr
-rw-rw----+ 1 ccn30 wbic-p00500 45875552 Sep 13 18:25 mag0001_brain_skull.nii
-rw-rw----+ 1 ccn30 wbic-p00500 91750752 Sep 13 18:25 mag0001_brain.nii
-rw-rw----+ 1 ccn30 wbic-p00500 45875552 Sep 13 18:25 mag0001_brain_mask.nii
-rw-rw----+ 1 ccn30 wbic-p00500  4332120 Sep 13 18:21 mag0000_seg8.mat
-rw-rw----+ 1 ccn30 wbic-p00500 59325885 Sep 13 18:25 mag0000_PSIR_skulled_std.nii.gz
-rw-rw----+ 1 ccn30 wbic-p00500 59666156 Sep 13 18:25 mag0000_PSIR_skulled.nii.gz
-rw-rw----+ 1 ccn30 wbic-p00500 56989144 Sep 13 18:18 mag0000_PSIR.nii.gz
-rw-rw----+ 1 ccn30 wbic-p00500 64808639 Sep 13 18:17 mag0000_PD_smooth.nii.gz
-rw-rw----+ 1 ccn30 wbic-p00500 58352862 Sep 13 18:18 mag0000_MP2RAGE.nii.gz
-rw-rw-r--  1 ccn30 ccn30       45875200 Sep 13 18:17 mag0000.img
-rw-rw-r--  1 ccn30 ccn30            352 Sep 13 18:17 mag0000.hdr
-rw-rw----+ 1 ccn30 wbic-p00500 22937952 Sep 13 18:25 c3mag0001.nii
-rw-rw----+ 1 ccn30 wbic-p00500 22937952 Sep 13 18:22 c3mag0000.nii
-rw-rw----+ 1 ccn30 wbic-p00500 22937952 Sep 13 18:25 c2mag0001.nii
-rw-rw----+ 1 ccn30 wbic-p00500 22937952 Sep 13 18:22 c2mag0000.nii
-rw-rw----+ 1 ccn30 wbic-p00500 22937952 Sep 13 18:25 c1mag0001.nii
-rw-rw----+ 1 ccn30 wbic-p00500 22937952 Sep 13 18:21 c1mag0000.nii
drwxrws---+ 5 ccn30 wbic-p00500     4096 Sep  2 13:53 ..
drwxrws---+ 2 ccn30 wbic-p00500     4096 Sep 13 18:25 .

Running N4 for 3-dimensional images.

Mask not read.  Creating Otsu mask.
Current level = 1
  Iteration 1 (of 50).   Current convergence value = 0.000521458 (threshold = 1e-06)
  Iteration 2 (of 50).   Current convergence value = 0.000517882 (threshold = 1e-06)
  Iteration 3 (of 50).   Current convergence value = 0.000514711 (threshold = 1e-06)
  Iteration 4 (of 50).   Current convergence value = 0.000511791 (threshold = 1e-06)
  Iteration 5 (of 50).   Current convergence value = 0.000508371 (threshold = 1e-06)
  Iteration 6 (of 50).   Current convergence value = 0.000505211 (threshold = 1e-06)
  Iteration 7 (of 50).   Current convergence value = 0.000502123 (threshold = 1e-06)
  Iteration 8 (of 50).   Current convergence value = 0.000498896 (threshold = 1e-06)
  Iteration 9 (of 50).   Current convergence value = 0.000495907 (threshold = 1e-06)
  Iteration 10 (of 50).   Current convergence value = 0.000492288 (threshold = 1e-06)
  Iteration 11 (of 50).   Current convergence value = 0.000488781 (threshold = 1e-06)
  Iteration 12 (of 50).   Current convergence value = 0.000485376 (threshold = 1e-06)
  Iteration 13 (of 50).   Current convergence value = 0.00048207 (threshold = 1e-06)
  Iteration 14 (of 50).   Current convergence value = 0.000478788 (threshold = 1e-06)
  Iteration 15 (of 50).   Current convergence value = 0.00047564 (threshold = 1e-06)
  Iteration 16 (of 50).   Current convergence value = 0.000472871 (threshold = 1e-06)
  Iteration 17 (of 50).   Current convergence value = 0.000469993 (threshold = 1e-06)
  Iteration 18 (of 50).   Current convergence value = 0.00046753 (threshold = 1e-06)
  Iteration 19 (of 50).   Current convergence value = 0.000464891 (threshold = 1e-06)
  Iteration 20 (of 50).   Current convergence value = 0.000462212 (threshold = 1e-06)
  Iteration 21 (of 50).   Current convergence value = 0.000459771 (threshold = 1e-06)
  Iteration 22 (of 50).   Current convergence value = 0.000457127 (threshold = 1e-06)
  Iteration 23 (of 50).   Current convergence value = 0.000454433 (threshold = 1e-06)
  Iteration 24 (of 50).   Current convergence value = 0.000451553 (threshold = 1e-06)
  Iteration 25 (of 50).   Current convergence value = 0.000449101 (threshold = 1e-06)
  Iteration 26 (of 50).   Current convergence value = 0.00044644 (threshold = 1e-06)
  Iteration 27 (of 50).   Current convergence value = 0.000443536 (threshold = 1e-06)
  Iteration 28 (of 50).   Current convergence value = 0.000441319 (threshold = 1e-06)
  Iteration 29 (of 50).   Current convergence value = 0.000438147 (threshold = 1e-06)
  Iteration 30 (of 50).   Current convergence value = 0.000434946 (threshold = 1e-06)
  Iteration 31 (of 50).   Current convergence value = 0.00043213 (threshold = 1e-06)
  Iteration 32 (of 50).   Current convergence value = 0.000429475 (threshold = 1e-06)
  Iteration 33 (of 50).   Current convergence value = 0.000427064 (threshold = 1e-06)
  Iteration 34 (of 50).   Current convergence value = 0.000424681 (threshold = 1e-06)
  Iteration 35 (of 50).   Current convergence value = 0.000422644 (threshold = 1e-06)
  Iteration 36 (of 50).   Current convergence value = 0.000419818 (threshold = 1e-06)
  Iteration 37 (of 50).   Current convergence value = 0.000417211 (threshold = 1e-06)
  Iteration 38 (of 50).   Current convergence value = 0.000414726 (threshold = 1e-06)
  Iteration 39 (of 50).   Current convergence value = 0.000411978 (threshold = 1e-06)
  Iteration 40 (of 50).   Current convergence value = 0.00040973 (threshold = 1e-06)
  Iteration 41 (of 50).   Current convergence value = 0.000407449 (threshold = 1e-06)
  Iteration 42 (of 50).   Current convergence value = 0.000404719 (threshold = 1e-06)
  Iteration 43 (of 50).   Current convergence value = 0.000402607 (threshold = 1e-06)
  Iteration 44 (of 50).   Current convergence value = 0.000400338 (threshold = 1e-06)
  Iteration 45 (of 50).   Current convergence value = 0.000398086 (threshold = 1e-06)
  Iteration 46 (of 50).   Current convergence value = 0.00039574 (threshold = 1e-06)
  Iteration 47 (of 50).   Current convergence value = 0.000393932 (threshold = 1e-06)
  Iteration 48 (of 50).   Current convergence value = 0.000391402 (threshold = 1e-06)
  Iteration 49 (of 50).   Current convergence value = 0.000389226 (threshold = 1e-06)
  Iteration 50 (of 50).   Current convergence value = 0.000387186 (threshold = 1e-06)
Current level = 2
  Iteration 1 (of 50).   Current convergence value = 0.000970488 (threshold = 1e-06)
  Iteration 2 (of 50).   Current convergence value = 0.000953881 (threshold = 1e-06)
  Iteration 3 (of 50).   Current convergence value = 0.000938262 (threshold = 1e-06)
  Iteration 4 (of 50).   Current convergence value = 0.000921586 (threshold = 1e-06)
  Iteration 5 (of 50).   Current convergence value = 0.000906108 (threshold = 1e-06)
  Iteration 6 (of 50).   Current convergence value = 0.000890448 (threshold = 1e-06)
  Iteration 7 (of 50).   Current convergence value = 0.000876757 (threshold = 1e-06)
  Iteration 8 (of 50).   Current convergence value = 0.000862058 (threshold = 1e-06)
  Iteration 9 (of 50).   Current convergence value = 0.000848613 (threshold = 1e-06)
  Iteration 10 (of 50).   Current convergence value = 0.000836318 (threshold = 1e-06)
  Iteration 11 (of 50).   Current convergence value = 0.000823633 (threshold = 1e-06)
  Iteration 12 (of 50).   Current convergence value = 0.000812156 (threshold = 1e-06)
  Iteration 13 (of 50).   Current convergence value = 0.00080053 (threshold = 1e-06)
  Iteration 14 (of 50).   Current convergence value = 0.000789093 (threshold = 1e-06)
  Iteration 15 (of 50).   Current convergence value = 0.000778416 (threshold = 1e-06)
  Iteration 16 (of 50).   Current convergence value = 0.000767359 (threshold = 1e-06)
  Iteration 17 (of 50).   Current convergence value = 0.000757211 (threshold = 1e-06)
  Iteration 18 (of 50).   Current convergence value = 0.000746822 (threshold = 1e-06)
  Iteration 19 (of 50).   Current convergence value = 0.000737899 (threshold = 1e-06)
  Iteration 20 (of 50).   Current convergence value = 0.000728527 (threshold = 1e-06)
  Iteration 21 (of 50).   Current convergence value = 0.000719718 (threshold = 1e-06)
  Iteration 22 (of 50).   Current convergence value = 0.000711208 (threshold = 1e-06)
  Iteration 23 (of 50).   Current convergence value = 0.000703059 (threshold = 1e-06)
  Iteration 24 (of 50).   Current convergence value = 0.000694989 (threshold = 1e-06)
  Iteration 25 (of 50).   Current convergence value = 0.000687552 (threshold = 1e-06)
  Iteration 26 (of 50).   Current convergence value = 0.00067949 (threshold = 1e-06)
  Iteration 27 (of 50).   Current convergence value = 0.000672089 (threshold = 1e-06)
  Iteration 28 (of 50).   Current convergence value = 0.000665031 (threshold = 1e-06)
  Iteration 29 (of 50).   Current convergence value = 0.00065736 (threshold = 1e-06)
  Iteration 30 (of 50).   Current convergence value = 0.000651069 (threshold = 1e-06)
  Iteration 31 (of 50).   Current convergence value = 0.000644465 (threshold = 1e-06)
  Iteration 32 (of 50).   Current convergence value = 0.000637317 (threshold = 1e-06)
  Iteration 33 (of 50).   Current convergence value = 0.000630751 (threshold = 1e-06)
  Iteration 34 (of 50).   Current convergence value = 0.000624405 (threshold = 1e-06)
  Iteration 35 (of 50).   Current convergence value = 0.000618883 (threshold = 1e-06)
  Iteration 36 (of 50).   Current convergence value = 0.000614232 (threshold = 1e-06)
  Iteration 37 (of 50).   Current convergence value = 0.00060679 (threshold = 1e-06)
  Iteration 38 (of 50).   Current convergence value = 0.000601777 (threshold = 1e-06)
  Iteration 39 (of 50).   Current convergence value = 0.000595734 (threshold = 1e-06)
  Iteration 40 (of 50).   Current convergence value = 0.000590539 (threshold = 1e-06)
  Iteration 41 (of 50).   Current convergence value = 0.000585263 (threshold = 1e-06)
  Iteration 42 (of 50).   Current convergence value = 0.000580004 (threshold = 1e-06)
  Iteration 43 (of 50).   Current convergence value = 0.000574595 (threshold = 1e-06)
  Iteration 44 (of 50).   Current convergence value = 0.000570157 (threshold = 1e-06)
  Iteration 45 (of 50).   Current convergence value = 0.000565228 (threshold = 1e-06)
  Iteration 46 (of 50).   Current convergence value = 0.000560977 (threshold = 1e-06)
  Iteration 47 (of 50).   Current convergence value = 0.000556395 (threshold = 1e-06)
  Iteration 48 (of 50).   Current convergence value = 0.000551147 (threshold = 1e-06)
  Iteration 49 (of 50).   Current convergence value = 0.000546532 (threshold = 1e-06)
  Iteration 50 (of 50).   Current convergence value = 0.000542333 (threshold = 1e-06)
Current level = 3
  Iteration 1 (of 30).   Current convergence value = 0.000863356 (threshold = 1e-06)
  Iteration 2 (of 30).   Current convergence value = 0.000824848 (threshold = 1e-06)
  Iteration 3 (of 30).   Current convergence value = 0.00079139 (threshold = 1e-06)
  Iteration 4 (of 30).   Current convergence value = 0.000763518 (threshold = 1e-06)
  Iteration 5 (of 30).   Current convergence value = 0.000740282 (threshold = 1e-06)
  Iteration 6 (of 30).   Current convergence value = 0.000718973 (threshold = 1e-06)
  Iteration 7 (of 30).   Current convergence value = 0.000701167 (threshold = 1e-06)
  Iteration 8 (of 30).   Current convergence value = 0.000691229 (threshold = 1e-06)
  Iteration 9 (of 30).   Current convergence value = 0.000678279 (threshold = 1e-06)
  Iteration 10 (of 30).   Current convergence value = 0.000667258 (threshold = 1e-06)
  Iteration 11 (of 30).   Current convergence value = 0.000669727 (threshold = 1e-06)
  Iteration 12 (of 30).   Current convergence value = 0.000809665 (threshold = 1e-06)
  Iteration 13 (of 30).   Current convergence value = 0.000804893 (threshold = 1e-06)
  Iteration 14 (of 30).   Current convergence value = 0.000802427 (threshold = 1e-06)
  Iteration 15 (of 30).   Current convergence value = 0.000798041 (threshold = 1e-06)
  Iteration 16 (of 30).   Current convergence value = 0.000793689 (threshold = 1e-06)
  Iteration 17 (of 30).   Current convergence value = 0.000791199 (threshold = 1e-06)
  Iteration 18 (of 30).   Current convergence value = 0.00078855 (threshold = 1e-06)
  Iteration 19 (of 30).   Current convergence value = 0.000789002 (threshold = 1e-06)
  Iteration 20 (of 30).   Current convergence value = 0.000783684 (threshold = 1e-06)
  Iteration 21 (of 30).   Current convergence value = 0.000780439 (threshold = 1e-06)
  Iteration 22 (of 30).   Current convergence value = 0.000778419 (threshold = 1e-06)
  Iteration 23 (of 30).   Current convergence value = 0.000776776 (threshold = 1e-06)
  Iteration 24 (of 30).   Current convergence value = 0.00077494 (threshold = 1e-06)
  Iteration 25 (of 30).   Current convergence value = 0.000772625 (threshold = 1e-06)
  Iteration 26 (of 30).   Current convergence value = 0.000769204 (threshold = 1e-06)
  Iteration 27 (of 30).   Current convergence value = 0.000765672 (threshold = 1e-06)
  Iteration 28 (of 30).   Current convergence value = 0.000762417 (threshold = 1e-06)
  Iteration 29 (of 30).   Current convergence value = 0.000760111 (threshold = 1e-06)
  Iteration 30 (of 30).   Current convergence value = 0.000757737 (threshold = 1e-06)
Current level = 4
  Iteration 1 (of 20).   Current convergence value = 0.00140959 (threshold = 1e-06)
  Iteration 2 (of 20).   Current convergence value = 0.00135078 (threshold = 1e-06)
  Iteration 3 (of 20).   Current convergence value = 0.00134156 (threshold = 1e-06)
  Iteration 4 (of 20).   Current convergence value = 0.00130624 (threshold = 1e-06)
  Iteration 5 (of 20).   Current convergence value = 0.00127835 (threshold = 1e-06)
  Iteration 6 (of 20).   Current convergence value = 0.00125354 (threshold = 1e-06)
  Iteration 7 (of 20).   Current convergence value = 0.00123427 (threshold = 1e-06)
  Iteration 8 (of 20).   Current convergence value = 0.0012167 (threshold = 1e-06)
  Iteration 9 (of 20).   Current convergence value = 0.00120181 (threshold = 1e-06)
  Iteration 10 (of 20).   Current convergence value = 0.00118905 (threshold = 1e-06)
  Iteration 11 (of 20).   Current convergence value = 0.00117814 (threshold = 1e-06)
  Iteration 12 (of 20).   Current convergence value = 0.00116738 (threshold = 1e-06)
  Iteration 13 (of 20).   Current convergence value = 0.00115704 (threshold = 1e-06)
  Iteration 14 (of 20).   Current convergence value = 0.00114669 (threshold = 1e-06)
  Iteration 15 (of 20).   Current convergence value = 0.00113601 (threshold = 1e-06)
  Iteration 16 (of 20).   Current convergence value = 0.00112551 (threshold = 1e-06)
  Iteration 17 (of 20).   Current convergence value = 0.00111286 (threshold = 1e-06)
  Iteration 18 (of 20).   Current convergence value = 0.00110314 (threshold = 1e-06)
  Iteration 19 (of 20).   Current convergence value = 0.00109008 (threshold = 1e-06)
  Iteration 20 (of 20).   Current convergence value = 0.0010802 (threshold = 1e-06)
   N4BiasFieldCorrectionImageFilter (0x2110090)
     RTTI typeinfo:   itk::N4BiasFieldCorrectionImageFilter<itk::Image<float, 3u>, itk::Image<float, 3u>, itk::Image<float, 3u> >
     Reference Count: 1
     Modified Time: 813
     Debug: Off
     Object Name: 
     Observers: 
       IterationEvent(Command)
     Inputs: 
       Primary: (0x21201c0) *
       _1: (0x2120840)
     Indexed Inputs: 
       0: Primary (0x21201c0)
       1: _1 (0x2120840)
     Required Input Names: Primary
     NumberOfRequiredInputs: 1
     Outputs: 
       Primary: (0x2114950)
     Indexed Outputs: 
       0: Primary (0x2114950)
     NumberOfRequiredOutputs: 1
     Number Of Threads: 56
     ReleaseDataFlag: Off
     ReleaseDataBeforeUpdateFlag: Off
     AbortGenerateData: Off
     Progress: 0
     Multithreader: 
       RTTI typeinfo:   itk::MultiThreader
       Reference Count: 1
       Modified Time: 122
       Debug: Off
       Object Name: 
       Observers: 
         none
       Thread Count: 56
       Global Maximum Number Of Threads: 128
       Global Default Number Of Threads: 56
     CoordinateTolerance: 1e-06
     DirectionTolerance: 1e-06
     Mask label: 1
     Number of histogram bins: 200
     Wiener filter noise: 0.01
     Bias field FWHM: 0.15
     Maximum number of iterations: [50, 50, 30, 20]
     Convergence threshold: 1e-06
     Spline order: 3
     Number of fitting levels: [4, 4, 4]
     Number of control points: [4, 5, 5]
     CurrentConvergenceMeasurement: 0.0010802
     CurrentLevel: 4
     ElapsedIterations: 21
     LogBiasFieldControlPointLattice: 
       Image (0x211a0a0)
         RTTI typeinfo:   itk::Image<itk::Vector<float, 1u>, 3u>
         Reference Count: 1
         Modified Time: 169004802
         Debug: Off
         Object Name: 
         Observers: 
           none
         Source: (none)
         Source output name: (none)
         Release Data: Off
         Data Released: False
         Global Release Data: Off
         PipelineMTime: 0
         UpdateMTime: 0
         RealTimeStamp: 0 seconds 
         LargestPossibleRegion: 
           Dimension: 3
           Index: [0, 0, 0]
           Size: [11, 19, 19]
         BufferedRegion: 
           Dimension: 3
           Index: [0, 0, 0]
           Size: [11, 19, 19]
         RequestedRegion: 
           Dimension: 3
           Index: [0, 0, 0]
           Size: [11, 19, 19]
         Spacing: [24.5, 24.85, 24.85]
         Origin: [-24.5, 24.85, -24.85]
         Direction: 
1 0 0
0 -1 0
0 0 1

         IndexToPointMatrix: 
24.5 0 0
0 -24.85 0
0 0 24.85

         PointToIndexMatrix: 
0.0408163 0 0
0 -0.0402414 0
0 0 0.0402414

         Inverse Direction: 
1 0 0
0 -1 0
0 0 1

         PixelContainer: 
           ImportImageContainer (0x211a360)
             RTTI typeinfo:   itk::ImportImageContainer<unsigned long, itk::Vector<float, 1u> >
             Reference Count: 1
             Modified Time: 169004803
             Debug: Off
             Object Name: 
             Observers: 
               none
             Pointer: 0x3717e70
             Container manages memory: true
             Size: 3971
             Capacity: 3971
Elapsed time: 116.838
STEP 2 COMPLETE
total 1388452
-rw-rw-r--  1 ccn30 ccn30       45875200 Sep 13 18:17 phas0001.img
-rw-rw-r--  1 ccn30 ccn30            352 Sep 13 18:17 phas0001.hdr
-rw-rw-r--  1 ccn30 ccn30       45875200 Sep 13 18:17 phas0000.img
-rw-rw-r--  1 ccn30 ccn30            352 Sep 13 18:17 phas0000.hdr
-rw-rw----+ 1 ccn30 wbic-p00500 59399495 Sep 13 18:27 n4mag0000_PSIR_skulled_std.nii.gz
-rw-rw----+ 1 ccn30 wbic-p00500 91750752 Sep  2 13:53 mp2rage_phase.nii.gz
-rw-rw----+ 1 ccn30 wbic-p00500 91750752 Sep  2 13:53 mp2rage_magnitude.nii.gz
-rw-rw----+ 1 ccn30 wbic-p00500 91750752 Sep 13 18:24 mmag0001.nii
-rw-rw----+ 1 ccn30 wbic-p00500 91750752 Sep 13 18:21 mmag0000.nii
-rw-rw----+ 1 ccn30 wbic-p00500 91750752 Sep 13 18:25 mag0001_skull.nii
-rw-rw----+ 1 ccn30 wbic-p00500 91750752 Sep 13 18:25 mag0001_skull_mask.nii
-rw-rw----+ 1 ccn30 wbic-p00500  4332120 Sep 13 18:24 mag0001_seg8.mat
-rw-rw-r--  1 ccn30 ccn30       45875200 Sep 13 18:17 mag0001.img
-rw-rw-r--  1 ccn30 ccn30            352 Sep 13 18:17 mag0001.hdr
-rw-rw----+ 1 ccn30 wbic-p00500 45875552 Sep 13 18:25 mag0001_brain_skull.nii
-rw-rw----+ 1 ccn30 wbic-p00500 91750752 Sep 13 18:25 mag0001_brain.nii
-rw-rw----+ 1 ccn30 wbic-p00500 45875552 Sep 13 18:25 mag0001_brain_mask.nii
-rw-rw----+ 1 ccn30 wbic-p00500  4332120 Sep 13 18:21 mag0000_seg8.mat
-rw-rw----+ 1 ccn30 wbic-p00500 59325885 Sep 13 18:25 mag0000_PSIR_skulled_std.nii.gz
-rw-rw----+ 1 ccn30 wbic-p00500 59666156 Sep 13 18:25 mag0000_PSIR_skulled.nii.gz
-rw-rw----+ 1 ccn30 wbic-p00500 56989144 Sep 13 18:18 mag0000_PSIR.nii.gz
-rw-rw----+ 1 ccn30 wbic-p00500 64808639 Sep 13 18:17 mag0000_PD_smooth.nii.gz
-rw-rw----+ 1 ccn30 wbic-p00500 58352862 Sep 13 18:18 mag0000_MP2RAGE.nii.gz
-rw-rw-r--  1 ccn30 ccn30       45875200 Sep 13 18:17 mag0000.img
-rw-rw-r--  1 ccn30 ccn30            352 Sep 13 18:17 mag0000.hdr
-rw-rw----+ 1 ccn30 wbic-p00500 22937952 Sep 13 18:25 c3mag0001.nii
-rw-rw----+ 1 ccn30 wbic-p00500 22937952 Sep 13 18:22 c3mag0000.nii
-rw-rw----+ 1 ccn30 wbic-p00500 22937952 Sep 13 18:25 c2mag0001.nii
-rw-rw----+ 1 ccn30 wbic-p00500 22937952 Sep 13 18:22 c2mag0000.nii
-rw-rw----+ 1 ccn30 wbic-p00500 22937952 Sep 13 18:25 c1mag0001.nii
-rw-rw----+ 1 ccn30 wbic-p00500 22937952 Sep 13 18:21 c1mag0000.nii
drwxrws---+ 5 ccn30 wbic-p00500     4096 Sep  2 13:53 ..
drwxrws---+ 2 ccn30 wbic-p00500     4096 Sep 13 18:27 .
STEP 3 COMPLETE
total 1417120
-rw-rw-r--  1 ccn30 ccn30       45875200 Sep 13 18:17 phas0001.img
-rw-rw-r--  1 ccn30 ccn30            352 Sep 13 18:17 phas0001.hdr
-rw-rw-r--  1 ccn30 ccn30       45875200 Sep 13 18:17 phas0000.img
-rw-rw-r--  1 ccn30 ccn30            352 Sep 13 18:17 phas0000.hdr
-rw-rw----+ 1 ccn30 wbic-p00500 91750752 Sep 13 18:27 n4mag0000_PSIR_skulled_std.nii
-rw-rw----+ 1 ccn30 wbic-p00500 91750752 Sep  2 13:53 mp2rage_phase.nii.gz
-rw-rw----+ 1 ccn30 wbic-p00500 91750752 Sep  2 13:53 mp2rage_magnitude.nii.gz
-rw-rw----+ 1 ccn30 wbic-p00500 91750752 Sep 13 18:24 mmag0001.nii
-rw-rw----+ 1 ccn30 wbic-p00500 91750752 Sep 13 18:21 mmag0000.nii
-rw-rw----+ 1 ccn30 wbic-p00500 91750752 Sep 13 18:25 mag0001_skull.nii
-rw-rw----+ 1 ccn30 wbic-p00500 91750752 Sep 13 18:25 mag0001_skull_mask.nii
-rw-rw----+ 1 ccn30 wbic-p00500  4332120 Sep 13 18:24 mag0001_seg8.mat
-rw-rw-r--  1 ccn30 ccn30       45875200 Sep 13 18:17 mag0001.img
-rw-rw-r--  1 ccn30 ccn30            352 Sep 13 18:17 mag0001.hdr
-rw-rw----+ 1 ccn30 wbic-p00500 45875552 Sep 13 18:25 mag0001_brain_skull.nii
-rw-rw----+ 1 ccn30 wbic-p00500 91750752 Sep 13 18:25 mag0001_brain.nii
-rw-rw----+ 1 ccn30 wbic-p00500 45875552 Sep 13 18:25 mag0001_brain_mask.nii
-rw-rw----+ 1 ccn30 wbic-p00500  4332120 Sep 13 18:21 mag0000_seg8.mat
-rw-rw----+ 1 ccn30 wbic-p00500 59325885 Sep 13 18:25 mag0000_PSIR_skulled_std.nii.gz
-rw-rw----+ 1 ccn30 wbic-p00500 59666156 Sep 13 18:25 mag0000_PSIR_skulled.nii.gz
-rw-rw----+ 1 ccn30 wbic-p00500 56989144 Sep 13 18:18 mag0000_PSIR.nii.gz
-rw-rw----+ 1 ccn30 wbic-p00500 64808639 Sep 13 18:17 mag0000_PD_smooth.nii.gz
-rw-rw----+ 1 ccn30 wbic-p00500 58352862 Sep 13 18:18 mag0000_MP2RAGE.nii.gz
-rw-rw-r--  1 ccn30 ccn30       45875200 Sep 13 18:17 mag0000.img
-rw-rw-r--  1 ccn30 ccn30            352 Sep 13 18:17 mag0000.hdr
-rw-rw----+ 1 ccn30 wbic-p00500 22937952 Sep 13 18:25 c3mag0001.nii
-rw-rw----+ 1 ccn30 wbic-p00500 22937952 Sep 13 18:22 c3mag0000.nii
-rw-rw----+ 1 ccn30 wbic-p00500 22937952 Sep 13 18:25 c2mag0001.nii
-rw-rw----+ 1 ccn30 wbic-p00500 22937952 Sep 13 18:22 c2mag0000.nii
-rw-rw----+ 1 ccn30 wbic-p00500 22937952 Sep 13 18:25 c1mag0001.nii
-rw-rw----+ 1 ccn30 wbic-p00500 22937952 Sep 13 18:21 c1mag0000.nii
drwxrws---+ 5 ccn30 wbic-p00500     4096 Sep  2 13:53 ..
drwxrws---+ 2 ccn30 wbic-p00500     4096 Sep 13 18:27 .

                            < M A T L A B (R) >
                  Copyright 1984-2017 The MathWorks, Inc.
                   R2017b (9.3.0.713579) 64-bit (glnxa64)
                             September 14, 2017

 
To get started, type one of these: helpwin, helpdesk, or demo.
For product information, visit www.mathworks.com.
 


------------------------------------------------------------------------
13-Sep-2021 18:28:12 - Running job #1
------------------------------------------------------------------------
13-Sep-2021 18:28:12 - Running 'Segment'

SPM12: spm_preproc_run (v7408)                     18:28:12 - 13/09/2021
========================================================================
Segment /home/ccn30/rds/rds-p00500_encrypt-URQgmO1brZ0/p00500/ENCRYPT_images/25846/mp2rage/n4mag0000_PSIR_skulled_std.nii,1
Completed                               :          18:31:49 - 13/09/2021
13-Sep-2021 18:31:49 - Done    'Segment'
13-Sep-2021 18:31:49 - Done

SPM segmentation is done...
STEP 4 COMPLETE
total 1527352
-rw-rw-r--  1 ccn30 ccn30       45875200 Sep 13 18:17 phas0001.img
-rw-rw-r--  1 ccn30 ccn30            352 Sep 13 18:17 phas0001.hdr
-rw-rw-r--  1 ccn30 ccn30       45875200 Sep 13 18:17 phas0000.img
-rw-rw-r--  1 ccn30 ccn30            352 Sep 13 18:17 phas0000.hdr
-rw-rw----+ 1 ccn30 wbic-p00500  4341760 Sep 13 18:29 n4mag0000_PSIR_skulled_std_seg8.mat
-rw-rw----+ 1 ccn30 wbic-p00500 91750752 Sep 13 18:27 n4mag0000_PSIR_skulled_std.nii
-rw-rw----+ 1 ccn30 wbic-p00500 91750752 Sep  2 13:53 mp2rage_phase.nii.gz
-rw-rw----+ 1 ccn30 wbic-p00500 91750752 Sep  2 13:53 mp2rage_magnitude.nii.gz
-rw-rw----+ 1 ccn30 wbic-p00500 91750752 Sep 13 18:24 mmag0001.nii
-rw-rw----+ 1 ccn30 wbic-p00500 91750752 Sep 13 18:21 mmag0000.nii
-rw-rw----+ 1 ccn30 wbic-p00500 91750752 Sep 13 18:25 mag0001_skull.nii
-rw-rw----+ 1 ccn30 wbic-p00500 91750752 Sep 13 18:25 mag0001_skull_mask.nii
-rw-rw----+ 1 ccn30 wbic-p00500  4332120 Sep 13 18:24 mag0001_seg8.mat
-rw-rw-r--  1 ccn30 ccn30       45875200 Sep 13 18:17 mag0001.img
-rw-rw-r--  1 ccn30 ccn30            352 Sep 13 18:17 mag0001.hdr
-rw-rw----+ 1 ccn30 wbic-p00500 45875552 Sep 13 18:25 mag0001_brain_skull.nii
-rw-rw----+ 1 ccn30 wbic-p00500 91750752 Sep 13 18:25 mag0001_brain.nii
-rw-rw----+ 1 ccn30 wbic-p00500 45875552 Sep 13 18:25 mag0001_brain_mask.nii
-rw-rw----+ 1 ccn30 wbic-p00500  4332120 Sep 13 18:21 mag0000_seg8.mat
-rw-rw----+ 1 ccn30 wbic-p00500 59325885 Sep 13 18:25 mag0000_PSIR_skulled_std.nii.gz
-rw-rw----+ 1 ccn30 wbic-p00500 59666156 Sep 13 18:25 mag0000_PSIR_skulled.nii.gz
-rw-rw----+ 1 ccn30 wbic-p00500 56989144 Sep 13 18:18 mag0000_PSIR.nii.gz
-rw-rw----+ 1 ccn30 wbic-p00500 64808639 Sep 13 18:17 mag0000_PD_smooth.nii.gz
-rw-rw----+ 1 ccn30 wbic-p00500 58352862 Sep 13 18:18 mag0000_MP2RAGE.nii.gz
-rw-rw-r--  1 ccn30 ccn30       45875200 Sep 13 18:17 mag0000.img
-rw-rw-r--  1 ccn30 ccn30            352 Sep 13 18:17 mag0000.hdr
-rw-rw----+ 1 ccn30 wbic-p00500 22937952 Sep 13 18:31 c5n4mag0000_PSIR_skulled_std.nii
-rw-rw----+ 1 ccn30 wbic-p00500 22937952 Sep 13 18:31 c4n4mag0000_PSIR_skulled_std.nii
-rw-rw----+ 1 ccn30 wbic-p00500 22937952 Sep 13 18:31 c3n4mag0000_PSIR_skulled_std.nii
-rw-rw----+ 1 ccn30 wbic-p00500 22937952 Sep 13 18:25 c3mag0001.nii
-rw-rw----+ 1 ccn30 wbic-p00500 22937952 Sep 13 18:22 c3mag0000.nii
-rw-rw----+ 1 ccn30 wbic-p00500 22937952 Sep 13 18:31 c2n4mag0000_PSIR_skulled_std.nii
-rw-rw----+ 1 ccn30 wbic-p00500 22937952 Sep 13 18:25 c2mag0001.nii
-rw-rw----+ 1 ccn30 wbic-p00500 22937952 Sep 13 18:22 c2mag0000.nii
-rw-rw----+ 1 ccn30 wbic-p00500 22937952 Sep 13 18:31 c1n4mag0000_PSIR_skulled_std.nii
-rw-rw----+ 1 ccn30 wbic-p00500 22937952 Sep 13 18:25 c1mag0001.nii
-rw-rw----+ 1 ccn30 wbic-p00500 22937952 Sep 13 18:21 c1mag0000.nii
drwxrws---+ 5 ccn30 wbic-p00500     4096 Sep  2 13:53 ..
drwxrws---+ 2 ccn30 wbic-p00500     4096 Sep 13 18:29 .

                            < M A T L A B (R) >
                  Copyright 1984-2017 The MathWorks, Inc.
                   R2017b (9.3.0.713579) 64-bit (glnxa64)
                             September 14, 2017

 
To get started, type one of these: helpwin, helpdesk, or demo.
For product information, visit www.mathworks.com.
 
Preparing data ...
Masking image 1 of 1 subjects ...
Finished skull stripping data.
STEP 5 COMPLETE
total 1622992
-rw-rw-r--  1 ccn30 ccn30       45875200 Sep 13 18:17 phas0001.img
-rw-rw-r--  1 ccn30 ccn30            352 Sep 13 18:17 phas0001.hdr
-rw-rw-r--  1 ccn30 ccn30       45875200 Sep 13 18:17 phas0000.img
-rw-rw-r--  1 ccn30 ccn30            352 Sep 13 18:17 phas0000.hdr
-rw-rw----+ 1 ccn30 wbic-p00500 91750752 Sep 13 18:32 n4mag0000_PSIR_skulled_std_struc_brain.nii
-rw-rw----+ 1 ccn30 wbic-p00500  4341760 Sep 13 18:29 n4mag0000_PSIR_skulled_std_seg8.mat
-rw-rw----+ 1 ccn30 wbic-p00500 91750752 Sep 13 18:27 n4mag0000_PSIR_skulled_std.nii
-rw-rw----+ 1 ccn30 wbic-p00500 91750752 Sep  2 13:53 mp2rage_phase.nii.gz
-rw-rw----+ 1 ccn30 wbic-p00500 91750752 Sep  2 13:53 mp2rage_magnitude.nii.gz
-rw-rw----+ 1 ccn30 wbic-p00500 91750752 Sep 13 18:24 mmag0001.nii
-rw-rw----+ 1 ccn30 wbic-p00500 91750752 Sep 13 18:21 mmag0000.nii
-rw-rw----+ 1 ccn30 wbic-p00500 91750752 Sep 13 18:25 mag0001_skull.nii
-rw-rw----+ 1 ccn30 wbic-p00500 91750752 Sep 13 18:25 mag0001_skull_mask.nii
-rw-rw----+ 1 ccn30 wbic-p00500  4332120 Sep 13 18:24 mag0001_seg8.mat
-rw-rw-r--  1 ccn30 ccn30       45875200 Sep 13 18:17 mag0001.img
-rw-rw-r--  1 ccn30 ccn30            352 Sep 13 18:17 mag0001.hdr
-rw-rw----+ 1 ccn30 wbic-p00500 45875552 Sep 13 18:25 mag0001_brain_skull.nii
-rw-rw----+ 1 ccn30 wbic-p00500 91750752 Sep 13 18:25 mag0001_brain.nii
-rw-rw----+ 1 ccn30 wbic-p00500 45875552 Sep 13 18:25 mag0001_brain_mask.nii
-rw-rw----+ 1 ccn30 wbic-p00500  4332120 Sep 13 18:21 mag0000_seg8.mat
-rw-rw----+ 1 ccn30 wbic-p00500 59325885 Sep 13 18:25 mag0000_PSIR_skulled_std.nii.gz
-rw-rw----+ 1 ccn30 wbic-p00500 59666156 Sep 13 18:25 mag0000_PSIR_skulled.nii.gz
-rw-rw----+ 1 ccn30 wbic-p00500 56989144 Sep 13 18:18 mag0000_PSIR.nii.gz
-rw-rw----+ 1 ccn30 wbic-p00500 64808639 Sep 13 18:17 mag0000_PD_smooth.nii.gz
-rw-rw----+ 1 ccn30 wbic-p00500 58352862 Sep 13 18:18 mag0000_MP2RAGE.nii.gz
-rw-rw-r--  1 ccn30 ccn30       45875200 Sep 13 18:17 mag0000.img
-rw-rw-r--  1 ccn30 ccn30            352 Sep 13 18:17 mag0000.hdr
-rw-rw----+ 1 ccn30 wbic-p00500 22937952 Sep 13 18:31 c5n4mag0000_PSIR_skulled_std.nii
-rw-rw----+ 1 ccn30 wbic-p00500 22937952 Sep 13 18:31 c4n4mag0000_PSIR_skulled_std.nii
-rw-rw----+ 1 ccn30 wbic-p00500 22937952 Sep 13 18:31 c3n4mag0000_PSIR_skulled_std.nii
-rw-rw----+ 1 ccn30 wbic-p00500 22937952 Sep 13 18:25 c3mag0001.nii
-rw-rw----+ 1 ccn30 wbic-p00500 22937952 Sep 13 18:22 c3mag0000.nii
-rw-rw----+ 1 ccn30 wbic-p00500 22937952 Sep 13 18:31 c2n4mag0000_PSIR_skulled_std.nii
-rw-rw----+ 1 ccn30 wbic-p00500 22937952 Sep 13 18:25 c2mag0001.nii
-rw-rw----+ 1 ccn30 wbic-p00500 22937952 Sep 13 18:22 c2mag0000.nii
-rw-rw----+ 1 ccn30 wbic-p00500 22937952 Sep 13 18:31 c1n4mag0000_PSIR_skulled_std.nii
-rw-rw----+ 1 ccn30 wbic-p00500 22937952 Sep 13 18:25 c1mag0001.nii
-rw-rw----+ 1 ccn30 wbic-p00500 22937952 Sep 13 18:21 c1mag0000.nii
drwxrws---+ 5 ccn30 wbic-p00500     4096 Sep  2 13:53 ..
drwxrws---+ 2 ccn30 wbic-p00500     4096 Sep 13 18:32 .
STEP 6 COMPLETE
total 1651664
-rw-rw-r--  1 ccn30 ccn30       45875200 Sep 13 18:17 phas0001.img
-rw-rw-r--  1 ccn30 ccn30            352 Sep 13 18:17 phas0001.hdr
-rw-rw-r--  1 ccn30 ccn30       45875200 Sep 13 18:17 phas0000.img
-rw-rw-r--  1 ccn30 ccn30            352 Sep 13 18:17 phas0000.hdr
-rw-rw----+ 1 ccn30 wbic-p00500 91750752 Sep 13 18:32 n4mag0000_PSIR_skulled_std_struc_brain.nii
-rw-rw----+ 1 ccn30 wbic-p00500 91750752 Sep 13 18:32 n4mag0000_PSIR_skulled_std_struc_brain_mask.nii
-rw-rw----+ 1 ccn30 wbic-p00500  4341760 Sep 13 18:29 n4mag0000_PSIR_skulled_std_seg8.mat
-rw-rw----+ 1 ccn30 wbic-p00500 91750752 Sep 13 18:27 n4mag0000_PSIR_skulled_std.nii
-rw-rw----+ 1 ccn30 wbic-p00500 91750752 Sep  2 13:53 mp2rage_phase.nii.gz
-rw-rw----+ 1 ccn30 wbic-p00500 91750752 Sep  2 13:53 mp2rage_magnitude.nii.gz
-rw-rw----+ 1 ccn30 wbic-p00500 91750752 Sep 13 18:24 mmag0001.nii
-rw-rw----+ 1 ccn30 wbic-p00500 91750752 Sep 13 18:21 mmag0000.nii
-rw-rw----+ 1 ccn30 wbic-p00500 91750752 Sep 13 18:25 mag0001_skull.nii
-rw-rw----+ 1 ccn30 wbic-p00500 91750752 Sep 13 18:25 mag0001_skull_mask.nii
-rw-rw----+ 1 ccn30 wbic-p00500  4332120 Sep 13 18:24 mag0001_seg8.mat
-rw-rw-r--  1 ccn30 ccn30       45875200 Sep 13 18:17 mag0001.img
-rw-rw-r--  1 ccn30 ccn30            352 Sep 13 18:17 mag0001.hdr
-rw-rw----+ 1 ccn30 wbic-p00500 45875552 Sep 13 18:25 mag0001_brain_skull.nii
-rw-rw----+ 1 ccn30 wbic-p00500 91750752 Sep 13 18:25 mag0001_brain.nii
-rw-rw----+ 1 ccn30 wbic-p00500 45875552 Sep 13 18:25 mag0001_brain_mask.nii
-rw-rw----+ 1 ccn30 wbic-p00500  4332120 Sep 13 18:21 mag0000_seg8.mat
-rw-rw----+ 1 ccn30 wbic-p00500 59325885 Sep 13 18:25 mag0000_PSIR_skulled_std.nii.gz
-rw-rw----+ 1 ccn30 wbic-p00500 59666156 Sep 13 18:25 mag0000_PSIR_skulled.nii.gz
-rw-rw----+ 1 ccn30 wbic-p00500 56989144 Sep 13 18:18 mag0000_PSIR.nii.gz
-rw-rw----+ 1 ccn30 wbic-p00500 64808639 Sep 13 18:17 mag0000_PD_smooth.nii.gz
-rw-rw----+ 1 ccn30 wbic-p00500 58352862 Sep 13 18:18 mag0000_MP2RAGE.nii.gz
-rw-rw-r--  1 ccn30 ccn30       45875200 Sep 13 18:17 mag0000.img
-rw-rw-r--  1 ccn30 ccn30            352 Sep 13 18:17 mag0000.hdr
-rw-rw----+ 1 ccn30 wbic-p00500 22937952 Sep 13 18:31 c5n4mag0000_PSIR_skulled_std.nii
-rw-rw----+ 1 ccn30 wbic-p00500 22937952 Sep 13 18:31 c4n4mag0000_PSIR_skulled_std.nii
-rw-rw----+ 1 ccn30 wbic-p00500 22937952 Sep 13 18:31 c3n4mag0000_PSIR_skulled_std.nii
-rw-rw----+ 1 ccn30 wbic-p00500 22937952 Sep 13 18:25 c3mag0001.nii
-rw-rw----+ 1 ccn30 wbic-p00500 22937952 Sep 13 18:22 c3mag0000.nii
-rw-rw----+ 1 ccn30 wbic-p00500 22937952 Sep 13 18:31 c2n4mag0000_PSIR_skulled_std.nii
-rw-rw----+ 1 ccn30 wbic-p00500 22937952 Sep 13 18:25 c2mag0001.nii
-rw-rw----+ 1 ccn30 wbic-p00500 22937952 Sep 13 18:22 c2mag0000.nii
-rw-rw----+ 1 ccn30 wbic-p00500 22937952 Sep 13 18:31 c1n4mag0000_PSIR_skulled_std.nii
-rw-rw----+ 1 ccn30 wbic-p00500 22937952 Sep 13 18:25 c1mag0001.nii
-rw-rw----+ 1 ccn30 wbic-p00500 22937952 Sep 13 18:21 c1mag0000.nii
drwxrws---+ 5 ccn30 wbic-p00500     4096 Sep  2 13:53 ..
drwxrws---+ 2 ccn30 wbic-p00500     4096 Sep 13 18:32 .
