This is job 47
Time: Mon 13 Sep 18:17:20 BST 2021
Running on master node: cpu-p-193
Current directory: /rds/user/ccn30/hpc-work/WBIC_lustre/ENCRYPT/scripts/ImagePrep/mp2rage/slurmoutputs
Changed directory to /home/ccn30/rds/hpc-work/WBIC_lustre/ENCRYPT/scripts/ImagePrep/mp2rage/slurmoutputs.

JobID: 46418957
======
Time: Mon 13 Sep 18:17:20 BST 2021
Running on master node: cpu-p-193
Current directory: /home/ccn30/rds/hpc-work/WBIC_lustre/ENCRYPT/scripts/ImagePrep/mp2rage/slurmoutputs

Nodes allocated:
================
cpu-p-193

numtasks=, numnodes=, mpi_tasks_per_node= (OMP_NUM_THREADS=1)

Executing command:
==================
/home/ccn30/rds/hpc-work/WBIC_lustre/ENCRYPT/scripts/ImagePrep/mp2rage/mp2rage_processing.sh /home/ccn30/rds/hpc-work/WBIC_lustre/ENCRYPT/ENCRYPT_MasterRIScodes.txt 47 /home/ccn30/rds/hpc-work/WBIC_lustre/ENCRYPT/scripts/ImagePrep/mp2rage /usr/local/Cluster-Apps/matlab/R2017b /usr/local/software/spm/spm12 /home/ccn30/rds/rds-p00500_encrypt-URQgmO1brZ0/p00500/ENCRYPT_images /usr/local/Cluster-Apps/fsl/5.0.8/fsl

Starting 25816
/home/ccn30/rds/rds-p00500_encrypt-URQgmO1brZ0/p00500/ENCRYPT_images/25816/mp2rage
STARTING mp2rage PREPROCESSING
total 342968
-rw-rw----+ 1 ccn30 wbic-p00500 45875552 Sep 13 18:17 phas0001.nii
-rw-rw----+ 1 ccn30 wbic-p00500 45875552 Sep 13 18:17 phas0000.nii
-rw-rw----+ 1 ccn30 wbic-p00500 91750752 Sep  2 13:53 mp2rage_phase.nii.gz
-rw-rw----+ 1 ccn30 wbic-p00500 91750752 Sep  2 13:53 mp2rage_magnitude.nii.gz
-rw-rw----+ 1 ccn30 wbic-p00500 45875552 Sep 13 18:17 mag0001.nii
-rw-rw----+ 1 ccn30 wbic-p00500 45875552 Sep 13 18:17 mag0000.nii
drwxrws---+ 5 ccn30 wbic-p00500     4096 Sep  2 13:53 ..
drwxrws---+ 2 ccn30 wbic-p00500     4096 Sep 13 18:17 .
The folder where the PSIR is is /home/ccn30/rds/rds-p00500_encrypt-URQgmO1brZ0/p00500/ENCRYPT_images/25816/mp2rage
The script directory is /home/ccn30/rds/hpc-work/WBIC_lustre/ENCRYPT/scripts/ImagePrep/mp2rage
The SPM directory is /usr/local/software/spm/spm12
/home/ccn30/rds/rds-p00500_encrypt-URQgmO1brZ0/p00500/ENCRYPT_images/25816/mp2rage/mag0000 and /home/ccn30/rds/rds-p00500_encrypt-URQgmO1brZ0/p00500/ENCRYPT_images/25816/mp2rage/mag0001 and /home/ccn30/rds/rds-p00500_encrypt-URQgmO1brZ0/p00500/ENCRYPT_images/25816/mp2rage/phas0000 and /home/ccn30/rds/rds-p00500_encrypt-URQgmO1brZ0/p00500/ENCRYPT_images/25816/mp2rage/phas0001 are the files selected
0.000000 0.000000 -1.000000 156.099991 
-1.000000 0.000000 0.000000 223.300003 
0.000000 1.000000 0.000000 0.000000 
0.000000 0.000000 0.000000 1.000000 

0.000000 0.000000 -1.000000 156.099991 
-1.000000 0.000000 0.000000 223.300003 
0.000000 1.000000 0.000000 0.000000 
0.000000 0.000000 0.000000 1.000000 

0.000000 0.000000 -1.000000 156.099991 
-1.000000 0.000000 0.000000 223.300003 
0.000000 1.000000 0.000000 0.000000 
0.000000 0.000000 0.000000 1.000000 

0.000000 0.000000 -1.000000 156.099991 
-1.000000 0.000000 0.000000 223.300003 
0.000000 1.000000 0.000000 0.000000 
0.000000 0.000000 0.000000 1.000000 


                            < M A T L A B (R) >
                  Copyright 1984-2017 The MathWorks, Inc.
                   R2017b (9.3.0.713579) 64-bit (glnxa64)
                             September 14, 2017

 
To get started, type one of these: helpwin, helpdesk, or demo.
For product information, visit www.mathworks.com.
 
You are in the PSIR function
Phase data rescaled to radians (Assuming Siemens data range [0 4095])
320  320  224    2is the image dimension
 
 
 
The PSIR reconstruction is done.
/home/ccn30/rds/rds-p00500_encrypt-URQgmO1brZ0/p00500/ENCRYPT_images/25816/mp2rage/mag0000

                            < M A T L A B (R) >
                  Copyright 1984-2017 The MathWorks, Inc.
                   R2017b (9.3.0.713579) 64-bit (glnxa64)
                             September 14, 2017

 
To get started, type one of these: helpwin, helpdesk, or demo.
For product information, visit www.mathworks.com.
 
You are in the PSIR function


------------------------------------------------------------------------
13-Sep-2021 18:19:34 - Running job #1
------------------------------------------------------------------------
13-Sep-2021 18:19:34 - Running 'Segment'

SPM12: spm_preproc_run (v7408)                     18:19:34 - 13/09/2021
========================================================================
Segment /home/ccn30/rds/rds-p00500_encrypt-URQgmO1brZ0/p00500/ENCRYPT_images/25816/mp2rage/mag0000.img,1
Segment /home/ccn30/rds/rds-p00500_encrypt-URQgmO1brZ0/p00500/ENCRYPT_images/25816/mp2rage/mag0001.img,1
Completed                               :          18:24:11 - 13/09/2021
13-Sep-2021 18:24:11 - Done    'Segment'
13-Sep-2021 18:24:11 - Done

SPM is done...
STEP 1 COMPLETE
total 1239804
-rw-rw-r--  1 ccn30 ccn30       45875200 Sep 13 18:17 phas0001.img
-rw-rw-r--  1 ccn30 ccn30            352 Sep 13 18:17 phas0001.hdr
-rw-rw-r--  1 ccn30 ccn30       45875200 Sep 13 18:17 phas0000.img
-rw-rw-r--  1 ccn30 ccn30            352 Sep 13 18:17 phas0000.hdr
-rw-rw----+ 1 ccn30 wbic-p00500 91750752 Sep  2 13:53 mp2rage_phase.nii.gz
-rw-rw----+ 1 ccn30 wbic-p00500 91750752 Sep  2 13:53 mp2rage_magnitude.nii.gz
-rw-rw----+ 1 ccn30 wbic-p00500 91750752 Sep 13 18:23 mmag0001.nii
-rw-rw----+ 1 ccn30 wbic-p00500 91750752 Sep 13 18:21 mmag0000.nii
-rw-rw----+ 1 ccn30 wbic-p00500 91750752 Sep 13 18:24 mag0001_skull.nii
-rw-rw----+ 1 ccn30 wbic-p00500 91750752 Sep 13 18:24 mag0001_skull_mask.nii
-rw-rw----+ 1 ccn30 wbic-p00500  4332120 Sep 13 18:23 mag0001_seg8.mat
-rw-rw-r--  1 ccn30 ccn30       45875200 Sep 13 18:17 mag0001.img
-rw-rw-r--  1 ccn30 ccn30            352 Sep 13 18:17 mag0001.hdr
-rw-rw----+ 1 ccn30 wbic-p00500 45875552 Sep 13 18:24 mag0001_brain_skull.nii
-rw-rw----+ 1 ccn30 wbic-p00500 91750752 Sep 13 18:24 mag0001_brain.nii
-rw-rw----+ 1 ccn30 wbic-p00500 45875552 Sep 13 18:24 mag0001_brain_mask.nii
-rw-rw----+ 1 ccn30 wbic-p00500  4332120 Sep 13 18:20 mag0000_seg8.mat
-rw-rw----+ 1 ccn30 wbic-p00500 91750752 Sep 13 18:24 mag0000_PSIR_skulled.nii
-rw-rw----+ 1 ccn30 wbic-p00500 46960039 Sep 13 18:18 mag0000_PSIR.nii.gz
-rw-rw----+ 1 ccn30 wbic-p00500 55613067 Sep 13 18:17 mag0000_PD_smooth.nii.gz
-rw-rw----+ 1 ccn30 wbic-p00500 48178926 Sep 13 18:17 mag0000_MP2RAGE.nii.gz
-rw-rw-r--  1 ccn30 ccn30       45875200 Sep 13 18:17 mag0000.img
-rw-rw-r--  1 ccn30 ccn30            352 Sep 13 18:17 mag0000.hdr
-rw-rw----+ 1 ccn30 wbic-p00500 22937952 Sep 13 18:24 c3mag0001.nii
-rw-rw----+ 1 ccn30 wbic-p00500 22937952 Sep 13 18:21 c3mag0000.nii
-rw-rw----+ 1 ccn30 wbic-p00500 22937952 Sep 13 18:24 c2mag0001.nii
-rw-rw----+ 1 ccn30 wbic-p00500 22937952 Sep 13 18:21 c2mag0000.nii
-rw-rw----+ 1 ccn30 wbic-p00500 22937952 Sep 13 18:24 c1mag0001.nii
-rw-rw----+ 1 ccn30 wbic-p00500 22937952 Sep 13 18:21 c1mag0000.nii
drwxrws---+ 5 ccn30 wbic-p00500     4096 Sep  2 13:53 ..
drwxrws---+ 2 ccn30 wbic-p00500     4096 Sep 13 18:24 .
STEP 1.1 COMPLETE
total 1243908
-rw-rw-r--  1 ccn30 ccn30       45875200 Sep 13 18:17 phas0001.img
-rw-rw-r--  1 ccn30 ccn30            352 Sep 13 18:17 phas0001.hdr
-rw-rw-r--  1 ccn30 ccn30       45875200 Sep 13 18:17 phas0000.img
-rw-rw-r--  1 ccn30 ccn30            352 Sep 13 18:17 phas0000.hdr
-rw-rw----+ 1 ccn30 wbic-p00500 91750752 Sep  2 13:53 mp2rage_phase.nii.gz
-rw-rw----+ 1 ccn30 wbic-p00500 91750752 Sep  2 13:53 mp2rage_magnitude.nii.gz
-rw-rw----+ 1 ccn30 wbic-p00500 91750752 Sep 13 18:23 mmag0001.nii
-rw-rw----+ 1 ccn30 wbic-p00500 91750752 Sep 13 18:21 mmag0000.nii
-rw-rw----+ 1 ccn30 wbic-p00500 91750752 Sep 13 18:24 mag0001_skull.nii
-rw-rw----+ 1 ccn30 wbic-p00500 91750752 Sep 13 18:24 mag0001_skull_mask.nii
-rw-rw----+ 1 ccn30 wbic-p00500  4332120 Sep 13 18:23 mag0001_seg8.mat
-rw-rw-r--  1 ccn30 ccn30       45875200 Sep 13 18:17 mag0001.img
-rw-rw-r--  1 ccn30 ccn30            352 Sep 13 18:17 mag0001.hdr
-rw-rw----+ 1 ccn30 wbic-p00500 45875552 Sep 13 18:24 mag0001_brain_skull.nii
-rw-rw----+ 1 ccn30 wbic-p00500 91750752 Sep 13 18:24 mag0001_brain.nii
-rw-rw----+ 1 ccn30 wbic-p00500 45875552 Sep 13 18:24 mag0001_brain_mask.nii
-rw-rw----+ 1 ccn30 wbic-p00500  4332120 Sep 13 18:20 mag0000_seg8.mat
-rw-rw----+ 1 ccn30 wbic-p00500 48846072 Sep 13 18:24 mag0000_PSIR_skulled_std.nii.gz
-rw-rw----+ 1 ccn30 wbic-p00500 48902612 Sep 13 18:24 mag0000_PSIR_skulled.nii.gz
-rw-rw----+ 1 ccn30 wbic-p00500 46960039 Sep 13 18:18 mag0000_PSIR.nii.gz
-rw-rw----+ 1 ccn30 wbic-p00500 55613067 Sep 13 18:17 mag0000_PD_smooth.nii.gz
-rw-rw----+ 1 ccn30 wbic-p00500 48178926 Sep 13 18:17 mag0000_MP2RAGE.nii.gz
-rw-rw-r--  1 ccn30 ccn30       45875200 Sep 13 18:17 mag0000.img
-rw-rw-r--  1 ccn30 ccn30            352 Sep 13 18:17 mag0000.hdr
-rw-rw----+ 1 ccn30 wbic-p00500 22937952 Sep 13 18:24 c3mag0001.nii
-rw-rw----+ 1 ccn30 wbic-p00500 22937952 Sep 13 18:21 c3mag0000.nii
-rw-rw----+ 1 ccn30 wbic-p00500 22937952 Sep 13 18:24 c2mag0001.nii
-rw-rw----+ 1 ccn30 wbic-p00500 22937952 Sep 13 18:21 c2mag0000.nii
-rw-rw----+ 1 ccn30 wbic-p00500 22937952 Sep 13 18:24 c1mag0001.nii
-rw-rw----+ 1 ccn30 wbic-p00500 22937952 Sep 13 18:21 c1mag0000.nii
drwxrws---+ 5 ccn30 wbic-p00500     4096 Sep  2 13:53 ..
drwxrws---+ 2 ccn30 wbic-p00500     4096 Sep 13 18:24 .

Running N4 for 3-dimensional images.

Mask not read.  Creating Otsu mask.
Current level = 1
  Iteration 1 (of 50).   Current convergence value = 0.000485929 (threshold = 1e-06)
  Iteration 2 (of 50).   Current convergence value = 0.00048373 (threshold = 1e-06)
  Iteration 3 (of 50).   Current convergence value = 0.000481618 (threshold = 1e-06)
  Iteration 4 (of 50).   Current convergence value = 0.000479104 (threshold = 1e-06)
  Iteration 5 (of 50).   Current convergence value = 0.000476781 (threshold = 1e-06)
  Iteration 6 (of 50).   Current convergence value = 0.000474594 (threshold = 1e-06)
  Iteration 7 (of 50).   Current convergence value = 0.000472154 (threshold = 1e-06)
  Iteration 8 (of 50).   Current convergence value = 0.000469985 (threshold = 1e-06)
  Iteration 9 (of 50).   Current convergence value = 0.000468473 (threshold = 1e-06)
  Iteration 10 (of 50).   Current convergence value = 0.000466397 (threshold = 1e-06)
  Iteration 11 (of 50).   Current convergence value = 0.000464285 (threshold = 1e-06)
  Iteration 12 (of 50).   Current convergence value = 0.000461605 (threshold = 1e-06)
  Iteration 13 (of 50).   Current convergence value = 0.000459624 (threshold = 1e-06)
  Iteration 14 (of 50).   Current convergence value = 0.000457476 (threshold = 1e-06)
  Iteration 15 (of 50).   Current convergence value = 0.000455392 (threshold = 1e-06)
  Iteration 16 (of 50).   Current convergence value = 0.000453405 (threshold = 1e-06)
  Iteration 17 (of 50).   Current convergence value = 0.000451462 (threshold = 1e-06)
  Iteration 18 (of 50).   Current convergence value = 0.000449325 (threshold = 1e-06)
  Iteration 19 (of 50).   Current convergence value = 0.00044712 (threshold = 1e-06)
  Iteration 20 (of 50).   Current convergence value = 0.00044508 (threshold = 1e-06)
  Iteration 21 (of 50).   Current convergence value = 0.000443234 (threshold = 1e-06)
  Iteration 22 (of 50).   Current convergence value = 0.000441169 (threshold = 1e-06)
  Iteration 23 (of 50).   Current convergence value = 0.000439432 (threshold = 1e-06)
  Iteration 24 (of 50).   Current convergence value = 0.000437821 (threshold = 1e-06)
  Iteration 25 (of 50).   Current convergence value = 0.000435888 (threshold = 1e-06)
  Iteration 26 (of 50).   Current convergence value = 0.000434069 (threshold = 1e-06)
  Iteration 27 (of 50).   Current convergence value = 0.000432055 (threshold = 1e-06)
  Iteration 28 (of 50).   Current convergence value = 0.000430119 (threshold = 1e-06)
  Iteration 29 (of 50).   Current convergence value = 0.000428448 (threshold = 1e-06)
  Iteration 30 (of 50).   Current convergence value = 0.000426934 (threshold = 1e-06)
  Iteration 31 (of 50).   Current convergence value = 0.000425069 (threshold = 1e-06)
  Iteration 32 (of 50).   Current convergence value = 0.000423433 (threshold = 1e-06)
  Iteration 33 (of 50).   Current convergence value = 0.000421829 (threshold = 1e-06)
  Iteration 34 (of 50).   Current convergence value = 0.000419873 (threshold = 1e-06)
  Iteration 35 (of 50).   Current convergence value = 0.000418222 (threshold = 1e-06)
  Iteration 36 (of 50).   Current convergence value = 0.00041642 (threshold = 1e-06)
  Iteration 37 (of 50).   Current convergence value = 0.000414732 (threshold = 1e-06)
  Iteration 38 (of 50).   Current convergence value = 0.000413193 (threshold = 1e-06)
  Iteration 39 (of 50).   Current convergence value = 0.000411315 (threshold = 1e-06)
  Iteration 40 (of 50).   Current convergence value = 0.000409752 (threshold = 1e-06)
  Iteration 41 (of 50).   Current convergence value = 0.00040843 (threshold = 1e-06)
  Iteration 42 (of 50).   Current convergence value = 0.000406556 (threshold = 1e-06)
  Iteration 43 (of 50).   Current convergence value = 0.00040497 (threshold = 1e-06)
  Iteration 44 (of 50).   Current convergence value = 0.000403068 (threshold = 1e-06)
  Iteration 45 (of 50).   Current convergence value = 0.000402308 (threshold = 1e-06)
  Iteration 46 (of 50).   Current convergence value = 0.000399962 (threshold = 1e-06)
  Iteration 47 (of 50).   Current convergence value = 0.000398214 (threshold = 1e-06)
  Iteration 48 (of 50).   Current convergence value = 0.000396827 (threshold = 1e-06)
  Iteration 49 (of 50).   Current convergence value = 0.000395324 (threshold = 1e-06)
  Iteration 50 (of 50).   Current convergence value = 0.00039377 (threshold = 1e-06)
Current level = 2
  Iteration 1 (of 50).   Current convergence value = 0.000779736 (threshold = 1e-06)
  Iteration 2 (of 50).   Current convergence value = 0.000769053 (threshold = 1e-06)
  Iteration 3 (of 50).   Current convergence value = 0.000757964 (threshold = 1e-06)
  Iteration 4 (of 50).   Current convergence value = 0.000742194 (threshold = 1e-06)
  Iteration 5 (of 50).   Current convergence value = 0.000732446 (threshold = 1e-06)
  Iteration 6 (of 50).   Current convergence value = 0.000722919 (threshold = 1e-06)
  Iteration 7 (of 50).   Current convergence value = 0.00071365 (threshold = 1e-06)
  Iteration 8 (of 50).   Current convergence value = 0.000704636 (threshold = 1e-06)
  Iteration 9 (of 50).   Current convergence value = 0.000696184 (threshold = 1e-06)
  Iteration 10 (of 50).   Current convergence value = 0.000683854 (threshold = 1e-06)
  Iteration 11 (of 50).   Current convergence value = 0.000676026 (threshold = 1e-06)
  Iteration 12 (of 50).   Current convergence value = 0.000668618 (threshold = 1e-06)
  Iteration 13 (of 50).   Current convergence value = 0.000661206 (threshold = 1e-06)
  Iteration 14 (of 50).   Current convergence value = 0.000654061 (threshold = 1e-06)
  Iteration 15 (of 50).   Current convergence value = 0.000647025 (threshold = 1e-06)
  Iteration 16 (of 50).   Current convergence value = 0.000637126 (threshold = 1e-06)
  Iteration 17 (of 50).   Current convergence value = 0.000630405 (threshold = 1e-06)
  Iteration 18 (of 50).   Current convergence value = 0.000624506 (threshold = 1e-06)
  Iteration 19 (of 50).   Current convergence value = 0.000618743 (threshold = 1e-06)
  Iteration 20 (of 50).   Current convergence value = 0.000613108 (threshold = 1e-06)
  Iteration 21 (of 50).   Current convergence value = 0.000607054 (threshold = 1e-06)
  Iteration 22 (of 50).   Current convergence value = 0.000601121 (threshold = 1e-06)
  Iteration 23 (of 50).   Current convergence value = 0.000595709 (threshold = 1e-06)
  Iteration 24 (of 50).   Current convergence value = 0.000590362 (threshold = 1e-06)
  Iteration 25 (of 50).   Current convergence value = 0.000584819 (threshold = 1e-06)
  Iteration 26 (of 50).   Current convergence value = 0.000580031 (threshold = 1e-06)
  Iteration 27 (of 50).   Current convergence value = 0.000575044 (threshold = 1e-06)
  Iteration 28 (of 50).   Current convergence value = 0.000571075 (threshold = 1e-06)
  Iteration 29 (of 50).   Current convergence value = 0.000565349 (threshold = 1e-06)
  Iteration 30 (of 50).   Current convergence value = 0.000560578 (threshold = 1e-06)
  Iteration 31 (of 50).   Current convergence value = 0.000556567 (threshold = 1e-06)
  Iteration 32 (of 50).   Current convergence value = 0.000552896 (threshold = 1e-06)
  Iteration 33 (of 50).   Current convergence value = 0.00054886 (threshold = 1e-06)
  Iteration 34 (of 50).   Current convergence value = 0.000545181 (threshold = 1e-06)
  Iteration 35 (of 50).   Current convergence value = 0.000541732 (threshold = 1e-06)
  Iteration 36 (of 50).   Current convergence value = 0.000537608 (threshold = 1e-06)
  Iteration 37 (of 50).   Current convergence value = 0.000533887 (threshold = 1e-06)
  Iteration 38 (of 50).   Current convergence value = 0.000525853 (threshold = 1e-06)
  Iteration 39 (of 50).   Current convergence value = 0.00052278 (threshold = 1e-06)
  Iteration 40 (of 50).   Current convergence value = 0.000520055 (threshold = 1e-06)
  Iteration 41 (of 50).   Current convergence value = 0.000517478 (threshold = 1e-06)
  Iteration 42 (of 50).   Current convergence value = 0.000515007 (threshold = 1e-06)
  Iteration 43 (of 50).   Current convergence value = 0.000511792 (threshold = 1e-06)
  Iteration 44 (of 50).   Current convergence value = 0.000508747 (threshold = 1e-06)
  Iteration 45 (of 50).   Current convergence value = 0.000505801 (threshold = 1e-06)
  Iteration 46 (of 50).   Current convergence value = 0.000503115 (threshold = 1e-06)
  Iteration 47 (of 50).   Current convergence value = 0.000500435 (threshold = 1e-06)
  Iteration 48 (of 50).   Current convergence value = 0.000497521 (threshold = 1e-06)
  Iteration 49 (of 50).   Current convergence value = 0.000495134 (threshold = 1e-06)
  Iteration 50 (of 50).   Current convergence value = 0.000493114 (threshold = 1e-06)
Current level = 3
  Iteration 1 (of 30).   Current convergence value = 0.00115632 (threshold = 1e-06)
  Iteration 2 (of 30).   Current convergence value = 0.00110505 (threshold = 1e-06)
  Iteration 3 (of 30).   Current convergence value = 0.00105755 (threshold = 1e-06)
  Iteration 4 (of 30).   Current convergence value = 0.00101521 (threshold = 1e-06)
  Iteration 5 (of 30).   Current convergence value = 0.000978269 (threshold = 1e-06)
  Iteration 6 (of 30).   Current convergence value = 0.000945919 (threshold = 1e-06)
  Iteration 7 (of 30).   Current convergence value = 0.000918903 (threshold = 1e-06)
  Iteration 8 (of 30).   Current convergence value = 0.000893192 (threshold = 1e-06)
  Iteration 9 (of 30).   Current convergence value = 0.000869941 (threshold = 1e-06)
  Iteration 10 (of 30).   Current convergence value = 0.000849373 (threshold = 1e-06)
  Iteration 11 (of 30).   Current convergence value = 0.000838171 (threshold = 1e-06)
  Iteration 12 (of 30).   Current convergence value = 0.000823311 (threshold = 1e-06)
  Iteration 13 (of 30).   Current convergence value = 0.000824105 (threshold = 1e-06)
  Iteration 14 (of 30).   Current convergence value = 0.000936798 (threshold = 1e-06)
  Iteration 15 (of 30).   Current convergence value = 0.000931922 (threshold = 1e-06)
  Iteration 16 (of 30).   Current convergence value = 0.00092525 (threshold = 1e-06)
  Iteration 17 (of 30).   Current convergence value = 0.000917578 (threshold = 1e-06)
  Iteration 18 (of 30).   Current convergence value = 0.000910145 (threshold = 1e-06)
  Iteration 19 (of 30).   Current convergence value = 0.000901739 (threshold = 1e-06)
  Iteration 20 (of 30).   Current convergence value = 0.000893749 (threshold = 1e-06)
  Iteration 21 (of 30).   Current convergence value = 0.00088602 (threshold = 1e-06)
  Iteration 22 (of 30).   Current convergence value = 0.00087845 (threshold = 1e-06)
  Iteration 23 (of 30).   Current convergence value = 0.00086842 (threshold = 1e-06)
  Iteration 24 (of 30).   Current convergence value = 0.000859463 (threshold = 1e-06)
  Iteration 25 (of 30).   Current convergence value = 0.00085023 (threshold = 1e-06)
  Iteration 26 (of 30).   Current convergence value = 0.000841494 (threshold = 1e-06)
  Iteration 27 (of 30).   Current convergence value = 0.000830821 (threshold = 1e-06)
  Iteration 28 (of 30).   Current convergence value = 0.000820878 (threshold = 1e-06)
  Iteration 29 (of 30).   Current convergence value = 0.000810708 (threshold = 1e-06)
  Iteration 30 (of 30).   Current convergence value = 0.000801117 (threshold = 1e-06)
Current level = 4
  Iteration 1 (of 20).   Current convergence value = 0.00156142 (threshold = 1e-06)
  Iteration 2 (of 20).   Current convergence value = 0.00147036 (threshold = 1e-06)
  Iteration 3 (of 20).   Current convergence value = 0.00142568 (threshold = 1e-06)
  Iteration 4 (of 20).   Current convergence value = 0.00137073 (threshold = 1e-06)
  Iteration 5 (of 20).   Current convergence value = 0.00131571 (threshold = 1e-06)
  Iteration 6 (of 20).   Current convergence value = 0.00126733 (threshold = 1e-06)
  Iteration 7 (of 20).   Current convergence value = 0.0012258 (threshold = 1e-06)
  Iteration 8 (of 20).   Current convergence value = 0.00118649 (threshold = 1e-06)
  Iteration 9 (of 20).   Current convergence value = 0.00114979 (threshold = 1e-06)
  Iteration 10 (of 20).   Current convergence value = 0.00111496 (threshold = 1e-06)
  Iteration 11 (of 20).   Current convergence value = 0.00108359 (threshold = 1e-06)
  Iteration 12 (of 20).   Current convergence value = 0.0010529 (threshold = 1e-06)
  Iteration 13 (of 20).   Current convergence value = 0.00102214 (threshold = 1e-06)
  Iteration 14 (of 20).   Current convergence value = 0.000990192 (threshold = 1e-06)
  Iteration 15 (of 20).   Current convergence value = 0.000961192 (threshold = 1e-06)
  Iteration 16 (of 20).   Current convergence value = 0.000933111 (threshold = 1e-06)
  Iteration 17 (of 20).   Current convergence value = 0.000904408 (threshold = 1e-06)
  Iteration 18 (of 20).   Current convergence value = 0.000877313 (threshold = 1e-06)
  Iteration 19 (of 20).   Current convergence value = 0.000852 (threshold = 1e-06)
  Iteration 20 (of 20).   Current convergence value = 0.000827322 (threshold = 1e-06)
   N4BiasFieldCorrectionImageFilter (0x1d96090)
     RTTI typeinfo:   itk::N4BiasFieldCorrectionImageFilter<itk::Image<float, 3u>, itk::Image<float, 3u>, itk::Image<float, 3u> >
     Reference Count: 1
     Modified Time: 813
     Debug: Off
     Object Name: 
     Observers: 
       IterationEvent(Command)
     Inputs: 
       Primary: (0x1da61c0) *
       _1: (0x1da6840)
     Indexed Inputs: 
       0: Primary (0x1da61c0)
       1: _1 (0x1da6840)
     Required Input Names: Primary
     NumberOfRequiredInputs: 1
     Outputs: 
       Primary: (0x1d9a950)
     Indexed Outputs: 
       0: Primary (0x1d9a950)
     NumberOfRequiredOutputs: 1
     Number Of Threads: 56
     ReleaseDataFlag: Off
     ReleaseDataBeforeUpdateFlag: Off
     AbortGenerateData: Off
     Progress: 0
     Multithreader: 
       RTTI typeinfo:   itk::MultiThreader
       Reference Count: 1
       Modified Time: 122
       Debug: Off
       Object Name: 
       Observers: 
         none
       Thread Count: 56
       Global Maximum Number Of Threads: 128
       Global Default Number Of Threads: 56
     CoordinateTolerance: 1e-06
     DirectionTolerance: 1e-06
     Mask label: 1
     Number of histogram bins: 200
     Wiener filter noise: 0.01
     Bias field FWHM: 0.15
     Maximum number of iterations: [50, 50, 30, 20]
     Convergence threshold: 1e-06
     Spline order: 3
     Number of fitting levels: [4, 4, 4]
     Number of control points: [4, 5, 5]
     CurrentConvergenceMeasurement: 0.000827322
     CurrentLevel: 4
     ElapsedIterations: 21
     LogBiasFieldControlPointLattice: 
       Image (0x1da00a0)
         RTTI typeinfo:   itk::Image<itk::Vector<float, 1u>, 3u>
         Reference Count: 1
         Modified Time: 127647552
         Debug: Off
         Object Name: 
         Observers: 
           none
         Source: (none)
         Source output name: (none)
         Release Data: Off
         Data Released: False
         Global Release Data: Off
         PipelineMTime: 0
         UpdateMTime: 0
         RealTimeStamp: 0 seconds 
         LargestPossibleRegion: 
           Dimension: 3
           Index: [0, 0, 0]
           Size: [11, 19, 19]
         BufferedRegion: 
           Dimension: 3
           Index: [0, 0, 0]
           Size: [11, 19, 19]
         RequestedRegion: 
           Dimension: 3
           Index: [0, 0, 0]
           Size: [11, 19, 19]
         Spacing: [24.5, 24.85, 24.85]
         Origin: [-24.5, 24.85, -24.85]
         Direction: 
1 0 0
0 -1 0
0 0 1

         IndexToPointMatrix: 
24.5 0 0
0 -24.85 0
0 0 24.85

         PointToIndexMatrix: 
0.0408163 0 0
0 -0.0402414 0
0 0 0.0402414

         Inverse Direction: 
1 0 0
0 -1 0
0 0 1

         PixelContainer: 
           ImportImageContainer (0x1da0360)
             RTTI typeinfo:   itk::ImportImageContainer<unsigned long, itk::Vector<float, 1u> >
             Reference Count: 1
             Modified Time: 127647553
             Debug: Off
             Object Name: 
             Observers: 
               none
             Pointer: 0x339de70
             Container manages memory: true
             Size: 3971
             Capacity: 3971
Elapsed time: 97.9607
STEP 2 COMPLETE
total 1326732
-rw-rw-r--  1 ccn30 ccn30       45875200 Sep 13 18:17 phas0001.img
-rw-rw-r--  1 ccn30 ccn30            352 Sep 13 18:17 phas0001.hdr
-rw-rw-r--  1 ccn30 ccn30       45875200 Sep 13 18:17 phas0000.img
-rw-rw-r--  1 ccn30 ccn30            352 Sep 13 18:17 phas0000.hdr
-rw-rw----+ 1 ccn30 wbic-p00500 48842970 Sep 13 18:26 n4mag0000_PSIR_skulled_std.nii.gz
-rw-rw----+ 1 ccn30 wbic-p00500 91750752 Sep  2 13:53 mp2rage_phase.nii.gz
-rw-rw----+ 1 ccn30 wbic-p00500 91750752 Sep  2 13:53 mp2rage_magnitude.nii.gz
-rw-rw----+ 1 ccn30 wbic-p00500 91750752 Sep 13 18:23 mmag0001.nii
-rw-rw----+ 1 ccn30 wbic-p00500 91750752 Sep 13 18:21 mmag0000.nii
-rw-rw----+ 1 ccn30 wbic-p00500 91750752 Sep 13 18:24 mag0001_skull.nii
-rw-rw----+ 1 ccn30 wbic-p00500 91750752 Sep 13 18:24 mag0001_skull_mask.nii
-rw-rw----+ 1 ccn30 wbic-p00500  4332120 Sep 13 18:23 mag0001_seg8.mat
-rw-rw-r--  1 ccn30 ccn30       45875200 Sep 13 18:17 mag0001.img
-rw-rw-r--  1 ccn30 ccn30            352 Sep 13 18:17 mag0001.hdr
-rw-rw----+ 1 ccn30 wbic-p00500 45875552 Sep 13 18:24 mag0001_brain_skull.nii
-rw-rw----+ 1 ccn30 wbic-p00500 91750752 Sep 13 18:24 mag0001_brain.nii
-rw-rw----+ 1 ccn30 wbic-p00500 45875552 Sep 13 18:24 mag0001_brain_mask.nii
-rw-rw----+ 1 ccn30 wbic-p00500  4332120 Sep 13 18:20 mag0000_seg8.mat
-rw-rw----+ 1 ccn30 wbic-p00500 48846072 Sep 13 18:24 mag0000_PSIR_skulled_std.nii.gz
-rw-rw----+ 1 ccn30 wbic-p00500 48902612 Sep 13 18:24 mag0000_PSIR_skulled.nii.gz
-rw-rw----+ 1 ccn30 wbic-p00500 46960039 Sep 13 18:18 mag0000_PSIR.nii.gz
-rw-rw----+ 1 ccn30 wbic-p00500 55613067 Sep 13 18:17 mag0000_PD_smooth.nii.gz
-rw-rw----+ 1 ccn30 wbic-p00500 48178926 Sep 13 18:17 mag0000_MP2RAGE.nii.gz
-rw-rw-r--  1 ccn30 ccn30       45875200 Sep 13 18:17 mag0000.img
-rw-rw-r--  1 ccn30 ccn30            352 Sep 13 18:17 mag0000.hdr
-rw-rw----+ 1 ccn30 wbic-p00500 22937952 Sep 13 18:24 c3mag0001.nii
-rw-rw----+ 1 ccn30 wbic-p00500 22937952 Sep 13 18:21 c3mag0000.nii
-rw-rw----+ 1 ccn30 wbic-p00500 22937952 Sep 13 18:24 c2mag0001.nii
-rw-rw----+ 1 ccn30 wbic-p00500 22937952 Sep 13 18:21 c2mag0000.nii
-rw-rw----+ 1 ccn30 wbic-p00500 22937952 Sep 13 18:24 c1mag0001.nii
-rw-rw----+ 1 ccn30 wbic-p00500 22937952 Sep 13 18:21 c1mag0000.nii
drwxrws---+ 5 ccn30 wbic-p00500     4096 Sep  2 13:53 ..
drwxrws---+ 2 ccn30 wbic-p00500     4096 Sep 13 18:26 .
STEP 3 COMPLETE
total 1367692
-rw-rw-r--  1 ccn30 ccn30       45875200 Sep 13 18:17 phas0001.img
-rw-rw-r--  1 ccn30 ccn30            352 Sep 13 18:17 phas0001.hdr
-rw-rw-r--  1 ccn30 ccn30       45875200 Sep 13 18:17 phas0000.img
-rw-rw-r--  1 ccn30 ccn30            352 Sep 13 18:17 phas0000.hdr
-rw-rw----+ 1 ccn30 wbic-p00500 91750752 Sep 13 18:26 n4mag0000_PSIR_skulled_std.nii
-rw-rw----+ 1 ccn30 wbic-p00500 91750752 Sep  2 13:53 mp2rage_phase.nii.gz
-rw-rw----+ 1 ccn30 wbic-p00500 91750752 Sep  2 13:53 mp2rage_magnitude.nii.gz
-rw-rw----+ 1 ccn30 wbic-p00500 91750752 Sep 13 18:23 mmag0001.nii
-rw-rw----+ 1 ccn30 wbic-p00500 91750752 Sep 13 18:21 mmag0000.nii
-rw-rw----+ 1 ccn30 wbic-p00500 91750752 Sep 13 18:24 mag0001_skull.nii
-rw-rw----+ 1 ccn30 wbic-p00500 91750752 Sep 13 18:24 mag0001_skull_mask.nii
-rw-rw----+ 1 ccn30 wbic-p00500  4332120 Sep 13 18:23 mag0001_seg8.mat
-rw-rw-r--  1 ccn30 ccn30       45875200 Sep 13 18:17 mag0001.img
-rw-rw-r--  1 ccn30 ccn30            352 Sep 13 18:17 mag0001.hdr
-rw-rw----+ 1 ccn30 wbic-p00500 45875552 Sep 13 18:24 mag0001_brain_skull.nii
-rw-rw----+ 1 ccn30 wbic-p00500 91750752 Sep 13 18:24 mag0001_brain.nii
-rw-rw----+ 1 ccn30 wbic-p00500 45875552 Sep 13 18:24 mag0001_brain_mask.nii
-rw-rw----+ 1 ccn30 wbic-p00500  4332120 Sep 13 18:20 mag0000_seg8.mat
-rw-rw----+ 1 ccn30 wbic-p00500 48846072 Sep 13 18:24 mag0000_PSIR_skulled_std.nii.gz
-rw-rw----+ 1 ccn30 wbic-p00500 48902612 Sep 13 18:24 mag0000_PSIR_skulled.nii.gz
-rw-rw----+ 1 ccn30 wbic-p00500 46960039 Sep 13 18:18 mag0000_PSIR.nii.gz
-rw-rw----+ 1 ccn30 wbic-p00500 55613067 Sep 13 18:17 mag0000_PD_smooth.nii.gz
-rw-rw----+ 1 ccn30 wbic-p00500 48178926 Sep 13 18:17 mag0000_MP2RAGE.nii.gz
-rw-rw-r--  1 ccn30 ccn30       45875200 Sep 13 18:17 mag0000.img
-rw-rw-r--  1 ccn30 ccn30            352 Sep 13 18:17 mag0000.hdr
-rw-rw----+ 1 ccn30 wbic-p00500 22937952 Sep 13 18:24 c3mag0001.nii
-rw-rw----+ 1 ccn30 wbic-p00500 22937952 Sep 13 18:21 c3mag0000.nii
-rw-rw----+ 1 ccn30 wbic-p00500 22937952 Sep 13 18:24 c2mag0001.nii
-rw-rw----+ 1 ccn30 wbic-p00500 22937952 Sep 13 18:21 c2mag0000.nii
-rw-rw----+ 1 ccn30 wbic-p00500 22937952 Sep 13 18:24 c1mag0001.nii
-rw-rw----+ 1 ccn30 wbic-p00500 22937952 Sep 13 18:21 c1mag0000.nii
drwxrws---+ 5 ccn30 wbic-p00500     4096 Sep  2 13:53 ..
drwxrws---+ 2 ccn30 wbic-p00500     4096 Sep 13 18:26 .

                            < M A T L A B (R) >
                  Copyright 1984-2017 The MathWorks, Inc.
                   R2017b (9.3.0.713579) 64-bit (glnxa64)
                             September 14, 2017

 
To get started, type one of these: helpwin, helpdesk, or demo.
For product information, visit www.mathworks.com.
 


------------------------------------------------------------------------
13-Sep-2021 18:26:49 - Running job #1
------------------------------------------------------------------------
13-Sep-2021 18:26:49 - Running 'Segment'

SPM12: spm_preproc_run (v7408)                     18:26:49 - 13/09/2021
========================================================================
Segment /home/ccn30/rds/rds-p00500_encrypt-URQgmO1brZ0/p00500/ENCRYPT_images/25816/mp2rage/n4mag0000_PSIR_skulled_std.nii,1
Completed                               :          18:30:13 - 13/09/2021
13-Sep-2021 18:30:13 - Done    'Segment'
13-Sep-2021 18:30:13 - Done

SPM segmentation is done...
STEP 4 COMPLETE
total 1477924
-rw-rw-r--  1 ccn30 ccn30       45875200 Sep 13 18:17 phas0001.img
-rw-rw-r--  1 ccn30 ccn30            352 Sep 13 18:17 phas0001.hdr
-rw-rw-r--  1 ccn30 ccn30       45875200 Sep 13 18:17 phas0000.img
-rw-rw-r--  1 ccn30 ccn30            352 Sep 13 18:17 phas0000.hdr
-rw-rw----+ 1 ccn30 wbic-p00500  4341760 Sep 13 18:28 n4mag0000_PSIR_skulled_std_seg8.mat
-rw-rw----+ 1 ccn30 wbic-p00500 91750752 Sep 13 18:26 n4mag0000_PSIR_skulled_std.nii
-rw-rw----+ 1 ccn30 wbic-p00500 91750752 Sep  2 13:53 mp2rage_phase.nii.gz
-rw-rw----+ 1 ccn30 wbic-p00500 91750752 Sep  2 13:53 mp2rage_magnitude.nii.gz
-rw-rw----+ 1 ccn30 wbic-p00500 91750752 Sep 13 18:23 mmag0001.nii
-rw-rw----+ 1 ccn30 wbic-p00500 91750752 Sep 13 18:21 mmag0000.nii
-rw-rw----+ 1 ccn30 wbic-p00500 91750752 Sep 13 18:24 mag0001_skull.nii
-rw-rw----+ 1 ccn30 wbic-p00500 91750752 Sep 13 18:24 mag0001_skull_mask.nii
-rw-rw----+ 1 ccn30 wbic-p00500  4332120 Sep 13 18:23 mag0001_seg8.mat
-rw-rw-r--  1 ccn30 ccn30       45875200 Sep 13 18:17 mag0001.img
-rw-rw-r--  1 ccn30 ccn30            352 Sep 13 18:17 mag0001.hdr
-rw-rw----+ 1 ccn30 wbic-p00500 45875552 Sep 13 18:24 mag0001_brain_skull.nii
-rw-rw----+ 1 ccn30 wbic-p00500 91750752 Sep 13 18:24 mag0001_brain.nii
-rw-rw----+ 1 ccn30 wbic-p00500 45875552 Sep 13 18:24 mag0001_brain_mask.nii
-rw-rw----+ 1 ccn30 wbic-p00500  4332120 Sep 13 18:20 mag0000_seg8.mat
-rw-rw----+ 1 ccn30 wbic-p00500 48846072 Sep 13 18:24 mag0000_PSIR_skulled_std.nii.gz
-rw-rw----+ 1 ccn30 wbic-p00500 48902612 Sep 13 18:24 mag0000_PSIR_skulled.nii.gz
-rw-rw----+ 1 ccn30 wbic-p00500 46960039 Sep 13 18:18 mag0000_PSIR.nii.gz
-rw-rw----+ 1 ccn30 wbic-p00500 55613067 Sep 13 18:17 mag0000_PD_smooth.nii.gz
-rw-rw----+ 1 ccn30 wbic-p00500 48178926 Sep 13 18:17 mag0000_MP2RAGE.nii.gz
-rw-rw-r--  1 ccn30 ccn30       45875200 Sep 13 18:17 mag0000.img
-rw-rw-r--  1 ccn30 ccn30            352 Sep 13 18:17 mag0000.hdr
-rw-rw----+ 1 ccn30 wbic-p00500 22937952 Sep 13 18:30 c5n4mag0000_PSIR_skulled_std.nii
-rw-rw----+ 1 ccn30 wbic-p00500 22937952 Sep 13 18:30 c4n4mag0000_PSIR_skulled_std.nii
-rw-rw----+ 1 ccn30 wbic-p00500 22937952 Sep 13 18:30 c3n4mag0000_PSIR_skulled_std.nii
-rw-rw----+ 1 ccn30 wbic-p00500 22937952 Sep 13 18:24 c3mag0001.nii
-rw-rw----+ 1 ccn30 wbic-p00500 22937952 Sep 13 18:21 c3mag0000.nii
-rw-rw----+ 1 ccn30 wbic-p00500 22937952 Sep 13 18:30 c2n4mag0000_PSIR_skulled_std.nii
-rw-rw----+ 1 ccn30 wbic-p00500 22937952 Sep 13 18:24 c2mag0001.nii
-rw-rw----+ 1 ccn30 wbic-p00500 22937952 Sep 13 18:21 c2mag0000.nii
-rw-rw----+ 1 ccn30 wbic-p00500 22937952 Sep 13 18:30 c1n4mag0000_PSIR_skulled_std.nii
-rw-rw----+ 1 ccn30 wbic-p00500 22937952 Sep 13 18:24 c1mag0001.nii
-rw-rw----+ 1 ccn30 wbic-p00500 22937952 Sep 13 18:21 c1mag0000.nii
drwxrws---+ 5 ccn30 wbic-p00500     4096 Sep  2 13:53 ..
drwxrws---+ 2 ccn30 wbic-p00500     4096 Sep 13 18:28 .

                            < M A T L A B (R) >
                  Copyright 1984-2017 The MathWorks, Inc.
                   R2017b (9.3.0.713579) 64-bit (glnxa64)
                             September 14, 2017

 
To get started, type one of these: helpwin, helpdesk, or demo.
For product information, visit www.mathworks.com.
 
Preparing data ...
Masking image 1 of 1 subjects ...
Finished skull stripping data.
STEP 5 COMPLETE
total 1573560
-rw-rw-r--  1 ccn30 ccn30       45875200 Sep 13 18:17 phas0001.img
-rw-rw-r--  1 ccn30 ccn30            352 Sep 13 18:17 phas0001.hdr
-rw-rw-r--  1 ccn30 ccn30       45875200 Sep 13 18:17 phas0000.img
-rw-rw-r--  1 ccn30 ccn30            352 Sep 13 18:17 phas0000.hdr
-rw-rw----+ 1 ccn30 wbic-p00500 91750752 Sep 13 18:30 n4mag0000_PSIR_skulled_std_struc_brain.nii
-rw-rw----+ 1 ccn30 wbic-p00500  4341760 Sep 13 18:28 n4mag0000_PSIR_skulled_std_seg8.mat
-rw-rw----+ 1 ccn30 wbic-p00500 91750752 Sep 13 18:26 n4mag0000_PSIR_skulled_std.nii
-rw-rw----+ 1 ccn30 wbic-p00500 91750752 Sep  2 13:53 mp2rage_phase.nii.gz
-rw-rw----+ 1 ccn30 wbic-p00500 91750752 Sep  2 13:53 mp2rage_magnitude.nii.gz
-rw-rw----+ 1 ccn30 wbic-p00500 91750752 Sep 13 18:23 mmag0001.nii
-rw-rw----+ 1 ccn30 wbic-p00500 91750752 Sep 13 18:21 mmag0000.nii
-rw-rw----+ 1 ccn30 wbic-p00500 91750752 Sep 13 18:24 mag0001_skull.nii
-rw-rw----+ 1 ccn30 wbic-p00500 91750752 Sep 13 18:24 mag0001_skull_mask.nii
-rw-rw----+ 1 ccn30 wbic-p00500  4332120 Sep 13 18:23 mag0001_seg8.mat
-rw-rw-r--  1 ccn30 ccn30       45875200 Sep 13 18:17 mag0001.img
-rw-rw-r--  1 ccn30 ccn30            352 Sep 13 18:17 mag0001.hdr
-rw-rw----+ 1 ccn30 wbic-p00500 45875552 Sep 13 18:24 mag0001_brain_skull.nii
-rw-rw----+ 1 ccn30 wbic-p00500 91750752 Sep 13 18:24 mag0001_brain.nii
-rw-rw----+ 1 ccn30 wbic-p00500 45875552 Sep 13 18:24 mag0001_brain_mask.nii
-rw-rw----+ 1 ccn30 wbic-p00500  4332120 Sep 13 18:20 mag0000_seg8.mat
-rw-rw----+ 1 ccn30 wbic-p00500 48846072 Sep 13 18:24 mag0000_PSIR_skulled_std.nii.gz
-rw-rw----+ 1 ccn30 wbic-p00500 48902612 Sep 13 18:24 mag0000_PSIR_skulled.nii.gz
-rw-rw----+ 1 ccn30 wbic-p00500 46960039 Sep 13 18:18 mag0000_PSIR.nii.gz
-rw-rw----+ 1 ccn30 wbic-p00500 55613067 Sep 13 18:17 mag0000_PD_smooth.nii.gz
-rw-rw----+ 1 ccn30 wbic-p00500 48178926 Sep 13 18:17 mag0000_MP2RAGE.nii.gz
-rw-rw-r--  1 ccn30 ccn30       45875200 Sep 13 18:17 mag0000.img
-rw-rw-r--  1 ccn30 ccn30            352 Sep 13 18:17 mag0000.hdr
-rw-rw----+ 1 ccn30 wbic-p00500 22937952 Sep 13 18:30 c5n4mag0000_PSIR_skulled_std.nii
-rw-rw----+ 1 ccn30 wbic-p00500 22937952 Sep 13 18:30 c4n4mag0000_PSIR_skulled_std.nii
-rw-rw----+ 1 ccn30 wbic-p00500 22937952 Sep 13 18:30 c3n4mag0000_PSIR_skulled_std.nii
-rw-rw----+ 1 ccn30 wbic-p00500 22937952 Sep 13 18:24 c3mag0001.nii
-rw-rw----+ 1 ccn30 wbic-p00500 22937952 Sep 13 18:21 c3mag0000.nii
-rw-rw----+ 1 ccn30 wbic-p00500 22937952 Sep 13 18:30 c2n4mag0000_PSIR_skulled_std.nii
-rw-rw----+ 1 ccn30 wbic-p00500 22937952 Sep 13 18:24 c2mag0001.nii
-rw-rw----+ 1 ccn30 wbic-p00500 22937952 Sep 13 18:21 c2mag0000.nii
-rw-rw----+ 1 ccn30 wbic-p00500 22937952 Sep 13 18:30 c1n4mag0000_PSIR_skulled_std.nii
-rw-rw----+ 1 ccn30 wbic-p00500 22937952 Sep 13 18:24 c1mag0001.nii
-rw-rw----+ 1 ccn30 wbic-p00500 22937952 Sep 13 18:21 c1mag0000.nii
drwxrws---+ 5 ccn30 wbic-p00500     4096 Sep  2 13:53 ..
drwxrws---+ 2 ccn30 wbic-p00500     4096 Sep 13 18:30 .
STEP 6 COMPLETE
total 1651388
-rw-rw-r--  1 ccn30 ccn30       45875200 Sep 13 18:17 phas0001.img
-rw-rw-r--  1 ccn30 ccn30            352 Sep 13 18:17 phas0001.hdr
-rw-rw-r--  1 ccn30 ccn30       45875200 Sep 13 18:17 phas0000.img
-rw-rw-r--  1 ccn30 ccn30            352 Sep 13 18:17 phas0000.hdr
-rw-rw----+ 1 ccn30 wbic-p00500 91750752 Sep 13 18:30 n4mag0000_PSIR_skulled_std_struc_brain.nii
-rw-rw----+ 1 ccn30 wbic-p00500 91750752 Sep 13 18:30 n4mag0000_PSIR_skulled_std_struc_brain_mask.nii
-rw-rw----+ 1 ccn30 wbic-p00500  4341760 Sep 13 18:28 n4mag0000_PSIR_skulled_std_seg8.mat
-rw-rw----+ 1 ccn30 wbic-p00500 91750752 Sep 13 18:26 n4mag0000_PSIR_skulled_std.nii
-rw-rw----+ 1 ccn30 wbic-p00500 91750752 Sep  2 13:53 mp2rage_phase.nii.gz
-rw-rw----+ 1 ccn30 wbic-p00500 91750752 Sep  2 13:53 mp2rage_magnitude.nii.gz
-rw-rw----+ 1 ccn30 wbic-p00500 91750752 Sep 13 18:23 mmag0001.nii
-rw-rw----+ 1 ccn30 wbic-p00500 91750752 Sep 13 18:21 mmag0000.nii
-rw-rw----+ 1 ccn30 wbic-p00500 91750752 Sep 13 18:24 mag0001_skull.nii
-rw-rw----+ 1 ccn30 wbic-p00500 91750752 Sep 13 18:24 mag0001_skull_mask.nii
-rw-rw----+ 1 ccn30 wbic-p00500  4332120 Sep 13 18:23 mag0001_seg8.mat
-rw-rw-r--  1 ccn30 ccn30       45875200 Sep 13 18:17 mag0001.img
-rw-rw-r--  1 ccn30 ccn30            352 Sep 13 18:17 mag0001.hdr
-rw-rw----+ 1 ccn30 wbic-p00500 45875552 Sep 13 18:24 mag0001_brain_skull.nii
-rw-rw----+ 1 ccn30 wbic-p00500 91750752 Sep 13 18:24 mag0001_brain.nii
-rw-rw----+ 1 ccn30 wbic-p00500 45875552 Sep 13 18:24 mag0001_brain_mask.nii
-rw-rw----+ 1 ccn30 wbic-p00500  4332120 Sep 13 18:20 mag0000_seg8.mat
-rw-rw----+ 1 ccn30 wbic-p00500 48846072 Sep 13 18:24 mag0000_PSIR_skulled_std.nii.gz
-rw-rw----+ 1 ccn30 wbic-p00500 48902612 Sep 13 18:24 mag0000_PSIR_skulled.nii.gz
-rw-rw----+ 1 ccn30 wbic-p00500 46960039 Sep 13 18:18 mag0000_PSIR.nii.gz
-rw-rw----+ 1 ccn30 wbic-p00500 55613067 Sep 13 18:17 mag0000_PD_smooth.nii.gz
-rw-rw----+ 1 ccn30 wbic-p00500 48178926 Sep 13 18:17 mag0000_MP2RAGE.nii.gz
-rw-rw-r--  1 ccn30 ccn30       45875200 Sep 13 18:17 mag0000.img
-rw-rw-r--  1 ccn30 ccn30            352 Sep 13 18:17 mag0000.hdr
-rw-rw----+ 1 ccn30 wbic-p00500 22937952 Sep 13 18:30 c5n4mag0000_PSIR_skulled_std.nii
-rw-rw----+ 1 ccn30 wbic-p00500 22937952 Sep 13 18:30 c4n4mag0000_PSIR_skulled_std.nii
-rw-rw----+ 1 ccn30 wbic-p00500 22937952 Sep 13 18:30 c3n4mag0000_PSIR_skulled_std.nii
-rw-rw----+ 1 ccn30 wbic-p00500 22937952 Sep 13 18:24 c3mag0001.nii
-rw-rw----+ 1 ccn30 wbic-p00500 22937952 Sep 13 18:21 c3mag0000.nii
-rw-rw----+ 1 ccn30 wbic-p00500 22937952 Sep 13 18:30 c2n4mag0000_PSIR_skulled_std.nii
-rw-rw----+ 1 ccn30 wbic-p00500 22937952 Sep 13 18:24 c2mag0001.nii
-rw-rw----+ 1 ccn30 wbic-p00500 22937952 Sep 13 18:21 c2mag0000.nii
-rw-rw----+ 1 ccn30 wbic-p00500 22937952 Sep 13 18:30 c1n4mag0000_PSIR_skulled_std.nii
-rw-rw----+ 1 ccn30 wbic-p00500 22937952 Sep 13 18:24 c1mag0001.nii
-rw-rw----+ 1 ccn30 wbic-p00500 22937952 Sep 13 18:21 c1mag0000.nii
drwxrws---+ 5 ccn30 wbic-p00500     4096 Sep  2 13:53 ..
drwxrws---+ 2 ccn30 wbic-p00500     4096 Sep 13 18:30 .
