This is job 46
Time: Mon 13 Sep 18:17:19 BST 2021
Running on master node: cpu-p-193
Current directory: /rds/user/ccn30/hpc-work/WBIC_lustre/ENCRYPT/scripts/ImagePrep/mp2rage/slurmoutputs
Changed directory to /home/ccn30/rds/hpc-work/WBIC_lustre/ENCRYPT/scripts/ImagePrep/mp2rage/slurmoutputs.

JobID: 46418956
======
Time: Mon 13 Sep 18:17:19 BST 2021
Running on master node: cpu-p-193
Current directory: /home/ccn30/rds/hpc-work/WBIC_lustre/ENCRYPT/scripts/ImagePrep/mp2rage/slurmoutputs

Nodes allocated:
================
cpu-p-193

numtasks=, numnodes=, mpi_tasks_per_node= (OMP_NUM_THREADS=1)

Executing command:
==================
/home/ccn30/rds/hpc-work/WBIC_lustre/ENCRYPT/scripts/ImagePrep/mp2rage/mp2rage_processing.sh /home/ccn30/rds/hpc-work/WBIC_lustre/ENCRYPT/ENCRYPT_MasterRIScodes.txt 46 /home/ccn30/rds/hpc-work/WBIC_lustre/ENCRYPT/scripts/ImagePrep/mp2rage /usr/local/Cluster-Apps/matlab/R2017b /usr/local/software/spm/spm12 /home/ccn30/rds/rds-p00500_encrypt-URQgmO1brZ0/p00500/ENCRYPT_images /usr/local/Cluster-Apps/fsl/5.0.8/fsl

Starting 32541
/home/ccn30/rds/rds-p00500_encrypt-URQgmO1brZ0/p00500/ENCRYPT_images/32541/mp2rage
STARTING mp2rage PREPROCESSING
total 322468
-rw-rw----+ 1 ccn30 wbic-p00500 45875552 Sep 13 18:17 phas0001.nii
-rw-rw----+ 1 ccn30 wbic-p00500 45875552 Sep 13 18:17 phas0000.nii
-rw-rw----+ 1 ccn30 wbic-p00500 91750752 Sep  2 13:53 mp2rage_phase.nii.gz
-rw-rw----+ 1 ccn30 wbic-p00500 91750752 Sep  2 13:53 mp2rage_magnitude.nii.gz
-rw-rw----+ 1 ccn30 wbic-p00500 45875552 Sep 13 18:17 mag0001.nii
-rw-rw----+ 1 ccn30 wbic-p00500 45875552 Sep 13 18:17 mag0000.nii
drwxrws---+ 5 ccn30 wbic-p00500     4096 Sep  2 13:53 ..
drwxrws---+ 2 ccn30 wbic-p00500     4096 Sep 13 18:17 .
The folder where the PSIR is is /home/ccn30/rds/rds-p00500_encrypt-URQgmO1brZ0/p00500/ENCRYPT_images/32541/mp2rage
The script directory is /home/ccn30/rds/hpc-work/WBIC_lustre/ENCRYPT/scripts/ImagePrep/mp2rage
The SPM directory is /usr/local/software/spm/spm12
/home/ccn30/rds/rds-p00500_encrypt-URQgmO1brZ0/p00500/ENCRYPT_images/32541/mp2rage/mag0000 and /home/ccn30/rds/rds-p00500_encrypt-URQgmO1brZ0/p00500/ENCRYPT_images/32541/mp2rage/mag0001 and /home/ccn30/rds/rds-p00500_encrypt-URQgmO1brZ0/p00500/ENCRYPT_images/32541/mp2rage/phas0000 and /home/ccn30/rds/rds-p00500_encrypt-URQgmO1brZ0/p00500/ENCRYPT_images/32541/mp2rage/phas0001 are the files selected
0.000000 0.000000 -1.000000 156.099991 
-1.000000 0.000000 0.000000 223.300003 
0.000000 1.000000 0.000000 0.000000 
0.000000 0.000000 0.000000 1.000000 

0.000000 0.000000 -1.000000 156.099991 
-1.000000 0.000000 0.000000 223.300003 
0.000000 1.000000 0.000000 0.000000 
0.000000 0.000000 0.000000 1.000000 

0.000000 0.000000 -1.000000 156.099991 
-1.000000 0.000000 0.000000 223.300003 
0.000000 1.000000 0.000000 0.000000 
0.000000 0.000000 0.000000 1.000000 

0.000000 0.000000 -1.000000 156.099991 
-1.000000 0.000000 0.000000 223.300003 
0.000000 1.000000 0.000000 0.000000 
0.000000 0.000000 0.000000 1.000000 


                            < M A T L A B (R) >
                  Copyright 1984-2017 The MathWorks, Inc.
                   R2017b (9.3.0.713579) 64-bit (glnxa64)
                             September 14, 2017

 
To get started, type one of these: helpwin, helpdesk, or demo.
For product information, visit www.mathworks.com.
 
You are in the PSIR function
Phase data rescaled to radians (Assuming Siemens data range [0 4095])
320  320  224    2is the image dimension
 
 
 
The PSIR reconstruction is done.
/home/ccn30/rds/rds-p00500_encrypt-URQgmO1brZ0/p00500/ENCRYPT_images/32541/mp2rage/mag0000

                            < M A T L A B (R) >
                  Copyright 1984-2017 The MathWorks, Inc.
                   R2017b (9.3.0.713579) 64-bit (glnxa64)
                             September 14, 2017

 
To get started, type one of these: helpwin, helpdesk, or demo.
For product information, visit www.mathworks.com.
 
You are in the PSIR function


------------------------------------------------------------------------
13-Sep-2021 18:18:24 - Running job #1
------------------------------------------------------------------------
13-Sep-2021 18:18:24 - Running 'Segment'

SPM12: spm_preproc_run (v7408)                     18:18:24 - 13/09/2021
========================================================================
Segment /home/ccn30/rds/rds-p00500_encrypt-URQgmO1brZ0/p00500/ENCRYPT_images/32541/mp2rage/mag0000.img,1
Segment /home/ccn30/rds/rds-p00500_encrypt-URQgmO1brZ0/p00500/ENCRYPT_images/32541/mp2rage/mag0001.img,1
Completed                               :          18:24:28 - 13/09/2021
13-Sep-2021 18:24:28 - Done    'Segment'
13-Sep-2021 18:24:28 - Done

SPM is done...
STEP 1 COMPLETE
total 1244972
-rw-rw-r--  1 ccn30 ccn30       45875200 Sep 13 18:17 phas0001.img
-rw-rw-r--  1 ccn30 ccn30            352 Sep 13 18:17 phas0001.hdr
-rw-rw-r--  1 ccn30 ccn30       45875200 Sep 13 18:17 phas0000.img
-rw-rw-r--  1 ccn30 ccn30            352 Sep 13 18:17 phas0000.hdr
-rw-rw----+ 1 ccn30 wbic-p00500 91750752 Sep  2 13:53 mp2rage_phase.nii.gz
-rw-rw----+ 1 ccn30 wbic-p00500 91750752 Sep  2 13:53 mp2rage_magnitude.nii.gz
-rw-rw----+ 1 ccn30 wbic-p00500 91750752 Sep 13 18:24 mmag0001.nii
-rw-rw----+ 1 ccn30 wbic-p00500 91750752 Sep 13 18:20 mmag0000.nii
-rw-rw----+ 1 ccn30 wbic-p00500 91750752 Sep 13 18:24 mag0001_skull.nii
-rw-rw----+ 1 ccn30 wbic-p00500 91750752 Sep 13 18:24 mag0001_skull_mask.nii
-rw-rw----+ 1 ccn30 wbic-p00500  4332120 Sep 13 18:23 mag0001_seg8.mat
-rw-rw-r--  1 ccn30 ccn30       45875200 Sep 13 18:17 mag0001.img
-rw-rw-r--  1 ccn30 ccn30            352 Sep 13 18:17 mag0001.hdr
-rw-rw----+ 1 ccn30 wbic-p00500 45875552 Sep 13 18:24 mag0001_brain_skull.nii
-rw-rw----+ 1 ccn30 wbic-p00500 91750752 Sep 13 18:24 mag0001_brain.nii
-rw-rw----+ 1 ccn30 wbic-p00500 45875552 Sep 13 18:24 mag0001_brain_mask.nii
-rw-rw----+ 1 ccn30 wbic-p00500  4332120 Sep 13 18:19 mag0000_seg8.mat
-rw-rw----+ 1 ccn30 wbic-p00500 91750752 Sep 13 18:24 mag0000_PSIR_skulled.nii
-rw-rw----+ 1 ccn30 wbic-p00500 51360729 Sep 13 18:18 mag0000_PSIR.nii.gz
-rw-rw----+ 1 ccn30 wbic-p00500 60413457 Sep 13 18:17 mag0000_PD_smooth.nii.gz
-rw-rw----+ 1 ccn30 wbic-p00500 52649283 Sep 13 18:17 mag0000_MP2RAGE.nii.gz
-rw-rw-r--  1 ccn30 ccn30       45875200 Sep 13 18:17 mag0000.img
-rw-rw-r--  1 ccn30 ccn30            352 Sep 13 18:17 mag0000.hdr
-rw-rw----+ 1 ccn30 wbic-p00500 22937952 Sep 13 18:24 c3mag0001.nii
-rw-rw----+ 1 ccn30 wbic-p00500 22937952 Sep 13 18:20 c3mag0000.nii
-rw-rw----+ 1 ccn30 wbic-p00500 22937952 Sep 13 18:24 c2mag0001.nii
-rw-rw----+ 1 ccn30 wbic-p00500 22937952 Sep 13 18:20 c2mag0000.nii
-rw-rw----+ 1 ccn30 wbic-p00500 22937952 Sep 13 18:24 c1mag0001.nii
-rw-rw----+ 1 ccn30 wbic-p00500 22937952 Sep 13 18:20 c1mag0000.nii
drwxrws---+ 5 ccn30 wbic-p00500     4096 Sep  2 13:53 ..
drwxrws---+ 2 ccn30 wbic-p00500     4096 Sep 13 18:24 .
STEP 1.1 COMPLETE
total 1269552
-rw-rw-r--  1 ccn30 ccn30       45875200 Sep 13 18:17 phas0001.img
-rw-rw-r--  1 ccn30 ccn30            352 Sep 13 18:17 phas0001.hdr
-rw-rw-r--  1 ccn30 ccn30       45875200 Sep 13 18:17 phas0000.img
-rw-rw-r--  1 ccn30 ccn30            352 Sep 13 18:17 phas0000.hdr
-rw-rw----+ 1 ccn30 wbic-p00500 91750752 Sep  2 13:53 mp2rage_phase.nii.gz
-rw-rw----+ 1 ccn30 wbic-p00500 91750752 Sep  2 13:53 mp2rage_magnitude.nii.gz
-rw-rw----+ 1 ccn30 wbic-p00500 91750752 Sep 13 18:24 mmag0001.nii
-rw-rw----+ 1 ccn30 wbic-p00500 91750752 Sep 13 18:20 mmag0000.nii
-rw-rw----+ 1 ccn30 wbic-p00500 91750752 Sep 13 18:24 mag0001_skull.nii
-rw-rw----+ 1 ccn30 wbic-p00500 91750752 Sep 13 18:24 mag0001_skull_mask.nii
-rw-rw----+ 1 ccn30 wbic-p00500  4332120 Sep 13 18:23 mag0001_seg8.mat
-rw-rw-r--  1 ccn30 ccn30       45875200 Sep 13 18:17 mag0001.img
-rw-rw-r--  1 ccn30 ccn30            352 Sep 13 18:17 mag0001.hdr
-rw-rw----+ 1 ccn30 wbic-p00500 45875552 Sep 13 18:24 mag0001_brain_skull.nii
-rw-rw----+ 1 ccn30 wbic-p00500 91750752 Sep 13 18:24 mag0001_brain.nii
-rw-rw----+ 1 ccn30 wbic-p00500 45875552 Sep 13 18:24 mag0001_brain_mask.nii
-rw-rw----+ 1 ccn30 wbic-p00500  4332120 Sep 13 18:19 mag0000_seg8.mat
-rw-rw----+ 1 ccn30 wbic-p00500 52700517 Sep 13 18:24 mag0000_PSIR_skulled_std.nii.gz
-rw-rw----+ 1 ccn30 wbic-p00500 52845596 Sep 13 18:24 mag0000_PSIR_skulled.nii.gz
-rw-rw----+ 1 ccn30 wbic-p00500 51360729 Sep 13 18:18 mag0000_PSIR.nii.gz
-rw-rw----+ 1 ccn30 wbic-p00500 60413457 Sep 13 18:17 mag0000_PD_smooth.nii.gz
-rw-rw----+ 1 ccn30 wbic-p00500 52649283 Sep 13 18:17 mag0000_MP2RAGE.nii.gz
-rw-rw-r--  1 ccn30 ccn30       45875200 Sep 13 18:17 mag0000.img
-rw-rw-r--  1 ccn30 ccn30            352 Sep 13 18:17 mag0000.hdr
-rw-rw----+ 1 ccn30 wbic-p00500 22937952 Sep 13 18:24 c3mag0001.nii
-rw-rw----+ 1 ccn30 wbic-p00500 22937952 Sep 13 18:20 c3mag0000.nii
-rw-rw----+ 1 ccn30 wbic-p00500 22937952 Sep 13 18:24 c2mag0001.nii
-rw-rw----+ 1 ccn30 wbic-p00500 22937952 Sep 13 18:20 c2mag0000.nii
-rw-rw----+ 1 ccn30 wbic-p00500 22937952 Sep 13 18:24 c1mag0001.nii
-rw-rw----+ 1 ccn30 wbic-p00500 22937952 Sep 13 18:20 c1mag0000.nii
drwxrws---+ 5 ccn30 wbic-p00500     4096 Sep  2 13:53 ..
drwxrws---+ 2 ccn30 wbic-p00500     4096 Sep 13 18:24 .

Running N4 for 3-dimensional images.

Mask not read.  Creating Otsu mask.
Current level = 1
  Iteration 1 (of 50).   Current convergence value = 0.00079452 (threshold = 1e-06)
  Iteration 2 (of 50).   Current convergence value = 0.000785844 (threshold = 1e-06)
  Iteration 3 (of 50).   Current convergence value = 0.000776798 (threshold = 1e-06)
  Iteration 4 (of 50).   Current convergence value = 0.000766604 (threshold = 1e-06)
  Iteration 5 (of 50).   Current convergence value = 0.000757688 (threshold = 1e-06)
  Iteration 6 (of 50).   Current convergence value = 0.000748754 (threshold = 1e-06)
  Iteration 7 (of 50).   Current convergence value = 0.000740215 (threshold = 1e-06)
  Iteration 8 (of 50).   Current convergence value = 0.000732595 (threshold = 1e-06)
  Iteration 9 (of 50).   Current convergence value = 0.00072378 (threshold = 1e-06)
  Iteration 10 (of 50).   Current convergence value = 0.000715293 (threshold = 1e-06)
  Iteration 11 (of 50).   Current convergence value = 0.000707588 (threshold = 1e-06)
  Iteration 12 (of 50).   Current convergence value = 0.000699916 (threshold = 1e-06)
  Iteration 13 (of 50).   Current convergence value = 0.000693086 (threshold = 1e-06)
  Iteration 14 (of 50).   Current convergence value = 0.000686693 (threshold = 1e-06)
  Iteration 15 (of 50).   Current convergence value = 0.000679635 (threshold = 1e-06)
  Iteration 16 (of 50).   Current convergence value = 0.000672589 (threshold = 1e-06)
  Iteration 17 (of 50).   Current convergence value = 0.000665953 (threshold = 1e-06)
  Iteration 18 (of 50).   Current convergence value = 0.000659698 (threshold = 1e-06)
  Iteration 19 (of 50).   Current convergence value = 0.000652798 (threshold = 1e-06)
  Iteration 20 (of 50).   Current convergence value = 0.000646045 (threshold = 1e-06)
  Iteration 21 (of 50).   Current convergence value = 0.000639728 (threshold = 1e-06)
  Iteration 22 (of 50).   Current convergence value = 0.000633958 (threshold = 1e-06)
  Iteration 23 (of 50).   Current convergence value = 0.000627799 (threshold = 1e-06)
  Iteration 24 (of 50).   Current convergence value = 0.000621636 (threshold = 1e-06)
  Iteration 25 (of 50).   Current convergence value = 0.000615549 (threshold = 1e-06)
  Iteration 26 (of 50).   Current convergence value = 0.000610001 (threshold = 1e-06)
  Iteration 27 (of 50).   Current convergence value = 0.000604509 (threshold = 1e-06)
  Iteration 28 (of 50).   Current convergence value = 0.000599693 (threshold = 1e-06)
  Iteration 29 (of 50).   Current convergence value = 0.000594181 (threshold = 1e-06)
  Iteration 30 (of 50).   Current convergence value = 0.000589844 (threshold = 1e-06)
  Iteration 31 (of 50).   Current convergence value = 0.000584956 (threshold = 1e-06)
  Iteration 32 (of 50).   Current convergence value = 0.000580862 (threshold = 1e-06)
  Iteration 33 (of 50).   Current convergence value = 0.000576544 (threshold = 1e-06)
  Iteration 34 (of 50).   Current convergence value = 0.000572172 (threshold = 1e-06)
  Iteration 35 (of 50).   Current convergence value = 0.00056782 (threshold = 1e-06)
  Iteration 36 (of 50).   Current convergence value = 0.000563551 (threshold = 1e-06)
  Iteration 37 (of 50).   Current convergence value = 0.000559244 (threshold = 1e-06)
  Iteration 38 (of 50).   Current convergence value = 0.000555298 (threshold = 1e-06)
  Iteration 39 (of 50).   Current convergence value = 0.000551679 (threshold = 1e-06)
  Iteration 40 (of 50).   Current convergence value = 0.000548166 (threshold = 1e-06)
  Iteration 41 (of 50).   Current convergence value = 0.000544584 (threshold = 1e-06)
  Iteration 42 (of 50).   Current convergence value = 0.000541214 (threshold = 1e-06)
  Iteration 43 (of 50).   Current convergence value = 0.000537664 (threshold = 1e-06)
  Iteration 44 (of 50).   Current convergence value = 0.000534009 (threshold = 1e-06)
  Iteration 45 (of 50).   Current convergence value = 0.000530918 (threshold = 1e-06)
  Iteration 46 (of 50).   Current convergence value = 0.00052746 (threshold = 1e-06)
  Iteration 47 (of 50).   Current convergence value = 0.000523694 (threshold = 1e-06)
  Iteration 48 (of 50).   Current convergence value = 0.000519171 (threshold = 1e-06)
  Iteration 49 (of 50).   Current convergence value = 0.000515445 (threshold = 1e-06)
  Iteration 50 (of 50).   Current convergence value = 0.000511663 (threshold = 1e-06)
Current level = 2
  Iteration 1 (of 50).   Current convergence value = 0.000956993 (threshold = 1e-06)
  Iteration 2 (of 50).   Current convergence value = 0.00093312 (threshold = 1e-06)
  Iteration 3 (of 50).   Current convergence value = 0.000910568 (threshold = 1e-06)
  Iteration 4 (of 50).   Current convergence value = 0.000889834 (threshold = 1e-06)
  Iteration 5 (of 50).   Current convergence value = 0.000869588 (threshold = 1e-06)
  Iteration 6 (of 50).   Current convergence value = 0.000850966 (threshold = 1e-06)
  Iteration 7 (of 50).   Current convergence value = 0.000833236 (threshold = 1e-06)
  Iteration 8 (of 50).   Current convergence value = 0.000816699 (threshold = 1e-06)
  Iteration 9 (of 50).   Current convergence value = 0.000800924 (threshold = 1e-06)
  Iteration 10 (of 50).   Current convergence value = 0.000785239 (threshold = 1e-06)
  Iteration 11 (of 50).   Current convergence value = 0.000769381 (threshold = 1e-06)
  Iteration 12 (of 50).   Current convergence value = 0.000755592 (threshold = 1e-06)
  Iteration 13 (of 50).   Current convergence value = 0.000742722 (threshold = 1e-06)
  Iteration 14 (of 50).   Current convergence value = 0.000729472 (threshold = 1e-06)
  Iteration 15 (of 50).   Current convergence value = 0.000717311 (threshold = 1e-06)
  Iteration 16 (of 50).   Current convergence value = 0.000706047 (threshold = 1e-06)
  Iteration 17 (of 50).   Current convergence value = 0.000694754 (threshold = 1e-06)
  Iteration 18 (of 50).   Current convergence value = 0.00068482 (threshold = 1e-06)
  Iteration 19 (of 50).   Current convergence value = 0.000674959 (threshold = 1e-06)
  Iteration 20 (of 50).   Current convergence value = 0.000664773 (threshold = 1e-06)
  Iteration 21 (of 50).   Current convergence value = 0.000655793 (threshold = 1e-06)
  Iteration 22 (of 50).   Current convergence value = 0.00064716 (threshold = 1e-06)
  Iteration 23 (of 50).   Current convergence value = 0.000639104 (threshold = 1e-06)
  Iteration 24 (of 50).   Current convergence value = 0.000630729 (threshold = 1e-06)
  Iteration 25 (of 50).   Current convergence value = 0.000622881 (threshold = 1e-06)
  Iteration 26 (of 50).   Current convergence value = 0.000615648 (threshold = 1e-06)
  Iteration 27 (of 50).   Current convergence value = 0.000608222 (threshold = 1e-06)
  Iteration 28 (of 50).   Current convergence value = 0.000600786 (threshold = 1e-06)
  Iteration 29 (of 50).   Current convergence value = 0.000593939 (threshold = 1e-06)
  Iteration 30 (of 50).   Current convergence value = 0.000587716 (threshold = 1e-06)
  Iteration 31 (of 50).   Current convergence value = 0.000581349 (threshold = 1e-06)
  Iteration 32 (of 50).   Current convergence value = 0.000575842 (threshold = 1e-06)
  Iteration 33 (of 50).   Current convergence value = 0.000569424 (threshold = 1e-06)
  Iteration 34 (of 50).   Current convergence value = 0.000563645 (threshold = 1e-06)
  Iteration 35 (of 50).   Current convergence value = 0.00055827 (threshold = 1e-06)
  Iteration 36 (of 50).   Current convergence value = 0.000553496 (threshold = 1e-06)
  Iteration 37 (of 50).   Current convergence value = 0.000548136 (threshold = 1e-06)
  Iteration 38 (of 50).   Current convergence value = 0.000543364 (threshold = 1e-06)
  Iteration 39 (of 50).   Current convergence value = 0.000538732 (threshold = 1e-06)
  Iteration 40 (of 50).   Current convergence value = 0.000534246 (threshold = 1e-06)
  Iteration 41 (of 50).   Current convergence value = 0.00053007 (threshold = 1e-06)
  Iteration 42 (of 50).   Current convergence value = 0.000526542 (threshold = 1e-06)
  Iteration 43 (of 50).   Current convergence value = 0.00052288 (threshold = 1e-06)
  Iteration 44 (of 50).   Current convergence value = 0.000519445 (threshold = 1e-06)
  Iteration 45 (of 50).   Current convergence value = 0.000515489 (threshold = 1e-06)
  Iteration 46 (of 50).   Current convergence value = 0.00051218 (threshold = 1e-06)
  Iteration 47 (of 50).   Current convergence value = 0.000508218 (threshold = 1e-06)
  Iteration 48 (of 50).   Current convergence value = 0.000505374 (threshold = 1e-06)
  Iteration 49 (of 50).   Current convergence value = 0.000502686 (threshold = 1e-06)
  Iteration 50 (of 50).   Current convergence value = 0.000499733 (threshold = 1e-06)
Current level = 3
  Iteration 1 (of 30).   Current convergence value = 0.000999315 (threshold = 1e-06)
  Iteration 2 (of 30).   Current convergence value = 0.00096884 (threshold = 1e-06)
  Iteration 3 (of 30).   Current convergence value = 0.0009416 (threshold = 1e-06)
  Iteration 4 (of 30).   Current convergence value = 0.000915957 (threshold = 1e-06)
  Iteration 5 (of 30).   Current convergence value = 0.000893768 (threshold = 1e-06)
  Iteration 6 (of 30).   Current convergence value = 0.000874484 (threshold = 1e-06)
  Iteration 7 (of 30).   Current convergence value = 0.000857267 (threshold = 1e-06)
  Iteration 8 (of 30).   Current convergence value = 0.000841571 (threshold = 1e-06)
  Iteration 9 (of 30).   Current convergence value = 0.000826031 (threshold = 1e-06)
  Iteration 10 (of 30).   Current convergence value = 0.000814108 (threshold = 1e-06)
  Iteration 11 (of 30).   Current convergence value = 0.000802165 (threshold = 1e-06)
  Iteration 12 (of 30).   Current convergence value = 0.000791835 (threshold = 1e-06)
  Iteration 13 (of 30).   Current convergence value = 0.000782419 (threshold = 1e-06)
  Iteration 14 (of 30).   Current convergence value = 0.000773153 (threshold = 1e-06)
  Iteration 15 (of 30).   Current convergence value = 0.000764779 (threshold = 1e-06)
  Iteration 16 (of 30).   Current convergence value = 0.0007571 (threshold = 1e-06)
  Iteration 17 (of 30).   Current convergence value = 0.000749859 (threshold = 1e-06)
  Iteration 18 (of 30).   Current convergence value = 0.00074375 (threshold = 1e-06)
  Iteration 19 (of 30).   Current convergence value = 0.000737933 (threshold = 1e-06)
  Iteration 20 (of 30).   Current convergence value = 0.000731659 (threshold = 1e-06)
  Iteration 21 (of 30).   Current convergence value = 0.000726077 (threshold = 1e-06)
  Iteration 22 (of 30).   Current convergence value = 0.000719282 (threshold = 1e-06)
  Iteration 23 (of 30).   Current convergence value = 0.000712739 (threshold = 1e-06)
  Iteration 24 (of 30).   Current convergence value = 0.000707151 (threshold = 1e-06)
  Iteration 25 (of 30).   Current convergence value = 0.00070126 (threshold = 1e-06)
  Iteration 26 (of 30).   Current convergence value = 0.000694855 (threshold = 1e-06)
  Iteration 27 (of 30).   Current convergence value = 0.000687228 (threshold = 1e-06)
  Iteration 28 (of 30).   Current convergence value = 0.000680513 (threshold = 1e-06)
  Iteration 29 (of 30).   Current convergence value = 0.000673642 (threshold = 1e-06)
  Iteration 30 (of 30).   Current convergence value = 0.000666802 (threshold = 1e-06)
Current level = 4
  Iteration 1 (of 20).   Current convergence value = 0.00168443 (threshold = 1e-06)
  Iteration 2 (of 20).   Current convergence value = 0.001628 (threshold = 1e-06)
  Iteration 3 (of 20).   Current convergence value = 0.00157932 (threshold = 1e-06)
  Iteration 4 (of 20).   Current convergence value = 0.00153554 (threshold = 1e-06)
  Iteration 5 (of 20).   Current convergence value = 0.00149403 (threshold = 1e-06)
  Iteration 6 (of 20).   Current convergence value = 0.00145688 (threshold = 1e-06)
  Iteration 7 (of 20).   Current convergence value = 0.00142316 (threshold = 1e-06)
  Iteration 8 (of 20).   Current convergence value = 0.00138892 (threshold = 1e-06)
  Iteration 9 (of 20).   Current convergence value = 0.00135701 (threshold = 1e-06)
  Iteration 10 (of 20).   Current convergence value = 0.00132568 (threshold = 1e-06)
  Iteration 11 (of 20).   Current convergence value = 0.00129653 (threshold = 1e-06)
  Iteration 12 (of 20).   Current convergence value = 0.00126608 (threshold = 1e-06)
  Iteration 13 (of 20).   Current convergence value = 0.00123775 (threshold = 1e-06)
  Iteration 14 (of 20).   Current convergence value = 0.00120958 (threshold = 1e-06)
  Iteration 15 (of 20).   Current convergence value = 0.0011814 (threshold = 1e-06)
  Iteration 16 (of 20).   Current convergence value = 0.00115418 (threshold = 1e-06)
  Iteration 17 (of 20).   Current convergence value = 0.00112652 (threshold = 1e-06)
  Iteration 18 (of 20).   Current convergence value = 0.00109762 (threshold = 1e-06)
  Iteration 19 (of 20).   Current convergence value = 0.00107046 (threshold = 1e-06)
  Iteration 20 (of 20).   Current convergence value = 0.00104288 (threshold = 1e-06)
   N4BiasFieldCorrectionImageFilter (0x2f7e090)
     RTTI typeinfo:   itk::N4BiasFieldCorrectionImageFilter<itk::Image<float, 3u>, itk::Image<float, 3u>, itk::Image<float, 3u> >
     Reference Count: 1
     Modified Time: 813
     Debug: Off
     Object Name: 
     Observers: 
       IterationEvent(Command)
     Inputs: 
       Primary: (0x2f8e1c0) *
       _1: (0x2f8e840)
     Indexed Inputs: 
       0: Primary (0x2f8e1c0)
       1: _1 (0x2f8e840)
     Required Input Names: Primary
     NumberOfRequiredInputs: 1
     Outputs: 
       Primary: (0x2f82950)
     Indexed Outputs: 
       0: Primary (0x2f82950)
     NumberOfRequiredOutputs: 1
     Number Of Threads: 56
     ReleaseDataFlag: Off
     ReleaseDataBeforeUpdateFlag: Off
     AbortGenerateData: Off
     Progress: 0
     Multithreader: 
       RTTI typeinfo:   itk::MultiThreader
       Reference Count: 1
       Modified Time: 122
       Debug: Off
       Object Name: 
       Observers: 
         none
       Thread Count: 56
       Global Maximum Number Of Threads: 128
       Global Default Number Of Threads: 56
     CoordinateTolerance: 1e-06
     DirectionTolerance: 1e-06
     Mask label: 1
     Number of histogram bins: 200
     Wiener filter noise: 0.01
     Bias field FWHM: 0.15
     Maximum number of iterations: [50, 50, 30, 20]
     Convergence threshold: 1e-06
     Spline order: 3
     Number of fitting levels: [4, 4, 4]
     Number of control points: [4, 5, 5]
     CurrentConvergenceMeasurement: 0.00104288
     CurrentLevel: 4
     ElapsedIterations: 21
     LogBiasFieldControlPointLattice: 
       Image (0x2f880a0)
         RTTI typeinfo:   itk::Image<itk::Vector<float, 1u>, 3u>
         Reference Count: 1
         Modified Time: 137882502
         Debug: Off
         Object Name: 
         Observers: 
           none
         Source: (none)
         Source output name: (none)
         Release Data: Off
         Data Released: False
         Global Release Data: Off
         PipelineMTime: 0
         UpdateMTime: 0
         RealTimeStamp: 0 seconds 
         LargestPossibleRegion: 
           Dimension: 3
           Index: [0, 0, 0]
           Size: [11, 19, 19]
         BufferedRegion: 
           Dimension: 3
           Index: [0, 0, 0]
           Size: [11, 19, 19]
         RequestedRegion: 
           Dimension: 3
           Index: [0, 0, 0]
           Size: [11, 19, 19]
         Spacing: [24.5, 24.85, 24.85]
         Origin: [-24.5, 24.85, -24.85]
         Direction: 
1 0 0
0 -1 0
0 0 1

         IndexToPointMatrix: 
24.5 0 0
0 -24.85 0
0 0 24.85

         PointToIndexMatrix: 
0.0408163 0 0
0 -0.0402414 0
0 0 0.0402414

         Inverse Direction: 
1 0 0
0 -1 0
0 0 1

         PixelContainer: 
           ImportImageContainer (0x2f88360)
             RTTI typeinfo:   itk::ImportImageContainer<unsigned long, itk::Vector<float, 1u> >
             Reference Count: 1
             Modified Time: 137882503
             Debug: Off
             Object Name: 
             Observers: 
               none
             Pointer: 0x4585e70
             Container manages memory: true
             Size: 3971
             Capacity: 3971
Elapsed time: 101.177
STEP 2 COMPLETE
total 1351796
-rw-rw-r--  1 ccn30 ccn30       45875200 Sep 13 18:17 phas0001.img
-rw-rw-r--  1 ccn30 ccn30            352 Sep 13 18:17 phas0001.hdr
-rw-rw-r--  1 ccn30 ccn30       45875200 Sep 13 18:17 phas0000.img
-rw-rw-r--  1 ccn30 ccn30            352 Sep 13 18:17 phas0000.hdr
-rw-rw----+ 1 ccn30 wbic-p00500 52757405 Sep 13 18:26 n4mag0000_PSIR_skulled_std.nii.gz
-rw-rw----+ 1 ccn30 wbic-p00500 91750752 Sep  2 13:53 mp2rage_phase.nii.gz
-rw-rw----+ 1 ccn30 wbic-p00500 91750752 Sep  2 13:53 mp2rage_magnitude.nii.gz
-rw-rw----+ 1 ccn30 wbic-p00500 91750752 Sep 13 18:24 mmag0001.nii
-rw-rw----+ 1 ccn30 wbic-p00500 91750752 Sep 13 18:20 mmag0000.nii
-rw-rw----+ 1 ccn30 wbic-p00500 91750752 Sep 13 18:24 mag0001_skull.nii
-rw-rw----+ 1 ccn30 wbic-p00500 91750752 Sep 13 18:24 mag0001_skull_mask.nii
-rw-rw----+ 1 ccn30 wbic-p00500  4332120 Sep 13 18:23 mag0001_seg8.mat
-rw-rw-r--  1 ccn30 ccn30       45875200 Sep 13 18:17 mag0001.img
-rw-rw-r--  1 ccn30 ccn30            352 Sep 13 18:17 mag0001.hdr
-rw-rw----+ 1 ccn30 wbic-p00500 45875552 Sep 13 18:24 mag0001_brain_skull.nii
-rw-rw----+ 1 ccn30 wbic-p00500 91750752 Sep 13 18:24 mag0001_brain.nii
-rw-rw----+ 1 ccn30 wbic-p00500 45875552 Sep 13 18:24 mag0001_brain_mask.nii
-rw-rw----+ 1 ccn30 wbic-p00500  4332120 Sep 13 18:19 mag0000_seg8.mat
-rw-rw----+ 1 ccn30 wbic-p00500 52700517 Sep 13 18:24 mag0000_PSIR_skulled_std.nii.gz
-rw-rw----+ 1 ccn30 wbic-p00500 52845596 Sep 13 18:24 mag0000_PSIR_skulled.nii.gz
-rw-rw----+ 1 ccn30 wbic-p00500 51360729 Sep 13 18:18 mag0000_PSIR.nii.gz
-rw-rw----+ 1 ccn30 wbic-p00500 60413457 Sep 13 18:17 mag0000_PD_smooth.nii.gz
-rw-rw----+ 1 ccn30 wbic-p00500 52649283 Sep 13 18:17 mag0000_MP2RAGE.nii.gz
-rw-rw-r--  1 ccn30 ccn30       45875200 Sep 13 18:17 mag0000.img
-rw-rw-r--  1 ccn30 ccn30            352 Sep 13 18:17 mag0000.hdr
-rw-rw----+ 1 ccn30 wbic-p00500 22937952 Sep 13 18:24 c3mag0001.nii
-rw-rw----+ 1 ccn30 wbic-p00500 22937952 Sep 13 18:20 c3mag0000.nii
-rw-rw----+ 1 ccn30 wbic-p00500 22937952 Sep 13 18:24 c2mag0001.nii
-rw-rw----+ 1 ccn30 wbic-p00500 22937952 Sep 13 18:20 c2mag0000.nii
-rw-rw----+ 1 ccn30 wbic-p00500 22937952 Sep 13 18:24 c1mag0001.nii
-rw-rw----+ 1 ccn30 wbic-p00500 22937952 Sep 13 18:20 c1mag0000.nii
drwxrws---+ 5 ccn30 wbic-p00500     4096 Sep  2 13:53 ..
drwxrws---+ 2 ccn30 wbic-p00500     4096 Sep 13 18:26 .
STEP 3 COMPLETE
total 1388660
-rw-rw-r--  1 ccn30 ccn30       45875200 Sep 13 18:17 phas0001.img
-rw-rw-r--  1 ccn30 ccn30            352 Sep 13 18:17 phas0001.hdr
-rw-rw-r--  1 ccn30 ccn30       45875200 Sep 13 18:17 phas0000.img
-rw-rw-r--  1 ccn30 ccn30            352 Sep 13 18:17 phas0000.hdr
-rw-rw----+ 1 ccn30 wbic-p00500 91750752 Sep 13 18:26 n4mag0000_PSIR_skulled_std.nii
-rw-rw----+ 1 ccn30 wbic-p00500 91750752 Sep  2 13:53 mp2rage_phase.nii.gz
-rw-rw----+ 1 ccn30 wbic-p00500 91750752 Sep  2 13:53 mp2rage_magnitude.nii.gz
-rw-rw----+ 1 ccn30 wbic-p00500 91750752 Sep 13 18:24 mmag0001.nii
-rw-rw----+ 1 ccn30 wbic-p00500 91750752 Sep 13 18:20 mmag0000.nii
-rw-rw----+ 1 ccn30 wbic-p00500 91750752 Sep 13 18:24 mag0001_skull.nii
-rw-rw----+ 1 ccn30 wbic-p00500 91750752 Sep 13 18:24 mag0001_skull_mask.nii
-rw-rw----+ 1 ccn30 wbic-p00500  4332120 Sep 13 18:23 mag0001_seg8.mat
-rw-rw-r--  1 ccn30 ccn30       45875200 Sep 13 18:17 mag0001.img
-rw-rw-r--  1 ccn30 ccn30            352 Sep 13 18:17 mag0001.hdr
-rw-rw----+ 1 ccn30 wbic-p00500 45875552 Sep 13 18:24 mag0001_brain_skull.nii
-rw-rw----+ 1 ccn30 wbic-p00500 91750752 Sep 13 18:24 mag0001_brain.nii
-rw-rw----+ 1 ccn30 wbic-p00500 45875552 Sep 13 18:24 mag0001_brain_mask.nii
-rw-rw----+ 1 ccn30 wbic-p00500  4332120 Sep 13 18:19 mag0000_seg8.mat
-rw-rw----+ 1 ccn30 wbic-p00500 52700517 Sep 13 18:24 mag0000_PSIR_skulled_std.nii.gz
-rw-rw----+ 1 ccn30 wbic-p00500 52845596 Sep 13 18:24 mag0000_PSIR_skulled.nii.gz
-rw-rw----+ 1 ccn30 wbic-p00500 51360729 Sep 13 18:18 mag0000_PSIR.nii.gz
-rw-rw----+ 1 ccn30 wbic-p00500 60413457 Sep 13 18:17 mag0000_PD_smooth.nii.gz
-rw-rw----+ 1 ccn30 wbic-p00500 52649283 Sep 13 18:17 mag0000_MP2RAGE.nii.gz
-rw-rw-r--  1 ccn30 ccn30       45875200 Sep 13 18:17 mag0000.img
-rw-rw-r--  1 ccn30 ccn30            352 Sep 13 18:17 mag0000.hdr
-rw-rw----+ 1 ccn30 wbic-p00500 22937952 Sep 13 18:24 c3mag0001.nii
-rw-rw----+ 1 ccn30 wbic-p00500 22937952 Sep 13 18:20 c3mag0000.nii
-rw-rw----+ 1 ccn30 wbic-p00500 22937952 Sep 13 18:24 c2mag0001.nii
-rw-rw----+ 1 ccn30 wbic-p00500 22937952 Sep 13 18:20 c2mag0000.nii
-rw-rw----+ 1 ccn30 wbic-p00500 22937952 Sep 13 18:24 c1mag0001.nii
-rw-rw----+ 1 ccn30 wbic-p00500 22937952 Sep 13 18:20 c1mag0000.nii
drwxrws---+ 5 ccn30 wbic-p00500     4096 Sep  2 13:53 ..
drwxrws---+ 2 ccn30 wbic-p00500     4096 Sep 13 18:26 .

                            < M A T L A B (R) >
                  Copyright 1984-2017 The MathWorks, Inc.
                   R2017b (9.3.0.713579) 64-bit (glnxa64)
                             September 14, 2017

 
To get started, type one of these: helpwin, helpdesk, or demo.
For product information, visit www.mathworks.com.
 


------------------------------------------------------------------------
13-Sep-2021 18:27:17 - Running job #1
------------------------------------------------------------------------
13-Sep-2021 18:27:17 - Running 'Segment'

SPM12: spm_preproc_run (v7408)                     18:27:17 - 13/09/2021
========================================================================
Segment /home/ccn30/rds/rds-p00500_encrypt-URQgmO1brZ0/p00500/ENCRYPT_images/32541/mp2rage/n4mag0000_PSIR_skulled_std.nii,1
Completed                               :          18:30:36 - 13/09/2021
13-Sep-2021 18:30:36 - Done    'Segment'
13-Sep-2021 18:30:36 - Done

SPM segmentation is done...
STEP 4 COMPLETE
total 1498900
-rw-rw-r--  1 ccn30 ccn30       45875200 Sep 13 18:17 phas0001.img
-rw-rw-r--  1 ccn30 ccn30            352 Sep 13 18:17 phas0001.hdr
-rw-rw-r--  1 ccn30 ccn30       45875200 Sep 13 18:17 phas0000.img
-rw-rw-r--  1 ccn30 ccn30            352 Sep 13 18:17 phas0000.hdr
-rw-rw----+ 1 ccn30 wbic-p00500  4341760 Sep 13 18:28 n4mag0000_PSIR_skulled_std_seg8.mat
-rw-rw----+ 1 ccn30 wbic-p00500 91750752 Sep 13 18:26 n4mag0000_PSIR_skulled_std.nii
-rw-rw----+ 1 ccn30 wbic-p00500 91750752 Sep  2 13:53 mp2rage_phase.nii.gz
-rw-rw----+ 1 ccn30 wbic-p00500 91750752 Sep  2 13:53 mp2rage_magnitude.nii.gz
-rw-rw----+ 1 ccn30 wbic-p00500 91750752 Sep 13 18:24 mmag0001.nii
-rw-rw----+ 1 ccn30 wbic-p00500 91750752 Sep 13 18:20 mmag0000.nii
-rw-rw----+ 1 ccn30 wbic-p00500 91750752 Sep 13 18:24 mag0001_skull.nii
-rw-rw----+ 1 ccn30 wbic-p00500 91750752 Sep 13 18:24 mag0001_skull_mask.nii
-rw-rw----+ 1 ccn30 wbic-p00500  4332120 Sep 13 18:23 mag0001_seg8.mat
-rw-rw-r--  1 ccn30 ccn30       45875200 Sep 13 18:17 mag0001.img
-rw-rw-r--  1 ccn30 ccn30            352 Sep 13 18:17 mag0001.hdr
-rw-rw----+ 1 ccn30 wbic-p00500 45875552 Sep 13 18:24 mag0001_brain_skull.nii
-rw-rw----+ 1 ccn30 wbic-p00500 91750752 Sep 13 18:24 mag0001_brain.nii
-rw-rw----+ 1 ccn30 wbic-p00500 45875552 Sep 13 18:24 mag0001_brain_mask.nii
-rw-rw----+ 1 ccn30 wbic-p00500  4332120 Sep 13 18:19 mag0000_seg8.mat
-rw-rw----+ 1 ccn30 wbic-p00500 52700517 Sep 13 18:24 mag0000_PSIR_skulled_std.nii.gz
-rw-rw----+ 1 ccn30 wbic-p00500 52845596 Sep 13 18:24 mag0000_PSIR_skulled.nii.gz
-rw-rw----+ 1 ccn30 wbic-p00500 51360729 Sep 13 18:18 mag0000_PSIR.nii.gz
-rw-rw----+ 1 ccn30 wbic-p00500 60413457 Sep 13 18:17 mag0000_PD_smooth.nii.gz
-rw-rw----+ 1 ccn30 wbic-p00500 52649283 Sep 13 18:17 mag0000_MP2RAGE.nii.gz
-rw-rw-r--  1 ccn30 ccn30       45875200 Sep 13 18:17 mag0000.img
-rw-rw-r--  1 ccn30 ccn30            352 Sep 13 18:17 mag0000.hdr
-rw-rw----+ 1 ccn30 wbic-p00500 22937952 Sep 13 18:30 c5n4mag0000_PSIR_skulled_std.nii
-rw-rw----+ 1 ccn30 wbic-p00500 22937952 Sep 13 18:30 c4n4mag0000_PSIR_skulled_std.nii
-rw-rw----+ 1 ccn30 wbic-p00500 22937952 Sep 13 18:30 c3n4mag0000_PSIR_skulled_std.nii
-rw-rw----+ 1 ccn30 wbic-p00500 22937952 Sep 13 18:24 c3mag0001.nii
-rw-rw----+ 1 ccn30 wbic-p00500 22937952 Sep 13 18:20 c3mag0000.nii
-rw-rw----+ 1 ccn30 wbic-p00500 22937952 Sep 13 18:30 c2n4mag0000_PSIR_skulled_std.nii
-rw-rw----+ 1 ccn30 wbic-p00500 22937952 Sep 13 18:24 c2mag0001.nii
-rw-rw----+ 1 ccn30 wbic-p00500 22937952 Sep 13 18:20 c2mag0000.nii
-rw-rw----+ 1 ccn30 wbic-p00500 22937952 Sep 13 18:30 c1n4mag0000_PSIR_skulled_std.nii
-rw-rw----+ 1 ccn30 wbic-p00500 22937952 Sep 13 18:24 c1mag0001.nii
-rw-rw----+ 1 ccn30 wbic-p00500 22937952 Sep 13 18:20 c1mag0000.nii
drwxrws---+ 5 ccn30 wbic-p00500     4096 Sep  2 13:53 ..
drwxrws---+ 2 ccn30 wbic-p00500     4096 Sep 13 18:28 .

                            < M A T L A B (R) >
                  Copyright 1984-2017 The MathWorks, Inc.
                   R2017b (9.3.0.713579) 64-bit (glnxa64)
                             September 14, 2017

 
To get started, type one of these: helpwin, helpdesk, or demo.
For product information, visit www.mathworks.com.
 
Preparing data ...
Masking image 1 of 1 subjects ...
Finished skull stripping data.
STEP 5 COMPLETE
total 1594536
-rw-rw-r--  1 ccn30 ccn30       45875200 Sep 13 18:17 phas0001.img
-rw-rw-r--  1 ccn30 ccn30            352 Sep 13 18:17 phas0001.hdr
-rw-rw-r--  1 ccn30 ccn30       45875200 Sep 13 18:17 phas0000.img
-rw-rw-r--  1 ccn30 ccn30            352 Sep 13 18:17 phas0000.hdr
-rw-rw----+ 1 ccn30 wbic-p00500 91750752 Sep 13 18:31 n4mag0000_PSIR_skulled_std_struc_brain.nii
-rw-rw----+ 1 ccn30 wbic-p00500  4341760 Sep 13 18:28 n4mag0000_PSIR_skulled_std_seg8.mat
-rw-rw----+ 1 ccn30 wbic-p00500 91750752 Sep 13 18:26 n4mag0000_PSIR_skulled_std.nii
-rw-rw----+ 1 ccn30 wbic-p00500 91750752 Sep  2 13:53 mp2rage_phase.nii.gz
-rw-rw----+ 1 ccn30 wbic-p00500 91750752 Sep  2 13:53 mp2rage_magnitude.nii.gz
-rw-rw----+ 1 ccn30 wbic-p00500 91750752 Sep 13 18:24 mmag0001.nii
-rw-rw----+ 1 ccn30 wbic-p00500 91750752 Sep 13 18:20 mmag0000.nii
-rw-rw----+ 1 ccn30 wbic-p00500 91750752 Sep 13 18:24 mag0001_skull.nii
-rw-rw----+ 1 ccn30 wbic-p00500 91750752 Sep 13 18:24 mag0001_skull_mask.nii
-rw-rw----+ 1 ccn30 wbic-p00500  4332120 Sep 13 18:23 mag0001_seg8.mat
-rw-rw-r--  1 ccn30 ccn30       45875200 Sep 13 18:17 mag0001.img
-rw-rw-r--  1 ccn30 ccn30            352 Sep 13 18:17 mag0001.hdr
-rw-rw----+ 1 ccn30 wbic-p00500 45875552 Sep 13 18:24 mag0001_brain_skull.nii
-rw-rw----+ 1 ccn30 wbic-p00500 91750752 Sep 13 18:24 mag0001_brain.nii
-rw-rw----+ 1 ccn30 wbic-p00500 45875552 Sep 13 18:24 mag0001_brain_mask.nii
-rw-rw----+ 1 ccn30 wbic-p00500  4332120 Sep 13 18:19 mag0000_seg8.mat
-rw-rw----+ 1 ccn30 wbic-p00500 52700517 Sep 13 18:24 mag0000_PSIR_skulled_std.nii.gz
-rw-rw----+ 1 ccn30 wbic-p00500 52845596 Sep 13 18:24 mag0000_PSIR_skulled.nii.gz
-rw-rw----+ 1 ccn30 wbic-p00500 51360729 Sep 13 18:18 mag0000_PSIR.nii.gz
-rw-rw----+ 1 ccn30 wbic-p00500 60413457 Sep 13 18:17 mag0000_PD_smooth.nii.gz
-rw-rw----+ 1 ccn30 wbic-p00500 52649283 Sep 13 18:17 mag0000_MP2RAGE.nii.gz
-rw-rw-r--  1 ccn30 ccn30       45875200 Sep 13 18:17 mag0000.img
-rw-rw-r--  1 ccn30 ccn30            352 Sep 13 18:17 mag0000.hdr
-rw-rw----+ 1 ccn30 wbic-p00500 22937952 Sep 13 18:30 c5n4mag0000_PSIR_skulled_std.nii
-rw-rw----+ 1 ccn30 wbic-p00500 22937952 Sep 13 18:30 c4n4mag0000_PSIR_skulled_std.nii
-rw-rw----+ 1 ccn30 wbic-p00500 22937952 Sep 13 18:30 c3n4mag0000_PSIR_skulled_std.nii
-rw-rw----+ 1 ccn30 wbic-p00500 22937952 Sep 13 18:24 c3mag0001.nii
-rw-rw----+ 1 ccn30 wbic-p00500 22937952 Sep 13 18:20 c3mag0000.nii
-rw-rw----+ 1 ccn30 wbic-p00500 22937952 Sep 13 18:30 c2n4mag0000_PSIR_skulled_std.nii
-rw-rw----+ 1 ccn30 wbic-p00500 22937952 Sep 13 18:24 c2mag0001.nii
-rw-rw----+ 1 ccn30 wbic-p00500 22937952 Sep 13 18:20 c2mag0000.nii
-rw-rw----+ 1 ccn30 wbic-p00500 22937952 Sep 13 18:30 c1n4mag0000_PSIR_skulled_std.nii
-rw-rw----+ 1 ccn30 wbic-p00500 22937952 Sep 13 18:24 c1mag0001.nii
-rw-rw----+ 1 ccn30 wbic-p00500 22937952 Sep 13 18:20 c1mag0000.nii
drwxrws---+ 5 ccn30 wbic-p00500     4096 Sep  2 13:53 ..
drwxrws---+ 2 ccn30 wbic-p00500     4096 Sep 13 18:31 .
STEP 6 COMPLETE
total 1672364
-rw-rw-r--  1 ccn30 ccn30       45875200 Sep 13 18:17 phas0001.img
-rw-rw-r--  1 ccn30 ccn30            352 Sep 13 18:17 phas0001.hdr
-rw-rw-r--  1 ccn30 ccn30       45875200 Sep 13 18:17 phas0000.img
-rw-rw-r--  1 ccn30 ccn30            352 Sep 13 18:17 phas0000.hdr
-rw-rw----+ 1 ccn30 wbic-p00500 91750752 Sep 13 18:31 n4mag0000_PSIR_skulled_std_struc_brain.nii
-rw-rw----+ 1 ccn30 wbic-p00500 91750752 Sep 13 18:31 n4mag0000_PSIR_skulled_std_struc_brain_mask.nii
-rw-rw----+ 1 ccn30 wbic-p00500  4341760 Sep 13 18:28 n4mag0000_PSIR_skulled_std_seg8.mat
-rw-rw----+ 1 ccn30 wbic-p00500 91750752 Sep 13 18:26 n4mag0000_PSIR_skulled_std.nii
-rw-rw----+ 1 ccn30 wbic-p00500 91750752 Sep  2 13:53 mp2rage_phase.nii.gz
-rw-rw----+ 1 ccn30 wbic-p00500 91750752 Sep  2 13:53 mp2rage_magnitude.nii.gz
-rw-rw----+ 1 ccn30 wbic-p00500 91750752 Sep 13 18:24 mmag0001.nii
-rw-rw----+ 1 ccn30 wbic-p00500 91750752 Sep 13 18:20 mmag0000.nii
-rw-rw----+ 1 ccn30 wbic-p00500 91750752 Sep 13 18:24 mag0001_skull.nii
-rw-rw----+ 1 ccn30 wbic-p00500 91750752 Sep 13 18:24 mag0001_skull_mask.nii
-rw-rw----+ 1 ccn30 wbic-p00500  4332120 Sep 13 18:23 mag0001_seg8.mat
-rw-rw-r--  1 ccn30 ccn30       45875200 Sep 13 18:17 mag0001.img
-rw-rw-r--  1 ccn30 ccn30            352 Sep 13 18:17 mag0001.hdr
-rw-rw----+ 1 ccn30 wbic-p00500 45875552 Sep 13 18:24 mag0001_brain_skull.nii
-rw-rw----+ 1 ccn30 wbic-p00500 91750752 Sep 13 18:24 mag0001_brain.nii
-rw-rw----+ 1 ccn30 wbic-p00500 45875552 Sep 13 18:24 mag0001_brain_mask.nii
-rw-rw----+ 1 ccn30 wbic-p00500  4332120 Sep 13 18:19 mag0000_seg8.mat
-rw-rw----+ 1 ccn30 wbic-p00500 52700517 Sep 13 18:24 mag0000_PSIR_skulled_std.nii.gz
-rw-rw----+ 1 ccn30 wbic-p00500 52845596 Sep 13 18:24 mag0000_PSIR_skulled.nii.gz
-rw-rw----+ 1 ccn30 wbic-p00500 51360729 Sep 13 18:18 mag0000_PSIR.nii.gz
-rw-rw----+ 1 ccn30 wbic-p00500 60413457 Sep 13 18:17 mag0000_PD_smooth.nii.gz
-rw-rw----+ 1 ccn30 wbic-p00500 52649283 Sep 13 18:17 mag0000_MP2RAGE.nii.gz
-rw-rw-r--  1 ccn30 ccn30       45875200 Sep 13 18:17 mag0000.img
-rw-rw-r--  1 ccn30 ccn30            352 Sep 13 18:17 mag0000.hdr
-rw-rw----+ 1 ccn30 wbic-p00500 22937952 Sep 13 18:30 c5n4mag0000_PSIR_skulled_std.nii
-rw-rw----+ 1 ccn30 wbic-p00500 22937952 Sep 13 18:30 c4n4mag0000_PSIR_skulled_std.nii
-rw-rw----+ 1 ccn30 wbic-p00500 22937952 Sep 13 18:30 c3n4mag0000_PSIR_skulled_std.nii
-rw-rw----+ 1 ccn30 wbic-p00500 22937952 Sep 13 18:24 c3mag0001.nii
-rw-rw----+ 1 ccn30 wbic-p00500 22937952 Sep 13 18:20 c3mag0000.nii
-rw-rw----+ 1 ccn30 wbic-p00500 22937952 Sep 13 18:30 c2n4mag0000_PSIR_skulled_std.nii
-rw-rw----+ 1 ccn30 wbic-p00500 22937952 Sep 13 18:24 c2mag0001.nii
-rw-rw----+ 1 ccn30 wbic-p00500 22937952 Sep 13 18:20 c2mag0000.nii
-rw-rw----+ 1 ccn30 wbic-p00500 22937952 Sep 13 18:30 c1n4mag0000_PSIR_skulled_std.nii
-rw-rw----+ 1 ccn30 wbic-p00500 22937952 Sep 13 18:24 c1mag0001.nii
-rw-rw----+ 1 ccn30 wbic-p00500 22937952 Sep 13 18:20 c1mag0000.nii
drwxrws---+ 5 ccn30 wbic-p00500     4096 Sep  2 13:53 ..
drwxrws---+ 2 ccn30 wbic-p00500     4096 Sep 13 18:31 .
