This is job 32
Time: Mon 13 Sep 18:17:20 BST 2021
Running on master node: cpu-p-181
Current directory: /rds/user/ccn30/hpc-work/WBIC_lustre/ENCRYPT/scripts/ImagePrep/mp2rage/slurmoutputs
Changed directory to /home/ccn30/rds/hpc-work/WBIC_lustre/ENCRYPT/scripts/ImagePrep/mp2rage/slurmoutputs.

JobID: 46418942
======
Time: Mon 13 Sep 18:17:20 BST 2021
Running on master node: cpu-p-181
Current directory: /home/ccn30/rds/hpc-work/WBIC_lustre/ENCRYPT/scripts/ImagePrep/mp2rage/slurmoutputs

Nodes allocated:
================
cpu-p-181

numtasks=, numnodes=, mpi_tasks_per_node= (OMP_NUM_THREADS=1)

Executing command:
==================
/home/ccn30/rds/hpc-work/WBIC_lustre/ENCRYPT/scripts/ImagePrep/mp2rage/mp2rage_processing.sh /home/ccn30/rds/hpc-work/WBIC_lustre/ENCRYPT/ENCRYPT_MasterRIScodes.txt 32 /home/ccn30/rds/hpc-work/WBIC_lustre/ENCRYPT/scripts/ImagePrep/mp2rage /usr/local/Cluster-Apps/matlab/R2017b /usr/local/software/spm/spm12 /home/ccn30/rds/rds-p00500_encrypt-URQgmO1brZ0/p00500/ENCRYPT_images /usr/local/Cluster-Apps/fsl/5.0.8/fsl

Starting 32102
/home/ccn30/rds/rds-p00500_encrypt-URQgmO1brZ0/p00500/ENCRYPT_images/32102/mp2rage
STARTING mp2rage PREPROCESSING
total 338804
-rw-rw----+ 1 ccn30 wbic-p00500 45875552 Sep 13 18:17 phas0001.nii
-rw-rw----+ 1 ccn30 wbic-p00500 45875552 Sep 13 18:17 phas0000.nii
-rw-rw----+ 1 ccn30 wbic-p00500 91750752 Sep  2 13:53 mp2rage_phase.nii.gz
-rw-rw----+ 1 ccn30 wbic-p00500 91750752 Sep  2 13:53 mp2rage_magnitude.nii.gz
-rw-rw----+ 1 ccn30 wbic-p00500 45875552 Sep 13 18:17 mag0001.nii
-rw-rw----+ 1 ccn30 wbic-p00500 45875552 Sep 13 18:17 mag0000.nii
drwxrws---+ 5 ccn30 wbic-p00500     4096 Sep  2 13:53 ..
drwxrws---+ 2 ccn30 wbic-p00500     4096 Sep 13 18:17 .
The folder where the PSIR is is /home/ccn30/rds/rds-p00500_encrypt-URQgmO1brZ0/p00500/ENCRYPT_images/32102/mp2rage
The script directory is /home/ccn30/rds/hpc-work/WBIC_lustre/ENCRYPT/scripts/ImagePrep/mp2rage
The SPM directory is /usr/local/software/spm/spm12
/home/ccn30/rds/rds-p00500_encrypt-URQgmO1brZ0/p00500/ENCRYPT_images/32102/mp2rage/mag0000 and /home/ccn30/rds/rds-p00500_encrypt-URQgmO1brZ0/p00500/ENCRYPT_images/32102/mp2rage/mag0001 and /home/ccn30/rds/rds-p00500_encrypt-URQgmO1brZ0/p00500/ENCRYPT_images/32102/mp2rage/phas0000 and /home/ccn30/rds/rds-p00500_encrypt-URQgmO1brZ0/p00500/ENCRYPT_images/32102/mp2rage/phas0001 are the files selected
0.000000 0.000000 -1.000000 156.099991 
-1.000000 0.000000 0.000000 223.300003 
0.000000 1.000000 0.000000 0.000000 
0.000000 0.000000 0.000000 1.000000 

0.000000 0.000000 -1.000000 156.099991 
-1.000000 0.000000 0.000000 223.300003 
0.000000 1.000000 0.000000 0.000000 
0.000000 0.000000 0.000000 1.000000 

0.000000 0.000000 -1.000000 156.099991 
-1.000000 0.000000 0.000000 223.300003 
0.000000 1.000000 0.000000 0.000000 
0.000000 0.000000 0.000000 1.000000 

0.000000 0.000000 -1.000000 156.099991 
-1.000000 0.000000 0.000000 223.300003 
0.000000 1.000000 0.000000 0.000000 
0.000000 0.000000 0.000000 1.000000 


                            < M A T L A B (R) >
                  Copyright 1984-2017 The MathWorks, Inc.
                   R2017b (9.3.0.713579) 64-bit (glnxa64)
                             September 14, 2017

 
To get started, type one of these: helpwin, helpdesk, or demo.
For product information, visit www.mathworks.com.
 
You are in the PSIR function
Phase data rescaled to radians (Assuming Siemens data range [0 4095])
320  320  224    2is the image dimension
 
 
 
The PSIR reconstruction is done.
/home/ccn30/rds/rds-p00500_encrypt-URQgmO1brZ0/p00500/ENCRYPT_images/32102/mp2rage/mag0000

                            < M A T L A B (R) >
                  Copyright 1984-2017 The MathWorks, Inc.
                   R2017b (9.3.0.713579) 64-bit (glnxa64)
                             September 14, 2017

 
To get started, type one of these: helpwin, helpdesk, or demo.
For product information, visit www.mathworks.com.
 
You are in the PSIR function


------------------------------------------------------------------------
13-Sep-2021 18:18:25 - Running job #1
------------------------------------------------------------------------
13-Sep-2021 18:18:25 - Running 'Segment'

SPM12: spm_preproc_run (v7408)                     18:18:25 - 13/09/2021
========================================================================
Segment /home/ccn30/rds/rds-p00500_encrypt-URQgmO1brZ0/p00500/ENCRYPT_images/32102/mp2rage/mag0000.img,1
Segment /home/ccn30/rds/rds-p00500_encrypt-URQgmO1brZ0/p00500/ENCRYPT_images/32102/mp2rage/mag0001.img,1
Completed                               :          18:23:08 - 13/09/2021
13-Sep-2021 18:23:08 - Done    'Segment'
13-Sep-2021 18:23:08 - Done

SPM is done...
STEP 1 COMPLETE
total 1242716
-rw-rw-r--  1 ccn30 ccn30       45875200 Sep 13 18:17 phas0001.img
-rw-rw-r--  1 ccn30 ccn30            352 Sep 13 18:17 phas0001.hdr
-rw-rw-r--  1 ccn30 ccn30       45875200 Sep 13 18:17 phas0000.img
-rw-rw-r--  1 ccn30 ccn30            352 Sep 13 18:17 phas0000.hdr
-rw-rw----+ 1 ccn30 wbic-p00500 91750752 Sep  2 13:53 mp2rage_phase.nii.gz
-rw-rw----+ 1 ccn30 wbic-p00500 91750752 Sep  2 13:53 mp2rage_magnitude.nii.gz
-rw-rw----+ 1 ccn30 wbic-p00500 91750752 Sep 13 18:22 mmag0001.nii
-rw-rw----+ 1 ccn30 wbic-p00500 91750752 Sep 13 18:20 mmag0000.nii
-rw-rw----+ 1 ccn30 wbic-p00500 91750752 Sep 13 18:23 mag0001_skull.nii
-rw-rw----+ 1 ccn30 wbic-p00500 91750752 Sep 13 18:23 mag0001_skull_mask.nii
-rw-rw----+ 1 ccn30 wbic-p00500  4332120 Sep 13 18:22 mag0001_seg8.mat
-rw-rw-r--  1 ccn30 ccn30       45875200 Sep 13 18:17 mag0001.img
-rw-rw-r--  1 ccn30 ccn30            352 Sep 13 18:17 mag0001.hdr
-rw-rw----+ 1 ccn30 wbic-p00500 45875552 Sep 13 18:23 mag0001_brain_skull.nii
-rw-rw----+ 1 ccn30 wbic-p00500 91750752 Sep 13 18:23 mag0001_brain.nii
-rw-rw----+ 1 ccn30 wbic-p00500 45875552 Sep 13 18:23 mag0001_brain_mask.nii
-rw-rw----+ 1 ccn30 wbic-p00500  4332120 Sep 13 18:19 mag0000_seg8.mat
-rw-rw----+ 1 ccn30 wbic-p00500 91750752 Sep 13 18:23 mag0000_PSIR_skulled.nii
-rw-rw----+ 1 ccn30 wbic-p00500 49080737 Sep 13 18:18 mag0000_PSIR.nii.gz
-rw-rw----+ 1 ccn30 wbic-p00500 58681109 Sep 13 18:17 mag0000_PD_smooth.nii.gz
-rw-rw----+ 1 ccn30 wbic-p00500 50166098 Sep 13 18:18 mag0000_MP2RAGE.nii.gz
-rw-rw-r--  1 ccn30 ccn30       45875200 Sep 13 18:17 mag0000.img
-rw-rw-r--  1 ccn30 ccn30            352 Sep 13 18:17 mag0000.hdr
-rw-rw----+ 1 ccn30 wbic-p00500 22937952 Sep 13 18:23 c3mag0001.nii
-rw-rw----+ 1 ccn30 wbic-p00500 22937952 Sep 13 18:20 c3mag0000.nii
-rw-rw----+ 1 ccn30 wbic-p00500 22937952 Sep 13 18:23 c2mag0001.nii
-rw-rw----+ 1 ccn30 wbic-p00500 22937952 Sep 13 18:20 c2mag0000.nii
-rw-rw----+ 1 ccn30 wbic-p00500 22937952 Sep 13 18:23 c1mag0001.nii
-rw-rw----+ 1 ccn30 wbic-p00500 22937952 Sep 13 18:20 c1mag0000.nii
drwxrws---+ 5 ccn30 wbic-p00500     4096 Sep  2 13:53 ..
drwxrws---+ 2 ccn30 wbic-p00500     4096 Sep 13 18:23 .
STEP 1.1 COMPLETE
total 1267296
-rw-rw-r--  1 ccn30 ccn30       45875200 Sep 13 18:17 phas0001.img
-rw-rw-r--  1 ccn30 ccn30            352 Sep 13 18:17 phas0001.hdr
-rw-rw-r--  1 ccn30 ccn30       45875200 Sep 13 18:17 phas0000.img
-rw-rw-r--  1 ccn30 ccn30            352 Sep 13 18:17 phas0000.hdr
-rw-rw----+ 1 ccn30 wbic-p00500 91750752 Sep  2 13:53 mp2rage_phase.nii.gz
-rw-rw----+ 1 ccn30 wbic-p00500 91750752 Sep  2 13:53 mp2rage_magnitude.nii.gz
-rw-rw----+ 1 ccn30 wbic-p00500 91750752 Sep 13 18:22 mmag0001.nii
-rw-rw----+ 1 ccn30 wbic-p00500 91750752 Sep 13 18:20 mmag0000.nii
-rw-rw----+ 1 ccn30 wbic-p00500 91750752 Sep 13 18:23 mag0001_skull.nii
-rw-rw----+ 1 ccn30 wbic-p00500 91750752 Sep 13 18:23 mag0001_skull_mask.nii
-rw-rw----+ 1 ccn30 wbic-p00500  4332120 Sep 13 18:22 mag0001_seg8.mat
-rw-rw-r--  1 ccn30 ccn30       45875200 Sep 13 18:17 mag0001.img
-rw-rw-r--  1 ccn30 ccn30            352 Sep 13 18:17 mag0001.hdr
-rw-rw----+ 1 ccn30 wbic-p00500 45875552 Sep 13 18:23 mag0001_brain_skull.nii
-rw-rw----+ 1 ccn30 wbic-p00500 91750752 Sep 13 18:23 mag0001_brain.nii
-rw-rw----+ 1 ccn30 wbic-p00500 45875552 Sep 13 18:23 mag0001_brain_mask.nii
-rw-rw----+ 1 ccn30 wbic-p00500  4332120 Sep 13 18:19 mag0000_seg8.mat
-rw-rw----+ 1 ccn30 wbic-p00500 51375944 Sep 13 18:23 mag0000_PSIR_skulled_std.nii.gz
-rw-rw----+ 1 ccn30 wbic-p00500 51642831 Sep 13 18:23 mag0000_PSIR_skulled.nii.gz
-rw-rw----+ 1 ccn30 wbic-p00500 49080737 Sep 13 18:18 mag0000_PSIR.nii.gz
-rw-rw----+ 1 ccn30 wbic-p00500 58681109 Sep 13 18:17 mag0000_PD_smooth.nii.gz
-rw-rw----+ 1 ccn30 wbic-p00500 50166098 Sep 13 18:18 mag0000_MP2RAGE.nii.gz
-rw-rw-r--  1 ccn30 ccn30       45875200 Sep 13 18:17 mag0000.img
-rw-rw-r--  1 ccn30 ccn30            352 Sep 13 18:17 mag0000.hdr
-rw-rw----+ 1 ccn30 wbic-p00500 22937952 Sep 13 18:23 c3mag0001.nii
-rw-rw----+ 1 ccn30 wbic-p00500 22937952 Sep 13 18:20 c3mag0000.nii
-rw-rw----+ 1 ccn30 wbic-p00500 22937952 Sep 13 18:23 c2mag0001.nii
-rw-rw----+ 1 ccn30 wbic-p00500 22937952 Sep 13 18:20 c2mag0000.nii
-rw-rw----+ 1 ccn30 wbic-p00500 22937952 Sep 13 18:23 c1mag0001.nii
-rw-rw----+ 1 ccn30 wbic-p00500 22937952 Sep 13 18:20 c1mag0000.nii
drwxrws---+ 5 ccn30 wbic-p00500     4096 Sep  2 13:53 ..
drwxrws---+ 2 ccn30 wbic-p00500     4096 Sep 13 18:23 .

Running N4 for 3-dimensional images.

Mask not read.  Creating Otsu mask.
Current level = 1
  Iteration 1 (of 50).   Current convergence value = 0.000543781 (threshold = 1e-06)
  Iteration 2 (of 50).   Current convergence value = 0.000540259 (threshold = 1e-06)
  Iteration 3 (of 50).   Current convergence value = 0.000536471 (threshold = 1e-06)
  Iteration 4 (of 50).   Current convergence value = 0.000532515 (threshold = 1e-06)
  Iteration 5 (of 50).   Current convergence value = 0.000528587 (threshold = 1e-06)
  Iteration 6 (of 50).   Current convergence value = 0.000524704 (threshold = 1e-06)
  Iteration 7 (of 50).   Current convergence value = 0.000520877 (threshold = 1e-06)
  Iteration 8 (of 50).   Current convergence value = 0.000517074 (threshold = 1e-06)
  Iteration 9 (of 50).   Current convergence value = 0.000513542 (threshold = 1e-06)
  Iteration 10 (of 50).   Current convergence value = 0.000509797 (threshold = 1e-06)
  Iteration 11 (of 50).   Current convergence value = 0.000505972 (threshold = 1e-06)
  Iteration 12 (of 50).   Current convergence value = 0.000502342 (threshold = 1e-06)
  Iteration 13 (of 50).   Current convergence value = 0.000498546 (threshold = 1e-06)
  Iteration 14 (of 50).   Current convergence value = 0.000494654 (threshold = 1e-06)
  Iteration 15 (of 50).   Current convergence value = 0.000490874 (threshold = 1e-06)
  Iteration 16 (of 50).   Current convergence value = 0.000487302 (threshold = 1e-06)
  Iteration 17 (of 50).   Current convergence value = 0.000483095 (threshold = 1e-06)
  Iteration 18 (of 50).   Current convergence value = 0.000479688 (threshold = 1e-06)
  Iteration 19 (of 50).   Current convergence value = 0.00047632 (threshold = 1e-06)
  Iteration 20 (of 50).   Current convergence value = 0.000472635 (threshold = 1e-06)
  Iteration 21 (of 50).   Current convergence value = 0.000469197 (threshold = 1e-06)
  Iteration 22 (of 50).   Current convergence value = 0.000466047 (threshold = 1e-06)
  Iteration 23 (of 50).   Current convergence value = 0.000462873 (threshold = 1e-06)
  Iteration 24 (of 50).   Current convergence value = 0.000459336 (threshold = 1e-06)
  Iteration 25 (of 50).   Current convergence value = 0.000456206 (threshold = 1e-06)
  Iteration 26 (of 50).   Current convergence value = 0.000452765 (threshold = 1e-06)
  Iteration 27 (of 50).   Current convergence value = 0.000449416 (threshold = 1e-06)
  Iteration 28 (of 50).   Current convergence value = 0.00044615 (threshold = 1e-06)
  Iteration 29 (of 50).   Current convergence value = 0.000442941 (threshold = 1e-06)
  Iteration 30 (of 50).   Current convergence value = 0.00043996 (threshold = 1e-06)
  Iteration 31 (of 50).   Current convergence value = 0.000436863 (threshold = 1e-06)
  Iteration 32 (of 50).   Current convergence value = 0.000434126 (threshold = 1e-06)
  Iteration 33 (of 50).   Current convergence value = 0.000431232 (threshold = 1e-06)
  Iteration 34 (of 50).   Current convergence value = 0.000428174 (threshold = 1e-06)
  Iteration 35 (of 50).   Current convergence value = 0.000425106 (threshold = 1e-06)
  Iteration 36 (of 50).   Current convergence value = 0.000422002 (threshold = 1e-06)
  Iteration 37 (of 50).   Current convergence value = 0.000419098 (threshold = 1e-06)
  Iteration 38 (of 50).   Current convergence value = 0.000416166 (threshold = 1e-06)
  Iteration 39 (of 50).   Current convergence value = 0.000413338 (threshold = 1e-06)
  Iteration 40 (of 50).   Current convergence value = 0.000410713 (threshold = 1e-06)
  Iteration 41 (of 50).   Current convergence value = 0.000408009 (threshold = 1e-06)
  Iteration 42 (of 50).   Current convergence value = 0.000405151 (threshold = 1e-06)
  Iteration 43 (of 50).   Current convergence value = 0.000402759 (threshold = 1e-06)
  Iteration 44 (of 50).   Current convergence value = 0.000399909 (threshold = 1e-06)
  Iteration 45 (of 50).   Current convergence value = 0.000397385 (threshold = 1e-06)
  Iteration 46 (of 50).   Current convergence value = 0.000394883 (threshold = 1e-06)
  Iteration 47 (of 50).   Current convergence value = 0.000392183 (threshold = 1e-06)
  Iteration 48 (of 50).   Current convergence value = 0.000389575 (threshold = 1e-06)
  Iteration 49 (of 50).   Current convergence value = 0.00038703 (threshold = 1e-06)
  Iteration 50 (of 50).   Current convergence value = 0.000384533 (threshold = 1e-06)
Current level = 2
  Iteration 1 (of 50).   Current convergence value = 0.000935176 (threshold = 1e-06)
  Iteration 2 (of 50).   Current convergence value = 0.000915795 (threshold = 1e-06)
  Iteration 3 (of 50).   Current convergence value = 0.000898411 (threshold = 1e-06)
  Iteration 4 (of 50).   Current convergence value = 0.000881127 (threshold = 1e-06)
  Iteration 5 (of 50).   Current convergence value = 0.00086368 (threshold = 1e-06)
  Iteration 6 (of 50).   Current convergence value = 0.000848256 (threshold = 1e-06)
  Iteration 7 (of 50).   Current convergence value = 0.000832786 (threshold = 1e-06)
  Iteration 8 (of 50).   Current convergence value = 0.000818579 (threshold = 1e-06)
  Iteration 9 (of 50).   Current convergence value = 0.000804601 (threshold = 1e-06)
  Iteration 10 (of 50).   Current convergence value = 0.00079095 (threshold = 1e-06)
  Iteration 11 (of 50).   Current convergence value = 0.000777537 (threshold = 1e-06)
  Iteration 12 (of 50).   Current convergence value = 0.000764311 (threshold = 1e-06)
  Iteration 13 (of 50).   Current convergence value = 0.000751705 (threshold = 1e-06)
  Iteration 14 (of 50).   Current convergence value = 0.00073973 (threshold = 1e-06)
  Iteration 15 (of 50).   Current convergence value = 0.000728385 (threshold = 1e-06)
  Iteration 16 (of 50).   Current convergence value = 0.000716818 (threshold = 1e-06)
  Iteration 17 (of 50).   Current convergence value = 0.000706065 (threshold = 1e-06)
  Iteration 18 (of 50).   Current convergence value = 0.000695869 (threshold = 1e-06)
  Iteration 19 (of 50).   Current convergence value = 0.000685912 (threshold = 1e-06)
  Iteration 20 (of 50).   Current convergence value = 0.00067595 (threshold = 1e-06)
  Iteration 21 (of 50).   Current convergence value = 0.000666776 (threshold = 1e-06)
  Iteration 22 (of 50).   Current convergence value = 0.000657426 (threshold = 1e-06)
  Iteration 23 (of 50).   Current convergence value = 0.000649209 (threshold = 1e-06)
  Iteration 24 (of 50).   Current convergence value = 0.000640796 (threshold = 1e-06)
  Iteration 25 (of 50).   Current convergence value = 0.000632418 (threshold = 1e-06)
  Iteration 26 (of 50).   Current convergence value = 0.000624812 (threshold = 1e-06)
  Iteration 27 (of 50).   Current convergence value = 0.000617221 (threshold = 1e-06)
  Iteration 28 (of 50).   Current convergence value = 0.000610104 (threshold = 1e-06)
  Iteration 29 (of 50).   Current convergence value = 0.000602921 (threshold = 1e-06)
  Iteration 30 (of 50).   Current convergence value = 0.000595807 (threshold = 1e-06)
  Iteration 31 (of 50).   Current convergence value = 0.00058928 (threshold = 1e-06)
  Iteration 32 (of 50).   Current convergence value = 0.000583646 (threshold = 1e-06)
  Iteration 33 (of 50).   Current convergence value = 0.000576447 (threshold = 1e-06)
  Iteration 34 (of 50).   Current convergence value = 0.000570098 (threshold = 1e-06)
  Iteration 35 (of 50).   Current convergence value = 0.000564415 (threshold = 1e-06)
  Iteration 36 (of 50).   Current convergence value = 0.000558611 (threshold = 1e-06)
  Iteration 37 (of 50).   Current convergence value = 0.00055335 (threshold = 1e-06)
  Iteration 38 (of 50).   Current convergence value = 0.000548533 (threshold = 1e-06)
  Iteration 39 (of 50).   Current convergence value = 0.000542838 (threshold = 1e-06)
  Iteration 40 (of 50).   Current convergence value = 0.000538361 (threshold = 1e-06)
  Iteration 41 (of 50).   Current convergence value = 0.000533415 (threshold = 1e-06)
  Iteration 42 (of 50).   Current convergence value = 0.000528431 (threshold = 1e-06)
  Iteration 43 (of 50).   Current convergence value = 0.000523445 (threshold = 1e-06)
  Iteration 44 (of 50).   Current convergence value = 0.000519051 (threshold = 1e-06)
  Iteration 45 (of 50).   Current convergence value = 0.000514539 (threshold = 1e-06)
  Iteration 46 (of 50).   Current convergence value = 0.000509937 (threshold = 1e-06)
  Iteration 47 (of 50).   Current convergence value = 0.000505809 (threshold = 1e-06)
  Iteration 48 (of 50).   Current convergence value = 0.000501701 (threshold = 1e-06)
  Iteration 49 (of 50).   Current convergence value = 0.000497646 (threshold = 1e-06)
  Iteration 50 (of 50).   Current convergence value = 0.000493818 (threshold = 1e-06)
Current level = 3
  Iteration 1 (of 30).   Current convergence value = 0.000942746 (threshold = 1e-06)
  Iteration 2 (of 30).   Current convergence value = 0.000915275 (threshold = 1e-06)
  Iteration 3 (of 30).   Current convergence value = 0.000890374 (threshold = 1e-06)
  Iteration 4 (of 30).   Current convergence value = 0.000868798 (threshold = 1e-06)
  Iteration 5 (of 30).   Current convergence value = 0.000848908 (threshold = 1e-06)
  Iteration 6 (of 30).   Current convergence value = 0.000831264 (threshold = 1e-06)
  Iteration 7 (of 30).   Current convergence value = 0.000814634 (threshold = 1e-06)
  Iteration 8 (of 30).   Current convergence value = 0.000800143 (threshold = 1e-06)
  Iteration 9 (of 30).   Current convergence value = 0.00078749 (threshold = 1e-06)
  Iteration 10 (of 30).   Current convergence value = 0.000774825 (threshold = 1e-06)
  Iteration 11 (of 30).   Current convergence value = 0.000763124 (threshold = 1e-06)
  Iteration 12 (of 30).   Current convergence value = 0.000753397 (threshold = 1e-06)
  Iteration 13 (of 30).   Current convergence value = 0.000743001 (threshold = 1e-06)
  Iteration 14 (of 30).   Current convergence value = 0.000733443 (threshold = 1e-06)
  Iteration 15 (of 30).   Current convergence value = 0.000724965 (threshold = 1e-06)
  Iteration 16 (of 30).   Current convergence value = 0.000715559 (threshold = 1e-06)
  Iteration 17 (of 30).   Current convergence value = 0.000706572 (threshold = 1e-06)
  Iteration 18 (of 30).   Current convergence value = 0.000698856 (threshold = 1e-06)
  Iteration 19 (of 30).   Current convergence value = 0.000691619 (threshold = 1e-06)
  Iteration 20 (of 30).   Current convergence value = 0.000682822 (threshold = 1e-06)
  Iteration 21 (of 30).   Current convergence value = 0.000674803 (threshold = 1e-06)
  Iteration 22 (of 30).   Current convergence value = 0.000667507 (threshold = 1e-06)
  Iteration 23 (of 30).   Current convergence value = 0.000662287 (threshold = 1e-06)
  Iteration 24 (of 30).   Current convergence value = 0.000653755 (threshold = 1e-06)
  Iteration 25 (of 30).   Current convergence value = 0.000646723 (threshold = 1e-06)
  Iteration 26 (of 30).   Current convergence value = 0.000639411 (threshold = 1e-06)
  Iteration 27 (of 30).   Current convergence value = 0.000634161 (threshold = 1e-06)
  Iteration 28 (of 30).   Current convergence value = 0.00062811 (threshold = 1e-06)
  Iteration 29 (of 30).   Current convergence value = 0.000620508 (threshold = 1e-06)
  Iteration 30 (of 30).   Current convergence value = 0.00061299 (threshold = 1e-06)
Current level = 4
  Iteration 1 (of 20).   Current convergence value = 0.00148253 (threshold = 1e-06)
  Iteration 2 (of 20).   Current convergence value = 0.00138687 (threshold = 1e-06)
  Iteration 3 (of 20).   Current convergence value = 0.00130835 (threshold = 1e-06)
  Iteration 4 (of 20).   Current convergence value = 0.00124081 (threshold = 1e-06)
  Iteration 5 (of 20).   Current convergence value = 0.0011794 (threshold = 1e-06)
  Iteration 6 (of 20).   Current convergence value = 0.00112267 (threshold = 1e-06)
  Iteration 7 (of 20).   Current convergence value = 0.00107168 (threshold = 1e-06)
  Iteration 8 (of 20).   Current convergence value = 0.00102545 (threshold = 1e-06)
  Iteration 9 (of 20).   Current convergence value = 0.000983482 (threshold = 1e-06)
  Iteration 10 (of 20).   Current convergence value = 0.000946687 (threshold = 1e-06)
  Iteration 11 (of 20).   Current convergence value = 0.00091265 (threshold = 1e-06)
  Iteration 12 (of 20).   Current convergence value = 0.000882657 (threshold = 1e-06)
  Iteration 13 (of 20).   Current convergence value = 0.00085562 (threshold = 1e-06)
  Iteration 14 (of 20).   Current convergence value = 0.00083044 (threshold = 1e-06)
  Iteration 15 (of 20).   Current convergence value = 0.000807569 (threshold = 1e-06)
  Iteration 16 (of 20).   Current convergence value = 0.000785967 (threshold = 1e-06)
  Iteration 17 (of 20).   Current convergence value = 0.00076517 (threshold = 1e-06)
  Iteration 18 (of 20).   Current convergence value = 0.000746529 (threshold = 1e-06)
  Iteration 19 (of 20).   Current convergence value = 0.000729816 (threshold = 1e-06)
  Iteration 20 (of 20).   Current convergence value = 0.000713154 (threshold = 1e-06)
   N4BiasFieldCorrectionImageFilter (0x2552090)
     RTTI typeinfo:   itk::N4BiasFieldCorrectionImageFilter<itk::Image<float, 3u>, itk::Image<float, 3u>, itk::Image<float, 3u> >
     Reference Count: 1
     Modified Time: 813
     Debug: Off
     Object Name: 
     Observers: 
       IterationEvent(Command)
     Inputs: 
       Primary: (0x25621c0) *
       _1: (0x2562840)
     Indexed Inputs: 
       0: Primary (0x25621c0)
       1: _1 (0x2562840)
     Required Input Names: Primary
     NumberOfRequiredInputs: 1
     Outputs: 
       Primary: (0x2556950)
     Indexed Outputs: 
       0: Primary (0x2556950)
     NumberOfRequiredOutputs: 1
     Number Of Threads: 56
     ReleaseDataFlag: Off
     ReleaseDataBeforeUpdateFlag: Off
     AbortGenerateData: Off
     Progress: 0
     Multithreader: 
       RTTI typeinfo:   itk::MultiThreader
       Reference Count: 1
       Modified Time: 122
       Debug: Off
       Object Name: 
       Observers: 
         none
       Thread Count: 56
       Global Maximum Number Of Threads: 128
       Global Default Number Of Threads: 56
     CoordinateTolerance: 1e-06
     DirectionTolerance: 1e-06
     Mask label: 1
     Number of histogram bins: 200
     Wiener filter noise: 0.01
     Bias field FWHM: 0.15
     Maximum number of iterations: [50, 50, 30, 20]
     Convergence threshold: 1e-06
     Spline order: 3
     Number of fitting levels: [4, 4, 4]
     Number of control points: [4, 5, 5]
     CurrentConvergenceMeasurement: 0.000713154
     CurrentLevel: 4
     ElapsedIterations: 21
     LogBiasFieldControlPointLattice: 
       Image (0x2560540)
         RTTI typeinfo:   itk::Image<itk::Vector<float, 1u>, 3u>
         Reference Count: 1
         Modified Time: 126847302
         Debug: Off
         Object Name: 
         Observers: 
           none
         Source: (none)
         Source output name: (none)
         Release Data: Off
         Data Released: False
         Global Release Data: Off
         PipelineMTime: 0
         UpdateMTime: 0
         RealTimeStamp: 0 seconds 
         LargestPossibleRegion: 
           Dimension: 3
           Index: [0, 0, 0]
           Size: [11, 19, 19]
         BufferedRegion: 
           Dimension: 3
           Index: [0, 0, 0]
           Size: [11, 19, 19]
         RequestedRegion: 
           Dimension: 3
           Index: [0, 0, 0]
           Size: [11, 19, 19]
         Spacing: [24.5, 24.85, 24.85]
         Origin: [-24.5, 24.85, -24.85]
         Direction: 
1 0 0
0 -1 0
0 0 1

         IndexToPointMatrix: 
24.5 0 0
0 -24.85 0
0 0 24.85

         PointToIndexMatrix: 
0.0408163 0 0
0 -0.0402414 0
0 0 0.0402414

         Inverse Direction: 
1 0 0
0 -1 0
0 0 1

         PixelContainer: 
           ImportImageContainer (0x2560800)
             RTTI typeinfo:   itk::ImportImageContainer<unsigned long, itk::Vector<float, 1u> >
             Reference Count: 1
             Modified Time: 126847303
             Debug: Off
             Object Name: 
             Observers: 
               none
             Pointer: 0x3b69ea0
             Container manages memory: true
             Size: 3971
             Capacity: 3971
Elapsed time: 68.5755
STEP 2 COMPLETE
total 1342980
-rw-rw-r--  1 ccn30 ccn30       45875200 Sep 13 18:17 phas0001.img
-rw-rw-r--  1 ccn30 ccn30            352 Sep 13 18:17 phas0001.hdr
-rw-rw-r--  1 ccn30 ccn30       45875200 Sep 13 18:17 phas0000.img
-rw-rw-r--  1 ccn30 ccn30            352 Sep 13 18:17 phas0000.hdr
-rw-rw----+ 1 ccn30 wbic-p00500 51374907 Sep 13 18:24 n4mag0000_PSIR_skulled_std.nii.gz
-rw-rw----+ 1 ccn30 wbic-p00500 91750752 Sep  2 13:53 mp2rage_phase.nii.gz
-rw-rw----+ 1 ccn30 wbic-p00500 91750752 Sep  2 13:53 mp2rage_magnitude.nii.gz
-rw-rw----+ 1 ccn30 wbic-p00500 91750752 Sep 13 18:22 mmag0001.nii
-rw-rw----+ 1 ccn30 wbic-p00500 91750752 Sep 13 18:20 mmag0000.nii
-rw-rw----+ 1 ccn30 wbic-p00500 91750752 Sep 13 18:23 mag0001_skull.nii
-rw-rw----+ 1 ccn30 wbic-p00500 91750752 Sep 13 18:23 mag0001_skull_mask.nii
-rw-rw----+ 1 ccn30 wbic-p00500  4332120 Sep 13 18:22 mag0001_seg8.mat
-rw-rw-r--  1 ccn30 ccn30       45875200 Sep 13 18:17 mag0001.img
-rw-rw-r--  1 ccn30 ccn30            352 Sep 13 18:17 mag0001.hdr
-rw-rw----+ 1 ccn30 wbic-p00500 45875552 Sep 13 18:23 mag0001_brain_skull.nii
-rw-rw----+ 1 ccn30 wbic-p00500 91750752 Sep 13 18:23 mag0001_brain.nii
-rw-rw----+ 1 ccn30 wbic-p00500 45875552 Sep 13 18:23 mag0001_brain_mask.nii
-rw-rw----+ 1 ccn30 wbic-p00500  4332120 Sep 13 18:19 mag0000_seg8.mat
-rw-rw----+ 1 ccn30 wbic-p00500 51375944 Sep 13 18:23 mag0000_PSIR_skulled_std.nii.gz
-rw-rw----+ 1 ccn30 wbic-p00500 51642831 Sep 13 18:23 mag0000_PSIR_skulled.nii.gz
-rw-rw----+ 1 ccn30 wbic-p00500 49080737 Sep 13 18:18 mag0000_PSIR.nii.gz
-rw-rw----+ 1 ccn30 wbic-p00500 58681109 Sep 13 18:17 mag0000_PD_smooth.nii.gz
-rw-rw----+ 1 ccn30 wbic-p00500 50166098 Sep 13 18:18 mag0000_MP2RAGE.nii.gz
-rw-rw-r--  1 ccn30 ccn30       45875200 Sep 13 18:17 mag0000.img
-rw-rw-r--  1 ccn30 ccn30            352 Sep 13 18:17 mag0000.hdr
-rw-rw----+ 1 ccn30 wbic-p00500 22937952 Sep 13 18:23 c3mag0001.nii
-rw-rw----+ 1 ccn30 wbic-p00500 22937952 Sep 13 18:20 c3mag0000.nii
-rw-rw----+ 1 ccn30 wbic-p00500 22937952 Sep 13 18:23 c2mag0001.nii
-rw-rw----+ 1 ccn30 wbic-p00500 22937952 Sep 13 18:20 c2mag0000.nii
-rw-rw----+ 1 ccn30 wbic-p00500 22937952 Sep 13 18:23 c1mag0001.nii
-rw-rw----+ 1 ccn30 wbic-p00500 22937952 Sep 13 18:20 c1mag0000.nii
drwxrws---+ 5 ccn30 wbic-p00500     4096 Sep  2 13:53 ..
drwxrws---+ 2 ccn30 wbic-p00500     4096 Sep 13 18:24 .
STEP 3 COMPLETE
total 1379840
-rw-rw-r--  1 ccn30 ccn30       45875200 Sep 13 18:17 phas0001.img
-rw-rw-r--  1 ccn30 ccn30            352 Sep 13 18:17 phas0001.hdr
-rw-rw-r--  1 ccn30 ccn30       45875200 Sep 13 18:17 phas0000.img
-rw-rw-r--  1 ccn30 ccn30            352 Sep 13 18:17 phas0000.hdr
-rw-rw----+ 1 ccn30 wbic-p00500 91750752 Sep 13 18:24 n4mag0000_PSIR_skulled_std.nii
-rw-rw----+ 1 ccn30 wbic-p00500 91750752 Sep  2 13:53 mp2rage_phase.nii.gz
-rw-rw----+ 1 ccn30 wbic-p00500 91750752 Sep  2 13:53 mp2rage_magnitude.nii.gz
-rw-rw----+ 1 ccn30 wbic-p00500 91750752 Sep 13 18:22 mmag0001.nii
-rw-rw----+ 1 ccn30 wbic-p00500 91750752 Sep 13 18:20 mmag0000.nii
-rw-rw----+ 1 ccn30 wbic-p00500 91750752 Sep 13 18:23 mag0001_skull.nii
-rw-rw----+ 1 ccn30 wbic-p00500 91750752 Sep 13 18:23 mag0001_skull_mask.nii
-rw-rw----+ 1 ccn30 wbic-p00500  4332120 Sep 13 18:22 mag0001_seg8.mat
-rw-rw-r--  1 ccn30 ccn30       45875200 Sep 13 18:17 mag0001.img
-rw-rw-r--  1 ccn30 ccn30            352 Sep 13 18:17 mag0001.hdr
-rw-rw----+ 1 ccn30 wbic-p00500 45875552 Sep 13 18:23 mag0001_brain_skull.nii
-rw-rw----+ 1 ccn30 wbic-p00500 91750752 Sep 13 18:23 mag0001_brain.nii
-rw-rw----+ 1 ccn30 wbic-p00500 45875552 Sep 13 18:23 mag0001_brain_mask.nii
-rw-rw----+ 1 ccn30 wbic-p00500  4332120 Sep 13 18:19 mag0000_seg8.mat
-rw-rw----+ 1 ccn30 wbic-p00500 51375944 Sep 13 18:23 mag0000_PSIR_skulled_std.nii.gz
-rw-rw----+ 1 ccn30 wbic-p00500 51642831 Sep 13 18:23 mag0000_PSIR_skulled.nii.gz
-rw-rw----+ 1 ccn30 wbic-p00500 49080737 Sep 13 18:18 mag0000_PSIR.nii.gz
-rw-rw----+ 1 ccn30 wbic-p00500 58681109 Sep 13 18:17 mag0000_PD_smooth.nii.gz
-rw-rw----+ 1 ccn30 wbic-p00500 50166098 Sep 13 18:18 mag0000_MP2RAGE.nii.gz
-rw-rw-r--  1 ccn30 ccn30       45875200 Sep 13 18:17 mag0000.img
-rw-rw-r--  1 ccn30 ccn30            352 Sep 13 18:17 mag0000.hdr
-rw-rw----+ 1 ccn30 wbic-p00500 22937952 Sep 13 18:23 c3mag0001.nii
-rw-rw----+ 1 ccn30 wbic-p00500 22937952 Sep 13 18:20 c3mag0000.nii
-rw-rw----+ 1 ccn30 wbic-p00500 22937952 Sep 13 18:23 c2mag0001.nii
-rw-rw----+ 1 ccn30 wbic-p00500 22937952 Sep 13 18:20 c2mag0000.nii
-rw-rw----+ 1 ccn30 wbic-p00500 22937952 Sep 13 18:23 c1mag0001.nii
-rw-rw----+ 1 ccn30 wbic-p00500 22937952 Sep 13 18:20 c1mag0000.nii
drwxrws---+ 5 ccn30 wbic-p00500     4096 Sep  2 13:53 ..
drwxrws---+ 2 ccn30 wbic-p00500     4096 Sep 13 18:24 .

                            < M A T L A B (R) >
                  Copyright 1984-2017 The MathWorks, Inc.
                   R2017b (9.3.0.713579) 64-bit (glnxa64)
                             September 14, 2017

 
To get started, type one of these: helpwin, helpdesk, or demo.
For product information, visit www.mathworks.com.
 


------------------------------------------------------------------------
13-Sep-2021 18:25:09 - Running job #1
------------------------------------------------------------------------
13-Sep-2021 18:25:09 - Running 'Segment'

SPM12: spm_preproc_run (v7408)                     18:25:09 - 13/09/2021
========================================================================
Segment /home/ccn30/rds/rds-p00500_encrypt-URQgmO1brZ0/p00500/ENCRYPT_images/32102/mp2rage/n4mag0000_PSIR_skulled_std.nii,1
Completed                               :          18:28:08 - 13/09/2021
13-Sep-2021 18:28:08 - Done    'Segment'
13-Sep-2021 18:28:08 - Done

SPM segmentation is done...
STEP 4 COMPLETE
total 1490068
-rw-rw-r--  1 ccn30 ccn30       45875200 Sep 13 18:17 phas0001.img
-rw-rw-r--  1 ccn30 ccn30            352 Sep 13 18:17 phas0001.hdr
-rw-rw-r--  1 ccn30 ccn30       45875200 Sep 13 18:17 phas0000.img
-rw-rw-r--  1 ccn30 ccn30            352 Sep 13 18:17 phas0000.hdr
-rw-rw----+ 1 ccn30 wbic-p00500  4341760 Sep 13 18:26 n4mag0000_PSIR_skulled_std_seg8.mat
-rw-rw----+ 1 ccn30 wbic-p00500 91750752 Sep 13 18:24 n4mag0000_PSIR_skulled_std.nii
-rw-rw----+ 1 ccn30 wbic-p00500 91750752 Sep  2 13:53 mp2rage_phase.nii.gz
-rw-rw----+ 1 ccn30 wbic-p00500 91750752 Sep  2 13:53 mp2rage_magnitude.nii.gz
-rw-rw----+ 1 ccn30 wbic-p00500 91750752 Sep 13 18:22 mmag0001.nii
-rw-rw----+ 1 ccn30 wbic-p00500 91750752 Sep 13 18:20 mmag0000.nii
-rw-rw----+ 1 ccn30 wbic-p00500 91750752 Sep 13 18:23 mag0001_skull.nii
-rw-rw----+ 1 ccn30 wbic-p00500 91750752 Sep 13 18:23 mag0001_skull_mask.nii
-rw-rw----+ 1 ccn30 wbic-p00500  4332120 Sep 13 18:22 mag0001_seg8.mat
-rw-rw-r--  1 ccn30 ccn30       45875200 Sep 13 18:17 mag0001.img
-rw-rw-r--  1 ccn30 ccn30            352 Sep 13 18:17 mag0001.hdr
-rw-rw----+ 1 ccn30 wbic-p00500 45875552 Sep 13 18:23 mag0001_brain_skull.nii
-rw-rw----+ 1 ccn30 wbic-p00500 91750752 Sep 13 18:23 mag0001_brain.nii
-rw-rw----+ 1 ccn30 wbic-p00500 45875552 Sep 13 18:23 mag0001_brain_mask.nii
-rw-rw----+ 1 ccn30 wbic-p00500  4332120 Sep 13 18:19 mag0000_seg8.mat
-rw-rw----+ 1 ccn30 wbic-p00500 51375944 Sep 13 18:23 mag0000_PSIR_skulled_std.nii.gz
-rw-rw----+ 1 ccn30 wbic-p00500 51642831 Sep 13 18:23 mag0000_PSIR_skulled.nii.gz
-rw-rw----+ 1 ccn30 wbic-p00500 49080737 Sep 13 18:18 mag0000_PSIR.nii.gz
-rw-rw----+ 1 ccn30 wbic-p00500 58681109 Sep 13 18:17 mag0000_PD_smooth.nii.gz
-rw-rw----+ 1 ccn30 wbic-p00500 50166098 Sep 13 18:18 mag0000_MP2RAGE.nii.gz
-rw-rw-r--  1 ccn30 ccn30       45875200 Sep 13 18:17 mag0000.img
-rw-rw-r--  1 ccn30 ccn30            352 Sep 13 18:17 mag0000.hdr
-rw-rw----+ 1 ccn30 wbic-p00500 22937952 Sep 13 18:28 c5n4mag0000_PSIR_skulled_std.nii
-rw-rw----+ 1 ccn30 wbic-p00500 22937952 Sep 13 18:28 c4n4mag0000_PSIR_skulled_std.nii
-rw-rw----+ 1 ccn30 wbic-p00500 22937952 Sep 13 18:28 c3n4mag0000_PSIR_skulled_std.nii
-rw-rw----+ 1 ccn30 wbic-p00500 22937952 Sep 13 18:23 c3mag0001.nii
-rw-rw----+ 1 ccn30 wbic-p00500 22937952 Sep 13 18:20 c3mag0000.nii
-rw-rw----+ 1 ccn30 wbic-p00500 22937952 Sep 13 18:28 c2n4mag0000_PSIR_skulled_std.nii
-rw-rw----+ 1 ccn30 wbic-p00500 22937952 Sep 13 18:23 c2mag0001.nii
-rw-rw----+ 1 ccn30 wbic-p00500 22937952 Sep 13 18:20 c2mag0000.nii
-rw-rw----+ 1 ccn30 wbic-p00500 22937952 Sep 13 18:28 c1n4mag0000_PSIR_skulled_std.nii
-rw-rw----+ 1 ccn30 wbic-p00500 22937952 Sep 13 18:23 c1mag0001.nii
-rw-rw----+ 1 ccn30 wbic-p00500 22937952 Sep 13 18:20 c1mag0000.nii
drwxrws---+ 5 ccn30 wbic-p00500     4096 Sep  2 13:53 ..
drwxrws---+ 2 ccn30 wbic-p00500     4096 Sep 13 18:26 .

                            < M A T L A B (R) >
                  Copyright 1984-2017 The MathWorks, Inc.
                   R2017b (9.3.0.713579) 64-bit (glnxa64)
                             September 14, 2017

 
To get started, type one of these: helpwin, helpdesk, or demo.
For product information, visit www.mathworks.com.
 
Preparing data ...
Masking image 1 of 1 subjects ...
Finished skull stripping data.
STEP 5 COMPLETE
total 1585704
-rw-rw-r--  1 ccn30 ccn30       45875200 Sep 13 18:17 phas0001.img
-rw-rw-r--  1 ccn30 ccn30            352 Sep 13 18:17 phas0001.hdr
-rw-rw-r--  1 ccn30 ccn30       45875200 Sep 13 18:17 phas0000.img
-rw-rw-r--  1 ccn30 ccn30            352 Sep 13 18:17 phas0000.hdr
-rw-rw----+ 1 ccn30 wbic-p00500 91750752 Sep 13 18:28 n4mag0000_PSIR_skulled_std_struc_brain.nii
-rw-rw----+ 1 ccn30 wbic-p00500  4341760 Sep 13 18:26 n4mag0000_PSIR_skulled_std_seg8.mat
-rw-rw----+ 1 ccn30 wbic-p00500 91750752 Sep 13 18:24 n4mag0000_PSIR_skulled_std.nii
-rw-rw----+ 1 ccn30 wbic-p00500 91750752 Sep  2 13:53 mp2rage_phase.nii.gz
-rw-rw----+ 1 ccn30 wbic-p00500 91750752 Sep  2 13:53 mp2rage_magnitude.nii.gz
-rw-rw----+ 1 ccn30 wbic-p00500 91750752 Sep 13 18:22 mmag0001.nii
-rw-rw----+ 1 ccn30 wbic-p00500 91750752 Sep 13 18:20 mmag0000.nii
-rw-rw----+ 1 ccn30 wbic-p00500 91750752 Sep 13 18:23 mag0001_skull.nii
-rw-rw----+ 1 ccn30 wbic-p00500 91750752 Sep 13 18:23 mag0001_skull_mask.nii
-rw-rw----+ 1 ccn30 wbic-p00500  4332120 Sep 13 18:22 mag0001_seg8.mat
-rw-rw-r--  1 ccn30 ccn30       45875200 Sep 13 18:17 mag0001.img
-rw-rw-r--  1 ccn30 ccn30            352 Sep 13 18:17 mag0001.hdr
-rw-rw----+ 1 ccn30 wbic-p00500 45875552 Sep 13 18:23 mag0001_brain_skull.nii
-rw-rw----+ 1 ccn30 wbic-p00500 91750752 Sep 13 18:23 mag0001_brain.nii
-rw-rw----+ 1 ccn30 wbic-p00500 45875552 Sep 13 18:23 mag0001_brain_mask.nii
-rw-rw----+ 1 ccn30 wbic-p00500  4332120 Sep 13 18:19 mag0000_seg8.mat
-rw-rw----+ 1 ccn30 wbic-p00500 51375944 Sep 13 18:23 mag0000_PSIR_skulled_std.nii.gz
-rw-rw----+ 1 ccn30 wbic-p00500 51642831 Sep 13 18:23 mag0000_PSIR_skulled.nii.gz
-rw-rw----+ 1 ccn30 wbic-p00500 49080737 Sep 13 18:18 mag0000_PSIR.nii.gz
-rw-rw----+ 1 ccn30 wbic-p00500 58681109 Sep 13 18:17 mag0000_PD_smooth.nii.gz
-rw-rw----+ 1 ccn30 wbic-p00500 50166098 Sep 13 18:18 mag0000_MP2RAGE.nii.gz
-rw-rw-r--  1 ccn30 ccn30       45875200 Sep 13 18:17 mag0000.img
-rw-rw-r--  1 ccn30 ccn30            352 Sep 13 18:17 mag0000.hdr
-rw-rw----+ 1 ccn30 wbic-p00500 22937952 Sep 13 18:28 c5n4mag0000_PSIR_skulled_std.nii
-rw-rw----+ 1 ccn30 wbic-p00500 22937952 Sep 13 18:28 c4n4mag0000_PSIR_skulled_std.nii
-rw-rw----+ 1 ccn30 wbic-p00500 22937952 Sep 13 18:28 c3n4mag0000_PSIR_skulled_std.nii
-rw-rw----+ 1 ccn30 wbic-p00500 22937952 Sep 13 18:23 c3mag0001.nii
-rw-rw----+ 1 ccn30 wbic-p00500 22937952 Sep 13 18:20 c3mag0000.nii
-rw-rw----+ 1 ccn30 wbic-p00500 22937952 Sep 13 18:28 c2n4mag0000_PSIR_skulled_std.nii
-rw-rw----+ 1 ccn30 wbic-p00500 22937952 Sep 13 18:23 c2mag0001.nii
-rw-rw----+ 1 ccn30 wbic-p00500 22937952 Sep 13 18:20 c2mag0000.nii
-rw-rw----+ 1 ccn30 wbic-p00500 22937952 Sep 13 18:28 c1n4mag0000_PSIR_skulled_std.nii
-rw-rw----+ 1 ccn30 wbic-p00500 22937952 Sep 13 18:23 c1mag0001.nii
-rw-rw----+ 1 ccn30 wbic-p00500 22937952 Sep 13 18:20 c1mag0000.nii
drwxrws---+ 5 ccn30 wbic-p00500     4096 Sep  2 13:53 ..
drwxrws---+ 2 ccn30 wbic-p00500     4096 Sep 13 18:28 .
STEP 6 COMPLETE
total 1667624
-rw-rw-r--  1 ccn30 ccn30       45875200 Sep 13 18:17 phas0001.img
-rw-rw-r--  1 ccn30 ccn30            352 Sep 13 18:17 phas0001.hdr
-rw-rw-r--  1 ccn30 ccn30       45875200 Sep 13 18:17 phas0000.img
-rw-rw-r--  1 ccn30 ccn30            352 Sep 13 18:17 phas0000.hdr
-rw-rw----+ 1 ccn30 wbic-p00500 91750752 Sep 13 18:28 n4mag0000_PSIR_skulled_std_struc_brain.nii
-rw-rw----+ 1 ccn30 wbic-p00500 91750752 Sep 13 18:28 n4mag0000_PSIR_skulled_std_struc_brain_mask.nii
-rw-rw----+ 1 ccn30 wbic-p00500  4341760 Sep 13 18:26 n4mag0000_PSIR_skulled_std_seg8.mat
-rw-rw----+ 1 ccn30 wbic-p00500 91750752 Sep 13 18:24 n4mag0000_PSIR_skulled_std.nii
-rw-rw----+ 1 ccn30 wbic-p00500 91750752 Sep  2 13:53 mp2rage_phase.nii.gz
-rw-rw----+ 1 ccn30 wbic-p00500 91750752 Sep  2 13:53 mp2rage_magnitude.nii.gz
-rw-rw----+ 1 ccn30 wbic-p00500 91750752 Sep 13 18:22 mmag0001.nii
-rw-rw----+ 1 ccn30 wbic-p00500 91750752 Sep 13 18:20 mmag0000.nii
-rw-rw----+ 1 ccn30 wbic-p00500 91750752 Sep 13 18:23 mag0001_skull.nii
-rw-rw----+ 1 ccn30 wbic-p00500 91750752 Sep 13 18:23 mag0001_skull_mask.nii
-rw-rw----+ 1 ccn30 wbic-p00500  4332120 Sep 13 18:22 mag0001_seg8.mat
-rw-rw-r--  1 ccn30 ccn30       45875200 Sep 13 18:17 mag0001.img
-rw-rw-r--  1 ccn30 ccn30            352 Sep 13 18:17 mag0001.hdr
-rw-rw----+ 1 ccn30 wbic-p00500 45875552 Sep 13 18:23 mag0001_brain_skull.nii
-rw-rw----+ 1 ccn30 wbic-p00500 91750752 Sep 13 18:23 mag0001_brain.nii
-rw-rw----+ 1 ccn30 wbic-p00500 45875552 Sep 13 18:23 mag0001_brain_mask.nii
-rw-rw----+ 1 ccn30 wbic-p00500  4332120 Sep 13 18:19 mag0000_seg8.mat
-rw-rw----+ 1 ccn30 wbic-p00500 51375944 Sep 13 18:23 mag0000_PSIR_skulled_std.nii.gz
-rw-rw----+ 1 ccn30 wbic-p00500 51642831 Sep 13 18:23 mag0000_PSIR_skulled.nii.gz
-rw-rw----+ 1 ccn30 wbic-p00500 49080737 Sep 13 18:18 mag0000_PSIR.nii.gz
-rw-rw----+ 1 ccn30 wbic-p00500 58681109 Sep 13 18:17 mag0000_PD_smooth.nii.gz
-rw-rw----+ 1 ccn30 wbic-p00500 50166098 Sep 13 18:18 mag0000_MP2RAGE.nii.gz
-rw-rw-r--  1 ccn30 ccn30       45875200 Sep 13 18:17 mag0000.img
-rw-rw-r--  1 ccn30 ccn30            352 Sep 13 18:17 mag0000.hdr
-rw-rw----+ 1 ccn30 wbic-p00500 22937952 Sep 13 18:28 c5n4mag0000_PSIR_skulled_std.nii
-rw-rw----+ 1 ccn30 wbic-p00500 22937952 Sep 13 18:28 c4n4mag0000_PSIR_skulled_std.nii
-rw-rw----+ 1 ccn30 wbic-p00500 22937952 Sep 13 18:28 c3n4mag0000_PSIR_skulled_std.nii
-rw-rw----+ 1 ccn30 wbic-p00500 22937952 Sep 13 18:23 c3mag0001.nii
-rw-rw----+ 1 ccn30 wbic-p00500 22937952 Sep 13 18:20 c3mag0000.nii
-rw-rw----+ 1 ccn30 wbic-p00500 22937952 Sep 13 18:28 c2n4mag0000_PSIR_skulled_std.nii
-rw-rw----+ 1 ccn30 wbic-p00500 22937952 Sep 13 18:23 c2mag0001.nii
-rw-rw----+ 1 ccn30 wbic-p00500 22937952 Sep 13 18:20 c2mag0000.nii
-rw-rw----+ 1 ccn30 wbic-p00500 22937952 Sep 13 18:28 c1n4mag0000_PSIR_skulled_std.nii
-rw-rw----+ 1 ccn30 wbic-p00500 22937952 Sep 13 18:23 c1mag0001.nii
-rw-rw----+ 1 ccn30 wbic-p00500 22937952 Sep 13 18:20 c1mag0000.nii
drwxrws---+ 5 ccn30 wbic-p00500     4096 Sep  2 13:53 ..
drwxrws---+ 2 ccn30 wbic-p00500     4096 Sep 13 18:28 .
