This is job 29
Time: Mon 13 Sep 18:17:20 BST 2021
Running on master node: cpu-p-181
Current directory: /rds/user/ccn30/hpc-work/WBIC_lustre/ENCRYPT/scripts/ImagePrep/mp2rage/slurmoutputs
Changed directory to /home/ccn30/rds/hpc-work/WBIC_lustre/ENCRYPT/scripts/ImagePrep/mp2rage/slurmoutputs.

JobID: 46418939
======
Time: Mon 13 Sep 18:17:20 BST 2021
Running on master node: cpu-p-181
Current directory: /home/ccn30/rds/hpc-work/WBIC_lustre/ENCRYPT/scripts/ImagePrep/mp2rage/slurmoutputs

Nodes allocated:
================
cpu-p-181

numtasks=, numnodes=, mpi_tasks_per_node= (OMP_NUM_THREADS=1)

Executing command:
==================
/home/ccn30/rds/hpc-work/WBIC_lustre/ENCRYPT/scripts/ImagePrep/mp2rage/mp2rage_processing.sh /home/ccn30/rds/hpc-work/WBIC_lustre/ENCRYPT/ENCRYPT_MasterRIScodes.txt 29 /home/ccn30/rds/hpc-work/WBIC_lustre/ENCRYPT/scripts/ImagePrep/mp2rage /usr/local/Cluster-Apps/matlab/R2017b /usr/local/software/spm/spm12 /home/ccn30/rds/rds-p00500_encrypt-URQgmO1brZ0/p00500/ENCRYPT_images /usr/local/Cluster-Apps/fsl/5.0.8/fsl

Starting 32004
/home/ccn30/rds/rds-p00500_encrypt-URQgmO1brZ0/p00500/ENCRYPT_images/32004/mp2rage
STARTING mp2rage PREPROCESSING
total 340120
-rw-rw----+ 1 ccn30 wbic-p00500 45875552 Sep 13 18:17 phas0001.nii
-rw-rw----+ 1 ccn30 wbic-p00500 45875552 Sep 13 18:17 phas0000.nii
-rw-rw----+ 1 ccn30 wbic-p00500 91750752 Sep  2 20:08 mp2rage_phase.nii.gz
-rw-rw----+ 1 ccn30 wbic-p00500 91750752 Sep  2 20:08 mp2rage_magnitude.nii.gz
-rw-rw----+ 1 ccn30 wbic-p00500 45875552 Sep 13 18:17 mag0001.nii
-rw-rw----+ 1 ccn30 wbic-p00500 45875552 Sep 13 18:17 mag0000.nii
drwxrws---+ 5 ccn30 wbic-p00500     4096 Sep  2 20:08 ..
drwxrws---+ 2 ccn30 wbic-p00500     4096 Sep 13 18:17 .
The folder where the PSIR is is /home/ccn30/rds/rds-p00500_encrypt-URQgmO1brZ0/p00500/ENCRYPT_images/32004/mp2rage
The script directory is /home/ccn30/rds/hpc-work/WBIC_lustre/ENCRYPT/scripts/ImagePrep/mp2rage
The SPM directory is /usr/local/software/spm/spm12
/home/ccn30/rds/rds-p00500_encrypt-URQgmO1brZ0/p00500/ENCRYPT_images/32004/mp2rage/mag0000 and /home/ccn30/rds/rds-p00500_encrypt-URQgmO1brZ0/p00500/ENCRYPT_images/32004/mp2rage/mag0001 and /home/ccn30/rds/rds-p00500_encrypt-URQgmO1brZ0/p00500/ENCRYPT_images/32004/mp2rage/phas0000 and /home/ccn30/rds/rds-p00500_encrypt-URQgmO1brZ0/p00500/ENCRYPT_images/32004/mp2rage/phas0001 are the files selected
0.000000 0.000000 -1.000000 156.099991 
-1.000000 0.000000 0.000000 223.300003 
0.000000 1.000000 0.000000 0.000000 
0.000000 0.000000 0.000000 1.000000 

0.000000 0.000000 -1.000000 156.099991 
-1.000000 0.000000 0.000000 223.300003 
0.000000 1.000000 0.000000 0.000000 
0.000000 0.000000 0.000000 1.000000 

0.000000 0.000000 -1.000000 156.099991 
-1.000000 0.000000 0.000000 223.300003 
0.000000 1.000000 0.000000 0.000000 
0.000000 0.000000 0.000000 1.000000 

0.000000 0.000000 -1.000000 156.099991 
-1.000000 0.000000 0.000000 223.300003 
0.000000 1.000000 0.000000 0.000000 
0.000000 0.000000 0.000000 1.000000 


                            < M A T L A B (R) >
                  Copyright 1984-2017 The MathWorks, Inc.
                   R2017b (9.3.0.713579) 64-bit (glnxa64)
                             September 14, 2017

 
To get started, type one of these: helpwin, helpdesk, or demo.
For product information, visit www.mathworks.com.
 
You are in the PSIR function
Phase data rescaled to radians (Assuming Siemens data range [0 4095])
320  320  224    2is the image dimension
 
 
 
The PSIR reconstruction is done.
/home/ccn30/rds/rds-p00500_encrypt-URQgmO1brZ0/p00500/ENCRYPT_images/32004/mp2rage/mag0000

                            < M A T L A B (R) >
                  Copyright 1984-2017 The MathWorks, Inc.
                   R2017b (9.3.0.713579) 64-bit (glnxa64)
                             September 14, 2017

 
To get started, type one of these: helpwin, helpdesk, or demo.
For product information, visit www.mathworks.com.
 
You are in the PSIR function


------------------------------------------------------------------------
13-Sep-2021 18:18:33 - Running job #1
------------------------------------------------------------------------
13-Sep-2021 18:18:33 - Running 'Segment'

SPM12: spm_preproc_run (v7408)                     18:18:33 - 13/09/2021
========================================================================
Segment /home/ccn30/rds/rds-p00500_encrypt-URQgmO1brZ0/p00500/ENCRYPT_images/32004/mp2rage/mag0000.img,1
Segment /home/ccn30/rds/rds-p00500_encrypt-URQgmO1brZ0/p00500/ENCRYPT_images/32004/mp2rage/mag0001.img,1
Completed                               :          18:23:36 - 13/09/2021
13-Sep-2021 18:23:36 - Done    'Segment'
13-Sep-2021 18:23:36 - Done

SPM is done...
STEP 1 COMPLETE
total 1215644
-rw-rw-r--  1 ccn30 ccn30       45875200 Sep 13 18:17 phas0001.img
-rw-rw-r--  1 ccn30 ccn30            352 Sep 13 18:17 phas0001.hdr
-rw-rw-r--  1 ccn30 ccn30       45875200 Sep 13 18:17 phas0000.img
-rw-rw-r--  1 ccn30 ccn30            352 Sep 13 18:17 phas0000.hdr
-rw-rw----+ 1 ccn30 wbic-p00500 91750752 Sep  2 20:08 mp2rage_phase.nii.gz
-rw-rw----+ 1 ccn30 wbic-p00500 91750752 Sep  2 20:08 mp2rage_magnitude.nii.gz
-rw-rw----+ 1 ccn30 wbic-p00500 91750752 Sep 13 18:23 mmag0001.nii
-rw-rw----+ 1 ccn30 wbic-p00500 91750752 Sep 13 18:21 mmag0000.nii
-rw-rw----+ 1 ccn30 wbic-p00500 91750752 Sep 13 18:23 mag0001_skull.nii
-rw-rw----+ 1 ccn30 wbic-p00500 91750752 Sep 13 18:23 mag0001_skull_mask.nii
-rw-rw----+ 1 ccn30 wbic-p00500  4332120 Sep 13 18:22 mag0001_seg8.mat
-rw-rw-r--  1 ccn30 ccn30       45875200 Sep 13 18:17 mag0001.img
-rw-rw-r--  1 ccn30 ccn30            352 Sep 13 18:17 mag0001.hdr
-rw-rw----+ 1 ccn30 wbic-p00500 45875552 Sep 13 18:23 mag0001_brain_skull.nii
-rw-rw----+ 1 ccn30 wbic-p00500 91750752 Sep 13 18:23 mag0001_brain.nii
-rw-rw----+ 1 ccn30 wbic-p00500 45875552 Sep 13 18:23 mag0001_brain_mask.nii
-rw-rw----+ 1 ccn30 wbic-p00500  4332120 Sep 13 18:20 mag0000_seg8.mat
-rw-rw----+ 1 ccn30 wbic-p00500 91750752 Sep 13 18:23 mag0000_PSIR_skulled.nii
-rw-rw----+ 1 ccn30 wbic-p00500 51048753 Sep 13 18:18 mag0000_PSIR.nii.gz
-rw-rw----+ 1 ccn30 wbic-p00500 60374573 Sep 13 18:18 mag0000_PD_smooth.nii.gz
-rw-rw----+ 1 ccn30 wbic-p00500 52323954 Sep 13 18:18 mag0000_MP2RAGE.nii.gz
-rw-rw-r--  1 ccn30 ccn30       45875200 Sep 13 18:17 mag0000.img
-rw-rw-r--  1 ccn30 ccn30            352 Sep 13 18:17 mag0000.hdr
-rw-rw----+ 1 ccn30 wbic-p00500 22937952 Sep 13 18:23 c3mag0001.nii
-rw-rw----+ 1 ccn30 wbic-p00500 22937952 Sep 13 18:21 c3mag0000.nii
-rw-rw----+ 1 ccn30 wbic-p00500 22937952 Sep 13 18:23 c2mag0001.nii
-rw-rw----+ 1 ccn30 wbic-p00500 22937952 Sep 13 18:21 c2mag0000.nii
-rw-rw----+ 1 ccn30 wbic-p00500 22937952 Sep 13 18:23 c1mag0001.nii
-rw-rw----+ 1 ccn30 wbic-p00500 22937952 Sep 13 18:21 c1mag0000.nii
drwxrws---+ 5 ccn30 wbic-p00500     4096 Sep  2 20:08 ..
drwxrws---+ 2 ccn30 wbic-p00500     4096 Sep 13 18:23 .
STEP 1.1 COMPLETE
total 1272988
-rw-rw-r--  1 ccn30 ccn30       45875200 Sep 13 18:17 phas0001.img
-rw-rw-r--  1 ccn30 ccn30            352 Sep 13 18:17 phas0001.hdr
-rw-rw-r--  1 ccn30 ccn30       45875200 Sep 13 18:17 phas0000.img
-rw-rw-r--  1 ccn30 ccn30            352 Sep 13 18:17 phas0000.hdr
-rw-rw----+ 1 ccn30 wbic-p00500 91750752 Sep  2 20:08 mp2rage_phase.nii.gz
-rw-rw----+ 1 ccn30 wbic-p00500 91750752 Sep  2 20:08 mp2rage_magnitude.nii.gz
-rw-rw----+ 1 ccn30 wbic-p00500 91750752 Sep 13 18:23 mmag0001.nii
-rw-rw----+ 1 ccn30 wbic-p00500 91750752 Sep 13 18:21 mmag0000.nii
-rw-rw----+ 1 ccn30 wbic-p00500 91750752 Sep 13 18:23 mag0001_skull.nii
-rw-rw----+ 1 ccn30 wbic-p00500 91750752 Sep 13 18:23 mag0001_skull_mask.nii
-rw-rw----+ 1 ccn30 wbic-p00500  4332120 Sep 13 18:22 mag0001_seg8.mat
-rw-rw-r--  1 ccn30 ccn30       45875200 Sep 13 18:17 mag0001.img
-rw-rw-r--  1 ccn30 ccn30            352 Sep 13 18:17 mag0001.hdr
-rw-rw----+ 1 ccn30 wbic-p00500 45875552 Sep 13 18:23 mag0001_brain_skull.nii
-rw-rw----+ 1 ccn30 wbic-p00500 91750752 Sep 13 18:23 mag0001_brain.nii
-rw-rw----+ 1 ccn30 wbic-p00500 45875552 Sep 13 18:23 mag0001_brain_mask.nii
-rw-rw----+ 1 ccn30 wbic-p00500  4332120 Sep 13 18:20 mag0000_seg8.mat
-rw-rw----+ 1 ccn30 wbic-p00500 52768206 Sep 13 18:23 mag0000_PSIR_skulled_std.nii.gz
-rw-rw----+ 1 ccn30 wbic-p00500 52895252 Sep 13 18:23 mag0000_PSIR_skulled.nii.gz
-rw-rw----+ 1 ccn30 wbic-p00500 51048753 Sep 13 18:18 mag0000_PSIR.nii.gz
-rw-rw----+ 1 ccn30 wbic-p00500 60374573 Sep 13 18:18 mag0000_PD_smooth.nii.gz
-rw-rw----+ 1 ccn30 wbic-p00500 52323954 Sep 13 18:18 mag0000_MP2RAGE.nii.gz
-rw-rw-r--  1 ccn30 ccn30       45875200 Sep 13 18:17 mag0000.img
-rw-rw-r--  1 ccn30 ccn30            352 Sep 13 18:17 mag0000.hdr
-rw-rw----+ 1 ccn30 wbic-p00500 22937952 Sep 13 18:23 c3mag0001.nii
-rw-rw----+ 1 ccn30 wbic-p00500 22937952 Sep 13 18:21 c3mag0000.nii
-rw-rw----+ 1 ccn30 wbic-p00500 22937952 Sep 13 18:23 c2mag0001.nii
-rw-rw----+ 1 ccn30 wbic-p00500 22937952 Sep 13 18:21 c2mag0000.nii
-rw-rw----+ 1 ccn30 wbic-p00500 22937952 Sep 13 18:23 c1mag0001.nii
-rw-rw----+ 1 ccn30 wbic-p00500 22937952 Sep 13 18:21 c1mag0000.nii
drwxrws---+ 5 ccn30 wbic-p00500     4096 Sep  2 20:08 ..
drwxrws---+ 2 ccn30 wbic-p00500     4096 Sep 13 18:24 .

Running N4 for 3-dimensional images.

Mask not read.  Creating Otsu mask.
Current level = 1
  Iteration 1 (of 50).   Current convergence value = 0.000582257 (threshold = 1e-06)
  Iteration 2 (of 50).   Current convergence value = 0.000576416 (threshold = 1e-06)
  Iteration 3 (of 50).   Current convergence value = 0.000570167 (threshold = 1e-06)
  Iteration 4 (of 50).   Current convergence value = 0.000563858 (threshold = 1e-06)
  Iteration 5 (of 50).   Current convergence value = 0.000558358 (threshold = 1e-06)
  Iteration 6 (of 50).   Current convergence value = 0.000552625 (threshold = 1e-06)
  Iteration 7 (of 50).   Current convergence value = 0.00054721 (threshold = 1e-06)
  Iteration 8 (of 50).   Current convergence value = 0.000541433 (threshold = 1e-06)
  Iteration 9 (of 50).   Current convergence value = 0.000536164 (threshold = 1e-06)
  Iteration 10 (of 50).   Current convergence value = 0.000531223 (threshold = 1e-06)
  Iteration 11 (of 50).   Current convergence value = 0.000526247 (threshold = 1e-06)
  Iteration 12 (of 50).   Current convergence value = 0.000521158 (threshold = 1e-06)
  Iteration 13 (of 50).   Current convergence value = 0.000516652 (threshold = 1e-06)
  Iteration 14 (of 50).   Current convergence value = 0.000512477 (threshold = 1e-06)
  Iteration 15 (of 50).   Current convergence value = 0.000507945 (threshold = 1e-06)
  Iteration 16 (of 50).   Current convergence value = 0.000504028 (threshold = 1e-06)
  Iteration 17 (of 50).   Current convergence value = 0.000499898 (threshold = 1e-06)
  Iteration 18 (of 50).   Current convergence value = 0.000496229 (threshold = 1e-06)
  Iteration 19 (of 50).   Current convergence value = 0.000492033 (threshold = 1e-06)
  Iteration 20 (of 50).   Current convergence value = 0.000487457 (threshold = 1e-06)
  Iteration 21 (of 50).   Current convergence value = 0.000482558 (threshold = 1e-06)
  Iteration 22 (of 50).   Current convergence value = 0.000478963 (threshold = 1e-06)
  Iteration 23 (of 50).   Current convergence value = 0.000475551 (threshold = 1e-06)
  Iteration 24 (of 50).   Current convergence value = 0.000472074 (threshold = 1e-06)
  Iteration 25 (of 50).   Current convergence value = 0.000467439 (threshold = 1e-06)
  Iteration 26 (of 50).   Current convergence value = 0.000463105 (threshold = 1e-06)
  Iteration 27 (of 50).   Current convergence value = 0.000459331 (threshold = 1e-06)
  Iteration 28 (of 50).   Current convergence value = 0.000455928 (threshold = 1e-06)
  Iteration 29 (of 50).   Current convergence value = 0.00045297 (threshold = 1e-06)
  Iteration 30 (of 50).   Current convergence value = 0.000449977 (threshold = 1e-06)
  Iteration 31 (of 50).   Current convergence value = 0.000445776 (threshold = 1e-06)
  Iteration 32 (of 50).   Current convergence value = 0.000441918 (threshold = 1e-06)
  Iteration 33 (of 50).   Current convergence value = 0.000438368 (threshold = 1e-06)
  Iteration 34 (of 50).   Current convergence value = 0.000434746 (threshold = 1e-06)
  Iteration 35 (of 50).   Current convergence value = 0.000431832 (threshold = 1e-06)
  Iteration 36 (of 50).   Current convergence value = 0.000428961 (threshold = 1e-06)
  Iteration 37 (of 50).   Current convergence value = 0.000426179 (threshold = 1e-06)
  Iteration 38 (of 50).   Current convergence value = 0.000423629 (threshold = 1e-06)
  Iteration 39 (of 50).   Current convergence value = 0.00042063 (threshold = 1e-06)
  Iteration 40 (of 50).   Current convergence value = 0.000417181 (threshold = 1e-06)
  Iteration 41 (of 50).   Current convergence value = 0.000413833 (threshold = 1e-06)
  Iteration 42 (of 50).   Current convergence value = 0.000410992 (threshold = 1e-06)
  Iteration 43 (of 50).   Current convergence value = 0.000408398 (threshold = 1e-06)
  Iteration 44 (of 50).   Current convergence value = 0.00040573 (threshold = 1e-06)
  Iteration 45 (of 50).   Current convergence value = 0.000402969 (threshold = 1e-06)
  Iteration 46 (of 50).   Current convergence value = 0.000400321 (threshold = 1e-06)
  Iteration 47 (of 50).   Current convergence value = 0.00039778 (threshold = 1e-06)
  Iteration 48 (of 50).   Current convergence value = 0.000394972 (threshold = 1e-06)
  Iteration 49 (of 50).   Current convergence value = 0.000392206 (threshold = 1e-06)
  Iteration 50 (of 50).   Current convergence value = 0.000389286 (threshold = 1e-06)
Current level = 2
  Iteration 1 (of 50).   Current convergence value = 0.000902345 (threshold = 1e-06)
  Iteration 2 (of 50).   Current convergence value = 0.000873279 (threshold = 1e-06)
  Iteration 3 (of 50).   Current convergence value = 0.000844468 (threshold = 1e-06)
  Iteration 4 (of 50).   Current convergence value = 0.000817028 (threshold = 1e-06)
  Iteration 5 (of 50).   Current convergence value = 0.000791414 (threshold = 1e-06)
  Iteration 6 (of 50).   Current convergence value = 0.000765765 (threshold = 1e-06)
  Iteration 7 (of 50).   Current convergence value = 0.000741792 (threshold = 1e-06)
  Iteration 8 (of 50).   Current convergence value = 0.000719581 (threshold = 1e-06)
  Iteration 9 (of 50).   Current convergence value = 0.000697285 (threshold = 1e-06)
  Iteration 10 (of 50).   Current convergence value = 0.000676824 (threshold = 1e-06)
  Iteration 11 (of 50).   Current convergence value = 0.000657655 (threshold = 1e-06)
  Iteration 12 (of 50).   Current convergence value = 0.000638249 (threshold = 1e-06)
  Iteration 13 (of 50).   Current convergence value = 0.000621056 (threshold = 1e-06)
  Iteration 14 (of 50).   Current convergence value = 0.00060385 (threshold = 1e-06)
  Iteration 15 (of 50).   Current convergence value = 0.000587762 (threshold = 1e-06)
  Iteration 16 (of 50).   Current convergence value = 0.000572468 (threshold = 1e-06)
  Iteration 17 (of 50).   Current convergence value = 0.000557297 (threshold = 1e-06)
  Iteration 18 (of 50).   Current convergence value = 0.000543385 (threshold = 1e-06)
  Iteration 19 (of 50).   Current convergence value = 0.000529561 (threshold = 1e-06)
  Iteration 20 (of 50).   Current convergence value = 0.0005167 (threshold = 1e-06)
  Iteration 21 (of 50).   Current convergence value = 0.000503818 (threshold = 1e-06)
  Iteration 22 (of 50).   Current convergence value = 0.000491814 (threshold = 1e-06)
  Iteration 23 (of 50).   Current convergence value = 0.000480515 (threshold = 1e-06)
  Iteration 24 (of 50).   Current convergence value = 0.000469423 (threshold = 1e-06)
  Iteration 25 (of 50).   Current convergence value = 0.000458996 (threshold = 1e-06)
  Iteration 26 (of 50).   Current convergence value = 0.000448027 (threshold = 1e-06)
  Iteration 27 (of 50).   Current convergence value = 0.000438264 (threshold = 1e-06)
  Iteration 28 (of 50).   Current convergence value = 0.000428805 (threshold = 1e-06)
  Iteration 29 (of 50).   Current convergence value = 0.000420483 (threshold = 1e-06)
  Iteration 30 (of 50).   Current convergence value = 0.000411873 (threshold = 1e-06)
  Iteration 31 (of 50).   Current convergence value = 0.00040327 (threshold = 1e-06)
  Iteration 32 (of 50).   Current convergence value = 0.000395613 (threshold = 1e-06)
  Iteration 33 (of 50).   Current convergence value = 0.000388205 (threshold = 1e-06)
  Iteration 34 (of 50).   Current convergence value = 0.000381217 (threshold = 1e-06)
  Iteration 35 (of 50).   Current convergence value = 0.000374335 (threshold = 1e-06)
  Iteration 36 (of 50).   Current convergence value = 0.000367925 (threshold = 1e-06)
  Iteration 37 (of 50).   Current convergence value = 0.000361041 (threshold = 1e-06)
  Iteration 38 (of 50).   Current convergence value = 0.000355259 (threshold = 1e-06)
  Iteration 39 (of 50).   Current convergence value = 0.000348972 (threshold = 1e-06)
  Iteration 40 (of 50).   Current convergence value = 0.000343693 (threshold = 1e-06)
  Iteration 41 (of 50).   Current convergence value = 0.000338155 (threshold = 1e-06)
  Iteration 42 (of 50).   Current convergence value = 0.00033326 (threshold = 1e-06)
  Iteration 43 (of 50).   Current convergence value = 0.000328366 (threshold = 1e-06)
  Iteration 44 (of 50).   Current convergence value = 0.000323849 (threshold = 1e-06)
  Iteration 45 (of 50).   Current convergence value = 0.000319014 (threshold = 1e-06)
  Iteration 46 (of 50).   Current convergence value = 0.000314077 (threshold = 1e-06)
  Iteration 47 (of 50).   Current convergence value = 0.00030922 (threshold = 1e-06)
  Iteration 48 (of 50).   Current convergence value = 0.000304423 (threshold = 1e-06)
  Iteration 49 (of 50).   Current convergence value = 0.000301236 (threshold = 1e-06)
  Iteration 50 (of 50).   Current convergence value = 0.00029748 (threshold = 1e-06)
Current level = 3
  Iteration 1 (of 30).   Current convergence value = 0.000773974 (threshold = 1e-06)
  Iteration 2 (of 30).   Current convergence value = 0.000724026 (threshold = 1e-06)
  Iteration 3 (of 30).   Current convergence value = 0.000682843 (threshold = 1e-06)
  Iteration 4 (of 30).   Current convergence value = 0.000649524 (threshold = 1e-06)
  Iteration 5 (of 30).   Current convergence value = 0.000620927 (threshold = 1e-06)
  Iteration 6 (of 30).   Current convergence value = 0.000597301 (threshold = 1e-06)
  Iteration 7 (of 30).   Current convergence value = 0.000578685 (threshold = 1e-06)
  Iteration 8 (of 30).   Current convergence value = 0.000562047 (threshold = 1e-06)
  Iteration 9 (of 30).   Current convergence value = 0.000546611 (threshold = 1e-06)
  Iteration 10 (of 30).   Current convergence value = 0.000533033 (threshold = 1e-06)
  Iteration 11 (of 30).   Current convergence value = 0.000520537 (threshold = 1e-06)
  Iteration 12 (of 30).   Current convergence value = 0.00050827 (threshold = 1e-06)
  Iteration 13 (of 30).   Current convergence value = 0.000496998 (threshold = 1e-06)
  Iteration 14 (of 30).   Current convergence value = 0.000487489 (threshold = 1e-06)
  Iteration 15 (of 30).   Current convergence value = 0.000479306 (threshold = 1e-06)
  Iteration 16 (of 30).   Current convergence value = 0.000472144 (threshold = 1e-06)
  Iteration 17 (of 30).   Current convergence value = 0.000464285 (threshold = 1e-06)
  Iteration 18 (of 30).   Current convergence value = 0.00045732 (threshold = 1e-06)
  Iteration 19 (of 30).   Current convergence value = 0.000451321 (threshold = 1e-06)
  Iteration 20 (of 30).   Current convergence value = 0.00044411 (threshold = 1e-06)
  Iteration 21 (of 30).   Current convergence value = 0.00043856 (threshold = 1e-06)
  Iteration 22 (of 30).   Current convergence value = 0.0004324 (threshold = 1e-06)
  Iteration 23 (of 30).   Current convergence value = 0.000426424 (threshold = 1e-06)
  Iteration 24 (of 30).   Current convergence value = 0.000421184 (threshold = 1e-06)
  Iteration 25 (of 30).   Current convergence value = 0.000414896 (threshold = 1e-06)
  Iteration 26 (of 30).   Current convergence value = 0.000410084 (threshold = 1e-06)
  Iteration 27 (of 30).   Current convergence value = 0.000406219 (threshold = 1e-06)
  Iteration 28 (of 30).   Current convergence value = 0.0004015 (threshold = 1e-06)
  Iteration 29 (of 30).   Current convergence value = 0.000396909 (threshold = 1e-06)
  Iteration 30 (of 30).   Current convergence value = 0.000391634 (threshold = 1e-06)
Current level = 4
  Iteration 1 (of 20).   Current convergence value = 0.00159915 (threshold = 1e-06)
  Iteration 2 (of 20).   Current convergence value = 0.00145958 (threshold = 1e-06)
  Iteration 3 (of 20).   Current convergence value = 0.00135278 (threshold = 1e-06)
  Iteration 4 (of 20).   Current convergence value = 0.00127005 (threshold = 1e-06)
  Iteration 5 (of 20).   Current convergence value = 0.00120092 (threshold = 1e-06)
  Iteration 6 (of 20).   Current convergence value = 0.00114342 (threshold = 1e-06)
  Iteration 7 (of 20).   Current convergence value = 0.00111185 (threshold = 1e-06)
  Iteration 8 (of 20).   Current convergence value = 0.00106762 (threshold = 1e-06)
  Iteration 9 (of 20).   Current convergence value = 0.00102796 (threshold = 1e-06)
  Iteration 10 (of 20).   Current convergence value = 0.000989076 (threshold = 1e-06)
  Iteration 11 (of 20).   Current convergence value = 0.000952986 (threshold = 1e-06)
  Iteration 12 (of 20).   Current convergence value = 0.000919546 (threshold = 1e-06)
  Iteration 13 (of 20).   Current convergence value = 0.000887408 (threshold = 1e-06)
  Iteration 14 (of 20).   Current convergence value = 0.00085359 (threshold = 1e-06)
  Iteration 15 (of 20).   Current convergence value = 0.000825844 (threshold = 1e-06)
  Iteration 16 (of 20).   Current convergence value = 0.000799768 (threshold = 1e-06)
  Iteration 17 (of 20).   Current convergence value = 0.000773768 (threshold = 1e-06)
  Iteration 18 (of 20).   Current convergence value = 0.000750129 (threshold = 1e-06)
  Iteration 19 (of 20).   Current convergence value = 0.000726475 (threshold = 1e-06)
  Iteration 20 (of 20).   Current convergence value = 0.000701391 (threshold = 1e-06)
   N4BiasFieldCorrectionImageFilter (0x1ba9090)
     RTTI typeinfo:   itk::N4BiasFieldCorrectionImageFilter<itk::Image<float, 3u>, itk::Image<float, 3u>, itk::Image<float, 3u> >
     Reference Count: 1
     Modified Time: 813
     Debug: Off
     Object Name: 
     Observers: 
       IterationEvent(Command)
     Inputs: 
       Primary: (0x1bb91c0) *
       _1: (0x1bb9840)
     Indexed Inputs: 
       0: Primary (0x1bb91c0)
       1: _1 (0x1bb9840)
     Required Input Names: Primary
     NumberOfRequiredInputs: 1
     Outputs: 
       Primary: (0x1bad950)
     Indexed Outputs: 
       0: Primary (0x1bad950)
     NumberOfRequiredOutputs: 1
     Number Of Threads: 56
     ReleaseDataFlag: Off
     ReleaseDataBeforeUpdateFlag: Off
     AbortGenerateData: Off
     Progress: 0
     Multithreader: 
       RTTI typeinfo:   itk::MultiThreader
       Reference Count: 1
       Modified Time: 122
       Debug: Off
       Object Name: 
       Observers: 
         none
       Thread Count: 56
       Global Maximum Number Of Threads: 128
       Global Default Number Of Threads: 56
     CoordinateTolerance: 1e-06
     DirectionTolerance: 1e-06
     Mask label: 1
     Number of histogram bins: 200
     Wiener filter noise: 0.01
     Bias field FWHM: 0.15
     Maximum number of iterations: [50, 50, 30, 20]
     Convergence threshold: 1e-06
     Spline order: 3
     Number of fitting levels: [4, 4, 4]
     Number of control points: [4, 5, 5]
     CurrentConvergenceMeasurement: 0.000701391
     CurrentLevel: 4
     ElapsedIterations: 21
     LogBiasFieldControlPointLattice: 
       Image (0x1bb30a0)
         RTTI typeinfo:   itk::Image<itk::Vector<float, 1u>, 3u>
         Reference Count: 1
         Modified Time: 130035102
         Debug: Off
         Object Name: 
         Observers: 
           none
         Source: (none)
         Source output name: (none)
         Release Data: Off
         Data Released: False
         Global Release Data: Off
         PipelineMTime: 0
         UpdateMTime: 0
         RealTimeStamp: 0 seconds 
         LargestPossibleRegion: 
           Dimension: 3
           Index: [0, 0, 0]
           Size: [11, 19, 19]
         BufferedRegion: 
           Dimension: 3
           Index: [0, 0, 0]
           Size: [11, 19, 19]
         RequestedRegion: 
           Dimension: 3
           Index: [0, 0, 0]
           Size: [11, 19, 19]
         Spacing: [24.5, 24.85, 24.85]
         Origin: [-24.5, 24.85, -24.85]
         Direction: 
1 0 0
0 -1 0
0 0 1

         IndexToPointMatrix: 
24.5 0 0
0 -24.85 0
0 0 24.85

         PointToIndexMatrix: 
0.0408163 0 0
0 -0.0402414 0
0 0 0.0402414

         Inverse Direction: 
1 0 0
0 -1 0
0 0 1

         PixelContainer: 
           ImportImageContainer (0x1bb3360)
             RTTI typeinfo:   itk::ImportImageContainer<unsigned long, itk::Vector<float, 1u> >
             Reference Count: 1
             Modified Time: 130035103
             Debug: Off
             Object Name: 
             Observers: 
               none
             Pointer: 0x31b0e70
             Container manages memory: true
             Size: 3971
             Capacity: 3971
Elapsed time: 97.6112
STEP 2 COMPLETE
total 1350068
-rw-rw-r--  1 ccn30 ccn30       45875200 Sep 13 18:17 phas0001.img
-rw-rw-r--  1 ccn30 ccn30            352 Sep 13 18:17 phas0001.hdr
-rw-rw-r--  1 ccn30 ccn30       45875200 Sep 13 18:17 phas0000.img
-rw-rw-r--  1 ccn30 ccn30            352 Sep 13 18:17 phas0000.hdr
-rw-rw----+ 1 ccn30 wbic-p00500 52749421 Sep 13 18:25 n4mag0000_PSIR_skulled_std.nii.gz
-rw-rw----+ 1 ccn30 wbic-p00500 91750752 Sep  2 20:08 mp2rage_phase.nii.gz
-rw-rw----+ 1 ccn30 wbic-p00500 91750752 Sep  2 20:08 mp2rage_magnitude.nii.gz
-rw-rw----+ 1 ccn30 wbic-p00500 91750752 Sep 13 18:23 mmag0001.nii
-rw-rw----+ 1 ccn30 wbic-p00500 91750752 Sep 13 18:21 mmag0000.nii
-rw-rw----+ 1 ccn30 wbic-p00500 91750752 Sep 13 18:23 mag0001_skull.nii
-rw-rw----+ 1 ccn30 wbic-p00500 91750752 Sep 13 18:23 mag0001_skull_mask.nii
-rw-rw----+ 1 ccn30 wbic-p00500  4332120 Sep 13 18:22 mag0001_seg8.mat
-rw-rw-r--  1 ccn30 ccn30       45875200 Sep 13 18:17 mag0001.img
-rw-rw-r--  1 ccn30 ccn30            352 Sep 13 18:17 mag0001.hdr
-rw-rw----+ 1 ccn30 wbic-p00500 45875552 Sep 13 18:23 mag0001_brain_skull.nii
-rw-rw----+ 1 ccn30 wbic-p00500 91750752 Sep 13 18:23 mag0001_brain.nii
-rw-rw----+ 1 ccn30 wbic-p00500 45875552 Sep 13 18:23 mag0001_brain_mask.nii
-rw-rw----+ 1 ccn30 wbic-p00500  4332120 Sep 13 18:20 mag0000_seg8.mat
-rw-rw----+ 1 ccn30 wbic-p00500 52768206 Sep 13 18:23 mag0000_PSIR_skulled_std.nii.gz
-rw-rw----+ 1 ccn30 wbic-p00500 52895252 Sep 13 18:23 mag0000_PSIR_skulled.nii.gz
-rw-rw----+ 1 ccn30 wbic-p00500 51048753 Sep 13 18:18 mag0000_PSIR.nii.gz
-rw-rw----+ 1 ccn30 wbic-p00500 60374573 Sep 13 18:18 mag0000_PD_smooth.nii.gz
-rw-rw----+ 1 ccn30 wbic-p00500 52323954 Sep 13 18:18 mag0000_MP2RAGE.nii.gz
-rw-rw-r--  1 ccn30 ccn30       45875200 Sep 13 18:17 mag0000.img
-rw-rw-r--  1 ccn30 ccn30            352 Sep 13 18:17 mag0000.hdr
-rw-rw----+ 1 ccn30 wbic-p00500 22937952 Sep 13 18:23 c3mag0001.nii
-rw-rw----+ 1 ccn30 wbic-p00500 22937952 Sep 13 18:21 c3mag0000.nii
-rw-rw----+ 1 ccn30 wbic-p00500 22937952 Sep 13 18:23 c2mag0001.nii
-rw-rw----+ 1 ccn30 wbic-p00500 22937952 Sep 13 18:21 c2mag0000.nii
-rw-rw----+ 1 ccn30 wbic-p00500 22937952 Sep 13 18:23 c1mag0001.nii
-rw-rw----+ 1 ccn30 wbic-p00500 22937952 Sep 13 18:21 c1mag0000.nii
drwxrws---+ 5 ccn30 wbic-p00500     4096 Sep  2 20:08 ..
drwxrws---+ 2 ccn30 wbic-p00500     4096 Sep 13 18:25 .
STEP 3 COMPLETE
total 1388120
-rw-rw-r--  1 ccn30 ccn30       45875200 Sep 13 18:17 phas0001.img
-rw-rw-r--  1 ccn30 ccn30            352 Sep 13 18:17 phas0001.hdr
-rw-rw-r--  1 ccn30 ccn30       45875200 Sep 13 18:17 phas0000.img
-rw-rw-r--  1 ccn30 ccn30            352 Sep 13 18:17 phas0000.hdr
-rw-rw----+ 1 ccn30 wbic-p00500 91750752 Sep 13 18:25 n4mag0000_PSIR_skulled_std.nii
-rw-rw----+ 1 ccn30 wbic-p00500 91750752 Sep  2 20:08 mp2rage_phase.nii.gz
-rw-rw----+ 1 ccn30 wbic-p00500 91750752 Sep  2 20:08 mp2rage_magnitude.nii.gz
-rw-rw----+ 1 ccn30 wbic-p00500 91750752 Sep 13 18:23 mmag0001.nii
-rw-rw----+ 1 ccn30 wbic-p00500 91750752 Sep 13 18:21 mmag0000.nii
-rw-rw----+ 1 ccn30 wbic-p00500 91750752 Sep 13 18:23 mag0001_skull.nii
-rw-rw----+ 1 ccn30 wbic-p00500 91750752 Sep 13 18:23 mag0001_skull_mask.nii
-rw-rw----+ 1 ccn30 wbic-p00500  4332120 Sep 13 18:22 mag0001_seg8.mat
-rw-rw-r--  1 ccn30 ccn30       45875200 Sep 13 18:17 mag0001.img
-rw-rw-r--  1 ccn30 ccn30            352 Sep 13 18:17 mag0001.hdr
-rw-rw----+ 1 ccn30 wbic-p00500 45875552 Sep 13 18:23 mag0001_brain_skull.nii
-rw-rw----+ 1 ccn30 wbic-p00500 91750752 Sep 13 18:23 mag0001_brain.nii
-rw-rw----+ 1 ccn30 wbic-p00500 45875552 Sep 13 18:23 mag0001_brain_mask.nii
-rw-rw----+ 1 ccn30 wbic-p00500  4332120 Sep 13 18:20 mag0000_seg8.mat
-rw-rw----+ 1 ccn30 wbic-p00500 52768206 Sep 13 18:23 mag0000_PSIR_skulled_std.nii.gz
-rw-rw----+ 1 ccn30 wbic-p00500 52895252 Sep 13 18:23 mag0000_PSIR_skulled.nii.gz
-rw-rw----+ 1 ccn30 wbic-p00500 51048753 Sep 13 18:18 mag0000_PSIR.nii.gz
-rw-rw----+ 1 ccn30 wbic-p00500 60374573 Sep 13 18:18 mag0000_PD_smooth.nii.gz
-rw-rw----+ 1 ccn30 wbic-p00500 52323954 Sep 13 18:18 mag0000_MP2RAGE.nii.gz
-rw-rw-r--  1 ccn30 ccn30       45875200 Sep 13 18:17 mag0000.img
-rw-rw-r--  1 ccn30 ccn30            352 Sep 13 18:17 mag0000.hdr
-rw-rw----+ 1 ccn30 wbic-p00500 22937952 Sep 13 18:23 c3mag0001.nii
-rw-rw----+ 1 ccn30 wbic-p00500 22937952 Sep 13 18:21 c3mag0000.nii
-rw-rw----+ 1 ccn30 wbic-p00500 22937952 Sep 13 18:23 c2mag0001.nii
-rw-rw----+ 1 ccn30 wbic-p00500 22937952 Sep 13 18:21 c2mag0000.nii
-rw-rw----+ 1 ccn30 wbic-p00500 22937952 Sep 13 18:23 c1mag0001.nii
-rw-rw----+ 1 ccn30 wbic-p00500 22937952 Sep 13 18:21 c1mag0000.nii
drwxrws---+ 5 ccn30 wbic-p00500     4096 Sep  2 20:08 ..
drwxrws---+ 2 ccn30 wbic-p00500     4096 Sep 13 18:25 .

                            < M A T L A B (R) >
                  Copyright 1984-2017 The MathWorks, Inc.
                   R2017b (9.3.0.713579) 64-bit (glnxa64)
                             September 14, 2017

 
To get started, type one of these: helpwin, helpdesk, or demo.
For product information, visit www.mathworks.com.
 


------------------------------------------------------------------------
13-Sep-2021 18:26:16 - Running job #1
------------------------------------------------------------------------
13-Sep-2021 18:26:16 - Running 'Segment'

SPM12: spm_preproc_run (v7408)                     18:26:16 - 13/09/2021
========================================================================
Segment /home/ccn30/rds/rds-p00500_encrypt-URQgmO1brZ0/p00500/ENCRYPT_images/32004/mp2rage/n4mag0000_PSIR_skulled_std.nii,1
Completed                               :          18:29:44 - 13/09/2021
13-Sep-2021 18:29:44 - Done    'Segment'
13-Sep-2021 18:29:44 - Done

SPM segmentation is done...
STEP 4 COMPLETE
total 1498360
-rw-rw-r--  1 ccn30 ccn30       45875200 Sep 13 18:17 phas0001.img
-rw-rw-r--  1 ccn30 ccn30            352 Sep 13 18:17 phas0001.hdr
-rw-rw-r--  1 ccn30 ccn30       45875200 Sep 13 18:17 phas0000.img
-rw-rw-r--  1 ccn30 ccn30            352 Sep 13 18:17 phas0000.hdr
-rw-rw----+ 1 ccn30 wbic-p00500  4341760 Sep 13 18:27 n4mag0000_PSIR_skulled_std_seg8.mat
-rw-rw----+ 1 ccn30 wbic-p00500 91750752 Sep 13 18:25 n4mag0000_PSIR_skulled_std.nii
-rw-rw----+ 1 ccn30 wbic-p00500 91750752 Sep  2 20:08 mp2rage_phase.nii.gz
-rw-rw----+ 1 ccn30 wbic-p00500 91750752 Sep  2 20:08 mp2rage_magnitude.nii.gz
-rw-rw----+ 1 ccn30 wbic-p00500 91750752 Sep 13 18:23 mmag0001.nii
-rw-rw----+ 1 ccn30 wbic-p00500 91750752 Sep 13 18:21 mmag0000.nii
-rw-rw----+ 1 ccn30 wbic-p00500 91750752 Sep 13 18:23 mag0001_skull.nii
-rw-rw----+ 1 ccn30 wbic-p00500 91750752 Sep 13 18:23 mag0001_skull_mask.nii
-rw-rw----+ 1 ccn30 wbic-p00500  4332120 Sep 13 18:22 mag0001_seg8.mat
-rw-rw-r--  1 ccn30 ccn30       45875200 Sep 13 18:17 mag0001.img
-rw-rw-r--  1 ccn30 ccn30            352 Sep 13 18:17 mag0001.hdr
-rw-rw----+ 1 ccn30 wbic-p00500 45875552 Sep 13 18:23 mag0001_brain_skull.nii
-rw-rw----+ 1 ccn30 wbic-p00500 91750752 Sep 13 18:23 mag0001_brain.nii
-rw-rw----+ 1 ccn30 wbic-p00500 45875552 Sep 13 18:23 mag0001_brain_mask.nii
-rw-rw----+ 1 ccn30 wbic-p00500  4332120 Sep 13 18:20 mag0000_seg8.mat
-rw-rw----+ 1 ccn30 wbic-p00500 52768206 Sep 13 18:23 mag0000_PSIR_skulled_std.nii.gz
-rw-rw----+ 1 ccn30 wbic-p00500 52895252 Sep 13 18:23 mag0000_PSIR_skulled.nii.gz
-rw-rw----+ 1 ccn30 wbic-p00500 51048753 Sep 13 18:18 mag0000_PSIR.nii.gz
-rw-rw----+ 1 ccn30 wbic-p00500 60374573 Sep 13 18:18 mag0000_PD_smooth.nii.gz
-rw-rw----+ 1 ccn30 wbic-p00500 52323954 Sep 13 18:18 mag0000_MP2RAGE.nii.gz
-rw-rw-r--  1 ccn30 ccn30       45875200 Sep 13 18:17 mag0000.img
-rw-rw-r--  1 ccn30 ccn30            352 Sep 13 18:17 mag0000.hdr
-rw-rw----+ 1 ccn30 wbic-p00500 22937952 Sep 13 18:29 c5n4mag0000_PSIR_skulled_std.nii
-rw-rw----+ 1 ccn30 wbic-p00500 22937952 Sep 13 18:29 c4n4mag0000_PSIR_skulled_std.nii
-rw-rw----+ 1 ccn30 wbic-p00500 22937952 Sep 13 18:29 c3n4mag0000_PSIR_skulled_std.nii
-rw-rw----+ 1 ccn30 wbic-p00500 22937952 Sep 13 18:23 c3mag0001.nii
-rw-rw----+ 1 ccn30 wbic-p00500 22937952 Sep 13 18:21 c3mag0000.nii
-rw-rw----+ 1 ccn30 wbic-p00500 22937952 Sep 13 18:29 c2n4mag0000_PSIR_skulled_std.nii
-rw-rw----+ 1 ccn30 wbic-p00500 22937952 Sep 13 18:23 c2mag0001.nii
-rw-rw----+ 1 ccn30 wbic-p00500 22937952 Sep 13 18:21 c2mag0000.nii
-rw-rw----+ 1 ccn30 wbic-p00500 22937952 Sep 13 18:29 c1n4mag0000_PSIR_skulled_std.nii
-rw-rw----+ 1 ccn30 wbic-p00500 22937952 Sep 13 18:23 c1mag0001.nii
-rw-rw----+ 1 ccn30 wbic-p00500 22937952 Sep 13 18:21 c1mag0000.nii
drwxrws---+ 5 ccn30 wbic-p00500     4096 Sep  2 20:08 ..
drwxrws---+ 2 ccn30 wbic-p00500     4096 Sep 13 18:27 .

                            < M A T L A B (R) >
                  Copyright 1984-2017 The MathWorks, Inc.
                   R2017b (9.3.0.713579) 64-bit (glnxa64)
                             September 14, 2017

 
To get started, type one of these: helpwin, helpdesk, or demo.
For product information, visit www.mathworks.com.
 
Preparing data ...
Masking image 1 of 1 subjects ...
Finished skull stripping data.
STEP 5 COMPLETE
total 1593996
-rw-rw-r--  1 ccn30 ccn30       45875200 Sep 13 18:17 phas0001.img
-rw-rw-r--  1 ccn30 ccn30            352 Sep 13 18:17 phas0001.hdr
-rw-rw-r--  1 ccn30 ccn30       45875200 Sep 13 18:17 phas0000.img
-rw-rw-r--  1 ccn30 ccn30            352 Sep 13 18:17 phas0000.hdr
-rw-rw----+ 1 ccn30 wbic-p00500 91750752 Sep 13 18:30 n4mag0000_PSIR_skulled_std_struc_brain.nii
-rw-rw----+ 1 ccn30 wbic-p00500  4341760 Sep 13 18:27 n4mag0000_PSIR_skulled_std_seg8.mat
-rw-rw----+ 1 ccn30 wbic-p00500 91750752 Sep 13 18:25 n4mag0000_PSIR_skulled_std.nii
-rw-rw----+ 1 ccn30 wbic-p00500 91750752 Sep  2 20:08 mp2rage_phase.nii.gz
-rw-rw----+ 1 ccn30 wbic-p00500 91750752 Sep  2 20:08 mp2rage_magnitude.nii.gz
-rw-rw----+ 1 ccn30 wbic-p00500 91750752 Sep 13 18:23 mmag0001.nii
-rw-rw----+ 1 ccn30 wbic-p00500 91750752 Sep 13 18:21 mmag0000.nii
-rw-rw----+ 1 ccn30 wbic-p00500 91750752 Sep 13 18:23 mag0001_skull.nii
-rw-rw----+ 1 ccn30 wbic-p00500 91750752 Sep 13 18:23 mag0001_skull_mask.nii
-rw-rw----+ 1 ccn30 wbic-p00500  4332120 Sep 13 18:22 mag0001_seg8.mat
-rw-rw-r--  1 ccn30 ccn30       45875200 Sep 13 18:17 mag0001.img
-rw-rw-r--  1 ccn30 ccn30            352 Sep 13 18:17 mag0001.hdr
-rw-rw----+ 1 ccn30 wbic-p00500 45875552 Sep 13 18:23 mag0001_brain_skull.nii
-rw-rw----+ 1 ccn30 wbic-p00500 91750752 Sep 13 18:23 mag0001_brain.nii
-rw-rw----+ 1 ccn30 wbic-p00500 45875552 Sep 13 18:23 mag0001_brain_mask.nii
-rw-rw----+ 1 ccn30 wbic-p00500  4332120 Sep 13 18:20 mag0000_seg8.mat
-rw-rw----+ 1 ccn30 wbic-p00500 52768206 Sep 13 18:23 mag0000_PSIR_skulled_std.nii.gz
-rw-rw----+ 1 ccn30 wbic-p00500 52895252 Sep 13 18:23 mag0000_PSIR_skulled.nii.gz
-rw-rw----+ 1 ccn30 wbic-p00500 51048753 Sep 13 18:18 mag0000_PSIR.nii.gz
-rw-rw----+ 1 ccn30 wbic-p00500 60374573 Sep 13 18:18 mag0000_PD_smooth.nii.gz
-rw-rw----+ 1 ccn30 wbic-p00500 52323954 Sep 13 18:18 mag0000_MP2RAGE.nii.gz
-rw-rw-r--  1 ccn30 ccn30       45875200 Sep 13 18:17 mag0000.img
-rw-rw-r--  1 ccn30 ccn30            352 Sep 13 18:17 mag0000.hdr
-rw-rw----+ 1 ccn30 wbic-p00500 22937952 Sep 13 18:29 c5n4mag0000_PSIR_skulled_std.nii
-rw-rw----+ 1 ccn30 wbic-p00500 22937952 Sep 13 18:29 c4n4mag0000_PSIR_skulled_std.nii
-rw-rw----+ 1 ccn30 wbic-p00500 22937952 Sep 13 18:29 c3n4mag0000_PSIR_skulled_std.nii
-rw-rw----+ 1 ccn30 wbic-p00500 22937952 Sep 13 18:23 c3mag0001.nii
-rw-rw----+ 1 ccn30 wbic-p00500 22937952 Sep 13 18:21 c3mag0000.nii
-rw-rw----+ 1 ccn30 wbic-p00500 22937952 Sep 13 18:29 c2n4mag0000_PSIR_skulled_std.nii
-rw-rw----+ 1 ccn30 wbic-p00500 22937952 Sep 13 18:23 c2mag0001.nii
-rw-rw----+ 1 ccn30 wbic-p00500 22937952 Sep 13 18:21 c2mag0000.nii
-rw-rw----+ 1 ccn30 wbic-p00500 22937952 Sep 13 18:29 c1n4mag0000_PSIR_skulled_std.nii
-rw-rw----+ 1 ccn30 wbic-p00500 22937952 Sep 13 18:23 c1mag0001.nii
-rw-rw----+ 1 ccn30 wbic-p00500 22937952 Sep 13 18:21 c1mag0000.nii
drwxrws---+ 5 ccn30 wbic-p00500     4096 Sep  2 20:08 ..
drwxrws---+ 2 ccn30 wbic-p00500     4096 Sep 13 18:30 .
STEP 6 COMPLETE
total 1675408
-rw-rw-r--  1 ccn30 ccn30       45875200 Sep 13 18:17 phas0001.img
-rw-rw-r--  1 ccn30 ccn30            352 Sep 13 18:17 phas0001.hdr
-rw-rw-r--  1 ccn30 ccn30       45875200 Sep 13 18:17 phas0000.img
-rw-rw-r--  1 ccn30 ccn30            352 Sep 13 18:17 phas0000.hdr
-rw-rw----+ 1 ccn30 wbic-p00500 91750752 Sep 13 18:30 n4mag0000_PSIR_skulled_std_struc_brain.nii
-rw-rw----+ 1 ccn30 wbic-p00500 91750752 Sep 13 18:30 n4mag0000_PSIR_skulled_std_struc_brain_mask.nii
-rw-rw----+ 1 ccn30 wbic-p00500  4341760 Sep 13 18:27 n4mag0000_PSIR_skulled_std_seg8.mat
-rw-rw----+ 1 ccn30 wbic-p00500 91750752 Sep 13 18:25 n4mag0000_PSIR_skulled_std.nii
-rw-rw----+ 1 ccn30 wbic-p00500 91750752 Sep  2 20:08 mp2rage_phase.nii.gz
-rw-rw----+ 1 ccn30 wbic-p00500 91750752 Sep  2 20:08 mp2rage_magnitude.nii.gz
-rw-rw----+ 1 ccn30 wbic-p00500 91750752 Sep 13 18:23 mmag0001.nii
-rw-rw----+ 1 ccn30 wbic-p00500 91750752 Sep 13 18:21 mmag0000.nii
-rw-rw----+ 1 ccn30 wbic-p00500 91750752 Sep 13 18:23 mag0001_skull.nii
-rw-rw----+ 1 ccn30 wbic-p00500 91750752 Sep 13 18:23 mag0001_skull_mask.nii
-rw-rw----+ 1 ccn30 wbic-p00500  4332120 Sep 13 18:22 mag0001_seg8.mat
-rw-rw-r--  1 ccn30 ccn30       45875200 Sep 13 18:17 mag0001.img
-rw-rw-r--  1 ccn30 ccn30            352 Sep 13 18:17 mag0001.hdr
-rw-rw----+ 1 ccn30 wbic-p00500 45875552 Sep 13 18:23 mag0001_brain_skull.nii
-rw-rw----+ 1 ccn30 wbic-p00500 91750752 Sep 13 18:23 mag0001_brain.nii
-rw-rw----+ 1 ccn30 wbic-p00500 45875552 Sep 13 18:23 mag0001_brain_mask.nii
-rw-rw----+ 1 ccn30 wbic-p00500  4332120 Sep 13 18:20 mag0000_seg8.mat
-rw-rw----+ 1 ccn30 wbic-p00500 52768206 Sep 13 18:23 mag0000_PSIR_skulled_std.nii.gz
-rw-rw----+ 1 ccn30 wbic-p00500 52895252 Sep 13 18:23 mag0000_PSIR_skulled.nii.gz
-rw-rw----+ 1 ccn30 wbic-p00500 51048753 Sep 13 18:18 mag0000_PSIR.nii.gz
-rw-rw----+ 1 ccn30 wbic-p00500 60374573 Sep 13 18:18 mag0000_PD_smooth.nii.gz
-rw-rw----+ 1 ccn30 wbic-p00500 52323954 Sep 13 18:18 mag0000_MP2RAGE.nii.gz
-rw-rw-r--  1 ccn30 ccn30       45875200 Sep 13 18:17 mag0000.img
-rw-rw-r--  1 ccn30 ccn30            352 Sep 13 18:17 mag0000.hdr
-rw-rw----+ 1 ccn30 wbic-p00500 22937952 Sep 13 18:29 c5n4mag0000_PSIR_skulled_std.nii
-rw-rw----+ 1 ccn30 wbic-p00500 22937952 Sep 13 18:29 c4n4mag0000_PSIR_skulled_std.nii
-rw-rw----+ 1 ccn30 wbic-p00500 22937952 Sep 13 18:29 c3n4mag0000_PSIR_skulled_std.nii
-rw-rw----+ 1 ccn30 wbic-p00500 22937952 Sep 13 18:23 c3mag0001.nii
-rw-rw----+ 1 ccn30 wbic-p00500 22937952 Sep 13 18:21 c3mag0000.nii
-rw-rw----+ 1 ccn30 wbic-p00500 22937952 Sep 13 18:29 c2n4mag0000_PSIR_skulled_std.nii
-rw-rw----+ 1 ccn30 wbic-p00500 22937952 Sep 13 18:23 c2mag0001.nii
-rw-rw----+ 1 ccn30 wbic-p00500 22937952 Sep 13 18:21 c2mag0000.nii
-rw-rw----+ 1 ccn30 wbic-p00500 22937952 Sep 13 18:29 c1n4mag0000_PSIR_skulled_std.nii
-rw-rw----+ 1 ccn30 wbic-p00500 22937952 Sep 13 18:23 c1mag0001.nii
-rw-rw----+ 1 ccn30 wbic-p00500 22937952 Sep 13 18:21 c1mag0000.nii
drwxrws---+ 5 ccn30 wbic-p00500     4096 Sep  2 20:08 ..
drwxrws---+ 2 ccn30 wbic-p00500     4096 Sep 13 18:30 .
