This is job 44
Time: Mon 13 Sep 18:17:19 BST 2021
Running on master node: cpu-p-193
Current directory: /rds/user/ccn30/hpc-work/WBIC_lustre/ENCRYPT/scripts/ImagePrep/mp2rage/slurmoutputs
Changed directory to /home/ccn30/rds/hpc-work/WBIC_lustre/ENCRYPT/scripts/ImagePrep/mp2rage/slurmoutputs.

JobID: 46418954
======
Time: Mon 13 Sep 18:17:19 BST 2021
Running on master node: cpu-p-193
Current directory: /home/ccn30/rds/hpc-work/WBIC_lustre/ENCRYPT/scripts/ImagePrep/mp2rage/slurmoutputs

Nodes allocated:
================
cpu-p-193

numtasks=, numnodes=, mpi_tasks_per_node= (OMP_NUM_THREADS=1)

Executing command:
==================
/home/ccn30/rds/hpc-work/WBIC_lustre/ENCRYPT/scripts/ImagePrep/mp2rage/mp2rage_processing.sh /home/ccn30/rds/hpc-work/WBIC_lustre/ENCRYPT/ENCRYPT_MasterRIScodes.txt 44 /home/ccn30/rds/hpc-work/WBIC_lustre/ENCRYPT/scripts/ImagePrep/mp2rage /usr/local/Cluster-Apps/matlab/R2017b /usr/local/software/spm/spm12 /home/ccn30/rds/rds-p00500_encrypt-URQgmO1brZ0/p00500/ENCRYPT_images /usr/local/Cluster-Apps/fsl/5.0.8/fsl

Starting 32535
/home/ccn30/rds/rds-p00500_encrypt-URQgmO1brZ0/p00500/ENCRYPT_images/32535/mp2rage
STARTING mp2rage PREPROCESSING
total 318404
-rw-rw----+ 1 ccn30 wbic-p00500 45875552 Sep 13 18:17 phas0001.nii
-rw-rw----+ 1 ccn30 wbic-p00500 45875552 Sep 13 18:17 phas0000.nii
-rw-rw----+ 1 ccn30 wbic-p00500 91750752 Sep  2 13:53 mp2rage_phase.nii.gz
-rw-rw----+ 1 ccn30 wbic-p00500 91750752 Sep  2 13:53 mp2rage_magnitude.nii.gz
-rw-rw----+ 1 ccn30 wbic-p00500 45875552 Sep 13 18:17 mag0001.nii
-rw-rw----+ 1 ccn30 wbic-p00500 45875552 Sep 13 18:17 mag0000.nii
drwxrws---+ 5 ccn30 wbic-p00500     4096 Sep  2 13:53 ..
drwxrws---+ 2 ccn30 wbic-p00500     4096 Sep 13 18:17 .
The folder where the PSIR is is /home/ccn30/rds/rds-p00500_encrypt-URQgmO1brZ0/p00500/ENCRYPT_images/32535/mp2rage
The script directory is /home/ccn30/rds/hpc-work/WBIC_lustre/ENCRYPT/scripts/ImagePrep/mp2rage
The SPM directory is /usr/local/software/spm/spm12
/home/ccn30/rds/rds-p00500_encrypt-URQgmO1brZ0/p00500/ENCRYPT_images/32535/mp2rage/mag0000 and /home/ccn30/rds/rds-p00500_encrypt-URQgmO1brZ0/p00500/ENCRYPT_images/32535/mp2rage/mag0001 and /home/ccn30/rds/rds-p00500_encrypt-URQgmO1brZ0/p00500/ENCRYPT_images/32535/mp2rage/phas0000 and /home/ccn30/rds/rds-p00500_encrypt-URQgmO1brZ0/p00500/ENCRYPT_images/32535/mp2rage/phas0001 are the files selected
0.000000 0.000000 -1.000000 156.099991 
-1.000000 0.000000 0.000000 223.300003 
0.000000 1.000000 0.000000 0.000000 
0.000000 0.000000 0.000000 1.000000 

0.000000 0.000000 -1.000000 156.099991 
-1.000000 0.000000 0.000000 223.300003 
0.000000 1.000000 0.000000 0.000000 
0.000000 0.000000 0.000000 1.000000 

0.000000 0.000000 -1.000000 156.099991 
-1.000000 0.000000 0.000000 223.300003 
0.000000 1.000000 0.000000 0.000000 
0.000000 0.000000 0.000000 1.000000 

0.000000 0.000000 -1.000000 156.099991 
-1.000000 0.000000 0.000000 223.300003 
0.000000 1.000000 0.000000 0.000000 
0.000000 0.000000 0.000000 1.000000 


                            < M A T L A B (R) >
                  Copyright 1984-2017 The MathWorks, Inc.
                   R2017b (9.3.0.713579) 64-bit (glnxa64)
                             September 14, 2017

 
To get started, type one of these: helpwin, helpdesk, or demo.
For product information, visit www.mathworks.com.
 
You are in the PSIR function
Phase data rescaled to radians (Assuming Siemens data range [0 4095])
320  320  224    2is the image dimension
 
 
 
The PSIR reconstruction is done.
/home/ccn30/rds/rds-p00500_encrypt-URQgmO1brZ0/p00500/ENCRYPT_images/32535/mp2rage/mag0000

                            < M A T L A B (R) >
                  Copyright 1984-2017 The MathWorks, Inc.
                   R2017b (9.3.0.713579) 64-bit (glnxa64)
                             September 14, 2017

 
To get started, type one of these: helpwin, helpdesk, or demo.
For product information, visit www.mathworks.com.
 
You are in the PSIR function


------------------------------------------------------------------------
13-Sep-2021 18:18:22 - Running job #1
------------------------------------------------------------------------
13-Sep-2021 18:18:22 - Running 'Segment'

SPM12: spm_preproc_run (v7408)                     18:18:22 - 13/09/2021
========================================================================
Segment /home/ccn30/rds/rds-p00500_encrypt-URQgmO1brZ0/p00500/ENCRYPT_images/32535/mp2rage/mag0000.img,1
Segment /home/ccn30/rds/rds-p00500_encrypt-URQgmO1brZ0/p00500/ENCRYPT_images/32535/mp2rage/mag0001.img,1
Completed                               :          18:22:49 - 13/09/2021
13-Sep-2021 18:22:49 - Done    'Segment'
13-Sep-2021 18:22:49 - Done

SPM is done...
STEP 1 COMPLETE
total 1210644
-rw-rw-r--  1 ccn30 ccn30       45875200 Sep 13 18:17 phas0001.img
-rw-rw-r--  1 ccn30 ccn30            352 Sep 13 18:17 phas0001.hdr
-rw-rw-r--  1 ccn30 ccn30       45875200 Sep 13 18:17 phas0000.img
-rw-rw-r--  1 ccn30 ccn30            352 Sep 13 18:17 phas0000.hdr
-rw-rw----+ 1 ccn30 wbic-p00500 91750752 Sep  2 13:53 mp2rage_phase.nii.gz
-rw-rw----+ 1 ccn30 wbic-p00500 91750752 Sep  2 13:53 mp2rage_magnitude.nii.gz
-rw-rw----+ 1 ccn30 wbic-p00500 91750752 Sep 13 18:22 mmag0001.nii
-rw-rw----+ 1 ccn30 wbic-p00500 91750752 Sep 13 18:19 mmag0000.nii
-rw-rw----+ 1 ccn30 wbic-p00500 91750752 Sep 13 18:23 mag0001_skull.nii
-rw-rw----+ 1 ccn30 wbic-p00500 91750752 Sep 13 18:23 mag0001_skull_mask.nii
-rw-rw----+ 1 ccn30 wbic-p00500  4332120 Sep 13 18:22 mag0001_seg8.mat
-rw-rw-r--  1 ccn30 ccn30       45875200 Sep 13 18:17 mag0001.img
-rw-rw-r--  1 ccn30 ccn30            352 Sep 13 18:17 mag0001.hdr
-rw-rw----+ 1 ccn30 wbic-p00500 45875552 Sep 13 18:23 mag0001_brain_skull.nii
-rw-rw----+ 1 ccn30 wbic-p00500 91750752 Sep 13 18:23 mag0001_brain.nii
-rw-rw----+ 1 ccn30 wbic-p00500 45875552 Sep 13 18:23 mag0001_brain_mask.nii
-rw-rw----+ 1 ccn30 wbic-p00500  4332120 Sep 13 18:19 mag0000_seg8.mat
-rw-rw----+ 1 ccn30 wbic-p00500 91750752 Sep 13 18:23 mag0000_PSIR_skulled.nii
-rw-rw----+ 1 ccn30 wbic-p00500 51003942 Sep 13 18:18 mag0000_PSIR.nii.gz
-rw-rw----+ 1 ccn30 wbic-p00500 59774619 Sep 13 18:17 mag0000_PD_smooth.nii.gz
-rw-rw----+ 1 ccn30 wbic-p00500 52057920 Sep 13 18:17 mag0000_MP2RAGE.nii.gz
-rw-rw-r--  1 ccn30 ccn30       45875200 Sep 13 18:17 mag0000.img
-rw-rw-r--  1 ccn30 ccn30            352 Sep 13 18:17 mag0000.hdr
-rw-rw----+ 1 ccn30 wbic-p00500 22937952 Sep 13 18:22 c3mag0001.nii
-rw-rw----+ 1 ccn30 wbic-p00500 22937952 Sep 13 18:20 c3mag0000.nii
-rw-rw----+ 1 ccn30 wbic-p00500 22937952 Sep 13 18:22 c2mag0001.nii
-rw-rw----+ 1 ccn30 wbic-p00500 22937952 Sep 13 18:20 c2mag0000.nii
-rw-rw----+ 1 ccn30 wbic-p00500 22937952 Sep 13 18:22 c1mag0001.nii
-rw-rw----+ 1 ccn30 wbic-p00500 22937952 Sep 13 18:20 c1mag0000.nii
drwxrws---+ 5 ccn30 wbic-p00500     4096 Sep  2 13:53 ..
drwxrws---+ 2 ccn30 wbic-p00500     4096 Sep 13 18:23 .
STEP 1.1 COMPLETE
total 1267992
-rw-rw-r--  1 ccn30 ccn30       45875200 Sep 13 18:17 phas0001.img
-rw-rw-r--  1 ccn30 ccn30            352 Sep 13 18:17 phas0001.hdr
-rw-rw-r--  1 ccn30 ccn30       45875200 Sep 13 18:17 phas0000.img
-rw-rw-r--  1 ccn30 ccn30            352 Sep 13 18:17 phas0000.hdr
-rw-rw----+ 1 ccn30 wbic-p00500 91750752 Sep  2 13:53 mp2rage_phase.nii.gz
-rw-rw----+ 1 ccn30 wbic-p00500 91750752 Sep  2 13:53 mp2rage_magnitude.nii.gz
-rw-rw----+ 1 ccn30 wbic-p00500 91750752 Sep 13 18:22 mmag0001.nii
-rw-rw----+ 1 ccn30 wbic-p00500 91750752 Sep 13 18:19 mmag0000.nii
-rw-rw----+ 1 ccn30 wbic-p00500 91750752 Sep 13 18:23 mag0001_skull.nii
-rw-rw----+ 1 ccn30 wbic-p00500 91750752 Sep 13 18:23 mag0001_skull_mask.nii
-rw-rw----+ 1 ccn30 wbic-p00500  4332120 Sep 13 18:22 mag0001_seg8.mat
-rw-rw-r--  1 ccn30 ccn30       45875200 Sep 13 18:17 mag0001.img
-rw-rw-r--  1 ccn30 ccn30            352 Sep 13 18:17 mag0001.hdr
-rw-rw----+ 1 ccn30 wbic-p00500 45875552 Sep 13 18:23 mag0001_brain_skull.nii
-rw-rw----+ 1 ccn30 wbic-p00500 91750752 Sep 13 18:23 mag0001_brain.nii
-rw-rw----+ 1 ccn30 wbic-p00500 45875552 Sep 13 18:23 mag0001_brain_mask.nii
-rw-rw----+ 1 ccn30 wbic-p00500  4332120 Sep 13 18:19 mag0000_seg8.mat
-rw-rw----+ 1 ccn30 wbic-p00500 52445254 Sep 13 18:23 mag0000_PSIR_skulled_std.nii.gz
-rw-rw----+ 1 ccn30 wbic-p00500 52747991 Sep 13 18:23 mag0000_PSIR_skulled.nii.gz
-rw-rw----+ 1 ccn30 wbic-p00500 51003942 Sep 13 18:18 mag0000_PSIR.nii.gz
-rw-rw----+ 1 ccn30 wbic-p00500 59774619 Sep 13 18:17 mag0000_PD_smooth.nii.gz
-rw-rw----+ 1 ccn30 wbic-p00500 52057920 Sep 13 18:17 mag0000_MP2RAGE.nii.gz
-rw-rw-r--  1 ccn30 ccn30       45875200 Sep 13 18:17 mag0000.img
-rw-rw-r--  1 ccn30 ccn30            352 Sep 13 18:17 mag0000.hdr
-rw-rw----+ 1 ccn30 wbic-p00500 22937952 Sep 13 18:22 c3mag0001.nii
-rw-rw----+ 1 ccn30 wbic-p00500 22937952 Sep 13 18:20 c3mag0000.nii
-rw-rw----+ 1 ccn30 wbic-p00500 22937952 Sep 13 18:22 c2mag0001.nii
-rw-rw----+ 1 ccn30 wbic-p00500 22937952 Sep 13 18:20 c2mag0000.nii
-rw-rw----+ 1 ccn30 wbic-p00500 22937952 Sep 13 18:22 c1mag0001.nii
-rw-rw----+ 1 ccn30 wbic-p00500 22937952 Sep 13 18:20 c1mag0000.nii
drwxrws---+ 5 ccn30 wbic-p00500     4096 Sep  2 13:53 ..
drwxrws---+ 2 ccn30 wbic-p00500     4096 Sep 13 18:23 .

Running N4 for 3-dimensional images.

Mask not read.  Creating Otsu mask.
Current level = 1
  Iteration 1 (of 50).   Current convergence value = 0.000601584 (threshold = 1e-06)
  Iteration 2 (of 50).   Current convergence value = 0.000592669 (threshold = 1e-06)
  Iteration 3 (of 50).   Current convergence value = 0.000582334 (threshold = 1e-06)
  Iteration 4 (of 50).   Current convergence value = 0.000572278 (threshold = 1e-06)
  Iteration 5 (of 50).   Current convergence value = 0.000564241 (threshold = 1e-06)
  Iteration 6 (of 50).   Current convergence value = 0.00055808 (threshold = 1e-06)
  Iteration 7 (of 50).   Current convergence value = 0.000549715 (threshold = 1e-06)
  Iteration 8 (of 50).   Current convergence value = 0.000540728 (threshold = 1e-06)
  Iteration 9 (of 50).   Current convergence value = 0.000532924 (threshold = 1e-06)
  Iteration 10 (of 50).   Current convergence value = 0.000527235 (threshold = 1e-06)
  Iteration 11 (of 50).   Current convergence value = 0.000521472 (threshold = 1e-06)
  Iteration 12 (of 50).   Current convergence value = 0.000515713 (threshold = 1e-06)
  Iteration 13 (of 50).   Current convergence value = 0.000507893 (threshold = 1e-06)
  Iteration 14 (of 50).   Current convergence value = 0.000501728 (threshold = 1e-06)
  Iteration 15 (of 50).   Current convergence value = 0.000496315 (threshold = 1e-06)
  Iteration 16 (of 50).   Current convergence value = 0.000490862 (threshold = 1e-06)
  Iteration 17 (of 50).   Current convergence value = 0.000485753 (threshold = 1e-06)
  Iteration 18 (of 50).   Current convergence value = 0.000480692 (threshold = 1e-06)
  Iteration 19 (of 50).   Current convergence value = 0.000476501 (threshold = 1e-06)
  Iteration 20 (of 50).   Current convergence value = 0.000471467 (threshold = 1e-06)
  Iteration 21 (of 50).   Current convergence value = 0.000466297 (threshold = 1e-06)
  Iteration 22 (of 50).   Current convergence value = 0.000461253 (threshold = 1e-06)
  Iteration 23 (of 50).   Current convergence value = 0.000456781 (threshold = 1e-06)
  Iteration 24 (of 50).   Current convergence value = 0.000452588 (threshold = 1e-06)
  Iteration 25 (of 50).   Current convergence value = 0.000448508 (threshold = 1e-06)
  Iteration 26 (of 50).   Current convergence value = 0.000444399 (threshold = 1e-06)
  Iteration 27 (of 50).   Current convergence value = 0.00044021 (threshold = 1e-06)
  Iteration 28 (of 50).   Current convergence value = 0.00043698 (threshold = 1e-06)
  Iteration 29 (of 50).   Current convergence value = 0.000433648 (threshold = 1e-06)
  Iteration 30 (of 50).   Current convergence value = 0.000429989 (threshold = 1e-06)
  Iteration 31 (of 50).   Current convergence value = 0.000426126 (threshold = 1e-06)
  Iteration 32 (of 50).   Current convergence value = 0.00042187 (threshold = 1e-06)
  Iteration 33 (of 50).   Current convergence value = 0.000418381 (threshold = 1e-06)
  Iteration 34 (of 50).   Current convergence value = 0.000414919 (threshold = 1e-06)
  Iteration 35 (of 50).   Current convergence value = 0.000411473 (threshold = 1e-06)
  Iteration 36 (of 50).   Current convergence value = 0.00040837 (threshold = 1e-06)
  Iteration 37 (of 50).   Current convergence value = 0.000405206 (threshold = 1e-06)
  Iteration 38 (of 50).   Current convergence value = 0.000402093 (threshold = 1e-06)
  Iteration 39 (of 50).   Current convergence value = 0.000399244 (threshold = 1e-06)
  Iteration 40 (of 50).   Current convergence value = 0.000396725 (threshold = 1e-06)
  Iteration 41 (of 50).   Current convergence value = 0.00039441 (threshold = 1e-06)
  Iteration 42 (of 50).   Current convergence value = 0.000391814 (threshold = 1e-06)
  Iteration 43 (of 50).   Current convergence value = 0.000389441 (threshold = 1e-06)
  Iteration 44 (of 50).   Current convergence value = 0.000386642 (threshold = 1e-06)
  Iteration 45 (of 50).   Current convergence value = 0.00038369 (threshold = 1e-06)
  Iteration 46 (of 50).   Current convergence value = 0.000380681 (threshold = 1e-06)
  Iteration 47 (of 50).   Current convergence value = 0.000377981 (threshold = 1e-06)
  Iteration 48 (of 50).   Current convergence value = 0.000375148 (threshold = 1e-06)
  Iteration 49 (of 50).   Current convergence value = 0.000372661 (threshold = 1e-06)
  Iteration 50 (of 50).   Current convergence value = 0.000370294 (threshold = 1e-06)
Current level = 2
  Iteration 1 (of 50).   Current convergence value = 0.000753636 (threshold = 1e-06)
  Iteration 2 (of 50).   Current convergence value = 0.000733068 (threshold = 1e-06)
  Iteration 3 (of 50).   Current convergence value = 0.000714472 (threshold = 1e-06)
  Iteration 4 (of 50).   Current convergence value = 0.000696794 (threshold = 1e-06)
  Iteration 5 (of 50).   Current convergence value = 0.000679651 (threshold = 1e-06)
  Iteration 6 (of 50).   Current convergence value = 0.000662797 (threshold = 1e-06)
  Iteration 7 (of 50).   Current convergence value = 0.000648182 (threshold = 1e-06)
  Iteration 8 (of 50).   Current convergence value = 0.000633354 (threshold = 1e-06)
  Iteration 9 (of 50).   Current convergence value = 0.000619814 (threshold = 1e-06)
  Iteration 10 (of 50).   Current convergence value = 0.000606333 (threshold = 1e-06)
  Iteration 11 (of 50).   Current convergence value = 0.000593205 (threshold = 1e-06)
  Iteration 12 (of 50).   Current convergence value = 0.000581482 (threshold = 1e-06)
  Iteration 13 (of 50).   Current convergence value = 0.000570001 (threshold = 1e-06)
  Iteration 14 (of 50).   Current convergence value = 0.000559071 (threshold = 1e-06)
  Iteration 15 (of 50).   Current convergence value = 0.000548761 (threshold = 1e-06)
  Iteration 16 (of 50).   Current convergence value = 0.000538124 (threshold = 1e-06)
  Iteration 17 (of 50).   Current convergence value = 0.000528709 (threshold = 1e-06)
  Iteration 18 (of 50).   Current convergence value = 0.000519435 (threshold = 1e-06)
  Iteration 19 (of 50).   Current convergence value = 0.000510569 (threshold = 1e-06)
  Iteration 20 (of 50).   Current convergence value = 0.000501655 (threshold = 1e-06)
  Iteration 21 (of 50).   Current convergence value = 0.000493665 (threshold = 1e-06)
  Iteration 22 (of 50).   Current convergence value = 0.00048572 (threshold = 1e-06)
  Iteration 23 (of 50).   Current convergence value = 0.000478369 (threshold = 1e-06)
  Iteration 24 (of 50).   Current convergence value = 0.000471206 (threshold = 1e-06)
  Iteration 25 (of 50).   Current convergence value = 0.000463043 (threshold = 1e-06)
  Iteration 26 (of 50).   Current convergence value = 0.000456728 (threshold = 1e-06)
  Iteration 27 (of 50).   Current convergence value = 0.000450018 (threshold = 1e-06)
  Iteration 28 (of 50).   Current convergence value = 0.000443865 (threshold = 1e-06)
  Iteration 29 (of 50).   Current convergence value = 0.000437429 (threshold = 1e-06)
  Iteration 30 (of 50).   Current convergence value = 0.000431496 (threshold = 1e-06)
  Iteration 31 (of 50).   Current convergence value = 0.000425517 (threshold = 1e-06)
  Iteration 32 (of 50).   Current convergence value = 0.000420045 (threshold = 1e-06)
  Iteration 33 (of 50).   Current convergence value = 0.000414121 (threshold = 1e-06)
  Iteration 34 (of 50).   Current convergence value = 0.000408489 (threshold = 1e-06)
  Iteration 35 (of 50).   Current convergence value = 0.000403503 (threshold = 1e-06)
  Iteration 36 (of 50).   Current convergence value = 0.000398288 (threshold = 1e-06)
  Iteration 37 (of 50).   Current convergence value = 0.000393558 (threshold = 1e-06)
  Iteration 38 (of 50).   Current convergence value = 0.000389205 (threshold = 1e-06)
  Iteration 39 (of 50).   Current convergence value = 0.000385099 (threshold = 1e-06)
  Iteration 40 (of 50).   Current convergence value = 0.000380109 (threshold = 1e-06)
  Iteration 41 (of 50).   Current convergence value = 0.000374868 (threshold = 1e-06)
  Iteration 42 (of 50).   Current convergence value = 0.000370927 (threshold = 1e-06)
  Iteration 43 (of 50).   Current convergence value = 0.000366334 (threshold = 1e-06)
  Iteration 44 (of 50).   Current convergence value = 0.000362352 (threshold = 1e-06)
  Iteration 45 (of 50).   Current convergence value = 0.000357727 (threshold = 1e-06)
  Iteration 46 (of 50).   Current convergence value = 0.000353513 (threshold = 1e-06)
  Iteration 47 (of 50).   Current convergence value = 0.000348915 (threshold = 1e-06)
  Iteration 48 (of 50).   Current convergence value = 0.000344301 (threshold = 1e-06)
  Iteration 49 (of 50).   Current convergence value = 0.000340667 (threshold = 1e-06)
  Iteration 50 (of 50).   Current convergence value = 0.000336115 (threshold = 1e-06)
Current level = 3
  Iteration 1 (of 30).   Current convergence value = 0.000810297 (threshold = 1e-06)
  Iteration 2 (of 30).   Current convergence value = 0.000763311 (threshold = 1e-06)
  Iteration 3 (of 30).   Current convergence value = 0.000721251 (threshold = 1e-06)
  Iteration 4 (of 30).   Current convergence value = 0.000684534 (threshold = 1e-06)
  Iteration 5 (of 30).   Current convergence value = 0.00065159 (threshold = 1e-06)
  Iteration 6 (of 30).   Current convergence value = 0.000622743 (threshold = 1e-06)
  Iteration 7 (of 30).   Current convergence value = 0.000597283 (threshold = 1e-06)
  Iteration 8 (of 30).   Current convergence value = 0.000574737 (threshold = 1e-06)
  Iteration 9 (of 30).   Current convergence value = 0.000554898 (threshold = 1e-06)
  Iteration 10 (of 30).   Current convergence value = 0.000536936 (threshold = 1e-06)
  Iteration 11 (of 30).   Current convergence value = 0.000521346 (threshold = 1e-06)
  Iteration 12 (of 30).   Current convergence value = 0.000508116 (threshold = 1e-06)
  Iteration 13 (of 30).   Current convergence value = 0.000496135 (threshold = 1e-06)
  Iteration 14 (of 30).   Current convergence value = 0.000485067 (threshold = 1e-06)
  Iteration 15 (of 30).   Current convergence value = 0.000475161 (threshold = 1e-06)
  Iteration 16 (of 30).   Current convergence value = 0.000465408 (threshold = 1e-06)
  Iteration 17 (of 30).   Current convergence value = 0.000456685 (threshold = 1e-06)
  Iteration 18 (of 30).   Current convergence value = 0.00044889 (threshold = 1e-06)
  Iteration 19 (of 30).   Current convergence value = 0.000441877 (threshold = 1e-06)
  Iteration 20 (of 30).   Current convergence value = 0.000434742 (threshold = 1e-06)
  Iteration 21 (of 30).   Current convergence value = 0.000428733 (threshold = 1e-06)
  Iteration 22 (of 30).   Current convergence value = 0.00042256 (threshold = 1e-06)
  Iteration 23 (of 30).   Current convergence value = 0.000416788 (threshold = 1e-06)
  Iteration 24 (of 30).   Current convergence value = 0.000411942 (threshold = 1e-06)
  Iteration 25 (of 30).   Current convergence value = 0.000406762 (threshold = 1e-06)
  Iteration 26 (of 30).   Current convergence value = 0.000402217 (threshold = 1e-06)
  Iteration 27 (of 30).   Current convergence value = 0.000398488 (threshold = 1e-06)
  Iteration 28 (of 30).   Current convergence value = 0.000394236 (threshold = 1e-06)
  Iteration 29 (of 30).   Current convergence value = 0.000390083 (threshold = 1e-06)
  Iteration 30 (of 30).   Current convergence value = 0.000386879 (threshold = 1e-06)
Current level = 4
  Iteration 1 (of 20).   Current convergence value = 0.00167734 (threshold = 1e-06)
  Iteration 2 (of 20).   Current convergence value = 0.00154241 (threshold = 1e-06)
  Iteration 3 (of 20).   Current convergence value = 0.00143336 (threshold = 1e-06)
  Iteration 4 (of 20).   Current convergence value = 0.00134549 (threshold = 1e-06)
  Iteration 5 (of 20).   Current convergence value = 0.00127304 (threshold = 1e-06)
  Iteration 6 (of 20).   Current convergence value = 0.00121269 (threshold = 1e-06)
  Iteration 7 (of 20).   Current convergence value = 0.00116449 (threshold = 1e-06)
  Iteration 8 (of 20).   Current convergence value = 0.00112189 (threshold = 1e-06)
  Iteration 9 (of 20).   Current convergence value = 0.00108505 (threshold = 1e-06)
  Iteration 10 (of 20).   Current convergence value = 0.00104983 (threshold = 1e-06)
  Iteration 11 (of 20).   Current convergence value = 0.00101844 (threshold = 1e-06)
  Iteration 12 (of 20).   Current convergence value = 0.000990914 (threshold = 1e-06)
  Iteration 13 (of 20).   Current convergence value = 0.000963568 (threshold = 1e-06)
  Iteration 14 (of 20).   Current convergence value = 0.000936725 (threshold = 1e-06)
  Iteration 15 (of 20).   Current convergence value = 0.000910762 (threshold = 1e-06)
  Iteration 16 (of 20).   Current convergence value = 0.000887624 (threshold = 1e-06)
  Iteration 17 (of 20).   Current convergence value = 0.000864954 (threshold = 1e-06)
  Iteration 18 (of 20).   Current convergence value = 0.000840571 (threshold = 1e-06)
  Iteration 19 (of 20).   Current convergence value = 0.000816999 (threshold = 1e-06)
  Iteration 20 (of 20).   Current convergence value = 0.000797326 (threshold = 1e-06)
   N4BiasFieldCorrectionImageFilter (0x3361090)
     RTTI typeinfo:   itk::N4BiasFieldCorrectionImageFilter<itk::Image<float, 3u>, itk::Image<float, 3u>, itk::Image<float, 3u> >
     Reference Count: 1
     Modified Time: 813
     Debug: Off
     Object Name: 
     Observers: 
       IterationEvent(Command)
     Inputs: 
       Primary: (0x33711c0) *
       _1: (0x3371840)
     Indexed Inputs: 
       0: Primary (0x33711c0)
       1: _1 (0x3371840)
     Required Input Names: Primary
     NumberOfRequiredInputs: 1
     Outputs: 
       Primary: (0x3365950)
     Indexed Outputs: 
       0: Primary (0x3365950)
     NumberOfRequiredOutputs: 1
     Number Of Threads: 56
     ReleaseDataFlag: Off
     ReleaseDataBeforeUpdateFlag: Off
     AbortGenerateData: Off
     Progress: 0
     Multithreader: 
       RTTI typeinfo:   itk::MultiThreader
       Reference Count: 1
       Modified Time: 122
       Debug: Off
       Object Name: 
       Observers: 
         none
       Thread Count: 56
       Global Maximum Number Of Threads: 128
       Global Default Number Of Threads: 56
     CoordinateTolerance: 1e-06
     DirectionTolerance: 1e-06
     Mask label: 1
     Number of histogram bins: 200
     Wiener filter noise: 0.01
     Bias field FWHM: 0.15
     Maximum number of iterations: [50, 50, 30, 20]
     Convergence threshold: 1e-06
     Spline order: 3
     Number of fitting levels: [4, 4, 4]
     Number of control points: [4, 5, 5]
     CurrentConvergenceMeasurement: 0.000797326
     CurrentLevel: 4
     ElapsedIterations: 21
     LogBiasFieldControlPointLattice: 
       Image (0x336b0a0)
         RTTI typeinfo:   itk::Image<itk::Vector<float, 1u>, 3u>
         Reference Count: 1
         Modified Time: 118765602
         Debug: Off
         Object Name: 
         Observers: 
           none
         Source: (none)
         Source output name: (none)
         Release Data: Off
         Data Released: False
         Global Release Data: Off
         PipelineMTime: 0
         UpdateMTime: 0
         RealTimeStamp: 0 seconds 
         LargestPossibleRegion: 
           Dimension: 3
           Index: [0, 0, 0]
           Size: [11, 19, 19]
         BufferedRegion: 
           Dimension: 3
           Index: [0, 0, 0]
           Size: [11, 19, 19]
         RequestedRegion: 
           Dimension: 3
           Index: [0, 0, 0]
           Size: [11, 19, 19]
         Spacing: [24.5, 24.85, 24.85]
         Origin: [-24.5, 24.85, -24.85]
         Direction: 
1 0 0
0 -1 0
0 0 1

         IndexToPointMatrix: 
24.5 0 0
0 -24.85 0
0 0 24.85

         PointToIndexMatrix: 
0.0408163 0 0
0 -0.0402414 0
0 0 0.0402414

         Inverse Direction: 
1 0 0
0 -1 0
0 0 1

         PixelContainer: 
           ImportImageContainer (0x336b360)
             RTTI typeinfo:   itk::ImportImageContainer<unsigned long, itk::Vector<float, 1u> >
             Reference Count: 1
             Modified Time: 118765603
             Debug: Off
             Object Name: 
             Observers: 
               none
             Pointer: 0x4968e70
             Container manages memory: true
             Size: 3971
             Capacity: 3971
Elapsed time: 94.5092
STEP 2 COMPLETE
total 1349896
-rw-rw-r--  1 ccn30 ccn30       45875200 Sep 13 18:17 phas0001.img
-rw-rw-r--  1 ccn30 ccn30            352 Sep 13 18:17 phas0001.hdr
-rw-rw-r--  1 ccn30 ccn30       45875200 Sep 13 18:17 phas0000.img
-rw-rw-r--  1 ccn30 ccn30            352 Sep 13 18:17 phas0000.hdr
-rw-rw----+ 1 ccn30 wbic-p00500 52479365 Sep 13 18:25 n4mag0000_PSIR_skulled_std.nii.gz
-rw-rw----+ 1 ccn30 wbic-p00500 91750752 Sep  2 13:53 mp2rage_phase.nii.gz
-rw-rw----+ 1 ccn30 wbic-p00500 91750752 Sep  2 13:53 mp2rage_magnitude.nii.gz
-rw-rw----+ 1 ccn30 wbic-p00500 91750752 Sep 13 18:22 mmag0001.nii
-rw-rw----+ 1 ccn30 wbic-p00500 91750752 Sep 13 18:19 mmag0000.nii
-rw-rw----+ 1 ccn30 wbic-p00500 91750752 Sep 13 18:23 mag0001_skull.nii
-rw-rw----+ 1 ccn30 wbic-p00500 91750752 Sep 13 18:23 mag0001_skull_mask.nii
-rw-rw----+ 1 ccn30 wbic-p00500  4332120 Sep 13 18:22 mag0001_seg8.mat
-rw-rw-r--  1 ccn30 ccn30       45875200 Sep 13 18:17 mag0001.img
-rw-rw-r--  1 ccn30 ccn30            352 Sep 13 18:17 mag0001.hdr
-rw-rw----+ 1 ccn30 wbic-p00500 45875552 Sep 13 18:23 mag0001_brain_skull.nii
-rw-rw----+ 1 ccn30 wbic-p00500 91750752 Sep 13 18:23 mag0001_brain.nii
-rw-rw----+ 1 ccn30 wbic-p00500 45875552 Sep 13 18:23 mag0001_brain_mask.nii
-rw-rw----+ 1 ccn30 wbic-p00500  4332120 Sep 13 18:19 mag0000_seg8.mat
-rw-rw----+ 1 ccn30 wbic-p00500 52445254 Sep 13 18:23 mag0000_PSIR_skulled_std.nii.gz
-rw-rw----+ 1 ccn30 wbic-p00500 52747991 Sep 13 18:23 mag0000_PSIR_skulled.nii.gz
-rw-rw----+ 1 ccn30 wbic-p00500 51003942 Sep 13 18:18 mag0000_PSIR.nii.gz
-rw-rw----+ 1 ccn30 wbic-p00500 59774619 Sep 13 18:17 mag0000_PD_smooth.nii.gz
-rw-rw----+ 1 ccn30 wbic-p00500 52057920 Sep 13 18:17 mag0000_MP2RAGE.nii.gz
-rw-rw-r--  1 ccn30 ccn30       45875200 Sep 13 18:17 mag0000.img
-rw-rw-r--  1 ccn30 ccn30            352 Sep 13 18:17 mag0000.hdr
-rw-rw----+ 1 ccn30 wbic-p00500 22937952 Sep 13 18:22 c3mag0001.nii
-rw-rw----+ 1 ccn30 wbic-p00500 22937952 Sep 13 18:20 c3mag0000.nii
-rw-rw----+ 1 ccn30 wbic-p00500 22937952 Sep 13 18:22 c2mag0001.nii
-rw-rw----+ 1 ccn30 wbic-p00500 22937952 Sep 13 18:20 c2mag0000.nii
-rw-rw----+ 1 ccn30 wbic-p00500 22937952 Sep 13 18:22 c1mag0001.nii
-rw-rw----+ 1 ccn30 wbic-p00500 22937952 Sep 13 18:20 c1mag0000.nii
drwxrws---+ 5 ccn30 wbic-p00500     4096 Sep  2 13:53 ..
drwxrws---+ 2 ccn30 wbic-p00500     4096 Sep 13 18:25 .
STEP 3 COMPLETE
total 1386760
-rw-rw-r--  1 ccn30 ccn30       45875200 Sep 13 18:17 phas0001.img
-rw-rw-r--  1 ccn30 ccn30            352 Sep 13 18:17 phas0001.hdr
-rw-rw-r--  1 ccn30 ccn30       45875200 Sep 13 18:17 phas0000.img
-rw-rw-r--  1 ccn30 ccn30            352 Sep 13 18:17 phas0000.hdr
-rw-rw----+ 1 ccn30 wbic-p00500 91750752 Sep 13 18:25 n4mag0000_PSIR_skulled_std.nii
-rw-rw----+ 1 ccn30 wbic-p00500 91750752 Sep  2 13:53 mp2rage_phase.nii.gz
-rw-rw----+ 1 ccn30 wbic-p00500 91750752 Sep  2 13:53 mp2rage_magnitude.nii.gz
-rw-rw----+ 1 ccn30 wbic-p00500 91750752 Sep 13 18:22 mmag0001.nii
-rw-rw----+ 1 ccn30 wbic-p00500 91750752 Sep 13 18:19 mmag0000.nii
-rw-rw----+ 1 ccn30 wbic-p00500 91750752 Sep 13 18:23 mag0001_skull.nii
-rw-rw----+ 1 ccn30 wbic-p00500 91750752 Sep 13 18:23 mag0001_skull_mask.nii
-rw-rw----+ 1 ccn30 wbic-p00500  4332120 Sep 13 18:22 mag0001_seg8.mat
-rw-rw-r--  1 ccn30 ccn30       45875200 Sep 13 18:17 mag0001.img
-rw-rw-r--  1 ccn30 ccn30            352 Sep 13 18:17 mag0001.hdr
-rw-rw----+ 1 ccn30 wbic-p00500 45875552 Sep 13 18:23 mag0001_brain_skull.nii
-rw-rw----+ 1 ccn30 wbic-p00500 91750752 Sep 13 18:23 mag0001_brain.nii
-rw-rw----+ 1 ccn30 wbic-p00500 45875552 Sep 13 18:23 mag0001_brain_mask.nii
-rw-rw----+ 1 ccn30 wbic-p00500  4332120 Sep 13 18:19 mag0000_seg8.mat
-rw-rw----+ 1 ccn30 wbic-p00500 52445254 Sep 13 18:23 mag0000_PSIR_skulled_std.nii.gz
-rw-rw----+ 1 ccn30 wbic-p00500 52747991 Sep 13 18:23 mag0000_PSIR_skulled.nii.gz
-rw-rw----+ 1 ccn30 wbic-p00500 51003942 Sep 13 18:18 mag0000_PSIR.nii.gz
-rw-rw----+ 1 ccn30 wbic-p00500 59774619 Sep 13 18:17 mag0000_PD_smooth.nii.gz
-rw-rw----+ 1 ccn30 wbic-p00500 52057920 Sep 13 18:17 mag0000_MP2RAGE.nii.gz
-rw-rw-r--  1 ccn30 ccn30       45875200 Sep 13 18:17 mag0000.img
-rw-rw-r--  1 ccn30 ccn30            352 Sep 13 18:17 mag0000.hdr
-rw-rw----+ 1 ccn30 wbic-p00500 22937952 Sep 13 18:22 c3mag0001.nii
-rw-rw----+ 1 ccn30 wbic-p00500 22937952 Sep 13 18:20 c3mag0000.nii
-rw-rw----+ 1 ccn30 wbic-p00500 22937952 Sep 13 18:22 c2mag0001.nii
-rw-rw----+ 1 ccn30 wbic-p00500 22937952 Sep 13 18:20 c2mag0000.nii
-rw-rw----+ 1 ccn30 wbic-p00500 22937952 Sep 13 18:22 c1mag0001.nii
-rw-rw----+ 1 ccn30 wbic-p00500 22937952 Sep 13 18:20 c1mag0000.nii
drwxrws---+ 5 ccn30 wbic-p00500     4096 Sep  2 13:53 ..
drwxrws---+ 2 ccn30 wbic-p00500     4096 Sep 13 18:25 .

                            < M A T L A B (R) >
                  Copyright 1984-2017 The MathWorks, Inc.
                   R2017b (9.3.0.713579) 64-bit (glnxa64)
                             September 14, 2017

 
To get started, type one of these: helpwin, helpdesk, or demo.
For product information, visit www.mathworks.com.
 


------------------------------------------------------------------------
13-Sep-2021 18:25:30 - Running job #1
------------------------------------------------------------------------
13-Sep-2021 18:25:30 - Running 'Segment'

SPM12: spm_preproc_run (v7408)                     18:25:30 - 13/09/2021
========================================================================
Segment /home/ccn30/rds/rds-p00500_encrypt-URQgmO1brZ0/p00500/ENCRYPT_images/32535/mp2rage/n4mag0000_PSIR_skulled_std.nii,1
Completed                               :          18:29:12 - 13/09/2021
13-Sep-2021 18:29:12 - Done    'Segment'
13-Sep-2021 18:29:12 - Done

SPM segmentation is done...
STEP 4 COMPLETE
total 1496996
-rw-rw-r--  1 ccn30 ccn30       45875200 Sep 13 18:17 phas0001.img
-rw-rw-r--  1 ccn30 ccn30            352 Sep 13 18:17 phas0001.hdr
-rw-rw-r--  1 ccn30 ccn30       45875200 Sep 13 18:17 phas0000.img
-rw-rw-r--  1 ccn30 ccn30            352 Sep 13 18:17 phas0000.hdr
-rw-rw----+ 1 ccn30 wbic-p00500  4341760 Sep 13 18:27 n4mag0000_PSIR_skulled_std_seg8.mat
-rw-rw----+ 1 ccn30 wbic-p00500 91750752 Sep 13 18:25 n4mag0000_PSIR_skulled_std.nii
-rw-rw----+ 1 ccn30 wbic-p00500 91750752 Sep  2 13:53 mp2rage_phase.nii.gz
-rw-rw----+ 1 ccn30 wbic-p00500 91750752 Sep  2 13:53 mp2rage_magnitude.nii.gz
-rw-rw----+ 1 ccn30 wbic-p00500 91750752 Sep 13 18:22 mmag0001.nii
-rw-rw----+ 1 ccn30 wbic-p00500 91750752 Sep 13 18:19 mmag0000.nii
-rw-rw----+ 1 ccn30 wbic-p00500 91750752 Sep 13 18:23 mag0001_skull.nii
-rw-rw----+ 1 ccn30 wbic-p00500 91750752 Sep 13 18:23 mag0001_skull_mask.nii
-rw-rw----+ 1 ccn30 wbic-p00500  4332120 Sep 13 18:22 mag0001_seg8.mat
-rw-rw-r--  1 ccn30 ccn30       45875200 Sep 13 18:17 mag0001.img
-rw-rw-r--  1 ccn30 ccn30            352 Sep 13 18:17 mag0001.hdr
-rw-rw----+ 1 ccn30 wbic-p00500 45875552 Sep 13 18:23 mag0001_brain_skull.nii
-rw-rw----+ 1 ccn30 wbic-p00500 91750752 Sep 13 18:23 mag0001_brain.nii
-rw-rw----+ 1 ccn30 wbic-p00500 45875552 Sep 13 18:23 mag0001_brain_mask.nii
-rw-rw----+ 1 ccn30 wbic-p00500  4332120 Sep 13 18:19 mag0000_seg8.mat
-rw-rw----+ 1 ccn30 wbic-p00500 52445254 Sep 13 18:23 mag0000_PSIR_skulled_std.nii.gz
-rw-rw----+ 1 ccn30 wbic-p00500 52747991 Sep 13 18:23 mag0000_PSIR_skulled.nii.gz
-rw-rw----+ 1 ccn30 wbic-p00500 51003942 Sep 13 18:18 mag0000_PSIR.nii.gz
-rw-rw----+ 1 ccn30 wbic-p00500 59774619 Sep 13 18:17 mag0000_PD_smooth.nii.gz
-rw-rw----+ 1 ccn30 wbic-p00500 52057920 Sep 13 18:17 mag0000_MP2RAGE.nii.gz
-rw-rw-r--  1 ccn30 ccn30       45875200 Sep 13 18:17 mag0000.img
-rw-rw-r--  1 ccn30 ccn30            352 Sep 13 18:17 mag0000.hdr
-rw-rw----+ 1 ccn30 wbic-p00500 22937952 Sep 13 18:29 c5n4mag0000_PSIR_skulled_std.nii
-rw-rw----+ 1 ccn30 wbic-p00500 22937952 Sep 13 18:29 c4n4mag0000_PSIR_skulled_std.nii
-rw-rw----+ 1 ccn30 wbic-p00500 22937952 Sep 13 18:29 c3n4mag0000_PSIR_skulled_std.nii
-rw-rw----+ 1 ccn30 wbic-p00500 22937952 Sep 13 18:22 c3mag0001.nii
-rw-rw----+ 1 ccn30 wbic-p00500 22937952 Sep 13 18:20 c3mag0000.nii
-rw-rw----+ 1 ccn30 wbic-p00500 22937952 Sep 13 18:29 c2n4mag0000_PSIR_skulled_std.nii
-rw-rw----+ 1 ccn30 wbic-p00500 22937952 Sep 13 18:22 c2mag0001.nii
-rw-rw----+ 1 ccn30 wbic-p00500 22937952 Sep 13 18:20 c2mag0000.nii
-rw-rw----+ 1 ccn30 wbic-p00500 22937952 Sep 13 18:29 c1n4mag0000_PSIR_skulled_std.nii
-rw-rw----+ 1 ccn30 wbic-p00500 22937952 Sep 13 18:22 c1mag0001.nii
-rw-rw----+ 1 ccn30 wbic-p00500 22937952 Sep 13 18:20 c1mag0000.nii
drwxrws---+ 5 ccn30 wbic-p00500     4096 Sep  2 13:53 ..
drwxrws---+ 2 ccn30 wbic-p00500     4096 Sep 13 18:27 .

                            < M A T L A B (R) >
                  Copyright 1984-2017 The MathWorks, Inc.
                   R2017b (9.3.0.713579) 64-bit (glnxa64)
                             September 14, 2017

 
To get started, type one of these: helpwin, helpdesk, or demo.
For product information, visit www.mathworks.com.
 
Preparing data ...
Masking image 1 of 1 subjects ...
Finished skull stripping data.
STEP 5 COMPLETE
total 1592644
-rw-rw-r--  1 ccn30 ccn30       45875200 Sep 13 18:17 phas0001.img
-rw-rw-r--  1 ccn30 ccn30            352 Sep 13 18:17 phas0001.hdr
-rw-rw-r--  1 ccn30 ccn30       45875200 Sep 13 18:17 phas0000.img
-rw-rw-r--  1 ccn30 ccn30            352 Sep 13 18:17 phas0000.hdr
-rw-rw----+ 1 ccn30 wbic-p00500 91750752 Sep 13 18:29 n4mag0000_PSIR_skulled_std_struc_brain.nii
-rw-rw----+ 1 ccn30 wbic-p00500  4341760 Sep 13 18:27 n4mag0000_PSIR_skulled_std_seg8.mat
-rw-rw----+ 1 ccn30 wbic-p00500 91750752 Sep 13 18:25 n4mag0000_PSIR_skulled_std.nii
-rw-rw----+ 1 ccn30 wbic-p00500 91750752 Sep  2 13:53 mp2rage_phase.nii.gz
-rw-rw----+ 1 ccn30 wbic-p00500 91750752 Sep  2 13:53 mp2rage_magnitude.nii.gz
-rw-rw----+ 1 ccn30 wbic-p00500 91750752 Sep 13 18:22 mmag0001.nii
-rw-rw----+ 1 ccn30 wbic-p00500 91750752 Sep 13 18:19 mmag0000.nii
-rw-rw----+ 1 ccn30 wbic-p00500 91750752 Sep 13 18:23 mag0001_skull.nii
-rw-rw----+ 1 ccn30 wbic-p00500 91750752 Sep 13 18:23 mag0001_skull_mask.nii
-rw-rw----+ 1 ccn30 wbic-p00500  4332120 Sep 13 18:22 mag0001_seg8.mat
-rw-rw-r--  1 ccn30 ccn30       45875200 Sep 13 18:17 mag0001.img
-rw-rw-r--  1 ccn30 ccn30            352 Sep 13 18:17 mag0001.hdr
-rw-rw----+ 1 ccn30 wbic-p00500 45875552 Sep 13 18:23 mag0001_brain_skull.nii
-rw-rw----+ 1 ccn30 wbic-p00500 91750752 Sep 13 18:23 mag0001_brain.nii
-rw-rw----+ 1 ccn30 wbic-p00500 45875552 Sep 13 18:23 mag0001_brain_mask.nii
-rw-rw----+ 1 ccn30 wbic-p00500  4332120 Sep 13 18:19 mag0000_seg8.mat
-rw-rw----+ 1 ccn30 wbic-p00500 52445254 Sep 13 18:23 mag0000_PSIR_skulled_std.nii.gz
-rw-rw----+ 1 ccn30 wbic-p00500 52747991 Sep 13 18:23 mag0000_PSIR_skulled.nii.gz
-rw-rw----+ 1 ccn30 wbic-p00500 51003942 Sep 13 18:18 mag0000_PSIR.nii.gz
-rw-rw----+ 1 ccn30 wbic-p00500 59774619 Sep 13 18:17 mag0000_PD_smooth.nii.gz
-rw-rw----+ 1 ccn30 wbic-p00500 52057920 Sep 13 18:17 mag0000_MP2RAGE.nii.gz
-rw-rw-r--  1 ccn30 ccn30       45875200 Sep 13 18:17 mag0000.img
-rw-rw-r--  1 ccn30 ccn30            352 Sep 13 18:17 mag0000.hdr
-rw-rw----+ 1 ccn30 wbic-p00500 22937952 Sep 13 18:29 c5n4mag0000_PSIR_skulled_std.nii
-rw-rw----+ 1 ccn30 wbic-p00500 22937952 Sep 13 18:29 c4n4mag0000_PSIR_skulled_std.nii
-rw-rw----+ 1 ccn30 wbic-p00500 22937952 Sep 13 18:29 c3n4mag0000_PSIR_skulled_std.nii
-rw-rw----+ 1 ccn30 wbic-p00500 22937952 Sep 13 18:22 c3mag0001.nii
-rw-rw----+ 1 ccn30 wbic-p00500 22937952 Sep 13 18:20 c3mag0000.nii
-rw-rw----+ 1 ccn30 wbic-p00500 22937952 Sep 13 18:29 c2n4mag0000_PSIR_skulled_std.nii
-rw-rw----+ 1 ccn30 wbic-p00500 22937952 Sep 13 18:22 c2mag0001.nii
-rw-rw----+ 1 ccn30 wbic-p00500 22937952 Sep 13 18:20 c2mag0000.nii
-rw-rw----+ 1 ccn30 wbic-p00500 22937952 Sep 13 18:29 c1n4mag0000_PSIR_skulled_std.nii
-rw-rw----+ 1 ccn30 wbic-p00500 22937952 Sep 13 18:22 c1mag0001.nii
-rw-rw----+ 1 ccn30 wbic-p00500 22937952 Sep 13 18:20 c1mag0000.nii
drwxrws---+ 5 ccn30 wbic-p00500     4096 Sep  2 13:53 ..
drwxrws---+ 2 ccn30 wbic-p00500     4096 Sep 13 18:29 .
STEP 6 COMPLETE
total 1674564
-rw-rw-r--  1 ccn30 ccn30       45875200 Sep 13 18:17 phas0001.img
-rw-rw-r--  1 ccn30 ccn30            352 Sep 13 18:17 phas0001.hdr
-rw-rw-r--  1 ccn30 ccn30       45875200 Sep 13 18:17 phas0000.img
-rw-rw-r--  1 ccn30 ccn30            352 Sep 13 18:17 phas0000.hdr
-rw-rw----+ 1 ccn30 wbic-p00500 91750752 Sep 13 18:29 n4mag0000_PSIR_skulled_std_struc_brain.nii
-rw-rw----+ 1 ccn30 wbic-p00500 91750752 Sep 13 18:29 n4mag0000_PSIR_skulled_std_struc_brain_mask.nii
-rw-rw----+ 1 ccn30 wbic-p00500  4341760 Sep 13 18:27 n4mag0000_PSIR_skulled_std_seg8.mat
-rw-rw----+ 1 ccn30 wbic-p00500 91750752 Sep 13 18:25 n4mag0000_PSIR_skulled_std.nii
-rw-rw----+ 1 ccn30 wbic-p00500 91750752 Sep  2 13:53 mp2rage_phase.nii.gz
-rw-rw----+ 1 ccn30 wbic-p00500 91750752 Sep  2 13:53 mp2rage_magnitude.nii.gz
-rw-rw----+ 1 ccn30 wbic-p00500 91750752 Sep 13 18:22 mmag0001.nii
-rw-rw----+ 1 ccn30 wbic-p00500 91750752 Sep 13 18:19 mmag0000.nii
-rw-rw----+ 1 ccn30 wbic-p00500 91750752 Sep 13 18:23 mag0001_skull.nii
-rw-rw----+ 1 ccn30 wbic-p00500 91750752 Sep 13 18:23 mag0001_skull_mask.nii
-rw-rw----+ 1 ccn30 wbic-p00500  4332120 Sep 13 18:22 mag0001_seg8.mat
-rw-rw-r--  1 ccn30 ccn30       45875200 Sep 13 18:17 mag0001.img
-rw-rw-r--  1 ccn30 ccn30            352 Sep 13 18:17 mag0001.hdr
-rw-rw----+ 1 ccn30 wbic-p00500 45875552 Sep 13 18:23 mag0001_brain_skull.nii
-rw-rw----+ 1 ccn30 wbic-p00500 91750752 Sep 13 18:23 mag0001_brain.nii
-rw-rw----+ 1 ccn30 wbic-p00500 45875552 Sep 13 18:23 mag0001_brain_mask.nii
-rw-rw----+ 1 ccn30 wbic-p00500  4332120 Sep 13 18:19 mag0000_seg8.mat
-rw-rw----+ 1 ccn30 wbic-p00500 52445254 Sep 13 18:23 mag0000_PSIR_skulled_std.nii.gz
-rw-rw----+ 1 ccn30 wbic-p00500 52747991 Sep 13 18:23 mag0000_PSIR_skulled.nii.gz
-rw-rw----+ 1 ccn30 wbic-p00500 51003942 Sep 13 18:18 mag0000_PSIR.nii.gz
-rw-rw----+ 1 ccn30 wbic-p00500 59774619 Sep 13 18:17 mag0000_PD_smooth.nii.gz
-rw-rw----+ 1 ccn30 wbic-p00500 52057920 Sep 13 18:17 mag0000_MP2RAGE.nii.gz
-rw-rw-r--  1 ccn30 ccn30       45875200 Sep 13 18:17 mag0000.img
-rw-rw-r--  1 ccn30 ccn30            352 Sep 13 18:17 mag0000.hdr
-rw-rw----+ 1 ccn30 wbic-p00500 22937952 Sep 13 18:29 c5n4mag0000_PSIR_skulled_std.nii
-rw-rw----+ 1 ccn30 wbic-p00500 22937952 Sep 13 18:29 c4n4mag0000_PSIR_skulled_std.nii
-rw-rw----+ 1 ccn30 wbic-p00500 22937952 Sep 13 18:29 c3n4mag0000_PSIR_skulled_std.nii
-rw-rw----+ 1 ccn30 wbic-p00500 22937952 Sep 13 18:22 c3mag0001.nii
-rw-rw----+ 1 ccn30 wbic-p00500 22937952 Sep 13 18:20 c3mag0000.nii
-rw-rw----+ 1 ccn30 wbic-p00500 22937952 Sep 13 18:29 c2n4mag0000_PSIR_skulled_std.nii
-rw-rw----+ 1 ccn30 wbic-p00500 22937952 Sep 13 18:22 c2mag0001.nii
-rw-rw----+ 1 ccn30 wbic-p00500 22937952 Sep 13 18:20 c2mag0000.nii
-rw-rw----+ 1 ccn30 wbic-p00500 22937952 Sep 13 18:29 c1n4mag0000_PSIR_skulled_std.nii
-rw-rw----+ 1 ccn30 wbic-p00500 22937952 Sep 13 18:22 c1mag0001.nii
-rw-rw----+ 1 ccn30 wbic-p00500 22937952 Sep 13 18:20 c1mag0000.nii
drwxrws---+ 5 ccn30 wbic-p00500     4096 Sep  2 13:53 ..
drwxrws---+ 2 ccn30 wbic-p00500     4096 Sep 13 18:29 .
