This is job 1
Time: Mon 13 Sep 18:17:17 BST 2021
Running on master node: cpu-p-68
Current directory: /rds/user/ccn30/hpc-work/WBIC_lustre/ENCRYPT/scripts/ImagePrep/mp2rage/slurmoutputs
Changed directory to /home/ccn30/rds/hpc-work/WBIC_lustre/ENCRYPT/scripts/ImagePrep/mp2rage/slurmoutputs.

JobID: 46418911
======
Time: Mon 13 Sep 18:17:17 BST 2021
Running on master node: cpu-p-68
Current directory: /home/ccn30/rds/hpc-work/WBIC_lustre/ENCRYPT/scripts/ImagePrep/mp2rage/slurmoutputs

Nodes allocated:
================
cpu-p-68

numtasks=, numnodes=, mpi_tasks_per_node= (OMP_NUM_THREADS=1)

Executing command:
==================
/home/ccn30/rds/hpc-work/WBIC_lustre/ENCRYPT/scripts/ImagePrep/mp2rage/mp2rage_processing.sh /home/ccn30/rds/hpc-work/WBIC_lustre/ENCRYPT/ENCRYPT_MasterRIScodes.txt 1 /home/ccn30/rds/hpc-work/WBIC_lustre/ENCRYPT/scripts/ImagePrep/mp2rage /usr/local/Cluster-Apps/matlab/R2017b /usr/local/software/spm/spm12 /home/ccn30/rds/rds-p00500_encrypt-URQgmO1brZ0/p00500/ENCRYPT_images /usr/local/Cluster-Apps/fsl/5.0.8/fsl

Starting 25773
/home/ccn30/rds/rds-p00500_encrypt-URQgmO1brZ0/p00500/ENCRYPT_images/25773/mp2rage
STARTING mp2rage PREPROCESSING
total 342896
-rw-rw----+ 1 ccn30 wbic-p00500 45875552 Sep 13 18:17 phas0001.nii
-rw-rw----+ 1 ccn30 wbic-p00500 45875552 Sep 13 18:17 phas0000.nii
-rw-rw----+ 1 ccn30 wbic-p00500 91750752 Sep  2 20:08 mp2rage_phase.nii.gz
-rw-rw----+ 1 ccn30 wbic-p00500 91750752 Sep  2 20:08 mp2rage_magnitude.nii.gz
-rw-rw----+ 1 ccn30 wbic-p00500 45875552 Sep 13 18:17 mag0001.nii
-rw-rw----+ 1 ccn30 wbic-p00500 45875552 Sep 13 18:17 mag0000.nii
drwxrws---+ 5 ccn30 wbic-p00500     4096 Sep  2 20:08 ..
drwxrws---+ 2 ccn30 wbic-p00500     4096 Sep 13 18:17 .
The folder where the PSIR is is /home/ccn30/rds/rds-p00500_encrypt-URQgmO1brZ0/p00500/ENCRYPT_images/25773/mp2rage
The script directory is /home/ccn30/rds/hpc-work/WBIC_lustre/ENCRYPT/scripts/ImagePrep/mp2rage
The SPM directory is /usr/local/software/spm/spm12
/home/ccn30/rds/rds-p00500_encrypt-URQgmO1brZ0/p00500/ENCRYPT_images/25773/mp2rage/mag0000 and /home/ccn30/rds/rds-p00500_encrypt-URQgmO1brZ0/p00500/ENCRYPT_images/25773/mp2rage/mag0001 and /home/ccn30/rds/rds-p00500_encrypt-URQgmO1brZ0/p00500/ENCRYPT_images/25773/mp2rage/phas0000 and /home/ccn30/rds/rds-p00500_encrypt-URQgmO1brZ0/p00500/ENCRYPT_images/25773/mp2rage/phas0001 are the files selected
0.000000 0.000000 -1.000000 156.099991 
-1.000000 0.000000 0.000000 223.300003 
0.000000 1.000000 0.000000 0.000000 
0.000000 0.000000 0.000000 1.000000 

0.000000 0.000000 -1.000000 156.099991 
-1.000000 0.000000 0.000000 223.300003 
0.000000 1.000000 0.000000 0.000000 
0.000000 0.000000 0.000000 1.000000 

0.000000 0.000000 -1.000000 156.099991 
-1.000000 0.000000 0.000000 223.300003 
0.000000 1.000000 0.000000 0.000000 
0.000000 0.000000 0.000000 1.000000 

0.000000 0.000000 -1.000000 156.099991 
-1.000000 0.000000 0.000000 223.300003 
0.000000 1.000000 0.000000 0.000000 
0.000000 0.000000 0.000000 1.000000 


                            < M A T L A B (R) >
                  Copyright 1984-2017 The MathWorks, Inc.
                   R2017b (9.3.0.713579) 64-bit (glnxa64)
                             September 14, 2017

 
To get started, type one of these: helpwin, helpdesk, or demo.
For product information, visit www.mathworks.com.
 
You are in the PSIR function
Phase data rescaled to radians (Assuming Siemens data range [0 4095])
320  320  224    2is the image dimension
 
 
 
The PSIR reconstruction is done.
/home/ccn30/rds/rds-p00500_encrypt-URQgmO1brZ0/p00500/ENCRYPT_images/25773/mp2rage/mag0000

                            < M A T L A B (R) >
                  Copyright 1984-2017 The MathWorks, Inc.
                   R2017b (9.3.0.713579) 64-bit (glnxa64)
                             September 14, 2017

 
To get started, type one of these: helpwin, helpdesk, or demo.
For product information, visit www.mathworks.com.
 
You are in the PSIR function


------------------------------------------------------------------------
13-Sep-2021 18:19:34 - Running job #1
------------------------------------------------------------------------
13-Sep-2021 18:19:34 - Running 'Segment'

SPM12: spm_preproc_run (v7408)                     18:19:34 - 13/09/2021
========================================================================
Segment /home/ccn30/rds/rds-p00500_encrypt-URQgmO1brZ0/p00500/ENCRYPT_images/25773/mp2rage/mag0000.img,1
Segment /home/ccn30/rds/rds-p00500_encrypt-URQgmO1brZ0/p00500/ENCRYPT_images/25773/mp2rage/mag0001.img,1
Completed                               :          18:25:34 - 13/09/2021
13-Sep-2021 18:25:34 - Done    'Segment'
13-Sep-2021 18:25:34 - Done

SPM is done...
STEP 1 COMPLETE
total 1248236
-rw-rw-r--  1 ccn30 ccn30       45875200 Sep 13 18:17 phas0001.img
-rw-rw-r--  1 ccn30 ccn30            352 Sep 13 18:17 phas0001.hdr
-rw-rw-r--  1 ccn30 ccn30       45875200 Sep 13 18:17 phas0000.img
-rw-rw-r--  1 ccn30 ccn30            352 Sep 13 18:17 phas0000.hdr
-rw-rw----+ 1 ccn30 wbic-p00500 91750752 Sep  2 20:08 mp2rage_phase.nii.gz
-rw-rw----+ 1 ccn30 wbic-p00500 91750752 Sep  2 20:08 mp2rage_magnitude.nii.gz
-rw-rw----+ 1 ccn30 wbic-p00500 91750752 Sep 13 18:25 mmag0001.nii
-rw-rw----+ 1 ccn30 wbic-p00500 91750752 Sep 13 18:22 mmag0000.nii
-rw-rw----+ 1 ccn30 wbic-p00500 91750752 Sep 13 18:25 mag0001_skull.nii
-rw-rw----+ 1 ccn30 wbic-p00500 91750752 Sep 13 18:25 mag0001_skull_mask.nii
-rw-rw----+ 1 ccn30 wbic-p00500  4332120 Sep 13 18:24 mag0001_seg8.mat
-rw-rw-r--  1 ccn30 ccn30       45875200 Sep 13 18:17 mag0001.img
-rw-rw-r--  1 ccn30 ccn30            352 Sep 13 18:17 mag0001.hdr
-rw-rw----+ 1 ccn30 wbic-p00500 45875552 Sep 13 18:25 mag0001_brain_skull.nii
-rw-rw----+ 1 ccn30 wbic-p00500 91750752 Sep 13 18:25 mag0001_brain.nii
-rw-rw----+ 1 ccn30 wbic-p00500 45875552 Sep 13 18:25 mag0001_brain_mask.nii
-rw-rw----+ 1 ccn30 wbic-p00500  4332120 Sep 13 18:21 mag0000_seg8.mat
-rw-rw----+ 1 ccn30 wbic-p00500 91750752 Sep 13 18:25 mag0000_PSIR_skulled.nii
-rw-rw----+ 1 ccn30 wbic-p00500 52082533 Sep 13 18:18 mag0000_PSIR.nii.gz
-rw-rw----+ 1 ccn30 wbic-p00500 58822236 Sep 13 18:17 mag0000_PD_smooth.nii.gz
-rw-rw----+ 1 ccn30 wbic-p00500 52683201 Sep 13 18:17 mag0000_MP2RAGE.nii.gz
-rw-rw-r--  1 ccn30 ccn30       45875200 Sep 13 18:17 mag0000.img
-rw-rw-r--  1 ccn30 ccn30            352 Sep 13 18:17 mag0000.hdr
-rw-rw----+ 1 ccn30 wbic-p00500 22937952 Sep 13 18:25 c3mag0001.nii
-rw-rw----+ 1 ccn30 wbic-p00500 22937952 Sep 13 18:22 c3mag0000.nii
-rw-rw----+ 1 ccn30 wbic-p00500 22937952 Sep 13 18:25 c2mag0001.nii
-rw-rw----+ 1 ccn30 wbic-p00500 22937952 Sep 13 18:22 c2mag0000.nii
-rw-rw----+ 1 ccn30 wbic-p00500 22937952 Sep 13 18:25 c1mag0001.nii
-rw-rw----+ 1 ccn30 wbic-p00500 22937952 Sep 13 18:22 c1mag0000.nii
drwxrws---+ 5 ccn30 wbic-p00500     4096 Sep  2 20:08 ..
drwxrws---+ 2 ccn30 wbic-p00500     4096 Sep 13 18:25 .
STEP 1.1 COMPLETE
total 1270644
-rw-rw-r--  1 ccn30 ccn30       45875200 Sep 13 18:17 phas0001.img
-rw-rw-r--  1 ccn30 ccn30            352 Sep 13 18:17 phas0001.hdr
-rw-rw-r--  1 ccn30 ccn30       45875200 Sep 13 18:17 phas0000.img
-rw-rw-r--  1 ccn30 ccn30            352 Sep 13 18:17 phas0000.hdr
-rw-rw----+ 1 ccn30 wbic-p00500 91750752 Sep  2 20:08 mp2rage_phase.nii.gz
-rw-rw----+ 1 ccn30 wbic-p00500 91750752 Sep  2 20:08 mp2rage_magnitude.nii.gz
-rw-rw----+ 1 ccn30 wbic-p00500 91750752 Sep 13 18:25 mmag0001.nii
-rw-rw----+ 1 ccn30 wbic-p00500 91750752 Sep 13 18:22 mmag0000.nii
-rw-rw----+ 1 ccn30 wbic-p00500 91750752 Sep 13 18:25 mag0001_skull.nii
-rw-rw----+ 1 ccn30 wbic-p00500 91750752 Sep 13 18:25 mag0001_skull_mask.nii
-rw-rw----+ 1 ccn30 wbic-p00500  4332120 Sep 13 18:24 mag0001_seg8.mat
-rw-rw-r--  1 ccn30 ccn30       45875200 Sep 13 18:17 mag0001.img
-rw-rw-r--  1 ccn30 ccn30            352 Sep 13 18:17 mag0001.hdr
-rw-rw----+ 1 ccn30 wbic-p00500 45875552 Sep 13 18:25 mag0001_brain_skull.nii
-rw-rw----+ 1 ccn30 wbic-p00500 91750752 Sep 13 18:25 mag0001_brain.nii
-rw-rw----+ 1 ccn30 wbic-p00500 45875552 Sep 13 18:25 mag0001_brain_mask.nii
-rw-rw----+ 1 ccn30 wbic-p00500  4332120 Sep 13 18:21 mag0000_seg8.mat
-rw-rw----+ 1 ccn30 wbic-p00500 54054376 Sep 13 18:25 mag0000_PSIR_skulled_std.nii.gz
-rw-rw----+ 1 ccn30 wbic-p00500 54146381 Sep 13 18:25 mag0000_PSIR_skulled.nii.gz
-rw-rw----+ 1 ccn30 wbic-p00500 52082533 Sep 13 18:18 mag0000_PSIR.nii.gz
-rw-rw----+ 1 ccn30 wbic-p00500 58822236 Sep 13 18:17 mag0000_PD_smooth.nii.gz
-rw-rw----+ 1 ccn30 wbic-p00500 52683201 Sep 13 18:17 mag0000_MP2RAGE.nii.gz
-rw-rw-r--  1 ccn30 ccn30       45875200 Sep 13 18:17 mag0000.img
-rw-rw-r--  1 ccn30 ccn30            352 Sep 13 18:17 mag0000.hdr
-rw-rw----+ 1 ccn30 wbic-p00500 22937952 Sep 13 18:25 c3mag0001.nii
-rw-rw----+ 1 ccn30 wbic-p00500 22937952 Sep 13 18:22 c3mag0000.nii
-rw-rw----+ 1 ccn30 wbic-p00500 22937952 Sep 13 18:25 c2mag0001.nii
-rw-rw----+ 1 ccn30 wbic-p00500 22937952 Sep 13 18:22 c2mag0000.nii
-rw-rw----+ 1 ccn30 wbic-p00500 22937952 Sep 13 18:25 c1mag0001.nii
-rw-rw----+ 1 ccn30 wbic-p00500 22937952 Sep 13 18:22 c1mag0000.nii
drwxrws---+ 5 ccn30 wbic-p00500     4096 Sep  2 20:08 ..
drwxrws---+ 2 ccn30 wbic-p00500     4096 Sep 13 18:26 .

Running N4 for 3-dimensional images.

Mask not read.  Creating Otsu mask.
Current level = 1
  Iteration 1 (of 50).   Current convergence value = 0.000771192 (threshold = 1e-06)
  Iteration 2 (of 50).   Current convergence value = 0.00076443 (threshold = 1e-06)
  Iteration 3 (of 50).   Current convergence value = 0.000757843 (threshold = 1e-06)
  Iteration 4 (of 50).   Current convergence value = 0.000750869 (threshold = 1e-06)
  Iteration 5 (of 50).   Current convergence value = 0.000743523 (threshold = 1e-06)
  Iteration 6 (of 50).   Current convergence value = 0.000736735 (threshold = 1e-06)
  Iteration 7 (of 50).   Current convergence value = 0.000730432 (threshold = 1e-06)
  Iteration 8 (of 50).   Current convergence value = 0.000724507 (threshold = 1e-06)
  Iteration 9 (of 50).   Current convergence value = 0.000718141 (threshold = 1e-06)
  Iteration 10 (of 50).   Current convergence value = 0.000711596 (threshold = 1e-06)
  Iteration 11 (of 50).   Current convergence value = 0.000705978 (threshold = 1e-06)
  Iteration 12 (of 50).   Current convergence value = 0.000700475 (threshold = 1e-06)
  Iteration 13 (of 50).   Current convergence value = 0.00069529 (threshold = 1e-06)
  Iteration 14 (of 50).   Current convergence value = 0.00068997 (threshold = 1e-06)
  Iteration 15 (of 50).   Current convergence value = 0.000684685 (threshold = 1e-06)
  Iteration 16 (of 50).   Current convergence value = 0.00067957 (threshold = 1e-06)
  Iteration 17 (of 50).   Current convergence value = 0.000674686 (threshold = 1e-06)
  Iteration 18 (of 50).   Current convergence value = 0.000669255 (threshold = 1e-06)
  Iteration 19 (of 50).   Current convergence value = 0.000663948 (threshold = 1e-06)
  Iteration 20 (of 50).   Current convergence value = 0.000658772 (threshold = 1e-06)
  Iteration 21 (of 50).   Current convergence value = 0.000652744 (threshold = 1e-06)
  Iteration 22 (of 50).   Current convergence value = 0.000647208 (threshold = 1e-06)
  Iteration 23 (of 50).   Current convergence value = 0.000642121 (threshold = 1e-06)
  Iteration 24 (of 50).   Current convergence value = 0.00063783 (threshold = 1e-06)
  Iteration 25 (of 50).   Current convergence value = 0.000632826 (threshold = 1e-06)
  Iteration 26 (of 50).   Current convergence value = 0.000628595 (threshold = 1e-06)
  Iteration 27 (of 50).   Current convergence value = 0.000623507 (threshold = 1e-06)
  Iteration 28 (of 50).   Current convergence value = 0.000618678 (threshold = 1e-06)
  Iteration 29 (of 50).   Current convergence value = 0.000613895 (threshold = 1e-06)
  Iteration 30 (of 50).   Current convergence value = 0.000609941 (threshold = 1e-06)
  Iteration 31 (of 50).   Current convergence value = 0.000605761 (threshold = 1e-06)
  Iteration 32 (of 50).   Current convergence value = 0.000601707 (threshold = 1e-06)
  Iteration 33 (of 50).   Current convergence value = 0.000598037 (threshold = 1e-06)
  Iteration 34 (of 50).   Current convergence value = 0.000593595 (threshold = 1e-06)
  Iteration 35 (of 50).   Current convergence value = 0.000589127 (threshold = 1e-06)
  Iteration 36 (of 50).   Current convergence value = 0.000584815 (threshold = 1e-06)
  Iteration 37 (of 50).   Current convergence value = 0.000580343 (threshold = 1e-06)
  Iteration 38 (of 50).   Current convergence value = 0.000575955 (threshold = 1e-06)
  Iteration 39 (of 50).   Current convergence value = 0.000571805 (threshold = 1e-06)
  Iteration 40 (of 50).   Current convergence value = 0.00056796 (threshold = 1e-06)
  Iteration 41 (of 50).   Current convergence value = 0.000563843 (threshold = 1e-06)
  Iteration 42 (of 50).   Current convergence value = 0.000559323 (threshold = 1e-06)
  Iteration 43 (of 50).   Current convergence value = 0.000555123 (threshold = 1e-06)
  Iteration 44 (of 50).   Current convergence value = 0.000550851 (threshold = 1e-06)
  Iteration 45 (of 50).   Current convergence value = 0.000546635 (threshold = 1e-06)
  Iteration 46 (of 50).   Current convergence value = 0.000543274 (threshold = 1e-06)
  Iteration 47 (of 50).   Current convergence value = 0.000538906 (threshold = 1e-06)
  Iteration 48 (of 50).   Current convergence value = 0.000535149 (threshold = 1e-06)
  Iteration 49 (of 50).   Current convergence value = 0.000531749 (threshold = 1e-06)
  Iteration 50 (of 50).   Current convergence value = 0.000528389 (threshold = 1e-06)
Current level = 2
  Iteration 1 (of 50).   Current convergence value = 0.00093219 (threshold = 1e-06)
  Iteration 2 (of 50).   Current convergence value = 0.000911415 (threshold = 1e-06)
  Iteration 3 (of 50).   Current convergence value = 0.000891517 (threshold = 1e-06)
  Iteration 4 (of 50).   Current convergence value = 0.00087221 (threshold = 1e-06)
  Iteration 5 (of 50).   Current convergence value = 0.000853726 (threshold = 1e-06)
  Iteration 6 (of 50).   Current convergence value = 0.000836554 (threshold = 1e-06)
  Iteration 7 (of 50).   Current convergence value = 0.000819366 (threshold = 1e-06)
  Iteration 8 (of 50).   Current convergence value = 0.000803292 (threshold = 1e-06)
  Iteration 9 (of 50).   Current convergence value = 0.000787132 (threshold = 1e-06)
  Iteration 10 (of 50).   Current convergence value = 0.000771129 (threshold = 1e-06)
  Iteration 11 (of 50).   Current convergence value = 0.000756502 (threshold = 1e-06)
  Iteration 12 (of 50).   Current convergence value = 0.000742633 (threshold = 1e-06)
  Iteration 13 (of 50).   Current convergence value = 0.000728767 (threshold = 1e-06)
  Iteration 14 (of 50).   Current convergence value = 0.000715119 (threshold = 1e-06)
  Iteration 15 (of 50).   Current convergence value = 0.000702293 (threshold = 1e-06)
  Iteration 16 (of 50).   Current convergence value = 0.000689743 (threshold = 1e-06)
  Iteration 17 (of 50).   Current convergence value = 0.000677711 (threshold = 1e-06)
  Iteration 18 (of 50).   Current convergence value = 0.000666038 (threshold = 1e-06)
  Iteration 19 (of 50).   Current convergence value = 0.0006546 (threshold = 1e-06)
  Iteration 20 (of 50).   Current convergence value = 0.000643526 (threshold = 1e-06)
  Iteration 21 (of 50).   Current convergence value = 0.000632368 (threshold = 1e-06)
  Iteration 22 (of 50).   Current convergence value = 0.000622089 (threshold = 1e-06)
  Iteration 23 (of 50).   Current convergence value = 0.00061196 (threshold = 1e-06)
  Iteration 24 (of 50).   Current convergence value = 0.000602054 (threshold = 1e-06)
  Iteration 25 (of 50).   Current convergence value = 0.000592942 (threshold = 1e-06)
  Iteration 26 (of 50).   Current convergence value = 0.000584025 (threshold = 1e-06)
  Iteration 27 (of 50).   Current convergence value = 0.000575021 (threshold = 1e-06)
  Iteration 28 (of 50).   Current convergence value = 0.00056653 (threshold = 1e-06)
  Iteration 29 (of 50).   Current convergence value = 0.000557595 (threshold = 1e-06)
  Iteration 30 (of 50).   Current convergence value = 0.000549982 (threshold = 1e-06)
  Iteration 31 (of 50).   Current convergence value = 0.000542733 (threshold = 1e-06)
  Iteration 32 (of 50).   Current convergence value = 0.000536599 (threshold = 1e-06)
  Iteration 33 (of 50).   Current convergence value = 0.000530095 (threshold = 1e-06)
  Iteration 34 (of 50).   Current convergence value = 0.000524217 (threshold = 1e-06)
  Iteration 35 (of 50).   Current convergence value = 0.000519228 (threshold = 1e-06)
  Iteration 36 (of 50).   Current convergence value = 0.000513106 (threshold = 1e-06)
  Iteration 37 (of 50).   Current convergence value = 0.000507867 (threshold = 1e-06)
  Iteration 38 (of 50).   Current convergence value = 0.000503323 (threshold = 1e-06)
  Iteration 39 (of 50).   Current convergence value = 0.000498911 (threshold = 1e-06)
  Iteration 40 (of 50).   Current convergence value = 0.00049391 (threshold = 1e-06)
  Iteration 41 (of 50).   Current convergence value = 0.000489455 (threshold = 1e-06)
  Iteration 42 (of 50).   Current convergence value = 0.000485131 (threshold = 1e-06)
  Iteration 43 (of 50).   Current convergence value = 0.000480966 (threshold = 1e-06)
  Iteration 44 (of 50).   Current convergence value = 0.000476435 (threshold = 1e-06)
  Iteration 45 (of 50).   Current convergence value = 0.000472693 (threshold = 1e-06)
  Iteration 46 (of 50).   Current convergence value = 0.000468748 (threshold = 1e-06)
  Iteration 47 (of 50).   Current convergence value = 0.000465113 (threshold = 1e-06)
  Iteration 48 (of 50).   Current convergence value = 0.00046117 (threshold = 1e-06)
  Iteration 49 (of 50).   Current convergence value = 0.000457288 (threshold = 1e-06)
  Iteration 50 (of 50).   Current convergence value = 0.000453799 (threshold = 1e-06)
Current level = 3
  Iteration 1 (of 30).   Current convergence value = 0.000703455 (threshold = 1e-06)
  Iteration 2 (of 30).   Current convergence value = 0.000673737 (threshold = 1e-06)
  Iteration 3 (of 30).   Current convergence value = 0.000646197 (threshold = 1e-06)
  Iteration 4 (of 30).   Current convergence value = 0.000621456 (threshold = 1e-06)
  Iteration 5 (of 30).   Current convergence value = 0.000599641 (threshold = 1e-06)
  Iteration 6 (of 30).   Current convergence value = 0.000578978 (threshold = 1e-06)
  Iteration 7 (of 30).   Current convergence value = 0.000560857 (threshold = 1e-06)
  Iteration 8 (of 30).   Current convergence value = 0.000544044 (threshold = 1e-06)
  Iteration 9 (of 30).   Current convergence value = 0.000528856 (threshold = 1e-06)
  Iteration 10 (of 30).   Current convergence value = 0.00051518 (threshold = 1e-06)
  Iteration 11 (of 30).   Current convergence value = 0.000501722 (threshold = 1e-06)
  Iteration 12 (of 30).   Current convergence value = 0.000490549 (threshold = 1e-06)
  Iteration 13 (of 30).   Current convergence value = 0.000480305 (threshold = 1e-06)
  Iteration 14 (of 30).   Current convergence value = 0.000470693 (threshold = 1e-06)
  Iteration 15 (of 30).   Current convergence value = 0.000462594 (threshold = 1e-06)
  Iteration 16 (of 30).   Current convergence value = 0.000455065 (threshold = 1e-06)
  Iteration 17 (of 30).   Current convergence value = 0.000448296 (threshold = 1e-06)
  Iteration 18 (of 30).   Current convergence value = 0.00044229 (threshold = 1e-06)
  Iteration 19 (of 30).   Current convergence value = 0.000437354 (threshold = 1e-06)
  Iteration 20 (of 30).   Current convergence value = 0.000433134 (threshold = 1e-06)
  Iteration 21 (of 30).   Current convergence value = 0.000428786 (threshold = 1e-06)
  Iteration 22 (of 30).   Current convergence value = 0.000425254 (threshold = 1e-06)
  Iteration 23 (of 30).   Current convergence value = 0.000421942 (threshold = 1e-06)
  Iteration 24 (of 30).   Current convergence value = 0.000419301 (threshold = 1e-06)
  Iteration 25 (of 30).   Current convergence value = 0.00041679 (threshold = 1e-06)
  Iteration 26 (of 30).   Current convergence value = 0.000413628 (threshold = 1e-06)
  Iteration 27 (of 30).   Current convergence value = 0.000408939 (threshold = 1e-06)
  Iteration 28 (of 30).   Current convergence value = 0.000403039 (threshold = 1e-06)
  Iteration 29 (of 30).   Current convergence value = 0.000397085 (threshold = 1e-06)
  Iteration 30 (of 30).   Current convergence value = 0.000391198 (threshold = 1e-06)
Current level = 4
  Iteration 1 (of 20).   Current convergence value = 0.00160141 (threshold = 1e-06)
  Iteration 2 (of 20).   Current convergence value = 0.0014761 (threshold = 1e-06)
  Iteration 3 (of 20).   Current convergence value = 0.00137067 (threshold = 1e-06)
  Iteration 4 (of 20).   Current convergence value = 0.00128116 (threshold = 1e-06)
  Iteration 5 (of 20).   Current convergence value = 0.00120503 (threshold = 1e-06)
  Iteration 6 (of 20).   Current convergence value = 0.00114049 (threshold = 1e-06)
  Iteration 7 (of 20).   Current convergence value = 0.00108525 (threshold = 1e-06)
  Iteration 8 (of 20).   Current convergence value = 0.00103646 (threshold = 1e-06)
  Iteration 9 (of 20).   Current convergence value = 0.000994809 (threshold = 1e-06)
  Iteration 10 (of 20).   Current convergence value = 0.000956743 (threshold = 1e-06)
  Iteration 11 (of 20).   Current convergence value = 0.000922821 (threshold = 1e-06)
  Iteration 12 (of 20).   Current convergence value = 0.000892574 (threshold = 1e-06)
  Iteration 13 (of 20).   Current convergence value = 0.000910919 (threshold = 1e-06)
  Iteration 14 (of 20).   Current convergence value = 0.000888158 (threshold = 1e-06)
  Iteration 15 (of 20).   Current convergence value = 0.000861873 (threshold = 1e-06)
  Iteration 16 (of 20).   Current convergence value = 0.000837474 (threshold = 1e-06)
  Iteration 17 (of 20).   Current convergence value = 0.000816106 (threshold = 1e-06)
  Iteration 18 (of 20).   Current convergence value = 0.000797662 (threshold = 1e-06)
  Iteration 19 (of 20).   Current convergence value = 0.000778379 (threshold = 1e-06)
  Iteration 20 (of 20).   Current convergence value = 0.000761312 (threshold = 1e-06)
   N4BiasFieldCorrectionImageFilter (0x33eb090)
     RTTI typeinfo:   itk::N4BiasFieldCorrectionImageFilter<itk::Image<float, 3u>, itk::Image<float, 3u>, itk::Image<float, 3u> >
     Reference Count: 1
     Modified Time: 813
     Debug: Off
     Object Name: 
     Observers: 
       IterationEvent(Command)
     Inputs: 
       Primary: (0x33fb1c0) *
       _1: (0x33fb840)
     Indexed Inputs: 
       0: Primary (0x33fb1c0)
       1: _1 (0x33fb840)
     Required Input Names: Primary
     NumberOfRequiredInputs: 1
     Outputs: 
       Primary: (0x33ef950)
     Indexed Outputs: 
       0: Primary (0x33ef950)
     NumberOfRequiredOutputs: 1
     Number Of Threads: 56
     ReleaseDataFlag: Off
     ReleaseDataBeforeUpdateFlag: Off
     AbortGenerateData: Off
     Progress: 0
     Multithreader: 
       RTTI typeinfo:   itk::MultiThreader
       Reference Count: 1
       Modified Time: 122
       Debug: Off
       Object Name: 
       Observers: 
         none
       Thread Count: 56
       Global Maximum Number Of Threads: 128
       Global Default Number Of Threads: 56
     CoordinateTolerance: 1e-06
     DirectionTolerance: 1e-06
     Mask label: 1
     Number of histogram bins: 200
     Wiener filter noise: 0.01
     Bias field FWHM: 0.15
     Maximum number of iterations: [50, 50, 30, 20]
     Convergence threshold: 1e-06
     Spline order: 3
     Number of fitting levels: [4, 4, 4]
     Number of control points: [4, 5, 5]
     CurrentConvergenceMeasurement: 0.000761312
     CurrentLevel: 4
     ElapsedIterations: 21
     LogBiasFieldControlPointLattice: 
       Image (0x33f50a0)
         RTTI typeinfo:   itk::Image<itk::Vector<float, 1u>, 3u>
         Reference Count: 1
         Modified Time: 127566702
         Debug: Off
         Object Name: 
         Observers: 
           none
         Source: (none)
         Source output name: (none)
         Release Data: Off
         Data Released: False
         Global Release Data: Off
         PipelineMTime: 0
         UpdateMTime: 0
         RealTimeStamp: 0 seconds 
         LargestPossibleRegion: 
           Dimension: 3
           Index: [0, 0, 0]
           Size: [11, 19, 19]
         BufferedRegion: 
           Dimension: 3
           Index: [0, 0, 0]
           Size: [11, 19, 19]
         RequestedRegion: 
           Dimension: 3
           Index: [0, 0, 0]
           Size: [11, 19, 19]
         Spacing: [24.5, 24.85, 24.85]
         Origin: [-24.5, 24.85, -24.85]
         Direction: 
1 0 0
0 -1 0
0 0 1

         IndexToPointMatrix: 
24.5 0 0
0 -24.85 0
0 0 24.85

         PointToIndexMatrix: 
0.0408163 0 0
0 -0.0402414 0
0 0 0.0402414

         Inverse Direction: 
1 0 0
0 -1 0
0 0 1

         PixelContainer: 
           ImportImageContainer (0x33f5360)
             RTTI typeinfo:   itk::ImportImageContainer<unsigned long, itk::Vector<float, 1u> >
             Reference Count: 1
             Modified Time: 127566703
             Debug: Off
             Object Name: 
             Observers: 
               none
             Pointer: 0x49f2e70
             Container manages memory: true
             Size: 3971
             Capacity: 3971
Elapsed time: 65.2344
STEP 2 COMPLETE
total 1353560
-rw-rw-r--  1 ccn30 ccn30       45875200 Sep 13 18:17 phas0001.img
-rw-rw-r--  1 ccn30 ccn30            352 Sep 13 18:17 phas0001.hdr
-rw-rw-r--  1 ccn30 ccn30       45875200 Sep 13 18:17 phas0000.img
-rw-rw-r--  1 ccn30 ccn30            352 Sep 13 18:17 phas0000.hdr
-rw-rw----+ 1 ccn30 wbic-p00500 54081021 Sep 13 18:27 n4mag0000_PSIR_skulled_std.nii.gz
-rw-rw----+ 1 ccn30 wbic-p00500 91750752 Sep  2 20:08 mp2rage_phase.nii.gz
-rw-rw----+ 1 ccn30 wbic-p00500 91750752 Sep  2 20:08 mp2rage_magnitude.nii.gz
-rw-rw----+ 1 ccn30 wbic-p00500 91750752 Sep 13 18:25 mmag0001.nii
-rw-rw----+ 1 ccn30 wbic-p00500 91750752 Sep 13 18:22 mmag0000.nii
-rw-rw----+ 1 ccn30 wbic-p00500 91750752 Sep 13 18:25 mag0001_skull.nii
-rw-rw----+ 1 ccn30 wbic-p00500 91750752 Sep 13 18:25 mag0001_skull_mask.nii
-rw-rw----+ 1 ccn30 wbic-p00500  4332120 Sep 13 18:24 mag0001_seg8.mat
-rw-rw-r--  1 ccn30 ccn30       45875200 Sep 13 18:17 mag0001.img
-rw-rw-r--  1 ccn30 ccn30            352 Sep 13 18:17 mag0001.hdr
-rw-rw----+ 1 ccn30 wbic-p00500 45875552 Sep 13 18:25 mag0001_brain_skull.nii
-rw-rw----+ 1 ccn30 wbic-p00500 91750752 Sep 13 18:25 mag0001_brain.nii
-rw-rw----+ 1 ccn30 wbic-p00500 45875552 Sep 13 18:25 mag0001_brain_mask.nii
-rw-rw----+ 1 ccn30 wbic-p00500  4332120 Sep 13 18:21 mag0000_seg8.mat
-rw-rw----+ 1 ccn30 wbic-p00500 54054376 Sep 13 18:25 mag0000_PSIR_skulled_std.nii.gz
-rw-rw----+ 1 ccn30 wbic-p00500 54146381 Sep 13 18:25 mag0000_PSIR_skulled.nii.gz
-rw-rw----+ 1 ccn30 wbic-p00500 52082533 Sep 13 18:18 mag0000_PSIR.nii.gz
-rw-rw----+ 1 ccn30 wbic-p00500 58822236 Sep 13 18:17 mag0000_PD_smooth.nii.gz
-rw-rw----+ 1 ccn30 wbic-p00500 52683201 Sep 13 18:17 mag0000_MP2RAGE.nii.gz
-rw-rw-r--  1 ccn30 ccn30       45875200 Sep 13 18:17 mag0000.img
-rw-rw-r--  1 ccn30 ccn30            352 Sep 13 18:17 mag0000.hdr
-rw-rw----+ 1 ccn30 wbic-p00500 22937952 Sep 13 18:25 c3mag0001.nii
-rw-rw----+ 1 ccn30 wbic-p00500 22937952 Sep 13 18:22 c3mag0000.nii
-rw-rw----+ 1 ccn30 wbic-p00500 22937952 Sep 13 18:25 c2mag0001.nii
-rw-rw----+ 1 ccn30 wbic-p00500 22937952 Sep 13 18:22 c2mag0000.nii
-rw-rw----+ 1 ccn30 wbic-p00500 22937952 Sep 13 18:25 c1mag0001.nii
-rw-rw----+ 1 ccn30 wbic-p00500 22937952 Sep 13 18:22 c1mag0000.nii
drwxrws---+ 5 ccn30 wbic-p00500     4096 Sep  2 20:08 ..
drwxrws---+ 2 ccn30 wbic-p00500     4096 Sep 13 18:27 .
STEP 3 COMPLETE
total 1390424
-rw-rw-r--  1 ccn30 ccn30       45875200 Sep 13 18:17 phas0001.img
-rw-rw-r--  1 ccn30 ccn30            352 Sep 13 18:17 phas0001.hdr
-rw-rw-r--  1 ccn30 ccn30       45875200 Sep 13 18:17 phas0000.img
-rw-rw-r--  1 ccn30 ccn30            352 Sep 13 18:17 phas0000.hdr
-rw-rw----+ 1 ccn30 wbic-p00500 91750752 Sep 13 18:27 n4mag0000_PSIR_skulled_std.nii
-rw-rw----+ 1 ccn30 wbic-p00500 91750752 Sep  2 20:08 mp2rage_phase.nii.gz
-rw-rw----+ 1 ccn30 wbic-p00500 91750752 Sep  2 20:08 mp2rage_magnitude.nii.gz
-rw-rw----+ 1 ccn30 wbic-p00500 91750752 Sep 13 18:25 mmag0001.nii
-rw-rw----+ 1 ccn30 wbic-p00500 91750752 Sep 13 18:22 mmag0000.nii
-rw-rw----+ 1 ccn30 wbic-p00500 91750752 Sep 13 18:25 mag0001_skull.nii
-rw-rw----+ 1 ccn30 wbic-p00500 91750752 Sep 13 18:25 mag0001_skull_mask.nii
-rw-rw----+ 1 ccn30 wbic-p00500  4332120 Sep 13 18:24 mag0001_seg8.mat
-rw-rw-r--  1 ccn30 ccn30       45875200 Sep 13 18:17 mag0001.img
-rw-rw-r--  1 ccn30 ccn30            352 Sep 13 18:17 mag0001.hdr
-rw-rw----+ 1 ccn30 wbic-p00500 45875552 Sep 13 18:25 mag0001_brain_skull.nii
-rw-rw----+ 1 ccn30 wbic-p00500 91750752 Sep 13 18:25 mag0001_brain.nii
-rw-rw----+ 1 ccn30 wbic-p00500 45875552 Sep 13 18:25 mag0001_brain_mask.nii
-rw-rw----+ 1 ccn30 wbic-p00500  4332120 Sep 13 18:21 mag0000_seg8.mat
-rw-rw----+ 1 ccn30 wbic-p00500 54054376 Sep 13 18:25 mag0000_PSIR_skulled_std.nii.gz
-rw-rw----+ 1 ccn30 wbic-p00500 54146381 Sep 13 18:25 mag0000_PSIR_skulled.nii.gz
-rw-rw----+ 1 ccn30 wbic-p00500 52082533 Sep 13 18:18 mag0000_PSIR.nii.gz
-rw-rw----+ 1 ccn30 wbic-p00500 58822236 Sep 13 18:17 mag0000_PD_smooth.nii.gz
-rw-rw----+ 1 ccn30 wbic-p00500 52683201 Sep 13 18:17 mag0000_MP2RAGE.nii.gz
-rw-rw-r--  1 ccn30 ccn30       45875200 Sep 13 18:17 mag0000.img
-rw-rw-r--  1 ccn30 ccn30            352 Sep 13 18:17 mag0000.hdr
-rw-rw----+ 1 ccn30 wbic-p00500 22937952 Sep 13 18:25 c3mag0001.nii
-rw-rw----+ 1 ccn30 wbic-p00500 22937952 Sep 13 18:22 c3mag0000.nii
-rw-rw----+ 1 ccn30 wbic-p00500 22937952 Sep 13 18:25 c2mag0001.nii
-rw-rw----+ 1 ccn30 wbic-p00500 22937952 Sep 13 18:22 c2mag0000.nii
-rw-rw----+ 1 ccn30 wbic-p00500 22937952 Sep 13 18:25 c1mag0001.nii
-rw-rw----+ 1 ccn30 wbic-p00500 22937952 Sep 13 18:22 c1mag0000.nii
drwxrws---+ 5 ccn30 wbic-p00500     4096 Sep  2 20:08 ..
drwxrws---+ 2 ccn30 wbic-p00500     4096 Sep 13 18:27 .

                            < M A T L A B (R) >
                  Copyright 1984-2017 The MathWorks, Inc.
                   R2017b (9.3.0.713579) 64-bit (glnxa64)
                             September 14, 2017

 
To get started, type one of these: helpwin, helpdesk, or demo.
For product information, visit www.mathworks.com.
 


------------------------------------------------------------------------
13-Sep-2021 18:27:39 - Running job #1
------------------------------------------------------------------------
13-Sep-2021 18:27:39 - Running 'Segment'

SPM12: spm_preproc_run (v7408)                     18:27:39 - 13/09/2021
========================================================================
Segment /home/ccn30/rds/rds-p00500_encrypt-URQgmO1brZ0/p00500/ENCRYPT_images/25773/mp2rage/n4mag0000_PSIR_skulled_std.nii,1
Completed                               :          18:30:24 - 13/09/2021
13-Sep-2021 18:30:24 - Done    'Segment'
13-Sep-2021 18:30:24 - Done

SPM segmentation is done...
STEP 4 COMPLETE
total 1500652
-rw-rw-r--  1 ccn30 ccn30       45875200 Sep 13 18:17 phas0001.img
-rw-rw-r--  1 ccn30 ccn30            352 Sep 13 18:17 phas0001.hdr
-rw-rw-r--  1 ccn30 ccn30       45875200 Sep 13 18:17 phas0000.img
-rw-rw-r--  1 ccn30 ccn30            352 Sep 13 18:17 phas0000.hdr
-rw-rw----+ 1 ccn30 wbic-p00500  4341760 Sep 13 18:28 n4mag0000_PSIR_skulled_std_seg8.mat
-rw-rw----+ 1 ccn30 wbic-p00500 91750752 Sep 13 18:27 n4mag0000_PSIR_skulled_std.nii
-rw-rw----+ 1 ccn30 wbic-p00500 91750752 Sep  2 20:08 mp2rage_phase.nii.gz
-rw-rw----+ 1 ccn30 wbic-p00500 91750752 Sep  2 20:08 mp2rage_magnitude.nii.gz
-rw-rw----+ 1 ccn30 wbic-p00500 91750752 Sep 13 18:25 mmag0001.nii
-rw-rw----+ 1 ccn30 wbic-p00500 91750752 Sep 13 18:22 mmag0000.nii
-rw-rw----+ 1 ccn30 wbic-p00500 91750752 Sep 13 18:25 mag0001_skull.nii
-rw-rw----+ 1 ccn30 wbic-p00500 91750752 Sep 13 18:25 mag0001_skull_mask.nii
-rw-rw----+ 1 ccn30 wbic-p00500  4332120 Sep 13 18:24 mag0001_seg8.mat
-rw-rw-r--  1 ccn30 ccn30       45875200 Sep 13 18:17 mag0001.img
-rw-rw-r--  1 ccn30 ccn30            352 Sep 13 18:17 mag0001.hdr
-rw-rw----+ 1 ccn30 wbic-p00500 45875552 Sep 13 18:25 mag0001_brain_skull.nii
-rw-rw----+ 1 ccn30 wbic-p00500 91750752 Sep 13 18:25 mag0001_brain.nii
-rw-rw----+ 1 ccn30 wbic-p00500 45875552 Sep 13 18:25 mag0001_brain_mask.nii
-rw-rw----+ 1 ccn30 wbic-p00500  4332120 Sep 13 18:21 mag0000_seg8.mat
-rw-rw----+ 1 ccn30 wbic-p00500 54054376 Sep 13 18:25 mag0000_PSIR_skulled_std.nii.gz
-rw-rw----+ 1 ccn30 wbic-p00500 54146381 Sep 13 18:25 mag0000_PSIR_skulled.nii.gz
-rw-rw----+ 1 ccn30 wbic-p00500 52082533 Sep 13 18:18 mag0000_PSIR.nii.gz
-rw-rw----+ 1 ccn30 wbic-p00500 58822236 Sep 13 18:17 mag0000_PD_smooth.nii.gz
-rw-rw----+ 1 ccn30 wbic-p00500 52683201 Sep 13 18:17 mag0000_MP2RAGE.nii.gz
-rw-rw-r--  1 ccn30 ccn30       45875200 Sep 13 18:17 mag0000.img
-rw-rw-r--  1 ccn30 ccn30            352 Sep 13 18:17 mag0000.hdr
-rw-rw----+ 1 ccn30 wbic-p00500 22937952 Sep 13 18:30 c5n4mag0000_PSIR_skulled_std.nii
-rw-rw----+ 1 ccn30 wbic-p00500 22937952 Sep 13 18:30 c4n4mag0000_PSIR_skulled_std.nii
-rw-rw----+ 1 ccn30 wbic-p00500 22937952 Sep 13 18:30 c3n4mag0000_PSIR_skulled_std.nii
-rw-rw----+ 1 ccn30 wbic-p00500 22937952 Sep 13 18:25 c3mag0001.nii
-rw-rw----+ 1 ccn30 wbic-p00500 22937952 Sep 13 18:22 c3mag0000.nii
-rw-rw----+ 1 ccn30 wbic-p00500 22937952 Sep 13 18:30 c2n4mag0000_PSIR_skulled_std.nii
-rw-rw----+ 1 ccn30 wbic-p00500 22937952 Sep 13 18:25 c2mag0001.nii
-rw-rw----+ 1 ccn30 wbic-p00500 22937952 Sep 13 18:22 c2mag0000.nii
-rw-rw----+ 1 ccn30 wbic-p00500 22937952 Sep 13 18:30 c1n4mag0000_PSIR_skulled_std.nii
-rw-rw----+ 1 ccn30 wbic-p00500 22937952 Sep 13 18:25 c1mag0001.nii
-rw-rw----+ 1 ccn30 wbic-p00500 22937952 Sep 13 18:22 c1mag0000.nii
drwxrws---+ 5 ccn30 wbic-p00500     4096 Sep  2 20:08 ..
drwxrws---+ 2 ccn30 wbic-p00500     4096 Sep 13 18:28 .

                            < M A T L A B (R) >
                  Copyright 1984-2017 The MathWorks, Inc.
                   R2017b (9.3.0.713579) 64-bit (glnxa64)
                             September 14, 2017

 
To get started, type one of these: helpwin, helpdesk, or demo.
For product information, visit www.mathworks.com.
 
Preparing data ...
Masking image 1 of 1 subjects ...
Finished skull stripping data.
STEP 5 COMPLETE
total 1596292
-rw-rw-r--  1 ccn30 ccn30       45875200 Sep 13 18:17 phas0001.img
-rw-rw-r--  1 ccn30 ccn30            352 Sep 13 18:17 phas0001.hdr
-rw-rw-r--  1 ccn30 ccn30       45875200 Sep 13 18:17 phas0000.img
-rw-rw-r--  1 ccn30 ccn30            352 Sep 13 18:17 phas0000.hdr
-rw-rw----+ 1 ccn30 wbic-p00500 91750752 Sep 13 18:30 n4mag0000_PSIR_skulled_std_struc_brain.nii
-rw-rw----+ 1 ccn30 wbic-p00500  4341760 Sep 13 18:28 n4mag0000_PSIR_skulled_std_seg8.mat
-rw-rw----+ 1 ccn30 wbic-p00500 91750752 Sep 13 18:27 n4mag0000_PSIR_skulled_std.nii
-rw-rw----+ 1 ccn30 wbic-p00500 91750752 Sep  2 20:08 mp2rage_phase.nii.gz
-rw-rw----+ 1 ccn30 wbic-p00500 91750752 Sep  2 20:08 mp2rage_magnitude.nii.gz
-rw-rw----+ 1 ccn30 wbic-p00500 91750752 Sep 13 18:25 mmag0001.nii
-rw-rw----+ 1 ccn30 wbic-p00500 91750752 Sep 13 18:22 mmag0000.nii
-rw-rw----+ 1 ccn30 wbic-p00500 91750752 Sep 13 18:25 mag0001_skull.nii
-rw-rw----+ 1 ccn30 wbic-p00500 91750752 Sep 13 18:25 mag0001_skull_mask.nii
-rw-rw----+ 1 ccn30 wbic-p00500  4332120 Sep 13 18:24 mag0001_seg8.mat
-rw-rw-r--  1 ccn30 ccn30       45875200 Sep 13 18:17 mag0001.img
-rw-rw-r--  1 ccn30 ccn30            352 Sep 13 18:17 mag0001.hdr
-rw-rw----+ 1 ccn30 wbic-p00500 45875552 Sep 13 18:25 mag0001_brain_skull.nii
-rw-rw----+ 1 ccn30 wbic-p00500 91750752 Sep 13 18:25 mag0001_brain.nii
-rw-rw----+ 1 ccn30 wbic-p00500 45875552 Sep 13 18:25 mag0001_brain_mask.nii
-rw-rw----+ 1 ccn30 wbic-p00500  4332120 Sep 13 18:21 mag0000_seg8.mat
-rw-rw----+ 1 ccn30 wbic-p00500 54054376 Sep 13 18:25 mag0000_PSIR_skulled_std.nii.gz
-rw-rw----+ 1 ccn30 wbic-p00500 54146381 Sep 13 18:25 mag0000_PSIR_skulled.nii.gz
-rw-rw----+ 1 ccn30 wbic-p00500 52082533 Sep 13 18:18 mag0000_PSIR.nii.gz
-rw-rw----+ 1 ccn30 wbic-p00500 58822236 Sep 13 18:17 mag0000_PD_smooth.nii.gz
-rw-rw----+ 1 ccn30 wbic-p00500 52683201 Sep 13 18:17 mag0000_MP2RAGE.nii.gz
-rw-rw-r--  1 ccn30 ccn30       45875200 Sep 13 18:17 mag0000.img
-rw-rw-r--  1 ccn30 ccn30            352 Sep 13 18:17 mag0000.hdr
-rw-rw----+ 1 ccn30 wbic-p00500 22937952 Sep 13 18:30 c5n4mag0000_PSIR_skulled_std.nii
-rw-rw----+ 1 ccn30 wbic-p00500 22937952 Sep 13 18:30 c4n4mag0000_PSIR_skulled_std.nii
-rw-rw----+ 1 ccn30 wbic-p00500 22937952 Sep 13 18:30 c3n4mag0000_PSIR_skulled_std.nii
-rw-rw----+ 1 ccn30 wbic-p00500 22937952 Sep 13 18:25 c3mag0001.nii
-rw-rw----+ 1 ccn30 wbic-p00500 22937952 Sep 13 18:22 c3mag0000.nii
-rw-rw----+ 1 ccn30 wbic-p00500 22937952 Sep 13 18:30 c2n4mag0000_PSIR_skulled_std.nii
-rw-rw----+ 1 ccn30 wbic-p00500 22937952 Sep 13 18:25 c2mag0001.nii
-rw-rw----+ 1 ccn30 wbic-p00500 22937952 Sep 13 18:22 c2mag0000.nii
-rw-rw----+ 1 ccn30 wbic-p00500 22937952 Sep 13 18:30 c1n4mag0000_PSIR_skulled_std.nii
-rw-rw----+ 1 ccn30 wbic-p00500 22937952 Sep 13 18:25 c1mag0001.nii
-rw-rw----+ 1 ccn30 wbic-p00500 22937952 Sep 13 18:22 c1mag0000.nii
drwxrws---+ 5 ccn30 wbic-p00500     4096 Sep  2 20:08 ..
drwxrws---+ 2 ccn30 wbic-p00500     4096 Sep 13 18:30 .
STEP 6 COMPLETE
total 1670020
-rw-rw-r--  1 ccn30 ccn30       45875200 Sep 13 18:17 phas0001.img
-rw-rw-r--  1 ccn30 ccn30            352 Sep 13 18:17 phas0001.hdr
-rw-rw-r--  1 ccn30 ccn30       45875200 Sep 13 18:17 phas0000.img
-rw-rw-r--  1 ccn30 ccn30            352 Sep 13 18:17 phas0000.hdr
-rw-rw----+ 1 ccn30 wbic-p00500 91750752 Sep 13 18:30 n4mag0000_PSIR_skulled_std_struc_brain.nii
-rw-rw----+ 1 ccn30 wbic-p00500 91750752 Sep 13 18:31 n4mag0000_PSIR_skulled_std_struc_brain_mask.nii
-rw-rw----+ 1 ccn30 wbic-p00500  4341760 Sep 13 18:28 n4mag0000_PSIR_skulled_std_seg8.mat
-rw-rw----+ 1 ccn30 wbic-p00500 91750752 Sep 13 18:27 n4mag0000_PSIR_skulled_std.nii
-rw-rw----+ 1 ccn30 wbic-p00500 91750752 Sep  2 20:08 mp2rage_phase.nii.gz
-rw-rw----+ 1 ccn30 wbic-p00500 91750752 Sep  2 20:08 mp2rage_magnitude.nii.gz
-rw-rw----+ 1 ccn30 wbic-p00500 91750752 Sep 13 18:25 mmag0001.nii
-rw-rw----+ 1 ccn30 wbic-p00500 91750752 Sep 13 18:22 mmag0000.nii
-rw-rw----+ 1 ccn30 wbic-p00500 91750752 Sep 13 18:25 mag0001_skull.nii
-rw-rw----+ 1 ccn30 wbic-p00500 91750752 Sep 13 18:25 mag0001_skull_mask.nii
-rw-rw----+ 1 ccn30 wbic-p00500  4332120 Sep 13 18:24 mag0001_seg8.mat
-rw-rw-r--  1 ccn30 ccn30       45875200 Sep 13 18:17 mag0001.img
-rw-rw-r--  1 ccn30 ccn30            352 Sep 13 18:17 mag0001.hdr
-rw-rw----+ 1 ccn30 wbic-p00500 45875552 Sep 13 18:25 mag0001_brain_skull.nii
-rw-rw----+ 1 ccn30 wbic-p00500 91750752 Sep 13 18:25 mag0001_brain.nii
-rw-rw----+ 1 ccn30 wbic-p00500 45875552 Sep 13 18:25 mag0001_brain_mask.nii
-rw-rw----+ 1 ccn30 wbic-p00500  4332120 Sep 13 18:21 mag0000_seg8.mat
-rw-rw----+ 1 ccn30 wbic-p00500 54054376 Sep 13 18:25 mag0000_PSIR_skulled_std.nii.gz
-rw-rw----+ 1 ccn30 wbic-p00500 54146381 Sep 13 18:25 mag0000_PSIR_skulled.nii.gz
-rw-rw----+ 1 ccn30 wbic-p00500 52082533 Sep 13 18:18 mag0000_PSIR.nii.gz
-rw-rw----+ 1 ccn30 wbic-p00500 58822236 Sep 13 18:17 mag0000_PD_smooth.nii.gz
-rw-rw----+ 1 ccn30 wbic-p00500 52683201 Sep 13 18:17 mag0000_MP2RAGE.nii.gz
-rw-rw-r--  1 ccn30 ccn30       45875200 Sep 13 18:17 mag0000.img
-rw-rw-r--  1 ccn30 ccn30            352 Sep 13 18:17 mag0000.hdr
-rw-rw----+ 1 ccn30 wbic-p00500 22937952 Sep 13 18:30 c5n4mag0000_PSIR_skulled_std.nii
-rw-rw----+ 1 ccn30 wbic-p00500 22937952 Sep 13 18:30 c4n4mag0000_PSIR_skulled_std.nii
-rw-rw----+ 1 ccn30 wbic-p00500 22937952 Sep 13 18:30 c3n4mag0000_PSIR_skulled_std.nii
-rw-rw----+ 1 ccn30 wbic-p00500 22937952 Sep 13 18:25 c3mag0001.nii
-rw-rw----+ 1 ccn30 wbic-p00500 22937952 Sep 13 18:22 c3mag0000.nii
-rw-rw----+ 1 ccn30 wbic-p00500 22937952 Sep 13 18:30 c2n4mag0000_PSIR_skulled_std.nii
-rw-rw----+ 1 ccn30 wbic-p00500 22937952 Sep 13 18:25 c2mag0001.nii
-rw-rw----+ 1 ccn30 wbic-p00500 22937952 Sep 13 18:22 c2mag0000.nii
-rw-rw----+ 1 ccn30 wbic-p00500 22937952 Sep 13 18:30 c1n4mag0000_PSIR_skulled_std.nii
-rw-rw----+ 1 ccn30 wbic-p00500 22937952 Sep 13 18:25 c1mag0001.nii
-rw-rw----+ 1 ccn30 wbic-p00500 22937952 Sep 13 18:22 c1mag0000.nii
drwxrws---+ 5 ccn30 wbic-p00500     4096 Sep  2 20:08 ..
drwxrws---+ 2 ccn30 wbic-p00500     4096 Sep 13 18:31 .
