This is job 40
Time: Mon 13 Sep 18:17:19 BST 2021
Running on master node: cpu-p-193
Current directory: /rds/user/ccn30/hpc-work/WBIC_lustre/ENCRYPT/scripts/ImagePrep/mp2rage/slurmoutputs
Changed directory to /home/ccn30/rds/hpc-work/WBIC_lustre/ENCRYPT/scripts/ImagePrep/mp2rage/slurmoutputs.

JobID: 46418950
======
Time: Mon 13 Sep 18:17:19 BST 2021
Running on master node: cpu-p-193
Current directory: /home/ccn30/rds/hpc-work/WBIC_lustre/ENCRYPT/scripts/ImagePrep/mp2rage/slurmoutputs

Nodes allocated:
================
cpu-p-193

numtasks=, numnodes=, mpi_tasks_per_node= (OMP_NUM_THREADS=1)

Executing command:
==================
/home/ccn30/rds/hpc-work/WBIC_lustre/ENCRYPT/scripts/ImagePrep/mp2rage/mp2rage_processing.sh /home/ccn30/rds/hpc-work/WBIC_lustre/ENCRYPT/ENCRYPT_MasterRIScodes.txt 40 /home/ccn30/rds/hpc-work/WBIC_lustre/ENCRYPT/scripts/ImagePrep/mp2rage /usr/local/Cluster-Apps/matlab/R2017b /usr/local/software/spm/spm12 /home/ccn30/rds/rds-p00500_encrypt-URQgmO1brZ0/p00500/ENCRYPT_images /usr/local/Cluster-Apps/fsl/5.0.8/fsl

Starting 27202
/home/ccn30/rds/rds-p00500_encrypt-URQgmO1brZ0/p00500/ENCRYPT_images/27202/mp2rage
STARTING mp2rage PREPROCESSING
total 330544
-rw-rw----+ 1 ccn30 wbic-p00500 45875552 Sep 13 18:17 phas0001.nii
-rw-rw----+ 1 ccn30 wbic-p00500 45875552 Sep 13 18:17 phas0000.nii
-rw-rw----+ 1 ccn30 wbic-p00500 91750752 Sep  2 13:53 mp2rage_phase.nii.gz
-rw-rw----+ 1 ccn30 wbic-p00500 91750752 Sep  2 13:53 mp2rage_magnitude.nii.gz
-rw-rw----+ 1 ccn30 wbic-p00500 45875552 Sep 13 18:17 mag0001.nii
-rw-rw----+ 1 ccn30 wbic-p00500 45875552 Sep 13 18:17 mag0000.nii
drwxrws---+ 5 ccn30 wbic-p00500     4096 Sep  2 13:53 ..
drwxrws---+ 2 ccn30 wbic-p00500     4096 Sep 13 18:17 .
The folder where the PSIR is is /home/ccn30/rds/rds-p00500_encrypt-URQgmO1brZ0/p00500/ENCRYPT_images/27202/mp2rage
The script directory is /home/ccn30/rds/hpc-work/WBIC_lustre/ENCRYPT/scripts/ImagePrep/mp2rage
The SPM directory is /usr/local/software/spm/spm12
/home/ccn30/rds/rds-p00500_encrypt-URQgmO1brZ0/p00500/ENCRYPT_images/27202/mp2rage/mag0000 and /home/ccn30/rds/rds-p00500_encrypt-URQgmO1brZ0/p00500/ENCRYPT_images/27202/mp2rage/mag0001 and /home/ccn30/rds/rds-p00500_encrypt-URQgmO1brZ0/p00500/ENCRYPT_images/27202/mp2rage/phas0000 and /home/ccn30/rds/rds-p00500_encrypt-URQgmO1brZ0/p00500/ENCRYPT_images/27202/mp2rage/phas0001 are the files selected
0.000000 0.000000 -1.000000 156.099991 
-1.000000 0.000000 0.000000 223.300003 
0.000000 1.000000 0.000000 0.000000 
0.000000 0.000000 0.000000 1.000000 

0.000000 0.000000 -1.000000 156.099991 
-1.000000 0.000000 0.000000 223.300003 
0.000000 1.000000 0.000000 0.000000 
0.000000 0.000000 0.000000 1.000000 

0.000000 0.000000 -1.000000 156.099991 
-1.000000 0.000000 0.000000 223.300003 
0.000000 1.000000 0.000000 0.000000 
0.000000 0.000000 0.000000 1.000000 

0.000000 0.000000 -1.000000 156.099991 
-1.000000 0.000000 0.000000 223.300003 
0.000000 1.000000 0.000000 0.000000 
0.000000 0.000000 0.000000 1.000000 


                            < M A T L A B (R) >
                  Copyright 1984-2017 The MathWorks, Inc.
                   R2017b (9.3.0.713579) 64-bit (glnxa64)
                             September 14, 2017

 
To get started, type one of these: helpwin, helpdesk, or demo.
For product information, visit www.mathworks.com.
 
You are in the PSIR function
Phase data rescaled to radians (Assuming Siemens data range [0 4095])
320  320  224    2is the image dimension
 
 
 
The PSIR reconstruction is done.
/home/ccn30/rds/rds-p00500_encrypt-URQgmO1brZ0/p00500/ENCRYPT_images/27202/mp2rage/mag0000

                            < M A T L A B (R) >
                  Copyright 1984-2017 The MathWorks, Inc.
                   R2017b (9.3.0.713579) 64-bit (glnxa64)
                             September 14, 2017

 
To get started, type one of these: helpwin, helpdesk, or demo.
For product information, visit www.mathworks.com.
 
You are in the PSIR function


------------------------------------------------------------------------
13-Sep-2021 18:18:15 - Running job #1
------------------------------------------------------------------------
13-Sep-2021 18:18:15 - Running 'Segment'

SPM12: spm_preproc_run (v7408)                     18:18:15 - 13/09/2021
========================================================================
Segment /home/ccn30/rds/rds-p00500_encrypt-URQgmO1brZ0/p00500/ENCRYPT_images/27202/mp2rage/mag0000.img,1
Segment /home/ccn30/rds/rds-p00500_encrypt-URQgmO1brZ0/p00500/ENCRYPT_images/27202/mp2rage/mag0001.img,1
Completed                               :          18:24:18 - 13/09/2021
13-Sep-2021 18:24:18 - Done    'Segment'
13-Sep-2021 18:24:18 - Done

SPM is done...
STEP 1 COMPLETE
total 1229644
-rw-rw-r--  1 ccn30 ccn30       45875200 Sep 13 18:17 phas0001.img
-rw-rw-r--  1 ccn30 ccn30            352 Sep 13 18:17 phas0001.hdr
-rw-rw-r--  1 ccn30 ccn30       45875200 Sep 13 18:17 phas0000.img
-rw-rw-r--  1 ccn30 ccn30            352 Sep 13 18:17 phas0000.hdr
-rw-rw----+ 1 ccn30 wbic-p00500 91750752 Sep  2 13:53 mp2rage_phase.nii.gz
-rw-rw----+ 1 ccn30 wbic-p00500 91750752 Sep  2 13:53 mp2rage_magnitude.nii.gz
-rw-rw----+ 1 ccn30 wbic-p00500 91750752 Sep 13 18:23 mmag0001.nii
-rw-rw----+ 1 ccn30 wbic-p00500 91750752 Sep 13 18:21 mmag0000.nii
-rw-rw----+ 1 ccn30 wbic-p00500 91750752 Sep 13 18:24 mag0001_skull.nii
-rw-rw----+ 1 ccn30 wbic-p00500 91750752 Sep 13 18:24 mag0001_skull_mask.nii
-rw-rw----+ 1 ccn30 wbic-p00500  4332120 Sep 13 18:23 mag0001_seg8.mat
-rw-rw-r--  1 ccn30 ccn30       45875200 Sep 13 18:17 mag0001.img
-rw-rw-r--  1 ccn30 ccn30            352 Sep 13 18:17 mag0001.hdr
-rw-rw----+ 1 ccn30 wbic-p00500 45875552 Sep 13 18:24 mag0001_brain_skull.nii
-rw-rw----+ 1 ccn30 wbic-p00500 91750752 Sep 13 18:24 mag0001_brain.nii
-rw-rw----+ 1 ccn30 wbic-p00500 45875552 Sep 13 18:24 mag0001_brain_mask.nii
-rw-rw----+ 1 ccn30 wbic-p00500  4332120 Sep 13 18:21 mag0000_seg8.mat
-rw-rw----+ 1 ccn30 wbic-p00500 91750752 Sep 13 18:24 mag0000_PSIR_skulled.nii
-rw-rw----+ 1 ccn30 wbic-p00500 49353388 Sep 13 18:17 mag0000_PSIR.nii.gz
-rw-rw----+ 1 ccn30 wbic-p00500 57369612 Sep 13 18:17 mag0000_PD_smooth.nii.gz
-rw-rw----+ 1 ccn30 wbic-p00500 50401016 Sep 13 18:17 mag0000_MP2RAGE.nii.gz
-rw-rw-r--  1 ccn30 ccn30       45875200 Sep 13 18:17 mag0000.img
-rw-rw-r--  1 ccn30 ccn30            352 Sep 13 18:17 mag0000.hdr
-rw-rw----+ 1 ccn30 wbic-p00500 22937952 Sep 13 18:24 c3mag0001.nii
-rw-rw----+ 1 ccn30 wbic-p00500 22937952 Sep 13 18:22 c3mag0000.nii
-rw-rw----+ 1 ccn30 wbic-p00500 22937952 Sep 13 18:24 c2mag0001.nii
-rw-rw----+ 1 ccn30 wbic-p00500 22937952 Sep 13 18:22 c2mag0000.nii
-rw-rw----+ 1 ccn30 wbic-p00500 22937952 Sep 13 18:24 c1mag0001.nii
-rw-rw----+ 1 ccn30 wbic-p00500 22937952 Sep 13 18:22 c1mag0000.nii
drwxrws---+ 5 ccn30 wbic-p00500     4096 Sep  2 13:53 ..
drwxrws---+ 2 ccn30 wbic-p00500     4096 Sep 13 18:24 .
STEP 1.1 COMPLETE
total 1254220
-rw-rw-r--  1 ccn30 ccn30       45875200 Sep 13 18:17 phas0001.img
-rw-rw-r--  1 ccn30 ccn30            352 Sep 13 18:17 phas0001.hdr
-rw-rw-r--  1 ccn30 ccn30       45875200 Sep 13 18:17 phas0000.img
-rw-rw-r--  1 ccn30 ccn30            352 Sep 13 18:17 phas0000.hdr
-rw-rw----+ 1 ccn30 wbic-p00500 91750752 Sep  2 13:53 mp2rage_phase.nii.gz
-rw-rw----+ 1 ccn30 wbic-p00500 91750752 Sep  2 13:53 mp2rage_magnitude.nii.gz
-rw-rw----+ 1 ccn30 wbic-p00500 91750752 Sep 13 18:23 mmag0001.nii
-rw-rw----+ 1 ccn30 wbic-p00500 91750752 Sep 13 18:21 mmag0000.nii
-rw-rw----+ 1 ccn30 wbic-p00500 91750752 Sep 13 18:24 mag0001_skull.nii
-rw-rw----+ 1 ccn30 wbic-p00500 91750752 Sep 13 18:24 mag0001_skull_mask.nii
-rw-rw----+ 1 ccn30 wbic-p00500  4332120 Sep 13 18:23 mag0001_seg8.mat
-rw-rw-r--  1 ccn30 ccn30       45875200 Sep 13 18:17 mag0001.img
-rw-rw-r--  1 ccn30 ccn30            352 Sep 13 18:17 mag0001.hdr
-rw-rw----+ 1 ccn30 wbic-p00500 45875552 Sep 13 18:24 mag0001_brain_skull.nii
-rw-rw----+ 1 ccn30 wbic-p00500 91750752 Sep 13 18:24 mag0001_brain.nii
-rw-rw----+ 1 ccn30 wbic-p00500 45875552 Sep 13 18:24 mag0001_brain_mask.nii
-rw-rw----+ 1 ccn30 wbic-p00500  4332120 Sep 13 18:21 mag0000_seg8.mat
-rw-rw----+ 1 ccn30 wbic-p00500 51102572 Sep 13 18:24 mag0000_PSIR_skulled_std.nii.gz
-rw-rw----+ 1 ccn30 wbic-p00500 51246536 Sep 13 18:24 mag0000_PSIR_skulled.nii.gz
-rw-rw----+ 1 ccn30 wbic-p00500 49353388 Sep 13 18:17 mag0000_PSIR.nii.gz
-rw-rw----+ 1 ccn30 wbic-p00500 57369612 Sep 13 18:17 mag0000_PD_smooth.nii.gz
-rw-rw----+ 1 ccn30 wbic-p00500 50401016 Sep 13 18:17 mag0000_MP2RAGE.nii.gz
-rw-rw-r--  1 ccn30 ccn30       45875200 Sep 13 18:17 mag0000.img
-rw-rw-r--  1 ccn30 ccn30            352 Sep 13 18:17 mag0000.hdr
-rw-rw----+ 1 ccn30 wbic-p00500 22937952 Sep 13 18:24 c3mag0001.nii
-rw-rw----+ 1 ccn30 wbic-p00500 22937952 Sep 13 18:22 c3mag0000.nii
-rw-rw----+ 1 ccn30 wbic-p00500 22937952 Sep 13 18:24 c2mag0001.nii
-rw-rw----+ 1 ccn30 wbic-p00500 22937952 Sep 13 18:22 c2mag0000.nii
-rw-rw----+ 1 ccn30 wbic-p00500 22937952 Sep 13 18:24 c1mag0001.nii
-rw-rw----+ 1 ccn30 wbic-p00500 22937952 Sep 13 18:22 c1mag0000.nii
drwxrws---+ 5 ccn30 wbic-p00500     4096 Sep  2 13:53 ..
drwxrws---+ 2 ccn30 wbic-p00500     4096 Sep 13 18:24 .

Running N4 for 3-dimensional images.

Mask not read.  Creating Otsu mask.
Current level = 1
  Iteration 1 (of 50).   Current convergence value = 0.000425094 (threshold = 1e-06)
  Iteration 2 (of 50).   Current convergence value = 0.000421936 (threshold = 1e-06)
  Iteration 3 (of 50).   Current convergence value = 0.000418535 (threshold = 1e-06)
  Iteration 4 (of 50).   Current convergence value = 0.000415463 (threshold = 1e-06)
  Iteration 5 (of 50).   Current convergence value = 0.000411457 (threshold = 1e-06)
  Iteration 6 (of 50).   Current convergence value = 0.000408393 (threshold = 1e-06)
  Iteration 7 (of 50).   Current convergence value = 0.000405037 (threshold = 1e-06)
  Iteration 8 (of 50).   Current convergence value = 0.000402189 (threshold = 1e-06)
  Iteration 9 (of 50).   Current convergence value = 0.000399215 (threshold = 1e-06)
  Iteration 10 (of 50).   Current convergence value = 0.000396124 (threshold = 1e-06)
  Iteration 11 (of 50).   Current convergence value = 0.000393784 (threshold = 1e-06)
  Iteration 12 (of 50).   Current convergence value = 0.000390894 (threshold = 1e-06)
  Iteration 13 (of 50).   Current convergence value = 0.00038842 (threshold = 1e-06)
  Iteration 14 (of 50).   Current convergence value = 0.000385213 (threshold = 1e-06)
  Iteration 15 (of 50).   Current convergence value = 0.000382424 (threshold = 1e-06)
  Iteration 16 (of 50).   Current convergence value = 0.000379623 (threshold = 1e-06)
  Iteration 17 (of 50).   Current convergence value = 0.000377076 (threshold = 1e-06)
  Iteration 18 (of 50).   Current convergence value = 0.000374295 (threshold = 1e-06)
  Iteration 19 (of 50).   Current convergence value = 0.000371458 (threshold = 1e-06)
  Iteration 20 (of 50).   Current convergence value = 0.000368409 (threshold = 1e-06)
  Iteration 21 (of 50).   Current convergence value = 0.000365765 (threshold = 1e-06)
  Iteration 22 (of 50).   Current convergence value = 0.000362682 (threshold = 1e-06)
  Iteration 23 (of 50).   Current convergence value = 0.000359893 (threshold = 1e-06)
  Iteration 24 (of 50).   Current convergence value = 0.000357832 (threshold = 1e-06)
  Iteration 25 (of 50).   Current convergence value = 0.000355208 (threshold = 1e-06)
  Iteration 26 (of 50).   Current convergence value = 0.000352038 (threshold = 1e-06)
  Iteration 27 (of 50).   Current convergence value = 0.000349107 (threshold = 1e-06)
  Iteration 28 (of 50).   Current convergence value = 0.000347451 (threshold = 1e-06)
  Iteration 29 (of 50).   Current convergence value = 0.000345072 (threshold = 1e-06)
  Iteration 30 (of 50).   Current convergence value = 0.000342662 (threshold = 1e-06)
  Iteration 31 (of 50).   Current convergence value = 0.000340096 (threshold = 1e-06)
  Iteration 32 (of 50).   Current convergence value = 0.000337672 (threshold = 1e-06)
  Iteration 33 (of 50).   Current convergence value = 0.000335531 (threshold = 1e-06)
  Iteration 34 (of 50).   Current convergence value = 0.000332759 (threshold = 1e-06)
  Iteration 35 (of 50).   Current convergence value = 0.000330684 (threshold = 1e-06)
  Iteration 36 (of 50).   Current convergence value = 0.000328859 (threshold = 1e-06)
  Iteration 37 (of 50).   Current convergence value = 0.000326217 (threshold = 1e-06)
  Iteration 38 (of 50).   Current convergence value = 0.000323556 (threshold = 1e-06)
  Iteration 39 (of 50).   Current convergence value = 0.00032087 (threshold = 1e-06)
  Iteration 40 (of 50).   Current convergence value = 0.000318918 (threshold = 1e-06)
  Iteration 41 (of 50).   Current convergence value = 0.000316633 (threshold = 1e-06)
  Iteration 42 (of 50).   Current convergence value = 0.000314656 (threshold = 1e-06)
  Iteration 43 (of 50).   Current convergence value = 0.000312003 (threshold = 1e-06)
  Iteration 44 (of 50).   Current convergence value = 0.000309726 (threshold = 1e-06)
  Iteration 45 (of 50).   Current convergence value = 0.00030752 (threshold = 1e-06)
  Iteration 46 (of 50).   Current convergence value = 0.000305483 (threshold = 1e-06)
  Iteration 47 (of 50).   Current convergence value = 0.000303492 (threshold = 1e-06)
  Iteration 48 (of 50).   Current convergence value = 0.000300958 (threshold = 1e-06)
  Iteration 49 (of 50).   Current convergence value = 0.000298466 (threshold = 1e-06)
  Iteration 50 (of 50).   Current convergence value = 0.00029665 (threshold = 1e-06)
Current level = 2
  Iteration 1 (of 50).   Current convergence value = 0.00107418 (threshold = 1e-06)
  Iteration 2 (of 50).   Current convergence value = 0.00105492 (threshold = 1e-06)
  Iteration 3 (of 50).   Current convergence value = 0.0010343 (threshold = 1e-06)
  Iteration 4 (of 50).   Current convergence value = 0.00101327 (threshold = 1e-06)
  Iteration 5 (of 50).   Current convergence value = 0.000993422 (threshold = 1e-06)
  Iteration 6 (of 50).   Current convergence value = 0.000976041 (threshold = 1e-06)
  Iteration 7 (of 50).   Current convergence value = 0.000957243 (threshold = 1e-06)
  Iteration 8 (of 50).   Current convergence value = 0.000939702 (threshold = 1e-06)
  Iteration 9 (of 50).   Current convergence value = 0.000921077 (threshold = 1e-06)
  Iteration 10 (of 50).   Current convergence value = 0.0009026 (threshold = 1e-06)
  Iteration 11 (of 50).   Current convergence value = 0.000886311 (threshold = 1e-06)
  Iteration 12 (of 50).   Current convergence value = 0.000869052 (threshold = 1e-06)
  Iteration 13 (of 50).   Current convergence value = 0.000853004 (threshold = 1e-06)
  Iteration 14 (of 50).   Current convergence value = 0.000835936 (threshold = 1e-06)
  Iteration 15 (of 50).   Current convergence value = 0.000820044 (threshold = 1e-06)
  Iteration 16 (of 50).   Current convergence value = 0.000803441 (threshold = 1e-06)
  Iteration 17 (of 50).   Current convergence value = 0.00078881 (threshold = 1e-06)
  Iteration 18 (of 50).   Current convergence value = 0.00077323 (threshold = 1e-06)
  Iteration 19 (of 50).   Current convergence value = 0.000758637 (threshold = 1e-06)
  Iteration 20 (of 50).   Current convergence value = 0.000744702 (threshold = 1e-06)
  Iteration 21 (of 50).   Current convergence value = 0.000730204 (threshold = 1e-06)
  Iteration 22 (of 50).   Current convergence value = 0.000716112 (threshold = 1e-06)
  Iteration 23 (of 50).   Current convergence value = 0.000702604 (threshold = 1e-06)
  Iteration 24 (of 50).   Current convergence value = 0.000688506 (threshold = 1e-06)
  Iteration 25 (of 50).   Current convergence value = 0.000675301 (threshold = 1e-06)
  Iteration 26 (of 50).   Current convergence value = 0.000663487 (threshold = 1e-06)
  Iteration 27 (of 50).   Current convergence value = 0.000650661 (threshold = 1e-06)
  Iteration 28 (of 50).   Current convergence value = 0.000638335 (threshold = 1e-06)
  Iteration 29 (of 50).   Current convergence value = 0.000627632 (threshold = 1e-06)
  Iteration 30 (of 50).   Current convergence value = 0.00061721 (threshold = 1e-06)
  Iteration 31 (of 50).   Current convergence value = 0.000605964 (threshold = 1e-06)
  Iteration 32 (of 50).   Current convergence value = 0.000595137 (threshold = 1e-06)
  Iteration 33 (of 50).   Current convergence value = 0.000584632 (threshold = 1e-06)
  Iteration 34 (of 50).   Current convergence value = 0.000573722 (threshold = 1e-06)
  Iteration 35 (of 50).   Current convergence value = 0.000563704 (threshold = 1e-06)
  Iteration 36 (of 50).   Current convergence value = 0.000554315 (threshold = 1e-06)
  Iteration 37 (of 50).   Current convergence value = 0.000544909 (threshold = 1e-06)
  Iteration 38 (of 50).   Current convergence value = 0.000536457 (threshold = 1e-06)
  Iteration 39 (of 50).   Current convergence value = 0.000527229 (threshold = 1e-06)
  Iteration 40 (of 50).   Current convergence value = 0.000519028 (threshold = 1e-06)
  Iteration 41 (of 50).   Current convergence value = 0.000511013 (threshold = 1e-06)
  Iteration 42 (of 50).   Current convergence value = 0.000502989 (threshold = 1e-06)
  Iteration 43 (of 50).   Current convergence value = 0.000495521 (threshold = 1e-06)
  Iteration 44 (of 50).   Current convergence value = 0.000488024 (threshold = 1e-06)
  Iteration 45 (of 50).   Current convergence value = 0.000479543 (threshold = 1e-06)
  Iteration 46 (of 50).   Current convergence value = 0.00047185 (threshold = 1e-06)
  Iteration 47 (of 50).   Current convergence value = 0.000464547 (threshold = 1e-06)
  Iteration 48 (of 50).   Current convergence value = 0.000457227 (threshold = 1e-06)
  Iteration 49 (of 50).   Current convergence value = 0.00045005 (threshold = 1e-06)
  Iteration 50 (of 50).   Current convergence value = 0.000443159 (threshold = 1e-06)
Current level = 3
  Iteration 1 (of 30).   Current convergence value = 0.000933356 (threshold = 1e-06)
  Iteration 2 (of 30).   Current convergence value = 0.000902631 (threshold = 1e-06)
  Iteration 3 (of 30).   Current convergence value = 0.000876761 (threshold = 1e-06)
  Iteration 4 (of 30).   Current convergence value = 0.00085609 (threshold = 1e-06)
  Iteration 5 (of 30).   Current convergence value = 0.000838781 (threshold = 1e-06)
  Iteration 6 (of 30).   Current convergence value = 0.000822793 (threshold = 1e-06)
  Iteration 7 (of 30).   Current convergence value = 0.00080978 (threshold = 1e-06)
  Iteration 8 (of 30).   Current convergence value = 0.000797106 (threshold = 1e-06)
  Iteration 9 (of 30).   Current convergence value = 0.000783842 (threshold = 1e-06)
  Iteration 10 (of 30).   Current convergence value = 0.000771535 (threshold = 1e-06)
  Iteration 11 (of 30).   Current convergence value = 0.000761399 (threshold = 1e-06)
  Iteration 12 (of 30).   Current convergence value = 0.00075123 (threshold = 1e-06)
  Iteration 13 (of 30).   Current convergence value = 0.000740654 (threshold = 1e-06)
  Iteration 14 (of 30).   Current convergence value = 0.000729316 (threshold = 1e-06)
  Iteration 15 (of 30).   Current convergence value = 0.0007192 (threshold = 1e-06)
  Iteration 16 (of 30).   Current convergence value = 0.000710742 (threshold = 1e-06)
  Iteration 17 (of 30).   Current convergence value = 0.00070198 (threshold = 1e-06)
  Iteration 18 (of 30).   Current convergence value = 0.000691055 (threshold = 1e-06)
  Iteration 19 (of 30).   Current convergence value = 0.000682217 (threshold = 1e-06)
  Iteration 20 (of 30).   Current convergence value = 0.000673121 (threshold = 1e-06)
  Iteration 21 (of 30).   Current convergence value = 0.000665304 (threshold = 1e-06)
  Iteration 22 (of 30).   Current convergence value = 0.000656239 (threshold = 1e-06)
  Iteration 23 (of 30).   Current convergence value = 0.000646734 (threshold = 1e-06)
  Iteration 24 (of 30).   Current convergence value = 0.000637937 (threshold = 1e-06)
  Iteration 25 (of 30).   Current convergence value = 0.000630226 (threshold = 1e-06)
  Iteration 26 (of 30).   Current convergence value = 0.000622508 (threshold = 1e-06)
  Iteration 27 (of 30).   Current convergence value = 0.000614742 (threshold = 1e-06)
  Iteration 28 (of 30).   Current convergence value = 0.0006059 (threshold = 1e-06)
  Iteration 29 (of 30).   Current convergence value = 0.000598578 (threshold = 1e-06)
  Iteration 30 (of 30).   Current convergence value = 0.000591529 (threshold = 1e-06)
Current level = 4
  Iteration 1 (of 20).   Current convergence value = 0.00140051 (threshold = 1e-06)
  Iteration 2 (of 20).   Current convergence value = 0.0012867 (threshold = 1e-06)
  Iteration 3 (of 20).   Current convergence value = 0.00120197 (threshold = 1e-06)
  Iteration 4 (of 20).   Current convergence value = 0.00113405 (threshold = 1e-06)
  Iteration 5 (of 20).   Current convergence value = 0.00107914 (threshold = 1e-06)
  Iteration 6 (of 20).   Current convergence value = 0.00103426 (threshold = 1e-06)
  Iteration 7 (of 20).   Current convergence value = 0.000998555 (threshold = 1e-06)
  Iteration 8 (of 20).   Current convergence value = 0.000967609 (threshold = 1e-06)
  Iteration 9 (of 20).   Current convergence value = 0.000940873 (threshold = 1e-06)
  Iteration 10 (of 20).   Current convergence value = 0.000915685 (threshold = 1e-06)
  Iteration 11 (of 20).   Current convergence value = 0.000894236 (threshold = 1e-06)
  Iteration 12 (of 20).   Current convergence value = 0.00087458 (threshold = 1e-06)
  Iteration 13 (of 20).   Current convergence value = 0.000855049 (threshold = 1e-06)
  Iteration 14 (of 20).   Current convergence value = 0.000838225 (threshold = 1e-06)
  Iteration 15 (of 20).   Current convergence value = 0.000821474 (threshold = 1e-06)
  Iteration 16 (of 20).   Current convergence value = 0.000805697 (threshold = 1e-06)
  Iteration 17 (of 20).   Current convergence value = 0.000791008 (threshold = 1e-06)
  Iteration 18 (of 20).   Current convergence value = 0.000776197 (threshold = 1e-06)
  Iteration 19 (of 20).   Current convergence value = 0.00076205 (threshold = 1e-06)
  Iteration 20 (of 20).   Current convergence value = 0.000747932 (threshold = 1e-06)
   N4BiasFieldCorrectionImageFilter (0x1a2e090)
     RTTI typeinfo:   itk::N4BiasFieldCorrectionImageFilter<itk::Image<float, 3u>, itk::Image<float, 3u>, itk::Image<float, 3u> >
     Reference Count: 1
     Modified Time: 813
     Debug: Off
     Object Name: 
     Observers: 
       IterationEvent(Command)
     Inputs: 
       Primary: (0x1a3e1c0) *
       _1: (0x1a3e840)
     Indexed Inputs: 
       0: Primary (0x1a3e1c0)
       1: _1 (0x1a3e840)
     Required Input Names: Primary
     NumberOfRequiredInputs: 1
     Outputs: 
       Primary: (0x1a32950)
     Indexed Outputs: 
       0: Primary (0x1a32950)
     NumberOfRequiredOutputs: 1
     Number Of Threads: 56
     ReleaseDataFlag: Off
     ReleaseDataBeforeUpdateFlag: Off
     AbortGenerateData: Off
     Progress: 0
     Multithreader: 
       RTTI typeinfo:   itk::MultiThreader
       Reference Count: 1
       Modified Time: 122
       Debug: Off
       Object Name: 
       Observers: 
         none
       Thread Count: 56
       Global Maximum Number Of Threads: 128
       Global Default Number Of Threads: 56
     CoordinateTolerance: 1e-06
     DirectionTolerance: 1e-06
     Mask label: 1
     Number of histogram bins: 200
     Wiener filter noise: 0.01
     Bias field FWHM: 0.15
     Maximum number of iterations: [50, 50, 30, 20]
     Convergence threshold: 1e-06
     Spline order: 3
     Number of fitting levels: [4, 4, 4]
     Number of control points: [4, 5, 5]
     CurrentConvergenceMeasurement: 0.000747932
     CurrentLevel: 4
     ElapsedIterations: 21
     LogBiasFieldControlPointLattice: 
       Image (0x1a3c540)
         RTTI typeinfo:   itk::Image<itk::Vector<float, 1u>, 3u>
         Reference Count: 1
         Modified Time: 128102952
         Debug: Off
         Object Name: 
         Observers: 
           none
         Source: (none)
         Source output name: (none)
         Release Data: Off
         Data Released: False
         Global Release Data: Off
         PipelineMTime: 0
         UpdateMTime: 0
         RealTimeStamp: 0 seconds 
         LargestPossibleRegion: 
           Dimension: 3
           Index: [0, 0, 0]
           Size: [11, 19, 19]
         BufferedRegion: 
           Dimension: 3
           Index: [0, 0, 0]
           Size: [11, 19, 19]
         RequestedRegion: 
           Dimension: 3
           Index: [0, 0, 0]
           Size: [11, 19, 19]
         Spacing: [24.5, 24.85, 24.85]
         Origin: [-24.5, 24.85, -24.85]
         Direction: 
1 0 0
0 -1 0
0 0 1

         IndexToPointMatrix: 
24.5 0 0
0 -24.85 0
0 0 24.85

         PointToIndexMatrix: 
0.0408163 0 0
0 -0.0402414 0
0 0 0.0402414

         Inverse Direction: 
1 0 0
0 -1 0
0 0 1

         PixelContainer: 
           ImportImageContainer (0x1a3c800)
             RTTI typeinfo:   itk::ImportImageContainer<unsigned long, itk::Vector<float, 1u> >
             Reference Count: 1
             Modified Time: 128102953
             Debug: Off
             Object Name: 
             Observers: 
               none
             Pointer: 0x3045ea0
             Container manages memory: true
             Size: 3971
             Capacity: 3971
Elapsed time: 96.9948
STEP 2 COMPLETE
total 1341536
-rw-rw-r--  1 ccn30 ccn30       45875200 Sep 13 18:17 phas0001.img
-rw-rw-r--  1 ccn30 ccn30            352 Sep 13 18:17 phas0001.hdr
-rw-rw-r--  1 ccn30 ccn30       45875200 Sep 13 18:17 phas0000.img
-rw-rw-r--  1 ccn30 ccn30            352 Sep 13 18:17 phas0000.hdr
-rw-rw----+ 1 ccn30 wbic-p00500 51254479 Sep 13 18:26 n4mag0000_PSIR_skulled_std.nii.gz
-rw-rw----+ 1 ccn30 wbic-p00500 91750752 Sep  2 13:53 mp2rage_phase.nii.gz
-rw-rw----+ 1 ccn30 wbic-p00500 91750752 Sep  2 13:53 mp2rage_magnitude.nii.gz
-rw-rw----+ 1 ccn30 wbic-p00500 91750752 Sep 13 18:23 mmag0001.nii
-rw-rw----+ 1 ccn30 wbic-p00500 91750752 Sep 13 18:21 mmag0000.nii
-rw-rw----+ 1 ccn30 wbic-p00500 91750752 Sep 13 18:24 mag0001_skull.nii
-rw-rw----+ 1 ccn30 wbic-p00500 91750752 Sep 13 18:24 mag0001_skull_mask.nii
-rw-rw----+ 1 ccn30 wbic-p00500  4332120 Sep 13 18:23 mag0001_seg8.mat
-rw-rw-r--  1 ccn30 ccn30       45875200 Sep 13 18:17 mag0001.img
-rw-rw-r--  1 ccn30 ccn30            352 Sep 13 18:17 mag0001.hdr
-rw-rw----+ 1 ccn30 wbic-p00500 45875552 Sep 13 18:24 mag0001_brain_skull.nii
-rw-rw----+ 1 ccn30 wbic-p00500 91750752 Sep 13 18:24 mag0001_brain.nii
-rw-rw----+ 1 ccn30 wbic-p00500 45875552 Sep 13 18:24 mag0001_brain_mask.nii
-rw-rw----+ 1 ccn30 wbic-p00500  4332120 Sep 13 18:21 mag0000_seg8.mat
-rw-rw----+ 1 ccn30 wbic-p00500 51102572 Sep 13 18:24 mag0000_PSIR_skulled_std.nii.gz
-rw-rw----+ 1 ccn30 wbic-p00500 51246536 Sep 13 18:24 mag0000_PSIR_skulled.nii.gz
-rw-rw----+ 1 ccn30 wbic-p00500 49353388 Sep 13 18:17 mag0000_PSIR.nii.gz
-rw-rw----+ 1 ccn30 wbic-p00500 57369612 Sep 13 18:17 mag0000_PD_smooth.nii.gz
-rw-rw----+ 1 ccn30 wbic-p00500 50401016 Sep 13 18:17 mag0000_MP2RAGE.nii.gz
-rw-rw-r--  1 ccn30 ccn30       45875200 Sep 13 18:17 mag0000.img
-rw-rw-r--  1 ccn30 ccn30            352 Sep 13 18:17 mag0000.hdr
-rw-rw----+ 1 ccn30 wbic-p00500 22937952 Sep 13 18:24 c3mag0001.nii
-rw-rw----+ 1 ccn30 wbic-p00500 22937952 Sep 13 18:22 c3mag0000.nii
-rw-rw----+ 1 ccn30 wbic-p00500 22937952 Sep 13 18:24 c2mag0001.nii
-rw-rw----+ 1 ccn30 wbic-p00500 22937952 Sep 13 18:22 c2mag0000.nii
-rw-rw----+ 1 ccn30 wbic-p00500 22937952 Sep 13 18:24 c1mag0001.nii
-rw-rw----+ 1 ccn30 wbic-p00500 22937952 Sep 13 18:22 c1mag0000.nii
drwxrws---+ 5 ccn30 wbic-p00500     4096 Sep  2 13:53 ..
drwxrws---+ 2 ccn30 wbic-p00500     4096 Sep 13 18:26 .
STEP 3 COMPLETE
total 1378404
-rw-rw-r--  1 ccn30 ccn30       45875200 Sep 13 18:17 phas0001.img
-rw-rw-r--  1 ccn30 ccn30            352 Sep 13 18:17 phas0001.hdr
-rw-rw-r--  1 ccn30 ccn30       45875200 Sep 13 18:17 phas0000.img
-rw-rw-r--  1 ccn30 ccn30            352 Sep 13 18:17 phas0000.hdr
-rw-rw----+ 1 ccn30 wbic-p00500 91750752 Sep 13 18:26 n4mag0000_PSIR_skulled_std.nii
-rw-rw----+ 1 ccn30 wbic-p00500 91750752 Sep  2 13:53 mp2rage_phase.nii.gz
-rw-rw----+ 1 ccn30 wbic-p00500 91750752 Sep  2 13:53 mp2rage_magnitude.nii.gz
-rw-rw----+ 1 ccn30 wbic-p00500 91750752 Sep 13 18:23 mmag0001.nii
-rw-rw----+ 1 ccn30 wbic-p00500 91750752 Sep 13 18:21 mmag0000.nii
-rw-rw----+ 1 ccn30 wbic-p00500 91750752 Sep 13 18:24 mag0001_skull.nii
-rw-rw----+ 1 ccn30 wbic-p00500 91750752 Sep 13 18:24 mag0001_skull_mask.nii
-rw-rw----+ 1 ccn30 wbic-p00500  4332120 Sep 13 18:23 mag0001_seg8.mat
-rw-rw-r--  1 ccn30 ccn30       45875200 Sep 13 18:17 mag0001.img
-rw-rw-r--  1 ccn30 ccn30            352 Sep 13 18:17 mag0001.hdr
-rw-rw----+ 1 ccn30 wbic-p00500 45875552 Sep 13 18:24 mag0001_brain_skull.nii
-rw-rw----+ 1 ccn30 wbic-p00500 91750752 Sep 13 18:24 mag0001_brain.nii
-rw-rw----+ 1 ccn30 wbic-p00500 45875552 Sep 13 18:24 mag0001_brain_mask.nii
-rw-rw----+ 1 ccn30 wbic-p00500  4332120 Sep 13 18:21 mag0000_seg8.mat
-rw-rw----+ 1 ccn30 wbic-p00500 51102572 Sep 13 18:24 mag0000_PSIR_skulled_std.nii.gz
-rw-rw----+ 1 ccn30 wbic-p00500 51246536 Sep 13 18:24 mag0000_PSIR_skulled.nii.gz
-rw-rw----+ 1 ccn30 wbic-p00500 49353388 Sep 13 18:17 mag0000_PSIR.nii.gz
-rw-rw----+ 1 ccn30 wbic-p00500 57369612 Sep 13 18:17 mag0000_PD_smooth.nii.gz
-rw-rw----+ 1 ccn30 wbic-p00500 50401016 Sep 13 18:17 mag0000_MP2RAGE.nii.gz
-rw-rw-r--  1 ccn30 ccn30       45875200 Sep 13 18:17 mag0000.img
-rw-rw-r--  1 ccn30 ccn30            352 Sep 13 18:17 mag0000.hdr
-rw-rw----+ 1 ccn30 wbic-p00500 22937952 Sep 13 18:24 c3mag0001.nii
-rw-rw----+ 1 ccn30 wbic-p00500 22937952 Sep 13 18:22 c3mag0000.nii
-rw-rw----+ 1 ccn30 wbic-p00500 22937952 Sep 13 18:24 c2mag0001.nii
-rw-rw----+ 1 ccn30 wbic-p00500 22937952 Sep 13 18:22 c2mag0000.nii
-rw-rw----+ 1 ccn30 wbic-p00500 22937952 Sep 13 18:24 c1mag0001.nii
-rw-rw----+ 1 ccn30 wbic-p00500 22937952 Sep 13 18:22 c1mag0000.nii
drwxrws---+ 5 ccn30 wbic-p00500     4096 Sep  2 13:53 ..
drwxrws---+ 2 ccn30 wbic-p00500     4096 Sep 13 18:26 .

                            < M A T L A B (R) >
                  Copyright 1984-2017 The MathWorks, Inc.
                   R2017b (9.3.0.713579) 64-bit (glnxa64)
                             September 14, 2017

 
To get started, type one of these: helpwin, helpdesk, or demo.
For product information, visit www.mathworks.com.
 


------------------------------------------------------------------------
13-Sep-2021 18:27:00 - Running job #1
------------------------------------------------------------------------
13-Sep-2021 18:27:00 - Running 'Segment'

SPM12: spm_preproc_run (v7408)                     18:27:00 - 13/09/2021
========================================================================
Segment /home/ccn30/rds/rds-p00500_encrypt-URQgmO1brZ0/p00500/ENCRYPT_images/27202/mp2rage/n4mag0000_PSIR_skulled_std.nii,1
Completed                               :          18:30:10 - 13/09/2021
13-Sep-2021 18:30:10 - Done    'Segment'
13-Sep-2021 18:30:10 - Done

SPM segmentation is done...
STEP 4 COMPLETE
total 1488632
-rw-rw-r--  1 ccn30 ccn30       45875200 Sep 13 18:17 phas0001.img
-rw-rw-r--  1 ccn30 ccn30            352 Sep 13 18:17 phas0001.hdr
-rw-rw-r--  1 ccn30 ccn30       45875200 Sep 13 18:17 phas0000.img
-rw-rw-r--  1 ccn30 ccn30            352 Sep 13 18:17 phas0000.hdr
-rw-rw----+ 1 ccn30 wbic-p00500  4341760 Sep 13 18:28 n4mag0000_PSIR_skulled_std_seg8.mat
-rw-rw----+ 1 ccn30 wbic-p00500 91750752 Sep 13 18:26 n4mag0000_PSIR_skulled_std.nii
-rw-rw----+ 1 ccn30 wbic-p00500 91750752 Sep  2 13:53 mp2rage_phase.nii.gz
-rw-rw----+ 1 ccn30 wbic-p00500 91750752 Sep  2 13:53 mp2rage_magnitude.nii.gz
-rw-rw----+ 1 ccn30 wbic-p00500 91750752 Sep 13 18:23 mmag0001.nii
-rw-rw----+ 1 ccn30 wbic-p00500 91750752 Sep 13 18:21 mmag0000.nii
-rw-rw----+ 1 ccn30 wbic-p00500 91750752 Sep 13 18:24 mag0001_skull.nii
-rw-rw----+ 1 ccn30 wbic-p00500 91750752 Sep 13 18:24 mag0001_skull_mask.nii
-rw-rw----+ 1 ccn30 wbic-p00500  4332120 Sep 13 18:23 mag0001_seg8.mat
-rw-rw-r--  1 ccn30 ccn30       45875200 Sep 13 18:17 mag0001.img
-rw-rw-r--  1 ccn30 ccn30            352 Sep 13 18:17 mag0001.hdr
-rw-rw----+ 1 ccn30 wbic-p00500 45875552 Sep 13 18:24 mag0001_brain_skull.nii
-rw-rw----+ 1 ccn30 wbic-p00500 91750752 Sep 13 18:24 mag0001_brain.nii
-rw-rw----+ 1 ccn30 wbic-p00500 45875552 Sep 13 18:24 mag0001_brain_mask.nii
-rw-rw----+ 1 ccn30 wbic-p00500  4332120 Sep 13 18:21 mag0000_seg8.mat
-rw-rw----+ 1 ccn30 wbic-p00500 51102572 Sep 13 18:24 mag0000_PSIR_skulled_std.nii.gz
-rw-rw----+ 1 ccn30 wbic-p00500 51246536 Sep 13 18:24 mag0000_PSIR_skulled.nii.gz
-rw-rw----+ 1 ccn30 wbic-p00500 49353388 Sep 13 18:17 mag0000_PSIR.nii.gz
-rw-rw----+ 1 ccn30 wbic-p00500 57369612 Sep 13 18:17 mag0000_PD_smooth.nii.gz
-rw-rw----+ 1 ccn30 wbic-p00500 50401016 Sep 13 18:17 mag0000_MP2RAGE.nii.gz
-rw-rw-r--  1 ccn30 ccn30       45875200 Sep 13 18:17 mag0000.img
-rw-rw-r--  1 ccn30 ccn30            352 Sep 13 18:17 mag0000.hdr
-rw-rw----+ 1 ccn30 wbic-p00500 22937952 Sep 13 18:30 c5n4mag0000_PSIR_skulled_std.nii
-rw-rw----+ 1 ccn30 wbic-p00500 22937952 Sep 13 18:30 c4n4mag0000_PSIR_skulled_std.nii
-rw-rw----+ 1 ccn30 wbic-p00500 22937952 Sep 13 18:30 c3n4mag0000_PSIR_skulled_std.nii
-rw-rw----+ 1 ccn30 wbic-p00500 22937952 Sep 13 18:24 c3mag0001.nii
-rw-rw----+ 1 ccn30 wbic-p00500 22937952 Sep 13 18:22 c3mag0000.nii
-rw-rw----+ 1 ccn30 wbic-p00500 22937952 Sep 13 18:30 c2n4mag0000_PSIR_skulled_std.nii
-rw-rw----+ 1 ccn30 wbic-p00500 22937952 Sep 13 18:24 c2mag0001.nii
-rw-rw----+ 1 ccn30 wbic-p00500 22937952 Sep 13 18:22 c2mag0000.nii
-rw-rw----+ 1 ccn30 wbic-p00500 22937952 Sep 13 18:30 c1n4mag0000_PSIR_skulled_std.nii
-rw-rw----+ 1 ccn30 wbic-p00500 22937952 Sep 13 18:24 c1mag0001.nii
-rw-rw----+ 1 ccn30 wbic-p00500 22937952 Sep 13 18:22 c1mag0000.nii
drwxrws---+ 5 ccn30 wbic-p00500     4096 Sep  2 13:53 ..
drwxrws---+ 2 ccn30 wbic-p00500     4096 Sep 13 18:28 .

                            < M A T L A B (R) >
                  Copyright 1984-2017 The MathWorks, Inc.
                   R2017b (9.3.0.713579) 64-bit (glnxa64)
                             September 14, 2017

 
To get started, type one of these: helpwin, helpdesk, or demo.
For product information, visit www.mathworks.com.
 
Preparing data ...
Masking image 1 of 1 subjects ...
Finished skull stripping data.
STEP 5 COMPLETE
total 1584268
-rw-rw-r--  1 ccn30 ccn30       45875200 Sep 13 18:17 phas0001.img
-rw-rw-r--  1 ccn30 ccn30            352 Sep 13 18:17 phas0001.hdr
-rw-rw-r--  1 ccn30 ccn30       45875200 Sep 13 18:17 phas0000.img
-rw-rw-r--  1 ccn30 ccn30            352 Sep 13 18:17 phas0000.hdr
-rw-rw----+ 1 ccn30 wbic-p00500 91750752 Sep 13 18:30 n4mag0000_PSIR_skulled_std_struc_brain.nii
-rw-rw----+ 1 ccn30 wbic-p00500  4341760 Sep 13 18:28 n4mag0000_PSIR_skulled_std_seg8.mat
-rw-rw----+ 1 ccn30 wbic-p00500 91750752 Sep 13 18:26 n4mag0000_PSIR_skulled_std.nii
-rw-rw----+ 1 ccn30 wbic-p00500 91750752 Sep  2 13:53 mp2rage_phase.nii.gz
-rw-rw----+ 1 ccn30 wbic-p00500 91750752 Sep  2 13:53 mp2rage_magnitude.nii.gz
-rw-rw----+ 1 ccn30 wbic-p00500 91750752 Sep 13 18:23 mmag0001.nii
-rw-rw----+ 1 ccn30 wbic-p00500 91750752 Sep 13 18:21 mmag0000.nii
-rw-rw----+ 1 ccn30 wbic-p00500 91750752 Sep 13 18:24 mag0001_skull.nii
-rw-rw----+ 1 ccn30 wbic-p00500 91750752 Sep 13 18:24 mag0001_skull_mask.nii
-rw-rw----+ 1 ccn30 wbic-p00500  4332120 Sep 13 18:23 mag0001_seg8.mat
-rw-rw-r--  1 ccn30 ccn30       45875200 Sep 13 18:17 mag0001.img
-rw-rw-r--  1 ccn30 ccn30            352 Sep 13 18:17 mag0001.hdr
-rw-rw----+ 1 ccn30 wbic-p00500 45875552 Sep 13 18:24 mag0001_brain_skull.nii
-rw-rw----+ 1 ccn30 wbic-p00500 91750752 Sep 13 18:24 mag0001_brain.nii
-rw-rw----+ 1 ccn30 wbic-p00500 45875552 Sep 13 18:24 mag0001_brain_mask.nii
-rw-rw----+ 1 ccn30 wbic-p00500  4332120 Sep 13 18:21 mag0000_seg8.mat
-rw-rw----+ 1 ccn30 wbic-p00500 51102572 Sep 13 18:24 mag0000_PSIR_skulled_std.nii.gz
-rw-rw----+ 1 ccn30 wbic-p00500 51246536 Sep 13 18:24 mag0000_PSIR_skulled.nii.gz
-rw-rw----+ 1 ccn30 wbic-p00500 49353388 Sep 13 18:17 mag0000_PSIR.nii.gz
-rw-rw----+ 1 ccn30 wbic-p00500 57369612 Sep 13 18:17 mag0000_PD_smooth.nii.gz
-rw-rw----+ 1 ccn30 wbic-p00500 50401016 Sep 13 18:17 mag0000_MP2RAGE.nii.gz
-rw-rw-r--  1 ccn30 ccn30       45875200 Sep 13 18:17 mag0000.img
-rw-rw-r--  1 ccn30 ccn30            352 Sep 13 18:17 mag0000.hdr
-rw-rw----+ 1 ccn30 wbic-p00500 22937952 Sep 13 18:30 c5n4mag0000_PSIR_skulled_std.nii
-rw-rw----+ 1 ccn30 wbic-p00500 22937952 Sep 13 18:30 c4n4mag0000_PSIR_skulled_std.nii
-rw-rw----+ 1 ccn30 wbic-p00500 22937952 Sep 13 18:30 c3n4mag0000_PSIR_skulled_std.nii
-rw-rw----+ 1 ccn30 wbic-p00500 22937952 Sep 13 18:24 c3mag0001.nii
-rw-rw----+ 1 ccn30 wbic-p00500 22937952 Sep 13 18:22 c3mag0000.nii
-rw-rw----+ 1 ccn30 wbic-p00500 22937952 Sep 13 18:30 c2n4mag0000_PSIR_skulled_std.nii
-rw-rw----+ 1 ccn30 wbic-p00500 22937952 Sep 13 18:24 c2mag0001.nii
-rw-rw----+ 1 ccn30 wbic-p00500 22937952 Sep 13 18:22 c2mag0000.nii
-rw-rw----+ 1 ccn30 wbic-p00500 22937952 Sep 13 18:30 c1n4mag0000_PSIR_skulled_std.nii
-rw-rw----+ 1 ccn30 wbic-p00500 22937952 Sep 13 18:24 c1mag0001.nii
-rw-rw----+ 1 ccn30 wbic-p00500 22937952 Sep 13 18:22 c1mag0000.nii
drwxrws---+ 5 ccn30 wbic-p00500     4096 Sep  2 13:53 ..
drwxrws---+ 2 ccn30 wbic-p00500     4096 Sep 13 18:30 .
STEP 6 COMPLETE
total 1658000
-rw-rw-r--  1 ccn30 ccn30       45875200 Sep 13 18:17 phas0001.img
-rw-rw-r--  1 ccn30 ccn30            352 Sep 13 18:17 phas0001.hdr
-rw-rw-r--  1 ccn30 ccn30       45875200 Sep 13 18:17 phas0000.img
-rw-rw-r--  1 ccn30 ccn30            352 Sep 13 18:17 phas0000.hdr
-rw-rw----+ 1 ccn30 wbic-p00500 91750752 Sep 13 18:30 n4mag0000_PSIR_skulled_std_struc_brain.nii
-rw-rw----+ 1 ccn30 wbic-p00500 91750752 Sep 13 18:30 n4mag0000_PSIR_skulled_std_struc_brain_mask.nii
-rw-rw----+ 1 ccn30 wbic-p00500  4341760 Sep 13 18:28 n4mag0000_PSIR_skulled_std_seg8.mat
-rw-rw----+ 1 ccn30 wbic-p00500 91750752 Sep 13 18:26 n4mag0000_PSIR_skulled_std.nii
-rw-rw----+ 1 ccn30 wbic-p00500 91750752 Sep  2 13:53 mp2rage_phase.nii.gz
-rw-rw----+ 1 ccn30 wbic-p00500 91750752 Sep  2 13:53 mp2rage_magnitude.nii.gz
-rw-rw----+ 1 ccn30 wbic-p00500 91750752 Sep 13 18:23 mmag0001.nii
-rw-rw----+ 1 ccn30 wbic-p00500 91750752 Sep 13 18:21 mmag0000.nii
-rw-rw----+ 1 ccn30 wbic-p00500 91750752 Sep 13 18:24 mag0001_skull.nii
-rw-rw----+ 1 ccn30 wbic-p00500 91750752 Sep 13 18:24 mag0001_skull_mask.nii
-rw-rw----+ 1 ccn30 wbic-p00500  4332120 Sep 13 18:23 mag0001_seg8.mat
-rw-rw-r--  1 ccn30 ccn30       45875200 Sep 13 18:17 mag0001.img
-rw-rw-r--  1 ccn30 ccn30            352 Sep 13 18:17 mag0001.hdr
-rw-rw----+ 1 ccn30 wbic-p00500 45875552 Sep 13 18:24 mag0001_brain_skull.nii
-rw-rw----+ 1 ccn30 wbic-p00500 91750752 Sep 13 18:24 mag0001_brain.nii
-rw-rw----+ 1 ccn30 wbic-p00500 45875552 Sep 13 18:24 mag0001_brain_mask.nii
-rw-rw----+ 1 ccn30 wbic-p00500  4332120 Sep 13 18:21 mag0000_seg8.mat
-rw-rw----+ 1 ccn30 wbic-p00500 51102572 Sep 13 18:24 mag0000_PSIR_skulled_std.nii.gz
-rw-rw----+ 1 ccn30 wbic-p00500 51246536 Sep 13 18:24 mag0000_PSIR_skulled.nii.gz
-rw-rw----+ 1 ccn30 wbic-p00500 49353388 Sep 13 18:17 mag0000_PSIR.nii.gz
-rw-rw----+ 1 ccn30 wbic-p00500 57369612 Sep 13 18:17 mag0000_PD_smooth.nii.gz
-rw-rw----+ 1 ccn30 wbic-p00500 50401016 Sep 13 18:17 mag0000_MP2RAGE.nii.gz
-rw-rw-r--  1 ccn30 ccn30       45875200 Sep 13 18:17 mag0000.img
-rw-rw-r--  1 ccn30 ccn30            352 Sep 13 18:17 mag0000.hdr
-rw-rw----+ 1 ccn30 wbic-p00500 22937952 Sep 13 18:30 c5n4mag0000_PSIR_skulled_std.nii
-rw-rw----+ 1 ccn30 wbic-p00500 22937952 Sep 13 18:30 c4n4mag0000_PSIR_skulled_std.nii
-rw-rw----+ 1 ccn30 wbic-p00500 22937952 Sep 13 18:30 c3n4mag0000_PSIR_skulled_std.nii
-rw-rw----+ 1 ccn30 wbic-p00500 22937952 Sep 13 18:24 c3mag0001.nii
-rw-rw----+ 1 ccn30 wbic-p00500 22937952 Sep 13 18:22 c3mag0000.nii
-rw-rw----+ 1 ccn30 wbic-p00500 22937952 Sep 13 18:30 c2n4mag0000_PSIR_skulled_std.nii
-rw-rw----+ 1 ccn30 wbic-p00500 22937952 Sep 13 18:24 c2mag0001.nii
-rw-rw----+ 1 ccn30 wbic-p00500 22937952 Sep 13 18:22 c2mag0000.nii
-rw-rw----+ 1 ccn30 wbic-p00500 22937952 Sep 13 18:30 c1n4mag0000_PSIR_skulled_std.nii
-rw-rw----+ 1 ccn30 wbic-p00500 22937952 Sep 13 18:24 c1mag0001.nii
-rw-rw----+ 1 ccn30 wbic-p00500 22937952 Sep 13 18:22 c1mag0000.nii
drwxrws---+ 5 ccn30 wbic-p00500     4096 Sep  2 13:53 ..
drwxrws---+ 2 ccn30 wbic-p00500     4096 Sep 13 18:30 .
