This is job 23
Time: Mon 13 Sep 18:17:20 BST 2021
Running on master node: cpu-p-181
Current directory: /rds/user/ccn30/hpc-work/WBIC_lustre/ENCRYPT/scripts/ImagePrep/mp2rage/slurmoutputs
Changed directory to /home/ccn30/rds/hpc-work/WBIC_lustre/ENCRYPT/scripts/ImagePrep/mp2rage/slurmoutputs.

JobID: 46418933
======
Time: Mon 13 Sep 18:17:20 BST 2021
Running on master node: cpu-p-181
Current directory: /home/ccn30/rds/hpc-work/WBIC_lustre/ENCRYPT/scripts/ImagePrep/mp2rage/slurmoutputs

Nodes allocated:
================
cpu-p-181

numtasks=, numnodes=, mpi_tasks_per_node= (OMP_NUM_THREADS=1)

Executing command:
==================
/home/ccn30/rds/hpc-work/WBIC_lustre/ENCRYPT/scripts/ImagePrep/mp2rage/mp2rage_processing.sh /home/ccn30/rds/hpc-work/WBIC_lustre/ENCRYPT/ENCRYPT_MasterRIScodes.txt 23 /home/ccn30/rds/hpc-work/WBIC_lustre/ENCRYPT/scripts/ImagePrep/mp2rage /usr/local/Cluster-Apps/matlab/R2017b /usr/local/software/spm/spm12 /home/ccn30/rds/rds-p00500_encrypt-URQgmO1brZ0/p00500/ENCRYPT_images /usr/local/Cluster-Apps/fsl/5.0.8/fsl

Starting 27463
/home/ccn30/rds/rds-p00500_encrypt-URQgmO1brZ0/p00500/ENCRYPT_images/27463/mp2rage
STARTING mp2rage PREPROCESSING
total 342936
-rw-rw----+ 1 ccn30 wbic-p00500 45875552 Sep 13 18:17 phas0001.nii
-rw-rw----+ 1 ccn30 wbic-p00500 45875552 Sep 13 18:17 phas0000.nii
-rw-rw----+ 1 ccn30 wbic-p00500 91750752 Sep  2 13:53 mp2rage_phase.nii.gz
-rw-rw----+ 1 ccn30 wbic-p00500 91750752 Sep  2 13:53 mp2rage_magnitude.nii.gz
-rw-rw----+ 1 ccn30 wbic-p00500 45875552 Sep 13 18:17 mag0001.nii
-rw-rw----+ 1 ccn30 wbic-p00500 45875552 Sep 13 18:17 mag0000.nii
drwxrws---+ 5 ccn30 wbic-p00500     4096 Sep  2 13:53 ..
drwxrws---+ 2 ccn30 wbic-p00500     4096 Sep 13 18:17 .
The folder where the PSIR is is /home/ccn30/rds/rds-p00500_encrypt-URQgmO1brZ0/p00500/ENCRYPT_images/27463/mp2rage
The script directory is /home/ccn30/rds/hpc-work/WBIC_lustre/ENCRYPT/scripts/ImagePrep/mp2rage
The SPM directory is /usr/local/software/spm/spm12
/home/ccn30/rds/rds-p00500_encrypt-URQgmO1brZ0/p00500/ENCRYPT_images/27463/mp2rage/mag0000 and /home/ccn30/rds/rds-p00500_encrypt-URQgmO1brZ0/p00500/ENCRYPT_images/27463/mp2rage/mag0001 and /home/ccn30/rds/rds-p00500_encrypt-URQgmO1brZ0/p00500/ENCRYPT_images/27463/mp2rage/phas0000 and /home/ccn30/rds/rds-p00500_encrypt-URQgmO1brZ0/p00500/ENCRYPT_images/27463/mp2rage/phas0001 are the files selected
0.000000 0.000000 -1.000000 156.099991 
-1.000000 0.000000 0.000000 223.300003 
0.000000 1.000000 0.000000 0.000000 
0.000000 0.000000 0.000000 1.000000 

0.000000 0.000000 -1.000000 156.099991 
-1.000000 0.000000 0.000000 223.300003 
0.000000 1.000000 0.000000 0.000000 
0.000000 0.000000 0.000000 1.000000 

0.000000 0.000000 -1.000000 156.099991 
-1.000000 0.000000 0.000000 223.300003 
0.000000 1.000000 0.000000 0.000000 
0.000000 0.000000 0.000000 1.000000 

0.000000 0.000000 -1.000000 156.099991 
-1.000000 0.000000 0.000000 223.300003 
0.000000 1.000000 0.000000 0.000000 
0.000000 0.000000 0.000000 1.000000 


                            < M A T L A B (R) >
                  Copyright 1984-2017 The MathWorks, Inc.
                   R2017b (9.3.0.713579) 64-bit (glnxa64)
                             September 14, 2017

 
To get started, type one of these: helpwin, helpdesk, or demo.
For product information, visit www.mathworks.com.
 
You are in the PSIR function
Phase data rescaled to radians (Assuming Siemens data range [0 4095])
320  320  224    2is the image dimension
 
 
 
The PSIR reconstruction is done.
/home/ccn30/rds/rds-p00500_encrypt-URQgmO1brZ0/p00500/ENCRYPT_images/27463/mp2rage/mag0000

                            < M A T L A B (R) >
                  Copyright 1984-2017 The MathWorks, Inc.
                   R2017b (9.3.0.713579) 64-bit (glnxa64)
                             September 14, 2017

 
To get started, type one of these: helpwin, helpdesk, or demo.
For product information, visit www.mathworks.com.
 
You are in the PSIR function


------------------------------------------------------------------------
13-Sep-2021 18:18:29 - Running job #1
------------------------------------------------------------------------
13-Sep-2021 18:18:30 - Running 'Segment'

SPM12: spm_preproc_run (v7408)                     18:18:30 - 13/09/2021
========================================================================
Segment /home/ccn30/rds/rds-p00500_encrypt-URQgmO1brZ0/p00500/ENCRYPT_images/27463/mp2rage/mag0000.img,1
Segment /home/ccn30/rds/rds-p00500_encrypt-URQgmO1brZ0/p00500/ENCRYPT_images/27463/mp2rage/mag0001.img,1
Completed                               :          18:22:36 - 13/09/2021
13-Sep-2021 18:22:36 - Done    'Segment'
13-Sep-2021 18:22:36 - Done

SPM is done...
STEP 1 COMPLETE
total 1224264
-rw-rw-r--  1 ccn30 ccn30       45875200 Sep 13 18:17 phas0001.img
-rw-rw-r--  1 ccn30 ccn30            352 Sep 13 18:17 phas0001.hdr
-rw-rw-r--  1 ccn30 ccn30       45875200 Sep 13 18:17 phas0000.img
-rw-rw-r--  1 ccn30 ccn30            352 Sep 13 18:17 phas0000.hdr
-rw-rw----+ 1 ccn30 wbic-p00500 91750752 Sep  2 13:53 mp2rage_phase.nii.gz
-rw-rw----+ 1 ccn30 wbic-p00500 91750752 Sep  2 13:53 mp2rage_magnitude.nii.gz
-rw-rw----+ 1 ccn30 wbic-p00500 91750752 Sep 13 18:22 mmag0001.nii
-rw-rw----+ 1 ccn30 wbic-p00500 91750752 Sep 13 18:19 mmag0000.nii
-rw-rw----+ 1 ccn30 wbic-p00500 91750752 Sep 13 18:22 mag0001_skull.nii
-rw-rw----+ 1 ccn30 wbic-p00500 91750752 Sep 13 18:22 mag0001_skull_mask.nii
-rw-rw----+ 1 ccn30 wbic-p00500  4332120 Sep 13 18:21 mag0001_seg8.mat
-rw-rw-r--  1 ccn30 ccn30       45875200 Sep 13 18:17 mag0001.img
-rw-rw-r--  1 ccn30 ccn30            352 Sep 13 18:17 mag0001.hdr
-rw-rw----+ 1 ccn30 wbic-p00500 45875552 Sep 13 18:22 mag0001_brain_skull.nii
-rw-rw----+ 1 ccn30 wbic-p00500 91750752 Sep 13 18:22 mag0001_brain.nii
-rw-rw----+ 1 ccn30 wbic-p00500 45875552 Sep 13 18:22 mag0001_brain_mask.nii
-rw-rw----+ 1 ccn30 wbic-p00500  4332120 Sep 13 18:19 mag0000_seg8.mat
-rw-rw----+ 1 ccn30 wbic-p00500 91750752 Sep 13 18:22 mag0000_PSIR_skulled.nii
-rw-rw----+ 1 ccn30 wbic-p00500 43367170 Sep 13 18:18 mag0000_PSIR.nii.gz
-rw-rw----+ 1 ccn30 wbic-p00500 51245961 Sep 13 18:18 mag0000_PD_smooth.nii.gz
-rw-rw----+ 1 ccn30 wbic-p00500 44501652 Sep 13 18:18 mag0000_MP2RAGE.nii.gz
-rw-rw-r--  1 ccn30 ccn30       45875200 Sep 13 18:17 mag0000.img
-rw-rw-r--  1 ccn30 ccn30            352 Sep 13 18:17 mag0000.hdr
-rw-rw----+ 1 ccn30 wbic-p00500 22937952 Sep 13 18:22 c3mag0001.nii
-rw-rw----+ 1 ccn30 wbic-p00500 22937952 Sep 13 18:20 c3mag0000.nii
-rw-rw----+ 1 ccn30 wbic-p00500 22937952 Sep 13 18:22 c2mag0001.nii
-rw-rw----+ 1 ccn30 wbic-p00500 22937952 Sep 13 18:20 c2mag0000.nii
-rw-rw----+ 1 ccn30 wbic-p00500 22937952 Sep 13 18:22 c1mag0001.nii
-rw-rw----+ 1 ccn30 wbic-p00500 22937952 Sep 13 18:20 c1mag0000.nii
drwxrws---+ 5 ccn30 wbic-p00500     4096 Sep  2 13:53 ..
drwxrws---+ 2 ccn30 wbic-p00500     4096 Sep 13 18:22 .
STEP 1.1 COMPLETE
total 1224340
-rw-rw-r--  1 ccn30 ccn30       45875200 Sep 13 18:17 phas0001.img
-rw-rw-r--  1 ccn30 ccn30            352 Sep 13 18:17 phas0001.hdr
-rw-rw-r--  1 ccn30 ccn30       45875200 Sep 13 18:17 phas0000.img
-rw-rw-r--  1 ccn30 ccn30            352 Sep 13 18:17 phas0000.hdr
-rw-rw----+ 1 ccn30 wbic-p00500 91750752 Sep  2 13:53 mp2rage_phase.nii.gz
-rw-rw----+ 1 ccn30 wbic-p00500 91750752 Sep  2 13:53 mp2rage_magnitude.nii.gz
-rw-rw----+ 1 ccn30 wbic-p00500 91750752 Sep 13 18:22 mmag0001.nii
-rw-rw----+ 1 ccn30 wbic-p00500 91750752 Sep 13 18:19 mmag0000.nii
-rw-rw----+ 1 ccn30 wbic-p00500 91750752 Sep 13 18:22 mag0001_skull.nii
-rw-rw----+ 1 ccn30 wbic-p00500 91750752 Sep 13 18:22 mag0001_skull_mask.nii
-rw-rw----+ 1 ccn30 wbic-p00500  4332120 Sep 13 18:21 mag0001_seg8.mat
-rw-rw-r--  1 ccn30 ccn30       45875200 Sep 13 18:17 mag0001.img
-rw-rw-r--  1 ccn30 ccn30            352 Sep 13 18:17 mag0001.hdr
-rw-rw----+ 1 ccn30 wbic-p00500 45875552 Sep 13 18:22 mag0001_brain_skull.nii
-rw-rw----+ 1 ccn30 wbic-p00500 91750752 Sep 13 18:22 mag0001_brain.nii
-rw-rw----+ 1 ccn30 wbic-p00500 45875552 Sep 13 18:22 mag0001_brain_mask.nii
-rw-rw----+ 1 ccn30 wbic-p00500  4332120 Sep 13 18:19 mag0000_seg8.mat
-rw-rw----+ 1 ccn30 wbic-p00500 44766439 Sep 13 18:22 mag0000_PSIR_skulled_std.nii.gz
-rw-rw----+ 1 ccn30 wbic-p00500 44817400 Sep 13 18:22 mag0000_PSIR_skulled.nii.gz
-rw-rw----+ 1 ccn30 wbic-p00500 43367170 Sep 13 18:18 mag0000_PSIR.nii.gz
-rw-rw----+ 1 ccn30 wbic-p00500 51245961 Sep 13 18:18 mag0000_PD_smooth.nii.gz
-rw-rw----+ 1 ccn30 wbic-p00500 44501652 Sep 13 18:18 mag0000_MP2RAGE.nii.gz
-rw-rw-r--  1 ccn30 ccn30       45875200 Sep 13 18:17 mag0000.img
-rw-rw-r--  1 ccn30 ccn30            352 Sep 13 18:17 mag0000.hdr
-rw-rw----+ 1 ccn30 wbic-p00500 22937952 Sep 13 18:22 c3mag0001.nii
-rw-rw----+ 1 ccn30 wbic-p00500 22937952 Sep 13 18:20 c3mag0000.nii
-rw-rw----+ 1 ccn30 wbic-p00500 22937952 Sep 13 18:22 c2mag0001.nii
-rw-rw----+ 1 ccn30 wbic-p00500 22937952 Sep 13 18:20 c2mag0000.nii
-rw-rw----+ 1 ccn30 wbic-p00500 22937952 Sep 13 18:22 c1mag0001.nii
-rw-rw----+ 1 ccn30 wbic-p00500 22937952 Sep 13 18:20 c1mag0000.nii
drwxrws---+ 5 ccn30 wbic-p00500     4096 Sep  2 13:53 ..
drwxrws---+ 2 ccn30 wbic-p00500     4096 Sep 13 18:22 .

Running N4 for 3-dimensional images.

Mask not read.  Creating Otsu mask.
Current level = 1
  Iteration 1 (of 50).   Current convergence value = 0.000489286 (threshold = 1e-06)
  Iteration 2 (of 50).   Current convergence value = 0.000486452 (threshold = 1e-06)
  Iteration 3 (of 50).   Current convergence value = 0.000483767 (threshold = 1e-06)
  Iteration 4 (of 50).   Current convergence value = 0.000480946 (threshold = 1e-06)
  Iteration 5 (of 50).   Current convergence value = 0.000478017 (threshold = 1e-06)
  Iteration 6 (of 50).   Current convergence value = 0.000475511 (threshold = 1e-06)
  Iteration 7 (of 50).   Current convergence value = 0.000472924 (threshold = 1e-06)
  Iteration 8 (of 50).   Current convergence value = 0.000470109 (threshold = 1e-06)
  Iteration 9 (of 50).   Current convergence value = 0.000467726 (threshold = 1e-06)
  Iteration 10 (of 50).   Current convergence value = 0.000464982 (threshold = 1e-06)
  Iteration 11 (of 50).   Current convergence value = 0.000461997 (threshold = 1e-06)
  Iteration 12 (of 50).   Current convergence value = 0.000459484 (threshold = 1e-06)
  Iteration 13 (of 50).   Current convergence value = 0.000456825 (threshold = 1e-06)
  Iteration 14 (of 50).   Current convergence value = 0.000454354 (threshold = 1e-06)
  Iteration 15 (of 50).   Current convergence value = 0.000452215 (threshold = 1e-06)
  Iteration 16 (of 50).   Current convergence value = 0.000449347 (threshold = 1e-06)
  Iteration 17 (of 50).   Current convergence value = 0.000446272 (threshold = 1e-06)
  Iteration 18 (of 50).   Current convergence value = 0.0004443 (threshold = 1e-06)
  Iteration 19 (of 50).   Current convergence value = 0.000441485 (threshold = 1e-06)
  Iteration 20 (of 50).   Current convergence value = 0.000439374 (threshold = 1e-06)
  Iteration 21 (of 50).   Current convergence value = 0.000437087 (threshold = 1e-06)
  Iteration 22 (of 50).   Current convergence value = 0.000434581 (threshold = 1e-06)
  Iteration 23 (of 50).   Current convergence value = 0.000431911 (threshold = 1e-06)
  Iteration 24 (of 50).   Current convergence value = 0.000429721 (threshold = 1e-06)
  Iteration 25 (of 50).   Current convergence value = 0.00042727 (threshold = 1e-06)
  Iteration 26 (of 50).   Current convergence value = 0.000425309 (threshold = 1e-06)
  Iteration 27 (of 50).   Current convergence value = 0.000422886 (threshold = 1e-06)
  Iteration 28 (of 50).   Current convergence value = 0.000420478 (threshold = 1e-06)
  Iteration 29 (of 50).   Current convergence value = 0.000417917 (threshold = 1e-06)
  Iteration 30 (of 50).   Current convergence value = 0.000415513 (threshold = 1e-06)
  Iteration 31 (of 50).   Current convergence value = 0.000413476 (threshold = 1e-06)
  Iteration 32 (of 50).   Current convergence value = 0.000411326 (threshold = 1e-06)
  Iteration 33 (of 50).   Current convergence value = 0.000409255 (threshold = 1e-06)
  Iteration 34 (of 50).   Current convergence value = 0.00040672 (threshold = 1e-06)
  Iteration 35 (of 50).   Current convergence value = 0.000404438 (threshold = 1e-06)
  Iteration 36 (of 50).   Current convergence value = 0.000402179 (threshold = 1e-06)
  Iteration 37 (of 50).   Current convergence value = 0.000400158 (threshold = 1e-06)
  Iteration 38 (of 50).   Current convergence value = 0.000397992 (threshold = 1e-06)
  Iteration 39 (of 50).   Current convergence value = 0.000395882 (threshold = 1e-06)
  Iteration 40 (of 50).   Current convergence value = 0.000393401 (threshold = 1e-06)
  Iteration 41 (of 50).   Current convergence value = 0.000391237 (threshold = 1e-06)
  Iteration 42 (of 50).   Current convergence value = 0.000388981 (threshold = 1e-06)
  Iteration 43 (of 50).   Current convergence value = 0.00038655 (threshold = 1e-06)
  Iteration 44 (of 50).   Current convergence value = 0.000384932 (threshold = 1e-06)
  Iteration 45 (of 50).   Current convergence value = 0.000382801 (threshold = 1e-06)
  Iteration 46 (of 50).   Current convergence value = 0.000380713 (threshold = 1e-06)
  Iteration 47 (of 50).   Current convergence value = 0.000378438 (threshold = 1e-06)
  Iteration 48 (of 50).   Current convergence value = 0.000376323 (threshold = 1e-06)
  Iteration 49 (of 50).   Current convergence value = 0.000374299 (threshold = 1e-06)
  Iteration 50 (of 50).   Current convergence value = 0.000372204 (threshold = 1e-06)
Current level = 2
  Iteration 1 (of 50).   Current convergence value = 0.000835018 (threshold = 1e-06)
  Iteration 2 (of 50).   Current convergence value = 0.000818849 (threshold = 1e-06)
  Iteration 3 (of 50).   Current convergence value = 0.000804131 (threshold = 1e-06)
  Iteration 4 (of 50).   Current convergence value = 0.000789807 (threshold = 1e-06)
  Iteration 5 (of 50).   Current convergence value = 0.000775335 (threshold = 1e-06)
  Iteration 6 (of 50).   Current convergence value = 0.000761572 (threshold = 1e-06)
  Iteration 7 (of 50).   Current convergence value = 0.000748285 (threshold = 1e-06)
  Iteration 8 (of 50).   Current convergence value = 0.00073545 (threshold = 1e-06)
  Iteration 9 (of 50).   Current convergence value = 0.000722888 (threshold = 1e-06)
  Iteration 10 (of 50).   Current convergence value = 0.000710848 (threshold = 1e-06)
  Iteration 11 (of 50).   Current convergence value = 0.00069858 (threshold = 1e-06)
  Iteration 12 (of 50).   Current convergence value = 0.000687037 (threshold = 1e-06)
  Iteration 13 (of 50).   Current convergence value = 0.000675644 (threshold = 1e-06)
  Iteration 14 (of 50).   Current convergence value = 0.000664393 (threshold = 1e-06)
  Iteration 15 (of 50).   Current convergence value = 0.000653477 (threshold = 1e-06)
  Iteration 16 (of 50).   Current convergence value = 0.000642153 (threshold = 1e-06)
  Iteration 17 (of 50).   Current convergence value = 0.000631626 (threshold = 1e-06)
  Iteration 18 (of 50).   Current convergence value = 0.000621175 (threshold = 1e-06)
  Iteration 19 (of 50).   Current convergence value = 0.000610991 (threshold = 1e-06)
  Iteration 20 (of 50).   Current convergence value = 0.000600823 (threshold = 1e-06)
  Iteration 21 (of 50).   Current convergence value = 0.000591223 (threshold = 1e-06)
  Iteration 22 (of 50).   Current convergence value = 0.000581207 (threshold = 1e-06)
  Iteration 23 (of 50).   Current convergence value = 0.00057211 (threshold = 1e-06)
  Iteration 24 (of 50).   Current convergence value = 0.000563307 (threshold = 1e-06)
  Iteration 25 (of 50).   Current convergence value = 0.000554142 (threshold = 1e-06)
  Iteration 26 (of 50).   Current convergence value = 0.000545399 (threshold = 1e-06)
  Iteration 27 (of 50).   Current convergence value = 0.000537267 (threshold = 1e-06)
  Iteration 28 (of 50).   Current convergence value = 0.000529445 (threshold = 1e-06)
  Iteration 29 (of 50).   Current convergence value = 0.000521529 (threshold = 1e-06)
  Iteration 30 (of 50).   Current convergence value = 0.000513559 (threshold = 1e-06)
  Iteration 31 (of 50).   Current convergence value = 0.000506499 (threshold = 1e-06)
  Iteration 32 (of 50).   Current convergence value = 0.000499699 (threshold = 1e-06)
  Iteration 33 (of 50).   Current convergence value = 0.000493084 (threshold = 1e-06)
  Iteration 34 (of 50).   Current convergence value = 0.000486663 (threshold = 1e-06)
  Iteration 35 (of 50).   Current convergence value = 0.000479958 (threshold = 1e-06)
  Iteration 36 (of 50).   Current convergence value = 0.000473755 (threshold = 1e-06)
  Iteration 37 (of 50).   Current convergence value = 0.000467645 (threshold = 1e-06)
  Iteration 38 (of 50).   Current convergence value = 0.00046223 (threshold = 1e-06)
  Iteration 39 (of 50).   Current convergence value = 0.000456956 (threshold = 1e-06)
  Iteration 40 (of 50).   Current convergence value = 0.000451596 (threshold = 1e-06)
  Iteration 41 (of 50).   Current convergence value = 0.000447036 (threshold = 1e-06)
  Iteration 42 (of 50).   Current convergence value = 0.000441612 (threshold = 1e-06)
  Iteration 43 (of 50).   Current convergence value = 0.00043672 (threshold = 1e-06)
  Iteration 44 (of 50).   Current convergence value = 0.000432074 (threshold = 1e-06)
  Iteration 45 (of 50).   Current convergence value = 0.00042796 (threshold = 1e-06)
  Iteration 46 (of 50).   Current convergence value = 0.000423552 (threshold = 1e-06)
  Iteration 47 (of 50).   Current convergence value = 0.00041963 (threshold = 1e-06)
  Iteration 48 (of 50).   Current convergence value = 0.000415321 (threshold = 1e-06)
  Iteration 49 (of 50).   Current convergence value = 0.000411107 (threshold = 1e-06)
  Iteration 50 (of 50).   Current convergence value = 0.000406998 (threshold = 1e-06)
Current level = 3
  Iteration 1 (of 30).   Current convergence value = 0.000936031 (threshold = 1e-06)
  Iteration 2 (of 30).   Current convergence value = 0.00088795 (threshold = 1e-06)
  Iteration 3 (of 30).   Current convergence value = 0.000845773 (threshold = 1e-06)
  Iteration 4 (of 30).   Current convergence value = 0.000808898 (threshold = 1e-06)
  Iteration 5 (of 30).   Current convergence value = 0.000776796 (threshold = 1e-06)
  Iteration 6 (of 30).   Current convergence value = 0.000748017 (threshold = 1e-06)
  Iteration 7 (of 30).   Current convergence value = 0.000721724 (threshold = 1e-06)
  Iteration 8 (of 30).   Current convergence value = 0.000699725 (threshold = 1e-06)
  Iteration 9 (of 30).   Current convergence value = 0.000682869 (threshold = 1e-06)
  Iteration 10 (of 30).   Current convergence value = 0.000668564 (threshold = 1e-06)
  Iteration 11 (of 30).   Current convergence value = 0.000684163 (threshold = 1e-06)
  Iteration 12 (of 30).   Current convergence value = 0.000747468 (threshold = 1e-06)
  Iteration 13 (of 30).   Current convergence value = 0.000737015 (threshold = 1e-06)
  Iteration 14 (of 30).   Current convergence value = 0.000728272 (threshold = 1e-06)
  Iteration 15 (of 30).   Current convergence value = 0.000718574 (threshold = 1e-06)
  Iteration 16 (of 30).   Current convergence value = 0.000708687 (threshold = 1e-06)
  Iteration 17 (of 30).   Current convergence value = 0.000701173 (threshold = 1e-06)
  Iteration 18 (of 30).   Current convergence value = 0.000693137 (threshold = 1e-06)
  Iteration 19 (of 30).   Current convergence value = 0.000684646 (threshold = 1e-06)
  Iteration 20 (of 30).   Current convergence value = 0.000676498 (threshold = 1e-06)
  Iteration 21 (of 30).   Current convergence value = 0.00066874 (threshold = 1e-06)
  Iteration 22 (of 30).   Current convergence value = 0.000661022 (threshold = 1e-06)
  Iteration 23 (of 30).   Current convergence value = 0.000653822 (threshold = 1e-06)
  Iteration 24 (of 30).   Current convergence value = 0.000645288 (threshold = 1e-06)
  Iteration 25 (of 30).   Current convergence value = 0.00063826 (threshold = 1e-06)
  Iteration 26 (of 30).   Current convergence value = 0.000630598 (threshold = 1e-06)
  Iteration 27 (of 30).   Current convergence value = 0.000622599 (threshold = 1e-06)
  Iteration 28 (of 30).   Current convergence value = 0.000615915 (threshold = 1e-06)
  Iteration 29 (of 30).   Current convergence value = 0.000607393 (threshold = 1e-06)
  Iteration 30 (of 30).   Current convergence value = 0.000601456 (threshold = 1e-06)
Current level = 4
  Iteration 1 (of 20).   Current convergence value = 0.00147134 (threshold = 1e-06)
  Iteration 2 (of 20).   Current convergence value = 0.00140162 (threshold = 1e-06)
  Iteration 3 (of 20).   Current convergence value = 0.00134602 (threshold = 1e-06)
  Iteration 4 (of 20).   Current convergence value = 0.00130081 (threshold = 1e-06)
  Iteration 5 (of 20).   Current convergence value = 0.0012625 (threshold = 1e-06)
  Iteration 6 (of 20).   Current convergence value = 0.00122713 (threshold = 1e-06)
  Iteration 7 (of 20).   Current convergence value = 0.00119632 (threshold = 1e-06)
  Iteration 8 (of 20).   Current convergence value = 0.00116356 (threshold = 1e-06)
  Iteration 9 (of 20).   Current convergence value = 0.0011315 (threshold = 1e-06)
  Iteration 10 (of 20).   Current convergence value = 0.00110376 (threshold = 1e-06)
  Iteration 11 (of 20).   Current convergence value = 0.00107607 (threshold = 1e-06)
  Iteration 12 (of 20).   Current convergence value = 0.00104663 (threshold = 1e-06)
  Iteration 13 (of 20).   Current convergence value = 0.00101824 (threshold = 1e-06)
  Iteration 14 (of 20).   Current convergence value = 0.000989623 (threshold = 1e-06)
  Iteration 15 (of 20).   Current convergence value = 0.000961669 (threshold = 1e-06)
  Iteration 16 (of 20).   Current convergence value = 0.000935022 (threshold = 1e-06)
  Iteration 17 (of 20).   Current convergence value = 0.000910076 (threshold = 1e-06)
  Iteration 18 (of 20).   Current convergence value = 0.000886609 (threshold = 1e-06)
  Iteration 19 (of 20).   Current convergence value = 0.000861642 (threshold = 1e-06)
  Iteration 20 (of 20).   Current convergence value = 0.000835611 (threshold = 1e-06)
   N4BiasFieldCorrectionImageFilter (0x2c59090)
     RTTI typeinfo:   itk::N4BiasFieldCorrectionImageFilter<itk::Image<float, 3u>, itk::Image<float, 3u>, itk::Image<float, 3u> >
     Reference Count: 1
     Modified Time: 813
     Debug: Off
     Object Name: 
     Observers: 
       IterationEvent(Command)
     Inputs: 
       Primary: (0x2c691c0) *
       _1: (0x2c69840)
     Indexed Inputs: 
       0: Primary (0x2c691c0)
       1: _1 (0x2c69840)
     Required Input Names: Primary
     NumberOfRequiredInputs: 1
     Outputs: 
       Primary: (0x2c5d950)
     Indexed Outputs: 
       0: Primary (0x2c5d950)
     NumberOfRequiredOutputs: 1
     Number Of Threads: 56
     ReleaseDataFlag: Off
     ReleaseDataBeforeUpdateFlag: Off
     AbortGenerateData: Off
     Progress: 0
     Multithreader: 
       RTTI typeinfo:   itk::MultiThreader
       Reference Count: 1
       Modified Time: 122
       Debug: Off
       Object Name: 
       Observers: 
         none
       Thread Count: 56
       Global Maximum Number Of Threads: 128
       Global Default Number Of Threads: 56
     CoordinateTolerance: 1e-06
     DirectionTolerance: 1e-06
     Mask label: 1
     Number of histogram bins: 200
     Wiener filter noise: 0.01
     Bias field FWHM: 0.15
     Maximum number of iterations: [50, 50, 30, 20]
     Convergence threshold: 1e-06
     Spline order: 3
     Number of fitting levels: [4, 4, 4]
     Number of control points: [4, 5, 5]
     CurrentConvergenceMeasurement: 0.000835611
     CurrentLevel: 4
     ElapsedIterations: 21
     LogBiasFieldControlPointLattice: 
       Image (0x2c630a0)
         RTTI typeinfo:   itk::Image<itk::Vector<float, 1u>, 3u>
         Reference Count: 1
         Modified Time: 120559152
         Debug: Off
         Object Name: 
         Observers: 
           none
         Source: (none)
         Source output name: (none)
         Release Data: Off
         Data Released: False
         Global Release Data: Off
         PipelineMTime: 0
         UpdateMTime: 0
         RealTimeStamp: 0 seconds 
         LargestPossibleRegion: 
           Dimension: 3
           Index: [0, 0, 0]
           Size: [11, 19, 19]
         BufferedRegion: 
           Dimension: 3
           Index: [0, 0, 0]
           Size: [11, 19, 19]
         RequestedRegion: 
           Dimension: 3
           Index: [0, 0, 0]
           Size: [11, 19, 19]
         Spacing: [24.5, 24.85, 24.85]
         Origin: [-24.5, 24.85, -24.85]
         Direction: 
1 0 0
0 -1 0
0 0 1

         IndexToPointMatrix: 
24.5 0 0
0 -24.85 0
0 0 24.85

         PointToIndexMatrix: 
0.0408163 0 0
0 -0.0402414 0
0 0 0.0402414

         Inverse Direction: 
1 0 0
0 -1 0
0 0 1

         PixelContainer: 
           ImportImageContainer (0x2c63360)
             RTTI typeinfo:   itk::ImportImageContainer<unsigned long, itk::Vector<float, 1u> >
             Reference Count: 1
             Modified Time: 120559153
             Debug: Off
             Object Name: 
             Observers: 
               none
             Pointer: 0x4260e70
             Container manages memory: true
             Size: 3971
             Capacity: 3971
Elapsed time: 93.1806
STEP 2 COMPLETE
total 1303288
-rw-rw-r--  1 ccn30 ccn30       45875200 Sep 13 18:17 phas0001.img
-rw-rw-r--  1 ccn30 ccn30            352 Sep 13 18:17 phas0001.hdr
-rw-rw-r--  1 ccn30 ccn30       45875200 Sep 13 18:17 phas0000.img
-rw-rw-r--  1 ccn30 ccn30            352 Sep 13 18:17 phas0000.hdr
-rw-rw----+ 1 ccn30 wbic-p00500 44751859 Sep 13 18:24 n4mag0000_PSIR_skulled_std.nii.gz
-rw-rw----+ 1 ccn30 wbic-p00500 91750752 Sep  2 13:53 mp2rage_phase.nii.gz
-rw-rw----+ 1 ccn30 wbic-p00500 91750752 Sep  2 13:53 mp2rage_magnitude.nii.gz
-rw-rw----+ 1 ccn30 wbic-p00500 91750752 Sep 13 18:22 mmag0001.nii
-rw-rw----+ 1 ccn30 wbic-p00500 91750752 Sep 13 18:19 mmag0000.nii
-rw-rw----+ 1 ccn30 wbic-p00500 91750752 Sep 13 18:22 mag0001_skull.nii
-rw-rw----+ 1 ccn30 wbic-p00500 91750752 Sep 13 18:22 mag0001_skull_mask.nii
-rw-rw----+ 1 ccn30 wbic-p00500  4332120 Sep 13 18:21 mag0001_seg8.mat
-rw-rw-r--  1 ccn30 ccn30       45875200 Sep 13 18:17 mag0001.img
-rw-rw-r--  1 ccn30 ccn30            352 Sep 13 18:17 mag0001.hdr
-rw-rw----+ 1 ccn30 wbic-p00500 45875552 Sep 13 18:22 mag0001_brain_skull.nii
-rw-rw----+ 1 ccn30 wbic-p00500 91750752 Sep 13 18:22 mag0001_brain.nii
-rw-rw----+ 1 ccn30 wbic-p00500 45875552 Sep 13 18:22 mag0001_brain_mask.nii
-rw-rw----+ 1 ccn30 wbic-p00500  4332120 Sep 13 18:19 mag0000_seg8.mat
-rw-rw----+ 1 ccn30 wbic-p00500 44766439 Sep 13 18:22 mag0000_PSIR_skulled_std.nii.gz
-rw-rw----+ 1 ccn30 wbic-p00500 44817400 Sep 13 18:22 mag0000_PSIR_skulled.nii.gz
-rw-rw----+ 1 ccn30 wbic-p00500 43367170 Sep 13 18:18 mag0000_PSIR.nii.gz
-rw-rw----+ 1 ccn30 wbic-p00500 51245961 Sep 13 18:18 mag0000_PD_smooth.nii.gz
-rw-rw----+ 1 ccn30 wbic-p00500 44501652 Sep 13 18:18 mag0000_MP2RAGE.nii.gz
-rw-rw-r--  1 ccn30 ccn30       45875200 Sep 13 18:17 mag0000.img
-rw-rw-r--  1 ccn30 ccn30            352 Sep 13 18:17 mag0000.hdr
-rw-rw----+ 1 ccn30 wbic-p00500 22937952 Sep 13 18:22 c3mag0001.nii
-rw-rw----+ 1 ccn30 wbic-p00500 22937952 Sep 13 18:20 c3mag0000.nii
-rw-rw----+ 1 ccn30 wbic-p00500 22937952 Sep 13 18:22 c2mag0001.nii
-rw-rw----+ 1 ccn30 wbic-p00500 22937952 Sep 13 18:20 c2mag0000.nii
-rw-rw----+ 1 ccn30 wbic-p00500 22937952 Sep 13 18:22 c1mag0001.nii
-rw-rw----+ 1 ccn30 wbic-p00500 22937952 Sep 13 18:20 c1mag0000.nii
drwxrws---+ 5 ccn30 wbic-p00500     4096 Sep  2 13:53 ..
drwxrws---+ 2 ccn30 wbic-p00500     4096 Sep 13 18:24 .
STEP 3 COMPLETE
total 1348340
-rw-rw-r--  1 ccn30 ccn30       45875200 Sep 13 18:17 phas0001.img
-rw-rw-r--  1 ccn30 ccn30            352 Sep 13 18:17 phas0001.hdr
-rw-rw-r--  1 ccn30 ccn30       45875200 Sep 13 18:17 phas0000.img
-rw-rw-r--  1 ccn30 ccn30            352 Sep 13 18:17 phas0000.hdr
-rw-rw----+ 1 ccn30 wbic-p00500 91750752 Sep 13 18:24 n4mag0000_PSIR_skulled_std.nii
-rw-rw----+ 1 ccn30 wbic-p00500 91750752 Sep  2 13:53 mp2rage_phase.nii.gz
-rw-rw----+ 1 ccn30 wbic-p00500 91750752 Sep  2 13:53 mp2rage_magnitude.nii.gz
-rw-rw----+ 1 ccn30 wbic-p00500 91750752 Sep 13 18:22 mmag0001.nii
-rw-rw----+ 1 ccn30 wbic-p00500 91750752 Sep 13 18:19 mmag0000.nii
-rw-rw----+ 1 ccn30 wbic-p00500 91750752 Sep 13 18:22 mag0001_skull.nii
-rw-rw----+ 1 ccn30 wbic-p00500 91750752 Sep 13 18:22 mag0001_skull_mask.nii
-rw-rw----+ 1 ccn30 wbic-p00500  4332120 Sep 13 18:21 mag0001_seg8.mat
-rw-rw-r--  1 ccn30 ccn30       45875200 Sep 13 18:17 mag0001.img
-rw-rw-r--  1 ccn30 ccn30            352 Sep 13 18:17 mag0001.hdr
-rw-rw----+ 1 ccn30 wbic-p00500 45875552 Sep 13 18:22 mag0001_brain_skull.nii
-rw-rw----+ 1 ccn30 wbic-p00500 91750752 Sep 13 18:22 mag0001_brain.nii
-rw-rw----+ 1 ccn30 wbic-p00500 45875552 Sep 13 18:22 mag0001_brain_mask.nii
-rw-rw----+ 1 ccn30 wbic-p00500  4332120 Sep 13 18:19 mag0000_seg8.mat
-rw-rw----+ 1 ccn30 wbic-p00500 44766439 Sep 13 18:22 mag0000_PSIR_skulled_std.nii.gz
-rw-rw----+ 1 ccn30 wbic-p00500 44817400 Sep 13 18:22 mag0000_PSIR_skulled.nii.gz
-rw-rw----+ 1 ccn30 wbic-p00500 43367170 Sep 13 18:18 mag0000_PSIR.nii.gz
-rw-rw----+ 1 ccn30 wbic-p00500 51245961 Sep 13 18:18 mag0000_PD_smooth.nii.gz
-rw-rw----+ 1 ccn30 wbic-p00500 44501652 Sep 13 18:18 mag0000_MP2RAGE.nii.gz
-rw-rw-r--  1 ccn30 ccn30       45875200 Sep 13 18:17 mag0000.img
-rw-rw-r--  1 ccn30 ccn30            352 Sep 13 18:17 mag0000.hdr
-rw-rw----+ 1 ccn30 wbic-p00500 22937952 Sep 13 18:22 c3mag0001.nii
-rw-rw----+ 1 ccn30 wbic-p00500 22937952 Sep 13 18:20 c3mag0000.nii
-rw-rw----+ 1 ccn30 wbic-p00500 22937952 Sep 13 18:22 c2mag0001.nii
-rw-rw----+ 1 ccn30 wbic-p00500 22937952 Sep 13 18:20 c2mag0000.nii
-rw-rw----+ 1 ccn30 wbic-p00500 22937952 Sep 13 18:22 c1mag0001.nii
-rw-rw----+ 1 ccn30 wbic-p00500 22937952 Sep 13 18:20 c1mag0000.nii
drwxrws---+ 5 ccn30 wbic-p00500     4096 Sep  2 13:53 ..
drwxrws---+ 2 ccn30 wbic-p00500     4096 Sep 13 18:24 .

                            < M A T L A B (R) >
                  Copyright 1984-2017 The MathWorks, Inc.
                   R2017b (9.3.0.713579) 64-bit (glnxa64)
                             September 14, 2017

 
To get started, type one of these: helpwin, helpdesk, or demo.
For product information, visit www.mathworks.com.
 


------------------------------------------------------------------------
13-Sep-2021 18:25:04 - Running job #1
------------------------------------------------------------------------
13-Sep-2021 18:25:04 - Running 'Segment'

SPM12: spm_preproc_run (v7408)                     18:25:05 - 13/09/2021
========================================================================
Segment /home/ccn30/rds/rds-p00500_encrypt-URQgmO1brZ0/p00500/ENCRYPT_images/27463/mp2rage/n4mag0000_PSIR_skulled_std.nii,1
Completed                               :          18:28:23 - 13/09/2021
13-Sep-2021 18:28:23 - Done    'Segment'
13-Sep-2021 18:28:23 - Done

SPM segmentation is done...
STEP 4 COMPLETE
total 1458568
-rw-rw-r--  1 ccn30 ccn30       45875200 Sep 13 18:17 phas0001.img
-rw-rw-r--  1 ccn30 ccn30            352 Sep 13 18:17 phas0001.hdr
-rw-rw-r--  1 ccn30 ccn30       45875200 Sep 13 18:17 phas0000.img
-rw-rw-r--  1 ccn30 ccn30            352 Sep 13 18:17 phas0000.hdr
-rw-rw----+ 1 ccn30 wbic-p00500  4341760 Sep 13 18:26 n4mag0000_PSIR_skulled_std_seg8.mat
-rw-rw----+ 1 ccn30 wbic-p00500 91750752 Sep 13 18:24 n4mag0000_PSIR_skulled_std.nii
-rw-rw----+ 1 ccn30 wbic-p00500 91750752 Sep  2 13:53 mp2rage_phase.nii.gz
-rw-rw----+ 1 ccn30 wbic-p00500 91750752 Sep  2 13:53 mp2rage_magnitude.nii.gz
-rw-rw----+ 1 ccn30 wbic-p00500 91750752 Sep 13 18:22 mmag0001.nii
-rw-rw----+ 1 ccn30 wbic-p00500 91750752 Sep 13 18:19 mmag0000.nii
-rw-rw----+ 1 ccn30 wbic-p00500 91750752 Sep 13 18:22 mag0001_skull.nii
-rw-rw----+ 1 ccn30 wbic-p00500 91750752 Sep 13 18:22 mag0001_skull_mask.nii
-rw-rw----+ 1 ccn30 wbic-p00500  4332120 Sep 13 18:21 mag0001_seg8.mat
-rw-rw-r--  1 ccn30 ccn30       45875200 Sep 13 18:17 mag0001.img
-rw-rw-r--  1 ccn30 ccn30            352 Sep 13 18:17 mag0001.hdr
-rw-rw----+ 1 ccn30 wbic-p00500 45875552 Sep 13 18:22 mag0001_brain_skull.nii
-rw-rw----+ 1 ccn30 wbic-p00500 91750752 Sep 13 18:22 mag0001_brain.nii
-rw-rw----+ 1 ccn30 wbic-p00500 45875552 Sep 13 18:22 mag0001_brain_mask.nii
-rw-rw----+ 1 ccn30 wbic-p00500  4332120 Sep 13 18:19 mag0000_seg8.mat
-rw-rw----+ 1 ccn30 wbic-p00500 44766439 Sep 13 18:22 mag0000_PSIR_skulled_std.nii.gz
-rw-rw----+ 1 ccn30 wbic-p00500 44817400 Sep 13 18:22 mag0000_PSIR_skulled.nii.gz
-rw-rw----+ 1 ccn30 wbic-p00500 43367170 Sep 13 18:18 mag0000_PSIR.nii.gz
-rw-rw----+ 1 ccn30 wbic-p00500 51245961 Sep 13 18:18 mag0000_PD_smooth.nii.gz
-rw-rw----+ 1 ccn30 wbic-p00500 44501652 Sep 13 18:18 mag0000_MP2RAGE.nii.gz
-rw-rw-r--  1 ccn30 ccn30       45875200 Sep 13 18:17 mag0000.img
-rw-rw-r--  1 ccn30 ccn30            352 Sep 13 18:17 mag0000.hdr
-rw-rw----+ 1 ccn30 wbic-p00500 22937952 Sep 13 18:28 c5n4mag0000_PSIR_skulled_std.nii
-rw-rw----+ 1 ccn30 wbic-p00500 22937952 Sep 13 18:28 c4n4mag0000_PSIR_skulled_std.nii
-rw-rw----+ 1 ccn30 wbic-p00500 22937952 Sep 13 18:28 c3n4mag0000_PSIR_skulled_std.nii
-rw-rw----+ 1 ccn30 wbic-p00500 22937952 Sep 13 18:22 c3mag0001.nii
-rw-rw----+ 1 ccn30 wbic-p00500 22937952 Sep 13 18:20 c3mag0000.nii
-rw-rw----+ 1 ccn30 wbic-p00500 22937952 Sep 13 18:28 c2n4mag0000_PSIR_skulled_std.nii
-rw-rw----+ 1 ccn30 wbic-p00500 22937952 Sep 13 18:22 c2mag0001.nii
-rw-rw----+ 1 ccn30 wbic-p00500 22937952 Sep 13 18:20 c2mag0000.nii
-rw-rw----+ 1 ccn30 wbic-p00500 22937952 Sep 13 18:28 c1n4mag0000_PSIR_skulled_std.nii
-rw-rw----+ 1 ccn30 wbic-p00500 22937952 Sep 13 18:22 c1mag0001.nii
-rw-rw----+ 1 ccn30 wbic-p00500 22937952 Sep 13 18:20 c1mag0000.nii
drwxrws---+ 5 ccn30 wbic-p00500     4096 Sep  2 13:53 ..
drwxrws---+ 2 ccn30 wbic-p00500     4096 Sep 13 18:26 .

                            < M A T L A B (R) >
                  Copyright 1984-2017 The MathWorks, Inc.
                   R2017b (9.3.0.713579) 64-bit (glnxa64)
                             September 14, 2017

 
To get started, type one of these: helpwin, helpdesk, or demo.
For product information, visit www.mathworks.com.
 
Preparing data ...
Masking image 1 of 1 subjects ...
Finished skull stripping data.
STEP 5 COMPLETE
total 1554212
-rw-rw-r--  1 ccn30 ccn30       45875200 Sep 13 18:17 phas0001.img
-rw-rw-r--  1 ccn30 ccn30            352 Sep 13 18:17 phas0001.hdr
-rw-rw-r--  1 ccn30 ccn30       45875200 Sep 13 18:17 phas0000.img
-rw-rw-r--  1 ccn30 ccn30            352 Sep 13 18:17 phas0000.hdr
-rw-rw----+ 1 ccn30 wbic-p00500 91750752 Sep 13 18:29 n4mag0000_PSIR_skulled_std_struc_brain.nii
-rw-rw----+ 1 ccn30 wbic-p00500  4341760 Sep 13 18:26 n4mag0000_PSIR_skulled_std_seg8.mat
-rw-rw----+ 1 ccn30 wbic-p00500 91750752 Sep 13 18:24 n4mag0000_PSIR_skulled_std.nii
-rw-rw----+ 1 ccn30 wbic-p00500 91750752 Sep  2 13:53 mp2rage_phase.nii.gz
-rw-rw----+ 1 ccn30 wbic-p00500 91750752 Sep  2 13:53 mp2rage_magnitude.nii.gz
-rw-rw----+ 1 ccn30 wbic-p00500 91750752 Sep 13 18:22 mmag0001.nii
-rw-rw----+ 1 ccn30 wbic-p00500 91750752 Sep 13 18:19 mmag0000.nii
-rw-rw----+ 1 ccn30 wbic-p00500 91750752 Sep 13 18:22 mag0001_skull.nii
-rw-rw----+ 1 ccn30 wbic-p00500 91750752 Sep 13 18:22 mag0001_skull_mask.nii
-rw-rw----+ 1 ccn30 wbic-p00500  4332120 Sep 13 18:21 mag0001_seg8.mat
-rw-rw-r--  1 ccn30 ccn30       45875200 Sep 13 18:17 mag0001.img
-rw-rw-r--  1 ccn30 ccn30            352 Sep 13 18:17 mag0001.hdr
-rw-rw----+ 1 ccn30 wbic-p00500 45875552 Sep 13 18:22 mag0001_brain_skull.nii
-rw-rw----+ 1 ccn30 wbic-p00500 91750752 Sep 13 18:22 mag0001_brain.nii
-rw-rw----+ 1 ccn30 wbic-p00500 45875552 Sep 13 18:22 mag0001_brain_mask.nii
-rw-rw----+ 1 ccn30 wbic-p00500  4332120 Sep 13 18:19 mag0000_seg8.mat
-rw-rw----+ 1 ccn30 wbic-p00500 44766439 Sep 13 18:22 mag0000_PSIR_skulled_std.nii.gz
-rw-rw----+ 1 ccn30 wbic-p00500 44817400 Sep 13 18:22 mag0000_PSIR_skulled.nii.gz
-rw-rw----+ 1 ccn30 wbic-p00500 43367170 Sep 13 18:18 mag0000_PSIR.nii.gz
-rw-rw----+ 1 ccn30 wbic-p00500 51245961 Sep 13 18:18 mag0000_PD_smooth.nii.gz
-rw-rw----+ 1 ccn30 wbic-p00500 44501652 Sep 13 18:18 mag0000_MP2RAGE.nii.gz
-rw-rw-r--  1 ccn30 ccn30       45875200 Sep 13 18:17 mag0000.img
-rw-rw-r--  1 ccn30 ccn30            352 Sep 13 18:17 mag0000.hdr
-rw-rw----+ 1 ccn30 wbic-p00500 22937952 Sep 13 18:28 c5n4mag0000_PSIR_skulled_std.nii
-rw-rw----+ 1 ccn30 wbic-p00500 22937952 Sep 13 18:28 c4n4mag0000_PSIR_skulled_std.nii
-rw-rw----+ 1 ccn30 wbic-p00500 22937952 Sep 13 18:28 c3n4mag0000_PSIR_skulled_std.nii
-rw-rw----+ 1 ccn30 wbic-p00500 22937952 Sep 13 18:22 c3mag0001.nii
-rw-rw----+ 1 ccn30 wbic-p00500 22937952 Sep 13 18:20 c3mag0000.nii
-rw-rw----+ 1 ccn30 wbic-p00500 22937952 Sep 13 18:28 c2n4mag0000_PSIR_skulled_std.nii
-rw-rw----+ 1 ccn30 wbic-p00500 22937952 Sep 13 18:22 c2mag0001.nii
-rw-rw----+ 1 ccn30 wbic-p00500 22937952 Sep 13 18:20 c2mag0000.nii
-rw-rw----+ 1 ccn30 wbic-p00500 22937952 Sep 13 18:28 c1n4mag0000_PSIR_skulled_std.nii
-rw-rw----+ 1 ccn30 wbic-p00500 22937952 Sep 13 18:22 c1mag0001.nii
-rw-rw----+ 1 ccn30 wbic-p00500 22937952 Sep 13 18:20 c1mag0000.nii
drwxrws---+ 5 ccn30 wbic-p00500     4096 Sep  2 13:53 ..
drwxrws---+ 2 ccn30 wbic-p00500     4096 Sep 13 18:28 .
STEP 6 COMPLETE
total 1636132
-rw-rw-r--  1 ccn30 ccn30       45875200 Sep 13 18:17 phas0001.img
-rw-rw-r--  1 ccn30 ccn30            352 Sep 13 18:17 phas0001.hdr
-rw-rw-r--  1 ccn30 ccn30       45875200 Sep 13 18:17 phas0000.img
-rw-rw-r--  1 ccn30 ccn30            352 Sep 13 18:17 phas0000.hdr
-rw-rw----+ 1 ccn30 wbic-p00500 91750752 Sep 13 18:29 n4mag0000_PSIR_skulled_std_struc_brain.nii
-rw-rw----+ 1 ccn30 wbic-p00500 91750752 Sep 13 18:29 n4mag0000_PSIR_skulled_std_struc_brain_mask.nii
-rw-rw----+ 1 ccn30 wbic-p00500  4341760 Sep 13 18:26 n4mag0000_PSIR_skulled_std_seg8.mat
-rw-rw----+ 1 ccn30 wbic-p00500 91750752 Sep 13 18:24 n4mag0000_PSIR_skulled_std.nii
-rw-rw----+ 1 ccn30 wbic-p00500 91750752 Sep  2 13:53 mp2rage_phase.nii.gz
-rw-rw----+ 1 ccn30 wbic-p00500 91750752 Sep  2 13:53 mp2rage_magnitude.nii.gz
-rw-rw----+ 1 ccn30 wbic-p00500 91750752 Sep 13 18:22 mmag0001.nii
-rw-rw----+ 1 ccn30 wbic-p00500 91750752 Sep 13 18:19 mmag0000.nii
-rw-rw----+ 1 ccn30 wbic-p00500 91750752 Sep 13 18:22 mag0001_skull.nii
-rw-rw----+ 1 ccn30 wbic-p00500 91750752 Sep 13 18:22 mag0001_skull_mask.nii
-rw-rw----+ 1 ccn30 wbic-p00500  4332120 Sep 13 18:21 mag0001_seg8.mat
-rw-rw-r--  1 ccn30 ccn30       45875200 Sep 13 18:17 mag0001.img
-rw-rw-r--  1 ccn30 ccn30            352 Sep 13 18:17 mag0001.hdr
-rw-rw----+ 1 ccn30 wbic-p00500 45875552 Sep 13 18:22 mag0001_brain_skull.nii
-rw-rw----+ 1 ccn30 wbic-p00500 91750752 Sep 13 18:22 mag0001_brain.nii
-rw-rw----+ 1 ccn30 wbic-p00500 45875552 Sep 13 18:22 mag0001_brain_mask.nii
-rw-rw----+ 1 ccn30 wbic-p00500  4332120 Sep 13 18:19 mag0000_seg8.mat
-rw-rw----+ 1 ccn30 wbic-p00500 44766439 Sep 13 18:22 mag0000_PSIR_skulled_std.nii.gz
-rw-rw----+ 1 ccn30 wbic-p00500 44817400 Sep 13 18:22 mag0000_PSIR_skulled.nii.gz
-rw-rw----+ 1 ccn30 wbic-p00500 43367170 Sep 13 18:18 mag0000_PSIR.nii.gz
-rw-rw----+ 1 ccn30 wbic-p00500 51245961 Sep 13 18:18 mag0000_PD_smooth.nii.gz
-rw-rw----+ 1 ccn30 wbic-p00500 44501652 Sep 13 18:18 mag0000_MP2RAGE.nii.gz
-rw-rw-r--  1 ccn30 ccn30       45875200 Sep 13 18:17 mag0000.img
-rw-rw-r--  1 ccn30 ccn30            352 Sep 13 18:17 mag0000.hdr
-rw-rw----+ 1 ccn30 wbic-p00500 22937952 Sep 13 18:28 c5n4mag0000_PSIR_skulled_std.nii
-rw-rw----+ 1 ccn30 wbic-p00500 22937952 Sep 13 18:28 c4n4mag0000_PSIR_skulled_std.nii
-rw-rw----+ 1 ccn30 wbic-p00500 22937952 Sep 13 18:28 c3n4mag0000_PSIR_skulled_std.nii
-rw-rw----+ 1 ccn30 wbic-p00500 22937952 Sep 13 18:22 c3mag0001.nii
-rw-rw----+ 1 ccn30 wbic-p00500 22937952 Sep 13 18:20 c3mag0000.nii
-rw-rw----+ 1 ccn30 wbic-p00500 22937952 Sep 13 18:28 c2n4mag0000_PSIR_skulled_std.nii
-rw-rw----+ 1 ccn30 wbic-p00500 22937952 Sep 13 18:22 c2mag0001.nii
-rw-rw----+ 1 ccn30 wbic-p00500 22937952 Sep 13 18:20 c2mag0000.nii
-rw-rw----+ 1 ccn30 wbic-p00500 22937952 Sep 13 18:28 c1n4mag0000_PSIR_skulled_std.nii
-rw-rw----+ 1 ccn30 wbic-p00500 22937952 Sep 13 18:22 c1mag0001.nii
-rw-rw----+ 1 ccn30 wbic-p00500 22937952 Sep 13 18:20 c1mag0000.nii
drwxrws---+ 5 ccn30 wbic-p00500     4096 Sep  2 13:53 ..
drwxrws---+ 2 ccn30 wbic-p00500     4096 Sep 13 18:29 .
