This is job 3
Time: Wed 10 Nov 10:04:07 GMT 2021
Running on master node: cpu-p-112
Current directory: /rds/user/ccn30/hpc-work/WBIC_lustre/ENCRYPT/scripts/ImagePrep/mp2rage/slurmoutputs
Changed directory to /home/ccn30/rds/hpc-work/WBIC_lustre/ENCRYPT/scripts/ImagePrep/mp2rage/slurmoutputs.

JobID: 49308638
======
Time: Wed 10 Nov 10:04:07 GMT 2021
Running on master node: cpu-p-112
Current directory: /home/ccn30/rds/hpc-work/WBIC_lustre/ENCRYPT/scripts/ImagePrep/mp2rage/slurmoutputs

Nodes allocated:
================
cpu-p-112

numtasks=, numnodes=, mpi_tasks_per_node= (OMP_NUM_THREADS=1)

Executing command:
==================
/home/ccn30/rds/hpc-work/WBIC_lustre/ENCRYPT/scripts/ImagePrep/mp2rage/mp2rage_processing.sh /home/ccn30/rds/hpc-work/WBIC_lustre/ENCRYPT/testsubjcode.txt 3 /home/ccn30/rds/hpc-work/WBIC_lustre/ENCRYPT/scripts/ImagePrep/mp2rage /usr/local/Cluster-Apps/matlab/R2017b /usr/local/software/spm/spm12 /home/ccn30/rds/rds-p00500_encrypt-URQgmO1brZ0/p00500/ENCRYPT_images /usr/local/Cluster-Apps/fsl/5.0.8/fsl

Starting 33010
/home/ccn30/rds/rds-p00500_encrypt-URQgmO1brZ0/p00500/ENCRYPT_images/33010/mp2rage
STARTING mp2rage PREPROCESSING
total 326460
-rw-rw----+ 1 ccn30 wbic-p00500 45875552 Nov 10 10:04 phas0001.nii
-rw-rw----+ 1 ccn30 wbic-p00500 45875552 Nov 10 10:04 phas0000.nii
-rw-rw----+ 1 ccn30 wbic-p00500 91750752 Nov 10 08:59 mp2rage_phase.nii.gz
-rw-rw----+ 1 ccn30 wbic-p00500 91750752 Nov 10 08:59 mp2rage_magnitude.nii.gz
-rw-rw----+ 1 ccn30 wbic-p00500 45875552 Nov 10 10:04 mag0001.nii
-rw-rw----+ 1 ccn30 wbic-p00500 45875552 Nov 10 10:04 mag0000.nii
drwxrws---+ 5 ccn30 wbic-p00500     4096 Nov 10 08:59 ..
drwxrws---+ 2 ccn30 wbic-p00500     4096 Nov 10 10:04 .
The folder where the PSIR is is /home/ccn30/rds/rds-p00500_encrypt-URQgmO1brZ0/p00500/ENCRYPT_images/33010/mp2rage
The script directory is /home/ccn30/rds/hpc-work/WBIC_lustre/ENCRYPT/scripts/ImagePrep/mp2rage
The SPM directory is /usr/local/software/spm/spm12
/home/ccn30/rds/rds-p00500_encrypt-URQgmO1brZ0/p00500/ENCRYPT_images/33010/mp2rage/mag0000 and /home/ccn30/rds/rds-p00500_encrypt-URQgmO1brZ0/p00500/ENCRYPT_images/33010/mp2rage/mag0001 and /home/ccn30/rds/rds-p00500_encrypt-URQgmO1brZ0/p00500/ENCRYPT_images/33010/mp2rage/phas0000 and /home/ccn30/rds/rds-p00500_encrypt-URQgmO1brZ0/p00500/ENCRYPT_images/33010/mp2rage/phas0001 are the files selected
0.000000 0.000000 -1.000000 156.099991 
-1.000000 0.000000 0.000000 223.300003 
0.000000 1.000000 0.000000 0.000000 
0.000000 0.000000 0.000000 1.000000 

0.000000 0.000000 -1.000000 156.099991 
-1.000000 0.000000 0.000000 223.300003 
0.000000 1.000000 0.000000 0.000000 
0.000000 0.000000 0.000000 1.000000 

0.000000 0.000000 -1.000000 156.099991 
-1.000000 0.000000 0.000000 223.300003 
0.000000 1.000000 0.000000 0.000000 
0.000000 0.000000 0.000000 1.000000 

0.000000 0.000000 -1.000000 156.099991 
-1.000000 0.000000 0.000000 223.300003 
0.000000 1.000000 0.000000 0.000000 
0.000000 0.000000 0.000000 1.000000 


                            < M A T L A B (R) >
                  Copyright 1984-2017 The MathWorks, Inc.
                   R2017b (9.3.0.713579) 64-bit (glnxa64)
                             September 14, 2017

 
To get started, type one of these: helpwin, helpdesk, or demo.
For product information, visit www.mathworks.com.
 
You are in the PSIR function
Phase data rescaled to radians (Assuming Siemens data range [0 4095])
320  320  224    2is the image dimension
 
 
 
The PSIR reconstruction is done.
/home/ccn30/rds/rds-p00500_encrypt-URQgmO1brZ0/p00500/ENCRYPT_images/33010/mp2rage/mag0000

                            < M A T L A B (R) >
                  Copyright 1984-2017 The MathWorks, Inc.
                   R2017b (9.3.0.713579) 64-bit (glnxa64)
                             September 14, 2017

 
To get started, type one of these: helpwin, helpdesk, or demo.
For product information, visit www.mathworks.com.
 
You are in the PSIR function


------------------------------------------------------------------------
10-Nov-2021 10:05:14 - Running job #1
------------------------------------------------------------------------
10-Nov-2021 10:05:14 - Running 'Segment'

SPM12: spm_preproc_run (v7408)                     10:05:14 - 10/11/2021
========================================================================
Segment /home/ccn30/rds/rds-p00500_encrypt-URQgmO1brZ0/p00500/ENCRYPT_images/33010/mp2rage/mag0000.img,1
Segment /home/ccn30/rds/rds-p00500_encrypt-URQgmO1brZ0/p00500/ENCRYPT_images/33010/mp2rage/mag0001.img,1
Completed                               :          10:10:36 - 10/11/2021
10-Nov-2021 10:10:36 - Done    'Segment'
10-Nov-2021 10:10:36 - Done

SPM is done...
STEP 1 COMPLETE
total 1231128
-rw-rw-r--  1 ccn30 ccn30       45875200 Nov 10 10:04 phas0001.img
-rw-rw-r--  1 ccn30 ccn30            352 Nov 10 10:04 phas0001.hdr
-rw-rw-r--  1 ccn30 ccn30       45875200 Nov 10 10:04 phas0000.img
-rw-rw-r--  1 ccn30 ccn30            352 Nov 10 10:04 phas0000.hdr
-rw-rw----+ 1 ccn30 wbic-p00500 91750752 Nov 10 08:59 mp2rage_phase.nii.gz
-rw-rw----+ 1 ccn30 wbic-p00500 91750752 Nov 10 08:59 mp2rage_magnitude.nii.gz
-rw-rw----+ 1 ccn30 wbic-p00500 91750752 Nov 10 10:10 mmag0001.nii
-rw-rw----+ 1 ccn30 wbic-p00500 91750752 Nov 10 10:07 mmag0000.nii
-rw-rw----+ 1 ccn30 wbic-p00500 91750752 Nov 10 10:10 mag0001_skull.nii
-rw-rw----+ 1 ccn30 wbic-p00500 91750752 Nov 10 10:10 mag0001_skull_mask.nii
-rw-rw----+ 1 ccn30 wbic-p00500  4332120 Nov 10 10:09 mag0001_seg8.mat
-rw-rw-r--  1 ccn30 ccn30       45875200 Nov 10 10:04 mag0001.img
-rw-rw-r--  1 ccn30 ccn30            352 Nov 10 10:04 mag0001.hdr
-rw-rw----+ 1 ccn30 wbic-p00500 45875552 Nov 10 10:10 mag0001_brain_skull.nii
-rw-rw----+ 1 ccn30 wbic-p00500 91750752 Nov 10 10:10 mag0001_brain.nii
-rw-rw----+ 1 ccn30 wbic-p00500 45875552 Nov 10 10:10 mag0001_brain_mask.nii
-rw-rw----+ 1 ccn30 wbic-p00500  4332120 Nov 10 10:07 mag0000_seg8.mat
-rw-rw----+ 1 ccn30 wbic-p00500 91750752 Nov 10 10:10 mag0000_PSIR_skulled.nii
-rw-rw----+ 1 ccn30 wbic-p00500 46521682 Nov 10 10:04 mag0000_PSIR.nii.gz
-rw-rw----+ 1 ccn30 wbic-p00500 56040176 Nov 10 10:04 mag0000_PD_smooth.nii.gz
-rw-rw----+ 1 ccn30 wbic-p00500 47798409 Nov 10 10:04 mag0000_MP2RAGE.nii.gz
-rw-rw-r--  1 ccn30 ccn30       45875200 Nov 10 10:04 mag0000.img
-rw-rw-r--  1 ccn30 ccn30            352 Nov 10 10:04 mag0000.hdr
-rw-rw----+ 1 ccn30 wbic-p00500 22937952 Nov 10 10:10 c3mag0001.nii
-rw-rw----+ 1 ccn30 wbic-p00500 22937952 Nov 10 10:08 c3mag0000.nii
-rw-rw----+ 1 ccn30 wbic-p00500 22937952 Nov 10 10:10 c2mag0001.nii
-rw-rw----+ 1 ccn30 wbic-p00500 22937952 Nov 10 10:08 c2mag0000.nii
-rw-rw----+ 1 ccn30 wbic-p00500 22937952 Nov 10 10:10 c1mag0001.nii
-rw-rw----+ 1 ccn30 wbic-p00500 22937952 Nov 10 10:08 c1mag0000.nii
drwxrws---+ 5 ccn30 wbic-p00500     4096 Nov 10 08:59 ..
drwxrws---+ 2 ccn30 wbic-p00500     4096 Nov 10 10:10 .
STEP 1.1 COMPLETE
total 1247608
-rw-rw-r--  1 ccn30 ccn30       45875200 Nov 10 10:04 phas0001.img
-rw-rw-r--  1 ccn30 ccn30            352 Nov 10 10:04 phas0001.hdr
-rw-rw-r--  1 ccn30 ccn30       45875200 Nov 10 10:04 phas0000.img
-rw-rw-r--  1 ccn30 ccn30            352 Nov 10 10:04 phas0000.hdr
-rw-rw----+ 1 ccn30 wbic-p00500 91750752 Nov 10 08:59 mp2rage_phase.nii.gz
-rw-rw----+ 1 ccn30 wbic-p00500 91750752 Nov 10 08:59 mp2rage_magnitude.nii.gz
-rw-rw----+ 1 ccn30 wbic-p00500 91750752 Nov 10 10:10 mmag0001.nii
-rw-rw----+ 1 ccn30 wbic-p00500 91750752 Nov 10 10:07 mmag0000.nii
-rw-rw----+ 1 ccn30 wbic-p00500 91750752 Nov 10 10:10 mag0001_skull.nii
-rw-rw----+ 1 ccn30 wbic-p00500 91750752 Nov 10 10:10 mag0001_skull_mask.nii
-rw-rw----+ 1 ccn30 wbic-p00500  4332120 Nov 10 10:09 mag0001_seg8.mat
-rw-rw-r--  1 ccn30 ccn30       45875200 Nov 10 10:04 mag0001.img
-rw-rw-r--  1 ccn30 ccn30            352 Nov 10 10:04 mag0001.hdr
-rw-rw----+ 1 ccn30 wbic-p00500 45875552 Nov 10 10:10 mag0001_brain_skull.nii
-rw-rw----+ 1 ccn30 wbic-p00500 91750752 Nov 10 10:10 mag0001_brain.nii
-rw-rw----+ 1 ccn30 wbic-p00500 45875552 Nov 10 10:10 mag0001_brain_mask.nii
-rw-rw----+ 1 ccn30 wbic-p00500  4332120 Nov 10 10:07 mag0000_seg8.mat
-rw-rw----+ 1 ccn30 wbic-p00500 48436761 Nov 10 10:10 mag0000_PSIR_skulled_std.nii.gz
-rw-rw----+ 1 ccn30 wbic-p00500 48497388 Nov 10 10:10 mag0000_PSIR_skulled.nii.gz
-rw-rw----+ 1 ccn30 wbic-p00500 46521682 Nov 10 10:04 mag0000_PSIR.nii.gz
-rw-rw----+ 1 ccn30 wbic-p00500 56040176 Nov 10 10:04 mag0000_PD_smooth.nii.gz
-rw-rw----+ 1 ccn30 wbic-p00500 47798409 Nov 10 10:04 mag0000_MP2RAGE.nii.gz
-rw-rw-r--  1 ccn30 ccn30       45875200 Nov 10 10:04 mag0000.img
-rw-rw-r--  1 ccn30 ccn30            352 Nov 10 10:04 mag0000.hdr
-rw-rw----+ 1 ccn30 wbic-p00500 22937952 Nov 10 10:10 c3mag0001.nii
-rw-rw----+ 1 ccn30 wbic-p00500 22937952 Nov 10 10:08 c3mag0000.nii
-rw-rw----+ 1 ccn30 wbic-p00500 22937952 Nov 10 10:10 c2mag0001.nii
-rw-rw----+ 1 ccn30 wbic-p00500 22937952 Nov 10 10:08 c2mag0000.nii
-rw-rw----+ 1 ccn30 wbic-p00500 22937952 Nov 10 10:10 c1mag0001.nii
-rw-rw----+ 1 ccn30 wbic-p00500 22937952 Nov 10 10:08 c1mag0000.nii
drwxrws---+ 5 ccn30 wbic-p00500     4096 Nov 10 08:59 ..
drwxrws---+ 2 ccn30 wbic-p00500     4096 Nov 10 10:11 .

Running N4 for 3-dimensional images.

Mask not read.  Creating Otsu mask.
Current level = 1
  Iteration 1 (of 50).   Current convergence value = 0.000718776 (threshold = 1e-06)
  Iteration 2 (of 50).   Current convergence value = 0.000714057 (threshold = 1e-06)
  Iteration 3 (of 50).   Current convergence value = 0.000706603 (threshold = 1e-06)
  Iteration 4 (of 50).   Current convergence value = 0.00069963 (threshold = 1e-06)
  Iteration 5 (of 50).   Current convergence value = 0.000693676 (threshold = 1e-06)
  Iteration 6 (of 50).   Current convergence value = 0.000688575 (threshold = 1e-06)
  Iteration 7 (of 50).   Current convergence value = 0.000682966 (threshold = 1e-06)
  Iteration 8 (of 50).   Current convergence value = 0.000676766 (threshold = 1e-06)
  Iteration 9 (of 50).   Current convergence value = 0.000671526 (threshold = 1e-06)
  Iteration 10 (of 50).   Current convergence value = 0.000666882 (threshold = 1e-06)
  Iteration 11 (of 50).   Current convergence value = 0.000662821 (threshold = 1e-06)
  Iteration 12 (of 50).   Current convergence value = 0.000658543 (threshold = 1e-06)
  Iteration 13 (of 50).   Current convergence value = 0.000653622 (threshold = 1e-06)
  Iteration 14 (of 50).   Current convergence value = 0.000648851 (threshold = 1e-06)
  Iteration 15 (of 50).   Current convergence value = 0.000645032 (threshold = 1e-06)
  Iteration 16 (of 50).   Current convergence value = 0.000641097 (threshold = 1e-06)
  Iteration 17 (of 50).   Current convergence value = 0.00063683 (threshold = 1e-06)
  Iteration 18 (of 50).   Current convergence value = 0.000632415 (threshold = 1e-06)
  Iteration 19 (of 50).   Current convergence value = 0.000627442 (threshold = 1e-06)
  Iteration 20 (of 50).   Current convergence value = 0.000623287 (threshold = 1e-06)
  Iteration 21 (of 50).   Current convergence value = 0.000619118 (threshold = 1e-06)
  Iteration 22 (of 50).   Current convergence value = 0.000615884 (threshold = 1e-06)
  Iteration 23 (of 50).   Current convergence value = 0.000612442 (threshold = 1e-06)
  Iteration 24 (of 50).   Current convergence value = 0.000608767 (threshold = 1e-06)
  Iteration 25 (of 50).   Current convergence value = 0.000604726 (threshold = 1e-06)
  Iteration 26 (of 50).   Current convergence value = 0.000601168 (threshold = 1e-06)
  Iteration 27 (of 50).   Current convergence value = 0.000597551 (threshold = 1e-06)
  Iteration 28 (of 50).   Current convergence value = 0.000594411 (threshold = 1e-06)
  Iteration 29 (of 50).   Current convergence value = 0.00059113 (threshold = 1e-06)
  Iteration 30 (of 50).   Current convergence value = 0.000587911 (threshold = 1e-06)
  Iteration 31 (of 50).   Current convergence value = 0.000584727 (threshold = 1e-06)
  Iteration 32 (of 50).   Current convergence value = 0.000581853 (threshold = 1e-06)
  Iteration 33 (of 50).   Current convergence value = 0.00057853 (threshold = 1e-06)
  Iteration 34 (of 50).   Current convergence value = 0.000575303 (threshold = 1e-06)
  Iteration 35 (of 50).   Current convergence value = 0.000571826 (threshold = 1e-06)
  Iteration 36 (of 50).   Current convergence value = 0.000568402 (threshold = 1e-06)
  Iteration 37 (of 50).   Current convergence value = 0.000564942 (threshold = 1e-06)
  Iteration 38 (of 50).   Current convergence value = 0.000561372 (threshold = 1e-06)
  Iteration 39 (of 50).   Current convergence value = 0.000557739 (threshold = 1e-06)
  Iteration 40 (of 50).   Current convergence value = 0.000554001 (threshold = 1e-06)
  Iteration 41 (of 50).   Current convergence value = 0.000550447 (threshold = 1e-06)
  Iteration 42 (of 50).   Current convergence value = 0.00054706 (threshold = 1e-06)
  Iteration 43 (of 50).   Current convergence value = 0.000543705 (threshold = 1e-06)
  Iteration 44 (of 50).   Current convergence value = 0.000539996 (threshold = 1e-06)
  Iteration 45 (of 50).   Current convergence value = 0.00053623 (threshold = 1e-06)
  Iteration 46 (of 50).   Current convergence value = 0.000532783 (threshold = 1e-06)
  Iteration 47 (of 50).   Current convergence value = 0.000529602 (threshold = 1e-06)
  Iteration 48 (of 50).   Current convergence value = 0.000526489 (threshold = 1e-06)
  Iteration 49 (of 50).   Current convergence value = 0.000523711 (threshold = 1e-06)
  Iteration 50 (of 50).   Current convergence value = 0.000520524 (threshold = 1e-06)
Current level = 2
  Iteration 1 (of 50).   Current convergence value = 0.000963849 (threshold = 1e-06)
  Iteration 2 (of 50).   Current convergence value = 0.000941149 (threshold = 1e-06)
  Iteration 3 (of 50).   Current convergence value = 0.000919671 (threshold = 1e-06)
  Iteration 4 (of 50).   Current convergence value = 0.000899029 (threshold = 1e-06)
  Iteration 5 (of 50).   Current convergence value = 0.000879356 (threshold = 1e-06)
  Iteration 6 (of 50).   Current convergence value = 0.000860048 (threshold = 1e-06)
  Iteration 7 (of 50).   Current convergence value = 0.00084162 (threshold = 1e-06)
  Iteration 8 (of 50).   Current convergence value = 0.000824027 (threshold = 1e-06)
  Iteration 9 (of 50).   Current convergence value = 0.000807761 (threshold = 1e-06)
  Iteration 10 (of 50).   Current convergence value = 0.000792131 (threshold = 1e-06)
  Iteration 11 (of 50).   Current convergence value = 0.000777134 (threshold = 1e-06)
  Iteration 12 (of 50).   Current convergence value = 0.000762915 (threshold = 1e-06)
  Iteration 13 (of 50).   Current convergence value = 0.000749539 (threshold = 1e-06)
  Iteration 14 (of 50).   Current convergence value = 0.00073652 (threshold = 1e-06)
  Iteration 15 (of 50).   Current convergence value = 0.000724459 (threshold = 1e-06)
  Iteration 16 (of 50).   Current convergence value = 0.000712949 (threshold = 1e-06)
  Iteration 17 (of 50).   Current convergence value = 0.000701487 (threshold = 1e-06)
  Iteration 18 (of 50).   Current convergence value = 0.000690582 (threshold = 1e-06)
  Iteration 19 (of 50).   Current convergence value = 0.000680658 (threshold = 1e-06)
  Iteration 20 (of 50).   Current convergence value = 0.000670126 (threshold = 1e-06)
  Iteration 21 (of 50).   Current convergence value = 0.000659875 (threshold = 1e-06)
  Iteration 22 (of 50).   Current convergence value = 0.00065008 (threshold = 1e-06)
  Iteration 23 (of 50).   Current convergence value = 0.000640542 (threshold = 1e-06)
  Iteration 24 (of 50).   Current convergence value = 0.00063182 (threshold = 1e-06)
  Iteration 25 (of 50).   Current convergence value = 0.000623239 (threshold = 1e-06)
  Iteration 26 (of 50).   Current convergence value = 0.000615 (threshold = 1e-06)
  Iteration 27 (of 50).   Current convergence value = 0.00060807 (threshold = 1e-06)
  Iteration 28 (of 50).   Current convergence value = 0.000600027 (threshold = 1e-06)
  Iteration 29 (of 50).   Current convergence value = 0.000592982 (threshold = 1e-06)
  Iteration 30 (of 50).   Current convergence value = 0.000586668 (threshold = 1e-06)
  Iteration 31 (of 50).   Current convergence value = 0.000580414 (threshold = 1e-06)
  Iteration 32 (of 50).   Current convergence value = 0.000573413 (threshold = 1e-06)
  Iteration 33 (of 50).   Current convergence value = 0.000567532 (threshold = 1e-06)
  Iteration 34 (of 50).   Current convergence value = 0.000562967 (threshold = 1e-06)
  Iteration 35 (of 50).   Current convergence value = 0.000556864 (threshold = 1e-06)
  Iteration 36 (of 50).   Current convergence value = 0.000551098 (threshold = 1e-06)
  Iteration 37 (of 50).   Current convergence value = 0.000546417 (threshold = 1e-06)
  Iteration 38 (of 50).   Current convergence value = 0.000541936 (threshold = 1e-06)
  Iteration 39 (of 50).   Current convergence value = 0.000537371 (threshold = 1e-06)
  Iteration 40 (of 50).   Current convergence value = 0.00053287 (threshold = 1e-06)
  Iteration 41 (of 50).   Current convergence value = 0.000529351 (threshold = 1e-06)
  Iteration 42 (of 50).   Current convergence value = 0.000525346 (threshold = 1e-06)
  Iteration 43 (of 50).   Current convergence value = 0.000521304 (threshold = 1e-06)
  Iteration 44 (of 50).   Current convergence value = 0.000517887 (threshold = 1e-06)
  Iteration 45 (of 50).   Current convergence value = 0.000514674 (threshold = 1e-06)
  Iteration 46 (of 50).   Current convergence value = 0.000509933 (threshold = 1e-06)
  Iteration 47 (of 50).   Current convergence value = 0.000505647 (threshold = 1e-06)
  Iteration 48 (of 50).   Current convergence value = 0.000500416 (threshold = 1e-06)
  Iteration 49 (of 50).   Current convergence value = 0.000493726 (threshold = 1e-06)
  Iteration 50 (of 50).   Current convergence value = 0.000487299 (threshold = 1e-06)
Current level = 3
  Iteration 1 (of 30).   Current convergence value = 0.000977646 (threshold = 1e-06)
  Iteration 2 (of 30).   Current convergence value = 0.000943507 (threshold = 1e-06)
  Iteration 3 (of 30).   Current convergence value = 0.00091234 (threshold = 1e-06)
  Iteration 4 (of 30).   Current convergence value = 0.000883697 (threshold = 1e-06)
  Iteration 5 (of 30).   Current convergence value = 0.000857467 (threshold = 1e-06)
  Iteration 6 (of 30).   Current convergence value = 0.0008319 (threshold = 1e-06)
  Iteration 7 (of 30).   Current convergence value = 0.000806795 (threshold = 1e-06)
  Iteration 8 (of 30).   Current convergence value = 0.000781828 (threshold = 1e-06)
  Iteration 9 (of 30).   Current convergence value = 0.00075885 (threshold = 1e-06)
  Iteration 10 (of 30).   Current convergence value = 0.000736069 (threshold = 1e-06)
  Iteration 11 (of 30).   Current convergence value = 0.000714106 (threshold = 1e-06)
  Iteration 12 (of 30).   Current convergence value = 0.00069307 (threshold = 1e-06)
  Iteration 13 (of 30).   Current convergence value = 0.000673674 (threshold = 1e-06)
  Iteration 14 (of 30).   Current convergence value = 0.000653851 (threshold = 1e-06)
  Iteration 15 (of 30).   Current convergence value = 0.000635623 (threshold = 1e-06)
  Iteration 16 (of 30).   Current convergence value = 0.000618041 (threshold = 1e-06)
  Iteration 17 (of 30).   Current convergence value = 0.000600142 (threshold = 1e-06)
  Iteration 18 (of 30).   Current convergence value = 0.000582975 (threshold = 1e-06)
  Iteration 19 (of 30).   Current convergence value = 0.000566545 (threshold = 1e-06)
  Iteration 20 (of 30).   Current convergence value = 0.000549679 (threshold = 1e-06)
  Iteration 21 (of 30).   Current convergence value = 0.000533156 (threshold = 1e-06)
  Iteration 22 (of 30).   Current convergence value = 0.000516387 (threshold = 1e-06)
  Iteration 23 (of 30).   Current convergence value = 0.000500524 (threshold = 1e-06)
  Iteration 24 (of 30).   Current convergence value = 0.000486549 (threshold = 1e-06)
  Iteration 25 (of 30).   Current convergence value = 0.000472064 (threshold = 1e-06)
  Iteration 26 (of 30).   Current convergence value = 0.000460001 (threshold = 1e-06)
  Iteration 27 (of 30).   Current convergence value = 0.000447305 (threshold = 1e-06)
  Iteration 28 (of 30).   Current convergence value = 0.000435589 (threshold = 1e-06)
  Iteration 29 (of 30).   Current convergence value = 0.000425076 (threshold = 1e-06)
  Iteration 30 (of 30).   Current convergence value = 0.000414338 (threshold = 1e-06)
Current level = 4
  Iteration 1 (of 20).   Current convergence value = 0.00164214 (threshold = 1e-06)
  Iteration 2 (of 20).   Current convergence value = 0.00151924 (threshold = 1e-06)
  Iteration 3 (of 20).   Current convergence value = 0.00142526 (threshold = 1e-06)
  Iteration 4 (of 20).   Current convergence value = 0.00135572 (threshold = 1e-06)
  Iteration 5 (of 20).   Current convergence value = 0.00130653 (threshold = 1e-06)
  Iteration 6 (of 20).   Current convergence value = 0.00126628 (threshold = 1e-06)
  Iteration 7 (of 20).   Current convergence value = 0.00123686 (threshold = 1e-06)
  Iteration 8 (of 20).   Current convergence value = 0.00120987 (threshold = 1e-06)
  Iteration 9 (of 20).   Current convergence value = 0.00119034 (threshold = 1e-06)
  Iteration 10 (of 20).   Current convergence value = 0.00117294 (threshold = 1e-06)
  Iteration 11 (of 20).   Current convergence value = 0.00115909 (threshold = 1e-06)
  Iteration 12 (of 20).   Current convergence value = 0.00114946 (threshold = 1e-06)
  Iteration 13 (of 20).   Current convergence value = 0.00113964 (threshold = 1e-06)
  Iteration 14 (of 20).   Current convergence value = 0.00113404 (threshold = 1e-06)
  Iteration 15 (of 20).   Current convergence value = 0.00112847 (threshold = 1e-06)
  Iteration 16 (of 20).   Current convergence value = 0.00112254 (threshold = 1e-06)
  Iteration 17 (of 20).   Current convergence value = 0.00111899 (threshold = 1e-06)
  Iteration 18 (of 20).   Current convergence value = 0.00111455 (threshold = 1e-06)
  Iteration 19 (of 20).   Current convergence value = 0.00111012 (threshold = 1e-06)
  Iteration 20 (of 20).   Current convergence value = 0.00110358 (threshold = 1e-06)
   N4BiasFieldCorrectionImageFilter (0x3284090)
     RTTI typeinfo:   itk::N4BiasFieldCorrectionImageFilter<itk::Image<float, 3u>, itk::Image<float, 3u>, itk::Image<float, 3u> >
     Reference Count: 1
     Modified Time: 813
     Debug: Off
     Object Name: 
     Observers: 
       IterationEvent(Command)
     Inputs: 
       Primary: (0x32941c0) *
       _1: (0x3294840)
     Indexed Inputs: 
       0: Primary (0x32941c0)
       1: _1 (0x3294840)
     Required Input Names: Primary
     NumberOfRequiredInputs: 1
     Outputs: 
       Primary: (0x3288950)
     Indexed Outputs: 
       0: Primary (0x3288950)
     NumberOfRequiredOutputs: 1
     Number Of Threads: 56
     ReleaseDataFlag: Off
     ReleaseDataBeforeUpdateFlag: Off
     AbortGenerateData: Off
     Progress: 0
     Multithreader: 
       RTTI typeinfo:   itk::MultiThreader
       Reference Count: 1
       Modified Time: 122
       Debug: Off
       Object Name: 
       Observers: 
         none
       Thread Count: 56
       Global Maximum Number Of Threads: 128
       Global Default Number Of Threads: 56
     CoordinateTolerance: 1e-06
     DirectionTolerance: 1e-06
     Mask label: 1
     Number of histogram bins: 200
     Wiener filter noise: 0.01
     Bias field FWHM: 0.15
     Maximum number of iterations: [50, 50, 30, 20]
     Convergence threshold: 1e-06
     Spline order: 3
     Number of fitting levels: [4, 4, 4]
     Number of control points: [4, 5, 5]
     CurrentConvergenceMeasurement: 0.00110358
     CurrentLevel: 4
     ElapsedIterations: 21
     LogBiasFieldControlPointLattice: 
       Image (0x53bc5c0)
         RTTI typeinfo:   itk::Image<itk::Vector<float, 1u>, 3u>
         Reference Count: 1
         Modified Time: 130629102
         Debug: Off
         Object Name: 
         Observers: 
           none
         Source: (none)
         Source output name: (none)
         Release Data: Off
         Data Released: False
         Global Release Data: Off
         PipelineMTime: 0
         UpdateMTime: 0
         RealTimeStamp: 0 seconds 
         LargestPossibleRegion: 
           Dimension: 3
           Index: [0, 0, 0]
           Size: [11, 19, 19]
         BufferedRegion: 
           Dimension: 3
           Index: [0, 0, 0]
           Size: [11, 19, 19]
         RequestedRegion: 
           Dimension: 3
           Index: [0, 0, 0]
           Size: [11, 19, 19]
         Spacing: [24.5, 24.85, 24.85]
         Origin: [-24.5, 24.85, -24.85]
         Direction: 
1 0 0
0 -1 0
0 0 1

         IndexToPointMatrix: 
24.5 0 0
0 -24.85 0
0 0 24.85

         PointToIndexMatrix: 
0.0408163 0 0
0 -0.0402414 0
0 0 0.0402414

         Inverse Direction: 
1 0 0
0 -1 0
0 0 1

         PixelContainer: 
           ImportImageContainer (0x53bc880)
             RTTI typeinfo:   itk::ImportImageContainer<unsigned long, itk::Vector<float, 1u> >
             Reference Count: 1
             Modified Time: 130629103
             Debug: Off
             Object Name: 
             Observers: 
               none
             Pointer: 0x4aec080
             Container manages memory: true
             Size: 3971
             Capacity: 3971
Elapsed time: 91.8731
STEP 2 COMPLETE
total 1325540
-rw-rw-r--  1 ccn30 ccn30       45875200 Nov 10 10:04 phas0001.img
-rw-rw-r--  1 ccn30 ccn30            352 Nov 10 10:04 phas0001.hdr
-rw-rw-r--  1 ccn30 ccn30       45875200 Nov 10 10:04 phas0000.img
-rw-rw-r--  1 ccn30 ccn30            352 Nov 10 10:04 phas0000.hdr
-rw-rw----+ 1 ccn30 wbic-p00500 48467863 Nov 10 10:12 n4mag0000_PSIR_skulled_std.nii.gz
-rw-rw----+ 1 ccn30 wbic-p00500 91750752 Nov 10 08:59 mp2rage_phase.nii.gz
-rw-rw----+ 1 ccn30 wbic-p00500 91750752 Nov 10 08:59 mp2rage_magnitude.nii.gz
-rw-rw----+ 1 ccn30 wbic-p00500 91750752 Nov 10 10:10 mmag0001.nii
-rw-rw----+ 1 ccn30 wbic-p00500 91750752 Nov 10 10:07 mmag0000.nii
-rw-rw----+ 1 ccn30 wbic-p00500 91750752 Nov 10 10:10 mag0001_skull.nii
-rw-rw----+ 1 ccn30 wbic-p00500 91750752 Nov 10 10:10 mag0001_skull_mask.nii
-rw-rw----+ 1 ccn30 wbic-p00500  4332120 Nov 10 10:09 mag0001_seg8.mat
-rw-rw-r--  1 ccn30 ccn30       45875200 Nov 10 10:04 mag0001.img
-rw-rw-r--  1 ccn30 ccn30            352 Nov 10 10:04 mag0001.hdr
-rw-rw----+ 1 ccn30 wbic-p00500 45875552 Nov 10 10:10 mag0001_brain_skull.nii
-rw-rw----+ 1 ccn30 wbic-p00500 91750752 Nov 10 10:10 mag0001_brain.nii
-rw-rw----+ 1 ccn30 wbic-p00500 45875552 Nov 10 10:10 mag0001_brain_mask.nii
-rw-rw----+ 1 ccn30 wbic-p00500  4332120 Nov 10 10:07 mag0000_seg8.mat
-rw-rw----+ 1 ccn30 wbic-p00500 48436761 Nov 10 10:10 mag0000_PSIR_skulled_std.nii.gz
-rw-rw----+ 1 ccn30 wbic-p00500 48497388 Nov 10 10:10 mag0000_PSIR_skulled.nii.gz
-rw-rw----+ 1 ccn30 wbic-p00500 46521682 Nov 10 10:04 mag0000_PSIR.nii.gz
-rw-rw----+ 1 ccn30 wbic-p00500 56040176 Nov 10 10:04 mag0000_PD_smooth.nii.gz
-rw-rw----+ 1 ccn30 wbic-p00500 47798409 Nov 10 10:04 mag0000_MP2RAGE.nii.gz
-rw-rw-r--  1 ccn30 ccn30       45875200 Nov 10 10:04 mag0000.img
-rw-rw-r--  1 ccn30 ccn30            352 Nov 10 10:04 mag0000.hdr
-rw-rw----+ 1 ccn30 wbic-p00500 22937952 Nov 10 10:10 c3mag0001.nii
-rw-rw----+ 1 ccn30 wbic-p00500 22937952 Nov 10 10:08 c3mag0000.nii
-rw-rw----+ 1 ccn30 wbic-p00500 22937952 Nov 10 10:10 c2mag0001.nii
-rw-rw----+ 1 ccn30 wbic-p00500 22937952 Nov 10 10:08 c2mag0000.nii
-rw-rw----+ 1 ccn30 wbic-p00500 22937952 Nov 10 10:10 c1mag0001.nii
-rw-rw----+ 1 ccn30 wbic-p00500 22937952 Nov 10 10:08 c1mag0000.nii
drwxrws---+ 5 ccn30 wbic-p00500     4096 Nov 10 08:59 ..
drwxrws---+ 2 ccn30 wbic-p00500     4096 Nov 10 10:12 .
STEP 3 COMPLETE
total 1366504
-rw-rw-r--  1 ccn30 ccn30       45875200 Nov 10 10:04 phas0001.img
-rw-rw-r--  1 ccn30 ccn30            352 Nov 10 10:04 phas0001.hdr
-rw-rw-r--  1 ccn30 ccn30       45875200 Nov 10 10:04 phas0000.img
-rw-rw-r--  1 ccn30 ccn30            352 Nov 10 10:04 phas0000.hdr
-rw-rw----+ 1 ccn30 wbic-p00500 91750752 Nov 10 10:12 n4mag0000_PSIR_skulled_std.nii
-rw-rw----+ 1 ccn30 wbic-p00500 91750752 Nov 10 08:59 mp2rage_phase.nii.gz
-rw-rw----+ 1 ccn30 wbic-p00500 91750752 Nov 10 08:59 mp2rage_magnitude.nii.gz
-rw-rw----+ 1 ccn30 wbic-p00500 91750752 Nov 10 10:10 mmag0001.nii
-rw-rw----+ 1 ccn30 wbic-p00500 91750752 Nov 10 10:07 mmag0000.nii
-rw-rw----+ 1 ccn30 wbic-p00500 91750752 Nov 10 10:10 mag0001_skull.nii
-rw-rw----+ 1 ccn30 wbic-p00500 91750752 Nov 10 10:10 mag0001_skull_mask.nii
-rw-rw----+ 1 ccn30 wbic-p00500  4332120 Nov 10 10:09 mag0001_seg8.mat
-rw-rw-r--  1 ccn30 ccn30       45875200 Nov 10 10:04 mag0001.img
-rw-rw-r--  1 ccn30 ccn30            352 Nov 10 10:04 mag0001.hdr
-rw-rw----+ 1 ccn30 wbic-p00500 45875552 Nov 10 10:10 mag0001_brain_skull.nii
-rw-rw----+ 1 ccn30 wbic-p00500 91750752 Nov 10 10:10 mag0001_brain.nii
-rw-rw----+ 1 ccn30 wbic-p00500 45875552 Nov 10 10:10 mag0001_brain_mask.nii
-rw-rw----+ 1 ccn30 wbic-p00500  4332120 Nov 10 10:07 mag0000_seg8.mat
-rw-rw----+ 1 ccn30 wbic-p00500 48436761 Nov 10 10:10 mag0000_PSIR_skulled_std.nii.gz
-rw-rw----+ 1 ccn30 wbic-p00500 48497388 Nov 10 10:10 mag0000_PSIR_skulled.nii.gz
-rw-rw----+ 1 ccn30 wbic-p00500 46521682 Nov 10 10:04 mag0000_PSIR.nii.gz
-rw-rw----+ 1 ccn30 wbic-p00500 56040176 Nov 10 10:04 mag0000_PD_smooth.nii.gz
-rw-rw----+ 1 ccn30 wbic-p00500 47798409 Nov 10 10:04 mag0000_MP2RAGE.nii.gz
-rw-rw-r--  1 ccn30 ccn30       45875200 Nov 10 10:04 mag0000.img
-rw-rw-r--  1 ccn30 ccn30            352 Nov 10 10:04 mag0000.hdr
-rw-rw----+ 1 ccn30 wbic-p00500 22937952 Nov 10 10:10 c3mag0001.nii
-rw-rw----+ 1 ccn30 wbic-p00500 22937952 Nov 10 10:08 c3mag0000.nii
-rw-rw----+ 1 ccn30 wbic-p00500 22937952 Nov 10 10:10 c2mag0001.nii
-rw-rw----+ 1 ccn30 wbic-p00500 22937952 Nov 10 10:08 c2mag0000.nii
-rw-rw----+ 1 ccn30 wbic-p00500 22937952 Nov 10 10:10 c1mag0001.nii
-rw-rw----+ 1 ccn30 wbic-p00500 22937952 Nov 10 10:08 c1mag0000.nii
drwxrws---+ 5 ccn30 wbic-p00500     4096 Nov 10 08:59 ..
drwxrws---+ 2 ccn30 wbic-p00500     4096 Nov 10 10:12 .

                            < M A T L A B (R) >
                  Copyright 1984-2017 The MathWorks, Inc.
                   R2017b (9.3.0.713579) 64-bit (glnxa64)
                             September 14, 2017

 
To get started, type one of these: helpwin, helpdesk, or demo.
For product information, visit www.mathworks.com.
 


------------------------------------------------------------------------
10-Nov-2021 10:13:08 - Running job #1
------------------------------------------------------------------------
10-Nov-2021 10:13:08 - Running 'Segment'

SPM12: spm_preproc_run (v7408)                     10:13:09 - 10/11/2021
========================================================================
Segment /home/ccn30/rds/rds-p00500_encrypt-URQgmO1brZ0/p00500/ENCRYPT_images/33010/mp2rage/n4mag0000_PSIR_skulled_std.nii,1
Completed                               :          10:16:18 - 10/11/2021
10-Nov-2021 10:16:18 - Done    'Segment'
10-Nov-2021 10:16:18 - Done

SPM segmentation is done...
STEP 4 COMPLETE
total 1476740
-rw-rw-r--  1 ccn30 ccn30       45875200 Nov 10 10:04 phas0001.img
-rw-rw-r--  1 ccn30 ccn30            352 Nov 10 10:04 phas0001.hdr
-rw-rw-r--  1 ccn30 ccn30       45875200 Nov 10 10:04 phas0000.img
-rw-rw-r--  1 ccn30 ccn30            352 Nov 10 10:04 phas0000.hdr
-rw-rw----+ 1 ccn30 wbic-p00500  4341760 Nov 10 10:14 n4mag0000_PSIR_skulled_std_seg8.mat
-rw-rw----+ 1 ccn30 wbic-p00500 91750752 Nov 10 10:12 n4mag0000_PSIR_skulled_std.nii
-rw-rw----+ 1 ccn30 wbic-p00500 91750752 Nov 10 08:59 mp2rage_phase.nii.gz
-rw-rw----+ 1 ccn30 wbic-p00500 91750752 Nov 10 08:59 mp2rage_magnitude.nii.gz
-rw-rw----+ 1 ccn30 wbic-p00500 91750752 Nov 10 10:10 mmag0001.nii
-rw-rw----+ 1 ccn30 wbic-p00500 91750752 Nov 10 10:07 mmag0000.nii
-rw-rw----+ 1 ccn30 wbic-p00500 91750752 Nov 10 10:10 mag0001_skull.nii
-rw-rw----+ 1 ccn30 wbic-p00500 91750752 Nov 10 10:10 mag0001_skull_mask.nii
-rw-rw----+ 1 ccn30 wbic-p00500  4332120 Nov 10 10:09 mag0001_seg8.mat
-rw-rw-r--  1 ccn30 ccn30       45875200 Nov 10 10:04 mag0001.img
-rw-rw-r--  1 ccn30 ccn30            352 Nov 10 10:04 mag0001.hdr
-rw-rw----+ 1 ccn30 wbic-p00500 45875552 Nov 10 10:10 mag0001_brain_skull.nii
-rw-rw----+ 1 ccn30 wbic-p00500 91750752 Nov 10 10:10 mag0001_brain.nii
-rw-rw----+ 1 ccn30 wbic-p00500 45875552 Nov 10 10:10 mag0001_brain_mask.nii
-rw-rw----+ 1 ccn30 wbic-p00500  4332120 Nov 10 10:07 mag0000_seg8.mat
-rw-rw----+ 1 ccn30 wbic-p00500 48436761 Nov 10 10:10 mag0000_PSIR_skulled_std.nii.gz
-rw-rw----+ 1 ccn30 wbic-p00500 48497388 Nov 10 10:10 mag0000_PSIR_skulled.nii.gz
-rw-rw----+ 1 ccn30 wbic-p00500 46521682 Nov 10 10:04 mag0000_PSIR.nii.gz
-rw-rw----+ 1 ccn30 wbic-p00500 56040176 Nov 10 10:04 mag0000_PD_smooth.nii.gz
-rw-rw----+ 1 ccn30 wbic-p00500 47798409 Nov 10 10:04 mag0000_MP2RAGE.nii.gz
-rw-rw-r--  1 ccn30 ccn30       45875200 Nov 10 10:04 mag0000.img
-rw-rw-r--  1 ccn30 ccn30            352 Nov 10 10:04 mag0000.hdr
-rw-rw----+ 1 ccn30 wbic-p00500 22937952 Nov 10 10:16 c5n4mag0000_PSIR_skulled_std.nii
-rw-rw----+ 1 ccn30 wbic-p00500 22937952 Nov 10 10:16 c4n4mag0000_PSIR_skulled_std.nii
-rw-rw----+ 1 ccn30 wbic-p00500 22937952 Nov 10 10:16 c3n4mag0000_PSIR_skulled_std.nii
-rw-rw----+ 1 ccn30 wbic-p00500 22937952 Nov 10 10:10 c3mag0001.nii
-rw-rw----+ 1 ccn30 wbic-p00500 22937952 Nov 10 10:08 c3mag0000.nii
-rw-rw----+ 1 ccn30 wbic-p00500 22937952 Nov 10 10:16 c2n4mag0000_PSIR_skulled_std.nii
-rw-rw----+ 1 ccn30 wbic-p00500 22937952 Nov 10 10:10 c2mag0001.nii
-rw-rw----+ 1 ccn30 wbic-p00500 22937952 Nov 10 10:08 c2mag0000.nii
-rw-rw----+ 1 ccn30 wbic-p00500 22937952 Nov 10 10:16 c1n4mag0000_PSIR_skulled_std.nii
-rw-rw----+ 1 ccn30 wbic-p00500 22937952 Nov 10 10:10 c1mag0001.nii
-rw-rw----+ 1 ccn30 wbic-p00500 22937952 Nov 10 10:08 c1mag0000.nii
drwxrws---+ 5 ccn30 wbic-p00500     4096 Nov 10 08:59 ..
drwxrws---+ 2 ccn30 wbic-p00500     4096 Nov 10 10:14 .

                            < M A T L A B (R) >
                  Copyright 1984-2017 The MathWorks, Inc.
                   R2017b (9.3.0.713579) 64-bit (glnxa64)
                             September 14, 2017

 
To get started, type one of these: helpwin, helpdesk, or demo.
For product information, visit www.mathworks.com.
 
Preparing data ...
Masking image 1 of 1 subjects ...
Finished skull stripping data.
STEP 5 COMPLETE
total 1572380
-rw-rw-r--  1 ccn30 ccn30       45875200 Nov 10 10:04 phas0001.img
-rw-rw-r--  1 ccn30 ccn30            352 Nov 10 10:04 phas0001.hdr
-rw-rw-r--  1 ccn30 ccn30       45875200 Nov 10 10:04 phas0000.img
-rw-rw-r--  1 ccn30 ccn30            352 Nov 10 10:04 phas0000.hdr
-rw-rw----+ 1 ccn30 wbic-p00500 91750752 Nov 10 10:16 n4mag0000_PSIR_skulled_std_struc_brain.nii
-rw-rw----+ 1 ccn30 wbic-p00500  4341760 Nov 10 10:14 n4mag0000_PSIR_skulled_std_seg8.mat
-rw-rw----+ 1 ccn30 wbic-p00500 91750752 Nov 10 10:12 n4mag0000_PSIR_skulled_std.nii
-rw-rw----+ 1 ccn30 wbic-p00500 91750752 Nov 10 08:59 mp2rage_phase.nii.gz
-rw-rw----+ 1 ccn30 wbic-p00500 91750752 Nov 10 08:59 mp2rage_magnitude.nii.gz
-rw-rw----+ 1 ccn30 wbic-p00500 91750752 Nov 10 10:10 mmag0001.nii
-rw-rw----+ 1 ccn30 wbic-p00500 91750752 Nov 10 10:07 mmag0000.nii
-rw-rw----+ 1 ccn30 wbic-p00500 91750752 Nov 10 10:10 mag0001_skull.nii
-rw-rw----+ 1 ccn30 wbic-p00500 91750752 Nov 10 10:10 mag0001_skull_mask.nii
-rw-rw----+ 1 ccn30 wbic-p00500  4332120 Nov 10 10:09 mag0001_seg8.mat
-rw-rw-r--  1 ccn30 ccn30       45875200 Nov 10 10:04 mag0001.img
-rw-rw-r--  1 ccn30 ccn30            352 Nov 10 10:04 mag0001.hdr
-rw-rw----+ 1 ccn30 wbic-p00500 45875552 Nov 10 10:10 mag0001_brain_skull.nii
-rw-rw----+ 1 ccn30 wbic-p00500 91750752 Nov 10 10:10 mag0001_brain.nii
-rw-rw----+ 1 ccn30 wbic-p00500 45875552 Nov 10 10:10 mag0001_brain_mask.nii
-rw-rw----+ 1 ccn30 wbic-p00500  4332120 Nov 10 10:07 mag0000_seg8.mat
-rw-rw----+ 1 ccn30 wbic-p00500 48436761 Nov 10 10:10 mag0000_PSIR_skulled_std.nii.gz
-rw-rw----+ 1 ccn30 wbic-p00500 48497388 Nov 10 10:10 mag0000_PSIR_skulled.nii.gz
-rw-rw----+ 1 ccn30 wbic-p00500 46521682 Nov 10 10:04 mag0000_PSIR.nii.gz
-rw-rw----+ 1 ccn30 wbic-p00500 56040176 Nov 10 10:04 mag0000_PD_smooth.nii.gz
-rw-rw----+ 1 ccn30 wbic-p00500 47798409 Nov 10 10:04 mag0000_MP2RAGE.nii.gz
-rw-rw-r--  1 ccn30 ccn30       45875200 Nov 10 10:04 mag0000.img
-rw-rw-r--  1 ccn30 ccn30            352 Nov 10 10:04 mag0000.hdr
-rw-rw----+ 1 ccn30 wbic-p00500 22937952 Nov 10 10:16 c5n4mag0000_PSIR_skulled_std.nii
-rw-rw----+ 1 ccn30 wbic-p00500 22937952 Nov 10 10:16 c4n4mag0000_PSIR_skulled_std.nii
-rw-rw----+ 1 ccn30 wbic-p00500 22937952 Nov 10 10:16 c3n4mag0000_PSIR_skulled_std.nii
-rw-rw----+ 1 ccn30 wbic-p00500 22937952 Nov 10 10:10 c3mag0001.nii
-rw-rw----+ 1 ccn30 wbic-p00500 22937952 Nov 10 10:08 c3mag0000.nii
-rw-rw----+ 1 ccn30 wbic-p00500 22937952 Nov 10 10:16 c2n4mag0000_PSIR_skulled_std.nii
-rw-rw----+ 1 ccn30 wbic-p00500 22937952 Nov 10 10:10 c2mag0001.nii
-rw-rw----+ 1 ccn30 wbic-p00500 22937952 Nov 10 10:08 c2mag0000.nii
-rw-rw----+ 1 ccn30 wbic-p00500 22937952 Nov 10 10:16 c1n4mag0000_PSIR_skulled_std.nii
-rw-rw----+ 1 ccn30 wbic-p00500 22937952 Nov 10 10:10 c1mag0001.nii
-rw-rw----+ 1 ccn30 wbic-p00500 22937952 Nov 10 10:08 c1mag0000.nii
drwxrws---+ 5 ccn30 wbic-p00500     4096 Nov 10 08:59 ..
drwxrws---+ 2 ccn30 wbic-p00500     4096 Nov 10 10:16 .
STEP 6 COMPLETE
total 1642012
-rw-rw-r--  1 ccn30 ccn30       45875200 Nov 10 10:04 phas0001.img
-rw-rw-r--  1 ccn30 ccn30            352 Nov 10 10:04 phas0001.hdr
-rw-rw-r--  1 ccn30 ccn30       45875200 Nov 10 10:04 phas0000.img
-rw-rw-r--  1 ccn30 ccn30            352 Nov 10 10:04 phas0000.hdr
-rw-rw----+ 1 ccn30 wbic-p00500 91750752 Nov 10 10:16 n4mag0000_PSIR_skulled_std_struc_brain.nii
-rw-rw----+ 1 ccn30 wbic-p00500 91750752 Nov 10 10:16 n4mag0000_PSIR_skulled_std_struc_brain_mask.nii
-rw-rw----+ 1 ccn30 wbic-p00500  4341760 Nov 10 10:14 n4mag0000_PSIR_skulled_std_seg8.mat
-rw-rw----+ 1 ccn30 wbic-p00500 91750752 Nov 10 10:12 n4mag0000_PSIR_skulled_std.nii
-rw-rw----+ 1 ccn30 wbic-p00500 91750752 Nov 10 08:59 mp2rage_phase.nii.gz
-rw-rw----+ 1 ccn30 wbic-p00500 91750752 Nov 10 08:59 mp2rage_magnitude.nii.gz
-rw-rw----+ 1 ccn30 wbic-p00500 91750752 Nov 10 10:10 mmag0001.nii
-rw-rw----+ 1 ccn30 wbic-p00500 91750752 Nov 10 10:07 mmag0000.nii
-rw-rw----+ 1 ccn30 wbic-p00500 91750752 Nov 10 10:10 mag0001_skull.nii
-rw-rw----+ 1 ccn30 wbic-p00500 91750752 Nov 10 10:10 mag0001_skull_mask.nii
-rw-rw----+ 1 ccn30 wbic-p00500  4332120 Nov 10 10:09 mag0001_seg8.mat
-rw-rw-r--  1 ccn30 ccn30       45875200 Nov 10 10:04 mag0001.img
-rw-rw-r--  1 ccn30 ccn30            352 Nov 10 10:04 mag0001.hdr
-rw-rw----+ 1 ccn30 wbic-p00500 45875552 Nov 10 10:10 mag0001_brain_skull.nii
-rw-rw----+ 1 ccn30 wbic-p00500 91750752 Nov 10 10:10 mag0001_brain.nii
-rw-rw----+ 1 ccn30 wbic-p00500 45875552 Nov 10 10:10 mag0001_brain_mask.nii
-rw-rw----+ 1 ccn30 wbic-p00500  4332120 Nov 10 10:07 mag0000_seg8.mat
-rw-rw----+ 1 ccn30 wbic-p00500 48436761 Nov 10 10:10 mag0000_PSIR_skulled_std.nii.gz
-rw-rw----+ 1 ccn30 wbic-p00500 48497388 Nov 10 10:10 mag0000_PSIR_skulled.nii.gz
-rw-rw----+ 1 ccn30 wbic-p00500 46521682 Nov 10 10:04 mag0000_PSIR.nii.gz
-rw-rw----+ 1 ccn30 wbic-p00500 56040176 Nov 10 10:04 mag0000_PD_smooth.nii.gz
-rw-rw----+ 1 ccn30 wbic-p00500 47798409 Nov 10 10:04 mag0000_MP2RAGE.nii.gz
-rw-rw-r--  1 ccn30 ccn30       45875200 Nov 10 10:04 mag0000.img
-rw-rw-r--  1 ccn30 ccn30            352 Nov 10 10:04 mag0000.hdr
-rw-rw----+ 1 ccn30 wbic-p00500 22937952 Nov 10 10:16 c5n4mag0000_PSIR_skulled_std.nii
-rw-rw----+ 1 ccn30 wbic-p00500 22937952 Nov 10 10:16 c4n4mag0000_PSIR_skulled_std.nii
-rw-rw----+ 1 ccn30 wbic-p00500 22937952 Nov 10 10:16 c3n4mag0000_PSIR_skulled_std.nii
-rw-rw----+ 1 ccn30 wbic-p00500 22937952 Nov 10 10:10 c3mag0001.nii
-rw-rw----+ 1 ccn30 wbic-p00500 22937952 Nov 10 10:08 c3mag0000.nii
-rw-rw----+ 1 ccn30 wbic-p00500 22937952 Nov 10 10:16 c2n4mag0000_PSIR_skulled_std.nii
-rw-rw----+ 1 ccn30 wbic-p00500 22937952 Nov 10 10:10 c2mag0001.nii
-rw-rw----+ 1 ccn30 wbic-p00500 22937952 Nov 10 10:08 c2mag0000.nii
-rw-rw----+ 1 ccn30 wbic-p00500 22937952 Nov 10 10:16 c1n4mag0000_PSIR_skulled_std.nii
-rw-rw----+ 1 ccn30 wbic-p00500 22937952 Nov 10 10:10 c1mag0001.nii
-rw-rw----+ 1 ccn30 wbic-p00500 22937952 Nov 10 10:08 c1mag0000.nii
drwxrws---+ 5 ccn30 wbic-p00500     4096 Nov 10 08:59 ..
drwxrws---+ 2 ccn30 wbic-p00500     4096 Nov 10 10:16 .
