This is job 10
Time: Mon 13 Sep 18:17:19 BST 2021
Running on master node: cpu-p-152
Current directory: /rds/user/ccn30/hpc-work/WBIC_lustre/ENCRYPT/scripts/ImagePrep/mp2rage/slurmoutputs
Changed directory to /home/ccn30/rds/hpc-work/WBIC_lustre/ENCRYPT/scripts/ImagePrep/mp2rage/slurmoutputs.

JobID: 46418920
======
Time: Mon 13 Sep 18:17:19 BST 2021
Running on master node: cpu-p-152
Current directory: /home/ccn30/rds/hpc-work/WBIC_lustre/ENCRYPT/scripts/ImagePrep/mp2rage/slurmoutputs

Nodes allocated:
================
cpu-p-152

numtasks=, numnodes=, mpi_tasks_per_node= (OMP_NUM_THREADS=1)

Executing command:
==================
/home/ccn30/rds/hpc-work/WBIC_lustre/ENCRYPT/scripts/ImagePrep/mp2rage/mp2rage_processing.sh /home/ccn30/rds/hpc-work/WBIC_lustre/ENCRYPT/ENCRYPT_MasterRIScodes.txt 10 /home/ccn30/rds/hpc-work/WBIC_lustre/ENCRYPT/scripts/ImagePrep/mp2rage /usr/local/Cluster-Apps/matlab/R2017b /usr/local/software/spm/spm12 /home/ccn30/rds/rds-p00500_encrypt-URQgmO1brZ0/p00500/ENCRYPT_images /usr/local/Cluster-Apps/fsl/5.0.8/fsl

Starting 26040
/home/ccn30/rds/rds-p00500_encrypt-URQgmO1brZ0/p00500/ENCRYPT_images/26040/mp2rage
STARTING mp2rage PREPROCESSING
total 342924
-rw-rw----+ 1 ccn30 wbic-p00500 45875552 Sep 13 18:17 phas0001.nii
-rw-rw----+ 1 ccn30 wbic-p00500 45875552 Sep 13 18:17 phas0000.nii
-rw-rw----+ 1 ccn30 wbic-p00500 91750752 Sep  2 20:08 mp2rage_phase.nii.gz
-rw-rw----+ 1 ccn30 wbic-p00500 91750752 Sep  2 20:08 mp2rage_magnitude.nii.gz
-rw-rw----+ 1 ccn30 wbic-p00500 45875552 Sep 13 18:17 mag0001.nii
-rw-rw----+ 1 ccn30 wbic-p00500 45875552 Sep 13 18:17 mag0000.nii
drwxrws---+ 5 ccn30 wbic-p00500     4096 Sep  2 20:08 ..
drwxrws---+ 2 ccn30 wbic-p00500     4096 Sep 13 18:17 .
The folder where the PSIR is is /home/ccn30/rds/rds-p00500_encrypt-URQgmO1brZ0/p00500/ENCRYPT_images/26040/mp2rage
The script directory is /home/ccn30/rds/hpc-work/WBIC_lustre/ENCRYPT/scripts/ImagePrep/mp2rage
The SPM directory is /usr/local/software/spm/spm12
/home/ccn30/rds/rds-p00500_encrypt-URQgmO1brZ0/p00500/ENCRYPT_images/26040/mp2rage/mag0000 and /home/ccn30/rds/rds-p00500_encrypt-URQgmO1brZ0/p00500/ENCRYPT_images/26040/mp2rage/mag0001 and /home/ccn30/rds/rds-p00500_encrypt-URQgmO1brZ0/p00500/ENCRYPT_images/26040/mp2rage/phas0000 and /home/ccn30/rds/rds-p00500_encrypt-URQgmO1brZ0/p00500/ENCRYPT_images/26040/mp2rage/phas0001 are the files selected
0.000000 0.000000 -1.000000 156.099991 
-1.000000 0.000000 0.000000 223.300003 
0.000000 1.000000 0.000000 0.000000 
0.000000 0.000000 0.000000 1.000000 

0.000000 0.000000 -1.000000 156.099991 
-1.000000 0.000000 0.000000 223.300003 
0.000000 1.000000 0.000000 0.000000 
0.000000 0.000000 0.000000 1.000000 

0.000000 0.000000 -1.000000 156.099991 
-1.000000 0.000000 0.000000 223.300003 
0.000000 1.000000 0.000000 0.000000 
0.000000 0.000000 0.000000 1.000000 

0.000000 0.000000 -1.000000 156.099991 
-1.000000 0.000000 0.000000 223.300003 
0.000000 1.000000 0.000000 0.000000 
0.000000 0.000000 0.000000 1.000000 


                            < M A T L A B (R) >
                  Copyright 1984-2017 The MathWorks, Inc.
                   R2017b (9.3.0.713579) 64-bit (glnxa64)
                             September 14, 2017

 
To get started, type one of these: helpwin, helpdesk, or demo.
For product information, visit www.mathworks.com.
 
You are in the PSIR function
Phase data rescaled to radians (Assuming Siemens data range [0 4095])
320  320  224    2is the image dimension
 
 
 
The PSIR reconstruction is done.
/home/ccn30/rds/rds-p00500_encrypt-URQgmO1brZ0/p00500/ENCRYPT_images/26040/mp2rage/mag0000

                            < M A T L A B (R) >
                  Copyright 1984-2017 The MathWorks, Inc.
                   R2017b (9.3.0.713579) 64-bit (glnxa64)
                             September 14, 2017

 
To get started, type one of these: helpwin, helpdesk, or demo.
For product information, visit www.mathworks.com.
 
You are in the PSIR function


------------------------------------------------------------------------
13-Sep-2021 18:18:26 - Running job #1
------------------------------------------------------------------------
13-Sep-2021 18:18:26 - Running 'Segment'

SPM12: spm_preproc_run (v7408)                     18:18:26 - 13/09/2021
========================================================================
Segment /home/ccn30/rds/rds-p00500_encrypt-URQgmO1brZ0/p00500/ENCRYPT_images/26040/mp2rage/mag0000.img,1
Segment /home/ccn30/rds/rds-p00500_encrypt-URQgmO1brZ0/p00500/ENCRYPT_images/26040/mp2rage/mag0001.img,1
Completed                               :          18:24:17 - 13/09/2021
13-Sep-2021 18:24:17 - Done    'Segment'
13-Sep-2021 18:24:17 - Done

SPM is done...
STEP 1 COMPLETE
total 1276356
-rw-rw-r--  1 ccn30 ccn30       45875200 Sep 13 18:17 phas0001.img
-rw-rw-r--  1 ccn30 ccn30            352 Sep 13 18:17 phas0001.hdr
-rw-rw-r--  1 ccn30 ccn30       45875200 Sep 13 18:17 phas0000.img
-rw-rw-r--  1 ccn30 ccn30            352 Sep 13 18:17 phas0000.hdr
-rw-rw----+ 1 ccn30 wbic-p00500 91750752 Sep  2 20:08 mp2rage_phase.nii.gz
-rw-rw----+ 1 ccn30 wbic-p00500 91750752 Sep  2 20:08 mp2rage_magnitude.nii.gz
-rw-rw----+ 1 ccn30 wbic-p00500 91750752 Sep 13 18:23 mmag0001.nii
-rw-rw----+ 1 ccn30 wbic-p00500 91750752 Sep 13 18:19 mmag0000.nii
-rw-rw----+ 1 ccn30 wbic-p00500 91750752 Sep 13 18:24 mag0001_skull.nii
-rw-rw----+ 1 ccn30 wbic-p00500 91750752 Sep 13 18:24 mag0001_skull_mask.nii
-rw-rw----+ 1 ccn30 wbic-p00500  4332120 Sep 13 18:23 mag0001_seg8.mat
-rw-rw-r--  1 ccn30 ccn30       45875200 Sep 13 18:17 mag0001.img
-rw-rw-r--  1 ccn30 ccn30            352 Sep 13 18:17 mag0001.hdr
-rw-rw----+ 1 ccn30 wbic-p00500 45875552 Sep 13 18:24 mag0001_brain_skull.nii
-rw-rw----+ 1 ccn30 wbic-p00500 91750752 Sep 13 18:24 mag0001_brain.nii
-rw-rw----+ 1 ccn30 wbic-p00500 45875552 Sep 13 18:24 mag0001_brain_mask.nii
-rw-rw----+ 1 ccn30 wbic-p00500  4332120 Sep 13 18:19 mag0000_seg8.mat
-rw-rw----+ 1 ccn30 wbic-p00500 91750752 Sep 13 18:24 mag0000_PSIR_skulled.nii
-rw-rw----+ 1 ccn30 wbic-p00500 58359348 Sep 13 18:18 mag0000_PSIR.nii.gz
-rw-rw----+ 1 ccn30 wbic-p00500 66115925 Sep 13 18:17 mag0000_PD_smooth.nii.gz
-rw-rw----+ 1 ccn30 wbic-p00500 59502841 Sep 13 18:18 mag0000_MP2RAGE.nii.gz
-rw-rw-r--  1 ccn30 ccn30       45875200 Sep 13 18:17 mag0000.img
-rw-rw-r--  1 ccn30 ccn30            352 Sep 13 18:17 mag0000.hdr
-rw-rw----+ 1 ccn30 wbic-p00500 22937952 Sep 13 18:24 c3mag0001.nii
-rw-rw----+ 1 ccn30 wbic-p00500 22937952 Sep 13 18:20 c3mag0000.nii
-rw-rw----+ 1 ccn30 wbic-p00500 22937952 Sep 13 18:24 c2mag0001.nii
-rw-rw----+ 1 ccn30 wbic-p00500 22937952 Sep 13 18:20 c2mag0000.nii
-rw-rw----+ 1 ccn30 wbic-p00500 22937952 Sep 13 18:24 c1mag0001.nii
-rw-rw----+ 1 ccn30 wbic-p00500 22937952 Sep 13 18:20 c1mag0000.nii
drwxrws---+ 5 ccn30 wbic-p00500     4096 Sep  2 20:08 ..
drwxrws---+ 2 ccn30 wbic-p00500     4096 Sep 13 18:24 .
STEP 1.1 COMPLETE
total 1305028
-rw-rw-r--  1 ccn30 ccn30       45875200 Sep 13 18:17 phas0001.img
-rw-rw-r--  1 ccn30 ccn30            352 Sep 13 18:17 phas0001.hdr
-rw-rw-r--  1 ccn30 ccn30       45875200 Sep 13 18:17 phas0000.img
-rw-rw-r--  1 ccn30 ccn30            352 Sep 13 18:17 phas0000.hdr
-rw-rw----+ 1 ccn30 wbic-p00500 91750752 Sep  2 20:08 mp2rage_phase.nii.gz
-rw-rw----+ 1 ccn30 wbic-p00500 91750752 Sep  2 20:08 mp2rage_magnitude.nii.gz
-rw-rw----+ 1 ccn30 wbic-p00500 91750752 Sep 13 18:23 mmag0001.nii
-rw-rw----+ 1 ccn30 wbic-p00500 91750752 Sep 13 18:19 mmag0000.nii
-rw-rw----+ 1 ccn30 wbic-p00500 91750752 Sep 13 18:24 mag0001_skull.nii
-rw-rw----+ 1 ccn30 wbic-p00500 91750752 Sep 13 18:24 mag0001_skull_mask.nii
-rw-rw----+ 1 ccn30 wbic-p00500  4332120 Sep 13 18:23 mag0001_seg8.mat
-rw-rw-r--  1 ccn30 ccn30       45875200 Sep 13 18:17 mag0001.img
-rw-rw-r--  1 ccn30 ccn30            352 Sep 13 18:17 mag0001.hdr
-rw-rw----+ 1 ccn30 wbic-p00500 45875552 Sep 13 18:24 mag0001_brain_skull.nii
-rw-rw----+ 1 ccn30 wbic-p00500 91750752 Sep 13 18:24 mag0001_brain.nii
-rw-rw----+ 1 ccn30 wbic-p00500 45875552 Sep 13 18:24 mag0001_brain_mask.nii
-rw-rw----+ 1 ccn30 wbic-p00500  4332120 Sep 13 18:19 mag0000_seg8.mat
-rw-rw----+ 1 ccn30 wbic-p00500 60624353 Sep 13 18:24 mag0000_PSIR_skulled_std.nii.gz
-rw-rw----+ 1 ccn30 wbic-p00500 60931930 Sep 13 18:24 mag0000_PSIR_skulled.nii.gz
-rw-rw----+ 1 ccn30 wbic-p00500 58359348 Sep 13 18:18 mag0000_PSIR.nii.gz
-rw-rw----+ 1 ccn30 wbic-p00500 66115925 Sep 13 18:17 mag0000_PD_smooth.nii.gz
-rw-rw----+ 1 ccn30 wbic-p00500 59502841 Sep 13 18:18 mag0000_MP2RAGE.nii.gz
-rw-rw-r--  1 ccn30 ccn30       45875200 Sep 13 18:17 mag0000.img
-rw-rw-r--  1 ccn30 ccn30            352 Sep 13 18:17 mag0000.hdr
-rw-rw----+ 1 ccn30 wbic-p00500 22937952 Sep 13 18:24 c3mag0001.nii
-rw-rw----+ 1 ccn30 wbic-p00500 22937952 Sep 13 18:20 c3mag0000.nii
-rw-rw----+ 1 ccn30 wbic-p00500 22937952 Sep 13 18:24 c2mag0001.nii
-rw-rw----+ 1 ccn30 wbic-p00500 22937952 Sep 13 18:20 c2mag0000.nii
-rw-rw----+ 1 ccn30 wbic-p00500 22937952 Sep 13 18:24 c1mag0001.nii
-rw-rw----+ 1 ccn30 wbic-p00500 22937952 Sep 13 18:20 c1mag0000.nii
drwxrws---+ 5 ccn30 wbic-p00500     4096 Sep  2 20:08 ..
drwxrws---+ 2 ccn30 wbic-p00500     4096 Sep 13 18:24 .

Running N4 for 3-dimensional images.

Mask not read.  Creating Otsu mask.
Current level = 1
  Iteration 1 (of 50).   Current convergence value = 0.000520818 (threshold = 1e-06)
  Iteration 2 (of 50).   Current convergence value = 0.000514978 (threshold = 1e-06)
  Iteration 3 (of 50).   Current convergence value = 0.000510375 (threshold = 1e-06)
  Iteration 4 (of 50).   Current convergence value = 0.000506077 (threshold = 1e-06)
  Iteration 5 (of 50).   Current convergence value = 0.000501882 (threshold = 1e-06)
  Iteration 6 (of 50).   Current convergence value = 0.000497471 (threshold = 1e-06)
  Iteration 7 (of 50).   Current convergence value = 0.000492882 (threshold = 1e-06)
  Iteration 8 (of 50).   Current convergence value = 0.000488262 (threshold = 1e-06)
  Iteration 9 (of 50).   Current convergence value = 0.000483661 (threshold = 1e-06)
  Iteration 10 (of 50).   Current convergence value = 0.000479422 (threshold = 1e-06)
  Iteration 11 (of 50).   Current convergence value = 0.000475759 (threshold = 1e-06)
  Iteration 12 (of 50).   Current convergence value = 0.000471876 (threshold = 1e-06)
  Iteration 13 (of 50).   Current convergence value = 0.000468036 (threshold = 1e-06)
  Iteration 14 (of 50).   Current convergence value = 0.000464282 (threshold = 1e-06)
  Iteration 15 (of 50).   Current convergence value = 0.00046004 (threshold = 1e-06)
  Iteration 16 (of 50).   Current convergence value = 0.000455088 (threshold = 1e-06)
  Iteration 17 (of 50).   Current convergence value = 0.000450803 (threshold = 1e-06)
  Iteration 18 (of 50).   Current convergence value = 0.000447513 (threshold = 1e-06)
  Iteration 19 (of 50).   Current convergence value = 0.000444044 (threshold = 1e-06)
  Iteration 20 (of 50).   Current convergence value = 0.000440544 (threshold = 1e-06)
  Iteration 21 (of 50).   Current convergence value = 0.000437364 (threshold = 1e-06)
  Iteration 22 (of 50).   Current convergence value = 0.000434325 (threshold = 1e-06)
  Iteration 23 (of 50).   Current convergence value = 0.000431128 (threshold = 1e-06)
  Iteration 24 (of 50).   Current convergence value = 0.000428089 (threshold = 1e-06)
  Iteration 25 (of 50).   Current convergence value = 0.00042471 (threshold = 1e-06)
  Iteration 26 (of 50).   Current convergence value = 0.00042137 (threshold = 1e-06)
  Iteration 27 (of 50).   Current convergence value = 0.000417743 (threshold = 1e-06)
  Iteration 28 (of 50).   Current convergence value = 0.000413994 (threshold = 1e-06)
  Iteration 29 (of 50).   Current convergence value = 0.000410225 (threshold = 1e-06)
  Iteration 30 (of 50).   Current convergence value = 0.000407393 (threshold = 1e-06)
  Iteration 31 (of 50).   Current convergence value = 0.000403966 (threshold = 1e-06)
  Iteration 32 (of 50).   Current convergence value = 0.000401265 (threshold = 1e-06)
  Iteration 33 (of 50).   Current convergence value = 0.000398105 (threshold = 1e-06)
  Iteration 34 (of 50).   Current convergence value = 0.000395127 (threshold = 1e-06)
  Iteration 35 (of 50).   Current convergence value = 0.000392457 (threshold = 1e-06)
  Iteration 36 (of 50).   Current convergence value = 0.00038981 (threshold = 1e-06)
  Iteration 37 (of 50).   Current convergence value = 0.000387332 (threshold = 1e-06)
  Iteration 38 (of 50).   Current convergence value = 0.000384734 (threshold = 1e-06)
  Iteration 39 (of 50).   Current convergence value = 0.000382076 (threshold = 1e-06)
  Iteration 40 (of 50).   Current convergence value = 0.00037976 (threshold = 1e-06)
  Iteration 41 (of 50).   Current convergence value = 0.000377485 (threshold = 1e-06)
  Iteration 42 (of 50).   Current convergence value = 0.000374432 (threshold = 1e-06)
  Iteration 43 (of 50).   Current convergence value = 0.000371899 (threshold = 1e-06)
  Iteration 44 (of 50).   Current convergence value = 0.000369095 (threshold = 1e-06)
  Iteration 45 (of 50).   Current convergence value = 0.000366611 (threshold = 1e-06)
  Iteration 46 (of 50).   Current convergence value = 0.000363925 (threshold = 1e-06)
  Iteration 47 (of 50).   Current convergence value = 0.00036144 (threshold = 1e-06)
  Iteration 48 (of 50).   Current convergence value = 0.000358936 (threshold = 1e-06)
  Iteration 49 (of 50).   Current convergence value = 0.000356593 (threshold = 1e-06)
  Iteration 50 (of 50).   Current convergence value = 0.00035394 (threshold = 1e-06)
Current level = 2
  Iteration 1 (of 50).   Current convergence value = 0.000859643 (threshold = 1e-06)
  Iteration 2 (of 50).   Current convergence value = 0.000837598 (threshold = 1e-06)
  Iteration 3 (of 50).   Current convergence value = 0.000816628 (threshold = 1e-06)
  Iteration 4 (of 50).   Current convergence value = 0.000796585 (threshold = 1e-06)
  Iteration 5 (of 50).   Current convergence value = 0.000776735 (threshold = 1e-06)
  Iteration 6 (of 50).   Current convergence value = 0.000758011 (threshold = 1e-06)
  Iteration 7 (of 50).   Current convergence value = 0.000740485 (threshold = 1e-06)
  Iteration 8 (of 50).   Current convergence value = 0.000723518 (threshold = 1e-06)
  Iteration 9 (of 50).   Current convergence value = 0.000707483 (threshold = 1e-06)
  Iteration 10 (of 50).   Current convergence value = 0.000692944 (threshold = 1e-06)
  Iteration 11 (of 50).   Current convergence value = 0.000678816 (threshold = 1e-06)
  Iteration 12 (of 50).   Current convergence value = 0.000665481 (threshold = 1e-06)
  Iteration 13 (of 50).   Current convergence value = 0.000653059 (threshold = 1e-06)
  Iteration 14 (of 50).   Current convergence value = 0.000641254 (threshold = 1e-06)
  Iteration 15 (of 50).   Current convergence value = 0.000629144 (threshold = 1e-06)
  Iteration 16 (of 50).   Current convergence value = 0.000617299 (threshold = 1e-06)
  Iteration 17 (of 50).   Current convergence value = 0.000606796 (threshold = 1e-06)
  Iteration 18 (of 50).   Current convergence value = 0.000596446 (threshold = 1e-06)
  Iteration 19 (of 50).   Current convergence value = 0.000586393 (threshold = 1e-06)
  Iteration 20 (of 50).   Current convergence value = 0.000577497 (threshold = 1e-06)
  Iteration 21 (of 50).   Current convergence value = 0.000568446 (threshold = 1e-06)
  Iteration 22 (of 50).   Current convergence value = 0.000559708 (threshold = 1e-06)
  Iteration 23 (of 50).   Current convergence value = 0.000551087 (threshold = 1e-06)
  Iteration 24 (of 50).   Current convergence value = 0.000542958 (threshold = 1e-06)
  Iteration 25 (of 50).   Current convergence value = 0.000535984 (threshold = 1e-06)
  Iteration 26 (of 50).   Current convergence value = 0.000528192 (threshold = 1e-06)
  Iteration 27 (of 50).   Current convergence value = 0.00052066 (threshold = 1e-06)
  Iteration 28 (of 50).   Current convergence value = 0.000513773 (threshold = 1e-06)
  Iteration 29 (of 50).   Current convergence value = 0.000507228 (threshold = 1e-06)
  Iteration 30 (of 50).   Current convergence value = 0.000500749 (threshold = 1e-06)
  Iteration 31 (of 50).   Current convergence value = 0.000494994 (threshold = 1e-06)
  Iteration 32 (of 50).   Current convergence value = 0.000488923 (threshold = 1e-06)
  Iteration 33 (of 50).   Current convergence value = 0.000483201 (threshold = 1e-06)
  Iteration 34 (of 50).   Current convergence value = 0.000477265 (threshold = 1e-06)
  Iteration 35 (of 50).   Current convergence value = 0.000471776 (threshold = 1e-06)
  Iteration 36 (of 50).   Current convergence value = 0.000466038 (threshold = 1e-06)
  Iteration 37 (of 50).   Current convergence value = 0.000460612 (threshold = 1e-06)
  Iteration 38 (of 50).   Current convergence value = 0.000455696 (threshold = 1e-06)
  Iteration 39 (of 50).   Current convergence value = 0.000451049 (threshold = 1e-06)
  Iteration 40 (of 50).   Current convergence value = 0.000446131 (threshold = 1e-06)
  Iteration 41 (of 50).   Current convergence value = 0.000441618 (threshold = 1e-06)
  Iteration 42 (of 50).   Current convergence value = 0.000437237 (threshold = 1e-06)
  Iteration 43 (of 50).   Current convergence value = 0.000432878 (threshold = 1e-06)
  Iteration 44 (of 50).   Current convergence value = 0.00042832 (threshold = 1e-06)
  Iteration 45 (of 50).   Current convergence value = 0.000423979 (threshold = 1e-06)
  Iteration 46 (of 50).   Current convergence value = 0.000419679 (threshold = 1e-06)
  Iteration 47 (of 50).   Current convergence value = 0.000415483 (threshold = 1e-06)
  Iteration 48 (of 50).   Current convergence value = 0.000411401 (threshold = 1e-06)
  Iteration 49 (of 50).   Current convergence value = 0.000407262 (threshold = 1e-06)
  Iteration 50 (of 50).   Current convergence value = 0.000403184 (threshold = 1e-06)
Current level = 3
  Iteration 1 (of 30).   Current convergence value = 0.00101749 (threshold = 1e-06)
  Iteration 2 (of 30).   Current convergence value = 0.000959005 (threshold = 1e-06)
  Iteration 3 (of 30).   Current convergence value = 0.000907987 (threshold = 1e-06)
  Iteration 4 (of 30).   Current convergence value = 0.000863721 (threshold = 1e-06)
  Iteration 5 (of 30).   Current convergence value = 0.000825227 (threshold = 1e-06)
  Iteration 6 (of 30).   Current convergence value = 0.000791983 (threshold = 1e-06)
  Iteration 7 (of 30).   Current convergence value = 0.000764005 (threshold = 1e-06)
  Iteration 8 (of 30).   Current convergence value = 0.000739099 (threshold = 1e-06)
  Iteration 9 (of 30).   Current convergence value = 0.000716659 (threshold = 1e-06)
  Iteration 10 (of 30).   Current convergence value = 0.000698516 (threshold = 1e-06)
  Iteration 11 (of 30).   Current convergence value = 0.000682025 (threshold = 1e-06)
  Iteration 12 (of 30).   Current convergence value = 0.000667192 (threshold = 1e-06)
  Iteration 13 (of 30).   Current convergence value = 0.000654266 (threshold = 1e-06)
  Iteration 14 (of 30).   Current convergence value = 0.000640565 (threshold = 1e-06)
  Iteration 15 (of 30).   Current convergence value = 0.000627549 (threshold = 1e-06)
  Iteration 16 (of 30).   Current convergence value = 0.000616111 (threshold = 1e-06)
  Iteration 17 (of 30).   Current convergence value = 0.000604507 (threshold = 1e-06)
  Iteration 18 (of 30).   Current convergence value = 0.000594906 (threshold = 1e-06)
  Iteration 19 (of 30).   Current convergence value = 0.000586515 (threshold = 1e-06)
  Iteration 20 (of 30).   Current convergence value = 0.000577994 (threshold = 1e-06)
  Iteration 21 (of 30).   Current convergence value = 0.000568746 (threshold = 1e-06)
  Iteration 22 (of 30).   Current convergence value = 0.000559477 (threshold = 1e-06)
  Iteration 23 (of 30).   Current convergence value = 0.00054897 (threshold = 1e-06)
  Iteration 24 (of 30).   Current convergence value = 0.000540221 (threshold = 1e-06)
  Iteration 25 (of 30).   Current convergence value = 0.000531586 (threshold = 1e-06)
  Iteration 26 (of 30).   Current convergence value = 0.000522107 (threshold = 1e-06)
  Iteration 27 (of 30).   Current convergence value = 0.000513838 (threshold = 1e-06)
  Iteration 28 (of 30).   Current convergence value = 0.000506888 (threshold = 1e-06)
  Iteration 29 (of 30).   Current convergence value = 0.00049935 (threshold = 1e-06)
  Iteration 30 (of 30).   Current convergence value = 0.000490659 (threshold = 1e-06)
Current level = 4
  Iteration 1 (of 20).   Current convergence value = 0.00179003 (threshold = 1e-06)
  Iteration 2 (of 20).   Current convergence value = 0.00169175 (threshold = 1e-06)
  Iteration 3 (of 20).   Current convergence value = 0.00160817 (threshold = 1e-06)
  Iteration 4 (of 20).   Current convergence value = 0.00153794 (threshold = 1e-06)
  Iteration 5 (of 20).   Current convergence value = 0.00147668 (threshold = 1e-06)
  Iteration 6 (of 20).   Current convergence value = 0.00142 (threshold = 1e-06)
  Iteration 7 (of 20).   Current convergence value = 0.00136854 (threshold = 1e-06)
  Iteration 8 (of 20).   Current convergence value = 0.00132236 (threshold = 1e-06)
  Iteration 9 (of 20).   Current convergence value = 0.00127805 (threshold = 1e-06)
  Iteration 10 (of 20).   Current convergence value = 0.00123462 (threshold = 1e-06)
  Iteration 11 (of 20).   Current convergence value = 0.00119274 (threshold = 1e-06)
  Iteration 12 (of 20).   Current convergence value = 0.0011541 (threshold = 1e-06)
  Iteration 13 (of 20).   Current convergence value = 0.00111794 (threshold = 1e-06)
  Iteration 14 (of 20).   Current convergence value = 0.00108074 (threshold = 1e-06)
  Iteration 15 (of 20).   Current convergence value = 0.00104491 (threshold = 1e-06)
  Iteration 16 (of 20).   Current convergence value = 0.00101125 (threshold = 1e-06)
  Iteration 17 (of 20).   Current convergence value = 0.00097931 (threshold = 1e-06)
  Iteration 18 (of 20).   Current convergence value = 0.000947017 (threshold = 1e-06)
  Iteration 19 (of 20).   Current convergence value = 0.000915044 (threshold = 1e-06)
  Iteration 20 (of 20).   Current convergence value = 0.000885914 (threshold = 1e-06)
   N4BiasFieldCorrectionImageFilter (0x1f2f090)
     RTTI typeinfo:   itk::N4BiasFieldCorrectionImageFilter<itk::Image<float, 3u>, itk::Image<float, 3u>, itk::Image<float, 3u> >
     Reference Count: 1
     Modified Time: 813
     Debug: Off
     Object Name: 
     Observers: 
       IterationEvent(Command)
     Inputs: 
       Primary: (0x1f3f1c0) *
       _1: (0x1f3f840)
     Indexed Inputs: 
       0: Primary (0x1f3f1c0)
       1: _1 (0x1f3f840)
     Required Input Names: Primary
     NumberOfRequiredInputs: 1
     Outputs: 
       Primary: (0x1f33950)
     Indexed Outputs: 
       0: Primary (0x1f33950)
     NumberOfRequiredOutputs: 1
     Number Of Threads: 56
     ReleaseDataFlag: Off
     ReleaseDataBeforeUpdateFlag: Off
     AbortGenerateData: Off
     Progress: 0
     Multithreader: 
       RTTI typeinfo:   itk::MultiThreader
       Reference Count: 1
       Modified Time: 122
       Debug: Off
       Object Name: 
       Observers: 
         none
       Thread Count: 56
       Global Maximum Number Of Threads: 128
       Global Default Number Of Threads: 56
     CoordinateTolerance: 1e-06
     DirectionTolerance: 1e-06
     Mask label: 1
     Number of histogram bins: 200
     Wiener filter noise: 0.01
     Bias field FWHM: 0.15
     Maximum number of iterations: [50, 50, 30, 20]
     Convergence threshold: 1e-06
     Spline order: 3
     Number of fitting levels: [4, 4, 4]
     Number of control points: [4, 5, 5]
     CurrentConvergenceMeasurement: 0.000885914
     CurrentLevel: 4
     ElapsedIterations: 21
     LogBiasFieldControlPointLattice: 
       Image (0x1f390a0)
         RTTI typeinfo:   itk::Image<itk::Vector<float, 1u>, 3u>
         Reference Count: 1
         Modified Time: 123412002
         Debug: Off
         Object Name: 
         Observers: 
           none
         Source: (none)
         Source output name: (none)
         Release Data: Off
         Data Released: False
         Global Release Data: Off
         PipelineMTime: 0
         UpdateMTime: 0
         RealTimeStamp: 0 seconds 
         LargestPossibleRegion: 
           Dimension: 3
           Index: [0, 0, 0]
           Size: [11, 19, 19]
         BufferedRegion: 
           Dimension: 3
           Index: [0, 0, 0]
           Size: [11, 19, 19]
         RequestedRegion: 
           Dimension: 3
           Index: [0, 0, 0]
           Size: [11, 19, 19]
         Spacing: [24.5, 24.85, 24.85]
         Origin: [-24.5, 24.85, -24.85]
         Direction: 
1 0 0
0 -1 0
0 0 1

         IndexToPointMatrix: 
24.5 0 0
0 -24.85 0
0 0 24.85

         PointToIndexMatrix: 
0.0408163 0 0
0 -0.0402414 0
0 0 0.0402414

         Inverse Direction: 
1 0 0
0 -1 0
0 0 1

         PixelContainer: 
           ImportImageContainer (0x1f39360)
             RTTI typeinfo:   itk::ImportImageContainer<unsigned long, itk::Vector<float, 1u> >
             Reference Count: 1
             Modified Time: 123412003
             Debug: Off
             Object Name: 
             Observers: 
               none
             Pointer: 0x3536e70
             Container manages memory: true
             Size: 3971
             Capacity: 3971
Elapsed time: 101.658
STEP 2 COMPLETE
total 1394712
-rw-rw-r--  1 ccn30 ccn30       45875200 Sep 13 18:17 phas0001.img
-rw-rw-r--  1 ccn30 ccn30            352 Sep 13 18:17 phas0001.hdr
-rw-rw-r--  1 ccn30 ccn30       45875200 Sep 13 18:17 phas0000.img
-rw-rw-r--  1 ccn30 ccn30            352 Sep 13 18:17 phas0000.hdr
-rw-rw----+ 1 ccn30 wbic-p00500 60658024 Sep 13 18:26 n4mag0000_PSIR_skulled_std.nii.gz
-rw-rw----+ 1 ccn30 wbic-p00500 91750752 Sep  2 20:08 mp2rage_phase.nii.gz
-rw-rw----+ 1 ccn30 wbic-p00500 91750752 Sep  2 20:08 mp2rage_magnitude.nii.gz
-rw-rw----+ 1 ccn30 wbic-p00500 91750752 Sep 13 18:23 mmag0001.nii
-rw-rw----+ 1 ccn30 wbic-p00500 91750752 Sep 13 18:19 mmag0000.nii
-rw-rw----+ 1 ccn30 wbic-p00500 91750752 Sep 13 18:24 mag0001_skull.nii
-rw-rw----+ 1 ccn30 wbic-p00500 91750752 Sep 13 18:24 mag0001_skull_mask.nii
-rw-rw----+ 1 ccn30 wbic-p00500  4332120 Sep 13 18:23 mag0001_seg8.mat
-rw-rw-r--  1 ccn30 ccn30       45875200 Sep 13 18:17 mag0001.img
-rw-rw-r--  1 ccn30 ccn30            352 Sep 13 18:17 mag0001.hdr
-rw-rw----+ 1 ccn30 wbic-p00500 45875552 Sep 13 18:24 mag0001_brain_skull.nii
-rw-rw----+ 1 ccn30 wbic-p00500 91750752 Sep 13 18:24 mag0001_brain.nii
-rw-rw----+ 1 ccn30 wbic-p00500 45875552 Sep 13 18:24 mag0001_brain_mask.nii
-rw-rw----+ 1 ccn30 wbic-p00500  4332120 Sep 13 18:19 mag0000_seg8.mat
-rw-rw----+ 1 ccn30 wbic-p00500 60624353 Sep 13 18:24 mag0000_PSIR_skulled_std.nii.gz
-rw-rw----+ 1 ccn30 wbic-p00500 60931930 Sep 13 18:24 mag0000_PSIR_skulled.nii.gz
-rw-rw----+ 1 ccn30 wbic-p00500 58359348 Sep 13 18:18 mag0000_PSIR.nii.gz
-rw-rw----+ 1 ccn30 wbic-p00500 66115925 Sep 13 18:17 mag0000_PD_smooth.nii.gz
-rw-rw----+ 1 ccn30 wbic-p00500 59502841 Sep 13 18:18 mag0000_MP2RAGE.nii.gz
-rw-rw-r--  1 ccn30 ccn30       45875200 Sep 13 18:17 mag0000.img
-rw-rw-r--  1 ccn30 ccn30            352 Sep 13 18:17 mag0000.hdr
-rw-rw----+ 1 ccn30 wbic-p00500 22937952 Sep 13 18:24 c3mag0001.nii
-rw-rw----+ 1 ccn30 wbic-p00500 22937952 Sep 13 18:20 c3mag0000.nii
-rw-rw----+ 1 ccn30 wbic-p00500 22937952 Sep 13 18:24 c2mag0001.nii
-rw-rw----+ 1 ccn30 wbic-p00500 22937952 Sep 13 18:20 c2mag0000.nii
-rw-rw----+ 1 ccn30 wbic-p00500 22937952 Sep 13 18:24 c1mag0001.nii
-rw-rw----+ 1 ccn30 wbic-p00500 22937952 Sep 13 18:20 c1mag0000.nii
drwxrws---+ 5 ccn30 wbic-p00500     4096 Sep  2 20:08 ..
drwxrws---+ 2 ccn30 wbic-p00500     4096 Sep 13 18:26 .
STEP 3 COMPLETE
total 1423388
-rw-rw-r--  1 ccn30 ccn30       45875200 Sep 13 18:17 phas0001.img
-rw-rw-r--  1 ccn30 ccn30            352 Sep 13 18:17 phas0001.hdr
-rw-rw-r--  1 ccn30 ccn30       45875200 Sep 13 18:17 phas0000.img
-rw-rw-r--  1 ccn30 ccn30            352 Sep 13 18:17 phas0000.hdr
-rw-rw----+ 1 ccn30 wbic-p00500 91750752 Sep 13 18:26 n4mag0000_PSIR_skulled_std.nii
-rw-rw----+ 1 ccn30 wbic-p00500 91750752 Sep  2 20:08 mp2rage_phase.nii.gz
-rw-rw----+ 1 ccn30 wbic-p00500 91750752 Sep  2 20:08 mp2rage_magnitude.nii.gz
-rw-rw----+ 1 ccn30 wbic-p00500 91750752 Sep 13 18:23 mmag0001.nii
-rw-rw----+ 1 ccn30 wbic-p00500 91750752 Sep 13 18:19 mmag0000.nii
-rw-rw----+ 1 ccn30 wbic-p00500 91750752 Sep 13 18:24 mag0001_skull.nii
-rw-rw----+ 1 ccn30 wbic-p00500 91750752 Sep 13 18:24 mag0001_skull_mask.nii
-rw-rw----+ 1 ccn30 wbic-p00500  4332120 Sep 13 18:23 mag0001_seg8.mat
-rw-rw-r--  1 ccn30 ccn30       45875200 Sep 13 18:17 mag0001.img
-rw-rw-r--  1 ccn30 ccn30            352 Sep 13 18:17 mag0001.hdr
-rw-rw----+ 1 ccn30 wbic-p00500 45875552 Sep 13 18:24 mag0001_brain_skull.nii
-rw-rw----+ 1 ccn30 wbic-p00500 91750752 Sep 13 18:24 mag0001_brain.nii
-rw-rw----+ 1 ccn30 wbic-p00500 45875552 Sep 13 18:24 mag0001_brain_mask.nii
-rw-rw----+ 1 ccn30 wbic-p00500  4332120 Sep 13 18:19 mag0000_seg8.mat
-rw-rw----+ 1 ccn30 wbic-p00500 60624353 Sep 13 18:24 mag0000_PSIR_skulled_std.nii.gz
-rw-rw----+ 1 ccn30 wbic-p00500 60931930 Sep 13 18:24 mag0000_PSIR_skulled.nii.gz
-rw-rw----+ 1 ccn30 wbic-p00500 58359348 Sep 13 18:18 mag0000_PSIR.nii.gz
-rw-rw----+ 1 ccn30 wbic-p00500 66115925 Sep 13 18:17 mag0000_PD_smooth.nii.gz
-rw-rw----+ 1 ccn30 wbic-p00500 59502841 Sep 13 18:18 mag0000_MP2RAGE.nii.gz
-rw-rw-r--  1 ccn30 ccn30       45875200 Sep 13 18:17 mag0000.img
-rw-rw-r--  1 ccn30 ccn30            352 Sep 13 18:17 mag0000.hdr
-rw-rw----+ 1 ccn30 wbic-p00500 22937952 Sep 13 18:24 c3mag0001.nii
-rw-rw----+ 1 ccn30 wbic-p00500 22937952 Sep 13 18:20 c3mag0000.nii
-rw-rw----+ 1 ccn30 wbic-p00500 22937952 Sep 13 18:24 c2mag0001.nii
-rw-rw----+ 1 ccn30 wbic-p00500 22937952 Sep 13 18:20 c2mag0000.nii
-rw-rw----+ 1 ccn30 wbic-p00500 22937952 Sep 13 18:24 c1mag0001.nii
-rw-rw----+ 1 ccn30 wbic-p00500 22937952 Sep 13 18:20 c1mag0000.nii
drwxrws---+ 5 ccn30 wbic-p00500     4096 Sep  2 20:08 ..
drwxrws---+ 2 ccn30 wbic-p00500     4096 Sep 13 18:26 .

                            < M A T L A B (R) >
                  Copyright 1984-2017 The MathWorks, Inc.
                   R2017b (9.3.0.713579) 64-bit (glnxa64)
                             September 14, 2017

 
To get started, type one of these: helpwin, helpdesk, or demo.
For product information, visit www.mathworks.com.
 


------------------------------------------------------------------------
13-Sep-2021 18:27:03 - Running job #1
------------------------------------------------------------------------
13-Sep-2021 18:27:03 - Running 'Segment'

SPM12: spm_preproc_run (v7408)                     18:27:03 - 13/09/2021
========================================================================
Segment /home/ccn30/rds/rds-p00500_encrypt-URQgmO1brZ0/p00500/ENCRYPT_images/26040/mp2rage/n4mag0000_PSIR_skulled_std.nii,1
Completed                               :          18:30:44 - 13/09/2021
13-Sep-2021 18:30:44 - Done    'Segment'
13-Sep-2021 18:30:44 - Done

SPM segmentation is done...
STEP 4 COMPLETE
total 1533616
-rw-rw-r--  1 ccn30 ccn30       45875200 Sep 13 18:17 phas0001.img
-rw-rw-r--  1 ccn30 ccn30            352 Sep 13 18:17 phas0001.hdr
-rw-rw-r--  1 ccn30 ccn30       45875200 Sep 13 18:17 phas0000.img
-rw-rw-r--  1 ccn30 ccn30            352 Sep 13 18:17 phas0000.hdr
-rw-rw----+ 1 ccn30 wbic-p00500  4341760 Sep 13 18:28 n4mag0000_PSIR_skulled_std_seg8.mat
-rw-rw----+ 1 ccn30 wbic-p00500 91750752 Sep 13 18:26 n4mag0000_PSIR_skulled_std.nii
-rw-rw----+ 1 ccn30 wbic-p00500 91750752 Sep  2 20:08 mp2rage_phase.nii.gz
-rw-rw----+ 1 ccn30 wbic-p00500 91750752 Sep  2 20:08 mp2rage_magnitude.nii.gz
-rw-rw----+ 1 ccn30 wbic-p00500 91750752 Sep 13 18:23 mmag0001.nii
-rw-rw----+ 1 ccn30 wbic-p00500 91750752 Sep 13 18:19 mmag0000.nii
-rw-rw----+ 1 ccn30 wbic-p00500 91750752 Sep 13 18:24 mag0001_skull.nii
-rw-rw----+ 1 ccn30 wbic-p00500 91750752 Sep 13 18:24 mag0001_skull_mask.nii
-rw-rw----+ 1 ccn30 wbic-p00500  4332120 Sep 13 18:23 mag0001_seg8.mat
-rw-rw-r--  1 ccn30 ccn30       45875200 Sep 13 18:17 mag0001.img
-rw-rw-r--  1 ccn30 ccn30            352 Sep 13 18:17 mag0001.hdr
-rw-rw----+ 1 ccn30 wbic-p00500 45875552 Sep 13 18:24 mag0001_brain_skull.nii
-rw-rw----+ 1 ccn30 wbic-p00500 91750752 Sep 13 18:24 mag0001_brain.nii
-rw-rw----+ 1 ccn30 wbic-p00500 45875552 Sep 13 18:24 mag0001_brain_mask.nii
-rw-rw----+ 1 ccn30 wbic-p00500  4332120 Sep 13 18:19 mag0000_seg8.mat
-rw-rw----+ 1 ccn30 wbic-p00500 60624353 Sep 13 18:24 mag0000_PSIR_skulled_std.nii.gz
-rw-rw----+ 1 ccn30 wbic-p00500 60931930 Sep 13 18:24 mag0000_PSIR_skulled.nii.gz
-rw-rw----+ 1 ccn30 wbic-p00500 58359348 Sep 13 18:18 mag0000_PSIR.nii.gz
-rw-rw----+ 1 ccn30 wbic-p00500 66115925 Sep 13 18:17 mag0000_PD_smooth.nii.gz
-rw-rw----+ 1 ccn30 wbic-p00500 59502841 Sep 13 18:18 mag0000_MP2RAGE.nii.gz
-rw-rw-r--  1 ccn30 ccn30       45875200 Sep 13 18:17 mag0000.img
-rw-rw-r--  1 ccn30 ccn30            352 Sep 13 18:17 mag0000.hdr
-rw-rw----+ 1 ccn30 wbic-p00500 22937952 Sep 13 18:30 c5n4mag0000_PSIR_skulled_std.nii
-rw-rw----+ 1 ccn30 wbic-p00500 22937952 Sep 13 18:30 c4n4mag0000_PSIR_skulled_std.nii
-rw-rw----+ 1 ccn30 wbic-p00500 22937952 Sep 13 18:30 c3n4mag0000_PSIR_skulled_std.nii
-rw-rw----+ 1 ccn30 wbic-p00500 22937952 Sep 13 18:24 c3mag0001.nii
-rw-rw----+ 1 ccn30 wbic-p00500 22937952 Sep 13 18:20 c3mag0000.nii
-rw-rw----+ 1 ccn30 wbic-p00500 22937952 Sep 13 18:30 c2n4mag0000_PSIR_skulled_std.nii
-rw-rw----+ 1 ccn30 wbic-p00500 22937952 Sep 13 18:24 c2mag0001.nii
-rw-rw----+ 1 ccn30 wbic-p00500 22937952 Sep 13 18:20 c2mag0000.nii
-rw-rw----+ 1 ccn30 wbic-p00500 22937952 Sep 13 18:30 c1n4mag0000_PSIR_skulled_std.nii
-rw-rw----+ 1 ccn30 wbic-p00500 22937952 Sep 13 18:24 c1mag0001.nii
-rw-rw----+ 1 ccn30 wbic-p00500 22937952 Sep 13 18:20 c1mag0000.nii
drwxrws---+ 5 ccn30 wbic-p00500     4096 Sep  2 20:08 ..
drwxrws---+ 2 ccn30 wbic-p00500     4096 Sep 13 18:28 .

                            < M A T L A B (R) >
                  Copyright 1984-2017 The MathWorks, Inc.
                   R2017b (9.3.0.713579) 64-bit (glnxa64)
                             September 14, 2017

 
To get started, type one of these: helpwin, helpdesk, or demo.
For product information, visit www.mathworks.com.
 
Preparing data ...
Masking image 1 of 1 subjects ...
Finished skull stripping data.
STEP 5 COMPLETE
total 1629252
-rw-rw-r--  1 ccn30 ccn30       45875200 Sep 13 18:17 phas0001.img
-rw-rw-r--  1 ccn30 ccn30            352 Sep 13 18:17 phas0001.hdr
-rw-rw-r--  1 ccn30 ccn30       45875200 Sep 13 18:17 phas0000.img
-rw-rw-r--  1 ccn30 ccn30            352 Sep 13 18:17 phas0000.hdr
-rw-rw----+ 1 ccn30 wbic-p00500 91750752 Sep 13 18:31 n4mag0000_PSIR_skulled_std_struc_brain.nii
-rw-rw----+ 1 ccn30 wbic-p00500  4341760 Sep 13 18:28 n4mag0000_PSIR_skulled_std_seg8.mat
-rw-rw----+ 1 ccn30 wbic-p00500 91750752 Sep 13 18:26 n4mag0000_PSIR_skulled_std.nii
-rw-rw----+ 1 ccn30 wbic-p00500 91750752 Sep  2 20:08 mp2rage_phase.nii.gz
-rw-rw----+ 1 ccn30 wbic-p00500 91750752 Sep  2 20:08 mp2rage_magnitude.nii.gz
-rw-rw----+ 1 ccn30 wbic-p00500 91750752 Sep 13 18:23 mmag0001.nii
-rw-rw----+ 1 ccn30 wbic-p00500 91750752 Sep 13 18:19 mmag0000.nii
-rw-rw----+ 1 ccn30 wbic-p00500 91750752 Sep 13 18:24 mag0001_skull.nii
-rw-rw----+ 1 ccn30 wbic-p00500 91750752 Sep 13 18:24 mag0001_skull_mask.nii
-rw-rw----+ 1 ccn30 wbic-p00500  4332120 Sep 13 18:23 mag0001_seg8.mat
-rw-rw-r--  1 ccn30 ccn30       45875200 Sep 13 18:17 mag0001.img
-rw-rw-r--  1 ccn30 ccn30            352 Sep 13 18:17 mag0001.hdr
-rw-rw----+ 1 ccn30 wbic-p00500 45875552 Sep 13 18:24 mag0001_brain_skull.nii
-rw-rw----+ 1 ccn30 wbic-p00500 91750752 Sep 13 18:24 mag0001_brain.nii
-rw-rw----+ 1 ccn30 wbic-p00500 45875552 Sep 13 18:24 mag0001_brain_mask.nii
-rw-rw----+ 1 ccn30 wbic-p00500  4332120 Sep 13 18:19 mag0000_seg8.mat
-rw-rw----+ 1 ccn30 wbic-p00500 60624353 Sep 13 18:24 mag0000_PSIR_skulled_std.nii.gz
-rw-rw----+ 1 ccn30 wbic-p00500 60931930 Sep 13 18:24 mag0000_PSIR_skulled.nii.gz
-rw-rw----+ 1 ccn30 wbic-p00500 58359348 Sep 13 18:18 mag0000_PSIR.nii.gz
-rw-rw----+ 1 ccn30 wbic-p00500 66115925 Sep 13 18:17 mag0000_PD_smooth.nii.gz
-rw-rw----+ 1 ccn30 wbic-p00500 59502841 Sep 13 18:18 mag0000_MP2RAGE.nii.gz
-rw-rw-r--  1 ccn30 ccn30       45875200 Sep 13 18:17 mag0000.img
-rw-rw-r--  1 ccn30 ccn30            352 Sep 13 18:17 mag0000.hdr
-rw-rw----+ 1 ccn30 wbic-p00500 22937952 Sep 13 18:30 c5n4mag0000_PSIR_skulled_std.nii
-rw-rw----+ 1 ccn30 wbic-p00500 22937952 Sep 13 18:30 c4n4mag0000_PSIR_skulled_std.nii
-rw-rw----+ 1 ccn30 wbic-p00500 22937952 Sep 13 18:30 c3n4mag0000_PSIR_skulled_std.nii
-rw-rw----+ 1 ccn30 wbic-p00500 22937952 Sep 13 18:24 c3mag0001.nii
-rw-rw----+ 1 ccn30 wbic-p00500 22937952 Sep 13 18:20 c3mag0000.nii
-rw-rw----+ 1 ccn30 wbic-p00500 22937952 Sep 13 18:30 c2n4mag0000_PSIR_skulled_std.nii
-rw-rw----+ 1 ccn30 wbic-p00500 22937952 Sep 13 18:24 c2mag0001.nii
-rw-rw----+ 1 ccn30 wbic-p00500 22937952 Sep 13 18:20 c2mag0000.nii
-rw-rw----+ 1 ccn30 wbic-p00500 22937952 Sep 13 18:30 c1n4mag0000_PSIR_skulled_std.nii
-rw-rw----+ 1 ccn30 wbic-p00500 22937952 Sep 13 18:24 c1mag0001.nii
-rw-rw----+ 1 ccn30 wbic-p00500 22937952 Sep 13 18:20 c1mag0000.nii
drwxrws---+ 5 ccn30 wbic-p00500     4096 Sep  2 20:08 ..
drwxrws---+ 2 ccn30 wbic-p00500     4096 Sep 13 18:31 .
STEP 6 COMPLETE
total 1711172
-rw-rw-r--  1 ccn30 ccn30       45875200 Sep 13 18:17 phas0001.img
-rw-rw-r--  1 ccn30 ccn30            352 Sep 13 18:17 phas0001.hdr
-rw-rw-r--  1 ccn30 ccn30       45875200 Sep 13 18:17 phas0000.img
-rw-rw-r--  1 ccn30 ccn30            352 Sep 13 18:17 phas0000.hdr
-rw-rw----+ 1 ccn30 wbic-p00500 91750752 Sep 13 18:31 n4mag0000_PSIR_skulled_std_struc_brain.nii
-rw-rw----+ 1 ccn30 wbic-p00500 91750752 Sep 13 18:31 n4mag0000_PSIR_skulled_std_struc_brain_mask.nii
-rw-rw----+ 1 ccn30 wbic-p00500  4341760 Sep 13 18:28 n4mag0000_PSIR_skulled_std_seg8.mat
-rw-rw----+ 1 ccn30 wbic-p00500 91750752 Sep 13 18:26 n4mag0000_PSIR_skulled_std.nii
-rw-rw----+ 1 ccn30 wbic-p00500 91750752 Sep  2 20:08 mp2rage_phase.nii.gz
-rw-rw----+ 1 ccn30 wbic-p00500 91750752 Sep  2 20:08 mp2rage_magnitude.nii.gz
-rw-rw----+ 1 ccn30 wbic-p00500 91750752 Sep 13 18:23 mmag0001.nii
-rw-rw----+ 1 ccn30 wbic-p00500 91750752 Sep 13 18:19 mmag0000.nii
-rw-rw----+ 1 ccn30 wbic-p00500 91750752 Sep 13 18:24 mag0001_skull.nii
-rw-rw----+ 1 ccn30 wbic-p00500 91750752 Sep 13 18:24 mag0001_skull_mask.nii
-rw-rw----+ 1 ccn30 wbic-p00500  4332120 Sep 13 18:23 mag0001_seg8.mat
-rw-rw-r--  1 ccn30 ccn30       45875200 Sep 13 18:17 mag0001.img
-rw-rw-r--  1 ccn30 ccn30            352 Sep 13 18:17 mag0001.hdr
-rw-rw----+ 1 ccn30 wbic-p00500 45875552 Sep 13 18:24 mag0001_brain_skull.nii
-rw-rw----+ 1 ccn30 wbic-p00500 91750752 Sep 13 18:24 mag0001_brain.nii
-rw-rw----+ 1 ccn30 wbic-p00500 45875552 Sep 13 18:24 mag0001_brain_mask.nii
-rw-rw----+ 1 ccn30 wbic-p00500  4332120 Sep 13 18:19 mag0000_seg8.mat
-rw-rw----+ 1 ccn30 wbic-p00500 60624353 Sep 13 18:24 mag0000_PSIR_skulled_std.nii.gz
-rw-rw----+ 1 ccn30 wbic-p00500 60931930 Sep 13 18:24 mag0000_PSIR_skulled.nii.gz
-rw-rw----+ 1 ccn30 wbic-p00500 58359348 Sep 13 18:18 mag0000_PSIR.nii.gz
-rw-rw----+ 1 ccn30 wbic-p00500 66115925 Sep 13 18:17 mag0000_PD_smooth.nii.gz
-rw-rw----+ 1 ccn30 wbic-p00500 59502841 Sep 13 18:18 mag0000_MP2RAGE.nii.gz
-rw-rw-r--  1 ccn30 ccn30       45875200 Sep 13 18:17 mag0000.img
-rw-rw-r--  1 ccn30 ccn30            352 Sep 13 18:17 mag0000.hdr
-rw-rw----+ 1 ccn30 wbic-p00500 22937952 Sep 13 18:30 c5n4mag0000_PSIR_skulled_std.nii
-rw-rw----+ 1 ccn30 wbic-p00500 22937952 Sep 13 18:30 c4n4mag0000_PSIR_skulled_std.nii
-rw-rw----+ 1 ccn30 wbic-p00500 22937952 Sep 13 18:30 c3n4mag0000_PSIR_skulled_std.nii
-rw-rw----+ 1 ccn30 wbic-p00500 22937952 Sep 13 18:24 c3mag0001.nii
-rw-rw----+ 1 ccn30 wbic-p00500 22937952 Sep 13 18:20 c3mag0000.nii
-rw-rw----+ 1 ccn30 wbic-p00500 22937952 Sep 13 18:30 c2n4mag0000_PSIR_skulled_std.nii
-rw-rw----+ 1 ccn30 wbic-p00500 22937952 Sep 13 18:24 c2mag0001.nii
-rw-rw----+ 1 ccn30 wbic-p00500 22937952 Sep 13 18:20 c2mag0000.nii
-rw-rw----+ 1 ccn30 wbic-p00500 22937952 Sep 13 18:30 c1n4mag0000_PSIR_skulled_std.nii
-rw-rw----+ 1 ccn30 wbic-p00500 22937952 Sep 13 18:24 c1mag0001.nii
-rw-rw----+ 1 ccn30 wbic-p00500 22937952 Sep 13 18:20 c1mag0000.nii
drwxrws---+ 5 ccn30 wbic-p00500     4096 Sep  2 20:08 ..
drwxrws---+ 2 ccn30 wbic-p00500     4096 Sep 13 18:31 .
