This is job 42
Time: Mon 13 Sep 18:17:20 BST 2021
Running on master node: cpu-p-193
Current directory: /rds/user/ccn30/hpc-work/WBIC_lustre/ENCRYPT/scripts/ImagePrep/mp2rage/slurmoutputs
Changed directory to /home/ccn30/rds/hpc-work/WBIC_lustre/ENCRYPT/scripts/ImagePrep/mp2rage/slurmoutputs.

JobID: 46418952
======
Time: Mon 13 Sep 18:17:20 BST 2021
Running on master node: cpu-p-193
Current directory: /home/ccn30/rds/hpc-work/WBIC_lustre/ENCRYPT/scripts/ImagePrep/mp2rage/slurmoutputs

Nodes allocated:
================
cpu-p-193

numtasks=, numnodes=, mpi_tasks_per_node= (OMP_NUM_THREADS=1)

Executing command:
==================
/home/ccn30/rds/hpc-work/WBIC_lustre/ENCRYPT/scripts/ImagePrep/mp2rage/mp2rage_processing.sh /home/ccn30/rds/hpc-work/WBIC_lustre/ENCRYPT/ENCRYPT_MasterRIScodes.txt 42 /home/ccn30/rds/hpc-work/WBIC_lustre/ENCRYPT/scripts/ImagePrep/mp2rage /usr/local/Cluster-Apps/matlab/R2017b /usr/local/software/spm/spm12 /home/ccn30/rds/rds-p00500_encrypt-URQgmO1brZ0/p00500/ENCRYPT_images /usr/local/Cluster-Apps/fsl/5.0.8/fsl

Starting 32530
/home/ccn30/rds/rds-p00500_encrypt-URQgmO1brZ0/p00500/ENCRYPT_images/32530/mp2rage
STARTING mp2rage PREPROCESSING
total 326628
-rw-rw----+ 1 ccn30 wbic-p00500 45875552 Sep 13 18:17 phas0001.nii
-rw-rw----+ 1 ccn30 wbic-p00500 45875552 Sep 13 18:17 phas0000.nii
-rw-rw----+ 1 ccn30 wbic-p00500 91750752 Sep  2 13:53 mp2rage_phase.nii.gz
-rw-rw----+ 1 ccn30 wbic-p00500 91750752 Sep  2 13:53 mp2rage_magnitude.nii.gz
-rw-rw----+ 1 ccn30 wbic-p00500 45875552 Sep 13 18:17 mag0001.nii
-rw-rw----+ 1 ccn30 wbic-p00500 45875552 Sep 13 18:17 mag0000.nii
drwxrws---+ 5 ccn30 wbic-p00500     4096 Sep  2 13:53 ..
drwxrws---+ 2 ccn30 wbic-p00500     4096 Sep 13 18:17 .
The folder where the PSIR is is /home/ccn30/rds/rds-p00500_encrypt-URQgmO1brZ0/p00500/ENCRYPT_images/32530/mp2rage
The script directory is /home/ccn30/rds/hpc-work/WBIC_lustre/ENCRYPT/scripts/ImagePrep/mp2rage
The SPM directory is /usr/local/software/spm/spm12
/home/ccn30/rds/rds-p00500_encrypt-URQgmO1brZ0/p00500/ENCRYPT_images/32530/mp2rage/mag0000 and /home/ccn30/rds/rds-p00500_encrypt-URQgmO1brZ0/p00500/ENCRYPT_images/32530/mp2rage/mag0001 and /home/ccn30/rds/rds-p00500_encrypt-URQgmO1brZ0/p00500/ENCRYPT_images/32530/mp2rage/phas0000 and /home/ccn30/rds/rds-p00500_encrypt-URQgmO1brZ0/p00500/ENCRYPT_images/32530/mp2rage/phas0001 are the files selected
0.000000 0.000000 -1.000000 156.099991 
-1.000000 0.000000 0.000000 223.300003 
0.000000 1.000000 0.000000 0.000000 
0.000000 0.000000 0.000000 1.000000 

0.000000 0.000000 -1.000000 156.099991 
-1.000000 0.000000 0.000000 223.300003 
0.000000 1.000000 0.000000 0.000000 
0.000000 0.000000 0.000000 1.000000 

0.000000 0.000000 -1.000000 156.099991 
-1.000000 0.000000 0.000000 223.300003 
0.000000 1.000000 0.000000 0.000000 
0.000000 0.000000 0.000000 1.000000 

0.000000 0.000000 -1.000000 156.099991 
-1.000000 0.000000 0.000000 223.300003 
0.000000 1.000000 0.000000 0.000000 
0.000000 0.000000 0.000000 1.000000 


                            < M A T L A B (R) >
                  Copyright 1984-2017 The MathWorks, Inc.
                   R2017b (9.3.0.713579) 64-bit (glnxa64)
                             September 14, 2017

 
To get started, type one of these: helpwin, helpdesk, or demo.
For product information, visit www.mathworks.com.
 
You are in the PSIR function
Phase data rescaled to radians (Assuming Siemens data range [0 4095])
320  320  224    2is the image dimension
 
 
 
The PSIR reconstruction is done.
/home/ccn30/rds/rds-p00500_encrypt-URQgmO1brZ0/p00500/ENCRYPT_images/32530/mp2rage/mag0000

                            < M A T L A B (R) >
                  Copyright 1984-2017 The MathWorks, Inc.
                   R2017b (9.3.0.713579) 64-bit (glnxa64)
                             September 14, 2017

 
To get started, type one of these: helpwin, helpdesk, or demo.
For product information, visit www.mathworks.com.
 
You are in the PSIR function


------------------------------------------------------------------------
13-Sep-2021 18:19:33 - Running job #1
------------------------------------------------------------------------
13-Sep-2021 18:19:33 - Running 'Segment'

SPM12: spm_preproc_run (v7408)                     18:19:33 - 13/09/2021
========================================================================
Segment /home/ccn30/rds/rds-p00500_encrypt-URQgmO1brZ0/p00500/ENCRYPT_images/32530/mp2rage/mag0000.img,1
Segment /home/ccn30/rds/rds-p00500_encrypt-URQgmO1brZ0/p00500/ENCRYPT_images/32530/mp2rage/mag0001.img,1
Completed                               :          18:23:27 - 13/09/2021
13-Sep-2021 18:23:27 - Done    'Segment'
13-Sep-2021 18:23:27 - Done

SPM is done...
STEP 1 COMPLETE
total 1212504
-rw-rw-r--  1 ccn30 ccn30       45875200 Sep 13 18:17 phas0001.img
-rw-rw-r--  1 ccn30 ccn30            352 Sep 13 18:17 phas0001.hdr
-rw-rw-r--  1 ccn30 ccn30       45875200 Sep 13 18:17 phas0000.img
-rw-rw-r--  1 ccn30 ccn30            352 Sep 13 18:17 phas0000.hdr
-rw-rw----+ 1 ccn30 wbic-p00500 91750752 Sep  2 13:53 mp2rage_phase.nii.gz
-rw-rw----+ 1 ccn30 wbic-p00500 91750752 Sep  2 13:53 mp2rage_magnitude.nii.gz
-rw-rw----+ 1 ccn30 wbic-p00500 91750752 Sep 13 18:23 mmag0001.nii
-rw-rw----+ 1 ccn30 wbic-p00500 91750752 Sep 13 18:20 mmag0000.nii
-rw-rw----+ 1 ccn30 wbic-p00500 91750752 Sep 13 18:23 mag0001_skull.nii
-rw-rw----+ 1 ccn30 wbic-p00500 91750752 Sep 13 18:23 mag0001_skull_mask.nii
-rw-rw----+ 1 ccn30 wbic-p00500  4332120 Sep 13 18:22 mag0001_seg8.mat
-rw-rw-r--  1 ccn30 ccn30       45875200 Sep 13 18:17 mag0001.img
-rw-rw-r--  1 ccn30 ccn30            352 Sep 13 18:17 mag0001.hdr
-rw-rw----+ 1 ccn30 wbic-p00500 45875552 Sep 13 18:23 mag0001_brain_skull.nii
-rw-rw----+ 1 ccn30 wbic-p00500 91750752 Sep 13 18:23 mag0001_brain.nii
-rw-rw----+ 1 ccn30 wbic-p00500 45875552 Sep 13 18:23 mag0001_brain_mask.nii
-rw-rw----+ 1 ccn30 wbic-p00500  4332120 Sep 13 18:20 mag0000_seg8.mat
-rw-rw----+ 1 ccn30 wbic-p00500 91750752 Sep 13 18:23 mag0000_PSIR_skulled.nii
-rw-rw----+ 1 ccn30 wbic-p00500 46254796 Sep 13 18:18 mag0000_PSIR.nii.gz
-rw-rw----+ 1 ccn30 wbic-p00500 54497426 Sep 13 18:17 mag0000_PD_smooth.nii.gz
-rw-rw----+ 1 ccn30 wbic-p00500 47272618 Sep 13 18:17 mag0000_MP2RAGE.nii.gz
-rw-rw-r--  1 ccn30 ccn30       45875200 Sep 13 18:17 mag0000.img
-rw-rw-r--  1 ccn30 ccn30            352 Sep 13 18:17 mag0000.hdr
-rw-rw----+ 1 ccn30 wbic-p00500 22937952 Sep 13 18:23 c3mag0001.nii
-rw-rw----+ 1 ccn30 wbic-p00500 22937952 Sep 13 18:21 c3mag0000.nii
-rw-rw----+ 1 ccn30 wbic-p00500 22937952 Sep 13 18:23 c2mag0001.nii
-rw-rw----+ 1 ccn30 wbic-p00500 22937952 Sep 13 18:21 c2mag0000.nii
-rw-rw----+ 1 ccn30 wbic-p00500 22937952 Sep 13 18:23 c1mag0001.nii
-rw-rw----+ 1 ccn30 wbic-p00500 22937952 Sep 13 18:21 c1mag0000.nii
drwxrws---+ 5 ccn30 wbic-p00500     4096 Sep  2 13:53 ..
drwxrws---+ 2 ccn30 wbic-p00500     4096 Sep 13 18:23 .
STEP 1.1 COMPLETE
total 1249440
-rw-rw-r--  1 ccn30 ccn30       45875200 Sep 13 18:17 phas0001.img
-rw-rw-r--  1 ccn30 ccn30            352 Sep 13 18:17 phas0001.hdr
-rw-rw-r--  1 ccn30 ccn30       45875200 Sep 13 18:17 phas0000.img
-rw-rw-r--  1 ccn30 ccn30            352 Sep 13 18:17 phas0000.hdr
-rw-rw----+ 1 ccn30 wbic-p00500 91750752 Sep  2 13:53 mp2rage_phase.nii.gz
-rw-rw----+ 1 ccn30 wbic-p00500 91750752 Sep  2 13:53 mp2rage_magnitude.nii.gz
-rw-rw----+ 1 ccn30 wbic-p00500 91750752 Sep 13 18:23 mmag0001.nii
-rw-rw----+ 1 ccn30 wbic-p00500 91750752 Sep 13 18:20 mmag0000.nii
-rw-rw----+ 1 ccn30 wbic-p00500 91750752 Sep 13 18:23 mag0001_skull.nii
-rw-rw----+ 1 ccn30 wbic-p00500 91750752 Sep 13 18:23 mag0001_skull_mask.nii
-rw-rw----+ 1 ccn30 wbic-p00500  4332120 Sep 13 18:22 mag0001_seg8.mat
-rw-rw-r--  1 ccn30 ccn30       45875200 Sep 13 18:17 mag0001.img
-rw-rw-r--  1 ccn30 ccn30            352 Sep 13 18:17 mag0001.hdr
-rw-rw----+ 1 ccn30 wbic-p00500 45875552 Sep 13 18:23 mag0001_brain_skull.nii
-rw-rw----+ 1 ccn30 wbic-p00500 91750752 Sep 13 18:23 mag0001_brain.nii
-rw-rw----+ 1 ccn30 wbic-p00500 45875552 Sep 13 18:23 mag0001_brain_mask.nii
-rw-rw----+ 1 ccn30 wbic-p00500  4332120 Sep 13 18:20 mag0000_seg8.mat
-rw-rw----+ 1 ccn30 wbic-p00500 47869212 Sep 13 18:23 mag0000_PSIR_skulled_std.nii.gz
-rw-rw----+ 1 ccn30 wbic-p00500 48006395 Sep 13 18:23 mag0000_PSIR_skulled.nii.gz
-rw-rw----+ 1 ccn30 wbic-p00500 46254796 Sep 13 18:18 mag0000_PSIR.nii.gz
-rw-rw----+ 1 ccn30 wbic-p00500 54497426 Sep 13 18:17 mag0000_PD_smooth.nii.gz
-rw-rw----+ 1 ccn30 wbic-p00500 47272618 Sep 13 18:17 mag0000_MP2RAGE.nii.gz
-rw-rw-r--  1 ccn30 ccn30       45875200 Sep 13 18:17 mag0000.img
-rw-rw-r--  1 ccn30 ccn30            352 Sep 13 18:17 mag0000.hdr
-rw-rw----+ 1 ccn30 wbic-p00500 22937952 Sep 13 18:23 c3mag0001.nii
-rw-rw----+ 1 ccn30 wbic-p00500 22937952 Sep 13 18:21 c3mag0000.nii
-rw-rw----+ 1 ccn30 wbic-p00500 22937952 Sep 13 18:23 c2mag0001.nii
-rw-rw----+ 1 ccn30 wbic-p00500 22937952 Sep 13 18:21 c2mag0000.nii
-rw-rw----+ 1 ccn30 wbic-p00500 22937952 Sep 13 18:23 c1mag0001.nii
-rw-rw----+ 1 ccn30 wbic-p00500 22937952 Sep 13 18:21 c1mag0000.nii
drwxrws---+ 5 ccn30 wbic-p00500     4096 Sep  2 13:53 ..
drwxrws---+ 2 ccn30 wbic-p00500     4096 Sep 13 18:23 .

Running N4 for 3-dimensional images.

Mask not read.  Creating Otsu mask.
Current level = 1
  Iteration 1 (of 50).   Current convergence value = 0.000486388 (threshold = 1e-06)
  Iteration 2 (of 50).   Current convergence value = 0.00048314 (threshold = 1e-06)
  Iteration 3 (of 50).   Current convergence value = 0.000481247 (threshold = 1e-06)
  Iteration 4 (of 50).   Current convergence value = 0.00047881 (threshold = 1e-06)
  Iteration 5 (of 50).   Current convergence value = 0.000476481 (threshold = 1e-06)
  Iteration 6 (of 50).   Current convergence value = 0.000474293 (threshold = 1e-06)
  Iteration 7 (of 50).   Current convergence value = 0.000472272 (threshold = 1e-06)
  Iteration 8 (of 50).   Current convergence value = 0.000470472 (threshold = 1e-06)
  Iteration 9 (of 50).   Current convergence value = 0.000468183 (threshold = 1e-06)
  Iteration 10 (of 50).   Current convergence value = 0.000465281 (threshold = 1e-06)
  Iteration 11 (of 50).   Current convergence value = 0.000462932 (threshold = 1e-06)
  Iteration 12 (of 50).   Current convergence value = 0.000460589 (threshold = 1e-06)
  Iteration 13 (of 50).   Current convergence value = 0.000458464 (threshold = 1e-06)
  Iteration 14 (of 50).   Current convergence value = 0.000456578 (threshold = 1e-06)
  Iteration 15 (of 50).   Current convergence value = 0.000453993 (threshold = 1e-06)
  Iteration 16 (of 50).   Current convergence value = 0.000453027 (threshold = 1e-06)
  Iteration 17 (of 50).   Current convergence value = 0.000450855 (threshold = 1e-06)
  Iteration 18 (of 50).   Current convergence value = 0.000448646 (threshold = 1e-06)
  Iteration 19 (of 50).   Current convergence value = 0.000446405 (threshold = 1e-06)
  Iteration 20 (of 50).   Current convergence value = 0.000444058 (threshold = 1e-06)
  Iteration 21 (of 50).   Current convergence value = 0.000442446 (threshold = 1e-06)
  Iteration 22 (of 50).   Current convergence value = 0.000440565 (threshold = 1e-06)
  Iteration 23 (of 50).   Current convergence value = 0.000438626 (threshold = 1e-06)
  Iteration 24 (of 50).   Current convergence value = 0.000436769 (threshold = 1e-06)
  Iteration 25 (of 50).   Current convergence value = 0.000435041 (threshold = 1e-06)
  Iteration 26 (of 50).   Current convergence value = 0.000433378 (threshold = 1e-06)
  Iteration 27 (of 50).   Current convergence value = 0.000430252 (threshold = 1e-06)
  Iteration 28 (of 50).   Current convergence value = 0.000428802 (threshold = 1e-06)
  Iteration 29 (of 50).   Current convergence value = 0.000427024 (threshold = 1e-06)
  Iteration 30 (of 50).   Current convergence value = 0.000425246 (threshold = 1e-06)
  Iteration 31 (of 50).   Current convergence value = 0.000423065 (threshold = 1e-06)
  Iteration 32 (of 50).   Current convergence value = 0.000421039 (threshold = 1e-06)
  Iteration 33 (of 50).   Current convergence value = 0.000419031 (threshold = 1e-06)
  Iteration 34 (of 50).   Current convergence value = 0.000417246 (threshold = 1e-06)
  Iteration 35 (of 50).   Current convergence value = 0.000415517 (threshold = 1e-06)
  Iteration 36 (of 50).   Current convergence value = 0.000413472 (threshold = 1e-06)
  Iteration 37 (of 50).   Current convergence value = 0.000411336 (threshold = 1e-06)
  Iteration 38 (of 50).   Current convergence value = 0.000409564 (threshold = 1e-06)
  Iteration 39 (of 50).   Current convergence value = 0.000407886 (threshold = 1e-06)
  Iteration 40 (of 50).   Current convergence value = 0.000406173 (threshold = 1e-06)
  Iteration 41 (of 50).   Current convergence value = 0.000404312 (threshold = 1e-06)
  Iteration 42 (of 50).   Current convergence value = 0.000402868 (threshold = 1e-06)
  Iteration 43 (of 50).   Current convergence value = 0.000400817 (threshold = 1e-06)
  Iteration 44 (of 50).   Current convergence value = 0.000399405 (threshold = 1e-06)
  Iteration 45 (of 50).   Current convergence value = 0.000397694 (threshold = 1e-06)
  Iteration 46 (of 50).   Current convergence value = 0.000395967 (threshold = 1e-06)
  Iteration 47 (of 50).   Current convergence value = 0.000394173 (threshold = 1e-06)
  Iteration 48 (of 50).   Current convergence value = 0.000392127 (threshold = 1e-06)
  Iteration 49 (of 50).   Current convergence value = 0.000390077 (threshold = 1e-06)
  Iteration 50 (of 50).   Current convergence value = 0.000388365 (threshold = 1e-06)
Current level = 2
  Iteration 1 (of 50).   Current convergence value = 0.000824114 (threshold = 1e-06)
  Iteration 2 (of 50).   Current convergence value = 0.000809256 (threshold = 1e-06)
  Iteration 3 (of 50).   Current convergence value = 0.000794882 (threshold = 1e-06)
  Iteration 4 (of 50).   Current convergence value = 0.000781263 (threshold = 1e-06)
  Iteration 5 (of 50).   Current convergence value = 0.000768911 (threshold = 1e-06)
  Iteration 6 (of 50).   Current convergence value = 0.000755596 (threshold = 1e-06)
  Iteration 7 (of 50).   Current convergence value = 0.000744348 (threshold = 1e-06)
  Iteration 8 (of 50).   Current convergence value = 0.000732544 (threshold = 1e-06)
  Iteration 9 (of 50).   Current convergence value = 0.00072139 (threshold = 1e-06)
  Iteration 10 (of 50).   Current convergence value = 0.000710326 (threshold = 1e-06)
  Iteration 11 (of 50).   Current convergence value = 0.00069937 (threshold = 1e-06)
  Iteration 12 (of 50).   Current convergence value = 0.000688959 (threshold = 1e-06)
  Iteration 13 (of 50).   Current convergence value = 0.000678983 (threshold = 1e-06)
  Iteration 14 (of 50).   Current convergence value = 0.000668616 (threshold = 1e-06)
  Iteration 15 (of 50).   Current convergence value = 0.000659 (threshold = 1e-06)
  Iteration 16 (of 50).   Current convergence value = 0.000649106 (threshold = 1e-06)
  Iteration 17 (of 50).   Current convergence value = 0.000639619 (threshold = 1e-06)
  Iteration 18 (of 50).   Current convergence value = 0.000630976 (threshold = 1e-06)
  Iteration 19 (of 50).   Current convergence value = 0.000622039 (threshold = 1e-06)
  Iteration 20 (of 50).   Current convergence value = 0.000613909 (threshold = 1e-06)
  Iteration 21 (of 50).   Current convergence value = 0.00060573 (threshold = 1e-06)
  Iteration 22 (of 50).   Current convergence value = 0.000598096 (threshold = 1e-06)
  Iteration 23 (of 50).   Current convergence value = 0.000588826 (threshold = 1e-06)
  Iteration 24 (of 50).   Current convergence value = 0.000582417 (threshold = 1e-06)
  Iteration 25 (of 50).   Current convergence value = 0.000575332 (threshold = 1e-06)
  Iteration 26 (of 50).   Current convergence value = 0.000568541 (threshold = 1e-06)
  Iteration 27 (of 50).   Current convergence value = 0.000560122 (threshold = 1e-06)
  Iteration 28 (of 50).   Current convergence value = 0.000555119 (threshold = 1e-06)
  Iteration 29 (of 50).   Current convergence value = 0.000547685 (threshold = 1e-06)
  Iteration 30 (of 50).   Current convergence value = 0.000541598 (threshold = 1e-06)
  Iteration 31 (of 50).   Current convergence value = 0.000535627 (threshold = 1e-06)
  Iteration 32 (of 50).   Current convergence value = 0.000529681 (threshold = 1e-06)
  Iteration 33 (of 50).   Current convergence value = 0.000523529 (threshold = 1e-06)
  Iteration 34 (of 50).   Current convergence value = 0.000517771 (threshold = 1e-06)
  Iteration 35 (of 50).   Current convergence value = 0.000512451 (threshold = 1e-06)
  Iteration 36 (of 50).   Current convergence value = 0.000507065 (threshold = 1e-06)
  Iteration 37 (of 50).   Current convergence value = 0.000501897 (threshold = 1e-06)
  Iteration 38 (of 50).   Current convergence value = 0.000496778 (threshold = 1e-06)
  Iteration 39 (of 50).   Current convergence value = 0.000491867 (threshold = 1e-06)
  Iteration 40 (of 50).   Current convergence value = 0.000486739 (threshold = 1e-06)
  Iteration 41 (of 50).   Current convergence value = 0.00048251 (threshold = 1e-06)
  Iteration 42 (of 50).   Current convergence value = 0.000478218 (threshold = 1e-06)
  Iteration 43 (of 50).   Current convergence value = 0.000474351 (threshold = 1e-06)
  Iteration 44 (of 50).   Current convergence value = 0.000469935 (threshold = 1e-06)
  Iteration 45 (of 50).   Current convergence value = 0.000465686 (threshold = 1e-06)
  Iteration 46 (of 50).   Current convergence value = 0.000462114 (threshold = 1e-06)
  Iteration 47 (of 50).   Current convergence value = 0.000458285 (threshold = 1e-06)
  Iteration 48 (of 50).   Current convergence value = 0.000454613 (threshold = 1e-06)
  Iteration 49 (of 50).   Current convergence value = 0.000451291 (threshold = 1e-06)
  Iteration 50 (of 50).   Current convergence value = 0.000446161 (threshold = 1e-06)
Current level = 3
  Iteration 1 (of 30).   Current convergence value = 0.000784276 (threshold = 1e-06)
  Iteration 2 (of 30).   Current convergence value = 0.000761868 (threshold = 1e-06)
  Iteration 3 (of 30).   Current convergence value = 0.000740543 (threshold = 1e-06)
  Iteration 4 (of 30).   Current convergence value = 0.000721967 (threshold = 1e-06)
  Iteration 5 (of 30).   Current convergence value = 0.000705149 (threshold = 1e-06)
  Iteration 6 (of 30).   Current convergence value = 0.000690603 (threshold = 1e-06)
  Iteration 7 (of 30).   Current convergence value = 0.00067733 (threshold = 1e-06)
  Iteration 8 (of 30).   Current convergence value = 0.000664829 (threshold = 1e-06)
  Iteration 9 (of 30).   Current convergence value = 0.000653846 (threshold = 1e-06)
  Iteration 10 (of 30).   Current convergence value = 0.000644018 (threshold = 1e-06)
  Iteration 11 (of 30).   Current convergence value = 0.00063527 (threshold = 1e-06)
  Iteration 12 (of 30).   Current convergence value = 0.000626133 (threshold = 1e-06)
  Iteration 13 (of 30).   Current convergence value = 0.000619051 (threshold = 1e-06)
  Iteration 14 (of 30).   Current convergence value = 0.000611627 (threshold = 1e-06)
  Iteration 15 (of 30).   Current convergence value = 0.00060465 (threshold = 1e-06)
  Iteration 16 (of 30).   Current convergence value = 0.000599376 (threshold = 1e-06)
  Iteration 17 (of 30).   Current convergence value = 0.000593588 (threshold = 1e-06)
  Iteration 18 (of 30).   Current convergence value = 0.000588092 (threshold = 1e-06)
  Iteration 19 (of 30).   Current convergence value = 0.000582515 (threshold = 1e-06)
  Iteration 20 (of 30).   Current convergence value = 0.000576638 (threshold = 1e-06)
  Iteration 21 (of 30).   Current convergence value = 0.000571328 (threshold = 1e-06)
  Iteration 22 (of 30).   Current convergence value = 0.000565163 (threshold = 1e-06)
  Iteration 23 (of 30).   Current convergence value = 0.000561198 (threshold = 1e-06)
  Iteration 24 (of 30).   Current convergence value = 0.000556127 (threshold = 1e-06)
  Iteration 25 (of 30).   Current convergence value = 0.000550466 (threshold = 1e-06)
  Iteration 26 (of 30).   Current convergence value = 0.000543659 (threshold = 1e-06)
  Iteration 27 (of 30).   Current convergence value = 0.000539327 (threshold = 1e-06)
  Iteration 28 (of 30).   Current convergence value = 0.000534843 (threshold = 1e-06)
  Iteration 29 (of 30).   Current convergence value = 0.000528971 (threshold = 1e-06)
  Iteration 30 (of 30).   Current convergence value = 0.000521693 (threshold = 1e-06)
Current level = 4
  Iteration 1 (of 20).   Current convergence value = 0.00151172 (threshold = 1e-06)
  Iteration 2 (of 20).   Current convergence value = 0.00142592 (threshold = 1e-06)
  Iteration 3 (of 20).   Current convergence value = 0.00135793 (threshold = 1e-06)
  Iteration 4 (of 20).   Current convergence value = 0.00130231 (threshold = 1e-06)
  Iteration 5 (of 20).   Current convergence value = 0.00125779 (threshold = 1e-06)
  Iteration 6 (of 20).   Current convergence value = 0.00121374 (threshold = 1e-06)
  Iteration 7 (of 20).   Current convergence value = 0.00117919 (threshold = 1e-06)
  Iteration 8 (of 20).   Current convergence value = 0.00114622 (threshold = 1e-06)
  Iteration 9 (of 20).   Current convergence value = 0.00111421 (threshold = 1e-06)
  Iteration 10 (of 20).   Current convergence value = 0.0010827 (threshold = 1e-06)
  Iteration 11 (of 20).   Current convergence value = 0.00105658 (threshold = 1e-06)
  Iteration 12 (of 20).   Current convergence value = 0.00102814 (threshold = 1e-06)
  Iteration 13 (of 20).   Current convergence value = 0.00100245 (threshold = 1e-06)
  Iteration 14 (of 20).   Current convergence value = 0.000974464 (threshold = 1e-06)
  Iteration 15 (of 20).   Current convergence value = 0.000948553 (threshold = 1e-06)
  Iteration 16 (of 20).   Current convergence value = 0.000926125 (threshold = 1e-06)
  Iteration 17 (of 20).   Current convergence value = 0.000904204 (threshold = 1e-06)
  Iteration 18 (of 20).   Current convergence value = 0.000880278 (threshold = 1e-06)
  Iteration 19 (of 20).   Current convergence value = 0.000857538 (threshold = 1e-06)
  Iteration 20 (of 20).   Current convergence value = 0.00083524 (threshold = 1e-06)
   N4BiasFieldCorrectionImageFilter (0x274e090)
     RTTI typeinfo:   itk::N4BiasFieldCorrectionImageFilter<itk::Image<float, 3u>, itk::Image<float, 3u>, itk::Image<float, 3u> >
     Reference Count: 1
     Modified Time: 813
     Debug: Off
     Object Name: 
     Observers: 
       IterationEvent(Command)
     Inputs: 
       Primary: (0x275e1c0) *
       _1: (0x275e840)
     Indexed Inputs: 
       0: Primary (0x275e1c0)
       1: _1 (0x275e840)
     Required Input Names: Primary
     NumberOfRequiredInputs: 1
     Outputs: 
       Primary: (0x2752950)
     Indexed Outputs: 
       0: Primary (0x2752950)
     NumberOfRequiredOutputs: 1
     Number Of Threads: 56
     ReleaseDataFlag: Off
     ReleaseDataBeforeUpdateFlag: Off
     AbortGenerateData: Off
     Progress: 0
     Multithreader: 
       RTTI typeinfo:   itk::MultiThreader
       Reference Count: 1
       Modified Time: 122
       Debug: Off
       Object Name: 
       Observers: 
         none
       Thread Count: 56
       Global Maximum Number Of Threads: 128
       Global Default Number Of Threads: 56
     CoordinateTolerance: 1e-06
     DirectionTolerance: 1e-06
     Mask label: 1
     Number of histogram bins: 200
     Wiener filter noise: 0.01
     Bias field FWHM: 0.15
     Maximum number of iterations: [50, 50, 30, 20]
     Convergence threshold: 1e-06
     Spline order: 3
     Number of fitting levels: [4, 4, 4]
     Number of control points: [4, 5, 5]
     CurrentConvergenceMeasurement: 0.00083524
     CurrentLevel: 4
     ElapsedIterations: 21
     LogBiasFieldControlPointLattice: 
       Image (0x27580a0)
         RTTI typeinfo:   itk::Image<itk::Vector<float, 1u>, 3u>
         Reference Count: 1
         Modified Time: 116708052
         Debug: Off
         Object Name: 
         Observers: 
           none
         Source: (none)
         Source output name: (none)
         Release Data: Off
         Data Released: False
         Global Release Data: Off
         PipelineMTime: 0
         UpdateMTime: 0
         RealTimeStamp: 0 seconds 
         LargestPossibleRegion: 
           Dimension: 3
           Index: [0, 0, 0]
           Size: [11, 19, 19]
         BufferedRegion: 
           Dimension: 3
           Index: [0, 0, 0]
           Size: [11, 19, 19]
         RequestedRegion: 
           Dimension: 3
           Index: [0, 0, 0]
           Size: [11, 19, 19]
         Spacing: [24.5, 24.85, 24.85]
         Origin: [-24.5, 24.85, -24.85]
         Direction: 
1 0 0
0 -1 0
0 0 1

         IndexToPointMatrix: 
24.5 0 0
0 -24.85 0
0 0 24.85

         PointToIndexMatrix: 
0.0408163 0 0
0 -0.0402414 0
0 0 0.0402414

         Inverse Direction: 
1 0 0
0 -1 0
0 0 1

         PixelContainer: 
           ImportImageContainer (0x2758360)
             RTTI typeinfo:   itk::ImportImageContainer<unsigned long, itk::Vector<float, 1u> >
             Reference Count: 1
             Modified Time: 116708053
             Debug: Off
             Object Name: 
             Observers: 
               none
             Pointer: 0x3d55e70
             Container manages memory: true
             Size: 3971
             Capacity: 3971
Elapsed time: 94.2849
STEP 2 COMPLETE
total 1322244
-rw-rw-r--  1 ccn30 ccn30       45875200 Sep 13 18:17 phas0001.img
-rw-rw-r--  1 ccn30 ccn30            352 Sep 13 18:17 phas0001.hdr
-rw-rw-r--  1 ccn30 ccn30       45875200 Sep 13 18:17 phas0000.img
-rw-rw-r--  1 ccn30 ccn30            352 Sep 13 18:17 phas0000.hdr
-rw-rw----+ 1 ccn30 wbic-p00500 47881665 Sep 13 18:25 n4mag0000_PSIR_skulled_std.nii.gz
-rw-rw----+ 1 ccn30 wbic-p00500 91750752 Sep  2 13:53 mp2rage_phase.nii.gz
-rw-rw----+ 1 ccn30 wbic-p00500 91750752 Sep  2 13:53 mp2rage_magnitude.nii.gz
-rw-rw----+ 1 ccn30 wbic-p00500 91750752 Sep 13 18:23 mmag0001.nii
-rw-rw----+ 1 ccn30 wbic-p00500 91750752 Sep 13 18:20 mmag0000.nii
-rw-rw----+ 1 ccn30 wbic-p00500 91750752 Sep 13 18:23 mag0001_skull.nii
-rw-rw----+ 1 ccn30 wbic-p00500 91750752 Sep 13 18:23 mag0001_skull_mask.nii
-rw-rw----+ 1 ccn30 wbic-p00500  4332120 Sep 13 18:22 mag0001_seg8.mat
-rw-rw-r--  1 ccn30 ccn30       45875200 Sep 13 18:17 mag0001.img
-rw-rw-r--  1 ccn30 ccn30            352 Sep 13 18:17 mag0001.hdr
-rw-rw----+ 1 ccn30 wbic-p00500 45875552 Sep 13 18:23 mag0001_brain_skull.nii
-rw-rw----+ 1 ccn30 wbic-p00500 91750752 Sep 13 18:23 mag0001_brain.nii
-rw-rw----+ 1 ccn30 wbic-p00500 45875552 Sep 13 18:23 mag0001_brain_mask.nii
-rw-rw----+ 1 ccn30 wbic-p00500  4332120 Sep 13 18:20 mag0000_seg8.mat
-rw-rw----+ 1 ccn30 wbic-p00500 47869212 Sep 13 18:23 mag0000_PSIR_skulled_std.nii.gz
-rw-rw----+ 1 ccn30 wbic-p00500 48006395 Sep 13 18:23 mag0000_PSIR_skulled.nii.gz
-rw-rw----+ 1 ccn30 wbic-p00500 46254796 Sep 13 18:18 mag0000_PSIR.nii.gz
-rw-rw----+ 1 ccn30 wbic-p00500 54497426 Sep 13 18:17 mag0000_PD_smooth.nii.gz
-rw-rw----+ 1 ccn30 wbic-p00500 47272618 Sep 13 18:17 mag0000_MP2RAGE.nii.gz
-rw-rw-r--  1 ccn30 ccn30       45875200 Sep 13 18:17 mag0000.img
-rw-rw-r--  1 ccn30 ccn30            352 Sep 13 18:17 mag0000.hdr
-rw-rw----+ 1 ccn30 wbic-p00500 22937952 Sep 13 18:23 c3mag0001.nii
-rw-rw----+ 1 ccn30 wbic-p00500 22937952 Sep 13 18:21 c3mag0000.nii
-rw-rw----+ 1 ccn30 wbic-p00500 22937952 Sep 13 18:23 c2mag0001.nii
-rw-rw----+ 1 ccn30 wbic-p00500 22937952 Sep 13 18:21 c2mag0000.nii
-rw-rw----+ 1 ccn30 wbic-p00500 22937952 Sep 13 18:23 c1mag0001.nii
-rw-rw----+ 1 ccn30 wbic-p00500 22937952 Sep 13 18:21 c1mag0000.nii
drwxrws---+ 5 ccn30 wbic-p00500     4096 Sep  2 13:53 ..
drwxrws---+ 2 ccn30 wbic-p00500     4096 Sep 13 18:25 .
STEP 3 COMPLETE
total 1363204
-rw-rw-r--  1 ccn30 ccn30       45875200 Sep 13 18:17 phas0001.img
-rw-rw-r--  1 ccn30 ccn30            352 Sep 13 18:17 phas0001.hdr
-rw-rw-r--  1 ccn30 ccn30       45875200 Sep 13 18:17 phas0000.img
-rw-rw-r--  1 ccn30 ccn30            352 Sep 13 18:17 phas0000.hdr
-rw-rw----+ 1 ccn30 wbic-p00500 91750752 Sep 13 18:25 n4mag0000_PSIR_skulled_std.nii
-rw-rw----+ 1 ccn30 wbic-p00500 91750752 Sep  2 13:53 mp2rage_phase.nii.gz
-rw-rw----+ 1 ccn30 wbic-p00500 91750752 Sep  2 13:53 mp2rage_magnitude.nii.gz
-rw-rw----+ 1 ccn30 wbic-p00500 91750752 Sep 13 18:23 mmag0001.nii
-rw-rw----+ 1 ccn30 wbic-p00500 91750752 Sep 13 18:20 mmag0000.nii
-rw-rw----+ 1 ccn30 wbic-p00500 91750752 Sep 13 18:23 mag0001_skull.nii
-rw-rw----+ 1 ccn30 wbic-p00500 91750752 Sep 13 18:23 mag0001_skull_mask.nii
-rw-rw----+ 1 ccn30 wbic-p00500  4332120 Sep 13 18:22 mag0001_seg8.mat
-rw-rw-r--  1 ccn30 ccn30       45875200 Sep 13 18:17 mag0001.img
-rw-rw-r--  1 ccn30 ccn30            352 Sep 13 18:17 mag0001.hdr
-rw-rw----+ 1 ccn30 wbic-p00500 45875552 Sep 13 18:23 mag0001_brain_skull.nii
-rw-rw----+ 1 ccn30 wbic-p00500 91750752 Sep 13 18:23 mag0001_brain.nii
-rw-rw----+ 1 ccn30 wbic-p00500 45875552 Sep 13 18:23 mag0001_brain_mask.nii
-rw-rw----+ 1 ccn30 wbic-p00500  4332120 Sep 13 18:20 mag0000_seg8.mat
-rw-rw----+ 1 ccn30 wbic-p00500 47869212 Sep 13 18:23 mag0000_PSIR_skulled_std.nii.gz
-rw-rw----+ 1 ccn30 wbic-p00500 48006395 Sep 13 18:23 mag0000_PSIR_skulled.nii.gz
-rw-rw----+ 1 ccn30 wbic-p00500 46254796 Sep 13 18:18 mag0000_PSIR.nii.gz
-rw-rw----+ 1 ccn30 wbic-p00500 54497426 Sep 13 18:17 mag0000_PD_smooth.nii.gz
-rw-rw----+ 1 ccn30 wbic-p00500 47272618 Sep 13 18:17 mag0000_MP2RAGE.nii.gz
-rw-rw-r--  1 ccn30 ccn30       45875200 Sep 13 18:17 mag0000.img
-rw-rw-r--  1 ccn30 ccn30            352 Sep 13 18:17 mag0000.hdr
-rw-rw----+ 1 ccn30 wbic-p00500 22937952 Sep 13 18:23 c3mag0001.nii
-rw-rw----+ 1 ccn30 wbic-p00500 22937952 Sep 13 18:21 c3mag0000.nii
-rw-rw----+ 1 ccn30 wbic-p00500 22937952 Sep 13 18:23 c2mag0001.nii
-rw-rw----+ 1 ccn30 wbic-p00500 22937952 Sep 13 18:21 c2mag0000.nii
-rw-rw----+ 1 ccn30 wbic-p00500 22937952 Sep 13 18:23 c1mag0001.nii
-rw-rw----+ 1 ccn30 wbic-p00500 22937952 Sep 13 18:21 c1mag0000.nii
drwxrws---+ 5 ccn30 wbic-p00500     4096 Sep  2 13:53 ..
drwxrws---+ 2 ccn30 wbic-p00500     4096 Sep 13 18:25 .

                            < M A T L A B (R) >
                  Copyright 1984-2017 The MathWorks, Inc.
                   R2017b (9.3.0.713579) 64-bit (glnxa64)
                             September 14, 2017

 
To get started, type one of these: helpwin, helpdesk, or demo.
For product information, visit www.mathworks.com.
 


------------------------------------------------------------------------
13-Sep-2021 18:25:58 - Running job #1
------------------------------------------------------------------------
13-Sep-2021 18:25:58 - Running 'Segment'

SPM12: spm_preproc_run (v7408)                     18:25:58 - 13/09/2021
========================================================================
Segment /home/ccn30/rds/rds-p00500_encrypt-URQgmO1brZ0/p00500/ENCRYPT_images/32530/mp2rage/n4mag0000_PSIR_skulled_std.nii,1
Completed                               :          18:29:10 - 13/09/2021
13-Sep-2021 18:29:10 - Done    'Segment'
13-Sep-2021 18:29:10 - Done

SPM segmentation is done...
STEP 4 COMPLETE
total 1473436
-rw-rw-r--  1 ccn30 ccn30       45875200 Sep 13 18:17 phas0001.img
-rw-rw-r--  1 ccn30 ccn30            352 Sep 13 18:17 phas0001.hdr
-rw-rw-r--  1 ccn30 ccn30       45875200 Sep 13 18:17 phas0000.img
-rw-rw-r--  1 ccn30 ccn30            352 Sep 13 18:17 phas0000.hdr
-rw-rw----+ 1 ccn30 wbic-p00500  4341760 Sep 13 18:27 n4mag0000_PSIR_skulled_std_seg8.mat
-rw-rw----+ 1 ccn30 wbic-p00500 91750752 Sep 13 18:25 n4mag0000_PSIR_skulled_std.nii
-rw-rw----+ 1 ccn30 wbic-p00500 91750752 Sep  2 13:53 mp2rage_phase.nii.gz
-rw-rw----+ 1 ccn30 wbic-p00500 91750752 Sep  2 13:53 mp2rage_magnitude.nii.gz
-rw-rw----+ 1 ccn30 wbic-p00500 91750752 Sep 13 18:23 mmag0001.nii
-rw-rw----+ 1 ccn30 wbic-p00500 91750752 Sep 13 18:20 mmag0000.nii
-rw-rw----+ 1 ccn30 wbic-p00500 91750752 Sep 13 18:23 mag0001_skull.nii
-rw-rw----+ 1 ccn30 wbic-p00500 91750752 Sep 13 18:23 mag0001_skull_mask.nii
-rw-rw----+ 1 ccn30 wbic-p00500  4332120 Sep 13 18:22 mag0001_seg8.mat
-rw-rw-r--  1 ccn30 ccn30       45875200 Sep 13 18:17 mag0001.img
-rw-rw-r--  1 ccn30 ccn30            352 Sep 13 18:17 mag0001.hdr
-rw-rw----+ 1 ccn30 wbic-p00500 45875552 Sep 13 18:23 mag0001_brain_skull.nii
-rw-rw----+ 1 ccn30 wbic-p00500 91750752 Sep 13 18:23 mag0001_brain.nii
-rw-rw----+ 1 ccn30 wbic-p00500 45875552 Sep 13 18:23 mag0001_brain_mask.nii
-rw-rw----+ 1 ccn30 wbic-p00500  4332120 Sep 13 18:20 mag0000_seg8.mat
-rw-rw----+ 1 ccn30 wbic-p00500 47869212 Sep 13 18:23 mag0000_PSIR_skulled_std.nii.gz
-rw-rw----+ 1 ccn30 wbic-p00500 48006395 Sep 13 18:23 mag0000_PSIR_skulled.nii.gz
-rw-rw----+ 1 ccn30 wbic-p00500 46254796 Sep 13 18:18 mag0000_PSIR.nii.gz
-rw-rw----+ 1 ccn30 wbic-p00500 54497426 Sep 13 18:17 mag0000_PD_smooth.nii.gz
-rw-rw----+ 1 ccn30 wbic-p00500 47272618 Sep 13 18:17 mag0000_MP2RAGE.nii.gz
-rw-rw-r--  1 ccn30 ccn30       45875200 Sep 13 18:17 mag0000.img
-rw-rw-r--  1 ccn30 ccn30            352 Sep 13 18:17 mag0000.hdr
-rw-rw----+ 1 ccn30 wbic-p00500 22937952 Sep 13 18:29 c5n4mag0000_PSIR_skulled_std.nii
-rw-rw----+ 1 ccn30 wbic-p00500 22937952 Sep 13 18:29 c4n4mag0000_PSIR_skulled_std.nii
-rw-rw----+ 1 ccn30 wbic-p00500 22937952 Sep 13 18:29 c3n4mag0000_PSIR_skulled_std.nii
-rw-rw----+ 1 ccn30 wbic-p00500 22937952 Sep 13 18:23 c3mag0001.nii
-rw-rw----+ 1 ccn30 wbic-p00500 22937952 Sep 13 18:21 c3mag0000.nii
-rw-rw----+ 1 ccn30 wbic-p00500 22937952 Sep 13 18:29 c2n4mag0000_PSIR_skulled_std.nii
-rw-rw----+ 1 ccn30 wbic-p00500 22937952 Sep 13 18:23 c2mag0001.nii
-rw-rw----+ 1 ccn30 wbic-p00500 22937952 Sep 13 18:21 c2mag0000.nii
-rw-rw----+ 1 ccn30 wbic-p00500 22937952 Sep 13 18:29 c1n4mag0000_PSIR_skulled_std.nii
-rw-rw----+ 1 ccn30 wbic-p00500 22937952 Sep 13 18:23 c1mag0001.nii
-rw-rw----+ 1 ccn30 wbic-p00500 22937952 Sep 13 18:21 c1mag0000.nii
drwxrws---+ 5 ccn30 wbic-p00500     4096 Sep  2 13:53 ..
drwxrws---+ 2 ccn30 wbic-p00500     4096 Sep 13 18:27 .

                            < M A T L A B (R) >
                  Copyright 1984-2017 The MathWorks, Inc.
                   R2017b (9.3.0.713579) 64-bit (glnxa64)
                             September 14, 2017

 
To get started, type one of these: helpwin, helpdesk, or demo.
For product information, visit www.mathworks.com.
 
Preparing data ...
Masking image 1 of 1 subjects ...
Finished skull stripping data.
STEP 5 COMPLETE
total 1569072
-rw-rw-r--  1 ccn30 ccn30       45875200 Sep 13 18:17 phas0001.img
-rw-rw-r--  1 ccn30 ccn30            352 Sep 13 18:17 phas0001.hdr
-rw-rw-r--  1 ccn30 ccn30       45875200 Sep 13 18:17 phas0000.img
-rw-rw-r--  1 ccn30 ccn30            352 Sep 13 18:17 phas0000.hdr
-rw-rw----+ 1 ccn30 wbic-p00500 91750752 Sep 13 18:30 n4mag0000_PSIR_skulled_std_struc_brain.nii
-rw-rw----+ 1 ccn30 wbic-p00500  4341760 Sep 13 18:27 n4mag0000_PSIR_skulled_std_seg8.mat
-rw-rw----+ 1 ccn30 wbic-p00500 91750752 Sep 13 18:25 n4mag0000_PSIR_skulled_std.nii
-rw-rw----+ 1 ccn30 wbic-p00500 91750752 Sep  2 13:53 mp2rage_phase.nii.gz
-rw-rw----+ 1 ccn30 wbic-p00500 91750752 Sep  2 13:53 mp2rage_magnitude.nii.gz
-rw-rw----+ 1 ccn30 wbic-p00500 91750752 Sep 13 18:23 mmag0001.nii
-rw-rw----+ 1 ccn30 wbic-p00500 91750752 Sep 13 18:20 mmag0000.nii
-rw-rw----+ 1 ccn30 wbic-p00500 91750752 Sep 13 18:23 mag0001_skull.nii
-rw-rw----+ 1 ccn30 wbic-p00500 91750752 Sep 13 18:23 mag0001_skull_mask.nii
-rw-rw----+ 1 ccn30 wbic-p00500  4332120 Sep 13 18:22 mag0001_seg8.mat
-rw-rw-r--  1 ccn30 ccn30       45875200 Sep 13 18:17 mag0001.img
-rw-rw-r--  1 ccn30 ccn30            352 Sep 13 18:17 mag0001.hdr
-rw-rw----+ 1 ccn30 wbic-p00500 45875552 Sep 13 18:23 mag0001_brain_skull.nii
-rw-rw----+ 1 ccn30 wbic-p00500 91750752 Sep 13 18:23 mag0001_brain.nii
-rw-rw----+ 1 ccn30 wbic-p00500 45875552 Sep 13 18:23 mag0001_brain_mask.nii
-rw-rw----+ 1 ccn30 wbic-p00500  4332120 Sep 13 18:20 mag0000_seg8.mat
-rw-rw----+ 1 ccn30 wbic-p00500 47869212 Sep 13 18:23 mag0000_PSIR_skulled_std.nii.gz
-rw-rw----+ 1 ccn30 wbic-p00500 48006395 Sep 13 18:23 mag0000_PSIR_skulled.nii.gz
-rw-rw----+ 1 ccn30 wbic-p00500 46254796 Sep 13 18:18 mag0000_PSIR.nii.gz
-rw-rw----+ 1 ccn30 wbic-p00500 54497426 Sep 13 18:17 mag0000_PD_smooth.nii.gz
-rw-rw----+ 1 ccn30 wbic-p00500 47272618 Sep 13 18:17 mag0000_MP2RAGE.nii.gz
-rw-rw-r--  1 ccn30 ccn30       45875200 Sep 13 18:17 mag0000.img
-rw-rw-r--  1 ccn30 ccn30            352 Sep 13 18:17 mag0000.hdr
-rw-rw----+ 1 ccn30 wbic-p00500 22937952 Sep 13 18:29 c5n4mag0000_PSIR_skulled_std.nii
-rw-rw----+ 1 ccn30 wbic-p00500 22937952 Sep 13 18:29 c4n4mag0000_PSIR_skulled_std.nii
-rw-rw----+ 1 ccn30 wbic-p00500 22937952 Sep 13 18:29 c3n4mag0000_PSIR_skulled_std.nii
-rw-rw----+ 1 ccn30 wbic-p00500 22937952 Sep 13 18:23 c3mag0001.nii
-rw-rw----+ 1 ccn30 wbic-p00500 22937952 Sep 13 18:21 c3mag0000.nii
-rw-rw----+ 1 ccn30 wbic-p00500 22937952 Sep 13 18:29 c2n4mag0000_PSIR_skulled_std.nii
-rw-rw----+ 1 ccn30 wbic-p00500 22937952 Sep 13 18:23 c2mag0001.nii
-rw-rw----+ 1 ccn30 wbic-p00500 22937952 Sep 13 18:21 c2mag0000.nii
-rw-rw----+ 1 ccn30 wbic-p00500 22937952 Sep 13 18:29 c1n4mag0000_PSIR_skulled_std.nii
-rw-rw----+ 1 ccn30 wbic-p00500 22937952 Sep 13 18:23 c1mag0001.nii
-rw-rw----+ 1 ccn30 wbic-p00500 22937952 Sep 13 18:21 c1mag0000.nii
drwxrws---+ 5 ccn30 wbic-p00500     4096 Sep  2 13:53 ..
drwxrws---+ 2 ccn30 wbic-p00500     4096 Sep 13 18:29 .
STEP 6 COMPLETE
total 1601840
-rw-rw-r--  1 ccn30 ccn30       45875200 Sep 13 18:17 phas0001.img
-rw-rw-r--  1 ccn30 ccn30            352 Sep 13 18:17 phas0001.hdr
-rw-rw-r--  1 ccn30 ccn30       45875200 Sep 13 18:17 phas0000.img
-rw-rw-r--  1 ccn30 ccn30            352 Sep 13 18:17 phas0000.hdr
-rw-rw----+ 1 ccn30 wbic-p00500 91750752 Sep 13 18:30 n4mag0000_PSIR_skulled_std_struc_brain.nii
-rw-rw----+ 1 ccn30 wbic-p00500 91750752 Sep 13 18:30 n4mag0000_PSIR_skulled_std_struc_brain_mask.nii
-rw-rw----+ 1 ccn30 wbic-p00500  4341760 Sep 13 18:27 n4mag0000_PSIR_skulled_std_seg8.mat
-rw-rw----+ 1 ccn30 wbic-p00500 91750752 Sep 13 18:25 n4mag0000_PSIR_skulled_std.nii
-rw-rw----+ 1 ccn30 wbic-p00500 91750752 Sep  2 13:53 mp2rage_phase.nii.gz
-rw-rw----+ 1 ccn30 wbic-p00500 91750752 Sep  2 13:53 mp2rage_magnitude.nii.gz
-rw-rw----+ 1 ccn30 wbic-p00500 91750752 Sep 13 18:23 mmag0001.nii
-rw-rw----+ 1 ccn30 wbic-p00500 91750752 Sep 13 18:20 mmag0000.nii
-rw-rw----+ 1 ccn30 wbic-p00500 91750752 Sep 13 18:23 mag0001_skull.nii
-rw-rw----+ 1 ccn30 wbic-p00500 91750752 Sep 13 18:23 mag0001_skull_mask.nii
-rw-rw----+ 1 ccn30 wbic-p00500  4332120 Sep 13 18:22 mag0001_seg8.mat
-rw-rw-r--  1 ccn30 ccn30       45875200 Sep 13 18:17 mag0001.img
-rw-rw-r--  1 ccn30 ccn30            352 Sep 13 18:17 mag0001.hdr
-rw-rw----+ 1 ccn30 wbic-p00500 45875552 Sep 13 18:23 mag0001_brain_skull.nii
-rw-rw----+ 1 ccn30 wbic-p00500 91750752 Sep 13 18:23 mag0001_brain.nii
-rw-rw----+ 1 ccn30 wbic-p00500 45875552 Sep 13 18:23 mag0001_brain_mask.nii
-rw-rw----+ 1 ccn30 wbic-p00500  4332120 Sep 13 18:20 mag0000_seg8.mat
-rw-rw----+ 1 ccn30 wbic-p00500 47869212 Sep 13 18:23 mag0000_PSIR_skulled_std.nii.gz
-rw-rw----+ 1 ccn30 wbic-p00500 48006395 Sep 13 18:23 mag0000_PSIR_skulled.nii.gz
-rw-rw----+ 1 ccn30 wbic-p00500 46254796 Sep 13 18:18 mag0000_PSIR.nii.gz
-rw-rw----+ 1 ccn30 wbic-p00500 54497426 Sep 13 18:17 mag0000_PD_smooth.nii.gz
-rw-rw----+ 1 ccn30 wbic-p00500 47272618 Sep 13 18:17 mag0000_MP2RAGE.nii.gz
-rw-rw-r--  1 ccn30 ccn30       45875200 Sep 13 18:17 mag0000.img
-rw-rw-r--  1 ccn30 ccn30            352 Sep 13 18:17 mag0000.hdr
-rw-rw----+ 1 ccn30 wbic-p00500 22937952 Sep 13 18:29 c5n4mag0000_PSIR_skulled_std.nii
-rw-rw----+ 1 ccn30 wbic-p00500 22937952 Sep 13 18:29 c4n4mag0000_PSIR_skulled_std.nii
-rw-rw----+ 1 ccn30 wbic-p00500 22937952 Sep 13 18:29 c3n4mag0000_PSIR_skulled_std.nii
-rw-rw----+ 1 ccn30 wbic-p00500 22937952 Sep 13 18:23 c3mag0001.nii
-rw-rw----+ 1 ccn30 wbic-p00500 22937952 Sep 13 18:21 c3mag0000.nii
-rw-rw----+ 1 ccn30 wbic-p00500 22937952 Sep 13 18:29 c2n4mag0000_PSIR_skulled_std.nii
-rw-rw----+ 1 ccn30 wbic-p00500 22937952 Sep 13 18:23 c2mag0001.nii
-rw-rw----+ 1 ccn30 wbic-p00500 22937952 Sep 13 18:21 c2mag0000.nii
-rw-rw----+ 1 ccn30 wbic-p00500 22937952 Sep 13 18:29 c1n4mag0000_PSIR_skulled_std.nii
-rw-rw----+ 1 ccn30 wbic-p00500 22937952 Sep 13 18:23 c1mag0001.nii
-rw-rw----+ 1 ccn30 wbic-p00500 22937952 Sep 13 18:21 c1mag0000.nii
drwxrws---+ 5 ccn30 wbic-p00500     4096 Sep  2 13:53 ..
drwxrws---+ 2 ccn30 wbic-p00500     4096 Sep 13 18:30 .
