This is job 24
Time: Mon 13 Sep 18:17:20 BST 2021
Running on master node: cpu-p-181
Current directory: /rds/user/ccn30/hpc-work/WBIC_lustre/ENCRYPT/scripts/ImagePrep/mp2rage/slurmoutputs
Changed directory to /home/ccn30/rds/hpc-work/WBIC_lustre/ENCRYPT/scripts/ImagePrep/mp2rage/slurmoutputs.

JobID: 46418934
======
Time: Mon 13 Sep 18:17:20 BST 2021
Running on master node: cpu-p-181
Current directory: /home/ccn30/rds/hpc-work/WBIC_lustre/ENCRYPT/scripts/ImagePrep/mp2rage/slurmoutputs

Nodes allocated:
================
cpu-p-181

numtasks=, numnodes=, mpi_tasks_per_node= (OMP_NUM_THREADS=1)

Executing command:
==================
/home/ccn30/rds/hpc-work/WBIC_lustre/ENCRYPT/scripts/ImagePrep/mp2rage/mp2rage_processing.sh /home/ccn30/rds/hpc-work/WBIC_lustre/ENCRYPT/ENCRYPT_MasterRIScodes.txt 24 /home/ccn30/rds/hpc-work/WBIC_lustre/ENCRYPT/scripts/ImagePrep/mp2rage /usr/local/Cluster-Apps/matlab/R2017b /usr/local/software/spm/spm12 /home/ccn30/rds/rds-p00500_encrypt-URQgmO1brZ0/p00500/ENCRYPT_images /usr/local/Cluster-Apps/fsl/5.0.8/fsl

Starting 27628
/home/ccn30/rds/rds-p00500_encrypt-URQgmO1brZ0/p00500/ENCRYPT_images/27628/mp2rage
STARTING mp2rage PREPROCESSING
total 338704
-rw-rw----+ 1 ccn30 wbic-p00500 45875552 Sep 13 18:17 phas0001.nii
-rw-rw----+ 1 ccn30 wbic-p00500 45875552 Sep 13 18:17 phas0000.nii
-rw-rw----+ 1 ccn30 wbic-p00500 91750752 Sep  2 13:53 mp2rage_phase.nii.gz
-rw-rw----+ 1 ccn30 wbic-p00500 91750752 Sep  2 13:53 mp2rage_magnitude.nii.gz
-rw-rw----+ 1 ccn30 wbic-p00500 45875552 Sep 13 18:17 mag0001.nii
-rw-rw----+ 1 ccn30 wbic-p00500 45875552 Sep 13 18:17 mag0000.nii
drwxrws---+ 5 ccn30 wbic-p00500     4096 Sep  2 13:53 ..
drwxrws---+ 2 ccn30 wbic-p00500     4096 Sep 13 18:17 .
The folder where the PSIR is is /home/ccn30/rds/rds-p00500_encrypt-URQgmO1brZ0/p00500/ENCRYPT_images/27628/mp2rage
The script directory is /home/ccn30/rds/hpc-work/WBIC_lustre/ENCRYPT/scripts/ImagePrep/mp2rage
The SPM directory is /usr/local/software/spm/spm12
/home/ccn30/rds/rds-p00500_encrypt-URQgmO1brZ0/p00500/ENCRYPT_images/27628/mp2rage/mag0000 and /home/ccn30/rds/rds-p00500_encrypt-URQgmO1brZ0/p00500/ENCRYPT_images/27628/mp2rage/mag0001 and /home/ccn30/rds/rds-p00500_encrypt-URQgmO1brZ0/p00500/ENCRYPT_images/27628/mp2rage/phas0000 and /home/ccn30/rds/rds-p00500_encrypt-URQgmO1brZ0/p00500/ENCRYPT_images/27628/mp2rage/phas0001 are the files selected
0.000000 0.000000 -1.000000 156.099991 
-1.000000 0.000000 0.000000 223.300003 
0.000000 1.000000 0.000000 0.000000 
0.000000 0.000000 0.000000 1.000000 

0.000000 0.000000 -1.000000 156.099991 
-1.000000 0.000000 0.000000 223.300003 
0.000000 1.000000 0.000000 0.000000 
0.000000 0.000000 0.000000 1.000000 

0.000000 0.000000 -1.000000 156.099991 
-1.000000 0.000000 0.000000 223.300003 
0.000000 1.000000 0.000000 0.000000 
0.000000 0.000000 0.000000 1.000000 

0.000000 0.000000 -1.000000 156.099991 
-1.000000 0.000000 0.000000 223.300003 
0.000000 1.000000 0.000000 0.000000 
0.000000 0.000000 0.000000 1.000000 


                            < M A T L A B (R) >
                  Copyright 1984-2017 The MathWorks, Inc.
                   R2017b (9.3.0.713579) 64-bit (glnxa64)
                             September 14, 2017

 
To get started, type one of these: helpwin, helpdesk, or demo.
For product information, visit www.mathworks.com.
 
You are in the PSIR function
Phase data rescaled to radians (Assuming Siemens data range [0 4095])
320  320  224    2is the image dimension
 
 
 
The PSIR reconstruction is done.
/home/ccn30/rds/rds-p00500_encrypt-URQgmO1brZ0/p00500/ENCRYPT_images/27628/mp2rage/mag0000

                            < M A T L A B (R) >
                  Copyright 1984-2017 The MathWorks, Inc.
                   R2017b (9.3.0.713579) 64-bit (glnxa64)
                             September 14, 2017

 
To get started, type one of these: helpwin, helpdesk, or demo.
For product information, visit www.mathworks.com.
 
You are in the PSIR function


------------------------------------------------------------------------
13-Sep-2021 18:18:30 - Running job #1
------------------------------------------------------------------------
13-Sep-2021 18:18:30 - Running 'Segment'

SPM12: spm_preproc_run (v7408)                     18:18:30 - 13/09/2021
========================================================================
Segment /home/ccn30/rds/rds-p00500_encrypt-URQgmO1brZ0/p00500/ENCRYPT_images/27628/mp2rage/mag0000.img,1
Segment /home/ccn30/rds/rds-p00500_encrypt-URQgmO1brZ0/p00500/ENCRYPT_images/27628/mp2rage/mag0001.img,1
Completed                               :          18:23:11 - 13/09/2021
13-Sep-2021 18:23:11 - Done    'Segment'
13-Sep-2021 18:23:11 - Done

SPM is done...
STEP 1 COMPLETE
total 1264872
-rw-rw-r--  1 ccn30 ccn30       45875200 Sep 13 18:17 phas0001.img
-rw-rw-r--  1 ccn30 ccn30            352 Sep 13 18:17 phas0001.hdr
-rw-rw-r--  1 ccn30 ccn30       45875200 Sep 13 18:17 phas0000.img
-rw-rw-r--  1 ccn30 ccn30            352 Sep 13 18:17 phas0000.hdr
-rw-rw----+ 1 ccn30 wbic-p00500 91750752 Sep  2 13:53 mp2rage_phase.nii.gz
-rw-rw----+ 1 ccn30 wbic-p00500 91750752 Sep  2 13:53 mp2rage_magnitude.nii.gz
-rw-rw----+ 1 ccn30 wbic-p00500 91750752 Sep 13 18:22 mmag0001.nii
-rw-rw----+ 1 ccn30 wbic-p00500 91750752 Sep 13 18:19 mmag0000.nii
-rw-rw----+ 1 ccn30 wbic-p00500 91750752 Sep 13 18:23 mag0001_skull.nii
-rw-rw----+ 1 ccn30 wbic-p00500 91750752 Sep 13 18:23 mag0001_skull_mask.nii
-rw-rw----+ 1 ccn30 wbic-p00500  4332120 Sep 13 18:22 mag0001_seg8.mat
-rw-rw-r--  1 ccn30 ccn30       45875200 Sep 13 18:17 mag0001.img
-rw-rw-r--  1 ccn30 ccn30            352 Sep 13 18:17 mag0001.hdr
-rw-rw----+ 1 ccn30 wbic-p00500 45875552 Sep 13 18:23 mag0001_brain_skull.nii
-rw-rw----+ 1 ccn30 wbic-p00500 91750752 Sep 13 18:23 mag0001_brain.nii
-rw-rw----+ 1 ccn30 wbic-p00500 45875552 Sep 13 18:23 mag0001_brain_mask.nii
-rw-rw----+ 1 ccn30 wbic-p00500  4332120 Sep 13 18:19 mag0000_seg8.mat
-rw-rw----+ 1 ccn30 wbic-p00500 91750752 Sep 13 18:23 mag0000_PSIR_skulled.nii
-rw-rw----+ 1 ccn30 wbic-p00500 52737633 Sep 13 18:18 mag0000_PSIR.nii.gz
-rw-rw----+ 1 ccn30 wbic-p00500 61278709 Sep 13 18:18 mag0000_PD_smooth.nii.gz
-rw-rw----+ 1 ccn30 wbic-p00500 54022835 Sep 13 18:18 mag0000_MP2RAGE.nii.gz
-rw-rw-r--  1 ccn30 ccn30       45875200 Sep 13 18:17 mag0000.img
-rw-rw-r--  1 ccn30 ccn30            352 Sep 13 18:17 mag0000.hdr
-rw-rw----+ 1 ccn30 wbic-p00500 22937952 Sep 13 18:23 c3mag0001.nii
-rw-rw----+ 1 ccn30 wbic-p00500 22937952 Sep 13 18:20 c3mag0000.nii
-rw-rw----+ 1 ccn30 wbic-p00500 22937952 Sep 13 18:23 c2mag0001.nii
-rw-rw----+ 1 ccn30 wbic-p00500 22937952 Sep 13 18:20 c2mag0000.nii
-rw-rw----+ 1 ccn30 wbic-p00500 22937952 Sep 13 18:23 c1mag0001.nii
-rw-rw----+ 1 ccn30 wbic-p00500 22937952 Sep 13 18:20 c1mag0000.nii
drwxrws---+ 5 ccn30 wbic-p00500     4096 Sep  2 13:53 ..
drwxrws---+ 2 ccn30 wbic-p00500     4096 Sep 13 18:23 .
STEP 1.1 COMPLETE
total 1281260
-rw-rw-r--  1 ccn30 ccn30       45875200 Sep 13 18:17 phas0001.img
-rw-rw-r--  1 ccn30 ccn30            352 Sep 13 18:17 phas0001.hdr
-rw-rw-r--  1 ccn30 ccn30       45875200 Sep 13 18:17 phas0000.img
-rw-rw-r--  1 ccn30 ccn30            352 Sep 13 18:17 phas0000.hdr
-rw-rw----+ 1 ccn30 wbic-p00500 91750752 Sep  2 13:53 mp2rage_phase.nii.gz
-rw-rw----+ 1 ccn30 wbic-p00500 91750752 Sep  2 13:53 mp2rage_magnitude.nii.gz
-rw-rw----+ 1 ccn30 wbic-p00500 91750752 Sep 13 18:22 mmag0001.nii
-rw-rw----+ 1 ccn30 wbic-p00500 91750752 Sep 13 18:19 mmag0000.nii
-rw-rw----+ 1 ccn30 wbic-p00500 91750752 Sep 13 18:23 mag0001_skull.nii
-rw-rw----+ 1 ccn30 wbic-p00500 91750752 Sep 13 18:23 mag0001_skull_mask.nii
-rw-rw----+ 1 ccn30 wbic-p00500  4332120 Sep 13 18:22 mag0001_seg8.mat
-rw-rw-r--  1 ccn30 ccn30       45875200 Sep 13 18:17 mag0001.img
-rw-rw-r--  1 ccn30 ccn30            352 Sep 13 18:17 mag0001.hdr
-rw-rw----+ 1 ccn30 wbic-p00500 45875552 Sep 13 18:23 mag0001_brain_skull.nii
-rw-rw----+ 1 ccn30 wbic-p00500 91750752 Sep 13 18:23 mag0001_brain.nii
-rw-rw----+ 1 ccn30 wbic-p00500 45875552 Sep 13 18:23 mag0001_brain_mask.nii
-rw-rw----+ 1 ccn30 wbic-p00500  4332120 Sep 13 18:19 mag0000_seg8.mat
-rw-rw----+ 1 ccn30 wbic-p00500 54521823 Sep 13 18:23 mag0000_PSIR_skulled_std.nii.gz
-rw-rw----+ 1 ccn30 wbic-p00500 54877278 Sep 13 18:23 mag0000_PSIR_skulled.nii.gz
-rw-rw----+ 1 ccn30 wbic-p00500 52737633 Sep 13 18:18 mag0000_PSIR.nii.gz
-rw-rw----+ 1 ccn30 wbic-p00500 61278709 Sep 13 18:18 mag0000_PD_smooth.nii.gz
-rw-rw----+ 1 ccn30 wbic-p00500 54022835 Sep 13 18:18 mag0000_MP2RAGE.nii.gz
-rw-rw-r--  1 ccn30 ccn30       45875200 Sep 13 18:17 mag0000.img
-rw-rw-r--  1 ccn30 ccn30            352 Sep 13 18:17 mag0000.hdr
-rw-rw----+ 1 ccn30 wbic-p00500 22937952 Sep 13 18:23 c3mag0001.nii
-rw-rw----+ 1 ccn30 wbic-p00500 22937952 Sep 13 18:20 c3mag0000.nii
-rw-rw----+ 1 ccn30 wbic-p00500 22937952 Sep 13 18:23 c2mag0001.nii
-rw-rw----+ 1 ccn30 wbic-p00500 22937952 Sep 13 18:20 c2mag0000.nii
-rw-rw----+ 1 ccn30 wbic-p00500 22937952 Sep 13 18:23 c1mag0001.nii
-rw-rw----+ 1 ccn30 wbic-p00500 22937952 Sep 13 18:20 c1mag0000.nii
drwxrws---+ 5 ccn30 wbic-p00500     4096 Sep  2 13:53 ..
drwxrws---+ 2 ccn30 wbic-p00500     4096 Sep 13 18:23 .

Running N4 for 3-dimensional images.

Mask not read.  Creating Otsu mask.
Current level = 1
  Iteration 1 (of 50).   Current convergence value = 0.00047751 (threshold = 1e-06)
  Iteration 2 (of 50).   Current convergence value = 0.000474567 (threshold = 1e-06)
  Iteration 3 (of 50).   Current convergence value = 0.000471838 (threshold = 1e-06)
  Iteration 4 (of 50).   Current convergence value = 0.000469364 (threshold = 1e-06)
  Iteration 5 (of 50).   Current convergence value = 0.000466765 (threshold = 1e-06)
  Iteration 6 (of 50).   Current convergence value = 0.000464632 (threshold = 1e-06)
  Iteration 7 (of 50).   Current convergence value = 0.000461744 (threshold = 1e-06)
  Iteration 8 (of 50).   Current convergence value = 0.000459285 (threshold = 1e-06)
  Iteration 9 (of 50).   Current convergence value = 0.000456547 (threshold = 1e-06)
  Iteration 10 (of 50).   Current convergence value = 0.000453741 (threshold = 1e-06)
  Iteration 11 (of 50).   Current convergence value = 0.000450873 (threshold = 1e-06)
  Iteration 12 (of 50).   Current convergence value = 0.000448332 (threshold = 1e-06)
  Iteration 13 (of 50).   Current convergence value = 0.000445816 (threshold = 1e-06)
  Iteration 14 (of 50).   Current convergence value = 0.000443355 (threshold = 1e-06)
  Iteration 15 (of 50).   Current convergence value = 0.000440826 (threshold = 1e-06)
  Iteration 16 (of 50).   Current convergence value = 0.00043837 (threshold = 1e-06)
  Iteration 17 (of 50).   Current convergence value = 0.000435805 (threshold = 1e-06)
  Iteration 18 (of 50).   Current convergence value = 0.000433493 (threshold = 1e-06)
  Iteration 19 (of 50).   Current convergence value = 0.000430959 (threshold = 1e-06)
  Iteration 20 (of 50).   Current convergence value = 0.000428586 (threshold = 1e-06)
  Iteration 21 (of 50).   Current convergence value = 0.000426624 (threshold = 1e-06)
  Iteration 22 (of 50).   Current convergence value = 0.000424229 (threshold = 1e-06)
  Iteration 23 (of 50).   Current convergence value = 0.000421924 (threshold = 1e-06)
  Iteration 24 (of 50).   Current convergence value = 0.000419544 (threshold = 1e-06)
  Iteration 25 (of 50).   Current convergence value = 0.000417169 (threshold = 1e-06)
  Iteration 26 (of 50).   Current convergence value = 0.000414916 (threshold = 1e-06)
  Iteration 27 (of 50).   Current convergence value = 0.000412545 (threshold = 1e-06)
  Iteration 28 (of 50).   Current convergence value = 0.000410369 (threshold = 1e-06)
  Iteration 29 (of 50).   Current convergence value = 0.000408015 (threshold = 1e-06)
  Iteration 30 (of 50).   Current convergence value = 0.000405725 (threshold = 1e-06)
  Iteration 31 (of 50).   Current convergence value = 0.00040358 (threshold = 1e-06)
  Iteration 32 (of 50).   Current convergence value = 0.000401534 (threshold = 1e-06)
  Iteration 33 (of 50).   Current convergence value = 0.000399399 (threshold = 1e-06)
  Iteration 34 (of 50).   Current convergence value = 0.000397482 (threshold = 1e-06)
  Iteration 35 (of 50).   Current convergence value = 0.000395356 (threshold = 1e-06)
  Iteration 36 (of 50).   Current convergence value = 0.000393144 (threshold = 1e-06)
  Iteration 37 (of 50).   Current convergence value = 0.000391181 (threshold = 1e-06)
  Iteration 38 (of 50).   Current convergence value = 0.000389227 (threshold = 1e-06)
  Iteration 39 (of 50).   Current convergence value = 0.000387287 (threshold = 1e-06)
  Iteration 40 (of 50).   Current convergence value = 0.000385416 (threshold = 1e-06)
  Iteration 41 (of 50).   Current convergence value = 0.000383361 (threshold = 1e-06)
  Iteration 42 (of 50).   Current convergence value = 0.000381466 (threshold = 1e-06)
  Iteration 43 (of 50).   Current convergence value = 0.000379653 (threshold = 1e-06)
  Iteration 44 (of 50).   Current convergence value = 0.000377791 (threshold = 1e-06)
  Iteration 45 (of 50).   Current convergence value = 0.000375828 (threshold = 1e-06)
  Iteration 46 (of 50).   Current convergence value = 0.000373873 (threshold = 1e-06)
  Iteration 47 (of 50).   Current convergence value = 0.000371992 (threshold = 1e-06)
  Iteration 48 (of 50).   Current convergence value = 0.000370039 (threshold = 1e-06)
  Iteration 49 (of 50).   Current convergence value = 0.000368138 (threshold = 1e-06)
  Iteration 50 (of 50).   Current convergence value = 0.000366068 (threshold = 1e-06)
Current level = 2
  Iteration 1 (of 50).   Current convergence value = 0.000801881 (threshold = 1e-06)
  Iteration 2 (of 50).   Current convergence value = 0.000786681 (threshold = 1e-06)
  Iteration 3 (of 50).   Current convergence value = 0.000771696 (threshold = 1e-06)
  Iteration 4 (of 50).   Current convergence value = 0.000757211 (threshold = 1e-06)
  Iteration 5 (of 50).   Current convergence value = 0.000743906 (threshold = 1e-06)
  Iteration 6 (of 50).   Current convergence value = 0.000730957 (threshold = 1e-06)
  Iteration 7 (of 50).   Current convergence value = 0.000718324 (threshold = 1e-06)
  Iteration 8 (of 50).   Current convergence value = 0.000706649 (threshold = 1e-06)
  Iteration 9 (of 50).   Current convergence value = 0.00069505 (threshold = 1e-06)
  Iteration 10 (of 50).   Current convergence value = 0.000683434 (threshold = 1e-06)
  Iteration 11 (of 50).   Current convergence value = 0.000672687 (threshold = 1e-06)
  Iteration 12 (of 50).   Current convergence value = 0.000662737 (threshold = 1e-06)
  Iteration 13 (of 50).   Current convergence value = 0.000652506 (threshold = 1e-06)
  Iteration 14 (of 50).   Current convergence value = 0.000642663 (threshold = 1e-06)
  Iteration 15 (of 50).   Current convergence value = 0.00063376 (threshold = 1e-06)
  Iteration 16 (of 50).   Current convergence value = 0.000625981 (threshold = 1e-06)
  Iteration 17 (of 50).   Current convergence value = 0.000616578 (threshold = 1e-06)
  Iteration 18 (of 50).   Current convergence value = 0.000608707 (threshold = 1e-06)
  Iteration 19 (of 50).   Current convergence value = 0.000600839 (threshold = 1e-06)
  Iteration 20 (of 50).   Current convergence value = 0.000593829 (threshold = 1e-06)
  Iteration 21 (of 50).   Current convergence value = 0.000586751 (threshold = 1e-06)
  Iteration 22 (of 50).   Current convergence value = 0.000579555 (threshold = 1e-06)
  Iteration 23 (of 50).   Current convergence value = 0.000572986 (threshold = 1e-06)
  Iteration 24 (of 50).   Current convergence value = 0.000566451 (threshold = 1e-06)
  Iteration 25 (of 50).   Current convergence value = 0.00056033 (threshold = 1e-06)
  Iteration 26 (of 50).   Current convergence value = 0.000554977 (threshold = 1e-06)
  Iteration 27 (of 50).   Current convergence value = 0.000548906 (threshold = 1e-06)
  Iteration 28 (of 50).   Current convergence value = 0.000543078 (threshold = 1e-06)
  Iteration 29 (of 50).   Current convergence value = 0.000537007 (threshold = 1e-06)
  Iteration 30 (of 50).   Current convergence value = 0.000532123 (threshold = 1e-06)
  Iteration 31 (of 50).   Current convergence value = 0.000526748 (threshold = 1e-06)
  Iteration 32 (of 50).   Current convergence value = 0.000521819 (threshold = 1e-06)
  Iteration 33 (of 50).   Current convergence value = 0.000516212 (threshold = 1e-06)
  Iteration 34 (of 50).   Current convergence value = 0.000511701 (threshold = 1e-06)
  Iteration 35 (of 50).   Current convergence value = 0.000506937 (threshold = 1e-06)
  Iteration 36 (of 50).   Current convergence value = 0.00050293 (threshold = 1e-06)
  Iteration 37 (of 50).   Current convergence value = 0.000499 (threshold = 1e-06)
  Iteration 38 (of 50).   Current convergence value = 0.000495038 (threshold = 1e-06)
  Iteration 39 (of 50).   Current convergence value = 0.000491034 (threshold = 1e-06)
  Iteration 40 (of 50).   Current convergence value = 0.000487091 (threshold = 1e-06)
  Iteration 41 (of 50).   Current convergence value = 0.000483046 (threshold = 1e-06)
  Iteration 42 (of 50).   Current convergence value = 0.00047945 (threshold = 1e-06)
  Iteration 43 (of 50).   Current convergence value = 0.000476062 (threshold = 1e-06)
  Iteration 44 (of 50).   Current convergence value = 0.000472801 (threshold = 1e-06)
  Iteration 45 (of 50).   Current convergence value = 0.000469628 (threshold = 1e-06)
  Iteration 46 (of 50).   Current convergence value = 0.000466 (threshold = 1e-06)
  Iteration 47 (of 50).   Current convergence value = 0.000462234 (threshold = 1e-06)
  Iteration 48 (of 50).   Current convergence value = 0.000459162 (threshold = 1e-06)
  Iteration 49 (of 50).   Current convergence value = 0.000455921 (threshold = 1e-06)
  Iteration 50 (of 50).   Current convergence value = 0.000452805 (threshold = 1e-06)
Current level = 3
  Iteration 1 (of 30).   Current convergence value = 0.00079204 (threshold = 1e-06)
  Iteration 2 (of 30).   Current convergence value = 0.000760655 (threshold = 1e-06)
  Iteration 3 (of 30).   Current convergence value = 0.000734225 (threshold = 1e-06)
  Iteration 4 (of 30).   Current convergence value = 0.00071194 (threshold = 1e-06)
  Iteration 5 (of 30).   Current convergence value = 0.000692442 (threshold = 1e-06)
  Iteration 6 (of 30).   Current convergence value = 0.000676922 (threshold = 1e-06)
  Iteration 7 (of 30).   Current convergence value = 0.000664239 (threshold = 1e-06)
  Iteration 8 (of 30).   Current convergence value = 0.000654326 (threshold = 1e-06)
  Iteration 9 (of 30).   Current convergence value = 0.00064598 (threshold = 1e-06)
  Iteration 10 (of 30).   Current convergence value = 0.000638605 (threshold = 1e-06)
  Iteration 11 (of 30).   Current convergence value = 0.00063137 (threshold = 1e-06)
  Iteration 12 (of 30).   Current convergence value = 0.000624546 (threshold = 1e-06)
  Iteration 13 (of 30).   Current convergence value = 0.000619819 (threshold = 1e-06)
  Iteration 14 (of 30).   Current convergence value = 0.000614862 (threshold = 1e-06)
  Iteration 15 (of 30).   Current convergence value = 0.000610481 (threshold = 1e-06)
  Iteration 16 (of 30).   Current convergence value = 0.000606762 (threshold = 1e-06)
  Iteration 17 (of 30).   Current convergence value = 0.000602828 (threshold = 1e-06)
  Iteration 18 (of 30).   Current convergence value = 0.000599022 (threshold = 1e-06)
  Iteration 19 (of 30).   Current convergence value = 0.000595057 (threshold = 1e-06)
  Iteration 20 (of 30).   Current convergence value = 0.000592302 (threshold = 1e-06)
  Iteration 21 (of 30).   Current convergence value = 0.000589323 (threshold = 1e-06)
  Iteration 22 (of 30).   Current convergence value = 0.000586687 (threshold = 1e-06)
  Iteration 23 (of 30).   Current convergence value = 0.000584027 (threshold = 1e-06)
  Iteration 24 (of 30).   Current convergence value = 0.000580841 (threshold = 1e-06)
  Iteration 25 (of 30).   Current convergence value = 0.000577722 (threshold = 1e-06)
  Iteration 26 (of 30).   Current convergence value = 0.00057448 (threshold = 1e-06)
  Iteration 27 (of 30).   Current convergence value = 0.000571733 (threshold = 1e-06)
  Iteration 28 (of 30).   Current convergence value = 0.000568625 (threshold = 1e-06)
  Iteration 29 (of 30).   Current convergence value = 0.000566281 (threshold = 1e-06)
  Iteration 30 (of 30).   Current convergence value = 0.000562865 (threshold = 1e-06)
Current level = 4
  Iteration 1 (of 20).   Current convergence value = 0.00148721 (threshold = 1e-06)
  Iteration 2 (of 20).   Current convergence value = 0.00142483 (threshold = 1e-06)
  Iteration 3 (of 20).   Current convergence value = 0.0013741 (threshold = 1e-06)
  Iteration 4 (of 20).   Current convergence value = 0.00133145 (threshold = 1e-06)
  Iteration 5 (of 20).   Current convergence value = 0.00129594 (threshold = 1e-06)
  Iteration 6 (of 20).   Current convergence value = 0.00126431 (threshold = 1e-06)
  Iteration 7 (of 20).   Current convergence value = 0.00123653 (threshold = 1e-06)
  Iteration 8 (of 20).   Current convergence value = 0.00121311 (threshold = 1e-06)
  Iteration 9 (of 20).   Current convergence value = 0.00118951 (threshold = 1e-06)
  Iteration 10 (of 20).   Current convergence value = 0.00116937 (threshold = 1e-06)
  Iteration 11 (of 20).   Current convergence value = 0.00114877 (threshold = 1e-06)
  Iteration 12 (of 20).   Current convergence value = 0.00113566 (threshold = 1e-06)
  Iteration 13 (of 20).   Current convergence value = 0.00116835 (threshold = 1e-06)
  Iteration 14 (of 20).   Current convergence value = 0.00115251 (threshold = 1e-06)
  Iteration 15 (of 20).   Current convergence value = 0.00113525 (threshold = 1e-06)
  Iteration 16 (of 20).   Current convergence value = 0.00111894 (threshold = 1e-06)
  Iteration 17 (of 20).   Current convergence value = 0.00110268 (threshold = 1e-06)
  Iteration 18 (of 20).   Current convergence value = 0.00108617 (threshold = 1e-06)
  Iteration 19 (of 20).   Current convergence value = 0.00107078 (threshold = 1e-06)
  Iteration 20 (of 20).   Current convergence value = 0.00105377 (threshold = 1e-06)
   N4BiasFieldCorrectionImageFilter (0x3399090)
     RTTI typeinfo:   itk::N4BiasFieldCorrectionImageFilter<itk::Image<float, 3u>, itk::Image<float, 3u>, itk::Image<float, 3u> >
     Reference Count: 1
     Modified Time: 813
     Debug: Off
     Object Name: 
     Observers: 
       IterationEvent(Command)
     Inputs: 
       Primary: (0x33a91c0) *
       _1: (0x33a9840)
     Indexed Inputs: 
       0: Primary (0x33a91c0)
       1: _1 (0x33a9840)
     Required Input Names: Primary
     NumberOfRequiredInputs: 1
     Outputs: 
       Primary: (0x339d950)
     Indexed Outputs: 
       0: Primary (0x339d950)
     NumberOfRequiredOutputs: 1
     Number Of Threads: 56
     ReleaseDataFlag: Off
     ReleaseDataBeforeUpdateFlag: Off
     AbortGenerateData: Off
     Progress: 0
     Multithreader: 
       RTTI typeinfo:   itk::MultiThreader
       Reference Count: 1
       Modified Time: 122
       Debug: Off
       Object Name: 
       Observers: 
         none
       Thread Count: 56
       Global Maximum Number Of Threads: 128
       Global Default Number Of Threads: 56
     CoordinateTolerance: 1e-06
     DirectionTolerance: 1e-06
     Mask label: 1
     Number of histogram bins: 200
     Wiener filter noise: 0.01
     Bias field FWHM: 0.15
     Maximum number of iterations: [50, 50, 30, 20]
     Convergence threshold: 1e-06
     Spline order: 3
     Number of fitting levels: [4, 4, 4]
     Number of control points: [4, 5, 5]
     CurrentConvergenceMeasurement: 0.00105377
     CurrentLevel: 4
     ElapsedIterations: 21
     LogBiasFieldControlPointLattice: 
       Image (0x33a30a0)
         RTTI typeinfo:   itk::Image<itk::Vector<float, 1u>, 3u>
         Reference Count: 1
         Modified Time: 143799402
         Debug: Off
         Object Name: 
         Observers: 
           none
         Source: (none)
         Source output name: (none)
         Release Data: Off
         Data Released: False
         Global Release Data: Off
         PipelineMTime: 0
         UpdateMTime: 0
         RealTimeStamp: 0 seconds 
         LargestPossibleRegion: 
           Dimension: 3
           Index: [0, 0, 0]
           Size: [11, 19, 19]
         BufferedRegion: 
           Dimension: 3
           Index: [0, 0, 0]
           Size: [11, 19, 19]
         RequestedRegion: 
           Dimension: 3
           Index: [0, 0, 0]
           Size: [11, 19, 19]
         Spacing: [24.5, 24.85, 24.85]
         Origin: [-24.5, 24.85, -24.85]
         Direction: 
1 0 0
0 -1 0
0 0 1

         IndexToPointMatrix: 
24.5 0 0
0 -24.85 0
0 0 24.85

         PointToIndexMatrix: 
0.0408163 0 0
0 -0.0402414 0
0 0 0.0402414

         Inverse Direction: 
1 0 0
0 -1 0
0 0 1

         PixelContainer: 
           ImportImageContainer (0x33a3360)
             RTTI typeinfo:   itk::ImportImageContainer<unsigned long, itk::Vector<float, 1u> >
             Reference Count: 1
             Modified Time: 143799403
             Debug: Off
             Object Name: 
             Observers: 
               none
             Pointer: 0x49a0e70
             Container manages memory: true
             Size: 3971
             Capacity: 3971
Elapsed time: 103.466
STEP 2 COMPLETE
total 1363172
-rw-rw-r--  1 ccn30 ccn30       45875200 Sep 13 18:17 phas0001.img
-rw-rw-r--  1 ccn30 ccn30            352 Sep 13 18:17 phas0001.hdr
-rw-rw-r--  1 ccn30 ccn30       45875200 Sep 13 18:17 phas0000.img
-rw-rw-r--  1 ccn30 ccn30            352 Sep 13 18:17 phas0000.hdr
-rw-rw----+ 1 ccn30 wbic-p00500 54578497 Sep 13 18:25 n4mag0000_PSIR_skulled_std.nii.gz
-rw-rw----+ 1 ccn30 wbic-p00500 91750752 Sep  2 13:53 mp2rage_phase.nii.gz
-rw-rw----+ 1 ccn30 wbic-p00500 91750752 Sep  2 13:53 mp2rage_magnitude.nii.gz
-rw-rw----+ 1 ccn30 wbic-p00500 91750752 Sep 13 18:22 mmag0001.nii
-rw-rw----+ 1 ccn30 wbic-p00500 91750752 Sep 13 18:19 mmag0000.nii
-rw-rw----+ 1 ccn30 wbic-p00500 91750752 Sep 13 18:23 mag0001_skull.nii
-rw-rw----+ 1 ccn30 wbic-p00500 91750752 Sep 13 18:23 mag0001_skull_mask.nii
-rw-rw----+ 1 ccn30 wbic-p00500  4332120 Sep 13 18:22 mag0001_seg8.mat
-rw-rw-r--  1 ccn30 ccn30       45875200 Sep 13 18:17 mag0001.img
-rw-rw-r--  1 ccn30 ccn30            352 Sep 13 18:17 mag0001.hdr
-rw-rw----+ 1 ccn30 wbic-p00500 45875552 Sep 13 18:23 mag0001_brain_skull.nii
-rw-rw----+ 1 ccn30 wbic-p00500 91750752 Sep 13 18:23 mag0001_brain.nii
-rw-rw----+ 1 ccn30 wbic-p00500 45875552 Sep 13 18:23 mag0001_brain_mask.nii
-rw-rw----+ 1 ccn30 wbic-p00500  4332120 Sep 13 18:19 mag0000_seg8.mat
-rw-rw----+ 1 ccn30 wbic-p00500 54521823 Sep 13 18:23 mag0000_PSIR_skulled_std.nii.gz
-rw-rw----+ 1 ccn30 wbic-p00500 54877278 Sep 13 18:23 mag0000_PSIR_skulled.nii.gz
-rw-rw----+ 1 ccn30 wbic-p00500 52737633 Sep 13 18:18 mag0000_PSIR.nii.gz
-rw-rw----+ 1 ccn30 wbic-p00500 61278709 Sep 13 18:18 mag0000_PD_smooth.nii.gz
-rw-rw----+ 1 ccn30 wbic-p00500 54022835 Sep 13 18:18 mag0000_MP2RAGE.nii.gz
-rw-rw-r--  1 ccn30 ccn30       45875200 Sep 13 18:17 mag0000.img
-rw-rw-r--  1 ccn30 ccn30            352 Sep 13 18:17 mag0000.hdr
-rw-rw----+ 1 ccn30 wbic-p00500 22937952 Sep 13 18:23 c3mag0001.nii
-rw-rw----+ 1 ccn30 wbic-p00500 22937952 Sep 13 18:20 c3mag0000.nii
-rw-rw----+ 1 ccn30 wbic-p00500 22937952 Sep 13 18:23 c2mag0001.nii
-rw-rw----+ 1 ccn30 wbic-p00500 22937952 Sep 13 18:20 c2mag0000.nii
-rw-rw----+ 1 ccn30 wbic-p00500 22937952 Sep 13 18:23 c1mag0001.nii
-rw-rw----+ 1 ccn30 wbic-p00500 22937952 Sep 13 18:20 c1mag0000.nii
drwxrws---+ 5 ccn30 wbic-p00500     4096 Sep  2 13:53 ..
drwxrws---+ 2 ccn30 wbic-p00500     4096 Sep 13 18:25 .
STEP 3 COMPLETE
total 1395940
-rw-rw-r--  1 ccn30 ccn30       45875200 Sep 13 18:17 phas0001.img
-rw-rw-r--  1 ccn30 ccn30            352 Sep 13 18:17 phas0001.hdr
-rw-rw-r--  1 ccn30 ccn30       45875200 Sep 13 18:17 phas0000.img
-rw-rw-r--  1 ccn30 ccn30            352 Sep 13 18:17 phas0000.hdr
-rw-rw----+ 1 ccn30 wbic-p00500 91750752 Sep 13 18:25 n4mag0000_PSIR_skulled_std.nii
-rw-rw----+ 1 ccn30 wbic-p00500 91750752 Sep  2 13:53 mp2rage_phase.nii.gz
-rw-rw----+ 1 ccn30 wbic-p00500 91750752 Sep  2 13:53 mp2rage_magnitude.nii.gz
-rw-rw----+ 1 ccn30 wbic-p00500 91750752 Sep 13 18:22 mmag0001.nii
-rw-rw----+ 1 ccn30 wbic-p00500 91750752 Sep 13 18:19 mmag0000.nii
-rw-rw----+ 1 ccn30 wbic-p00500 91750752 Sep 13 18:23 mag0001_skull.nii
-rw-rw----+ 1 ccn30 wbic-p00500 91750752 Sep 13 18:23 mag0001_skull_mask.nii
-rw-rw----+ 1 ccn30 wbic-p00500  4332120 Sep 13 18:22 mag0001_seg8.mat
-rw-rw-r--  1 ccn30 ccn30       45875200 Sep 13 18:17 mag0001.img
-rw-rw-r--  1 ccn30 ccn30            352 Sep 13 18:17 mag0001.hdr
-rw-rw----+ 1 ccn30 wbic-p00500 45875552 Sep 13 18:23 mag0001_brain_skull.nii
-rw-rw----+ 1 ccn30 wbic-p00500 91750752 Sep 13 18:23 mag0001_brain.nii
-rw-rw----+ 1 ccn30 wbic-p00500 45875552 Sep 13 18:23 mag0001_brain_mask.nii
-rw-rw----+ 1 ccn30 wbic-p00500  4332120 Sep 13 18:19 mag0000_seg8.mat
-rw-rw----+ 1 ccn30 wbic-p00500 54521823 Sep 13 18:23 mag0000_PSIR_skulled_std.nii.gz
-rw-rw----+ 1 ccn30 wbic-p00500 54877278 Sep 13 18:23 mag0000_PSIR_skulled.nii.gz
-rw-rw----+ 1 ccn30 wbic-p00500 52737633 Sep 13 18:18 mag0000_PSIR.nii.gz
-rw-rw----+ 1 ccn30 wbic-p00500 61278709 Sep 13 18:18 mag0000_PD_smooth.nii.gz
-rw-rw----+ 1 ccn30 wbic-p00500 54022835 Sep 13 18:18 mag0000_MP2RAGE.nii.gz
-rw-rw-r--  1 ccn30 ccn30       45875200 Sep 13 18:17 mag0000.img
-rw-rw-r--  1 ccn30 ccn30            352 Sep 13 18:17 mag0000.hdr
-rw-rw----+ 1 ccn30 wbic-p00500 22937952 Sep 13 18:23 c3mag0001.nii
-rw-rw----+ 1 ccn30 wbic-p00500 22937952 Sep 13 18:20 c3mag0000.nii
-rw-rw----+ 1 ccn30 wbic-p00500 22937952 Sep 13 18:23 c2mag0001.nii
-rw-rw----+ 1 ccn30 wbic-p00500 22937952 Sep 13 18:20 c2mag0000.nii
-rw-rw----+ 1 ccn30 wbic-p00500 22937952 Sep 13 18:23 c1mag0001.nii
-rw-rw----+ 1 ccn30 wbic-p00500 22937952 Sep 13 18:20 c1mag0000.nii
drwxrws---+ 5 ccn30 wbic-p00500     4096 Sep  2 13:53 ..
drwxrws---+ 2 ccn30 wbic-p00500     4096 Sep 13 18:25 .

                            < M A T L A B (R) >
                  Copyright 1984-2017 The MathWorks, Inc.
                   R2017b (9.3.0.713579) 64-bit (glnxa64)
                             September 14, 2017

 
To get started, type one of these: helpwin, helpdesk, or demo.
For product information, visit www.mathworks.com.
 


------------------------------------------------------------------------
13-Sep-2021 18:25:52 - Running job #1
------------------------------------------------------------------------
13-Sep-2021 18:25:52 - Running 'Segment'

SPM12: spm_preproc_run (v7408)                     18:25:52 - 13/09/2021
========================================================================
Segment /home/ccn30/rds/rds-p00500_encrypt-URQgmO1brZ0/p00500/ENCRYPT_images/27628/mp2rage/n4mag0000_PSIR_skulled_std.nii,1
Completed                               :          18:29:19 - 13/09/2021
13-Sep-2021 18:29:19 - Done    'Segment'
13-Sep-2021 18:29:19 - Done

SPM segmentation is done...
STEP 4 COMPLETE
total 1506168
-rw-rw-r--  1 ccn30 ccn30       45875200 Sep 13 18:17 phas0001.img
-rw-rw-r--  1 ccn30 ccn30            352 Sep 13 18:17 phas0001.hdr
-rw-rw-r--  1 ccn30 ccn30       45875200 Sep 13 18:17 phas0000.img
-rw-rw-r--  1 ccn30 ccn30            352 Sep 13 18:17 phas0000.hdr
-rw-rw----+ 1 ccn30 wbic-p00500  4341760 Sep 13 18:27 n4mag0000_PSIR_skulled_std_seg8.mat
-rw-rw----+ 1 ccn30 wbic-p00500 91750752 Sep 13 18:25 n4mag0000_PSIR_skulled_std.nii
-rw-rw----+ 1 ccn30 wbic-p00500 91750752 Sep  2 13:53 mp2rage_phase.nii.gz
-rw-rw----+ 1 ccn30 wbic-p00500 91750752 Sep  2 13:53 mp2rage_magnitude.nii.gz
-rw-rw----+ 1 ccn30 wbic-p00500 91750752 Sep 13 18:22 mmag0001.nii
-rw-rw----+ 1 ccn30 wbic-p00500 91750752 Sep 13 18:19 mmag0000.nii
-rw-rw----+ 1 ccn30 wbic-p00500 91750752 Sep 13 18:23 mag0001_skull.nii
-rw-rw----+ 1 ccn30 wbic-p00500 91750752 Sep 13 18:23 mag0001_skull_mask.nii
-rw-rw----+ 1 ccn30 wbic-p00500  4332120 Sep 13 18:22 mag0001_seg8.mat
-rw-rw-r--  1 ccn30 ccn30       45875200 Sep 13 18:17 mag0001.img
-rw-rw-r--  1 ccn30 ccn30            352 Sep 13 18:17 mag0001.hdr
-rw-rw----+ 1 ccn30 wbic-p00500 45875552 Sep 13 18:23 mag0001_brain_skull.nii
-rw-rw----+ 1 ccn30 wbic-p00500 91750752 Sep 13 18:23 mag0001_brain.nii
-rw-rw----+ 1 ccn30 wbic-p00500 45875552 Sep 13 18:23 mag0001_brain_mask.nii
-rw-rw----+ 1 ccn30 wbic-p00500  4332120 Sep 13 18:19 mag0000_seg8.mat
-rw-rw----+ 1 ccn30 wbic-p00500 54521823 Sep 13 18:23 mag0000_PSIR_skulled_std.nii.gz
-rw-rw----+ 1 ccn30 wbic-p00500 54877278 Sep 13 18:23 mag0000_PSIR_skulled.nii.gz
-rw-rw----+ 1 ccn30 wbic-p00500 52737633 Sep 13 18:18 mag0000_PSIR.nii.gz
-rw-rw----+ 1 ccn30 wbic-p00500 61278709 Sep 13 18:18 mag0000_PD_smooth.nii.gz
-rw-rw----+ 1 ccn30 wbic-p00500 54022835 Sep 13 18:18 mag0000_MP2RAGE.nii.gz
-rw-rw-r--  1 ccn30 ccn30       45875200 Sep 13 18:17 mag0000.img
-rw-rw-r--  1 ccn30 ccn30            352 Sep 13 18:17 mag0000.hdr
-rw-rw----+ 1 ccn30 wbic-p00500 22937952 Sep 13 18:29 c5n4mag0000_PSIR_skulled_std.nii
-rw-rw----+ 1 ccn30 wbic-p00500 22937952 Sep 13 18:29 c4n4mag0000_PSIR_skulled_std.nii
-rw-rw----+ 1 ccn30 wbic-p00500 22937952 Sep 13 18:29 c3n4mag0000_PSIR_skulled_std.nii
-rw-rw----+ 1 ccn30 wbic-p00500 22937952 Sep 13 18:23 c3mag0001.nii
-rw-rw----+ 1 ccn30 wbic-p00500 22937952 Sep 13 18:20 c3mag0000.nii
-rw-rw----+ 1 ccn30 wbic-p00500 22937952 Sep 13 18:29 c2n4mag0000_PSIR_skulled_std.nii
-rw-rw----+ 1 ccn30 wbic-p00500 22937952 Sep 13 18:23 c2mag0001.nii
-rw-rw----+ 1 ccn30 wbic-p00500 22937952 Sep 13 18:20 c2mag0000.nii
-rw-rw----+ 1 ccn30 wbic-p00500 22937952 Sep 13 18:29 c1n4mag0000_PSIR_skulled_std.nii
-rw-rw----+ 1 ccn30 wbic-p00500 22937952 Sep 13 18:23 c1mag0001.nii
-rw-rw----+ 1 ccn30 wbic-p00500 22937952 Sep 13 18:20 c1mag0000.nii
drwxrws---+ 5 ccn30 wbic-p00500     4096 Sep  2 13:53 ..
drwxrws---+ 2 ccn30 wbic-p00500     4096 Sep 13 18:27 .

                            < M A T L A B (R) >
                  Copyright 1984-2017 The MathWorks, Inc.
                   R2017b (9.3.0.713579) 64-bit (glnxa64)
                             September 14, 2017

 
To get started, type one of these: helpwin, helpdesk, or demo.
For product information, visit www.mathworks.com.
 
Preparing data ...
Masking image 1 of 1 subjects ...
Finished skull stripping data.
STEP 5 COMPLETE
total 1601804
-rw-rw-r--  1 ccn30 ccn30       45875200 Sep 13 18:17 phas0001.img
-rw-rw-r--  1 ccn30 ccn30            352 Sep 13 18:17 phas0001.hdr
-rw-rw-r--  1 ccn30 ccn30       45875200 Sep 13 18:17 phas0000.img
-rw-rw-r--  1 ccn30 ccn30            352 Sep 13 18:17 phas0000.hdr
-rw-rw----+ 1 ccn30 wbic-p00500 91750752 Sep 13 18:29 n4mag0000_PSIR_skulled_std_struc_brain.nii
-rw-rw----+ 1 ccn30 wbic-p00500  4341760 Sep 13 18:27 n4mag0000_PSIR_skulled_std_seg8.mat
-rw-rw----+ 1 ccn30 wbic-p00500 91750752 Sep 13 18:25 n4mag0000_PSIR_skulled_std.nii
-rw-rw----+ 1 ccn30 wbic-p00500 91750752 Sep  2 13:53 mp2rage_phase.nii.gz
-rw-rw----+ 1 ccn30 wbic-p00500 91750752 Sep  2 13:53 mp2rage_magnitude.nii.gz
-rw-rw----+ 1 ccn30 wbic-p00500 91750752 Sep 13 18:22 mmag0001.nii
-rw-rw----+ 1 ccn30 wbic-p00500 91750752 Sep 13 18:19 mmag0000.nii
-rw-rw----+ 1 ccn30 wbic-p00500 91750752 Sep 13 18:23 mag0001_skull.nii
-rw-rw----+ 1 ccn30 wbic-p00500 91750752 Sep 13 18:23 mag0001_skull_mask.nii
-rw-rw----+ 1 ccn30 wbic-p00500  4332120 Sep 13 18:22 mag0001_seg8.mat
-rw-rw-r--  1 ccn30 ccn30       45875200 Sep 13 18:17 mag0001.img
-rw-rw-r--  1 ccn30 ccn30            352 Sep 13 18:17 mag0001.hdr
-rw-rw----+ 1 ccn30 wbic-p00500 45875552 Sep 13 18:23 mag0001_brain_skull.nii
-rw-rw----+ 1 ccn30 wbic-p00500 91750752 Sep 13 18:23 mag0001_brain.nii
-rw-rw----+ 1 ccn30 wbic-p00500 45875552 Sep 13 18:23 mag0001_brain_mask.nii
-rw-rw----+ 1 ccn30 wbic-p00500  4332120 Sep 13 18:19 mag0000_seg8.mat
-rw-rw----+ 1 ccn30 wbic-p00500 54521823 Sep 13 18:23 mag0000_PSIR_skulled_std.nii.gz
-rw-rw----+ 1 ccn30 wbic-p00500 54877278 Sep 13 18:23 mag0000_PSIR_skulled.nii.gz
-rw-rw----+ 1 ccn30 wbic-p00500 52737633 Sep 13 18:18 mag0000_PSIR.nii.gz
-rw-rw----+ 1 ccn30 wbic-p00500 61278709 Sep 13 18:18 mag0000_PD_smooth.nii.gz
-rw-rw----+ 1 ccn30 wbic-p00500 54022835 Sep 13 18:18 mag0000_MP2RAGE.nii.gz
-rw-rw-r--  1 ccn30 ccn30       45875200 Sep 13 18:17 mag0000.img
-rw-rw-r--  1 ccn30 ccn30            352 Sep 13 18:17 mag0000.hdr
-rw-rw----+ 1 ccn30 wbic-p00500 22937952 Sep 13 18:29 c5n4mag0000_PSIR_skulled_std.nii
-rw-rw----+ 1 ccn30 wbic-p00500 22937952 Sep 13 18:29 c4n4mag0000_PSIR_skulled_std.nii
-rw-rw----+ 1 ccn30 wbic-p00500 22937952 Sep 13 18:29 c3n4mag0000_PSIR_skulled_std.nii
-rw-rw----+ 1 ccn30 wbic-p00500 22937952 Sep 13 18:23 c3mag0001.nii
-rw-rw----+ 1 ccn30 wbic-p00500 22937952 Sep 13 18:20 c3mag0000.nii
-rw-rw----+ 1 ccn30 wbic-p00500 22937952 Sep 13 18:29 c2n4mag0000_PSIR_skulled_std.nii
-rw-rw----+ 1 ccn30 wbic-p00500 22937952 Sep 13 18:23 c2mag0001.nii
-rw-rw----+ 1 ccn30 wbic-p00500 22937952 Sep 13 18:20 c2mag0000.nii
-rw-rw----+ 1 ccn30 wbic-p00500 22937952 Sep 13 18:29 c1n4mag0000_PSIR_skulled_std.nii
-rw-rw----+ 1 ccn30 wbic-p00500 22937952 Sep 13 18:23 c1mag0001.nii
-rw-rw----+ 1 ccn30 wbic-p00500 22937952 Sep 13 18:20 c1mag0000.nii
drwxrws---+ 5 ccn30 wbic-p00500     4096 Sep  2 13:53 ..
drwxrws---+ 2 ccn30 wbic-p00500     4096 Sep 13 18:29 .
STEP 6 COMPLETE
total 1679628
-rw-rw-r--  1 ccn30 ccn30       45875200 Sep 13 18:17 phas0001.img
-rw-rw-r--  1 ccn30 ccn30            352 Sep 13 18:17 phas0001.hdr
-rw-rw-r--  1 ccn30 ccn30       45875200 Sep 13 18:17 phas0000.img
-rw-rw-r--  1 ccn30 ccn30            352 Sep 13 18:17 phas0000.hdr
-rw-rw----+ 1 ccn30 wbic-p00500 91750752 Sep 13 18:29 n4mag0000_PSIR_skulled_std_struc_brain.nii
-rw-rw----+ 1 ccn30 wbic-p00500 91750752 Sep 13 18:29 n4mag0000_PSIR_skulled_std_struc_brain_mask.nii
-rw-rw----+ 1 ccn30 wbic-p00500  4341760 Sep 13 18:27 n4mag0000_PSIR_skulled_std_seg8.mat
-rw-rw----+ 1 ccn30 wbic-p00500 91750752 Sep 13 18:25 n4mag0000_PSIR_skulled_std.nii
-rw-rw----+ 1 ccn30 wbic-p00500 91750752 Sep  2 13:53 mp2rage_phase.nii.gz
-rw-rw----+ 1 ccn30 wbic-p00500 91750752 Sep  2 13:53 mp2rage_magnitude.nii.gz
-rw-rw----+ 1 ccn30 wbic-p00500 91750752 Sep 13 18:22 mmag0001.nii
-rw-rw----+ 1 ccn30 wbic-p00500 91750752 Sep 13 18:19 mmag0000.nii
-rw-rw----+ 1 ccn30 wbic-p00500 91750752 Sep 13 18:23 mag0001_skull.nii
-rw-rw----+ 1 ccn30 wbic-p00500 91750752 Sep 13 18:23 mag0001_skull_mask.nii
-rw-rw----+ 1 ccn30 wbic-p00500  4332120 Sep 13 18:22 mag0001_seg8.mat
-rw-rw-r--  1 ccn30 ccn30       45875200 Sep 13 18:17 mag0001.img
-rw-rw-r--  1 ccn30 ccn30            352 Sep 13 18:17 mag0001.hdr
-rw-rw----+ 1 ccn30 wbic-p00500 45875552 Sep 13 18:23 mag0001_brain_skull.nii
-rw-rw----+ 1 ccn30 wbic-p00500 91750752 Sep 13 18:23 mag0001_brain.nii
-rw-rw----+ 1 ccn30 wbic-p00500 45875552 Sep 13 18:23 mag0001_brain_mask.nii
-rw-rw----+ 1 ccn30 wbic-p00500  4332120 Sep 13 18:19 mag0000_seg8.mat
-rw-rw----+ 1 ccn30 wbic-p00500 54521823 Sep 13 18:23 mag0000_PSIR_skulled_std.nii.gz
-rw-rw----+ 1 ccn30 wbic-p00500 54877278 Sep 13 18:23 mag0000_PSIR_skulled.nii.gz
-rw-rw----+ 1 ccn30 wbic-p00500 52737633 Sep 13 18:18 mag0000_PSIR.nii.gz
-rw-rw----+ 1 ccn30 wbic-p00500 61278709 Sep 13 18:18 mag0000_PD_smooth.nii.gz
-rw-rw----+ 1 ccn30 wbic-p00500 54022835 Sep 13 18:18 mag0000_MP2RAGE.nii.gz
-rw-rw-r--  1 ccn30 ccn30       45875200 Sep 13 18:17 mag0000.img
-rw-rw-r--  1 ccn30 ccn30            352 Sep 13 18:17 mag0000.hdr
-rw-rw----+ 1 ccn30 wbic-p00500 22937952 Sep 13 18:29 c5n4mag0000_PSIR_skulled_std.nii
-rw-rw----+ 1 ccn30 wbic-p00500 22937952 Sep 13 18:29 c4n4mag0000_PSIR_skulled_std.nii
-rw-rw----+ 1 ccn30 wbic-p00500 22937952 Sep 13 18:29 c3n4mag0000_PSIR_skulled_std.nii
-rw-rw----+ 1 ccn30 wbic-p00500 22937952 Sep 13 18:23 c3mag0001.nii
-rw-rw----+ 1 ccn30 wbic-p00500 22937952 Sep 13 18:20 c3mag0000.nii
-rw-rw----+ 1 ccn30 wbic-p00500 22937952 Sep 13 18:29 c2n4mag0000_PSIR_skulled_std.nii
-rw-rw----+ 1 ccn30 wbic-p00500 22937952 Sep 13 18:23 c2mag0001.nii
-rw-rw----+ 1 ccn30 wbic-p00500 22937952 Sep 13 18:20 c2mag0000.nii
-rw-rw----+ 1 ccn30 wbic-p00500 22937952 Sep 13 18:29 c1n4mag0000_PSIR_skulled_std.nii
-rw-rw----+ 1 ccn30 wbic-p00500 22937952 Sep 13 18:23 c1mag0001.nii
-rw-rw----+ 1 ccn30 wbic-p00500 22937952 Sep 13 18:20 c1mag0000.nii
drwxrws---+ 5 ccn30 wbic-p00500     4096 Sep  2 13:53 ..
drwxrws---+ 2 ccn30 wbic-p00500     4096 Sep 13 18:29 .
