This is job 36
Time: Wed  6 Oct 12:38:10 BST 2021
Running on master node: cpu-p-71
Current directory: /rds/user/ccn30/hpc-work/WBIC_lustre/ENCRYPT/scripts/EPIs/slurmoutputs
Changed directory to /home/ccn30/rds/hpc-work/WBIC_lustre/ENCRYPT/scripts/EPIs/slurmoutputs.

JobID: 47144573
======
Time: Wed  6 Oct 12:38:10 BST 2021
Running on master node: cpu-p-71
Current directory: /home/ccn30/rds/hpc-work/WBIC_lustre/ENCRYPT/scripts/EPIs/slurmoutputs

Nodes allocated:
================
cpu-p-71

numtasks=, numnodes=, mpi_tasks_per_node= (OMP_NUM_THREADS=1)

Executing command:
==================
/home/ccn30/rds/hpc-work/WBIC_lustre/ENCRYPT/scripts/EPIs/ENCRYPT_prepare.sh /home/ccn30/rds/hpc-work/WBIC_lustre/ENCRYPT/scripts/EPIs/ENCRYPT_preprocess_mainfunc_7T.m /home/ccn30/rds/hpc-work/WBIC_lustre/ENCRYPT /home/ccn30/rds/hpc-work/WBIC_lustre/ENCRYPT/ENCRYPT_MasterRIScodes.txt 36 /home/ccn30/rds/rds-p00500_encrypt-URQgmO1brZ0/p00500/ENCRYPT_images

Wed  6 Oct 12:38:10 BST 2021
The workspace going into this is /home/ccn30/rds/hpc-work/WBIC_lustre/ENCRYPT/scripts/EPIs/ENCRYPT_preprocess_mainfunc_7T.m 32099 HPC  

                            < M A T L A B (R) >
                  Copyright 1984-2017 The MathWorks, Inc.
                   R2017b (9.3.0.713579) 64-bit (glnxa64)
                             September 14, 2017

 
To get started, type one of these: helpwin, helpdesk, or demo.
For product information, visit www.mathworks.com.
 
>> >> >> Path is /home/ccn30/rds/hpc-work/WBIC_lustre/ENCRYPT/scripts/EPIs
>> Function is ENCRYPT_preprocess_mainfunc_7T
>> fMRI dir is /home/ccn30/rds/rds-p00500_encrypt-URQgmO1brZ0/p00500/ENCRYPT_images
>> Environment is HPC
>> Previous step is 
>> This step is 
>> >> Submitting the following command: ENCRYPT_preprocess_mainfunc_7T('topup','','HPC','/home/ccn30/rds/rds-p00500_encrypt-URQgmO1brZ0/p00500/ENCRYPT_images',32099)
>> 

Current subject = 32099...

running topup

ans =

     0

Calculating topup, this can take some time
Calculation status: 0
Topup results present in output dir, now applying topup
Image Exception : #22 :: ERROR: Could not open image /home/ccn30/rds/rds-p00500_encrypt-URQgmO1brZ0/p00500/ENCRYPT_images/32099/fMRI/run1_split0223
terminate called after throwing an instance of 'RBD_COMMON::BaseException'
/usr/local/Cluster-Apps/fsl/5.0.8/fsl/bin/applytopup --imain=/home/ccn30/rds/rds-p00500_encrypt-URQgmO1brZ0/p00500/ENCRYPT_images/32099/fMRI/run1_split0223 --inindex=1 --topup=/home/ccn30/rds/rds-p00500_encrypt-URQgmO1brZ0/p00500/ENCRYPT_images/32099/fMRI/epi_topup_results --datain=/home/ccn30/rds/rds-p00500_encrypt-URQgmO1brZ0/p00500/ENCRYPT_images/32099/fMRI/epi_acq_param.txt --method=jac --out=/home/ccn30/rds/rds-p00500_encrypt-URQgmO1brZ0/p00500/ENCRYPT_images/32099/fMRI/topup_run1_split0223 --verbose: Aborted
Image Exception : #22 :: ERROR: Could not open image /home/ccn30/rds/rds-p00500_encrypt-URQgmO1brZ0/p00500/ENCRYPT_images/32099/fMRI/run1_split0224
terminate called after throwing an instance of 'RBD_COMMON::BaseException'
/usr/local/Cluster-Apps/fsl/5.0.8/fsl/bin/applytopup --imain=/home/ccn30/rds/rds-p00500_encrypt-URQgmO1brZ0/p00500/ENCRYPT_images/32099/fMRI/run1_split0224 --inindex=1 --topup=/home/ccn30/rds/rds-p00500_encrypt-URQgmO1brZ0/p00500/ENCRYPT_images/32099/fMRI/epi_topup_results --datain=/home/ccn30/rds/rds-p00500_encrypt-URQgmO1brZ0/p00500/ENCRYPT_images/32099/fMRI/epi_acq_param.txt --method=jac --out=/home/ccn30/rds/rds-p00500_encrypt-URQgmO1brZ0/p00500/ENCRYPT_images/32099/fMRI/topup_run1_split0224 --verbose: Aborted
Image Exception : #22 :: ERROR: Could not open image /home/ccn30/rds/rds-p00500_encrypt-URQgmO1brZ0/p00500/ENCRYPT_images/32099/fMRI/run1_split0225
terminate called after throwing an instance of 'RBD_COMMON::BaseException'
/usr/local/Cluster-Apps/fsl/5.0.8/fsl/bin/applytopup --imain=/home/ccn30/rds/rds-p00500_encrypt-URQgmO1brZ0/p00500/ENCRYPT_images/32099/fMRI/run1_split0225 --inindex=1 --topup=/home/ccn30/rds/rds-p00500_encrypt-URQgmO1brZ0/p00500/ENCRYPT_images/32099/fMRI/epi_topup_results --datain=/home/ccn30/rds/rds-p00500_encrypt-URQgmO1brZ0/p00500/ENCRYPT_images/32099/fMRI/epi_acq_param.txt --method=jac --out=/home/ccn30/rds/rds-p00500_encrypt-URQgmO1brZ0/p00500/ENCRYPT_images/32099/fMRI/topup_run1_split0225 --verbose: Aborted
Image Exception : #22 :: ERROR: Could not open image /home/ccn30/rds/rds-p00500_encrypt-URQgmO1brZ0/p00500/ENCRYPT_images/32099/fMRI/run1_split0226
terminate called after throwing an instance of 'RBD_COMMON::BaseException'
/usr/local/Cluster-Apps/fsl/5.0.8/fsl/bin/applytopup --imain=/home/ccn30/rds/rds-p00500_encrypt-URQgmO1brZ0/p00500/ENCRYPT_images/32099/fMRI/run1_split0226 --inindex=1 --topup=/home/ccn30/rds/rds-p00500_encrypt-URQgmO1brZ0/p00500/ENCRYPT_images/32099/fMRI/epi_topup_results --datain=/home/ccn30/rds/rds-p00500_encrypt-URQgmO1brZ0/p00500/ENCRYPT_images/32099/fMRI/epi_acq_param.txt --method=jac --out=/home/ccn30/rds/rds-p00500_encrypt-URQgmO1brZ0/p00500/ENCRYPT_images/32099/fMRI/topup_run1_split0226 --verbose: Aborted
Image Exception : #22 :: ERROR: Could not open image /home/ccn30/rds/rds-p00500_encrypt-URQgmO1brZ0/p00500/ENCRYPT_images/32099/fMRI/run1_split0227
terminate called after throwing an instance of 'RBD_COMMON::BaseException'
/usr/local/Cluster-Apps/fsl/5.0.8/fsl/bin/applytopup --imain=/home/ccn30/rds/rds-p00500_encrypt-URQgmO1brZ0/p00500/ENCRYPT_images/32099/fMRI/run1_split0227 --inindex=1 --topup=/home/ccn30/rds/rds-p00500_encrypt-URQgmO1brZ0/p00500/ENCRYPT_images/32099/fMRI/epi_topup_results --datain=/home/ccn30/rds/rds-p00500_encrypt-URQgmO1brZ0/p00500/ENCRYPT_images/32099/fMRI/epi_acq_param.txt --method=jac --out=/home/ccn30/rds/rds-p00500_encrypt-URQgmO1brZ0/p00500/ENCRYPT_images/32099/fMRI/topup_run1_split0227 --verbose: Aborted
Image Exception : #22 :: ERROR: Could not open image /home/ccn30/rds/rds-p00500_encrypt-URQgmO1brZ0/p00500/ENCRYPT_images/32099/fMRI/run1_split0228
terminate called after throwing an instance of 'RBD_COMMON::BaseException'
/usr/local/Cluster-Apps/fsl/5.0.8/fsl/bin/applytopup --imain=/home/ccn30/rds/rds-p00500_encrypt-URQgmO1brZ0/p00500/ENCRYPT_images/32099/fMRI/run1_split0228 --inindex=1 --topup=/home/ccn30/rds/rds-p00500_encrypt-URQgmO1brZ0/p00500/ENCRYPT_images/32099/fMRI/epi_topup_results --datain=/home/ccn30/rds/rds-p00500_encrypt-URQgmO1brZ0/p00500/ENCRYPT_images/32099/fMRI/epi_acq_param.txt --method=jac --out=/home/ccn30/rds/rds-p00500_encrypt-URQgmO1brZ0/p00500/ENCRYPT_images/32099/fMRI/topup_run1_split0228 --verbose: Aborted
Image Exception : #22 :: ERROR: Could not open image /home/ccn30/rds/rds-p00500_encrypt-URQgmO1brZ0/p00500/ENCRYPT_images/32099/fMRI/run1_split0229
terminate called after throwing an instance of 'RBD_COMMON::BaseException'
/usr/local/Cluster-Apps/fsl/5.0.8/fsl/bin/applytopup --imain=/home/ccn30/rds/rds-p00500_encrypt-URQgmO1brZ0/p00500/ENCRYPT_images/32099/fMRI/run1_split0229 --inindex=1 --topup=/home/ccn30/rds/rds-p00500_encrypt-URQgmO1brZ0/p00500/ENCRYPT_images/32099/fMRI/epi_topup_results --datain=/home/ccn30/rds/rds-p00500_encrypt-URQgmO1brZ0/p00500/ENCRYPT_images/32099/fMRI/epi_acq_param.txt --method=jac --out=/home/ccn30/rds/rds-p00500_encrypt-URQgmO1brZ0/p00500/ENCRYPT_images/32099/fMRI/topup_run1_split0229 --verbose: Aborted
Image Exception : #22 :: ERROR: Could not open image /home/ccn30/rds/rds-p00500_encrypt-URQgmO1brZ0/p00500/ENCRYPT_images/32099/fMRI/run1_split0230
terminate called after throwing an instance of 'RBD_COMMON::BaseException'
/usr/local/Cluster-Apps/fsl/5.0.8/fsl/bin/applytopup --imain=/home/ccn30/rds/rds-p00500_encrypt-URQgmO1brZ0/p00500/ENCRYPT_images/32099/fMRI/run1_split0230 --inindex=1 --topup=/home/ccn30/rds/rds-p00500_encrypt-URQgmO1brZ0/p00500/ENCRYPT_images/32099/fMRI/epi_topup_results --datain=/home/ccn30/rds/rds-p00500_encrypt-URQgmO1brZ0/p00500/ENCRYPT_images/32099/fMRI/epi_acq_param.txt --method=jac --out=/home/ccn30/rds/rds-p00500_encrypt-URQgmO1brZ0/p00500/ENCRYPT_images/32099/fMRI/topup_run1_split0230 --verbose: Aborted
Image Exception : #22 :: ERROR: Could not open image /home/ccn30/rds/rds-p00500_encrypt-URQgmO1brZ0/p00500/ENCRYPT_images/32099/fMRI/run1_split0231
terminate called after throwing an instance of 'RBD_COMMON::BaseException'
/usr/local/Cluster-Apps/fsl/5.0.8/fsl/bin/applytopup --imain=/home/ccn30/rds/rds-p00500_encrypt-URQgmO1brZ0/p00500/ENCRYPT_images/32099/fMRI/run1_split0231 --inindex=1 --topup=/home/ccn30/rds/rds-p00500_encrypt-URQgmO1brZ0/p00500/ENCRYPT_images/32099/fMRI/epi_topup_results --datain=/home/ccn30/rds/rds-p00500_encrypt-URQgmO1brZ0/p00500/ENCRYPT_images/32099/fMRI/epi_acq_param.txt --method=jac --out=/home/ccn30/rds/rds-p00500_encrypt-URQgmO1brZ0/p00500/ENCRYPT_images/32099/fMRI/topup_run1_split0231 --verbose: Aborted
Image Exception : #22 :: ERROR: Could not open image /home/ccn30/rds/rds-p00500_encrypt-URQgmO1brZ0/p00500/ENCRYPT_images/32099/fMRI/run1_split0232
terminate called after throwing an instance of 'RBD_COMMON::BaseException'
/usr/local/Cluster-Apps/fsl/5.0.8/fsl/bin/applytopup --imain=/home/ccn30/rds/rds-p00500_encrypt-URQgmO1brZ0/p00500/ENCRYPT_images/32099/fMRI/run1_split0232 --inindex=1 --topup=/home/ccn30/rds/rds-p00500_encrypt-URQgmO1brZ0/p00500/ENCRYPT_images/32099/fMRI/epi_topup_results --datain=/home/ccn30/rds/rds-p00500_encrypt-URQgmO1brZ0/p00500/ENCRYPT_images/32099/fMRI/epi_acq_param.txt --method=jac --out=/home/ccn30/rds/rds-p00500_encrypt-URQgmO1brZ0/p00500/ENCRYPT_images/32099/fMRI/topup_run1_split0232 --verbose: Aborted
Image Exception : #22 :: ERROR: Could not open image /home/ccn30/rds/rds-p00500_encrypt-URQgmO1brZ0/p00500/ENCRYPT_images/32099/fMRI/run1_split0233
terminate called after throwing an instance of 'RBD_COMMON::BaseException'
/usr/local/Cluster-Apps/fsl/5.0.8/fsl/bin/applytopup --imain=/home/ccn30/rds/rds-p00500_encrypt-URQgmO1brZ0/p00500/ENCRYPT_images/32099/fMRI/run1_split0233 --inindex=1 --topup=/home/ccn30/rds/rds-p00500_encrypt-URQgmO1brZ0/p00500/ENCRYPT_images/32099/fMRI/epi_topup_results --datain=/home/ccn30/rds/rds-p00500_encrypt-URQgmO1brZ0/p00500/ENCRYPT_images/32099/fMRI/epi_acq_param.txt --method=jac --out=/home/ccn30/rds/rds-p00500_encrypt-URQgmO1brZ0/p00500/ENCRYPT_images/32099/fMRI/topup_run1_split0233 --verbose: Aborted
Image Exception : #22 :: ERROR: Could not open image /home/ccn30/rds/rds-p00500_encrypt-URQgmO1brZ0/p00500/ENCRYPT_images/32099/fMRI/run1_split0234
terminate called after throwing an instance of 'RBD_COMMON::BaseException'
/usr/local/Cluster-Apps/fsl/5.0.8/fsl/bin/applytopup --imain=/home/ccn30/rds/rds-p00500_encrypt-URQgmO1brZ0/p00500/ENCRYPT_images/32099/fMRI/run1_split0234 --inindex=1 --topup=/home/ccn30/rds/rds-p00500_encrypt-URQgmO1brZ0/p00500/ENCRYPT_images/32099/fMRI/epi_topup_results --datain=/home/ccn30/rds/rds-p00500_encrypt-URQgmO1brZ0/p00500/ENCRYPT_images/32099/fMRI/epi_acq_param.txt --method=jac --out=/home/ccn30/rds/rds-p00500_encrypt-URQgmO1brZ0/p00500/ENCRYPT_images/32099/fMRI/topup_run1_split0234 --verbose: Aborted
Image Exception : #22 :: ERROR: Could not open image /home/ccn30/rds/rds-p00500_encrypt-URQgmO1brZ0/p00500/ENCRYPT_images/32099/fMRI/run1_split0235
terminate called after throwing an instance of 'RBD_COMMON::BaseException'
/usr/local/Cluster-Apps/fsl/5.0.8/fsl/bin/applytopup --imain=/home/ccn30/rds/rds-p00500_encrypt-URQgmO1brZ0/p00500/ENCRYPT_images/32099/fMRI/run1_split0235 --inindex=1 --topup=/home/ccn30/rds/rds-p00500_encrypt-URQgmO1brZ0/p00500/ENCRYPT_images/32099/fMRI/epi_topup_results --datain=/home/ccn30/rds/rds-p00500_encrypt-URQgmO1brZ0/p00500/ENCRYPT_images/32099/fMRI/epi_acq_param.txt --method=jac --out=/home/ccn30/rds/rds-p00500_encrypt-URQgmO1brZ0/p00500/ENCRYPT_images/32099/fMRI/topup_run1_split0235 --verbose: Aborted
Image Exception : #22 :: ERROR: Could not open image /home/ccn30/rds/rds-p00500_encrypt-URQgmO1brZ0/p00500/ENCRYPT_images/32099/fMRI/run1_split0236
terminate called after throwing an instance of 'RBD_COMMON::BaseException'
/usr/local/Cluster-Apps/fsl/5.0.8/fsl/bin/applytopup --imain=/home/ccn30/rds/rds-p00500_encrypt-URQgmO1brZ0/p00500/ENCRYPT_images/32099/fMRI/run1_split0236 --inindex=1 --topup=/home/ccn30/rds/rds-p00500_encrypt-URQgmO1brZ0/p00500/ENCRYPT_images/32099/fMRI/epi_topup_results --datain=/home/ccn30/rds/rds-p00500_encrypt-URQgmO1brZ0/p00500/ENCRYPT_images/32099/fMRI/epi_acq_param.txt --method=jac --out=/home/ccn30/rds/rds-p00500_encrypt-URQgmO1brZ0/p00500/ENCRYPT_images/32099/fMRI/topup_run1_split0236 --verbose: Aborted
Image Exception : #22 :: ERROR: Could not open image /home/ccn30/rds/rds-p00500_encrypt-URQgmO1brZ0/p00500/ENCRYPT_images/32099/fMRI/run1_split0237
terminate called after throwing an instance of 'RBD_COMMON::BaseException'
/usr/local/Cluster-Apps/fsl/5.0.8/fsl/bin/applytopup --imain=/home/ccn30/rds/rds-p00500_encrypt-URQgmO1brZ0/p00500/ENCRYPT_images/32099/fMRI/run1_split0237 --inindex=1 --topup=/home/ccn30/rds/rds-p00500_encrypt-URQgmO1brZ0/p00500/ENCRYPT_images/32099/fMRI/epi_topup_results --datain=/home/ccn30/rds/rds-p00500_encrypt-URQgmO1brZ0/p00500/ENCRYPT_images/32099/fMRI/epi_acq_param.txt --method=jac --out=/home/ccn30/rds/rds-p00500_encrypt-URQgmO1brZ0/p00500/ENCRYPT_images/32099/fMRI/topup_run1_split0237 --verbose: Aborted
Topup applied
>> The workspace going into this is /home/ccn30/rds/hpc-work/WBIC_lustre/ENCRYPT/scripts/EPIs/ENCRYPT_preprocess_mainfunc_7T.m 32099 HPC  

                            < M A T L A B (R) >
                  Copyright 1984-2017 The MathWorks, Inc.
                   R2017b (9.3.0.713579) 64-bit (glnxa64)
                             September 14, 2017

 
To get started, type one of these: helpwin, helpdesk, or demo.
For product information, visit www.mathworks.com.
 
>> >> >> Path is /home/ccn30/rds/hpc-work/WBIC_lustre/ENCRYPT/scripts/EPIs
>> Function is ENCRYPT_preprocess_mainfunc_7T
>> fMRI dir is /home/ccn30/rds/rds-p00500_encrypt-URQgmO1brZ0/p00500/ENCRYPT_images
>> Environment is HPC
>> Previous step is 
>> This step is 
>> >> Submitting the following command: ENCRYPT_preprocess_mainfunc_7T('realign','','HPC','/home/ccn30/rds/rds-p00500_encrypt-URQgmO1brZ0/p00500/ENCRYPT_images',32099)
>> 

Current subject = 32099...

running realign

SPM12: spm_realign (v7141)                         12:53:27 - 06/10/2021
========================================================================
Completed                               :          12:56:34 - 06/10/2021

ans =

  1x3 cell array

    {223x1 struct}    {238x1 struct}    {238x1 struct}

>> The workspace going into this is /home/ccn30/rds/hpc-work/WBIC_lustre/ENCRYPT/scripts/EPIs/ENCRYPT_preprocess_mainfunc_7T.m 32099 HPC  

                            < M A T L A B (R) >
                  Copyright 1984-2017 The MathWorks, Inc.
                   R2017b (9.3.0.713579) 64-bit (glnxa64)
                             September 14, 2017

 
To get started, type one of these: helpwin, helpdesk, or demo.
For product information, visit www.mathworks.com.
 
>> >> >> Path is /home/ccn30/rds/hpc-work/WBIC_lustre/ENCRYPT/scripts/EPIs
>> Function is ENCRYPT_preprocess_mainfunc_7T
>> fMRI dir is /home/ccn30/rds/rds-p00500_encrypt-URQgmO1brZ0/p00500/ENCRYPT_images
>> Environment is HPC
>> Previous step is 
>> This step is 
>> >> Submitting the following command: ENCRYPT_preprocess_mainfunc_7T('reslice','','HPC','/home/ccn30/rds/rds-p00500_encrypt-URQgmO1brZ0/p00500/ENCRYPT_images',32099)
>> 

Current subject = 32099...

running reslice

SPM12: spm_reslice (v7141)                         12:56:47 - 06/10/2021
========================================================================
Completed                               :          13:00:12 - 06/10/2021
>> The workspace going into this is /home/ccn30/rds/hpc-work/WBIC_lustre/ENCRYPT/scripts/EPIs/ENCRYPT_preprocess_mainfunc_7T.m 32099 HPC  

                            < M A T L A B (R) >
                  Copyright 1984-2017 The MathWorks, Inc.
                   R2017b (9.3.0.713579) 64-bit (glnxa64)
                             September 14, 2017

 
To get started, type one of these: helpwin, helpdesk, or demo.
For product information, visit www.mathworks.com.
 
>> >> >> Path is /home/ccn30/rds/hpc-work/WBIC_lustre/ENCRYPT/scripts/EPIs
>> Function is ENCRYPT_preprocess_mainfunc_7T
>> fMRI dir is /home/ccn30/rds/rds-p00500_encrypt-URQgmO1brZ0/p00500/ENCRYPT_images
>> Environment is HPC
>> Previous step is 
>> This step is 
>> >> Submitting the following command: ENCRYPT_preprocess_mainfunc_7T('smooth','','HPC','/home/ccn30/rds/rds-p00500_encrypt-URQgmO1brZ0/p00500/ENCRYPT_images',32099)
>> 

Current subject = 32099...

running smoothing


------------------------------------------------------------------------
06-Oct-2021 13:00:33 - Running job #1
------------------------------------------------------------------------
06-Oct-2021 13:00:33 - Running 'Smooth'
06-Oct-2021 13:02:10 - Done    'Smooth'
06-Oct-2021 13:02:10 - Done

>> 