This is job 17
Time: Sat  9 Oct 19:55:51 BST 2021
Running on master node: cpu-p-83
Current directory: /rds/user/ccn30/hpc-work/WBIC_lustre/ENCRYPT/scripts/EPIs/slurmoutputs
Changed directory to /home/ccn30/rds/hpc-work/WBIC_lustre/ENCRYPT/scripts/EPIs/slurmoutputs.

JobID: 47353763
======
Time: Sat  9 Oct 19:55:51 BST 2021
Running on master node: cpu-p-83
Current directory: /home/ccn30/rds/hpc-work/WBIC_lustre/ENCRYPT/scripts/EPIs/slurmoutputs

Nodes allocated:
================
cpu-p-83

numtasks=, numnodes=, mpi_tasks_per_node= (OMP_NUM_THREADS=1)

Executing command:
==================
/home/ccn30/rds/hpc-work/WBIC_lustre/ENCRYPT/scripts/EPIs/ENCRYPT_prepare.sh /home/ccn30/rds/hpc-work/WBIC_lustre/ENCRYPT/scripts/EPIs/ENCRYPT_preprocess_mainfunc_7T.m /home/ccn30/rds/hpc-work/WBIC_lustre/ENCRYPT /home/ccn30/rds/hpc-work/WBIC_lustre/ENCRYPT/ENCRYPT_MasterRIScodes.txt 17 /home/ccn30/rds/rds-p00500_encrypt-URQgmO1brZ0/p00500/ENCRYPT_images

Sat  9 Oct 19:55:51 BST 2021
The workspace going into this is /home/ccn30/rds/hpc-work/WBIC_lustre/ENCRYPT/scripts/EPIs/ENCRYPT_preprocess_mainfunc_7T.m 26547 HPC STC 

                            < M A T L A B (R) >
                  Copyright 1984-2017 The MathWorks, Inc.
                   R2017b (9.3.0.713579) 64-bit (glnxa64)
                             September 14, 2017

 
To get started, type one of these: helpwin, helpdesk, or demo.
For product information, visit www.mathworks.com.
 
>> >> >> Path is /home/ccn30/rds/hpc-work/WBIC_lustre/ENCRYPT/scripts/EPIs
>> Function is ENCRYPT_preprocess_mainfunc_7T
>> fMRI dir is /home/ccn30/rds/rds-p00500_encrypt-URQgmO1brZ0/p00500/ENCRYPT_images
>> Environment is HPC
>> Previous step is STC
>> This step is smooth
>> >> Submitting the following command: ENCRYPT_preprocess_mainfunc_7T('smooth','STC','HPC','/home/ccn30/rds/rds-p00500_encrypt-URQgmO1brZ0/p00500/ENCRYPT_images',26547)
>> 

Current subject = 26547...

running smoothing
>> 