This is job 25
Time: Wed  6 Oct 12:38:09 BST 2021
Running on master node: cpu-p-114
Current directory: /rds/user/ccn30/hpc-work/WBIC_lustre/ENCRYPT/scripts/EPIs/slurmoutputs
Changed directory to /home/ccn30/rds/hpc-work/WBIC_lustre/ENCRYPT/scripts/EPIs/slurmoutputs.

JobID: 47144562
======
Time: Wed  6 Oct 12:38:09 BST 2021
Running on master node: cpu-p-114
Current directory: /home/ccn30/rds/hpc-work/WBIC_lustre/ENCRYPT/scripts/EPIs/slurmoutputs

Nodes allocated:
================
cpu-p-114

numtasks=, numnodes=, mpi_tasks_per_node= (OMP_NUM_THREADS=1)

Executing command:
==================
/home/ccn30/rds/hpc-work/WBIC_lustre/ENCRYPT/scripts/EPIs/ENCRYPT_prepare.sh /home/ccn30/rds/hpc-work/WBIC_lustre/ENCRYPT/scripts/EPIs/ENCRYPT_preprocess_mainfunc_7T.m /home/ccn30/rds/hpc-work/WBIC_lustre/ENCRYPT /home/ccn30/rds/hpc-work/WBIC_lustre/ENCRYPT/ENCRYPT_MasterRIScodes.txt 25 /home/ccn30/rds/rds-p00500_encrypt-URQgmO1brZ0/p00500/ENCRYPT_images

Wed  6 Oct 12:38:09 BST 2021
The workspace going into this is /home/ccn30/rds/hpc-work/WBIC_lustre/ENCRYPT/scripts/EPIs/ENCRYPT_preprocess_mainfunc_7T.m 27341 HPC  

                            < M A T L A B (R) >
                  Copyright 1984-2017 The MathWorks, Inc.
                   R2017b (9.3.0.713579) 64-bit (glnxa64)
                             September 14, 2017

 
To get started, type one of these: helpwin, helpdesk, or demo.
For product information, visit www.mathworks.com.
 
>> >> >> Path is /home/ccn30/rds/hpc-work/WBIC_lustre/ENCRYPT/scripts/EPIs
>> Function is ENCRYPT_preprocess_mainfunc_7T
>> fMRI dir is /home/ccn30/rds/rds-p00500_encrypt-URQgmO1brZ0/p00500/ENCRYPT_images
>> Environment is HPC
>> Previous step is 
>> This step is 
>> >> Submitting the following command: ENCRYPT_preprocess_mainfunc_7T('topup','','HPC','/home/ccn30/rds/rds-p00500_encrypt-URQgmO1brZ0/p00500/ENCRYPT_images',27341)
>> 

Current subject = 27341...

running topup

ans =

     0

Calculating topup, this can take some time
Calculation status: 0
Topup results present in output dir, now applying topup
Topup applied
>> The workspace going into this is /home/ccn30/rds/hpc-work/WBIC_lustre/ENCRYPT/scripts/EPIs/ENCRYPT_preprocess_mainfunc_7T.m 27341 HPC  

                            < M A T L A B (R) >
                  Copyright 1984-2017 The MathWorks, Inc.
                   R2017b (9.3.0.713579) 64-bit (glnxa64)
                             September 14, 2017

 
To get started, type one of these: helpwin, helpdesk, or demo.
For product information, visit www.mathworks.com.
 
>> >> >> Path is /home/ccn30/rds/hpc-work/WBIC_lustre/ENCRYPT/scripts/EPIs
>> Function is ENCRYPT_preprocess_mainfunc_7T
>> fMRI dir is /home/ccn30/rds/rds-p00500_encrypt-URQgmO1brZ0/p00500/ENCRYPT_images
>> Environment is HPC
>> Previous step is 
>> This step is 
>> >> Submitting the following command: ENCRYPT_preprocess_mainfunc_7T('realign','','HPC','/home/ccn30/rds/rds-p00500_encrypt-URQgmO1brZ0/p00500/ENCRYPT_images',27341)
>> 

Current subject = 27341...

running realign

SPM12: spm_realign (v7141)                         12:53:32 - 06/10/2021
========================================================================
Completed                               :          12:56:47 - 06/10/2021

ans =

  1x3 cell array

    {238x1 struct}    {238x1 struct}    {238x1 struct}

>> The workspace going into this is /home/ccn30/rds/hpc-work/WBIC_lustre/ENCRYPT/scripts/EPIs/ENCRYPT_preprocess_mainfunc_7T.m 27341 HPC  

                            < M A T L A B (R) >
                  Copyright 1984-2017 The MathWorks, Inc.
                   R2017b (9.3.0.713579) 64-bit (glnxa64)
                             September 14, 2017

 
To get started, type one of these: helpwin, helpdesk, or demo.
For product information, visit www.mathworks.com.
 
>> >> >> Path is /home/ccn30/rds/hpc-work/WBIC_lustre/ENCRYPT/scripts/EPIs
>> Function is ENCRYPT_preprocess_mainfunc_7T
>> fMRI dir is /home/ccn30/rds/rds-p00500_encrypt-URQgmO1brZ0/p00500/ENCRYPT_images
>> Environment is HPC
>> Previous step is 
>> This step is 
>> >> Submitting the following command: ENCRYPT_preprocess_mainfunc_7T('reslice','','HPC','/home/ccn30/rds/rds-p00500_encrypt-URQgmO1brZ0/p00500/ENCRYPT_images',27341)
>> 

Current subject = 27341...

running reslice

SPM12: spm_reslice (v7141)                         12:57:00 - 06/10/2021
========================================================================
Completed                               :          13:00:27 - 06/10/2021
>> The workspace going into this is /home/ccn30/rds/hpc-work/WBIC_lustre/ENCRYPT/scripts/EPIs/ENCRYPT_preprocess_mainfunc_7T.m 27341 HPC  

                            < M A T L A B (R) >
                  Copyright 1984-2017 The MathWorks, Inc.
                   R2017b (9.3.0.713579) 64-bit (glnxa64)
                             September 14, 2017

 
To get started, type one of these: helpwin, helpdesk, or demo.
For product information, visit www.mathworks.com.
 
>> >> >> Path is /home/ccn30/rds/hpc-work/WBIC_lustre/ENCRYPT/scripts/EPIs
>> Function is ENCRYPT_preprocess_mainfunc_7T
>> fMRI dir is /home/ccn30/rds/rds-p00500_encrypt-URQgmO1brZ0/p00500/ENCRYPT_images
>> Environment is HPC
>> Previous step is 
>> This step is 
>> >> Submitting the following command: ENCRYPT_preprocess_mainfunc_7T('smooth','','HPC','/home/ccn30/rds/rds-p00500_encrypt-URQgmO1brZ0/p00500/ENCRYPT_images',27341)
>> 

Current subject = 27341...

running smoothing


------------------------------------------------------------------------
06-Oct-2021 13:00:48 - Running job #1
------------------------------------------------------------------------
06-Oct-2021 13:00:48 - Running 'Smooth'
06-Oct-2021 13:02:24 - Done    'Smooth'
06-Oct-2021 13:02:24 - Done

>> 