ModuleCmd_Load.c(208):ERROR:105: Unable to locate a modulefile for 'rhel7/default-peta4'
/lustre/scratch/wbic-beta/ccn30/ENCRYPT/scripts/EPIs/slurmoutputs
wbic-cs-10
Sun Oct 11 15:52:21 BST 2020
-------- freesurfer-Linux-centos6_x86_64-stable-pub-v6.0.0-2beb96c --------
Setting up environment for FreeSurfer/FS-FAST (and FSL)
FREESURFER_HOME   /applications/freesurfer/freesurfer_6.0.0
FSFAST_HOME       /applications/freesurfer/freesurfer_6.0.0/fsfast
FSF_OUTPUT_FORMAT nii.gz
SUBJECTS_DIR      /applications/freesurfer/freesurfer_6.0.0/subjects
MNI_DIR           /applications/freesurfer/freesurfer_6.0.0/mni
-------- freesurfer-Linux-centos6_x86_64-stable-pub-v6.0.0-2beb96c --------
Setting up environment for FreeSurfer/FS-FAST (and FSL)
FREESURFER_HOME   /applications/freesurfer/freesurfer_6.0.0
FSFAST_HOME       /applications/freesurfer/freesurfer_6.0.0/fsfast
FSF_OUTPUT_FORMAT nii.gz
SUBJECTS_DIR      /applications/freesurfer/freesurfer_6.0.0/subjects
MNI_DIR           /applications/freesurfer/freesurfer_6.0.0/mni
FSL_DIR           /applications/fsl/fsl-5.0.9
Changed directory to /lustre/scratch/wbic-beta/ccn30/ENCRYPT/scripts/EPIs/slurmoutputs.

JobID: 5459932
======
Time: Sun Oct 11 15:52:21 BST 2020
Running on master node: wbic-cs-10
Current directory: /lustre/scratch/wbic-beta/ccn30/ENCRYPT/scripts/EPIs/slurmoutputs
/var/spool/slurm/slurmd/job5459932/slurm_script: line 150: generate_pbs_nodefile: command not found

Nodes allocated:
================


numtasks=1, numnodes=1, mpi_tasks_per_node=1 (OMP_NUM_THREADS=1)

Executing command:
==================
/lustre/scratch/wbic-beta/ccn30/ENCRYPT/scripts/EPIs/ENCRYPT_prepare.sh /lustre/scratch/wbic-beta/ccn30/ENCRYPT/scripts/EPIs/ENCRYPT_preprocess_mainfunc_7T.m /lustre/scratch/wbic-beta/ccn30/ENCRYPT/scripts/EPIs/ENCRYPT_subjects_parameters.m 14 HPHI raw topup  >output_14_topup_raw 2>error_14_topup_raw

slurmstepd: error: *** JOB 5459932 ON wbic-cs-10 CANCELLED AT 2020-10-11T15:56:25 ***
