This is job 48
Time: Thu 16 Sep 12:56:47 BST 2021
Running on master node: cpu-p-301
Current directory: /rds/user/ccn30/hpc-work/WBIC_lustre/ENCRYPT/scripts/Registration/slurmoutputs
Changed directory to /home/ccn30/rds/hpc-work/WBIC_lustre/ENCRYPT/scripts/Registration/slurmoutputs.

JobID: 46502822
======
Time: Thu 16 Sep 12:56:47 BST 2021
Running on master node: cpu-p-301
Current directory: /home/ccn30/rds/hpc-work/WBIC_lustre/ENCRYPT/scripts/Registration/slurmoutputs

Nodes allocated:
================
cpu-p-301

numtasks=, numnodes=, mpi_tasks_per_node= (OMP_NUM_THREADS=1)

Executing command:
==================
/home/ccn30/rds/hpc-work/WBIC_lustre/ENCRYPT/scripts/Registration/coreg_main.sh /home/ccn30/rds/hpc-work/WBIC_lustre/ENCRYPT/ENCRYPT_MasterRIScodes.txt 48 /home/ccn30/rds/rds-p00500_encrypt-URQgmO1brZ0/p00500 /home/ccn30/rds/hpc-work/WBIC_home/ENCRYPT/atlases/magdeburgatlas

******** starting 32619 ********
All_Command_lines_OK
Using double precision for computations.
=============================================================================
The composite transform comprises the following transforms (in order): 
  1. Center of mass alignment using fixed image: /home/ccn30/rds/hpc-work/WBIC_home/ENCRYPT/atlases/magdeburgatlas/template/template.nii.gz and moving image: /home/ccn30/rds/rds-p00500_encrypt-URQgmO1brZ0/p00500/ENCRYPT_images/32619/mp2rage/denoise_n4mag0000_PSIR_skulled_std.nii (type = Euler3DTransform)
=============================================================================
  number of levels = 4
  number of levels = 4
  fixed image: /home/ccn30/rds/hpc-work/WBIC_home/ENCRYPT/atlases/magdeburgatlas/template/template.nii.gz
  moving image: /home/ccn30/rds/rds-p00500_encrypt-URQgmO1brZ0/p00500/ENCRYPT_images/32619/mp2rage/denoise_n4mag0000_PSIR_skulled_std.nii
  fixed image: /home/ccn30/rds/hpc-work/WBIC_home/ENCRYPT/atlases/magdeburgatlas/template/template.nii.gz
  moving image: /home/ccn30/rds/rds-p00500_encrypt-URQgmO1brZ0/p00500/ENCRYPT_images/32619/mp2rage/denoise_n4mag0000_PSIR_skulled_std.nii
Dimension = 3
Number of stages = 2
Use Histogram Matching true
Winsorize image intensities true
Lower quantile = 0.005
Upper quantile = 0.995
Stage 1 State
   Image metric = Mattes
     Fixed image = Image (0x2e9f200)
  RTTI typeinfo:   itk::Image<double, 3u>
  Reference Count: 2
  Modified Time: 1698
  Debug: Off
  Object Name: 
  Observers: 
    none
  Source: (none)
  Source output name: (none)
  Release Data: Off
  Data Released: False
  Global Release Data: Off
  PipelineMTime: 0
  UpdateMTime: 1481
  RealTimeStamp: 0 seconds 
  LargestPossibleRegion: 
    Dimension: 3
    Index: [0, 0, 0]
    Size: [384, 301, 288]
  BufferedRegion: 
    Dimension: 3
    Index: [0, 0, 0]
    Size: [384, 301, 288]
  RequestedRegion: 
    Dimension: 3
    Index: [0, 0, 0]
    Size: [384, 301, 288]
  Spacing: [0.598958, 0.598958, 0.599937]
  Origin: [83.4012, -147.626, 85.1783]
  Direction: 
-0 0 -1
1 -0 0
0 -1 0

  IndexToPointMatrix: 
0 0 -0.599937
0.598958 0 0
0 -0.598958 0

  PointToIndexMatrix: 
0 1.66957 0
0 0 -1.66957
-1.66684 0 0

  Inverse Direction: 
0 1 0
0 0 -1
-1 0 0

  PixelContainer: 
    ImportImageContainer (0x2e8fdc0)
      RTTI typeinfo:   itk::ImportImageContainer<unsigned long, double>
      Reference Count: 1
      Modified Time: 1478
      Debug: Off
      Object Name: 
      Observers: 
        none
      Pointer: 0x2b45dfa07010
      Container manages memory: true
      Size: 33288192
      Capacity: 33288192

     Moving image = Image (0x2ea33f0)
  RTTI typeinfo:   itk::Image<double, 3u>
  Reference Count: 2
  Modified Time: 1699
  Debug: Off
  Object Name: 
  Observers: 
    none
  Source: (none)
  Source output name: (none)
  Release Data: Off
  Data Released: False
  Global Release Data: Off
  PipelineMTime: 0
  UpdateMTime: 1696
  RealTimeStamp: 0 seconds 
  LargestPossibleRegion: 
    Dimension: 3
    Index: [0, 0, 0]
    Size: [224, 320, 320]
  BufferedRegion: 
    Dimension: 3
    Index: [0, 0, 0]
    Size: [224, 320, 320]
  RequestedRegion: 
    Dimension: 3
    Index: [0, 0, 0]
    Size: [224, 320, 320]
  Spacing: [0.7, 0.7, 0.7]
  Origin: [-79.2964, 78.4178, -103.242]
  Direction: 
1 0 0
0 -1 0
0 0 1

  IndexToPointMatrix: 
0.7 0 0
0 -0.7 0
0 0 0.7

  PointToIndexMatrix: 
1.42857 0 0
0 -1.42857 0
0 0 1.42857

  Inverse Direction: 
1 0 0
0 -1 0
0 0 1

  PixelContainer: 
    ImportImageContainer (0x2ea36b0)
      RTTI typeinfo:   itk::ImportImageContainer<unsigned long, double>
      Reference Count: 1
      Modified Time: 1693
      Debug: Off
      Object Name: 
      Observers: 
        none
      Pointer: 0x2b45ef800010
      Container manages memory: true
      Size: 22937600
      Capacity: 22937600

     Weighting = 1
     Sampling strategy = regular
     Number of bins = 32
     Radius = 4
     Sampling percentage  = 0.25
   Transform = Rigid
     Gradient step = 0.1
     Update field sigma (voxel space) = 0
     Total field sigma (voxel space) = 0
     Update field time sigma = 0
     Total field time sigma  = 0
     Number of time indices = 0
     Number of time point samples = 0
Stage 2 State
   Image metric = Mattes
     Fixed image = Image (0x2eb2060)
  RTTI typeinfo:   itk::Image<double, 3u>
  Reference Count: 2
  Modified Time: 2130
  Debug: Off
  Object Name: 
  Observers: 
    none
  Source: (none)
  Source output name: (none)
  Release Data: Off
  Data Released: False
  Global Release Data: Off
  PipelineMTime: 0
  UpdateMTime: 1913
  RealTimeStamp: 0 seconds 
  LargestPossibleRegion: 
    Dimension: 3
    Index: [0, 0, 0]
    Size: [384, 301, 288]
  BufferedRegion: 
    Dimension: 3
    Index: [0, 0, 0]
    Size: [384, 301, 288]
  RequestedRegion: 
    Dimension: 3
    Index: [0, 0, 0]
    Size: [384, 301, 288]
  Spacing: [0.598958, 0.598958, 0.599937]
  Origin: [83.4012, -147.626, 85.1783]
  Direction: 
-0 0 -1
1 -0 0
0 -1 0

  IndexToPointMatrix: 
0 0 -0.599937
0.598958 0 0
0 -0.598958 0

  PointToIndexMatrix: 
0 1.66957 0
0 0 -1.66957
-1.66684 0 0

  Inverse Direction: 
0 1 0
0 0 -1
-1 0 0

  PixelContainer: 
    ImportImageContainer (0x2ea6140)
      RTTI typeinfo:   itk::ImportImageContainer<unsigned long, double>
      Reference Count: 1
      Modified Time: 1910
      Debug: Off
      Object Name: 
      Observers: 
        none
      Pointer: 0x2b45fa701010
      Container manages memory: true
      Size: 33288192
      Capacity: 33288192

     Moving image = Image (0x2eb3e80)
  RTTI typeinfo:   itk::Image<double, 3u>
  Reference Count: 2
  Modified Time: 2131
  Debug: Off
  Object Name: 
  Observers: 
    none
  Source: (none)
  Source output name: (none)
  Release Data: Off
  Data Released: False
  Global Release Data: Off
  PipelineMTime: 0
  UpdateMTime: 2128
  RealTimeStamp: 0 seconds 
  LargestPossibleRegion: 
    Dimension: 3
    Index: [0, 0, 0]
    Size: [224, 320, 320]
  BufferedRegion: 
    Dimension: 3
    Index: [0, 0, 0]
    Size: [224, 320, 320]
  RequestedRegion: 
    Dimension: 3
    Index: [0, 0, 0]
    Size: [224, 320, 320]
  Spacing: [0.7, 0.7, 0.7]
  Origin: [-79.2964, 78.4178, -103.242]
  Direction: 
1 0 0
0 -1 0
0 0 1

  IndexToPointMatrix: 
0.7 0 0
0 -0.7 0
0 0 0.7

  PointToIndexMatrix: 
1.42857 0 0
0 -1.42857 0
0 0 1.42857

  Inverse Direction: 
1 0 0
0 -1 0
0 0 1

  PixelContainer: 
    ImportImageContainer (0x2eae540)
      RTTI typeinfo:   itk::ImportImageContainer<unsigned long, double>
      Reference Count: 1
      Modified Time: 2125
      Debug: Off
      Object Name: 
      Observers: 
        none
      Pointer: 0x2b460a4fa010
      Container manages memory: true
      Size: 22937600
      Capacity: 22937600

     Weighting = 1
     Sampling strategy = regular
     Number of bins = 32
     Radius = 4
     Sampling percentage  = 0.25
   Transform = Affine
     Gradient step = 0.1
     Update field sigma (voxel space) = 0
     Total field sigma (voxel space) = 0
     Update field time sigma = 0
     Total field time sigma  = 0
     Number of time indices = 0
     Number of time point samples = 0
Registration using 2 total stages.

Stage 0
  iterations = 1000x500x250x100
  convergence threshold = 1e-06
  convergence window size = 10
  number of levels = 4
  using the Mattes MI metric (number of bins = 32, weight = 1)
  preprocessing:  winsorizing the image intensities
  preprocessing:  histogram matching the images
  Shrink factors (level 1 out of 4): [8, 8, 8]
  Shrink factors (level 2 out of 4): [4, 4, 4]
  Shrink factors (level 3 out of 4): [2, 2, 2]
  Shrink factors (level 4 out of 4): [1, 1, 1]
  smoothing sigmas per level: [3, 2, 1, 0]
  regular sampling (percentage = 0.25)

*** Running Euler3DTransform registration ***

DIAGNOSTIC,Iteration,metricValue,convergenceValue,ITERATION_TIME_INDEX,SINCE_LAST
 2DIAGNOSTIC,     1, -5.018195001646e-01, 1.797693134862e+308, 2.4974e+00, 2.4974e+00, 
 2DIAGNOSTIC,     2, -5.045263519921e-01, 1.797693134862e+308, 2.5310e+00, 3.3579e-02, 
 2DIAGNOSTIC,     3, -5.094996056515e-01, 1.797693134862e+308, 2.5551e+00, 2.4142e-02, 
 2DIAGNOSTIC,     4, -5.176533903345e-01, 1.797693134862e+308, 2.5885e+00, 3.3379e-02, 
 2DIAGNOSTIC,     5, -5.305433928973e-01, 1.797693134862e+308, 2.6127e+00, 2.4170e-02, 
 2DIAGNOSTIC,     6, -5.530381086461e-01, 1.797693134862e+308, 2.6468e+00, 3.4076e-02, 
 2DIAGNOSTIC,     7, -5.891990638856e-01, 1.797693134862e+308, 2.6712e+00, 2.4403e-02, 
 2DIAGNOSTIC,     8, -6.267802632258e-01, 1.797693134862e+308, 2.7074e+00, 3.6185e-02, 
 2DIAGNOSTIC,     9, -6.305653048084e-01, 1.797693134862e+308, 2.7407e+00, 3.3365e-02, 
 2DIAGNOSTIC,    10, -6.314888894237e-01, 1.825130785954e-02, 2.7736e+00, 3.2892e-02, 
 2DIAGNOSTIC,    11, -6.360786921347e-01, 1.680150938087e-02, 2.8006e+00, 2.7021e-02, 
 2DIAGNOSTIC,    12, -6.390735480446e-01, 1.432891783972e-02, 2.8334e+00, 3.2727e-02, 
 2DIAGNOSTIC,    13, -6.404942674221e-01, 1.121567585662e-02, 2.8557e+00, 2.2347e-02, 
 2DIAGNOSTIC,    14, -6.419424591541e-01, 7.926759552371e-03, 2.9022e+00, 4.6492e-02, 
 2DIAGNOSTIC,    15, -6.425694506408e-01, 4.848233078357e-03, 2.9386e+00, 3.6453e-02, 
 2DIAGNOSTIC,    16, -6.426340520503e-01, 2.408688312359e-03, 2.9659e+00, 2.7220e-02, 
 2DIAGNOSTIC,    17, -6.425643610095e-01, 1.047448038121e-03, 3.0033e+00, 3.7404e-02, 
 2DIAGNOSTIC,    18, -6.428301166360e-01, 7.549889909214e-04, 3.0289e+00, 2.5646e-02, 
 2DIAGNOSTIC,    19, -6.426859085426e-01, 5.181150105514e-04, 3.0531e+00, 2.4134e-02, 
 2DIAGNOSTIC,    20, -6.426947082424e-01, 2.789103997165e-04, 3.0856e+00, 3.2571e-02, 
 2DIAGNOSTIC,    21, -6.426996661445e-01, 1.404587398591e-04, 3.1129e+00, 2.7249e-02, 
 2DIAGNOSTIC,    22, -6.427206106425e-01, 6.661175088839e-05, 3.1459e+00, 3.3050e-02, 
 2DIAGNOSTIC,    23, -6.427447896542e-01, 2.221529900691e-05, 3.1769e+00, 3.1011e-02, 
 2DIAGNOSTIC,    24, -6.427429168723e-01, 7.650189215433e-06, 3.2138e+00, 3.6899e-02, 
 2DIAGNOSTIC,    25, -6.427438307356e-01, 5.503585434698e-06, 3.2447e+00, 3.0917e-02, 
 2DIAGNOSTIC,    26, -6.427266719000e-01, 4.044117479736e-06, 3.2714e+00, 2.6699e-02, 
 2DIAGNOSTIC,    27, -6.427281476200e-01, 1.106269785174e-06, 3.3071e+00, 3.5665e-02, 
 2DIAGNOSTIC,    28, -6.427121510219e-01, 2.599791803289e-06, 3.3319e+00, 2.4749e-02, 
 2DIAGNOSTIC,    29, -6.427174858300e-01, 1.638974736165e-06, 3.3643e+00, 3.2461e-02, 
 2DIAGNOSTIC,    30, -6.427291646856e-01, 1.018285746918e-06, 3.3912e+00, 2.6905e-02, 
DIAGNOSTIC,Iteration,metricValue,convergenceValue,ITERATION_TIME_INDEX,SINCE_LAST
 2DIAGNOSTIC,     1, -5.808082175292e-01, 1.797693134862e+308, 6.1531e+00, 2.7619e+00, 
 2DIAGNOSTIC,     2, -5.810625055608e-01, 1.797693134862e+308, 6.3732e+00, 2.2009e-01, 
 2DIAGNOSTIC,     3, -5.811678297260e-01, 1.797693134862e+308, 6.5938e+00, 2.2065e-01, 
 2DIAGNOSTIC,     4, -5.812351985287e-01, 1.797693134862e+308, 6.8112e+00, 2.1735e-01, 
 2DIAGNOSTIC,     5, -5.813767317811e-01, 1.797693134862e+308, 7.0673e+00, 2.5608e-01, 
 2DIAGNOSTIC,     6, -5.814360221488e-01, 1.797693134862e+308, 7.3873e+00, 3.2000e-01, 
 2DIAGNOSTIC,     7, -5.814463829502e-01, 1.797693134862e+308, 7.6532e+00, 2.6595e-01, 
 2DIAGNOSTIC,     8, -5.814843807317e-01, 1.797693134862e+308, 7.9060e+00, 2.5281e-01, 
 2DIAGNOSTIC,     9, -5.815110968031e-01, 1.797693134862e+308, 8.1921e+00, 2.8605e-01, 
 2DIAGNOSTIC,    10, -5.815138369892e-01, 7.300599350214e-05, 8.4787e+00, 2.8658e-01, 
 2DIAGNOSTIC,    11, -5.815097557360e-01, 4.712511917584e-05, 8.7316e+00, 2.5296e-01, 
 2DIAGNOSTIC,    12, -5.815102226136e-01, 3.197785475989e-05, 8.9886e+00, 2.5695e-01, 
 2DIAGNOSTIC,    13, -5.815074791496e-01, 2.036927379824e-05, 9.2407e+00, 2.5218e-01, 
 2DIAGNOSTIC,    14, -5.815048332852e-01, 1.092044156564e-05, 9.4919e+00, 2.5118e-01, 
 2DIAGNOSTIC,    15, -5.815067577873e-01, 6.583871292681e-06, 9.7503e+00, 2.5835e-01, 
 2DIAGNOSTIC,    16, -5.815058683871e-01, 4.180554352542e-06, 9.9993e+00, 2.4904e-01, 
 2DIAGNOSTIC,    17, -5.815061259070e-01, 2.143460380299e-06, 1.0218e+01, 2.1881e-01, 
 2DIAGNOSTIC,    18, -5.815066255582e-01, 1.333265804614e-06, 1.0468e+01, 2.5033e-01, 
 2DIAGNOSTIC,    19, -5.815047778593e-01, 1.285911964813e-06, 1.0732e+01, 2.6384e-01, 
 2DIAGNOSTIC,    20, -5.815043650055e-01, 1.339266493081e-06, 1.0948e+01, 2.1586e-01, 
 2DIAGNOSTIC,    21, -5.815026793766e-01, 1.274748721795e-06, 1.1234e+01, 2.8578e-01, 
 2DIAGNOSTIC,    22, -5.815043453821e-01, 1.287883114071e-06, 1.1487e+01, 2.5353e-01, 
 2DIAGNOSTIC,    23, -5.815021621366e-01, 1.210133959373e-06, 1.1707e+01, 2.1906e-01, 
 2DIAGNOSTIC,    24, -5.815028256067e-01, 1.115206411474e-06, 1.1926e+01, 2.1997e-01, 
 2DIAGNOSTIC,    25, -5.815052618904e-01, 1.133654071027e-06, 1.2176e+01, 2.4957e-01, 
 2DIAGNOSTIC,    26, -5.815032788053e-01, 1.107770066608e-06, 1.2396e+01, 2.2035e-01, 
 2DIAGNOSTIC,    27, -5.815043388157e-01, 1.119291428028e-06, 1.2651e+01, 2.5479e-01, 
 2DIAGNOSTIC,    28, -5.815027996418e-01, 1.118003722066e-06, 1.2931e+01, 2.7934e-01, 
 2DIAGNOSTIC,    29, -5.815034163664e-01, 1.098297089039e-06, 1.3213e+01, 2.8240e-01, 
 2DIAGNOSTIC,    30, -5.815022416459e-01, 1.053556063918e-06, 1.3465e+01, 2.5232e-01, 
DIAGNOSTIC,Iteration,metricValue,convergenceValue,ITERATION_TIME_INDEX,SINCE_LAST
 2DIAGNOSTIC,     1, -5.036754577014e-01, 1.797693134862e+308, 1.8085e+01, 4.6199e+00, 
 2DIAGNOSTIC,     2, -5.038692699340e-01, 1.797693134862e+308, 1.9696e+01, 1.6113e+00, 
 2DIAGNOSTIC,     3, -5.039227964858e-01, 1.797693134862e+308, 2.1327e+01, 1.6309e+00, 
 2DIAGNOSTIC,     4, -5.039446254559e-01, 1.797693134862e+308, 2.2945e+01, 1.6180e+00, 
 2DIAGNOSTIC,     5, -5.040048660850e-01, 1.797693134862e+308, 2.4810e+01, 1.8650e+00, 
 2DIAGNOSTIC,     6, -5.040495461999e-01, 1.797693134862e+308, 2.7386e+01, 2.5754e+00, 
 2DIAGNOSTIC,     7, -5.040534199980e-01, 1.797693134862e+308, 2.9007e+01, 1.6209e+00, 
 2DIAGNOSTIC,     8, -5.040625155822e-01, 1.797693134862e+308, 3.0861e+01, 1.8548e+00, 
 2DIAGNOSTIC,     9, -5.040615312175e-01, 1.797693134862e+308, 3.2943e+01, 2.0811e+00, 
 2DIAGNOSTIC,    10, -5.040606361146e-01, 4.318769513745e-05, 3.5284e+01, 2.3417e+00, 
 2DIAGNOSTIC,    11, -5.040604234276e-01, 2.448600112805e-05, 3.7145e+01, 1.8611e+00, 
 2DIAGNOSTIC,    12, -5.040603867122e-01, 1.604467231611e-05, 3.9239e+01, 2.0938e+00, 
 2DIAGNOSTIC,    13, -5.040600144958e-01, 1.002678893415e-05, 4.1363e+01, 2.1242e+00, 
 2DIAGNOSTIC,    14, -5.040597348427e-01, 5.002631463691e-06, 4.3224e+01, 1.8603e+00, 
 2DIAGNOSTIC,    15, -5.040597595033e-01, 2.624806573828e-06, 4.5105e+01, 1.8815e+00, 
 2DIAGNOSTIC,    16, -5.040596178350e-01, 2.067028169794e-06, 4.6745e+01, 1.6395e+00, 
 2DIAGNOSTIC,    17, -5.040594894165e-01, 1.682425963191e-06, 4.8382e+01, 1.6376e+00, 
 2DIAGNOSTIC,    18, -5.040595390295e-01, 1.645259518034e-06, 4.9998e+01, 1.6160e+00, 
 2DIAGNOSTIC,    19, -5.040594664703e-01, 1.592645413197e-06, 5.2096e+01, 2.0983e+00, 
 2DIAGNOSTIC,    20, -5.040593389467e-01, 1.524091814545e-06, 5.3964e+01, 1.8673e+00, 
 2DIAGNOSTIC,    21, -5.040593598985e-01, 1.463074341741e-06, 5.5818e+01, 1.8544e+00, 
 2DIAGNOSTIC,    22, -5.040592247644e-01, 1.408214125836e-06, 5.7675e+01, 1.8572e+00, 
 2DIAGNOSTIC,    23, -5.040590806022e-01, 1.349197501964e-06, 5.9370e+01, 1.6949e+00, 
 2DIAGNOSTIC,    24, -5.040589469818e-01, 1.288568073743e-06, 6.0977e+01, 1.6065e+00, 
 2DIAGNOSTIC,    25, -5.040588313490e-01, 1.234331662825e-06, 6.2842e+01, 1.8651e+00, 
 2DIAGNOSTIC,    26, -5.040588610654e-01, 1.185494836277e-06, 6.4462e+01, 1.6206e+00, 
 2DIAGNOSTIC,    27, -5.040587505802e-01, 1.138743651208e-06, 6.6077e+01, 1.6148e+00, 
 2DIAGNOSTIC,    28, -5.040586775418e-01, 1.098703948946e-06, 6.7695e+01, 1.6174e+00, 
 2DIAGNOSTIC,    29, -5.040589649703e-01, 1.069259019500e-06, 6.9811e+01, 2.1162e+00, 
 2DIAGNOSTIC,    30, -5.040588510745e-01, 1.039611806503e-06, 7.1682e+01, 1.8710e+00, 
 2DIAGNOSTIC,    31, -5.040585688754e-01, 1.009198904098e-06, 7.3321e+01, 1.6388e+00, 
DIAGNOSTIC,Iteration,metricValue,convergenceValue,ITERATION_TIME_INDEX,SINCE_LAST
 2DIAGNOSTIC,     1, -4.505778079113e-01, 1.797693134862e+308, 9.6789e+01, 2.3468e+01, 
 2DIAGNOSTIC,     2, -4.505773340461e-01, 1.797693134862e+308, 1.1107e+02, 1.4285e+01, 
 2DIAGNOSTIC,     3, -4.505772405519e-01, 1.797693134862e+308, 1.3515e+02, 2.4075e+01, 
 2DIAGNOSTIC,     4, -4.505773395637e-01, 1.797693134862e+308, 1.4791e+02, 1.2762e+01, 
 2DIAGNOSTIC,     5, -4.505773277372e-01, 1.797693134862e+308, 1.6311e+02, 1.5198e+01, 
 2DIAGNOSTIC,     6, -4.505773286552e-01, 1.797693134862e+308, 1.7574e+02, 1.2634e+01, 
 2DIAGNOSTIC,     7, -4.505773154283e-01, 1.797693134862e+308, 1.8844e+02, 1.2696e+01, 
 2DIAGNOSTIC,     8, -4.505772956789e-01, 1.797693134862e+308, 2.0115e+02, 1.2708e+01, 
 2DIAGNOSTIC,     9, -4.505772716833e-01, 1.797693134862e+308, 2.1228e+02, 1.1130e+01, 
 2DIAGNOSTIC,    10, -4.505772337436e-01, 3.143080502463e-06, 2.2521e+02, 1.2935e+01, 
 2DIAGNOSTIC,    11, -4.505772538011e-01, 2.883151373506e-06, 2.3778e+02, 1.2565e+01, 
 2DIAGNOSTIC,    12, -4.505772327851e-01, 2.641441529283e-06, 2.5047e+02, 1.2693e+01, 
 2DIAGNOSTIC,    13, -4.505772344155e-01, 2.433197732951e-06, 2.6478e+02, 1.4307e+01, 
 2DIAGNOSTIC,    14, -4.505772265313e-01, 2.260090188472e-06, 2.7747e+02, 1.2694e+01, 
 2DIAGNOSTIC,    15, -4.505771965668e-01, 2.109408206552e-06, 2.9005e+02, 1.2577e+01, 
 2DIAGNOSTIC,    16, -4.505771827069e-01, 1.978099826633e-06, 3.0115e+02, 1.1101e+01, 
 2DIAGNOSTIC,    17, -4.505771533120e-01, 1.861574535737e-06, 3.1385e+02, 1.2696e+01, 
 2DIAGNOSTIC,    18, -4.505771255711e-01, 1.757247815738e-06, 3.2641e+02, 1.2562e+01, 
 2DIAGNOSTIC,    19, -4.505771025541e-01, 1.663313821745e-06, 3.3912e+02, 1.2711e+01, 
 2DIAGNOSTIC,    20, -4.505770947511e-01, 1.578331056934e-06, 3.5015e+02, 1.1035e+01, 
 2DIAGNOSTIC,    21, -4.505771142187e-01, 1.503775636971e-06, 3.6012e+02, 9.9690e+00, 
 2DIAGNOSTIC,    22, -4.505771278830e-01, 1.436783781318e-06, 3.7273e+02, 1.2608e+01, 
 2DIAGNOSTIC,    23, -4.505771569891e-01, 1.377314179374e-06, 3.8680e+02, 1.4067e+01, 
 2DIAGNOSTIC,    24, -4.505771506934e-01, 1.322974519914e-06, 3.9946e+02, 1.2665e+01, 
 2DIAGNOSTIC,    25, -4.505771223913e-01, 1.271753277840e-06, 4.1055e+02, 1.1085e+01, 
 2DIAGNOSTIC,    26, -4.505771203719e-01, 1.224171434951e-06, 4.2305e+02, 1.2498e+01, 
 2DIAGNOSTIC,    27, -4.505771449941e-01, 1.179925937608e-06, 4.3708e+02, 1.4038e+01, 
 2DIAGNOSTIC,    28, -4.505771586809e-01, 1.138337657906e-06, 4.5131e+02, 1.4224e+01, 
 2DIAGNOSTIC,    29, -4.505770874583e-01, 1.097367816852e-06, 4.6406e+02, 1.2752e+01, 
 2DIAGNOSTIC,    30, -4.505770734989e-01, 1.058694033572e-06, 4.7534e+02, 1.1281e+01, 
 2DIAGNOSTIC,    31, -4.505771019074e-01, 1.023637622027e-06, 4.8801e+02, 1.2672e+01, 
  Elapsed time (stage 0): 4.9634e+02


Stage 1
  iterations = 1000x500x250x100
  convergence threshold = 1.0000e-06
  convergence window size = 10
  number of levels = 4
  using the Mattes MI metric (number of bins = 32, weight = 1.0000e+00)
  preprocessing:  winsorizing the image intensities
  preprocessing:  histogram matching the images
  Shrink factors (level 1 out of 4): [8, 8, 8]
  Shrink factors (level 2 out of 4): [4, 4, 4]
  Shrink factors (level 3 out of 4): [2, 2, 2]
  Shrink factors (level 4 out of 4): [1, 1, 1]
  smoothing sigmas per level: [3, 2, 1, 0]
  regular sampling (percentage = 2.5000e-01)

*** Running AffineTransform registration ***

DIAGNOSTIC,Iteration,metricValue,convergenceValue,ITERATION_TIME_INDEX,SINCE_LAST
 2DIAGNOSTIC,     1, -6.427284557875e-01, 1.797693134862e+308, 2.5313e+00, 2.5313e+00, 
 2DIAGNOSTIC,     2, -6.438755512065e-01, 1.797693134862e+308, 2.5625e+00, 3.1245e-02, 
 2DIAGNOSTIC,     3, -6.455792763196e-01, 1.797693134862e+308, 2.5976e+00, 3.5122e-02, 
 2DIAGNOSTIC,     4, -6.477970560832e-01, 1.797693134862e+308, 2.6279e+00, 3.0238e-02, 
 2DIAGNOSTIC,     5, -6.504347824987e-01, 1.797693134862e+308, 2.6601e+00, 3.2222e-02, 
 2DIAGNOSTIC,     6, -6.531470269002e-01, 1.797693134862e+308, 2.6896e+00, 2.9554e-02, 
 2DIAGNOSTIC,     7, -6.555856606796e-01, 1.797693134862e+308, 2.7220e+00, 3.2388e-02, 
 2DIAGNOSTIC,     8, -6.573057827057e-01, 1.797693134862e+308, 2.7679e+00, 4.5901e-02, 
 2DIAGNOSTIC,     9, -6.576812555055e-01, 1.797693134862e+308, 2.8057e+00, 3.7727e-02, 
 2DIAGNOSTIC,    10, -6.577735987509e-01, 1.723812058516e-03, 2.8405e+00, 3.4828e-02, 
 2DIAGNOSTIC,    11, -6.581774398722e-01, 1.410272835169e-03, 2.8801e+00, 3.9632e-02, 
 2DIAGNOSTIC,    12, -6.587408253997e-01, 1.083894697465e-03, 2.9182e+00, 3.8102e-02, 
 2DIAGNOSTIC,    13, -6.591444561411e-01, 7.799197392416e-04, 2.9620e+00, 4.3755e-02, 
 2DIAGNOSTIC,    14, -6.591637027271e-01, 5.182425423330e-04, 3.0073e+00, 4.5319e-02, 
 2DIAGNOSTIC,    15, -6.591924528719e-01, 3.216207225172e-04, 3.0467e+00, 3.9399e-02, 
 2DIAGNOSTIC,    16, -6.592047266850e-01, 1.932161387434e-04, 3.0943e+00, 4.7642e-02, 
 2DIAGNOSTIC,    17, -6.592010516092e-01, 1.232224957618e-04, 3.1323e+00, 3.7977e-02, 
 2DIAGNOSTIC,    18, -6.591808219915e-01, 9.058048184750e-05, 3.1632e+00, 3.0889e-02, 
 2DIAGNOSTIC,    19, -6.591789080572e-01, 6.193622900216e-05, 3.2019e+00, 3.8736e-02, 
 2DIAGNOSTIC,    20, -6.592006487689e-01, 3.307224866271e-05, 3.2363e+00, 3.4381e-02, 
 2DIAGNOSTIC,    21, -6.591958122233e-01, 1.203001095187e-05, 3.2764e+00, 4.0047e-02, 
 2DIAGNOSTIC,    22, -6.592060237034e-01, 3.030326991324e-06, 3.3159e+00, 3.9550e-02, 
 2DIAGNOSTIC,    23, -6.592016276349e-01, 2.201208233361e-06, 3.3540e+00, 3.8057e-02, 
 2DIAGNOSTIC,    24, -6.591853289100e-01, 1.409056894407e-06, 3.3857e+00, 3.1700e-02, 
 2DIAGNOSTIC,    25, -6.592333176887e-01, 1.994905255966e-06, 3.4244e+00, 3.8752e-02, 
 2DIAGNOSTIC,    26, -6.592430837596e-01, 2.804541809627e-06, 3.4637e+00, 3.9233e-02, 
 2DIAGNOSTIC,    27, -6.592249698937e-01, 3.069012760246e-06, 3.5070e+00, 4.3332e-02, 
 2DIAGNOSTIC,    28, -6.592407900244e-01, 3.095605757737e-06, 3.5467e+00, 3.9708e-02, 
 2DIAGNOSTIC,    29, -6.592300670138e-01, 2.733455277890e-06, 3.5855e+00, 3.8849e-02, 
 2DIAGNOSTIC,    30, -6.592197123068e-01, 2.399928289890e-06, 3.6183e+00, 3.2795e-02, 
 2DIAGNOSTIC,    31, -6.592264847631e-01, 1.982187411119e-06, 3.6562e+00, 3.7871e-02, 
 2DIAGNOSTIC,    32, -6.592495370020e-01, 1.956153072059e-06, 3.6935e+00, 3.7334e-02, 
 2DIAGNOSTIC,    33, -6.592121224706e-01, 1.296489155360e-06, 3.7327e+00, 3.9155e-02, 
DIAGNOSTIC,Iteration,metricValue,convergenceValue,ITERATION_TIME_INDEX,SINCE_LAST
 2DIAGNOSTIC,     1, -5.859536232999e-01, 1.797693134862e+308, 6.5468e+00, 2.8141e+00, 
 2DIAGNOSTIC,     2, -5.869525815127e-01, 1.797693134862e+308, 6.8012e+00, 2.5432e-01, 
 2DIAGNOSTIC,     3, -5.883071063606e-01, 1.797693134862e+308, 7.0513e+00, 2.5011e-01, 
 2DIAGNOSTIC,     4, -5.896847278338e-01, 1.797693134862e+308, 7.3042e+00, 2.5292e-01, 
 2DIAGNOSTIC,     5, -5.908746146466e-01, 1.797693134862e+308, 7.5524e+00, 2.4825e-01, 
 2DIAGNOSTIC,     6, -5.918506044264e-01, 1.797693134862e+308, 7.8019e+00, 2.4944e-01, 
 2DIAGNOSTIC,     7, -5.923172560926e-01, 1.797693134862e+308, 8.1836e+00, 3.8175e-01, 
 2DIAGNOSTIC,     8, -5.924385430728e-01, 1.797693134862e+308, 8.4336e+00, 2.4997e-01, 
 2DIAGNOSTIC,     9, -5.925472118428e-01, 1.797693134862e+308, 8.7043e+00, 2.7072e-01, 
 2DIAGNOSTIC,    10, -5.926404673709e-01, 7.669734600728e-04, 8.9931e+00, 2.8874e-01, 
 2DIAGNOSTIC,    11, -5.927325282008e-01, 5.446285613113e-04, 9.3082e+00, 3.1510e-01, 
 2DIAGNOSTIC,    12, -5.927416183500e-01, 3.507366801512e-04, 9.5777e+00, 2.6959e-01, 
 2DIAGNOSTIC,    13, -5.928215795619e-01, 2.080075670830e-04, 9.8599e+00, 2.8216e-01, 
 2DIAGNOSTIC,    14, -5.929168586512e-01, 1.170315371123e-04, 1.0104e+01, 2.4438e-01, 
 2DIAGNOSTIC,    15, -5.931026880236e-01, 7.105760672017e-05, 1.0441e+01, 3.3683e-01, 
 2DIAGNOSTIC,    16, -5.932118209022e-01, 5.667553262478e-05, 1.0819e+01, 3.7748e-01, 
 2DIAGNOSTIC,    17, -5.932237280912e-01, 5.246307697457e-05, 1.1092e+01, 2.7386e-01, 
 2DIAGNOSTIC,    18, -5.932218638815e-01, 4.728253874449e-05, 1.1366e+01, 2.7349e-01, 
 2DIAGNOSTIC,    19, -5.932214185044e-01, 4.111664105810e-05, 1.1638e+01, 2.7171e-01, 
 2DIAGNOSTIC,    20, -5.932203922950e-01, 3.400092226327e-05, 1.1905e+01, 2.6733e-01, 
 2DIAGNOSTIC,    21, -5.932193087551e-01, 2.661907375718e-05, 1.2143e+01, 2.3799e-01, 
 2DIAGNOSTIC,    22, -5.932183566837e-01, 1.777239094793e-05, 1.2384e+01, 2.4088e-01, 
 2DIAGNOSTIC,    23, -5.932187086679e-01, 9.872914091741e-06, 1.2657e+01, 2.7300e-01, 
 2DIAGNOSTIC,    24, -5.932189854211e-01, 3.672445266334e-06, 1.2886e+01, 2.2880e-01, 
 2DIAGNOSTIC,    25, -5.932171293305e-01, 1.223965651963e-06, 1.3125e+01, 2.3898e-01, 
DIAGNOSTIC,Iteration,metricValue,convergenceValue,ITERATION_TIME_INDEX,SINCE_LAST
 2DIAGNOSTIC,     1, -5.142015954703e-01, 1.797693134862e+308, 1.7944e+01, 4.8198e+00, 
 2DIAGNOSTIC,     2, -5.146037213933e-01, 1.797693134862e+308, 1.9760e+01, 1.8152e+00, 
 2DIAGNOSTIC,     3, -5.148750307899e-01, 1.797693134862e+308, 2.1566e+01, 1.8063e+00, 
 2DIAGNOSTIC,     4, -5.149754613601e-01, 1.797693134862e+308, 2.4105e+01, 2.5386e+00, 
 2DIAGNOSTIC,     5, -5.149998328817e-01, 1.797693134862e+308, 2.6167e+01, 2.0626e+00, 
 2DIAGNOSTIC,     6, -5.150041309721e-01, 1.797693134862e+308, 2.7973e+01, 1.8058e+00, 
 2DIAGNOSTIC,     7, -5.150082281266e-01, 1.797693134862e+308, 3.0038e+01, 2.0647e+00, 
 2DIAGNOSTIC,     8, -5.150079884078e-01, 1.797693134862e+308, 3.2038e+01, 2.0006e+00, 
 2DIAGNOSTIC,     9, -5.150073728530e-01, 1.797693134862e+308, 3.4321e+01, 2.2827e+00, 
 2DIAGNOSTIC,    10, -5.150070618930e-01, 7.314500710122e-05, 3.7400e+01, 3.0789e+00, 
 2DIAGNOSTIC,    11, -5.150070487753e-01, 3.026890863243e-05, 3.9478e+01, 2.0778e+00, 
 2DIAGNOSTIC,    12, -5.150070206464e-01, 1.029321847636e-05, 4.1616e+01, 2.1383e+00, 
 2DIAGNOSTIC,    13, -5.150069948121e-01, 4.112473092260e-06, 4.3420e+01, 1.8038e+00, 
 2DIAGNOSTIC,    14, -5.150069271810e-01, 2.598150427385e-06, 4.5006e+01, 1.5861e+00, 
 2DIAGNOSTIC,    15, -5.150067682892e-01, 2.144465636039e-06, 4.6892e+01, 1.8860e+00, 
 2DIAGNOSTIC,    16, -5.150069506333e-01, 1.895579437944e-06, 4.8952e+01, 2.0604e+00, 
 2DIAGNOSTIC,    17, -5.150070063119e-01, 1.818930364973e-06, 5.1005e+01, 2.0525e+00, 
 2DIAGNOSTIC,    18, -5.150068817308e-01, 1.744865318336e-06, 5.3060e+01, 2.0549e+00, 
 2DIAGNOSTIC,    19, -5.150068552646e-01, 1.662547001610e-06, 5.4867e+01, 1.8070e+00, 
 2DIAGNOSTIC,    20, -5.150067658853e-01, 1.578575016481e-06, 5.6916e+01, 2.0496e+00, 
 2DIAGNOSTIC,    21, -5.150069030255e-01, 1.506909975371e-06, 5.8973e+01, 2.0570e+00, 
 2DIAGNOSTIC,    22, -5.150067966051e-01, 1.438904068340e-06, 6.1020e+01, 2.0463e+00, 
 2DIAGNOSTIC,    23, -5.150067400185e-01, 1.375703594340e-06, 6.3315e+01, 2.2958e+00, 
 2DIAGNOSTIC,    24, -5.150065585575e-01, 1.313009285873e-06, 6.5376e+01, 2.0609e+00, 
 2DIAGNOSTIC,    25, -5.150065002780e-01, 1.251655104603e-06, 6.7186e+01, 1.8100e+00, 
 2DIAGNOSTIC,    26, -5.150066407348e-01, 1.203697658249e-06, 6.9250e+01, 2.0636e+00, 
 2DIAGNOSTIC,    27, -5.150068133250e-01, 1.165742326371e-06, 7.1547e+01, 2.2976e+00, 
 2DIAGNOSTIC,    28, -5.150067717721e-01, 1.128399876447e-06, 7.3605e+01, 2.0578e+00, 
 2DIAGNOSTIC,    29, -5.150066588404e-01, 1.091934094810e-06, 7.5398e+01, 1.7932e+00, 
 2DIAGNOSTIC,    30, -5.150067572584e-01, 1.058554202134e-06, 7.7426e+01, 2.0275e+00, 
 2DIAGNOSTIC,    31, -5.150069028510e-01, 1.032391897637e-06, 7.9457e+01, 2.0309e+00, 
DIAGNOSTIC,Iteration,metricValue,convergenceValue,ITERATION_TIME_INDEX,SINCE_LAST
 2DIAGNOSTIC,     1, -4.603468972851e-01, 1.797693134862e+308, 9.6725e+01, 1.7268e+01, 
 2DIAGNOSTIC,     2, -4.604648134070e-01, 1.797693134862e+308, 1.0948e+02, 1.2750e+01, 
 2DIAGNOSTIC,     3, -4.606550647606e-01, 1.797693134862e+308, 1.2219e+02, 1.2716e+01, 
 2DIAGNOSTIC,     4, -4.609225535788e-01, 1.797693134862e+308, 1.3503e+02, 1.2836e+01, 
 2DIAGNOSTIC,     5, -4.611628722508e-01, 1.797693134862e+308, 1.5491e+02, 1.9887e+01, 
 2DIAGNOSTIC,     6, -4.611903665892e-01, 1.797693134862e+308, 1.7277e+02, 1.7854e+01, 
 2DIAGNOSTIC,     7, -4.611897012845e-01, 1.797693134862e+308, 1.9396e+02, 2.1193e+01, 
 2DIAGNOSTIC,     8, -4.611897188237e-01, 1.797693134862e+308, 2.1528e+02, 2.1319e+01, 
 2DIAGNOSTIC,     9, -4.611897589250e-01, 1.797693134862e+308, 2.2895e+02, 1.3666e+01, 
 2DIAGNOSTIC,    10, -4.611897455382e-01, 1.253135532796e-04, 2.4482e+02, 1.5876e+01, 
 2DIAGNOSTIC,    11, -4.611897476449e-01, 8.091756735935e-05, 2.5929e+02, 1.4471e+01, 
 2DIAGNOSTIC,    12, -4.611897273619e-01, 4.306757775843e-05, 2.7383e+02, 1.4533e+01, 
 2DIAGNOSTIC,    13, -4.611897229776e-01, 1.621105578922e-05, 2.8840e+02, 1.4570e+01, 
 2DIAGNOSTIC,    14, -4.611897116715e-01, 3.431388131886e-06, 3.0112e+02, 1.2728e+01, 
 2DIAGNOSTIC,    15, -4.611896872374e-01, 2.093378089985e-06, 3.1554e+02, 1.4411e+01, 
 2DIAGNOSTIC,    16, -4.611896818990e-01, 1.985142521102e-06, 3.2995e+02, 1.4410e+01, 
 2DIAGNOSTIC,    17, -4.611896811985e-01, 1.865819996588e-06, 3.4268e+02, 1.2736e+01, 
 2DIAGNOSTIC,    18, -4.611896752909e-01, 1.760652652033e-06, 3.6224e+02, 1.9556e+01, 
 2DIAGNOSTIC,    19, -4.611896796292e-01, 1.668670623525e-06, 3.7856e+02, 1.6326e+01, 
 2DIAGNOSTIC,    20, -4.611896647855e-01, 1.585572724921e-06, 3.9299e+02, 1.4429e+01, 
 2DIAGNOSTIC,    21, -4.611896493173e-01, 1.510522515777e-06, 4.0749e+02, 1.4497e+01, 
 2DIAGNOSTIC,    22, -4.611896345913e-01, 1.441745675221e-06, 4.1915e+02, 1.1657e+01, 
 2DIAGNOSTIC,    23, -4.611896215801e-01, 1.378906316782e-06, 4.3354e+02, 1.4397e+01, 
 2DIAGNOSTIC,    24, -4.611896275696e-01, 1.321599623107e-06, 4.4635e+02, 1.2809e+01, 
 2DIAGNOSTIC,    25, -4.611896204706e-01, 1.268480413319e-06, 4.6094e+02, 1.4590e+01, 
 2DIAGNOSTIC,    26, -4.611896348983e-01, 1.220067567552e-06, 4.7548e+02, 1.4541e+01, 
 2DIAGNOSTIC,    27, -4.611896159197e-01, 1.175133246441e-06, 4.9000e+02, 1.4515e+01, 
 2DIAGNOSTIC,    28, -4.611896310947e-01, 1.133925117316e-06, 5.0294e+02, 1.2944e+01, 
 2DIAGNOSTIC,    29, -4.611896238415e-01, 1.095710186333e-06, 5.1748e+02, 1.4533e+01, 
 2DIAGNOSTIC,    30, -4.611896151823e-01, 1.059694630740e-06, 5.3207e+02, 1.4592e+01, 
 2DIAGNOSTIC,    31, -4.611896041333e-01, 1.025565853699e-06, 5.4993e+02, 1.7857e+01, 
  Elapsed time (stage 1): 5.5941e+02


Total elapsed time: 1.0558e+03

--------------------------------------------------------------------------------------
 Mapping parameters
--------------------------------------------------------------------------------------
 ANTSPATH is /usr/local/software/spack/spack-git/opt/spack/linux-rhel7-broadwell/gcc-5/ants-2.3.4-lj6vm7ccmij4yywr4ynrttcko4aoflqt/bin

 Dimensionality:           3
 Output name prefix:       T1xT2_ANTs
 Fixed images:             /home/ccn30/rds/rds-p00500_encrypt-URQgmO1brZ0/p00500/ENCRYPT_images/32619/T2/N4t2.nii
 Moving images:            /home/ccn30/rds/rds-p00500_encrypt-URQgmO1brZ0/p00500/ENCRYPT_images/32619/mp2rage/n4mag0000_PSIR_skulled_std.nii
 Mask images:              
 Initial transforms:       
 Number of threads:        1
 Spline distance:          26
 Transform type:           a
 MI histogram bins:        32
 Precision:                d
 Use histogram matching    0
======================================================================================
 antsRegistration call:
--------------------------------------------------------------------------------------
/usr/local/software/spack/spack-git/opt/spack/linux-rhel7-broadwell/gcc-5/ants-2.3.4-lj6vm7ccmij4yywr4ynrttcko4aoflqt/bin/antsRegistration --verbose 1 --dimensionality 3 --float 0 --collapse-output-transforms 1 --output [ T1xT2_ANTs,T1xT2_ANTsWarped.nii.gz,T1xT2_ANTsInverseWarped.nii.gz ] --interpolation Linear --use-histogram-matching 0 --winsorize-image-intensities [ 0.005,0.995 ] --initial-moving-transform [ /home/ccn30/rds/rds-p00500_encrypt-URQgmO1brZ0/p00500/ENCRYPT_images/32619/T2/N4t2.nii,/home/ccn30/rds/rds-p00500_encrypt-URQgmO1brZ0/p00500/ENCRYPT_images/32619/mp2rage/n4mag0000_PSIR_skulled_std.nii,1 ] --transform Rigid[ 0.1 ] --metric MI[ /home/ccn30/rds/rds-p00500_encrypt-URQgmO1brZ0/p00500/ENCRYPT_images/32619/T2/N4t2.nii,/home/ccn30/rds/rds-p00500_encrypt-URQgmO1brZ0/p00500/ENCRYPT_images/32619/mp2rage/n4mag0000_PSIR_skulled_std.nii,1,32,Regular,0.25 ] --convergence [ 1000x500x250x0,1e-6,10 ] --shrink-factors 12x8x4x2 --smoothing-sigmas 4x3x2x1vox --transform Affine[ 0.1 ] --metric MI[ /home/ccn30/rds/rds-p00500_encrypt-URQgmO1brZ0/p00500/ENCRYPT_images/32619/T2/N4t2.nii,/home/ccn30/rds/rds-p00500_encrypt-URQgmO1brZ0/p00500/ENCRYPT_images/32619/mp2rage/n4mag0000_PSIR_skulled_std.nii,1,32,Regular,0.25 ] --convergence [ 1000x500x250x0,1e-6,10 ] --shrink-factors 12x8x4x2 --smoothing-sigmas 4x3x2x1vox
--------------------------------------------------------------------------------------
All_Command_lines_OK
Using double precision for computations.
=============================================================================
The composite transform comprises the following transforms (in order): 
  1. Center of mass alignment using fixed image: /home/ccn30/rds/rds-p00500_encrypt-URQgmO1brZ0/p00500/ENCRYPT_images/32619/T2/N4t2.nii and moving image: /home/ccn30/rds/rds-p00500_encrypt-URQgmO1brZ0/p00500/ENCRYPT_images/32619/mp2rage/n4mag0000_PSIR_skulled_std.nii (type = Euler3DTransform)
=============================================================================
  number of levels = 4
  number of levels = 4
  fixed image: /home/ccn30/rds/rds-p00500_encrypt-URQgmO1brZ0/p00500/ENCRYPT_images/32619/T2/N4t2.nii
  moving image: /home/ccn30/rds/rds-p00500_encrypt-URQgmO1brZ0/p00500/ENCRYPT_images/32619/mp2rage/n4mag0000_PSIR_skulled_std.nii
  fixed image: /home/ccn30/rds/rds-p00500_encrypt-URQgmO1brZ0/p00500/ENCRYPT_images/32619/T2/N4t2.nii
  moving image: /home/ccn30/rds/rds-p00500_encrypt-URQgmO1brZ0/p00500/ENCRYPT_images/32619/mp2rage/n4mag0000_PSIR_skulled_std.nii
Dimension = 3
Number of stages = 2
Use Histogram Matching false
Winsorize image intensities true
Lower quantile = 0.005
Upper quantile = 0.995
Stage 1 State
   Image metric = Mattes
     Fixed image = Image (0x2d17010)
  RTTI typeinfo:   itk::Image<double, 3u>
  Reference Count: 2
  Modified Time: 1709
  Debug: Off
  Object Name: 
  Observers: 
    none
  Source: (none)
  Source output name: (none)
  Release Data: Off
  Data Released: False
  Global Release Data: Off
  PipelineMTime: 0
  UpdateMTime: 1492
  RealTimeStamp: 0 seconds 
  LargestPossibleRegion: 
    Dimension: 3
    Index: [0, 0, 0]
    Size: [512, 512, 54]
  BufferedRegion: 
    Dimension: 3
    Index: [0, 0, 0]
    Size: [512, 512, 54]
  RequestedRegion: 
    Dimension: 3
    Index: [0, 0, 0]
    Size: [512, 512, 54]
  Spacing: [0.4375, 0.4375, 1.1]
  Origin: [-112, 6.49657, -118.946]
  Direction: 
1 1.2618e-11 -7.38815e-12
1.2618e-11 -0.489382 0.872069
-7.38815e-12 0.872069 0.489382

  IndexToPointMatrix: 
0.4375 5.52038e-12 -8.12697e-12
5.52038e-12 -0.214105 0.959276
-3.23232e-12 0.38153 0.538321

  PointToIndexMatrix: 
2.28571 2.88412e-11 -1.68872e-11
2.88412e-11 -1.11859 1.9933
-6.7165e-12 0.79279 0.444893

  Inverse Direction: 
1 1.2618e-11 -7.38815e-12
1.2618e-11 -0.489382 0.872069
-7.38815e-12 0.872069 0.489382

  PixelContainer: 
    ImportImageContainer (0x2d11980)
      RTTI typeinfo:   itk::ImportImageContainer<unsigned long, double>
      Reference Count: 1
      Modified Time: 1489
      Debug: Off
      Object Name: 
      Observers: 
        none
      Pointer: 0x2b3862d99010
      Container manages memory: true
      Size: 14155776
      Capacity: 14155776

     Moving image = Image (0x2d14b30)
  RTTI typeinfo:   itk::Image<double, 3u>
  Reference Count: 2
  Modified Time: 1710
  Debug: Off
  Object Name: 
  Observers: 
    none
  Source: (none)
  Source output name: (none)
  Release Data: Off
  Data Released: False
  Global Release Data: Off
  PipelineMTime: 0
  UpdateMTime: 1707
  RealTimeStamp: 0 seconds 
  LargestPossibleRegion: 
    Dimension: 3
    Index: [0, 0, 0]
    Size: [224, 320, 320]
  BufferedRegion: 
    Dimension: 3
    Index: [0, 0, 0]
    Size: [224, 320, 320]
  RequestedRegion: 
    Dimension: 3
    Index: [0, 0, 0]
    Size: [224, 320, 320]
  Spacing: [0.7, 0.7, 0.7]
  Origin: [-79.2964, 78.4178, -103.242]
  Direction: 
1 0 0
0 -1 0
0 0 1

  IndexToPointMatrix: 
0.7 0 0
0 -0.7 0
0 0 0.7

  PointToIndexMatrix: 
1.42857 0 0
0 -1.42857 0
0 0 1.42857

  Inverse Direction: 
1 0 0
0 -1 0
0 0 1

  PixelContainer: 
    ImportImageContainer (0x2d11780)
      RTTI typeinfo:   itk::ImportImageContainer<unsigned long, double>
      Reference Count: 1
      Modified Time: 1704
      Debug: Off
      Object Name: 
      Observers: 
        none
      Pointer: 0x2b386999a010
      Container manages memory: true
      Size: 22937600
      Capacity: 22937600

     Weighting = 1
     Sampling strategy = regular
     Number of bins = 32
     Radius = 4
     Sampling percentage  = 0.25
   Transform = Rigid
     Gradient step = 0.1
     Update field sigma (voxel space) = 0
     Total field sigma (voxel space) = 0
     Update field time sigma = 0
     Total field time sigma  = 0
     Number of time indices = 0
     Number of time point samples = 0
Stage 2 State
   Image metric = Mattes
     Fixed image = Image (0x2d26500)
  RTTI typeinfo:   itk::Image<double, 3u>
  Reference Count: 2
  Modified Time: 2141
  Debug: Off
  Object Name: 
  Observers: 
    none
  Source: (none)
  Source output name: (none)
  Release Data: Off
  Data Released: False
  Global Release Data: Off
  PipelineMTime: 0
  UpdateMTime: 1924
  RealTimeStamp: 0 seconds 
  LargestPossibleRegion: 
    Dimension: 3
    Index: [0, 0, 0]
    Size: [512, 512, 54]
  BufferedRegion: 
    Dimension: 3
    Index: [0, 0, 0]
    Size: [512, 512, 54]
  RequestedRegion: 
    Dimension: 3
    Index: [0, 0, 0]
    Size: [512, 512, 54]
  Spacing: [0.4375, 0.4375, 1.1]
  Origin: [-112, 6.49657, -118.946]
  Direction: 
1 1.2618e-11 -7.38815e-12
1.2618e-11 -0.489382 0.872069
-7.38815e-12 0.872069 0.489382

  IndexToPointMatrix: 
0.4375 5.52038e-12 -8.12697e-12
5.52038e-12 -0.214105 0.959276
-3.23232e-12 0.38153 0.538321

  PointToIndexMatrix: 
2.28571 2.88412e-11 -1.68872e-11
2.88412e-11 -1.11859 1.9933
-6.7165e-12 0.79279 0.444893

  Inverse Direction: 
1 1.2618e-11 -7.38815e-12
1.2618e-11 -0.489382 0.872069
-7.38815e-12 0.872069 0.489382

  PixelContainer: 
    ImportImageContainer (0x2d17860)
      RTTI typeinfo:   itk::ImportImageContainer<unsigned long, double>
      Reference Count: 1
      Modified Time: 1921
      Debug: Off
      Object Name: 
      Observers: 
        none
      Pointer: 0x2b387489b010
      Container manages memory: true
      Size: 14155776
      Capacity: 14155776

     Moving image = Image (0x2d2af40)
  RTTI typeinfo:   itk::Image<double, 3u>
  Reference Count: 2
  Modified Time: 2142
  Debug: Off
  Object Name: 
  Observers: 
    none
  Source: (none)
  Source output name: (none)
  Release Data: Off
  Data Released: False
  Global Release Data: Off
  PipelineMTime: 0
  UpdateMTime: 2139
  RealTimeStamp: 0 seconds 
  LargestPossibleRegion: 
    Dimension: 3
    Index: [0, 0, 0]
    Size: [224, 320, 320]
  BufferedRegion: 
    Dimension: 3
    Index: [0, 0, 0]
    Size: [224, 320, 320]
  RequestedRegion: 
    Dimension: 3
    Index: [0, 0, 0]
    Size: [224, 320, 320]
  Spacing: [0.7, 0.7, 0.7]
  Origin: [-79.2964, 78.4178, -103.242]
  Direction: 
1 0 0
0 -1 0
0 0 1

  IndexToPointMatrix: 
0.7 0 0
0 -0.7 0
0 0 0.7

  PointToIndexMatrix: 
1.42857 0 0
0 -1.42857 0
0 0 1.42857

  Inverse Direction: 
1 0 0
0 -1 0
0 0 1

  PixelContainer: 
    ImportImageContainer (0x2d22750)
      RTTI typeinfo:   itk::ImportImageContainer<unsigned long, double>
      Reference Count: 1
      Modified Time: 2136
      Debug: Off
      Object Name: 
      Observers: 
        none
      Pointer: 0x2b387b49c010
      Container manages memory: true
      Size: 22937600
      Capacity: 22937600

     Weighting = 1
     Sampling strategy = regular
     Number of bins = 32
     Radius = 4
     Sampling percentage  = 0.25
   Transform = Affine
     Gradient step = 0.1
     Update field sigma (voxel space) = 0
     Total field sigma (voxel space) = 0
     Update field time sigma = 0
     Total field time sigma  = 0
     Number of time indices = 0
     Number of time point samples = 0
Registration using 2 total stages.

Stage 0
  iterations = 1000x500x250x0
  convergence threshold = 1e-06
  convergence window size = 10
  number of levels = 4
  using the Mattes MI metric (number of bins = 32, weight = 1)
  preprocessing:  winsorizing the image intensities
  Shrink factors (level 1 out of 4): [12, 12, 5]
  Shrink factors (level 2 out of 4): [8, 8, 3]
  Shrink factors (level 3 out of 4): [4, 4, 2]
  Shrink factors (level 4 out of 4): [2, 2, 1]
  smoothing sigmas per level: [4, 3, 2, 1]
  regular sampling (percentage = 0.25)

*** Running Euler3DTransform registration ***

DIAGNOSTIC,Iteration,metricValue,convergenceValue,ITERATION_TIME_INDEX,SINCE_LAST
 2DIAGNOSTIC,     1, -4.853652865747e-01, 1.797693134862e+308, 3.9073e+00, 3.9073e+00, 
 2DIAGNOSTIC,     2, -4.905732220787e-01, 1.797693134862e+308, 3.9199e+00, 1.2526e-02, 
 2DIAGNOSTIC,     3, -4.986288640122e-01, 1.797693134862e+308, 3.9302e+00, 1.0338e-02, 
 2DIAGNOSTIC,     4, -5.125739177101e-01, 1.797693134862e+308, 3.9383e+00, 8.1451e-03, 
 2DIAGNOSTIC,     5, -5.350106237686e-01, 1.797693134862e+308, 3.9464e+00, 8.0249e-03, 
 2DIAGNOSTIC,     6, -5.617592674429e-01, 1.797693134862e+308, 3.9604e+00, 1.4046e-02, 
 2DIAGNOSTIC,     7, -5.902590808509e-01, 1.797693134862e+308, 3.9719e+00, 1.1480e-02, 
 2DIAGNOSTIC,     8, -6.064120942476e-01, 1.797693134862e+308, 3.9845e+00, 1.2616e-02, 
 2DIAGNOSTIC,     9, -6.098866094072e-01, 1.797693134862e+308, 3.9936e+00, 9.0690e-03, 
 2DIAGNOSTIC,    10, -6.132506884716e-01, 1.799866942561e-02, 4.0080e+00, 1.4414e-02, 
 2DIAGNOSTIC,    11, -6.134748411386e-01, 1.530732090123e-02, 4.0227e+00, 1.4693e-02, 
 2DIAGNOSTIC,    12, -6.135636994243e-01, 1.195907231766e-02, 4.0310e+00, 8.3370e-03, 
 2DIAGNOSTIC,    13, -6.135916725376e-01, 8.410069030347e-03, 4.0392e+00, 8.2209e-03, 
 2DIAGNOSTIC,    14, -6.136306036382e-01, 5.149352690384e-03, 4.0500e+00, 1.0801e-02, 
 2DIAGNOSTIC,    15, -6.137714394802e-01, 2.629031114624e-03, 4.0623e+00, 1.2300e-02, 
 2DIAGNOSTIC,    16, -6.139100992646e-01, 1.019536780924e-03, 4.0754e+00, 1.3013e-02, 
 2DIAGNOSTIC,    17, -6.138084049844e-01, 3.312848694299e-04, 4.0836e+00, 8.2729e-03, 
 2DIAGNOSTIC,    18, -6.138135481401e-01, 1.335141102901e-04, 4.0928e+00, 9.1820e-03, 
 2DIAGNOSTIC,    19, -6.135669790774e-01, 2.640850157188e-05, 4.1068e+00, 1.3970e-02, 
 2DIAGNOSTIC,    20, -6.135730069520e-01, 1.053420818119e-05, 4.1172e+00, 1.0387e-02, 
 2DIAGNOSTIC,    21, -6.137031690253e-01, 3.479054629739e-06, 4.1265e+00, 9.3520e-03, 
DIAGNOSTIC,Iteration,metricValue,convergenceValue,ITERATION_TIME_INDEX,SINCE_LAST
 2DIAGNOSTIC,     1, -5.790285012895e-01, 1.797693134862e+308, 8.1285e+00, 4.0020e+00, 
 2DIAGNOSTIC,     2, -5.806329340191e-01, 1.797693134862e+308, 8.1791e+00, 5.0606e-02, 
 2DIAGNOSTIC,     3, -5.820650084502e-01, 1.797693134862e+308, 8.2310e+00, 5.1868e-02, 
 2DIAGNOSTIC,     4, -5.827053547825e-01, 1.797693134862e+308, 8.2866e+00, 5.5633e-02, 
 2DIAGNOSTIC,     5, -5.828516104016e-01, 1.797693134862e+308, 8.3299e+00, 4.3349e-02, 
 2DIAGNOSTIC,     6, -5.830459372048e-01, 1.797693134862e+308, 8.3807e+00, 5.0807e-02, 
 2DIAGNOSTIC,     7, -5.833418091605e-01, 1.797693134862e+308, 8.4443e+00, 6.3509e-02, 
 2DIAGNOSTIC,     8, -5.834239038464e-01, 1.797693134862e+308, 8.5060e+00, 6.1713e-02, 
 2DIAGNOSTIC,     9, -5.834355082910e-01, 1.797693134862e+308, 8.5588e+00, 5.2815e-02, 
 2DIAGNOSTIC,    10, -5.835339602044e-01, 4.051463961577e-04, 8.6332e+00, 7.4382e-02, 
 2DIAGNOSTIC,    11, -5.835518325589e-01, 2.260379883031e-04, 8.6872e+00, 5.4004e-02, 
 2DIAGNOSTIC,    12, -5.835571939057e-01, 1.207988166385e-04, 8.7415e+00, 5.4377e-02, 
 2DIAGNOSTIC,    13, -5.835679691634e-01, 7.470899839317e-05, 8.8169e+00, 7.5386e-02, 
 2DIAGNOSTIC,    14, -5.835692611048e-01, 5.107793231397e-05, 8.8678e+00, 5.0861e-02, 
 2DIAGNOSTIC,    15, -5.835726943458e-01, 3.094008174946e-05, 8.9186e+00, 5.0831e-02, 
 2DIAGNOSTIC,    16, -5.835816409028e-01, 1.663448208840e-05, 8.9947e+00, 7.6105e-02, 
 2DIAGNOSTIC,    17, -5.835825889397e-01, 1.115054431258e-05, 9.0493e+00, 5.4579e-02, 
 2DIAGNOSTIC,    18, -5.835842963999e-01, 7.718701957815e-06, 9.1044e+00, 5.5113e-02, 
 2DIAGNOSTIC,    19, -5.835870372863e-01, 4.401466123044e-06, 9.1581e+00, 5.3719e-02, 
 2DIAGNOSTIC,    20, -5.836009137289e-01, 3.891037151350e-06, 9.2228e+00, 6.4639e-02, 
 2DIAGNOSTIC,    21, -5.836079606851e-01, 3.781822599580e-06, 9.4211e+00, 1.9837e-01, 
 2DIAGNOSTIC,    22, -5.836079606777e-01, 3.583538399098e-06, 9.6177e+00, 1.9658e-01, 
 2DIAGNOSTIC,    23, -5.836079606777e-01, 3.439878478124e-06, 9.6774e+00, 5.9644e-02, 
 2DIAGNOSTIC,    24, -5.836079606777e-01, 3.142464781961e-06, 9.7502e+00, 7.2840e-02, 
 2DIAGNOSTIC,    25, -5.836079606777e-01, 2.755771120966e-06, 9.8121e+00, 6.1871e-02, 
 2DIAGNOSTIC,    26, -5.836079606777e-01, 2.424653993353e-06, 9.8741e+00, 6.2050e-02, 
 2DIAGNOSTIC,    27, -5.836079606777e-01, 2.025469540992e-06, 9.9359e+00, 6.1810e-02, 
 2DIAGNOSTIC,    28, -5.836079606777e-01, 1.608252120214e-06, 1.0014e+01, 7.8045e-02, 
 2DIAGNOSTIC,    29, -5.836079606777e-01, 1.216117837939e-06, 1.0076e+01, 6.1648e-02, 
 2DIAGNOSTIC,    30, -5.836079606777e-01, 1.061078459673e-06, 1.0156e+01, 8.0644e-02, 
 2DIAGNOSTIC,    31, -5.836079606777e-01, 1.026826876860e-06, 1.0219e+01, 6.2564e-02, 
DIAGNOSTIC,Iteration,metricValue,convergenceValue,ITERATION_TIME_INDEX,SINCE_LAST
 2DIAGNOSTIC,     1, -5.726957778187e-01, 1.797693134862e+308, 1.4482e+01, 4.2629e+00, 
 2DIAGNOSTIC,     2, -5.740840980055e-01, 1.797693134862e+308, 1.4802e+01, 3.2066e-01, 
 2DIAGNOSTIC,     3, -5.742872444630e-01, 1.797693134862e+308, 1.5248e+01, 4.4530e-01, 
 2DIAGNOSTIC,     4, -5.743054721147e-01, 1.797693134862e+308, 1.5569e+01, 3.2165e-01, 
 2DIAGNOSTIC,     5, -5.743073073228e-01, 1.797693134862e+308, 1.6018e+01, 4.4882e-01, 
 2DIAGNOSTIC,     6, -5.743086326979e-01, 1.797693134862e+308, 1.6317e+01, 2.9917e-01, 
 2DIAGNOSTIC,     7, -5.743059323726e-01, 1.797693134862e+308, 1.6620e+01, 3.0265e-01, 
 2DIAGNOSTIC,     8, -5.742993003633e-01, 1.797693134862e+308, 1.6921e+01, 3.0137e-01, 
 2DIAGNOSTIC,     9, -5.743011466681e-01, 1.797693134862e+308, 1.7173e+01, 2.5120e-01, 
 2DIAGNOSTIC,    10, -5.742999715727e-01, 9.242176060766e-05, 1.7455e+01, 2.8215e-01, 
 2DIAGNOSTIC,    11, -5.743030363377e-01, 1.292066895384e-05, 1.7715e+01, 2.6070e-01, 
 2DIAGNOSTIC,    12, -5.742996333498e-01, 2.672960154895e-06, 1.7983e+01, 2.6729e-01, 
 2DIAGNOSTIC,    13, -5.743081031971e-01, 2.048488714573e-06, 1.8288e+01, 3.0559e-01, 
 2DIAGNOSTIC,    14, -5.743034777830e-01, 2.019265651021e-06, 1.8639e+01, 3.5106e-01, 
 2DIAGNOSTIC,    15, -5.742993257119e-01, 1.940671367884e-06, 1.8935e+01, 2.9534e-01, 
 2DIAGNOSTIC,    16, -5.742939523841e-01, 1.769238482635e-06, 1.9178e+01, 2.4323e-01, 
 2DIAGNOSTIC,    17, -5.742906668666e-01, 1.470741105701e-06, 1.9454e+01, 2.7564e-01, 
 2DIAGNOSTIC,    18, -5.742940137901e-01, 1.147474881599e-06, 1.9735e+01, 2.8181e-01, 
DIAGNOSTIC,Iteration,metricValue,convergenceValue,ITERATION_TIME_INDEX,SINCE_LAST
 2DIAGNOSTIC,     1, -5.255931063330e-01, 1.797693134862e+308, 2.5698e+01, 5.9627e+00, 
  Elapsed time (stage 0): 2.7323e+01


Stage 1
  iterations = 1000x500x250x0
  convergence threshold = 1.0000e-06
  convergence window size = 10
  number of levels = 4
  using the Mattes MI metric (number of bins = 32, weight = 1.0000e+00)
  preprocessing:  winsorizing the image intensities
  Shrink factors (level 1 out of 4): [12, 12, 5]
  Shrink factors (level 2 out of 4): [8, 8, 3]
  Shrink factors (level 3 out of 4): [4, 4, 2]
  Shrink factors (level 4 out of 4): [2, 2, 1]
  smoothing sigmas per level: [4, 3, 2, 1]
  regular sampling (percentage = 2.5000e-01)

*** Running AffineTransform registration ***

DIAGNOSTIC,Iteration,metricValue,convergenceValue,ITERATION_TIME_INDEX,SINCE_LAST
 2DIAGNOSTIC,     1, -5.663442974646e-01, 1.797693134862e+308, 3.8599e+00, 3.8599e+00, 
 2DIAGNOSTIC,     2, -5.683127534846e-01, 1.797693134862e+308, 3.8746e+00, 1.4682e-02, 
 2DIAGNOSTIC,     3, -5.709064561843e-01, 1.797693134862e+308, 3.8847e+00, 1.0132e-02, 
 2DIAGNOSTIC,     4, -5.741173401383e-01, 1.797693134862e+308, 3.8942e+00, 9.4938e-03, 
 2DIAGNOSTIC,     5, -5.783492744679e-01, 1.797693134862e+308, 3.9035e+00, 9.2392e-03, 
 2DIAGNOSTIC,     6, -5.837893880268e-01, 1.797693134862e+308, 3.9209e+00, 1.7475e-02, 
 2DIAGNOSTIC,     7, -5.893686021315e-01, 1.797693134862e+308, 3.9370e+00, 1.6097e-02, 
 2DIAGNOSTIC,     8, -5.918303741769e-01, 1.797693134862e+308, 3.9473e+00, 1.0261e-02, 
 2DIAGNOSTIC,     9, -5.920980650054e-01, 1.797693134862e+308, 3.9584e+00, 1.1068e-02, 
 2DIAGNOSTIC,    10, -5.924788007373e-01, 3.410392704574e-03, 3.9742e+00, 1.5860e-02, 
 2DIAGNOSTIC,    11, -5.926323489195e-01, 2.800734937941e-03, 3.9852e+00, 1.0993e-02, 
 2DIAGNOSTIC,    12, -5.929069559186e-01, 2.131527077730e-03, 3.9949e+00, 9.6979e-03, 
 2DIAGNOSTIC,    13, -5.930117947859e-01, 1.475463927320e-03, 4.0078e+00, 1.2875e-02, 
 2DIAGNOSTIC,    14, -5.931394070120e-01, 8.976857455026e-04, 4.0248e+00, 1.7034e-02, 
 2DIAGNOSTIC,    15, -5.928861067622e-01, 4.435269425914e-04, 4.0388e+00, 1.3984e-02, 
 2DIAGNOSTIC,    16, -5.928355007033e-01, 1.663357914196e-04, 4.0584e+00, 1.9592e-02, 
 2DIAGNOSTIC,    17, -5.928361590171e-01, 6.439836806481e-05, 4.0717e+00, 1.3253e-02, 
 2DIAGNOSTIC,    18, -5.928381329418e-01, 3.428150483870e-05, 4.0820e+00, 1.0299e-02, 
 2DIAGNOSTIC,    19, -5.928414622101e-01, 1.109209498294e-05, 4.0917e+00, 9.6972e-03, 
DIAGNOSTIC,Iteration,metricValue,convergenceValue,ITERATION_TIME_INDEX,SINCE_LAST
 2DIAGNOSTIC,     1, -5.822890180992e-01, 1.797693134862e+308, 8.0703e+00, 3.9786e+00, 
 2DIAGNOSTIC,     2, -5.835924012398e-01, 1.797693134862e+308, 8.1293e+00, 5.9052e-02, 
 2DIAGNOSTIC,     3, -5.855580796156e-01, 1.797693134862e+308, 8.1889e+00, 5.9572e-02, 
 2DIAGNOSTIC,     4, -5.872506909860e-01, 1.797693134862e+308, 8.2540e+00, 6.5094e-02, 
 2DIAGNOSTIC,     5, -5.876713064432e-01, 1.797693134862e+308, 8.3221e+00, 6.8147e-02, 
 2DIAGNOSTIC,     6, -5.877178303738e-01, 1.797693134862e+308, 8.3818e+00, 5.9658e-02, 
 2DIAGNOSTIC,     7, -5.879668336935e-01, 1.797693134862e+308, 8.4405e+00, 5.8678e-02, 
 2DIAGNOSTIC,     8, -5.883255859447e-01, 1.797693134862e+308, 8.5064e+00, 6.5954e-02, 
 2DIAGNOSTIC,     9, -5.886162370173e-01, 1.797693134862e+308, 8.5619e+00, 5.5443e-02, 
 2DIAGNOSTIC,    10, -5.887730286452e-01, 6.405017202361e-04, 8.6307e+00, 6.8827e-02, 
 2DIAGNOSTIC,    11, -5.889602485268e-01, 4.202589411727e-04, 8.6894e+00, 5.8739e-02, 
 2DIAGNOSTIC,    12, -5.892099709725e-01, 2.607117529577e-04, 8.7488e+00, 5.9322e-02, 
 2DIAGNOSTIC,    13, -5.897021406519e-01, 1.919959372900e-04, 8.8506e+00, 1.0180e-01, 
 2DIAGNOSTIC,    14, -5.897562241902e-01, 1.755042334539e-04, 8.9183e+00, 6.7710e-02, 
 2DIAGNOSTIC,    15, -5.897787460597e-01, 1.600673213715e-04, 8.9759e+00, 5.7625e-02, 
 2DIAGNOSTIC,    16, -5.898137169969e-01, 1.347077046756e-04, 9.0328e+00, 5.6927e-02, 
 2DIAGNOSTIC,    17, -5.898771644016e-01, 1.087015055405e-04, 9.0913e+00, 5.8493e-02, 
 2DIAGNOSTIC,    18, -5.900516598282e-01, 8.967154970192e-05, 9.1500e+00, 5.8705e-02, 
 2DIAGNOSTIC,    19, -5.903399688294e-01, 7.911079696048e-05, 9.2104e+00, 6.0416e-02, 
 2DIAGNOSTIC,    20, -5.916558766713e-01, 9.797448308899e-05, 9.2784e+00, 6.7913e-02, 
 2DIAGNOSTIC,    21, -5.919292947454e-01, 1.158975440710e-04, 9.4117e+00, 1.3332e-01, 
 2DIAGNOSTIC,    22, -5.919457548754e-01, 1.272983386841e-04, 9.4800e+00, 6.8331e-02, 
 2DIAGNOSTIC,    23, -5.919012930136e-01, 1.357320260199e-04, 9.5438e+00, 6.3793e-02, 
 2DIAGNOSTIC,    24, -5.918805390813e-01, 1.314641471000e-04, 9.6125e+00, 6.8725e-02, 
 2DIAGNOSTIC,    25, -5.918580465164e-01, 1.149103420800e-04, 9.6722e+00, 5.9701e-02, 
 2DIAGNOSTIC,    26, -5.918386347478e-01, 8.914692337077e-05, 9.7323e+00, 6.0052e-02, 
 2DIAGNOSTIC,    27, -5.917941247889e-01, 5.769374731935e-05, 9.7904e+00, 5.8105e-02, 
 2DIAGNOSTIC,    28, -5.917539791788e-01, 2.571363472487e-05, 9.8474e+00, 5.7073e-02, 
DIAGNOSTIC,Iteration,metricValue,convergenceValue,ITERATION_TIME_INDEX,SINCE_LAST
 2DIAGNOSTIC,     1, -5.617092964425e-01, 1.797693134862e+308, 1.4167e+01, 4.3191e+00, 
 2DIAGNOSTIC,     2, -5.635411648726e-01, 1.797693134862e+308, 1.4517e+01, 3.5032e-01, 
 2DIAGNOSTIC,     3, -5.654997739717e-01, 1.797693134862e+308, 1.4869e+01, 3.5174e-01, 
 2DIAGNOSTIC,     4, -5.670244880270e-01, 1.797693134862e+308, 1.5218e+01, 3.4940e-01, 
 2DIAGNOSTIC,     5, -5.679963559452e-01, 1.797693134862e+308, 1.5617e+01, 3.9869e-01, 
 2DIAGNOSTIC,     6, -5.682529387755e-01, 1.797693134862e+308, 1.6017e+01, 4.0068e-01, 
 2DIAGNOSTIC,     7, -5.682882935920e-01, 1.797693134862e+308, 1.6416e+01, 3.9894e-01, 
 2DIAGNOSTIC,     8, -5.683032688305e-01, 1.797693134862e+308, 1.6915e+01, 4.9919e-01, 
 2DIAGNOSTIC,     9, -5.683060772228e-01, 1.797693134862e+308, 1.7314e+01, 3.9876e-01, 
 2DIAGNOSTIC,    10, -5.683009731359e-01, 6.729384719262e-04, 1.7762e+01, 4.4776e-01, 
 2DIAGNOSTIC,    11, -5.682990903413e-01, 3.791068079037e-04, 1.8159e+01, 3.9714e-01, 
 2DIAGNOSTIC,    12, -5.682997309900e-01, 1.762010136197e-04, 1.8556e+01, 3.9668e-01, 
 2DIAGNOSTIC,    13, -5.682962632475e-01, 6.319361893549e-05, 1.8953e+01, 3.9754e-01, 
 2DIAGNOSTIC,    14, -5.683050830757e-01, 1.486893138573e-05, 1.9402e+01, 4.4903e-01, 
 2DIAGNOSTIC,    15, -5.683078221584e-01, 4.174017128794e-06, 1.9807e+01, 4.0414e-01, 
 2DIAGNOSTIC,    16, -5.683160832904e-01, 2.898854043323e-06, 2.0203e+01, 3.9680e-01, 
 2DIAGNOSTIC,    17, -5.683119976387e-01, 2.596240720160e-06, 2.0552e+01, 3.4907e-01, 
 2DIAGNOSTIC,    18, -5.683256403282e-01, 3.060017142349e-06, 2.0951e+01, 3.9848e-01, 
 2DIAGNOSTIC,    19, -5.683364966427e-01, 3.707205645409e-06, 2.1347e+01, 3.9616e-01, 
 2DIAGNOSTIC,    20, -5.683390532349e-01, 4.029157588591e-06, 2.1743e+01, 3.9585e-01, 
 2DIAGNOSTIC,    21, -5.683377043304e-01, 4.021865059808e-06, 2.2140e+01, 3.9680e-01, 
 2DIAGNOSTIC,    22, -5.683369667457e-01, 3.790151541089e-06, 2.2537e+01, 3.9753e-01, 
 2DIAGNOSTIC,    23, -5.683291005561e-01, 3.106336502523e-06, 2.2942e+01, 4.0522e-01, 
 2DIAGNOSTIC,    24, -5.683307566051e-01, 2.534750889994e-06, 2.3342e+01, 4.0005e-01, 
 2DIAGNOSTIC,    25, -5.683314434842e-01, 1.958205858812e-06, 2.3788e+01, 4.4575e-01, 
 2DIAGNOSTIC,    26, -5.683313484003e-01, 1.525611121357e-06, 2.4186e+01, 3.9819e-01, 
DIAGNOSTIC,Iteration,metricValue,convergenceValue,ITERATION_TIME_INDEX,SINCE_LAST
 2DIAGNOSTIC,     1, -5.246018708997e-01, 1.797693134862e+308, 3.0617e+01, 6.4304e+00, 
  Elapsed time (stage 1): 3.2276e+01


Total elapsed time: 5.9607e+01
Using double precision for computations.
Input scalar image: /home/ccn30/rds/rds-p00500_encrypt-URQgmO1brZ0/p00500/ENCRYPT_images/32619/T2/N4t2.nii
Reference image: /home/ccn30/rds/rds-p00500_encrypt-URQgmO1brZ0/p00500/ENCRYPT_images/32619/mp2rage/n4mag0000_PSIR_skulled_std.nii
Can't read initial transform T1xT2_ANTs_0GenericAffine.mat
