This is job 51
Time: Thu  2 Dec 16:02:34 GMT 2021
Running on master node: cpu-p-242
Current directory: /home/ccn30/rds/hpc-work/WBIC_lustre/ENCRYPT/scripts/Registration/slurmoutputs
Changed directory to /home/ccn30/rds/hpc-work/WBIC_lustre/ENCRYPT/scripts/Registration/slurmoutputs.

JobID: 50592247
======
Time: Thu  2 Dec 16:02:34 GMT 2021
Running on master node: cpu-p-242
Current directory: /home/ccn30/rds/hpc-work/WBIC_lustre/ENCRYPT/scripts/Registration/slurmoutputs

Nodes allocated:
================
cpu-p-242

numtasks=, numnodes=, mpi_tasks_per_node= (OMP_NUM_THREADS=1)

Executing command:
==================
/home/ccn30/rds/hpc-work/WBIC_lustre/ENCRYPT/scripts/Registration/coreg_main.sh /home/ccn30/rds/hpc-work/WBIC_lustre/ENCRYPT/ENCRYPT_MasterRIScodes.txt 51 /home/ccn30/rds/rds-p00500_encrypt-URQgmO1brZ0/p00500 /home/ccn30/rds/hpc-work/WBIC_lustre/ENCRYPT/scripts/Registration

******** starting 27783 ********
You are inside ANTs call
/usr/local/software/spack/spack-git/opt/spack/linux-rhel7-broadwell/gcc-5/ants-2.3.4-lj6vm7ccmij4yywr4ynrttcko4aoflqt/bin/antsRegistration
 	Fixed image /home/ccn30/rds/rds-p00500_encrypt-URQgmO1brZ0/p00500/ENCRYPT_images/27783/fMRI/N4meanEPI.nii
 	Moving image /home/ccn30/rds/rds-p00500_encrypt-URQgmO1brZ0/p00500/ENCRYPT_images/27783/mp2rage/n4mag0000_PSIR_skulled_std_struc_brain.nii
 	Mask image /home/ccn30/rds/rds-p00500_encrypt-URQgmO1brZ0/p00500/ENCRYPT_images/27783/fMRI/fixedEPIMask.nii
 	regDir /home/ccn30/rds/rds-p00500_encrypt-URQgmO1brZ0/p00500/ENCRYPT_registrations/27783

Running N4 for 3-dimensional images.

Mask not read.  Using the entire image as the mask.

Original intensity range:  [0, 19714.6]

***********************************************************
Warning:  Your input image contains nonpositive values
which could cause failure or problematic results.  A
possible workaround would be to:
   1. rescale your image to positive values e.g., [10,100].
   2. run N4 on your rescaled image.
   3. (optional) rescale the N4 output to the original
      intensity range.
***********************************************************

Specified spline distance: 100mm
  original image size:  [128, 128, 42]
  padded image size:  [134, 134, 101]
  number of control points:  [5, 5, 4]

Current level = 1
  Iteration 1 (of 200).   Current convergence value = 0.000731971 (threshold = 0)
  Iteration 2 (of 200).   Current convergence value = 0.000672713 (threshold = 0)
  Iteration 3 (of 200).   Current convergence value = 0.000621898 (threshold = 0)
  Iteration 4 (of 200).   Current convergence value = 0.000579885 (threshold = 0)
  Iteration 5 (of 200).   Current convergence value = 0.000545458 (threshold = 0)
  Iteration 6 (of 200).   Current convergence value = 0.000502335 (threshold = 0)
  Iteration 7 (of 200).   Current convergence value = 0.000467582 (threshold = 0)
  Iteration 8 (of 200).   Current convergence value = 0.000440656 (threshold = 0)
  Iteration 9 (of 200).   Current convergence value = 0.000420886 (threshold = 0)
  Iteration 10 (of 200).   Current convergence value = 0.000408369 (threshold = 0)
  Iteration 11 (of 200).   Current convergence value = 0.000401105 (threshold = 0)
  Iteration 12 (of 200).   Current convergence value = 0.000397477 (threshold = 0)
  Iteration 13 (of 200).   Current convergence value = 0.000397023 (threshold = 0)
  Iteration 14 (of 200).   Current convergence value = 0.000398031 (threshold = 0)
  Iteration 15 (of 200).   Current convergence value = 0.000399877 (threshold = 0)
  Iteration 16 (of 200).   Current convergence value = 0.000402368 (threshold = 0)
  Iteration 17 (of 200).   Current convergence value = 0.000405064 (threshold = 0)
  Iteration 18 (of 200).   Current convergence value = 0.00040771 (threshold = 0)
  Iteration 19 (of 200).   Current convergence value = 0.000410108 (threshold = 0)
  Iteration 20 (of 200).   Current convergence value = 0.000412236 (threshold = 0)
  Iteration 21 (of 200).   Current convergence value = 0.000414267 (threshold = 0)
  Iteration 22 (of 200).   Current convergence value = 0.000416095 (threshold = 0)
  Iteration 23 (of 200).   Current convergence value = 0.000417848 (threshold = 0)
  Iteration 24 (of 200).   Current convergence value = 0.00041932 (threshold = 0)
  Iteration 25 (of 200).   Current convergence value = 0.000420762 (threshold = 0)
  Iteration 26 (of 200).   Current convergence value = 0.000422042 (threshold = 0)
  Iteration 27 (of 200).   Current convergence value = 0.000423073 (threshold = 0)
  Iteration 28 (of 200).   Current convergence value = 0.000423804 (threshold = 0)
  Iteration 29 (of 200).   Current convergence value = 0.000424451 (threshold = 0)
  Iteration 30 (of 200).   Current convergence value = 0.000425017 (threshold = 0)
  Iteration 31 (of 200).   Current convergence value = 0.000425612 (threshold = 0)
  Iteration 32 (of 200).   Current convergence value = 0.00042607 (threshold = 0)
  Iteration 33 (of 200).   Current convergence value = 0.000426416 (threshold = 0)
  Iteration 34 (of 200).   Current convergence value = 0.000426721 (threshold = 0)
  Iteration 35 (of 200).   Current convergence value = 0.000427149 (threshold = 0)
  Iteration 36 (of 200).   Current convergence value = 0.000427797 (threshold = 0)
  Iteration 37 (of 200).   Current convergence value = 0.000428515 (threshold = 0)
  Iteration 38 (of 200).   Current convergence value = 0.000429378 (threshold = 0)
  Iteration 39 (of 200).   Current convergence value = 0.000430534 (threshold = 0)
  Iteration 40 (of 200).   Current convergence value = 0.00043176 (threshold = 0)
  Iteration 41 (of 200).   Current convergence value = 0.000432952 (threshold = 0)
  Iteration 42 (of 200).   Current convergence value = 0.000434113 (threshold = 0)
  Iteration 43 (of 200).   Current convergence value = 0.000435297 (threshold = 0)
  Iteration 44 (of 200).   Current convergence value = 0.000436667 (threshold = 0)
  Iteration 45 (of 200).   Current convergence value = 0.000437969 (threshold = 0)
  Iteration 46 (of 200).   Current convergence value = 0.00043919 (threshold = 0)
  Iteration 47 (of 200).   Current convergence value = 0.000440383 (threshold = 0)
  Iteration 48 (of 200).   Current convergence value = 0.000441854 (threshold = 0)
  Iteration 49 (of 200).   Current convergence value = 0.000443456 (threshold = 0)
  Iteration 50 (of 200).   Current convergence value = 0.000445046 (threshold = 0)
  Iteration 51 (of 200).   Current convergence value = 0.00044644 (threshold = 0)
  Iteration 52 (of 200).   Current convergence value = 0.000447873 (threshold = 0)
  Iteration 53 (of 200).   Current convergence value = 0.000449335 (threshold = 0)
  Iteration 54 (of 200).   Current convergence value = 0.000451054 (threshold = 0)
  Iteration 55 (of 200).   Current convergence value = 0.000452854 (threshold = 0)
  Iteration 56 (of 200).   Current convergence value = 0.000453515 (threshold = 0)
  Iteration 57 (of 200).   Current convergence value = 0.000452635 (threshold = 0)
  Iteration 58 (of 200).   Current convergence value = 0.000451868 (threshold = 0)
  Iteration 59 (of 200).   Current convergence value = 0.000450971 (threshold = 0)
  Iteration 60 (of 200).   Current convergence value = 0.000449707 (threshold = 0)
  Iteration 61 (of 200).   Current convergence value = 0.000448583 (threshold = 0)
  Iteration 62 (of 200).   Current convergence value = 0.000447449 (threshold = 0)
  Iteration 63 (of 200).   Current convergence value = 0.000446368 (threshold = 0)
  Iteration 64 (of 200).   Current convergence value = 0.000445128 (threshold = 0)
  Iteration 65 (of 200).   Current convergence value = 0.000443713 (threshold = 0)
  Iteration 66 (of 200).   Current convergence value = 0.00044226 (threshold = 0)
  Iteration 67 (of 200).   Current convergence value = 0.000440742 (threshold = 0)
  Iteration 68 (of 200).   Current convergence value = 0.000430669 (threshold = 0)
  Iteration 69 (of 200).   Current convergence value = 0.00041998 (threshold = 0)
  Iteration 70 (of 200).   Current convergence value = 0.000410297 (threshold = 0)
  Iteration 71 (of 200).   Current convergence value = 0.000401758 (threshold = 0)
  Iteration 72 (of 200).   Current convergence value = 0.000394444 (threshold = 0)
  Iteration 73 (of 200).   Current convergence value = 0.000388345 (threshold = 0)
  Iteration 74 (of 200).   Current convergence value = 0.000383354 (threshold = 0)
  Iteration 75 (of 200).   Current convergence value = 0.00037926 (threshold = 0)
  Iteration 76 (of 200).   Current convergence value = 0.000375975 (threshold = 0)
  Iteration 77 (of 200).   Current convergence value = 0.000373298 (threshold = 0)
  Iteration 78 (of 200).   Current convergence value = 0.00037018 (threshold = 0)
  Iteration 79 (of 200).   Current convergence value = 0.00036727 (threshold = 0)
  Iteration 80 (of 200).   Current convergence value = 0.000364707 (threshold = 0)
  Iteration 81 (of 200).   Current convergence value = 0.000362385 (threshold = 0)
  Iteration 82 (of 200).   Current convergence value = 0.000360349 (threshold = 0)
  Iteration 83 (of 200).   Current convergence value = 0.000358571 (threshold = 0)
  Iteration 84 (of 200).   Current convergence value = 0.000356849 (threshold = 0)
  Iteration 85 (of 200).   Current convergence value = 0.000355361 (threshold = 0)
  Iteration 86 (of 200).   Current convergence value = 0.000354005 (threshold = 0)
  Iteration 87 (of 200).   Current convergence value = 0.000353141 (threshold = 0)
  Iteration 88 (of 200).   Current convergence value = 0.000352402 (threshold = 0)
  Iteration 89 (of 200).   Current convergence value = 0.000351639 (threshold = 0)
  Iteration 90 (of 200).   Current convergence value = 0.000350808 (threshold = 0)
  Iteration 91 (of 200).   Current convergence value = 0.000350159 (threshold = 0)
  Iteration 92 (of 200).   Current convergence value = 0.000349618 (threshold = 0)
  Iteration 93 (of 200).   Current convergence value = 0.000349193 (threshold = 0)
  Iteration 94 (of 200).   Current convergence value = 0.000347601 (threshold = 0)
  Iteration 95 (of 200).   Current convergence value = 0.000345018 (threshold = 0)
  Iteration 96 (of 200).   Current convergence value = 0.00034271 (threshold = 0)
  Iteration 97 (of 200).   Current convergence value = 0.000340419 (threshold = 0)
  Iteration 98 (of 200).   Current convergence value = 0.000338197 (threshold = 0)
  Iteration 99 (of 200).   Current convergence value = 0.000335958 (threshold = 0)
  Iteration 100 (of 200).   Current convergence value = 0.000333614 (threshold = 0)
  Iteration 101 (of 200).   Current convergence value = 0.000331214 (threshold = 0)
  Iteration 102 (of 200).   Current convergence value = 0.000328768 (threshold = 0)
  Iteration 103 (of 200).   Current convergence value = 0.000326242 (threshold = 0)
  Iteration 104 (of 200).   Current convergence value = 0.000323609 (threshold = 0)
  Iteration 105 (of 200).   Current convergence value = 0.000320978 (threshold = 0)
  Iteration 106 (of 200).   Current convergence value = 0.000318351 (threshold = 0)
  Iteration 107 (of 200).   Current convergence value = 0.000315932 (threshold = 0)
  Iteration 108 (of 200).   Current convergence value = 0.000313568 (threshold = 0)
  Iteration 109 (of 200).   Current convergence value = 0.000311261 (threshold = 0)
  Iteration 110 (of 200).   Current convergence value = 0.000308923 (threshold = 0)
  Iteration 111 (of 200).   Current convergence value = 0.000306609 (threshold = 0)
  Iteration 112 (of 200).   Current convergence value = 0.000304332 (threshold = 0)
  Iteration 113 (of 200).   Current convergence value = 0.00030218 (threshold = 0)
  Iteration 114 (of 200).   Current convergence value = 0.000300056 (threshold = 0)
  Iteration 115 (of 200).   Current convergence value = 0.000297848 (threshold = 0)
  Iteration 116 (of 200).   Current convergence value = 0.000295693 (threshold = 0)
  Iteration 117 (of 200).   Current convergence value = 0.000293849 (threshold = 0)
  Iteration 118 (of 200).   Current convergence value = 0.000292113 (threshold = 0)
  Iteration 119 (of 200).   Current convergence value = 0.000290407 (threshold = 0)
  Iteration 120 (of 200).   Current convergence value = 0.000288913 (threshold = 0)
  Iteration 121 (of 200).   Current convergence value = 0.000287722 (threshold = 0)
  Iteration 122 (of 200).   Current convergence value = 0.000286589 (threshold = 0)
  Iteration 123 (of 200).   Current convergence value = 0.000285563 (threshold = 0)
  Iteration 124 (of 200).   Current convergence value = 0.000284641 (threshold = 0)
  Iteration 125 (of 200).   Current convergence value = 0.000283676 (threshold = 0)
  Iteration 126 (of 200).   Current convergence value = 0.00028286 (threshold = 0)
  Iteration 127 (of 200).   Current convergence value = 0.000282114 (threshold = 0)
  Iteration 128 (of 200).   Current convergence value = 0.000281501 (threshold = 0)
  Iteration 129 (of 200).   Current convergence value = 0.000280858 (threshold = 0)
  Iteration 130 (of 200).   Current convergence value = 0.000280114 (threshold = 0)
  Iteration 131 (of 200).   Current convergence value = 0.000279491 (threshold = 0)
  Iteration 132 (of 200).   Current convergence value = 0.000278986 (threshold = 0)
  Iteration 133 (of 200).   Current convergence value = 0.000278716 (threshold = 0)
  Iteration 134 (of 200).   Current convergence value = 0.000278665 (threshold = 0)
  Iteration 135 (of 200).   Current convergence value = 0.000278784 (threshold = 0)
  Iteration 136 (of 200).   Current convergence value = 0.000278933 (threshold = 0)
  Iteration 137 (of 200).   Current convergence value = 0.000279209 (threshold = 0)
  Iteration 138 (of 200).   Current convergence value = 0.000279495 (threshold = 0)
  Iteration 139 (of 200).   Current convergence value = 0.000279809 (threshold = 0)
  Iteration 140 (of 200).   Current convergence value = 0.000280164 (threshold = 0)
  Iteration 141 (of 200).   Current convergence value = 0.000280599 (threshold = 0)
  Iteration 142 (of 200).   Current convergence value = 0.000281086 (threshold = 0)
  Iteration 143 (of 200).   Current convergence value = 0.000281651 (threshold = 0)
  Iteration 144 (of 200).   Current convergence value = 0.000282287 (threshold = 0)
  Iteration 145 (of 200).   Current convergence value = 0.00028294 (threshold = 0)
  Iteration 146 (of 200).   Current convergence value = 0.000283555 (threshold = 0)
  Iteration 147 (of 200).   Current convergence value = 0.00028411 (threshold = 0)
  Iteration 148 (of 200).   Current convergence value = 0.000284639 (threshold = 0)
  Iteration 149 (of 200).   Current convergence value = 0.000285151 (threshold = 0)
  Iteration 150 (of 200).   Current convergence value = 0.000285588 (threshold = 0)
  Iteration 151 (of 200).   Current convergence value = 0.00028607 (threshold = 0)
  Iteration 152 (of 200).   Current convergence value = 0.000286507 (threshold = 0)
  Iteration 153 (of 200).   Current convergence value = 0.000286781 (threshold = 0)
  Iteration 154 (of 200).   Current convergence value = 0.000286671 (threshold = 0)
  Iteration 155 (of 200).   Current convergence value = 0.00028635 (threshold = 0)
  Iteration 156 (of 200).   Current convergence value = 0.000285986 (threshold = 0)
  Iteration 157 (of 200).   Current convergence value = 0.000285596 (threshold = 0)
  Iteration 158 (of 200).   Current convergence value = 0.000285262 (threshold = 0)
  Iteration 159 (of 200).   Current convergence value = 0.000284845 (threshold = 0)
  Iteration 160 (of 200).   Current convergence value = 0.000284441 (threshold = 0)
  Iteration 161 (of 200).   Current convergence value = 0.000284128 (threshold = 0)
  Iteration 162 (of 200).   Current convergence value = 0.00028383 (threshold = 0)
  Iteration 163 (of 200).   Current convergence value = 0.000283514 (threshold = 0)
  Iteration 164 (of 200).   Current convergence value = 0.000283179 (threshold = 0)
  Iteration 165 (of 200).   Current convergence value = 0.000282903 (threshold = 0)
  Iteration 166 (of 200).   Current convergence value = 0.000282627 (threshold = 0)
  Iteration 167 (of 200).   Current convergence value = 0.00028234 (threshold = 0)
  Iteration 168 (of 200).   Current convergence value = 0.000281963 (threshold = 0)
  Iteration 169 (of 200).   Current convergence value = 0.00028154 (threshold = 0)
  Iteration 170 (of 200).   Current convergence value = 0.000281098 (threshold = 0)
  Iteration 171 (of 200).   Current convergence value = 0.000280668 (threshold = 0)
  Iteration 172 (of 200).   Current convergence value = 0.000276407 (threshold = 0)
  Iteration 173 (of 200).   Current convergence value = 0.000270452 (threshold = 0)
  Iteration 174 (of 200).   Current convergence value = 0.000267557 (threshold = 0)
  Iteration 175 (of 200).   Current convergence value = 0.000264861 (threshold = 0)
  Iteration 176 (of 200).   Current convergence value = 0.000262263 (threshold = 0)
  Iteration 177 (of 200).   Current convergence value = 0.00025989 (threshold = 0)
  Iteration 178 (of 200).   Current convergence value = 0.000257612 (threshold = 0)
  Iteration 179 (of 200).   Current convergence value = 0.000255353 (threshold = 0)
  Iteration 180 (of 200).   Current convergence value = 0.000253232 (threshold = 0)
  Iteration 181 (of 200).   Current convergence value = 0.000251021 (threshold = 0)
  Iteration 182 (of 200).   Current convergence value = 0.000248931 (threshold = 0)
  Iteration 183 (of 200).   Current convergence value = 0.000246798 (threshold = 0)
  Iteration 184 (of 200).   Current convergence value = 0.000244739 (threshold = 0)
  Iteration 185 (of 200).   Current convergence value = 0.000242746 (threshold = 0)
  Iteration 186 (of 200).   Current convergence value = 0.000240732 (threshold = 0)
  Iteration 187 (of 200).   Current convergence value = 0.000238808 (threshold = 0)
  Iteration 188 (of 200).   Current convergence value = 0.000236983 (threshold = 0)
  Iteration 189 (of 200).   Current convergence value = 0.000235183 (threshold = 0)
  Iteration 190 (of 200).   Current convergence value = 0.00023342 (threshold = 0)
  Iteration 191 (of 200).   Current convergence value = 0.000231702 (threshold = 0)
  Iteration 192 (of 200).   Current convergence value = 0.000230143 (threshold = 0)
  Iteration 193 (of 200).   Current convergence value = 0.000228677 (threshold = 0)
  Iteration 194 (of 200).   Current convergence value = 0.000227217 (threshold = 0)
  Iteration 195 (of 200).   Current convergence value = 0.000225802 (threshold = 0)
  Iteration 196 (of 200).   Current convergence value = 0.000224426 (threshold = 0)
  Iteration 197 (of 200).   Current convergence value = 0.000223054 (threshold = 0)
  Iteration 198 (of 200).   Current convergence value = 0.000221664 (threshold = 0)
  Iteration 199 (of 200).   Current convergence value = 0.000220344 (threshold = 0)
  Iteration 200 (of 200).   Current convergence value = 0.000218995 (threshold = 0)
Current level = 2
  Iteration 1 (of 200).   Current convergence value = 0.00116921 (threshold = 0)
  Iteration 2 (of 200).   Current convergence value = 0.00103685 (threshold = 0)
  Iteration 3 (of 200).   Current convergence value = 0.000951614 (threshold = 0)
  Iteration 4 (of 200).   Current convergence value = 0.000893115 (threshold = 0)
  Iteration 5 (of 200).   Current convergence value = 0.000851359 (threshold = 0)
  Iteration 6 (of 200).   Current convergence value = 0.000820795 (threshold = 0)
  Iteration 7 (of 200).   Current convergence value = 0.000797653 (threshold = 0)
  Iteration 8 (of 200).   Current convergence value = 0.000779428 (threshold = 0)
  Iteration 9 (of 200).   Current convergence value = 0.000764883 (threshold = 0)
  Iteration 10 (of 200).   Current convergence value = 0.000753114 (threshold = 0)
  Iteration 11 (of 200).   Current convergence value = 0.000743358 (threshold = 0)
  Iteration 12 (of 200).   Current convergence value = 0.000735558 (threshold = 0)
  Iteration 13 (of 200).   Current convergence value = 0.000729203 (threshold = 0)
  Iteration 14 (of 200).   Current convergence value = 0.000724018 (threshold = 0)
  Iteration 15 (of 200).   Current convergence value = 0.000719554 (threshold = 0)
  Iteration 16 (of 200).   Current convergence value = 0.000716011 (threshold = 0)
  Iteration 17 (of 200).   Current convergence value = 0.000713032 (threshold = 0)
  Iteration 18 (of 200).   Current convergence value = 0.000710341 (threshold = 0)
  Iteration 19 (of 200).   Current convergence value = 0.000708042 (threshold = 0)
  Iteration 20 (of 200).   Current convergence value = 0.000705858 (threshold = 0)
  Iteration 21 (of 200).   Current convergence value = 0.000704089 (threshold = 0)
  Iteration 22 (of 200).   Current convergence value = 0.00070227 (threshold = 0)
  Iteration 23 (of 200).   Current convergence value = 0.000700326 (threshold = 0)
  Iteration 24 (of 200).   Current convergence value = 0.000698572 (threshold = 0)
  Iteration 25 (of 200).   Current convergence value = 0.000696612 (threshold = 0)
  Iteration 26 (of 200).   Current convergence value = 0.000694679 (threshold = 0)
  Iteration 27 (of 200).   Current convergence value = 0.000692747 (threshold = 0)
  Iteration 28 (of 200).   Current convergence value = 0.000690793 (threshold = 0)
  Iteration 29 (of 200).   Current convergence value = 0.000688677 (threshold = 0)
  Iteration 30 (of 200).   Current convergence value = 0.000686559 (threshold = 0)
  Iteration 31 (of 200).   Current convergence value = 0.00068441 (threshold = 0)
  Iteration 32 (of 200).   Current convergence value = 0.000682294 (threshold = 0)
  Iteration 33 (of 200).   Current convergence value = 0.000680236 (threshold = 0)
  Iteration 34 (of 200).   Current convergence value = 0.000676326 (threshold = 0)
  Iteration 35 (of 200).   Current convergence value = 0.000672548 (threshold = 0)
  Iteration 36 (of 200).   Current convergence value = 0.000669502 (threshold = 0)
  Iteration 37 (of 200).   Current convergence value = 0.000667086 (threshold = 0)
  Iteration 38 (of 200).   Current convergence value = 0.000664814 (threshold = 0)
  Iteration 39 (of 200).   Current convergence value = 0.000662537 (threshold = 0)
  Iteration 40 (of 200).   Current convergence value = 0.000660209 (threshold = 0)
  Iteration 41 (of 200).   Current convergence value = 0.000657953 (threshold = 0)
  Iteration 42 (of 200).   Current convergence value = 0.000655789 (threshold = 0)
  Iteration 43 (of 200).   Current convergence value = 0.000654596 (threshold = 0)
  Iteration 44 (of 200).   Current convergence value = 0.000654055 (threshold = 0)
  Iteration 45 (of 200).   Current convergence value = 0.000653855 (threshold = 0)
  Iteration 46 (of 200).   Current convergence value = 0.000654078 (threshold = 0)
  Iteration 47 (of 200).   Current convergence value = 0.000654785 (threshold = 0)
  Iteration 48 (of 200).   Current convergence value = 0.000655711 (threshold = 0)
  Iteration 49 (of 200).   Current convergence value = 0.000656853 (threshold = 0)
  Iteration 50 (of 200).   Current convergence value = 0.000658073 (threshold = 0)
  Iteration 51 (of 200).   Current convergence value = 0.000659391 (threshold = 0)
  Iteration 52 (of 200).   Current convergence value = 0.00066072 (threshold = 0)
  Iteration 53 (of 200).   Current convergence value = 0.000662188 (threshold = 0)
  Iteration 54 (of 200).   Current convergence value = 0.000663812 (threshold = 0)
  Iteration 55 (of 200).   Current convergence value = 0.000665559 (threshold = 0)
  Iteration 56 (of 200).   Current convergence value = 0.000667276 (threshold = 0)
  Iteration 57 (of 200).   Current convergence value = 0.000668905 (threshold = 0)
  Iteration 58 (of 200).   Current convergence value = 0.00067106 (threshold = 0)
  Iteration 59 (of 200).   Current convergence value = 0.000673808 (threshold = 0)
  Iteration 60 (of 200).   Current convergence value = 0.000676611 (threshold = 0)
  Iteration 61 (of 200).   Current convergence value = 0.000679167 (threshold = 0)
  Iteration 62 (of 200).   Current convergence value = 0.000681784 (threshold = 0)
  Iteration 63 (of 200).   Current convergence value = 0.000684275 (threshold = 0)
  Iteration 64 (of 200).   Current convergence value = 0.000686613 (threshold = 0)
  Iteration 65 (of 200).   Current convergence value = 0.000689046 (threshold = 0)
  Iteration 66 (of 200).   Current convergence value = 0.000691588 (threshold = 0)
  Iteration 67 (of 200).   Current convergence value = 0.000694222 (threshold = 0)
  Iteration 68 (of 200).   Current convergence value = 0.000697222 (threshold = 0)
  Iteration 69 (of 200).   Current convergence value = 0.000700386 (threshold = 0)
  Iteration 70 (of 200).   Current convergence value = 0.000703622 (threshold = 0)
  Iteration 71 (of 200).   Current convergence value = 0.000706624 (threshold = 0)
  Iteration 72 (of 200).   Current convergence value = 0.000709618 (threshold = 0)
  Iteration 73 (of 200).   Current convergence value = 0.000712828 (threshold = 0)
  Iteration 74 (of 200).   Current convergence value = 0.000716299 (threshold = 0)
  Iteration 75 (of 200).   Current convergence value = 0.00071987 (threshold = 0)
  Iteration 76 (of 200).   Current convergence value = 0.000723803 (threshold = 0)
  Iteration 77 (of 200).   Current convergence value = 0.000727995 (threshold = 0)
  Iteration 78 (of 200).   Current convergence value = 0.000731474 (threshold = 0)
  Iteration 79 (of 200).   Current convergence value = 0.00073512 (threshold = 0)
  Iteration 80 (of 200).   Current convergence value = 0.000738416 (threshold = 0)
  Iteration 81 (of 200).   Current convergence value = 0.000741866 (threshold = 0)
  Iteration 82 (of 200).   Current convergence value = 0.000745064 (threshold = 0)
  Iteration 83 (of 200).   Current convergence value = 0.000748877 (threshold = 0)
  Iteration 84 (of 200).   Current convergence value = 0.000753503 (threshold = 0)
  Iteration 85 (of 200).   Current convergence value = 0.000758492 (threshold = 0)
  Iteration 86 (of 200).   Current convergence value = 0.00076371 (threshold = 0)
  Iteration 87 (of 200).   Current convergence value = 0.000768767 (threshold = 0)
  Iteration 88 (of 200).   Current convergence value = 0.000773868 (threshold = 0)
  Iteration 89 (of 200).   Current convergence value = 0.000778698 (threshold = 0)
  Iteration 90 (of 200).   Current convergence value = 0.000783254 (threshold = 0)
  Iteration 91 (of 200).   Current convergence value = 0.000787333 (threshold = 0)
  Iteration 92 (of 200).   Current convergence value = 0.000790831 (threshold = 0)
  Iteration 93 (of 200).   Current convergence value = 0.000794193 (threshold = 0)
  Iteration 94 (of 200).   Current convergence value = 0.000797653 (threshold = 0)
  Iteration 95 (of 200).   Current convergence value = 0.000800268 (threshold = 0)
  Iteration 96 (of 200).   Current convergence value = 0.000802401 (threshold = 0)
  Iteration 97 (of 200).   Current convergence value = 0.000804818 (threshold = 0)
  Iteration 98 (of 200).   Current convergence value = 0.00080709 (threshold = 0)
  Iteration 99 (of 200).   Current convergence value = 0.000809378 (threshold = 0)
  Iteration 100 (of 200).   Current convergence value = 0.000811511 (threshold = 0)
  Iteration 101 (of 200).   Current convergence value = 0.00081388 (threshold = 0)
  Iteration 102 (of 200).   Current convergence value = 0.000816617 (threshold = 0)
  Iteration 103 (of 200).   Current convergence value = 0.000818787 (threshold = 0)
  Iteration 104 (of 200).   Current convergence value = 0.00082121 (threshold = 0)
  Iteration 105 (of 200).   Current convergence value = 0.000823669 (threshold = 0)
  Iteration 106 (of 200).   Current convergence value = 0.000825921 (threshold = 0)
  Iteration 107 (of 200).   Current convergence value = 0.00082767 (threshold = 0)
  Iteration 108 (of 200).   Current convergence value = 0.000828962 (threshold = 0)
  Iteration 109 (of 200).   Current convergence value = 0.000830788 (threshold = 0)
  Iteration 110 (of 200).   Current convergence value = 0.000832421 (threshold = 0)
  Iteration 111 (of 200).   Current convergence value = 0.000835184 (threshold = 0)
  Iteration 112 (of 200).   Current convergence value = 0.000837894 (threshold = 0)
  Iteration 113 (of 200).   Current convergence value = 0.000840991 (threshold = 0)
  Iteration 114 (of 200).   Current convergence value = 0.000844441 (threshold = 0)
  Iteration 115 (of 200).   Current convergence value = 0.000847355 (threshold = 0)
  Iteration 116 (of 200).   Current convergence value = 0.000850454 (threshold = 0)
  Iteration 117 (of 200).   Current convergence value = 0.000855105 (threshold = 0)
  Iteration 118 (of 200).   Current convergence value = 0.000860774 (threshold = 0)
  Iteration 119 (of 200).   Current convergence value = 0.000864933 (threshold = 0)
  Iteration 120 (of 200).   Current convergence value = 0.0008672 (threshold = 0)
  Iteration 121 (of 200).   Current convergence value = 0.000869156 (threshold = 0)
  Iteration 122 (of 200).   Current convergence value = 0.00087179 (threshold = 0)
  Iteration 123 (of 200).   Current convergence value = 0.000874127 (threshold = 0)
  Iteration 124 (of 200).   Current convergence value = 0.000876073 (threshold = 0)
  Iteration 125 (of 200).   Current convergence value = 0.000879305 (threshold = 0)
  Iteration 126 (of 200).   Current convergence value = 0.000883732 (threshold = 0)
  Iteration 127 (of 200).   Current convergence value = 0.000888584 (threshold = 0)
  Iteration 128 (of 200).   Current convergence value = 0.000892804 (threshold = 0)
  Iteration 129 (of 200).   Current convergence value = 0.000896401 (threshold = 0)
  Iteration 130 (of 200).   Current convergence value = 0.000901175 (threshold = 0)
  Iteration 131 (of 200).   Current convergence value = 0.000904342 (threshold = 0)
  Iteration 132 (of 200).   Current convergence value = 0.000905303 (threshold = 0)
  Iteration 133 (of 200).   Current convergence value = 0.00090403 (threshold = 0)
  Iteration 134 (of 200).   Current convergence value = 0.000902565 (threshold = 0)
  Iteration 135 (of 200).   Current convergence value = 0.000899697 (threshold = 0)
  Iteration 136 (of 200).   Current convergence value = 0.000895709 (threshold = 0)
  Iteration 137 (of 200).   Current convergence value = 0.00089246 (threshold = 0)
  Iteration 138 (of 200).   Current convergence value = 0.000888925 (threshold = 0)
  Iteration 139 (of 200).   Current convergence value = 0.000884281 (threshold = 0)
  Iteration 140 (of 200).   Current convergence value = 0.00088082 (threshold = 0)
  Iteration 141 (of 200).   Current convergence value = 0.000877583 (threshold = 0)
  Iteration 142 (of 200).   Current convergence value = 0.000873025 (threshold = 0)
  Iteration 143 (of 200).   Current convergence value = 0.000868129 (threshold = 0)
  Iteration 144 (of 200).   Current convergence value = 0.000863664 (threshold = 0)
  Iteration 145 (of 200).   Current convergence value = 0.00085838 (threshold = 0)
  Iteration 146 (of 200).   Current convergence value = 0.000853013 (threshold = 0)
  Iteration 147 (of 200).   Current convergence value = 0.000848095 (threshold = 0)
  Iteration 148 (of 200).   Current convergence value = 0.000843616 (threshold = 0)
  Iteration 149 (of 200).   Current convergence value = 0.000838381 (threshold = 0)
  Iteration 150 (of 200).   Current convergence value = 0.000832573 (threshold = 0)
  Iteration 151 (of 200).   Current convergence value = 0.000824859 (threshold = 0)
  Iteration 152 (of 200).   Current convergence value = 0.000817135 (threshold = 0)
  Iteration 153 (of 200).   Current convergence value = 0.000809245 (threshold = 0)
  Iteration 154 (of 200).   Current convergence value = 0.000800552 (threshold = 0)
  Iteration 155 (of 200).   Current convergence value = 0.000793054 (threshold = 0)
  Iteration 156 (of 200).   Current convergence value = 0.000786885 (threshold = 0)
  Iteration 157 (of 200).   Current convergence value = 0.000780322 (threshold = 0)
  Iteration 158 (of 200).   Current convergence value = 0.000772974 (threshold = 0)
  Iteration 159 (of 200).   Current convergence value = 0.000765429 (threshold = 0)
  Iteration 160 (of 200).   Current convergence value = 0.00075749 (threshold = 0)
  Iteration 161 (of 200).   Current convergence value = 0.000750024 (threshold = 0)
  Iteration 162 (of 200).   Current convergence value = 0.000744319 (threshold = 0)
  Iteration 163 (of 200).   Current convergence value = 0.000739415 (threshold = 0)
  Iteration 164 (of 200).   Current convergence value = 0.000733647 (threshold = 0)
  Iteration 165 (of 200).   Current convergence value = 0.000728057 (threshold = 0)
  Iteration 166 (of 200).   Current convergence value = 0.000722823 (threshold = 0)
  Iteration 167 (of 200).   Current convergence value = 0.000717611 (threshold = 0)
  Iteration 168 (of 200).   Current convergence value = 0.000712757 (threshold = 0)
  Iteration 169 (of 200).   Current convergence value = 0.000708241 (threshold = 0)
  Iteration 170 (of 200).   Current convergence value = 0.000704607 (threshold = 0)
  Iteration 171 (of 200).   Current convergence value = 0.000700889 (threshold = 0)
  Iteration 172 (of 200).   Current convergence value = 0.000696613 (threshold = 0)
  Iteration 173 (of 200).   Current convergence value = 0.000692111 (threshold = 0)
  Iteration 174 (of 200).   Current convergence value = 0.000687911 (threshold = 0)
  Iteration 175 (of 200).   Current convergence value = 0.000683828 (threshold = 0)
  Iteration 176 (of 200).   Current convergence value = 0.000682127 (threshold = 0)
  Iteration 177 (of 200).   Current convergence value = 0.000683723 (threshold = 0)
  Iteration 178 (of 200).   Current convergence value = 0.000684933 (threshold = 0)
  Iteration 179 (of 200).   Current convergence value = 0.000687642 (threshold = 0)
  Iteration 180 (of 200).   Current convergence value = 0.000690905 (threshold = 0)
  Iteration 181 (of 200).   Current convergence value = 0.00069552 (threshold = 0)
  Iteration 182 (of 200).   Current convergence value = 0.000700594 (threshold = 0)
  Iteration 183 (of 200).   Current convergence value = 0.000704551 (threshold = 0)
  Iteration 184 (of 200).   Current convergence value = 0.000708659 (threshold = 0)
  Iteration 185 (of 200).   Current convergence value = 0.000713299 (threshold = 0)
  Iteration 186 (of 200).   Current convergence value = 0.000717426 (threshold = 0)
  Iteration 187 (of 200).   Current convergence value = 0.000722219 (threshold = 0)
  Iteration 188 (of 200).   Current convergence value = 0.000727738 (threshold = 0)
  Iteration 189 (of 200).   Current convergence value = 0.00073231 (threshold = 0)
  Iteration 190 (of 200).   Current convergence value = 0.000736658 (threshold = 0)
  Iteration 191 (of 200).   Current convergence value = 0.000741239 (threshold = 0)
  Iteration 192 (of 200).   Current convergence value = 0.000744603 (threshold = 0)
  Iteration 193 (of 200).   Current convergence value = 0.000745925 (threshold = 0)
  Iteration 194 (of 200).   Current convergence value = 0.000745575 (threshold = 0)
  Iteration 195 (of 200).   Current convergence value = 0.000744777 (threshold = 0)
  Iteration 196 (of 200).   Current convergence value = 0.00074159 (threshold = 0)
  Iteration 197 (of 200).   Current convergence value = 0.000737559 (threshold = 0)
  Iteration 198 (of 200).   Current convergence value = 0.000734119 (threshold = 0)
  Iteration 199 (of 200).   Current convergence value = 0.000731886 (threshold = 0)
  Iteration 200 (of 200).   Current convergence value = 0.000729678 (threshold = 0)
Current level = 3
  Iteration 1 (of 200).   Current convergence value = 0.00246979 (threshold = 0)
  Iteration 2 (of 200).   Current convergence value = 0.00229885 (threshold = 0)
  Iteration 3 (of 200).   Current convergence value = 0.00217893 (threshold = 0)
  Iteration 4 (of 200).   Current convergence value = 0.00208123 (threshold = 0)
  Iteration 5 (of 200).   Current convergence value = 0.0019948 (threshold = 0)
  Iteration 6 (of 200).   Current convergence value = 0.00191452 (threshold = 0)
  Iteration 7 (of 200).   Current convergence value = 0.00185264 (threshold = 0)
  Iteration 8 (of 200).   Current convergence value = 0.00179666 (threshold = 0)
  Iteration 9 (of 200).   Current convergence value = 0.00174257 (threshold = 0)
  Iteration 10 (of 200).   Current convergence value = 0.00168758 (threshold = 0)
  Iteration 11 (of 200).   Current convergence value = 0.00161346 (threshold = 0)
  Iteration 12 (of 200).   Current convergence value = 0.00154241 (threshold = 0)
  Iteration 13 (of 200).   Current convergence value = 0.00147223 (threshold = 0)
  Iteration 14 (of 200).   Current convergence value = 0.00140817 (threshold = 0)
  Iteration 15 (of 200).   Current convergence value = 0.00134862 (threshold = 0)
  Iteration 16 (of 200).   Current convergence value = 0.00129359 (threshold = 0)
  Iteration 17 (of 200).   Current convergence value = 0.00124717 (threshold = 0)
  Iteration 18 (of 200).   Current convergence value = 0.0012052 (threshold = 0)
  Iteration 19 (of 200).   Current convergence value = 0.00116531 (threshold = 0)
  Iteration 20 (of 200).   Current convergence value = 0.0011312 (threshold = 0)
  Iteration 21 (of 200).   Current convergence value = 0.00110377 (threshold = 0)
  Iteration 22 (of 200).   Current convergence value = 0.00108072 (threshold = 0)
  Iteration 23 (of 200).   Current convergence value = 0.00105997 (threshold = 0)
  Iteration 24 (of 200).   Current convergence value = 0.00103941 (threshold = 0)
  Iteration 25 (of 200).   Current convergence value = 0.00102174 (threshold = 0)
  Iteration 26 (of 200).   Current convergence value = 0.0010081 (threshold = 0)
  Iteration 27 (of 200).   Current convergence value = 0.000997513 (threshold = 0)
  Iteration 28 (of 200).   Current convergence value = 0.000987552 (threshold = 0)
  Iteration 29 (of 200).   Current convergence value = 0.000979754 (threshold = 0)
  Iteration 30 (of 200).   Current convergence value = 0.000973141 (threshold = 0)
  Iteration 31 (of 200).   Current convergence value = 0.000967563 (threshold = 0)
  Iteration 32 (of 200).   Current convergence value = 0.00095982 (threshold = 0)
  Iteration 33 (of 200).   Current convergence value = 0.000951458 (threshold = 0)
  Iteration 34 (of 200).   Current convergence value = 0.000940706 (threshold = 0)
  Iteration 35 (of 200).   Current convergence value = 0.000922197 (threshold = 0)
  Iteration 36 (of 200).   Current convergence value = 0.000900559 (threshold = 0)
  Iteration 37 (of 200).   Current convergence value = 0.00087616 (threshold = 0)
  Iteration 38 (of 200).   Current convergence value = 0.000849916 (threshold = 0)
  Iteration 39 (of 200).   Current convergence value = 0.000822137 (threshold = 0)
  Iteration 40 (of 200).   Current convergence value = 0.000794867 (threshold = 0)
  Iteration 41 (of 200).   Current convergence value = 0.000769788 (threshold = 0)
  Iteration 42 (of 200).   Current convergence value = 0.000745898 (threshold = 0)
  Iteration 43 (of 200).   Current convergence value = 0.000736486 (threshold = 0)
  Iteration 44 (of 200).   Current convergence value = 0.000732808 (threshold = 0)
  Iteration 45 (of 200).   Current convergence value = 0.000731809 (threshold = 0)
  Iteration 46 (of 200).   Current convergence value = 0.000724254 (threshold = 0)
  Iteration 47 (of 200).   Current convergence value = 0.000711124 (threshold = 0)
  Iteration 48 (of 200).   Current convergence value = 0.00069878 (threshold = 0)
  Iteration 49 (of 200).   Current convergence value = 0.000685325 (threshold = 0)
  Iteration 50 (of 200).   Current convergence value = 0.000671825 (threshold = 0)
  Iteration 51 (of 200).   Current convergence value = 0.000659707 (threshold = 0)
  Iteration 52 (of 200).   Current convergence value = 0.000647769 (threshold = 0)
  Iteration 53 (of 200).   Current convergence value = 0.00063544 (threshold = 0)
  Iteration 54 (of 200).   Current convergence value = 0.000623322 (threshold = 0)
  Iteration 55 (of 200).   Current convergence value = 0.000612535 (threshold = 0)
  Iteration 56 (of 200).   Current convergence value = 0.000601997 (threshold = 0)
  Iteration 57 (of 200).   Current convergence value = 0.000592248 (threshold = 0)
  Iteration 58 (of 200).   Current convergence value = 0.00058274 (threshold = 0)
  Iteration 59 (of 200).   Current convergence value = 0.000573526 (threshold = 0)
  Iteration 60 (of 200).   Current convergence value = 0.000563687 (threshold = 0)
  Iteration 61 (of 200).   Current convergence value = 0.000554117 (threshold = 0)
  Iteration 62 (of 200).   Current convergence value = 0.000544948 (threshold = 0)
  Iteration 63 (of 200).   Current convergence value = 0.000536622 (threshold = 0)
  Iteration 64 (of 200).   Current convergence value = 0.000528913 (threshold = 0)
  Iteration 65 (of 200).   Current convergence value = 0.000521338 (threshold = 0)
  Iteration 66 (of 200).   Current convergence value = 0.000514585 (threshold = 0)
  Iteration 67 (of 200).   Current convergence value = 0.000508407 (threshold = 0)
  Iteration 68 (of 200).   Current convergence value = 0.000503258 (threshold = 0)
  Iteration 69 (of 200).   Current convergence value = 0.000498627 (threshold = 0)
  Iteration 70 (of 200).   Current convergence value = 0.000495173 (threshold = 0)
  Iteration 71 (of 200).   Current convergence value = 0.000492204 (threshold = 0)
  Iteration 72 (of 200).   Current convergence value = 0.000489845 (threshold = 0)
  Iteration 73 (of 200).   Current convergence value = 0.000488672 (threshold = 0)
  Iteration 74 (of 200).   Current convergence value = 0.000488462 (threshold = 0)
  Iteration 75 (of 200).   Current convergence value = 0.000488535 (threshold = 0)
  Iteration 76 (of 200).   Current convergence value = 0.000488195 (threshold = 0)
  Iteration 77 (of 200).   Current convergence value = 0.000487782 (threshold = 0)
  Iteration 78 (of 200).   Current convergence value = 0.000487129 (threshold = 0)
  Iteration 79 (of 200).   Current convergence value = 0.000486047 (threshold = 0)
  Iteration 80 (of 200).   Current convergence value = 0.000485368 (threshold = 0)
  Iteration 81 (of 200).   Current convergence value = 0.000484589 (threshold = 0)
  Iteration 82 (of 200).   Current convergence value = 0.000483127 (threshold = 0)
  Iteration 83 (of 200).   Current convergence value = 0.000481535 (threshold = 0)
  Iteration 84 (of 200).   Current convergence value = 0.000479782 (threshold = 0)
  Iteration 85 (of 200).   Current convergence value = 0.000478142 (threshold = 0)
  Iteration 86 (of 200).   Current convergence value = 0.00047645 (threshold = 0)
  Iteration 87 (of 200).   Current convergence value = 0.000475461 (threshold = 0)
  Iteration 88 (of 200).   Current convergence value = 0.000475193 (threshold = 0)
  Iteration 89 (of 200).   Current convergence value = 0.000476028 (threshold = 0)
  Iteration 90 (of 200).   Current convergence value = 0.000478002 (threshold = 0)
  Iteration 91 (of 200).   Current convergence value = 0.000480431 (threshold = 0)
  Iteration 92 (of 200).   Current convergence value = 0.000483574 (threshold = 0)
  Iteration 93 (of 200).   Current convergence value = 0.000486635 (threshold = 0)
  Iteration 94 (of 200).   Current convergence value = 0.000490546 (threshold = 0)
  Iteration 95 (of 200).   Current convergence value = 0.000494033 (threshold = 0)
  Iteration 96 (of 200).   Current convergence value = 0.000497208 (threshold = 0)
  Iteration 97 (of 200).   Current convergence value = 0.000500256 (threshold = 0)
  Iteration 98 (of 200).   Current convergence value = 0.000502249 (threshold = 0)
  Iteration 99 (of 200).   Current convergence value = 0.000502679 (threshold = 0)
  Iteration 100 (of 200).   Current convergence value = 0.000503382 (threshold = 0)
  Iteration 101 (of 200).   Current convergence value = 0.000502943 (threshold = 0)
  Iteration 102 (of 200).   Current convergence value = 0.000501423 (threshold = 0)
  Iteration 103 (of 200).   Current convergence value = 0.00049915 (threshold = 0)
  Iteration 104 (of 200).   Current convergence value = 0.000495619 (threshold = 0)
  Iteration 105 (of 200).   Current convergence value = 0.000491793 (threshold = 0)
  Iteration 106 (of 200).   Current convergence value = 0.000488149 (threshold = 0)
  Iteration 107 (of 200).   Current convergence value = 0.000483537 (threshold = 0)
  Iteration 108 (of 200).   Current convergence value = 0.000479074 (threshold = 0)
  Iteration 109 (of 200).   Current convergence value = 0.000473492 (threshold = 0)
  Iteration 110 (of 200).   Current convergence value = 0.000466497 (threshold = 0)
  Iteration 111 (of 200).   Current convergence value = 0.000458045 (threshold = 0)
  Iteration 112 (of 200).   Current convergence value = 0.000451706 (threshold = 0)
  Iteration 113 (of 200).   Current convergence value = 0.000446224 (threshold = 0)
  Iteration 114 (of 200).   Current convergence value = 0.000440413 (threshold = 0)
  Iteration 115 (of 200).   Current convergence value = 0.000434571 (threshold = 0)
  Iteration 116 (of 200).   Current convergence value = 0.000429516 (threshold = 0)
  Iteration 117 (of 200).   Current convergence value = 0.000424764 (threshold = 0)
  Iteration 118 (of 200).   Current convergence value = 0.000420827 (threshold = 0)
  Iteration 119 (of 200).   Current convergence value = 0.000416685 (threshold = 0)
  Iteration 120 (of 200).   Current convergence value = 0.000413954 (threshold = 0)
  Iteration 121 (of 200).   Current convergence value = 0.0004127 (threshold = 0)
  Iteration 122 (of 200).   Current convergence value = 0.000410797 (threshold = 0)
  Iteration 123 (of 200).   Current convergence value = 0.000408723 (threshold = 0)
  Iteration 124 (of 200).   Current convergence value = 0.000405234 (threshold = 0)
  Iteration 125 (of 200).   Current convergence value = 0.000401051 (threshold = 0)
  Iteration 126 (of 200).   Current convergence value = 0.00039773 (threshold = 0)
  Iteration 127 (of 200).   Current convergence value = 0.000393243 (threshold = 0)
  Iteration 128 (of 200).   Current convergence value = 0.000387208 (threshold = 0)
  Iteration 129 (of 200).   Current convergence value = 0.000381776 (threshold = 0)
  Iteration 130 (of 200).   Current convergence value = 0.000377514 (threshold = 0)
  Iteration 131 (of 200).   Current convergence value = 0.000373241 (threshold = 0)
  Iteration 132 (of 200).   Current convergence value = 0.000369201 (threshold = 0)
  Iteration 133 (of 200).   Current convergence value = 0.000365611 (threshold = 0)
  Iteration 134 (of 200).   Current convergence value = 0.00036239 (threshold = 0)
  Iteration 135 (of 200).   Current convergence value = 0.000359403 (threshold = 0)
  Iteration 136 (of 200).   Current convergence value = 0.000356191 (threshold = 0)
  Iteration 137 (of 200).   Current convergence value = 0.000353712 (threshold = 0)
  Iteration 138 (of 200).   Current convergence value = 0.000351142 (threshold = 0)
  Iteration 139 (of 200).   Current convergence value = 0.000347566 (threshold = 0)
  Iteration 140 (of 200).   Current convergence value = 0.000340859 (threshold = 0)
  Iteration 141 (of 200).   Current convergence value = 0.00033344 (threshold = 0)
  Iteration 142 (of 200).   Current convergence value = 0.000325893 (threshold = 0)
  Iteration 143 (of 200).   Current convergence value = 0.000317495 (threshold = 0)
  Iteration 144 (of 200).   Current convergence value = 0.000309014 (threshold = 0)
  Iteration 145 (of 200).   Current convergence value = 0.000301661 (threshold = 0)
  Iteration 146 (of 200).   Current convergence value = 0.000295583 (threshold = 0)
  Iteration 147 (of 200).   Current convergence value = 0.000290405 (threshold = 0)
  Iteration 148 (of 200).   Current convergence value = 0.000286564 (threshold = 0)
  Iteration 149 (of 200).   Current convergence value = 0.000284229 (threshold = 0)
  Iteration 150 (of 200).   Current convergence value = 0.000283557 (threshold = 0)
  Iteration 151 (of 200).   Current convergence value = 0.000284788 (threshold = 0)
  Iteration 152 (of 200).   Current convergence value = 0.000288007 (threshold = 0)
  Iteration 153 (of 200).   Current convergence value = 0.000293036 (threshold = 0)
  Iteration 154 (of 200).   Current convergence value = 0.000300404 (threshold = 0)
  Iteration 155 (of 200).   Current convergence value = 0.000301387 (threshold = 0)
  Iteration 156 (of 200).   Current convergence value = 0.000296531 (threshold = 0)
  Iteration 157 (of 200).   Current convergence value = 0.000292611 (threshold = 0)
  Iteration 158 (of 200).   Current convergence value = 0.000289427 (threshold = 0)
  Iteration 159 (of 200).   Current convergence value = 0.000286839 (threshold = 0)
  Iteration 160 (of 200).   Current convergence value = 0.000283618 (threshold = 0)
  Iteration 161 (of 200).   Current convergence value = 0.000280126 (threshold = 0)
  Iteration 162 (of 200).   Current convergence value = 0.000276846 (threshold = 0)
  Iteration 163 (of 200).   Current convergence value = 0.000273714 (threshold = 0)
  Iteration 164 (of 200).   Current convergence value = 0.000270356 (threshold = 0)
  Iteration 165 (of 200).   Current convergence value = 0.000267587 (threshold = 0)
  Iteration 166 (of 200).   Current convergence value = 0.000265301 (threshold = 0)
  Iteration 167 (of 200).   Current convergence value = 0.000263028 (threshold = 0)
  Iteration 168 (of 200).   Current convergence value = 0.000260645 (threshold = 0)
  Iteration 169 (of 200).   Current convergence value = 0.000258365 (threshold = 0)
  Iteration 170 (of 200).   Current convergence value = 0.000256336 (threshold = 0)
  Iteration 171 (of 200).   Current convergence value = 0.000256304 (threshold = 0)
  Iteration 172 (of 200).   Current convergence value = 0.000263817 (threshold = 0)
  Iteration 173 (of 200).   Current convergence value = 0.000272548 (threshold = 0)
  Iteration 174 (of 200).   Current convergence value = 0.000282223 (threshold = 0)
  Iteration 175 (of 200).   Current convergence value = 0.000290276 (threshold = 0)
  Iteration 176 (of 200).   Current convergence value = 0.000293114 (threshold = 0)
  Iteration 177 (of 200).   Current convergence value = 0.00029703 (threshold = 0)
  Iteration 178 (of 200).   Current convergence value = 0.00030167 (threshold = 0)
  Iteration 179 (of 200).   Current convergence value = 0.000306681 (threshold = 0)
  Iteration 180 (of 200).   Current convergence value = 0.000311144 (threshold = 0)
  Iteration 181 (of 200).   Current convergence value = 0.000314517 (threshold = 0)
  Iteration 182 (of 200).   Current convergence value = 0.000318186 (threshold = 0)
  Iteration 183 (of 200).   Current convergence value = 0.00032182 (threshold = 0)
  Iteration 184 (of 200).   Current convergence value = 0.000325175 (threshold = 0)
  Iteration 185 (of 200).   Current convergence value = 0.000328692 (threshold = 0)
  Iteration 186 (of 200).   Current convergence value = 0.000332666 (threshold = 0)
  Iteration 187 (of 200).   Current convergence value = 0.000336589 (threshold = 0)
  Iteration 188 (of 200).   Current convergence value = 0.000341069 (threshold = 0)
  Iteration 189 (of 200).   Current convergence value = 0.000345734 (threshold = 0)
  Iteration 190 (of 200).   Current convergence value = 0.000349614 (threshold = 0)
  Iteration 191 (of 200).   Current convergence value = 0.000352442 (threshold = 0)
  Iteration 192 (of 200).   Current convergence value = 0.000354886 (threshold = 0)
  Iteration 193 (of 200).   Current convergence value = 0.000357424 (threshold = 0)
  Iteration 194 (of 200).   Current convergence value = 0.000358774 (threshold = 0)
  Iteration 195 (of 200).   Current convergence value = 0.000359042 (threshold = 0)
  Iteration 196 (of 200).   Current convergence value = 0.000357716 (threshold = 0)
  Iteration 197 (of 200).   Current convergence value = 0.000355933 (threshold = 0)
  Iteration 198 (of 200).   Current convergence value = 0.000352707 (threshold = 0)
  Iteration 199 (of 200).   Current convergence value = 0.000348323 (threshold = 0)
  Iteration 200 (of 200).   Current convergence value = 0.000342291 (threshold = 0)
Current level = 4
  Iteration 1 (of 200).   Current convergence value = 0.00446489 (threshold = 0)
  Iteration 2 (of 200).   Current convergence value = 0.00404381 (threshold = 0)
  Iteration 3 (of 200).   Current convergence value = 0.00387844 (threshold = 0)
  Iteration 4 (of 200).   Current convergence value = 0.00369081 (threshold = 0)
  Iteration 5 (of 200).   Current convergence value = 0.00360765 (threshold = 0)
  Iteration 6 (of 200).   Current convergence value = 0.00323652 (threshold = 0)
  Iteration 7 (of 200).   Current convergence value = 0.00300887 (threshold = 0)
  Iteration 8 (of 200).   Current convergence value = 0.00295959 (threshold = 0)
  Iteration 9 (of 200).   Current convergence value = 0.00292845 (threshold = 0)
  Iteration 10 (of 200).   Current convergence value = 0.0029056 (threshold = 0)
  Iteration 11 (of 200).   Current convergence value = 0.00287129 (threshold = 0)
  Iteration 12 (of 200).   Current convergence value = 0.00280097 (threshold = 0)
  Iteration 13 (of 200).   Current convergence value = 0.00268144 (threshold = 0)
  Iteration 14 (of 200).   Current convergence value = 0.00269911 (threshold = 0)
  Iteration 15 (of 200).   Current convergence value = 0.00283227 (threshold = 0)
  Iteration 16 (of 200).   Current convergence value = 0.00248764 (threshold = 0)
  Iteration 17 (of 200).   Current convergence value = 0.00243341 (threshold = 0)
  Iteration 18 (of 200).   Current convergence value = 0.00239641 (threshold = 0)
  Iteration 19 (of 200).   Current convergence value = 0.00232368 (threshold = 0)
  Iteration 20 (of 200).   Current convergence value = 0.00221844 (threshold = 0)
  Iteration 21 (of 200).   Current convergence value = 0.00208946 (threshold = 0)
  Iteration 22 (of 200).   Current convergence value = 0.00209913 (threshold = 0)
  Iteration 23 (of 200).   Current convergence value = 0.00218757 (threshold = 0)
  Iteration 24 (of 200).   Current convergence value = 0.00222154 (threshold = 0)
  Iteration 25 (of 200).   Current convergence value = 0.00194341 (threshold = 0)
  Iteration 26 (of 200).   Current convergence value = 0.00189569 (threshold = 0)
  Iteration 27 (of 200).   Current convergence value = 0.00186883 (threshold = 0)
  Iteration 28 (of 200).   Current convergence value = 0.00184223 (threshold = 0)
  Iteration 29 (of 200).   Current convergence value = 0.00181218 (threshold = 0)
  Iteration 30 (of 200).   Current convergence value = 0.00178667 (threshold = 0)
  Iteration 31 (of 200).   Current convergence value = 0.00176264 (threshold = 0)
  Iteration 32 (of 200).   Current convergence value = 0.00174207 (threshold = 0)
  Iteration 33 (of 200).   Current convergence value = 0.00172287 (threshold = 0)
  Iteration 34 (of 200).   Current convergence value = 0.00169794 (threshold = 0)
  Iteration 35 (of 200).   Current convergence value = 0.00165381 (threshold = 0)
  Iteration 36 (of 200).   Current convergence value = 0.00160885 (threshold = 0)
  Iteration 37 (of 200).   Current convergence value = 0.00157069 (threshold = 0)
  Iteration 38 (of 200).   Current convergence value = 0.0015495 (threshold = 0)
  Iteration 39 (of 200).   Current convergence value = 0.0015396 (threshold = 0)
  Iteration 40 (of 200).   Current convergence value = 0.00153768 (threshold = 0)
  Iteration 41 (of 200).   Current convergence value = 0.00154218 (threshold = 0)
  Iteration 42 (of 200).   Current convergence value = 0.00155726 (threshold = 0)
  Iteration 43 (of 200).   Current convergence value = 0.00160046 (threshold = 0)
  Iteration 44 (of 200).   Current convergence value = 0.00165999 (threshold = 0)
  Iteration 45 (of 200).   Current convergence value = 0.0016743 (threshold = 0)
  Iteration 46 (of 200).   Current convergence value = 0.00148752 (threshold = 0)
  Iteration 47 (of 200).   Current convergence value = 0.00144114 (threshold = 0)
  Iteration 48 (of 200).   Current convergence value = 0.00141074 (threshold = 0)
  Iteration 49 (of 200).   Current convergence value = 0.00138535 (threshold = 0)
  Iteration 50 (of 200).   Current convergence value = 0.00135952 (threshold = 0)
  Iteration 51 (of 200).   Current convergence value = 0.00133134 (threshold = 0)
  Iteration 52 (of 200).   Current convergence value = 0.00130281 (threshold = 0)
  Iteration 53 (of 200).   Current convergence value = 0.00127515 (threshold = 0)
  Iteration 54 (of 200).   Current convergence value = 0.00124605 (threshold = 0)
  Iteration 55 (of 200).   Current convergence value = 0.00122061 (threshold = 0)
  Iteration 56 (of 200).   Current convergence value = 0.00119922 (threshold = 0)
  Iteration 57 (of 200).   Current convergence value = 0.00117961 (threshold = 0)
  Iteration 58 (of 200).   Current convergence value = 0.00115415 (threshold = 0)
  Iteration 59 (of 200).   Current convergence value = 0.00111843 (threshold = 0)
  Iteration 60 (of 200).   Current convergence value = 0.00107295 (threshold = 0)
  Iteration 61 (of 200).   Current convergence value = 0.00103587 (threshold = 0)
  Iteration 62 (of 200).   Current convergence value = 0.00100621 (threshold = 0)
  Iteration 63 (of 200).   Current convergence value = 0.000983514 (threshold = 0)
  Iteration 64 (of 200).   Current convergence value = 0.000973564 (threshold = 0)
  Iteration 65 (of 200).   Current convergence value = 0.000969008 (threshold = 0)
  Iteration 66 (of 200).   Current convergence value = 0.000973954 (threshold = 0)
  Iteration 67 (of 200).   Current convergence value = 0.000985917 (threshold = 0)
  Iteration 68 (of 200).   Current convergence value = 0.000999751 (threshold = 0)
  Iteration 69 (of 200).   Current convergence value = 0.00101635 (threshold = 0)
  Iteration 70 (of 200).   Current convergence value = 0.00103576 (threshold = 0)
  Iteration 71 (of 200).   Current convergence value = 0.00105602 (threshold = 0)
  Iteration 72 (of 200).   Current convergence value = 0.00107565 (threshold = 0)
  Iteration 73 (of 200).   Current convergence value = 0.00109879 (threshold = 0)
  Iteration 74 (of 200).   Current convergence value = 0.00113512 (threshold = 0)
  Iteration 75 (of 200).   Current convergence value = 0.00117979 (threshold = 0)
  Iteration 76 (of 200).   Current convergence value = 0.00123101 (threshold = 0)
  Iteration 77 (of 200).   Current convergence value = 0.00128107 (threshold = 0)
  Iteration 78 (of 200).   Current convergence value = 0.00112658 (threshold = 0)
  Iteration 79 (of 200).   Current convergence value = 0.00106542 (threshold = 0)
  Iteration 80 (of 200).   Current convergence value = 0.00103495 (threshold = 0)
  Iteration 81 (of 200).   Current convergence value = 0.00101204 (threshold = 0)
  Iteration 82 (of 200).   Current convergence value = 0.000993402 (threshold = 0)
  Iteration 83 (of 200).   Current convergence value = 0.000974334 (threshold = 0)
  Iteration 84 (of 200).   Current convergence value = 0.000947515 (threshold = 0)
  Iteration 85 (of 200).   Current convergence value = 0.000919159 (threshold = 0)
  Iteration 86 (of 200).   Current convergence value = 0.000897755 (threshold = 0)
  Iteration 87 (of 200).   Current convergence value = 0.000877368 (threshold = 0)
  Iteration 88 (of 200).   Current convergence value = 0.000859626 (threshold = 0)
  Iteration 89 (of 200).   Current convergence value = 0.000840799 (threshold = 0)
  Iteration 90 (of 200).   Current convergence value = 0.000826124 (threshold = 0)
  Iteration 91 (of 200).   Current convergence value = 0.000811622 (threshold = 0)
  Iteration 92 (of 200).   Current convergence value = 0.000799171 (threshold = 0)
  Iteration 93 (of 200).   Current convergence value = 0.000787852 (threshold = 0)
  Iteration 94 (of 200).   Current convergence value = 0.000761773 (threshold = 0)
  Iteration 95 (of 200).   Current convergence value = 0.000762891 (threshold = 0)
  Iteration 96 (of 200).   Current convergence value = 0.00077478 (threshold = 0)
  Iteration 97 (of 200).   Current convergence value = 0.000794032 (threshold = 0)
  Iteration 98 (of 200).   Current convergence value = 0.000820749 (threshold = 0)
  Iteration 99 (of 200).   Current convergence value = 0.000852429 (threshold = 0)
  Iteration 100 (of 200).   Current convergence value = 0.000885476 (threshold = 0)
  Iteration 101 (of 200).   Current convergence value = 0.000921051 (threshold = 0)
  Iteration 102 (of 200).   Current convergence value = 0.000966619 (threshold = 0)
  Iteration 103 (of 200).   Current convergence value = 0.00102189 (threshold = 0)
  Iteration 104 (of 200).   Current convergence value = 0.00107943 (threshold = 0)
  Iteration 105 (of 200).   Current convergence value = 0.0011412 (threshold = 0)
  Iteration 106 (of 200).   Current convergence value = 0.00120655 (threshold = 0)
  Iteration 107 (of 200).   Current convergence value = 0.00114612 (threshold = 0)
  Iteration 108 (of 200).   Current convergence value = 0.00110685 (threshold = 0)
  Iteration 109 (of 200).   Current convergence value = 0.00108277 (threshold = 0)
  Iteration 110 (of 200).   Current convergence value = 0.00106636 (threshold = 0)
  Iteration 111 (of 200).   Current convergence value = 0.00105542 (threshold = 0)
  Iteration 112 (of 200).   Current convergence value = 0.00104518 (threshold = 0)
  Iteration 113 (of 200).   Current convergence value = 0.00102636 (threshold = 0)
  Iteration 114 (of 200).   Current convergence value = 0.00100298 (threshold = 0)
  Iteration 115 (of 200).   Current convergence value = 0.000982629 (threshold = 0)
  Iteration 116 (of 200).   Current convergence value = 0.000957556 (threshold = 0)
  Iteration 117 (of 200).   Current convergence value = 0.000933523 (threshold = 0)
  Iteration 118 (of 200).   Current convergence value = 0.000909018 (threshold = 0)
  Iteration 119 (of 200).   Current convergence value = 0.000887869 (threshold = 0)
  Iteration 120 (of 200).   Current convergence value = 0.000913819 (threshold = 0)
  Iteration 121 (of 200).   Current convergence value = 0.000934998 (threshold = 0)
  Iteration 122 (of 200).   Current convergence value = 0.000939377 (threshold = 0)
  Iteration 123 (of 200).   Current convergence value = 0.000948911 (threshold = 0)
  Iteration 124 (of 200).   Current convergence value = 0.000968895 (threshold = 0)
  Iteration 125 (of 200).   Current convergence value = 0.00100315 (threshold = 0)
  Iteration 126 (of 200).   Current convergence value = 0.00105134 (threshold = 0)
  Iteration 127 (of 200).   Current convergence value = 0.0010996 (threshold = 0)
  Iteration 128 (of 200).   Current convergence value = 0.00114034 (threshold = 0)
  Iteration 129 (of 200).   Current convergence value = 0.00115203 (threshold = 0)
  Iteration 130 (of 200).   Current convergence value = 0.00112857 (threshold = 0)
  Iteration 131 (of 200).   Current convergence value = 0.00113833 (threshold = 0)
  Iteration 132 (of 200).   Current convergence value = 0.00115218 (threshold = 0)
  Iteration 133 (of 200).   Current convergence value = 0.00107286 (threshold = 0)
  Iteration 134 (of 200).   Current convergence value = 0.00102497 (threshold = 0)
  Iteration 135 (of 200).   Current convergence value = 0.000994843 (threshold = 0)
  Iteration 136 (of 200).   Current convergence value = 0.000976433 (threshold = 0)
  Iteration 137 (of 200).   Current convergence value = 0.000953598 (threshold = 0)
  Iteration 138 (of 200).   Current convergence value = 0.000919531 (threshold = 0)
  Iteration 139 (of 200).   Current convergence value = 0.000868915 (threshold = 0)
  Iteration 140 (of 200).   Current convergence value = 0.000824211 (threshold = 0)
  Iteration 141 (of 200).   Current convergence value = 0.000781846 (threshold = 0)
  Iteration 142 (of 200).   Current convergence value = 0.000769093 (threshold = 0)
  Iteration 143 (of 200).   Current convergence value = 0.000787192 (threshold = 0)
  Iteration 144 (of 200).   Current convergence value = 0.000792455 (threshold = 0)
  Iteration 145 (of 200).   Current convergence value = 0.000772138 (threshold = 0)
  Iteration 146 (of 200).   Current convergence value = 0.00076877 (threshold = 0)
  Iteration 147 (of 200).   Current convergence value = 0.000780103 (threshold = 0)
  Iteration 148 (of 200).   Current convergence value = 0.00079799 (threshold = 0)
  Iteration 149 (of 200).   Current convergence value = 0.000814334 (threshold = 0)
  Iteration 150 (of 200).   Current convergence value = 0.000825653 (threshold = 0)
  Iteration 151 (of 200).   Current convergence value = 0.000840489 (threshold = 0)
  Iteration 152 (of 200).   Current convergence value = 0.0008573 (threshold = 0)
  Iteration 153 (of 200).   Current convergence value = 0.000880483 (threshold = 0)
  Iteration 154 (of 200).   Current convergence value = 0.000813388 (threshold = 0)
  Iteration 155 (of 200).   Current convergence value = 0.000768305 (threshold = 0)
  Iteration 156 (of 200).   Current convergence value = 0.000743158 (threshold = 0)
  Iteration 157 (of 200).   Current convergence value = 0.000726549 (threshold = 0)
  Iteration 158 (of 200).   Current convergence value = 0.000713791 (threshold = 0)
  Iteration 159 (of 200).   Current convergence value = 0.000701698 (threshold = 0)
  Iteration 160 (of 200).   Current convergence value = 0.000687905 (threshold = 0)
  Iteration 161 (of 200).   Current convergence value = 0.000672563 (threshold = 0)
  Iteration 162 (of 200).   Current convergence value = 0.000657285 (threshold = 0)
  Iteration 163 (of 200).   Current convergence value = 0.000643825 (threshold = 0)
  Iteration 164 (of 200).   Current convergence value = 0.000627816 (threshold = 0)
  Iteration 165 (of 200).   Current convergence value = 0.000613566 (threshold = 0)
  Iteration 166 (of 200).   Current convergence value = 0.000599537 (threshold = 0)
  Iteration 167 (of 200).   Current convergence value = 0.000600622 (threshold = 0)
  Iteration 168 (of 200).   Current convergence value = 0.000618021 (threshold = 0)
  Iteration 169 (of 200).   Current convergence value = 0.000643994 (threshold = 0)
  Iteration 170 (of 200).   Current convergence value = 0.000679359 (threshold = 0)
  Iteration 171 (of 200).   Current convergence value = 0.000721689 (threshold = 0)
  Iteration 172 (of 200).   Current convergence value = 0.000738403 (threshold = 0)
  Iteration 173 (of 200).   Current convergence value = 0.000736379 (threshold = 0)
  Iteration 174 (of 200).   Current convergence value = 0.000740534 (threshold = 0)
  Iteration 175 (of 200).   Current convergence value = 0.00074838 (threshold = 0)
  Iteration 176 (of 200).   Current convergence value = 0.00075951 (threshold = 0)
  Iteration 177 (of 200).   Current convergence value = 0.000778488 (threshold = 0)
  Iteration 178 (of 200).   Current convergence value = 0.000794106 (threshold = 0)
  Iteration 179 (of 200).   Current convergence value = 0.000805616 (threshold = 0)
  Iteration 180 (of 200).   Current convergence value = 0.000806689 (threshold = 0)
  Iteration 181 (of 200).   Current convergence value = 0.000814134 (threshold = 0)
  Iteration 182 (of 200).   Current convergence value = 0.000827284 (threshold = 0)
  Iteration 183 (of 200).   Current convergence value = 0.000839542 (threshold = 0)
  Iteration 184 (of 200).   Current convergence value = 0.000810182 (threshold = 0)
  Iteration 185 (of 200).   Current convergence value = 0.000768069 (threshold = 0)
  Iteration 186 (of 200).   Current convergence value = 0.000743413 (threshold = 0)
  Iteration 187 (of 200).   Current convergence value = 0.000723804 (threshold = 0)
  Iteration 188 (of 200).   Current convergence value = 0.000708051 (threshold = 0)
  Iteration 189 (of 200).   Current convergence value = 0.000695716 (threshold = 0)
  Iteration 190 (of 200).   Current convergence value = 0.000686952 (threshold = 0)
  Iteration 191 (of 200).   Current convergence value = 0.000680982 (threshold = 0)
  Iteration 192 (of 200).   Current convergence value = 0.000674908 (threshold = 0)
  Iteration 193 (of 200).   Current convergence value = 0.000670124 (threshold = 0)
  Iteration 194 (of 200).   Current convergence value = 0.000666309 (threshold = 0)
  Iteration 195 (of 200).   Current convergence value = 0.000660648 (threshold = 0)
  Iteration 196 (of 200).   Current convergence value = 0.000654948 (threshold = 0)
  Iteration 197 (of 200).   Current convergence value = 0.000651945 (threshold = 0)
  Iteration 198 (of 200).   Current convergence value = 0.000649507 (threshold = 0)
  Iteration 199 (of 200).   Current convergence value = 0.000646401 (threshold = 0)
  Iteration 200 (of 200).   Current convergence value = 0.000642424 (threshold = 0)
   N4BiasFieldCorrectionImageFilter (0x22b8240)
     RTTI typeinfo:   itk::N4BiasFieldCorrectionImageFilter<itk::Image<float, 3u>, itk::Image<float, 3u>, itk::Image<float, 3u> >
     Reference Count: 1
     Modified Time: 574
     Debug: Off
     Object Name: 
     Observers: 
       IterationEvent(Command)
     Inputs: 
       ConfidenceImage: (0)
       MaskImage: (0x22caaf0)
       Primary: (0x22c8080) *
     Indexed Inputs: 
       0: Primary (0x22c8080)
       1: MaskImage (0x22caaf0)
       2: ConfidenceImage (0)
     Required Input Names: Primary
     NumberOfRequiredInputs: 1
     Outputs: 
       Primary: (0x22c5b90)
     Indexed Outputs: 
       0: Primary (0x22c5b90)
     NumberOfRequiredOutputs: 1
     Number Of Work Units: 128
     ReleaseDataFlag: Off
     ReleaseDataBeforeUpdateFlag: Off
     AbortGenerateData: Off
     Progress: 0
     Multithreader: 
       RTTI typeinfo:   itk::PoolMultiThreader
       Reference Count: 1
       Modified Time: 140
       Debug: Off
       Object Name: 
       Observers: 
         none
       Number of Work Units: 128
       Number of Threads: 56
       Global Maximum Number Of Threads: 128
       Global Default Number Of Threads: 56
       Global Default Threader Type: itk::MultiThreaderBaseEnums::Threader::Pool
       SingleMethod: 0
       SingleData: 0
     DynamicMultiThreading: On
     CoordinateTolerance: 1e-06
     DirectionTolerance: 1e-06
     Use Mask Label: 0
     Mask label: 1
     Number of histogram bins: 200
     Wiener filter noise: 0.01
     Bias field FWHM: 0.15
     Maximum number of iterations: [200, 200, 200, 200]
     Convergence threshold: 0
     Spline order: 3
     Number of fitting levels: [4, 4, 4]
     Number of control points: [5, 5, 4]
     CurrentConvergenceMeasurement: 0.000642424
     CurrentLevel: 4
     ElapsedIterations: 201
     LogBiasFieldControlPointLattice: 
       Image (0x2819940)
         RTTI typeinfo:   itk::Image<itk::Vector<float, 1u>, 3u>
         Reference Count: 1
         Modified Time: 2616003
         Debug: Off
         Object Name: 
         Observers: 
           none
         Source: (none)
         Source output name: (none)
         Release Data: Off
         Data Released: False
         Global Release Data: Off
         PipelineMTime: 0
         UpdateMTime: 0
         RealTimeStamp: 0 seconds 
         LargestPossibleRegion: 
           Dimension: 3
           Index: [0, 0, 0]
           Size: [19, 19, 11]
         BufferedRegion: 
           Dimension: 3
           Index: [0, 0, 0]
           Size: [19, 19, 11]
         RequestedRegion: 
           Dimension: 3
           Index: [0, 0, 0]
           Size: [19, 19, 11]
         Spacing: [12, 12, 12]
         Origin: [-12.0076, 14.9701, -7.98214]
         Direction: 
0.999917 -0.00872519 0.00944259
-0.00570168 -0.959228 -0.282575
-0.0115231 -0.282498 0.959199

         IndexToPointMatrix: 
11.999 -0.104702 0.113311
-0.0684202 -11.5107 -3.3909
-0.138277 -3.38997 11.5104

         PointToIndexMatrix: 
0.0833264 -0.00047514 -0.00096026
-0.000727099 -0.0799357 -0.0235415
0.000786882 -0.0235479 0.0799332

         Inverse Direction: 
0.999917 -0.00570168 -0.0115231
-0.00872519 -0.959228 -0.282498
0.00944259 -0.282575 0.959199

         PixelContainer: 
           ImportImageContainer (0x22cb3c0)
             RTTI typeinfo:   itk::ImportImageContainer<unsigned long, itk::Vector<float, 1u> >
             Reference Count: 1
             Modified Time: 2616004
             Debug: Off
             Object Name: 
             Observers: 
               none
             Pointer: 0x2d546d0
             Container manages memory: true
             Size: 3971
             Capacity: 3971
Elapsed time: 20.7824
All_Command_lines_OK
Using double precision for computations.
=============================================================================
The composite transform comprises the following transforms (in order): 
  1. Center of mass alignment using fixed image: /home/ccn30/rds/rds-p00500_encrypt-URQgmO1brZ0/p00500/ENCRYPT_images/27783/fMRI/N4meanEPI.nii and moving image: /home/ccn30/rds/rds-p00500_encrypt-URQgmO1brZ0/p00500/ENCRYPT_images/27783/mp2rage/n4mag0000_PSIR_skulled_std_struc_brain.nii (type = Euler3DTransform)
=============================================================================
  Reading mask(s).
    Registration stage 0
      No fixed mask
      No moving mask
    Registration stage 1
      Fixed mask = /home/ccn30/rds/rds-p00500_encrypt-URQgmO1brZ0/p00500/ENCRYPT_images/27783/fMRI/fixedEPIMask.nii
      No moving mask
  number of levels = 3
  number of levels = 4
  fixed image: /home/ccn30/rds/rds-p00500_encrypt-URQgmO1brZ0/p00500/ENCRYPT_images/27783/fMRI/N4meanEPI.nii
  moving image: /home/ccn30/rds/rds-p00500_encrypt-URQgmO1brZ0/p00500/ENCRYPT_images/27783/mp2rage/n4mag0000_PSIR_skulled_std_struc_brain.nii
  fixed image: /home/ccn30/rds/rds-p00500_encrypt-URQgmO1brZ0/p00500/ENCRYPT_images/27783/fMRI/N4meanEPI.nii
  moving image: /home/ccn30/rds/rds-p00500_encrypt-URQgmO1brZ0/p00500/ENCRYPT_images/27783/mp2rage/n4mag0000_PSIR_skulled_std_struc_brain.nii
Dimension = 3
Number of stages = 2
Use Histogram Matching false
Winsorize image intensities true
Lower quantile = 0.005
Upper quantile = 0.995
Stage 1 State
   Image metric = Mattes
     Fixed image = Image (0x38d1ad0)
  RTTI typeinfo:   itk::Image<double, 3u>
  Reference Count: 2
  Modified Time: 1979
  Debug: Off
  Object Name: 
  Observers: 
    none
  Source: (none)
  Source output name: (none)
  Release Data: Off
  Data Released: False
  Global Release Data: Off
  PipelineMTime: 0
  UpdateMTime: 1762
  RealTimeStamp: 0 seconds 
  LargestPossibleRegion: 
    Dimension: 3
    Index: [0, 0, 0]
    Size: [128, 128, 42]
  BufferedRegion: 
    Dimension: 3
    Index: [0, 0, 0]
    Size: [128, 128, 42]
  RequestedRegion: 
    Dimension: 3
    Index: [0, 0, 0]
    Size: [128, 128, 42]
  Spacing: [1.5, 1.5, 1]
  Origin: [-96.8386, 76.0599, 16.7751]
  Direction: 
0.999917 -0.00872519 0.00944259
-0.00570168 -0.959228 -0.282575
-0.0115231 -0.282498 0.959199

  IndexToPointMatrix: 
1.49988 -0.0130878 0.00944259
-0.00855252 -1.43884 -0.282575
-0.0172847 -0.423746 0.959199

  PointToIndexMatrix: 
0.666612 -0.00380112 -0.00768208
-0.00581679 -0.639486 -0.188332
0.00944259 -0.282575 0.959199

  Inverse Direction: 
0.999917 -0.00570168 -0.0115231
-0.00872519 -0.959228 -0.282498
0.00944259 -0.282575 0.959199

  PixelContainer: 
    ImportImageContainer (0x38d1d90)
      RTTI typeinfo:   itk::ImportImageContainer<unsigned long, double>
      Reference Count: 1
      Modified Time: 1759
      Debug: Off
      Object Name: 
      Observers: 
        none
      Pointer: 0x398de70
      Container manages memory: true
      Size: 688128
      Capacity: 688128

     Moving image = Image (0x398cc90)
  RTTI typeinfo:   itk::Image<double, 3u>
  Reference Count: 2
  Modified Time: 1980
  Debug: Off
  Object Name: 
  Observers: 
    none
  Source: (none)
  Source output name: (none)
  Release Data: Off
  Data Released: False
  Global Release Data: Off
  PipelineMTime: 0
  UpdateMTime: 1977
  RealTimeStamp: 0 seconds 
  LargestPossibleRegion: 
    Dimension: 3
    Index: [0, 0, 0]
    Size: [224, 320, 320]
  BufferedRegion: 
    Dimension: 3
    Index: [0, 0, 0]
    Size: [224, 320, 320]
  RequestedRegion: 
    Dimension: 3
    Index: [0, 0, 0]
    Size: [224, 320, 320]
  Spacing: [0.7, 0.7, 0.7]
  Origin: [-79.9132, 74.7166, -92.7551]
  Direction: 
1 0 0
0 -1 0
0 0 1

  IndexToPointMatrix: 
0.7 0 0
0 -0.7 0
0 0 0.7

  PointToIndexMatrix: 
1.42857 0 0
0 -1.42857 0
0 0 1.42857

  Inverse Direction: 
1 0 0
0 -1 0
0 0 1

  PixelContainer: 
    ImportImageContainer (0x398d0a0)
      RTTI typeinfo:   itk::ImportImageContainer<unsigned long, double>
      Reference Count: 1
      Modified Time: 1974
      Debug: Off
      Object Name: 
      Observers: 
        none
      Pointer: 0x2ba770859010
      Container manages memory: true
      Size: 22937600
      Capacity: 22937600

     Weighting = 1
     Sampling strategy = random
     Number of bins = 32
     Radius = 4
     Sampling percentage  = 0.5
   Transform = Translation
     Gradient step = 0.2
     Update field sigma (voxel space) = 0
     Total field sigma (voxel space) = 0
     Update field time sigma = 0
     Total field time sigma  = 0
     Number of time indices = 0
     Number of time point samples = 0
Stage 2 State
   Image metric = Mattes
     Fixed image = Image (0x398db20)
  RTTI typeinfo:   itk::Image<double, 3u>
  Reference Count: 2
  Modified Time: 2411
  Debug: Off
  Object Name: 
  Observers: 
    none
  Source: (none)
  Source output name: (none)
  Release Data: Off
  Data Released: False
  Global Release Data: Off
  PipelineMTime: 0
  UpdateMTime: 2194
  RealTimeStamp: 0 seconds 
  LargestPossibleRegion: 
    Dimension: 3
    Index: [0, 0, 0]
    Size: [128, 128, 42]
  BufferedRegion: 
    Dimension: 3
    Index: [0, 0, 0]
    Size: [128, 128, 42]
  RequestedRegion: 
    Dimension: 3
    Index: [0, 0, 0]
    Size: [128, 128, 42]
  Spacing: [1.5, 1.5, 1]
  Origin: [-96.8386, 76.0599, 16.7751]
  Direction: 
0.999917 -0.00872519 0.00944259
-0.00570168 -0.959228 -0.282575
-0.0115231 -0.282498 0.959199

  IndexToPointMatrix: 
1.49988 -0.0130878 0.00944259
-0.00855252 -1.43884 -0.282575
-0.0172847 -0.423746 0.959199

  PointToIndexMatrix: 
0.666612 -0.00380112 -0.00768208
-0.00581679 -0.639486 -0.188332
0.00944259 -0.282575 0.959199

  Inverse Direction: 
0.999917 -0.00570168 -0.0115231
-0.00872519 -0.959228 -0.282498
0.00944259 -0.282575 0.959199

  PixelContainer: 
    ImportImageContainer (0x398bb40)
      RTTI typeinfo:   itk::ImportImageContainer<unsigned long, double>
      Reference Count: 1
      Modified Time: 2191
      Debug: Off
      Object Name: 
      Observers: 
        none
      Pointer: 0x3ed2690
      Container manages memory: true
      Size: 688128
      Capacity: 688128

     Moving image = Image (0x3ed23a0)
  RTTI typeinfo:   itk::Image<double, 3u>
  Reference Count: 2
  Modified Time: 2412
  Debug: Off
  Object Name: 
  Observers: 
    none
  Source: (none)
  Source output name: (none)
  Release Data: Off
  Data Released: False
  Global Release Data: Off
  PipelineMTime: 0
  UpdateMTime: 2409
  RealTimeStamp: 0 seconds 
  LargestPossibleRegion: 
    Dimension: 3
    Index: [0, 0, 0]
    Size: [224, 320, 320]
  BufferedRegion: 
    Dimension: 3
    Index: [0, 0, 0]
    Size: [224, 320, 320]
  RequestedRegion: 
    Dimension: 3
    Index: [0, 0, 0]
    Size: [224, 320, 320]
  Spacing: [0.7, 0.7, 0.7]
  Origin: [-79.9132, 74.7166, -92.7551]
  Direction: 
1 0 0
0 -1 0
0 0 1

  IndexToPointMatrix: 
0.7 0 0
0 -0.7 0
0 0 0.7

  PointToIndexMatrix: 
1.42857 0 0
0 -1.42857 0
0 0 1.42857

  Inverse Direction: 
1 0 0
0 -1 0
0 0 1

  PixelContainer: 
    ImportImageContainer (0x3986f10)
      RTTI typeinfo:   itk::ImportImageContainer<unsigned long, double>
      Reference Count: 1
      Modified Time: 2406
      Debug: Off
      Object Name: 
      Observers: 
        none
      Pointer: 0x2ba77b75a010
      Container manages memory: true
      Size: 22937600
      Capacity: 22937600

     Weighting = 1
     Sampling strategy = random
     Number of bins = 32
     Radius = 4
     Sampling percentage  = 0.5
   Transform = Rigid
     Gradient step = 0.2
     Update field sigma (voxel space) = 0
     Total field sigma (voxel space) = 0
     Update field time sigma = 0
     Total field time sigma  = 0
     Number of time indices = 0
     Number of time point samples = 0
Registration using 2 total stages.

Stage 0
  iterations = 400x200x100
  convergence threshold = 1e-06
  convergence window size = 10
  number of levels = 3
  using the Mattes MI metric (number of bins = 32, weight = 1)
  preprocessing:  winsorizing the image intensities
  Shrink factors (level 1 out of 3): [5, 5, 8]
  Shrink factors (level 2 out of 3): [3, 3, 4]
  Shrink factors (level 3 out of 3): [1, 1, 2]
  smoothing sigmas per level: [0, 0, 0]
  random sampling (percentage = 0.5)

*** Running TranslationTransform registration ***

DIAGNOSTIC,Iteration,metricValue,convergenceValue,ITERATION_TIME_INDEX,SINCE_LAST
 2DIAGNOSTIC,     1, -4.869528828626e-01, 1.797693134862e+308, 7.2129e-02, 7.2129e-02, 
 2DIAGNOSTIC,     2, -4.970176016893e-01, 1.797693134862e+308, 7.7778e-02, 5.6491e-03, 
 2DIAGNOSTIC,     3, -4.898634461075e-01, 1.797693134862e+308, 8.6625e-02, 8.8470e-03, 
 2DIAGNOSTIC,     4, -4.901397346236e-01, 1.797693134862e+308, 9.1453e-02, 4.8280e-03, 
 2DIAGNOSTIC,     5, -4.906538192902e-01, 1.797693134862e+308, 9.8561e-02, 7.1080e-03, 
 2DIAGNOSTIC,     6, -4.913392982467e-01, 1.797693134862e+308, 1.1700e-01, 1.8438e-02, 
 2DIAGNOSTIC,     7, -4.913392970737e-01, 1.797693134862e+308, 1.3541e-01, 1.8406e-02, 
 2DIAGNOSTIC,     8, -4.913392970736e-01, 1.797693134862e+308, 1.4632e-01, 1.0915e-02, 
 2DIAGNOSTIC,     9, -4.913392970736e-01, 1.797693134862e+308, 1.5338e-01, 7.0610e-03, 
 2DIAGNOSTIC,    10, -4.913392970736e-01, 6.892034564827e-05, 1.6058e-01, 7.2031e-03, 
DIAGNOSTIC,Iteration,metricValue,convergenceValue,ITERATION_TIME_INDEX,SINCE_LAST
 2DIAGNOSTIC,     1, -3.627887860340e-01, 1.797693134862e+308, 2.5247e-01, 9.1881e-02, 
 2DIAGNOSTIC,     2, -3.633038675570e-01, 1.797693134862e+308, 2.7094e-01, 1.8476e-02, 
 2DIAGNOSTIC,     3, -3.635546469087e-01, 1.797693134862e+308, 2.9842e-01, 2.7476e-02, 
 2DIAGNOSTIC,     4, -3.636453556371e-01, 1.797693134862e+308, 3.1456e-01, 1.6143e-02, 
 2DIAGNOSTIC,     5, -3.636796370958e-01, 1.797693134862e+308, 3.3293e-01, 1.8372e-02, 
 2DIAGNOSTIC,     6, -3.637745410487e-01, 1.797693134862e+308, 3.5585e-01, 2.2916e-02, 
 2DIAGNOSTIC,     7, -3.637763429225e-01, 1.797693134862e+308, 3.7890e-01, 2.3056e-02, 
 2DIAGNOSTIC,     8, -3.637764274186e-01, 1.797693134862e+308, 4.3540e-01, 5.6492e-02, 
 2DIAGNOSTIC,     9, -3.637764274185e-01, 1.797693134862e+308, 4.8101e-01, 4.5618e-02, 
 2DIAGNOSTIC,    10, -3.637764274185e-01, 1.308321910008e-04, 5.0450e-01, 2.3491e-02, 
 2DIAGNOSTIC,    11, -3.637764274185e-01, 6.001093658563e-05, 5.2589e-01, 2.1383e-02, 
 2DIAGNOSTIC,    12, -3.637764274185e-01, 2.904098116643e-05, 5.4255e-01, 1.6663e-02, 
 2DIAGNOSTIC,    13, -3.637764274185e-01, 1.549347859062e-05, 5.6143e-01, 1.8875e-02, 
 2DIAGNOSTIC,    14, -3.637764274185e-01, 7.771759649763e-06, 5.8026e-01, 1.8829e-02, 
 2DIAGNOSTIC,    15, -3.637764274185e-01, 2.223536807691e-06, 5.9908e-01, 1.8824e-02, 
 2DIAGNOSTIC,    16, -3.637764274185e-01, 1.992900709902e-06, 6.1783e-01, 1.8752e-02, 
 2DIAGNOSTIC,    17, -3.637764274185e-01, 1.871750573805e-06, 6.3658e-01, 1.8749e-02, 
 2DIAGNOSTIC,    18, -3.637764274185e-01, 1.767734066002e-06, 6.5530e-01, 1.8722e-02, 
 2DIAGNOSTIC,    19, -3.637764274185e-01, 1.674669689034e-06, 6.7394e-01, 1.8637e-02, 
 2DIAGNOSTIC,    20, -3.637764274185e-01, 1.590914195909e-06, 6.9263e-01, 1.8693e-02, 
 2DIAGNOSTIC,    21, -3.637764274185e-01, 1.515137413123e-06, 7.1113e-01, 1.8493e-02, 
 2DIAGNOSTIC,    22, -3.637764274185e-01, 1.446251074802e-06, 7.3284e-01, 2.1719e-02, 
 2DIAGNOSTIC,    23, -3.637764274185e-01, 1.383356221914e-06, 7.5398e-01, 2.1132e-02, 
 2DIAGNOSTIC,    24, -3.637764274185e-01, 1.325703754745e-06, 7.7523e-01, 2.1258e-02, 
 2DIAGNOSTIC,    25, -3.637764274185e-01, 1.272664454703e-06, 7.9490e-01, 1.9661e-02, 
 2DIAGNOSTIC,    26, -3.637764274185e-01, 1.223705925660e-06, 8.1417e-01, 1.9273e-02, 
 2DIAGNOSTIC,    27, -3.637764274185e-01, 1.178374660384e-06, 8.3555e-01, 2.1378e-02, 
 2DIAGNOSTIC,    28, -3.637764274185e-01, 1.136281950476e-06, 8.5469e-01, 1.9139e-02, 
 2DIAGNOSTIC,    29, -3.637764274185e-01, 1.097092712232e-06, 8.7382e-01, 1.9136e-02, 
 2DIAGNOSTIC,    30, -3.637764274185e-01, 1.060516547677e-06, 8.9260e-01, 1.8782e-02, 
 2DIAGNOSTIC,    31, -3.637764274185e-01, 1.026300535785e-06, 9.1147e-01, 1.8868e-02, 
DIAGNOSTIC,Iteration,metricValue,convergenceValue,ITERATION_TIME_INDEX,SINCE_LAST
 2DIAGNOSTIC,     1, -3.455534445797e-01, 1.797693134862e+308, 1.4194e+00, 5.0792e-01, 
 2DIAGNOSTIC,     2, -3.474490209696e-01, 1.797693134862e+308, 1.7865e+00, 3.6711e-01, 
 2DIAGNOSTIC,     3, -3.503957819393e-01, 1.797693134862e+308, 2.1756e+00, 3.8908e-01, 
 2DIAGNOSTIC,     4, -3.552802154242e-01, 1.797693134862e+308, 2.5639e+00, 3.8832e-01, 
 2DIAGNOSTIC,     5, -3.593464171090e-01, 1.797693134862e+308, 2.9337e+00, 3.6984e-01, 
 2DIAGNOSTIC,     6, -3.669761820180e-01, 1.797693134862e+308, 3.3151e+00, 3.8132e-01, 
 2DIAGNOSTIC,     7, -3.999384086438e-01, 1.797693134862e+308, 3.7617e+00, 4.4665e-01, 
 2DIAGNOSTIC,     8, -5.034436594301e-01, 1.797693134862e+308, 4.4762e+00, 7.1447e-01, 
 2DIAGNOSTIC,     9, -5.108633674450e-01, 1.797693134862e+308, 5.8771e+00, 1.4009e+00, 
 2DIAGNOSTIC,    10, -5.108633639810e-01, 3.071423841548e-02, 7.2714e+00, 1.3943e+00, 
 2DIAGNOSTIC,    11, -5.108633639809e-01, 3.025931665115e-02, 8.3225e+00, 1.0511e+00, 
 2DIAGNOSTIC,    12, -5.108633639809e-01, 2.729532348602e-02, 8.8121e+00, 4.8960e-01, 
 2DIAGNOSTIC,    13, -5.108633639809e-01, 2.250361609467e-02, 9.2746e+00, 4.6259e-01, 
 2DIAGNOSTIC,    14, -5.108633639809e-01, 1.672670639363e-02, 9.6997e+00, 4.2509e-01, 
 2DIAGNOSTIC,    15, -5.108633639809e-01, 1.058829572496e-02, 1.0176e+01, 4.7636e-01, 
 2DIAGNOSTIC,    16, -5.108633639809e-01, 4.691909856390e-03, 1.0593e+01, 4.1646e-01, 
 2DIAGNOSTIC,    17, -5.108633639809e-01, 2.786474029509e-04, 1.1012e+01, 4.1924e-01, 
 2DIAGNOSTIC,    18, -5.108633639809e-01, 1.996989820313e-06, 1.1440e+01, 4.2837e-01, 
 2DIAGNOSTIC,    19, -5.108633639809e-01, 1.879133838700e-06, 1.1865e+01, 4.2454e-01, 
 2DIAGNOSTIC,    20, -5.108633639809e-01, 1.774318085145e-06, 1.2295e+01, 4.3011e-01, 
 2DIAGNOSTIC,    21, -5.108633639809e-01, 1.680577551649e-06, 1.2723e+01, 4.2866e-01, 
 2DIAGNOSTIC,    22, -5.108633639809e-01, 1.596244953855e-06, 1.3141e+01, 4.1784e-01, 
 2DIAGNOSTIC,    23, -5.108633639809e-01, 1.519971675162e-06, 1.3382e+01, 2.4051e-01, 
 2DIAGNOSTIC,    24, -5.108633639809e-01, 1.450655107545e-06, 1.3650e+01, 2.6797e-01, 
 2DIAGNOSTIC,    25, -5.108633639809e-01, 1.387385003264e-06, 1.3951e+01, 3.0094e-01, 
 2DIAGNOSTIC,    26, -5.108633639809e-01, 1.329403279259e-06, 1.4213e+01, 2.6254e-01, 
 2DIAGNOSTIC,    27, -5.108633639809e-01, 1.276073496155e-06, 1.4478e+01, 2.6500e-01, 
 2DIAGNOSTIC,    28, -5.108633639809e-01, 1.226857400380e-06, 1.4732e+01, 2.5352e-01, 
 2DIAGNOSTIC,    29, -5.108633639809e-01, 1.181296692992e-06, 1.5004e+01, 2.7262e-01, 
 2DIAGNOSTIC,    30, -5.108633639809e-01, 1.138998715136e-06, 1.5252e+01, 2.4797e-01, 
 2DIAGNOSTIC,    31, -5.108633639809e-01, 1.099625102620e-06, 1.5498e+01, 2.4552e-01, 
 2DIAGNOSTIC,    32, -5.108633639809e-01, 1.062882715112e-06, 1.5745e+01, 2.4745e-01, 
 2DIAGNOSTIC,    33, -5.108633639809e-01, 1.028516324886e-06, 1.5992e+01, 2.4640e-01, 
  Elapsed time (stage 0): 1.6746e+01


Stage 1
  iterations = 500x500x250x50
  convergence threshold = 1.0000e-06
  convergence window size = 10
  number of levels = 4
  using the Mattes MI metric (number of bins = 32, weight = 1.0000e+00)
  preprocessing:  winsorizing the image intensities
  Shrink factors (level 1 out of 4): [4, 4, 6]
  Shrink factors (level 2 out of 4): [3, 3, 4]
  Shrink factors (level 3 out of 4): [1, 1, 2]
  Shrink factors (level 4 out of 4): [1, 1, 1]
  smoothing sigmas per level: [2, 1, 0, 0]
  random sampling (percentage = 5.0000e-01)

*** Running Euler3DTransform registration ***

DIAGNOSTIC,Iteration,metricValue,convergenceValue,ITERATION_TIME_INDEX,SINCE_LAST
 2DIAGNOSTIC,     1, -4.311410808956e-01, 1.797693134862e+308, 1.2010e+00, 1.2010e+00, 
 2DIAGNOSTIC,     2, -4.351611014587e-01, 1.797693134862e+308, 1.2069e+00, 5.9519e-03, 
 2DIAGNOSTIC,     3, -4.378812556436e-01, 1.797693134862e+308, 1.2127e+00, 5.8110e-03, 
 2DIAGNOSTIC,     4, -4.433530304802e-01, 1.797693134862e+308, 1.2203e+00, 7.5989e-03, 
 2DIAGNOSTIC,     5, -4.454386384004e-01, 1.797693134862e+308, 1.2263e+00, 5.9779e-03, 
 2DIAGNOSTIC,     6, -4.462187158950e-01, 1.797693134862e+308, 1.2320e+00, 5.6970e-03, 
 2DIAGNOSTIC,     7, -4.469845228991e-01, 1.797693134862e+308, 1.2380e+00, 6.0160e-03, 
 2DIAGNOSTIC,     8, -4.479063834232e-01, 1.797693134862e+308, 1.2444e+00, 6.4170e-03, 
 2DIAGNOSTIC,     9, -4.484144352887e-01, 1.797693134862e+308, 1.2495e+00, 5.0681e-03, 
 2DIAGNOSTIC,    10, -4.486552184812e-01, 2.437631569312e-03, 1.2565e+00, 6.9671e-03, 
 2DIAGNOSTIC,    11, -4.489861363201e-01, 1.637605262493e-03, 1.2633e+00, 6.8510e-03, 
 2DIAGNOSTIC,    12, -4.489901423270e-01, 1.040800598041e-03, 1.2681e+00, 4.7739e-03, 
 2DIAGNOSTIC,    13, -4.489978660519e-01, 5.707949954538e-04, 1.2741e+00, 5.9769e-03, 
 2DIAGNOSTIC,    14, -4.490157234468e-01, 3.654517620403e-04, 1.2793e+00, 5.2059e-03, 
 2DIAGNOSTIC,    15, -4.490260650098e-01, 2.435812929706e-04, 1.2854e+00, 6.1772e-03, 
 2DIAGNOSTIC,    16, -4.490309990178e-01, 1.458957066098e-04, 1.2941e+00, 8.6300e-03, 
 2DIAGNOSTIC,    17, -4.490332987303e-01, 7.471920742451e-05, 1.3002e+00, 6.1631e-03, 
 2DIAGNOSTIC,    18, -4.490349557980e-01, 3.727431456090e-05, 1.3064e+00, 6.1929e-03, 
 2DIAGNOSTIC,    19, -4.490381524363e-01, 1.755504685650e-05, 1.3131e+00, 6.6950e-03, 
 2DIAGNOSTIC,    20, -4.490425443746e-01, 5.851177913914e-06, 1.3197e+00, 6.5818e-03, 
 2DIAGNOSTIC,    21, -4.490533291066e-01, 5.239682102663e-06, 1.3279e+00, 8.1649e-03, 
 2DIAGNOSTIC,    22, -4.490525783199e-01, 4.428515789384e-06, 1.3535e+00, 2.5634e-02, 
 2DIAGNOSTIC,    23, -4.490525783102e-01, 3.620234196443e-06, 1.3769e+00, 2.3356e-02, 
 2DIAGNOSTIC,    24, -4.490525783102e-01, 3.141415940419e-06, 1.3863e+00, 9.4681e-03, 
 2DIAGNOSTIC,    25, -4.490525783102e-01, 2.788778208855e-06, 1.3944e+00, 8.0919e-03, 
 2DIAGNOSTIC,    26, -4.490525783102e-01, 2.437545075000e-06, 1.4021e+00, 7.7081e-03, 
 2DIAGNOSTIC,    27, -4.490525783102e-01, 2.053707648879e-06, 1.4083e+00, 6.1750e-03, 
 2DIAGNOSTIC,    28, -4.490525783102e-01, 1.656212636307e-06, 1.4150e+00, 6.7201e-03, 
 2DIAGNOSTIC,    29, -4.490525783102e-01, 1.307561052745e-06, 1.4235e+00, 8.5030e-03, 
 2DIAGNOSTIC,    30, -4.490525783102e-01, 1.049140357541e-06, 1.4316e+00, 8.1148e-03, 
 2DIAGNOSTIC,    31, -4.490525783102e-01, 1.030545985700e-06, 1.4389e+00, 7.2191e-03, 
DIAGNOSTIC,Iteration,metricValue,convergenceValue,ITERATION_TIME_INDEX,SINCE_LAST
 2DIAGNOSTIC,     1, -3.810776298887e-01, 1.797693134862e+308, 2.5851e+00, 1.1462e+00, 
 2DIAGNOSTIC,     2, -3.883778294129e-01, 1.797693134862e+308, 2.5932e+00, 8.1270e-03, 
 2DIAGNOSTIC,     3, -3.932904436327e-01, 1.797693134862e+308, 2.6015e+00, 8.2779e-03, 
 2DIAGNOSTIC,     4, -3.966979572346e-01, 1.797693134862e+308, 2.6094e+00, 7.8862e-03, 
 2DIAGNOSTIC,     5, -4.091399882429e-01, 1.797693134862e+308, 2.6266e+00, 1.7232e-02, 
 2DIAGNOSTIC,     6, -4.095653216453e-01, 1.797693134862e+308, 2.6344e+00, 7.8201e-03, 
 2DIAGNOSTIC,     7, -4.107266460083e-01, 1.797693134862e+308, 2.6417e+00, 7.2229e-03, 
 2DIAGNOSTIC,     8, -4.116410484211e-01, 1.797693134862e+308, 2.6500e+00, 8.3511e-03, 
 2DIAGNOSTIC,     9, -4.119027572983e-01, 1.797693134862e+308, 2.6578e+00, 7.7541e-03, 
 2DIAGNOSTIC,    10, -4.123913017913e-01, 5.042834766152e-03, 2.6668e+00, 9.0110e-03, 
 2DIAGNOSTIC,    11, -4.135620447545e-01, 3.454836030068e-03, 2.6831e+00, 1.6324e-02, 
 2DIAGNOSTIC,    12, -4.135702185895e-01, 2.260010522758e-03, 2.6913e+00, 8.1558e-03, 
 2DIAGNOSTIC,    13, -4.136083154288e-01, 1.319883017990e-03, 2.6997e+00, 8.4009e-03, 
 2DIAGNOSTIC,    14, -4.136544425615e-01, 5.538150547530e-04, 2.7081e+00, 8.4929e-03, 
 2DIAGNOSTIC,    15, -4.136977968495e-01, 4.239900427916e-04, 2.7161e+00, 7.9911e-03, 
 2DIAGNOSTIC,    16, -4.137662950131e-01, 2.918698931187e-04, 2.7245e+00, 8.3480e-03, 
 2DIAGNOSTIC,    17, -4.138475252745e-01, 1.990784780172e-04, 2.7324e+00, 7.9470e-03, 
 2DIAGNOSTIC,    18, -4.139292603747e-01, 1.377732228840e-04, 2.7399e+00, 7.5071e-03, 
 2DIAGNOSTIC,    19, -4.139922756085e-01, 8.229797886250e-05, 2.7476e+00, 7.6492e-03, 
 2DIAGNOSTIC,    20, -4.141299028413e-01, 4.560111413597e-05, 2.7645e+00, 1.6903e-02, 
 2DIAGNOSTIC,    21, -4.141305079791e-01, 4.708619625411e-05, 2.7762e+00, 1.1671e-02, 
 2DIAGNOSTIC,    22, -4.141305261767e-01, 4.447165865968e-05, 2.7876e+00, 1.1439e-02, 
 2DIAGNOSTIC,    23, -4.141305282920e-01, 3.923674799244e-05, 2.7995e+00, 1.1938e-02, 
 2DIAGNOSTIC,    24, -4.141305284740e-01, 3.220559030393e-05, 2.8101e+00, 1.0606e-02, 
 2DIAGNOSTIC,    25, -4.141305284950e-01, 2.398939764304e-05, 2.8209e+00, 1.0745e-02, 
 2DIAGNOSTIC,    26, -4.141305284979e-01, 1.608400154704e-05, 2.8329e+00, 1.1981e-02, 
 2DIAGNOSTIC,    27, -4.141305284983e-01, 9.476687690302e-06, 2.8441e+00, 1.1251e-02, 
 2DIAGNOSTIC,    28, -4.141305284983e-01, 4.585909552518e-06, 2.8539e+00, 9.7940e-03, 
 2DIAGNOSTIC,    29, -4.141305284983e-01, 1.123393791061e-06, 2.8642e+00, 1.0245e-02, 
 2DIAGNOSTIC,    30, -4.141305284983e-01, 1.071200226098e-06, 2.8726e+00, 8.4381e-03, 
 2DIAGNOSTIC,    31, -4.141305284983e-01, 1.035868188080e-06, 2.8832e+00, 1.0551e-02, 
 2DIAGNOSTIC,    32, -4.141305284983e-01, 1.003151831484e-06, 2.8924e+00, 9.2051e-03, 
DIAGNOSTIC,Iteration,metricValue,convergenceValue,ITERATION_TIME_INDEX,SINCE_LAST
 2DIAGNOSTIC,     1, -2.838427372460e-01, 1.797693134862e+308, 3.1396e+00, 2.4728e-01, 
 2DIAGNOSTIC,     2, -2.913697671214e-01, 1.797693134862e+308, 3.2281e+00, 8.8446e-02, 
 2DIAGNOSTIC,     3, -2.935604607622e-01, 1.797693134862e+308, 3.3164e+00, 8.8325e-02, 
 2DIAGNOSTIC,     4, -2.950362118502e-01, 1.797693134862e+308, 3.4034e+00, 8.6985e-02, 
 2DIAGNOSTIC,     5, -2.971011454546e-01, 1.797693134862e+308, 3.5185e+00, 1.1513e-01, 
 2DIAGNOSTIC,     6, -2.975086810542e-01, 1.797693134862e+308, 3.6051e+00, 8.6545e-02, 
 2DIAGNOSTIC,     7, -2.981066703236e-01, 1.797693134862e+308, 3.6908e+00, 8.5749e-02, 
 2DIAGNOSTIC,     8, -2.991271327048e-01, 1.797693134862e+308, 3.8421e+00, 1.5125e-01, 
 2DIAGNOSTIC,     9, -2.993000179386e-01, 1.797693134862e+308, 3.9472e+00, 1.0514e-01, 
 2DIAGNOSTIC,    10, -2.993868823052e-01, 2.685392655287e-03, 4.0394e+00, 9.2212e-02, 
 2DIAGNOSTIC,    11, -2.997674332188e-01, 1.533612659737e-03, 4.1255e+00, 8.6074e-02, 
 2DIAGNOSTIC,    12, -2.999490575578e-01, 1.052757907409e-03, 4.2091e+00, 8.3647e-02, 
 2DIAGNOSTIC,    13, -3.001303658513e-01, 7.246998505739e-04, 4.3016e+00, 9.2449e-02, 
 2DIAGNOSTIC,    14, -3.001598917044e-01, 4.781665117119e-04, 4.3871e+00, 8.5477e-02, 
 2DIAGNOSTIC,    15, -3.002045523458e-01, 3.568657172498e-04, 4.4685e+00, 8.1434e-02, 
 2DIAGNOSTIC,    16, -3.003562318578e-01, 2.513502069905e-04, 4.6390e+00, 1.7054e-01, 
 2DIAGNOSTIC,    17, -3.003562421702e-01, 1.671264443602e-04, 4.7591e+00, 1.2011e-01, 
 2DIAGNOSTIC,    18, -3.003562436714e-01, 1.313000833864e-04, 4.8916e+00, 1.3246e-01, 
 2DIAGNOSTIC,    19, -3.003562436980e-01, 9.628104804012e-05, 5.0038e+00, 1.1220e-01, 
 2DIAGNOSTIC,    20, -3.003562437005e-01, 5.980894300692e-05, 5.1599e+00, 1.5608e-01, 
 2DIAGNOSTIC,    21, -3.003562437005e-01, 3.846585336219e-05, 5.2924e+00, 1.3248e-01, 
 2DIAGNOSTIC,    22, -3.003562437005e-01, 2.329966736375e-05, 5.3893e+00, 9.6952e-02, 
 2DIAGNOSTIC,    23, -3.003562437005e-01, 1.502332161522e-05, 5.4790e+00, 8.9706e-02, 
 2DIAGNOSTIC,    24, -3.003562437005e-01, 7.358427747885e-06, 5.5590e+00, 7.9955e-02, 
 2DIAGNOSTIC,    25, -3.003562437005e-01, 1.281565499091e-06, 5.6479e+00, 8.8963e-02, 
 2DIAGNOSTIC,    26, -3.003562437005e-01, 1.231525292411e-06, 5.7287e+00, 8.0752e-02, 
 2DIAGNOSTIC,    27, -3.003562437005e-01, 1.185571937859e-06, 5.8180e+00, 8.9310e-02, 
 2DIAGNOSTIC,    28, -3.003562437005e-01, 1.142971825012e-06, 5.9000e+00, 8.1970e-02, 
 2DIAGNOSTIC,    29, -3.003562437005e-01, 1.103327743675e-06, 5.9817e+00, 8.1727e-02, 
 2DIAGNOSTIC,    30, -3.003562437005e-01, 1.066341662970e-06, 6.0630e+00, 8.1301e-02, 
 2DIAGNOSTIC,    31, -3.003562437005e-01, 1.031754870442e-06, 6.1450e+00, 8.1998e-02, 
DIAGNOSTIC,Iteration,metricValue,convergenceValue,ITERATION_TIME_INDEX,SINCE_LAST
 2DIAGNOSTIC,     1, -2.957942240766e-01, 1.797693134862e+308, 6.6156e+00, 4.7061e-01, 
 2DIAGNOSTIC,     2, -2.958877586260e-01, 1.797693134862e+308, 6.7957e+00, 1.8005e-01, 
 2DIAGNOSTIC,     3, -2.959161419266e-01, 1.797693134862e+308, 6.9609e+00, 1.6529e-01, 
 2DIAGNOSTIC,     4, -2.959428616865e-01, 1.797693134862e+308, 7.1128e+00, 1.5183e-01, 
 2DIAGNOSTIC,     5, -2.960103058533e-01, 1.797693134862e+308, 7.3051e+00, 1.9228e-01, 
 2DIAGNOSTIC,     6, -2.960634348034e-01, 1.797693134862e+308, 7.4959e+00, 1.9081e-01, 
 2DIAGNOSTIC,     7, -2.960761349836e-01, 1.797693134862e+308, 7.6467e+00, 1.5087e-01, 
 2DIAGNOSTIC,     8, -2.960924060460e-01, 1.797693134862e+308, 7.8178e+00, 1.7108e-01, 
 2DIAGNOSTIC,     9, -2.960977633488e-01, 1.797693134862e+308, 8.1548e+00, 3.3702e-01, 
 2DIAGNOSTIC,    10, -2.960977631420e-01, 6.864162711633e-05, 8.7052e+00, 5.5039e-01, 
 2DIAGNOSTIC,    11, -2.960977631405e-01, 4.809396783372e-05, 9.1371e+00, 4.3189e-01, 
 2DIAGNOSTIC,    12, -2.960977631405e-01, 3.442040797752e-05, 9.3047e+00, 1.6757e-01, 
 2DIAGNOSTIC,    13, -2.960977631405e-01, 2.212104581203e-05, 9.4660e+00, 1.6132e-01, 
 2DIAGNOSTIC,    14, -2.960977631405e-01, 1.153974955556e-05, 9.6460e+00, 1.7998e-01, 
 2DIAGNOSTIC,    15, -2.960977631405e-01, 5.768304767895e-06, 9.8459e+00, 1.9990e-01, 
 2DIAGNOSTIC,    16, -2.960977631405e-01, 3.567078956185e-06, 1.0023e+01, 1.7759e-01, 
 2DIAGNOSTIC,    17, -2.960977631405e-01, 2.174065190326e-06, 1.0176e+01, 1.5257e-01, 
 2DIAGNOSTIC,    18, -2.960977631405e-01, 1.767538020739e-06, 1.0328e+01, 1.5240e-01, 
 2DIAGNOSTIC,    19, -2.960977631405e-01, 1.674503696439e-06, 1.0494e+01, 1.6581e-01, 
 2DIAGNOSTIC,    20, -2.960977631405e-01, 1.590764454988e-06, 1.0646e+01, 1.5215e-01, 
 2DIAGNOSTIC,    21, -2.960977631405e-01, 1.515001596543e-06, 1.0798e+01, 1.5132e-01, 
 2DIAGNOSTIC,    22, -2.960977631405e-01, 1.446127326922e-06, 1.0953e+01, 1.5574e-01, 
 2DIAGNOSTIC,    23, -2.960977631405e-01, 1.383243002744e-06, 1.1105e+01, 1.5157e-01, 
 2DIAGNOSTIC,    24, -2.960977631405e-01, 1.325599775566e-06, 1.1271e+01, 1.6558e-01, 
 2DIAGNOSTIC,    25, -2.960977631405e-01, 1.272568628898e-06, 1.1422e+01, 1.5150e-01, 
 2DIAGNOSTIC,    26, -2.960977631405e-01, 1.223617330508e-06, 1.1573e+01, 1.5129e-01, 
 2DIAGNOSTIC,    27, -2.960977631405e-01, 1.178292507308e-06, 1.1725e+01, 1.5174e-01, 
 2DIAGNOSTIC,    28, -2.960977631405e-01, 1.136205561546e-06, 1.1908e+01, 1.8305e-01, 
 2DIAGNOSTIC,    29, -2.960977631405e-01, 1.097021501459e-06, 1.2071e+01, 1.6253e-01, 
 2DIAGNOSTIC,    30, -2.960977631405e-01, 1.060450005808e-06, 1.2227e+01, 1.5594e-01, 
 2DIAGNOSTIC,    31, -2.960977631405e-01, 1.026238218287e-06, 1.2380e+01, 1.5312e-01, 
  Elapsed time (stage 1): 1.2792e+01


Total elapsed time: 2.9540e+01
