This is job 1
Time: Thu 11 Nov 11:42:46 GMT 2021
Running on master node: cpu-p-353
Current directory: /rds/user/ccn30/hpc-work/WBIC_lustre/ENCRYPT/scripts/Registration/slurmoutputs
Changed directory to /home/ccn30/rds/hpc-work/WBIC_lustre/ENCRYPT/scripts/Registration/slurmoutputs.

JobID: 49409140
======
Time: Thu 11 Nov 11:42:46 GMT 2021
Running on master node: cpu-p-353
Current directory: /home/ccn30/rds/hpc-work/WBIC_lustre/ENCRYPT/scripts/Registration/slurmoutputs

Nodes allocated:
================
cpu-p-353

numtasks=, numnodes=, mpi_tasks_per_node= (OMP_NUM_THREADS=1)

Executing command:
==================
/home/ccn30/rds/hpc-work/WBIC_lustre/ENCRYPT/scripts/Registration/coreg_main.sh /home/ccn30/rds/hpc-work/WBIC_lustre/ENCRYPT/testsubjcode.txt 1 /home/ccn30/rds/rds-p00500_encrypt-URQgmO1brZ0/p00500 /home/ccn30/rds/hpc-work/WBIC_home/ENCRYPT/atlases/magdeburgatlas

******** starting 27783 ********
All_Command_lines_OK
Using double precision for computations.
=============================================================================
The composite transform comprises the following transforms (in order): 
  1. Center of mass alignment using fixed image: /home/ccn30/rds/hpc-work/WBIC_home/ENCRYPT/atlases/magdeburgatlas/template/template.nii.gz and moving image: /home/ccn30/rds/rds-p00500_encrypt-URQgmO1brZ0/p00500/ENCRYPT_images/27783/mp2rage/denoise_n4mag0000_PSIR_skulled_std.nii (type = Euler3DTransform)
=============================================================================
  number of levels = 4
  number of levels = 4
  fixed image: /home/ccn30/rds/hpc-work/WBIC_home/ENCRYPT/atlases/magdeburgatlas/template/template.nii.gz
  moving image: /home/ccn30/rds/rds-p00500_encrypt-URQgmO1brZ0/p00500/ENCRYPT_images/27783/mp2rage/denoise_n4mag0000_PSIR_skulled_std.nii
  fixed image: /home/ccn30/rds/hpc-work/WBIC_home/ENCRYPT/atlases/magdeburgatlas/template/template.nii.gz
  moving image: /home/ccn30/rds/rds-p00500_encrypt-URQgmO1brZ0/p00500/ENCRYPT_images/27783/mp2rage/denoise_n4mag0000_PSIR_skulled_std.nii
Dimension = 3
Number of stages = 2
Use Histogram Matching true
Winsorize image intensities true
Lower quantile = 0.005
Upper quantile = 0.995
Stage 1 State
   Image metric = Mattes
     Fixed image = Image (0x2e0c200)
  RTTI typeinfo:   itk::Image<double, 3u>
  Reference Count: 2
  Modified Time: 1698
  Debug: Off
  Object Name: 
  Observers: 
    none
  Source: (none)
  Source output name: (none)
  Release Data: Off
  Data Released: False
  Global Release Data: Off
  PipelineMTime: 0
  UpdateMTime: 1481
  RealTimeStamp: 0 seconds 
  LargestPossibleRegion: 
    Dimension: 3
    Index: [0, 0, 0]
    Size: [384, 301, 288]
  BufferedRegion: 
    Dimension: 3
    Index: [0, 0, 0]
    Size: [384, 301, 288]
  RequestedRegion: 
    Dimension: 3
    Index: [0, 0, 0]
    Size: [384, 301, 288]
  Spacing: [0.598958, 0.598958, 0.599937]
  Origin: [83.4012, -147.626, 85.1783]
  Direction: 
-0 0 -1
1 -0 0
0 -1 0

  IndexToPointMatrix: 
0 0 -0.599937
0.598958 0 0
0 -0.598958 0

  PointToIndexMatrix: 
0 1.66957 0
0 0 -1.66957
-1.66684 0 0

  Inverse Direction: 
0 1 0
0 0 -1
-1 0 0

  PixelContainer: 
    ImportImageContainer (0x2dfcdc0)
      RTTI typeinfo:   itk::ImportImageContainer<unsigned long, double>
      Reference Count: 1
      Modified Time: 1478
      Debug: Off
      Object Name: 
      Observers: 
        none
      Pointer: 0x2b4a2a30b010
      Container manages memory: true
      Size: 33288192
      Capacity: 33288192

     Moving image = Image (0x2e103f0)
  RTTI typeinfo:   itk::Image<double, 3u>
  Reference Count: 2
  Modified Time: 1699
  Debug: Off
  Object Name: 
  Observers: 
    none
  Source: (none)
  Source output name: (none)
  Release Data: Off
  Data Released: False
  Global Release Data: Off
  PipelineMTime: 0
  UpdateMTime: 1696
  RealTimeStamp: 0 seconds 
  LargestPossibleRegion: 
    Dimension: 3
    Index: [0, 0, 0]
    Size: [224, 320, 320]
  BufferedRegion: 
    Dimension: 3
    Index: [0, 0, 0]
    Size: [224, 320, 320]
  RequestedRegion: 
    Dimension: 3
    Index: [0, 0, 0]
    Size: [224, 320, 320]
  Spacing: [0.7, 0.7, 0.7]
  Origin: [-79.9132, 74.7166, -92.7551]
  Direction: 
1 0 0
0 -1 0
0 0 1

  IndexToPointMatrix: 
0.7 0 0
0 -0.7 0
0 0 0.7

  PointToIndexMatrix: 
1.42857 0 0
0 -1.42857 0
0 0 1.42857

  Inverse Direction: 
1 0 0
0 -1 0
0 0 1

  PixelContainer: 
    ImportImageContainer (0x2e106b0)
      RTTI typeinfo:   itk::ImportImageContainer<unsigned long, double>
      Reference Count: 1
      Modified Time: 1693
      Debug: Off
      Object Name: 
      Observers: 
        none
      Pointer: 0x2b4a3a104010
      Container manages memory: true
      Size: 22937600
      Capacity: 22937600

     Weighting = 1
     Sampling strategy = regular
     Number of bins = 32
     Radius = 4
     Sampling percentage  = 0.25
   Transform = Rigid
     Gradient step = 0.1
     Update field sigma (voxel space) = 0
     Total field sigma (voxel space) = 0
     Update field time sigma = 0
     Total field time sigma  = 0
     Number of time indices = 0
     Number of time point samples = 0
Stage 2 State
   Image metric = Mattes
     Fixed image = Image (0x2e1f060)
  RTTI typeinfo:   itk::Image<double, 3u>
  Reference Count: 2
  Modified Time: 2130
  Debug: Off
  Object Name: 
  Observers: 
    none
  Source: (none)
  Source output name: (none)
  Release Data: Off
  Data Released: False
  Global Release Data: Off
  PipelineMTime: 0
  UpdateMTime: 1913
  RealTimeStamp: 0 seconds 
  LargestPossibleRegion: 
    Dimension: 3
    Index: [0, 0, 0]
    Size: [384, 301, 288]
  BufferedRegion: 
    Dimension: 3
    Index: [0, 0, 0]
    Size: [384, 301, 288]
  RequestedRegion: 
    Dimension: 3
    Index: [0, 0, 0]
    Size: [384, 301, 288]
  Spacing: [0.598958, 0.598958, 0.599937]
  Origin: [83.4012, -147.626, 85.1783]
  Direction: 
-0 0 -1
1 -0 0
0 -1 0

  IndexToPointMatrix: 
0 0 -0.599937
0.598958 0 0
0 -0.598958 0

  PointToIndexMatrix: 
0 1.66957 0
0 0 -1.66957
-1.66684 0 0

  Inverse Direction: 
0 1 0
0 0 -1
-1 0 0

  PixelContainer: 
    ImportImageContainer (0x2e13140)
      RTTI typeinfo:   itk::ImportImageContainer<unsigned long, double>
      Reference Count: 1
      Modified Time: 1910
      Debug: Off
      Object Name: 
      Observers: 
        none
      Pointer: 0x2b4a45005010
      Container manages memory: true
      Size: 33288192
      Capacity: 33288192

     Moving image = Image (0x2e20e80)
  RTTI typeinfo:   itk::Image<double, 3u>
  Reference Count: 2
  Modified Time: 2131
  Debug: Off
  Object Name: 
  Observers: 
    none
  Source: (none)
  Source output name: (none)
  Release Data: Off
  Data Released: False
  Global Release Data: Off
  PipelineMTime: 0
  UpdateMTime: 2128
  RealTimeStamp: 0 seconds 
  LargestPossibleRegion: 
    Dimension: 3
    Index: [0, 0, 0]
    Size: [224, 320, 320]
  BufferedRegion: 
    Dimension: 3
    Index: [0, 0, 0]
    Size: [224, 320, 320]
  RequestedRegion: 
    Dimension: 3
    Index: [0, 0, 0]
    Size: [224, 320, 320]
  Spacing: [0.7, 0.7, 0.7]
  Origin: [-79.9132, 74.7166, -92.7551]
  Direction: 
1 0 0
0 -1 0
0 0 1

  IndexToPointMatrix: 
0.7 0 0
0 -0.7 0
0 0 0.7

  PointToIndexMatrix: 
1.42857 0 0
0 -1.42857 0
0 0 1.42857

  Inverse Direction: 
1 0 0
0 -1 0
0 0 1

  PixelContainer: 
    ImportImageContainer (0x2e1b540)
      RTTI typeinfo:   itk::ImportImageContainer<unsigned long, double>
      Reference Count: 1
      Modified Time: 2125
      Debug: Off
      Object Name: 
      Observers: 
        none
      Pointer: 0x2b4a54dfe010
      Container manages memory: true
      Size: 22937600
      Capacity: 22937600

     Weighting = 1
     Sampling strategy = regular
     Number of bins = 32
     Radius = 4
     Sampling percentage  = 0.25
   Transform = Affine
     Gradient step = 0.1
     Update field sigma (voxel space) = 0
     Total field sigma (voxel space) = 0
     Update field time sigma = 0
     Total field time sigma  = 0
     Number of time indices = 0
     Number of time point samples = 0
Registration using 2 total stages.

Stage 0
  iterations = 1000x500x250x100
  convergence threshold = 1e-06
  convergence window size = 10
  number of levels = 4
  using the Mattes MI metric (number of bins = 32, weight = 1)
  preprocessing:  winsorizing the image intensities
  preprocessing:  histogram matching the images
  Shrink factors (level 1 out of 4): [8, 8, 8]
  Shrink factors (level 2 out of 4): [4, 4, 4]
  Shrink factors (level 3 out of 4): [2, 2, 2]
  Shrink factors (level 4 out of 4): [1, 1, 1]
  smoothing sigmas per level: [3, 2, 1, 0]
  regular sampling (percentage = 0.25)

*** Running Euler3DTransform registration ***

DIAGNOSTIC,Iteration,metricValue,convergenceValue,ITERATION_TIME_INDEX,SINCE_LAST
 2DIAGNOSTIC,     1, -3.428602345246e-01, 1.797693134862e+308, 2.5199e+00, 2.5199e+00, 
 2DIAGNOSTIC,     2, -3.437948817121e-01, 1.797693134862e+308, 2.5531e+00, 3.3223e-02, 
 2DIAGNOSTIC,     3, -3.456058542322e-01, 1.797693134862e+308, 2.5825e+00, 2.9413e-02, 
 2DIAGNOSTIC,     4, -3.497944806593e-01, 1.797693134862e+308, 2.6066e+00, 2.4062e-02, 
 2DIAGNOSTIC,     5, -3.583624176934e-01, 1.797693134862e+308, 2.6355e+00, 2.8969e-02, 
 2DIAGNOSTIC,     6, -3.762621014021e-01, 1.797693134862e+308, 2.6685e+00, 3.2971e-02, 
 2DIAGNOSTIC,     7, -4.031126253362e-01, 1.797693134862e+308, 2.6947e+00, 2.6187e-02, 
 2DIAGNOSTIC,     8, -4.313683813039e-01, 1.797693134862e+308, 2.7258e+00, 3.1143e-02, 
 2DIAGNOSTIC,     9, -4.533503851242e-01, 1.797693134862e+308, 2.7598e+00, 3.4012e-02, 
 2DIAGNOSTIC,    10, -4.616058926777e-01, 2.224216356069e-02, 2.7916e+00, 3.1718e-02, 
 2DIAGNOSTIC,    11, -4.639545969628e-01, 2.184185161118e-02, 2.8266e+00, 3.5054e-02, 
 2DIAGNOSTIC,    12, -4.664268547636e-01, 1.977559163113e-02, 2.8618e+00, 3.5197e-02, 
 2DIAGNOSTIC,    13, -4.772734177609e-01, 1.694569139751e-02, 2.8895e+00, 2.7729e-02, 
 2DIAGNOSTIC,    14, -4.903851121208e-01, 1.387215878035e-02, 2.9393e+00, 4.9714e-02, 
 2DIAGNOSTIC,    15, -5.002359783060e-01, 1.084273941041e-02, 2.9710e+00, 3.1767e-02, 
 2DIAGNOSTIC,    16, -5.019291076123e-01, 8.096470281871e-03, 3.0655e+00, 9.4449e-02, 
 2DIAGNOSTIC,    17, -5.019290977246e-01, 6.033854267772e-03, 3.0854e+00, 1.9902e-02, 
 2DIAGNOSTIC,    18, -5.019291429344e-01, 4.699115255891e-03, 3.1229e+00, 3.7491e-02, 
 2DIAGNOSTIC,    19, -5.019292193580e-01, 3.834937626083e-03, 3.1558e+00, 3.2950e-02, 
 2DIAGNOSTIC,    20, -5.019292957463e-01, 2.980900104538e-03, 3.1749e+00, 1.9129e-02, 
 2DIAGNOSTIC,    21, -5.019071887168e-01, 2.021324218408e-03, 3.2118e+00, 3.6855e-02, 
 2DIAGNOSTIC,    22, -5.019074074209e-01, 1.044776652626e-03, 3.2420e+00, 3.0249e-02, 
 2DIAGNOSTIC,    23, -5.019077763460e-01, 3.600697181909e-04, 3.2632e+00, 2.1140e-02, 
 2DIAGNOSTIC,    24, -5.019083991851e-01, 4.440426322823e-05, 3.2968e+00, 3.3583e-02, 
DIAGNOSTIC,Iteration,metricValue,convergenceValue,ITERATION_TIME_INDEX,SINCE_LAST
 2DIAGNOSTIC,     1, -4.093515494184e-01, 1.797693134862e+308, 6.1375e+00, 2.8408e+00, 
 2DIAGNOSTIC,     2, -4.095653310919e-01, 1.797693134862e+308, 6.3653e+00, 2.2780e-01, 
 2DIAGNOSTIC,     3, -4.097899411536e-01, 1.797693134862e+308, 6.6266e+00, 2.6123e-01, 
 2DIAGNOSTIC,     4, -4.098932909522e-01, 1.797693134862e+308, 6.8528e+00, 2.2620e-01, 
 2DIAGNOSTIC,     5, -4.099959419240e-01, 1.797693134862e+308, 7.1146e+00, 2.6181e-01, 
 2DIAGNOSTIC,     6, -4.100489625369e-01, 1.797693134862e+308, 7.3389e+00, 2.2431e-01, 
 2DIAGNOSTIC,     7, -4.101503769829e-01, 1.797693134862e+308, 7.5828e+00, 2.4396e-01, 
 2DIAGNOSTIC,     8, -4.104290092201e-01, 1.797693134862e+308, 7.8053e+00, 2.2246e-01, 
 2DIAGNOSTIC,     9, -4.107186967849e-01, 1.797693134862e+308, 8.1371e+00, 3.3176e-01, 
 2DIAGNOSTIC,    10, -4.108883323135e-01, 2.195407748523e-04, 8.5601e+00, 4.2300e-01, 
 2DIAGNOSTIC,    11, -4.109038244696e-01, 1.979532289398e-04, 8.8244e+00, 2.6437e-01, 
 2DIAGNOSTIC,    12, -4.109140703511e-01, 1.754073976123e-04, 9.0861e+00, 2.6165e-01, 
 2DIAGNOSTIC,    13, -4.109145461072e-01, 1.525006572102e-04, 9.3497e+00, 2.6360e-01, 
 2DIAGNOSTIC,    14, -4.108944399880e-01, 1.230233232055e-04, 9.5762e+00, 2.2652e-01, 
 2DIAGNOSTIC,    15, -4.109082961975e-01, 9.188366623755e-05, 9.8373e+00, 2.6106e-01, 
 2DIAGNOSTIC,    16, -4.109045718920e-01, 5.870079361062e-05, 1.0094e+01, 2.5682e-01, 
 2DIAGNOSTIC,    17, -4.108941795725e-01, 2.783150625640e-05, 1.0353e+01, 2.5891e-01, 
 2DIAGNOSTIC,    18, -4.108928875557e-01, 8.455271814575e-06, 1.0616e+01, 2.6252e-01, 
DIAGNOSTIC,Iteration,metricValue,convergenceValue,ITERATION_TIME_INDEX,SINCE_LAST
 2DIAGNOSTIC,     1, -3.407633461098e-01, 1.797693134862e+308, 1.5359e+01, 4.7432e+00, 
 2DIAGNOSTIC,     2, -3.409353534617e-01, 1.797693134862e+308, 1.7058e+01, 1.6996e+00, 
 2DIAGNOSTIC,     3, -3.410126622736e-01, 1.797693134862e+308, 1.8737e+01, 1.6789e+00, 
 2DIAGNOSTIC,     4, -3.410314242350e-01, 1.797693134862e+308, 2.0422e+01, 1.6852e+00, 
 2DIAGNOSTIC,     5, -3.410785671208e-01, 1.797693134862e+308, 2.3085e+01, 2.6628e+00, 
 2DIAGNOSTIC,     6, -3.410822354693e-01, 1.797693134862e+308, 2.5270e+01, 2.1851e+00, 
 2DIAGNOSTIC,     7, -3.410807858408e-01, 1.797693134862e+308, 2.7450e+01, 2.1793e+00, 
 2DIAGNOSTIC,     8, -3.410806273491e-01, 1.797693134862e+308, 2.9628e+01, 2.1781e+00, 
 2DIAGNOSTIC,     9, -3.410796764450e-01, 1.797693134862e+308, 3.2298e+01, 2.6700e+00, 
 2DIAGNOSTIC,    10, -3.410799240894e-01, 4.602020705073e-05, 3.3982e+01, 1.6845e+00, 
 2DIAGNOSTIC,    11, -3.410795068785e-01, 2.088725003674e-05, 3.6162e+01, 2.1803e+00, 
 2DIAGNOSTIC,    12, -3.410795044113e-01, 1.019159717756e-05, 3.8340e+01, 2.1773e+00, 
 2DIAGNOSTIC,    13, -3.410793097261e-01, 5.410752443133e-06, 4.0256e+01, 1.9164e+00, 
 2DIAGNOSTIC,    14, -3.410791060302e-01, 2.070102014889e-06, 4.1935e+01, 1.6785e+00, 
 2DIAGNOSTIC,    15, -3.410786811316e-01, 1.782205589843e-06, 4.3863e+01, 1.9281e+00, 
 2DIAGNOSTIC,    16, -3.410783254920e-01, 1.735816863246e-06, 4.5548e+01, 1.6854e+00, 
 2DIAGNOSTIC,    17, -3.410780593714e-01, 1.634084408307e-06, 4.7240e+01, 1.6917e+00, 
 2DIAGNOSTIC,    18, -3.410785142050e-01, 1.580401330879e-06, 4.9677e+01, 2.4369e+00, 
 2DIAGNOSTIC,    19, -3.410786637799e-01, 1.513303168742e-06, 5.1598e+01, 1.9215e+00, 
 2DIAGNOSTIC,    20, -3.410785156317e-01, 1.472647167967e-06, 5.3299e+01, 1.7007e+00, 
 2DIAGNOSTIC,    21, -3.410779018312e-01, 1.406594752902e-06, 5.5238e+01, 1.9394e+00, 
 2DIAGNOSTIC,    22, -3.410780247801e-01, 1.361922320538e-06, 5.6925e+01, 1.6865e+00, 
 2DIAGNOSTIC,    23, -3.410779620628e-01, 1.318747364989e-06, 5.8618e+01, 1.6932e+00, 
 2DIAGNOSTIC,    24, -3.410783098916e-01, 1.289972635481e-06, 6.0550e+01, 1.9319e+00, 
 2DIAGNOSTIC,    25, -3.410785341911e-01, 1.260481468882e-06, 6.2487e+01, 1.9371e+00, 
 2DIAGNOSTIC,    26, -3.410781907517e-01, 1.212711173960e-06, 6.4414e+01, 1.9272e+00, 
 2DIAGNOSTIC,    27, -3.410780654111e-01, 1.157571852879e-06, 6.6346e+01, 1.9321e+00, 
 2DIAGNOSTIC,    28, -3.410782724321e-01, 1.127608168831e-06, 6.8036e+01, 1.6895e+00, 
 2DIAGNOSTIC,    29, -3.410778983375e-01, 1.093471850039e-06, 7.0454e+01, 2.4178e+00, 
 2DIAGNOSTIC,    30, -3.410779834939e-01, 1.060896849127e-06, 7.2629e+01, 2.1753e+00, 
 2DIAGNOSTIC,    31, -3.410774966156e-01, 1.000875722301e-06, 7.4573e+01, 1.9444e+00, 
DIAGNOSTIC,Iteration,metricValue,convergenceValue,ITERATION_TIME_INDEX,SINCE_LAST
 2DIAGNOSTIC,     1, -3.018554896765e-01, 1.797693134862e+308, 9.0475e+01, 1.5902e+01, 
 2DIAGNOSTIC,     2, -3.019938974872e-01, 1.797693134862e+308, 1.0200e+02, 1.1528e+01, 
 2DIAGNOSTIC,     3, -3.020336155194e-01, 1.797693134862e+308, 1.1356e+02, 1.1554e+01, 
 2DIAGNOSTIC,     4, -3.020467130715e-01, 1.797693134862e+308, 1.2673e+02, 1.3169e+01, 
 2DIAGNOSTIC,     5, -3.020719605837e-01, 1.797693134862e+308, 1.4294e+02, 1.6210e+01, 
 2DIAGNOSTIC,     6, -3.020901831631e-01, 1.797693134862e+308, 1.7441e+02, 3.1476e+01, 
 2DIAGNOSTIC,     7, -3.020902334016e-01, 1.797693134862e+308, 1.8764e+02, 1.3223e+01, 
 2DIAGNOSTIC,     8, -3.020901431769e-01, 1.797693134862e+308, 2.0082e+02, 1.3185e+01, 
 2DIAGNOSTIC,     9, -3.020901649912e-01, 1.797693134862e+308, 2.1399e+02, 1.3173e+01, 
 2DIAGNOSTIC,    10, -3.020901527832e-01, 3.910465893465e-05, 2.2718e+02, 1.3182e+01, 
 2DIAGNOSTIC,    11, -3.020901136852e-01, 1.868389900082e-05, 2.4036e+02, 1.3180e+01, 
 2DIAGNOSTIC,    12, -3.020900530602e-01, 1.104905483838e-05, 2.5356e+02, 1.3208e+01, 
 2DIAGNOSTIC,    13, -3.020900101446e-01, 6.718843314837e-06, 2.6681e+02, 1.3247e+01, 
 2DIAGNOSTIC,    14, -3.020900049545e-01, 3.465376403083e-06, 2.8005e+02, 1.3243e+01, 
 2DIAGNOSTIC,    15, -3.020899666609e-01, 2.085231166585e-06, 2.9492e+02, 1.4868e+01, 
 2DIAGNOSTIC,    16, -3.020899523022e-01, 1.951593504898e-06, 3.0649e+02, 1.1566e+01, 
 2DIAGNOSTIC,    17, -3.020899365148e-01, 1.839178648030e-06, 3.1911e+02, 1.2625e+01, 
 2DIAGNOSTIC,    18, -3.020899232902e-01, 1.736777478001e-06, 3.3229e+02, 1.3176e+01, 
 2DIAGNOSTIC,    19, -3.020899331076e-01, 1.649519091110e-06, 3.4556e+02, 1.3267e+01, 
 2DIAGNOSTIC,    20, -3.020899454168e-01, 1.573284539411e-06, 3.5882e+02, 1.3265e+01, 
 2DIAGNOSTIC,    21, -3.020899259420e-01, 1.503351779619e-06, 3.7202e+02, 1.3198e+01, 
 2DIAGNOSTIC,    22, -3.020899367008e-01, 1.438795344214e-06, 3.8531e+02, 1.3288e+01, 
 2DIAGNOSTIC,    23, -3.020899156315e-01, 1.377883463480e-06, 3.9703e+02, 1.1722e+01, 
 2DIAGNOSTIC,    24, -3.020899015266e-01, 1.321819270476e-06, 4.1023e+02, 1.3197e+01, 
 2DIAGNOSTIC,    25, -3.020898859850e-01, 1.268565594702e-06, 4.2424e+02, 1.4015e+01, 
 2DIAGNOSTIC,    26, -3.020898649705e-01, 1.218518631683e-06, 4.3744e+02, 1.3201e+01, 
 2DIAGNOSTIC,    27, -3.020898463851e-01, 1.171482879730e-06, 4.4901e+02, 1.1565e+01, 
 2DIAGNOSTIC,    28, -3.020898771766e-01, 1.129029766497e-06, 4.6223e+02, 1.3227e+01, 
 2DIAGNOSTIC,    29, -3.020898259152e-01, 1.088782373003e-06, 4.7550e+02, 1.3261e+01, 
 2DIAGNOSTIC,    30, -3.020898072663e-01, 1.051862992055e-06, 4.8704e+02, 1.1541e+01, 
 2DIAGNOSTIC,    31, -3.020898568226e-01, 1.019048277873e-06, 4.9984e+02, 1.2800e+01, 
  Elapsed time (stage 0): 5.0830e+02


Stage 1
  iterations = 1000x500x250x100
  convergence threshold = 1.0000e-06
  convergence window size = 10
  number of levels = 4
  using the Mattes MI metric (number of bins = 32, weight = 1.0000e+00)
  preprocessing:  winsorizing the image intensities
  preprocessing:  histogram matching the images
  Shrink factors (level 1 out of 4): [8, 8, 8]
  Shrink factors (level 2 out of 4): [4, 4, 4]
  Shrink factors (level 3 out of 4): [2, 2, 2]
  Shrink factors (level 4 out of 4): [1, 1, 1]
  smoothing sigmas per level: [3, 2, 1, 0]
  regular sampling (percentage = 2.5000e-01)

*** Running AffineTransform registration ***

DIAGNOSTIC,Iteration,metricValue,convergenceValue,ITERATION_TIME_INDEX,SINCE_LAST
 2DIAGNOSTIC,     1, -5.012142530560e-01, 1.797693134862e+308, 2.5548e+00, 2.5548e+00, 
 2DIAGNOSTIC,     2, -5.035814064431e-01, 1.797693134862e+308, 2.5816e+00, 2.6770e-02, 
 2DIAGNOSTIC,     3, -5.075565957702e-01, 1.797693134862e+308, 2.6180e+00, 3.6404e-02, 
 2DIAGNOSTIC,     4, -5.136574402135e-01, 1.797693134862e+308, 2.6515e+00, 3.3502e-02, 
 2DIAGNOSTIC,     5, -5.236652082927e-01, 1.797693134862e+308, 2.6762e+00, 2.4747e-02, 
 2DIAGNOSTIC,     6, -5.383123346501e-01, 1.797693134862e+308, 2.7134e+00, 3.7185e-02, 
 2DIAGNOSTIC,     7, -5.575098271913e-01, 1.797693134862e+308, 2.7468e+00, 3.3426e-02, 
 2DIAGNOSTIC,     8, -5.745387209160e-01, 1.797693134862e+308, 2.8013e+00, 5.4467e-02, 
 2DIAGNOSTIC,     9, -5.759745264000e-01, 1.797693134862e+308, 2.8346e+00, 3.3276e-02, 
 2DIAGNOSTIC,    10, -5.766000031866e-01, 1.103552474995e-02, 2.8614e+00, 2.6840e-02, 
 2DIAGNOSTIC,    11, -5.775852767295e-01, 9.794537112640e-03, 2.8985e+00, 3.7078e-02, 
 2DIAGNOSTIC,    12, -5.784274032281e-01, 8.025016360591e-03, 2.9317e+00, 3.3221e-02, 
 2DIAGNOSTIC,    13, -5.792600976412e-01, 6.006977382798e-03, 2.9563e+00, 2.4596e-02, 
 2DIAGNOSTIC,    14, -5.801594555069e-01, 4.012586265392e-03, 2.9949e+00, 3.8536e-02, 
 2DIAGNOSTIC,    15, -5.808715190871e-01, 2.303948892893e-03, 3.0312e+00, 3.6359e-02, 
 2DIAGNOSTIC,    16, -5.835479998223e-01, 1.154322194766e-03, 3.0857e+00, 5.4509e-02, 
 2DIAGNOSTIC,    17, -5.840407916416e-01, 6.180646474317e-04, 3.1204e+00, 3.4666e-02, 
 2DIAGNOSTIC,    18, -5.842988615097e-01, 5.776189075392e-04, 3.1474e+00, 2.7046e-02, 
 2DIAGNOSTIC,    19, -5.843690916374e-01, 5.295452915550e-04, 3.1908e+00, 4.3337e-02, 
 2DIAGNOSTIC,    20, -5.845693304119e-01, 4.579973370106e-04, 3.2249e+00, 3.4140e-02, 
 2DIAGNOSTIC,    21, -5.845957607976e-01, 3.743513531713e-04, 3.2585e+00, 3.3530e-02, 
 2DIAGNOSTIC,    22, -5.845889555429e-01, 2.826767143581e-04, 3.2980e+00, 3.9570e-02, 
 2DIAGNOSTIC,    23, -5.845789175506e-01, 1.916076631794e-04, 3.3270e+00, 2.8999e-02, 
 2DIAGNOSTIC,    24, -5.845502973648e-01, 1.092750151796e-04, 3.3680e+00, 4.0976e-02, 
 2DIAGNOSTIC,    25, -5.845182822904e-01, 3.593619640422e-05, 3.4054e+00, 3.7378e-02, 
 2DIAGNOSTIC,    26, -5.845044421593e-01, 1.646339128397e-05, 3.4276e+00, 2.2274e-02, 
 2DIAGNOSTIC,    27, -5.844929645395e-01, 5.933406875568e-06, 3.4716e+00, 4.3918e-02, 
DIAGNOSTIC,Iteration,metricValue,convergenceValue,ITERATION_TIME_INDEX,SINCE_LAST
 2DIAGNOSTIC,     1, -4.885696721544e-01, 1.797693134862e+308, 6.3620e+00, 2.8904e+00, 
 2DIAGNOSTIC,     2, -4.889786857740e-01, 1.797693134862e+308, 6.6003e+00, 2.3837e-01, 
 2DIAGNOSTIC,     3, -4.894286366068e-01, 1.797693134862e+308, 6.8488e+00, 2.4844e-01, 
 2DIAGNOSTIC,     4, -4.897679889461e-01, 1.797693134862e+308, 7.0925e+00, 2.4374e-01, 
 2DIAGNOSTIC,     5, -4.899908204099e-01, 1.797693134862e+308, 7.3343e+00, 2.4180e-01, 
 2DIAGNOSTIC,     6, -4.901198393777e-01, 1.797693134862e+308, 7.6838e+00, 3.4943e-01, 
 2DIAGNOSTIC,     7, -4.901265817577e-01, 1.797693134862e+308, 8.0539e+00, 3.7012e-01, 
 2DIAGNOSTIC,     8, -4.901327995101e-01, 1.797693134862e+308, 8.3305e+00, 2.7660e-01, 
 2DIAGNOSTIC,     9, -4.901563259674e-01, 1.797693134862e+308, 8.6094e+00, 2.7890e-01, 
 2DIAGNOSTIC,    10, -4.901640265748e-01, 1.950525958328e-04, 8.8911e+00, 2.8175e-01, 
 2DIAGNOSTIC,    11, -4.901523358678e-01, 1.166353258996e-04, 9.2014e+00, 3.1029e-01, 
 2DIAGNOSTIC,    12, -4.901553345594e-01, 6.077983498966e-05, 9.4492e+00, 2.4781e-01, 
 2DIAGNOSTIC,    13, -4.901703685999e-01, 2.879315775932e-05, 9.6934e+00, 2.4416e-01, 
 2DIAGNOSTIC,    14, -4.901883555647e-01, 1.355616967424e-05, 9.9731e+00, 2.7973e-01, 
 2DIAGNOSTIC,    15, -4.902005741496e-01, 8.259269688601e-06, 1.0218e+01, 2.4536e-01, 
 2DIAGNOSTIC,    16, -4.902228589979e-01, 8.567433795501e-06, 1.0466e+01, 2.4751e-01, 
 2DIAGNOSTIC,    17, -4.902715322307e-01, 1.012362966063e-05, 1.0747e+01, 2.8069e-01, 
 2DIAGNOSTIC,    18, -4.903206947610e-01, 1.246375482694e-05, 1.0990e+01, 2.4314e-01, 
 2DIAGNOSTIC,    19, -4.903614923440e-01, 1.549407016195e-05, 1.1305e+01, 3.1516e-01, 
 2DIAGNOSTIC,    20, -4.903733639015e-01, 1.751852354429e-05, 1.1584e+01, 2.7860e-01, 
 2DIAGNOSTIC,    21, -4.903874210123e-01, 1.795204051512e-05, 1.1822e+01, 2.3885e-01, 
 2DIAGNOSTIC,    22, -4.904949701093e-01, 1.970717541829e-05, 1.2099e+01, 2.7629e-01, 
 2DIAGNOSTIC,    23, -4.906825765677e-01, 2.461231698025e-05, 1.2478e+01, 3.7967e-01, 
 2DIAGNOSTIC,    24, -4.906865534139e-01, 2.736387894155e-05, 1.2793e+01, 3.1442e-01, 
 2DIAGNOSTIC,    25, -4.906886337618e-01, 2.788028266435e-05, 1.3135e+01, 3.4235e-01, 
 2DIAGNOSTIC,    26, -4.906851703436e-01, 2.632392759837e-05, 1.3409e+01, 2.7366e-01, 
 2DIAGNOSTIC,    27, -4.906838069154e-01, 2.346817357270e-05, 1.3727e+01, 3.1850e-01, 
 2DIAGNOSTIC,    28, -4.906803237737e-01, 1.957023297018e-05, 1.4006e+01, 2.7914e-01, 
 2DIAGNOSTIC,    29, -4.906790533060e-01, 1.500744540871e-05, 1.4276e+01, 2.7006e-01, 
 2DIAGNOSTIC,    30, -4.906776865801e-01, 9.712149880430e-06, 1.4557e+01, 2.8004e-01, 
 2DIAGNOSTIC,    31, -4.906741932231e-01, 4.123770467816e-06, 1.4835e+01, 2.7852e-01, 
DIAGNOSTIC,Iteration,metricValue,convergenceValue,ITERATION_TIME_INDEX,SINCE_LAST
 2DIAGNOSTIC,     1, -4.071127122135e-01, 1.797693134862e+308, 1.9787e+01, 4.9520e+00, 
 2DIAGNOSTIC,     2, -4.074542113369e-01, 1.797693134862e+308, 2.1621e+01, 1.8335e+00, 
 2DIAGNOSTIC,     3, -4.077457781783e-01, 1.797693134862e+308, 2.3446e+01, 1.8253e+00, 
 2DIAGNOSTIC,     4, -4.078950263525e-01, 1.797693134862e+308, 2.5290e+01, 1.8444e+00, 
 2DIAGNOSTIC,     5, -4.080051970540e-01, 1.797693134862e+308, 2.7362e+01, 2.0718e+00, 
 2DIAGNOSTIC,     6, -4.081775746025e-01, 1.797693134862e+308, 3.0439e+01, 3.0770e+00, 
 2DIAGNOSTIC,     7, -4.081790272398e-01, 1.797693134862e+308, 3.3046e+01, 2.6068e+00, 
 2DIAGNOSTIC,     8, -4.081797562804e-01, 1.797693134862e+308, 3.5146e+01, 2.1001e+00, 
 2DIAGNOSTIC,     9, -4.081789439231e-01, 1.797693134862e+308, 3.7501e+01, 2.3553e+00, 
 2DIAGNOSTIC,    10, -4.081784489696e-01, 1.540013409656e-04, 3.9577e+01, 2.0759e+00, 
 2DIAGNOSTIC,    11, -4.081785223306e-01, 9.051044990736e-05, 4.1664e+01, 2.0866e+00, 
 2DIAGNOSTIC,    12, -4.081782371280e-01, 4.924383053959e-05, 4.3986e+01, 2.3225e+00, 
 2DIAGNOSTIC,    13, -4.081781269173e-01, 2.573276686610e-05, 4.6054e+01, 2.0679e+00, 
 2DIAGNOSTIC,    14, -4.081777667650e-01, 1.082365340210e-05, 4.8135e+01, 2.0812e+00, 
 2DIAGNOSTIC,    15, -4.081770224467e-01, 1.976921716038e-06, 5.0714e+01, 2.5790e+00, 
 2DIAGNOSTIC,    16, -4.081768356939e-01, 1.744971387427e-06, 5.2792e+01, 2.0773e+00, 
 2DIAGNOSTIC,    17, -4.081766504525e-01, 1.612934150172e-06, 5.4612e+01, 1.8201e+00, 
 2DIAGNOSTIC,    18, -4.081765180933e-01, 1.543116398717e-06, 5.6433e+01, 1.8215e+00, 
 2DIAGNOSTIC,    19, -4.081772552417e-01, 1.499385936382e-06, 5.8518e+01, 2.0845e+00, 
 2DIAGNOSTIC,    20, -4.081774748443e-01, 1.466096754256e-06, 6.0598e+01, 2.0804e+00, 
 2DIAGNOSTIC,    21, -4.081773439473e-01, 1.445975176761e-06, 6.2680e+01, 2.0814e+00, 
 2DIAGNOSTIC,    22, -4.081774828142e-01, 1.429814160570e-06, 6.4767e+01, 2.0870e+00, 
 2DIAGNOSTIC,    23, -4.081772493609e-01, 1.406091748000e-06, 6.6850e+01, 2.0836e+00, 
 2DIAGNOSTIC,    24, -4.081770016873e-01, 1.364860455433e-06, 6.8933e+01, 2.0825e+00, 
 2DIAGNOSTIC,    25, -4.081767872007e-01, 1.296589436983e-06, 7.1015e+01, 2.0824e+00, 
 2DIAGNOSTIC,    26, -4.081762394754e-01, 1.212080375193e-06, 7.3082e+01, 2.0671e+00, 
 2DIAGNOSTIC,    27, -4.081753045216e-01, 1.106666995675e-06, 7.5409e+01, 2.3273e+00, 
 2DIAGNOSTIC,    28, -4.081752217490e-01, 1.010211420752e-06, 7.7274e+01, 1.8650e+00, 
DIAGNOSTIC,Iteration,metricValue,convergenceValue,ITERATION_TIME_INDEX,SINCE_LAST
 2DIAGNOSTIC,     1, -3.545288451342e-01, 1.797693134862e+308, 9.4560e+01, 1.7286e+01, 
 2DIAGNOSTIC,     2, -3.548707757529e-01, 1.797693134862e+308, 1.0738e+02, 1.2824e+01, 
 2DIAGNOSTIC,     3, -3.550331117891e-01, 1.797693134862e+308, 1.2024e+02, 1.2854e+01, 
 2DIAGNOSTIC,     4, -3.551434170549e-01, 1.797693134862e+308, 1.3304e+02, 1.2799e+01, 
 2DIAGNOSTIC,     5, -3.552402057576e-01, 1.797693134862e+308, 1.4755e+02, 1.4513e+01, 
 2DIAGNOSTIC,     6, -3.553542102860e-01, 1.797693134862e+308, 1.6462e+02, 1.7071e+01, 
 2DIAGNOSTIC,     7, -3.553621425450e-01, 1.797693134862e+308, 1.7738e+02, 1.2763e+01, 
 2DIAGNOSTIC,     8, -3.553917527390e-01, 1.797693134862e+308, 1.9182e+02, 1.4439e+01, 
 2DIAGNOSTIC,     9, -3.554004431134e-01, 1.797693134862e+308, 2.0809e+02, 1.6267e+01, 
 2DIAGNOSTIC,    10, -3.554012438585e-01, 1.398461802238e-04, 2.3108e+02, 2.2990e+01, 
 2DIAGNOSTIC,    11, -3.554020447368e-01, 8.330023226688e-05, 2.5059e+02, 1.9514e+01, 
 2DIAGNOSTIC,    12, -3.554018788488e-01, 5.160924434104e-05, 2.6507e+02, 1.4472e+01, 
 2DIAGNOSTIC,    13, -3.554017858319e-01, 3.031993960667e-05, 2.8127e+02, 1.6204e+01, 
 2DIAGNOSTIC,    14, -3.554017777785e-01, 1.575823362118e-05, 2.9745e+02, 1.6176e+01, 
 2DIAGNOSTIC,    15, -3.554017306397e-01, 6.921262774739e-06, 3.1193e+02, 1.4487e+01, 
 2DIAGNOSTIC,    16, -3.554017098398e-01, 4.461247427909e-06, 3.2659e+02, 1.4657e+01, 
 2DIAGNOSTIC,    17, -3.554016595125e-01, 2.399649292696e-06, 3.4103e+02, 1.4438e+01, 
 2DIAGNOSTIC,    18, -3.554016111142e-01, 1.822310762234e-06, 3.5519e+02, 1.4167e+01, 
 2DIAGNOSTIC,    19, -3.554015890520e-01, 1.665054022729e-06, 3.6797e+02, 1.2773e+01, 
 2DIAGNOSTIC,    20, -3.554015734351e-01, 1.554780120649e-06, 3.8078e+02, 1.2809e+01, 
 2DIAGNOSTIC,    21, -3.554016000980e-01, 1.490046991487e-06, 3.9865e+02, 1.7877e+01, 
 2DIAGNOSTIC,    22, -3.554016066650e-01, 1.427816298506e-06, 4.1480e+02, 1.6142e+01, 
 2DIAGNOSTIC,    23, -3.554016070916e-01, 1.369520474220e-06, 4.2925e+02, 1.4458e+01, 
 2DIAGNOSTIC,    24, -3.554015783893e-01, 1.316209045692e-06, 4.4371e+02, 1.4459e+01, 
 2DIAGNOSTIC,    25, -3.554015508105e-01, 1.265682862635e-06, 4.5648e+02, 1.2767e+01, 
 2DIAGNOSTIC,    26, -3.554015258623e-01, 1.218315606420e-06, 4.6922e+02, 1.2743e+01, 
 2DIAGNOSTIC,    27, -3.554015053748e-01, 1.172889790436e-06, 4.8368e+02, 1.4456e+01, 
 2DIAGNOSTIC,    28, -3.554014893490e-01, 1.129413852045e-06, 4.9983e+02, 1.6148e+01, 
 2DIAGNOSTIC,    29, -3.554014662264e-01, 1.088378796511e-06, 5.1430e+02, 1.4474e+01, 
 2DIAGNOSTIC,    30, -3.554014392018e-01, 1.049774538728e-06, 5.2624e+02, 1.1941e+01, 
 2DIAGNOSTIC,    31, -3.554014151544e-01, 1.014754400910e-06, 5.4067e+02, 1.4431e+01, 
  Elapsed time (stage 1): 5.5019e+02


Total elapsed time: 1.0585e+03

--------------------------------------------------------------------------------------
 Mapping parameters
--------------------------------------------------------------------------------------
 ANTSPATH is /usr/local/software/spack/spack-git/opt/spack/linux-rhel7-broadwell/gcc-5/ants-2.3.4-lj6vm7ccmij4yywr4ynrttcko4aoflqt/bin

 Dimensionality:           3
 Output name prefix:       T1xT2_ANTs
 Fixed images:             /home/ccn30/rds/rds-p00500_encrypt-URQgmO1brZ0/p00500/ENCRYPT_images/27783/T2/N4t2.nii
 Moving images:            /home/ccn30/rds/rds-p00500_encrypt-URQgmO1brZ0/p00500/ENCRYPT_images/27783/mp2rage/n4mag0000_PSIR_skulled_std.nii
 Mask images:              
 Initial transforms:       
 Number of threads:        1
 Spline distance:          26
 Transform type:           a
 MI histogram bins:        32
 Precision:                d
 Use histogram matching    0
======================================================================================
 antsRegistration call:
--------------------------------------------------------------------------------------
/usr/local/software/spack/spack-git/opt/spack/linux-rhel7-broadwell/gcc-5/ants-2.3.4-lj6vm7ccmij4yywr4ynrttcko4aoflqt/bin/antsRegistration --verbose 1 --dimensionality 3 --float 0 --collapse-output-transforms 1 --output [ T1xT2_ANTs,T1xT2_ANTsWarped.nii.gz,T1xT2_ANTsInverseWarped.nii.gz ] --interpolation Linear --use-histogram-matching 0 --winsorize-image-intensities [ 0.005,0.995 ] --initial-moving-transform [ /home/ccn30/rds/rds-p00500_encrypt-URQgmO1brZ0/p00500/ENCRYPT_images/27783/T2/N4t2.nii,/home/ccn30/rds/rds-p00500_encrypt-URQgmO1brZ0/p00500/ENCRYPT_images/27783/mp2rage/n4mag0000_PSIR_skulled_std.nii,1 ] --transform Rigid[ 0.1 ] --metric MI[ /home/ccn30/rds/rds-p00500_encrypt-URQgmO1brZ0/p00500/ENCRYPT_images/27783/T2/N4t2.nii,/home/ccn30/rds/rds-p00500_encrypt-URQgmO1brZ0/p00500/ENCRYPT_images/27783/mp2rage/n4mag0000_PSIR_skulled_std.nii,1,32,Regular,0.25 ] --convergence [ 1000x500x250x0,1e-6,10 ] --shrink-factors 12x8x4x2 --smoothing-sigmas 4x3x2x1vox --transform Affine[ 0.1 ] --metric MI[ /home/ccn30/rds/rds-p00500_encrypt-URQgmO1brZ0/p00500/ENCRYPT_images/27783/T2/N4t2.nii,/home/ccn30/rds/rds-p00500_encrypt-URQgmO1brZ0/p00500/ENCRYPT_images/27783/mp2rage/n4mag0000_PSIR_skulled_std.nii,1,32,Regular,0.25 ] --convergence [ 1000x500x250x0,1e-6,10 ] --shrink-factors 12x8x4x2 --smoothing-sigmas 4x3x2x1vox
--------------------------------------------------------------------------------------
All_Command_lines_OK
Using double precision for computations.
=============================================================================
The composite transform comprises the following transforms (in order): 
  1. Center of mass alignment using fixed image: /home/ccn30/rds/rds-p00500_encrypt-URQgmO1brZ0/p00500/ENCRYPT_images/27783/T2/N4t2.nii and moving image: /home/ccn30/rds/rds-p00500_encrypt-URQgmO1brZ0/p00500/ENCRYPT_images/27783/mp2rage/n4mag0000_PSIR_skulled_std.nii (type = Euler3DTransform)
=============================================================================
  number of levels = 4
  number of levels = 4
  fixed image: /home/ccn30/rds/rds-p00500_encrypt-URQgmO1brZ0/p00500/ENCRYPT_images/27783/T2/N4t2.nii
  moving image: /home/ccn30/rds/rds-p00500_encrypt-URQgmO1brZ0/p00500/ENCRYPT_images/27783/mp2rage/n4mag0000_PSIR_skulled_std.nii
  fixed image: /home/ccn30/rds/rds-p00500_encrypt-URQgmO1brZ0/p00500/ENCRYPT_images/27783/T2/N4t2.nii
  moving image: /home/ccn30/rds/rds-p00500_encrypt-URQgmO1brZ0/p00500/ENCRYPT_images/27783/mp2rage/n4mag0000_PSIR_skulled_std.nii
Dimension = 3
Number of stages = 2
Use Histogram Matching false
Winsorize image intensities true
Lower quantile = 0.005
Upper quantile = 0.995
Stage 1 State
   Image metric = Mattes
     Fixed image = Image (0x3d46010)
  RTTI typeinfo:   itk::Image<double, 3u>
  Reference Count: 2
  Modified Time: 1709
  Debug: Off
  Object Name: 
  Observers: 
    none
  Source: (none)
  Source output name: (none)
  Release Data: Off
  Data Released: False
  Global Release Data: Off
  PipelineMTime: 0
  UpdateMTime: 1492
  RealTimeStamp: 0 seconds 
  LargestPossibleRegion: 
    Dimension: 3
    Index: [0, 0, 0]
    Size: [512, 512, 54]
  BufferedRegion: 
    Dimension: 3
    Index: [0, 0, 0]
    Size: [512, 512, 54]
  RequestedRegion: 
    Dimension: 3
    Index: [0, 0, 0]
    Size: [512, 512, 54]
  Spacing: [0.4375, 0.4375, 1.1]
  Origin: [-109.022, -12.0314, -111.68]
  Direction: 
0.999334 -0.0298885 0.0209264
-0.0298885 -0.341649 0.939352
0.0209264 0.939352 0.342315

  IndexToPointMatrix: 
0.437209 -0.0130762 0.023019
-0.0130762 -0.149471 1.03329
0.00915529 0.410967 0.376546

  PointToIndexMatrix: 
2.28419 -0.0683166 0.0478317
-0.0683166 -0.780912 2.14709
0.019024 0.853957 0.311195

  Inverse Direction: 
0.999334 -0.0298885 0.0209264
-0.0298885 -0.341649 0.939352
0.0209264 0.939352 0.342315

  PixelContainer: 
    ImportImageContainer (0x3d40980)
      RTTI typeinfo:   itk::ImportImageContainer<unsigned long, double>
      Reference Count: 1
      Modified Time: 1489
      Debug: Off
      Object Name: 
      Observers: 
        none
      Pointer: 0x2af775945010
      Container manages memory: true
      Size: 14155776
      Capacity: 14155776

     Moving image = Image (0x3d43b30)
  RTTI typeinfo:   itk::Image<double, 3u>
  Reference Count: 2
  Modified Time: 1710
  Debug: Off
  Object Name: 
  Observers: 
    none
  Source: (none)
  Source output name: (none)
  Release Data: Off
  Data Released: False
  Global Release Data: Off
  PipelineMTime: 0
  UpdateMTime: 1707
  RealTimeStamp: 0 seconds 
  LargestPossibleRegion: 
    Dimension: 3
    Index: [0, 0, 0]
    Size: [224, 320, 320]
  BufferedRegion: 
    Dimension: 3
    Index: [0, 0, 0]
    Size: [224, 320, 320]
  RequestedRegion: 
    Dimension: 3
    Index: [0, 0, 0]
    Size: [224, 320, 320]
  Spacing: [0.7, 0.7, 0.7]
  Origin: [-79.9132, 74.7166, -92.7551]
  Direction: 
1 0 0
0 -1 0
0 0 1

  IndexToPointMatrix: 
0.7 0 0
0 -0.7 0
0 0 0.7

  PointToIndexMatrix: 
1.42857 0 0
0 -1.42857 0
0 0 1.42857

  Inverse Direction: 
1 0 0
0 -1 0
0 0 1

  PixelContainer: 
    ImportImageContainer (0x3d40780)
      RTTI typeinfo:   itk::ImportImageContainer<unsigned long, double>
      Reference Count: 1
      Modified Time: 1704
      Debug: Off
      Object Name: 
      Observers: 
        none
      Pointer: 0x2af77c546010
      Container manages memory: true
      Size: 22937600
      Capacity: 22937600

     Weighting = 1
     Sampling strategy = regular
     Number of bins = 32
     Radius = 4
     Sampling percentage  = 0.25
   Transform = Rigid
     Gradient step = 0.1
     Update field sigma (voxel space) = 0
     Total field sigma (voxel space) = 0
     Update field time sigma = 0
     Total field time sigma  = 0
     Number of time indices = 0
     Number of time point samples = 0
Stage 2 State
   Image metric = Mattes
     Fixed image = Image (0x3d55500)
  RTTI typeinfo:   itk::Image<double, 3u>
  Reference Count: 2
  Modified Time: 2141
  Debug: Off
  Object Name: 
  Observers: 
    none
  Source: (none)
  Source output name: (none)
  Release Data: Off
  Data Released: False
  Global Release Data: Off
  PipelineMTime: 0
  UpdateMTime: 1924
  RealTimeStamp: 0 seconds 
  LargestPossibleRegion: 
    Dimension: 3
    Index: [0, 0, 0]
    Size: [512, 512, 54]
  BufferedRegion: 
    Dimension: 3
    Index: [0, 0, 0]
    Size: [512, 512, 54]
  RequestedRegion: 
    Dimension: 3
    Index: [0, 0, 0]
    Size: [512, 512, 54]
  Spacing: [0.4375, 0.4375, 1.1]
  Origin: [-109.022, -12.0314, -111.68]
  Direction: 
0.999334 -0.0298885 0.0209264
-0.0298885 -0.341649 0.939352
0.0209264 0.939352 0.342315

  IndexToPointMatrix: 
0.437209 -0.0130762 0.023019
-0.0130762 -0.149471 1.03329
0.00915529 0.410967 0.376546

  PointToIndexMatrix: 
2.28419 -0.0683166 0.0478317
-0.0683166 -0.780912 2.14709
0.019024 0.853957 0.311195

  Inverse Direction: 
0.999334 -0.0298885 0.0209264
-0.0298885 -0.341649 0.939352
0.0209264 0.939352 0.342315

  PixelContainer: 
    ImportImageContainer (0x3d46860)
      RTTI typeinfo:   itk::ImportImageContainer<unsigned long, double>
      Reference Count: 1
      Modified Time: 1921
      Debug: Off
      Object Name: 
      Observers: 
        none
      Pointer: 0x2af787447010
      Container manages memory: true
      Size: 14155776
      Capacity: 14155776

     Moving image = Image (0x3d59f40)
  RTTI typeinfo:   itk::Image<double, 3u>
  Reference Count: 2
  Modified Time: 2142
  Debug: Off
  Object Name: 
  Observers: 
    none
  Source: (none)
  Source output name: (none)
  Release Data: Off
  Data Released: False
  Global Release Data: Off
  PipelineMTime: 0
  UpdateMTime: 2139
  RealTimeStamp: 0 seconds 
  LargestPossibleRegion: 
    Dimension: 3
    Index: [0, 0, 0]
    Size: [224, 320, 320]
  BufferedRegion: 
    Dimension: 3
    Index: [0, 0, 0]
    Size: [224, 320, 320]
  RequestedRegion: 
    Dimension: 3
    Index: [0, 0, 0]
    Size: [224, 320, 320]
  Spacing: [0.7, 0.7, 0.7]
  Origin: [-79.9132, 74.7166, -92.7551]
  Direction: 
1 0 0
0 -1 0
0 0 1

  IndexToPointMatrix: 
0.7 0 0
0 -0.7 0
0 0 0.7

  PointToIndexMatrix: 
1.42857 0 0
0 -1.42857 0
0 0 1.42857

  Inverse Direction: 
1 0 0
0 -1 0
0 0 1

  PixelContainer: 
    ImportImageContainer (0x3d51750)
      RTTI typeinfo:   itk::ImportImageContainer<unsigned long, double>
      Reference Count: 1
      Modified Time: 2136
      Debug: Off
      Object Name: 
      Observers: 
        none
      Pointer: 0x2af78e048010
      Container manages memory: true
      Size: 22937600
      Capacity: 22937600

     Weighting = 1
     Sampling strategy = regular
     Number of bins = 32
     Radius = 4
     Sampling percentage  = 0.25
   Transform = Affine
     Gradient step = 0.1
     Update field sigma (voxel space) = 0
     Total field sigma (voxel space) = 0
     Update field time sigma = 0
     Total field time sigma  = 0
     Number of time indices = 0
     Number of time point samples = 0
Registration using 2 total stages.

Stage 0
  iterations = 1000x500x250x0
  convergence threshold = 1e-06
  convergence window size = 10
  number of levels = 4
  using the Mattes MI metric (number of bins = 32, weight = 1)
  preprocessing:  winsorizing the image intensities
  Shrink factors (level 1 out of 4): [12, 12, 5]
  Shrink factors (level 2 out of 4): [8, 8, 3]
  Shrink factors (level 3 out of 4): [4, 4, 2]
  Shrink factors (level 4 out of 4): [2, 2, 1]
  smoothing sigmas per level: [4, 3, 2, 1]
  regular sampling (percentage = 0.25)

*** Running Euler3DTransform registration ***

DIAGNOSTIC,Iteration,metricValue,convergenceValue,ITERATION_TIME_INDEX,SINCE_LAST
 2DIAGNOSTIC,     1, -2.470855863856e-01, 1.797693134862e+308, 3.9002e+00, 3.9002e+00, 
 2DIAGNOSTIC,     2, -2.504373830402e-01, 1.797693134862e+308, 3.9082e+00, 8.0070e-03, 
 2DIAGNOSTIC,     3, -2.567113833518e-01, 1.797693134862e+308, 3.9160e+00, 7.7701e-03, 
 2DIAGNOSTIC,     4, -2.674972671687e-01, 1.797693134862e+308, 3.9243e+00, 8.3590e-03, 
 2DIAGNOSTIC,     5, -2.906032104082e-01, 1.797693134862e+308, 3.9392e+00, 1.4866e-02, 
 2DIAGNOSTIC,     6, -3.413636226981e-01, 1.797693134862e+308, 3.9564e+00, 1.7168e-02, 
 2DIAGNOSTIC,     7, -3.818310660570e-01, 1.797693134862e+308, 3.9704e+00, 1.4078e-02, 
 2DIAGNOSTIC,     8, -3.988041315062e-01, 1.797693134862e+308, 3.9798e+00, 9.4180e-03, 
 2DIAGNOSTIC,     9, -4.072666982120e-01, 1.797693134862e+308, 3.9905e+00, 1.0627e-02, 
 2DIAGNOSTIC,    10, -4.214482204962e-01, 4.119241683986e-02, 3.9997e+00, 9.2158e-03, 
 2DIAGNOSTIC,    11, -4.221234863463e-01, 3.632268690200e-02, 4.0087e+00, 8.9710e-03, 
 2DIAGNOSTIC,    12, -4.222141040131e-01, 2.948181938394e-02, 4.0165e+00, 7.8330e-03, 
 2DIAGNOSTIC,    13, -4.218578052923e-01, 2.170995557790e-02, 4.0293e+00, 1.2783e-02, 
 2DIAGNOSTIC,    14, -4.219991046246e-01, 1.396833051655e-02, 4.0452e+00, 1.5941e-02, 
 2DIAGNOSTIC,    15, -4.225135319457e-01, 7.381230479061e-03, 4.0642e+00, 1.8989e-02, 
 2DIAGNOSTIC,    16, -4.224783578022e-01, 3.528341183275e-03, 4.0745e+00, 1.0325e-02, 
 2DIAGNOSTIC,    17, -4.224879846268e-01, 1.720685388320e-03, 4.0843e+00, 9.7289e-03, 
 2DIAGNOSTIC,    18, -4.220987570036e-01, 6.933152891379e-04, 4.0925e+00, 8.2200e-03, 
 2DIAGNOSTIC,    19, -4.221050950786e-01, 5.028078530413e-05, 4.1006e+00, 8.1530e-03, 
 2DIAGNOSTIC,    20, -4.221142905081e-01, 1.269735270264e-05, 4.1087e+00, 8.0590e-03, 
 2DIAGNOSTIC,    21, -4.221296657708e-01, 2.491795896953e-06, 4.1198e+00, 1.1064e-02, 
DIAGNOSTIC,Iteration,metricValue,convergenceValue,ITERATION_TIME_INDEX,SINCE_LAST
 2DIAGNOSTIC,     1, -4.011796907289e-01, 1.797693134862e+308, 8.1470e+00, 4.0273e+00, 
 2DIAGNOSTIC,     2, -4.024730200517e-01, 1.797693134862e+308, 8.1930e+00, 4.6014e-02, 
 2DIAGNOSTIC,     3, -4.040392116158e-01, 1.797693134862e+308, 8.2498e+00, 5.6754e-02, 
 2DIAGNOSTIC,     4, -4.049782010252e-01, 1.797693134862e+308, 8.3112e+00, 6.1451e-02, 
 2DIAGNOSTIC,     5, -4.052750111719e-01, 1.797693134862e+308, 8.3573e+00, 4.6082e-02, 
 2DIAGNOSTIC,     6, -4.056024031922e-01, 1.797693134862e+308, 8.4151e+00, 5.7744e-02, 
 2DIAGNOSTIC,     7, -4.066367693823e-01, 1.797693134862e+308, 8.4578e+00, 4.2773e-02, 
 2DIAGNOSTIC,     8, -4.095245489556e-01, 1.797693134862e+308, 8.5423e+00, 8.4487e-02, 
 2DIAGNOSTIC,     9, -4.097949129174e-01, 1.797693134862e+308, 8.6017e+00, 5.9361e-02, 
 2DIAGNOSTIC,    10, -4.104432347327e-01, 1.427045014881e-03, 8.6452e+00, 4.3517e-02, 
 2DIAGNOSTIC,    11, -4.105631829104e-01, 1.224874549265e-03, 8.7127e+00, 6.7549e-02, 
 2DIAGNOSTIC,    12, -4.105471766963e-01, 1.018736622593e-03, 8.7724e+00, 5.9664e-02, 
 2DIAGNOSTIC,    13, -4.104388531701e-01, 8.280514217670e-04, 8.8283e+00, 5.5921e-02, 
 2DIAGNOSTIC,    14, -4.103932072800e-01, 6.343752028542e-04, 8.9138e+00, 8.5510e-02, 
 2DIAGNOSTIC,    15, -4.103676680333e-01, 4.233906353429e-04, 8.9623e+00, 4.8440e-02, 
 2DIAGNOSTIC,    16, -4.102631193095e-01, 2.102108179699e-04, 9.0221e+00, 5.9847e-02, 
 2DIAGNOSTIC,    17, -4.102286885400e-01, 4.135428216386e-05, 9.0877e+00, 6.5535e-02, 
DIAGNOSTIC,Iteration,metricValue,convergenceValue,ITERATION_TIME_INDEX,SINCE_LAST
 2DIAGNOSTIC,     1, -3.688175610485e-01, 1.797693134862e+308, 1.3539e+01, 4.4514e+00, 
 2DIAGNOSTIC,     2, -3.704354902778e-01, 1.797693134862e+308, 1.3875e+01, 3.3560e-01, 
 2DIAGNOSTIC,     3, -3.711793381009e-01, 1.797693134862e+308, 1.4257e+01, 3.8255e-01, 
 2DIAGNOSTIC,     4, -3.712210484644e-01, 1.797693134862e+308, 1.4644e+01, 3.8661e-01, 
 2DIAGNOSTIC,     5, -3.712132255325e-01, 1.797693134862e+308, 1.5071e+01, 4.2745e-01, 
 2DIAGNOSTIC,     6, -3.712255982773e-01, 1.797693134862e+308, 1.5454e+01, 3.8234e-01, 
 2DIAGNOSTIC,     7, -3.712255470995e-01, 1.797693134862e+308, 1.5892e+01, 4.3837e-01, 
 2DIAGNOSTIC,     8, -3.712227821490e-01, 1.797693134862e+308, 1.6277e+01, 3.8497e-01, 
 2DIAGNOSTIC,     9, -3.712132766759e-01, 1.797693134862e+308, 1.6660e+01, 3.8273e-01, 
 2DIAGNOSTIC,    10, -3.712102253565e-01, 2.412455419189e-04, 1.6996e+01, 3.3595e-01, 
 2DIAGNOSTIC,    11, -3.712077392350e-01, 5.849548714972e-05, 1.7380e+01, 3.8453e-01, 
 2DIAGNOSTIC,    12, -3.712084321593e-01, 3.237204529299e-06, 1.7765e+01, 3.8433e-01, 
DIAGNOSTIC,Iteration,metricValue,convergenceValue,ITERATION_TIME_INDEX,SINCE_LAST
 2DIAGNOSTIC,     1, -2.865882084704e-01, 1.797693134862e+308, 2.4096e+01, 6.3312e+00, 
  Elapsed time (stage 0): 2.5739e+01


Stage 1
  iterations = 1000x500x250x0
  convergence threshold = 1.0000e-06
  convergence window size = 10
  number of levels = 4
  using the Mattes MI metric (number of bins = 32, weight = 1.0000e+00)
  preprocessing:  winsorizing the image intensities
  Shrink factors (level 1 out of 4): [12, 12, 5]
  Shrink factors (level 2 out of 4): [8, 8, 3]
  Shrink factors (level 3 out of 4): [4, 4, 2]
  Shrink factors (level 4 out of 4): [2, 2, 1]
  smoothing sigmas per level: [4, 3, 2, 1]
  regular sampling (percentage = 2.5000e-01)

*** Running AffineTransform registration ***

DIAGNOSTIC,Iteration,metricValue,convergenceValue,ITERATION_TIME_INDEX,SINCE_LAST
 2DIAGNOSTIC,     1, -4.191959638497e-01, 1.797693134862e+308, 3.9148e+00, 3.9148e+00, 
 2DIAGNOSTIC,     2, -4.214108647241e-01, 1.797693134862e+308, 3.9263e+00, 1.1422e-02, 
 2DIAGNOSTIC,     3, -4.247938170038e-01, 1.797693134862e+308, 3.9424e+00, 1.6130e-02, 
 2DIAGNOSTIC,     4, -4.278409038199e-01, 1.797693134862e+308, 3.9587e+00, 1.6295e-02, 
 2DIAGNOSTIC,     5, -4.310252475246e-01, 1.797693134862e+308, 3.9699e+00, 1.1176e-02, 
 2DIAGNOSTIC,     6, -4.347972644558e-01, 1.797693134862e+308, 3.9800e+00, 1.0109e-02, 
 2DIAGNOSTIC,     7, -4.397475249698e-01, 1.797693134862e+308, 3.9933e+00, 1.3317e-02, 
 2DIAGNOSTIC,     8, -4.403618693220e-01, 1.797693134862e+308, 4.0035e+00, 1.0243e-02, 
 2DIAGNOSTIC,     9, -4.406118126232e-01, 1.797693134862e+308, 4.0125e+00, 8.9848e-03, 
 2DIAGNOSTIC,    10, -4.407005233496e-01, 3.646905225818e-03, 4.0293e+00, 1.6791e-02, 
 2DIAGNOSTIC,    11, -4.416665342094e-01, 2.885217616952e-03, 4.0485e+00, 1.9197e-02, 
 2DIAGNOSTIC,    12, -4.419607166550e-01, 2.124593237908e-03, 4.0607e+00, 1.2239e-02, 
 2DIAGNOSTIC,    13, -4.424605564428e-01, 1.486419530556e-03, 4.0724e+00, 1.1647e-02, 
 2DIAGNOSTIC,    14, -4.442121872514e-01, 1.031613790597e-03, 4.0840e+00, 1.1623e-02, 
 2DIAGNOSTIC,    15, -4.447853264692e-01, 7.045073148041e-04, 4.0944e+00, 1.0430e-02, 
 2DIAGNOSTIC,    16, -4.451237992102e-01, 5.165886229193e-04, 4.1048e+00, 1.0323e-02, 
 2DIAGNOSTIC,    17, -4.456506618464e-01, 5.135555685244e-04, 4.1240e+00, 1.9201e-02, 
 2DIAGNOSTIC,    18, -4.458410047434e-01, 4.923989320338e-04, 4.1448e+00, 2.0875e-02, 
 2DIAGNOSTIC,    19, -4.459066187926e-01, 4.384197968607e-04, 4.1571e+00, 1.2232e-02, 
 2DIAGNOSTIC,    20, -4.460698139208e-01, 3.567562906942e-04, 4.1686e+00, 1.1493e-02, 
 2DIAGNOSTIC,    21, -4.459379919053e-01, 2.761726650734e-04, 4.1782e+00, 9.6359e-03, 
 2DIAGNOSTIC,    22, -4.458275713505e-01, 1.831755419775e-04, 4.1885e+00, 1.0276e-02, 
 2DIAGNOSTIC,    23, -4.456868741814e-01, 9.040593232038e-05, 4.1977e+00, 9.1901e-03, 
 2DIAGNOSTIC,    24, -4.455515407856e-01, 4.054007154619e-05, 4.2166e+00, 1.8972e-02, 
 2DIAGNOSTIC,    25, -4.454075394058e-01, 2.071803317245e-06, 4.2333e+00, 1.6648e-02, 
DIAGNOSTIC,Iteration,metricValue,convergenceValue,ITERATION_TIME_INDEX,SINCE_LAST
 2DIAGNOSTIC,     1, -4.071552553859e-01, 1.797693134862e+308, 8.2411e+00, 4.0078e+00, 
 2DIAGNOSTIC,     2, -4.084677215978e-01, 1.797693134862e+308, 8.2913e+00, 5.0200e-02, 
 2DIAGNOSTIC,     3, -4.099669502413e-01, 1.797693134862e+308, 8.3551e+00, 6.3799e-02, 
 2DIAGNOSTIC,     4, -4.112196052316e-01, 1.797693134862e+308, 8.4235e+00, 6.8483e-02, 
 2DIAGNOSTIC,     5, -4.116611780004e-01, 1.797693134862e+308, 8.4954e+00, 7.1893e-02, 
 2DIAGNOSTIC,     6, -4.116336353598e-01, 1.797693134862e+308, 8.5632e+00, 6.7736e-02, 
 2DIAGNOSTIC,     7, -4.115706792393e-01, 1.797693134862e+308, 8.6346e+00, 7.1411e-02, 
 2DIAGNOSTIC,     8, -4.115701925715e-01, 1.797693134862e+308, 8.7068e+00, 7.2231e-02, 
 2DIAGNOSTIC,     9, -4.115820229257e-01, 1.797693134862e+308, 8.7613e+00, 5.4508e-02, 
 2DIAGNOSTIC,    10, -4.115108340221e-01, 5.818879763537e-04, 8.8403e+00, 7.8969e-02, 
 2DIAGNOSTIC,    11, -4.115364045160e-01, 2.934657137426e-04, 8.9125e+00, 7.2179e-02, 
 2DIAGNOSTIC,    12, -4.114853225944e-01, 9.867415623994e-05, 8.9854e+00, 7.2940e-02, 
 2DIAGNOSTIC,    13, -4.115213462302e-01, 5.317806309732e-06, 9.0355e+00, 5.0122e-02, 
DIAGNOSTIC,Iteration,metricValue,convergenceValue,ITERATION_TIME_INDEX,SINCE_LAST
 2DIAGNOSTIC,     1, -3.313871739418e-01, 1.797693134862e+308, 1.3577e+01, 4.5414e+00, 
 2DIAGNOSTIC,     2, -3.331345915068e-01, 1.797693134862e+308, 1.3943e+01, 3.6606e-01, 
 2DIAGNOSTIC,     3, -3.349914468912e-01, 1.797693134862e+308, 1.4309e+01, 3.6590e-01, 
 2DIAGNOSTIC,     4, -3.367355693602e-01, 1.797693134862e+308, 1.4676e+01, 3.6727e-01, 
 2DIAGNOSTIC,     5, -3.384529792145e-01, 1.797693134862e+308, 1.5043e+01, 3.6663e-01, 
 2DIAGNOSTIC,     6, -3.404810591994e-01, 1.797693134862e+308, 1.5410e+01, 3.6678e-01, 
 2DIAGNOSTIC,     7, -3.428732645326e-01, 1.797693134862e+308, 1.5991e+01, 5.8135e-01, 
 2DIAGNOSTIC,     8, -3.431582739419e-01, 1.797693134862e+308, 1.6672e+01, 6.8091e-01, 
 2DIAGNOSTIC,     9, -3.431890774021e-01, 1.797693134862e+308, 1.7094e+01, 4.2212e-01, 
 2DIAGNOSTIC,    10, -3.432006158103e-01, 2.480797008384e-03, 1.7462e+01, 3.6759e-01, 
 2DIAGNOSTIC,    11, -3.432392397496e-01, 1.861603467448e-03, 1.7817e+01, 3.5578e-01, 
 2DIAGNOSTIC,    12, -3.433024169412e-01, 1.302793968464e-03, 1.8183e+01, 3.6524e-01, 
 2DIAGNOSTIC,    13, -3.433816708036e-01, 8.373755774171e-04, 1.8547e+01, 3.6466e-01, 
 2DIAGNOSTIC,    14, -3.435201732190e-01, 4.763890746442e-04, 1.8912e+01, 3.6515e-01, 
 2DIAGNOSTIC,    15, -3.436946328707e-01, 2.245537480032e-04, 1.9279e+01, 3.6654e-01, 
 2DIAGNOSTIC,    16, -3.439563490473e-01, 1.000184526926e-04, 1.9643e+01, 3.6385e-01, 
 2DIAGNOSTIC,    17, -3.443225612998e-01, 1.159844367609e-04, 2.0005e+01, 3.6256e-01, 
 2DIAGNOSTIC,    18, -3.447826592795e-01, 1.538073890937e-04, 2.0366e+01, 3.6063e-01, 
 2DIAGNOSTIC,    19, -3.451151678184e-01, 1.891561726035e-04, 2.0991e+01, 6.2500e-01, 
 2DIAGNOSTIC,    20, -3.452673040518e-01, 2.102669068429e-04, 2.1409e+01, 4.1838e-01, 
 2DIAGNOSTIC,    21, -3.453037927298e-01, 2.129759801384e-04, 2.1826e+01, 4.1715e-01, 
 2DIAGNOSTIC,    22, -3.453541663052e-01, 1.999775605668e-04, 2.2245e+01, 4.1853e-01, 
 2DIAGNOSTIC,    23, -3.453874789608e-01, 1.733876128012e-04, 2.2610e+01, 3.6522e-01, 
 2DIAGNOSTIC,    24, -3.454063608918e-01, 1.382451990690e-04, 2.3025e+01, 4.1479e-01, 
 2DIAGNOSTIC,    25, -3.454439614280e-01, 1.001720141444e-04, 2.3387e+01, 3.6176e-01, 
 2DIAGNOSTIC,    26, -3.454869454220e-01, 6.544739895060e-05, 2.3750e+01, 3.6313e-01, 
 2DIAGNOSTIC,    27, -3.455512434689e-01, 4.024973270937e-05, 2.4170e+01, 4.2057e-01, 
 2DIAGNOSTIC,    28, -3.455666137396e-01, 2.701708132306e-05, 2.4802e+01, 6.3152e-01, 
 2DIAGNOSTIC,    29, -3.455991140519e-01, 2.262565013913e-05, 2.5164e+01, 3.6242e-01, 
 2DIAGNOSTIC,    30, -3.456082447883e-01, 2.093978429975e-05, 2.5584e+01, 4.1917e-01, 
 2DIAGNOSTIC,    31, -3.455998493556e-01, 1.819523370836e-05, 2.6161e+01, 5.7698e-01, 
 2DIAGNOSTIC,    32, -3.456020357612e-01, 1.534507480568e-05, 2.6578e+01, 4.1759e-01, 
 2DIAGNOSTIC,    33, -3.456032589190e-01, 1.217526668844e-05, 2.6942e+01, 3.6387e-01, 
 2DIAGNOSTIC,    34, -3.456246631892e-01, 9.104064615705e-06, 2.7306e+01, 3.6391e-01, 
 2DIAGNOSTIC,    35, -3.456214891461e-01, 6.224910913379e-06, 2.7668e+01, 3.6170e-01, 
 2DIAGNOSTIC,    36, -3.456259734971e-01, 4.078585213830e-06, 2.8088e+01, 4.1991e-01, 
 2DIAGNOSTIC,    37, -3.456419071910e-01, 3.546887507738e-06, 2.8502e+01, 4.1402e-01, 
 2DIAGNOSTIC,    38, -3.456538568766e-01, 3.349956692624e-06, 2.8923e+01, 4.2144e-01, 
 2DIAGNOSTIC,    39, -3.456504987956e-01, 3.526589549802e-06, 2.9337e+01, 4.1375e-01, 
 2DIAGNOSTIC,    40, -3.456506108485e-01, 3.642902114930e-06, 2.9753e+01, 4.1582e-01, 
 2DIAGNOSTIC,    41, -3.456562241081e-01, 3.432760394679e-06, 3.0224e+01, 4.7110e-01, 
 2DIAGNOSTIC,    42, -3.456501367243e-01, 2.895306809209e-06, 3.0641e+01, 4.1773e-01, 
 2DIAGNOSTIC,    43, -3.456548326510e-01, 2.281810778239e-06, 3.1056e+01, 4.1409e-01, 
 2DIAGNOSTIC,    44, -3.456532721042e-01, 1.927991014630e-06, 3.1474e+01, 4.1868e-01, 
 2DIAGNOSTIC,    45, -3.456538905235e-01, 1.432779362091e-06, 3.2798e+01, 1.3239e+00, 
DIAGNOSTIC,Iteration,metricValue,convergenceValue,ITERATION_TIME_INDEX,SINCE_LAST
 2DIAGNOSTIC,     1, -2.842164999517e-01, 1.797693134862e+308, 3.9456e+01, 6.6581e+00, 
  Elapsed time (stage 1): 4.1106e+01


Total elapsed time: 6.6852e+01
Using double precision for computations.
Input scalar image: /home/ccn30/rds/rds-p00500_encrypt-URQgmO1brZ0/p00500/ENCRYPT_images/27783/T2/N4t2.nii
Reference image: /home/ccn30/rds/rds-p00500_encrypt-URQgmO1brZ0/p00500/ENCRYPT_images/27783/mp2rage/n4mag0000_PSIR_skulled_std.nii
=============================================================================
The composite transform comprises the following transforms (in order): 
  1. inverse of T1xT2_ANTs0GenericAffine.mat (type = AffineTransform)
=============================================================================
Default pixel value: 0
Interpolation type: LinearInterpolateImageFunction
Output warped image: T2xT1Warped_affine.nii.gz
