This is job 28
Time: Thu 16 Sep 12:56:46 BST 2021
Running on master node: cpu-p-38
Current directory: /rds/user/ccn30/hpc-work/WBIC_lustre/ENCRYPT/scripts/Registration/slurmoutputs
Changed directory to /home/ccn30/rds/hpc-work/WBIC_lustre/ENCRYPT/scripts/Registration/slurmoutputs.

JobID: 46502802
======
Time: Thu 16 Sep 12:56:46 BST 2021
Running on master node: cpu-p-38
Current directory: /home/ccn30/rds/hpc-work/WBIC_lustre/ENCRYPT/scripts/Registration/slurmoutputs

Nodes allocated:
================
cpu-p-38

numtasks=, numnodes=, mpi_tasks_per_node= (OMP_NUM_THREADS=1)

Executing command:
==================
/home/ccn30/rds/hpc-work/WBIC_lustre/ENCRYPT/scripts/Registration/coreg_main.sh /home/ccn30/rds/hpc-work/WBIC_lustre/ENCRYPT/ENCRYPT_MasterRIScodes.txt 28 /home/ccn30/rds/rds-p00500_encrypt-URQgmO1brZ0/p00500 /home/ccn30/rds/hpc-work/WBIC_home/ENCRYPT/atlases/magdeburgatlas

******** starting 27643 ********
All_Command_lines_OK
Using double precision for computations.
=============================================================================
The composite transform comprises the following transforms (in order): 
  1. Center of mass alignment using fixed image: /home/ccn30/rds/hpc-work/WBIC_home/ENCRYPT/atlases/magdeburgatlas/template/template.nii.gz and moving image: /home/ccn30/rds/rds-p00500_encrypt-URQgmO1brZ0/p00500/ENCRYPT_images/27643/mp2rage/denoise_n4mag0000_PSIR_skulled_std.nii (type = Euler3DTransform)
=============================================================================
  number of levels = 4
  number of levels = 4
  fixed image: /home/ccn30/rds/hpc-work/WBIC_home/ENCRYPT/atlases/magdeburgatlas/template/template.nii.gz
  moving image: /home/ccn30/rds/rds-p00500_encrypt-URQgmO1brZ0/p00500/ENCRYPT_images/27643/mp2rage/denoise_n4mag0000_PSIR_skulled_std.nii
  fixed image: /home/ccn30/rds/hpc-work/WBIC_home/ENCRYPT/atlases/magdeburgatlas/template/template.nii.gz
  moving image: /home/ccn30/rds/rds-p00500_encrypt-URQgmO1brZ0/p00500/ENCRYPT_images/27643/mp2rage/denoise_n4mag0000_PSIR_skulled_std.nii
Dimension = 3
Number of stages = 2
Use Histogram Matching true
Winsorize image intensities true
Lower quantile = 0.005
Upper quantile = 0.995
Stage 1 State
   Image metric = Mattes
     Fixed image = Image (0x41f4200)
  RTTI typeinfo:   itk::Image<double, 3u>
  Reference Count: 2
  Modified Time: 1698
  Debug: Off
  Object Name: 
  Observers: 
    none
  Source: (none)
  Source output name: (none)
  Release Data: Off
  Data Released: False
  Global Release Data: Off
  PipelineMTime: 0
  UpdateMTime: 1481
  RealTimeStamp: 0 seconds 
  LargestPossibleRegion: 
    Dimension: 3
    Index: [0, 0, 0]
    Size: [384, 301, 288]
  BufferedRegion: 
    Dimension: 3
    Index: [0, 0, 0]
    Size: [384, 301, 288]
  RequestedRegion: 
    Dimension: 3
    Index: [0, 0, 0]
    Size: [384, 301, 288]
  Spacing: [0.598958, 0.598958, 0.599937]
  Origin: [83.4012, -147.626, 85.1783]
  Direction: 
-0 0 -1
1 -0 0
0 -1 0

  IndexToPointMatrix: 
0 0 -0.599937
0.598958 0 0
0 -0.598958 0

  PointToIndexMatrix: 
0 1.66957 0
0 0 -1.66957
-1.66684 0 0

  Inverse Direction: 
0 1 0
0 0 -1
-1 0 0

  PixelContainer: 
    ImportImageContainer (0x41e4dc0)
      RTTI typeinfo:   itk::ImportImageContainer<unsigned long, double>
      Reference Count: 1
      Modified Time: 1478
      Debug: Off
      Object Name: 
      Observers: 
        none
      Pointer: 0x2b04b8a4c010
      Container manages memory: true
      Size: 33288192
      Capacity: 33288192

     Moving image = Image (0x41f83f0)
  RTTI typeinfo:   itk::Image<double, 3u>
  Reference Count: 2
  Modified Time: 1699
  Debug: Off
  Object Name: 
  Observers: 
    none
  Source: (none)
  Source output name: (none)
  Release Data: Off
  Data Released: False
  Global Release Data: Off
  PipelineMTime: 0
  UpdateMTime: 1696
  RealTimeStamp: 0 seconds 
  LargestPossibleRegion: 
    Dimension: 3
    Index: [0, 0, 0]
    Size: [224, 320, 320]
  BufferedRegion: 
    Dimension: 3
    Index: [0, 0, 0]
    Size: [224, 320, 320]
  RequestedRegion: 
    Dimension: 3
    Index: [0, 0, 0]
    Size: [224, 320, 320]
  Spacing: [0.7, 0.7, 0.7]
  Origin: [-77.4308, 77.208, -121.218]
  Direction: 
1 0 0
0 -1 0
0 0 1

  IndexToPointMatrix: 
0.7 0 0
0 -0.7 0
0 0 0.7

  PointToIndexMatrix: 
1.42857 0 0
0 -1.42857 0
0 0 1.42857

  Inverse Direction: 
1 0 0
0 -1 0
0 0 1

  PixelContainer: 
    ImportImageContainer (0x41f86b0)
      RTTI typeinfo:   itk::ImportImageContainer<unsigned long, double>
      Reference Count: 1
      Modified Time: 1693
      Debug: Off
      Object Name: 
      Observers: 
        none
      Pointer: 0x2b04c8845010
      Container manages memory: true
      Size: 22937600
      Capacity: 22937600

     Weighting = 1
     Sampling strategy = regular
     Number of bins = 32
     Radius = 4
     Sampling percentage  = 0.25
   Transform = Rigid
     Gradient step = 0.1
     Update field sigma (voxel space) = 0
     Total field sigma (voxel space) = 0
     Update field time sigma = 0
     Total field time sigma  = 0
     Number of time indices = 0
     Number of time point samples = 0
Stage 2 State
   Image metric = Mattes
     Fixed image = Image (0x4207060)
  RTTI typeinfo:   itk::Image<double, 3u>
  Reference Count: 2
  Modified Time: 2130
  Debug: Off
  Object Name: 
  Observers: 
    none
  Source: (none)
  Source output name: (none)
  Release Data: Off
  Data Released: False
  Global Release Data: Off
  PipelineMTime: 0
  UpdateMTime: 1913
  RealTimeStamp: 0 seconds 
  LargestPossibleRegion: 
    Dimension: 3
    Index: [0, 0, 0]
    Size: [384, 301, 288]
  BufferedRegion: 
    Dimension: 3
    Index: [0, 0, 0]
    Size: [384, 301, 288]
  RequestedRegion: 
    Dimension: 3
    Index: [0, 0, 0]
    Size: [384, 301, 288]
  Spacing: [0.598958, 0.598958, 0.599937]
  Origin: [83.4012, -147.626, 85.1783]
  Direction: 
-0 0 -1
1 -0 0
0 -1 0

  IndexToPointMatrix: 
0 0 -0.599937
0.598958 0 0
0 -0.598958 0

  PointToIndexMatrix: 
0 1.66957 0
0 0 -1.66957
-1.66684 0 0

  Inverse Direction: 
0 1 0
0 0 -1
-1 0 0

  PixelContainer: 
    ImportImageContainer (0x41fb140)
      RTTI typeinfo:   itk::ImportImageContainer<unsigned long, double>
      Reference Count: 1
      Modified Time: 1910
      Debug: Off
      Object Name: 
      Observers: 
        none
      Pointer: 0x2b04d3746010
      Container manages memory: true
      Size: 33288192
      Capacity: 33288192

     Moving image = Image (0x4208e80)
  RTTI typeinfo:   itk::Image<double, 3u>
  Reference Count: 2
  Modified Time: 2131
  Debug: Off
  Object Name: 
  Observers: 
    none
  Source: (none)
  Source output name: (none)
  Release Data: Off
  Data Released: False
  Global Release Data: Off
  PipelineMTime: 0
  UpdateMTime: 2128
  RealTimeStamp: 0 seconds 
  LargestPossibleRegion: 
    Dimension: 3
    Index: [0, 0, 0]
    Size: [224, 320, 320]
  BufferedRegion: 
    Dimension: 3
    Index: [0, 0, 0]
    Size: [224, 320, 320]
  RequestedRegion: 
    Dimension: 3
    Index: [0, 0, 0]
    Size: [224, 320, 320]
  Spacing: [0.7, 0.7, 0.7]
  Origin: [-77.4308, 77.208, -121.218]
  Direction: 
1 0 0
0 -1 0
0 0 1

  IndexToPointMatrix: 
0.7 0 0
0 -0.7 0
0 0 0.7

  PointToIndexMatrix: 
1.42857 0 0
0 -1.42857 0
0 0 1.42857

  Inverse Direction: 
1 0 0
0 -1 0
0 0 1

  PixelContainer: 
    ImportImageContainer (0x4203540)
      RTTI typeinfo:   itk::ImportImageContainer<unsigned long, double>
      Reference Count: 1
      Modified Time: 2125
      Debug: Off
      Object Name: 
      Observers: 
        none
      Pointer: 0x2b04e353f010
      Container manages memory: true
      Size: 22937600
      Capacity: 22937600

     Weighting = 1
     Sampling strategy = regular
     Number of bins = 32
     Radius = 4
     Sampling percentage  = 0.25
   Transform = Affine
     Gradient step = 0.1
     Update field sigma (voxel space) = 0
     Total field sigma (voxel space) = 0
     Update field time sigma = 0
     Total field time sigma  = 0
     Number of time indices = 0
     Number of time point samples = 0
Registration using 2 total stages.

Stage 0
  iterations = 1000x500x250x100
  convergence threshold = 1e-06
  convergence window size = 10
  number of levels = 4
  using the Mattes MI metric (number of bins = 32, weight = 1)
  preprocessing:  winsorizing the image intensities
  preprocessing:  histogram matching the images
  Shrink factors (level 1 out of 4): [8, 8, 8]
  Shrink factors (level 2 out of 4): [4, 4, 4]
  Shrink factors (level 3 out of 4): [2, 2, 2]
  Shrink factors (level 4 out of 4): [1, 1, 1]
  smoothing sigmas per level: [3, 2, 1, 0]
  regular sampling (percentage = 0.25)

*** Running Euler3DTransform registration ***

DIAGNOSTIC,Iteration,metricValue,convergenceValue,ITERATION_TIME_INDEX,SINCE_LAST
 2DIAGNOSTIC,     1, -4.213868031094e-01, 1.797693134862e+308, 2.7625e+00, 2.7625e+00, 
 2DIAGNOSTIC,     2, -4.240178028097e-01, 1.797693134862e+308, 2.8055e+00, 4.2997e-02, 
 2DIAGNOSTIC,     3, -4.275993273962e-01, 1.797693134862e+308, 2.8504e+00, 4.4928e-02, 
 2DIAGNOSTIC,     4, -4.326710066708e-01, 1.797693134862e+308, 2.8933e+00, 4.2910e-02, 
 2DIAGNOSTIC,     5, -4.403944388262e-01, 1.797693134862e+308, 2.9371e+00, 4.3728e-02, 
 2DIAGNOSTIC,     6, -4.548730602424e-01, 1.797693134862e+308, 2.9803e+00, 4.3194e-02, 
 2DIAGNOSTIC,     7, -4.737324898153e-01, 1.797693134862e+308, 3.0238e+00, 4.3516e-02, 
 2DIAGNOSTIC,     8, -5.050764075767e-01, 1.797693134862e+308, 3.0710e+00, 4.7178e-02, 
 2DIAGNOSTIC,     9, -5.201888625979e-01, 1.797693134862e+308, 3.1103e+00, 3.9352e-02, 
 2DIAGNOSTIC,    10, -5.227033765332e-01, 1.606802645942e-02, 3.1577e+00, 4.7406e-02, 
 2DIAGNOSTIC,    11, -5.280255175164e-01, 1.555527991315e-02, 3.2106e+00, 5.2897e-02, 
 2DIAGNOSTIC,    12, -5.337669955052e-01, 1.414871781104e-02, 3.2516e+00, 4.0967e-02, 
 2DIAGNOSTIC,    13, -5.355258359726e-01, 1.193514052670e-02, 3.2942e+00, 4.2664e-02, 
 2DIAGNOSTIC,    14, -5.372176984512e-01, 9.279420778894e-03, 3.3377e+00, 4.3441e-02, 
 2DIAGNOSTIC,    15, -5.385066724494e-01, 6.534816477275e-03, 3.3909e+00, 5.3266e-02, 
 2DIAGNOSTIC,    16, -5.389230880959e-01, 4.111710826090e-03, 3.4390e+00, 4.8040e-02, 
 2DIAGNOSTIC,    17, -5.390124022176e-01, 2.241464224843e-03, 3.4883e+00, 4.9279e-02, 
 2DIAGNOSTIC,    18, -5.406351281381e-01, 1.431449204529e-03, 3.5315e+00, 4.3225e-02, 
 2DIAGNOSTIC,    19, -5.409107533510e-01, 1.044978994721e-03, 3.5804e+00, 4.8923e-02, 
 2DIAGNOSTIC,    20, -5.415627087265e-01, 6.917760597039e-04, 3.6288e+00, 4.8430e-02, 
 2DIAGNOSTIC,    21, -5.422399612930e-01, 4.694607328821e-04, 3.6829e+00, 5.4049e-02, 
 2DIAGNOSTIC,    22, -5.432185650949e-01, 3.970545431129e-04, 3.7371e+00, 5.4248e-02, 
 2DIAGNOSTIC,    23, -5.432203616426e-01, 3.360119813965e-04, 3.7848e+00, 4.7622e-02, 
 2DIAGNOSTIC,    24, -5.432881193297e-01, 2.897656262620e-04, 3.8268e+00, 4.2086e-02, 
 2DIAGNOSTIC,    25, -5.432745815578e-01, 2.493256659817e-04, 3.8703e+00, 4.3429e-02, 
 2DIAGNOSTIC,    26, -5.433204275472e-01, 1.989615480097e-04, 3.9114e+00, 4.1105e-02, 
 2DIAGNOSTIC,    27, -5.434196341798e-01, 1.368015936816e-04, 3.9572e+00, 4.5771e-02, 
 2DIAGNOSTIC,    28, -5.435459103211e-01, 1.013435600736e-04, 4.0025e+00, 4.5360e-02, 
 2DIAGNOSTIC,    29, -5.435277340816e-01, 6.400392609517e-05, 4.0407e+00, 3.8161e-02, 
 2DIAGNOSTIC,    30, -5.437858610085e-01, 4.005139957424e-05, 4.0829e+00, 4.2264e-02, 
 2DIAGNOSTIC,    31, -5.437151990400e-01, 2.424699006800e-05, 4.1354e+00, 5.2472e-02, 
 2DIAGNOSTIC,    32, -5.438976804616e-01, 2.732298809062e-05, 4.1834e+00, 4.8030e-02, 
 2DIAGNOSTIC,    33, -5.435891169844e-01, 2.251080678601e-05, 4.2354e+00, 5.1999e-02, 
 2DIAGNOSTIC,    34, -5.435731721304e-01, 1.697674258788e-05, 4.2774e+00, 4.1915e-02, 
 2DIAGNOSTIC,    35, -5.438085912052e-01, 1.369404685817e-05, 4.3191e+00, 4.1754e-02, 
 2DIAGNOSTIC,    36, -5.439856564640e-01, 1.256800493780e-05, 4.3608e+00, 4.1653e-02, 
 2DIAGNOSTIC,    37, -5.440574131198e-01, 1.286923540136e-05, 4.4087e+00, 4.7959e-02, 
 2DIAGNOSTIC,    38, -5.442378350769e-01, 1.657947904314e-05, 4.4622e+00, 5.3525e-02, 
 2DIAGNOSTIC,    39, -5.441657982895e-01, 1.724868170634e-05, 4.5152e+00, 5.2978e-02, 
 2DIAGNOSTIC,    40, -5.441818500130e-01, 2.005518405141e-05, 4.5627e+00, 4.7509e-02, 
 2DIAGNOSTIC,    41, -5.441909450089e-01, 1.991323026440e-05, 4.6054e+00, 4.2706e-02, 
 2DIAGNOSTIC,    42, -5.445019500671e-01, 2.445560685330e-05, 4.6582e+00, 5.2770e-02, 
 2DIAGNOSTIC,    43, -5.445706589783e-01, 2.342164394685e-05, 4.7057e+00, 4.7456e-02, 
 2DIAGNOSTIC,    44, -5.445632564072e-01, 1.997243208797e-05, 4.7535e+00, 4.7797e-02, 
 2DIAGNOSTIC,    45, -5.444765910497e-01, 1.669582704995e-05, 4.7954e+00, 4.1986e-02, 
 2DIAGNOSTIC,    46, -5.444622501810e-01, 1.396973105061e-05, 4.8444e+00, 4.8953e-02, 
 2DIAGNOSTIC,    47, -5.444492736740e-01, 1.063413106571e-05, 4.8957e+00, 5.1320e-02, 
 2DIAGNOSTIC,    48, -5.444361025881e-01, 8.363959162472e-06, 4.9372e+00, 4.1484e-02, 
 2DIAGNOSTIC,    49, -5.445080319851e-01, 5.507445456531e-06, 4.9895e+00, 5.2261e-02, 
 2DIAGNOSTIC,    50, -5.444962002121e-01, 2.391804810042e-06, 5.0349e+00, 4.5445e-02, 
DIAGNOSTIC,Iteration,metricValue,convergenceValue,ITERATION_TIME_INDEX,SINCE_LAST
 2DIAGNOSTIC,     1, -4.845571271342e-01, 1.797693134862e+308, 8.1907e+00, 3.1558e+00, 
 2DIAGNOSTIC,     2, -4.850697808748e-01, 1.797693134862e+308, 8.4880e+00, 2.9727e-01, 
 2DIAGNOSTIC,     3, -4.853733053545e-01, 1.797693134862e+308, 8.7830e+00, 2.9502e-01, 
 2DIAGNOSTIC,     4, -4.854720471001e-01, 1.797693134862e+308, 9.0734e+00, 2.9044e-01, 
 2DIAGNOSTIC,     5, -4.855830074147e-01, 1.797693134862e+308, 9.3888e+00, 3.1535e-01, 
 2DIAGNOSTIC,     6, -4.859768015462e-01, 1.797693134862e+308, 9.7200e+00, 3.3124e-01, 
 2DIAGNOSTIC,     7, -4.861175944566e-01, 1.797693134862e+308, 1.0052e+01, 3.3230e-01, 
 2DIAGNOSTIC,     8, -4.861992056612e-01, 1.797693134862e+308, 1.0475e+01, 4.2247e-01, 
 2DIAGNOSTIC,     9, -4.862218613169e-01, 1.797693134862e+308, 1.0807e+01, 3.3257e-01, 
 2DIAGNOSTIC,    10, -4.862610102137e-01, 2.171601989198e-04, 1.1153e+01, 3.4603e-01, 
 2DIAGNOSTIC,    11, -4.862701752921e-01, 1.525363198159e-04, 1.1657e+01, 5.0356e-01, 
 2DIAGNOSTIC,    12, -4.862699588977e-01, 1.098086780952e-04, 1.1990e+01, 3.3346e-01, 
 2DIAGNOSTIC,    13, -4.862691944301e-01, 7.777692956738e-05, 1.2328e+01, 3.3731e-01, 
 2DIAGNOSTIC,    14, -4.862681055180e-01, 4.769745218759e-05, 1.2696e+01, 3.6809e-01, 
 2DIAGNOSTIC,    15, -4.862665684072e-01, 2.140020726198e-05, 1.2976e+01, 2.7972e-01, 
 2DIAGNOSTIC,    16, -4.862643273708e-01, 1.083041662503e-05, 1.3321e+01, 3.4532e-01, 
 2DIAGNOSTIC,    17, -4.862641027008e-01, 5.478242725912e-06, 1.3634e+01, 3.1342e-01, 
 2DIAGNOSTIC,    18, -4.862636597069e-01, 3.023592873720e-06, 1.3962e+01, 3.2754e-01, 
 2DIAGNOSTIC,    19, -4.862626316630e-01, 1.345649427394e-06, 1.4317e+01, 3.5507e-01, 
DIAGNOSTIC,Iteration,metricValue,convergenceValue,ITERATION_TIME_INDEX,SINCE_LAST
 2DIAGNOSTIC,     1, -4.243988396331e-01, 1.797693134862e+308, 1.9850e+01, 5.5332e+00, 
 2DIAGNOSTIC,     2, -4.245966570302e-01, 1.797693134862e+308, 2.1898e+01, 2.0482e+00, 
 2DIAGNOSTIC,     3, -4.246679010003e-01, 1.797693134862e+308, 2.4366e+01, 2.4676e+00, 
 2DIAGNOSTIC,     4, -4.246753232827e-01, 1.797693134862e+308, 2.7271e+01, 2.9052e+00, 
 2DIAGNOSTIC,     5, -4.246764829417e-01, 1.797693134862e+308, 3.0628e+01, 3.3567e+00, 
 2DIAGNOSTIC,     6, -4.246767748809e-01, 1.797693134862e+308, 3.3210e+01, 2.5823e+00, 
 2DIAGNOSTIC,     7, -4.246760985586e-01, 1.797693134862e+308, 3.5527e+01, 2.3170e+00, 
 2DIAGNOSTIC,     8, -4.246758280885e-01, 1.797693134862e+308, 3.7854e+01, 2.3272e+00, 
 2DIAGNOSTIC,     9, -4.246753644357e-01, 1.797693134862e+308, 4.0149e+01, 2.2950e+00, 
 2DIAGNOSTIC,    10, -4.246754060489e-01, 2.669338289157e-05, 4.2134e+01, 1.9846e+00, 
 2DIAGNOSTIC,    11, -4.246753458409e-01, 8.055086715641e-06, 4.4989e+01, 2.8548e+00, 
 2DIAGNOSTIC,    12, -4.246752256554e-01, 2.979253218460e-06, 4.7298e+01, 2.3092e+00, 
 2DIAGNOSTIC,    13, -4.246748972761e-01, 2.296349799411e-06, 4.9308e+01, 2.0106e+00, 
 2DIAGNOSTIC,    14, -4.246744189943e-01, 2.055463796127e-06, 5.1635e+01, 2.3264e+00, 
 2DIAGNOSTIC,    15, -4.246743934898e-01, 1.916564158697e-06, 5.3975e+01, 2.3402e+00, 
 2DIAGNOSTIC,    16, -4.246743993355e-01, 1.826190046017e-06, 5.6039e+01, 2.0636e+00, 
 2DIAGNOSTIC,    17, -4.246745175578e-01, 1.739317252260e-06, 5.8428e+01, 2.3890e+00, 
 2DIAGNOSTIC,    18, -4.246746587944e-01, 1.670108972320e-06, 6.1070e+01, 2.6418e+00, 
 2DIAGNOSTIC,    19, -4.246747347693e-01, 1.603641899453e-06, 6.3964e+01, 2.8943e+00, 
 2DIAGNOSTIC,    20, -4.246745587067e-01, 1.545839461568e-06, 6.5991e+01, 2.0270e+00, 
 2DIAGNOSTIC,    21, -4.246742307611e-01, 1.485322233916e-06, 6.8039e+01, 2.0476e+00, 
 2DIAGNOSTIC,    22, -4.246741015766e-01, 1.425754087223e-06, 7.0096e+01, 2.0573e+00, 
 2DIAGNOSTIC,    23, -4.246740177107e-01, 1.361472212670e-06, 7.2128e+01, 2.0319e+00, 
 2DIAGNOSTIC,    24, -4.246740121295e-01, 1.290999133569e-06, 7.4538e+01, 2.4103e+00, 
 2DIAGNOSTIC,    25, -4.246742258982e-01, 1.234560623141e-06, 7.6883e+01, 2.3454e+00, 
 2DIAGNOSTIC,    26, -4.246744348584e-01, 1.191521301749e-06, 7.9189e+01, 2.3060e+00, 
 2DIAGNOSTIC,    27, -4.246743218509e-01, 1.154668366476e-06, 8.1541e+01, 2.3519e+00, 
 2DIAGNOSTIC,    28, -4.246742293138e-01, 1.123865627492e-06, 8.3848e+01, 2.3068e+00, 
 2DIAGNOSTIC,    29, -4.246737402591e-01, 1.086886100711e-06, 8.6518e+01, 2.6697e+00, 
 2DIAGNOSTIC,    30, -4.246730560625e-01, 1.034423583089e-06, 8.9253e+01, 2.7348e+00, 
DIAGNOSTIC,Iteration,metricValue,convergenceValue,ITERATION_TIME_INDEX,SINCE_LAST
 2DIAGNOSTIC,     1, -3.792494197069e-01, 1.797693134862e+308, 1.0914e+02, 1.9886e+01, 
 2DIAGNOSTIC,     2, -3.793929451973e-01, 1.797693134862e+308, 1.2691e+02, 1.7774e+01, 
 2DIAGNOSTIC,     3, -3.794337332224e-01, 1.797693134862e+308, 1.4388e+02, 1.6964e+01, 
 2DIAGNOSTIC,     4, -3.794315979863e-01, 1.797693134862e+308, 1.6732e+02, 2.3449e+01, 
 2DIAGNOSTIC,     5, -3.794307771003e-01, 1.797693134862e+308, 1.9207e+02, 2.4744e+01, 
 2DIAGNOSTIC,     6, -3.794307055943e-01, 1.797693134862e+308, 2.1502e+02, 2.2952e+01, 
 2DIAGNOSTIC,     7, -3.794307358197e-01, 1.797693134862e+308, 2.3989e+02, 2.4873e+01, 
 2DIAGNOSTIC,     8, -3.794307290975e-01, 1.797693134862e+308, 2.5975e+02, 1.9855e+01, 
 2DIAGNOSTIC,     9, -3.794307141284e-01, 1.797693134862e+308, 2.8015e+02, 2.0398e+01, 
 2DIAGNOSTIC,    10, -3.794307194749e-01, 1.904437335842e-05, 2.9483e+02, 1.4681e+01, 
 2DIAGNOSTIC,    11, -3.794307038956e-01, 5.240542842164e-06, 3.1044e+02, 1.5616e+01, 
 2DIAGNOSTIC,    12, -3.794306635700e-01, 2.408235175499e-06, 3.2841e+02, 1.7962e+01, 
 2DIAGNOSTIC,    13, -3.794306087256e-01, 2.383656415805e-06, 3.4394e+02, 1.5532e+01, 
 2DIAGNOSTIC,    14, -3.794306186844e-01, 2.255928895634e-06, 3.5991e+02, 1.5973e+01, 
 2DIAGNOSTIC,    15, -3.794306365622e-01, 2.106655972681e-06, 3.7819e+02, 1.8278e+01, 
 2DIAGNOSTIC,    16, -3.794305878529e-01, 1.971608967880e-06, 3.9574e+02, 1.7550e+01, 
 2DIAGNOSTIC,    17, -3.794306012017e-01, 1.856020894017e-06, 4.1835e+02, 2.2616e+01, 
 2DIAGNOSTIC,    18, -3.794306338143e-01, 1.755784136900e-06, 4.3672e+02, 1.8364e+01, 
 2DIAGNOSTIC,    19, -3.794306150841e-01, 1.665732798091e-06, 4.5429e+02, 1.7575e+01, 
 2DIAGNOSTIC,    20, -3.794305716181e-01, 1.584053371750e-06, 4.6876e+02, 1.4470e+01, 
 2DIAGNOSTIC,    21, -3.794301495205e-01, 1.495250223055e-06, 4.8676e+02, 1.7999e+01, 
 2DIAGNOSTIC,    22, -3.794301688289e-01, 1.416074547685e-06, 5.0459e+02, 1.7823e+01, 
 2DIAGNOSTIC,    23, -3.794301097981e-01, 1.342617697589e-06, 5.2041e+02, 1.5822e+01, 
 2DIAGNOSTIC,    24, -3.794301470291e-01, 1.280376235563e-06, 5.3807e+02, 1.7659e+01, 
 2DIAGNOSTIC,    25, -3.794301550387e-01, 1.228212325045e-06, 5.5350e+02, 1.5438e+01, 
 2DIAGNOSTIC,    26, -3.794301687580e-01, 1.183389085106e-06, 5.6913e+02, 1.5624e+01, 
 2DIAGNOSTIC,    27, -3.794302184264e-01, 1.147408923173e-06, 5.9094e+02, 2.1812e+01, 
 2DIAGNOSTIC,    28, -3.794298787653e-01, 1.108493399272e-06, 6.0806e+02, 1.7118e+01, 
 2DIAGNOSTIC,    29, -3.794298606732e-01, 1.074086698964e-06, 6.2360e+02, 1.5537e+01, 
 2DIAGNOSTIC,    30, -3.794298279264e-01, 1.042436215369e-06, 6.4140e+02, 1.7807e+01, 
 2DIAGNOSTIC,    31, -3.794298270988e-01, 1.004160998241e-06, 6.5621e+02, 1.4805e+01, 
  Elapsed time (stage 0): 6.6631e+02


Stage 1
  iterations = 1000x500x250x100
  convergence threshold = 1.0000e-06
  convergence window size = 10
  number of levels = 4
  using the Mattes MI metric (number of bins = 32, weight = 1.0000e+00)
  preprocessing:  winsorizing the image intensities
  preprocessing:  histogram matching the images
  Shrink factors (level 1 out of 4): [8, 8, 8]
  Shrink factors (level 2 out of 4): [4, 4, 4]
  Shrink factors (level 3 out of 4): [2, 2, 2]
  Shrink factors (level 4 out of 4): [1, 1, 1]
  smoothing sigmas per level: [3, 2, 1, 0]
  regular sampling (percentage = 2.5000e-01)

*** Running AffineTransform registration ***

DIAGNOSTIC,Iteration,metricValue,convergenceValue,ITERATION_TIME_INDEX,SINCE_LAST
 2DIAGNOSTIC,     1, -5.436304514595e-01, 1.797693134862e+308, 2.9173e+00, 2.9173e+00, 
 2DIAGNOSTIC,     2, -5.446206538939e-01, 1.797693134862e+308, 2.9622e+00, 4.4870e-02, 
 2DIAGNOSTIC,     3, -5.459368047727e-01, 1.797693134862e+308, 3.0071e+00, 4.4918e-02, 
 2DIAGNOSTIC,     4, -5.480879192419e-01, 1.797693134862e+308, 3.0486e+00, 4.1551e-02, 
 2DIAGNOSTIC,     5, -5.508014227551e-01, 1.797693134862e+308, 3.0908e+00, 4.2169e-02, 
 2DIAGNOSTIC,     6, -5.542187182510e-01, 1.797693134862e+308, 3.1343e+00, 4.3473e-02, 
 2DIAGNOSTIC,     7, -5.596952606156e-01, 1.797693134862e+308, 3.1783e+00, 4.3996e-02, 
 2DIAGNOSTIC,     8, -5.647231201751e-01, 1.797693134862e+308, 3.2274e+00, 4.9140e-02, 
 2DIAGNOSTIC,     9, -5.704997245281e-01, 1.797693134862e+308, 3.2878e+00, 6.0355e-02, 
 2DIAGNOSTIC,    10, -5.714204492079e-01, 3.563536947856e-03, 3.3286e+00, 4.0789e-02, 
 2DIAGNOSTIC,    11, -5.730647645756e-01, 3.428572213920e-03, 3.3721e+00, 4.3502e-02, 
 2DIAGNOSTIC,    12, -5.742734079339e-01, 3.101575043719e-03, 3.4173e+00, 4.5180e-02, 
 2DIAGNOSTIC,    13, -5.751409804602e-01, 2.628093354283e-03, 3.4673e+00, 5.0058e-02, 
 2DIAGNOSTIC,    14, -5.759865994570e-01, 2.092396259208e-03, 3.5591e+00, 9.1797e-02, 
 2DIAGNOSTIC,    15, -5.759990223419e-01, 1.531795349853e-03, 3.6090e+00, 4.9852e-02, 
 2DIAGNOSTIC,    16, -5.760075651281e-01, 1.010561773902e-03, 3.6527e+00, 4.3710e-02, 
 2DIAGNOSTIC,    17, -5.760140454193e-01, 6.197066591968e-04, 3.7069e+00, 5.4280e-02, 
 2DIAGNOSTIC,    18, -5.760296626411e-01, 3.531237641121e-04, 3.7544e+00, 4.7436e-02, 
 2DIAGNOSTIC,    19, -5.760277134905e-01, 2.354390236702e-04, 3.7976e+00, 4.3169e-02, 
 2DIAGNOSTIC,    20, -5.760508150046e-01, 1.312262810490e-04, 3.8422e+00, 4.4607e-02, 
 2DIAGNOSTIC,    21, -5.760973337023e-01, 6.522465860495e-05, 3.8859e+00, 4.3728e-02, 
 2DIAGNOSTIC,    22, -5.761793367482e-01, 2.846347778137e-05, 3.9302e+00, 4.4311e-02, 
 2DIAGNOSTIC,    23, -5.762910313973e-01, 1.321751461657e-05, 3.9734e+00, 4.3237e-02, 
 2DIAGNOSTIC,    24, -5.763693041423e-01, 1.740886783949e-05, 4.0159e+00, 4.2433e-02, 
 2DIAGNOSTIC,    25, -5.765476558825e-01, 2.357256388361e-05, 4.0557e+00, 3.9831e-02, 
 2DIAGNOSTIC,    26, -5.767602113398e-01, 3.134731584412e-05, 4.0942e+00, 3.8527e-02, 
 2DIAGNOSTIC,    27, -5.771004857971e-01, 4.203782597549e-05, 4.1375e+00, 4.3245e-02, 
 2DIAGNOSTIC,    28, -5.778166401899e-01, 6.106219382891e-05, 4.1813e+00, 4.3806e-02, 
 2DIAGNOSTIC,    29, -5.782848697797e-01, 8.088588601961e-05, 4.2449e+00, 6.3579e-02, 
 2DIAGNOSTIC,    30, -5.784165161094e-01, 9.437212950685e-05, 4.3097e+00, 6.4887e-02, 
 2DIAGNOSTIC,    31, -5.784303859933e-01, 9.925327590287e-05, 4.3596e+00, 4.9814e-02, 
 2DIAGNOSTIC,    32, -5.784297739210e-01, 9.579511284205e-05, 4.4072e+00, 4.7682e-02, 
 2DIAGNOSTIC,    33, -5.783986548051e-01, 8.463824837329e-05, 4.4570e+00, 4.9711e-02, 
 2DIAGNOSTIC,    34, -5.783980941368e-01, 6.724445728222e-05, 4.5054e+00, 4.8466e-02, 
 2DIAGNOSTIC,    35, -5.783798221998e-01, 4.691482143945e-05, 4.5495e+00, 4.4042e-02, 
 2DIAGNOSTIC,    36, -5.784007726718e-01, 2.666717337939e-05, 4.5984e+00, 4.8976e-02, 
 2DIAGNOSTIC,    37, -5.784082686551e-01, 9.573105668074e-06, 4.6448e+00, 4.6388e-02, 
 2DIAGNOSTIC,    38, -5.784087271216e-01, 1.796348477766e-06, 4.6911e+00, 4.6255e-02, 
DIAGNOSTIC,Iteration,metricValue,convergenceValue,ITERATION_TIME_INDEX,SINCE_LAST
 2DIAGNOSTIC,     1, -5.116933428401e-01, 1.797693134862e+308, 7.9803e+00, 3.2892e+00, 
 2DIAGNOSTIC,     2, -5.123835282798e-01, 1.797693134862e+308, 8.3182e+00, 3.3792e-01, 
 2DIAGNOSTIC,     3, -5.132404660101e-01, 1.797693134862e+308, 8.6454e+00, 3.2721e-01, 
 2DIAGNOSTIC,     4, -5.139982632750e-01, 1.797693134862e+308, 8.9667e+00, 3.2129e-01, 
 2DIAGNOSTIC,     5, -5.146163535028e-01, 1.797693134862e+308, 9.2846e+00, 3.1787e-01, 
 2DIAGNOSTIC,     6, -5.149775064681e-01, 1.797693134862e+308, 9.6503e+00, 3.6568e-01, 
 2DIAGNOSTIC,     7, -5.151813061088e-01, 1.797693134862e+308, 1.0311e+01, 6.6085e-01, 
 2DIAGNOSTIC,     8, -5.151820949376e-01, 1.797693134862e+308, 1.0646e+01, 3.3495e-01, 
 2DIAGNOSTIC,     9, -5.151852706216e-01, 1.797693134862e+308, 1.0956e+01, 3.0966e-01, 
 2DIAGNOSTIC,    10, -5.151921552299e-01, 4.410592073848e-04, 1.1276e+01, 3.2074e-01, 
 2DIAGNOSTIC,    11, -5.152044587327e-01, 2.871188059245e-04, 1.1585e+01, 3.0881e-01, 
 2DIAGNOSTIC,    12, -5.152225965532e-01, 1.655364280999e-04, 1.1906e+01, 3.2071e-01, 
 2DIAGNOSTIC,    13, -5.152410774382e-01, 8.478775744027e-05, 1.2223e+01, 3.1653e-01, 
 2DIAGNOSTIC,    14, -5.152733819840e-01, 3.888710518563e-05, 1.2536e+01, 3.1309e-01, 
 2DIAGNOSTIC,    15, -5.153263518494e-01, 2.017312782134e-05, 1.2894e+01, 3.5843e-01, 
 2DIAGNOSTIC,    16, -5.153707543910e-01, 1.590784277364e-05, 1.3249e+01, 3.5512e-01, 
 2DIAGNOSTIC,    17, -5.153955536854e-01, 1.827724581942e-05, 1.3610e+01, 3.6101e-01, 
 2DIAGNOSTIC,    18, -5.154244952439e-01, 1.979141918464e-05, 1.3919e+01, 3.0861e-01, 
 2DIAGNOSTIC,    19, -5.154807480437e-01, 2.119217478502e-05, 1.4281e+01, 3.6238e-01, 
 2DIAGNOSTIC,    20, -5.155643510278e-01, 2.308542502207e-05, 1.4588e+01, 3.0725e-01, 
 2DIAGNOSTIC,    21, -5.156788509393e-01, 2.607527978379e-05, 1.5074e+01, 4.8545e-01, 
 2DIAGNOSTIC,    22, -5.156720081450e-01, 2.675037291133e-05, 1.5390e+01, 3.1638e-01, 
 2DIAGNOSTIC,    23, -5.156980821353e-01, 2.613065318626e-05, 1.5835e+01, 4.4475e-01, 
 2DIAGNOSTIC,    24, -5.157663819784e-01, 2.553568378921e-05, 1.6246e+01, 4.1087e-01, 
 2DIAGNOSTIC,    25, -5.157215263349e-01, 2.279952048888e-05, 1.6686e+01, 4.3987e-01, 
 2DIAGNOSTIC,    26, -5.157186938589e-01, 1.915051579876e-05, 1.7035e+01, 3.4881e-01, 
 2DIAGNOSTIC,    27, -5.157189170010e-01, 1.462497199355e-05, 1.7418e+01, 3.8378e-01, 
 2DIAGNOSTIC,    28, -5.157156371870e-01, 9.657197659198e-06, 1.7781e+01, 3.6279e-01, 
 2DIAGNOSTIC,    29, -5.157147004408e-01, 5.239355245858e-06, 1.8090e+01, 3.0873e-01, 
 2DIAGNOSTIC,    30, -5.157145563269e-01, 2.215026098658e-06, 1.8404e+01, 3.1420e-01, 
 2DIAGNOSTIC,    31, -5.157159092224e-01, 1.370587418614e-06, 1.8804e+01, 4.0004e-01, 
DIAGNOSTIC,Iteration,metricValue,convergenceValue,ITERATION_TIME_INDEX,SINCE_LAST
 2DIAGNOSTIC,     1, -4.546400068420e-01, 1.797693134862e+308, 2.4978e+01, 6.1740e+00, 
 2DIAGNOSTIC,     2, -4.550851865004e-01, 1.797693134862e+308, 2.7370e+01, 2.3924e+00, 
 2DIAGNOSTIC,     3, -4.553989185211e-01, 1.797693134862e+308, 2.9734e+01, 2.3637e+00, 
 2DIAGNOSTIC,     4, -4.554975066018e-01, 1.797693134862e+308, 3.2261e+01, 2.5272e+00, 
 2DIAGNOSTIC,     5, -4.555498929975e-01, 1.797693134862e+308, 3.5218e+01, 2.9565e+00, 
 2DIAGNOSTIC,     6, -4.555574457459e-01, 1.797693134862e+308, 3.7904e+01, 2.6858e+00, 
 2DIAGNOSTIC,     7, -4.555632858755e-01, 1.797693134862e+308, 4.1212e+01, 3.3084e+00, 
 2DIAGNOSTIC,     8, -4.555608036747e-01, 1.797693134862e+308, 4.4006e+01, 2.7941e+00, 
 2DIAGNOSTIC,     9, -4.555587866826e-01, 1.797693134862e+308, 4.6615e+01, 2.6091e+00, 
 2DIAGNOSTIC,    10, -4.555591075309e-01, 9.545006967474e-05, 5.1853e+01, 5.2380e+00, 
 2DIAGNOSTIC,    11, -4.555592376185e-01, 4.051141661147e-05, 5.4616e+01, 2.7629e+00, 
 2DIAGNOSTIC,    12, -4.555590067344e-01, 1.412892487168e-05, 5.7227e+01, 2.6106e+00, 
 2DIAGNOSTIC,    13, -4.555589397822e-01, 5.729533481963e-06, 5.9875e+01, 2.6486e+00, 
 2DIAGNOSTIC,    14, -4.555588731057e-01, 2.566994695696e-06, 6.2304e+01, 2.4286e+00, 
 2DIAGNOSTIC,    15, -4.555588850993e-01, 1.971397518369e-06, 6.5882e+01, 3.5784e+00, 
 2DIAGNOSTIC,    16, -4.555589184906e-01, 1.750695685171e-06, 6.8461e+01, 2.5783e+00, 
 2DIAGNOSTIC,    17, -4.555587714927e-01, 1.788811781686e-06, 7.0846e+01, 2.3853e+00, 
 2DIAGNOSTIC,    18, -4.555586307906e-01, 1.741867541913e-06, 7.3484e+01, 2.6378e+00, 
 2DIAGNOSTIC,    19, -4.555584795401e-01, 1.630800182013e-06, 7.5919e+01, 2.4346e+00, 
 2DIAGNOSTIC,    20, -4.555583483624e-01, 1.540589334693e-06, 7.8213e+01, 2.2944e+00, 
 2DIAGNOSTIC,    21, -4.555584315730e-01, 1.470112488598e-06, 8.0524e+01, 2.3110e+00, 
 2DIAGNOSTIC,    22, -4.555585728504e-01, 1.407631083666e-06, 8.3152e+01, 2.6285e+00, 
 2DIAGNOSTIC,    23, -4.555587405217e-01, 1.356943644969e-06, 8.6110e+01, 2.9578e+00, 
 2DIAGNOSTIC,    24, -4.555586268993e-01, 1.308246585299e-06, 8.8792e+01, 2.6813e+00, 
 2DIAGNOSTIC,    25, -4.555583612584e-01, 1.258871016450e-06, 9.1138e+01, 2.3463e+00, 
 2DIAGNOSTIC,    26, -4.555583413676e-01, 1.215088861348e-06, 9.4463e+01, 3.3253e+00, 
 2DIAGNOSTIC,    27, -4.555583810009e-01, 1.172694284783e-06, 9.7141e+01, 2.6775e+00, 
 2DIAGNOSTIC,    28, -4.555581561013e-01, 1.125609408383e-06, 9.9475e+01, 2.3344e+00, 
 2DIAGNOSTIC,    29, -4.555581726633e-01, 1.080218532165e-06, 1.0179e+02, 2.3168e+00, 
 2DIAGNOSTIC,    30, -4.555581929929e-01, 1.037231470859e-06, 1.0465e+02, 2.8593e+00, 
 2DIAGNOSTIC,    31, -4.555582572993e-01, 1.002049701243e-06, 1.0683e+02, 2.1830e+00, 
DIAGNOSTIC,Iteration,metricValue,convergenceValue,ITERATION_TIME_INDEX,SINCE_LAST
 2DIAGNOSTIC,     1, -4.085173293788e-01, 1.797693134862e+308, 1.2830e+02, 2.1471e+01, 
 2DIAGNOSTIC,     2, -4.087562541470e-01, 1.797693134862e+308, 1.4486e+02, 1.6559e+01, 
 2DIAGNOSTIC,     3, -4.088891441682e-01, 1.797693134862e+308, 1.6360e+02, 1.8734e+01, 
 2DIAGNOSTIC,     4, -4.089130927558e-01, 1.797693134862e+308, 1.8244e+02, 1.8846e+01, 
 2DIAGNOSTIC,     5, -4.089297287167e-01, 1.797693134862e+308, 2.0168e+02, 1.9240e+01, 
 2DIAGNOSTIC,     6, -4.089383400733e-01, 1.797693134862e+308, 2.2067e+02, 1.8984e+01, 
 2DIAGNOSTIC,     7, -4.089412889718e-01, 1.797693134862e+308, 2.3936e+02, 1.8688e+01, 
 2DIAGNOSTIC,     8, -4.089401710925e-01, 1.797693134862e+308, 2.6070e+02, 2.1349e+01, 
 2DIAGNOSTIC,     9, -4.089406487283e-01, 1.797693134862e+308, 2.8184e+02, 2.1135e+01, 
 2DIAGNOSTIC,    10, -4.089399054534e-01, 4.725600579114e-05, 2.9991e+02, 1.8067e+01, 
 2DIAGNOSTIC,    11, -4.089396750325e-01, 1.884635616781e-05, 3.2587e+02, 2.5961e+01, 
 2DIAGNOSTIC,    12, -4.089397975276e-01, 7.395947179176e-06, 3.4935e+02, 2.3478e+01, 
 2DIAGNOSTIC,    13, -4.089396907993e-01, 4.359470257162e-06, 3.7332e+02, 2.3972e+01, 
 2DIAGNOSTIC,    14, -4.089396960757e-01, 2.756256480649e-06, 3.9651e+02, 2.3195e+01, 
 2DIAGNOSTIC,    15, -4.089396906807e-01, 2.083208248474e-06, 4.1502e+02, 1.8506e+01, 
 2DIAGNOSTIC,    16, -4.089396809910e-01, 1.867710180903e-06, 4.3390e+02, 1.8881e+01, 
 2DIAGNOSTIC,    17, -4.089396422126e-01, 1.808685381646e-06, 4.5210e+02, 1.8200e+01, 
 2DIAGNOSTIC,    18, -4.089396318423e-01, 1.717508248213e-06, 4.6882e+02, 1.6722e+01, 
 2DIAGNOSTIC,    19, -4.089396160362e-01, 1.658197417355e-06, 4.8587e+02, 1.7051e+01, 
 2DIAGNOSTIC,    20, -4.089395543900e-01, 1.578560239975e-06, 5.0266e+02, 1.6792e+01, 
 2DIAGNOSTIC,    21, -4.089395422899e-01, 1.499507061131e-06, 5.1909e+02, 1.6430e+01, 
 2DIAGNOSTIC,    22, -4.089395434208e-01, 1.433080455492e-06, 5.3767e+02, 1.8575e+01, 
 2DIAGNOSTIC,    23, -4.089395424007e-01, 1.370349152235e-06, 5.5704e+02, 1.9374e+01, 
 2DIAGNOSTIC,    24, -4.089395268811e-01, 1.313742214321e-06, 5.7420e+02, 1.7156e+01, 
 2DIAGNOSTIC,    25, -4.089395127159e-01, 1.262259388887e-06, 5.9156e+02, 1.7358e+01, 
 2DIAGNOSTIC,    26, -4.089395001909e-01, 1.215141143811e-06, 6.0863e+02, 1.7075e+01, 
 2DIAGNOSTIC,    27, -4.089394927757e-01, 1.171091097298e-06, 6.2593e+02, 1.7302e+01, 
 2DIAGNOSTIC,    28, -4.089394894337e-01, 1.130505042420e-06, 6.3965e+02, 1.3712e+01, 
 2DIAGNOSTIC,    29, -4.089394831583e-01, 1.092763077290e-06, 6.5731e+02, 1.7663e+01, 
 2DIAGNOSTIC,    30, -4.089394592317e-01, 1.055967849890e-06, 6.7504e+02, 1.7728e+01, 
 2DIAGNOSTIC,    31, -4.089394805570e-01, 1.022184358886e-06, 6.9141e+02, 1.6376e+01, 
  Elapsed time (stage 1): 7.0211e+02


Total elapsed time: 1.3684e+03

--------------------------------------------------------------------------------------
 Mapping parameters
--------------------------------------------------------------------------------------
 ANTSPATH is /usr/local/software/spack/spack-git/opt/spack/linux-rhel7-broadwell/gcc-5/ants-2.3.4-lj6vm7ccmij4yywr4ynrttcko4aoflqt/bin

 Dimensionality:           3
 Output name prefix:       T1xT2_ANTs
 Fixed images:             /home/ccn30/rds/rds-p00500_encrypt-URQgmO1brZ0/p00500/ENCRYPT_images/27643/T2/N4t2.nii
 Moving images:            /home/ccn30/rds/rds-p00500_encrypt-URQgmO1brZ0/p00500/ENCRYPT_images/27643/mp2rage/n4mag0000_PSIR_skulled_std.nii
 Mask images:              
 Initial transforms:       
 Number of threads:        1
 Spline distance:          26
 Transform type:           a
 MI histogram bins:        32
 Precision:                d
 Use histogram matching    0
======================================================================================
 antsRegistration call:
--------------------------------------------------------------------------------------
/usr/local/software/spack/spack-git/opt/spack/linux-rhel7-broadwell/gcc-5/ants-2.3.4-lj6vm7ccmij4yywr4ynrttcko4aoflqt/bin/antsRegistration --verbose 1 --dimensionality 3 --float 0 --collapse-output-transforms 1 --output [ T1xT2_ANTs,T1xT2_ANTsWarped.nii.gz,T1xT2_ANTsInverseWarped.nii.gz ] --interpolation Linear --use-histogram-matching 0 --winsorize-image-intensities [ 0.005,0.995 ] --initial-moving-transform [ /home/ccn30/rds/rds-p00500_encrypt-URQgmO1brZ0/p00500/ENCRYPT_images/27643/T2/N4t2.nii,/home/ccn30/rds/rds-p00500_encrypt-URQgmO1brZ0/p00500/ENCRYPT_images/27643/mp2rage/n4mag0000_PSIR_skulled_std.nii,1 ] --transform Rigid[ 0.1 ] --metric MI[ /home/ccn30/rds/rds-p00500_encrypt-URQgmO1brZ0/p00500/ENCRYPT_images/27643/T2/N4t2.nii,/home/ccn30/rds/rds-p00500_encrypt-URQgmO1brZ0/p00500/ENCRYPT_images/27643/mp2rage/n4mag0000_PSIR_skulled_std.nii,1,32,Regular,0.25 ] --convergence [ 1000x500x250x0,1e-6,10 ] --shrink-factors 12x8x4x2 --smoothing-sigmas 4x3x2x1vox --transform Affine[ 0.1 ] --metric MI[ /home/ccn30/rds/rds-p00500_encrypt-URQgmO1brZ0/p00500/ENCRYPT_images/27643/T2/N4t2.nii,/home/ccn30/rds/rds-p00500_encrypt-URQgmO1brZ0/p00500/ENCRYPT_images/27643/mp2rage/n4mag0000_PSIR_skulled_std.nii,1,32,Regular,0.25 ] --convergence [ 1000x500x250x0,1e-6,10 ] --shrink-factors 12x8x4x2 --smoothing-sigmas 4x3x2x1vox
--------------------------------------------------------------------------------------
All_Command_lines_OK
Using double precision for computations.
=============================================================================
The composite transform comprises the following transforms (in order): 
  1. Center of mass alignment using fixed image: /home/ccn30/rds/rds-p00500_encrypt-URQgmO1brZ0/p00500/ENCRYPT_images/27643/T2/N4t2.nii and moving image: /home/ccn30/rds/rds-p00500_encrypt-URQgmO1brZ0/p00500/ENCRYPT_images/27643/mp2rage/n4mag0000_PSIR_skulled_std.nii (type = Euler3DTransform)
=============================================================================
  number of levels = 4
  number of levels = 4
  fixed image: /home/ccn30/rds/rds-p00500_encrypt-URQgmO1brZ0/p00500/ENCRYPT_images/27643/T2/N4t2.nii
  moving image: /home/ccn30/rds/rds-p00500_encrypt-URQgmO1brZ0/p00500/ENCRYPT_images/27643/mp2rage/n4mag0000_PSIR_skulled_std.nii
  fixed image: /home/ccn30/rds/rds-p00500_encrypt-URQgmO1brZ0/p00500/ENCRYPT_images/27643/T2/N4t2.nii
  moving image: /home/ccn30/rds/rds-p00500_encrypt-URQgmO1brZ0/p00500/ENCRYPT_images/27643/mp2rage/n4mag0000_PSIR_skulled_std.nii
Dimension = 3
Number of stages = 2
Use Histogram Matching false
Winsorize image intensities true
Lower quantile = 0.005
Upper quantile = 0.995
Stage 1 State
   Image metric = Mattes
     Fixed image = Image (0x3ffb010)
  RTTI typeinfo:   itk::Image<double, 3u>
  Reference Count: 2
  Modified Time: 1709
  Debug: Off
  Object Name: 
  Observers: 
    none
  Source: (none)
  Source output name: (none)
  Release Data: Off
  Data Released: False
  Global Release Data: Off
  PipelineMTime: 0
  UpdateMTime: 1492
  RealTimeStamp: 0 seconds 
  LargestPossibleRegion: 
    Dimension: 3
    Index: [0, 0, 0]
    Size: [512, 512, 54]
  BufferedRegion: 
    Dimension: 3
    Index: [0, 0, 0]
    Size: [512, 512, 54]
  RequestedRegion: 
    Dimension: 3
    Index: [0, 0, 0]
    Size: [512, 512, 54]
  Spacing: [0.4375, 0.4375, 1.1]
  Origin: [-111.901, -27.6152, -128.704]
  Direction: 
0.999743 0.00529977 -0.022056
0.0226838 -0.233385 0.97212
-4.46654e-06 0.97237 0.233445

  IndexToPointMatrix: 
0.437387 0.00231865 -0.0242616
0.00992417 -0.102106 1.06933
-1.95411e-06 0.425412 0.25679

  PointToIndexMatrix: 
2.28513 0.0518487 -1.021e-05
0.0121138 -0.533452 2.22256
-0.0200509 0.883745 0.212223

  Inverse Direction: 
0.999743 0.0226838 -4.46687e-06
0.00529977 -0.233385 0.97237
-0.022056 0.97212 0.233445

  PixelContainer: 
    ImportImageContainer (0x3ff5980)
      RTTI typeinfo:   itk::ImportImageContainer<unsigned long, double>
      Reference Count: 1
      Modified Time: 1489
      Debug: Off
      Object Name: 
      Observers: 
        none
      Pointer: 0x2b629d16b010
      Container manages memory: true
      Size: 14155776
      Capacity: 14155776

     Moving image = Image (0x3ff8b30)
  RTTI typeinfo:   itk::Image<double, 3u>
  Reference Count: 2
  Modified Time: 1710
  Debug: Off
  Object Name: 
  Observers: 
    none
  Source: (none)
  Source output name: (none)
  Release Data: Off
  Data Released: False
  Global Release Data: Off
  PipelineMTime: 0
  UpdateMTime: 1707
  RealTimeStamp: 0 seconds 
  LargestPossibleRegion: 
    Dimension: 3
    Index: [0, 0, 0]
    Size: [224, 320, 320]
  BufferedRegion: 
    Dimension: 3
    Index: [0, 0, 0]
    Size: [224, 320, 320]
  RequestedRegion: 
    Dimension: 3
    Index: [0, 0, 0]
    Size: [224, 320, 320]
  Spacing: [0.7, 0.7, 0.7]
  Origin: [-77.4308, 77.208, -121.218]
  Direction: 
1 0 0
0 -1 0
0 0 1

  IndexToPointMatrix: 
0.7 0 0
0 -0.7 0
0 0 0.7

  PointToIndexMatrix: 
1.42857 0 0
0 -1.42857 0
0 0 1.42857

  Inverse Direction: 
1 0 0
0 -1 0
0 0 1

  PixelContainer: 
    ImportImageContainer (0x3ff5780)
      RTTI typeinfo:   itk::ImportImageContainer<unsigned long, double>
      Reference Count: 1
      Modified Time: 1704
      Debug: Off
      Object Name: 
      Observers: 
        none
      Pointer: 0x2b62a3d6c010
      Container manages memory: true
      Size: 22937600
      Capacity: 22937600

     Weighting = 1
     Sampling strategy = regular
     Number of bins = 32
     Radius = 4
     Sampling percentage  = 0.25
   Transform = Rigid
     Gradient step = 0.1
     Update field sigma (voxel space) = 0
     Total field sigma (voxel space) = 0
     Update field time sigma = 0
     Total field time sigma  = 0
     Number of time indices = 0
     Number of time point samples = 0
Stage 2 State
   Image metric = Mattes
     Fixed image = Image (0x400a500)
  RTTI typeinfo:   itk::Image<double, 3u>
  Reference Count: 2
  Modified Time: 2141
  Debug: Off
  Object Name: 
  Observers: 
    none
  Source: (none)
  Source output name: (none)
  Release Data: Off
  Data Released: False
  Global Release Data: Off
  PipelineMTime: 0
  UpdateMTime: 1924
  RealTimeStamp: 0 seconds 
  LargestPossibleRegion: 
    Dimension: 3
    Index: [0, 0, 0]
    Size: [512, 512, 54]
  BufferedRegion: 
    Dimension: 3
    Index: [0, 0, 0]
    Size: [512, 512, 54]
  RequestedRegion: 
    Dimension: 3
    Index: [0, 0, 0]
    Size: [512, 512, 54]
  Spacing: [0.4375, 0.4375, 1.1]
  Origin: [-111.901, -27.6152, -128.704]
  Direction: 
0.999743 0.00529977 -0.022056
0.0226838 -0.233385 0.97212
-4.46654e-06 0.97237 0.233445

  IndexToPointMatrix: 
0.437387 0.00231865 -0.0242616
0.00992417 -0.102106 1.06933
-1.95411e-06 0.425412 0.25679

  PointToIndexMatrix: 
2.28513 0.0518487 -1.021e-05
0.0121138 -0.533452 2.22256
-0.0200509 0.883745 0.212223

  Inverse Direction: 
0.999743 0.0226838 -4.46687e-06
0.00529977 -0.233385 0.97237
-0.022056 0.97212 0.233445

  PixelContainer: 
    ImportImageContainer (0x3ffb860)
      RTTI typeinfo:   itk::ImportImageContainer<unsigned long, double>
      Reference Count: 1
      Modified Time: 1921
      Debug: Off
      Object Name: 
      Observers: 
        none
      Pointer: 0x2b62aec6d010
      Container manages memory: true
      Size: 14155776
      Capacity: 14155776

     Moving image = Image (0x400ef40)
  RTTI typeinfo:   itk::Image<double, 3u>
  Reference Count: 2
  Modified Time: 2142
  Debug: Off
  Object Name: 
  Observers: 
    none
  Source: (none)
  Source output name: (none)
  Release Data: Off
  Data Released: False
  Global Release Data: Off
  PipelineMTime: 0
  UpdateMTime: 2139
  RealTimeStamp: 0 seconds 
  LargestPossibleRegion: 
    Dimension: 3
    Index: [0, 0, 0]
    Size: [224, 320, 320]
  BufferedRegion: 
    Dimension: 3
    Index: [0, 0, 0]
    Size: [224, 320, 320]
  RequestedRegion: 
    Dimension: 3
    Index: [0, 0, 0]
    Size: [224, 320, 320]
  Spacing: [0.7, 0.7, 0.7]
  Origin: [-77.4308, 77.208, -121.218]
  Direction: 
1 0 0
0 -1 0
0 0 1

  IndexToPointMatrix: 
0.7 0 0
0 -0.7 0
0 0 0.7

  PointToIndexMatrix: 
1.42857 0 0
0 -1.42857 0
0 0 1.42857

  Inverse Direction: 
1 0 0
0 -1 0
0 0 1

  PixelContainer: 
    ImportImageContainer (0x4006750)
      RTTI typeinfo:   itk::ImportImageContainer<unsigned long, double>
      Reference Count: 1
      Modified Time: 2136
      Debug: Off
      Object Name: 
      Observers: 
        none
      Pointer: 0x2b62b586e010
      Container manages memory: true
      Size: 22937600
      Capacity: 22937600

     Weighting = 1
     Sampling strategy = regular
     Number of bins = 32
     Radius = 4
     Sampling percentage  = 0.25
   Transform = Affine
     Gradient step = 0.1
     Update field sigma (voxel space) = 0
     Total field sigma (voxel space) = 0
     Update field time sigma = 0
     Total field time sigma  = 0
     Number of time indices = 0
     Number of time point samples = 0
Registration using 2 total stages.

Stage 0
  iterations = 1000x500x250x0
  convergence threshold = 1e-06
  convergence window size = 10
  number of levels = 4
  using the Mattes MI metric (number of bins = 32, weight = 1)
  preprocessing:  winsorizing the image intensities
  Shrink factors (level 1 out of 4): [12, 12, 5]
  Shrink factors (level 2 out of 4): [8, 8, 3]
  Shrink factors (level 3 out of 4): [4, 4, 2]
  Shrink factors (level 4 out of 4): [2, 2, 1]
  smoothing sigmas per level: [4, 3, 2, 1]
  regular sampling (percentage = 0.25)

*** Running Euler3DTransform registration ***

DIAGNOSTIC,Iteration,metricValue,convergenceValue,ITERATION_TIME_INDEX,SINCE_LAST
 2DIAGNOSTIC,     1, -4.155090101940e-01, 1.797693134862e+308, 4.2439e+00, 4.2439e+00, 
 2DIAGNOSTIC,     2, -4.195267799557e-01, 1.797693134862e+308, 4.2598e+00, 1.5873e-02, 
 2DIAGNOSTIC,     3, -4.252570819418e-01, 1.797693134862e+308, 4.2726e+00, 1.2759e-02, 
 2DIAGNOSTIC,     4, -4.354163153030e-01, 1.797693134862e+308, 4.2813e+00, 8.7700e-03, 
 2DIAGNOSTIC,     5, -4.467018169726e-01, 1.797693134862e+308, 4.2986e+00, 1.7247e-02, 
 2DIAGNOSTIC,     6, -4.624512292918e-01, 1.797693134862e+308, 4.3120e+00, 1.3428e-02, 
 2DIAGNOSTIC,     7, -4.810210481822e-01, 1.797693134862e+308, 4.3231e+00, 1.1141e-02, 
 2DIAGNOSTIC,     8, -4.834243624608e-01, 1.797693134862e+308, 4.3390e+00, 1.5906e-02, 
 2DIAGNOSTIC,     9, -4.860352585108e-01, 1.797693134862e+308, 4.3532e+00, 1.4115e-02, 
 2DIAGNOSTIC,    10, -4.911138995254e-01, 1.240812254460e-02, 4.3627e+00, 9.5649e-03, 
 2DIAGNOSTIC,    11, -5.001606181908e-01, 1.092384173091e-02, 4.3888e+00, 2.6048e-02, 
 2DIAGNOSTIC,    12, -5.012895971994e-01, 8.977034013382e-03, 4.3992e+00, 1.0394e-02, 
 2DIAGNOSTIC,    13, -5.014851163093e-01, 6.832626504765e-03, 4.4179e+00, 1.8722e-02, 
 2DIAGNOSTIC,    14, -5.017381954465e-01, 4.862103269337e-03, 4.4326e+00, 1.4713e-02, 
 2DIAGNOSTIC,    15, -5.022767742670e-01, 3.194367538335e-03, 4.4432e+00, 1.0554e-02, 
 2DIAGNOSTIC,    16, -5.021582807992e-01, 2.020575287965e-03, 4.4634e+00, 2.0272e-02, 
 2DIAGNOSTIC,    17, -5.015481275723e-01, 1.441730105634e-03, 4.4921e+00, 2.8672e-02, 
 2DIAGNOSTIC,    18, -5.017679087884e-01, 8.902217464663e-04, 4.5329e+00, 4.0811e-02, 
 2DIAGNOSTIC,    19, -5.017679087859e-01, 3.983335816319e-04, 4.5467e+00, 1.3825e-02, 
 2DIAGNOSTIC,    20, -5.017679103445e-01, 6.454301753236e-05, 4.5570e+00, 1.0259e-02, 
 2DIAGNOSTIC,    21, -5.017679129802e-01, 1.310413283213e-05, 4.5736e+00, 1.6556e-02, 
DIAGNOSTIC,Iteration,metricValue,convergenceValue,ITERATION_TIME_INDEX,SINCE_LAST
 2DIAGNOSTIC,     1, -4.115413130860e-01, 1.797693134862e+308, 8.9651e+00, 4.3915e+00, 
 2DIAGNOSTIC,     2, -4.133335789543e-01, 1.797693134862e+308, 9.0263e+00, 6.1162e-02, 
 2DIAGNOSTIC,     3, -4.153469173884e-01, 1.797693134862e+308, 9.0877e+00, 6.1472e-02, 
 2DIAGNOSTIC,     4, -4.172256504893e-01, 1.797693134862e+308, 9.1494e+00, 6.1621e-02, 
 2DIAGNOSTIC,     5, -4.182763419325e-01, 1.797693134862e+308, 9.2123e+00, 6.2939e-02, 
 2DIAGNOSTIC,     6, -4.191411272584e-01, 1.797693134862e+308, 9.2761e+00, 6.3838e-02, 
 2DIAGNOSTIC,     7, -4.232832555837e-01, 1.797693134862e+308, 9.3481e+00, 7.1941e-02, 
 2DIAGNOSTIC,     8, -4.240066592798e-01, 1.797693134862e+308, 9.4389e+00, 9.0842e-02, 
 2DIAGNOSTIC,     9, -4.246588562455e-01, 1.797693134862e+308, 9.4994e+00, 6.0455e-02, 
 2DIAGNOSTIC,    10, -4.251290095979e-01, 2.208847646484e-03, 9.5620e+00, 6.2595e-02, 
 2DIAGNOSTIC,    11, -4.259669445414e-01, 1.834338808469e-03, 9.6544e+00, 9.2463e-02, 
 2DIAGNOSTIC,    12, -4.265478399954e-01, 1.486908062791e-03, 9.7166e+00, 6.2189e-02, 
 2DIAGNOSTIC,    13, -4.268024729677e-01, 1.174634657685e-03, 9.7788e+00, 6.2228e-02, 
 2DIAGNOSTIC,    14, -4.271335214679e-01, 9.098326246274e-04, 9.8615e+00, 8.2649e-02, 
 2DIAGNOSTIC,    15, -4.273896979929e-01, 6.578969963661e-04, 9.9264e+00, 6.4914e-02, 
 2DIAGNOSTIC,    16, -4.275305104115e-01, 4.151672833783e-04, 9.9878e+00, 6.1348e-02, 
 2DIAGNOSTIC,    17, -4.286649713441e-01, 3.715348547443e-04, 1.0083e+01, 9.5340e-02, 
 2DIAGNOSTIC,    18, -4.287949925559e-01, 3.293048042071e-04, 1.0155e+01, 7.1622e-02, 
 2DIAGNOSTIC,    19, -4.288267049888e-01, 2.858110590180e-04, 1.0227e+01, 7.2008e-02, 
 2DIAGNOSTIC,    20, -4.288151228626e-01, 2.357352395016e-04, 1.0293e+01, 6.6498e-02, 
 2DIAGNOSTIC,    21, -4.288802975563e-01, 1.971219494841e-04, 1.0414e+01, 1.2084e-01, 
 2DIAGNOSTIC,    22, -4.288809874189e-01, 1.608988543485e-04, 1.0484e+01, 7.0129e-02, 
 2DIAGNOSTIC,    23, -4.288853324947e-01, 1.202018270614e-04, 1.0548e+01, 6.3398e-02, 
 2DIAGNOSTIC,    24, -4.288531998761e-01, 8.050138933497e-05, 1.0610e+01, 6.2487e-02, 
 2DIAGNOSTIC,    25, -4.288593205883e-01, 4.394019694647e-05, 1.0669e+01, 5.8591e-02, 
 2DIAGNOSTIC,    26, -4.288509528708e-01, 8.794281662172e-06, 1.0729e+01, 6.0571e-02, 
 2DIAGNOSTIC,    27, -4.288590042650e-01, 3.773747799585e-06, 1.0793e+01, 6.3409e-02, 
 2DIAGNOSTIC,    28, -4.288676322697e-01, 2.178865124269e-06, 1.0852e+01, 5.9523e-02, 
 2DIAGNOSTIC,    29, -4.288778178083e-01, 1.594385741266e-06, 1.0941e+01, 8.8343e-02, 
 2DIAGNOSTIC,    30, -4.289139045772e-01, 1.508950186260e-06, 1.1171e+01, 2.3043e-01, 
 2DIAGNOSTIC,    31, -4.289139027868e-01, 2.766937665481e-06, 1.1233e+01, 6.1847e-02, 
 2DIAGNOSTIC,    32, -4.289139053224e-01, 3.797091370134e-06, 1.1295e+01, 6.1951e-02, 
 2DIAGNOSTIC,    33, -4.289139096090e-01, 4.612246361439e-06, 1.1355e+01, 6.0131e-02, 
 2DIAGNOSTIC,    34, -4.289139168518e-01, 4.393122404418e-06, 1.1415e+01, 6.0428e-02, 
 2DIAGNOSTIC,    35, -4.289139290665e-01, 3.972567262311e-06, 1.1478e+01, 6.2802e-02, 
 2DIAGNOSTIC,    36, -4.289139496842e-01, 3.128354201767e-06, 1.1539e+01, 6.0427e-02, 
 2DIAGNOSTIC,    37, -4.289139844526e-01, 2.271291877722e-06, 1.1597e+01, 5.8227e-02, 
 2DIAGNOSTIC,    38, -4.289140429447e-01, 1.480806118365e-06, 1.1661e+01, 6.3841e-02, 
DIAGNOSTIC,Iteration,metricValue,convergenceValue,ITERATION_TIME_INDEX,SINCE_LAST
 2DIAGNOSTIC,     1, -3.692917615142e-01, 1.797693134862e+308, 1.6177e+01, 4.5166e+00, 
 2DIAGNOSTIC,     2, -3.712220609436e-01, 1.797693134862e+308, 1.6533e+01, 3.5612e-01, 
 2DIAGNOSTIC,     3, -3.727394680600e-01, 1.797693134862e+308, 1.6893e+01, 3.5941e-01, 
 2DIAGNOSTIC,     4, -3.732675719134e-01, 1.797693134862e+308, 1.7250e+01, 3.5683e-01, 
 2DIAGNOSTIC,     5, -3.734310200538e-01, 1.797693134862e+308, 1.7609e+01, 3.5944e-01, 
 2DIAGNOSTIC,     6, -3.736183378859e-01, 1.797693134862e+308, 1.7969e+01, 3.5957e-01, 
 2DIAGNOSTIC,     7, -3.738452346500e-01, 1.797693134862e+308, 1.8435e+01, 4.6675e-01, 
 2DIAGNOSTIC,     8, -3.739401525406e-01, 1.797693134862e+308, 1.8900e+01, 4.6497e-01, 
 2DIAGNOSTIC,     9, -3.739611680198e-01, 1.797693134862e+308, 1.9368e+01, 4.6817e-01, 
 2DIAGNOSTIC,    10, -3.740546203280e-01, 6.356644499681e-04, 1.9729e+01, 3.6018e-01, 
 2DIAGNOSTIC,    11, -3.743663618820e-01, 3.530105115413e-04, 2.0143e+01, 4.1388e-01, 
 2DIAGNOSTIC,    12, -3.744407164308e-01, 2.104862477744e-04, 2.0560e+01, 4.1718e-01, 
 2DIAGNOSTIC,    13, -3.744428322098e-01, 1.596365395747e-04, 2.0975e+01, 4.1492e-01, 
 2DIAGNOSTIC,    14, -3.744759929910e-01, 1.326483037624e-04, 2.1389e+01, 4.1431e-01, 
 2DIAGNOSTIC,    15, -3.744733443805e-01, 1.053433886977e-04, 2.1750e+01, 3.6097e-01, 
 2DIAGNOSTIC,    16, -3.744824428888e-01, 8.084343257274e-05, 2.2109e+01, 3.5924e-01, 
 2DIAGNOSTIC,    17, -3.744924179204e-01, 6.243569259078e-05, 2.2525e+01, 4.1562e-01, 
 2DIAGNOSTIC,    18, -3.745261660131e-01, 4.613077484669e-05, 2.2993e+01, 4.6846e-01, 
 2DIAGNOSTIC,    19, -3.745301175198e-01, 2.847700164615e-05, 2.3458e+01, 4.6509e-01, 
 2DIAGNOSTIC,    20, -3.745302991905e-01, 1.337143121544e-05, 2.4090e+01, 6.3140e-01, 
 2DIAGNOSTIC,    21, -3.745303020193e-01, 9.857329106758e-06, 2.4789e+01, 6.9903e-01, 
 2DIAGNOSTIC,    22, -3.745303020372e-01, 8.455746966646e-06, 2.6170e+01, 1.3817e+00, 
 2DIAGNOSTIC,    23, -3.745303020372e-01, 6.542650398400e-06, 2.6581e+01, 4.1109e-01, 
 2DIAGNOSTIC,    24, -3.745303020372e-01, 5.361203494550e-06, 2.7109e+01, 5.2775e-01, 
 2DIAGNOSTIC,    25, -3.745303020372e-01, 3.827102275665e-06, 2.7513e+01, 4.0349e-01, 
 2DIAGNOSTIC,    26, -3.745303020372e-01, 2.442556567658e-06, 2.7923e+01, 4.1058e-01, 
 2DIAGNOSTIC,    27, -3.745303020372e-01, 1.301095783571e-06, 2.8334e+01, 4.1097e-01, 
 2DIAGNOSTIC,    28, -3.745303020372e-01, 1.142932574943e-06, 2.8754e+01, 4.1995e-01, 
 2DIAGNOSTIC,    29, -3.745303020372e-01, 1.098635141465e-06, 2.9170e+01, 4.1622e-01, 
 2DIAGNOSTIC,    30, -3.745303020372e-01, 1.061888144388e-06, 2.9585e+01, 4.1431e-01, 
 2DIAGNOSTIC,    31, -3.745303020372e-01, 1.027584576686e-06, 3.0001e+01, 4.1664e-01, 
DIAGNOSTIC,Iteration,metricValue,convergenceValue,ITERATION_TIME_INDEX,SINCE_LAST
 2DIAGNOSTIC,     1, -3.184884628168e-01, 1.797693134862e+308, 3.6840e+01, 6.8388e+00, 
  Elapsed time (stage 0): 3.8637e+01


Stage 1
  iterations = 1000x500x250x0
  convergence threshold = 1.0000e-06
  convergence window size = 10
  number of levels = 4
  using the Mattes MI metric (number of bins = 32, weight = 1.0000e+00)
  preprocessing:  winsorizing the image intensities
  Shrink factors (level 1 out of 4): [12, 12, 5]
  Shrink factors (level 2 out of 4): [8, 8, 3]
  Shrink factors (level 3 out of 4): [4, 4, 2]
  Shrink factors (level 4 out of 4): [2, 2, 1]
  smoothing sigmas per level: [4, 3, 2, 1]
  regular sampling (percentage = 2.5000e-01)

*** Running AffineTransform registration ***

DIAGNOSTIC,Iteration,metricValue,convergenceValue,ITERATION_TIME_INDEX,SINCE_LAST
 2DIAGNOSTIC,     1, -4.931279871412e-01, 1.797693134862e+308, 4.1118e+00, 4.1118e+00, 
 2DIAGNOSTIC,     2, -4.948761163703e-01, 1.797693134862e+308, 4.1214e+00, 9.6340e-03, 
 2DIAGNOSTIC,     3, -4.989482304729e-01, 1.797693134862e+308, 4.1412e+00, 1.9762e-02, 
 2DIAGNOSTIC,     4, -5.041526481085e-01, 1.797693134862e+308, 4.1533e+00, 1.2115e-02, 
 2DIAGNOSTIC,     5, -5.108168180968e-01, 1.797693134862e+308, 4.1628e+00, 9.5050e-03, 
 2DIAGNOSTIC,     6, -5.168266354113e-01, 1.797693134862e+308, 4.1771e+00, 1.4301e-02, 
 2DIAGNOSTIC,     7, -5.230515905376e-01, 1.797693134862e+308, 4.1959e+00, 1.8813e-02, 
 2DIAGNOSTIC,     8, -5.253394344909e-01, 1.797693134862e+308, 4.2119e+00, 1.5932e-02, 
 2DIAGNOSTIC,     9, -5.257098102800e-01, 1.797693134862e+308, 4.2290e+00, 1.7097e-02, 
 2DIAGNOSTIC,    10, -5.257929202763e-01, 4.886403679456e-03, 4.2452e+00, 1.6238e-02, 
 2DIAGNOSTIC,    11, -5.262207958028e-01, 3.917026114964e-03, 4.2551e+00, 9.8851e-03, 
 2DIAGNOSTIC,    12, -5.268670831612e-01, 2.868741105188e-03, 4.2690e+00, 1.3933e-02, 
 2DIAGNOSTIC,    13, -5.274068665637e-01, 1.920624388223e-03, 4.2892e+00, 2.0183e-02, 
 2DIAGNOSTIC,    14, -5.274957573594e-01, 1.143837714158e-03, 4.3008e+00, 1.1562e-02, 
 2DIAGNOSTIC,    15, -5.274247524526e-01, 6.085098299549e-04, 4.3107e+00, 9.9280e-03, 
 2DIAGNOSTIC,    16, -5.275246506463e-01, 2.906042611578e-04, 4.3321e+00, 2.1410e-02, 
 2DIAGNOSTIC,    17, -5.275924088763e-01, 1.847872136571e-04, 4.3452e+00, 1.3087e-02, 
 2DIAGNOSTIC,    18, -5.279280112389e-01, 1.534034355427e-04, 4.3631e+00, 1.7953e-02, 
 2DIAGNOSTIC,    19, -5.280061688026e-01, 1.243476779625e-04, 4.3826e+00, 1.9466e-02, 
 2DIAGNOSTIC,    20, -5.280340817734e-01, 9.010401454045e-05, 4.3939e+00, 1.1319e-02, 
 2DIAGNOSTIC,    21, -5.280709954267e-01, 6.285728609939e-05, 4.4036e+00, 9.7070e-03, 
 2DIAGNOSTIC,    22, -5.285301403055e-01, 5.939859944733e-05, 4.4236e+00, 1.9934e-02, 
 2DIAGNOSTIC,    23, -5.285027902474e-01, 6.250773886050e-05, 4.4378e+00, 1.4260e-02, 
 2DIAGNOSTIC,    24, -5.287318991193e-01, 6.704952354657e-05, 4.4534e+00, 1.5573e-02, 
 2DIAGNOSTIC,    25, -5.287472284482e-01, 6.391075111906e-05, 4.4742e+00, 2.0768e-02, 
 2DIAGNOSTIC,    26, -5.286547813905e-01, 5.534534068864e-05, 4.4863e+00, 1.2142e-02, 
 2DIAGNOSTIC,    27, -5.286646263302e-01, 4.370323090397e-05, 4.4962e+00, 9.9049e-03, 
 2DIAGNOSTIC,    28, -5.286965033834e-01, 3.594905024029e-05, 4.5139e+00, 1.7720e-02, 
 2DIAGNOSTIC,    29, -5.288482813283e-01, 2.978301699769e-05, 4.5290e+00, 1.5105e-02, 
 2DIAGNOSTIC,    30, -5.288903595641e-01, 2.258175786053e-05, 4.5401e+00, 1.1066e-02, 
 2DIAGNOSTIC,    31, -5.291842628420e-01, 1.949002220035e-05, 4.5571e+00, 1.6955e-02, 
 2DIAGNOSTIC,    32, -5.291034760593e-01, 2.124411433962e-05, 4.5769e+00, 1.9859e-02, 
 2DIAGNOSTIC,    33, -5.290095908024e-01, 1.893513852127e-05, 4.5869e+00, 9.9728e-03, 
 2DIAGNOSTIC,    34, -5.289124094165e-01, 1.720224120066e-05, 4.5968e+00, 9.8879e-03, 
 2DIAGNOSTIC,    35, -5.289200431941e-01, 1.440040512478e-05, 4.6179e+00, 2.1069e-02, 
 2DIAGNOSTIC,    36, -5.290340648351e-01, 1.072144602537e-05, 4.6313e+00, 1.3447e-02, 
 2DIAGNOSTIC,    37, -5.291593302642e-01, 8.251905924003e-06, 4.6424e+00, 1.1087e-02, 
 2DIAGNOSTIC,    38, -5.290867685926e-01, 4.645879007142e-06, 4.6642e+00, 2.1820e-02, 
DIAGNOSTIC,Iteration,metricValue,convergenceValue,ITERATION_TIME_INDEX,SINCE_LAST
 2DIAGNOSTIC,     1, -4.238946071185e-01, 1.797693134862e+308, 8.8121e+00, 4.1479e+00, 
 2DIAGNOSTIC,     2, -4.255110661882e-01, 1.797693134862e+308, 8.8785e+00, 6.6368e-02, 
 2DIAGNOSTIC,     3, -4.276007666286e-01, 1.797693134862e+308, 8.9411e+00, 6.2614e-02, 
 2DIAGNOSTIC,     4, -4.298988671878e-01, 1.797693134862e+308, 9.0058e+00, 6.4705e-02, 
 2DIAGNOSTIC,     5, -4.316661030982e-01, 1.797693134862e+308, 9.0715e+00, 6.5689e-02, 
 2DIAGNOSTIC,     6, -4.331862179528e-01, 1.797693134862e+308, 9.1334e+00, 6.1845e-02, 
 2DIAGNOSTIC,     7, -4.349009882848e-01, 1.797693134862e+308, 9.2005e+00, 6.7173e-02, 
 2DIAGNOSTIC,     8, -4.363240206052e-01, 1.797693134862e+308, 9.3199e+00, 1.1935e-01, 
 2DIAGNOSTIC,     9, -4.364710751629e-01, 1.797693134862e+308, 9.3818e+00, 6.1924e-02, 
 2DIAGNOSTIC,    10, -4.369061446631e-01, 2.063962641800e-03, 9.4490e+00, 6.7197e-02, 
 2DIAGNOSTIC,    11, -4.373121165314e-01, 1.617310794256e-03, 9.5130e+00, 6.3947e-02, 
 2DIAGNOSTIC,    12, -4.377811917844e-01, 1.212787026862e-03, 9.5761e+00, 6.3174e-02, 
 2DIAGNOSTIC,    13, -4.381766827104e-01, 8.847931712504e-04, 9.6445e+00, 6.8424e-02, 
 2DIAGNOSTIC,    14, -4.384809804386e-01, 6.453551361011e-04, 9.7082e+00, 6.3652e-02, 
 2DIAGNOSTIC,    15, -4.390058656609e-01, 4.793709133233e-04, 9.8193e+00, 1.1108e-01, 
 2DIAGNOSTIC,    16, -4.390870806439e-01, 3.543222993693e-04, 9.8947e+00, 7.5450e-02, 
 2DIAGNOSTIC,    17, -4.390937052093e-01, 2.766700324360e-04, 9.9552e+00, 6.0491e-02, 
 2DIAGNOSTIC,    18, -4.390938592864e-01, 2.343286001501e-04, 1.0023e+01, 6.7737e-02, 
 2DIAGNOSTIC,    19, -4.391121277251e-01, 1.803896957223e-04, 1.0088e+01, 6.5117e-02, 
 2DIAGNOSTIC,    20, -4.391591676074e-01, 1.307056899179e-04, 1.0150e+01, 6.1670e-02, 
 2DIAGNOSTIC,    21, -4.391804481760e-01, 8.680112789323e-05, 1.0226e+01, 7.6668e-02, 
 2DIAGNOSTIC,    22, -4.392155594462e-01, 5.394037179258e-05, 1.0322e+01, 9.5341e-02, 
 2DIAGNOSTIC,    23, -4.392241371416e-01, 3.047995825831e-05, 1.0385e+01, 6.2800e-02, 
 2DIAGNOSTIC,    24, -4.392337121979e-01, 1.441453901181e-05, 1.0450e+01, 6.5350e-02, 
 2DIAGNOSTIC,    25, -4.392616022012e-01, 1.275845313780e-05, 1.0516e+01, 6.6387e-02, 
 2DIAGNOSTIC,    26, -4.393512203888e-01, 1.440607886816e-05, 1.0618e+01, 1.0206e-01, 
 2DIAGNOSTIC,    27, -4.393304547137e-01, 1.430581681187e-05, 1.0679e+01, 6.0322e-02, 
 2DIAGNOSTIC,    28, -4.393334696322e-01, 1.310066936213e-05, 1.0755e+01, 7.6213e-02, 
 2DIAGNOSTIC,    29, -4.393369892439e-01, 1.134637479495e-05, 1.0826e+01, 7.1564e-02, 
 2DIAGNOSTIC,    30, -4.393282331003e-01, 9.544365064409e-06, 1.0902e+01, 7.5901e-02, 
 2DIAGNOSTIC,    31, -4.393389937163e-01, 7.689048590630e-06, 1.0996e+01, 9.3703e-02, 
 2DIAGNOSTIC,    32, -4.393392740778e-01, 6.038957807951e-06, 1.1061e+01, 6.4813e-02, 
 2DIAGNOSTIC,    33, -4.393309489753e-01, 4.046494041413e-06, 1.1137e+01, 7.5714e-02, 
 2DIAGNOSTIC,    34, -4.393311714243e-01, 2.073457022578e-06, 1.1202e+01, 6.5129e-02, 
DIAGNOSTIC,Iteration,metricValue,convergenceValue,ITERATION_TIME_INDEX,SINCE_LAST
 2DIAGNOSTIC,     1, -3.760315522714e-01, 1.797693134862e+308, 1.5814e+01, 4.6127e+00, 
 2DIAGNOSTIC,     2, -3.778657177213e-01, 1.797693134862e+308, 1.6206e+01, 3.9163e-01, 
 2DIAGNOSTIC,     3, -3.796894994057e-01, 1.797693134862e+308, 1.6590e+01, 3.8435e-01, 
 2DIAGNOSTIC,     4, -3.807702671313e-01, 1.797693134862e+308, 1.6979e+01, 3.8893e-01, 
 2DIAGNOSTIC,     5, -3.812317081822e-01, 1.797693134862e+308, 1.7364e+01, 3.8421e-01, 
 2DIAGNOSTIC,     6, -3.817423291623e-01, 1.797693134862e+308, 1.7746e+01, 3.8295e-01, 
 2DIAGNOSTIC,     7, -3.823445280676e-01, 1.797693134862e+308, 1.8130e+01, 3.8314e-01, 
 2DIAGNOSTIC,     8, -3.838097734403e-01, 1.797693134862e+308, 1.8687e+01, 5.5778e-01, 
 2DIAGNOSTIC,     9, -3.841618397513e-01, 1.797693134862e+308, 1.9241e+01, 5.5334e-01, 
 2DIAGNOSTIC,    10, -3.842609295342e-01, 1.303631517506e-03, 1.9627e+01, 3.8599e-01, 
 2DIAGNOSTIC,    11, -3.845501023739e-01, 9.755984251442e-04, 2.0013e+01, 3.8626e-01, 
 2DIAGNOSTIC,    12, -3.846174789961e-01, 7.302999969467e-04, 2.0459e+01, 4.4628e-01, 
 2DIAGNOSTIC,    13, -3.846399184926e-01, 5.605883877967e-04, 2.0908e+01, 4.4922e-01, 
 2DIAGNOSTIC,    14, -3.846926594846e-01, 4.245945816139e-04, 2.1301e+01, 3.9214e-01, 
 2DIAGNOSTIC,    15, -3.847736804788e-01, 2.957947369144e-04, 2.1859e+01, 5.5835e-01, 
 2DIAGNOSTIC,    16, -3.848188471885e-01, 1.820499071846e-04, 2.2249e+01, 3.8973e-01, 
 2DIAGNOSTIC,    17, -3.848569198716e-01, 9.151060695149e-05, 2.2633e+01, 3.8425e-01, 
 2DIAGNOSTIC,    18, -3.848773904561e-01, 6.392168537360e-05, 2.3138e+01, 5.0474e-01, 
 2DIAGNOSTIC,    19, -3.848872857286e-01, 4.767824186611e-05, 2.3525e+01, 3.8726e-01, 
 2DIAGNOSTIC,    20, -3.848984191741e-01, 3.257740200774e-05, 2.3911e+01, 3.8642e-01, 
 2DIAGNOSTIC,    21, -3.849378232306e-01, 2.757854231486e-05, 2.4461e+01, 5.5009e-01, 
 2DIAGNOSTIC,    22, -3.849504448800e-01, 2.328741393454e-05, 2.4907e+01, 4.4540e-01, 
 2DIAGNOSTIC,    23, -3.849523254121e-01, 1.811181444128e-05, 2.5295e+01, 3.8841e-01, 
 2DIAGNOSTIC,    24, -3.849534617804e-01, 1.344488305571e-05, 2.5683e+01, 3.8762e-01, 
 2DIAGNOSTIC,    25, -3.849678185572e-01, 1.082364654060e-05, 2.6129e+01, 4.4656e-01, 
 2DIAGNOSTIC,    26, -3.849784736033e-01, 9.047123632706e-06, 2.6514e+01, 3.8480e-01, 
 2DIAGNOSTIC,    27, -3.849953440408e-01, 8.153361933973e-06, 2.7020e+01, 5.0569e-01, 
 2DIAGNOSTIC,    28, -3.850110204012e-01, 7.630541279863e-06, 2.7463e+01, 4.4327e-01, 
 2DIAGNOSTIC,    29, -3.850101152342e-01, 6.766093496209e-06, 2.7970e+01, 5.0685e-01, 
 2DIAGNOSTIC,    30, -3.850089436922e-01, 5.651502822564e-06, 2.8467e+01, 4.9729e-01, 
 2DIAGNOSTIC,    31, -3.850092093316e-01, 5.114648134824e-06, 2.8852e+01, 3.8453e-01, 
 2DIAGNOSTIC,    32, -3.850065502469e-01, 4.449770817865e-06, 2.9238e+01, 3.8598e-01, 
 2DIAGNOSTIC,    33, -3.850068427029e-01, 3.547777888455e-06, 2.9682e+01, 4.4446e-01, 
 2DIAGNOSTIC,    34, -3.850071005879e-01, 2.482572202471e-06, 3.0073e+01, 3.9115e-01, 
 2DIAGNOSTIC,    35, -3.850060750254e-01, 1.616466127528e-06, 3.0463e+01, 3.8915e-01, 
DIAGNOSTIC,Iteration,metricValue,convergenceValue,ITERATION_TIME_INDEX,SINCE_LAST
 2DIAGNOSTIC,     1, -3.213928276461e-01, 1.797693134862e+308, 3.7513e+01, 7.0501e+00, 
  Elapsed time (stage 1): 3.9261e+01


Total elapsed time: 7.7906e+01
Using double precision for computations.
Input scalar image: /home/ccn30/rds/rds-p00500_encrypt-URQgmO1brZ0/p00500/ENCRYPT_images/27643/T2/N4t2.nii
Reference image: /home/ccn30/rds/rds-p00500_encrypt-URQgmO1brZ0/p00500/ENCRYPT_images/27643/mp2rage/n4mag0000_PSIR_skulled_std.nii
Can't read initial transform T1xT2_ANTs_0GenericAffine.mat
