This is job 0
Time: Thu 16 Sep 12:56:46 BST 2021
Running on master node: cpu-p-413
Current directory: /rds/user/ccn30/hpc-work/WBIC_lustre/ENCRYPT/scripts/Registration/slurmoutputs
Changed directory to /home/ccn30/rds/hpc-work/WBIC_lustre/ENCRYPT/scripts/Registration/slurmoutputs.

JobID: 46502774
======
Time: Thu 16 Sep 12:56:46 BST 2021
Running on master node: cpu-p-413
Current directory: /home/ccn30/rds/hpc-work/WBIC_lustre/ENCRYPT/scripts/Registration/slurmoutputs

Nodes allocated:
================
cpu-p-413

numtasks=, numnodes=, mpi_tasks_per_node= (OMP_NUM_THREADS=1)

Executing command:
==================
/home/ccn30/rds/hpc-work/WBIC_lustre/ENCRYPT/scripts/Registration/coreg_main.sh /home/ccn30/rds/hpc-work/WBIC_lustre/ENCRYPT/ENCRYPT_MasterRIScodes.txt 0 /home/ccn30/rds/rds-p00500_encrypt-URQgmO1brZ0/p00500 /home/ccn30/rds/hpc-work/WBIC_home/ENCRYPT/atlases/magdeburgatlas

******** starting 25739 ********
All_Command_lines_OK
Using double precision for computations.
=============================================================================
The composite transform comprises the following transforms (in order): 
  1. Center of mass alignment using fixed image: /home/ccn30/rds/hpc-work/WBIC_home/ENCRYPT/atlases/magdeburgatlas/template/template.nii.gz and moving image: /home/ccn30/rds/rds-p00500_encrypt-URQgmO1brZ0/p00500/ENCRYPT_images/25739/mp2rage/denoise_n4mag0000_PSIR_skulled_std.nii (type = Euler3DTransform)
=============================================================================
  number of levels = 4
  number of levels = 4
  fixed image: /home/ccn30/rds/hpc-work/WBIC_home/ENCRYPT/atlases/magdeburgatlas/template/template.nii.gz
  moving image: /home/ccn30/rds/rds-p00500_encrypt-URQgmO1brZ0/p00500/ENCRYPT_images/25739/mp2rage/denoise_n4mag0000_PSIR_skulled_std.nii
  fixed image: /home/ccn30/rds/hpc-work/WBIC_home/ENCRYPT/atlases/magdeburgatlas/template/template.nii.gz
  moving image: /home/ccn30/rds/rds-p00500_encrypt-URQgmO1brZ0/p00500/ENCRYPT_images/25739/mp2rage/denoise_n4mag0000_PSIR_skulled_std.nii
Dimension = 3
Number of stages = 2
Use Histogram Matching true
Winsorize image intensities true
Lower quantile = 0.005
Upper quantile = 0.995
Stage 1 State
   Image metric = Mattes
     Fixed image = Image (0x2b69200)
  RTTI typeinfo:   itk::Image<double, 3u>
  Reference Count: 2
  Modified Time: 1698
  Debug: Off
  Object Name: 
  Observers: 
    none
  Source: (none)
  Source output name: (none)
  Release Data: Off
  Data Released: False
  Global Release Data: Off
  PipelineMTime: 0
  UpdateMTime: 1481
  RealTimeStamp: 0 seconds 
  LargestPossibleRegion: 
    Dimension: 3
    Index: [0, 0, 0]
    Size: [384, 301, 288]
  BufferedRegion: 
    Dimension: 3
    Index: [0, 0, 0]
    Size: [384, 301, 288]
  RequestedRegion: 
    Dimension: 3
    Index: [0, 0, 0]
    Size: [384, 301, 288]
  Spacing: [0.598958, 0.598958, 0.599937]
  Origin: [83.4012, -147.626, 85.1783]
  Direction: 
-0 0 -1
1 -0 0
0 -1 0

  IndexToPointMatrix: 
0 0 -0.599937
0.598958 0 0
0 -0.598958 0

  PointToIndexMatrix: 
0 1.66957 0
0 0 -1.66957
-1.66684 0 0

  Inverse Direction: 
0 1 0
0 0 -1
-1 0 0

  PixelContainer: 
    ImportImageContainer (0x2b59dc0)
      RTTI typeinfo:   itk::ImportImageContainer<unsigned long, double>
      Reference Count: 1
      Modified Time: 1478
      Debug: Off
      Object Name: 
      Observers: 
        none
      Pointer: 0x2ae79bad0010
      Container manages memory: true
      Size: 33288192
      Capacity: 33288192

     Moving image = Image (0x2b6d3f0)
  RTTI typeinfo:   itk::Image<double, 3u>
  Reference Count: 2
  Modified Time: 1699
  Debug: Off
  Object Name: 
  Observers: 
    none
  Source: (none)
  Source output name: (none)
  Release Data: Off
  Data Released: False
  Global Release Data: Off
  PipelineMTime: 0
  UpdateMTime: 1696
  RealTimeStamp: 0 seconds 
  LargestPossibleRegion: 
    Dimension: 3
    Index: [0, 0, 0]
    Size: [224, 320, 320]
  BufferedRegion: 
    Dimension: 3
    Index: [0, 0, 0]
    Size: [224, 320, 320]
  RequestedRegion: 
    Dimension: 3
    Index: [0, 0, 0]
    Size: [224, 320, 320]
  Spacing: [0.7, 0.7, 0.7]
  Origin: [-76.8093, 72.869, -111.3]
  Direction: 
1 0 0
0 -1 0
0 0 1

  IndexToPointMatrix: 
0.7 0 0
0 -0.7 0
0 0 0.7

  PointToIndexMatrix: 
1.42857 0 0
0 -1.42857 0
0 0 1.42857

  Inverse Direction: 
1 0 0
0 -1 0
0 0 1

  PixelContainer: 
    ImportImageContainer (0x2b6d6b0)
      RTTI typeinfo:   itk::ImportImageContainer<unsigned long, double>
      Reference Count: 1
      Modified Time: 1693
      Debug: Off
      Object Name: 
      Observers: 
        none
      Pointer: 0x2ae7ab8c9010
      Container manages memory: true
      Size: 22937600
      Capacity: 22937600

     Weighting = 1
     Sampling strategy = regular
     Number of bins = 32
     Radius = 4
     Sampling percentage  = 0.25
   Transform = Rigid
     Gradient step = 0.1
     Update field sigma (voxel space) = 0
     Total field sigma (voxel space) = 0
     Update field time sigma = 0
     Total field time sigma  = 0
     Number of time indices = 0
     Number of time point samples = 0
Stage 2 State
   Image metric = Mattes
     Fixed image = Image (0x2b7c060)
  RTTI typeinfo:   itk::Image<double, 3u>
  Reference Count: 2
  Modified Time: 2130
  Debug: Off
  Object Name: 
  Observers: 
    none
  Source: (none)
  Source output name: (none)
  Release Data: Off
  Data Released: False
  Global Release Data: Off
  PipelineMTime: 0
  UpdateMTime: 1913
  RealTimeStamp: 0 seconds 
  LargestPossibleRegion: 
    Dimension: 3
    Index: [0, 0, 0]
    Size: [384, 301, 288]
  BufferedRegion: 
    Dimension: 3
    Index: [0, 0, 0]
    Size: [384, 301, 288]
  RequestedRegion: 
    Dimension: 3
    Index: [0, 0, 0]
    Size: [384, 301, 288]
  Spacing: [0.598958, 0.598958, 0.599937]
  Origin: [83.4012, -147.626, 85.1783]
  Direction: 
-0 0 -1
1 -0 0
0 -1 0

  IndexToPointMatrix: 
0 0 -0.599937
0.598958 0 0
0 -0.598958 0

  PointToIndexMatrix: 
0 1.66957 0
0 0 -1.66957
-1.66684 0 0

  Inverse Direction: 
0 1 0
0 0 -1
-1 0 0

  PixelContainer: 
    ImportImageContainer (0x2b70140)
      RTTI typeinfo:   itk::ImportImageContainer<unsigned long, double>
      Reference Count: 1
      Modified Time: 1910
      Debug: Off
      Object Name: 
      Observers: 
        none
      Pointer: 0x2ae7b67ca010
      Container manages memory: true
      Size: 33288192
      Capacity: 33288192

     Moving image = Image (0x2b7de80)
  RTTI typeinfo:   itk::Image<double, 3u>
  Reference Count: 2
  Modified Time: 2131
  Debug: Off
  Object Name: 
  Observers: 
    none
  Source: (none)
  Source output name: (none)
  Release Data: Off
  Data Released: False
  Global Release Data: Off
  PipelineMTime: 0
  UpdateMTime: 2128
  RealTimeStamp: 0 seconds 
  LargestPossibleRegion: 
    Dimension: 3
    Index: [0, 0, 0]
    Size: [224, 320, 320]
  BufferedRegion: 
    Dimension: 3
    Index: [0, 0, 0]
    Size: [224, 320, 320]
  RequestedRegion: 
    Dimension: 3
    Index: [0, 0, 0]
    Size: [224, 320, 320]
  Spacing: [0.7, 0.7, 0.7]
  Origin: [-76.8093, 72.869, -111.3]
  Direction: 
1 0 0
0 -1 0
0 0 1

  IndexToPointMatrix: 
0.7 0 0
0 -0.7 0
0 0 0.7

  PointToIndexMatrix: 
1.42857 0 0
0 -1.42857 0
0 0 1.42857

  Inverse Direction: 
1 0 0
0 -1 0
0 0 1

  PixelContainer: 
    ImportImageContainer (0x2b78540)
      RTTI typeinfo:   itk::ImportImageContainer<unsigned long, double>
      Reference Count: 1
      Modified Time: 2125
      Debug: Off
      Object Name: 
      Observers: 
        none
      Pointer: 0x2ae7c65c3010
      Container manages memory: true
      Size: 22937600
      Capacity: 22937600

     Weighting = 1
     Sampling strategy = regular
     Number of bins = 32
     Radius = 4
     Sampling percentage  = 0.25
   Transform = Affine
     Gradient step = 0.1
     Update field sigma (voxel space) = 0
     Total field sigma (voxel space) = 0
     Update field time sigma = 0
     Total field time sigma  = 0
     Number of time indices = 0
     Number of time point samples = 0
Registration using 2 total stages.

Stage 0
  iterations = 1000x500x250x100
  convergence threshold = 1e-06
  convergence window size = 10
  number of levels = 4
  using the Mattes MI metric (number of bins = 32, weight = 1)
  preprocessing:  winsorizing the image intensities
  preprocessing:  histogram matching the images
  Shrink factors (level 1 out of 4): [8, 8, 8]
  Shrink factors (level 2 out of 4): [4, 4, 4]
  Shrink factors (level 3 out of 4): [2, 2, 2]
  Shrink factors (level 4 out of 4): [1, 1, 1]
  smoothing sigmas per level: [3, 2, 1, 0]
  regular sampling (percentage = 0.25)

*** Running Euler3DTransform registration ***

DIAGNOSTIC,Iteration,metricValue,convergenceValue,ITERATION_TIME_INDEX,SINCE_LAST
 2DIAGNOSTIC,     1, -4.596445308661e-01, 1.797693134862e+308, 2.6227e+00, 2.6227e+00, 
 2DIAGNOSTIC,     2, -4.617960391908e-01, 1.797693134862e+308, 2.6612e+00, 3.8552e-02, 
 2DIAGNOSTIC,     3, -4.656390404461e-01, 1.797693134862e+308, 2.7006e+00, 3.9314e-02, 
 2DIAGNOSTIC,     4, -4.720152609778e-01, 1.797693134862e+308, 2.7377e+00, 3.7187e-02, 
 2DIAGNOSTIC,     5, -4.829491879569e-01, 1.797693134862e+308, 2.7752e+00, 3.7405e-02, 
 2DIAGNOSTIC,     6, -5.049200244948e-01, 1.797693134862e+308, 2.8131e+00, 3.7997e-02, 
 2DIAGNOSTIC,     7, -5.378014974639e-01, 1.797693134862e+308, 2.8513e+00, 3.8112e-02, 
 2DIAGNOSTIC,     8, -5.783237618319e-01, 1.797693134862e+308, 2.8936e+00, 4.2291e-02, 
 2DIAGNOSTIC,     9, -5.892829176030e-01, 1.797693134862e+308, 2.9393e+00, 4.5728e-02, 
 2DIAGNOSTIC,    10, -5.925617093568e-01, 1.976570174755e-02, 2.9866e+00, 4.7352e-02, 
 2DIAGNOSTIC,    11, -5.956520818905e-01, 1.866925575531e-02, 3.0229e+00, 3.6271e-02, 
 2DIAGNOSTIC,    12, -6.054540788378e-01, 1.661212961154e-02, 3.0693e+00, 4.6374e-02, 
 2DIAGNOSTIC,    13, -6.070811413646e-01, 1.362079655495e-02, 3.1053e+00, 3.6028e-02, 
 2DIAGNOSTIC,    14, -6.070920028591e-01, 1.013464940288e-02, 3.1520e+00, 4.6727e-02, 
 2DIAGNOSTIC,    15, -6.071082849924e-01, 6.647736320390e-03, 3.1935e+00, 4.1452e-02, 
 2DIAGNOSTIC,    16, -6.071885568741e-01, 3.741155890614e-03, 3.2301e+00, 3.6617e-02, 
 2DIAGNOSTIC,    17, -6.074427942021e-01, 1.837329393665e-03, 3.2642e+00, 3.4144e-02, 
 2DIAGNOSTIC,    18, -6.075433923571e-01, 1.143812845234e-03, 3.3049e+00, 4.0627e-02, 
 2DIAGNOSTIC,    19, -6.078691110270e-01, 7.297972821063e-04, 3.3537e+00, 4.8789e-02, 
 2DIAGNOSTIC,    20, -6.080753784662e-01, 3.830522053586e-04, 3.4024e+00, 4.8763e-02, 
 2DIAGNOSTIC,    21, -6.080710036451e-01, 1.045143463422e-04, 3.4403e+00, 3.7829e-02, 
 2DIAGNOSTIC,    22, -6.080271114356e-01, 6.595480142359e-05, 3.4784e+00, 3.8148e-02, 
 2DIAGNOSTIC,    23, -6.080592172947e-01, 6.122070090214e-05, 3.5163e+00, 3.7945e-02, 
 2DIAGNOSTIC,    24, -6.080107172228e-01, 5.046866961862e-05, 3.5493e+00, 3.2980e-02, 
 2DIAGNOSTIC,    25, -6.080016128902e-01, 3.616014634369e-05, 3.5866e+00, 3.7315e-02, 
 2DIAGNOSTIC,    26, -6.079972047730e-01, 2.118862799880e-05, 3.6193e+00, 3.2659e-02, 
 2DIAGNOSTIC,    27, -6.080635153382e-01, 1.149641778179e-05, 3.6526e+00, 3.3346e-02, 
 2DIAGNOSTIC,    28, -6.080560518339e-01, 3.057628019491e-06, 3.6897e+00, 3.7076e-02, 
 2DIAGNOSTIC,    29, -6.083013573463e-01, 4.704738380143e-06, 3.7294e+00, 3.9667e-02, 
 2DIAGNOSTIC,    30, -6.085644435620e-01, 1.352652952339e-05, 3.8173e+00, 8.7933e-02, 
 2DIAGNOSTIC,    31, -6.085643991278e-01, 2.044262930572e-05, 3.8426e+00, 2.5301e-02, 
 2DIAGNOSTIC,    32, -6.085644026341e-01, 2.446636791558e-05, 3.8678e+00, 2.5210e-02, 
 2DIAGNOSTIC,    33, -6.085644085992e-01, 2.655962529281e-05, 3.8929e+00, 2.5027e-02, 
 2DIAGNOSTIC,    34, -6.085644186848e-01, 2.534819013805e-05, 3.9178e+00, 2.4920e-02, 
 2DIAGNOSTIC,    35, -6.085644357362e-01, 2.170648981124e-05, 3.9429e+00, 2.5145e-02, 
 2DIAGNOSTIC,    36, -6.085644645184e-01, 1.625981060856e-05, 3.9672e+00, 2.4303e-02, 
 2DIAGNOSTIC,    37, -6.085645131530e-01, 1.063690339316e-05, 3.9914e+00, 2.4135e-02, 
 2DIAGNOSTIC,    38, -6.085645953184e-01, 4.252228483759e-06, 4.0173e+00, 2.5955e-02, 
DIAGNOSTIC,Iteration,metricValue,convergenceValue,ITERATION_TIME_INDEX,SINCE_LAST
 2DIAGNOSTIC,     1, -5.070086719524e-01, 1.797693134862e+308, 6.5509e+00, 2.5336e+00, 
 2DIAGNOSTIC,     2, -5.073041174115e-01, 1.797693134862e+308, 6.7810e+00, 2.3007e-01, 
 2DIAGNOSTIC,     3, -5.074720524162e-01, 1.797693134862e+308, 7.0081e+00, 2.2708e-01, 
 2DIAGNOSTIC,     4, -5.076049551656e-01, 1.797693134862e+308, 7.2322e+00, 2.2414e-01, 
 2DIAGNOSTIC,     5, -5.077758718967e-01, 1.797693134862e+308, 7.4551e+00, 2.2291e-01, 
 2DIAGNOSTIC,     6, -5.080015203600e-01, 1.797693134862e+308, 7.7380e+00, 2.8289e-01, 
 2DIAGNOSTIC,     7, -5.080688547615e-01, 1.797693134862e+308, 8.0310e+00, 2.9303e-01, 
 2DIAGNOSTIC,     8, -5.081185411361e-01, 1.797693134862e+308, 8.2389e+00, 2.0785e-01, 
 2DIAGNOSTIC,     9, -5.081420902817e-01, 1.797693134862e+308, 8.5325e+00, 2.9361e-01, 
 2DIAGNOSTIC,    10, -5.083515886722e-01, 1.589322372501e-04, 8.8305e+00, 2.9800e-01, 
 2DIAGNOSTIC,    11, -5.084289648807e-01, 1.271032984095e-04, 9.1348e+00, 3.0430e-01, 
 2DIAGNOSTIC,    12, -5.084396424457e-01, 1.036350889965e-04, 9.4319e+00, 2.9705e-01, 
 2DIAGNOSTIC,    13, -5.084288358431e-01, 8.163340110688e-05, 9.8533e+00, 4.2146e-01, 
 2DIAGNOSTIC,    14, -5.084314460502e-01, 6.097138761924e-05, 1.0207e+01, 3.5391e-01, 
 2DIAGNOSTIC,    15, -5.084307179254e-01, 4.372797625617e-05, 1.0488e+01, 2.8053e-01, 
 2DIAGNOSTIC,    16, -5.084318592872e-01, 3.264424012897e-05, 1.0800e+01, 3.1262e-01, 
 2DIAGNOSTIC,    17, -5.084300070983e-01, 2.225906360562e-05, 1.1108e+01, 3.0804e-01, 
 2DIAGNOSTIC,    18, -5.084293084850e-01, 1.277031948276e-05, 1.1460e+01, 3.5145e-01, 
 2DIAGNOSTIC,    19, -5.084264031064e-01, 3.725513443138e-06, 1.1775e+01, 3.1473e-01, 
 2DIAGNOSTIC,    20, -5.084251889070e-01, 1.158247938164e-06, 1.2093e+01, 3.1816e-01, 
DIAGNOSTIC,Iteration,metricValue,convergenceValue,ITERATION_TIME_INDEX,SINCE_LAST
 2DIAGNOSTIC,     1, -4.369517498899e-01, 1.797693134862e+308, 1.7581e+01, 5.4882e+00, 
 2DIAGNOSTIC,     2, -4.370582226678e-01, 1.797693134862e+308, 1.9940e+01, 2.3596e+00, 
 2DIAGNOSTIC,     3, -4.370623146252e-01, 1.797693134862e+308, 2.2428e+01, 2.4877e+00, 
 2DIAGNOSTIC,     4, -4.370610435757e-01, 1.797693134862e+308, 2.4442e+01, 2.0140e+00, 
 2DIAGNOSTIC,     5, -4.370627915345e-01, 1.797693134862e+308, 2.6890e+01, 2.4479e+00, 
 2DIAGNOSTIC,     6, -4.370620444109e-01, 1.797693134862e+308, 2.9231e+01, 2.3404e+00, 
 2DIAGNOSTIC,     7, -4.370621842966e-01, 1.797693134862e+308, 3.1581e+01, 2.3501e+00, 
 2DIAGNOSTIC,     8, -4.370632484228e-01, 1.797693134862e+308, 3.3901e+01, 2.3205e+00, 
 2DIAGNOSTIC,     9, -4.370634928030e-01, 1.797693134862e+308, 3.7146e+01, 3.2450e+00, 
 2DIAGNOSTIC,    10, -4.370634344174e-01, 1.081241863442e-05, 3.9420e+01, 2.2734e+00, 
 2DIAGNOSTIC,    11, -4.370633893933e-01, 3.370810536113e-06, 4.1972e+01, 2.5527e+00, 
 2DIAGNOSTIC,    12, -4.370633480017e-01, 2.888557408334e-06, 4.4083e+01, 2.1112e+00, 
 2DIAGNOSTIC,    13, -4.370630312046e-01, 2.649164383958e-06, 4.6168e+01, 2.0844e+00, 
 2DIAGNOSTIC,    14, -4.370623475616e-01, 2.332169489389e-06, 4.8078e+01, 1.9102e+00, 
 2DIAGNOSTIC,    15, -4.370623731469e-01, 2.131269580305e-06, 4.9984e+01, 1.9059e+00, 
 2DIAGNOSTIC,    16, -4.370622251221e-01, 1.918124492906e-06, 5.1929e+01, 1.9453e+00, 
 2DIAGNOSTIC,    17, -4.370624700948e-01, 1.749958790737e-06, 5.4232e+01, 2.3024e+00, 
 2DIAGNOSTIC,    18, -4.370625348037e-01, 1.652144073189e-06, 5.6578e+01, 2.3469e+00, 
 2DIAGNOSTIC,    19, -4.370623654789e-01, 1.578263486950e-06, 5.8744e+01, 2.1659e+00, 
 2DIAGNOSTIC,    20, -4.370622175873e-01, 1.514239935795e-06, 6.0812e+01, 2.0675e+00, 
 2DIAGNOSTIC,    21, -4.370620685426e-01, 1.457129728911e-06, 6.2806e+01, 1.9946e+00, 
 2DIAGNOSTIC,    22, -4.370621520058e-01, 1.411753370942e-06, 6.4974e+01, 2.1679e+00, 
 2DIAGNOSTIC,    23, -4.370621259726e-01, 1.364096419730e-06, 6.6928e+01, 1.9541e+00, 
 2DIAGNOSTIC,    24, -4.370618758787e-01, 1.296996210383e-06, 6.9290e+01, 2.3611e+00, 
 2DIAGNOSTIC,    25, -4.370615878975e-01, 1.231632878240e-06, 7.1607e+01, 2.3173e+00, 
 2DIAGNOSTIC,    26, -4.370615362515e-01, 1.170102385734e-06, 7.3776e+01, 2.1692e+00, 
 2DIAGNOSTIC,    27, -4.370618049783e-01, 1.130212199003e-06, 7.5779e+01, 2.0030e+00, 
 2DIAGNOSTIC,    28, -4.370625704227e-01, 1.116710055968e-06, 7.8368e+01, 2.5889e+00, 
 2DIAGNOSTIC,    29, -4.370627394760e-01, 1.105731339393e-06, 8.0582e+01, 2.2143e+00, 
 2DIAGNOSTIC,    30, -4.370627518343e-01, 1.092137129746e-06, 8.2900e+01, 2.3181e+00, 
 2DIAGNOSTIC,    31, -4.370648484842e-01, 1.117436875864e-06, 8.4809e+01, 1.9088e+00, 
 2DIAGNOSTIC,    32, -4.370653829803e-01, 1.143613485910e-06, 8.7135e+01, 2.3256e+00, 
 2DIAGNOSTIC,    33, -4.370665815112e-01, 1.177092771719e-06, 8.9442e+01, 2.3067e+00, 
 2DIAGNOSTIC,    34, -4.370671844066e-01, 1.195355002415e-06, 9.2162e+01, 2.7202e+00, 
 2DIAGNOSTIC,    35, -4.370676092007e-01, 1.190700131253e-06, 9.4805e+01, 2.6429e+00, 
 2DIAGNOSTIC,    36, -4.370676407040e-01, 1.158804506921e-06, 9.7502e+01, 2.6978e+00, 
 2DIAGNOSTIC,    37, -4.370673256314e-01, 1.101153326098e-06, 1.0016e+02, 2.6597e+00, 
 2DIAGNOSTIC,    38, -4.370671553309e-01, 1.034093566964e-06, 1.0294e+02, 2.7813e+00, 
DIAGNOSTIC,Iteration,metricValue,convergenceValue,ITERATION_TIME_INDEX,SINCE_LAST
 2DIAGNOSTIC,     1, -3.907158308970e-01, 1.797693134862e+308, 1.2231e+02, 1.9362e+01, 
 2DIAGNOSTIC,     2, -3.908365994189e-01, 1.797693134862e+308, 1.3673e+02, 1.4425e+01, 
 2DIAGNOSTIC,     3, -3.908766531464e-01, 1.797693134862e+308, 1.5677e+02, 2.0038e+01, 
 2DIAGNOSTIC,     4, -3.908780495190e-01, 1.797693134862e+308, 1.6910e+02, 1.2331e+01, 
 2DIAGNOSTIC,     5, -3.908910690229e-01, 1.797693134862e+308, 1.9838e+02, 2.9279e+01, 
 2DIAGNOSTIC,     6, -3.908910798747e-01, 1.797693134862e+308, 2.1661e+02, 1.8231e+01, 
 2DIAGNOSTIC,     7, -3.908910340967e-01, 1.797693134862e+308, 2.3330e+02, 1.6687e+01, 
 2DIAGNOSTIC,     8, -3.908907738602e-01, 1.797693134862e+308, 2.4699e+02, 1.3690e+01, 
 2DIAGNOSTIC,     9, -3.908907307728e-01, 1.797693134862e+308, 2.9743e+02, 5.0447e+01, 
 2DIAGNOSTIC,    10, -3.908907307703e-01, 2.049872347862e-05, 3.4400e+02, 4.6564e+01, 
 2DIAGNOSTIC,    11, -3.908907307703e-01, 7.862164704123e-06, 3.6002e+02, 1.6022e+01, 
 2DIAGNOSTIC,    12, -3.908907307703e-01, 4.148316671282e-06, 3.8617e+02, 2.6149e+01, 
 2DIAGNOSTIC,    13, -3.908907307703e-01, 3.117777158432e-06, 3.9998e+02, 1.3814e+01, 
 2DIAGNOSTIC,    14, -3.908907307703e-01, 2.226728994609e-06, 4.1559e+02, 1.5608e+01, 
 2DIAGNOSTIC,    15, -3.908907307703e-01, 2.089520420703e-06, 4.3563e+02, 2.0036e+01, 
 2DIAGNOSTIC,    16, -3.908907307703e-01, 1.972706034553e-06, 4.5187e+02, 1.6238e+01, 
 2DIAGNOSTIC,    17, -3.908907307703e-01, 1.869400570301e-06, 4.7122e+02, 1.9358e+01, 
 2DIAGNOSTIC,    18, -3.908907307703e-01, 1.767281828109e-06, 4.8555e+02, 1.4324e+01, 
 2DIAGNOSTIC,    19, -3.908907307703e-01, 1.674263899659e-06, 4.9941e+02, 1.3857e+01, 
 2DIAGNOSTIC,    20, -3.908907307703e-01, 1.590547976660e-06, 5.1811e+02, 1.8709e+01, 
 2DIAGNOSTIC,    21, -3.908907307703e-01, 1.514805246162e-06, 5.3380e+02, 1.5688e+01, 
 2DIAGNOSTIC,    22, -3.908907307703e-01, 1.445948422413e-06, 5.4764e+02, 1.3838e+01, 
 2DIAGNOSTIC,    23, -3.908907307703e-01, 1.383079318240e-06, 5.6200e+02, 1.4357e+01, 
 2DIAGNOSTIC,    24, -3.908907307703e-01, 1.325449448357e-06, 5.7648e+02, 1.4486e+01, 
 2DIAGNOSTIC,    25, -3.908907307703e-01, 1.272430088253e-06, 5.9118e+02, 1.4697e+01, 
 2DIAGNOSTIC,    26, -3.908907307703e-01, 1.223489242717e-06, 6.0777e+02, 1.6592e+01, 
 2DIAGNOSTIC,    27, -3.908907307703e-01, 1.178173732477e-06, 6.2159e+02, 1.3823e+01, 
 2DIAGNOSTIC,    28, -3.908907307703e-01, 1.136095119751e-06, 6.3514e+02, 1.3550e+01, 
 2DIAGNOSTIC,    29, -3.908907307703e-01, 1.096918545537e-06, 6.4983e+02, 1.4685e+01, 
 2DIAGNOSTIC,    30, -3.908907307703e-01, 1.060353799667e-06, 6.6410e+02, 1.4267e+01, 
 2DIAGNOSTIC,    31, -3.908907307703e-01, 1.026148119275e-06, 6.7804e+02, 1.3943e+01, 
  Elapsed time (stage 0): 6.8675e+02


Stage 1
  iterations = 1000x500x250x100
  convergence threshold = 1.0000e-06
  convergence window size = 10
  number of levels = 4
  using the Mattes MI metric (number of bins = 32, weight = 1.0000e+00)
  preprocessing:  winsorizing the image intensities
  preprocessing:  histogram matching the images
  Shrink factors (level 1 out of 4): [8, 8, 8]
  Shrink factors (level 2 out of 4): [4, 4, 4]
  Shrink factors (level 3 out of 4): [2, 2, 2]
  Shrink factors (level 4 out of 4): [1, 1, 1]
  smoothing sigmas per level: [3, 2, 1, 0]
  regular sampling (percentage = 2.5000e-01)

*** Running AffineTransform registration ***

DIAGNOSTIC,Iteration,metricValue,convergenceValue,ITERATION_TIME_INDEX,SINCE_LAST
 2DIAGNOSTIC,     1, -6.044397087107e-01, 1.797693134862e+308, 2.5148e+00, 2.5148e+00, 
 2DIAGNOSTIC,     2, -6.058252806991e-01, 1.797693134862e+308, 2.5597e+00, 4.4838e-02, 
 2DIAGNOSTIC,     3, -6.079204681673e-01, 1.797693134862e+308, 2.6044e+00, 4.4718e-02, 
 2DIAGNOSTIC,     4, -6.108578031960e-01, 1.797693134862e+308, 2.6495e+00, 4.5077e-02, 
 2DIAGNOSTIC,     5, -6.136032807346e-01, 1.797693134862e+308, 2.6942e+00, 4.4764e-02, 
 2DIAGNOSTIC,     6, -6.163034546568e-01, 1.797693134862e+308, 2.7400e+00, 4.5770e-02, 
 2DIAGNOSTIC,     7, -6.189771229664e-01, 1.797693134862e+308, 2.7921e+00, 5.2141e-02, 
 2DIAGNOSTIC,     8, -6.197846455243e-01, 1.797693134862e+308, 2.8441e+00, 5.1959e-02, 
 2DIAGNOSTIC,     9, -6.202955752049e-01, 1.797693134862e+308, 2.8898e+00, 4.5760e-02, 
 2DIAGNOSTIC,    10, -6.218063974465e-01, 1.973949741147e-03, 2.9488e+00, 5.8978e-02, 
 2DIAGNOSTIC,    11, -6.224195390951e-01, 1.628534928474e-03, 3.0009e+00, 5.2040e-02, 
 2DIAGNOSTIC,    12, -6.227757257684e-01, 1.261589418823e-03, 3.0554e+00, 5.4513e-02, 
 2DIAGNOSTIC,    13, -6.232696477512e-01, 9.296039788349e-04, 3.1019e+00, 4.6497e-02, 
 2DIAGNOSTIC,    14, -6.234323030651e-01, 6.628335340332e-04, 3.1543e+00, 5.2431e-02, 
 2DIAGNOSTIC,    15, -6.237601487773e-01, 4.644263969591e-04, 3.2132e+00, 5.8940e-02, 
 2DIAGNOSTIC,    16, -6.238780411661e-01, 3.276101575903e-04, 3.2588e+00, 4.5565e-02, 
 2DIAGNOSTIC,    17, -6.244342332907e-01, 2.644924365439e-04, 3.3114e+00, 5.2575e-02, 
 2DIAGNOSTIC,    18, -6.249939844485e-01, 2.189713337216e-04, 3.3709e+00, 5.9559e-02, 
 2DIAGNOSTIC,    19, -6.251211664871e-01, 1.725563323613e-04, 3.4372e+00, 6.6253e-02, 
 2DIAGNOSTIC,    20, -6.252244758200e-01, 1.520254652517e-04, 3.4893e+00, 5.2070e-02, 
 2DIAGNOSTIC,    21, -6.251661710256e-01, 1.316064572600e-04, 3.5378e+00, 4.8510e-02, 
 2DIAGNOSTIC,    22, -6.252564323754e-01, 1.099416623118e-04, 3.5963e+00, 5.8496e-02, 
 2DIAGNOSTIC,    23, -6.252458730307e-01, 8.942172038936e-05, 3.6484e+00, 5.2127e-02, 
 2DIAGNOSTIC,    24, -6.252293522954e-01, 6.510958228079e-05, 3.7004e+00, 5.1977e-02, 
 2DIAGNOSTIC,    25, -6.252188856447e-01, 4.281423608354e-05, 3.7529e+00, 5.2544e-02, 
 2DIAGNOSTIC,    26, -6.252338307793e-01, 2.056040586974e-05, 3.8054e+00, 5.2456e-02, 
 2DIAGNOSTIC,    27, -6.252323055716e-01, 7.302569681858e-06, 3.8647e+00, 5.9346e-02, 
 2DIAGNOSTIC,    28, -6.252208323927e-01, 3.331673176517e-06, 3.9170e+00, 5.2237e-02, 
 2DIAGNOSTIC,    29, -6.252081470506e-01, 1.216992581751e-06, 3.9623e+00, 4.5343e-02, 
DIAGNOSTIC,Iteration,metricValue,convergenceValue,ITERATION_TIME_INDEX,SINCE_LAST
 2DIAGNOSTIC,     1, -5.275212773692e-01, 1.797693134862e+308, 7.2392e+00, 3.2768e+00, 
 2DIAGNOSTIC,     2, -5.280197743914e-01, 1.797693134862e+308, 7.5422e+00, 3.0300e-01, 
 2DIAGNOSTIC,     3, -5.286252184358e-01, 1.797693134862e+308, 7.8346e+00, 2.9248e-01, 
 2DIAGNOSTIC,     4, -5.292371747446e-01, 1.797693134862e+308, 8.1292e+00, 2.9459e-01, 
 2DIAGNOSTIC,     5, -5.296632272189e-01, 1.797693134862e+308, 8.4594e+00, 3.3022e-01, 
 2DIAGNOSTIC,     6, -5.298523302992e-01, 1.797693134862e+308, 8.7511e+00, 2.9165e-01, 
 2DIAGNOSTIC,     7, -5.298918019879e-01, 1.797693134862e+308, 9.0314e+00, 2.8030e-01, 
 2DIAGNOSTIC,     8, -5.299931448985e-01, 1.797693134862e+308, 9.3972e+00, 3.6585e-01, 
 2DIAGNOSTIC,     9, -5.300472545245e-01, 1.797693134862e+308, 9.6767e+00, 2.7950e-01, 
 2DIAGNOSTIC,    10, -5.303210722228e-01, 3.182731212864e-04, 1.0328e+01, 6.5086e-01, 
 2DIAGNOSTIC,    11, -5.303613504011e-01, 2.250654423334e-04, 1.0669e+01, 3.4099e-01, 
 2DIAGNOSTIC,    12, -5.303413905672e-01, 1.488268175716e-04, 1.0952e+01, 2.8333e-01, 
 2DIAGNOSTIC,    13, -5.303384649688e-01, 9.577047149199e-05, 1.1216e+01, 2.6437e-01, 
 2DIAGNOSTIC,    14, -5.303227255626e-01, 6.425654084288e-05, 1.1600e+01, 3.8337e-01, 
 2DIAGNOSTIC,    15, -5.302951449222e-01, 4.525385923852e-05, 1.2107e+01, 5.0730e-01, 
 2DIAGNOSTIC,    16, -5.302846058555e-01, 3.065880872344e-05, 1.2534e+01, 4.2685e-01, 
 2DIAGNOSTIC,    17, -5.302865419648e-01, 1.651730291245e-05, 1.2981e+01, 4.4677e-01, 
 2DIAGNOSTIC,    18, -5.302780739204e-01, 5.422398265925e-06, 1.3495e+01, 5.1398e-01, 
DIAGNOSTIC,Iteration,metricValue,convergenceValue,ITERATION_TIME_INDEX,SINCE_LAST
 2DIAGNOSTIC,     1, -4.574163456482e-01, 1.797693134862e+308, 1.9716e+01, 6.2213e+00, 
 2DIAGNOSTIC,     2, -4.578757007730e-01, 1.797693134862e+308, 2.2428e+01, 2.7117e+00, 
 2DIAGNOSTIC,     3, -4.584381567671e-01, 1.797693134862e+308, 2.5019e+01, 2.5912e+00, 
 2DIAGNOSTIC,     4, -4.588875490214e-01, 1.797693134862e+308, 2.7654e+01, 2.6348e+00, 
 2DIAGNOSTIC,     5, -4.590279135222e-01, 1.797693134862e+308, 3.0910e+01, 3.2559e+00, 
 2DIAGNOSTIC,     6, -4.590640844854e-01, 1.797693134862e+308, 3.4065e+01, 3.1551e+00, 
 2DIAGNOSTIC,     7, -4.590943438662e-01, 1.797693134862e+308, 3.7003e+01, 2.9388e+00, 
 2DIAGNOSTIC,     8, -4.591092521502e-01, 1.797693134862e+308, 3.9657e+01, 2.6530e+00, 
 2DIAGNOSTIC,     9, -4.591949347981e-01, 1.797693134862e+308, 4.2536e+01, 2.8795e+00, 
 2DIAGNOSTIC,    10, -4.592022384115e-01, 2.207751402064e-04, 4.5317e+01, 2.7812e+00, 
 2DIAGNOSTIC,    11, -4.592043343456e-01, 1.298860155651e-04, 4.7422e+01, 2.1042e+00, 
 2DIAGNOSTIC,    12, -4.592018799867e-01, 6.596057244232e-05, 4.9235e+01, 1.8135e+00, 
 2DIAGNOSTIC,    13, -4.592257880999e-01, 3.357223819261e-05, 5.1508e+01, 2.2733e+00, 
 2DIAGNOSTIC,    14, -4.592782835896e-01, 2.495667848701e-05, 5.5199e+01, 3.6904e+00, 
 2DIAGNOSTIC,    15, -4.592792183442e-01, 2.116599314188e-05, 5.8694e+01, 3.4952e+00, 
 2DIAGNOSTIC,    16, -4.592779882725e-01, 1.751960034446e-05, 6.2122e+01, 3.4282e+00, 
 2DIAGNOSTIC,    17, -4.592778493313e-01, 1.402727558881e-05, 6.4750e+01, 2.6278e+00, 
 2DIAGNOSTIC,    18, -4.592776357499e-01, 1.020542181693e-05, 6.7385e+01, 2.6349e+00, 
 2DIAGNOSTIC,    19, -4.592777735561e-01, 8.761558942409e-06, 6.9652e+01, 2.2673e+00, 
 2DIAGNOSTIC,    20, -4.592777055125e-01, 7.030287224208e-06, 7.2052e+01, 2.4001e+00, 
 2DIAGNOSTIC,    21, -4.592774704133e-01, 5.048561620348e-06, 7.4731e+01, 2.6792e+00, 
 2DIAGNOSTIC,    22, -4.592770744454e-01, 2.836413039886e-06, 7.7195e+01, 2.4636e+00, 
 2DIAGNOSTIC,    23, -4.592769760111e-01, 1.287185968729e-06, 7.9334e+01, 2.1392e+00, 
 2DIAGNOSTIC,    24, -4.592768452809e-01, 1.225745197418e-06, 8.1762e+01, 2.4281e+00, 
 2DIAGNOSTIC,    25, -4.592767180255e-01, 1.199329616119e-06, 8.4070e+01, 2.3073e+00, 
 2DIAGNOSTIC,    26, -4.592766012918e-01, 1.150041872719e-06, 8.6312e+01, 2.2427e+00, 
 2DIAGNOSTIC,    27, -4.592767232397e-01, 1.111314176030e-06, 8.8654e+01, 2.3421e+00, 
 2DIAGNOSTIC,    28, -4.592766787812e-01, 1.075738900326e-06, 9.0761e+01, 2.1069e+00, 
 2DIAGNOSTIC,    29, -4.592762931123e-01, 1.042998254125e-06, 9.3749e+01, 2.9880e+00, 
 2DIAGNOSTIC,    30, -4.592760061057e-01, 1.010583207409e-06, 9.6661e+01, 2.9114e+00, 
DIAGNOSTIC,Iteration,metricValue,convergenceValue,ITERATION_TIME_INDEX,SINCE_LAST
 2DIAGNOSTIC,     1, -4.122118631758e-01, 1.797693134862e+308, 1.1843e+02, 2.1771e+01, 
 2DIAGNOSTIC,     2, -4.124125607997e-01, 1.797693134862e+308, 1.3232e+02, 1.3893e+01, 
 2DIAGNOSTIC,     3, -4.125355047340e-01, 1.797693134862e+308, 1.4727e+02, 1.4943e+01, 
 2DIAGNOSTIC,     4, -4.126274104396e-01, 1.797693134862e+308, 1.8238e+02, 3.5114e+01, 
 2DIAGNOSTIC,     5, -4.126275968483e-01, 1.797693134862e+308, 2.0758e+02, 2.5201e+01, 
 2DIAGNOSTIC,     6, -4.126275543492e-01, 1.797693134862e+308, 2.2330e+02, 1.5720e+01, 
 2DIAGNOSTIC,     7, -4.126274914814e-01, 1.797693134862e+308, 2.3939e+02, 1.6082e+01, 
 2DIAGNOSTIC,     8, -4.126274938574e-01, 1.797693134862e+308, 2.5596e+02, 1.6571e+01, 
 2DIAGNOSTIC,     9, -4.126274270507e-01, 1.797693134862e+308, 2.7174e+02, 1.5781e+01, 
 2DIAGNOSTIC,    10, -4.126274126305e-01, 4.919140019222e-05, 2.8987e+02, 1.8130e+01, 
 2DIAGNOSTIC,    11, -4.126274160581e-01, 2.137276480532e-05, 3.0835e+02, 1.8483e+01, 
 2DIAGNOSTIC,    12, -4.126274025193e-01, 7.916248208686e-06, 3.2561e+02, 1.7264e+01, 
 2DIAGNOSTIC,    13, -4.126273866324e-01, 2.429308380084e-06, 3.3882e+02, 1.3205e+01, 
 2DIAGNOSTIC,    14, -4.126273480182e-01, 2.247991172072e-06, 3.6041e+02, 2.1596e+01, 
 2DIAGNOSTIC,    15, -4.126273552361e-01, 2.102051678568e-06, 3.7469e+02, 1.4280e+01, 
 2DIAGNOSTIC,    16, -4.126273328807e-01, 1.973287582752e-06, 3.8854e+02, 1.3850e+01, 
 2DIAGNOSTIC,    17, -4.126272879833e-01, 1.856662757940e-06, 4.0252e+02, 1.3977e+01, 
 2DIAGNOSTIC,    18, -4.126272897170e-01, 1.754642812789e-06, 4.1627e+02, 1.3749e+01, 
 2DIAGNOSTIC,    19, -4.126272952805e-01, 1.662322253952e-06, 4.3231e+02, 1.6036e+01, 
 2DIAGNOSTIC,    20, -4.126272516048e-01, 1.578308122495e-06, 4.4687e+02, 1.4561e+01, 
 2DIAGNOSTIC,    21, -4.126272167806e-01, 1.502461424621e-06, 4.6405e+02, 1.7182e+01, 
 2DIAGNOSTIC,    22, -4.126272032910e-01, 1.433871103351e-06, 4.7977e+02, 1.5721e+01, 
 2DIAGNOSTIC,    23, -4.126271886943e-01, 1.371475432964e-06, 4.9527e+02, 1.5501e+01, 
 2DIAGNOSTIC,    24, -4.126271318806e-01, 1.312593001249e-06, 5.1248e+02, 1.7208e+01, 
 2DIAGNOSTIC,    25, -4.126271352612e-01, 1.259987126127e-06, 5.3053e+02, 1.8049e+01, 
 2DIAGNOSTIC,    26, -4.126271249299e-01, 1.211768994654e-06, 5.4610e+02, 1.5566e+01, 
 2DIAGNOSTIC,    27, -4.126270582047e-01, 1.165361694373e-06, 5.6340e+02, 1.7306e+01, 
 2DIAGNOSTIC,    28, -4.126270362986e-01, 1.123013033483e-06, 5.8103e+02, 1.7632e+01, 
 2DIAGNOSTIC,    29, -4.126269945060e-01, 1.083994406598e-06, 5.9680e+02, 1.5769e+01, 
 2DIAGNOSTIC,    30, -4.126269726971e-01, 1.047314151188e-06, 6.1194e+02, 1.5137e+01, 
 2DIAGNOSTIC,    31, -4.126269516997e-01, 1.012986101674e-06, 6.2743e+02, 1.5491e+01, 
  Elapsed time (stage 1): 6.3707e+02


Total elapsed time: 1.3239e+03

--------------------------------------------------------------------------------------
 Mapping parameters
--------------------------------------------------------------------------------------
 ANTSPATH is /usr/local/software/spack/spack-git/opt/spack/linux-rhel7-broadwell/gcc-5/ants-2.3.4-lj6vm7ccmij4yywr4ynrttcko4aoflqt/bin

 Dimensionality:           3
 Output name prefix:       T1xT2_ANTs
 Fixed images:             /home/ccn30/rds/rds-p00500_encrypt-URQgmO1brZ0/p00500/ENCRYPT_images/25739/T2/N4t2.nii
 Moving images:            /home/ccn30/rds/rds-p00500_encrypt-URQgmO1brZ0/p00500/ENCRYPT_images/25739/mp2rage/n4mag0000_PSIR_skulled_std.nii
 Mask images:              
 Initial transforms:       
 Number of threads:        1
 Spline distance:          26
 Transform type:           a
 MI histogram bins:        32
 Precision:                d
 Use histogram matching    0
======================================================================================
 antsRegistration call:
--------------------------------------------------------------------------------------
/usr/local/software/spack/spack-git/opt/spack/linux-rhel7-broadwell/gcc-5/ants-2.3.4-lj6vm7ccmij4yywr4ynrttcko4aoflqt/bin/antsRegistration --verbose 1 --dimensionality 3 --float 0 --collapse-output-transforms 1 --output [ T1xT2_ANTs,T1xT2_ANTsWarped.nii.gz,T1xT2_ANTsInverseWarped.nii.gz ] --interpolation Linear --use-histogram-matching 0 --winsorize-image-intensities [ 0.005,0.995 ] --initial-moving-transform [ /home/ccn30/rds/rds-p00500_encrypt-URQgmO1brZ0/p00500/ENCRYPT_images/25739/T2/N4t2.nii,/home/ccn30/rds/rds-p00500_encrypt-URQgmO1brZ0/p00500/ENCRYPT_images/25739/mp2rage/n4mag0000_PSIR_skulled_std.nii,1 ] --transform Rigid[ 0.1 ] --metric MI[ /home/ccn30/rds/rds-p00500_encrypt-URQgmO1brZ0/p00500/ENCRYPT_images/25739/T2/N4t2.nii,/home/ccn30/rds/rds-p00500_encrypt-URQgmO1brZ0/p00500/ENCRYPT_images/25739/mp2rage/n4mag0000_PSIR_skulled_std.nii,1,32,Regular,0.25 ] --convergence [ 1000x500x250x0,1e-6,10 ] --shrink-factors 12x8x4x2 --smoothing-sigmas 4x3x2x1vox --transform Affine[ 0.1 ] --metric MI[ /home/ccn30/rds/rds-p00500_encrypt-URQgmO1brZ0/p00500/ENCRYPT_images/25739/T2/N4t2.nii,/home/ccn30/rds/rds-p00500_encrypt-URQgmO1brZ0/p00500/ENCRYPT_images/25739/mp2rage/n4mag0000_PSIR_skulled_std.nii,1,32,Regular,0.25 ] --convergence [ 1000x500x250x0,1e-6,10 ] --shrink-factors 12x8x4x2 --smoothing-sigmas 4x3x2x1vox
--------------------------------------------------------------------------------------
All_Command_lines_OK
Using double precision for computations.
=============================================================================
The composite transform comprises the following transforms (in order): 
  1. Center of mass alignment using fixed image: /home/ccn30/rds/rds-p00500_encrypt-URQgmO1brZ0/p00500/ENCRYPT_images/25739/T2/N4t2.nii and moving image: /home/ccn30/rds/rds-p00500_encrypt-URQgmO1brZ0/p00500/ENCRYPT_images/25739/mp2rage/n4mag0000_PSIR_skulled_std.nii (type = Euler3DTransform)
=============================================================================
  number of levels = 4
  number of levels = 4
  fixed image: /home/ccn30/rds/rds-p00500_encrypt-URQgmO1brZ0/p00500/ENCRYPT_images/25739/T2/N4t2.nii
  moving image: /home/ccn30/rds/rds-p00500_encrypt-URQgmO1brZ0/p00500/ENCRYPT_images/25739/mp2rage/n4mag0000_PSIR_skulled_std.nii
  fixed image: /home/ccn30/rds/rds-p00500_encrypt-URQgmO1brZ0/p00500/ENCRYPT_images/25739/T2/N4t2.nii
  moving image: /home/ccn30/rds/rds-p00500_encrypt-URQgmO1brZ0/p00500/ENCRYPT_images/25739/mp2rage/n4mag0000_PSIR_skulled_std.nii
Dimension = 3
Number of stages = 2
Use Histogram Matching false
Winsorize image intensities true
Lower quantile = 0.005
Upper quantile = 0.995
Stage 1 State
   Image metric = Mattes
     Fixed image = Image (0x41feb30)
  RTTI typeinfo:   itk::Image<double, 3u>
  Reference Count: 2
  Modified Time: 1709
  Debug: Off
  Object Name: 
  Observers: 
    none
  Source: (none)
  Source output name: (none)
  Release Data: Off
  Data Released: False
  Global Release Data: Off
  PipelineMTime: 0
  UpdateMTime: 1492
  RealTimeStamp: 0 seconds 
  LargestPossibleRegion: 
    Dimension: 3
    Index: [0, 0, 0]
    Size: [512, 512, 54]
  BufferedRegion: 
    Dimension: 3
    Index: [0, 0, 0]
    Size: [512, 512, 54]
  RequestedRegion: 
    Dimension: 3
    Index: [0, 0, 0]
    Size: [512, 512, 54]
  Spacing: [0.4375, 0.4375, 1.1]
  Origin: [-112, 3.38866, -115.412]
  Direction: 
1 1.22235e-11 -7.38822e-12
1.22235e-11 -0.464842 0.885394
-7.38822e-12 0.885394 0.464842

  IndexToPointMatrix: 
0.4375 5.34777e-12 -8.12704e-12
5.34777e-12 -0.203368 0.973933
-3.23235e-12 0.38736 0.511326

  PointToIndexMatrix: 
2.28571 2.79393e-11 -1.68874e-11
2.79393e-11 -1.0625 2.02376
-6.71657e-12 0.804903 0.422584

  Inverse Direction: 
1 1.22235e-11 -7.38822e-12
1.22235e-11 -0.464842 0.885394
-7.38822e-12 0.885394 0.464842

  PixelContainer: 
    ImportImageContainer (0x41fb780)
      RTTI typeinfo:   itk::ImportImageContainer<unsigned long, double>
      Reference Count: 1
      Modified Time: 1489
      Debug: Off
      Object Name: 
      Observers: 
        none
      Pointer: 0x2ac8536aa010
      Container manages memory: true
      Size: 14155776
      Capacity: 14155776

     Moving image = Image (0x41fd290)
  RTTI typeinfo:   itk::Image<double, 3u>
  Reference Count: 2
  Modified Time: 1710
  Debug: Off
  Object Name: 
  Observers: 
    none
  Source: (none)
  Source output name: (none)
  Release Data: Off
  Data Released: False
  Global Release Data: Off
  PipelineMTime: 0
  UpdateMTime: 1707
  RealTimeStamp: 0 seconds 
  LargestPossibleRegion: 
    Dimension: 3
    Index: [0, 0, 0]
    Size: [224, 320, 320]
  BufferedRegion: 
    Dimension: 3
    Index: [0, 0, 0]
    Size: [224, 320, 320]
  RequestedRegion: 
    Dimension: 3
    Index: [0, 0, 0]
    Size: [224, 320, 320]
  Spacing: [0.7, 0.7, 0.7]
  Origin: [-76.8093, 72.869, -111.3]
  Direction: 
1 0 0
0 -1 0
0 0 1

  IndexToPointMatrix: 
0.7 0 0
0 -0.7 0
0 0 0.7

  PointToIndexMatrix: 
1.42857 0 0
0 -1.42857 0
0 0 1.42857

  Inverse Direction: 
1 0 0
0 -1 0
0 0 1

  PixelContainer: 
    ImportImageContainer (0x41fbb80)
      RTTI typeinfo:   itk::ImportImageContainer<unsigned long, double>
      Reference Count: 1
      Modified Time: 1704
      Debug: Off
      Object Name: 
      Observers: 
        none
      Pointer: 0x2ac85a2ab010
      Container manages memory: true
      Size: 22937600
      Capacity: 22937600

     Weighting = 1
     Sampling strategy = regular
     Number of bins = 32
     Radius = 4
     Sampling percentage  = 0.25
   Transform = Rigid
     Gradient step = 0.1
     Update field sigma (voxel space) = 0
     Total field sigma (voxel space) = 0
     Update field time sigma = 0
     Total field time sigma  = 0
     Number of time indices = 0
     Number of time point samples = 0
Stage 2 State
   Image metric = Mattes
     Fixed image = Image (0x4210350)
  RTTI typeinfo:   itk::Image<double, 3u>
  Reference Count: 2
  Modified Time: 2141
  Debug: Off
  Object Name: 
  Observers: 
    none
  Source: (none)
  Source output name: (none)
  Release Data: Off
  Data Released: False
  Global Release Data: Off
  PipelineMTime: 0
  UpdateMTime: 1924
  RealTimeStamp: 0 seconds 
  LargestPossibleRegion: 
    Dimension: 3
    Index: [0, 0, 0]
    Size: [512, 512, 54]
  BufferedRegion: 
    Dimension: 3
    Index: [0, 0, 0]
    Size: [512, 512, 54]
  RequestedRegion: 
    Dimension: 3
    Index: [0, 0, 0]
    Size: [512, 512, 54]
  Spacing: [0.4375, 0.4375, 1.1]
  Origin: [-112, 3.38866, -115.412]
  Direction: 
1 1.22235e-11 -7.38822e-12
1.22235e-11 -0.464842 0.885394
-7.38822e-12 0.885394 0.464842

  IndexToPointMatrix: 
0.4375 5.34777e-12 -8.12704e-12
5.34777e-12 -0.203368 0.973933
-3.23235e-12 0.38736 0.511326

  PointToIndexMatrix: 
2.28571 2.79393e-11 -1.68874e-11
2.79393e-11 -1.0625 2.02376
-6.71657e-12 0.804903 0.422584

  Inverse Direction: 
1 1.22235e-11 -7.38822e-12
1.22235e-11 -0.464842 0.885394
-7.38822e-12 0.885394 0.464842

  PixelContainer: 
    ImportImageContainer (0x420acc0)
      RTTI typeinfo:   itk::ImportImageContainer<unsigned long, double>
      Reference Count: 1
      Modified Time: 1921
      Debug: Off
      Object Name: 
      Observers: 
        none
      Pointer: 0x2ac8651ac010
      Container manages memory: true
      Size: 14155776
      Capacity: 14155776

     Moving image = Image (0x4214ea0)
  RTTI typeinfo:   itk::Image<double, 3u>
  Reference Count: 2
  Modified Time: 2142
  Debug: Off
  Object Name: 
  Observers: 
    none
  Source: (none)
  Source output name: (none)
  Release Data: Off
  Data Released: False
  Global Release Data: Off
  PipelineMTime: 0
  UpdateMTime: 2139
  RealTimeStamp: 0 seconds 
  LargestPossibleRegion: 
    Dimension: 3
    Index: [0, 0, 0]
    Size: [224, 320, 320]
  BufferedRegion: 
    Dimension: 3
    Index: [0, 0, 0]
    Size: [224, 320, 320]
  RequestedRegion: 
    Dimension: 3
    Index: [0, 0, 0]
    Size: [224, 320, 320]
  Spacing: [0.7, 0.7, 0.7]
  Origin: [-76.8093, 72.869, -111.3]
  Direction: 
1 0 0
0 -1 0
0 0 1

  IndexToPointMatrix: 
0.7 0 0
0 -0.7 0
0 0 0.7

  PointToIndexMatrix: 
1.42857 0 0
0 -1.42857 0
0 0 1.42857

  Inverse Direction: 
1 0 0
0 -1 0
0 0 1

  PixelContainer: 
    ImportImageContainer (0x42013d0)
      RTTI typeinfo:   itk::ImportImageContainer<unsigned long, double>
      Reference Count: 1
      Modified Time: 2136
      Debug: Off
      Object Name: 
      Observers: 
        none
      Pointer: 0x2ac86bdad010
      Container manages memory: true
      Size: 22937600
      Capacity: 22937600

     Weighting = 1
     Sampling strategy = regular
     Number of bins = 32
     Radius = 4
     Sampling percentage  = 0.25
   Transform = Affine
     Gradient step = 0.1
     Update field sigma (voxel space) = 0
     Total field sigma (voxel space) = 0
     Update field time sigma = 0
     Total field time sigma  = 0
     Number of time indices = 0
     Number of time point samples = 0
Registration using 2 total stages.

Stage 0
  iterations = 1000x500x250x0
  convergence threshold = 1e-06
  convergence window size = 10
  number of levels = 4
  using the Mattes MI metric (number of bins = 32, weight = 1)
  preprocessing:  winsorizing the image intensities
  Shrink factors (level 1 out of 4): [12, 12, 5]
  Shrink factors (level 2 out of 4): [8, 8, 3]
  Shrink factors (level 3 out of 4): [4, 4, 2]
  Shrink factors (level 4 out of 4): [2, 2, 1]
  smoothing sigmas per level: [4, 3, 2, 1]
  regular sampling (percentage = 0.25)

*** Running Euler3DTransform registration ***

DIAGNOSTIC,Iteration,metricValue,convergenceValue,ITERATION_TIME_INDEX,SINCE_LAST
 2DIAGNOSTIC,     1, -5.101547678614e-01, 1.797693134862e+308, 3.7592e+00, 3.7592e+00, 
 2DIAGNOSTIC,     2, -5.113298729469e-01, 1.797693134862e+308, 3.7723e+00, 1.3098e-02, 
 2DIAGNOSTIC,     3, -5.122234076039e-01, 1.797693134862e+308, 3.7858e+00, 1.3557e-02, 
 2DIAGNOSTIC,     4, -5.138299410644e-01, 1.797693134862e+308, 3.7994e+00, 1.3586e-02, 
 2DIAGNOSTIC,     5, -5.183485585318e-01, 1.797693134862e+308, 3.8126e+00, 1.3158e-02, 
 2DIAGNOSTIC,     6, -5.259651547861e-01, 1.797693134862e+308, 3.8258e+00, 1.3250e-02, 
 2DIAGNOSTIC,     7, -5.377621848046e-01, 1.797693134862e+308, 3.8395e+00, 1.3687e-02, 
 2DIAGNOSTIC,     8, -5.456482973985e-01, 1.797693134862e+308, 3.8550e+00, 1.5529e-02, 
 2DIAGNOSTIC,     9, -5.475098016678e-01, 1.797693134862e+308, 3.8747e+00, 1.9629e-02, 
 2DIAGNOSTIC,    10, -5.491292644609e-01, 5.743606976194e-03, 3.8902e+00, 1.5541e-02, 
 2DIAGNOSTIC,    11, -5.504640034253e-01, 5.358551512364e-03, 3.9060e+00, 1.5798e-02, 
 2DIAGNOSTIC,    12, -5.506763913905e-01, 4.615187544765e-03, 3.9218e+00, 1.5827e-02, 
 2DIAGNOSTIC,    13, -5.507969928971e-01, 3.615723114430e-03, 3.9361e+00, 1.4237e-02, 
 2DIAGNOSTIC,    14, -5.507926036901e-01, 2.501216660542e-03, 3.9499e+00, 1.3807e-02, 
 2DIAGNOSTIC,    15, -5.509801928965e-01, 1.479308783831e-03, 3.9639e+00, 1.4054e-02, 
 2DIAGNOSTIC,    16, -5.512649321695e-01, 7.071637975528e-04, 3.9779e+00, 1.3959e-02, 
 2DIAGNOSTIC,    17, -5.517882006545e-01, 3.410669963205e-04, 3.9979e+00, 1.9979e-02, 
 2DIAGNOSTIC,    18, -5.518868756611e-01, 2.191609591883e-04, 4.0139e+00, 1.6072e-02, 
 2DIAGNOSTIC,    19, -5.521912900458e-01, 1.498946987244e-04, 4.0296e+00, 1.5682e-02, 
 2DIAGNOSTIC,    20, -5.526098818270e-01, 1.266978025630e-04, 4.0455e+00, 1.5844e-02, 
 2DIAGNOSTIC,    21, -5.527402129321e-01, 1.303748866624e-04, 4.0610e+00, 1.5572e-02, 
 2DIAGNOSTIC,    22, -5.530148669862e-01, 1.332263852490e-04, 4.0762e+00, 1.5224e-02, 
 2DIAGNOSTIC,    23, -5.535970187651e-01, 1.396169824337e-04, 4.0922e+00, 1.5990e-02, 
 2DIAGNOSTIC,    24, -5.537845296764e-01, 1.362664342713e-04, 4.1278e+00, 3.5579e-02, 
 2DIAGNOSTIC,    25, -5.537810672388e-01, 1.243348686583e-04, 4.1410e+00, 1.3206e-02, 
 2DIAGNOSTIC,    26, -5.538051291136e-01, 1.079628730606e-04, 4.1566e+00, 1.5577e-02, 
 2DIAGNOSTIC,    27, -5.538284174471e-01, 9.343174807928e-05, 4.1704e+00, 1.3780e-02, 
 2DIAGNOSTIC,    28, -5.537135501676e-01, 7.071055185064e-05, 4.1838e+00, 1.3435e-02, 
 2DIAGNOSTIC,    29, -5.537704704917e-01, 4.940151716331e-05, 4.1996e+00, 1.5811e-02, 
 2DIAGNOSTIC,    30, -5.539565398392e-01, 3.560386245729e-05, 4.2150e+00, 1.5353e-02, 
 2DIAGNOSTIC,    31, -5.538367907911e-01, 1.954372782519e-05, 4.2290e+00, 1.4050e-02, 
 2DIAGNOSTIC,    32, -5.537143737060e-01, 5.105202041188e-06, 4.2444e+00, 1.5407e-02, 
DIAGNOSTIC,Iteration,metricValue,convergenceValue,ITERATION_TIME_INDEX,SINCE_LAST
 2DIAGNOSTIC,     1, -4.573814612545e-01, 1.797693134862e+308, 8.1074e+00, 3.8629e+00, 
 2DIAGNOSTIC,     2, -4.589154398175e-01, 1.797693134862e+308, 8.1618e+00, 5.4457e-02, 
 2DIAGNOSTIC,     3, -4.607084382920e-01, 1.797693134862e+308, 8.2155e+00, 5.3647e-02, 
 2DIAGNOSTIC,     4, -4.622720041494e-01, 1.797693134862e+308, 8.2685e+00, 5.3031e-02, 
 2DIAGNOSTIC,     5, -4.631758352905e-01, 1.797693134862e+308, 8.3215e+00, 5.2957e-02, 
 2DIAGNOSTIC,     6, -4.634317115358e-01, 1.797693134862e+308, 8.3911e+00, 6.9595e-02, 
 2DIAGNOSTIC,     7, -4.635165262504e-01, 1.797693134862e+308, 8.4620e+00, 7.0893e-02, 
 2DIAGNOSTIC,     8, -4.635471081231e-01, 1.797693134862e+308, 8.5158e+00, 5.3793e-02, 
 2DIAGNOSTIC,     9, -4.636925823322e-01, 1.797693134862e+308, 8.5690e+00, 5.3223e-02, 
 2DIAGNOSTIC,    10, -4.638105384960e-01, 8.162864213027e-04, 8.6312e+00, 6.2259e-02, 
 2DIAGNOSTIC,    11, -4.638273193700e-01, 4.951847444828e-04, 8.6923e+00, 6.1058e-02, 
 2DIAGNOSTIC,    12, -4.638520460285e-01, 2.626185790542e-04, 8.7541e+00, 6.1783e-02, 
 2DIAGNOSTIC,    13, -4.638669353716e-01, 1.265333724406e-04, 8.8228e+00, 6.8744e-02, 
 2DIAGNOSTIC,    14, -4.638784102174e-01, 6.673361803994e-05, 8.8764e+00, 5.3568e-02, 
 2DIAGNOSTIC,    15, -4.639024190544e-01, 4.670931222778e-05, 8.9308e+00, 5.4421e-02, 
 2DIAGNOSTIC,    16, -4.639090400237e-01, 3.515202515125e-05, 9.0266e+00, 9.5800e-02, 
 2DIAGNOSTIC,    17, -4.639103100954e-01, 2.510739446104e-05, 9.0880e+00, 6.1404e-02, 
 2DIAGNOSTIC,    18, -4.639125207403e-01, 1.507125586496e-05, 9.1411e+00, 5.3134e-02, 
 2DIAGNOSTIC,    19, -4.639136793642e-01, 9.500913119645e-06, 9.1952e+00, 5.4014e-02, 
 2DIAGNOSTIC,    20, -4.639154520742e-01, 7.424626322333e-06, 9.2489e+00, 5.3720e-02, 
 2DIAGNOSTIC,    21, -4.639171319787e-01, 5.526861886464e-06, 9.3029e+00, 5.3984e-02, 
 2DIAGNOSTIC,    22, -4.639450126667e-01, 4.896413412163e-06, 9.3738e+00, 7.0981e-02, 
 2DIAGNOSTIC,    23, -4.639723710738e-01, 5.106230175501e-06, 9.4780e+00, 1.0419e-01, 
 2DIAGNOSTIC,    24, -4.639726655030e-01, 5.224084902007e-06, 9.5400e+00, 6.1972e-02, 
 2DIAGNOSTIC,    25, -4.639733490022e-01, 5.587361531945e-06, 9.5939e+00, 5.3942e-02, 
 2DIAGNOSTIC,    26, -4.639509779372e-01, 5.152440047881e-06, 9.6559e+00, 6.1906e-02, 
 2DIAGNOSTIC,    27, -4.639511850611e-01, 4.414682822383e-06, 9.7174e+00, 6.1583e-02, 
 2DIAGNOSTIC,    28, -4.639512002644e-01, 3.455511556401e-06, 9.7888e+00, 7.1406e-02, 
 2DIAGNOSTIC,    29, -4.639512039483e-01, 2.367263592963e-06, 9.8507e+00, 6.1888e-02, 
 2DIAGNOSTIC,    30, -4.639512049293e-01, 1.284526194668e-06, 9.9130e+00, 6.2243e-02, 
DIAGNOSTIC,Iteration,metricValue,convergenceValue,ITERATION_TIME_INDEX,SINCE_LAST
 2DIAGNOSTIC,     1, -3.989900210983e-01, 1.797693134862e+308, 1.3967e+01, 4.0544e+00, 
 2DIAGNOSTIC,     2, -4.008631612121e-01, 1.797693134862e+308, 1.4269e+01, 3.0184e-01, 
 2DIAGNOSTIC,     3, -4.025630897734e-01, 1.797693134862e+308, 1.4571e+01, 3.0205e-01, 
 2DIAGNOSTIC,     4, -4.033770074473e-01, 1.797693134862e+308, 1.4875e+01, 3.0389e-01, 
 2DIAGNOSTIC,     5, -4.036454337407e-01, 1.797693134862e+308, 1.5178e+01, 3.0308e-01, 
 2DIAGNOSTIC,     6, -4.041801690269e-01, 1.797693134862e+308, 1.5477e+01, 2.9900e-01, 
 2DIAGNOSTIC,     7, -4.047204262493e-01, 1.797693134862e+308, 1.5876e+01, 3.9844e-01, 
 2DIAGNOSTIC,     8, -4.048126878617e-01, 1.797693134862e+308, 1.6273e+01, 3.9777e-01, 
 2DIAGNOSTIC,     9, -4.048520861874e-01, 1.797693134862e+308, 1.6670e+01, 3.9683e-01, 
 2DIAGNOSTIC,    10, -4.048832394143e-01, 8.258098595064e-04, 1.7021e+01, 3.5032e-01, 
 2DIAGNOSTIC,    11, -4.049474725423e-01, 5.012135961050e-04, 1.7371e+01, 3.5051e-01, 
 2DIAGNOSTIC,    12, -4.049669152661e-01, 2.945554006297e-04, 1.7672e+01, 3.0070e-01, 
 2DIAGNOSTIC,    13, -4.049744186674e-01, 1.851358394415e-04, 1.8013e+01, 3.4098e-01, 
 2DIAGNOSTIC,    14, -4.049749157962e-01, 1.161299278179e-04, 1.8300e+01, 2.8677e-01, 
 2DIAGNOSTIC,    15, -4.049846300790e-01, 5.864020430869e-05, 1.8632e+01, 3.3250e-01, 
 2DIAGNOSTIC,    16, -4.050217305078e-01, 2.765467461176e-05, 1.9091e+01, 4.5849e-01, 
 2DIAGNOSTIC,    17, -4.050163491865e-01, 1.996441487234e-05, 1.9414e+01, 3.2366e-01, 
 2DIAGNOSTIC,    18, -4.050163752092e-01, 1.509960927095e-05, 1.9691e+01, 2.7704e-01, 
 2DIAGNOSTIC,    19, -4.050109407653e-01, 1.079497719015e-05, 1.9969e+01, 2.7726e-01, 
 2DIAGNOSTIC,    20, -4.050153033124e-01, 7.262868141462e-06, 2.0246e+01, 2.7708e-01, 
 2DIAGNOSTIC,    21, -4.050142242879e-01, 5.611259782864e-06, 2.0563e+01, 3.1761e-01, 
 2DIAGNOSTIC,    22, -4.050141893540e-01, 4.344845627467e-06, 2.0838e+01, 2.7482e-01, 
 2DIAGNOSTIC,    23, -4.050094714000e-01, 3.027650087854e-06, 2.1196e+01, 3.5845e-01, 
 2DIAGNOSTIC,    24, -4.050094875020e-01, 1.689536871373e-06, 2.2239e+01, 1.0426e+00, 
DIAGNOSTIC,Iteration,metricValue,convergenceValue,ITERATION_TIME_INDEX,SINCE_LAST
 2DIAGNOSTIC,     1, -3.586295257632e-01, 1.797693134862e+308, 2.7407e+01, 5.1680e+00, 
  Elapsed time (stage 0): 2.9071e+01


Stage 1
  iterations = 1000x500x250x0
  convergence threshold = 1.0000e-06
  convergence window size = 10
  number of levels = 4
  using the Mattes MI metric (number of bins = 32, weight = 1.0000e+00)
  preprocessing:  winsorizing the image intensities
  Shrink factors (level 1 out of 4): [12, 12, 5]
  Shrink factors (level 2 out of 4): [8, 8, 3]
  Shrink factors (level 3 out of 4): [4, 4, 2]
  Shrink factors (level 4 out of 4): [2, 2, 1]
  smoothing sigmas per level: [4, 3, 2, 1]
  regular sampling (percentage = 2.5000e-01)

*** Running AffineTransform registration ***

DIAGNOSTIC,Iteration,metricValue,convergenceValue,ITERATION_TIME_INDEX,SINCE_LAST
 2DIAGNOSTIC,     1, -5.379485604520e-01, 1.797693134862e+308, 3.3713e+00, 3.3713e+00, 
 2DIAGNOSTIC,     2, -5.407250843286e-01, 1.797693134862e+308, 3.3827e+00, 1.1429e-02, 
 2DIAGNOSTIC,     3, -5.456787458538e-01, 1.797693134862e+308, 3.3942e+00, 1.1415e-02, 
 2DIAGNOSTIC,     4, -5.516172881808e-01, 1.797693134862e+308, 3.4057e+00, 1.1493e-02, 
 2DIAGNOSTIC,     5, -5.571836933362e-01, 1.797693134862e+308, 3.4170e+00, 1.1357e-02, 
 2DIAGNOSTIC,     6, -5.599410857672e-01, 1.797693134862e+308, 3.4291e+00, 1.2079e-02, 
 2DIAGNOSTIC,     7, -5.621111881577e-01, 1.797693134862e+308, 3.4410e+00, 1.1952e-02, 
 2DIAGNOSTIC,     8, -5.668448056172e-01, 1.797693134862e+308, 3.4542e+00, 1.3160e-02, 
 2DIAGNOSTIC,     9, -5.681713484395e-01, 1.797693134862e+308, 3.4849e+00, 3.0708e-02, 
 2DIAGNOSTIC,    10, -5.681713348909e-01, 3.808204861262e-03, 3.4967e+00, 1.1837e-02, 
 2DIAGNOSTIC,    11, -5.681713848831e-01, 2.952726694348e-03, 3.5088e+00, 1.2099e-02, 
 2DIAGNOSTIC,    12, -5.681714694071e-01, 2.095313246212e-03, 3.5210e+00, 1.2139e-02, 
 2DIAGNOSTIC,    13, -5.681716122852e-01, 1.371306500180e-03, 3.5329e+00, 1.1875e-02, 
 2DIAGNOSTIC,    14, -5.681718537446e-01, 8.389544710399e-04, 3.5446e+00, 1.1694e-02, 
 2DIAGNOSTIC,    15, -5.681722616346e-01, 4.913447274404e-04, 3.5564e+00, 1.1847e-02, 
 2DIAGNOSTIC,    16, -5.681729502577e-01, 2.309007146922e-04, 3.5687e+00, 1.2313e-02, 
 2DIAGNOSTIC,    17, -5.681741108608e-01, 4.158392120382e-05, 3.5806e+00, 1.1934e-02, 
 2DIAGNOSTIC,    18, -5.681760544307e-01, 2.031817103641e-06, 3.5924e+00, 1.1728e-02, 
 2DIAGNOSTIC,    19, -5.681793139090e-01, 2.082500521389e-06, 3.6042e+00, 1.1854e-02, 
 2DIAGNOSTIC,    20, -5.681847535910e-01, 2.227633112022e-06, 3.6160e+00, 1.1734e-02, 
 2DIAGNOSTIC,    21, -5.681936847207e-01, 2.514874513637e-06, 3.6279e+00, 1.1967e-02, 
 2DIAGNOSTIC,    22, -5.682081892325e-01, 3.015193827685e-06, 3.6400e+00, 1.2044e-02, 
 2DIAGNOSTIC,    23, -5.682314114233e-01, 3.833465690953e-06, 3.6542e+00, 1.4187e-02, 
 2DIAGNOSTIC,    24, -5.682412564073e-01, 4.558036299965e-06, 3.6658e+00, 1.1602e-02, 
 2DIAGNOSTIC,    25, -5.681773331773e-01, 3.642416321552e-06, 3.6773e+00, 1.1513e-02, 
 2DIAGNOSTIC,    26, -5.682018786218e-01, 3.107147828856e-06, 3.6891e+00, 1.1782e-02, 
 2DIAGNOSTIC,    27, -5.682393128225e-01, 3.126258002646e-06, 3.7012e+00, 1.2154e-02, 
 2DIAGNOSTIC,    28, -5.682775045767e-01, 3.644477204905e-06, 3.7133e+00, 1.2099e-02, 
 2DIAGNOSTIC,    29, -5.681912956185e-01, 2.448101979517e-06, 3.7266e+00, 1.3260e-02, 
 2DIAGNOSTIC,    30, -5.682418257379e-01, 2.225398893697e-06, 3.7383e+00, 1.1750e-02, 
DIAGNOSTIC,Iteration,metricValue,convergenceValue,ITERATION_TIME_INDEX,SINCE_LAST
 2DIAGNOSTIC,     1, -4.661315063790e-01, 1.797693134862e+308, 7.2322e+00, 3.4938e+00, 
 2DIAGNOSTIC,     2, -4.672980639505e-01, 1.797693134862e+308, 7.2818e+00, 4.9612e-02, 
 2DIAGNOSTIC,     3, -4.685889872889e-01, 1.797693134862e+308, 7.3318e+00, 4.9990e-02, 
 2DIAGNOSTIC,     4, -4.696796966651e-01, 1.797693134862e+308, 7.3816e+00, 4.9851e-02, 
 2DIAGNOSTIC,     5, -4.704934559823e-01, 1.797693134862e+308, 7.4310e+00, 4.9396e-02, 
 2DIAGNOSTIC,     6, -4.710588768341e-01, 1.797693134862e+308, 7.4806e+00, 4.9629e-02, 
 2DIAGNOSTIC,     7, -4.713438304498e-01, 1.797693134862e+308, 7.5299e+00, 4.9235e-02, 
 2DIAGNOSTIC,     8, -4.715755416192e-01, 1.797693134862e+308, 7.6076e+00, 7.7698e-02, 
 2DIAGNOSTIC,     9, -4.716052643449e-01, 1.797693134862e+308, 7.6570e+00, 4.9382e-02, 
 2DIAGNOSTIC,    10, -4.716636562995e-01, 7.447682659007e-04, 7.7065e+00, 4.9493e-02, 
 2DIAGNOSTIC,    11, -4.719023079056e-01, 5.082121843642e-04, 7.7776e+00, 7.1143e-02, 
 2DIAGNOSTIC,    12, -4.720154754333e-01, 3.291582334425e-04, 7.8343e+00, 5.6698e-02, 
 2DIAGNOSTIC,    13, -4.720759381549e-01, 2.102981431607e-04, 7.8912e+00, 5.6874e-02, 
 2DIAGNOSTIC,    14, -4.720917893764e-01, 1.369122941497e-04, 7.9408e+00, 4.9655e-02, 
 2DIAGNOSTIC,    15, -4.721068513056e-01, 9.406247524793e-05, 7.9905e+00, 4.9689e-02, 
 2DIAGNOSTIC,    16, -4.721259052570e-01, 6.987771847045e-05, 8.0474e+00, 5.6840e-02, 
 2DIAGNOSTIC,    17, -4.721491613399e-01, 5.294090833807e-05, 8.0965e+00, 4.9195e-02, 
 2DIAGNOSTIC,    18, -4.722264915243e-01, 4.360500163442e-05, 8.1673e+00, 7.0750e-02, 
 2DIAGNOSTIC,    19, -4.722475569579e-01, 3.301931733533e-05, 8.3444e+00, 1.7707e-01, 
 2DIAGNOSTIC,    20, -4.722475566095e-01, 2.221878199844e-05, 8.3938e+00, 4.9432e-02, 
 2DIAGNOSTIC,    21, -4.722475573168e-01, 1.734978087280e-05, 8.4430e+00, 4.9213e-02, 
 2DIAGNOSTIC,    22, -4.722475585129e-01, 1.450267158790e-05, 8.4922e+00, 4.9206e-02, 
 2DIAGNOSTIC,    23, -4.722475605352e-01, 1.223061813454e-05, 8.5415e+00, 4.9254e-02, 
 2DIAGNOSTIC,    24, -4.722475639546e-01, 9.518489234951e-06, 8.5909e+00, 4.9463e-02, 
 2DIAGNOSTIC,    25, -4.722475697357e-01, 6.640331623183e-06, 8.6400e+00, 4.9095e-02, 
 2DIAGNOSTIC,    26, -4.722475795088e-01, 3.935696391344e-06, 8.6890e+00, 4.8961e-02, 
 2DIAGNOSTIC,    27, -4.722475960270e-01, 1.652434220963e-06, 8.7379e+00, 4.8929e-02, 
 2DIAGNOSTIC,    28, -4.722476239376e-01, 1.140806572077e-06, 8.7869e+00, 4.8949e-02, 
 2DIAGNOSTIC,    29, -4.722476710703e-01, 1.103186564516e-06, 8.8357e+00, 4.8863e-02, 
 2DIAGNOSTIC,    30, -4.722477505888e-01, 1.069241984480e-06, 8.8843e+00, 4.8543e-02, 
 2DIAGNOSTIC,    31, -4.722478846185e-01, 1.039411863510e-06, 8.9326e+00, 4.8374e-02, 
 2DIAGNOSTIC,    32, -4.722481102388e-01, 1.014578422685e-06, 8.9809e+00, 4.8305e-02, 
DIAGNOSTIC,Iteration,metricValue,convergenceValue,ITERATION_TIME_INDEX,SINCE_LAST
 2DIAGNOSTIC,     1, -4.035741671912e-01, 1.797693134862e+308, 1.2702e+01, 3.7213e+00, 
 2DIAGNOSTIC,     2, -4.055859455293e-01, 1.797693134862e+308, 1.3008e+01, 3.0602e-01, 
 2DIAGNOSTIC,     3, -4.079218957720e-01, 1.797693134862e+308, 1.3322e+01, 3.1394e-01, 
 2DIAGNOSTIC,     4, -4.097574836174e-01, 1.797693134862e+308, 1.3632e+01, 3.0933e-01, 
 2DIAGNOSTIC,     5, -4.107469939877e-01, 1.797693134862e+308, 1.3938e+01, 3.0668e-01, 
 2DIAGNOSTIC,     6, -4.114122247437e-01, 1.797693134862e+308, 1.4328e+01, 3.8940e-01, 
 2DIAGNOSTIC,     7, -4.116732420761e-01, 1.797693134862e+308, 1.4792e+01, 4.6448e-01, 
 2DIAGNOSTIC,     8, -4.116688593670e-01, 1.797693134862e+308, 1.5084e+01, 2.9180e-01, 
 2DIAGNOSTIC,     9, -4.116893940270e-01, 1.797693134862e+308, 1.5376e+01, 2.9226e-01, 
 2DIAGNOSTIC,    10, -4.117232770660e-01, 1.190900871148e-03, 1.5709e+01, 3.3289e-01, 
 2DIAGNOSTIC,    11, -4.117426441976e-01, 7.158665610765e-04, 1.6041e+01, 3.3159e-01, 
 2DIAGNOSTIC,    12, -4.117477222024e-01, 3.709298069051e-04, 1.6371e+01, 3.3001e-01, 
 2DIAGNOSTIC,    13, -4.117519639359e-01, 1.691883661775e-04, 1.6699e+01, 3.2810e-01, 
 2DIAGNOSTIC,    14, -4.117534391021e-01, 7.134691230255e-05, 1.6983e+01, 2.8459e-01, 
 2DIAGNOSTIC,    15, -4.117702082288e-01, 2.599449875194e-05, 1.7307e+01, 3.2342e-01, 
 2DIAGNOSTIC,    16, -4.117719685070e-01, 1.266232881289e-05, 1.7746e+01, 4.3960e-01, 
 2DIAGNOSTIC,    17, -4.117713478727e-01, 1.056523088649e-05, 1.8058e+01, 3.1185e-01, 
 2DIAGNOSTIC,    18, -4.117740434310e-01, 7.847986493080e-06, 1.8374e+01, 3.1532e-01, 
 2DIAGNOSTIC,    19, -4.117743997344e-01, 5.586017903084e-06, 1.8689e+01, 3.1572e-01, 
 2DIAGNOSTIC,    20, -4.117736613713e-01, 4.310267368621e-06, 1.9038e+01, 3.4845e-01, 
 2DIAGNOSTIC,    21, -4.117706847415e-01, 3.440471466575e-06, 1.9343e+01, 3.0541e-01, 
 2DIAGNOSTIC,    22, -4.117675354146e-01, 2.538900250169e-06, 1.9781e+01, 4.3782e-01, 
 2DIAGNOSTIC,    23, -4.117634253832e-01, 1.623558004905e-06, 2.0081e+01, 2.9988e-01, 
DIAGNOSTIC,Iteration,metricValue,convergenceValue,ITERATION_TIME_INDEX,SINCE_LAST
 2DIAGNOSTIC,     1, -3.562020130713e-01, 1.797693134862e+308, 2.5560e+01, 5.4791e+00, 
  Elapsed time (stage 1): 2.6998e+01


Total elapsed time: 5.6082e+01
Using double precision for computations.
Input scalar image: /home/ccn30/rds/rds-p00500_encrypt-URQgmO1brZ0/p00500/ENCRYPT_images/25739/T2/N4t2.nii
Reference image: /home/ccn30/rds/rds-p00500_encrypt-URQgmO1brZ0/p00500/ENCRYPT_images/25739/mp2rage/n4mag0000_PSIR_skulled_std.nii
Can't read initial transform T1xT2_ANTs_0GenericAffine.mat
