This is job 13
Time: Tue  7 Dec 14:19:41 GMT 2021
Running on master node: cpu-p-91
Current directory: /home/ccn30/rds/hpc-work/WBIC_lustre/ENCRYPT/scripts/Registration/slurmoutputs
Changed directory to /home/ccn30/rds/hpc-work/WBIC_lustre/ENCRYPT/scripts/Registration/slurmoutputs.

JobID: 51050353
======
Time: Tue  7 Dec 14:19:41 GMT 2021
Running on master node: cpu-p-91
Current directory: /home/ccn30/rds/hpc-work/WBIC_lustre/ENCRYPT/scripts/Registration/slurmoutputs

Nodes allocated:
================
cpu-p-91

numtasks=, numnodes=, mpi_tasks_per_node= (OMP_NUM_THREADS=1)

Executing command:
==================
/home/ccn30/rds/hpc-work/WBIC_lustre/ENCRYPT/scripts/Registration/coreg_main.sh /home/ccn30/rds/hpc-work/WBIC_lustre/ENCRYPT/ENCRYPT_MasterRIScodes.txt 13 /home/ccn30/rds/rds-p00500_encrypt-URQgmO1brZ0/p00500 /home/ccn30/rds/hpc-work/WBIC_lustre/ENCRYPT/scripts/Registration

******** starting 26069 ********
Using double precision for computations.
Input scalar image: /home/ccn30/rds/hpc-work/WBIC_home/ENCRYPT/atlases/templates/ECtemplatemasks2015/leftEC_combined.nii.gz
Reference image: /home/ccn30/rds/rds-p00500_encrypt-URQgmO1brZ0/p00500/ENCRYPT_images/26069/T2/N4t2.nii
=============================================================================
The composite transform comprises the following transforms (in order): 
  1. /home/ccn30/rds/rds-p00500_encrypt-URQgmO1brZ0/p00500/ENCRYPT_template/ENCRYPT_ants55templatexMaassTemplateQ_1InverseWarp.nii.gz (type = DisplacementFieldTransform)
  2. inverse of /home/ccn30/rds/rds-p00500_encrypt-URQgmO1brZ0/p00500/ENCRYPT_template/ENCRYPT_ants55templatexMaassTemplateQ_0GenericAffine.mat (type = AffineTransform)
  3. /home/ccn30/rds/rds-p00500_encrypt-URQgmO1brZ0/p00500/ENCRYPT_template/ants5526069_t1131InverseWarp.nii.gz (type = DisplacementFieldTransform)
  4. inverse of /home/ccn30/rds/rds-p00500_encrypt-URQgmO1brZ0/p00500/ENCRYPT_template/ants5526069_t1130GenericAffine.mat (type = AffineTransform)
  5. /home/ccn30/rds/rds-p00500_encrypt-URQgmO1brZ0/p00500/ENCRYPT_registrations/26069/T1xT2_ANTs0GenericAffine.mat (type = AffineTransform)
=============================================================================
Default pixel value: 0
Interpolation type: LabelImageGenericInterpolateImageFunction
Output warped image: /home/ccn30/rds/rds-p00500_encrypt-URQgmO1brZ0/p00500/ENCRYPT_MTLmasks/26069/combinedEC_left_Maass_T2.nii.gz
Using double precision for computations.
Input scalar image: /home/ccn30/rds/hpc-work/WBIC_home/ENCRYPT/atlases/templates/ECtemplatemasks2015/rightEC_combined.nii.gz
Reference image: /home/ccn30/rds/rds-p00500_encrypt-URQgmO1brZ0/p00500/ENCRYPT_images/26069/T2/N4t2.nii
=============================================================================
The composite transform comprises the following transforms (in order): 
  1. /home/ccn30/rds/rds-p00500_encrypt-URQgmO1brZ0/p00500/ENCRYPT_template/ENCRYPT_ants55templatexMaassTemplateQ_1InverseWarp.nii.gz (type = DisplacementFieldTransform)
  2. inverse of /home/ccn30/rds/rds-p00500_encrypt-URQgmO1brZ0/p00500/ENCRYPT_template/ENCRYPT_ants55templatexMaassTemplateQ_0GenericAffine.mat (type = AffineTransform)
  3. /home/ccn30/rds/rds-p00500_encrypt-URQgmO1brZ0/p00500/ENCRYPT_template/ants5526069_t1131InverseWarp.nii.gz (type = DisplacementFieldTransform)
  4. inverse of /home/ccn30/rds/rds-p00500_encrypt-URQgmO1brZ0/p00500/ENCRYPT_template/ants5526069_t1130GenericAffine.mat (type = AffineTransform)
  5. /home/ccn30/rds/rds-p00500_encrypt-URQgmO1brZ0/p00500/ENCRYPT_registrations/26069/T1xT2_ANTs0GenericAffine.mat (type = AffineTransform)
=============================================================================
Default pixel value: 0
Interpolation type: LabelImageGenericInterpolateImageFunction
Output warped image: /home/ccn30/rds/rds-p00500_encrypt-URQgmO1brZ0/p00500/ENCRYPT_MTLmasks/26069/combinedEC_right_Maass_T2.nii.gz
Using double precision for computations.
Input scalar image: /home/ccn30/rds/hpc-work/WBIC_home/ENCRYPT/atlases/templates/ECtemplatemasks2015/Study_template_wholeBrain.nii
Reference image: /home/ccn30/rds/rds-p00500_encrypt-URQgmO1brZ0/p00500/ENCRYPT_images/26069/T2/N4t2.nii
=============================================================================
The composite transform comprises the following transforms (in order): 
  1. /home/ccn30/rds/rds-p00500_encrypt-URQgmO1brZ0/p00500/ENCRYPT_template/ENCRYPT_ants55templatexMaassTemplateQ_1InverseWarp.nii.gz (type = DisplacementFieldTransform)
  2. inverse of /home/ccn30/rds/rds-p00500_encrypt-URQgmO1brZ0/p00500/ENCRYPT_template/ENCRYPT_ants55templatexMaassTemplateQ_0GenericAffine.mat (type = AffineTransform)
  3. /home/ccn30/rds/rds-p00500_encrypt-URQgmO1brZ0/p00500/ENCRYPT_template/ants5526069_t1131InverseWarp.nii.gz (type = DisplacementFieldTransform)
  4. inverse of /home/ccn30/rds/rds-p00500_encrypt-URQgmO1brZ0/p00500/ENCRYPT_template/ants5526069_t1130GenericAffine.mat (type = AffineTransform)
  5. /home/ccn30/rds/rds-p00500_encrypt-URQgmO1brZ0/p00500/ENCRYPT_registrations/26069/T1xT2_ANTs0GenericAffine.mat (type = AffineTransform)
=============================================================================
Default pixel value: 0
Interpolation type: LinearInterpolateImageFunction
Output warped image: /home/ccn30/rds/rds-p00500_encrypt-URQgmO1brZ0/p00500/ENCRYPT_registrations/26069/MaassTempxT2_Warped.nii.gz
Using double precision for computations.
Input scalar image: /home/ccn30/rds/hpc-work/WBIC_home/ENCRYPT/atlases/templates/ECtemplatemasks2021/MEC_combinedGroupSegmentation_unmasked_mni.nii.gz
Reference image: /home/ccn30/rds/rds-p00500_encrypt-URQgmO1brZ0/p00500/ENCRYPT_images/26069/T2/N4t2.nii
=============================================================================
The composite transform comprises the following transforms (in order): 
  1. /home/ccn30/rds/rds-p00500_encrypt-URQgmO1brZ0/p00500/ENCRYPT_template/ENCRYPT_ants55templatexDTITemplateQ_1InverseWarp.nii.gz (type = DisplacementFieldTransform)
  2. inverse of /home/ccn30/rds/rds-p00500_encrypt-URQgmO1brZ0/p00500/ENCRYPT_template/ENCRYPT_ants55templatexDTITemplateQ_0GenericAffine.mat (type = AffineTransform)
  3. /home/ccn30/rds/rds-p00500_encrypt-URQgmO1brZ0/p00500/ENCRYPT_template/ants5526069_t1131InverseWarp.nii.gz (type = DisplacementFieldTransform)
  4. inverse of /home/ccn30/rds/rds-p00500_encrypt-URQgmO1brZ0/p00500/ENCRYPT_template/ants5526069_t1130GenericAffine.mat (type = AffineTransform)
  5. /home/ccn30/rds/rds-p00500_encrypt-URQgmO1brZ0/p00500/ENCRYPT_registrations/26069/T1xT2_ANTs0GenericAffine.mat (type = AffineTransform)
=============================================================================
Default pixel value: 0
Interpolation type: LabelImageGenericInterpolateImageFunction
Output warped image: /home/ccn30/rds/rds-p00500_encrypt-URQgmO1brZ0/p00500/ENCRYPT_MTLmasks/26069/combined_pmEC_DTI_T2.nii.gz
Using double precision for computations.
Input scalar image: /home/ccn30/rds/hpc-work/WBIC_home/ENCRYPT/atlases/templates/ECtemplatemasks2021/LEC_combinedGroupSegmentation_unmasked_mni.nii.gz
Reference image: /home/ccn30/rds/rds-p00500_encrypt-URQgmO1brZ0/p00500/ENCRYPT_images/26069/T2/N4t2.nii
=============================================================================
The composite transform comprises the following transforms (in order): 
  1. /home/ccn30/rds/rds-p00500_encrypt-URQgmO1brZ0/p00500/ENCRYPT_template/ENCRYPT_ants55templatexDTITemplateQ_1InverseWarp.nii.gz (type = DisplacementFieldTransform)
  2. inverse of /home/ccn30/rds/rds-p00500_encrypt-URQgmO1brZ0/p00500/ENCRYPT_template/ENCRYPT_ants55templatexDTITemplateQ_0GenericAffine.mat (type = AffineTransform)
  3. /home/ccn30/rds/rds-p00500_encrypt-URQgmO1brZ0/p00500/ENCRYPT_template/ants5526069_t1131InverseWarp.nii.gz (type = DisplacementFieldTransform)
  4. inverse of /home/ccn30/rds/rds-p00500_encrypt-URQgmO1brZ0/p00500/ENCRYPT_template/ants5526069_t1130GenericAffine.mat (type = AffineTransform)
  5. /home/ccn30/rds/rds-p00500_encrypt-URQgmO1brZ0/p00500/ENCRYPT_registrations/26069/T1xT2_ANTs0GenericAffine.mat (type = AffineTransform)
=============================================================================
Default pixel value: 0
Interpolation type: LabelImageGenericInterpolateImageFunction
Output warped image: /home/ccn30/rds/rds-p00500_encrypt-URQgmO1brZ0/p00500/ENCRYPT_MTLmasks/26069/combined_alEC_DTI_T2.nii.gz
Using double precision for computations.
Input scalar image: /home/ccn30/rds/hpc-work/WBIC_home/ENCRYPT/atlases/templates/ECtemplatemasks2021/mni152_t1_nlin_asym_09b_hires_brain.nii.gz
Reference image: /home/ccn30/rds/rds-p00500_encrypt-URQgmO1brZ0/p00500/ENCRYPT_images/26069/T2/N4t2.nii
=============================================================================
The composite transform comprises the following transforms (in order): 
  1. /home/ccn30/rds/rds-p00500_encrypt-URQgmO1brZ0/p00500/ENCRYPT_template/ENCRYPT_ants55templatexDTITemplateQ_1InverseWarp.nii.gz (type = DisplacementFieldTransform)
  2. inverse of /home/ccn30/rds/rds-p00500_encrypt-URQgmO1brZ0/p00500/ENCRYPT_template/ENCRYPT_ants55templatexDTITemplateQ_0GenericAffine.mat (type = AffineTransform)
  3. /home/ccn30/rds/rds-p00500_encrypt-URQgmO1brZ0/p00500/ENCRYPT_template/ants5526069_t1131InverseWarp.nii.gz (type = DisplacementFieldTransform)
  4. inverse of /home/ccn30/rds/rds-p00500_encrypt-URQgmO1brZ0/p00500/ENCRYPT_template/ants5526069_t1130GenericAffine.mat (type = AffineTransform)
  5. /home/ccn30/rds/rds-p00500_encrypt-URQgmO1brZ0/p00500/ENCRYPT_registrations/26069/T1xT2_ANTs0GenericAffine.mat (type = AffineTransform)
=============================================================================
Default pixel value: 0
Interpolation type: LinearInterpolateImageFunction
Output warped image: /home/ccn30/rds/rds-p00500_encrypt-URQgmO1brZ0/p00500/ENCRYPT_registrations/26069/DTITempxT2_Warped.nii.gz
