This is job 39
Time: Thu 16 Sep 12:56:47 BST 2021
Running on master node: cpu-p-176
Current directory: /rds/user/ccn30/hpc-work/WBIC_lustre/ENCRYPT/scripts/Registration/slurmoutputs
Changed directory to /home/ccn30/rds/hpc-work/WBIC_lustre/ENCRYPT/scripts/Registration/slurmoutputs.

JobID: 46502813
======
Time: Thu 16 Sep 12:56:47 BST 2021
Running on master node: cpu-p-176
Current directory: /home/ccn30/rds/hpc-work/WBIC_lustre/ENCRYPT/scripts/Registration/slurmoutputs

Nodes allocated:
================
cpu-p-176

numtasks=, numnodes=, mpi_tasks_per_node= (OMP_NUM_THREADS=1)

Executing command:
==================
/home/ccn30/rds/hpc-work/WBIC_lustre/ENCRYPT/scripts/Registration/coreg_main.sh /home/ccn30/rds/hpc-work/WBIC_lustre/ENCRYPT/ENCRYPT_MasterRIScodes.txt 39 /home/ccn30/rds/rds-p00500_encrypt-URQgmO1brZ0/p00500 /home/ccn30/rds/hpc-work/WBIC_home/ENCRYPT/atlases/magdeburgatlas

******** starting 27341 ********
All_Command_lines_OK
Using double precision for computations.
=============================================================================
The composite transform comprises the following transforms (in order): 
  1. Center of mass alignment using fixed image: /home/ccn30/rds/hpc-work/WBIC_home/ENCRYPT/atlases/magdeburgatlas/template/template.nii.gz and moving image: /home/ccn30/rds/rds-p00500_encrypt-URQgmO1brZ0/p00500/ENCRYPT_images/27341/mp2rage/denoise_n4mag0000_PSIR_skulled_std.nii (type = Euler3DTransform)
=============================================================================
  number of levels = 4
  number of levels = 4
  fixed image: /home/ccn30/rds/hpc-work/WBIC_home/ENCRYPT/atlases/magdeburgatlas/template/template.nii.gz
  moving image: /home/ccn30/rds/rds-p00500_encrypt-URQgmO1brZ0/p00500/ENCRYPT_images/27341/mp2rage/denoise_n4mag0000_PSIR_skulled_std.nii
  fixed image: /home/ccn30/rds/hpc-work/WBIC_home/ENCRYPT/atlases/magdeburgatlas/template/template.nii.gz
  moving image: /home/ccn30/rds/rds-p00500_encrypt-URQgmO1brZ0/p00500/ENCRYPT_images/27341/mp2rage/denoise_n4mag0000_PSIR_skulled_std.nii
Dimension = 3
Number of stages = 2
Use Histogram Matching true
Winsorize image intensities true
Lower quantile = 0.005
Upper quantile = 0.995
Stage 1 State
   Image metric = Mattes
     Fixed image = Image (0x2ef8200)
  RTTI typeinfo:   itk::Image<double, 3u>
  Reference Count: 2
  Modified Time: 1698
  Debug: Off
  Object Name: 
  Observers: 
    none
  Source: (none)
  Source output name: (none)
  Release Data: Off
  Data Released: False
  Global Release Data: Off
  PipelineMTime: 0
  UpdateMTime: 1481
  RealTimeStamp: 0 seconds 
  LargestPossibleRegion: 
    Dimension: 3
    Index: [0, 0, 0]
    Size: [384, 301, 288]
  BufferedRegion: 
    Dimension: 3
    Index: [0, 0, 0]
    Size: [384, 301, 288]
  RequestedRegion: 
    Dimension: 3
    Index: [0, 0, 0]
    Size: [384, 301, 288]
  Spacing: [0.598958, 0.598958, 0.599937]
  Origin: [83.4012, -147.626, 85.1783]
  Direction: 
-0 0 -1
1 -0 0
0 -1 0

  IndexToPointMatrix: 
0 0 -0.599937
0.598958 0 0
0 -0.598958 0

  PointToIndexMatrix: 
0 1.66957 0
0 0 -1.66957
-1.66684 0 0

  Inverse Direction: 
0 1 0
0 0 -1
-1 0 0

  PixelContainer: 
    ImportImageContainer (0x2ee8dc0)
      RTTI typeinfo:   itk::ImportImageContainer<unsigned long, double>
      Reference Count: 1
      Modified Time: 1478
      Debug: Off
      Object Name: 
      Observers: 
        none
      Pointer: 0x2b475716e010
      Container manages memory: true
      Size: 33288192
      Capacity: 33288192

     Moving image = Image (0x2efc3f0)
  RTTI typeinfo:   itk::Image<double, 3u>
  Reference Count: 2
  Modified Time: 1699
  Debug: Off
  Object Name: 
  Observers: 
    none
  Source: (none)
  Source output name: (none)
  Release Data: Off
  Data Released: False
  Global Release Data: Off
  PipelineMTime: 0
  UpdateMTime: 1696
  RealTimeStamp: 0 seconds 
  LargestPossibleRegion: 
    Dimension: 3
    Index: [0, 0, 0]
    Size: [224, 320, 320]
  BufferedRegion: 
    Dimension: 3
    Index: [0, 0, 0]
    Size: [224, 320, 320]
  RequestedRegion: 
    Dimension: 3
    Index: [0, 0, 0]
    Size: [224, 320, 320]
  Spacing: [0.7, 0.7, 0.7]
  Origin: [-80.5301, 75.9504, -93.372]
  Direction: 
1 0 0
0 -1 0
0 0 1

  IndexToPointMatrix: 
0.7 0 0
0 -0.7 0
0 0 0.7

  PointToIndexMatrix: 
1.42857 0 0
0 -1.42857 0
0 0 1.42857

  Inverse Direction: 
1 0 0
0 -1 0
0 0 1

  PixelContainer: 
    ImportImageContainer (0x2efc6b0)
      RTTI typeinfo:   itk::ImportImageContainer<unsigned long, double>
      Reference Count: 1
      Modified Time: 1693
      Debug: Off
      Object Name: 
      Observers: 
        none
      Pointer: 0x2b4766f67010
      Container manages memory: true
      Size: 22937600
      Capacity: 22937600

     Weighting = 1
     Sampling strategy = regular
     Number of bins = 32
     Radius = 4
     Sampling percentage  = 0.25
   Transform = Rigid
     Gradient step = 0.1
     Update field sigma (voxel space) = 0
     Total field sigma (voxel space) = 0
     Update field time sigma = 0
     Total field time sigma  = 0
     Number of time indices = 0
     Number of time point samples = 0
Stage 2 State
   Image metric = Mattes
     Fixed image = Image (0x2f0b060)
  RTTI typeinfo:   itk::Image<double, 3u>
  Reference Count: 2
  Modified Time: 2130
  Debug: Off
  Object Name: 
  Observers: 
    none
  Source: (none)
  Source output name: (none)
  Release Data: Off
  Data Released: False
  Global Release Data: Off
  PipelineMTime: 0
  UpdateMTime: 1913
  RealTimeStamp: 0 seconds 
  LargestPossibleRegion: 
    Dimension: 3
    Index: [0, 0, 0]
    Size: [384, 301, 288]
  BufferedRegion: 
    Dimension: 3
    Index: [0, 0, 0]
    Size: [384, 301, 288]
  RequestedRegion: 
    Dimension: 3
    Index: [0, 0, 0]
    Size: [384, 301, 288]
  Spacing: [0.598958, 0.598958, 0.599937]
  Origin: [83.4012, -147.626, 85.1783]
  Direction: 
-0 0 -1
1 -0 0
0 -1 0

  IndexToPointMatrix: 
0 0 -0.599937
0.598958 0 0
0 -0.598958 0

  PointToIndexMatrix: 
0 1.66957 0
0 0 -1.66957
-1.66684 0 0

  Inverse Direction: 
0 1 0
0 0 -1
-1 0 0

  PixelContainer: 
    ImportImageContainer (0x2eff140)
      RTTI typeinfo:   itk::ImportImageContainer<unsigned long, double>
      Reference Count: 1
      Modified Time: 1910
      Debug: Off
      Object Name: 
      Observers: 
        none
      Pointer: 0x2b4771e68010
      Container manages memory: true
      Size: 33288192
      Capacity: 33288192

     Moving image = Image (0x2f0ce80)
  RTTI typeinfo:   itk::Image<double, 3u>
  Reference Count: 2
  Modified Time: 2131
  Debug: Off
  Object Name: 
  Observers: 
    none
  Source: (none)
  Source output name: (none)
  Release Data: Off
  Data Released: False
  Global Release Data: Off
  PipelineMTime: 0
  UpdateMTime: 2128
  RealTimeStamp: 0 seconds 
  LargestPossibleRegion: 
    Dimension: 3
    Index: [0, 0, 0]
    Size: [224, 320, 320]
  BufferedRegion: 
    Dimension: 3
    Index: [0, 0, 0]
    Size: [224, 320, 320]
  RequestedRegion: 
    Dimension: 3
    Index: [0, 0, 0]
    Size: [224, 320, 320]
  Spacing: [0.7, 0.7, 0.7]
  Origin: [-80.5301, 75.9504, -93.372]
  Direction: 
1 0 0
0 -1 0
0 0 1

  IndexToPointMatrix: 
0.7 0 0
0 -0.7 0
0 0 0.7

  PointToIndexMatrix: 
1.42857 0 0
0 -1.42857 0
0 0 1.42857

  Inverse Direction: 
1 0 0
0 -1 0
0 0 1

  PixelContainer: 
    ImportImageContainer (0x2f07540)
      RTTI typeinfo:   itk::ImportImageContainer<unsigned long, double>
      Reference Count: 1
      Modified Time: 2125
      Debug: Off
      Object Name: 
      Observers: 
        none
      Pointer: 0x2b4781c61010
      Container manages memory: true
      Size: 22937600
      Capacity: 22937600

     Weighting = 1
     Sampling strategy = regular
     Number of bins = 32
     Radius = 4
     Sampling percentage  = 0.25
   Transform = Affine
     Gradient step = 0.1
     Update field sigma (voxel space) = 0
     Total field sigma (voxel space) = 0
     Update field time sigma = 0
     Total field time sigma  = 0
     Number of time indices = 0
     Number of time point samples = 0
Registration using 2 total stages.

Stage 0
  iterations = 1000x500x250x100
  convergence threshold = 1e-06
  convergence window size = 10
  number of levels = 4
  using the Mattes MI metric (number of bins = 32, weight = 1)
  preprocessing:  winsorizing the image intensities
  preprocessing:  histogram matching the images
  Shrink factors (level 1 out of 4): [8, 8, 8]
  Shrink factors (level 2 out of 4): [4, 4, 4]
  Shrink factors (level 3 out of 4): [2, 2, 2]
  Shrink factors (level 4 out of 4): [1, 1, 1]
  smoothing sigmas per level: [3, 2, 1, 0]
  regular sampling (percentage = 0.25)

*** Running Euler3DTransform registration ***

DIAGNOSTIC,Iteration,metricValue,convergenceValue,ITERATION_TIME_INDEX,SINCE_LAST
 2DIAGNOSTIC,     1, -4.834997678887e-01, 1.797693134862e+308, 2.6719e+00, 2.6719e+00, 
 2DIAGNOSTIC,     2, -4.854647151322e-01, 1.797693134862e+308, 2.7090e+00, 3.7136e-02, 
 2DIAGNOSTIC,     3, -4.886455389214e-01, 1.797693134862e+308, 2.7460e+00, 3.7004e-02, 
 2DIAGNOSTIC,     4, -4.936782735446e-01, 1.797693134862e+308, 2.7798e+00, 3.3760e-02, 
 2DIAGNOSTIC,     5, -5.014614587591e-01, 1.797693134862e+308, 2.8128e+00, 3.3043e-02, 
 2DIAGNOSTIC,     6, -5.129234925840e-01, 1.797693134862e+308, 2.8476e+00, 3.4809e-02, 
 2DIAGNOSTIC,     7, -5.334671903296e-01, 1.797693134862e+308, 2.8845e+00, 3.6889e-02, 
 2DIAGNOSTIC,     8, -5.549350456250e-01, 1.797693134862e+308, 2.9197e+00, 3.5128e-02, 
 2DIAGNOSTIC,     9, -5.609204739625e-01, 1.797693134862e+308, 2.9528e+00, 3.3124e-02, 
 2DIAGNOSTIC,    10, -5.702233892001e-01, 1.204280900376e-02, 3.0040e+00, 5.1233e-02, 
 2DIAGNOSTIC,    11, -5.794454524788e-01, 1.187568002579e-02, 3.0382e+00, 3.4153e-02, 
 2DIAGNOSTIC,    12, -5.872134116505e-01, 1.108708951342e-02, 3.0708e+00, 3.2606e-02, 
 2DIAGNOSTIC,    13, -5.958713843887e-01, 9.900371215846e-03, 3.1153e+00, 4.4535e-02, 
 2DIAGNOSTIC,    14, -6.072747788584e-01, 8.616773303841e-03, 3.1665e+00, 5.1152e-02, 
 2DIAGNOSTIC,    15, -6.101000694598e-01, 7.109779188426e-03, 3.2038e+00, 3.7362e-02, 
 2DIAGNOSTIC,    16, -6.107803871099e-01, 5.550033519649e-03, 3.2426e+00, 3.8828e-02, 
 2DIAGNOSTIC,    17, -6.108264459481e-01, 4.297515511224e-03, 3.2831e+00, 4.0421e-02, 
 2DIAGNOSTIC,    18, -6.109231676529e-01, 3.414450913680e-03, 3.3240e+00, 4.0936e-02, 
 2DIAGNOSTIC,    19, -6.109041604815e-01, 2.471523329650e-03, 3.3710e+00, 4.6990e-02, 
 2DIAGNOSTIC,    20, -6.109007943834e-01, 1.635391591395e-03, 3.4117e+00, 4.0666e-02, 
 2DIAGNOSTIC,    21, -6.108944780857e-01, 9.565896519689e-04, 3.4484e+00, 3.6776e-02, 
 2DIAGNOSTIC,    22, -6.108787527059e-01, 4.311546544663e-04, 3.4816e+00, 3.3133e-02, 
 2DIAGNOSTIC,    23, -6.108938306161e-01, 9.753667379876e-05, 3.5154e+00, 3.3798e-02, 
 2DIAGNOSTIC,    24, -6.109134900234e-01, 2.087789484976e-05, 3.5489e+00, 3.3543e-02, 
 2DIAGNOSTIC,    25, -6.109254652179e-01, 5.096839338019e-06, 3.5852e+00, 3.6241e-02, 
 2DIAGNOSTIC,    26, -6.109413221482e-01, 3.550689587933e-06, 3.6219e+00, 3.6711e-02, 
 2DIAGNOSTIC,    27, -6.109950088167e-01, 3.693267704302e-06, 3.6614e+00, 3.9546e-02, 
 2DIAGNOSTIC,    28, -6.109968513092e-01, 5.316746415164e-06, 3.7071e+00, 4.5675e-02, 
 2DIAGNOSTIC,    29, -6.109953453660e-01, 6.088598002676e-06, 3.7576e+00, 5.0563e-02, 
 2DIAGNOSTIC,    30, -6.109991616764e-01, 6.362358867376e-06, 3.7977e+00, 4.0035e-02, 
 2DIAGNOSTIC,    31, -6.110002365720e-01, 6.044675913891e-06, 3.8369e+00, 3.9194e-02, 
 2DIAGNOSTIC,    32, -6.110103877879e-01, 5.178170288909e-06, 3.9593e+00, 1.2237e-01, 
 2DIAGNOSTIC,    33, -6.110103877852e-01, 4.190474748048e-06, 4.0757e+00, 1.1648e-01, 
 2DIAGNOSTIC,    34, -6.110103877852e-01, 3.257789440138e-06, 4.1196e+00, 4.3912e-02, 
 2DIAGNOSTIC,    35, -6.110103877852e-01, 2.336681182748e-06, 4.1599e+00, 4.0211e-02, 
 2DIAGNOSTIC,    36, -6.110103877852e-01, 1.530651763185e-06, 4.2045e+00, 4.4651e-02, 
 2DIAGNOSTIC,    37, -6.110103877852e-01, 1.416504782550e-06, 4.2450e+00, 4.0481e-02, 
 2DIAGNOSTIC,    38, -6.110103877852e-01, 1.283910608274e-06, 4.2857e+00, 4.0767e-02, 
 2DIAGNOSTIC,    39, -6.110103877852e-01, 1.101582620101e-06, 4.3349e+00, 4.9132e-02, 
DIAGNOSTIC,Iteration,metricValue,convergenceValue,ITERATION_TIME_INDEX,SINCE_LAST
 2DIAGNOSTIC,     1, -5.340482966302e-01, 1.797693134862e+308, 7.3111e+00, 2.9762e+00, 
 2DIAGNOSTIC,     2, -5.341313605392e-01, 1.797693134862e+308, 7.6298e+00, 3.1874e-01, 
 2DIAGNOSTIC,     3, -5.341645821075e-01, 1.797693134862e+308, 7.8757e+00, 2.4590e-01, 
 2DIAGNOSTIC,     4, -5.341479901439e-01, 1.797693134862e+308, 8.1236e+00, 2.4791e-01, 
 2DIAGNOSTIC,     5, -5.341846004714e-01, 1.797693134862e+308, 8.3656e+00, 2.4192e-01, 
 2DIAGNOSTIC,     6, -5.342248621771e-01, 1.797693134862e+308, 8.6123e+00, 2.4677e-01, 
 2DIAGNOSTIC,     7, -5.342810984054e-01, 1.797693134862e+308, 8.8607e+00, 2.4841e-01, 
 2DIAGNOSTIC,     8, -5.343476777322e-01, 1.797693134862e+308, 9.2578e+00, 3.9703e-01, 
 2DIAGNOSTIC,     9, -5.343677453285e-01, 1.797693134862e+308, 9.5394e+00, 2.8167e-01, 
 2DIAGNOSTIC,    10, -5.343603553959e-01, 4.126778185806e-05, 9.8252e+00, 2.8581e-01, 
 2DIAGNOSTIC,    11, -5.343544226462e-01, 3.354502934194e-05, 1.0183e+01, 3.5746e-01, 
 2DIAGNOSTIC,    12, -5.343560315449e-01, 2.804853821635e-05, 1.0462e+01, 2.7943e-01, 
 2DIAGNOSTIC,    13, -5.343527698859e-01, 2.232771163997e-05, 1.0747e+01, 2.8448e-01, 
 2DIAGNOSTIC,    14, -5.343517804419e-01, 1.494325275654e-05, 1.0993e+01, 2.4614e-01, 
 2DIAGNOSTIC,    15, -5.343511586601e-01, 8.687781858349e-06, 1.1238e+01, 2.4551e-01, 
 2DIAGNOSTIC,    16, -5.343517766864e-01, 3.957744972485e-06, 1.1523e+01, 2.8430e-01, 
 2DIAGNOSTIC,    17, -5.343497341585e-01, 1.241747128518e-06, 1.1768e+01, 2.4503e-01, 
DIAGNOSTIC,Iteration,metricValue,convergenceValue,ITERATION_TIME_INDEX,SINCE_LAST
 2DIAGNOSTIC,     1, -4.656362951421e-01, 1.797693134862e+308, 1.6845e+01, 5.0769e+00, 
 2DIAGNOSTIC,     2, -4.659133392080e-01, 1.797693134862e+308, 1.8670e+01, 1.8251e+00, 
 2DIAGNOSTIC,     3, -4.660823175392e-01, 1.797693134862e+308, 2.0474e+01, 1.8041e+00, 
 2DIAGNOSTIC,     4, -4.661632310656e-01, 1.797693134862e+308, 2.2838e+01, 2.3646e+00, 
 2DIAGNOSTIC,     5, -4.661738836070e-01, 1.797693134862e+308, 2.4658e+01, 1.8200e+00, 
 2DIAGNOSTIC,     6, -4.661747628285e-01, 1.797693134862e+308, 2.7003e+01, 2.3450e+00, 
 2DIAGNOSTIC,     7, -4.661740495209e-01, 1.797693134862e+308, 2.9622e+01, 2.6186e+00, 
 2DIAGNOSTIC,     8, -4.661746432513e-01, 1.797693134862e+308, 3.1702e+01, 2.0799e+00, 
 2DIAGNOSTIC,     9, -4.661726041417e-01, 1.797693134862e+308, 3.3778e+01, 2.0766e+00, 
 2DIAGNOSTIC,    10, -4.661726738662e-01, 5.396946834957e-05, 3.5851e+01, 2.0729e+00, 
 2DIAGNOSTIC,    11, -4.661705834046e-01, 2.190563840898e-05, 3.7911e+01, 2.0596e+00, 
 2DIAGNOSTIC,    12, -4.661707498841e-01, 7.381800757295e-06, 3.9718e+01, 1.8076e+00, 
 2DIAGNOSTIC,    13, -4.661704707621e-01, 2.474859370202e-06, 4.1535e+01, 1.8164e+00, 
 2DIAGNOSTIC,    14, -4.661743176510e-01, 1.945106348947e-06, 4.3628e+01, 2.0933e+00, 
 2DIAGNOSTIC,    15, -4.661763245175e-01, 2.025582518883e-06, 4.5720e+01, 2.0920e+00, 
 2DIAGNOSTIC,    16, -4.661721032246e-01, 1.977887538751e-06, 4.7816e+01, 2.0958e+00, 
 2DIAGNOSTIC,    17, -4.661723893636e-01, 1.927659283987e-06, 5.1520e+01, 3.7044e+00, 
 2DIAGNOSTIC,    18, -4.661723798685e-01, 1.897214633104e-06, 5.3334e+01, 1.8135e+00, 
 2DIAGNOSTIC,    19, -4.661721672033e-01, 1.780519283526e-06, 5.6229e+01, 2.8948e+00, 
 2DIAGNOSTIC,    20, -4.661720517117e-01, 1.665322511842e-06, 5.8305e+01, 2.0764e+00, 
 2DIAGNOSTIC,    21, -4.661720885692e-01, 1.497934854357e-06, 6.0386e+01, 2.0810e+00, 
 2DIAGNOSTIC,    22, -4.661718365922e-01, 1.347537959155e-06, 6.2479e+01, 2.0931e+00, 
 2DIAGNOSTIC,    23, -4.661718705439e-01, 1.208977072037e-06, 6.4289e+01, 1.8098e+00, 
 2DIAGNOSTIC,    24, -4.661717755709e-01, 1.190987753211e-06, 6.6368e+01, 2.0786e+00, 
 2DIAGNOSTIC,    25, -4.661716802767e-01, 1.236763725758e-06, 6.8175e+01, 1.8077e+00, 
 2DIAGNOSTIC,    26, -4.661717600131e-01, 1.185048377976e-06, 7.0269e+01, 2.0936e+00, 
 2DIAGNOSTIC,    27, -4.661716773491e-01, 1.145268524155e-06, 7.2073e+01, 1.8044e+00, 
 2DIAGNOSTIC,    28, -4.661716295001e-01, 1.110360436547e-06, 7.3888e+01, 1.8145e+00, 
 2DIAGNOSTIC,    29, -4.661715745216e-01, 1.074734331280e-06, 7.6229e+01, 2.3414e+00, 
 2DIAGNOSTIC,    30, -4.661714660719e-01, 1.038988916367e-06, 7.8399e+01, 2.1696e+00, 
 2DIAGNOSTIC,    31, -4.661713576160e-01, 1.006307229157e-06, 8.0468e+01, 2.0695e+00, 
DIAGNOSTIC,Iteration,metricValue,convergenceValue,ITERATION_TIME_INDEX,SINCE_LAST
 2DIAGNOSTIC,     1, -4.193212456940e-01, 1.797693134862e+308, 9.7279e+01, 1.6811e+01, 
 2DIAGNOSTIC,     2, -4.194951201910e-01, 1.797693134862e+308, 1.0968e+02, 1.2402e+01, 
 2DIAGNOSTIC,     3, -4.196462228094e-01, 1.797693134862e+308, 1.2194e+02, 1.2256e+01, 
 2DIAGNOSTIC,     4, -4.197378715703e-01, 1.797693134862e+308, 1.3778e+02, 1.5842e+01, 
 2DIAGNOSTIC,     5, -4.197369912731e-01, 1.797693134862e+308, 1.4905e+02, 1.1268e+01, 
 2DIAGNOSTIC,     6, -4.197424041681e-01, 1.797693134862e+308, 1.6683e+02, 1.7782e+01, 
 2DIAGNOSTIC,     7, -4.197438277921e-01, 1.797693134862e+308, 2.1146e+02, 4.4629e+01, 
 2DIAGNOSTIC,     8, -4.197438277799e-01, 1.797693134862e+308, 2.5621e+02, 4.4751e+01, 
 2DIAGNOSTIC,     9, -4.197438277799e-01, 1.797693134862e+308, 2.7225e+02, 1.6036e+01, 
 2DIAGNOSTIC,    10, -4.197438277799e-01, 5.140395724032e-05, 2.8650e+02, 1.4254e+01, 
 2DIAGNOSTIC,    11, -4.197438277799e-01, 2.392148997094e-05, 2.9994e+02, 1.3444e+01, 
 2DIAGNOSTIC,    12, -4.197438277799e-01, 8.761558583079e-06, 3.1602e+02, 1.6081e+01, 
 2DIAGNOSTIC,    13, -4.197438277799e-01, 3.120705621251e-06, 3.3030e+02, 1.4274e+01, 
 2DIAGNOSTIC,    14, -4.197438277799e-01, 2.663279832088e-06, 3.4460e+02, 1.4305e+01, 
 2DIAGNOSTIC,    15, -4.197438277799e-01, 2.185195122698e-06, 3.5891e+02, 1.4303e+01, 
 2DIAGNOSTIC,    16, -4.197438277799e-01, 1.988351515478e-06, 3.7319e+02, 1.4286e+01, 
 2DIAGNOSTIC,    17, -4.197438277799e-01, 1.871377313348e-06, 3.8747e+02, 1.4281e+01, 
 2DIAGNOSTIC,    18, -4.197438277799e-01, 1.767401129969e-06, 4.0536e+02, 1.7889e+01, 
 2DIAGNOSTIC,    19, -4.197438277799e-01, 1.674370882873e-06, 4.1964e+02, 1.4280e+01, 
 2DIAGNOSTIC,    20, -4.197438277799e-01, 1.590644528350e-06, 4.3285e+02, 1.3211e+01, 
 2DIAGNOSTIC,    21, -4.197438277799e-01, 1.514892820853e-06, 4.4714e+02, 1.4284e+01, 
 2DIAGNOSTIC,    22, -4.197438277799e-01, 1.446028216279e-06, 4.6142e+02, 1.4285e+01, 
 2DIAGNOSTIC,    23, -4.197438277799e-01, 1.383152324015e-06, 4.7566e+02, 1.4241e+01, 
 2DIAGNOSTIC,    24, -4.197438277799e-01, 1.325516496758e-06, 4.8992e+02, 1.4255e+01, 
 2DIAGNOSTIC,    25, -4.197438277799e-01, 1.272491879804e-06, 5.0418e+02, 1.4265e+01, 
 2DIAGNOSTIC,    26, -4.197438277799e-01, 1.223546372255e-06, 5.2026e+02, 1.6073e+01, 
 2DIAGNOSTIC,    27, -4.197438277799e-01, 1.178226708393e-06, 5.3452e+02, 1.4261e+01, 
 2DIAGNOSTIC,    28, -4.197438277799e-01, 1.136144379091e-06, 5.4879e+02, 1.4274e+01, 
 2DIAGNOSTIC,    29, -4.197438277799e-01, 1.096964466117e-06, 5.6311e+02, 1.4321e+01, 
 2DIAGNOSTIC,    30, -4.197438277799e-01, 1.060396709766e-06, 5.7820e+02, 1.5084e+01, 
 2DIAGNOSTIC,    31, -4.197438277799e-01, 1.026188305497e-06, 5.9429e+02, 1.6093e+01, 
  Elapsed time (stage 0): 6.0327e+02


Stage 1
  iterations = 1000x500x250x100
  convergence threshold = 1.0000e-06
  convergence window size = 10
  number of levels = 4
  using the Mattes MI metric (number of bins = 32, weight = 1.0000e+00)
  preprocessing:  winsorizing the image intensities
  preprocessing:  histogram matching the images
  Shrink factors (level 1 out of 4): [8, 8, 8]
  Shrink factors (level 2 out of 4): [4, 4, 4]
  Shrink factors (level 3 out of 4): [2, 2, 2]
  Shrink factors (level 4 out of 4): [1, 1, 1]
  smoothing sigmas per level: [3, 2, 1, 0]
  regular sampling (percentage = 2.5000e-01)

*** Running AffineTransform registration ***

DIAGNOSTIC,Iteration,metricValue,convergenceValue,ITERATION_TIME_INDEX,SINCE_LAST
 2DIAGNOSTIC,     1, -6.098975957112e-01, 1.797693134862e+308, 2.6848e+00, 2.6848e+00, 
 2DIAGNOSTIC,     2, -6.120771685865e-01, 1.797693134862e+308, 2.7217e+00, 3.6933e-02, 
 2DIAGNOSTIC,     3, -6.155213440115e-01, 1.797693134862e+308, 2.7589e+00, 3.7246e-02, 
 2DIAGNOSTIC,     4, -6.211222822435e-01, 1.797693134862e+308, 2.7972e+00, 3.8210e-02, 
 2DIAGNOSTIC,     5, -6.295163316852e-01, 1.797693134862e+308, 2.8357e+00, 3.8511e-02, 
 2DIAGNOSTIC,     6, -6.401941414466e-01, 1.797693134862e+308, 2.8788e+00, 4.3171e-02, 
 2DIAGNOSTIC,     7, -6.550363587623e-01, 1.797693134862e+308, 2.9174e+00, 3.8545e-02, 
 2DIAGNOSTIC,     8, -6.632243064171e-01, 1.797693134862e+308, 2.9564e+00, 3.9024e-02, 
 2DIAGNOSTIC,     9, -6.656659926624e-01, 1.797693134862e+308, 3.0037e+00, 4.7283e-02, 
 2DIAGNOSTIC,    10, -6.662308640997e-01, 6.875701228893e-03, 3.0511e+00, 4.7367e-02, 
 2DIAGNOSTIC,    11, -6.666825767118e-01, 5.988305961956e-03, 3.0910e+00, 3.9912e-02, 
 2DIAGNOSTIC,    12, -6.670679441813e-01, 4.807079236069e-03, 3.1283e+00, 3.7349e-02, 
 2DIAGNOSTIC,    13, -6.671619332832e-01, 3.498494386933e-03, 3.1665e+00, 3.8140e-02, 
 2DIAGNOSTIC,    14, -6.672294012343e-01, 2.246295906610e-03, 3.2046e+00, 3.8168e-02, 
 2DIAGNOSTIC,    15, -6.673554767150e-01, 1.210719625521e-03, 3.2436e+00, 3.9006e-02, 
 2DIAGNOSTIC,    16, -6.675574550373e-01, 4.873170020671e-04, 3.3029e+00, 5.9286e-02, 
 2DIAGNOSTIC,    17, -6.675694732531e-01, 1.834679445544e-04, 3.3410e+00, 3.8122e-02, 
 2DIAGNOSTIC,    18, -6.676063380786e-01, 9.567112706238e-05, 3.3792e+00, 3.8176e-02, 
 2DIAGNOSTIC,    19, -6.678091970187e-01, 6.925011198073e-05, 3.4342e+00, 5.5008e-02, 
 2DIAGNOSTIC,    20, -6.679588979312e-01, 5.449523667186e-05, 3.4802e+00, 4.5957e-02, 
 2DIAGNOSTIC,    21, -6.679855217087e-01, 4.587620074838e-05, 3.5246e+00, 4.4463e-02, 
 2DIAGNOSTIC,    22, -6.680170193585e-01, 4.222446899442e-05, 3.5642e+00, 3.9598e-02, 
 2DIAGNOSTIC,    23, -6.680437325955e-01, 3.742862709032e-05, 3.6040e+00, 3.9781e-02, 
 2DIAGNOSTIC,    24, -6.681093268294e-01, 3.198029599155e-05, 3.6557e+00, 5.1727e-02, 
 2DIAGNOSTIC,    25, -6.681661168982e-01, 2.710824378580e-05, 3.6982e+00, 4.2489e-02, 
 2DIAGNOSTIC,    26, -6.681793942270e-01, 2.380901650599e-05, 3.7363e+00, 3.8105e-02, 
 2DIAGNOSTIC,    27, -6.682438917841e-01, 1.993279139917e-05, 3.7753e+00, 3.8916e-02, 
 2DIAGNOSTIC,    28, -6.683844960135e-01, 1.723401394898e-05, 3.8179e+00, 4.2690e-02, 
 2DIAGNOSTIC,    29, -6.684995097924e-01, 1.782723824598e-05, 3.8743e+00, 5.6328e-02, 
 2DIAGNOSTIC,    30, -6.685398401727e-01, 1.951248449780e-05, 3.9120e+00, 3.7693e-02, 
 2DIAGNOSTIC,    31, -6.685454358237e-01, 1.982442978306e-05, 3.9493e+00, 3.7317e-02, 
 2DIAGNOSTIC,    32, -6.685473273092e-01, 1.880804242610e-05, 3.9869e+00, 3.7657e-02, 
 2DIAGNOSTIC,    33, -6.685230610704e-01, 1.615485185862e-05, 4.1197e+00, 1.3280e-01, 
 2DIAGNOSTIC,    34, -6.685230610518e-01, 1.302340496653e-05, 4.2511e+00, 1.3141e-01, 
 2DIAGNOSTIC,    35, -6.685230610518e-01, 9.641893028798e-06, 4.2964e+00, 4.5298e-02, 
 2DIAGNOSTIC,    36, -6.685230610518e-01, 5.793565702485e-06, 4.3455e+00, 4.9013e-02, 
 2DIAGNOSTIC,    37, -6.685230610518e-01, 2.418140278883e-06, 4.3888e+00, 4.3388e-02, 
DIAGNOSTIC,Iteration,metricValue,convergenceValue,ITERATION_TIME_INDEX,SINCE_LAST
 2DIAGNOSTIC,     1, -5.718343194429e-01, 1.797693134862e+308, 7.3869e+00, 2.9981e+00, 
 2DIAGNOSTIC,     2, -5.722924466846e-01, 1.797693134862e+308, 7.6645e+00, 2.7754e-01, 
 2DIAGNOSTIC,     3, -5.727584428615e-01, 1.797693134862e+308, 7.9399e+00, 2.7548e-01, 
 2DIAGNOSTIC,     4, -5.731922720406e-01, 1.797693134862e+308, 8.2193e+00, 2.7939e-01, 
 2DIAGNOSTIC,     5, -5.736151279908e-01, 1.797693134862e+308, 8.5013e+00, 2.8200e-01, 
 2DIAGNOSTIC,     6, -5.740083554915e-01, 1.797693134862e+308, 8.8155e+00, 3.1416e-01, 
 2DIAGNOSTIC,     7, -5.741337742664e-01, 1.797693134862e+308, 9.2251e+00, 4.0966e-01, 
 2DIAGNOSTIC,     8, -5.741829013074e-01, 1.797693134862e+308, 9.5408e+00, 3.1570e-01, 
 2DIAGNOSTIC,     9, -5.741964887007e-01, 1.797693134862e+308, 9.8587e+00, 3.1790e-01, 
 2DIAGNOSTIC,    10, -5.742069338914e-01, 2.777877419575e-04, 1.0216e+01, 3.5755e-01, 
 2DIAGNOSTIC,    11, -5.742217549161e-01, 1.914572793937e-04, 1.0557e+01, 3.4118e-01, 
 2DIAGNOSTIC,    12, -5.742228356503e-01, 1.213775974260e-04, 1.0990e+01, 4.3232e-01, 
 2DIAGNOSTIC,    13, -5.742222774922e-01, 6.903627289004e-05, 1.1305e+01, 3.1546e-01, 
 2DIAGNOSTIC,    14, -5.742225147355e-01, 3.329723111385e-05, 1.1588e+01, 2.8320e-01, 
 2DIAGNOSTIC,    15, -5.742209964403e-01, 1.310572238838e-05, 1.1903e+01, 3.1469e-01, 
 2DIAGNOSTIC,    16, -5.742213108452e-01, 6.523368852790e-06, 1.2204e+01, 3.0086e-01, 
 2DIAGNOSTIC,    17, -5.742199337375e-01, 3.878908876521e-06, 1.2520e+01, 3.1616e-01, 
 2DIAGNOSTIC,    18, -5.742190046897e-01, 2.669502672262e-06, 1.2839e+01, 3.1839e-01, 
 2DIAGNOSTIC,    19, -5.742198865330e-01, 1.879001123417e-06, 1.3154e+01, 3.1586e-01, 
 2DIAGNOSTIC,    20, -5.742206217386e-01, 1.414253665025e-06, 1.3437e+01, 2.8238e-01, 
 2DIAGNOSTIC,    21, -5.742204740366e-01, 1.355105271522e-06, 1.3719e+01, 2.8213e-01, 
 2DIAGNOSTIC,    22, -5.742225521216e-01, 1.388502785020e-06, 1.4038e+01, 3.1895e-01, 
 2DIAGNOSTIC,    23, -5.742233480119e-01, 1.428453781226e-06, 1.4353e+01, 3.1513e-01, 
 2DIAGNOSTIC,    24, -5.742231152804e-01, 1.461205214166e-06, 1.4671e+01, 3.1803e-01, 
 2DIAGNOSTIC,    25, -5.742225873634e-01, 1.438007163478e-06, 1.4982e+01, 3.1147e-01, 
 2DIAGNOSTIC,    26, -5.742219389917e-01, 1.395863359073e-06, 1.5298e+01, 3.1543e-01, 
 2DIAGNOSTIC,    27, -5.742211808434e-01, 1.301872972238e-06, 1.5584e+01, 2.8580e-01, 
 2DIAGNOSTIC,    28, -5.742205487888e-01, 1.174777269332e-06, 1.5901e+01, 3.1699e-01, 
 2DIAGNOSTIC,    29, -5.742210033643e-01, 1.075876930413e-06, 1.6182e+01, 2.8097e-01, 
DIAGNOSTIC,Iteration,metricValue,convergenceValue,ITERATION_TIME_INDEX,SINCE_LAST
 2DIAGNOSTIC,     1, -5.017776636411e-01, 1.797693134862e+308, 2.1537e+01, 5.3549e+00, 
 2DIAGNOSTIC,     2, -5.020393731701e-01, 1.797693134862e+308, 2.3609e+01, 2.0728e+00, 
 2DIAGNOSTIC,     3, -5.022304038511e-01, 1.797693134862e+308, 2.5680e+01, 2.0705e+00, 
 2DIAGNOSTIC,     4, -5.024463674672e-01, 1.797693134862e+308, 2.7724e+01, 2.0442e+00, 
 2DIAGNOSTIC,     5, -5.025712924002e-01, 1.797693134862e+308, 2.9786e+01, 2.0614e+00, 
 2DIAGNOSTIC,     6, -5.026130184548e-01, 1.797693134862e+308, 3.2417e+01, 2.6314e+00, 
 2DIAGNOSTIC,     7, -5.026258711437e-01, 1.797693134862e+308, 3.5290e+01, 2.8730e+00, 
 2DIAGNOSTIC,     8, -5.026222188273e-01, 1.797693134862e+308, 3.8141e+01, 2.8507e+00, 
 2DIAGNOSTIC,     9, -5.026236299321e-01, 1.797693134862e+308, 4.0472e+01, 2.3311e+00, 
 2DIAGNOSTIC,    10, -5.026239269643e-01, 1.006190448957e-04, 4.2521e+01, 2.0493e+00, 
 2DIAGNOSTIC,    11, -5.026259467424e-01, 5.846688005766e-05, 4.4863e+01, 2.3423e+00, 
 2DIAGNOSTIC,    12, -5.026264928374e-01, 3.066379137059e-05, 4.7201e+01, 2.3376e+00, 
 2DIAGNOSTIC,    13, -5.026260944958e-01, 1.273133413338e-05, 4.9531e+01, 2.3297e+00, 
 2DIAGNOSTIC,    14, -5.026260514259e-01, 5.036520622434e-06, 5.1872e+01, 2.3412e+00, 
 2DIAGNOSTIC,    15, -5.026260752154e-01, 2.785122636656e-06, 5.4228e+01, 2.3559e+00, 
 2DIAGNOSTIC,    16, -5.026258567031e-01, 2.206269735752e-06, 5.6569e+01, 2.3410e+00, 
 2DIAGNOSTIC,    17, -5.026257791074e-01, 2.104422677777e-06, 5.8621e+01, 2.0526e+00, 
 2DIAGNOSTIC,    18, -5.026261245811e-01, 1.888510446628e-06, 6.0684e+01, 2.0629e+00, 
 2DIAGNOSTIC,    19, -5.026267258319e-01, 1.744402135073e-06, 6.3004e+01, 2.3197e+00, 
 2DIAGNOSTIC,    20, -5.026265632874e-01, 1.609998790203e-06, 6.5324e+01, 2.3203e+00, 
 2DIAGNOSTIC,    21, -5.026267534090e-01, 1.546134641185e-06, 6.7892e+01, 2.5676e+00, 
 2DIAGNOSTIC,    22, -5.026264911225e-01, 1.492845652859e-06, 7.0199e+01, 2.3075e+00, 
 2DIAGNOSTIC,    23, -5.026265714416e-01, 1.431938736703e-06, 7.2549e+01, 2.3500e+00, 
 2DIAGNOSTIC,    24, -5.026263782328e-01, 1.365561866938e-06, 7.4895e+01, 2.3451e+00, 
 2DIAGNOSTIC,    25, -5.026262272858e-01, 1.298164149226e-06, 7.7236e+01, 2.3409e+00, 
 2DIAGNOSTIC,    26, -5.026262622108e-01, 1.229943945670e-06, 7.9294e+01, 2.0587e+00, 
 2DIAGNOSTIC,    27, -5.026263199461e-01, 1.165604538209e-06, 8.1367e+01, 2.0731e+00, 
 2DIAGNOSTIC,    28, -5.026263854656e-01, 1.114969987191e-06, 8.3430e+01, 2.0629e+00, 
 2DIAGNOSTIC,    29, -5.026264165604e-01, 1.082276977808e-06, 8.5504e+01, 2.0741e+00, 
 2DIAGNOSTIC,    30, -5.026264616723e-01, 1.050884361094e-06, 8.8437e+01, 2.9330e+00, 
 2DIAGNOSTIC,    31, -5.026262994210e-01, 1.023029870879e-06, 9.0515e+01, 2.0778e+00, 
DIAGNOSTIC,Iteration,metricValue,convergenceValue,ITERATION_TIME_INDEX,SINCE_LAST
 2DIAGNOSTIC,     1, -4.476922103697e-01, 1.797693134862e+308, 1.0960e+02, 1.9084e+01, 
 2DIAGNOSTIC,     2, -4.479033200977e-01, 1.797693134862e+308, 1.2518e+02, 1.5577e+01, 
 2DIAGNOSTIC,     3, -4.479560175710e-01, 1.797693134862e+308, 1.3942e+02, 1.4244e+01, 
 2DIAGNOSTIC,     4, -4.479865630393e-01, 1.797693134862e+308, 1.5370e+02, 1.4276e+01, 
 2DIAGNOSTIC,     5, -4.480183162621e-01, 1.797693134862e+308, 1.6987e+02, 1.6175e+01, 
 2DIAGNOSTIC,     6, -4.480256358521e-01, 1.797693134862e+308, 1.8979e+02, 1.9920e+01, 
 2DIAGNOSTIC,     7, -4.480285867941e-01, 1.797693134862e+308, 2.0599e+02, 1.6203e+01, 
 2DIAGNOSTIC,     8, -4.480299107018e-01, 1.797693134862e+308, 2.2030e+02, 1.4308e+01, 
 2DIAGNOSTIC,     9, -4.480351631166e-01, 1.797693134862e+308, 2.4395e+02, 2.3651e+01, 
 2DIAGNOSTIC,    10, -4.480357733993e-01, 3.689835280112e-05, 2.7061e+02, 2.6659e+01, 
 2DIAGNOSTIC,    11, -4.480357528036e-01, 1.685716539555e-05, 2.8488e+02, 1.4265e+01, 
 2DIAGNOSTIC,    12, -4.480357386018e-01, 1.003232164773e-05, 3.0104e+02, 1.6168e+01, 
 2DIAGNOSTIC,    13, -4.480357340878e-01, 6.142267999498e-06, 3.1718e+02, 1.6132e+01, 
 2DIAGNOSTIC,    14, -4.480357158425e-01, 3.816277474075e-06, 3.3333e+02, 1.6155e+01, 
 2DIAGNOSTIC,    15, -4.480356927425e-01, 2.993773610252e-06, 3.4761e+02, 1.4277e+01, 
 2DIAGNOSTIC,    16, -4.480356713676e-01, 2.484035355313e-06, 3.6365e+02, 1.6048e+01, 
 2DIAGNOSTIC,    17, -4.480356500948e-01, 2.099293974940e-06, 3.7953e+02, 1.5872e+01, 
 2DIAGNOSTIC,    18, -4.480356115966e-01, 1.776493468414e-06, 3.9490e+02, 1.5368e+01, 
 2DIAGNOSTIC,    19, -4.480355908204e-01, 1.660938576578e-06, 4.1091e+02, 1.6016e+01, 
 2DIAGNOSTIC,    20, -4.480355846839e-01, 1.577369215584e-06, 4.2707e+02, 1.6157e+01, 
 2DIAGNOSTIC,    21, -4.480355625929e-01, 1.501699795375e-06, 4.4322e+02, 1.6150e+01, 
 2DIAGNOSTIC,    22, -4.480355564283e-01, 1.433561200900e-06, 4.5939e+02, 1.6171e+01, 
 2DIAGNOSTIC,    23, -4.480355544798e-01, 1.372347792641e-06, 4.7553e+02, 1.6138e+01, 
 2DIAGNOSTIC,    24, -4.480355016472e-01, 1.315372690998e-06, 4.8968e+02, 1.4156e+01, 
 2DIAGNOSTIC,    25, -4.480355010330e-01, 1.263339415379e-06, 5.0582e+02, 1.6135e+01, 
 2DIAGNOSTIC,    26, -4.480354827269e-01, 1.215189135949e-06, 5.2007e+02, 1.4257e+01, 
 2DIAGNOSTIC,    27, -4.480354899198e-01, 1.171074340195e-06, 5.3438e+02, 1.4302e+01, 
 2DIAGNOSTIC,    28, -4.480355192307e-01, 1.130574972329e-06, 5.5714e+02, 2.2767e+01, 
 2DIAGNOSTIC,    29, -4.480355243417e-01, 1.093043002776e-06, 5.7330e+02, 1.6158e+01, 
 2DIAGNOSTIC,    30, -4.480354837480e-01, 1.057418298901e-06, 5.8760e+02, 1.4301e+01, 
 2DIAGNOSTIC,    31, -4.480354924410e-01, 1.024124473073e-06, 6.0183e+02, 1.4229e+01, 
  Elapsed time (stage 1): 6.1236e+02


Total elapsed time: 1.2156e+03

--------------------------------------------------------------------------------------
 Mapping parameters
--------------------------------------------------------------------------------------
 ANTSPATH is /usr/local/software/spack/spack-git/opt/spack/linux-rhel7-broadwell/gcc-5/ants-2.3.4-lj6vm7ccmij4yywr4ynrttcko4aoflqt/bin

 Dimensionality:           3
 Output name prefix:       T1xT2_ANTs
 Fixed images:             /home/ccn30/rds/rds-p00500_encrypt-URQgmO1brZ0/p00500/ENCRYPT_images/27341/T2/N4t2.nii
 Moving images:            /home/ccn30/rds/rds-p00500_encrypt-URQgmO1brZ0/p00500/ENCRYPT_images/27341/mp2rage/n4mag0000_PSIR_skulled_std.nii
 Mask images:              
 Initial transforms:       
 Number of threads:        1
 Spline distance:          26
 Transform type:           a
 MI histogram bins:        32
 Precision:                d
 Use histogram matching    0
======================================================================================
 antsRegistration call:
--------------------------------------------------------------------------------------
/usr/local/software/spack/spack-git/opt/spack/linux-rhel7-broadwell/gcc-5/ants-2.3.4-lj6vm7ccmij4yywr4ynrttcko4aoflqt/bin/antsRegistration --verbose 1 --dimensionality 3 --float 0 --collapse-output-transforms 1 --output [ T1xT2_ANTs,T1xT2_ANTsWarped.nii.gz,T1xT2_ANTsInverseWarped.nii.gz ] --interpolation Linear --use-histogram-matching 0 --winsorize-image-intensities [ 0.005,0.995 ] --initial-moving-transform [ /home/ccn30/rds/rds-p00500_encrypt-URQgmO1brZ0/p00500/ENCRYPT_images/27341/T2/N4t2.nii,/home/ccn30/rds/rds-p00500_encrypt-URQgmO1brZ0/p00500/ENCRYPT_images/27341/mp2rage/n4mag0000_PSIR_skulled_std.nii,1 ] --transform Rigid[ 0.1 ] --metric MI[ /home/ccn30/rds/rds-p00500_encrypt-URQgmO1brZ0/p00500/ENCRYPT_images/27341/T2/N4t2.nii,/home/ccn30/rds/rds-p00500_encrypt-URQgmO1brZ0/p00500/ENCRYPT_images/27341/mp2rage/n4mag0000_PSIR_skulled_std.nii,1,32,Regular,0.25 ] --convergence [ 1000x500x250x0,1e-6,10 ] --shrink-factors 12x8x4x2 --smoothing-sigmas 4x3x2x1vox --transform Affine[ 0.1 ] --metric MI[ /home/ccn30/rds/rds-p00500_encrypt-URQgmO1brZ0/p00500/ENCRYPT_images/27341/T2/N4t2.nii,/home/ccn30/rds/rds-p00500_encrypt-URQgmO1brZ0/p00500/ENCRYPT_images/27341/mp2rage/n4mag0000_PSIR_skulled_std.nii,1,32,Regular,0.25 ] --convergence [ 1000x500x250x0,1e-6,10 ] --shrink-factors 12x8x4x2 --smoothing-sigmas 4x3x2x1vox
--------------------------------------------------------------------------------------
All_Command_lines_OK
Using double precision for computations.
=============================================================================
The composite transform comprises the following transforms (in order): 
  1. Center of mass alignment using fixed image: /home/ccn30/rds/rds-p00500_encrypt-URQgmO1brZ0/p00500/ENCRYPT_images/27341/T2/N4t2.nii and moving image: /home/ccn30/rds/rds-p00500_encrypt-URQgmO1brZ0/p00500/ENCRYPT_images/27341/mp2rage/n4mag0000_PSIR_skulled_std.nii (type = Euler3DTransform)
=============================================================================
  number of levels = 4
  number of levels = 4
  fixed image: /home/ccn30/rds/rds-p00500_encrypt-URQgmO1brZ0/p00500/ENCRYPT_images/27341/T2/N4t2.nii
  moving image: /home/ccn30/rds/rds-p00500_encrypt-URQgmO1brZ0/p00500/ENCRYPT_images/27341/mp2rage/n4mag0000_PSIR_skulled_std.nii
  fixed image: /home/ccn30/rds/rds-p00500_encrypt-URQgmO1brZ0/p00500/ENCRYPT_images/27341/T2/N4t2.nii
  moving image: /home/ccn30/rds/rds-p00500_encrypt-URQgmO1brZ0/p00500/ENCRYPT_images/27341/mp2rage/n4mag0000_PSIR_skulled_std.nii
Dimension = 3
Number of stages = 2
Use Histogram Matching false
Winsorize image intensities true
Lower quantile = 0.005
Upper quantile = 0.995
Stage 1 State
   Image metric = Mattes
     Fixed image = Image (0x335cb30)
  RTTI typeinfo:   itk::Image<double, 3u>
  Reference Count: 2
  Modified Time: 1709
  Debug: Off
  Object Name: 
  Observers: 
    none
  Source: (none)
  Source output name: (none)
  Release Data: Off
  Data Released: False
  Global Release Data: Off
  PipelineMTime: 0
  UpdateMTime: 1492
  RealTimeStamp: 0 seconds 
  LargestPossibleRegion: 
    Dimension: 3
    Index: [0, 0, 0]
    Size: [512, 512, 54]
  BufferedRegion: 
    Dimension: 3
    Index: [0, 0, 0]
    Size: [512, 512, 54]
  RequestedRegion: 
    Dimension: 3
    Index: [0, 0, 0]
    Size: [512, 512, 54]
  Spacing: [0.4375, 0.4375, 1.1]
  Origin: [-115.519, 3.37057, -110.015]
  Direction: 
0.99966 -0.0110735 0.023613
-0.0260806 -0.424332 0.905131
3.1874e-06 0.905439 0.424477

  IndexToPointMatrix: 
0.437351 -0.00484464 0.0259743
-0.0114102 -0.185645 0.995644
1.39449e-06 0.39613 0.466924

  PointToIndexMatrix: 
2.28494 -0.0596127 7.28641e-06
-0.0253108 -0.969902 2.06957
0.0214664 0.822846 0.385888

  Inverse Direction: 
0.99966 -0.0260806 3.1878e-06
-0.0110735 -0.424332 0.905439
0.023613 0.905131 0.424477

  PixelContainer: 
    ImportImageContainer (0x3359780)
      RTTI typeinfo:   itk::ImportImageContainer<unsigned long, double>
      Reference Count: 1
      Modified Time: 1489
      Debug: Off
      Object Name: 
      Observers: 
        none
      Pointer: 0x2b932faf6010
      Container manages memory: true
      Size: 14155776
      Capacity: 14155776

     Moving image = Image (0x335b290)
  RTTI typeinfo:   itk::Image<double, 3u>
  Reference Count: 2
  Modified Time: 1710
  Debug: Off
  Object Name: 
  Observers: 
    none
  Source: (none)
  Source output name: (none)
  Release Data: Off
  Data Released: False
  Global Release Data: Off
  PipelineMTime: 0
  UpdateMTime: 1707
  RealTimeStamp: 0 seconds 
  LargestPossibleRegion: 
    Dimension: 3
    Index: [0, 0, 0]
    Size: [224, 320, 320]
  BufferedRegion: 
    Dimension: 3
    Index: [0, 0, 0]
    Size: [224, 320, 320]
  RequestedRegion: 
    Dimension: 3
    Index: [0, 0, 0]
    Size: [224, 320, 320]
  Spacing: [0.7, 0.7, 0.7]
  Origin: [-80.5301, 75.9504, -93.372]
  Direction: 
1 0 0
0 -1 0
0 0 1

  IndexToPointMatrix: 
0.7 0 0
0 -0.7 0
0 0 0.7

  PointToIndexMatrix: 
1.42857 0 0
0 -1.42857 0
0 0 1.42857

  Inverse Direction: 
1 0 0
0 -1 0
0 0 1

  PixelContainer: 
    ImportImageContainer (0x3359b80)
      RTTI typeinfo:   itk::ImportImageContainer<unsigned long, double>
      Reference Count: 1
      Modified Time: 1704
      Debug: Off
      Object Name: 
      Observers: 
        none
      Pointer: 0x2b93366f7010
      Container manages memory: true
      Size: 22937600
      Capacity: 22937600

     Weighting = 1
     Sampling strategy = regular
     Number of bins = 32
     Radius = 4
     Sampling percentage  = 0.25
   Transform = Rigid
     Gradient step = 0.1
     Update field sigma (voxel space) = 0
     Total field sigma (voxel space) = 0
     Update field time sigma = 0
     Total field time sigma  = 0
     Number of time indices = 0
     Number of time point samples = 0
Stage 2 State
   Image metric = Mattes
     Fixed image = Image (0x336e350)
  RTTI typeinfo:   itk::Image<double, 3u>
  Reference Count: 2
  Modified Time: 2141
  Debug: Off
  Object Name: 
  Observers: 
    none
  Source: (none)
  Source output name: (none)
  Release Data: Off
  Data Released: False
  Global Release Data: Off
  PipelineMTime: 0
  UpdateMTime: 1924
  RealTimeStamp: 0 seconds 
  LargestPossibleRegion: 
    Dimension: 3
    Index: [0, 0, 0]
    Size: [512, 512, 54]
  BufferedRegion: 
    Dimension: 3
    Index: [0, 0, 0]
    Size: [512, 512, 54]
  RequestedRegion: 
    Dimension: 3
    Index: [0, 0, 0]
    Size: [512, 512, 54]
  Spacing: [0.4375, 0.4375, 1.1]
  Origin: [-115.519, 3.37057, -110.015]
  Direction: 
0.99966 -0.0110735 0.023613
-0.0260806 -0.424332 0.905131
3.1874e-06 0.905439 0.424477

  IndexToPointMatrix: 
0.437351 -0.00484464 0.0259743
-0.0114102 -0.185645 0.995644
1.39449e-06 0.39613 0.466924

  PointToIndexMatrix: 
2.28494 -0.0596127 7.28641e-06
-0.0253108 -0.969902 2.06957
0.0214664 0.822846 0.385888

  Inverse Direction: 
0.99966 -0.0260806 3.1878e-06
-0.0110735 -0.424332 0.905439
0.023613 0.905131 0.424477

  PixelContainer: 
    ImportImageContainer (0x3368cc0)
      RTTI typeinfo:   itk::ImportImageContainer<unsigned long, double>
      Reference Count: 1
      Modified Time: 1921
      Debug: Off
      Object Name: 
      Observers: 
        none
      Pointer: 0x2b93415f8010
      Container manages memory: true
      Size: 14155776
      Capacity: 14155776

     Moving image = Image (0x3372ea0)
  RTTI typeinfo:   itk::Image<double, 3u>
  Reference Count: 2
  Modified Time: 2142
  Debug: Off
  Object Name: 
  Observers: 
    none
  Source: (none)
  Source output name: (none)
  Release Data: Off
  Data Released: False
  Global Release Data: Off
  PipelineMTime: 0
  UpdateMTime: 2139
  RealTimeStamp: 0 seconds 
  LargestPossibleRegion: 
    Dimension: 3
    Index: [0, 0, 0]
    Size: [224, 320, 320]
  BufferedRegion: 
    Dimension: 3
    Index: [0, 0, 0]
    Size: [224, 320, 320]
  RequestedRegion: 
    Dimension: 3
    Index: [0, 0, 0]
    Size: [224, 320, 320]
  Spacing: [0.7, 0.7, 0.7]
  Origin: [-80.5301, 75.9504, -93.372]
  Direction: 
1 0 0
0 -1 0
0 0 1

  IndexToPointMatrix: 
0.7 0 0
0 -0.7 0
0 0 0.7

  PointToIndexMatrix: 
1.42857 0 0
0 -1.42857 0
0 0 1.42857

  Inverse Direction: 
1 0 0
0 -1 0
0 0 1

  PixelContainer: 
    ImportImageContainer (0x335f3d0)
      RTTI typeinfo:   itk::ImportImageContainer<unsigned long, double>
      Reference Count: 1
      Modified Time: 2136
      Debug: Off
      Object Name: 
      Observers: 
        none
      Pointer: 0x2b93481f9010
      Container manages memory: true
      Size: 22937600
      Capacity: 22937600

     Weighting = 1
     Sampling strategy = regular
     Number of bins = 32
     Radius = 4
     Sampling percentage  = 0.25
   Transform = Affine
     Gradient step = 0.1
     Update field sigma (voxel space) = 0
     Total field sigma (voxel space) = 0
     Update field time sigma = 0
     Total field time sigma  = 0
     Number of time indices = 0
     Number of time point samples = 0
Registration using 2 total stages.

Stage 0
  iterations = 1000x500x250x0
  convergence threshold = 1e-06
  convergence window size = 10
  number of levels = 4
  using the Mattes MI metric (number of bins = 32, weight = 1)
  preprocessing:  winsorizing the image intensities
  Shrink factors (level 1 out of 4): [12, 12, 5]
  Shrink factors (level 2 out of 4): [8, 8, 3]
  Shrink factors (level 3 out of 4): [4, 4, 2]
  Shrink factors (level 4 out of 4): [2, 2, 1]
  smoothing sigmas per level: [4, 3, 2, 1]
  regular sampling (percentage = 0.25)

*** Running Euler3DTransform registration ***

DIAGNOSTIC,Iteration,metricValue,convergenceValue,ITERATION_TIME_INDEX,SINCE_LAST
 2DIAGNOSTIC,     1, -4.864997191985e-01, 1.797693134862e+308, 4.3422e+00, 4.3422e+00, 
 2DIAGNOSTIC,     2, -4.903526776027e-01, 1.797693134862e+308, 4.3509e+00, 8.7070e-03, 
 2DIAGNOSTIC,     3, -4.953337408536e-01, 1.797693134862e+308, 4.3649e+00, 1.4054e-02, 
 2DIAGNOSTIC,     4, -5.024842588660e-01, 1.797693134862e+308, 4.3783e+00, 1.3383e-02, 
 2DIAGNOSTIC,     5, -5.122007098440e-01, 1.797693134862e+308, 4.3883e+00, 9.9592e-03, 
 2DIAGNOSTIC,     6, -5.292915049149e-01, 1.797693134862e+308, 4.3976e+00, 9.3038e-03, 
 2DIAGNOSTIC,     7, -5.620502602446e-01, 1.797693134862e+308, 4.4128e+00, 1.5256e-02, 
 2DIAGNOSTIC,     8, -5.706881882674e-01, 1.797693134862e+308, 4.4251e+00, 1.2223e-02, 
 2DIAGNOSTIC,     9, -5.739770004253e-01, 1.797693134862e+308, 4.4342e+00, 9.1789e-03, 
 2DIAGNOSTIC,    10, -5.748602072164e-01, 1.314435301820e-02, 4.4516e+00, 1.7338e-02, 
 2DIAGNOSTIC,    11, -5.750401962534e-01, 1.147612806972e-02, 4.4639e+00, 1.2269e-02, 
 2DIAGNOSTIC,    12, -5.749891224824e-01, 9.229439487913e-03, 4.4732e+00, 9.3231e-03, 
 2DIAGNOSTIC,    13, -5.750429174641e-01, 6.722816172155e-03, 4.4895e+00, 1.6369e-02, 
 2DIAGNOSTIC,    14, -5.750183770566e-01, 4.268491622018e-03, 4.5059e+00, 1.6328e-02, 
 2DIAGNOSTIC,    15, -5.751380587570e-01, 2.114253692668e-03, 4.5140e+00, 8.1482e-03, 
 2DIAGNOSTIC,    16, -5.752513798967e-01, 5.835020185381e-04, 4.5299e+00, 1.5850e-02, 
 2DIAGNOSTIC,    17, -5.752578381869e-01, 1.811025707168e-04, 4.5430e+00, 1.3165e-02, 
 2DIAGNOSTIC,    18, -5.751731514137e-01, 5.230251863755e-05, 4.5514e+00, 8.3599e-03, 
 2DIAGNOSTIC,    19, -5.750891058118e-01, 1.940748856462e-05, 4.5632e+00, 1.1802e-02, 
 2DIAGNOSTIC,    20, -5.751818032229e-01, 1.325406509803e-05, 4.5761e+00, 1.2882e-02, 
 2DIAGNOSTIC,    21, -5.751841263012e-01, 1.094906745466e-05, 4.5867e+00, 1.0611e-02, 
 2DIAGNOSTIC,    22, -5.751875046354e-01, 6.866613242368e-06, 4.5950e+00, 8.3079e-03, 
 2DIAGNOSTIC,    23, -5.751922585266e-01, 4.112337282557e-06, 4.6094e+00, 1.4414e-02, 
DIAGNOSTIC,Iteration,metricValue,convergenceValue,ITERATION_TIME_INDEX,SINCE_LAST
 2DIAGNOSTIC,     1, -5.376495739182e-01, 1.797693134862e+308, 8.8353e+00, 4.2259e+00, 
 2DIAGNOSTIC,     2, -5.390840743679e-01, 1.797693134862e+308, 8.8930e+00, 5.7676e-02, 
 2DIAGNOSTIC,     3, -5.400310393688e-01, 1.797693134862e+308, 8.9520e+00, 5.9025e-02, 
 2DIAGNOSTIC,     4, -5.406272642413e-01, 1.797693134862e+308, 9.0115e+00, 5.9467e-02, 
 2DIAGNOSTIC,     5, -5.410655754894e-01, 1.797693134862e+308, 9.0712e+00, 5.9736e-02, 
 2DIAGNOSTIC,     6, -5.420907821309e-01, 1.797693134862e+308, 9.1572e+00, 8.5996e-02, 
 2DIAGNOSTIC,     7, -5.423528589531e-01, 1.797693134862e+308, 9.2164e+00, 5.9141e-02, 
 2DIAGNOSTIC,     8, -5.425577142260e-01, 1.797693134862e+308, 9.2859e+00, 6.9522e-02, 
 2DIAGNOSTIC,     9, -5.431950135659e-01, 1.797693134862e+308, 9.3426e+00, 5.6761e-02, 
 2DIAGNOSTIC,    10, -5.439684902223e-01, 6.678993672814e-04, 9.4189e+00, 7.6256e-02, 
 2DIAGNOSTIC,    11, -5.442855613905e-01, 5.364920235606e-04, 9.4804e+00, 6.1517e-02, 
 2DIAGNOSTIC,    12, -5.444590913364e-01, 4.490587060069e-04, 9.5687e+00, 8.8316e-02, 
 2DIAGNOSTIC,    13, -5.444750283324e-01, 3.740722560418e-04, 9.6379e+00, 6.9209e-02, 
 2DIAGNOSTIC,    14, -5.444590012629e-01, 2.976936810006e-04, 9.6964e+00, 5.8427e-02, 
 2DIAGNOSTIC,    15, -5.444547191480e-01, 2.184816585428e-04, 9.7548e+00, 5.8401e-02, 
 2DIAGNOSTIC,    16, -5.444653617005e-01, 1.631820993404e-04, 9.8132e+00, 5.8430e-02, 
 2DIAGNOSTIC,    17, -5.444514252924e-01, 1.075181521413e-04, 9.8698e+00, 5.6585e-02, 
 2DIAGNOSTIC,    18, -5.444560337842e-01, 5.427479336342e-05, 9.9389e+00, 6.9097e-02, 
 2DIAGNOSTIC,    19, -5.444573910514e-01, 1.896495904233e-05, 1.0016e+01, 7.7440e-02, 
 2DIAGNOSTIC,    20, -5.444584416828e-01, 5.686192378049e-06, 1.0074e+01, 5.7380e-02, 
 2DIAGNOSTIC,    21, -5.444596327256e-01, 1.101027816038e-06, 1.0134e+01, 5.9833e-02, 
 2DIAGNOSTIC,    22, -5.444626207378e-01, 1.159546146323e-06, 1.0220e+01, 8.6679e-02, 
 2DIAGNOSTIC,    23, -5.444634439664e-01, 1.632795920310e-06, 1.0278e+01, 5.7922e-02, 
 2DIAGNOSTIC,    24, -5.444636070837e-01, 1.697791184967e-06, 1.0337e+01, 5.8999e-02, 
 2DIAGNOSTIC,    25, -5.444640550982e-01, 1.634896787756e-06, 1.0393e+01, 5.5717e-02, 
 2DIAGNOSTIC,    26, -5.444645033327e-01, 1.775169691298e-06, 1.0515e+01, 1.2211e-01, 
 2DIAGNOSTIC,    27, -5.444645038244e-01, 1.580182000235e-06, 1.0576e+01, 6.0685e-02, 
 2DIAGNOSTIC,    28, -5.444645066526e-01, 1.447257036526e-06, 1.0632e+01, 5.6377e-02, 
 2DIAGNOSTIC,    29, -5.444645172440e-01, 1.319619310998e-06, 1.0692e+01, 5.9629e-02, 
 2DIAGNOSTIC,    30, -5.444645483112e-01, 1.198610666969e-06, 1.0751e+01, 5.9533e-02, 
 2DIAGNOSTIC,    31, -5.444646238380e-01, 1.092500531472e-06, 1.0813e+01, 6.1438e-02, 
 2DIAGNOSTIC,    32, -5.444647321517e-01, 1.037245536829e-06, 1.0872e+01, 5.9443e-02, 
DIAGNOSTIC,Iteration,metricValue,convergenceValue,ITERATION_TIME_INDEX,SINCE_LAST
 2DIAGNOSTIC,     1, -5.376173829244e-01, 1.797693134862e+308, 1.5278e+01, 4.4063e+00, 
 2DIAGNOSTIC,     2, -5.397481441066e-01, 1.797693134862e+308, 1.5618e+01, 3.3975e-01, 
 2DIAGNOSTIC,     3, -5.410016829730e-01, 1.797693134862e+308, 1.5963e+01, 3.4467e-01, 
 2DIAGNOSTIC,     4, -5.412433027617e-01, 1.797693134862e+308, 1.6302e+01, 3.3888e-01, 
 2DIAGNOSTIC,     5, -5.413080339773e-01, 1.797693134862e+308, 1.6695e+01, 3.9350e-01, 
 2DIAGNOSTIC,     6, -5.413351598640e-01, 1.797693134862e+308, 1.7191e+01, 4.9624e-01, 
 2DIAGNOSTIC,     7, -5.413396766726e-01, 1.797693134862e+308, 1.7749e+01, 5.5800e-01, 
 2DIAGNOSTIC,     8, -5.413364621463e-01, 1.797693134862e+308, 1.8249e+01, 4.9968e-01, 
 2DIAGNOSTIC,     9, -5.413349309657e-01, 1.797693134862e+308, 1.8647e+01, 3.9791e-01, 
 2DIAGNOSTIC,    10, -5.413330263776e-01, 2.862747025657e-04, 1.8986e+01, 3.3947e-01, 
 2DIAGNOSTIC,    11, -5.413290053242e-01, 9.599180249523e-05, 1.9383e+01, 3.9629e-01, 
 2DIAGNOSTIC,    12, -5.413296743477e-01, 2.103491656856e-05, 1.9832e+01, 4.4960e-01, 
 2DIAGNOSTIC,    13, -5.413285357017e-01, 6.347619484370e-06, 2.0176e+01, 3.4315e-01, 
 2DIAGNOSTIC,    14, -5.413236215389e-01, 2.235654259761e-06, 2.0571e+01, 3.9507e-01, 
DIAGNOSTIC,Iteration,metricValue,convergenceValue,ITERATION_TIME_INDEX,SINCE_LAST
 2DIAGNOSTIC,     1, -5.011461393190e-01, 1.797693134862e+308, 2.7319e+01, 6.7481e+00, 
  Elapsed time (stage 0): 2.9030e+01


Stage 1
  iterations = 1000x500x250x0
  convergence threshold = 1.0000e-06
  convergence window size = 10
  number of levels = 4
  using the Mattes MI metric (number of bins = 32, weight = 1.0000e+00)
  preprocessing:  winsorizing the image intensities
  Shrink factors (level 1 out of 4): [12, 12, 5]
  Shrink factors (level 2 out of 4): [8, 8, 3]
  Shrink factors (level 3 out of 4): [4, 4, 2]
  Shrink factors (level 4 out of 4): [2, 2, 1]
  smoothing sigmas per level: [4, 3, 2, 1]
  regular sampling (percentage = 2.5000e-01)

*** Running AffineTransform registration ***

DIAGNOSTIC,Iteration,metricValue,convergenceValue,ITERATION_TIME_INDEX,SINCE_LAST
 2DIAGNOSTIC,     1, -5.915104647321e-01, 1.797693134862e+308, 4.2694e+00, 4.2694e+00, 
 2DIAGNOSTIC,     2, -5.931963068124e-01, 1.797693134862e+308, 4.2824e+00, 1.2997e-02, 
 2DIAGNOSTIC,     3, -5.950897753709e-01, 1.797693134862e+308, 4.2920e+00, 9.6090e-03, 
 2DIAGNOSTIC,     4, -5.971894444032e-01, 1.797693134862e+308, 4.3078e+00, 1.5791e-02, 
 2DIAGNOSTIC,     5, -5.997765570944e-01, 1.797693134862e+308, 4.3217e+00, 1.3872e-02, 
 2DIAGNOSTIC,     6, -6.027476099616e-01, 1.797693134862e+308, 4.3327e+00, 1.1037e-02, 
 2DIAGNOSTIC,     7, -6.038564802587e-01, 1.797693134862e+308, 4.3537e+00, 2.0970e-02, 
 2DIAGNOSTIC,     8, -6.044229251854e-01, 1.797693134862e+308, 4.3645e+00, 1.0845e-02, 
 2DIAGNOSTIC,     9, -6.045979876095e-01, 1.797693134862e+308, 4.3800e+00, 1.5460e-02, 
 2DIAGNOSTIC,    10, -6.050031566272e-01, 1.595909494948e-03, 4.3970e+00, 1.6977e-02, 
 2DIAGNOSTIC,    11, -6.049332386542e-01, 1.206118031530e-03, 4.4092e+00, 1.2191e-02, 
 2DIAGNOSTIC,    12, -6.049753645445e-01, 8.417247810676e-04, 4.4258e+00, 1.6651e-02, 
 2DIAGNOSTIC,    13, -6.050523595925e-01, 5.300811317238e-04, 4.4394e+00, 1.3619e-02, 
 2DIAGNOSTIC,    14, -6.051314637188e-01, 2.878995292629e-04, 4.4506e+00, 1.1148e-02, 
 2DIAGNOSTIC,    15, -6.054231621576e-01, 1.405967666664e-04, 4.4667e+00, 1.6148e-02, 
 2DIAGNOSTIC,    16, -6.055379992967e-01, 8.936622318284e-05, 4.4796e+00, 1.2895e-02, 
 2DIAGNOSTIC,    17, -6.058911251911e-01, 7.656920338162e-05, 4.4920e+00, 1.2338e-02, 
 2DIAGNOSTIC,    18, -6.059048515388e-01, 7.333311775159e-05, 4.5085e+00, 1.6484e-02, 
 2DIAGNOSTIC,    19, -6.058464562035e-01, 6.649050161746e-05, 4.5254e+00, 1.6978e-02, 
 2DIAGNOSTIC,    20, -6.059948171331e-01, 6.750251495981e-05, 4.5434e+00, 1.8003e-02, 
 2DIAGNOSTIC,    21, -6.060020935407e-01, 6.069204248153e-05, 4.5579e+00, 1.4467e-02, 
 2DIAGNOSTIC,    22, -6.059373288663e-01, 4.844639962833e-05, 4.5685e+00, 1.0596e-02, 
 2DIAGNOSTIC,    23, -6.059444220953e-01, 3.472372454452e-05, 4.5855e+00, 1.7041e-02, 
 2DIAGNOSTIC,    24, -6.059513135304e-01, 2.068054799456e-05, 4.5990e+00, 1.3424e-02, 
 2DIAGNOSTIC,    25, -6.058936966365e-01, 1.031733716810e-05, 4.6089e+00, 9.9480e-03, 
 2DIAGNOSTIC,    26, -6.059254692141e-01, 2.388451837344e-06, 4.6255e+00, 1.6585e-02, 
 2DIAGNOSTIC,    27, -6.060520866661e-01, 3.323275795088e-06, 4.6448e+00, 1.9292e-02, 
 2DIAGNOSTIC,    28, -6.060683371537e-01, 4.484970878738e-06, 4.6584e+00, 1.3651e-02, 
 2DIAGNOSTIC,    29, -6.060761975304e-01, 4.372000831129e-06, 4.6753e+00, 1.6903e-02, 
 2DIAGNOSTIC,    30, -6.060954147072e-01, 6.618128767788e-06, 4.6880e+00, 1.2628e-02, 
 2DIAGNOSTIC,    31, -6.061907537986e-01, 9.767356957756e-06, 4.7069e+00, 1.8896e-02, 
 2DIAGNOSTIC,    32, -6.061350438325e-01, 1.003491737569e-05, 4.7269e+00, 2.0075e-02, 
 2DIAGNOSTIC,    33, -6.061351017645e-01, 9.558193250027e-06, 4.7436e+00, 1.6646e-02, 
 2DIAGNOSTIC,    34, -6.061352589716e-01, 8.456917670336e-06, 4.7584e+00, 1.4778e-02, 
 2DIAGNOSTIC,    35, -6.061353840673e-01, 5.921655702137e-06, 4.7695e+00, 1.1179e-02, 
 2DIAGNOSTIC,    36, -6.060742093029e-01, 2.604718904880e-06, 4.7871e+00, 1.7517e-02, 
DIAGNOSTIC,Iteration,metricValue,convergenceValue,ITERATION_TIME_INDEX,SINCE_LAST
 2DIAGNOSTIC,     1, -5.624277366592e-01, 1.797693134862e+308, 8.8746e+00, 4.0876e+00, 
 2DIAGNOSTIC,     2, -5.633776581526e-01, 1.797693134862e+308, 8.9384e+00, 6.3784e-02, 
 2DIAGNOSTIC,     3, -5.643703640987e-01, 1.797693134862e+308, 9.0018e+00, 6.3353e-02, 
 2DIAGNOSTIC,     4, -5.653204612516e-01, 1.797693134862e+308, 9.0674e+00, 6.5658e-02, 
 2DIAGNOSTIC,     5, -5.662456447873e-01, 1.797693134862e+308, 9.1312e+00, 6.3823e-02, 
 2DIAGNOSTIC,     6, -5.672090252753e-01, 1.797693134862e+308, 9.1949e+00, 6.3622e-02, 
 2DIAGNOSTIC,     7, -5.682797054476e-01, 1.797693134862e+308, 9.2972e+00, 1.0230e-01, 
 2DIAGNOSTIC,     8, -5.684485465088e-01, 1.797693134862e+308, 9.3717e+00, 7.4528e-02, 
 2DIAGNOSTIC,     9, -5.685745686319e-01, 1.797693134862e+308, 9.4451e+00, 7.3397e-02, 
 2DIAGNOSTIC,    10, -5.686568798617e-01, 7.646950374821e-04, 9.5171e+00, 7.2012e-02, 
 2DIAGNOSTIC,    11, -5.687503333662e-01, 5.778908994453e-04, 9.5912e+00, 7.4121e-02, 
 2DIAGNOSTIC,    12, -5.688233564178e-01, 4.125446588883e-04, 9.6658e+00, 7.4538e-02, 
 2DIAGNOSTIC,    13, -5.688206761339e-01, 2.736245016820e-04, 9.7306e+00, 6.4813e-02, 
 2DIAGNOSTIC,    14, -5.688421201950e-01, 1.648434777977e-04, 9.7946e+00, 6.4035e-02, 
 2DIAGNOSTIC,    15, -5.688667516452e-01, 8.704894092430e-05, 9.8596e+00, 6.4969e-02, 
 2DIAGNOSTIC,    16, -5.689036533771e-01, 4.162762198760e-05, 9.9329e+00, 7.3342e-02, 
 2DIAGNOSTIC,    17, -5.689293269761e-01, 3.010671378332e-05, 9.9978e+00, 6.4847e-02, 
 2DIAGNOSTIC,    18, -5.690203909996e-01, 2.445751152978e-05, 1.0073e+01, 7.5077e-02, 
 2DIAGNOSTIC,    19, -5.691069644539e-01, 2.284837952925e-05, 1.0146e+01, 7.3058e-02, 
 2DIAGNOSTIC,    20, -5.690208978361e-01, 1.925379094992e-05, 1.0220e+01, 7.3935e-02, 
 2DIAGNOSTIC,    21, -5.690964078039e-01, 1.844275650673e-05, 1.0325e+01, 1.0471e-01, 
 2DIAGNOSTIC,    22, -5.690758330578e-01, 1.727444331644e-05, 1.0400e+01, 7.5321e-02, 
 2DIAGNOSTIC,    23, -5.690300015399e-01, 1.363741027064e-05, 1.0464e+01, 6.3830e-02, 
 2DIAGNOSTIC,    24, -5.690318274667e-01, 9.661338603174e-06, 1.0528e+01, 6.3895e-02, 
 2DIAGNOSTIC,    25, -5.690342862893e-01, 5.776642313549e-06, 1.0591e+01, 6.3868e-02, 
 2DIAGNOSTIC,    26, -5.690383949456e-01, 2.559363892068e-06, 1.0668e+01, 7.6697e-02, 
DIAGNOSTIC,Iteration,metricValue,convergenceValue,ITERATION_TIME_INDEX,SINCE_LAST
 2DIAGNOSTIC,     1, -5.408898613070e-01, 1.797693134862e+308, 1.5054e+01, 4.3858e+00, 
 2DIAGNOSTIC,     2, -5.428783214118e-01, 1.797693134862e+308, 1.5378e+01, 3.2384e-01, 
 2DIAGNOSTIC,     3, -5.446305190120e-01, 1.797693134862e+308, 1.5702e+01, 3.2391e-01, 
 2DIAGNOSTIC,     4, -5.455078238114e-01, 1.797693134862e+308, 1.6026e+01, 3.2423e-01, 
 2DIAGNOSTIC,     5, -5.458036103628e-01, 1.797693134862e+308, 1.6337e+01, 3.1089e-01, 
 2DIAGNOSTIC,     6, -5.459220837127e-01, 1.797693134862e+308, 1.6820e+01, 4.8358e-01, 
 2DIAGNOSTIC,     7, -5.459257280188e-01, 1.797693134862e+308, 1.7255e+01, 4.3447e-01, 
 2DIAGNOSTIC,     8, -5.459286037462e-01, 1.797693134862e+308, 1.7604e+01, 3.4958e-01, 
 2DIAGNOSTIC,     9, -5.459276267737e-01, 1.797693134862e+308, 1.7913e+01, 3.0819e-01, 
 2DIAGNOSTIC,    10, -5.459305060717e-01, 4.637404777264e-04, 1.8265e+01, 3.5262e-01, 
 2DIAGNOSTIC,    11, -5.459405038922e-01, 2.186629568069e-04, 1.8577e+01, 3.1133e-01, 
 2DIAGNOSTIC,    12, -5.459464877067e-01, 8.025916952308e-05, 1.8887e+01, 3.1081e-01, 
 2DIAGNOSTIC,    13, -5.459762082879e-01, 2.684000568205e-05, 1.9199e+01, 3.1129e-01, 
 2DIAGNOSTIC,    14, -5.460227671338e-01, 1.296262021189e-05, 1.9507e+01, 3.0849e-01, 
 2DIAGNOSTIC,    15, -5.461828490349e-01, 1.565409530420e-05, 1.9990e+01, 4.8263e-01, 
 2DIAGNOSTIC,    16, -5.462591685423e-01, 2.298804134401e-05, 2.0359e+01, 3.6959e-01, 
 2DIAGNOSTIC,    17, -5.463065049030e-01, 2.909381770963e-05, 2.0734e+01, 3.7462e-01, 
 2DIAGNOSTIC,    18, -5.464489583906e-01, 3.626115188984e-05, 2.1161e+01, 4.2674e-01, 
 2DIAGNOSTIC,    19, -5.466019465470e-01, 4.354488206450e-05, 2.1655e+01, 4.9460e-01, 
 2DIAGNOSTIC,    20, -5.465978900771e-01, 4.605357689972e-05, 2.2035e+01, 3.7932e-01, 
 2DIAGNOSTIC,    21, -5.465901329421e-01, 4.431545978689e-05, 2.2469e+01, 4.3457e-01, 
 2DIAGNOSTIC,    22, -5.465838785796e-01, 3.881319453156e-05, 2.2959e+01, 4.8944e-01, 
 2DIAGNOSTIC,    23, -5.465752876869e-01, 3.074355823146e-05, 2.3612e+01, 6.5360e-01, 
 2DIAGNOSTIC,    24, -5.465759399865e-01, 2.149075813765e-05, 2.4049e+01, 4.3692e-01, 
 2DIAGNOSTIC,    25, -5.465745146745e-01, 1.439082378260e-05, 2.4485e+01, 4.3634e-01, 
 2DIAGNOSTIC,    26, -5.465704965006e-01, 8.110982629213e-06, 2.4923e+01, 4.3735e-01, 
 2DIAGNOSTIC,    27, -5.465664682811e-01, 2.444385316026e-06, 2.5301e+01, 3.7833e-01, 
DIAGNOSTIC,Iteration,metricValue,convergenceValue,ITERATION_TIME_INDEX,SINCE_LAST
 2DIAGNOSTIC,     1, -5.047855068762e-01, 1.797693134862e+308, 3.2111e+01, 6.8098e+00, 
  Elapsed time (stage 1): 3.3807e+01


Total elapsed time: 6.2845e+01
Using double precision for computations.
Input scalar image: /home/ccn30/rds/rds-p00500_encrypt-URQgmO1brZ0/p00500/ENCRYPT_images/27341/T2/N4t2.nii
Reference image: /home/ccn30/rds/rds-p00500_encrypt-URQgmO1brZ0/p00500/ENCRYPT_images/27341/mp2rage/n4mag0000_PSIR_skulled_std.nii
Can't read initial transform T1xT2_ANTs_0GenericAffine.mat
