This is job 14
Time: Thu 16 Sep 12:56:46 BST 2021
Running on master node: cpu-p-524
Current directory: /rds/user/ccn30/hpc-work/WBIC_lustre/ENCRYPT/scripts/Registration/slurmoutputs
Changed directory to /home/ccn30/rds/hpc-work/WBIC_lustre/ENCRYPT/scripts/Registration/slurmoutputs.

JobID: 46502788
======
Time: Thu 16 Sep 12:56:46 BST 2021
Running on master node: cpu-p-524
Current directory: /home/ccn30/rds/hpc-work/WBIC_lustre/ENCRYPT/scripts/Registration/slurmoutputs

Nodes allocated:
================
cpu-p-524

numtasks=, numnodes=, mpi_tasks_per_node= (OMP_NUM_THREADS=1)

Executing command:
==================
/home/ccn30/rds/hpc-work/WBIC_lustre/ENCRYPT/scripts/Registration/coreg_main.sh /home/ccn30/rds/hpc-work/WBIC_lustre/ENCRYPT/ENCRYPT_MasterRIScodes.txt 14 /home/ccn30/rds/rds-p00500_encrypt-URQgmO1brZ0/p00500 /home/ccn30/rds/hpc-work/WBIC_home/ENCRYPT/atlases/magdeburgatlas

******** starting 26395 ********
All_Command_lines_OK
Using double precision for computations.
=============================================================================
The composite transform comprises the following transforms (in order): 
  1. Center of mass alignment using fixed image: /home/ccn30/rds/hpc-work/WBIC_home/ENCRYPT/atlases/magdeburgatlas/template/template.nii.gz and moving image: /home/ccn30/rds/rds-p00500_encrypt-URQgmO1brZ0/p00500/ENCRYPT_images/26395/mp2rage/denoise_n4mag0000_PSIR_skulled_std.nii (type = Euler3DTransform)
=============================================================================
  number of levels = 4
  number of levels = 4
  fixed image: /home/ccn30/rds/hpc-work/WBIC_home/ENCRYPT/atlases/magdeburgatlas/template/template.nii.gz
  moving image: /home/ccn30/rds/rds-p00500_encrypt-URQgmO1brZ0/p00500/ENCRYPT_images/26395/mp2rage/denoise_n4mag0000_PSIR_skulled_std.nii
  fixed image: /home/ccn30/rds/hpc-work/WBIC_home/ENCRYPT/atlases/magdeburgatlas/template/template.nii.gz
  moving image: /home/ccn30/rds/rds-p00500_encrypt-URQgmO1brZ0/p00500/ENCRYPT_images/26395/mp2rage/denoise_n4mag0000_PSIR_skulled_std.nii
Dimension = 3
Number of stages = 2
Use Histogram Matching true
Winsorize image intensities true
Lower quantile = 0.005
Upper quantile = 0.995
Stage 1 State
   Image metric = Mattes
     Fixed image = Image (0x372e200)
  RTTI typeinfo:   itk::Image<double, 3u>
  Reference Count: 2
  Modified Time: 1698
  Debug: Off
  Object Name: 
  Observers: 
    none
  Source: (none)
  Source output name: (none)
  Release Data: Off
  Data Released: False
  Global Release Data: Off
  PipelineMTime: 0
  UpdateMTime: 1481
  RealTimeStamp: 0 seconds 
  LargestPossibleRegion: 
    Dimension: 3
    Index: [0, 0, 0]
    Size: [384, 301, 288]
  BufferedRegion: 
    Dimension: 3
    Index: [0, 0, 0]
    Size: [384, 301, 288]
  RequestedRegion: 
    Dimension: 3
    Index: [0, 0, 0]
    Size: [384, 301, 288]
  Spacing: [0.598958, 0.598958, 0.599937]
  Origin: [83.4012, -147.626, 85.1783]
  Direction: 
-0 0 -1
1 -0 0
0 -1 0

  IndexToPointMatrix: 
0 0 -0.599937
0.598958 0 0
0 -0.598958 0

  PointToIndexMatrix: 
0 1.66957 0
0 0 -1.66957
-1.66684 0 0

  Inverse Direction: 
0 1 0
0 0 -1
-1 0 0

  PixelContainer: 
    ImportImageContainer (0x371edc0)
      RTTI typeinfo:   itk::ImportImageContainer<unsigned long, double>
      Reference Count: 1
      Modified Time: 1478
      Debug: Off
      Object Name: 
      Observers: 
        none
      Pointer: 0x2ab0a0451010
      Container manages memory: true
      Size: 33288192
      Capacity: 33288192

     Moving image = Image (0x37323f0)
  RTTI typeinfo:   itk::Image<double, 3u>
  Reference Count: 2
  Modified Time: 1699
  Debug: Off
  Object Name: 
  Observers: 
    none
  Source: (none)
  Source output name: (none)
  Release Data: Off
  Data Released: False
  Global Release Data: Off
  PipelineMTime: 0
  UpdateMTime: 1696
  RealTimeStamp: 0 seconds 
  LargestPossibleRegion: 
    Dimension: 3
    Index: [0, 0, 0]
    Size: [224, 320, 320]
  BufferedRegion: 
    Dimension: 3
    Index: [0, 0, 0]
    Size: [224, 320, 320]
  RequestedRegion: 
    Dimension: 3
    Index: [0, 0, 0]
    Size: [224, 320, 320]
  Spacing: [0.7, 0.7, 0.7]
  Origin: [-79.2904, 73.4889, -79.0676]
  Direction: 
1 0 0
0 -1 0
0 0 1

  IndexToPointMatrix: 
0.7 0 0
0 -0.7 0
0 0 0.7

  PointToIndexMatrix: 
1.42857 0 0
0 -1.42857 0
0 0 1.42857

  Inverse Direction: 
1 0 0
0 -1 0
0 0 1

  PixelContainer: 
    ImportImageContainer (0x37326b0)
      RTTI typeinfo:   itk::ImportImageContainer<unsigned long, double>
      Reference Count: 1
      Modified Time: 1693
      Debug: Off
      Object Name: 
      Observers: 
        none
      Pointer: 0x2ab0b024a010
      Container manages memory: true
      Size: 22937600
      Capacity: 22937600

     Weighting = 1
     Sampling strategy = regular
     Number of bins = 32
     Radius = 4
     Sampling percentage  = 0.25
   Transform = Rigid
     Gradient step = 0.1
     Update field sigma (voxel space) = 0
     Total field sigma (voxel space) = 0
     Update field time sigma = 0
     Total field time sigma  = 0
     Number of time indices = 0
     Number of time point samples = 0
Stage 2 State
   Image metric = Mattes
     Fixed image = Image (0x3741060)
  RTTI typeinfo:   itk::Image<double, 3u>
  Reference Count: 2
  Modified Time: 2130
  Debug: Off
  Object Name: 
  Observers: 
    none
  Source: (none)
  Source output name: (none)
  Release Data: Off
  Data Released: False
  Global Release Data: Off
  PipelineMTime: 0
  UpdateMTime: 1913
  RealTimeStamp: 0 seconds 
  LargestPossibleRegion: 
    Dimension: 3
    Index: [0, 0, 0]
    Size: [384, 301, 288]
  BufferedRegion: 
    Dimension: 3
    Index: [0, 0, 0]
    Size: [384, 301, 288]
  RequestedRegion: 
    Dimension: 3
    Index: [0, 0, 0]
    Size: [384, 301, 288]
  Spacing: [0.598958, 0.598958, 0.599937]
  Origin: [83.4012, -147.626, 85.1783]
  Direction: 
-0 0 -1
1 -0 0
0 -1 0

  IndexToPointMatrix: 
0 0 -0.599937
0.598958 0 0
0 -0.598958 0

  PointToIndexMatrix: 
0 1.66957 0
0 0 -1.66957
-1.66684 0 0

  Inverse Direction: 
0 1 0
0 0 -1
-1 0 0

  PixelContainer: 
    ImportImageContainer (0x3735140)
      RTTI typeinfo:   itk::ImportImageContainer<unsigned long, double>
      Reference Count: 1
      Modified Time: 1910
      Debug: Off
      Object Name: 
      Observers: 
        none
      Pointer: 0x2ab0bb14b010
      Container manages memory: true
      Size: 33288192
      Capacity: 33288192

     Moving image = Image (0x3742e80)
  RTTI typeinfo:   itk::Image<double, 3u>
  Reference Count: 2
  Modified Time: 2131
  Debug: Off
  Object Name: 
  Observers: 
    none
  Source: (none)
  Source output name: (none)
  Release Data: Off
  Data Released: False
  Global Release Data: Off
  PipelineMTime: 0
  UpdateMTime: 2128
  RealTimeStamp: 0 seconds 
  LargestPossibleRegion: 
    Dimension: 3
    Index: [0, 0, 0]
    Size: [224, 320, 320]
  BufferedRegion: 
    Dimension: 3
    Index: [0, 0, 0]
    Size: [224, 320, 320]
  RequestedRegion: 
    Dimension: 3
    Index: [0, 0, 0]
    Size: [224, 320, 320]
  Spacing: [0.7, 0.7, 0.7]
  Origin: [-79.2904, 73.4889, -79.0676]
  Direction: 
1 0 0
0 -1 0
0 0 1

  IndexToPointMatrix: 
0.7 0 0
0 -0.7 0
0 0 0.7

  PointToIndexMatrix: 
1.42857 0 0
0 -1.42857 0
0 0 1.42857

  Inverse Direction: 
1 0 0
0 -1 0
0 0 1

  PixelContainer: 
    ImportImageContainer (0x373d540)
      RTTI typeinfo:   itk::ImportImageContainer<unsigned long, double>
      Reference Count: 1
      Modified Time: 2125
      Debug: Off
      Object Name: 
      Observers: 
        none
      Pointer: 0x2ab0caf44010
      Container manages memory: true
      Size: 22937600
      Capacity: 22937600

     Weighting = 1
     Sampling strategy = regular
     Number of bins = 32
     Radius = 4
     Sampling percentage  = 0.25
   Transform = Affine
     Gradient step = 0.1
     Update field sigma (voxel space) = 0
     Total field sigma (voxel space) = 0
     Update field time sigma = 0
     Total field time sigma  = 0
     Number of time indices = 0
     Number of time point samples = 0
Registration using 2 total stages.

Stage 0
  iterations = 1000x500x250x100
  convergence threshold = 1e-06
  convergence window size = 10
  number of levels = 4
  using the Mattes MI metric (number of bins = 32, weight = 1)
  preprocessing:  winsorizing the image intensities
  preprocessing:  histogram matching the images
  Shrink factors (level 1 out of 4): [8, 8, 8]
  Shrink factors (level 2 out of 4): [4, 4, 4]
  Shrink factors (level 3 out of 4): [2, 2, 2]
  Shrink factors (level 4 out of 4): [1, 1, 1]
  smoothing sigmas per level: [3, 2, 1, 0]
  regular sampling (percentage = 0.25)

*** Running Euler3DTransform registration ***

DIAGNOSTIC,Iteration,metricValue,convergenceValue,ITERATION_TIME_INDEX,SINCE_LAST
 2DIAGNOSTIC,     1, -3.820407357099e-01, 1.797693134862e+308, 2.6169e+00, 2.6169e+00, 
 2DIAGNOSTIC,     2, -3.832763319849e-01, 1.797693134862e+308, 2.6475e+00, 3.0649e-02, 
 2DIAGNOSTIC,     3, -3.850027137178e-01, 1.797693134862e+308, 2.6776e+00, 3.0066e-02, 
 2DIAGNOSTIC,     4, -3.882295769174e-01, 1.797693134862e+308, 2.7077e+00, 3.0056e-02, 
 2DIAGNOSTIC,     5, -3.938926297345e-01, 1.797693134862e+308, 2.7377e+00, 2.9994e-02, 
 2DIAGNOSTIC,     6, -4.037332111175e-01, 1.797693134862e+308, 2.7679e+00, 3.0257e-02, 
 2DIAGNOSTIC,     7, -4.151293551567e-01, 1.797693134862e+308, 2.7978e+00, 2.9878e-02, 
 2DIAGNOSTIC,     8, -4.301692786172e-01, 1.797693134862e+308, 2.8322e+00, 3.4378e-02, 
 2DIAGNOSTIC,     9, -4.313473290290e-01, 1.797693134862e+308, 2.8622e+00, 2.9990e-02, 
 2DIAGNOSTIC,    10, -4.327065602900e-01, 9.737304106806e-03, 2.9015e+00, 3.9295e-02, 
 2DIAGNOSTIC,    11, -4.373549451996e-01, 9.185907275337e-03, 2.9318e+00, 3.0373e-02, 
 2DIAGNOSTIC,    12, -4.423089637764e-01, 8.245964065927e-03, 2.9756e+00, 4.3780e-02, 
 2DIAGNOSTIC,    13, -4.466553771558e-01, 7.024845986751e-03, 3.0280e+00, 5.2425e-02, 
 2DIAGNOSTIC,    14, -4.466766524064e-01, 5.519193446016e-03, 3.0633e+00, 3.5225e-02, 
 2DIAGNOSTIC,    15, -4.465432803529e-01, 3.986543790900e-03, 3.0984e+00, 3.5098e-02, 
 2DIAGNOSTIC,    16, -4.464752647137e-01, 2.701399649230e-03, 3.1291e+00, 3.0692e-02, 
 2DIAGNOSTIC,    17, -4.464682398742e-01, 1.760904711290e-03, 3.1600e+00, 3.0988e-02, 
 2DIAGNOSTIC,    18, -4.465089293465e-01, 1.331154544143e-03, 3.1952e+00, 3.5138e-02, 
 2DIAGNOSTIC,    19, -4.465681858061e-01, 8.727304982281e-04, 3.2302e+00, 3.5019e-02, 
 2DIAGNOSTIC,    20, -4.465367240965e-01, 4.261289208749e-04, 3.2608e+00, 3.0634e-02, 
 2DIAGNOSTIC,    21, -4.467052582821e-01, 1.350220866051e-04, 3.2913e+00, 3.0509e-02, 
 2DIAGNOSTIC,    22, -4.469346707942e-01, 1.209729345668e-05, 3.3208e+00, 2.9419e-02, 
 2DIAGNOSTIC,    23, -4.473616356895e-01, 3.697895202980e-05, 3.3499e+00, 2.9138e-02, 
 2DIAGNOSTIC,    24, -4.481837899226e-01, 7.953523369440e-05, 3.3787e+00, 2.8764e-02, 
 2DIAGNOSTIC,    25, -4.499564119146e-01, 1.542557224208e-04, 3.4227e+00, 4.4069e-02, 
 2DIAGNOSTIC,    26, -4.501840930431e-01, 2.117518530376e-04, 3.4523e+00, 2.9574e-02, 
 2DIAGNOSTIC,    27, -4.502132919056e-01, 2.460660506190e-04, 3.4811e+00, 2.8801e-02, 
 2DIAGNOSTIC,    28, -4.503001741540e-01, 2.582424931439e-04, 3.5098e+00, 2.8702e-02, 
 2DIAGNOSTIC,    29, -4.504025191031e-01, 2.486492973670e-04, 3.5388e+00, 2.8961e-02, 
 2DIAGNOSTIC,    30, -4.507452906512e-01, 2.224928307139e-04, 3.5777e+00, 3.8915e-02, 
 2DIAGNOSTIC,    31, -4.507861775585e-01, 1.814676454932e-04, 3.6099e+00, 3.2250e-02, 
 2DIAGNOSTIC,    32, -4.507430192109e-01, 1.304476982724e-04, 3.6391e+00, 2.9178e-02, 
 2DIAGNOSTIC,    33, -4.506979015818e-01, 7.807778140593e-05, 3.6645e+00, 2.5389e-02, 
 2DIAGNOSTIC,    34, -4.507158969805e-01, 3.678091401670e-05, 3.6959e+00, 3.1428e-02, 
 2DIAGNOSTIC,    35, -4.507290090065e-01, 2.758470058715e-05, 3.7242e+00, 2.8259e-02, 
 2DIAGNOSTIC,    36, -4.507104158196e-01, 2.015713048501e-05, 3.7498e+00, 2.5604e-02, 
 2DIAGNOSTIC,    37, -4.506957921082e-01, 1.167784514194e-05, 3.7755e+00, 2.5660e-02, 
 2DIAGNOSTIC,    38, -4.507387630588e-01, 4.909922872224e-06, 3.8011e+00, 2.5671e-02, 
DIAGNOSTIC,Iteration,metricValue,convergenceValue,ITERATION_TIME_INDEX,SINCE_LAST
 2DIAGNOSTIC,     1, -3.791919409994e-01, 1.797693134862e+308, 6.5838e+00, 2.7827e+00, 
 2DIAGNOSTIC,     2, -3.791946193176e-01, 1.797693134862e+308, 6.8216e+00, 2.3775e-01, 
 2DIAGNOSTIC,     3, -3.791965015611e-01, 1.797693134862e+308, 7.0504e+00, 2.2882e-01, 
 2DIAGNOSTIC,     4, -3.791835783601e-01, 1.797693134862e+308, 7.2804e+00, 2.2998e-01, 
 2DIAGNOSTIC,     5, -3.791654819693e-01, 1.797693134862e+308, 7.5265e+00, 2.4614e-01, 
 2DIAGNOSTIC,     6, -3.791754292720e-01, 1.797693134862e+308, 7.7558e+00, 2.2924e-01, 
 2DIAGNOSTIC,     7, -3.792067419899e-01, 1.797693134862e+308, 7.9845e+00, 2.2875e-01, 
 2DIAGNOSTIC,     8, -3.792295547307e-01, 1.797693134862e+308, 8.2433e+00, 2.5875e-01, 
 2DIAGNOSTIC,     9, -3.792326515139e-01, 1.797693134862e+308, 8.4767e+00, 2.3348e-01, 
 2DIAGNOSTIC,    10, -3.792378704350e-01, 1.178661975750e-05, 8.7046e+00, 2.2784e-01, 
 2DIAGNOSTIC,    11, -3.792430200607e-01, 1.339008189227e-05, 8.9375e+00, 2.3291e-01, 
 2DIAGNOSTIC,    12, -3.792465292758e-01, 1.409707812457e-05, 9.1712e+00, 2.3372e-01, 
 2DIAGNOSTIC,    13, -3.792538683646e-01, 1.418461649684e-05, 9.3735e+00, 2.0224e-01, 
 2DIAGNOSTIC,    14, -3.792537119803e-01, 1.254199069145e-05, 9.6667e+00, 2.9320e-01, 
 2DIAGNOSTIC,    15, -3.792582573681e-01, 9.528516539903e-06, 9.8930e+00, 2.2632e-01, 
 2DIAGNOSTIC,    16, -3.792429721328e-01, 5.929488771539e-06, 1.0127e+01, 2.3354e-01, 
 2DIAGNOSTIC,    17, -3.792361689412e-01, 3.465051604701e-06, 1.0358e+01, 2.3195e-01, 
 2DIAGNOSTIC,    18, -3.792340329022e-01, 1.988391057417e-06, 1.0563e+01, 2.0437e-01, 
 2DIAGNOSTIC,    19, -3.792509064050e-01, 1.420876965280e-06, 1.0766e+01, 2.0324e-01, 
DIAGNOSTIC,Iteration,metricValue,convergenceValue,ITERATION_TIME_INDEX,SINCE_LAST
 2DIAGNOSTIC,     1, -3.204022356124e-01, 1.797693134862e+308, 1.5510e+01, 4.7438e+00, 
 2DIAGNOSTIC,     2, -3.205878514121e-01, 1.797693134862e+308, 1.7091e+01, 1.5810e+00, 
 2DIAGNOSTIC,     3, -3.207378806816e-01, 1.797693134862e+308, 1.8885e+01, 1.7940e+00, 
 2DIAGNOSTIC,     4, -3.208662686207e-01, 1.797693134862e+308, 2.0690e+01, 1.8051e+00, 
 2DIAGNOSTIC,     5, -3.208875966539e-01, 1.797693134862e+308, 2.2260e+01, 1.5704e+00, 
 2DIAGNOSTIC,     6, -3.209430461876e-01, 1.797693134862e+308, 2.4965e+01, 2.7049e+00, 
 2DIAGNOSTIC,     7, -3.209609006831e-01, 1.797693134862e+308, 2.6540e+01, 1.5751e+00, 
 2DIAGNOSTIC,     8, -3.209611091477e-01, 1.797693134862e+308, 2.8330e+01, 1.7891e+00, 
 2DIAGNOSTIC,     9, -3.209689424220e-01, 1.797693134862e+308, 2.9892e+01, 1.5623e+00, 
 2DIAGNOSTIC,    10, -3.209796539933e-01, 1.024345436062e-04, 3.1462e+01, 1.5701e+00, 
 2DIAGNOSTIC,    11, -3.210126738462e-01, 6.291705153023e-05, 3.3044e+01, 1.5821e+00, 
 2DIAGNOSTIC,    12, -3.210583059753e-01, 4.140996906912e-05, 3.4631e+01, 1.5871e+00, 
 2DIAGNOSTIC,    13, -3.211237093697e-01, 3.416300291435e-05, 3.6456e+01, 1.8250e+00, 
 2DIAGNOSTIC,    14, -3.211276248588e-01, 3.340285713946e-05, 3.8046e+01, 1.5901e+00, 
 2DIAGNOSTIC,    15, -3.211528567075e-01, 3.263413693778e-05, 4.0558e+01, 2.5117e+00, 
 2DIAGNOSTIC,    16, -3.211535665918e-01, 3.222999816364e-05, 4.2845e+01, 2.2873e+00, 
 2DIAGNOSTIC,    17, -3.211557786982e-01, 3.010723700045e-05, 4.4675e+01, 1.8297e+00, 
 2DIAGNOSTIC,    18, -3.211581003737e-01, 2.571257612378e-05, 4.6522e+01, 1.8473e+00, 
 2DIAGNOSTIC,    19, -3.211589170523e-01, 1.998377298931e-05, 4.8131e+01, 1.6086e+00, 
 2DIAGNOSTIC,    20, -3.211594320654e-01, 1.363579172555e-05, 5.0221e+01, 2.0903e+00, 
 2DIAGNOSTIC,    21, -3.211607490271e-01, 8.195754969340e-06, 5.2071e+01, 1.8497e+00, 
 2DIAGNOSTIC,    22, -3.211574185095e-01, 4.269562955447e-06, 5.3931e+01, 1.8598e+00, 
 2DIAGNOSTIC,    23, -3.211579526110e-01, 2.969590217582e-06, 5.6026e+01, 2.0957e+00, 
 2DIAGNOSTIC,    24, -3.211574372178e-01, 1.727572370866e-06, 5.7853e+01, 1.8263e+00, 
 2DIAGNOSTIC,    25, -3.211563149310e-01, 1.400876024661e-06, 5.9594e+01, 1.7418e+00, 
 2DIAGNOSTIC,    26, -3.211574321992e-01, 1.149535625765e-06, 6.1320e+01, 1.7255e+00, 
DIAGNOSTIC,Iteration,metricValue,convergenceValue,ITERATION_TIME_INDEX,SINCE_LAST
 2DIAGNOSTIC,     1, -2.834430488694e-01, 1.797693134862e+308, 7.6767e+01, 1.5448e+01, 
 2DIAGNOSTIC,     2, -2.835054340296e-01, 1.797693134862e+308, 8.7821e+01, 1.1053e+01, 
 2DIAGNOSTIC,     3, -2.835369763602e-01, 1.797693134862e+308, 1.0550e+02, 1.7675e+01, 
 2DIAGNOSTIC,     4, -2.835358212636e-01, 1.797693134862e+308, 1.2741e+02, 2.1917e+01, 
 2DIAGNOSTIC,     5, -2.835359628509e-01, 1.797693134862e+308, 1.4174e+02, 1.4329e+01, 
 2DIAGNOSTIC,     6, -2.835358838825e-01, 1.797693134862e+308, 1.5459e+02, 1.2853e+01, 
 2DIAGNOSTIC,     7, -2.835358874677e-01, 1.797693134862e+308, 1.7018e+02, 1.5583e+01, 
 2DIAGNOSTIC,     8, -2.835360799288e-01, 1.797693134862e+308, 1.8532e+02, 1.5145e+01, 
 2DIAGNOSTIC,     9, -2.835359017680e-01, 1.797693134862e+308, 1.9821e+02, 1.2889e+01, 
 2DIAGNOSTIC,    10, -2.835358916511e-01, 1.509439560400e-05, 2.1256e+02, 1.4348e+01, 
 2DIAGNOSTIC,    11, -2.835358025672e-01, 5.583219531771e-06, 2.2522e+02, 1.2658e+01, 
 2DIAGNOSTIC,    12, -2.835357217079e-01, 2.543929523063e-06, 2.3793e+02, 1.2711e+01, 
 2DIAGNOSTIC,    13, -2.835357877260e-01, 2.421645789633e-06, 2.5083e+02, 1.2906e+01, 
 2DIAGNOSTIC,    14, -2.835357296365e-01, 2.231771952688e-06, 2.6357e+02, 1.2741e+01, 
 2DIAGNOSTIC,    15, -2.835356706940e-01, 2.076948606849e-06, 2.7463e+02, 1.1056e+01, 
 2DIAGNOSTIC,    16, -2.835358143979e-01, 1.949749649219e-06, 2.8574e+02, 1.1110e+01, 
 2DIAGNOSTIC,    17, -2.835358326459e-01, 1.841623908920e-06, 2.9861e+02, 1.2875e+01, 
 2DIAGNOSTIC,    18, -2.835360471993e-01, 1.771089909237e-06, 3.1132e+02, 1.2704e+01, 
 2DIAGNOSTIC,    19, -2.835360312971e-01, 1.697138344733e-06, 3.2395e+02, 1.2634e+01, 
 2DIAGNOSTIC,    20, -2.835357884934e-01, 1.616112943734e-06, 3.3594e+02, 1.1983e+01, 
 2DIAGNOSTIC,    21, -2.835357386581e-01, 1.534274559241e-06, 3.4798e+02, 1.2047e+01, 
 2DIAGNOSTIC,    22, -2.835357523000e-01, 1.454676560715e-06, 3.5900e+02, 1.1015e+01, 
 2DIAGNOSTIC,    23, -2.835357426973e-01, 1.383411076299e-06, 3.7167e+02, 1.2676e+01, 
 2DIAGNOSTIC,    24, -2.835358114872e-01, 1.318654418735e-06, 3.8290e+02, 1.1233e+01, 
 2DIAGNOSTIC,    25, -2.835357514245e-01, 1.255027166705e-06, 3.9576e+02, 1.2859e+01, 
 2DIAGNOSTIC,    26, -2.835356966237e-01, 1.201585060707e-06, 4.0846e+02, 1.2694e+01, 
 2DIAGNOSTIC,    27, -2.835356802446e-01, 1.153923398306e-06, 4.2203e+02, 1.3570e+01, 
 2DIAGNOSTIC,    28, -2.835354947087e-01, 1.112826894030e-06, 4.3337e+02, 1.1342e+01, 
 2DIAGNOSTIC,    29, -2.835355842946e-01, 1.079650306331e-06, 4.4587e+02, 1.2499e+01, 
 2DIAGNOSTIC,    30, -2.835356085814e-01, 1.042927011002e-06, 4.6015e+02, 1.4282e+01, 
 2DIAGNOSTIC,    31, -2.835354562013e-01, 1.003657048346e-06, 4.7139e+02, 1.1239e+01, 
  Elapsed time (stage 0): 4.8016e+02


Stage 1
  iterations = 1000x500x250x100
  convergence threshold = 1.0000e-06
  convergence window size = 10
  number of levels = 4
  using the Mattes MI metric (number of bins = 32, weight = 1.0000e+00)
  preprocessing:  winsorizing the image intensities
  preprocessing:  histogram matching the images
  Shrink factors (level 1 out of 4): [8, 8, 8]
  Shrink factors (level 2 out of 4): [4, 4, 4]
  Shrink factors (level 3 out of 4): [2, 2, 2]
  Shrink factors (level 4 out of 4): [1, 1, 1]
  smoothing sigmas per level: [3, 2, 1, 0]
  regular sampling (percentage = 2.5000e-01)

*** Running AffineTransform registration ***

DIAGNOSTIC,Iteration,metricValue,convergenceValue,ITERATION_TIME_INDEX,SINCE_LAST
 2DIAGNOSTIC,     1, -4.312537963987e-01, 1.797693134862e+308, 2.5576e+00, 2.5576e+00, 
 2DIAGNOSTIC,     2, -4.333335894189e-01, 1.797693134862e+308, 2.5886e+00, 3.1073e-02, 
 2DIAGNOSTIC,     3, -4.369559828512e-01, 1.797693134862e+308, 2.6209e+00, 3.2302e-02, 
 2DIAGNOSTIC,     4, -4.419284348685e-01, 1.797693134862e+308, 2.6506e+00, 2.9622e-02, 
 2DIAGNOSTIC,     5, -4.520836265611e-01, 1.797693134862e+308, 2.6793e+00, 2.8768e-02, 
 2DIAGNOSTIC,     6, -4.740261952179e-01, 1.797693134862e+308, 2.7117e+00, 3.2404e-02, 
 2DIAGNOSTIC,     7, -5.182755340325e-01, 1.797693134862e+308, 2.7409e+00, 2.9142e-02, 
 2DIAGNOSTIC,     8, -5.504906667777e-01, 1.797693134862e+308, 2.7740e+00, 3.3108e-02, 
 2DIAGNOSTIC,     9, -5.590391341835e-01, 1.797693134862e+308, 2.8118e+00, 3.7787e-02, 
 2DIAGNOSTIC,    10, -5.591705333771e-01, 2.087858388870e-02, 2.8457e+00, 3.3984e-02, 
 2DIAGNOSTIC,    11, -5.592084416287e-01, 1.932125893133e-02, 2.8777e+00, 3.1981e-02, 
 2DIAGNOSTIC,    12, -5.592757345993e-01, 1.641188739065e-02, 2.9077e+00, 3.0016e-02, 
 2DIAGNOSTIC,    13, -5.593612592081e-01, 1.267644100880e-02, 2.9415e+00, 3.3787e-02, 
 2DIAGNOSTIC,    14, -5.591922189137e-01, 8.597973951133e-03, 2.9873e+00, 4.5765e-02, 
 2DIAGNOSTIC,    15, -5.592437233370e-01, 4.730166521617e-03, 3.0170e+00, 2.9717e-02, 
 2DIAGNOSTIC,    16, -5.592300456915e-01, 1.691356175372e-03, 3.0468e+00, 2.9826e-02, 
 2DIAGNOSTIC,    17, -5.592330631891e-01, 2.925839097292e-04, 3.0752e+00, 2.8357e-02, 
 2DIAGNOSTIC,    18, -5.592200313553e-01, 8.236460960764e-06, 3.1002e+00, 2.5035e-02, 
DIAGNOSTIC,Iteration,metricValue,convergenceValue,ITERATION_TIME_INDEX,SINCE_LAST
 2DIAGNOSTIC,     1, -4.822864323093e-01, 1.797693134862e+308, 5.9842e+00, 2.8839e+00, 
 2DIAGNOSTIC,     2, -4.825448972168e-01, 1.797693134862e+308, 6.2092e+00, 2.2506e-01, 
 2DIAGNOSTIC,     3, -4.828861830632e-01, 1.797693134862e+308, 6.4335e+00, 2.2427e-01, 
 2DIAGNOSTIC,     4, -4.833965586096e-01, 1.797693134862e+308, 6.6566e+00, 2.2311e-01, 
 2DIAGNOSTIC,     5, -4.842694184382e-01, 1.797693134862e+308, 6.8805e+00, 2.2391e-01, 
 2DIAGNOSTIC,     6, -4.852734015214e-01, 1.797693134862e+308, 7.1664e+00, 2.8593e-01, 
 2DIAGNOSTIC,     7, -4.855332036251e-01, 1.797693134862e+308, 7.5517e+00, 3.8521e-01, 
 2DIAGNOSTIC,     8, -4.856022684540e-01, 1.797693134862e+308, 7.7757e+00, 2.2404e-01, 
 2DIAGNOSTIC,     9, -4.856819648369e-01, 1.797693134862e+308, 7.9994e+00, 2.2372e-01, 
 2DIAGNOSTIC,    10, -4.857340317092e-01, 5.464935487261e-04, 8.2303e+00, 2.3088e-01, 
 2DIAGNOSTIC,    11, -4.857825978900e-01, 4.293111034895e-04, 8.4866e+00, 2.5628e-01, 
 2DIAGNOSTIC,    12, -4.857965289627e-01, 3.069294544961e-04, 8.7709e+00, 2.8438e-01, 
 2DIAGNOSTIC,    13, -4.857981313160e-01, 1.919091007785e-04, 9.0265e+00, 2.5551e-01, 
 2DIAGNOSTIC,    14, -4.857611960890e-01, 9.557786306584e-05, 9.2504e+00, 2.2398e-01, 
 2DIAGNOSTIC,    15, -4.857662742266e-01, 3.695003353887e-05, 9.5368e+00, 2.8633e-01, 
 2DIAGNOSTIC,    16, -4.857770153483e-01, 1.939098732964e-05, 9.7641e+00, 2.2737e-01, 
 2DIAGNOSTIC,    17, -4.857742178052e-01, 1.111057653173e-05, 1.0049e+01, 2.8499e-01, 
 2DIAGNOSTIC,    18, -4.857906388280e-01, 5.665040688926e-06, 1.0368e+01, 3.1853e-01, 
 2DIAGNOSTIC,    19, -4.857892138453e-01, 2.834067072049e-06, 1.0623e+01, 2.5502e-01, 
 2DIAGNOSTIC,    20, -4.857682859611e-01, 1.062309650454e-06, 1.0882e+01, 2.5930e-01, 
DIAGNOSTIC,Iteration,metricValue,convergenceValue,ITERATION_TIME_INDEX,SINCE_LAST
 2DIAGNOSTIC,     1, -4.146348038253e-01, 1.797693134862e+308, 1.5766e+01, 4.8841e+00, 
 2DIAGNOSTIC,     2, -4.149188760608e-01, 1.797693134862e+308, 1.7444e+01, 1.6783e+00, 
 2DIAGNOSTIC,     3, -4.152239899912e-01, 1.797693134862e+308, 1.9137e+01, 1.6929e+00, 
 2DIAGNOSTIC,     4, -4.155552364527e-01, 1.797693134862e+308, 2.0829e+01, 1.6922e+00, 
 2DIAGNOSTIC,     5, -4.157734746370e-01, 1.797693134862e+308, 2.2509e+01, 1.6791e+00, 
 2DIAGNOSTIC,     6, -4.160224662322e-01, 1.797693134862e+308, 2.4670e+01, 2.1619e+00, 
 2DIAGNOSTIC,     7, -4.163244956710e-01, 1.797693134862e+308, 2.6590e+01, 1.9197e+00, 
 2DIAGNOSTIC,     8, -4.165290504847e-01, 1.797693134862e+308, 2.8775e+01, 2.1851e+00, 
 2DIAGNOSTIC,     9, -4.167086641235e-01, 1.797693134862e+308, 3.0497e+01, 1.7215e+00, 
 2DIAGNOSTIC,    10, -4.174370980716e-01, 3.914825324340e-04, 3.2689e+01, 2.1920e+00, 
 2DIAGNOSTIC,    11, -4.180255793627e-01, 3.911285869993e-04, 3.4658e+01, 1.9693e+00, 
 2DIAGNOSTIC,    12, -4.180464766079e-01, 3.726406585495e-04, 3.9095e+01, 4.4366e+00, 
 2DIAGNOSTIC,    13, -4.180463428330e-01, 3.401660364997e-04, 4.1010e+01, 1.9155e+00, 
 2DIAGNOSTIC,    14, -4.180461169395e-01, 2.980585651678e-04, 4.2683e+01, 1.6732e+00, 
 2DIAGNOSTIC,    15, -4.180453013843e-01, 2.437945130431e-04, 4.4579e+01, 1.8960e+00, 
 2DIAGNOSTIC,    16, -4.180455115227e-01, 1.841197636823e-04, 4.6717e+01, 2.1381e+00, 
 2DIAGNOSTIC,    17, -4.180452645270e-01, 1.270527310810e-04, 4.8631e+01, 1.9134e+00, 
 2DIAGNOSTIC,    18, -4.180440408682e-01, 7.298234300303e-05, 5.0312e+01, 1.6811e+00, 
 2DIAGNOSTIC,    19, -4.180438986283e-01, 2.397897222598e-05, 5.2220e+01, 1.9082e+00, 
 2DIAGNOSTIC,    20, -4.180437360897e-01, 2.069130548989e-06, 5.4142e+01, 1.9215e+00, 
 2DIAGNOSTIC,    21, -4.180439237169e-01, 1.290727487405e-06, 5.6062e+01, 1.9201e+00, 
 2DIAGNOSTIC,    22, -4.180438995708e-01, 1.250615902400e-06, 5.7983e+01, 1.9214e+00, 
 2DIAGNOSTIC,    23, -4.180434896761e-01, 1.217144498987e-06, 6.0374e+01, 2.3909e+00, 
 2DIAGNOSTIC,    24, -4.180432294173e-01, 1.189754441043e-06, 6.2076e+01, 1.7016e+00, 
 2DIAGNOSTIC,    25, -4.180420413213e-01, 1.122303096013e-06, 6.4040e+01, 1.9640e+00, 
 2DIAGNOSTIC,    26, -4.180418516528e-01, 1.075253756838e-06, 6.5995e+01, 1.9553e+00, 
 2DIAGNOSTIC,    27, -4.180412940877e-01, 1.026060003483e-06, 6.7961e+01, 1.9660e+00, 
DIAGNOSTIC,Iteration,metricValue,convergenceValue,ITERATION_TIME_INDEX,SINCE_LAST
 2DIAGNOSTIC,     1, -3.714595573702e-01, 1.797693134862e+308, 8.4236e+01, 1.6275e+01, 
 2DIAGNOSTIC,     2, -3.715691406579e-01, 1.797693134862e+308, 9.6146e+01, 1.1910e+01, 
 2DIAGNOSTIC,     3, -3.716763950624e-01, 1.797693134862e+308, 1.1291e+02, 1.6766e+01, 
 2DIAGNOSTIC,     4, -3.717072602507e-01, 1.797693134862e+308, 1.2471e+02, 1.1803e+01, 
 2DIAGNOSTIC,     5, -3.718481465914e-01, 1.797693134862e+308, 1.3661e+02, 1.1892e+01, 
 2DIAGNOSTIC,     6, -3.721505814980e-01, 1.797693134862e+308, 1.5022e+02, 1.3611e+01, 
 2DIAGNOSTIC,     7, -3.722589900648e-01, 1.797693134862e+308, 1.6527e+02, 1.5049e+01, 
 2DIAGNOSTIC,     8, -3.722830960177e-01, 1.797693134862e+308, 1.7878e+02, 1.3515e+01, 
 2DIAGNOSTIC,     9, -3.723025161766e-01, 1.797693134862e+308, 1.9087e+02, 1.2087e+01, 
 2DIAGNOSTIC,    10, -3.723124692301e-01, 1.733530108734e-04, 2.0275e+02, 1.1882e+01, 
 2DIAGNOSTIC,    11, -3.723248265061e-01, 1.383522338831e-04, 2.1468e+02, 1.1927e+01, 
 2DIAGNOSTIC,    12, -3.723459793105e-01, 1.051524448832e-04, 2.3151e+02, 1.6837e+01, 
 2DIAGNOSTIC,    13, -3.723456837213e-01, 7.436375930168e-05, 2.4332e+02, 1.1806e+01, 
 2DIAGNOSTIC,    14, -3.723668602868e-01, 4.435997468891e-05, 2.5683e+02, 1.3509e+01, 
 2DIAGNOSTIC,    15, -3.724002181371e-01, 2.300708357272e-05, 2.7050e+02, 1.3667e+01, 
 2DIAGNOSTIC,    16, -3.724015306343e-01, 1.674155075228e-05, 2.8231e+02, 1.1818e+01, 
 2DIAGNOSTIC,    17, -3.724088710432e-01, 1.505635803521e-05, 2.9432e+02, 1.2003e+01, 
 2DIAGNOSTIC,    18, -3.724300468953e-01, 1.426011042546e-05, 3.0797e+02, 1.3656e+01, 
 2DIAGNOSTIC,    19, -3.724397902617e-01, 1.353147502838e-05, 3.2298e+02, 1.5007e+01, 
 2DIAGNOSTIC,    20, -3.724533279731e-01, 1.264595023397e-05, 3.3978e+02, 1.6799e+01, 
 2DIAGNOSTIC,    21, -3.724548404809e-01, 1.130614583873e-05, 3.5167e+02, 1.1888e+01, 
 2DIAGNOSTIC,    22, -3.724683533627e-01, 1.040778734953e-05, 3.6520e+02, 1.3533e+01, 
 2DIAGNOSTIC,    23, -3.724899731335e-01, 9.432118686328e-06, 3.7878e+02, 1.3576e+01, 
 2DIAGNOSTIC,    24, -3.724927214797e-01, 8.495344451492e-06, 3.9379e+02, 1.5014e+01, 
 2DIAGNOSTIC,    25, -3.724930429145e-01, 8.005105955715e-06, 4.1676e+02, 2.2969e+01, 
 2DIAGNOSTIC,    26, -3.724927150137e-01, 6.961676305560e-06, 4.3027e+02, 1.3507e+01, 
 2DIAGNOSTIC,    27, -3.724924406330e-01, 5.640113433986e-06, 4.4351e+02, 1.3244e+01, 
 2DIAGNOSTIC,    28, -3.724923021696e-01, 4.551989996472e-06, 4.5848e+02, 1.4972e+01, 
 2DIAGNOSTIC,    29, -3.724922675369e-01, 3.464556023701e-06, 4.7045e+02, 1.1968e+01, 
 2DIAGNOSTIC,    30, -3.724921977999e-01, 2.580099054045e-06, 4.8384e+02, 1.3389e+01, 
 2DIAGNOSTIC,    31, -3.724922038689e-01, 1.644427032849e-06, 4.9576e+02, 1.1920e+01, 
 2DIAGNOSTIC,    32, -3.724922478572e-01, 1.018389164907e-06, 5.0930e+02, 1.3539e+01, 
  Elapsed time (stage 1): 5.1876e+02


Total elapsed time: 9.9893e+02

--------------------------------------------------------------------------------------
 Mapping parameters
--------------------------------------------------------------------------------------
 ANTSPATH is /usr/local/software/spack/spack-git/opt/spack/linux-rhel7-broadwell/gcc-5/ants-2.3.4-lj6vm7ccmij4yywr4ynrttcko4aoflqt/bin

 Dimensionality:           3
 Output name prefix:       T1xT2_ANTs
 Fixed images:             /home/ccn30/rds/rds-p00500_encrypt-URQgmO1brZ0/p00500/ENCRYPT_images/26395/T2/N4t2.nii
 Moving images:            /home/ccn30/rds/rds-p00500_encrypt-URQgmO1brZ0/p00500/ENCRYPT_images/26395/mp2rage/n4mag0000_PSIR_skulled_std.nii
 Mask images:              
 Initial transforms:       
 Number of threads:        1
 Spline distance:          26
 Transform type:           a
 MI histogram bins:        32
 Precision:                d
 Use histogram matching    0
======================================================================================
 antsRegistration call:
--------------------------------------------------------------------------------------
/usr/local/software/spack/spack-git/opt/spack/linux-rhel7-broadwell/gcc-5/ants-2.3.4-lj6vm7ccmij4yywr4ynrttcko4aoflqt/bin/antsRegistration --verbose 1 --dimensionality 3 --float 0 --collapse-output-transforms 1 --output [ T1xT2_ANTs,T1xT2_ANTsWarped.nii.gz,T1xT2_ANTsInverseWarped.nii.gz ] --interpolation Linear --use-histogram-matching 0 --winsorize-image-intensities [ 0.005,0.995 ] --initial-moving-transform [ /home/ccn30/rds/rds-p00500_encrypt-URQgmO1brZ0/p00500/ENCRYPT_images/26395/T2/N4t2.nii,/home/ccn30/rds/rds-p00500_encrypt-URQgmO1brZ0/p00500/ENCRYPT_images/26395/mp2rage/n4mag0000_PSIR_skulled_std.nii,1 ] --transform Rigid[ 0.1 ] --metric MI[ /home/ccn30/rds/rds-p00500_encrypt-URQgmO1brZ0/p00500/ENCRYPT_images/26395/T2/N4t2.nii,/home/ccn30/rds/rds-p00500_encrypt-URQgmO1brZ0/p00500/ENCRYPT_images/26395/mp2rage/n4mag0000_PSIR_skulled_std.nii,1,32,Regular,0.25 ] --convergence [ 1000x500x250x0,1e-6,10 ] --shrink-factors 12x8x4x2 --smoothing-sigmas 4x3x2x1vox --transform Affine[ 0.1 ] --metric MI[ /home/ccn30/rds/rds-p00500_encrypt-URQgmO1brZ0/p00500/ENCRYPT_images/26395/T2/N4t2.nii,/home/ccn30/rds/rds-p00500_encrypt-URQgmO1brZ0/p00500/ENCRYPT_images/26395/mp2rage/n4mag0000_PSIR_skulled_std.nii,1,32,Regular,0.25 ] --convergence [ 1000x500x250x0,1e-6,10 ] --shrink-factors 12x8x4x2 --smoothing-sigmas 4x3x2x1vox
--------------------------------------------------------------------------------------
All_Command_lines_OK
Using double precision for computations.
=============================================================================
The composite transform comprises the following transforms (in order): 
  1. Center of mass alignment using fixed image: /home/ccn30/rds/rds-p00500_encrypt-URQgmO1brZ0/p00500/ENCRYPT_images/26395/T2/N4t2.nii and moving image: /home/ccn30/rds/rds-p00500_encrypt-URQgmO1brZ0/p00500/ENCRYPT_images/26395/mp2rage/n4mag0000_PSIR_skulled_std.nii (type = Euler3DTransform)
=============================================================================
  number of levels = 4
  number of levels = 4
  fixed image: /home/ccn30/rds/rds-p00500_encrypt-URQgmO1brZ0/p00500/ENCRYPT_images/26395/T2/N4t2.nii
  moving image: /home/ccn30/rds/rds-p00500_encrypt-URQgmO1brZ0/p00500/ENCRYPT_images/26395/mp2rage/n4mag0000_PSIR_skulled_std.nii
  fixed image: /home/ccn30/rds/rds-p00500_encrypt-URQgmO1brZ0/p00500/ENCRYPT_images/26395/T2/N4t2.nii
  moving image: /home/ccn30/rds/rds-p00500_encrypt-URQgmO1brZ0/p00500/ENCRYPT_images/26395/mp2rage/n4mag0000_PSIR_skulled_std.nii
Dimension = 3
Number of stages = 2
Use Histogram Matching false
Winsorize image intensities true
Lower quantile = 0.005
Upper quantile = 0.995
Stage 1 State
   Image metric = Mattes
     Fixed image = Image (0x415c010)
  RTTI typeinfo:   itk::Image<double, 3u>
  Reference Count: 2
  Modified Time: 1709
  Debug: Off
  Object Name: 
  Observers: 
    none
  Source: (none)
  Source output name: (none)
  Release Data: Off
  Data Released: False
  Global Release Data: Off
  PipelineMTime: 0
  UpdateMTime: 1492
  RealTimeStamp: 0 seconds 
  LargestPossibleRegion: 
    Dimension: 3
    Index: [0, 0, 0]
    Size: [512, 512, 54]
  BufferedRegion: 
    Dimension: 3
    Index: [0, 0, 0]
    Size: [512, 512, 54]
  RequestedRegion: 
    Dimension: 3
    Index: [0, 0, 0]
    Size: [512, 512, 54]
  Spacing: [0.4375, 0.4375, 1.1]
  Origin: [-114.717, 2.69279, -90.5496]
  Direction: 
0.999973 0.00370034 -0.0063231
0.00732624 -0.503004 0.864253
-1.74841e-05 0.864276 0.503018

  IndexToPointMatrix: 
0.437488 0.0016189 -0.00695541
0.00320523 -0.220064 0.950678
-7.64928e-06 0.378121 0.55332

  PointToIndexMatrix: 
2.28565 0.0167457 -3.99641e-05
0.00845792 -1.14972 1.97549
-0.00574827 0.785684 0.457289

  Inverse Direction: 
0.999973 0.00732624 -1.74843e-05
0.00370034 -0.503004 0.864276
-0.0063231 0.864253 0.503018

  PixelContainer: 
    ImportImageContainer (0x4156980)
      RTTI typeinfo:   itk::ImportImageContainer<unsigned long, double>
      Reference Count: 1
      Modified Time: 1489
      Debug: Off
      Object Name: 
      Observers: 
        none
      Pointer: 0x2b2f5b0b1010
      Container manages memory: true
      Size: 14155776
      Capacity: 14155776

     Moving image = Image (0x4159b30)
  RTTI typeinfo:   itk::Image<double, 3u>
  Reference Count: 2
  Modified Time: 1710
  Debug: Off
  Object Name: 
  Observers: 
    none
  Source: (none)
  Source output name: (none)
  Release Data: Off
  Data Released: False
  Global Release Data: Off
  PipelineMTime: 0
  UpdateMTime: 1707
  RealTimeStamp: 0 seconds 
  LargestPossibleRegion: 
    Dimension: 3
    Index: [0, 0, 0]
    Size: [224, 320, 320]
  BufferedRegion: 
    Dimension: 3
    Index: [0, 0, 0]
    Size: [224, 320, 320]
  RequestedRegion: 
    Dimension: 3
    Index: [0, 0, 0]
    Size: [224, 320, 320]
  Spacing: [0.7, 0.7, 0.7]
  Origin: [-79.2904, 73.4889, -79.0676]
  Direction: 
1 0 0
0 -1 0
0 0 1

  IndexToPointMatrix: 
0.7 0 0
0 -0.7 0
0 0 0.7

  PointToIndexMatrix: 
1.42857 0 0
0 -1.42857 0
0 0 1.42857

  Inverse Direction: 
1 0 0
0 -1 0
0 0 1

  PixelContainer: 
    ImportImageContainer (0x4156780)
      RTTI typeinfo:   itk::ImportImageContainer<unsigned long, double>
      Reference Count: 1
      Modified Time: 1704
      Debug: Off
      Object Name: 
      Observers: 
        none
      Pointer: 0x2b2f61cb2010
      Container manages memory: true
      Size: 22937600
      Capacity: 22937600

     Weighting = 1
     Sampling strategy = regular
     Number of bins = 32
     Radius = 4
     Sampling percentage  = 0.25
   Transform = Rigid
     Gradient step = 0.1
     Update field sigma (voxel space) = 0
     Total field sigma (voxel space) = 0
     Update field time sigma = 0
     Total field time sigma  = 0
     Number of time indices = 0
     Number of time point samples = 0
Stage 2 State
   Image metric = Mattes
     Fixed image = Image (0x416b500)
  RTTI typeinfo:   itk::Image<double, 3u>
  Reference Count: 2
  Modified Time: 2141
  Debug: Off
  Object Name: 
  Observers: 
    none
  Source: (none)
  Source output name: (none)
  Release Data: Off
  Data Released: False
  Global Release Data: Off
  PipelineMTime: 0
  UpdateMTime: 1924
  RealTimeStamp: 0 seconds 
  LargestPossibleRegion: 
    Dimension: 3
    Index: [0, 0, 0]
    Size: [512, 512, 54]
  BufferedRegion: 
    Dimension: 3
    Index: [0, 0, 0]
    Size: [512, 512, 54]
  RequestedRegion: 
    Dimension: 3
    Index: [0, 0, 0]
    Size: [512, 512, 54]
  Spacing: [0.4375, 0.4375, 1.1]
  Origin: [-114.717, 2.69279, -90.5496]
  Direction: 
0.999973 0.00370034 -0.0063231
0.00732624 -0.503004 0.864253
-1.74841e-05 0.864276 0.503018

  IndexToPointMatrix: 
0.437488 0.0016189 -0.00695541
0.00320523 -0.220064 0.950678
-7.64928e-06 0.378121 0.55332

  PointToIndexMatrix: 
2.28565 0.0167457 -3.99641e-05
0.00845792 -1.14972 1.97549
-0.00574827 0.785684 0.457289

  Inverse Direction: 
0.999973 0.00732624 -1.74843e-05
0.00370034 -0.503004 0.864276
-0.0063231 0.864253 0.503018

  PixelContainer: 
    ImportImageContainer (0x415c860)
      RTTI typeinfo:   itk::ImportImageContainer<unsigned long, double>
      Reference Count: 1
      Modified Time: 1921
      Debug: Off
      Object Name: 
      Observers: 
        none
      Pointer: 0x2b2f6cbb3010
      Container manages memory: true
      Size: 14155776
      Capacity: 14155776

     Moving image = Image (0x416ff40)
  RTTI typeinfo:   itk::Image<double, 3u>
  Reference Count: 2
  Modified Time: 2142
  Debug: Off
  Object Name: 
  Observers: 
    none
  Source: (none)
  Source output name: (none)
  Release Data: Off
  Data Released: False
  Global Release Data: Off
  PipelineMTime: 0
  UpdateMTime: 2139
  RealTimeStamp: 0 seconds 
  LargestPossibleRegion: 
    Dimension: 3
    Index: [0, 0, 0]
    Size: [224, 320, 320]
  BufferedRegion: 
    Dimension: 3
    Index: [0, 0, 0]
    Size: [224, 320, 320]
  RequestedRegion: 
    Dimension: 3
    Index: [0, 0, 0]
    Size: [224, 320, 320]
  Spacing: [0.7, 0.7, 0.7]
  Origin: [-79.2904, 73.4889, -79.0676]
  Direction: 
1 0 0
0 -1 0
0 0 1

  IndexToPointMatrix: 
0.7 0 0
0 -0.7 0
0 0 0.7

  PointToIndexMatrix: 
1.42857 0 0
0 -1.42857 0
0 0 1.42857

  Inverse Direction: 
1 0 0
0 -1 0
0 0 1

  PixelContainer: 
    ImportImageContainer (0x4167750)
      RTTI typeinfo:   itk::ImportImageContainer<unsigned long, double>
      Reference Count: 1
      Modified Time: 2136
      Debug: Off
      Object Name: 
      Observers: 
        none
      Pointer: 0x2b2f737b4010
      Container manages memory: true
      Size: 22937600
      Capacity: 22937600

     Weighting = 1
     Sampling strategy = regular
     Number of bins = 32
     Radius = 4
     Sampling percentage  = 0.25
   Transform = Affine
     Gradient step = 0.1
     Update field sigma (voxel space) = 0
     Total field sigma (voxel space) = 0
     Update field time sigma = 0
     Total field time sigma  = 0
     Number of time indices = 0
     Number of time point samples = 0
Registration using 2 total stages.

Stage 0
  iterations = 1000x500x250x0
  convergence threshold = 1e-06
  convergence window size = 10
  number of levels = 4
  using the Mattes MI metric (number of bins = 32, weight = 1)
  preprocessing:  winsorizing the image intensities
  Shrink factors (level 1 out of 4): [12, 12, 5]
  Shrink factors (level 2 out of 4): [8, 8, 3]
  Shrink factors (level 3 out of 4): [4, 4, 2]
  Shrink factors (level 4 out of 4): [2, 2, 1]
  smoothing sigmas per level: [4, 3, 2, 1]
  regular sampling (percentage = 0.25)

*** Running Euler3DTransform registration ***

DIAGNOSTIC,Iteration,metricValue,convergenceValue,ITERATION_TIME_INDEX,SINCE_LAST
 2DIAGNOSTIC,     1, -3.460152174844e-01, 1.797693134862e+308, 3.9282e+00, 3.9282e+00, 
 2DIAGNOSTIC,     2, -3.489581237925e-01, 1.797693134862e+308, 3.9388e+00, 1.0530e-02, 
 2DIAGNOSTIC,     3, -3.530483747393e-01, 1.797693134862e+308, 3.9491e+00, 1.0329e-02, 
 2DIAGNOSTIC,     4, -3.587848295240e-01, 1.797693134862e+308, 3.9596e+00, 1.0518e-02, 
 2DIAGNOSTIC,     5, -3.695561688089e-01, 1.797693134862e+308, 3.9703e+00, 1.0631e-02, 
 2DIAGNOSTIC,     6, -3.854162879144e-01, 1.797693134862e+308, 3.9809e+00, 1.0618e-02, 
 2DIAGNOSTIC,     7, -4.058586630128e-01, 1.797693134862e+308, 3.9927e+00, 1.1809e-02, 
 2DIAGNOSTIC,     8, -4.073379385613e-01, 1.797693134862e+308, 4.0041e+00, 1.1379e-02, 
 2DIAGNOSTIC,     9, -4.077250808645e-01, 1.797693134862e+308, 4.0154e+00, 1.1363e-02, 
 2DIAGNOSTIC,    10, -4.077616538268e-01, 1.318468626701e-02, 4.0274e+00, 1.1977e-02, 
 2DIAGNOSTIC,    11, -4.079613465946e-01, 1.098158822787e-02, 4.0391e+00, 1.1662e-02, 
 2DIAGNOSTIC,    12, -4.080717802911e-01, 8.360791754465e-03, 4.0509e+00, 1.1809e-02, 
 2DIAGNOSTIC,    13, -4.084562353820e-01, 5.675546132365e-03, 4.0665e+00, 1.5599e-02, 
 2DIAGNOSTIC,    14, -4.081783217689e-01, 3.178206147696e-03, 4.0772e+00, 1.0747e-02, 
 2DIAGNOSTIC,    15, -4.079933705923e-01, 1.249173938005e-03, 4.0879e+00, 1.0698e-02, 
 2DIAGNOSTIC,    16, -4.079976086224e-01, 1.556937776694e-04, 4.0998e+00, 1.1925e-02, 
 2DIAGNOSTIC,    17, -4.080018958625e-01, 5.452519230181e-05, 4.1115e+00, 1.1696e-02, 
 2DIAGNOSTIC,    18, -4.077125283534e-01, 7.489904931691e-06, 4.1233e+00, 1.1748e-02, 
DIAGNOSTIC,Iteration,metricValue,convergenceValue,ITERATION_TIME_INDEX,SINCE_LAST
 2DIAGNOSTIC,     1, -3.339523319668e-01, 1.797693134862e+308, 8.2639e+00, 4.1407e+00, 
 2DIAGNOSTIC,     2, -3.343144911961e-01, 1.797693134862e+308, 8.3192e+00, 5.5286e-02, 
 2DIAGNOSTIC,     3, -3.344630541373e-01, 1.797693134862e+308, 8.3737e+00, 5.4483e-02, 
 2DIAGNOSTIC,     4, -3.345848970397e-01, 1.797693134862e+308, 8.4371e+00, 6.3355e-02, 
 2DIAGNOSTIC,     5, -3.347619413977e-01, 1.797693134862e+308, 8.5005e+00, 6.3465e-02, 
 2DIAGNOSTIC,     6, -3.348551615080e-01, 1.797693134862e+308, 8.5896e+00, 8.9080e-02, 
 2DIAGNOSTIC,     7, -3.349845837707e-01, 1.797693134862e+308, 8.6446e+00, 5.4981e-02, 
 2DIAGNOSTIC,     8, -3.350168340739e-01, 1.797693134862e+308, 8.6993e+00, 5.4732e-02, 
 2DIAGNOSTIC,     9, -3.352350344457e-01, 1.797693134862e+308, 8.7630e+00, 6.3689e-02, 
 2DIAGNOSTIC,    10, -3.354185912775e-01, 2.460993565413e-04, 8.8351e+00, 7.2037e-02, 
 2DIAGNOSTIC,    11, -3.354293058341e-01, 1.993959714702e-04, 8.8903e+00, 5.5204e-02, 
 2DIAGNOSTIC,    12, -3.354447136940e-01, 1.697817535607e-04, 8.9461e+00, 5.5841e-02, 
 2DIAGNOSTIC,    13, -3.354566111385e-01, 1.401811939133e-04, 9.0097e+00, 6.3574e-02, 
 2DIAGNOSTIC,    14, -3.355125648834e-01, 1.126987471276e-04, 9.0741e+00, 6.4381e-02, 
 2DIAGNOSTIC,    15, -3.354974543012e-01, 8.764049426223e-05, 9.1721e+00, 9.8091e-02, 
 2DIAGNOSTIC,    16, -3.355150230506e-01, 6.378359294613e-05, 9.2277e+00, 5.5586e-02, 
 2DIAGNOSTIC,    17, -3.354832981515e-01, 4.215275950999e-05, 9.2831e+00, 5.5335e-02, 
 2DIAGNOSTIC,    18, -3.354886813126e-01, 2.081745338729e-05, 9.3388e+00, 5.5741e-02, 
 2DIAGNOSTIC,    19, -3.354935346908e-01, 9.651644898002e-06, 9.3941e+00, 5.5329e-02, 
 2DIAGNOSTIC,    20, -3.354976302056e-01, 6.796928506525e-06, 9.4587e+00, 6.4556e-02, 
 2DIAGNOSTIC,    21, -3.354992699979e-01, 4.249591116119e-06, 9.5475e+00, 8.8809e-02, 
 2DIAGNOSTIC,    22, -3.355002632125e-01, 2.334855681900e-06, 9.6030e+00, 5.5510e-02, 
DIAGNOSTIC,Iteration,metricValue,convergenceValue,ITERATION_TIME_INDEX,SINCE_LAST
 2DIAGNOSTIC,     1, -3.464050440343e-01, 1.797693134862e+308, 1.3927e+01, 4.3245e+00, 
 2DIAGNOSTIC,     2, -3.471395923185e-01, 1.797693134862e+308, 1.4270e+01, 3.4234e-01, 
 2DIAGNOSTIC,     3, -3.471609971923e-01, 1.797693134862e+308, 1.4567e+01, 2.9732e-01, 
 2DIAGNOSTIC,     4, -3.472227989030e-01, 1.797693134862e+308, 1.4917e+01, 3.4956e-01, 
 2DIAGNOSTIC,     5, -3.473023393330e-01, 1.797693134862e+308, 1.5359e+01, 4.4252e-01, 
 2DIAGNOSTIC,     6, -3.472914269133e-01, 1.797693134862e+308, 1.5763e+01, 4.0424e-01, 
 2DIAGNOSTIC,     7, -3.472891312828e-01, 1.797693134862e+308, 1.6151e+01, 3.8725e-01, 
 2DIAGNOSTIC,     8, -3.472844525950e-01, 1.797693134862e+308, 1.6489e+01, 3.3799e-01, 
 2DIAGNOSTIC,     9, -3.472730686446e-01, 1.797693134862e+308, 1.6781e+01, 2.9252e-01, 
 2DIAGNOSTIC,    10, -3.472794244847e-01, 9.379376845264e-05, 1.7073e+01, 2.9219e-01, 
 2DIAGNOSTIC,    11, -3.472821722055e-01, 2.318033851326e-05, 1.7367e+01, 2.9353e-01, 
 2DIAGNOSTIC,    12, -3.472743133679e-01, 1.218473253953e-05, 1.7659e+01, 2.9168e-01, 
 2DIAGNOSTIC,    13, -3.472816724710e-01, 3.800187551306e-06, 1.7952e+01, 2.9359e-01, 
 2DIAGNOSTIC,    14, -3.472999444632e-01, 1.025113938985e-06, 1.8289e+01, 3.3668e-01, 
 2DIAGNOSTIC,    15, -3.473018969844e-01, 3.157853365368e-06, 1.8625e+01, 3.3641e-01, 
 2DIAGNOSTIC,    16, -3.473021414862e-01, 4.386546927748e-06, 1.8919e+01, 2.9408e-01, 
 2DIAGNOSTIC,    17, -3.472960363274e-01, 4.869951516183e-06, 1.9256e+01, 3.3701e-01, 
 2DIAGNOSTIC,    18, -3.472960149268e-01, 4.831375703486e-06, 1.9593e+01, 3.3688e-01, 
 2DIAGNOSTIC,    19, -3.472949605728e-01, 3.947414059680e-06, 1.9929e+01, 3.3623e-01, 
 2DIAGNOSTIC,    20, -3.472931075371e-01, 3.115709339904e-06, 2.0266e+01, 3.3698e-01, 
 2DIAGNOSTIC,    21, -3.472928585847e-01, 2.344433498995e-06, 2.0608e+01, 3.4184e-01, 
 2DIAGNOSTIC,    22, -3.472864061397e-01, 1.037537348203e-06, 2.0903e+01, 2.9457e-01, 
DIAGNOSTIC,Iteration,metricValue,convergenceValue,ITERATION_TIME_INDEX,SINCE_LAST
 2DIAGNOSTIC,     1, -2.906859285109e-01, 1.797693134862e+308, 2.6973e+01, 6.0703e+00, 
  Elapsed time (stage 0): 2.8700e+01


Stage 1
  iterations = 1000x500x250x0
  convergence threshold = 1.0000e-06
  convergence window size = 10
  number of levels = 4
  using the Mattes MI metric (number of bins = 32, weight = 1.0000e+00)
  preprocessing:  winsorizing the image intensities
  Shrink factors (level 1 out of 4): [12, 12, 5]
  Shrink factors (level 2 out of 4): [8, 8, 3]
  Shrink factors (level 3 out of 4): [4, 4, 2]
  Shrink factors (level 4 out of 4): [2, 2, 1]
  smoothing sigmas per level: [4, 3, 2, 1]
  regular sampling (percentage = 2.5000e-01)

*** Running AffineTransform registration ***

DIAGNOSTIC,Iteration,metricValue,convergenceValue,ITERATION_TIME_INDEX,SINCE_LAST
 2DIAGNOSTIC,     1, -4.041177408995e-01, 1.797693134862e+308, 3.7948e+00, 3.7948e+00, 
 2DIAGNOSTIC,     2, -4.051503626218e-01, 1.797693134862e+308, 3.8045e+00, 9.7220e-03, 
 2DIAGNOSTIC,     3, -4.067891959527e-01, 1.797693134862e+308, 3.8153e+00, 1.0806e-02, 
 2DIAGNOSTIC,     4, -4.083985855094e-01, 1.797693134862e+308, 3.8250e+00, 9.6769e-03, 
 2DIAGNOSTIC,     5, -4.107774611147e-01, 1.797693134862e+308, 3.8347e+00, 9.6540e-03, 
 2DIAGNOSTIC,     6, -4.129920337663e-01, 1.797693134862e+308, 3.8446e+00, 9.9559e-03, 
 2DIAGNOSTIC,     7, -4.216505334645e-01, 1.797693134862e+308, 3.8580e+00, 1.3366e-02, 
 2DIAGNOSTIC,     8, -4.234235729896e-01, 1.797693134862e+308, 3.8688e+00, 1.0775e-02, 
 2DIAGNOSTIC,     9, -4.238913672392e-01, 1.797693134862e+308, 3.8784e+00, 9.6729e-03, 
 2DIAGNOSTIC,    10, -4.238117670218e-01, 3.729811561380e-03, 3.8896e+00, 1.1141e-02, 
 2DIAGNOSTIC,    11, -4.238348158491e-01, 3.226013239436e-03, 3.8996e+00, 9.9840e-03, 
 2DIAGNOSTIC,    12, -4.239038048536e-01, 2.573871189357e-03, 3.9107e+00, 1.1104e-02, 
 2DIAGNOSTIC,    13, -4.241955361115e-01, 1.890792871800e-03, 3.9207e+00, 9.9940e-03, 
 2DIAGNOSTIC,    14, -4.244729040568e-01, 1.231334311872e-03, 3.9318e+00, 1.1116e-02, 
 2DIAGNOSTIC,    15, -4.250681528350e-01, 6.871303604156e-04, 3.9431e+00, 1.1299e-02, 
 2DIAGNOSTIC,    16, -4.260238051297e-01, 2.743384309371e-04, 3.9542e+00, 1.1087e-02, 
 2DIAGNOSTIC,    17, -4.264400209679e-01, 2.458659473030e-04, 3.9675e+00, 1.3379e-02, 
 2DIAGNOSTIC,    18, -4.259920680079e-01, 2.476419941546e-04, 3.9797e+00, 1.2178e-02, 
 2DIAGNOSTIC,    19, -4.255573144640e-01, 2.286952893630e-04, 3.9897e+00, 9.9461e-03, 
 2DIAGNOSTIC,    20, -4.256206559814e-01, 1.901781382530e-04, 3.9997e+00, 9.9888e-03, 
 2DIAGNOSTIC,    21, -4.255393493960e-01, 1.350395877708e-04, 4.0096e+00, 9.9330e-03, 
 2DIAGNOSTIC,    22, -4.257206141450e-01, 7.996022861702e-05, 4.0196e+00, 1.0006e-02, 
 2DIAGNOSTIC,    23, -4.258838129887e-01, 3.627104247578e-05, 4.0307e+00, 1.1115e-02, 
 2DIAGNOSTIC,    24, -4.259894003057e-01, 3.957168268204e-06, 4.0418e+00, 1.1120e-02, 
DIAGNOSTIC,Iteration,metricValue,convergenceValue,ITERATION_TIME_INDEX,SINCE_LAST
 2DIAGNOSTIC,     1, -3.361212151570e-01, 1.797693134862e+308, 7.9345e+00, 3.8926e+00, 
 2DIAGNOSTIC,     2, -3.370900778592e-01, 1.797693134862e+308, 7.9873e+00, 5.2857e-02, 
 2DIAGNOSTIC,     3, -3.387186343314e-01, 1.797693134862e+308, 8.0400e+00, 5.2674e-02, 
 2DIAGNOSTIC,     4, -3.411757804591e-01, 1.797693134862e+308, 8.0929e+00, 5.2884e-02, 
 2DIAGNOSTIC,     5, -3.436238698287e-01, 1.797693134862e+308, 8.1474e+00, 5.4563e-02, 
 2DIAGNOSTIC,     6, -3.458430064150e-01, 1.797693134862e+308, 8.2009e+00, 5.3507e-02, 
 2DIAGNOSTIC,     7, -3.476351803158e-01, 1.797693134862e+308, 8.2552e+00, 5.4259e-02, 
 2DIAGNOSTIC,     8, -3.488653502253e-01, 1.797693134862e+308, 8.3329e+00, 7.7727e-02, 
 2DIAGNOSTIC,     9, -3.493398654047e-01, 1.797693134862e+308, 8.3868e+00, 5.3922e-02, 
 2DIAGNOSTIC,    10, -3.495977549113e-01, 2.870448698106e-03, 8.4412e+00, 5.4331e-02, 
 2DIAGNOSTIC,    11, -3.498553459087e-01, 2.309718567479e-03, 8.5033e+00, 6.2099e-02, 
 2DIAGNOSTIC,    12, -3.500250649880e-01, 1.714227042065e-03, 8.5793e+00, 7.6058e-02, 
 2DIAGNOSTIC,    13, -3.502909989832e-01, 1.175170320274e-03, 8.6326e+00, 5.3300e-02, 
 2DIAGNOSTIC,    14, -3.503718728224e-01, 7.551188032768e-04, 8.6863e+00, 5.3624e-02, 
 2DIAGNOSTIC,    15, -3.509271299860e-01, 4.861841232008e-04, 8.7555e+00, 6.9224e-02, 
 2DIAGNOSTIC,    16, -3.513946507711e-01, 3.424338993700e-04, 8.8459e+00, 9.0381e-02, 
 2DIAGNOSTIC,    17, -3.514814901131e-01, 2.734310315423e-04, 8.8987e+00, 5.2869e-02, 
 2DIAGNOSTIC,    18, -3.515313801624e-01, 2.454176184612e-04, 8.9522e+00, 5.3507e-02, 
 2DIAGNOSTIC,    19, -3.516060920794e-01, 2.215491013014e-04, 9.0059e+00, 5.3698e-02, 
 2DIAGNOSTIC,    20, -3.516705960582e-01, 1.923538701785e-04, 9.0669e+00, 6.0999e-02, 
 2DIAGNOSTIC,    21, -3.517600519608e-01, 1.613053818881e-04, 9.1275e+00, 6.0530e-02, 
 2DIAGNOSTIC,    22, -3.517549691526e-01, 1.242600636023e-04, 9.1808e+00, 5.3352e-02, 
 2DIAGNOSTIC,    23, -3.517347325274e-01, 8.816981408381e-05, 9.2428e+00, 6.2031e-02, 
 2DIAGNOSTIC,    24, -3.517106239869e-01, 4.862758152483e-05, 9.2986e+00, 5.5704e-02, 
 2DIAGNOSTIC,    25, -3.516859969844e-01, 2.474387494037e-05, 9.3530e+00, 5.4397e-02, 
 2DIAGNOSTIC,    26, -3.516598495874e-01, 1.428631886716e-05, 9.4163e+00, 6.3358e-02, 
 2DIAGNOSTIC,    27, -3.516726671098e-01, 6.404009623581e-06, 9.5050e+00, 8.8731e-02, 
DIAGNOSTIC,Iteration,metricValue,convergenceValue,ITERATION_TIME_INDEX,SINCE_LAST
 2DIAGNOSTIC,     1, -3.464666639158e-01, 1.797693134862e+308, 1.3884e+01, 4.3793e+00, 
 2DIAGNOSTIC,     2, -3.479137139776e-01, 1.797693134862e+308, 1.4232e+01, 3.4810e-01, 
 2DIAGNOSTIC,     3, -3.492653498719e-01, 1.797693134862e+308, 1.4580e+01, 3.4707e-01, 
 2DIAGNOSTIC,     4, -3.502439838410e-01, 1.797693134862e+308, 1.4926e+01, 3.4623e-01, 
 2DIAGNOSTIC,     5, -3.510367124873e-01, 1.797693134862e+308, 1.5273e+01, 3.4733e-01, 
 2DIAGNOSTIC,     6, -3.517059388584e-01, 1.797693134862e+308, 1.5719e+01, 4.4605e-01, 
 2DIAGNOSTIC,     7, -3.518107889489e-01, 1.797693134862e+308, 1.6064e+01, 3.4531e-01, 
 2DIAGNOSTIC,     8, -3.519429010352e-01, 1.797693134862e+308, 1.6411e+01, 3.4659e-01, 
 2DIAGNOSTIC,     9, -3.521613394100e-01, 1.797693134862e+308, 1.6806e+01, 3.9464e-01, 
 2DIAGNOSTIC,    10, -3.523908778023e-01, 1.005186873373e-03, 1.7498e+01, 6.9254e-01, 
 2DIAGNOSTIC,    11, -3.523876785925e-01, 6.653597458874e-04, 1.7844e+01, 3.4628e-01, 
 2DIAGNOSTIC,    12, -3.524218691808e-01, 4.222135124382e-04, 1.8194e+01, 3.4932e-01, 
 2DIAGNOSTIC,    13, -3.524563536664e-01, 2.645959084457e-04, 1.8544e+01, 3.4973e-01, 
 2DIAGNOSTIC,    14, -3.525126311915e-01, 1.645519617599e-04, 1.8893e+01, 3.4898e-01, 
 2DIAGNOSTIC,    15, -3.525767948382e-01, 1.081856373934e-04, 1.9241e+01, 3.4856e-01, 
 2DIAGNOSTIC,    16, -3.526552071405e-01, 8.700841163385e-05, 1.9590e+01, 3.4889e-01, 
 2DIAGNOSTIC,    17, -3.527022839790e-01, 6.780026172027e-05, 1.9940e+01, 3.4984e-01, 
 2DIAGNOSTIC,    18, -3.527571590315e-01, 5.287472479431e-05, 2.0439e+01, 4.9927e-01, 
 2DIAGNOSTIC,    19, -3.527613681073e-01, 4.396445519974e-05, 2.0839e+01, 4.0011e-01, 
 2DIAGNOSTIC,    20, -3.527625527345e-01, 4.137797999585e-05, 2.1239e+01, 3.9944e-01, 
 2DIAGNOSTIC,    21, -3.527735314579e-01, 3.561429542218e-05, 2.1638e+01, 3.9947e-01, 
 2DIAGNOSTIC,    22, -3.527742890456e-01, 2.844817493741e-05, 2.1987e+01, 3.4866e-01, 
 2DIAGNOSTIC,    23, -3.527819659106e-01, 2.084342764246e-05, 2.2336e+01, 3.4915e-01, 
 2DIAGNOSTIC,    24, -3.528183541620e-01, 1.515543960989e-05, 2.2736e+01, 4.0032e-01, 
 2DIAGNOSTIC,    25, -3.528773297033e-01, 1.254664715162e-05, 2.3133e+01, 3.9644e-01, 
 2DIAGNOSTIC,    26, -3.528719948590e-01, 1.128951891206e-05, 2.3526e+01, 3.9376e-01, 
 2DIAGNOSTIC,    27, -3.528588235860e-01, 1.018845277259e-05, 2.3921e+01, 3.9477e-01, 
 2DIAGNOSTIC,    28, -3.528413472461e-01, 9.426578351686e-06, 2.4266e+01, 3.4465e-01, 
 2DIAGNOSTIC,    29, -3.528518317503e-01, 8.329988994339e-06, 2.4611e+01, 3.4465e-01, 
 2DIAGNOSTIC,    30, -3.529210192790e-01, 8.462796969033e-06, 2.5403e+01, 7.9298e-01, 
 2DIAGNOSTIC,    31, -3.529215717201e-01, 8.146448050937e-06, 2.5799e+01, 3.9559e-01, 
 2DIAGNOSTIC,    32, -3.529181742781e-01, 7.171405934016e-06, 2.6145e+01, 3.4618e-01, 
 2DIAGNOSTIC,    33, -3.529162733287e-01, 5.838567218371e-06, 2.6592e+01, 4.4651e-01, 
 2DIAGNOSTIC,    34, -3.529177798841e-01, 4.966383477498e-06, 2.6990e+01, 3.9837e-01, 
 2DIAGNOSTIC,    35, -3.529129726392e-01, 4.973230926526e-06, 2.7390e+01, 3.9973e-01, 
 2DIAGNOSTIC,    36, -3.529080804357e-01, 4.368740654459e-06, 2.7738e+01, 3.4823e-01, 
 2DIAGNOSTIC,    37, -3.529077268939e-01, 3.212497515465e-06, 2.8085e+01, 3.4655e-01, 
 2DIAGNOSTIC,    38, -3.529046171059e-01, 1.465807596360e-06, 2.8430e+01, 3.4562e-01, 
DIAGNOSTIC,Iteration,metricValue,convergenceValue,ITERATION_TIME_INDEX,SINCE_LAST
 2DIAGNOSTIC,     1, -2.905564106055e-01, 1.797693134862e+308, 3.5098e+01, 6.6673e+00, 
  Elapsed time (stage 1): 3.6710e+01


Total elapsed time: 6.5417e+01
Using double precision for computations.
Input scalar image: /home/ccn30/rds/rds-p00500_encrypt-URQgmO1brZ0/p00500/ENCRYPT_images/26395/T2/N4t2.nii
Reference image: /home/ccn30/rds/rds-p00500_encrypt-URQgmO1brZ0/p00500/ENCRYPT_images/26395/mp2rage/n4mag0000_PSIR_skulled_std.nii
Can't read initial transform T1xT2_ANTs_0GenericAffine.mat
