This is job 0
Time: Thu 16 Sep 12:13:35 BST 2021
Running on master node: cpu-p-43
Current directory: /rds/user/ccn30/hpc-work/WBIC_lustre/ENCRYPT/scripts/Registration/slurmoutputs
Changed directory to /home/ccn30/rds/hpc-work/WBIC_lustre/ENCRYPT/scripts/Registration/slurmoutputs.

JobID: 46502116
======
Time: Thu 16 Sep 12:13:35 BST 2021
Running on master node: cpu-p-43
Current directory: /home/ccn30/rds/hpc-work/WBIC_lustre/ENCRYPT/scripts/Registration/slurmoutputs

Nodes allocated:
================
cpu-p-43

numtasks=, numnodes=, mpi_tasks_per_node= (OMP_NUM_THREADS=1)

Executing command:
==================
/home/ccn30/rds/hpc-work/WBIC_lustre/ENCRYPT/scripts/Registration/coreg_main.sh /home/ccn30/rds/hpc-work/WBIC_lustre/ENCRYPT/ENCRYPT_MasterRIScodes.txt 0 /home/ccn30/rds/rds-p00500_encrypt-URQgmO1brZ0/p00500 /home/ccn30/rds/hpc-work/WBIC_home/ENCRYPT/atlases/magdeburgatlas

******** starting 25739 ********
All_Command_lines_OK
Using double precision for computations.
=============================================================================
The composite transform comprises the following transforms (in order): 
  1. Center of mass alignment using fixed image: /home/ccn30/rds/hpc-work/WBIC_home/ENCRYPT/atlases/magdeburgatlas/template/template.nii.gz and moving image: /home/ccn30/rds/rds-p00500_encrypt-URQgmO1brZ0/p00500/ENCRYPT_images/25739/mp2rage/denoise_n4mag0000_PSIR_skulled_std.nii (type = Euler3DTransform)
=============================================================================
  number of levels = 4
  number of levels = 4
  fixed image: /home/ccn30/rds/hpc-work/WBIC_home/ENCRYPT/atlases/magdeburgatlas/template/template.nii.gz
  moving image: /home/ccn30/rds/rds-p00500_encrypt-URQgmO1brZ0/p00500/ENCRYPT_images/25739/mp2rage/denoise_n4mag0000_PSIR_skulled_std.nii
  fixed image: /home/ccn30/rds/hpc-work/WBIC_home/ENCRYPT/atlases/magdeburgatlas/template/template.nii.gz
  moving image: /home/ccn30/rds/rds-p00500_encrypt-URQgmO1brZ0/p00500/ENCRYPT_images/25739/mp2rage/denoise_n4mag0000_PSIR_skulled_std.nii
Dimension = 3
Number of stages = 2
Use Histogram Matching true
Winsorize image intensities true
Lower quantile = 0.005
Upper quantile = 0.995
Stage 1 State
   Image metric = Mattes
     Fixed image = Image (0x32f3b80)
  RTTI typeinfo:   itk::Image<double, 3u>
  Reference Count: 2
  Modified Time: 1697
  Debug: Off
  Object Name: 
  Observers: 
    none
  Source: (none)
  Source output name: (none)
  Release Data: Off
  Data Released: False
  Global Release Data: Off
  PipelineMTime: 0
  UpdateMTime: 1480
  RealTimeStamp: 0 seconds 
  LargestPossibleRegion: 
    Dimension: 3
    Index: [0, 0, 0]
    Size: [384, 301, 288]
  BufferedRegion: 
    Dimension: 3
    Index: [0, 0, 0]
    Size: [384, 301, 288]
  RequestedRegion: 
    Dimension: 3
    Index: [0, 0, 0]
    Size: [384, 301, 288]
  Spacing: [0.598958, 0.598958, 0.599937]
  Origin: [83.4012, -147.626, 85.1783]
  Direction: 
-0 0 -1
1 -0 0
0 -1 0

  IndexToPointMatrix: 
0 0 -0.599937
0.598958 0 0
0 -0.598958 0

  PointToIndexMatrix: 
0 1.66957 0
0 0 -1.66957
-1.66684 0 0

  Inverse Direction: 
0 1 0
0 0 -1
-1 0 0

  PixelContainer: 
    ImportImageContainer (0x32f41f0)
      RTTI typeinfo:   itk::ImportImageContainer<unsigned long, double>
      Reference Count: 1
      Modified Time: 1477
      Debug: Off
      Object Name: 
      Observers: 
        none
      Pointer: 0x2acec4db3010
      Container manages memory: true
      Size: 33288192
      Capacity: 33288192

     Moving image = Image (0x32df820)
  RTTI typeinfo:   itk::Image<double, 3u>
  Reference Count: 2
  Modified Time: 1698
  Debug: Off
  Object Name: 
  Observers: 
    none
  Source: (none)
  Source output name: (none)
  Release Data: Off
  Data Released: False
  Global Release Data: Off
  PipelineMTime: 0
  UpdateMTime: 1695
  RealTimeStamp: 0 seconds 
  LargestPossibleRegion: 
    Dimension: 3
    Index: [0, 0, 0]
    Size: [224, 320, 320]
  BufferedRegion: 
    Dimension: 3
    Index: [0, 0, 0]
    Size: [224, 320, 320]
  RequestedRegion: 
    Dimension: 3
    Index: [0, 0, 0]
    Size: [224, 320, 320]
  Spacing: [0.7, 0.7, 0.7]
  Origin: [-76.8093, 72.869, -111.3]
  Direction: 
1 0 0
0 -1 0
0 0 1

  IndexToPointMatrix: 
0.7 0 0
0 -0.7 0
0 0 0.7

  PointToIndexMatrix: 
1.42857 0 0
0 -1.42857 0
0 0 1.42857

  Inverse Direction: 
1 0 0
0 -1 0
0 0 1

  PixelContainer: 
    ImportImageContainer (0x32ddd50)
      RTTI typeinfo:   itk::ImportImageContainer<unsigned long, double>
      Reference Count: 1
      Modified Time: 1692
      Debug: Off
      Object Name: 
      Observers: 
        none
      Pointer: 0x2aced4bac010
      Container manages memory: true
      Size: 22937600
      Capacity: 22937600

     Weighting = 1
     Sampling strategy = regular
     Number of bins = 32
     Radius = 4
     Sampling percentage  = 0.25
   Transform = Rigid
     Gradient step = 0.1
     Update field sigma (voxel space) = 0
     Total field sigma (voxel space) = 0
     Update field time sigma = 0
     Total field time sigma  = 0
     Number of time indices = 0
     Number of time point samples = 0
Stage 2 State
   Image metric = Mattes
     Fixed image = Image (0x32d8c10)
  RTTI typeinfo:   itk::Image<double, 3u>
  Reference Count: 2
  Modified Time: 2129
  Debug: Off
  Object Name: 
  Observers: 
    none
  Source: (none)
  Source output name: (none)
  Release Data: Off
  Data Released: False
  Global Release Data: Off
  PipelineMTime: 0
  UpdateMTime: 1912
  RealTimeStamp: 0 seconds 
  LargestPossibleRegion: 
    Dimension: 3
    Index: [0, 0, 0]
    Size: [384, 301, 288]
  BufferedRegion: 
    Dimension: 3
    Index: [0, 0, 0]
    Size: [384, 301, 288]
  RequestedRegion: 
    Dimension: 3
    Index: [0, 0, 0]
    Size: [384, 301, 288]
  Spacing: [0.598958, 0.598958, 0.599937]
  Origin: [83.4012, -147.626, 85.1783]
  Direction: 
-0 0 -1
1 -0 0
0 -1 0

  IndexToPointMatrix: 
0 0 -0.599937
0.598958 0 0
0 -0.598958 0

  PointToIndexMatrix: 
0 1.66957 0
0 0 -1.66957
-1.66684 0 0

  Inverse Direction: 
0 1 0
0 0 -1
-1 0 0

  PixelContainer: 
    ImportImageContainer (0x32eb770)
      RTTI typeinfo:   itk::ImportImageContainer<unsigned long, double>
      Reference Count: 1
      Modified Time: 1909
      Debug: Off
      Object Name: 
      Observers: 
        none
      Pointer: 0x2acedfaad010
      Container manages memory: true
      Size: 33288192
      Capacity: 33288192

     Moving image = Image (0x3302e80)
  RTTI typeinfo:   itk::Image<double, 3u>
  Reference Count: 2
  Modified Time: 2130
  Debug: Off
  Object Name: 
  Observers: 
    none
  Source: (none)
  Source output name: (none)
  Release Data: Off
  Data Released: False
  Global Release Data: Off
  PipelineMTime: 0
  UpdateMTime: 2127
  RealTimeStamp: 0 seconds 
  LargestPossibleRegion: 
    Dimension: 3
    Index: [0, 0, 0]
    Size: [224, 320, 320]
  BufferedRegion: 
    Dimension: 3
    Index: [0, 0, 0]
    Size: [224, 320, 320]
  RequestedRegion: 
    Dimension: 3
    Index: [0, 0, 0]
    Size: [224, 320, 320]
  Spacing: [0.7, 0.7, 0.7]
  Origin: [-76.8093, 72.869, -111.3]
  Direction: 
1 0 0
0 -1 0
0 0 1

  IndexToPointMatrix: 
0.7 0 0
0 -0.7 0
0 0 0.7

  PointToIndexMatrix: 
1.42857 0 0
0 -1.42857 0
0 0 1.42857

  Inverse Direction: 
1 0 0
0 -1 0
0 0 1

  PixelContainer: 
    ImportImageContainer (0x3303140)
      RTTI typeinfo:   itk::ImportImageContainer<unsigned long, double>
      Reference Count: 1
      Modified Time: 2124
      Debug: Off
      Object Name: 
      Observers: 
        none
      Pointer: 0x2aceef8a6010
      Container manages memory: true
      Size: 22937600
      Capacity: 22937600

     Weighting = 1
     Sampling strategy = regular
     Number of bins = 32
     Radius = 4
     Sampling percentage  = 0.25
   Transform = Affine
     Gradient step = 0.1
     Update field sigma (voxel space) = 0
     Total field sigma (voxel space) = 0
     Update field time sigma = 0
     Total field time sigma  = 0
     Number of time indices = 0
     Number of time point samples = 0
Registration using 2 total stages.

Stage 0
  iterations = 1000x500x250x100
  convergence threshold = 1e-06
  convergence window size = 10
  number of levels = 4
  using the Mattes MI metric (number of bins = 32, weight = 1)
  preprocessing:  winsorizing the image intensities
  preprocessing:  histogram matching the images
  Shrink factors (level 1 out of 4): [8, 8, 8]
  Shrink factors (level 2 out of 4): [4, 4, 4]
  Shrink factors (level 3 out of 4): [2, 2, 2]
  Shrink factors (level 4 out of 4): [1, 1, 1]
  smoothing sigmas per level: [3, 2, 1, 0]
  regular sampling (percentage = 0.25)

*** Running Euler3DTransform registration ***

DIAGNOSTIC,Iteration,metricValue,convergenceValue,ITERATION_TIME_INDEX,SINCE_LAST
 2DIAGNOSTIC,     1, -4.596246282593e-01, 1.797693134862e+308, 2.9237e+00, 2.9237e+00, 
 2DIAGNOSTIC,     2, -4.613070777146e-01, 1.797693134862e+308, 2.9652e+00, 4.1457e-02, 
 2DIAGNOSTIC,     3, -4.643772735597e-01, 1.797693134862e+308, 3.0062e+00, 4.1032e-02, 
 2DIAGNOSTIC,     4, -4.692818854561e-01, 1.797693134862e+308, 3.0478e+00, 4.1608e-02, 
 2DIAGNOSTIC,     5, -4.773749633277e-01, 1.797693134862e+308, 3.0894e+00, 4.1524e-02, 
 2DIAGNOSTIC,     6, -4.915514129496e-01, 1.797693134862e+308, 3.1304e+00, 4.1062e-02, 
 2DIAGNOSTIC,     7, -5.279176899561e-01, 1.797693134862e+308, 3.1719e+00, 4.1447e-02, 
 2DIAGNOSTIC,     8, -5.812198518090e-01, 1.797693134862e+308, 3.2259e+00, 5.4017e-02, 
 2DIAGNOSTIC,     9, -5.834670842988e-01, 1.797693134862e+308, 3.2674e+00, 4.1544e-02, 
 2DIAGNOSTIC,    10, -5.869298414133e-01, 1.926121766893e-02, 3.3155e+00, 4.8117e-02, 
 2DIAGNOSTIC,    11, -5.949699687394e-01, 1.872655833438e-02, 3.3565e+00, 4.0981e-02, 
 2DIAGNOSTIC,    12, -6.002892925206e-01, 1.689528989174e-02, 3.4341e+00, 7.7618e-02, 
 2DIAGNOSTIC,    13, -6.025204347445e-01, 1.405281762618e-02, 3.5209e+00, 8.6796e-02, 
 2DIAGNOSTIC,    14, -6.025020703765e-01, 1.060360298627e-02, 3.5973e+00, 7.6360e-02, 
 2DIAGNOSTIC,    15, -6.024637782815e-01, 7.021926465218e-03, 3.6934e+00, 9.6085e-02, 
 2DIAGNOSTIC,    16, -6.024855463612e-01, 3.743934330685e-03, 3.7694e+00, 7.6007e-02, 
 2DIAGNOSTIC,    17, -6.024770311573e-01, 1.609600670274e-03, 3.8452e+00, 7.5836e-02, 
 2DIAGNOSTIC,    18, -6.024661375341e-01, 1.116316317687e-03, 3.9210e+00, 7.5762e-02, 
 2DIAGNOSTIC,    19, -6.024588696906e-01, 6.394183785736e-04, 3.9868e+00, 6.5853e-02, 
 2DIAGNOSTIC,    20, -6.024410032408e-01, 2.399678421586e-04, 4.0628e+00, 7.5986e-02, 
 2DIAGNOSTIC,    21, -6.024877864871e-01, 5.252022151539e-05, 4.1390e+00, 7.6181e-02, 
DIAGNOSTIC,Iteration,metricValue,convergenceValue,ITERATION_TIME_INDEX,SINCE_LAST
 2DIAGNOSTIC,     1, -5.090470707034e-01, 1.797693134862e+308, 7.6504e+00, 3.5114e+00, 
 2DIAGNOSTIC,     2, -5.094491442143e-01, 1.797693134862e+308, 7.9262e+00, 2.7587e-01, 
 2DIAGNOSTIC,     3, -5.097822271970e-01, 1.797693134862e+308, 8.2001e+00, 2.7381e-01, 
 2DIAGNOSTIC,     4, -5.099346567326e-01, 1.797693134862e+308, 8.5014e+00, 3.0130e-01, 
 2DIAGNOSTIC,     5, -5.100097389009e-01, 1.797693134862e+308, 8.7800e+00, 2.7862e-01, 
 2DIAGNOSTIC,     6, -5.101474870613e-01, 1.797693134862e+308, 9.0933e+00, 3.1331e-01, 
 2DIAGNOSTIC,     7, -5.104782326734e-01, 1.797693134862e+308, 9.6264e+00, 5.3307e-01, 
 2DIAGNOSTIC,     8, -5.104841132341e-01, 1.797693134862e+308, 9.9395e+00, 3.1314e-01, 
 2DIAGNOSTIC,     9, -5.104898298688e-01, 1.797693134862e+308, 1.0219e+01, 2.7903e-01, 
 2DIAGNOSTIC,    10, -5.104908601067e-01, 1.771655634112e-04, 1.0698e+01, 4.7963e-01, 
 2DIAGNOSTIC,    11, -5.104915065175e-01, 1.207816824109e-04, 1.1017e+01, 3.1849e-01, 
 2DIAGNOSTIC,    12, -5.104904143913e-01, 8.126879247805e-05, 1.1328e+01, 3.1160e-01, 
 2DIAGNOSTIC,    13, -5.104874981354e-01, 5.478234716548e-05, 1.1641e+01, 3.1286e-01, 
 2DIAGNOSTIC,    14, -5.104879573063e-01, 3.360621533548e-05, 1.1917e+01, 2.7595e-01, 
 2DIAGNOSTIC,    15, -5.104873747773e-01, 1.516264621153e-05, 1.2222e+01, 3.0452e-01, 
 2DIAGNOSTIC,    16, -5.104886321265e-01, 2.343791340509e-06, 1.2493e+01, 2.7123e-01, 
 2DIAGNOSTIC,    17, -5.104872420912e-01, 1.790125516758e-06, 1.2767e+01, 2.7436e-01, 
 2DIAGNOSTIC,    18, -5.105011432847e-01, 1.916358892615e-06, 1.3041e+01, 2.7368e-01, 
 2DIAGNOSTIC,    19, -5.105055779932e-01, 2.300605622306e-06, 1.3353e+01, 3.1251e-01, 
 2DIAGNOSTIC,    20, -5.105067909304e-01, 2.649133961384e-06, 1.3672e+01, 3.1878e-01, 
 2DIAGNOSTIC,    21, -5.105070054400e-01, 2.894977025276e-06, 1.4155e+01, 4.8316e-01, 
 2DIAGNOSTIC,    22, -5.105058294500e-01, 2.935447699422e-06, 1.4466e+01, 3.1113e-01, 
 2DIAGNOSTIC,    23, -5.105060838265e-01, 2.764043600043e-06, 1.4779e+01, 3.1282e-01, 
 2DIAGNOSTIC,    24, -5.105046457504e-01, 2.451557812047e-06, 1.5089e+01, 3.0948e-01, 
 2DIAGNOSTIC,    25, -5.105034389271e-01, 2.022109337377e-06, 1.5399e+01, 3.0978e-01, 
 2DIAGNOSTIC,    26, -5.105007588824e-01, 1.531139937415e-06, 1.5671e+01, 2.7285e-01, 
 2DIAGNOSTIC,    27, -5.105028353661e-01, 1.056226681943e-06, 1.5943e+01, 2.7192e-01, 
DIAGNOSTIC,Iteration,metricValue,convergenceValue,ITERATION_TIME_INDEX,SINCE_LAST
 2DIAGNOSTIC,     1, -4.368876911848e-01, 1.797693134862e+308, 2.3325e+01, 7.3816e+00, 
 2DIAGNOSTIC,     2, -4.368945933710e-01, 1.797693134862e+308, 2.5792e+01, 2.4671e+00, 
 2DIAGNOSTIC,     3, -4.368946119249e-01, 1.797693134862e+308, 2.8440e+01, 2.6485e+00, 
 2DIAGNOSTIC,     4, -4.368932319018e-01, 1.797693134862e+308, 3.2147e+01, 3.7067e+00, 
 2DIAGNOSTIC,     5, -4.368931182314e-01, 1.797693134862e+308, 3.4449e+01, 2.3014e+00, 
 2DIAGNOSTIC,     6, -4.368929666233e-01, 1.797693134862e+308, 3.7140e+01, 2.6910e+00, 
 2DIAGNOSTIC,     7, -4.368928074892e-01, 1.797693134862e+308, 3.9425e+01, 2.2850e+00, 
 2DIAGNOSTIC,     8, -4.368929650472e-01, 1.797693134862e+308, 4.2014e+01, 2.5898e+00, 
 2DIAGNOSTIC,     9, -4.368931933007e-01, 1.797693134862e+308, 4.4784e+01, 2.7700e+00, 
 2DIAGNOSTIC,    10, -4.368928339869e-01, 3.346234940360e-06, 4.6802e+01, 2.0179e+00, 
 2DIAGNOSTIC,    11, -4.368926613585e-01, 2.678324922276e-06, 4.9484e+01, 2.6817e+00, 
 2DIAGNOSTIC,    12, -4.368924999387e-01, 2.505644017534e-06, 5.2102e+01, 2.6175e+00, 
 2DIAGNOSTIC,    13, -4.368926918800e-01, 2.384646966558e-06, 5.4216e+01, 2.1140e+00, 
 2DIAGNOSTIC,    14, -4.368925503248e-01, 2.215215753595e-06, 5.7447e+01, 3.2317e+00, 
 2DIAGNOSTIC,    15, -4.368925754222e-01, 2.070362858708e-06, 5.9850e+01, 2.4024e+00, 
 2DIAGNOSTIC,    16, -4.368924011739e-01, 1.935621604998e-06, 6.1999e+01, 2.1491e+00, 
 2DIAGNOSTIC,    17, -4.368922443912e-01, 1.809400005950e-06, 6.4441e+01, 2.4423e+00, 
 2DIAGNOSTIC,    18, -4.368922716510e-01, 1.709119067266e-06, 6.6732e+01, 2.2914e+00, 
 2DIAGNOSTIC,    19, -4.368921467507e-01, 1.628373204235e-06, 7.0670e+01, 3.9377e+00, 
 2DIAGNOSTIC,    20, -4.368917938398e-01, 1.537063497023e-06, 7.4521e+01, 3.8510e+00, 
 2DIAGNOSTIC,    21, -4.368916434851e-01, 1.449952194435e-06, 7.7362e+01, 2.8412e+00, 
 2DIAGNOSTIC,    22, -4.368908999959e-01, 1.349888793210e-06, 7.9827e+01, 2.4644e+00, 
 2DIAGNOSTIC,    23, -4.368907426371e-01, 1.268935534655e-06, 8.2274e+01, 2.4467e+00, 
 2DIAGNOSTIC,    24, -4.368907332806e-01, 1.201091019309e-06, 8.4539e+01, 2.2655e+00, 
 2DIAGNOSTIC,    25, -4.368904680206e-01, 1.144015445140e-06, 8.6736e+01, 2.1974e+00, 
 2DIAGNOSTIC,    26, -4.368907836578e-01, 1.107301057228e-06, 8.9092e+01, 2.3559e+00, 
 2DIAGNOSTIC,    27, -4.368911155963e-01, 1.088304835355e-06, 9.1658e+01, 2.5655e+00, 
 2DIAGNOSTIC,    28, -4.368910180466e-01, 1.077328272335e-06, 9.4003e+01, 2.3454e+00, 
 2DIAGNOSTIC,    29, -4.368909095584e-01, 1.067641982891e-06, 9.6055e+01, 2.0518e+00, 
 2DIAGNOSTIC,    30, -4.368909445290e-01, 1.054547275725e-06, 9.8397e+01, 2.3417e+00, 
 2DIAGNOSTIC,    31, -4.368906839691e-01, 1.034427577783e-06, 1.0054e+02, 2.1405e+00, 
 2DIAGNOSTIC,    32, -4.368908728443e-01, 1.003498709781e-06, 1.0348e+02, 2.9395e+00, 
DIAGNOSTIC,Iteration,metricValue,convergenceValue,ITERATION_TIME_INDEX,SINCE_LAST
 2DIAGNOSTIC,     1, -3.906501373833e-01, 1.797693134862e+308, 1.2592e+02, 2.2445e+01, 
 2DIAGNOSTIC,     2, -3.907339132509e-01, 1.797693134862e+308, 1.4477e+02, 1.8847e+01, 
 2DIAGNOSTIC,     3, -3.907731886141e-01, 1.797693134862e+308, 1.6088e+02, 1.6110e+01, 
 2DIAGNOSTIC,     4, -3.908257234645e-01, 1.797693134862e+308, 1.8260e+02, 2.1717e+01, 
 2DIAGNOSTIC,     5, -3.908536328414e-01, 1.797693134862e+308, 2.1009e+02, 2.7494e+01, 
 2DIAGNOSTIC,     6, -3.908532656863e-01, 1.797693134862e+308, 2.3499e+02, 2.4905e+01, 
 2DIAGNOSTIC,     7, -3.908532850205e-01, 1.797693134862e+308, 2.5783e+02, 2.2837e+01, 
 2DIAGNOSTIC,     8, -3.908533298563e-01, 1.797693134862e+308, 2.7675e+02, 1.8919e+01, 
 2DIAGNOSTIC,     9, -3.908533105774e-01, 1.797693134862e+308, 2.9618e+02, 1.9433e+01, 
 2DIAGNOSTIC,    10, -3.908532558085e-01, 3.056150978950e-05, 3.1655e+02, 2.0368e+01, 
 2DIAGNOSTIC,    11, -3.908532431281e-01, 1.667670163909e-05, 3.3035e+02, 1.3798e+01, 
 2DIAGNOSTIC,    12, -3.908531791264e-01, 8.941081821701e-06, 3.4762e+02, 1.7271e+01, 
 2DIAGNOSTIC,    13, -3.908528908562e-01, 3.942862444845e-06, 3.6374e+02, 1.6124e+01, 
 2DIAGNOSTIC,    14, -3.908528951034e-01, 2.210552122628e-06, 3.8195e+02, 1.8201e+01, 
 2DIAGNOSTIC,    15, -3.908528485386e-01, 2.066058035960e-06, 4.0260e+02, 2.0652e+01, 
 2DIAGNOSTIC,    16, -3.908528473227e-01, 1.927770136786e-06, 4.2138e+02, 1.8778e+01, 
 2DIAGNOSTIC,    17, -3.908528296553e-01, 1.811364079077e-06, 4.3662e+02, 1.5248e+01, 
 2DIAGNOSTIC,    18, -3.908527915357e-01, 1.713882286918e-06, 4.5211e+02, 1.5489e+01, 
 2DIAGNOSTIC,    19, -3.908527605604e-01, 1.629783895202e-06, 4.7062e+02, 1.8508e+01, 
 2DIAGNOSTIC,    20, -3.908527610956e-01, 1.556108066895e-06, 4.8734e+02, 1.6723e+01, 
 2DIAGNOSTIC,    21, -3.908527488727e-01, 1.491718243721e-06, 5.0583e+02, 1.8491e+01, 
 2DIAGNOSTIC,    22, -3.908527742940e-01, 1.434325252070e-06, 5.2448e+02, 1.8641e+01, 
 2DIAGNOSTIC,    23, -3.908527514213e-01, 1.373152507214e-06, 5.4287e+02, 1.8392e+01, 
 2DIAGNOSTIC,    24, -3.908527604595e-01, 1.318487668059e-06, 5.5877e+02, 1.5899e+01, 
 2DIAGNOSTIC,    25, -3.908527637254e-01, 1.267570428065e-06, 5.7592e+02, 1.7155e+01, 
 2DIAGNOSTIC,    26, -3.908528187868e-01, 1.222515322391e-06, 5.9468e+02, 1.8763e+01, 
 2DIAGNOSTIC,    27, -3.908527762937e-01, 1.179245440054e-06, 6.1163e+02, 1.6947e+01, 
 2DIAGNOSTIC,    28, -3.908527565459e-01, 1.137539111663e-06, 6.3038e+02, 1.8751e+01, 
 2DIAGNOSTIC,    29, -3.908527396116e-01, 1.097401319060e-06, 6.5004e+02, 1.9660e+01, 
 2DIAGNOSTIC,    30, -3.908527844639e-01, 1.060984361159e-06, 6.6812e+02, 1.8078e+01, 
 2DIAGNOSTIC,    31, -3.908527425794e-01, 1.025508698523e-06, 6.8550e+02, 1.7376e+01, 
  Elapsed time (stage 0): 6.9738e+02


Stage 1
  iterations = 1000x500x250x100
  convergence threshold = 1.0000e-06
  convergence window size = 10
  number of levels = 4
  using the Mattes MI metric (number of bins = 32, weight = 1.0000e+00)
  preprocessing:  winsorizing the image intensities
  preprocessing:  histogram matching the images
  Shrink factors (level 1 out of 4): [8, 8, 8]
  Shrink factors (level 2 out of 4): [4, 4, 4]
  Shrink factors (level 3 out of 4): [2, 2, 2]
  Shrink factors (level 4 out of 4): [1, 1, 1]
  smoothing sigmas per level: [3, 2, 1, 0]
  regular sampling (percentage = 2.5000e-01)

*** Running AffineTransform registration ***

DIAGNOSTIC,Iteration,metricValue,convergenceValue,ITERATION_TIME_INDEX,SINCE_LAST
 2DIAGNOSTIC,     1, -6.052916344116e-01, 1.797693134862e+308, 3.0287e+00, 3.0287e+00, 
 2DIAGNOSTIC,     2, -6.065751125884e-01, 1.797693134862e+308, 3.0728e+00, 4.4081e-02, 
 2DIAGNOSTIC,     3, -6.084606398581e-01, 1.797693134862e+308, 3.1176e+00, 4.4791e-02, 
 2DIAGNOSTIC,     4, -6.108063893358e-01, 1.797693134862e+308, 3.1615e+00, 4.3934e-02, 
 2DIAGNOSTIC,     5, -6.138328970512e-01, 1.797693134862e+308, 3.2057e+00, 4.4146e-02, 
 2DIAGNOSTIC,     6, -6.169264537595e-01, 1.797693134862e+308, 3.2496e+00, 4.3891e-02, 
 2DIAGNOSTIC,     7, -6.195440351524e-01, 1.797693134862e+308, 3.2941e+00, 4.4518e-02, 
 2DIAGNOSTIC,     8, -6.213849116012e-01, 1.797693134862e+308, 3.3383e+00, 4.4188e-02, 
 2DIAGNOSTIC,     9, -6.225814256952e-01, 1.797693134862e+308, 3.4077e+00, 6.9425e-02, 
 2DIAGNOSTIC,    10, -6.236484112787e-01, 2.129520975549e-03, 3.4519e+00, 4.4210e-02, 
 2DIAGNOSTIC,    11, -6.241197694531e-01, 1.808838250085e-03, 3.4967e+00, 4.4796e-02, 
 2DIAGNOSTIC,    12, -6.243315573514e-01, 1.437155894322e-03, 3.5598e+00, 6.3082e-02, 
 2DIAGNOSTIC,    13, -6.244739210240e-01, 1.065455675416e-03, 3.6105e+00, 5.0678e-02, 
 2DIAGNOSTIC,    14, -6.245687187493e-01, 7.301490063520e-04, 3.6545e+00, 4.4049e-02, 
 2DIAGNOSTIC,    15, -6.248640359819e-01, 4.739369896103e-04, 3.6978e+00, 4.3321e-02, 
 2DIAGNOSTIC,    16, -6.250136111284e-01, 2.985123919923e-04, 3.7484e+00, 5.0565e-02, 
 2DIAGNOSTIC,    17, -6.251250747387e-01, 1.896631485150e-04, 3.7926e+00, 4.4163e-02, 
 2DIAGNOSTIC,    18, -6.252541306981e-01, 1.255580455434e-04, 3.8484e+00, 5.5886e-02, 
 2DIAGNOSTIC,    19, -6.253991297332e-01, 8.859091288512e-05, 3.8982e+00, 4.9772e-02, 
 2DIAGNOSTIC,    20, -6.253996340281e-01, 7.140256549275e-05, 3.9478e+00, 4.9600e-02, 
 2DIAGNOSTIC,    21, -6.254276708913e-01, 6.019803442239e-05, 3.9919e+00, 4.4112e-02, 
 2DIAGNOSTIC,    22, -6.254603611928e-01, 4.964601229255e-05, 4.0419e+00, 5.0015e-02, 
 2DIAGNOSTIC,    23, -6.255426894140e-01, 3.997634676173e-05, 4.0917e+00, 4.9780e-02, 
 2DIAGNOSTIC,    24, -6.256561725967e-01, 3.129866042149e-05, 4.1417e+00, 4.9955e-02, 
 2DIAGNOSTIC,    25, -6.257151697740e-01, 2.693468308717e-05, 4.2014e+00, 5.9683e-02, 
 2DIAGNOSTIC,    26, -6.256725394227e-01, 2.239900734776e-05, 4.2521e+00, 5.0703e-02, 
 2DIAGNOSTIC,    27, -6.255183895099e-01, 1.550023664963e-05, 4.3022e+00, 5.0174e-02, 
 2DIAGNOSTIC,    28, -6.258130630161e-01, 1.465478581522e-05, 4.3725e+00, 7.0225e-02, 
 2DIAGNOSTIC,    29, -6.258175838882e-01, 1.475134466047e-05, 4.4169e+00, 4.4484e-02, 
 2DIAGNOSTIC,    30, -6.257810117780e-01, 1.301064735803e-05, 4.4673e+00, 5.0332e-02, 
 2DIAGNOSTIC,    31, -6.256707789315e-01, 9.172056573963e-06, 4.5172e+00, 4.9956e-02, 
 2DIAGNOSTIC,    32, -6.256719117693e-01, 5.349437422246e-06, 4.5610e+00, 4.3767e-02, 
 2DIAGNOSTIC,    33, -6.256740284863e-01, 2.383376283596e-06, 4.6110e+00, 5.0028e-02, 
DIAGNOSTIC,Iteration,metricValue,convergenceValue,ITERATION_TIME_INDEX,SINCE_LAST
 2DIAGNOSTIC,     1, -5.267739900803e-01, 1.797693134862e+308, 8.0642e+00, 3.4531e+00, 
 2DIAGNOSTIC,     2, -5.275843640071e-01, 1.797693134862e+308, 8.3721e+00, 3.0794e-01, 
 2DIAGNOSTIC,     3, -5.284069245850e-01, 1.797693134862e+308, 8.6736e+00, 3.0148e-01, 
 2DIAGNOSTIC,     4, -5.292328045811e-01, 1.797693134862e+308, 8.9860e+00, 3.1241e-01, 
 2DIAGNOSTIC,     5, -5.297399761663e-01, 1.797693134862e+308, 9.2802e+00, 2.9421e-01, 
 2DIAGNOSTIC,     6, -5.300079618885e-01, 1.797693134862e+308, 9.6555e+00, 3.7533e-01, 
 2DIAGNOSTIC,     7, -5.301193212362e-01, 1.797693134862e+308, 1.0119e+01, 4.6316e-01, 
 2DIAGNOSTIC,     8, -5.301018555459e-01, 1.797693134862e+308, 1.0445e+01, 3.2609e-01, 
 2DIAGNOSTIC,     9, -5.301163347304e-01, 1.797693134862e+308, 1.0748e+01, 3.0294e-01, 
 2DIAGNOSTIC,    10, -5.301474310521e-01, 3.916487210393e-04, 1.1044e+01, 2.9653e-01, 
 2DIAGNOSTIC,    11, -5.301880475540e-01, 2.436334537203e-04, 1.1383e+01, 3.3829e-01, 
 2DIAGNOSTIC,    12, -5.302236921847e-01, 1.362011382793e-04, 1.1683e+01, 2.9995e-01, 
 2DIAGNOSTIC,    13, -5.302676039571e-01, 6.848928032192e-05, 1.2040e+01, 3.5733e-01, 
 2DIAGNOSTIC,    14, -5.303221385101e-01, 3.783845981457e-05, 1.2377e+01, 3.3748e-01, 
 2DIAGNOSTIC,    15, -5.303382737814e-01, 2.647761401132e-05, 1.2677e+01, 2.9940e-01, 
 2DIAGNOSTIC,    16, -5.303821501308e-01, 2.465809294534e-05, 1.3009e+01, 3.3247e-01, 
 2DIAGNOSTIC,    17, -5.304376971549e-01, 2.623717030806e-05, 1.3336e+01, 3.2684e-01, 
 2DIAGNOSTIC,    18, -5.305480067258e-01, 2.811959480776e-05, 1.3746e+01, 4.0950e-01, 
 2DIAGNOSTIC,    19, -5.306164753179e-01, 2.962657641437e-05, 1.4225e+01, 4.7986e-01, 
 2DIAGNOSTIC,    20, -5.306341917084e-01, 2.968444932258e-05, 1.4543e+01, 3.1785e-01, 
 2DIAGNOSTIC,    21, -5.306390749651e-01, 2.832061130249e-05, 1.4906e+01, 3.6264e-01, 
 2DIAGNOSTIC,    22, -5.306410765339e-01, 2.548003754779e-05, 1.5273e+01, 3.6750e-01, 
 2DIAGNOSTIC,    23, -5.306122200640e-01, 2.092685233222e-05, 1.5604e+01, 3.3054e-01, 
 2DIAGNOSTIC,    24, -5.306160144065e-01, 1.623114500810e-05, 1.5889e+01, 2.8508e-01, 
 2DIAGNOSTIC,    25, -5.306229052638e-01, 1.101057344065e-05, 1.6172e+01, 2.8296e-01, 
 2DIAGNOSTIC,    26, -5.306257623715e-01, 6.241772310511e-06, 1.6494e+01, 3.2225e-01, 
 2DIAGNOSTIC,    27, -5.306270900686e-01, 2.445310383854e-06, 1.6818e+01, 3.2427e-01, 
DIAGNOSTIC,Iteration,metricValue,convergenceValue,ITERATION_TIME_INDEX,SINCE_LAST
 2DIAGNOSTIC,     1, -4.575702873891e-01, 1.797693134862e+308, 2.3231e+01, 6.4121e+00, 
 2DIAGNOSTIC,     2, -4.579946733210e-01, 1.797693134862e+308, 2.5803e+01, 2.5729e+00, 
 2DIAGNOSTIC,     3, -4.584536742116e-01, 1.797693134862e+308, 2.8345e+01, 2.5416e+00, 
 2DIAGNOSTIC,     4, -4.587194637997e-01, 1.797693134862e+308, 3.0751e+01, 2.4058e+00, 
 2DIAGNOSTIC,     5, -4.588218099805e-01, 1.797693134862e+308, 3.3253e+01, 2.5023e+00, 
 2DIAGNOSTIC,     6, -4.588465972642e-01, 1.797693134862e+308, 3.6035e+01, 2.7820e+00, 
 2DIAGNOSTIC,     7, -4.588459610601e-01, 1.797693134862e+308, 3.8477e+01, 2.4415e+00, 
 2DIAGNOSTIC,     8, -4.588832027652e-01, 1.797693134862e+308, 4.1430e+01, 2.9539e+00, 
 2DIAGNOSTIC,     9, -4.589374735612e-01, 1.797693134862e+308, 4.4234e+01, 2.8038e+00, 
 2DIAGNOSTIC,    10, -4.589361289210e-01, 1.614734349854e-04, 4.6878e+01, 2.6435e+00, 
 2DIAGNOSTIC,    11, -4.589358497795e-01, 8.989026920242e-05, 5.0040e+01, 3.1624e+00, 
 2DIAGNOSTIC,    12, -4.589356751979e-01, 4.395603812006e-05, 5.3429e+01, 3.3889e+00, 
 2DIAGNOSTIC,    13, -4.589359326877e-01, 2.292762815202e-05, 5.6245e+01, 2.8163e+00, 
 2DIAGNOSTIC,    14, -4.589361359436e-01, 1.465274098382e-05, 6.1167e+01, 4.9221e+00, 
 2DIAGNOSTIC,    15, -4.589361571607e-01, 1.056764924262e-05, 6.3643e+01, 2.4756e+00, 
 2DIAGNOSTIC,    16, -4.589359930607e-01, 7.225430687860e-06, 6.6109e+01, 2.4655e+00, 
 2DIAGNOSTIC,    17, -4.589356649371e-01, 3.743917437703e-06, 6.8767e+01, 2.6584e+00, 
 2DIAGNOSTIC,    18, -4.589356962082e-01, 1.705173135441e-06, 7.1859e+01, 3.0916e+00, 
 2DIAGNOSTIC,    19, -4.589355672363e-01, 1.652959716450e-06, 7.4818e+01, 2.9595e+00, 
 2DIAGNOSTIC,    20, -4.589354312543e-01, 1.562398448299e-06, 7.7322e+01, 2.5043e+00, 
 2DIAGNOSTIC,    21, -4.589353919754e-01, 1.474280003362e-06, 7.9901e+01, 2.5788e+00, 
 2DIAGNOSTIC,    22, -4.589348247022e-01, 1.377081639747e-06, 8.3146e+01, 3.2444e+00, 
 2DIAGNOSTIC,    23, -4.589346341875e-01, 1.296800473102e-06, 8.6395e+01, 3.2490e+00, 
 2DIAGNOSTIC,    24, -4.589345458567e-01, 1.234111946129e-06, 8.9309e+01, 2.9143e+00, 
 2DIAGNOSTIC,    25, -4.589344371882e-01, 1.182764486497e-06, 9.1826e+01, 2.5169e+00, 
 2DIAGNOSTIC,    26, -4.589342686860e-01, 1.136145268255e-06, 9.4236e+01, 2.4104e+00, 
 2DIAGNOSTIC,    27, -4.589343038046e-01, 1.094693847306e-06, 9.6751e+01, 2.5147e+00, 
 2DIAGNOSTIC,    28, -4.589344003778e-01, 1.066983908747e-06, 9.9297e+01, 2.5464e+00, 
 2DIAGNOSTIC,    29, -4.589343552455e-01, 1.043841645634e-06, 1.0202e+02, 2.7235e+00, 
 2DIAGNOSTIC,    30, -4.589344432909e-01, 1.026233011910e-06, 1.0486e+02, 2.8344e+00, 
 2DIAGNOSTIC,    31, -4.589340088192e-01, 1.003829667834e-06, 1.0764e+02, 2.7828e+00, 
DIAGNOSTIC,Iteration,metricValue,convergenceValue,ITERATION_TIME_INDEX,SINCE_LAST
 2DIAGNOSTIC,     1, -4.122673569565e-01, 1.797693134862e+308, 1.3052e+02, 2.2884e+01, 
 2DIAGNOSTIC,     2, -4.124304265874e-01, 1.797693134862e+308, 1.4836e+02, 1.7835e+01, 
 2DIAGNOSTIC,     3, -4.125328781433e-01, 1.797693134862e+308, 1.6534e+02, 1.6981e+01, 
 2DIAGNOSTIC,     4, -4.126145183687e-01, 1.797693134862e+308, 1.8360e+02, 1.8260e+01, 
 2DIAGNOSTIC,     5, -4.126408695262e-01, 1.797693134862e+308, 2.1231e+02, 2.8714e+01, 
 2DIAGNOSTIC,     6, -4.126458932693e-01, 1.797693134862e+308, 2.3047e+02, 1.8160e+01, 
 2DIAGNOSTIC,     7, -4.126488536127e-01, 1.797693134862e+308, 2.4773e+02, 1.7255e+01, 
 2DIAGNOSTIC,     8, -4.126547694285e-01, 1.797693134862e+308, 2.6572e+02, 1.7994e+01, 
 2DIAGNOSTIC,     9, -4.126633250517e-01, 1.797693134862e+308, 2.8385e+02, 1.8132e+01, 
 2DIAGNOSTIC,    10, -4.126778800515e-01, 5.253316169876e-05, 3.0006e+02, 1.6204e+01, 
 2DIAGNOSTIC,    11, -4.127009368756e-01, 3.034735884865e-05, 3.2114e+02, 2.1083e+01, 
 2DIAGNOSTIC,    12, -4.127056789502e-01, 1.891875018521e-05, 3.4469e+02, 2.3553e+01, 
 2DIAGNOSTIC,    13, -4.127228667279e-01, 1.402878768557e-05, 3.6039e+02, 1.5701e+01, 
 2DIAGNOSTIC,    14, -4.127358331075e-01, 1.339467393467e-05, 3.7800e+02, 1.7612e+01, 
 2DIAGNOSTIC,    15, -4.128284632433e-01, 1.727159271259e-05, 4.0513e+02, 2.7130e+01, 
 2DIAGNOSTIC,    16, -4.128328240339e-01, 1.956868914452e-05, 4.2487e+02, 1.9735e+01, 
 2DIAGNOSTIC,    17, -4.128329584932e-01, 2.014867830902e-05, 4.4210e+02, 1.7226e+01, 
 2DIAGNOSTIC,    18, -4.128364346708e-01, 1.939285780173e-05, 4.6107e+02, 1.8976e+01, 
 2DIAGNOSTIC,    19, -4.128393101681e-01, 1.747161344980e-05, 4.7866e+02, 1.7590e+01, 
 2DIAGNOSTIC,    20, -4.128406937509e-01, 1.475502677145e-05, 4.9934e+02, 2.0680e+01, 
 2DIAGNOSTIC,    21, -4.128422024272e-01, 1.187367959622e-05, 5.1745e+02, 1.8105e+01, 
 2DIAGNOSTIC,    22, -4.128450215389e-01, 8.560313473301e-06, 5.3580e+02, 1.8353e+01, 
 2DIAGNOSTIC,    23, -4.128500758467e-01, 5.556683376852e-06, 5.5278e+02, 1.6978e+01, 
 2DIAGNOSTIC,    24, -4.128725969424e-01, 3.351439271347e-06, 5.9469e+02, 4.1911e+01, 
 2DIAGNOSTIC,    25, -4.128730424135e-01, 3.678539875922e-06, 6.2375e+02, 2.9063e+01, 
 2DIAGNOSTIC,    26, -4.128730560121e-01, 3.880253690129e-06, 6.4204e+02, 1.8291e+01, 
 2DIAGNOSTIC,    27, -4.128729903302e-01, 3.825131667592e-06, 6.6459e+02, 2.2543e+01, 
 2DIAGNOSTIC,    28, -4.128729691587e-01, 3.604062358407e-06, 7.0301e+02, 3.8423e+01, 
 2DIAGNOSTIC,    29, -4.128729918243e-01, 3.225089228530e-06, 7.6411e+02, 6.1105e+01, 
 2DIAGNOSTIC,    30, -4.128729918243e-01, 2.701467584895e-06, 8.0494e+02, 4.0825e+01, 
 2DIAGNOSTIC,    31, -4.128729918243e-01, 2.097511582727e-06, 8.3433e+02, 2.9392e+01, 
 2DIAGNOSTIC,    32, -4.128729918243e-01, 1.493396250329e-06, 8.5772e+02, 2.3386e+01, 
  Elapsed time (stage 1): 8.6832e+02


Total elapsed time: 1.5658e+03
