This is job 35
Time: Thu 16 Sep 12:56:46 BST 2021
Running on master node: cpu-p-167
Current directory: /rds/user/ccn30/hpc-work/WBIC_lustre/ENCRYPT/scripts/Registration/slurmoutputs
Changed directory to /home/ccn30/rds/hpc-work/WBIC_lustre/ENCRYPT/scripts/Registration/slurmoutputs.

JobID: 46502809
======
Time: Thu 16 Sep 12:56:46 BST 2021
Running on master node: cpu-p-167
Current directory: /home/ccn30/rds/hpc-work/WBIC_lustre/ENCRYPT/scripts/Registration/slurmoutputs

Nodes allocated:
================
cpu-p-167

numtasks=, numnodes=, mpi_tasks_per_node= (OMP_NUM_THREADS=1)

Executing command:
==================
/home/ccn30/rds/hpc-work/WBIC_lustre/ENCRYPT/scripts/Registration/coreg_main.sh /home/ccn30/rds/hpc-work/WBIC_lustre/ENCRYPT/ENCRYPT_MasterRIScodes.txt 35 /home/ccn30/rds/rds-p00500_encrypt-URQgmO1brZ0/p00500 /home/ccn30/rds/hpc-work/WBIC_home/ENCRYPT/atlases/magdeburgatlas

******** starting 32329 ********
All_Command_lines_OK
Using double precision for computations.
=============================================================================
The composite transform comprises the following transforms (in order): 
  1. Center of mass alignment using fixed image: /home/ccn30/rds/hpc-work/WBIC_home/ENCRYPT/atlases/magdeburgatlas/template/template.nii.gz and moving image: /home/ccn30/rds/rds-p00500_encrypt-URQgmO1brZ0/p00500/ENCRYPT_images/32329/mp2rage/denoise_n4mag0000_PSIR_skulled_std.nii (type = Euler3DTransform)
=============================================================================
  number of levels = 4
  number of levels = 4
  fixed image: /home/ccn30/rds/hpc-work/WBIC_home/ENCRYPT/atlases/magdeburgatlas/template/template.nii.gz
  moving image: /home/ccn30/rds/rds-p00500_encrypt-URQgmO1brZ0/p00500/ENCRYPT_images/32329/mp2rage/denoise_n4mag0000_PSIR_skulled_std.nii
  fixed image: /home/ccn30/rds/hpc-work/WBIC_home/ENCRYPT/atlases/magdeburgatlas/template/template.nii.gz
  moving image: /home/ccn30/rds/rds-p00500_encrypt-URQgmO1brZ0/p00500/ENCRYPT_images/32329/mp2rage/denoise_n4mag0000_PSIR_skulled_std.nii
Dimension = 3
Number of stages = 2
Use Histogram Matching true
Winsorize image intensities true
Lower quantile = 0.005
Upper quantile = 0.995
Stage 1 State
   Image metric = Mattes
     Fixed image = Image (0x2dbd200)
  RTTI typeinfo:   itk::Image<double, 3u>
  Reference Count: 2
  Modified Time: 1698
  Debug: Off
  Object Name: 
  Observers: 
    none
  Source: (none)
  Source output name: (none)
  Release Data: Off
  Data Released: False
  Global Release Data: Off
  PipelineMTime: 0
  UpdateMTime: 1481
  RealTimeStamp: 0 seconds 
  LargestPossibleRegion: 
    Dimension: 3
    Index: [0, 0, 0]
    Size: [384, 301, 288]
  BufferedRegion: 
    Dimension: 3
    Index: [0, 0, 0]
    Size: [384, 301, 288]
  RequestedRegion: 
    Dimension: 3
    Index: [0, 0, 0]
    Size: [384, 301, 288]
  Spacing: [0.598958, 0.598958, 0.599937]
  Origin: [83.4012, -147.626, 85.1783]
  Direction: 
-0 0 -1
1 -0 0
0 -1 0

  IndexToPointMatrix: 
0 0 -0.599937
0.598958 0 0
0 -0.598958 0

  PointToIndexMatrix: 
0 1.66957 0
0 0 -1.66957
-1.66684 0 0

  Inverse Direction: 
0 1 0
0 0 -1
-1 0 0

  PixelContainer: 
    ImportImageContainer (0x2daddc0)
      RTTI typeinfo:   itk::ImportImageContainer<unsigned long, double>
      Reference Count: 1
      Modified Time: 1478
      Debug: Off
      Object Name: 
      Observers: 
        none
      Pointer: 0x2b2ec15e9010
      Container manages memory: true
      Size: 33288192
      Capacity: 33288192

     Moving image = Image (0x2dc13f0)
  RTTI typeinfo:   itk::Image<double, 3u>
  Reference Count: 2
  Modified Time: 1699
  Debug: Off
  Object Name: 
  Observers: 
    none
  Source: (none)
  Source output name: (none)
  Release Data: Off
  Data Released: False
  Global Release Data: Off
  PipelineMTime: 0
  UpdateMTime: 1696
  RealTimeStamp: 0 seconds 
  LargestPossibleRegion: 
    Dimension: 3
    Index: [0, 0, 0]
    Size: [224, 320, 320]
  BufferedRegion: 
    Dimension: 3
    Index: [0, 0, 0]
    Size: [224, 320, 320]
  RequestedRegion: 
    Dimension: 3
    Index: [0, 0, 0]
    Size: [224, 320, 320]
  Spacing: [0.7, 0.7, 0.7]
  Origin: [-78.0626, 75.9504, -117.43]
  Direction: 
1 0 0
0 -1 0
0 0 1

  IndexToPointMatrix: 
0.7 0 0
0 -0.7 0
0 0 0.7

  PointToIndexMatrix: 
1.42857 0 0
0 -1.42857 0
0 0 1.42857

  Inverse Direction: 
1 0 0
0 -1 0
0 0 1

  PixelContainer: 
    ImportImageContainer (0x2dc16b0)
      RTTI typeinfo:   itk::ImportImageContainer<unsigned long, double>
      Reference Count: 1
      Modified Time: 1693
      Debug: Off
      Object Name: 
      Observers: 
        none
      Pointer: 0x2b2ed13e2010
      Container manages memory: true
      Size: 22937600
      Capacity: 22937600

     Weighting = 1
     Sampling strategy = regular
     Number of bins = 32
     Radius = 4
     Sampling percentage  = 0.25
   Transform = Rigid
     Gradient step = 0.1
     Update field sigma (voxel space) = 0
     Total field sigma (voxel space) = 0
     Update field time sigma = 0
     Total field time sigma  = 0
     Number of time indices = 0
     Number of time point samples = 0
Stage 2 State
   Image metric = Mattes
     Fixed image = Image (0x2dd0060)
  RTTI typeinfo:   itk::Image<double, 3u>
  Reference Count: 2
  Modified Time: 2130
  Debug: Off
  Object Name: 
  Observers: 
    none
  Source: (none)
  Source output name: (none)
  Release Data: Off
  Data Released: False
  Global Release Data: Off
  PipelineMTime: 0
  UpdateMTime: 1913
  RealTimeStamp: 0 seconds 
  LargestPossibleRegion: 
    Dimension: 3
    Index: [0, 0, 0]
    Size: [384, 301, 288]
  BufferedRegion: 
    Dimension: 3
    Index: [0, 0, 0]
    Size: [384, 301, 288]
  RequestedRegion: 
    Dimension: 3
    Index: [0, 0, 0]
    Size: [384, 301, 288]
  Spacing: [0.598958, 0.598958, 0.599937]
  Origin: [83.4012, -147.626, 85.1783]
  Direction: 
-0 0 -1
1 -0 0
0 -1 0

  IndexToPointMatrix: 
0 0 -0.599937
0.598958 0 0
0 -0.598958 0

  PointToIndexMatrix: 
0 1.66957 0
0 0 -1.66957
-1.66684 0 0

  Inverse Direction: 
0 1 0
0 0 -1
-1 0 0

  PixelContainer: 
    ImportImageContainer (0x2dc4140)
      RTTI typeinfo:   itk::ImportImageContainer<unsigned long, double>
      Reference Count: 1
      Modified Time: 1910
      Debug: Off
      Object Name: 
      Observers: 
        none
      Pointer: 0x2b2edc2e3010
      Container manages memory: true
      Size: 33288192
      Capacity: 33288192

     Moving image = Image (0x2dd1e80)
  RTTI typeinfo:   itk::Image<double, 3u>
  Reference Count: 2
  Modified Time: 2131
  Debug: Off
  Object Name: 
  Observers: 
    none
  Source: (none)
  Source output name: (none)
  Release Data: Off
  Data Released: False
  Global Release Data: Off
  PipelineMTime: 0
  UpdateMTime: 2128
  RealTimeStamp: 0 seconds 
  LargestPossibleRegion: 
    Dimension: 3
    Index: [0, 0, 0]
    Size: [224, 320, 320]
  BufferedRegion: 
    Dimension: 3
    Index: [0, 0, 0]
    Size: [224, 320, 320]
  RequestedRegion: 
    Dimension: 3
    Index: [0, 0, 0]
    Size: [224, 320, 320]
  Spacing: [0.7, 0.7, 0.7]
  Origin: [-78.0626, 75.9504, -117.43]
  Direction: 
1 0 0
0 -1 0
0 0 1

  IndexToPointMatrix: 
0.7 0 0
0 -0.7 0
0 0 0.7

  PointToIndexMatrix: 
1.42857 0 0
0 -1.42857 0
0 0 1.42857

  Inverse Direction: 
1 0 0
0 -1 0
0 0 1

  PixelContainer: 
    ImportImageContainer (0x2dcc540)
      RTTI typeinfo:   itk::ImportImageContainer<unsigned long, double>
      Reference Count: 1
      Modified Time: 2125
      Debug: Off
      Object Name: 
      Observers: 
        none
      Pointer: 0x2b2eec0dc010
      Container manages memory: true
      Size: 22937600
      Capacity: 22937600

     Weighting = 1
     Sampling strategy = regular
     Number of bins = 32
     Radius = 4
     Sampling percentage  = 0.25
   Transform = Affine
     Gradient step = 0.1
     Update field sigma (voxel space) = 0
     Total field sigma (voxel space) = 0
     Update field time sigma = 0
     Total field time sigma  = 0
     Number of time indices = 0
     Number of time point samples = 0
Registration using 2 total stages.

Stage 0
  iterations = 1000x500x250x100
  convergence threshold = 1e-06
  convergence window size = 10
  number of levels = 4
  using the Mattes MI metric (number of bins = 32, weight = 1)
  preprocessing:  winsorizing the image intensities
  preprocessing:  histogram matching the images
  Shrink factors (level 1 out of 4): [8, 8, 8]
  Shrink factors (level 2 out of 4): [4, 4, 4]
  Shrink factors (level 3 out of 4): [2, 2, 2]
  Shrink factors (level 4 out of 4): [1, 1, 1]
  smoothing sigmas per level: [3, 2, 1, 0]
  regular sampling (percentage = 0.25)

*** Running Euler3DTransform registration ***

DIAGNOSTIC,Iteration,metricValue,convergenceValue,ITERATION_TIME_INDEX,SINCE_LAST
 2DIAGNOSTIC,     1, -4.344703798546e-01, 1.797693134862e+308, 2.6287e+00, 2.6287e+00, 
 2DIAGNOSTIC,     2, -4.362883696279e-01, 1.797693134862e+308, 2.6629e+00, 3.4137e-02, 
 2DIAGNOSTIC,     3, -4.395761606648e-01, 1.797693134862e+308, 2.6966e+00, 3.3685e-02, 
 2DIAGNOSTIC,     4, -4.455479487923e-01, 1.797693134862e+308, 2.7268e+00, 3.0278e-02, 
 2DIAGNOSTIC,     5, -4.577522196097e-01, 1.797693134862e+308, 2.7603e+00, 3.3493e-02, 
 2DIAGNOSTIC,     6, -4.782418832246e-01, 1.797693134862e+308, 2.7943e+00, 3.3964e-02, 
 2DIAGNOSTIC,     7, -5.062045353461e-01, 1.797693134862e+308, 2.8243e+00, 2.9977e-02, 
 2DIAGNOSTIC,     8, -5.258320396079e-01, 1.797693134862e+308, 2.8592e+00, 3.4912e-02, 
 2DIAGNOSTIC,     9, -5.339824960160e-01, 1.797693134862e+308, 2.8931e+00, 3.3944e-02, 
 2DIAGNOSTIC,    10, -5.485420015389e-01, 1.725065591371e-02, 2.9401e+00, 4.6962e-02, 
 2DIAGNOSTIC,    11, -5.613845185949e-01, 1.688149488269e-02, 2.9919e+00, 5.1837e-02, 
 2DIAGNOSTIC,    12, -5.635178985706e-01, 1.524731751239e-02, 3.0237e+00, 3.1776e-02, 
 2DIAGNOSTIC,    13, -5.696497729733e-01, 1.294255181986e-02, 3.0556e+00, 3.1917e-02, 
 2DIAGNOSTIC,    14, -5.774542236756e-01, 1.039357656478e-02, 3.0904e+00, 3.4734e-02, 
 2DIAGNOSTIC,    15, -5.814680797250e-01, 7.873599864855e-03, 3.1231e+00, 3.2707e-02, 
 2DIAGNOSTIC,    16, -5.827488866064e-01, 5.721678772523e-03, 3.1585e+00, 3.5451e-02, 
 2DIAGNOSTIC,    17, -5.842497222695e-01, 4.273239339728e-03, 3.1987e+00, 4.0215e-02, 
 2DIAGNOSTIC,    18, -5.843837766376e-01, 3.210993135756e-03, 3.2417e+00, 4.2970e-02, 
 2DIAGNOSTIC,    19, -5.852198623479e-01, 2.222433144729e-03, 3.2797e+00, 3.7979e-02, 
 2DIAGNOSTIC,    20, -5.854175032588e-01, 1.525157966282e-03, 3.3376e+00, 5.7926e-02, 
 2DIAGNOSTIC,    21, -5.854307131391e-01, 1.089621280811e-03, 3.3696e+00, 3.2028e-02, 
 2DIAGNOSTIC,    22, -5.856402871608e-01, 6.522466645267e-04, 3.4052e+00, 3.5564e-02, 
 2DIAGNOSTIC,    23, -5.860421624647e-01, 3.423805885370e-04, 3.4440e+00, 3.8787e-02, 
 2DIAGNOSTIC,    24, -5.860020649692e-01, 1.973315610481e-04, 3.4791e+00, 3.5096e-02, 
 2DIAGNOSTIC,    25, -5.857774402852e-01, 1.259595388786e-04, 3.5120e+00, 3.2960e-02, 
 2DIAGNOSTIC,    26, -5.857815603650e-01, 7.440203122102e-05, 3.5431e+00, 3.1112e-02, 
 2DIAGNOSTIC,    27, -5.858589558879e-01, 5.066236408645e-05, 3.5827e+00, 3.9599e-02, 
 2DIAGNOSTIC,    28, -5.858776633074e-01, 2.629760359010e-05, 3.6260e+00, 4.3274e-02, 
 2DIAGNOSTIC,    29, -5.858462404900e-01, 1.576720572582e-05, 3.6647e+00, 3.8695e-02, 
 2DIAGNOSTIC,    30, -5.858520232042e-01, 8.387122935251e-06, 3.6942e+00, 2.9457e-02, 
DIAGNOSTIC,Iteration,metricValue,convergenceValue,ITERATION_TIME_INDEX,SINCE_LAST
 2DIAGNOSTIC,     1, -5.037318580328e-01, 1.797693134862e+308, 6.6043e+00, 2.9102e+00, 
 2DIAGNOSTIC,     2, -5.041016511217e-01, 1.797693134862e+308, 6.8375e+00, 2.3320e-01, 
 2DIAGNOSTIC,     3, -5.045310331150e-01, 1.797693134862e+308, 7.0821e+00, 2.4460e-01, 
 2DIAGNOSTIC,     4, -5.052402001721e-01, 1.797693134862e+308, 7.3203e+00, 2.3812e-01, 
 2DIAGNOSTIC,     5, -5.062491707559e-01, 1.797693134862e+308, 7.5564e+00, 2.3615e-01, 
 2DIAGNOSTIC,     6, -5.075663771107e-01, 1.797693134862e+308, 7.7896e+00, 2.3324e-01, 
 2DIAGNOSTIC,     7, -5.082047062136e-01, 1.797693134862e+308, 8.1661e+00, 3.7649e-01, 
 2DIAGNOSTIC,     8, -5.086661534429e-01, 1.797693134862e+308, 8.4010e+00, 2.3486e-01, 
 2DIAGNOSTIC,     9, -5.088283364411e-01, 1.797693134862e+308, 8.6350e+00, 2.3399e-01, 
 2DIAGNOSTIC,    10, -5.091129969438e-01, 7.894288702036e-04, 8.9819e+00, 3.4693e-01, 
 2DIAGNOSTIC,    11, -5.092158693344e-01, 6.589537976106e-04, 9.2273e+00, 2.4535e-01, 
 2DIAGNOSTIC,    12, -5.092746692860e-01, 5.114539261679e-04, 9.4629e+00, 2.3563e-01, 
 2DIAGNOSTIC,    13, -5.093405956800e-01, 3.624480668404e-04, 9.7328e+00, 2.6993e-01, 
 2DIAGNOSTIC,    14, -5.093818232503e-01, 2.318376835923e-04, 1.0155e+01, 4.2259e-01, 
 2DIAGNOSTIC,    15, -5.093869991172e-01, 1.345781746678e-04, 1.0392e+01, 2.3612e-01, 
 2DIAGNOSTIC,    16, -5.094117931052e-01, 8.392402933753e-05, 1.0665e+01, 2.7299e-01, 
 2DIAGNOSTIC,    17, -5.094317713179e-01, 5.311220483315e-05, 1.0929e+01, 2.6441e-01, 
 2DIAGNOSTIC,    18, -5.094250713242e-01, 3.510333003627e-05, 1.1195e+01, 2.6638e-01, 
 2DIAGNOSTIC,    19, -5.094320426110e-01, 2.070982305261e-05, 1.1467e+01, 2.7181e-01, 
 2DIAGNOSTIC,    20, -5.094302628968e-01, 1.386403153784e-05, 1.1703e+01, 2.3566e-01, 
 2DIAGNOSTIC,    21, -5.094508843535e-01, 9.799936346935e-06, 1.1976e+01, 2.7324e-01, 
 2DIAGNOSTIC,    22, -5.094600083149e-01, 7.003809554949e-06, 1.2243e+01, 2.6729e-01, 
 2DIAGNOSTIC,    23, -5.094595423072e-01, 5.505420741500e-06, 1.2515e+01, 2.7178e-01, 
 2DIAGNOSTIC,    24, -5.094656975327e-01, 4.869954001126e-06, 1.2785e+01, 2.6983e-01, 
 2DIAGNOSTIC,    25, -5.094623202197e-01, 3.977811411600e-06, 1.3054e+01, 2.6904e-01, 
 2DIAGNOSTIC,    26, -5.094544315556e-01, 3.247652469708e-06, 1.3277e+01, 2.2309e-01, 
 2DIAGNOSTIC,    27, -5.094587763460e-01, 2.891190617131e-06, 1.3565e+01, 2.8827e-01, 
 2DIAGNOSTIC,    28, -5.094575361124e-01, 2.236218123973e-06, 1.3828e+01, 2.6300e-01, 
 2DIAGNOSTIC,    29, -5.094540362773e-01, 1.595885046841e-06, 1.4086e+01, 2.5779e-01, 
 2DIAGNOSTIC,    30, -5.094661616627e-01, 1.139068467410e-06, 1.4347e+01, 2.6065e-01, 
 2DIAGNOSTIC,    31, -5.094695733491e-01, 1.129758153057e-06, 1.4624e+01, 2.7674e-01, 
 2DIAGNOSTIC,    32, -5.094805445158e-01, 1.462075275509e-06, 1.4851e+01, 2.2720e-01, 
 2DIAGNOSTIC,    33, -5.094823906006e-01, 1.746539779593e-06, 1.5075e+01, 2.2449e-01, 
 2DIAGNOSTIC,    34, -5.094936077457e-01, 2.229330557484e-06, 1.5336e+01, 2.6048e-01, 
 2DIAGNOSTIC,    35, -5.095022500837e-01, 2.644718540522e-06, 1.5567e+01, 2.3110e-01, 
 2DIAGNOSTIC,    36, -5.095125403000e-01, 2.902767315148e-06, 1.5894e+01, 3.2737e-01, 
 2DIAGNOSTIC,    37, -5.095218510169e-01, 3.160710236327e-06, 1.6186e+01, 2.9164e-01, 
 2DIAGNOSTIC,    38, -5.095159154032e-01, 3.083287985147e-06, 1.6442e+01, 2.5644e-01, 
 2DIAGNOSTIC,    39, -5.095141824946e-01, 2.722279172331e-06, 1.6672e+01, 2.2959e-01, 
 2DIAGNOSTIC,    40, -5.095105812210e-01, 2.316243614256e-06, 1.6928e+01, 2.5666e-01, 
 2DIAGNOSTIC,    41, -5.095136326029e-01, 1.868100352097e-06, 1.7184e+01, 2.5529e-01, 
 2DIAGNOSTIC,    42, -5.095127991527e-01, 1.470534313524e-06, 1.7439e+01, 2.5529e-01, 
 2DIAGNOSTIC,    43, -5.095117833999e-01, 1.034554671802e-06, 1.7769e+01, 3.2995e-01, 
DIAGNOSTIC,Iteration,metricValue,convergenceValue,ITERATION_TIME_INDEX,SINCE_LAST
 2DIAGNOSTIC,     1, -4.319714157000e-01, 1.797693134862e+308, 2.2622e+01, 4.8530e+00, 
 2DIAGNOSTIC,     2, -4.322080739215e-01, 1.797693134862e+308, 2.4311e+01, 1.6890e+00, 
 2DIAGNOSTIC,     3, -4.322926297278e-01, 1.797693134862e+308, 2.6488e+01, 2.1768e+00, 
 2DIAGNOSTIC,     4, -4.322975468042e-01, 1.797693134862e+308, 2.8412e+01, 1.9243e+00, 
 2DIAGNOSTIC,     5, -4.322977359176e-01, 1.797693134862e+308, 3.0596e+01, 2.1835e+00, 
 2DIAGNOSTIC,     6, -4.322973697818e-01, 1.797693134862e+308, 3.2528e+01, 1.9320e+00, 
 2DIAGNOSTIC,     7, -4.322970227221e-01, 1.797693134862e+308, 3.4450e+01, 1.9226e+00, 
 2DIAGNOSTIC,     8, -4.322966438897e-01, 1.797693134862e+308, 3.6375e+01, 1.9251e+00, 
 2DIAGNOSTIC,     9, -4.322971500953e-01, 1.797693134862e+308, 3.8050e+01, 1.6746e+00, 
 2DIAGNOSTIC,    10, -4.323007407311e-01, 3.011584304685e-05, 3.9970e+01, 1.9204e+00, 
 2DIAGNOSTIC,    11, -4.323008942111e-01, 8.813124113688e-06, 4.1894e+01, 1.9240e+00, 
 2DIAGNOSTIC,    12, -4.323005720177e-01, 3.352997815509e-06, 4.3578e+01, 1.6836e+00, 
 2DIAGNOSTIC,    13, -4.323026493294e-01, 3.047635425982e-06, 4.5510e+01, 1.9316e+00, 
 2DIAGNOSTIC,    14, -4.323039751201e-01, 3.019985924155e-06, 4.7438e+01, 1.9284e+00, 
 2DIAGNOSTIC,    15, -4.323043379246e-01, 2.948404203978e-06, 4.9363e+01, 1.9248e+00, 
 2DIAGNOSTIC,    16, -4.323042637443e-01, 2.793357038414e-06, 5.1293e+01, 1.9305e+00, 
 2DIAGNOSTIC,    17, -4.323043187681e-01, 2.575032528929e-06, 5.2975e+01, 1.6821e+00, 
 2DIAGNOSTIC,    18, -4.323077755705e-01, 2.428227395844e-06, 5.4658e+01, 1.6827e+00, 
 2DIAGNOSTIC,    19, -4.323126859017e-01, 2.414845170724e-06, 5.6335e+01, 1.6767e+00, 
 2DIAGNOSTIC,    20, -4.323180059284e-01, 2.624171003558e-06, 5.8249e+01, 1.9141e+00, 
 2DIAGNOSTIC,    21, -4.323207759524e-01, 2.809393311272e-06, 6.0163e+01, 1.9140e+00, 
 2DIAGNOSTIC,    22, -4.323197911021e-01, 2.818254232345e-06, 6.2070e+01, 1.9074e+00, 
 2DIAGNOSTIC,    23, -4.323220626531e-01, 2.823304768799e-06, 6.3985e+01, 1.9149e+00, 
 2DIAGNOSTIC,    24, -4.323237865513e-01, 2.772149903997e-06, 6.5651e+01, 1.6655e+00, 
 2DIAGNOSTIC,    25, -4.323309651185e-01, 2.784997831858e-06, 6.7291e+01, 1.6398e+00, 
 2DIAGNOSTIC,    26, -4.323446190011e-01, 2.995685800783e-06, 6.8947e+01, 1.6564e+00, 
 2DIAGNOSTIC,    27, -4.323649413285e-01, 3.514371538310e-06, 7.0616e+01, 1.6693e+00, 
 2DIAGNOSTIC,    28, -4.323862475730e-01, 4.348328598053e-06, 7.2285e+01, 1.6690e+00, 
 2DIAGNOSTIC,    29, -4.324296433147e-01, 5.908702879462e-06, 7.3956e+01, 1.6711e+00, 
 2DIAGNOSTIC,    30, -4.325229343391e-01, 9.051482783323e-06, 7.6596e+01, 2.6398e+00, 
 2DIAGNOSTIC,    31, -4.325426498386e-01, 1.166839083114e-05, 7.8747e+01, 2.1512e+00, 
 2DIAGNOSTIC,    32, -4.325348105398e-01, 1.294978260297e-05, 8.0396e+01, 1.6490e+00, 
 2DIAGNOSTIC,    33, -4.325643338799e-01, 1.368557897982e-05, 8.2286e+01, 1.8893e+00, 
 2DIAGNOSTIC,    34, -4.325692417061e-01, 1.326975719034e-05, 8.4185e+01, 1.8996e+00, 
 2DIAGNOSTIC,    35, -4.325677974361e-01, 1.178488470387e-05, 8.6597e+01, 2.4118e+00, 
 2DIAGNOSTIC,    36, -4.325673020145e-01, 9.594244629006e-06, 8.9003e+01, 2.4062e+00, 
 2DIAGNOSTIC,    37, -4.325672955445e-01, 7.079953611995e-06, 9.0917e+01, 1.9137e+00, 
 2DIAGNOSTIC,    38, -4.325660271122e-01, 4.446871114481e-06, 9.3064e+01, 2.1470e+00, 
 2DIAGNOSTIC,    39, -4.325657683524e-01, 2.286003466221e-06, 9.9125e+01, 6.0611e+00, 
 2DIAGNOSTIC,    40, -4.325657683524e-01, 1.623171449146e-06, 1.0104e+02, 1.9161e+00, 
 2DIAGNOSTIC,    41, -4.325657683524e-01, 1.240232112440e-06, 1.0344e+02, 2.4024e+00, 
DIAGNOSTIC,Iteration,metricValue,convergenceValue,ITERATION_TIME_INDEX,SINCE_LAST
 2DIAGNOSTIC,     1, -3.847441792416e-01, 1.797693134862e+308, 1.1942e+02, 1.5973e+01, 
 2DIAGNOSTIC,     2, -3.848447407880e-01, 1.797693134862e+308, 1.3213e+02, 1.2715e+01, 
 2DIAGNOSTIC,     3, -3.848832884537e-01, 1.797693134862e+308, 1.4290e+02, 1.0772e+01, 
 2DIAGNOSTIC,     4, -3.849170667838e-01, 1.797693134862e+308, 1.5488e+02, 1.1980e+01, 
 2DIAGNOSTIC,     5, -3.849497801235e-01, 1.797693134862e+308, 1.8748e+02, 3.2597e+01, 
 2DIAGNOSTIC,     6, -3.849501858429e-01, 1.797693134862e+308, 2.0627e+02, 1.8789e+01, 
 2DIAGNOSTIC,     7, -3.849501563446e-01, 1.797693134862e+308, 2.1979e+02, 1.3517e+01, 
 2DIAGNOSTIC,     8, -3.849501786251e-01, 1.797693134862e+308, 2.3333e+02, 1.3543e+01, 
 2DIAGNOSTIC,     9, -3.849501366296e-01, 1.797693134862e+308, 2.4680e+02, 1.3474e+01, 
 2DIAGNOSTIC,    10, -3.849500553554e-01, 2.979459339190e-05, 2.6021e+02, 1.3409e+01, 
 2DIAGNOSTIC,    11, -3.849500944801e-01, 1.544993623670e-05, 2.7363e+02, 1.3415e+01, 
 2DIAGNOSTIC,    12, -3.849500436008e-01, 8.544429213983e-06, 2.8705e+02, 1.3426e+01, 
 2DIAGNOSTIC,    13, -3.849500539106e-01, 4.327056029596e-06, 3.0041e+02, 1.3361e+01, 
 2DIAGNOSTIC,    14, -3.849500373682e-01, 2.272844282003e-06, 3.1289e+02, 1.2480e+01, 
 2DIAGNOSTIC,    15, -3.849499531635e-01, 2.098113609808e-06, 3.2665e+02, 1.3757e+01, 
 2DIAGNOSTIC,    16, -3.849499277745e-01, 1.964980445732e-06, 3.3863e+02, 1.1983e+01, 
 2DIAGNOSTIC,    17, -3.849498827821e-01, 1.846315851324e-06, 3.5753e+02, 1.8898e+01, 
 2DIAGNOSTIC,    18, -3.849498841892e-01, 1.744138262039e-06, 3.7124e+02, 1.3703e+01, 
 2DIAGNOSTIC,    19, -3.849498313754e-01, 1.651240589789e-06, 3.8321e+02, 1.1972e+01, 
 2DIAGNOSTIC,    20, -3.849498033286e-01, 1.565769861565e-06, 3.9865e+02, 1.5444e+01, 
 2DIAGNOSTIC,    21, -3.849498048573e-01, 1.492265201040e-06, 4.1233e+02, 1.3677e+01, 
 2DIAGNOSTIC,    22, -3.849497771966e-01, 1.424838630373e-06, 4.2421e+02, 1.1885e+01, 
 2DIAGNOSTIC,    23, -3.849497499627e-01, 1.364701536978e-06, 4.3621e+02, 1.1994e+01, 
 2DIAGNOSTIC,    24, -3.849497527687e-01, 1.310965760372e-06, 4.4989e+02, 1.3682e+01, 
 2DIAGNOSTIC,    25, -3.849497567452e-01, 1.260522200654e-06, 4.6080e+02, 1.0914e+01, 
 2DIAGNOSTIC,    26, -3.849497406787e-01, 1.213906771935e-06, 4.7446e+02, 1.3656e+01, 
 2DIAGNOSTIC,    27, -3.849497450021e-01, 1.170536218655e-06, 4.8815e+02, 1.3691e+01, 
 2DIAGNOSTIC,    28, -3.849497242065e-01, 1.130514088690e-06, 5.0183e+02, 1.3674e+01, 
 2DIAGNOSTIC,    29, -3.849497152498e-01, 1.092228459329e-06, 5.1725e+02, 1.5421e+01, 
 2DIAGNOSTIC,    30, -3.849497187296e-01, 1.056316807385e-06, 5.3101e+02, 1.3763e+01, 
 2DIAGNOSTIC,    31, -3.849496939394e-01, 1.022556460797e-06, 5.4305e+02, 1.2039e+01, 
  Elapsed time (stage 0): 5.5198e+02


Stage 1
  iterations = 1000x500x250x100
  convergence threshold = 1.0000e-06
  convergence window size = 10
  number of levels = 4
  using the Mattes MI metric (number of bins = 32, weight = 1.0000e+00)
  preprocessing:  winsorizing the image intensities
  preprocessing:  histogram matching the images
  Shrink factors (level 1 out of 4): [8, 8, 8]
  Shrink factors (level 2 out of 4): [4, 4, 4]
  Shrink factors (level 3 out of 4): [2, 2, 2]
  Shrink factors (level 4 out of 4): [1, 1, 1]
  smoothing sigmas per level: [3, 2, 1, 0]
  regular sampling (percentage = 2.5000e-01)

*** Running AffineTransform registration ***

DIAGNOSTIC,Iteration,metricValue,convergenceValue,ITERATION_TIME_INDEX,SINCE_LAST
 2DIAGNOSTIC,     1, -5.859106329664e-01, 1.797693134862e+308, 2.6506e+00, 2.6506e+00, 
 2DIAGNOSTIC,     2, -5.873510649650e-01, 1.797693134862e+308, 2.6857e+00, 3.5072e-02, 
 2DIAGNOSTIC,     3, -5.895012877322e-01, 1.797693134862e+308, 2.7220e+00, 3.6309e-02, 
 2DIAGNOSTIC,     4, -5.932956646100e-01, 1.797693134862e+308, 2.7583e+00, 3.6339e-02, 
 2DIAGNOSTIC,     5, -5.991652085444e-01, 1.797693134862e+308, 2.7951e+00, 3.6803e-02, 
 2DIAGNOSTIC,     6, -6.094477590183e-01, 1.797693134862e+308, 2.8293e+00, 3.4214e-02, 
 2DIAGNOSTIC,     7, -6.217484621708e-01, 1.797693134862e+308, 2.8646e+00, 3.5270e-02, 
 2DIAGNOSTIC,     8, -6.366566192660e-01, 1.797693134862e+308, 2.9042e+00, 3.9568e-02, 
 2DIAGNOSTIC,     9, -6.393545274934e-01, 1.797693134862e+308, 2.9694e+00, 6.5255e-02, 
 2DIAGNOSTIC,    10, -6.392308224113e-01, 6.842970148977e-03, 3.0055e+00, 3.6110e-02, 
 2DIAGNOSTIC,    11, -6.399860499101e-01, 6.240201895950e-03, 3.0414e+00, 3.5885e-02, 
 2DIAGNOSTIC,    12, -6.408128001300e-01, 5.263695999653e-03, 3.0758e+00, 3.4416e-02, 
 2DIAGNOSTIC,    13, -6.413115295119e-01, 4.056360256149e-03, 3.1096e+00, 3.3758e-02, 
 2DIAGNOSTIC,    14, -6.418137437719e-01, 2.803394175400e-03, 3.1498e+00, 4.0187e-02, 
 2DIAGNOSTIC,    15, -6.426938617291e-01, 1.676859707326e-03, 3.1903e+00, 4.0483e-02, 
 2DIAGNOSTIC,    16, -6.427842399558e-01, 8.344298908815e-04, 3.2431e+00, 5.2861e-02, 
 2DIAGNOSTIC,    17, -6.427943912609e-01, 3.373058697103e-04, 3.2872e+00, 4.4052e-02, 
 2DIAGNOSTIC,    18, -6.427826001508e-01, 2.412666759659e-04, 3.3273e+00, 4.0077e-02, 
 2DIAGNOSTIC,    19, -6.427716620994e-01, 1.980960411160e-04, 3.3640e+00, 3.6731e-02, 
 2DIAGNOSTIC,    20, -6.427445413415e-01, 1.372514361927e-04, 3.4053e+00, 4.1301e-02, 
 2DIAGNOSTIC,    21, -6.427563260255e-01, 8.598800064314e-05, 3.4541e+00, 4.8826e-02, 
 2DIAGNOSTIC,    22, -6.427391763451e-01, 4.838599034607e-05, 3.4945e+00, 4.0389e-02, 
 2DIAGNOSTIC,    23, -6.427219659220e-01, 1.917771004249e-05, 3.5355e+00, 4.0953e-02, 
DIAGNOSTIC,Iteration,metricValue,convergenceValue,ITERATION_TIME_INDEX,SINCE_LAST
 2DIAGNOSTIC,     1, -5.631779484535e-01, 1.797693134862e+308, 6.5960e+00, 3.0606e+00, 
 2DIAGNOSTIC,     2, -5.637351871903e-01, 1.797693134862e+308, 6.8909e+00, 2.9493e-01, 
 2DIAGNOSTIC,     3, -5.641620188986e-01, 1.797693134862e+308, 7.1476e+00, 2.5664e-01, 
 2DIAGNOSTIC,     4, -5.643527336120e-01, 1.797693134862e+308, 7.4091e+00, 2.6153e-01, 
 2DIAGNOSTIC,     5, -5.646508826582e-01, 1.797693134862e+308, 7.6614e+00, 2.5231e-01, 
 2DIAGNOSTIC,     6, -5.650224034241e-01, 1.797693134862e+308, 7.9867e+00, 3.2531e-01, 
 2DIAGNOSTIC,     7, -5.654077102210e-01, 1.797693134862e+308, 8.3094e+00, 3.2271e-01, 
 2DIAGNOSTIC,     8, -5.653896197304e-01, 1.797693134862e+308, 8.7009e+00, 3.9149e-01, 
 2DIAGNOSTIC,     9, -5.653888590996e-01, 1.797693134862e+308, 9.0190e+00, 3.1810e-01, 
 2DIAGNOSTIC,    10, -5.653860054956e-01, 2.582906343070e-04, 9.3331e+00, 3.1411e-01, 
 2DIAGNOSTIC,    11, -5.653969524573e-01, 1.798170608300e-04, 9.6194e+00, 2.8626e-01, 
 2DIAGNOSTIC,    12, -5.653938512154e-01, 1.212558545857e-04, 9.8758e+00, 2.5636e-01, 
 2DIAGNOSTIC,    13, -5.654429671178e-01, 7.955098387880e-05, 1.0131e+01, 2.5547e-01, 
 2DIAGNOSTIC,    14, -5.655151080618e-01, 4.629080297333e-05, 1.0386e+01, 2.5518e-01, 
 2DIAGNOSTIC,    15, -5.655859861952e-01, 2.556622832996e-05, 1.0640e+01, 2.5315e-01, 
 2DIAGNOSTIC,    16, -5.656907889916e-01, 1.988989054780e-05, 1.0932e+01, 2.9264e-01, 
 2DIAGNOSTIC,    17, -5.659019690474e-01, 3.086262613553e-05, 1.1181e+01, 2.4856e-01, 
 2DIAGNOSTIC,    18, -5.659996129426e-01, 4.003198031107e-05, 1.1470e+01, 2.8947e-01, 
 2DIAGNOSTIC,    19, -5.660725042581e-01, 4.659689912305e-05, 1.1761e+01, 2.9101e-01, 
 2DIAGNOSTIC,    20, -5.660855844697e-01, 4.861571366021e-05, 1.2057e+01, 2.9541e-01, 
 2DIAGNOSTIC,    21, -5.660851814685e-01, 4.634114232122e-05, 1.2342e+01, 2.8491e-01, 
 2DIAGNOSTIC,    22, -5.660926945200e-01, 4.013585946785e-05, 1.2596e+01, 2.5434e-01, 
 2DIAGNOSTIC,    23, -5.660833920527e-01, 3.167304837558e-05, 1.2851e+01, 2.5515e-01, 
 2DIAGNOSTIC,    24, -5.661156939638e-01, 2.329394614091e-05, 1.3101e+01, 2.5015e-01, 
 2DIAGNOSTIC,    25, -5.661954238129e-01, 1.654619338576e-05, 1.3389e+01, 2.8808e-01, 
 2DIAGNOSTIC,    26, -5.662179395137e-01, 1.123117170305e-05, 1.3678e+01, 2.8850e-01, 
 2DIAGNOSTIC,    27, -5.663474691952e-01, 1.169271571426e-05, 1.4076e+01, 3.9803e-01, 
 2DIAGNOSTIC,    28, -5.662577040000e-01, 1.119827719712e-05, 1.4365e+01, 2.8898e-01, 
 2DIAGNOSTIC,    29, -5.662510389618e-01, 1.099500674170e-05, 1.4617e+01, 2.5238e-01, 
 2DIAGNOSTIC,    30, -5.662452567617e-01, 9.985477025978e-06, 1.4909e+01, 2.9148e-01, 
 2DIAGNOSTIC,    31, -5.662556273796e-01, 8.320006635788e-06, 1.5161e+01, 2.5203e-01, 
 2DIAGNOSTIC,    32, -5.662692852330e-01, 6.393149076626e-06, 1.5450e+01, 2.8949e-01, 
 2DIAGNOSTIC,    33, -5.662809125896e-01, 4.123287422782e-06, 1.5740e+01, 2.8990e-01, 
 2DIAGNOSTIC,    34, -5.662841121673e-01, 2.220384862445e-06, 1.6055e+01, 3.1470e-01, 
 2DIAGNOSTIC,    35, -5.662916954921e-01, 1.555078174217e-06, 1.6357e+01, 3.0273e-01, 
DIAGNOSTIC,Iteration,metricValue,convergenceValue,ITERATION_TIME_INDEX,SINCE_LAST
 2DIAGNOSTIC,     1, -4.835584787719e-01, 1.797693134862e+308, 2.1483e+01, 5.1254e+00, 
 2DIAGNOSTIC,     2, -4.840623022157e-01, 1.797693134862e+308, 2.3383e+01, 1.8999e+00, 
 2DIAGNOSTIC,     3, -4.845041309422e-01, 1.797693134862e+308, 2.5294e+01, 1.9108e+00, 
 2DIAGNOSTIC,     4, -4.847349413375e-01, 1.797693134862e+308, 2.7196e+01, 1.9030e+00, 
 2DIAGNOSTIC,     5, -4.848631630840e-01, 1.797693134862e+308, 2.9080e+01, 1.8830e+00, 
 2DIAGNOSTIC,     6, -4.850179638909e-01, 1.797693134862e+308, 3.1232e+01, 2.1523e+00, 
 2DIAGNOSTIC,     7, -4.850878522566e-01, 1.797693134862e+308, 3.3384e+01, 2.1523e+00, 
 2DIAGNOSTIC,     8, -4.851188964313e-01, 1.797693134862e+308, 3.6058e+01, 2.6734e+00, 
 2DIAGNOSTIC,     9, -4.851375977384e-01, 1.797693134862e+308, 3.7959e+01, 1.9009e+00, 
 2DIAGNOSTIC,    10, -4.851555475294e-01, 1.883698500652e-04, 3.9847e+01, 1.8885e+00, 
 2DIAGNOSTIC,    11, -4.851708284680e-01, 1.143533295030e-04, 4.2233e+01, 2.3859e+00, 
 2DIAGNOSTIC,    12, -4.851812411430e-01, 6.734283784311e-05, 4.4386e+01, 2.1529e+00, 
 2DIAGNOSTIC,    13, -4.851774349333e-01, 4.133566568411e-05, 4.6547e+01, 2.1609e+00, 
 2DIAGNOSTIC,    14, -4.851846156591e-01, 2.545026175030e-05, 4.8673e+01, 2.1265e+00, 
 2DIAGNOSTIC,    15, -4.851896802483e-01, 1.463605803792e-05, 5.1208e+01, 2.5344e+00, 
 2DIAGNOSTIC,    16, -4.851857715056e-01, 9.488262858390e-06, 5.3047e+01, 1.8397e+00, 
 2DIAGNOSTIC,    17, -4.851830556203e-01, 6.561616657151e-06, 5.5454e+01, 2.4062e+00, 
 2DIAGNOSTIC,    18, -4.851829724722e-01, 4.536549339317e-06, 5.7508e+01, 2.0540e+00, 
 2DIAGNOSTIC,    19, -4.851830774683e-01, 3.036578475300e-06, 5.9395e+01, 1.8873e+00, 
 2DIAGNOSTIC,    20, -4.851832303615e-01, 2.075360500509e-06, 6.1537e+01, 2.1420e+00, 
 2DIAGNOSTIC,    21, -4.851817665523e-01, 1.541348682826e-06, 6.3684e+01, 2.1473e+00, 
 2DIAGNOSTIC,    22, -4.851816447289e-01, 1.337856042845e-06, 6.5841e+01, 2.1568e+00, 
 2DIAGNOSTIC,    23, -4.851816299007e-01, 1.059549118533e-06, 6.7745e+01, 1.9040e+00, 
DIAGNOSTIC,Iteration,metricValue,convergenceValue,ITERATION_TIME_INDEX,SINCE_LAST
 2DIAGNOSTIC,     1, -4.309087219911e-01, 1.797693134862e+308, 8.5418e+01, 1.7673e+01, 
 2DIAGNOSTIC,     2, -4.313439766509e-01, 1.797693134862e+308, 9.8338e+01, 1.2920e+01, 
 2DIAGNOSTIC,     3, -4.317328214080e-01, 1.797693134862e+308, 1.1126e+02, 1.2924e+01, 
 2DIAGNOSTIC,     4, -4.319213669263e-01, 1.797693134862e+308, 1.2416e+02, 1.2897e+01, 
 2DIAGNOSTIC,     5, -4.320357311407e-01, 1.797693134862e+308, 1.3713e+02, 1.2974e+01, 
 2DIAGNOSTIC,     6, -4.322984626986e-01, 1.797693134862e+308, 1.5182e+02, 1.4692e+01, 
 2DIAGNOSTIC,     7, -4.323788409349e-01, 1.797693134862e+308, 1.6650e+02, 1.4675e+01, 
 2DIAGNOSTIC,     8, -4.324124384652e-01, 1.797693134862e+308, 1.8628e+02, 1.9782e+01, 
 2DIAGNOSTIC,     9, -4.324165774567e-01, 1.797693134862e+308, 1.9923e+02, 1.2946e+01, 
 2DIAGNOSTIC,    10, -4.324274181473e-01, 2.130471860375e-04, 2.1390e+02, 1.4677e+01, 
 2DIAGNOSTIC,    11, -4.324330758116e-01, 1.364205154409e-04, 2.2569e+02, 1.1784e+01, 
 2DIAGNOSTIC,    12, -4.324437210690e-01, 8.452908728515e-05, 2.3845e+02, 1.2761e+01, 
 2DIAGNOSTIC,    13, -4.324605625099e-01, 5.372662694332e-05, 2.5128e+02, 1.2834e+01, 
 2DIAGNOSTIC,    14, -4.324716764007e-01, 3.208354044307e-05, 2.6413e+02, 1.2843e+01, 
 2DIAGNOSTIC,    15, -4.324945510282e-01, 1.635330324523e-05, 2.8378e+02, 1.9653e+01, 
 2DIAGNOSTIC,    16, -4.324941068649e-01, 1.197388944321e-05, 3.0517e+02, 2.1391e+01, 
 2DIAGNOSTIC,    17, -4.324935363622e-01, 1.025757254148e-05, 3.2318e+02, 1.8009e+01, 
 2DIAGNOSTIC,    18, -4.324935106169e-01, 9.188417640076e-06, 3.4123e+02, 1.8048e+01, 
 2DIAGNOSTIC,    19, -4.324935302632e-01, 7.673719812730e-06, 3.5581e+02, 1.4583e+01, 
 2DIAGNOSTIC,    20, -4.324935262047e-01, 6.103055765115e-06, 3.7036e+02, 1.4556e+01, 
 2DIAGNOSTIC,    21, -4.324934140452e-01, 4.435502570323e-06, 3.8491e+02, 1.4545e+01, 
 2DIAGNOSTIC,    22, -4.324934368531e-01, 2.967006163271e-06, 3.9928e+02, 1.4372e+01, 
 2DIAGNOSTIC,    23, -4.324934296517e-01, 1.963842113539e-06, 4.1333e+02, 1.4050e+01, 
 2DIAGNOSTIC,    24, -4.324933915482e-01, 1.274943995280e-06, 4.2791e+02, 1.4581e+01, 
 2DIAGNOSTIC,    25, -4.324933750205e-01, 1.247309202722e-06, 4.4247e+02, 1.4560e+01, 
 2DIAGNOSTIC,    26, -4.324933567319e-01, 1.212982127526e-06, 4.5704e+02, 1.4566e+01, 
 2DIAGNOSTIC,    27, -4.324933569115e-01, 1.168368585790e-06, 4.6993e+02, 1.2895e+01, 
 2DIAGNOSTIC,    28, -4.324933443876e-01, 1.126951657007e-06, 4.8625e+02, 1.6316e+01, 
 2DIAGNOSTIC,    29, -4.324932945618e-01, 1.088613845963e-06, 5.0067e+02, 1.4421e+01, 
 2DIAGNOSTIC,    30, -4.324932722071e-01, 1.053192887304e-06, 5.1339e+02, 1.2717e+01, 
 2DIAGNOSTIC,    31, -4.324932508133e-01, 1.017917361283e-06, 5.2762e+02, 1.4229e+01, 
  Elapsed time (stage 1): 5.3736e+02


Total elapsed time: 1.0893e+03

--------------------------------------------------------------------------------------
 Mapping parameters
--------------------------------------------------------------------------------------
 ANTSPATH is /usr/local/software/spack/spack-git/opt/spack/linux-rhel7-broadwell/gcc-5/ants-2.3.4-lj6vm7ccmij4yywr4ynrttcko4aoflqt/bin

 Dimensionality:           3
 Output name prefix:       T1xT2_ANTs
 Fixed images:             /home/ccn30/rds/rds-p00500_encrypt-URQgmO1brZ0/p00500/ENCRYPT_images/32329/T2/N4t2.nii
 Moving images:            /home/ccn30/rds/rds-p00500_encrypt-URQgmO1brZ0/p00500/ENCRYPT_images/32329/mp2rage/n4mag0000_PSIR_skulled_std.nii
 Mask images:              
 Initial transforms:       
 Number of threads:        1
 Spline distance:          26
 Transform type:           a
 MI histogram bins:        32
 Precision:                d
 Use histogram matching    0
======================================================================================
 antsRegistration call:
--------------------------------------------------------------------------------------
/usr/local/software/spack/spack-git/opt/spack/linux-rhel7-broadwell/gcc-5/ants-2.3.4-lj6vm7ccmij4yywr4ynrttcko4aoflqt/bin/antsRegistration --verbose 1 --dimensionality 3 --float 0 --collapse-output-transforms 1 --output [ T1xT2_ANTs,T1xT2_ANTsWarped.nii.gz,T1xT2_ANTsInverseWarped.nii.gz ] --interpolation Linear --use-histogram-matching 0 --winsorize-image-intensities [ 0.005,0.995 ] --initial-moving-transform [ /home/ccn30/rds/rds-p00500_encrypt-URQgmO1brZ0/p00500/ENCRYPT_images/32329/T2/N4t2.nii,/home/ccn30/rds/rds-p00500_encrypt-URQgmO1brZ0/p00500/ENCRYPT_images/32329/mp2rage/n4mag0000_PSIR_skulled_std.nii,1 ] --transform Rigid[ 0.1 ] --metric MI[ /home/ccn30/rds/rds-p00500_encrypt-URQgmO1brZ0/p00500/ENCRYPT_images/32329/T2/N4t2.nii,/home/ccn30/rds/rds-p00500_encrypt-URQgmO1brZ0/p00500/ENCRYPT_images/32329/mp2rage/n4mag0000_PSIR_skulled_std.nii,1,32,Regular,0.25 ] --convergence [ 1000x500x250x0,1e-6,10 ] --shrink-factors 12x8x4x2 --smoothing-sigmas 4x3x2x1vox --transform Affine[ 0.1 ] --metric MI[ /home/ccn30/rds/rds-p00500_encrypt-URQgmO1brZ0/p00500/ENCRYPT_images/32329/T2/N4t2.nii,/home/ccn30/rds/rds-p00500_encrypt-URQgmO1brZ0/p00500/ENCRYPT_images/32329/mp2rage/n4mag0000_PSIR_skulled_std.nii,1,32,Regular,0.25 ] --convergence [ 1000x500x250x0,1e-6,10 ] --shrink-factors 12x8x4x2 --smoothing-sigmas 4x3x2x1vox
--------------------------------------------------------------------------------------
All_Command_lines_OK
Using double precision for computations.
=============================================================================
The composite transform comprises the following transforms (in order): 
  1. Center of mass alignment using fixed image: /home/ccn30/rds/rds-p00500_encrypt-URQgmO1brZ0/p00500/ENCRYPT_images/32329/T2/N4t2.nii and moving image: /home/ccn30/rds/rds-p00500_encrypt-URQgmO1brZ0/p00500/ENCRYPT_images/32329/mp2rage/n4mag0000_PSIR_skulled_std.nii (type = Euler3DTransform)
=============================================================================
  number of levels = 4
  number of levels = 4
  fixed image: /home/ccn30/rds/rds-p00500_encrypt-URQgmO1brZ0/p00500/ENCRYPT_images/32329/T2/N4t2.nii
  moving image: /home/ccn30/rds/rds-p00500_encrypt-URQgmO1brZ0/p00500/ENCRYPT_images/32329/mp2rage/n4mag0000_PSIR_skulled_std.nii
  fixed image: /home/ccn30/rds/rds-p00500_encrypt-URQgmO1brZ0/p00500/ENCRYPT_images/32329/T2/N4t2.nii
  moving image: /home/ccn30/rds/rds-p00500_encrypt-URQgmO1brZ0/p00500/ENCRYPT_images/32329/mp2rage/n4mag0000_PSIR_skulled_std.nii
Dimension = 3
Number of stages = 2
Use Histogram Matching false
Winsorize image intensities true
Lower quantile = 0.005
Upper quantile = 0.995
Stage 1 State
   Image metric = Mattes
     Fixed image = Image (0x459db30)
  RTTI typeinfo:   itk::Image<double, 3u>
  Reference Count: 2
  Modified Time: 1709
  Debug: Off
  Object Name: 
  Observers: 
    none
  Source: (none)
  Source output name: (none)
  Release Data: Off
  Data Released: False
  Global Release Data: Off
  PipelineMTime: 0
  UpdateMTime: 1492
  RealTimeStamp: 0 seconds 
  LargestPossibleRegion: 
    Dimension: 3
    Index: [0, 0, 0]
    Size: [512, 512, 54]
  BufferedRegion: 
    Dimension: 3
    Index: [0, 0, 0]
    Size: [512, 512, 54]
  RequestedRegion: 
    Dimension: 3
    Index: [0, 0, 0]
    Size: [512, 512, 54]
  Spacing: [0.4375, 0.4375, 1.1]
  Origin: [-111.933, -9.85556, -133.961]
  Direction: 
1 0.000124477 -8.63529e-05
0.000124477 -0.350204 0.936674
-8.63529e-05 0.936674 0.350204

  IndexToPointMatrix: 
0.4375 5.44585e-05 -9.49882e-05
5.44585e-05 -0.153214 1.03034
-3.77794e-05 0.409795 0.385224

  PointToIndexMatrix: 
2.28571 0.000284518 -0.000197378
0.000284518 -0.800466 2.14097
-7.85026e-05 0.851521 0.318367

  Inverse Direction: 
1 0.000124477 -8.63529e-05
0.000124477 -0.350204 0.936674
-8.63529e-05 0.936674 0.350204

  PixelContainer: 
    ImportImageContainer (0x459a780)
      RTTI typeinfo:   itk::ImportImageContainer<unsigned long, double>
      Reference Count: 1
      Modified Time: 1489
      Debug: Off
      Object Name: 
      Observers: 
        none
      Pointer: 0x2af3a22ef010
      Container manages memory: true
      Size: 14155776
      Capacity: 14155776

     Moving image = Image (0x459c290)
  RTTI typeinfo:   itk::Image<double, 3u>
  Reference Count: 2
  Modified Time: 1710
  Debug: Off
  Object Name: 
  Observers: 
    none
  Source: (none)
  Source output name: (none)
  Release Data: Off
  Data Released: False
  Global Release Data: Off
  PipelineMTime: 0
  UpdateMTime: 1707
  RealTimeStamp: 0 seconds 
  LargestPossibleRegion: 
    Dimension: 3
    Index: [0, 0, 0]
    Size: [224, 320, 320]
  BufferedRegion: 
    Dimension: 3
    Index: [0, 0, 0]
    Size: [224, 320, 320]
  RequestedRegion: 
    Dimension: 3
    Index: [0, 0, 0]
    Size: [224, 320, 320]
  Spacing: [0.7, 0.7, 0.7]
  Origin: [-78.0626, 75.9504, -117.43]
  Direction: 
1 0 0
0 -1 0
0 0 1

  IndexToPointMatrix: 
0.7 0 0
0 -0.7 0
0 0 0.7

  PointToIndexMatrix: 
1.42857 0 0
0 -1.42857 0
0 0 1.42857

  Inverse Direction: 
1 0 0
0 -1 0
0 0 1

  PixelContainer: 
    ImportImageContainer (0x459ab80)
      RTTI typeinfo:   itk::ImportImageContainer<unsigned long, double>
      Reference Count: 1
      Modified Time: 1704
      Debug: Off
      Object Name: 
      Observers: 
        none
      Pointer: 0x2af3a8ef0010
      Container manages memory: true
      Size: 22937600
      Capacity: 22937600

     Weighting = 1
     Sampling strategy = regular
     Number of bins = 32
     Radius = 4
     Sampling percentage  = 0.25
   Transform = Rigid
     Gradient step = 0.1
     Update field sigma (voxel space) = 0
     Total field sigma (voxel space) = 0
     Update field time sigma = 0
     Total field time sigma  = 0
     Number of time indices = 0
     Number of time point samples = 0
Stage 2 State
   Image metric = Mattes
     Fixed image = Image (0x45af350)
  RTTI typeinfo:   itk::Image<double, 3u>
  Reference Count: 2
  Modified Time: 2141
  Debug: Off
  Object Name: 
  Observers: 
    none
  Source: (none)
  Source output name: (none)
  Release Data: Off
  Data Released: False
  Global Release Data: Off
  PipelineMTime: 0
  UpdateMTime: 1924
  RealTimeStamp: 0 seconds 
  LargestPossibleRegion: 
    Dimension: 3
    Index: [0, 0, 0]
    Size: [512, 512, 54]
  BufferedRegion: 
    Dimension: 3
    Index: [0, 0, 0]
    Size: [512, 512, 54]
  RequestedRegion: 
    Dimension: 3
    Index: [0, 0, 0]
    Size: [512, 512, 54]
  Spacing: [0.4375, 0.4375, 1.1]
  Origin: [-111.933, -9.85556, -133.961]
  Direction: 
1 0.000124477 -8.63529e-05
0.000124477 -0.350204 0.936674
-8.63529e-05 0.936674 0.350204

  IndexToPointMatrix: 
0.4375 5.44585e-05 -9.49882e-05
5.44585e-05 -0.153214 1.03034
-3.77794e-05 0.409795 0.385224

  PointToIndexMatrix: 
2.28571 0.000284518 -0.000197378
0.000284518 -0.800466 2.14097
-7.85026e-05 0.851521 0.318367

  Inverse Direction: 
1 0.000124477 -8.63529e-05
0.000124477 -0.350204 0.936674
-8.63529e-05 0.936674 0.350204

  PixelContainer: 
    ImportImageContainer (0x45a9cc0)
      RTTI typeinfo:   itk::ImportImageContainer<unsigned long, double>
      Reference Count: 1
      Modified Time: 1921
      Debug: Off
      Object Name: 
      Observers: 
        none
      Pointer: 0x2af3b3df1010
      Container manages memory: true
      Size: 14155776
      Capacity: 14155776

     Moving image = Image (0x45b3ea0)
  RTTI typeinfo:   itk::Image<double, 3u>
  Reference Count: 2
  Modified Time: 2142
  Debug: Off
  Object Name: 
  Observers: 
    none
  Source: (none)
  Source output name: (none)
  Release Data: Off
  Data Released: False
  Global Release Data: Off
  PipelineMTime: 0
  UpdateMTime: 2139
  RealTimeStamp: 0 seconds 
  LargestPossibleRegion: 
    Dimension: 3
    Index: [0, 0, 0]
    Size: [224, 320, 320]
  BufferedRegion: 
    Dimension: 3
    Index: [0, 0, 0]
    Size: [224, 320, 320]
  RequestedRegion: 
    Dimension: 3
    Index: [0, 0, 0]
    Size: [224, 320, 320]
  Spacing: [0.7, 0.7, 0.7]
  Origin: [-78.0626, 75.9504, -117.43]
  Direction: 
1 0 0
0 -1 0
0 0 1

  IndexToPointMatrix: 
0.7 0 0
0 -0.7 0
0 0 0.7

  PointToIndexMatrix: 
1.42857 0 0
0 -1.42857 0
0 0 1.42857

  Inverse Direction: 
1 0 0
0 -1 0
0 0 1

  PixelContainer: 
    ImportImageContainer (0x45a03d0)
      RTTI typeinfo:   itk::ImportImageContainer<unsigned long, double>
      Reference Count: 1
      Modified Time: 2136
      Debug: Off
      Object Name: 
      Observers: 
        none
      Pointer: 0x2af3ba9f2010
      Container manages memory: true
      Size: 22937600
      Capacity: 22937600

     Weighting = 1
     Sampling strategy = regular
     Number of bins = 32
     Radius = 4
     Sampling percentage  = 0.25
   Transform = Affine
     Gradient step = 0.1
     Update field sigma (voxel space) = 0
     Total field sigma (voxel space) = 0
     Update field time sigma = 0
     Total field time sigma  = 0
     Number of time indices = 0
     Number of time point samples = 0
Registration using 2 total stages.

Stage 0
  iterations = 1000x500x250x0
  convergence threshold = 1e-06
  convergence window size = 10
  number of levels = 4
  using the Mattes MI metric (number of bins = 32, weight = 1)
  preprocessing:  winsorizing the image intensities
  Shrink factors (level 1 out of 4): [12, 12, 5]
  Shrink factors (level 2 out of 4): [8, 8, 3]
  Shrink factors (level 3 out of 4): [4, 4, 2]
  Shrink factors (level 4 out of 4): [2, 2, 1]
  smoothing sigmas per level: [4, 3, 2, 1]
  regular sampling (percentage = 0.25)

*** Running Euler3DTransform registration ***

DIAGNOSTIC,Iteration,metricValue,convergenceValue,ITERATION_TIME_INDEX,SINCE_LAST
 2DIAGNOSTIC,     1, -3.553513646951e-01, 1.797693134862e+308, 3.8617e+00, 3.8617e+00, 
 2DIAGNOSTIC,     2, -3.591133860994e-01, 1.797693134862e+308, 3.8708e+00, 9.0551e-03, 
 2DIAGNOSTIC,     3, -3.608743217997e-01, 1.797693134862e+308, 3.8805e+00, 9.6760e-03, 
 2DIAGNOSTIC,     4, -3.632637370498e-01, 1.797693134862e+308, 3.8908e+00, 1.0330e-02, 
 2DIAGNOSTIC,     5, -3.660729785242e-01, 1.797693134862e+308, 3.9009e+00, 1.0096e-02, 
 2DIAGNOSTIC,     6, -3.748394147481e-01, 1.797693134862e+308, 3.9093e+00, 8.4291e-03, 
 2DIAGNOSTIC,     7, -3.875999687124e-01, 1.797693134862e+308, 3.9176e+00, 8.2450e-03, 
 2DIAGNOSTIC,     8, -4.086260782754e-01, 1.797693134862e+308, 3.9277e+00, 1.0133e-02, 
 2DIAGNOSTIC,     9, -4.240028315656e-01, 1.797693134862e+308, 3.9394e+00, 1.1737e-02, 
 2DIAGNOSTIC,    10, -4.338667206334e-01, 1.346189268693e-02, 3.9531e+00, 1.3685e-02, 
 2DIAGNOSTIC,    11, -4.430532316579e-01, 1.411323619817e-02, 3.9617e+00, 8.5311e-03, 
 2DIAGNOSTIC,    12, -4.486109678896e-01, 1.392464553404e-02, 3.9719e+00, 1.0266e-02, 
 2DIAGNOSTIC,    13, -4.494134114621e-01, 1.265075936362e-02, 3.9846e+00, 1.2700e-02, 
 2DIAGNOSTIC,    14, -4.500164923682e-01, 1.059483883138e-02, 3.9970e+00, 1.2360e-02, 
 2DIAGNOSTIC,    15, -4.505934938726e-01, 8.045108843324e-03, 4.0079e+00, 1.0880e-02, 
 2DIAGNOSTIC,    16, -4.508415720761e-01, 5.504399353261e-03, 4.0163e+00, 8.3859e-03, 
 2DIAGNOSTIC,    17, -4.511835563440e-01, 3.306784475413e-03, 4.0256e+00, 9.3360e-03, 
 2DIAGNOSTIC,    18, -4.514424714755e-01, 1.878895485124e-03, 4.0396e+00, 1.4005e-02, 
 2DIAGNOSTIC,    19, -4.519804106924e-01, 1.011980912908e-03, 4.0522e+00, 1.2596e-02, 
 2DIAGNOSTIC,    20, -4.521103808326e-01, 4.795993720959e-04, 4.0608e+00, 8.5871e-03, 
 2DIAGNOSTIC,    21, -4.521389561775e-01, 2.512549982116e-04, 4.0701e+00, 9.2731e-03, 
 2DIAGNOSTIC,    22, -4.523477885764e-01, 1.993275725878e-04, 4.0809e+00, 1.0890e-02, 
 2DIAGNOSTIC,    23, -4.520621316965e-01, 1.484565419476e-04, 4.0934e+00, 1.2426e-02, 
 2DIAGNOSTIC,    24, -4.522836342866e-01, 1.112849592728e-04, 4.1059e+00, 1.2512e-02, 
 2DIAGNOSTIC,    25, -4.525249672446e-01, 8.869724922180e-05, 4.1145e+00, 8.5881e-03, 
 2DIAGNOSTIC,    26, -4.524562424058e-01, 6.416167910672e-05, 4.1227e+00, 8.2691e-03, 
 2DIAGNOSTIC,    27, -4.525021296558e-01, 4.541234414571e-05, 4.1349e+00, 1.2135e-02, 
 2DIAGNOSTIC,    28, -4.525862371952e-01, 3.188360075967e-05, 4.1474e+00, 1.2497e-02, 
 2DIAGNOSTIC,    29, -4.526707724767e-01, 3.056324465307e-05, 4.1587e+00, 1.1317e-02, 
 2DIAGNOSTIC,    30, -4.527959744780e-01, 3.201871738067e-05, 4.1671e+00, 8.4212e-03, 
 2DIAGNOSTIC,    31, -4.527660531587e-01, 3.027890566996e-05, 4.1754e+00, 8.3311e-03, 
 2DIAGNOSTIC,    32, -4.531879882086e-01, 3.928152864646e-05, 4.1939e+00, 1.8492e-02, 
 2DIAGNOSTIC,    33, -4.532523845138e-01, 3.932880387570e-05, 4.2030e+00, 9.0730e-03, 
 2DIAGNOSTIC,    34, -4.531523784019e-01, 3.797016095428e-05, 4.2114e+00, 8.4178e-03, 
 2DIAGNOSTIC,    35, -4.530338605189e-01, 3.571917099862e-05, 4.2198e+00, 8.3399e-03, 
 2DIAGNOSTIC,    36, -4.530521817950e-01, 2.942788924150e-05, 4.2288e+00, 9.0470e-03, 
 2DIAGNOSTIC,    37, -4.532513495218e-01, 2.494729950885e-05, 4.2419e+00, 1.3127e-02, 
 2DIAGNOSTIC,    38, -4.531758221960e-01, 1.838216189633e-05, 4.2574e+00, 1.5497e-02, 
 2DIAGNOSTIC,    39, -4.533004520781e-01, 1.417417388680e-05, 4.2658e+00, 8.4071e-03, 
 2DIAGNOSTIC,    40, -4.533031403393e-01, 1.113865317409e-05, 4.2741e+00, 8.2698e-03, 
 2DIAGNOSTIC,    41, -4.533084930039e-01, 6.670124669515e-06, 4.2877e+00, 1.3560e-02, 
 2DIAGNOSTIC,    42, -4.533226316643e-01, 8.541466560468e-06, 4.2984e+00, 1.0779e-02, 
 2DIAGNOSTIC,    43, -4.533333396100e-01, 1.074344259456e-05, 4.3092e+00, 1.0720e-02, 
 2DIAGNOSTIC,    44, -4.531469202445e-01, 7.723515547901e-06, 4.3186e+00, 9.4581e-03, 
 2DIAGNOSTIC,    45, -4.531832473522e-01, 3.071896774381e-06, 4.3351e+00, 1.6436e-02, 
DIAGNOSTIC,Iteration,metricValue,convergenceValue,ITERATION_TIME_INDEX,SINCE_LAST
 2DIAGNOSTIC,     1, -3.785135493944e-01, 1.797693134862e+308, 8.3231e+00, 3.9880e+00, 
 2DIAGNOSTIC,     2, -3.806304125092e-01, 1.797693134862e+308, 8.3773e+00, 5.4155e-02, 
 2DIAGNOSTIC,     3, -3.822590420260e-01, 1.797693134862e+308, 8.4319e+00, 5.4632e-02, 
 2DIAGNOSTIC,     4, -3.831212516088e-01, 1.797693134862e+308, 8.4871e+00, 5.5242e-02, 
 2DIAGNOSTIC,     5, -3.836264859875e-01, 1.797693134862e+308, 8.5430e+00, 5.5840e-02, 
 2DIAGNOSTIC,     6, -3.841736079482e-01, 1.797693134862e+308, 8.5988e+00, 5.5822e-02, 
 2DIAGNOSTIC,     7, -3.872578982187e-01, 1.797693134862e+308, 8.6788e+00, 8.0062e-02, 
 2DIAGNOSTIC,     8, -3.874754435840e-01, 1.797693134862e+308, 8.7342e+00, 5.5373e-02, 
 2DIAGNOSTIC,     9, -3.875780246364e-01, 1.797693134862e+308, 8.7903e+00, 5.6122e-02, 
 2DIAGNOSTIC,    10, -3.877794315047e-01, 1.557905432810e-03, 8.8525e+00, 6.2111e-02, 
 2DIAGNOSTIC,    11, -3.881377348043e-01, 1.196402003511e-03, 8.9357e+00, 8.3203e-02, 
 2DIAGNOSTIC,    12, -3.881856852875e-01, 9.164452618366e-04, 8.9981e+00, 6.2448e-02, 
 2DIAGNOSTIC,    13, -3.881484387033e-01, 6.866984473090e-04, 9.0526e+00, 5.4464e-02, 
 2DIAGNOSTIC,    14, -3.881596472372e-01, 4.763619606377e-04, 9.1076e+00, 5.4980e-02, 
 2DIAGNOSTIC,    15, -3.881786667698e-01, 2.777435364901e-04, 9.1603e+00, 5.2787e-02, 
 2DIAGNOSTIC,    16, -3.881948920289e-01, 1.005473604816e-04, 9.2121e+00, 5.1781e-02, 
 2DIAGNOSTIC,    17, -3.882045116135e-01, 6.914174864669e-05, 9.2847e+00, 7.2613e-02, 
 2DIAGNOSTIC,    18, -3.881385565196e-01, 4.147987223234e-05, 9.3391e+00, 5.4327e-02, 
 2DIAGNOSTIC,    19, -3.881456713364e-01, 1.737397621410e-05, 9.4075e+00, 6.8460e-02, 
 2DIAGNOSTIC,    20, -3.881807636553e-01, 2.509411640726e-06, 9.4716e+00, 6.4115e-02, 
 2DIAGNOSTIC,    21, -3.881865814861e-01, 1.598741854437e-06, 9.5334e+00, 6.1748e-02, 
 2DIAGNOSTIC,    22, -3.881877772506e-01, 2.471180566267e-06, 9.5881e+00, 5.4681e-02, 
 2DIAGNOSTIC,    23, -3.881884922504e-01, 2.062556622079e-06, 9.6416e+00, 5.3531e-02, 
 2DIAGNOSTIC,    24, -3.881889200373e-01, 1.978199316133e-06, 9.6954e+00, 5.3818e-02, 
 2DIAGNOSTIC,    25, -3.881895104223e-01, 2.356237404758e-06, 9.7572e+00, 6.1823e-02, 
 2DIAGNOSTIC,    26, -3.881903648500e-01, 3.052864455552e-06, 9.8431e+00, 8.5836e-02, 
 2DIAGNOSTIC,    27, -3.881905155059e-01, 3.859703808777e-06, 9.8965e+00, 5.3444e-02, 
 2DIAGNOSTIC,    28, -3.881909061735e-01, 2.643736994989e-06, 9.9495e+00, 5.2935e-02, 
 2DIAGNOSTIC,    29, -3.881913665757e-01, 1.538454273468e-06, 1.0002e+01, 5.2816e-02, 
 2DIAGNOSTIC,    30, -3.881918204770e-01, 1.332238657850e-06, 1.0055e+01, 5.2240e-02, 
 2DIAGNOSTIC,    31, -3.881921693869e-01, 1.259228311817e-06, 1.0132e+01, 7.7672e-02, 
 2DIAGNOSTIC,    32, -3.881922015067e-01, 1.196987000789e-06, 1.0186e+01, 5.3644e-02, 
 2DIAGNOSTIC,    33, -3.881922825741e-01, 1.137538414929e-06, 1.0239e+01, 5.3658e-02, 
 2DIAGNOSTIC,    34, -3.881925800434e-01, 1.080821328180e-06, 1.0438e+01, 1.9876e-01, 
 2DIAGNOSTIC,    35, -3.881925800426e-01, 1.025496610008e-06, 1.0617e+01, 1.7913e-01, 
DIAGNOSTIC,Iteration,metricValue,convergenceValue,ITERATION_TIME_INDEX,SINCE_LAST
 2DIAGNOSTIC,     1, -3.402784697479e-01, 1.797693134862e+308, 1.4890e+01, 4.2729e+00, 
 2DIAGNOSTIC,     2, -3.423685734833e-01, 1.797693134862e+308, 1.5212e+01, 3.2182e-01, 
 2DIAGNOSTIC,     3, -3.436023609909e-01, 1.797693134862e+308, 1.5534e+01, 3.2174e-01, 
 2DIAGNOSTIC,     4, -3.438625774088e-01, 1.797693134862e+308, 1.5854e+01, 3.1994e-01, 
 2DIAGNOSTIC,     5, -3.440393236555e-01, 1.797693134862e+308, 1.6153e+01, 2.9907e-01, 
 2DIAGNOSTIC,     6, -3.443576844831e-01, 1.797693134862e+308, 1.6434e+01, 2.8149e-01, 
 2DIAGNOSTIC,     7, -3.446456892633e-01, 1.797693134862e+308, 1.6808e+01, 3.7323e-01, 
 2DIAGNOSTIC,     8, -3.448302774680e-01, 1.797693134862e+308, 1.7319e+01, 5.1163e-01, 
 2DIAGNOSTIC,     9, -3.448057441458e-01, 1.797693134862e+308, 1.7651e+01, 3.3163e-01, 
 2DIAGNOSTIC,    10, -3.448365120922e-01, 6.619021365616e-04, 1.7974e+01, 3.2267e-01, 
 2DIAGNOSTIC,    11, -3.448324555655e-01, 3.501191064551e-04, 1.8292e+01, 3.1898e-01, 
 2DIAGNOSTIC,    12, -3.448358051939e-01, 2.009856039339e-04, 1.8612e+01, 3.1919e-01, 
 2DIAGNOSTIC,    13, -3.448363565095e-01, 1.351442304717e-04, 1.8935e+01, 3.2318e-01, 
 2DIAGNOSTIC,    14, -3.448322338309e-01, 8.196850183942e-05, 1.9257e+01, 3.2224e-01, 
 2DIAGNOSTIC,    15, -3.448207729682e-01, 3.756552308871e-05, 1.9539e+01, 2.8204e-01, 
 2DIAGNOSTIC,    16, -3.448240049527e-01, 1.175185237719e-05, 1.9863e+01, 3.2390e-01, 
 2DIAGNOSTIC,    17, -3.448315224654e-01, 2.172294661755e-06, 2.0184e+01, 3.2056e-01, 
DIAGNOSTIC,Iteration,metricValue,convergenceValue,ITERATION_TIME_INDEX,SINCE_LAST
 2DIAGNOSTIC,     1, -2.706920731180e-01, 1.797693134862e+308, 2.6130e+01, 5.9467e+00, 
  Elapsed time (stage 0): 2.7888e+01


Stage 1
  iterations = 1000x500x250x0
  convergence threshold = 1.0000e-06
  convergence window size = 10
  number of levels = 4
  using the Mattes MI metric (number of bins = 32, weight = 1.0000e+00)
  preprocessing:  winsorizing the image intensities
  Shrink factors (level 1 out of 4): [12, 12, 5]
  Shrink factors (level 2 out of 4): [8, 8, 3]
  Shrink factors (level 3 out of 4): [4, 4, 2]
  Shrink factors (level 4 out of 4): [2, 2, 1]
  smoothing sigmas per level: [4, 3, 2, 1]
  regular sampling (percentage = 2.5000e-01)

*** Running AffineTransform registration ***

DIAGNOSTIC,Iteration,metricValue,convergenceValue,ITERATION_TIME_INDEX,SINCE_LAST
 2DIAGNOSTIC,     1, -4.502712734599e-01, 1.797693134862e+308, 3.8452e+00, 3.8452e+00, 
 2DIAGNOSTIC,     2, -4.525623588210e-01, 1.797693134862e+308, 3.8545e+00, 9.2919e-03, 
 2DIAGNOSTIC,     3, -4.558125718187e-01, 1.797693134862e+308, 3.8637e+00, 9.1701e-03, 
 2DIAGNOSTIC,     4, -4.592949769223e-01, 1.797693134862e+308, 3.8772e+00, 1.3478e-02, 
 2DIAGNOSTIC,     5, -4.627819900035e-01, 1.797693134862e+308, 3.8882e+00, 1.1059e-02, 
 2DIAGNOSTIC,     6, -4.686553285906e-01, 1.797693134862e+308, 3.8976e+00, 9.3720e-03, 
 2DIAGNOSTIC,     7, -4.764193890718e-01, 1.797693134862e+308, 3.9068e+00, 9.2301e-03, 
 2DIAGNOSTIC,     8, -4.834585411406e-01, 1.797693134862e+308, 3.9232e+00, 1.6402e-02, 
 2DIAGNOSTIC,     9, -4.848541729240e-01, 1.797693134862e+308, 3.9420e+00, 1.8713e-02, 
 2DIAGNOSTIC,    10, -4.849386910209e-01, 5.546025746985e-03, 3.9527e+00, 1.0751e-02, 
 2DIAGNOSTIC,    11, -4.857037710772e-01, 4.816120578500e-03, 3.9637e+00, 1.0981e-02, 
 2DIAGNOSTIC,    12, -4.859832304688e-01, 3.901818977481e-03, 3.9779e+00, 1.4212e-02, 
 2DIAGNOSTIC,    13, -4.858356305993e-01, 2.919690229423e-03, 3.9887e+00, 1.0801e-02, 
 2DIAGNOSTIC,    14, -4.864417604480e-01, 1.995418749028e-03, 3.9996e+00, 1.0948e-02, 
 2DIAGNOSTIC,    15, -4.864852211662e-01, 1.157776081607e-03, 4.0091e+00, 9.4919e-03, 
 2DIAGNOSTIC,    16, -4.867153383612e-01, 5.452790452198e-04, 4.0237e+00, 1.4578e-02, 
 2DIAGNOSTIC,    17, -4.875897918064e-01, 2.537533122089e-04, 4.0356e+00, 1.1874e-02, 
 2DIAGNOSTIC,    18, -4.886235199040e-01, 2.381917810521e-04, 4.0455e+00, 9.8619e-03, 
 2DIAGNOSTIC,    19, -4.901351037575e-01, 2.931397050893e-04, 4.0626e+00, 1.7134e-02, 
 2DIAGNOSTIC,    20, -4.902121940069e-01, 3.189801383746e-04, 4.0762e+00, 1.3634e-02, 
 2DIAGNOSTIC,    21, -4.900191203041e-01, 3.296899728653e-04, 4.0880e+00, 1.1799e-02, 
 2DIAGNOSTIC,    22, -4.900671062219e-01, 3.182766951497e-04, 4.0978e+00, 9.7442e-03, 
 2DIAGNOSTIC,    23, -4.901377480286e-01, 2.752002795317e-04, 4.1073e+00, 9.4948e-03, 
 2DIAGNOSTIC,    24, -4.902488102097e-01, 2.273974863067e-04, 4.1219e+00, 1.4682e-02, 
 2DIAGNOSTIC,    25, -4.905018060110e-01, 1.696153927759e-04, 4.1338e+00, 1.1868e-02, 
 2DIAGNOSTIC,    26, -4.908711901719e-01, 1.144151911176e-04, 4.1449e+00, 1.1085e-02, 
 2DIAGNOSTIC,    27, -4.911658093513e-01, 7.796755155178e-05, 4.1545e+00, 9.5901e-03, 
 2DIAGNOSTIC,    28, -4.913611662128e-01, 6.186435414721e-05, 4.1691e+00, 1.4630e-02, 
 2DIAGNOSTIC,    29, -4.918755899413e-01, 8.232543878362e-05, 4.1918e+00, 2.2710e-02, 
 2DIAGNOSTIC,    30, -4.919227871425e-01, 9.603884508665e-05, 4.2015e+00, 9.6300e-03, 
 2DIAGNOSTIC,    31, -4.916806503770e-01, 9.161635835535e-05, 4.2111e+00, 9.6159e-03, 
 2DIAGNOSTIC,    32, -4.915593502316e-01, 7.777483527911e-05, 4.2246e+00, 1.3523e-02, 
 2DIAGNOSTIC,    33, -4.915790788313e-01, 5.913752288088e-05, 4.2368e+00, 1.2234e-02, 
 2DIAGNOSTIC,    34, -4.916171484043e-01, 3.844279679332e-05, 4.2466e+00, 9.7990e-03, 
 2DIAGNOSTIC,    35, -4.918458708361e-01, 2.333887299845e-05, 4.2573e+00, 1.0686e-02, 
 2DIAGNOSTIC,    36, -4.917794152675e-01, 1.191739018151e-05, 4.2735e+00, 1.6156e-02, 
 2DIAGNOSTIC,    37, -4.928677176991e-01, 2.217850023528e-05, 4.2866e+00, 1.3096e-02, 
 2DIAGNOSTIC,    38, -4.926479469365e-01, 2.876906337237e-05, 4.2996e+00, 1.3042e-02, 
 2DIAGNOSTIC,    39, -4.926515726738e-01, 4.030863928255e-05, 4.3092e+00, 9.5792e-03, 
 2DIAGNOSTIC,    40, -4.926545866955e-01, 4.848424621664e-05, 4.3244e+00, 1.5253e-02, 
 2DIAGNOSTIC,    41, -4.926574065770e-01, 4.823969500680e-05, 4.3383e+00, 1.3853e-02, 
 2DIAGNOSTIC,    42, -4.926608695233e-01, 4.164316434207e-05, 4.3501e+00, 1.1829e-02, 
 2DIAGNOSTIC,    43, -4.926619907666e-01, 3.174090873458e-05, 4.3598e+00, 9.6440e-03, 
 2DIAGNOSTIC,    44, -4.926696286061e-01, 2.009172622075e-05, 4.3769e+00, 1.7133e-02, 
 2DIAGNOSTIC,    45, -4.926707913159e-01, 1.025404923101e-05, 4.3880e+00, 1.1123e-02, 
DIAGNOSTIC,Iteration,metricValue,convergenceValue,ITERATION_TIME_INDEX,SINCE_LAST
 2DIAGNOSTIC,     1, -4.374003302401e-01, 1.797693134862e+308, 8.2607e+00, 3.8727e+00, 
 2DIAGNOSTIC,     2, -4.397124883838e-01, 1.797693134862e+308, 8.3175e+00, 5.6771e-02, 
 2DIAGNOSTIC,     3, -4.424664543849e-01, 1.797693134862e+308, 8.3771e+00, 5.9608e-02, 
 2DIAGNOSTIC,     4, -4.450689309866e-01, 1.797693134862e+308, 8.4362e+00, 5.9141e-02, 
 2DIAGNOSTIC,     5, -4.482268877337e-01, 1.797693134862e+308, 8.4939e+00, 5.7687e-02, 
 2DIAGNOSTIC,     6, -4.512265560306e-01, 1.797693134862e+308, 8.5601e+00, 6.6225e-02, 
 2DIAGNOSTIC,     7, -4.519980554930e-01, 1.797693134862e+308, 8.6265e+00, 6.6384e-02, 
 2DIAGNOSTIC,     8, -4.521905356746e-01, 1.797693134862e+308, 8.7076e+00, 8.1105e-02, 
 2DIAGNOSTIC,     9, -4.522770749312e-01, 1.797693134862e+308, 8.7748e+00, 6.7153e-02, 
 2DIAGNOSTIC,    10, -4.524052195741e-01, 2.324870886740e-03, 8.8338e+00, 5.9035e-02, 
 2DIAGNOSTIC,    11, -4.525210132685e-01, 1.649133983768e-03, 8.8920e+00, 5.8145e-02, 
 2DIAGNOSTIC,    12, -4.527407536453e-01, 1.072261943298e-03, 8.9492e+00, 5.7274e-02, 
 2DIAGNOSTIC,    13, -4.529741047156e-01, 6.342040365556e-04, 9.0070e+00, 5.7738e-02, 
 2DIAGNOSTIC,    14, -4.532144604708e-01, 3.284081852134e-04, 9.0740e+00, 6.6986e-02, 
 2DIAGNOSTIC,    15, -4.534752229461e-01, 1.749535308938e-04, 9.1403e+00, 6.6295e-02, 
 2DIAGNOSTIC,    16, -4.534153011940e-01, 1.403113218162e-04, 9.2333e+00, 9.3020e-02, 
 2DIAGNOSTIC,    17, -4.533387406207e-01, 1.229404111964e-04, 9.2996e+00, 6.6323e-02, 
 2DIAGNOSTIC,    18, -4.533528425641e-01, 1.036216297483e-04, 9.3555e+00, 5.5927e-02, 
 2DIAGNOSTIC,    19, -4.534168163946e-01, 8.168980923151e-05, 9.4406e+00, 8.5049e-02, 
 2DIAGNOSTIC,    20, -4.534267167769e-01, 5.873901275364e-05, 9.5050e+00, 6.4423e-02, 
 2DIAGNOSTIC,    21, -4.533526365872e-01, 3.396565303170e-05, 9.5635e+00, 5.8543e-02, 
 2DIAGNOSTIC,    22, -4.533587209858e-01, 1.505510165004e-05, 9.6211e+00, 5.7542e-02, 
 2DIAGNOSTIC,    23, -4.533397642651e-01, 2.245890153220e-06, 9.6886e+00, 6.7479e-02, 
DIAGNOSTIC,Iteration,metricValue,convergenceValue,ITERATION_TIME_INDEX,SINCE_LAST
 2DIAGNOSTIC,     1, -3.449510571388e-01, 1.797693134862e+308, 1.3914e+01, 4.2251e+00, 
 2DIAGNOSTIC,     2, -3.466900826386e-01, 1.797693134862e+308, 1.4262e+01, 3.4807e-01, 
 2DIAGNOSTIC,     3, -3.484935864897e-01, 1.797693134862e+308, 1.4611e+01, 3.4884e-01, 
 2DIAGNOSTIC,     4, -3.499169279150e-01, 1.797693134862e+308, 1.4958e+01, 3.4709e-01, 
 2DIAGNOSTIC,     5, -3.513655073230e-01, 1.797693134862e+308, 1.5304e+01, 3.4595e-01, 
 2DIAGNOSTIC,     6, -3.520542783284e-01, 1.797693134862e+308, 1.5699e+01, 3.9495e-01, 
 2DIAGNOSTIC,     7, -3.523090307458e-01, 1.797693134862e+308, 1.6096e+01, 3.9720e-01, 
 2DIAGNOSTIC,     8, -3.525409937327e-01, 1.797693134862e+308, 1.6442e+01, 3.4617e-01, 
 2DIAGNOSTIC,     9, -3.530191780194e-01, 1.797693134862e+308, 1.6786e+01, 3.4421e-01, 
 2DIAGNOSTIC,    10, -3.533357092647e-01, 1.461751021918e-03, 1.7132e+01, 3.4546e-01, 
 2DIAGNOSTIC,    11, -3.534862979802e-01, 1.019128990819e-03, 1.7579e+01, 4.4722e-01, 
 2DIAGNOSTIC,    12, -3.536338611491e-01, 6.862647079588e-04, 1.8328e+01, 7.4922e-01, 
 2DIAGNOSTIC,    13, -3.536325643797e-01, 4.544744280681e-04, 1.8730e+01, 4.0152e-01, 
 2DIAGNOSTIC,    14, -3.536421797959e-01, 2.957488475383e-04, 1.9127e+01, 3.9749e-01, 
 2DIAGNOSTIC,    15, -3.536461190904e-01, 2.088321291824e-04, 1.9524e+01, 3.9741e-01, 
 2DIAGNOSTIC,    16, -3.536582934608e-01, 1.492503396033e-04, 1.9873e+01, 3.4879e-01, 
 2DIAGNOSTIC,    17, -3.536507365053e-01, 9.496422390523e-05, 2.0221e+01, 3.4763e-01, 
 2DIAGNOSTIC,    18, -3.536791016568e-01, 4.948495005414e-05, 2.0617e+01, 3.9649e-01, 
 2DIAGNOSTIC,    19, -3.536861676831e-01, 2.477568927012e-05, 2.1016e+01, 3.9881e-01, 
 2DIAGNOSTIC,    20, -3.536931465767e-01, 1.335304233500e-05, 2.1416e+01, 4.0004e-01, 
 2DIAGNOSTIC,    21, -3.537010502200e-01, 7.868485306303e-06, 2.1764e+01, 3.4821e-01, 
 2DIAGNOSTIC,    22, -3.537053933612e-01, 7.870047889200e-06, 2.2113e+01, 3.4863e-01, 
 2DIAGNOSTIC,    23, -3.537129232785e-01, 7.474944810765e-06, 2.2463e+01, 3.4976e-01, 
 2DIAGNOSTIC,    24, -3.537240483325e-01, 7.226918364800e-06, 2.2860e+01, 3.9732e-01, 
 2DIAGNOSTIC,    25, -3.537315462851e-01, 6.804235467020e-06, 2.3257e+01, 3.9724e-01, 
 2DIAGNOSTIC,    26, -3.537249834573e-01, 6.085251199835e-06, 2.3605e+01, 3.4744e-01, 
 2DIAGNOSTIC,    27, -3.537088547283e-01, 4.246393625756e-06, 2.4052e+01, 4.4711e-01, 
 2DIAGNOSTIC,    28, -3.537209480718e-01, 3.424738254182e-06, 2.4500e+01, 4.4773e-01, 
 2DIAGNOSTIC,    29, -3.537118872118e-01, 2.363018147544e-06, 2.4848e+01, 3.4792e-01, 
 2DIAGNOSTIC,    30, -3.537124416369e-01, 1.453905039507e-06, 2.5246e+01, 3.9857e-01, 
DIAGNOSTIC,Iteration,metricValue,convergenceValue,ITERATION_TIME_INDEX,SINCE_LAST
 2DIAGNOSTIC,     1, -2.699503262688e-01, 1.797693134862e+308, 3.1544e+01, 6.2976e+00, 
  Elapsed time (stage 1): 3.3294e+01


Total elapsed time: 6.1188e+01
Using double precision for computations.
Input scalar image: /home/ccn30/rds/rds-p00500_encrypt-URQgmO1brZ0/p00500/ENCRYPT_images/32329/T2/N4t2.nii
Reference image: /home/ccn30/rds/rds-p00500_encrypt-URQgmO1brZ0/p00500/ENCRYPT_images/32329/mp2rage/n4mag0000_PSIR_skulled_std.nii
Can't read initial transform T1xT2_ANTs_0GenericAffine.mat
