This is job 50
Time: Thu 16 Sep 12:56:47 BST 2021
Running on master node: cpu-p-301
Current directory: /rds/user/ccn30/hpc-work/WBIC_lustre/ENCRYPT/scripts/Registration/slurmoutputs
Changed directory to /home/ccn30/rds/hpc-work/WBIC_lustre/ENCRYPT/scripts/Registration/slurmoutputs.

JobID: 46502751
======
Time: Thu 16 Sep 12:56:47 BST 2021
Running on master node: cpu-p-301
Current directory: /home/ccn30/rds/hpc-work/WBIC_lustre/ENCRYPT/scripts/Registration/slurmoutputs

Nodes allocated:
================
cpu-p-301

numtasks=, numnodes=, mpi_tasks_per_node= (OMP_NUM_THREADS=1)

Executing command:
==================
/home/ccn30/rds/hpc-work/WBIC_lustre/ENCRYPT/scripts/Registration/coreg_main.sh /home/ccn30/rds/hpc-work/WBIC_lustre/ENCRYPT/ENCRYPT_MasterRIScodes.txt 50 /home/ccn30/rds/rds-p00500_encrypt-URQgmO1brZ0/p00500 /home/ccn30/rds/hpc-work/WBIC_home/ENCRYPT/atlases/magdeburgatlas

******** starting 32663 ********
All_Command_lines_OK
Using double precision for computations.
Fixed image '/home/ccn30/rds/rds-p00500_encrypt-URQgmO1brZ0/p00500/ENCRYPT_images/32663/T2/N4t2.nii' does not exist.  See usage: '/usr/local/software/spack/spack-git/opt/spack/linux-rhel7-broadwell/gcc-5/ants-2.3.4-lj6vm7ccmij4yywr4ynrttcko4aoflqt/bin/antsRegistrationSyNQuick.sh -h 1'
Using double precision for computations.
Input scalar image: /home/ccn30/rds/rds-p00500_encrypt-URQgmO1brZ0/p00500/ENCRYPT_images/32663/T2/N4t2.nii
Reference image: /home/ccn30/rds/rds-p00500_encrypt-URQgmO1brZ0/p00500/ENCRYPT_images/32663/mp2rage/n4mag0000_PSIR_skulled_std.nii
Can't read initial transform T1xT2_ANTs_0GenericAffine.mat
