This is job 10
Time: Thu 16 Sep 12:56:46 BST 2021
Running on master node: cpu-p-21
Current directory: /rds/user/ccn30/hpc-work/WBIC_lustre/ENCRYPT/scripts/Registration/slurmoutputs
Changed directory to /home/ccn30/rds/hpc-work/WBIC_lustre/ENCRYPT/scripts/Registration/slurmoutputs.

JobID: 46502784
======
Time: Thu 16 Sep 12:56:46 BST 2021
Running on master node: cpu-p-21
Current directory: /home/ccn30/rds/hpc-work/WBIC_lustre/ENCRYPT/scripts/Registration/slurmoutputs

Nodes allocated:
================
cpu-p-21

numtasks=, numnodes=, mpi_tasks_per_node= (OMP_NUM_THREADS=1)

Executing command:
==================
/home/ccn30/rds/hpc-work/WBIC_lustre/ENCRYPT/scripts/Registration/coreg_main.sh /home/ccn30/rds/hpc-work/WBIC_lustre/ENCRYPT/ENCRYPT_MasterRIScodes.txt 10 /home/ccn30/rds/rds-p00500_encrypt-URQgmO1brZ0/p00500 /home/ccn30/rds/hpc-work/WBIC_home/ENCRYPT/atlases/magdeburgatlas

******** starting 26040 ********
All_Command_lines_OK
Using double precision for computations.
=============================================================================
The composite transform comprises the following transforms (in order): 
  1. Center of mass alignment using fixed image: /home/ccn30/rds/hpc-work/WBIC_home/ENCRYPT/atlases/magdeburgatlas/template/template.nii.gz and moving image: /home/ccn30/rds/rds-p00500_encrypt-URQgmO1brZ0/p00500/ENCRYPT_images/26040/mp2rage/denoise_n4mag0000_PSIR_skulled_std.nii (type = Euler3DTransform)
=============================================================================
  number of levels = 4
  number of levels = 4
  fixed image: /home/ccn30/rds/hpc-work/WBIC_home/ENCRYPT/atlases/magdeburgatlas/template/template.nii.gz
  moving image: /home/ccn30/rds/rds-p00500_encrypt-URQgmO1brZ0/p00500/ENCRYPT_images/26040/mp2rage/denoise_n4mag0000_PSIR_skulled_std.nii
  fixed image: /home/ccn30/rds/hpc-work/WBIC_home/ENCRYPT/atlases/magdeburgatlas/template/template.nii.gz
  moving image: /home/ccn30/rds/rds-p00500_encrypt-URQgmO1brZ0/p00500/ENCRYPT_images/26040/mp2rage/denoise_n4mag0000_PSIR_skulled_std.nii
Dimension = 3
Number of stages = 2
Use Histogram Matching true
Winsorize image intensities true
Lower quantile = 0.005
Upper quantile = 0.995
Stage 1 State
   Image metric = Mattes
     Fixed image = Image (0x4599200)
  RTTI typeinfo:   itk::Image<double, 3u>
  Reference Count: 2
  Modified Time: 1698
  Debug: Off
  Object Name: 
  Observers: 
    none
  Source: (none)
  Source output name: (none)
  Release Data: Off
  Data Released: False
  Global Release Data: Off
  PipelineMTime: 0
  UpdateMTime: 1481
  RealTimeStamp: 0 seconds 
  LargestPossibleRegion: 
    Dimension: 3
    Index: [0, 0, 0]
    Size: [384, 301, 288]
  BufferedRegion: 
    Dimension: 3
    Index: [0, 0, 0]
    Size: [384, 301, 288]
  RequestedRegion: 
    Dimension: 3
    Index: [0, 0, 0]
    Size: [384, 301, 288]
  Spacing: [0.598958, 0.598958, 0.599937]
  Origin: [83.4012, -147.626, 85.1783]
  Direction: 
-0 0 -1
1 -0 0
0 -1 0

  IndexToPointMatrix: 
0 0 -0.599937
0.598958 0 0
0 -0.598958 0

  PointToIndexMatrix: 
0 1.66957 0
0 0 -1.66957
-1.66684 0 0

  Inverse Direction: 
0 1 0
0 0 -1
-1 0 0

  PixelContainer: 
    ImportImageContainer (0x4589dc0)
      RTTI typeinfo:   itk::ImportImageContainer<unsigned long, double>
      Reference Count: 1
      Modified Time: 1478
      Debug: Off
      Object Name: 
      Observers: 
        none
      Pointer: 0x2b1b9ae90010
      Container manages memory: true
      Size: 33288192
      Capacity: 33288192

     Moving image = Image (0x459d3f0)
  RTTI typeinfo:   itk::Image<double, 3u>
  Reference Count: 2
  Modified Time: 1699
  Debug: Off
  Object Name: 
  Observers: 
    none
  Source: (none)
  Source output name: (none)
  Release Data: Off
  Data Released: False
  Global Release Data: Off
  PipelineMTime: 0
  UpdateMTime: 1696
  RealTimeStamp: 0 seconds 
  LargestPossibleRegion: 
    Dimension: 3
    Index: [0, 0, 0]
    Size: [224, 320, 320]
  BufferedRegion: 
    Dimension: 3
    Index: [0, 0, 0]
    Size: [224, 320, 320]
  RequestedRegion: 
    Dimension: 3
    Index: [0, 0, 0]
    Size: [224, 320, 320]
  Spacing: [0.7, 0.7, 0.7]
  Origin: [-76.1911, 82.1668, -99.5228]
  Direction: 
1 0 0
0 -1 0
0 0 1

  IndexToPointMatrix: 
0.7 0 0
0 -0.7 0
0 0 0.7

  PointToIndexMatrix: 
1.42857 0 0
0 -1.42857 0
0 0 1.42857

  Inverse Direction: 
1 0 0
0 -1 0
0 0 1

  PixelContainer: 
    ImportImageContainer (0x459d6b0)
      RTTI typeinfo:   itk::ImportImageContainer<unsigned long, double>
      Reference Count: 1
      Modified Time: 1693
      Debug: Off
      Object Name: 
      Observers: 
        none
      Pointer: 0x2b1baac89010
      Container manages memory: true
      Size: 22937600
      Capacity: 22937600

     Weighting = 1
     Sampling strategy = regular
     Number of bins = 32
     Radius = 4
     Sampling percentage  = 0.25
   Transform = Rigid
     Gradient step = 0.1
     Update field sigma (voxel space) = 0
     Total field sigma (voxel space) = 0
     Update field time sigma = 0
     Total field time sigma  = 0
     Number of time indices = 0
     Number of time point samples = 0
Stage 2 State
   Image metric = Mattes
     Fixed image = Image (0x45ac060)
  RTTI typeinfo:   itk::Image<double, 3u>
  Reference Count: 2
  Modified Time: 2130
  Debug: Off
  Object Name: 
  Observers: 
    none
  Source: (none)
  Source output name: (none)
  Release Data: Off
  Data Released: False
  Global Release Data: Off
  PipelineMTime: 0
  UpdateMTime: 1913
  RealTimeStamp: 0 seconds 
  LargestPossibleRegion: 
    Dimension: 3
    Index: [0, 0, 0]
    Size: [384, 301, 288]
  BufferedRegion: 
    Dimension: 3
    Index: [0, 0, 0]
    Size: [384, 301, 288]
  RequestedRegion: 
    Dimension: 3
    Index: [0, 0, 0]
    Size: [384, 301, 288]
  Spacing: [0.598958, 0.598958, 0.599937]
  Origin: [83.4012, -147.626, 85.1783]
  Direction: 
-0 0 -1
1 -0 0
0 -1 0

  IndexToPointMatrix: 
0 0 -0.599937
0.598958 0 0
0 -0.598958 0

  PointToIndexMatrix: 
0 1.66957 0
0 0 -1.66957
-1.66684 0 0

  Inverse Direction: 
0 1 0
0 0 -1
-1 0 0

  PixelContainer: 
    ImportImageContainer (0x45a0140)
      RTTI typeinfo:   itk::ImportImageContainer<unsigned long, double>
      Reference Count: 1
      Modified Time: 1910
      Debug: Off
      Object Name: 
      Observers: 
        none
      Pointer: 0x2b1bb5b8a010
      Container manages memory: true
      Size: 33288192
      Capacity: 33288192

     Moving image = Image (0x45ade80)
  RTTI typeinfo:   itk::Image<double, 3u>
  Reference Count: 2
  Modified Time: 2131
  Debug: Off
  Object Name: 
  Observers: 
    none
  Source: (none)
  Source output name: (none)
  Release Data: Off
  Data Released: False
  Global Release Data: Off
  PipelineMTime: 0
  UpdateMTime: 2128
  RealTimeStamp: 0 seconds 
  LargestPossibleRegion: 
    Dimension: 3
    Index: [0, 0, 0]
    Size: [224, 320, 320]
  BufferedRegion: 
    Dimension: 3
    Index: [0, 0, 0]
    Size: [224, 320, 320]
  RequestedRegion: 
    Dimension: 3
    Index: [0, 0, 0]
    Size: [224, 320, 320]
  Spacing: [0.7, 0.7, 0.7]
  Origin: [-76.1911, 82.1668, -99.5228]
  Direction: 
1 0 0
0 -1 0
0 0 1

  IndexToPointMatrix: 
0.7 0 0
0 -0.7 0
0 0 0.7

  PointToIndexMatrix: 
1.42857 0 0
0 -1.42857 0
0 0 1.42857

  Inverse Direction: 
1 0 0
0 -1 0
0 0 1

  PixelContainer: 
    ImportImageContainer (0x45a8540)
      RTTI typeinfo:   itk::ImportImageContainer<unsigned long, double>
      Reference Count: 1
      Modified Time: 2125
      Debug: Off
      Object Name: 
      Observers: 
        none
      Pointer: 0x2b1bc5983010
      Container manages memory: true
      Size: 22937600
      Capacity: 22937600

     Weighting = 1
     Sampling strategy = regular
     Number of bins = 32
     Radius = 4
     Sampling percentage  = 0.25
   Transform = Affine
     Gradient step = 0.1
     Update field sigma (voxel space) = 0
     Total field sigma (voxel space) = 0
     Update field time sigma = 0
     Total field time sigma  = 0
     Number of time indices = 0
     Number of time point samples = 0
Registration using 2 total stages.

Stage 0
  iterations = 1000x500x250x100
  convergence threshold = 1e-06
  convergence window size = 10
  number of levels = 4
  using the Mattes MI metric (number of bins = 32, weight = 1)
  preprocessing:  winsorizing the image intensities
  preprocessing:  histogram matching the images
  Shrink factors (level 1 out of 4): [8, 8, 8]
  Shrink factors (level 2 out of 4): [4, 4, 4]
  Shrink factors (level 3 out of 4): [2, 2, 2]
  Shrink factors (level 4 out of 4): [1, 1, 1]
  smoothing sigmas per level: [3, 2, 1, 0]
  regular sampling (percentage = 0.25)

*** Running Euler3DTransform registration ***

DIAGNOSTIC,Iteration,metricValue,convergenceValue,ITERATION_TIME_INDEX,SINCE_LAST
 2DIAGNOSTIC,     1, -2.880613996750e-01, 1.797693134862e+308, 2.7279e+00, 2.7279e+00, 
 2DIAGNOSTIC,     2, -2.889567675919e-01, 1.797693134862e+308, 2.7584e+00, 3.0508e-02, 
 2DIAGNOSTIC,     3, -2.904019147316e-01, 1.797693134862e+308, 2.7904e+00, 3.2030e-02, 
 2DIAGNOSTIC,     4, -2.928101822045e-01, 1.797693134862e+308, 2.8256e+00, 3.5122e-02, 
 2DIAGNOSTIC,     5, -2.959910152738e-01, 1.797693134862e+308, 2.8608e+00, 3.5233e-02, 
 2DIAGNOSTIC,     6, -3.006684468719e-01, 1.797693134862e+308, 2.8967e+00, 3.5953e-02, 
 2DIAGNOSTIC,     7, -3.088946935048e-01, 1.797693134862e+308, 2.9314e+00, 3.4626e-02, 
 2DIAGNOSTIC,     8, -3.302507107779e-01, 1.797693134862e+308, 2.9701e+00, 3.8692e-02, 
 2DIAGNOSTIC,     9, -3.447727570180e-01, 1.797693134862e+308, 3.0277e+00, 5.7610e-02, 
 2DIAGNOSTIC,    10, -3.465803534369e-01, 1.321685177742e-02, 3.0627e+00, 3.5001e-02, 
 2DIAGNOSTIC,    11, -3.481383103928e-01, 1.341266117708e-02, 3.0983e+00, 3.5633e-02, 
 2DIAGNOSTIC,    12, -3.496378293923e-01, 1.255762918069e-02, 3.1333e+00, 3.4978e-02, 
 2DIAGNOSTIC,    13, -3.514489797408e-01, 1.091489737806e-02, 3.1676e+00, 3.4357e-02, 
 2DIAGNOSTIC,    14, -3.531253612753e-01, 8.785761249946e-03, 3.2004e+00, 3.2722e-02, 
 2DIAGNOSTIC,    15, -3.586467581963e-01, 6.686650809894e-03, 3.2537e+00, 5.3309e-02, 
 2DIAGNOSTIC,    16, -3.665261973963e-01, 4.951864529430e-03, 3.2942e+00, 4.0545e-02, 
 2DIAGNOSTIC,    17, -3.673114649145e-01, 3.421549922470e-03, 3.3377e+00, 4.3533e-02, 
 2DIAGNOSTIC,    18, -3.675307617738e-01, 2.785007028442e-03, 3.3683e+00, 3.0513e-02, 
 2DIAGNOSTIC,    19, -3.678771655541e-01, 2.637939838438e-03, 3.4020e+00, 3.3754e-02, 
 2DIAGNOSTIC,    20, -3.691794502870e-01, 2.390005545479e-03, 3.4346e+00, 3.2614e-02, 
 2DIAGNOSTIC,    21, -3.720496153034e-01, 2.116879572861e-03, 3.5045e+00, 6.9891e-02, 
 2DIAGNOSTIC,    22, -3.721992602168e-01, 1.735838831739e-03, 3.5522e+00, 4.7697e-02, 
 2DIAGNOSTIC,    23, -3.722174838193e-01, 1.303170570711e-03, 3.6019e+00, 4.9647e-02, 
 2DIAGNOSTIC,    24, -3.721850461374e-01, 8.450393769754e-04, 3.6365e+00, 3.4594e-02, 
 2DIAGNOSTIC,    25, -3.721292609986e-01, 5.215229207544e-04, 3.6781e+00, 4.1621e-02, 
 2DIAGNOSTIC,    26, -3.721405865465e-01, 4.255482144898e-04, 3.7178e+00, 3.9733e-02, 
 2DIAGNOSTIC,    27, -3.721415246759e-01, 3.216043837188e-04, 3.7571e+00, 3.9339e-02, 
 2DIAGNOSTIC,    28, -3.721201948432e-01, 2.028627097772e-04, 3.7922e+00, 3.5088e-02, 
 2DIAGNOSTIC,    29, -3.721337329888e-01, 8.416133337575e-05, 3.8318e+00, 3.9519e-02, 
DIAGNOSTIC,Iteration,metricValue,convergenceValue,ITERATION_TIME_INDEX,SINCE_LAST
 2DIAGNOSTIC,     1, -3.073263787900e-01, 1.797693134862e+308, 6.7840e+00, 2.9522e+00, 
 2DIAGNOSTIC,     2, -3.079865687578e-01, 1.797693134862e+308, 7.0420e+00, 2.5797e-01, 
 2DIAGNOSTIC,     3, -3.087389804170e-01, 1.797693134862e+308, 7.2883e+00, 2.4635e-01, 
 2DIAGNOSTIC,     4, -3.093256187179e-01, 1.797693134862e+308, 7.5440e+00, 2.5573e-01, 
 2DIAGNOSTIC,     5, -3.097849579227e-01, 1.797693134862e+308, 7.7927e+00, 2.4864e-01, 
 2DIAGNOSTIC,     6, -3.100754229953e-01, 1.797693134862e+308, 8.0449e+00, 2.5223e-01, 
 2DIAGNOSTIC,     7, -3.106662346402e-01, 1.797693134862e+308, 8.5855e+00, 5.4060e-01, 
 2DIAGNOSTIC,     8, -3.106873212629e-01, 1.797693134862e+308, 8.8663e+00, 2.8080e-01, 
 2DIAGNOSTIC,     9, -3.106904857663e-01, 1.797693134862e+308, 9.1535e+00, 2.8719e-01, 
 2DIAGNOSTIC,    10, -3.106873273212e-01, 7.159997225091e-04, 9.4016e+00, 2.4805e-01, 
 2DIAGNOSTIC,    11, -3.106939756883e-01, 4.940081899575e-04, 9.6871e+00, 2.8555e-01, 
 2DIAGNOSTIC,    12, -3.106780343096e-01, 3.129580048546e-04, 9.9674e+00, 2.8025e-01, 
 2DIAGNOSTIC,    13, -3.106690437174e-01, 1.836698087057e-04, 1.0256e+01, 2.8838e-01, 
 2DIAGNOSTIC,    14, -3.106648740163e-01, 9.459696524221e-05, 1.0584e+01, 3.2823e-01, 
 2DIAGNOSTIC,    15, -3.106591630200e-01, 3.666388190894e-05, 1.0872e+01, 2.8761e-01, 
DIAGNOSTIC,Iteration,metricValue,convergenceValue,ITERATION_TIME_INDEX,SINCE_LAST
 2DIAGNOSTIC,     1, -2.587252138738e-01, 1.797693134862e+308, 1.5988e+01, 5.1162e+00, 
 2DIAGNOSTIC,     2, -2.588633716935e-01, 1.797693134862e+308, 1.7810e+01, 1.8221e+00, 
 2DIAGNOSTIC,     3, -2.589916184355e-01, 1.797693134862e+308, 1.9638e+01, 1.8278e+00, 
 2DIAGNOSTIC,     4, -2.591747883255e-01, 1.797693134862e+308, 2.1477e+01, 1.8392e+00, 
 2DIAGNOSTIC,     5, -2.594092245346e-01, 1.797693134862e+308, 2.3844e+01, 2.3667e+00, 
 2DIAGNOSTIC,     6, -2.594512175050e-01, 1.797693134862e+308, 2.6207e+01, 2.3638e+00, 
 2DIAGNOSTIC,     7, -2.594609503846e-01, 1.797693134862e+308, 2.8311e+01, 2.1039e+00, 
 2DIAGNOSTIC,     8, -2.594586088707e-01, 1.797693134862e+308, 3.1070e+01, 2.7587e+00, 
 2DIAGNOSTIC,     9, -2.594533515476e-01, 1.797693134862e+308, 3.3178e+01, 2.1078e+00, 
 2DIAGNOSTIC,    10, -2.594521319869e-01, 1.907307458628e-04, 3.6621e+01, 3.4434e+00, 
 2DIAGNOSTIC,    11, -2.594523852165e-01, 1.236346832055e-04, 3.8986e+01, 2.3652e+00, 
 2DIAGNOSTIC,    12, -2.594523477249e-01, 6.969678439221e-05, 4.0799e+01, 1.8124e+00, 
 2DIAGNOSTIC,    13, -2.594519924494e-01, 2.864596057064e-05, 4.3143e+01, 2.3446e+00, 
 2DIAGNOSTIC,    14, -2.594517732432e-01, 4.941392026295e-06, 4.5772e+01, 2.6283e+00, 
 2DIAGNOSTIC,    15, -2.594515370376e-01, 1.188720751152e-06, 4.7867e+01, 2.0959e+00, 
DIAGNOSTIC,Iteration,metricValue,convergenceValue,ITERATION_TIME_INDEX,SINCE_LAST
 2DIAGNOSTIC,     1, -2.341110045044e-01, 1.797693134862e+308, 6.7658e+01, 1.9790e+01, 
 2DIAGNOSTIC,     2, -2.341446956305e-01, 1.797693134862e+308, 8.1793e+01, 1.4136e+01, 
 2DIAGNOSTIC,     3, -2.341511199582e-01, 1.797693134862e+308, 1.0488e+02, 2.3092e+01, 
 2DIAGNOSTIC,     4, -2.341510112009e-01, 1.797693134862e+308, 1.2885e+02, 2.3968e+01, 
 2DIAGNOSTIC,     5, -2.341509880522e-01, 1.797693134862e+308, 1.4303e+02, 1.4174e+01, 
 2DIAGNOSTIC,     6, -2.341509582986e-01, 1.797693134862e+308, 1.5723e+02, 1.4199e+01, 
 2DIAGNOSTIC,     7, -2.341508332297e-01, 1.797693134862e+308, 1.7282e+02, 1.5591e+01, 
 2DIAGNOSTIC,     8, -2.341508003060e-01, 1.797693134862e+308, 1.8650e+02, 1.3682e+01, 
 2DIAGNOSTIC,     9, -2.341508055164e-01, 1.797693134862e+308, 1.9836e+02, 1.1863e+01, 
 2DIAGNOSTIC,    10, -2.341507720931e-01, 8.617995532798e-06, 2.1193e+02, 1.3568e+01, 
 2DIAGNOSTIC,    11, -2.341507332519e-01, 3.496674483072e-06, 2.2547e+02, 1.3543e+01, 
 2DIAGNOSTIC,    12, -2.341507014335e-01, 2.560873078317e-06, 2.3733e+02, 1.1857e+01, 
 2DIAGNOSTIC,    13, -2.341506914735e-01, 2.376383137895e-06, 2.5076e+02, 1.3427e+01, 
 2DIAGNOSTIC,    14, -2.341507051021e-01, 2.216211391598e-06, 2.6358e+02, 1.2821e+01, 
 2DIAGNOSTIC,    15, -2.341506729024e-01, 2.077902178890e-06, 2.7583e+02, 1.2256e+01, 
 2DIAGNOSTIC,    16, -2.341506629229e-01, 1.958177887326e-06, 2.8991e+02, 1.4072e+01, 
 2DIAGNOSTIC,    17, -2.341506938619e-01, 1.848669542254e-06, 3.0400e+02, 1.4091e+01, 
 2DIAGNOSTIC,    18, -2.341506085199e-01, 1.745267612110e-06, 3.1811e+02, 1.4117e+01, 
 2DIAGNOSTIC,    19, -2.341505740758e-01, 1.653081425891e-06, 3.3043e+02, 1.2311e+01, 
 2DIAGNOSTIC,    20, -2.341505930054e-01, 1.571293378529e-06, 3.4440e+02, 1.3975e+01, 
 2DIAGNOSTIC,    21, -2.341504498959e-01, 1.488501548436e-06, 3.5673e+02, 1.2330e+01, 
 2DIAGNOSTIC,    22, -2.341505239775e-01, 1.418214914270e-06, 3.7257e+02, 1.5836e+01, 
 2DIAGNOSTIC,    23, -2.341503469131e-01, 1.346602970471e-06, 3.8662e+02, 1.4056e+01, 
 2DIAGNOSTIC,    24, -2.341503199964e-01, 1.283994681155e-06, 3.9946e+02, 1.2840e+01, 
 2DIAGNOSTIC,    25, -2.341502520145e-01, 1.225395246607e-06, 4.1336e+02, 1.3896e+01, 
 2DIAGNOSTIC,    26, -2.341502249895e-01, 1.173918909345e-06, 4.2739e+02, 1.4029e+01, 
 2DIAGNOSTIC,    27, -2.341502292222e-01, 1.132585228852e-06, 4.3964e+02, 1.2251e+01, 
 2DIAGNOSTIC,    28, -2.341501109214e-01, 1.089680101006e-06, 4.5371e+02, 1.4074e+01, 
 2DIAGNOSTIC,    29, -2.341500932224e-01, 1.052071627018e-06, 4.7120e+02, 1.7488e+01, 
 2DIAGNOSTIC,    30, -2.341500569685e-01, 1.020613745420e-06, 4.8706e+02, 1.5862e+01, 
  Elapsed time (stage 0): 4.9607e+02


Stage 1
  iterations = 1000x500x250x100
  convergence threshold = 1.0000e-06
  convergence window size = 10
  number of levels = 4
  using the Mattes MI metric (number of bins = 32, weight = 1.0000e+00)
  preprocessing:  winsorizing the image intensities
  preprocessing:  histogram matching the images
  Shrink factors (level 1 out of 4): [8, 8, 8]
  Shrink factors (level 2 out of 4): [4, 4, 4]
  Shrink factors (level 3 out of 4): [2, 2, 2]
  Shrink factors (level 4 out of 4): [1, 1, 1]
  smoothing sigmas per level: [3, 2, 1, 0]
  regular sampling (percentage = 2.5000e-01)

*** Running AffineTransform registration ***

DIAGNOSTIC,Iteration,metricValue,convergenceValue,ITERATION_TIME_INDEX,SINCE_LAST
 2DIAGNOSTIC,     1, -3.661559889529e-01, 1.797693134862e+308, 2.6575e+00, 2.6575e+00, 
 2DIAGNOSTIC,     2, -3.674125086391e-01, 1.797693134862e+308, 2.6935e+00, 3.6064e-02, 
 2DIAGNOSTIC,     3, -3.694502972005e-01, 1.797693134862e+308, 2.7300e+00, 3.6419e-02, 
 2DIAGNOSTIC,     4, -3.728518094322e-01, 1.797693134862e+308, 2.7673e+00, 3.7354e-02, 
 2DIAGNOSTIC,     5, -3.797926441606e-01, 1.797693134862e+308, 2.8039e+00, 3.6584e-02, 
 2DIAGNOSTIC,     6, -3.927088249684e-01, 1.797693134862e+308, 2.8396e+00, 3.5673e-02, 
 2DIAGNOSTIC,     7, -4.118616141509e-01, 1.797693134862e+308, 2.8773e+00, 3.7685e-02, 
 2DIAGNOSTIC,     8, -4.411151829887e-01, 1.797693134862e+308, 2.9209e+00, 4.3674e-02, 
 2DIAGNOSTIC,     9, -4.847744268500e-01, 1.797693134862e+308, 2.9801e+00, 5.9121e-02, 
 2DIAGNOSTIC,    10, -4.859702366814e-01, 2.045317442493e-02, 3.0138e+00, 3.3718e-02, 
 2DIAGNOSTIC,    11, -4.905704503449e-01, 2.089072083979e-02, 3.0521e+00, 3.8377e-02, 
 2DIAGNOSTIC,    12, -4.926634359891e-01, 1.959054557784e-02, 3.0862e+00, 3.4054e-02, 
 2DIAGNOSTIC,    13, -4.944257858490e-01, 1.693821691770e-02, 3.1199e+00, 3.3681e-02, 
 2DIAGNOSTIC,    14, -4.963289262138e-01, 1.341898382516e-02, 3.1587e+00, 3.8807e-02, 
 2DIAGNOSTIC,    15, -4.984556436684e-01, 9.617664504031e-03, 3.1938e+00, 3.5127e-02, 
 2DIAGNOSTIC,    16, -5.000120282245e-01, 6.079933065862e-03, 3.2333e+00, 3.9439e-02, 
 2DIAGNOSTIC,    17, -5.007838320580e-01, 3.193469281814e-03, 3.2770e+00, 4.3793e-02, 
 2DIAGNOSTIC,    18, -5.012656923722e-01, 1.382279955809e-03, 3.3118e+00, 3.4704e-02, 
 2DIAGNOSTIC,    19, -5.022450330955e-01, 1.141466975963e-03, 3.3518e+00, 4.0026e-02, 
 2DIAGNOSTIC,    20, -5.052295897786e-01, 9.487590397412e-04, 3.4025e+00, 5.0748e-02, 
 2DIAGNOSTIC,    21, -5.085315850201e-01, 9.200196794411e-04, 3.4425e+00, 3.9988e-02, 
 2DIAGNOSTIC,    22, -5.087491177951e-01, 8.724918802193e-04, 3.4773e+00, 3.4805e-02, 
 2DIAGNOSTIC,    23, -5.095181702740e-01, 8.181018606193e-04, 3.5105e+00, 3.3145e-02, 
 2DIAGNOSTIC,    24, -5.118819169358e-01, 8.010440311388e-04, 3.5625e+00, 5.1997e-02, 
 2DIAGNOSTIC,    25, -5.123813794495e-01, 7.713718744376e-04, 3.6043e+00, 4.1862e-02, 
 2DIAGNOSTIC,    26, -5.122266550463e-01, 7.039931745241e-04, 3.6394e+00, 3.5108e-02, 
 2DIAGNOSTIC,    27, -5.131026560780e-01, 6.149004821567e-04, 3.6808e+00, 4.1381e-02, 
 2DIAGNOSTIC,    28, -5.136525706967e-01, 4.978146160090e-04, 3.7203e+00, 3.9523e-02, 
 2DIAGNOSTIC,    29, -5.140879371923e-01, 3.702491936148e-04, 3.7603e+00, 3.9925e-02, 
 2DIAGNOSTIC,    30, -5.144932206076e-01, 2.833590797184e-04, 3.8018e+00, 4.1581e-02, 
 2DIAGNOSTIC,    31, -5.147341077552e-01, 2.452789415785e-04, 3.8476e+00, 4.5774e-02, 
 2DIAGNOSTIC,    32, -5.149860498796e-01, 1.955406251331e-04, 3.8890e+00, 4.1423e-02, 
 2DIAGNOSTIC,    33, -5.151956512812e-01, 1.469799379343e-04, 3.9282e+00, 3.9138e-02, 
 2DIAGNOSTIC,    34, -5.153998483675e-01, 1.324306906304e-04, 3.9684e+00, 4.0235e-02, 
 2DIAGNOSTIC,    35, -5.156700463211e-01, 1.196370584386e-04, 4.0082e+00, 3.9753e-02, 
 2DIAGNOSTIC,    36, -5.157787688670e-01, 9.526421522091e-05, 4.0544e+00, 4.6274e-02, 
 2DIAGNOSTIC,    37, -5.157087441298e-01, 7.612921027582e-05, 4.0896e+00, 3.5149e-02, 
 2DIAGNOSTIC,    38, -5.159757797756e-01, 6.359468893945e-05, 4.1290e+00, 3.9433e-02, 
 2DIAGNOSTIC,    39, -5.160459736379e-01, 5.317054432574e-05, 4.1641e+00, 3.5069e-02, 
 2DIAGNOSTIC,    40, -5.162821386566e-01, 4.766547519102e-05, 4.1993e+00, 3.5247e-02, 
 2DIAGNOSTIC,    41, -5.173642023677e-01, 5.685087756169e-05, 4.2398e+00, 4.0508e-02, 
 2DIAGNOSTIC,    42, -5.192665039581e-01, 8.991874546578e-05, 4.2849e+00, 4.5051e-02, 
 2DIAGNOSTIC,    43, -5.192887657436e-01, 1.154147665773e-04, 4.3347e+00, 4.9850e-02, 
 2DIAGNOSTIC,    44, -5.195638695802e-01, 1.354845415850e-04, 4.3749e+00, 4.0155e-02, 
 2DIAGNOSTIC,    45, -5.197238753245e-01, 1.475148312822e-04, 4.4149e+00, 3.9993e-02, 
 2DIAGNOSTIC,    46, -5.197259455503e-01, 1.461041216265e-04, 4.4564e+00, 4.1470e-02, 
 2DIAGNOSTIC,    47, -5.197393967986e-01, 1.297531660990e-04, 4.5104e+00, 5.4026e-02, 
 2DIAGNOSTIC,    48, -5.196910231147e-01, 1.045778430801e-04, 4.5519e+00, 4.1560e-02, 
 2DIAGNOSTIC,    49, -5.196697425053e-01, 7.152881213204e-05, 4.5917e+00, 3.9789e-02, 
 2DIAGNOSTIC,    50, -5.196088223806e-01, 3.499918628630e-05, 4.6266e+00, 3.4838e-02, 
 2DIAGNOSTIC,    51, -5.195834734019e-01, 8.125721837393e-06, 4.6627e+00, 3.6145e-02, 
 2DIAGNOSTIC,    52, -5.195779395317e-01, 2.773388363752e-06, 4.7084e+00, 4.5656e-02, 
DIAGNOSTIC,Iteration,metricValue,convergenceValue,ITERATION_TIME_INDEX,SINCE_LAST
 2DIAGNOSTIC,     1, -4.430851373126e-01, 1.797693134862e+308, 7.6806e+00, 2.9722e+00, 
 2DIAGNOSTIC,     2, -4.436432185329e-01, 1.797693134862e+308, 7.9339e+00, 2.5327e-01, 
 2DIAGNOSTIC,     3, -4.441970804703e-01, 1.797693134862e+308, 8.1841e+00, 2.5024e-01, 
 2DIAGNOSTIC,     4, -4.447368819013e-01, 1.797693134862e+308, 8.4374e+00, 2.5327e-01, 
 2DIAGNOSTIC,     5, -4.453546602438e-01, 1.797693134862e+308, 8.6859e+00, 2.4852e-01, 
 2DIAGNOSTIC,     6, -4.459984119232e-01, 1.797693134862e+308, 8.9378e+00, 2.5187e-01, 
 2DIAGNOSTIC,     7, -4.462943035561e-01, 1.797693134862e+308, 9.2889e+00, 3.5114e-01, 
 2DIAGNOSTIC,     8, -4.463980408154e-01, 1.797693134862e+308, 9.5382e+00, 2.4926e-01, 
 2DIAGNOSTIC,     9, -4.465307447586e-01, 1.797693134862e+308, 9.7863e+00, 2.4813e-01, 
 2DIAGNOSTIC,    10, -4.469582549191e-01, 5.631793972608e-04, 1.0178e+01, 3.9196e-01, 
 2DIAGNOSTIC,    11, -4.471162887000e-01, 4.483620279941e-04, 1.0462e+01, 2.8324e-01, 
 2DIAGNOSTIC,    12, -4.471615948926e-01, 3.446529658741e-04, 1.0749e+01, 2.8720e-01, 
 2DIAGNOSTIC,    13, -4.471718456874e-01, 2.540745747138e-04, 1.1032e+01, 2.8357e-01, 
 2DIAGNOSTIC,    14, -4.471665620893e-01, 1.776661806473e-04, 1.1279e+01, 2.4712e-01, 
 2DIAGNOSTIC,    15, -4.471948449857e-01, 1.220444740812e-04, 1.1567e+01, 2.8771e-01, 
 2DIAGNOSTIC,    16, -4.472203965438e-01, 8.864784366074e-05, 1.1859e+01, 2.9194e-01, 
 2DIAGNOSTIC,    17, -4.472135307131e-01, 6.218566754834e-05, 1.2108e+01, 2.4859e-01, 
 2DIAGNOSTIC,    18, -4.472388918688e-01, 3.783046311334e-05, 1.2395e+01, 2.8739e-01, 
 2DIAGNOSTIC,    19, -4.473079923727e-01, 1.913141847502e-05, 1.2677e+01, 2.8150e-01, 
 2DIAGNOSTIC,    20, -4.473067184154e-01, 1.406177565972e-05, 1.2957e+01, 2.8046e-01, 
 2DIAGNOSTIC,    21, -4.473640939634e-01, 1.483161343065e-05, 1.3202e+01, 2.4506e-01, 
 2DIAGNOSTIC,    22, -4.474923902891e-01, 1.929782679059e-05, 1.3483e+01, 2.8127e-01, 
 2DIAGNOSTIC,    23, -4.475639887529e-01, 2.389415607347e-05, 1.3905e+01, 4.2207e-01, 
 2DIAGNOSTIC,    24, -4.475950427994e-01, 2.664214149957e-05, 1.4194e+01, 2.8819e-01, 
 2DIAGNOSTIC,    25, -4.476137588041e-01, 2.802029769918e-05, 1.4476e+01, 2.8287e-01, 
 2DIAGNOSTIC,    26, -4.476827402113e-01, 2.911989894737e-05, 1.4722e+01, 2.4577e-01, 
 2DIAGNOSTIC,    27, -4.477596802266e-01, 2.907241666204e-05, 1.4969e+01, 2.4712e-01, 
 2DIAGNOSTIC,    28, -4.482303149627e-01, 3.757841491404e-05, 1.5395e+01, 4.2538e-01, 
 2DIAGNOSTIC,    29, -4.482662128708e-01, 4.415086716578e-05, 1.5786e+01, 3.9167e-01, 
 2DIAGNOSTIC,    30, -4.482726116141e-01, 4.645516780622e-05, 1.6072e+01, 2.8599e-01, 
 2DIAGNOSTIC,    31, -4.482670423172e-01, 4.546089920665e-05, 1.6354e+01, 2.8197e-01, 
 2DIAGNOSTIC,    32, -4.482684838479e-01, 4.282053573153e-05, 1.6634e+01, 2.7965e-01, 
 2DIAGNOSTIC,    33, -4.482661920971e-01, 3.755735741468e-05, 1.6951e+01, 3.1705e-01, 
 2DIAGNOSTIC,    34, -4.482636152678e-01, 2.964773744336e-05, 1.7234e+01, 2.8341e-01, 
 2DIAGNOSTIC,    35, -4.482568695981e-01, 1.979871744231e-05, 1.7482e+01, 2.4725e-01, 
 2DIAGNOSTIC,    36, -4.482539605992e-01, 9.944206094698e-06, 1.7764e+01, 2.8233e-01, 
DIAGNOSTIC,Iteration,metricValue,convergenceValue,ITERATION_TIME_INDEX,SINCE_LAST
 2DIAGNOSTIC,     1, -3.799649963447e-01, 1.797693134862e+308, 2.2876e+01, 5.1123e+00, 
 2DIAGNOSTIC,     2, -3.802569023506e-01, 1.797693134862e+308, 2.4738e+01, 1.8618e+00, 
 2DIAGNOSTIC,     3, -3.804908204484e-01, 1.797693134862e+308, 2.6714e+01, 1.9754e+00, 
 2DIAGNOSTIC,     4, -3.807208136688e-01, 1.797693134862e+308, 2.8615e+01, 1.9012e+00, 
 2DIAGNOSTIC,     5, -3.809306181672e-01, 1.797693134862e+308, 3.1038e+01, 2.4234e+00, 
 2DIAGNOSTIC,     6, -3.810504615723e-01, 1.797693134862e+308, 3.3710e+01, 2.6719e+00, 
 2DIAGNOSTIC,     7, -3.810662270016e-01, 1.797693134862e+308, 3.5585e+01, 1.8752e+00, 
 2DIAGNOSTIC,     8, -3.811040486231e-01, 1.797693134862e+308, 3.7599e+01, 2.0141e+00, 
 2DIAGNOSTIC,     9, -3.811136885802e-01, 1.797693134862e+308, 3.9158e+01, 1.5584e+00, 
 2DIAGNOSTIC,    10, -3.811169299442e-01, 1.906771020190e-04, 4.0852e+01, 1.6942e+00, 
 2DIAGNOSTIC,    11, -3.811333255158e-01, 1.238521317172e-04, 4.2583e+01, 1.7308e+00, 
 2DIAGNOSTIC,    12, -3.811323541194e-01, 7.531915588335e-05, 4.6553e+01, 3.9701e+00, 
 2DIAGNOSTIC,    13, -3.811325624593e-01, 4.098936758544e-05, 4.9487e+01, 2.9338e+00, 
 2DIAGNOSTIC,    14, -3.811322315540e-01, 2.007391237023e-05, 5.1356e+01, 1.8688e+00, 
 2DIAGNOSTIC,    15, -3.811315222343e-01, 1.058648775959e-05, 5.3493e+01, 2.1373e+00, 
 2DIAGNOSTIC,    16, -3.811312537545e-01, 7.080781108157e-06, 5.5377e+01, 1.8838e+00, 
 2DIAGNOSTIC,    17, -3.811309730503e-01, 4.156136167256e-06, 5.7514e+01, 2.1373e+00, 
 2DIAGNOSTIC,    18, -3.811302692653e-01, 2.885150284612e-06, 5.9384e+01, 1.8699e+00, 
 2DIAGNOSTIC,    19, -3.811299961169e-01, 2.016578454361e-06, 6.1814e+01, 2.4305e+00, 
 2DIAGNOSTIC,    20, -3.811298115003e-01, 1.299671892024e-06, 6.3957e+01, 2.1428e+00, 
 2DIAGNOSTIC,    21, -3.811295839014e-01, 1.253444964523e-06, 6.6083e+01, 2.1256e+00, 
 2DIAGNOSTIC,    22, -3.811292380453e-01, 1.190763292983e-06, 6.7959e+01, 1.8759e+00, 
 2DIAGNOSTIC,    23, -3.811289194120e-01, 1.154359887109e-06, 6.9815e+01, 1.8567e+00, 
 2DIAGNOSTIC,    24, -3.811290318231e-01, 1.136361733191e-06, 7.1932e+01, 2.1170e+00, 
 2DIAGNOSTIC,    25, -3.811288297511e-01, 1.109965070224e-06, 7.4043e+01, 2.1103e+00, 
 2DIAGNOSTIC,    26, -3.811287650584e-01, 1.091443733899e-06, 7.6160e+01, 2.1173e+00, 
 2DIAGNOSTIC,    27, -3.811288800852e-01, 1.082827979663e-06, 7.8296e+01, 2.1361e+00, 
 2DIAGNOSTIC,    28, -3.811286433288e-01, 1.058819671641e-06, 8.0457e+01, 2.1610e+00, 
 2DIAGNOSTIC,    29, -3.811283670797e-01, 1.029771254588e-06, 8.2919e+01, 2.4615e+00, 
DIAGNOSTIC,Iteration,metricValue,convergenceValue,ITERATION_TIME_INDEX,SINCE_LAST
 2DIAGNOSTIC,     1, -3.363155894311e-01, 1.797693134862e+308, 1.0064e+02, 1.7725e+01, 
 2DIAGNOSTIC,     2, -3.366211561918e-01, 1.797693134862e+308, 1.1362e+02, 1.2975e+01, 
 2DIAGNOSTIC,     3, -3.368467275532e-01, 1.797693134862e+308, 1.2658e+02, 1.2959e+01, 
 2DIAGNOSTIC,     4, -3.369539479972e-01, 1.797693134862e+308, 1.4127e+02, 1.4689e+01, 
 2DIAGNOSTIC,     5, -3.370755197593e-01, 1.797693134862e+308, 1.6846e+02, 2.7197e+01, 
 2DIAGNOSTIC,     6, -3.370787777283e-01, 1.797693134862e+308, 1.8330e+02, 1.4837e+01, 
 2DIAGNOSTIC,     7, -3.370796287532e-01, 1.797693134862e+308, 1.9287e+02, 9.5661e+00, 
 2DIAGNOSTIC,     8, -3.370791549544e-01, 1.797693134862e+308, 2.0404e+02, 1.1178e+01, 
 2DIAGNOSTIC,     9, -3.370790343090e-01, 1.797693134862e+308, 2.1517e+02, 1.1130e+01, 
 2DIAGNOSTIC,    10, -3.370788641568e-01, 1.200699971688e-04, 2.2797e+02, 1.2791e+01, 
 2DIAGNOSTIC,    11, -3.370790468226e-01, 6.043230338415e-05, 2.4457e+02, 1.6600e+01, 
 2DIAGNOSTIC,    12, -3.370792301739e-01, 2.684356842968e-05, 2.5813e+02, 1.3561e+01, 
 2DIAGNOSTIC,    13, -3.370790947807e-01, 1.076563305775e-05, 2.7646e+02, 1.8332e+01, 
 2DIAGNOSTIC,    14, -3.370790641239e-01, 2.481518183939e-06, 2.9046e+02, 1.3998e+01, 
 2DIAGNOSTIC,    15, -3.370790760401e-01, 2.114828084043e-06, 3.0532e+02, 1.4863e+01, 
 2DIAGNOSTIC,    16, -3.370788745908e-01, 1.953691335835e-06, 3.1839e+02, 1.3073e+01, 
 2DIAGNOSTIC,    17, -3.370788646564e-01, 1.857038027388e-06, 3.3146e+02, 1.3069e+01, 
 2DIAGNOSTIC,    18, -3.370785603999e-01, 1.736220034541e-06, 3.4809e+02, 1.6625e+01, 
 2DIAGNOSTIC,    19, -3.370785789892e-01, 1.627233656730e-06, 3.6643e+02, 1.8343e+01, 
 2DIAGNOSTIC,    20, -3.370785211980e-01, 1.523563712698e-06, 3.8126e+02, 1.4836e+01, 
 2DIAGNOSTIC,    21, -3.370784883349e-01, 1.441770634193e-06, 3.9421e+02, 1.2945e+01, 
 2DIAGNOSTIC,    22, -3.370784547106e-01, 1.380243160147e-06, 4.0900e+02, 1.4785e+01, 
 2DIAGNOSTIC,    23, -3.370784256305e-01, 1.324298714078e-06, 4.2273e+02, 1.3739e+01, 
 2DIAGNOSTIC,    24, -3.370784436975e-01, 1.278037394165e-06, 4.3561e+02, 1.2877e+01, 
 2DIAGNOSTIC,    25, -3.370783858136e-01, 1.238410451507e-06, 4.4868e+02, 1.3070e+01, 
 2DIAGNOSTIC,    26, -3.370786724623e-01, 1.207788690477e-06, 4.6347e+02, 1.4793e+01, 
 2DIAGNOSTIC,    27, -3.370787667271e-01, 1.183572566114e-06, 4.8002e+02, 1.6543e+01, 
 2DIAGNOSTIC,    28, -3.370790870407e-01, 1.161034652600e-06, 4.9465e+02, 1.4629e+01, 
 2DIAGNOSTIC,    29, -3.370790642970e-01, 1.137514605835e-06, 5.0762e+02, 1.2978e+01, 
 2DIAGNOSTIC,    30, -3.370790624173e-01, 1.110228275925e-06, 5.2072e+02, 1.3092e+01, 
 2DIAGNOSTIC,    31, -3.370791321067e-01, 1.081022289774e-06, 5.3555e+02, 1.4833e+01, 
 2DIAGNOSTIC,    32, -3.370793181006e-01, 1.052307857567e-06, 5.5027e+02, 1.4723e+01, 
 2DIAGNOSTIC,    33, -3.370794406975e-01, 1.022040829232e-06, 5.6428e+02, 1.4007e+01, 
  Elapsed time (stage 1): 5.7410e+02


Total elapsed time: 1.0702e+03

--------------------------------------------------------------------------------------
 Mapping parameters
--------------------------------------------------------------------------------------
 ANTSPATH is /usr/local/software/spack/spack-git/opt/spack/linux-rhel7-broadwell/gcc-5/ants-2.3.4-lj6vm7ccmij4yywr4ynrttcko4aoflqt/bin

 Dimensionality:           3
 Output name prefix:       T1xT2_ANTs
 Fixed images:             /home/ccn30/rds/rds-p00500_encrypt-URQgmO1brZ0/p00500/ENCRYPT_images/26040/T2/N4t2.nii
 Moving images:            /home/ccn30/rds/rds-p00500_encrypt-URQgmO1brZ0/p00500/ENCRYPT_images/26040/mp2rage/n4mag0000_PSIR_skulled_std.nii
 Mask images:              
 Initial transforms:       
 Number of threads:        1
 Spline distance:          26
 Transform type:           a
 MI histogram bins:        32
 Precision:                d
 Use histogram matching    0
======================================================================================
 antsRegistration call:
--------------------------------------------------------------------------------------
/usr/local/software/spack/spack-git/opt/spack/linux-rhel7-broadwell/gcc-5/ants-2.3.4-lj6vm7ccmij4yywr4ynrttcko4aoflqt/bin/antsRegistration --verbose 1 --dimensionality 3 --float 0 --collapse-output-transforms 1 --output [ T1xT2_ANTs,T1xT2_ANTsWarped.nii.gz,T1xT2_ANTsInverseWarped.nii.gz ] --interpolation Linear --use-histogram-matching 0 --winsorize-image-intensities [ 0.005,0.995 ] --initial-moving-transform [ /home/ccn30/rds/rds-p00500_encrypt-URQgmO1brZ0/p00500/ENCRYPT_images/26040/T2/N4t2.nii,/home/ccn30/rds/rds-p00500_encrypt-URQgmO1brZ0/p00500/ENCRYPT_images/26040/mp2rage/n4mag0000_PSIR_skulled_std.nii,1 ] --transform Rigid[ 0.1 ] --metric MI[ /home/ccn30/rds/rds-p00500_encrypt-URQgmO1brZ0/p00500/ENCRYPT_images/26040/T2/N4t2.nii,/home/ccn30/rds/rds-p00500_encrypt-URQgmO1brZ0/p00500/ENCRYPT_images/26040/mp2rage/n4mag0000_PSIR_skulled_std.nii,1,32,Regular,0.25 ] --convergence [ 1000x500x250x0,1e-6,10 ] --shrink-factors 12x8x4x2 --smoothing-sigmas 4x3x2x1vox --transform Affine[ 0.1 ] --metric MI[ /home/ccn30/rds/rds-p00500_encrypt-URQgmO1brZ0/p00500/ENCRYPT_images/26040/T2/N4t2.nii,/home/ccn30/rds/rds-p00500_encrypt-URQgmO1brZ0/p00500/ENCRYPT_images/26040/mp2rage/n4mag0000_PSIR_skulled_std.nii,1,32,Regular,0.25 ] --convergence [ 1000x500x250x0,1e-6,10 ] --shrink-factors 12x8x4x2 --smoothing-sigmas 4x3x2x1vox
--------------------------------------------------------------------------------------
All_Command_lines_OK
Using double precision for computations.
=============================================================================
The composite transform comprises the following transforms (in order): 
  1. Center of mass alignment using fixed image: /home/ccn30/rds/rds-p00500_encrypt-URQgmO1brZ0/p00500/ENCRYPT_images/26040/T2/N4t2.nii and moving image: /home/ccn30/rds/rds-p00500_encrypt-URQgmO1brZ0/p00500/ENCRYPT_images/26040/mp2rage/n4mag0000_PSIR_skulled_std.nii (type = Euler3DTransform)
=============================================================================
  number of levels = 4
  number of levels = 4
  fixed image: /home/ccn30/rds/rds-p00500_encrypt-URQgmO1brZ0/p00500/ENCRYPT_images/26040/T2/N4t2.nii
  moving image: /home/ccn30/rds/rds-p00500_encrypt-URQgmO1brZ0/p00500/ENCRYPT_images/26040/mp2rage/n4mag0000_PSIR_skulled_std.nii
  fixed image: /home/ccn30/rds/rds-p00500_encrypt-URQgmO1brZ0/p00500/ENCRYPT_images/26040/T2/N4t2.nii
  moving image: /home/ccn30/rds/rds-p00500_encrypt-URQgmO1brZ0/p00500/ENCRYPT_images/26040/mp2rage/n4mag0000_PSIR_skulled_std.nii
Dimension = 3
Number of stages = 2
Use Histogram Matching false
Winsorize image intensities true
Lower quantile = 0.005
Upper quantile = 0.995
Stage 1 State
   Image metric = Mattes
     Fixed image = Image (0x4365010)
  RTTI typeinfo:   itk::Image<double, 3u>
  Reference Count: 2
  Modified Time: 1709
  Debug: Off
  Object Name: 
  Observers: 
    none
  Source: (none)
  Source output name: (none)
  Release Data: Off
  Data Released: False
  Global Release Data: Off
  PipelineMTime: 0
  UpdateMTime: 1492
  RealTimeStamp: 0 seconds 
  LargestPossibleRegion: 
    Dimension: 3
    Index: [0, 0, 0]
    Size: [512, 512, 54]
  BufferedRegion: 
    Dimension: 3
    Index: [0, 0, 0]
    Size: [512, 512, 54]
  RequestedRegion: 
    Dimension: 3
    Index: [0, 0, 0]
    Size: [512, 512, 54]
  Spacing: [0.4375, 0.4375, 1.1]
  Origin: [-108.923, -20.1861, -119.175]
  Direction: 
1 1.03e-11 -7.38771e-12
1.03e-11 -0.320613 0.94721
-7.38771e-12 0.94721 0.320613

  IndexToPointMatrix: 
0.4375 4.50627e-12 -8.12648e-12
4.50627e-12 -0.140268 1.04193
-3.23212e-12 0.414405 0.352674

  PointToIndexMatrix: 
2.28571 2.35429e-11 -1.68862e-11
2.35429e-11 -0.73283 2.16505
-6.7161e-12 0.8611 0.291466

  Inverse Direction: 
1 1.03e-11 -7.38771e-12
1.03e-11 -0.320613 0.94721
-7.38771e-12 0.94721 0.320613

  PixelContainer: 
    ImportImageContainer (0x435f980)
      RTTI typeinfo:   itk::ImportImageContainer<unsigned long, double>
      Reference Count: 1
      Modified Time: 1489
      Debug: Off
      Object Name: 
      Observers: 
        none
      Pointer: 0x2b174abf9010
      Container manages memory: true
      Size: 14155776
      Capacity: 14155776

     Moving image = Image (0x4362b30)
  RTTI typeinfo:   itk::Image<double, 3u>
  Reference Count: 2
  Modified Time: 1710
  Debug: Off
  Object Name: 
  Observers: 
    none
  Source: (none)
  Source output name: (none)
  Release Data: Off
  Data Released: False
  Global Release Data: Off
  PipelineMTime: 0
  UpdateMTime: 1707
  RealTimeStamp: 0 seconds 
  LargestPossibleRegion: 
    Dimension: 3
    Index: [0, 0, 0]
    Size: [224, 320, 320]
  BufferedRegion: 
    Dimension: 3
    Index: [0, 0, 0]
    Size: [224, 320, 320]
  RequestedRegion: 
    Dimension: 3
    Index: [0, 0, 0]
    Size: [224, 320, 320]
  Spacing: [0.7, 0.7, 0.7]
  Origin: [-76.1911, 82.1668, -99.5228]
  Direction: 
1 0 0
0 -1 0
0 0 1

  IndexToPointMatrix: 
0.7 0 0
0 -0.7 0
0 0 0.7

  PointToIndexMatrix: 
1.42857 0 0
0 -1.42857 0
0 0 1.42857

  Inverse Direction: 
1 0 0
0 -1 0
0 0 1

  PixelContainer: 
    ImportImageContainer (0x435f780)
      RTTI typeinfo:   itk::ImportImageContainer<unsigned long, double>
      Reference Count: 1
      Modified Time: 1704
      Debug: Off
      Object Name: 
      Observers: 
        none
      Pointer: 0x2b17517fa010
      Container manages memory: true
      Size: 22937600
      Capacity: 22937600

     Weighting = 1
     Sampling strategy = regular
     Number of bins = 32
     Radius = 4
     Sampling percentage  = 0.25
   Transform = Rigid
     Gradient step = 0.1
     Update field sigma (voxel space) = 0
     Total field sigma (voxel space) = 0
     Update field time sigma = 0
     Total field time sigma  = 0
     Number of time indices = 0
     Number of time point samples = 0
Stage 2 State
   Image metric = Mattes
     Fixed image = Image (0x4374500)
  RTTI typeinfo:   itk::Image<double, 3u>
  Reference Count: 2
  Modified Time: 2141
  Debug: Off
  Object Name: 
  Observers: 
    none
  Source: (none)
  Source output name: (none)
  Release Data: Off
  Data Released: False
  Global Release Data: Off
  PipelineMTime: 0
  UpdateMTime: 1924
  RealTimeStamp: 0 seconds 
  LargestPossibleRegion: 
    Dimension: 3
    Index: [0, 0, 0]
    Size: [512, 512, 54]
  BufferedRegion: 
    Dimension: 3
    Index: [0, 0, 0]
    Size: [512, 512, 54]
  RequestedRegion: 
    Dimension: 3
    Index: [0, 0, 0]
    Size: [512, 512, 54]
  Spacing: [0.4375, 0.4375, 1.1]
  Origin: [-108.923, -20.1861, -119.175]
  Direction: 
1 1.03e-11 -7.38771e-12
1.03e-11 -0.320613 0.94721
-7.38771e-12 0.94721 0.320613

  IndexToPointMatrix: 
0.4375 4.50627e-12 -8.12648e-12
4.50627e-12 -0.140268 1.04193
-3.23212e-12 0.414405 0.352674

  PointToIndexMatrix: 
2.28571 2.35429e-11 -1.68862e-11
2.35429e-11 -0.73283 2.16505
-6.7161e-12 0.8611 0.291466

  Inverse Direction: 
1 1.03e-11 -7.38771e-12
1.03e-11 -0.320613 0.94721
-7.38771e-12 0.94721 0.320613

  PixelContainer: 
    ImportImageContainer (0x4365860)
      RTTI typeinfo:   itk::ImportImageContainer<unsigned long, double>
      Reference Count: 1
      Modified Time: 1921
      Debug: Off
      Object Name: 
      Observers: 
        none
      Pointer: 0x2b175c6fb010
      Container manages memory: true
      Size: 14155776
      Capacity: 14155776

     Moving image = Image (0x4378f40)
  RTTI typeinfo:   itk::Image<double, 3u>
  Reference Count: 2
  Modified Time: 2142
  Debug: Off
  Object Name: 
  Observers: 
    none
  Source: (none)
  Source output name: (none)
  Release Data: Off
  Data Released: False
  Global Release Data: Off
  PipelineMTime: 0
  UpdateMTime: 2139
  RealTimeStamp: 0 seconds 
  LargestPossibleRegion: 
    Dimension: 3
    Index: [0, 0, 0]
    Size: [224, 320, 320]
  BufferedRegion: 
    Dimension: 3
    Index: [0, 0, 0]
    Size: [224, 320, 320]
  RequestedRegion: 
    Dimension: 3
    Index: [0, 0, 0]
    Size: [224, 320, 320]
  Spacing: [0.7, 0.7, 0.7]
  Origin: [-76.1911, 82.1668, -99.5228]
  Direction: 
1 0 0
0 -1 0
0 0 1

  IndexToPointMatrix: 
0.7 0 0
0 -0.7 0
0 0 0.7

  PointToIndexMatrix: 
1.42857 0 0
0 -1.42857 0
0 0 1.42857

  Inverse Direction: 
1 0 0
0 -1 0
0 0 1

  PixelContainer: 
    ImportImageContainer (0x4370750)
      RTTI typeinfo:   itk::ImportImageContainer<unsigned long, double>
      Reference Count: 1
      Modified Time: 2136
      Debug: Off
      Object Name: 
      Observers: 
        none
      Pointer: 0x2b17632fc010
      Container manages memory: true
      Size: 22937600
      Capacity: 22937600

     Weighting = 1
     Sampling strategy = regular
     Number of bins = 32
     Radius = 4
     Sampling percentage  = 0.25
   Transform = Affine
     Gradient step = 0.1
     Update field sigma (voxel space) = 0
     Total field sigma (voxel space) = 0
     Update field time sigma = 0
     Total field time sigma  = 0
     Number of time indices = 0
     Number of time point samples = 0
Registration using 2 total stages.

Stage 0
  iterations = 1000x500x250x0
  convergence threshold = 1e-06
  convergence window size = 10
  number of levels = 4
  using the Mattes MI metric (number of bins = 32, weight = 1)
  preprocessing:  winsorizing the image intensities
  Shrink factors (level 1 out of 4): [12, 12, 5]
  Shrink factors (level 2 out of 4): [8, 8, 3]
  Shrink factors (level 3 out of 4): [4, 4, 2]
  Shrink factors (level 4 out of 4): [2, 2, 1]
  smoothing sigmas per level: [4, 3, 2, 1]
  regular sampling (percentage = 0.25)

*** Running Euler3DTransform registration ***

DIAGNOSTIC,Iteration,metricValue,convergenceValue,ITERATION_TIME_INDEX,SINCE_LAST
 2DIAGNOSTIC,     1, -4.437078315300e-01, 1.797693134862e+308, 4.1905e+00, 4.1905e+00, 
 2DIAGNOSTIC,     2, -4.442657966363e-01, 1.797693134862e+308, 4.2008e+00, 1.0348e-02, 
 2DIAGNOSTIC,     3, -4.453155445064e-01, 1.797693134862e+308, 4.2160e+00, 1.5139e-02, 
 2DIAGNOSTIC,     4, -4.490446111259e-01, 1.797693134862e+308, 4.2260e+00, 1.0014e-02, 
 2DIAGNOSTIC,     5, -4.544930687466e-01, 1.797693134862e+308, 4.2346e+00, 8.6389e-03, 
 2DIAGNOSTIC,     6, -4.634635793113e-01, 1.797693134862e+308, 4.2509e+00, 1.6243e-02, 
 2DIAGNOSTIC,     7, -4.706342888974e-01, 1.797693134862e+308, 4.2619e+00, 1.1044e-02, 
 2DIAGNOSTIC,     8, -4.761164509813e-01, 1.797693134862e+308, 4.2705e+00, 8.5549e-03, 
 2DIAGNOSTIC,     9, -4.805091787539e-01, 1.797693134862e+308, 4.2868e+00, 1.6309e-02, 
 2DIAGNOSTIC,    10, -4.822897778898e-01, 6.380035934022e-03, 4.3000e+00, 1.3171e-02, 
 2DIAGNOSTIC,    11, -4.843746595529e-01, 5.904521281294e-03, 4.3099e+00, 9.9230e-03, 
 2DIAGNOSTIC,    12, -4.854844742596e-01, 5.066458805162e-03, 4.3263e+00, 1.6391e-02, 
 2DIAGNOSTIC,    13, -4.871388980050e-01, 4.032114052782e-03, 4.3404e+00, 1.4137e-02, 
 2DIAGNOSTIC,    14, -4.899568973121e-01, 3.067849345766e-03, 4.3596e+00, 1.9167e-02, 
 2DIAGNOSTIC,    15, -4.903168525378e-01, 2.185631112736e-03, 4.3744e+00, 1.4833e-02, 
 2DIAGNOSTIC,    16, -4.908348703100e-01, 1.573794800888e-03, 4.3837e+00, 9.2940e-03, 
 2DIAGNOSTIC,    17, -4.906362893266e-01, 1.136692891255e-03, 4.3983e+00, 1.4556e-02, 
 2DIAGNOSTIC,    18, -4.906449762454e-01, 8.253311767192e-04, 4.4131e+00, 1.4866e-02, 
 2DIAGNOSTIC,    19, -4.905400080091e-01, 6.051762771372e-04, 4.4232e+00, 1.0103e-02, 
 2DIAGNOSTIC,    20, -4.902720510748e-01, 3.958995793158e-04, 4.4381e+00, 1.4886e-02, 
 2DIAGNOSTIC,    21, -4.905422898241e-01, 2.383745266614e-04, 4.4520e+00, 1.3882e-02, 
 2DIAGNOSTIC,    22, -4.907117383412e-01, 1.076895088100e-04, 4.4620e+00, 9.9959e-03, 
 2DIAGNOSTIC,    23, -4.919297758361e-01, 5.127876067237e-05, 4.4810e+00, 1.8984e-02, 
 2DIAGNOSTIC,    24, -4.915756347817e-01, 5.530336557503e-05, 4.5020e+00, 2.1041e-02, 
 2DIAGNOSTIC,    25, -4.917486651279e-01, 6.694701002861e-05, 4.5180e+00, 1.6016e-02, 
 2DIAGNOSTIC,    26, -4.915798539049e-01, 7.971855633514e-05, 4.5314e+00, 1.3418e-02, 
 2DIAGNOSTIC,    27, -4.909861156823e-01, 6.644727406649e-05, 4.5403e+00, 8.8379e-03, 
 2DIAGNOSTIC,    28, -4.910268596707e-01, 4.908878252650e-05, 4.5554e+00, 1.5128e-02, 
 2DIAGNOSTIC,    29, -4.920158306219e-01, 4.654471412498e-05, 4.5689e+00, 1.3501e-02, 
 2DIAGNOSTIC,    30, -4.920233912088e-01, 3.427038274148e-05, 4.5789e+00, 1.0036e-02, 
 2DIAGNOSTIC,    31, -4.920371500804e-01, 2.547971618683e-05, 4.5944e+00, 1.5416e-02, 
 2DIAGNOSTIC,    32, -4.919717999128e-01, 1.667317994867e-05, 4.6084e+00, 1.4072e-02, 
 2DIAGNOSTIC,    33, -4.919877839142e-01, 2.916881252441e-05, 4.6205e+00, 1.2058e-02, 
 2DIAGNOSTIC,    34, -4.919965406177e-01, 3.164826045444e-05, 4.6372e+00, 1.6692e-02, 
 2DIAGNOSTIC,    35, -4.910170472790e-01, 1.737451395225e-05, 4.6507e+00, 1.3474e-02, 
 2DIAGNOSTIC,    36, -4.920097802752e-01, 1.684363817477e-05, 4.6593e+00, 8.5979e-03, 
 2DIAGNOSTIC,    37, -4.920141627075e-01, 4.997116192791e-06, 4.6757e+00, 1.6475e-02, 
DIAGNOSTIC,Iteration,metricValue,convergenceValue,ITERATION_TIME_INDEX,SINCE_LAST
 2DIAGNOSTIC,     1, -3.607768485736e-01, 1.797693134862e+308, 8.9270e+00, 4.2512e+00, 
 2DIAGNOSTIC,     2, -3.620960088771e-01, 1.797693134862e+308, 8.9867e+00, 5.9769e-02, 
 2DIAGNOSTIC,     3, -3.627832009771e-01, 1.797693134862e+308, 9.0452e+00, 5.8435e-02, 
 2DIAGNOSTIC,     4, -3.631324292647e-01, 1.797693134862e+308, 9.1055e+00, 6.0383e-02, 
 2DIAGNOSTIC,     5, -3.632682933687e-01, 1.797693134862e+308, 9.1751e+00, 6.9597e-02, 
 2DIAGNOSTIC,     6, -3.633665011950e-01, 1.797693134862e+308, 9.2434e+00, 6.8256e-02, 
 2DIAGNOSTIC,     7, -3.635339546555e-01, 1.797693134862e+308, 9.3319e+00, 8.8475e-02, 
 2DIAGNOSTIC,     8, -3.635242545544e-01, 1.797693134862e+308, 9.3883e+00, 5.6438e-02, 
 2DIAGNOSTIC,     9, -3.635467671870e-01, 1.797693134862e+308, 9.4501e+00, 6.1778e-02, 
 2DIAGNOSTIC,    10, -3.635890851419e-01, 3.793175917244e-04, 9.5061e+00, 5.6021e-02, 
 2DIAGNOSTIC,    11, -3.635882602597e-01, 1.903893934906e-04, 9.6055e+00, 9.9410e-02, 
 2DIAGNOSTIC,    12, -3.635892690971e-01, 1.012914141661e-04, 9.6733e+00, 6.7787e-02, 
 2DIAGNOSTIC,    13, -3.635901865243e-01, 5.804256478013e-05, 9.7325e+00, 5.9222e-02, 
 2DIAGNOSTIC,    14, -3.635905531114e-01, 3.544576230786e-05, 9.7919e+00, 5.9406e-02, 
 2DIAGNOSTIC,    15, -3.635909382574e-01, 1.985523027194e-05, 9.8507e+00, 5.8804e-02, 
 2DIAGNOSTIC,    16, -3.635912260622e-01, 9.177344513306e-06, 9.9195e+00, 6.8737e-02, 
 2DIAGNOSTIC,    17, -3.635699809153e-01, 5.881453457028e-06, 9.9980e+00, 7.8505e-02, 
 2DIAGNOSTIC,    18, -3.635916711671e-01, 3.122433230508e-06, 1.0066e+01, 6.7875e-02, 
 2DIAGNOSTIC,    19, -3.635917236689e-01, 1.371828547224e-06, 1.0123e+01, 5.7225e-02, 
DIAGNOSTIC,Iteration,metricValue,convergenceValue,ITERATION_TIME_INDEX,SINCE_LAST
 2DIAGNOSTIC,     1, -3.197847569319e-01, 1.797693134862e+308, 1.4744e+01, 4.6205e+00, 
 2DIAGNOSTIC,     2, -3.222134993225e-01, 1.797693134862e+308, 1.5099e+01, 3.5493e-01, 
 2DIAGNOSTIC,     3, -3.235898195147e-01, 1.797693134862e+308, 1.5511e+01, 4.1215e-01, 
 2DIAGNOSTIC,     4, -3.238074687779e-01, 1.797693134862e+308, 1.5857e+01, 3.4655e-01, 
 2DIAGNOSTIC,     5, -3.238026408595e-01, 1.797693134862e+308, 1.6377e+01, 5.1970e-01, 
 2DIAGNOSTIC,     6, -3.238239031995e-01, 1.797693134862e+308, 1.6957e+01, 5.8025e-01, 
 2DIAGNOSTIC,     7, -3.238218766274e-01, 1.797693134862e+308, 1.7367e+01, 4.1003e-01, 
 2DIAGNOSTIC,     8, -3.238195114998e-01, 1.797693134862e+308, 1.7774e+01, 4.0726e-01, 
 2DIAGNOSTIC,     9, -3.238170248335e-01, 1.797693134862e+308, 1.8179e+01, 4.0419e-01, 
 2DIAGNOSTIC,    10, -3.238114570349e-01, 4.954930175978e-04, 1.8528e+01, 3.4923e-01, 
 2DIAGNOSTIC,    11, -3.238124643788e-01, 1.473006909701e-04, 1.8938e+01, 4.1043e-01, 
 2DIAGNOSTIC,    12, -3.238133472026e-01, 1.953804062099e-05, 1.9290e+01, 3.5189e-01, 
 2DIAGNOSTIC,    13, -3.238117337048e-01, 2.471278202090e-06, 1.9644e+01, 3.5368e-01, 
 2DIAGNOSTIC,    14, -3.238125323411e-01, 1.588451331053e-06, 2.0049e+01, 4.0505e-01, 
DIAGNOSTIC,Iteration,metricValue,convergenceValue,ITERATION_TIME_INDEX,SINCE_LAST
 2DIAGNOSTIC,     1, -2.807618277673e-01, 1.797693134862e+308, 2.6863e+01, 6.8139e+00, 
  Elapsed time (stage 0): 2.8685e+01


Stage 1
  iterations = 1000x500x250x0
  convergence threshold = 1.0000e-06
  convergence window size = 10
  number of levels = 4
  using the Mattes MI metric (number of bins = 32, weight = 1.0000e+00)
  preprocessing:  winsorizing the image intensities
  Shrink factors (level 1 out of 4): [12, 12, 5]
  Shrink factors (level 2 out of 4): [8, 8, 3]
  Shrink factors (level 3 out of 4): [4, 4, 2]
  Shrink factors (level 4 out of 4): [2, 2, 1]
  smoothing sigmas per level: [4, 3, 2, 1]
  regular sampling (percentage = 2.5000e-01)

*** Running AffineTransform registration ***

DIAGNOSTIC,Iteration,metricValue,convergenceValue,ITERATION_TIME_INDEX,SINCE_LAST
 2DIAGNOSTIC,     1, -5.002363696147e-01, 1.797693134862e+308, 4.1749e+00, 4.1749e+00, 
 2DIAGNOSTIC,     2, -5.012945753831e-01, 1.797693134862e+308, 4.1874e+00, 1.2428e-02, 
 2DIAGNOSTIC,     3, -5.029994456960e-01, 1.797693134862e+308, 4.2000e+00, 1.2642e-02, 
 2DIAGNOSTIC,     4, -5.049345518705e-01, 1.797693134862e+308, 4.2163e+00, 1.6306e-02, 
 2DIAGNOSTIC,     5, -5.076176275260e-01, 1.797693134862e+308, 4.2288e+00, 1.2471e-02, 
 2DIAGNOSTIC,     6, -5.105046358400e-01, 1.797693134862e+308, 4.2494e+00, 2.0645e-02, 
 2DIAGNOSTIC,     7, -5.105512203219e-01, 1.797693134862e+308, 4.2614e+00, 1.2019e-02, 
 2DIAGNOSTIC,     8, -5.113486278262e-01, 1.797693134862e+308, 4.2716e+00, 1.0123e-02, 
 2DIAGNOSTIC,     9, -5.116098711196e-01, 1.797693134862e+308, 4.2873e+00, 1.5717e-02, 
 2DIAGNOSTIC,    10, -5.126096492332e-01, 1.703057540109e-03, 4.3065e+00, 1.9201e-02, 
 2DIAGNOSTIC,    11, -5.127699214163e-01, 1.341264216314e-03, 4.3241e+00, 1.7642e-02, 
 2DIAGNOSTIC,    12, -5.126184620560e-01, 9.633865779863e-04, 4.3411e+00, 1.6970e-02, 
 2DIAGNOSTIC,    13, -5.126569039750e-01, 6.337225372438e-04, 4.3575e+00, 1.6450e-02, 
 2DIAGNOSTIC,    14, -5.124430337035e-01, 3.607657443962e-04, 4.3729e+00, 1.5355e-02, 
 2DIAGNOSTIC,    15, -5.125224795984e-01, 1.914296156203e-04, 4.3851e+00, 1.2156e-02, 
 2DIAGNOSTIC,    16, -5.125964325239e-01, 1.293908836512e-04, 4.4008e+00, 1.5753e-02, 
 2DIAGNOSTIC,    17, -5.125582237472e-01, 6.304162106564e-05, 4.4136e+00, 1.2826e-02, 
 2DIAGNOSTIC,    18, -5.127475779612e-01, 2.937189123505e-05, 4.4253e+00, 1.1685e-02, 
 2DIAGNOSTIC,    19, -5.128596678428e-01, 6.761592687220e-06, 4.4421e+00, 1.6812e-02, 
 2DIAGNOSTIC,    20, -5.128408171507e-01, 1.305738122227e-05, 4.4567e+00, 1.4573e-02, 
 2DIAGNOSTIC,    21, -5.128758592194e-01, 2.299445856209e-05, 4.4692e+00, 1.2451e-02, 
 2DIAGNOSTIC,    22, -5.129701162713e-01, 2.851666520304e-05, 4.4872e+00, 1.8002e-02, 
 2DIAGNOSTIC,    23, -5.127687324404e-01, 2.713486537409e-05, 4.4985e+00, 1.1357e-02, 
 2DIAGNOSTIC,    24, -5.130170415306e-01, 2.432184169052e-05, 4.5193e+00, 2.0773e-02, 
 2DIAGNOSTIC,    25, -5.136268023591e-01, 3.474752218257e-05, 4.5333e+00, 1.4051e-02, 
 2DIAGNOSTIC,    26, -5.137243789641e-01, 4.460362364760e-05, 4.5505e+00, 1.7163e-02, 
 2DIAGNOSTIC,    27, -5.146670948929e-01, 6.834014577140e-05, 4.5693e+00, 1.8828e-02, 
 2DIAGNOSTIC,    28, -5.149029873327e-01, 9.215160099887e-05, 4.5797e+00, 1.0354e-02, 
 2DIAGNOSTIC,    29, -5.151193875224e-01, 1.120692802732e-04, 4.5964e+00, 1.6737e-02, 
 2DIAGNOSTIC,    30, -5.153213597151e-01, 1.235004569431e-04, 4.6101e+00, 1.3680e-02, 
 2DIAGNOSTIC,    31, -5.152464628887e-01, 1.217466663651e-04, 4.6252e+00, 1.5075e-02, 
 2DIAGNOSTIC,    32, -5.152835386280e-01, 1.111150345482e-04, 4.6433e+00, 1.8154e-02, 
 2DIAGNOSTIC,    33, -5.152424348235e-01, 8.652156616917e-05, 4.6573e+00, 1.3954e-02, 
 2DIAGNOSTIC,    34, -5.150379676434e-01, 5.588583833458e-05, 4.6756e+00, 1.8289e-02, 
 2DIAGNOSTIC,    35, -5.148933977701e-01, 2.940097324243e-05, 4.6870e+00, 1.1458e-02, 
 2DIAGNOSTIC,    36, -5.148150014747e-01, 1.685653910989e-06, 4.7027e+00, 1.5679e-02, 
DIAGNOSTIC,Iteration,metricValue,convergenceValue,ITERATION_TIME_INDEX,SINCE_LAST
 2DIAGNOSTIC,     1, -3.555307582770e-01, 1.797693134862e+308, 8.9758e+00, 4.2731e+00, 
 2DIAGNOSTIC,     2, -3.565717881259e-01, 1.797693134862e+308, 9.0375e+00, 6.1723e-02, 
 2DIAGNOSTIC,     3, -3.578378807434e-01, 1.797693134862e+308, 9.1021e+00, 6.4575e-02, 
 2DIAGNOSTIC,     4, -3.592189060128e-01, 1.797693134862e+308, 9.1650e+00, 6.2940e-02, 
 2DIAGNOSTIC,     5, -3.605379136667e-01, 1.797693134862e+308, 9.2494e+00, 8.4404e-02, 
 2DIAGNOSTIC,     6, -3.609918954200e-01, 1.797693134862e+308, 9.3211e+00, 7.1718e-02, 
 2DIAGNOSTIC,     7, -3.612242536153e-01, 1.797693134862e+308, 9.3856e+00, 6.4468e-02, 
 2DIAGNOSTIC,     8, -3.615670588268e-01, 1.797693134862e+308, 9.4578e+00, 7.2173e-02, 
 2DIAGNOSTIC,     9, -3.618418724082e-01, 1.797693134862e+308, 9.5495e+00, 9.1764e-02, 
 2DIAGNOSTIC,    10, -3.618958303237e-01, 1.156591493579e-03, 9.6144e+00, 6.4842e-02, 
 2DIAGNOSTIC,    11, -3.619782605056e-01, 8.149289515653e-04, 9.6856e+00, 7.1187e-02, 
 2DIAGNOSTIC,    12, -3.620192574822e-01, 5.287438131134e-04, 9.7513e+00, 6.5749e-02, 
 2DIAGNOSTIC,    13, -3.620289446605e-01, 3.153317173770e-04, 9.8142e+00, 6.2905e-02, 
 2DIAGNOSTIC,    14, -3.620813741371e-01, 1.830200889507e-04, 9.8772e+00, 6.2969e-02, 
 2DIAGNOSTIC,    15, -3.621813249726e-01, 1.261105462328e-04, 9.9412e+00, 6.3972e-02, 
 2DIAGNOSTIC,    16, -3.622375770149e-01, 9.002076014210e-05, 1.0004e+01, 6.2729e-02, 
 2DIAGNOSTIC,    17, -3.624488505401e-01, 7.036381911628e-05, 1.0112e+01, 1.0776e-01, 
 2DIAGNOSTIC,    18, -3.624662878545e-01, 6.189659208350e-05, 1.0177e+01, 6.5095e-02, 
 2DIAGNOSTIC,    19, -3.624727886206e-01, 6.048805324570e-05, 1.0240e+01, 6.3256e-02, 
 2DIAGNOSTIC,    20, -3.624952806556e-01, 5.675356425423e-05, 1.0312e+01, 7.1624e-02, 
 2DIAGNOSTIC,    21, -3.626492075128e-01, 5.699956839188e-05, 1.0405e+01, 9.3465e-02, 
 2DIAGNOSTIC,    22, -3.626374043099e-01, 5.287824583661e-05, 1.0479e+01, 7.4208e-02, 
 2DIAGNOSTIC,    23, -3.626376722360e-01, 4.471719334495e-05, 1.0541e+01, 6.1905e-02, 
 2DIAGNOSTIC,    24, -3.626378756665e-01, 3.501323557111e-05, 1.0606e+01, 6.4983e-02, 
 2DIAGNOSTIC,    25, -3.626382615871e-01, 2.608429069777e-05, 1.0669e+01, 6.2906e-02, 
 2DIAGNOSTIC,    26, -3.626304624188e-01, 1.672386194266e-05, 1.0745e+01, 7.5771e-02, 
 2DIAGNOSTIC,    27, -3.626385122064e-01, 1.298165927054e-05, 1.0979e+01, 2.3393e-01, 
 2DIAGNOSTIC,    28, -3.626385121746e-01, 8.949547086870e-06, 1.1040e+01, 6.0912e-02, 
 2DIAGNOSTIC,    29, -3.626385123549e-01, 4.661780738352e-06, 1.1106e+01, 6.5995e-02, 
DIAGNOSTIC,Iteration,metricValue,convergenceValue,ITERATION_TIME_INDEX,SINCE_LAST
 2DIAGNOSTIC,     1, -3.118878775746e-01, 1.797693134862e+308, 1.5657e+01, 4.5517e+00, 
 2DIAGNOSTIC,     2, -3.125693775403e-01, 1.797693134862e+308, 1.6029e+01, 3.7171e-01, 
 2DIAGNOSTIC,     3, -3.131967978718e-01, 1.797693134862e+308, 1.6406e+01, 3.7647e-01, 
 2DIAGNOSTIC,     4, -3.154940084231e-01, 1.797693134862e+308, 1.6891e+01, 4.8522e-01, 
 2DIAGNOSTIC,     5, -3.158942772440e-01, 1.797693134862e+308, 1.7260e+01, 3.6893e-01, 
 2DIAGNOSTIC,     6, -3.160518364669e-01, 1.797693134862e+308, 1.7685e+01, 4.2571e-01, 
 2DIAGNOSTIC,     7, -3.164026596383e-01, 1.797693134862e+308, 1.8114e+01, 4.2835e-01, 
 2DIAGNOSTIC,     8, -3.164208055562e-01, 1.797693134862e+308, 1.8550e+01, 4.3614e-01, 
 2DIAGNOSTIC,     9, -3.164507281066e-01, 1.797693134862e+308, 1.8978e+01, 4.2819e-01, 
 2DIAGNOSTIC,    10, -3.164604712429e-01, 9.663041643549e-04, 1.9406e+01, 4.2762e-01, 
 2DIAGNOSTIC,    11, -3.165646883595e-01, 6.440254125148e-04, 1.9887e+01, 4.8119e-01, 
 2DIAGNOSTIC,    12, -3.165285148889e-01, 3.672256793179e-04, 2.0314e+01, 4.2688e-01, 
 2DIAGNOSTIC,    13, -3.165562806902e-01, 1.416594862679e-04, 2.0845e+01, 5.3154e-01, 
 2DIAGNOSTIC,    14, -3.165778606908e-01, 8.472720214574e-05, 2.1271e+01, 4.2597e-01, 
 2DIAGNOSTIC,    15, -3.165748727263e-01, 5.164564481629e-05, 2.1698e+01, 4.2671e-01, 
 2DIAGNOSTIC,    16, -3.165697346039e-01, 2.617452082353e-05, 2.2071e+01, 3.7265e-01, 
 2DIAGNOSTIC,    17, -3.165701724368e-01, 2.011498146221e-05, 2.2441e+01, 3.7020e-01, 
 2DIAGNOSTIC,    18, -3.165741097734e-01, 1.417129527578e-05, 2.2926e+01, 4.8497e-01, 
 2DIAGNOSTIC,    19, -3.165781857944e-01, 9.304070139562e-06, 2.3353e+01, 4.2723e-01, 
 2DIAGNOSTIC,    20, -3.165776674582e-01, 4.494233432850e-06, 2.3835e+01, 4.8233e-01, 
 2DIAGNOSTIC,    21, -3.165762310120e-01, 4.360780405513e-06, 2.4373e+01, 5.3784e-01, 
 2DIAGNOSTIC,    22, -3.165680595288e-01, 2.140709402493e-06, 2.4804e+01, 4.3032e-01, 
 2DIAGNOSTIC,    23, -3.165659418536e-01, 1.028551203180e-06, 2.5239e+01, 4.3516e-01, 
DIAGNOSTIC,Iteration,metricValue,convergenceValue,ITERATION_TIME_INDEX,SINCE_LAST
 2DIAGNOSTIC,     1, -2.806701897528e-01, 1.797693134862e+308, 3.1922e+01, 6.6831e+00, 
  Elapsed time (stage 1): 3.3755e+01


Total elapsed time: 6.2447e+01
Using double precision for computations.
Input scalar image: /home/ccn30/rds/rds-p00500_encrypt-URQgmO1brZ0/p00500/ENCRYPT_images/26040/T2/N4t2.nii
Reference image: /home/ccn30/rds/rds-p00500_encrypt-URQgmO1brZ0/p00500/ENCRYPT_images/26040/mp2rage/n4mag0000_PSIR_skulled_std.nii
Can't read initial transform T1xT2_ANTs_0GenericAffine.mat
