This is job 2
Time: Thu 16 Sep 12:56:46 BST 2021
Running on master node: cpu-p-43
Current directory: /rds/user/ccn30/hpc-work/WBIC_lustre/ENCRYPT/scripts/Registration/slurmoutputs
Changed directory to /home/ccn30/rds/hpc-work/WBIC_lustre/ENCRYPT/scripts/Registration/slurmoutputs.

JobID: 46502776
======
Time: Thu 16 Sep 12:56:46 BST 2021
Running on master node: cpu-p-43
Current directory: /home/ccn30/rds/hpc-work/WBIC_lustre/ENCRYPT/scripts/Registration/slurmoutputs

Nodes allocated:
================
cpu-p-43

numtasks=, numnodes=, mpi_tasks_per_node= (OMP_NUM_THREADS=1)

Executing command:
==================
/home/ccn30/rds/hpc-work/WBIC_lustre/ENCRYPT/scripts/Registration/coreg_main.sh /home/ccn30/rds/hpc-work/WBIC_lustre/ENCRYPT/ENCRYPT_MasterRIScodes.txt 2 /home/ccn30/rds/rds-p00500_encrypt-URQgmO1brZ0/p00500 /home/ccn30/rds/hpc-work/WBIC_home/ENCRYPT/atlases/magdeburgatlas

******** starting 25774 ********
All_Command_lines_OK
Using double precision for computations.
=============================================================================
The composite transform comprises the following transforms (in order): 
  1. Center of mass alignment using fixed image: /home/ccn30/rds/hpc-work/WBIC_home/ENCRYPT/atlases/magdeburgatlas/template/template.nii.gz and moving image: /home/ccn30/rds/rds-p00500_encrypt-URQgmO1brZ0/p00500/ENCRYPT_images/25774/mp2rage/denoise_n4mag0000_PSIR_skulled_std.nii (type = Euler3DTransform)
=============================================================================
  number of levels = 4
  number of levels = 4
  fixed image: /home/ccn30/rds/hpc-work/WBIC_home/ENCRYPT/atlases/magdeburgatlas/template/template.nii.gz
  moving image: /home/ccn30/rds/rds-p00500_encrypt-URQgmO1brZ0/p00500/ENCRYPT_images/25774/mp2rage/denoise_n4mag0000_PSIR_skulled_std.nii
  fixed image: /home/ccn30/rds/hpc-work/WBIC_home/ENCRYPT/atlases/magdeburgatlas/template/template.nii.gz
  moving image: /home/ccn30/rds/rds-p00500_encrypt-URQgmO1brZ0/p00500/ENCRYPT_images/25774/mp2rage/denoise_n4mag0000_PSIR_skulled_std.nii
Dimension = 3
Number of stages = 2
Use Histogram Matching true
Winsorize image intensities true
Lower quantile = 0.005
Upper quantile = 0.995
Stage 1 State
   Image metric = Mattes
     Fixed image = Image (0x4620200)
  RTTI typeinfo:   itk::Image<double, 3u>
  Reference Count: 2
  Modified Time: 1698
  Debug: Off
  Object Name: 
  Observers: 
    none
  Source: (none)
  Source output name: (none)
  Release Data: Off
  Data Released: False
  Global Release Data: Off
  PipelineMTime: 0
  UpdateMTime: 1481
  RealTimeStamp: 0 seconds 
  LargestPossibleRegion: 
    Dimension: 3
    Index: [0, 0, 0]
    Size: [384, 301, 288]
  BufferedRegion: 
    Dimension: 3
    Index: [0, 0, 0]
    Size: [384, 301, 288]
  RequestedRegion: 
    Dimension: 3
    Index: [0, 0, 0]
    Size: [384, 301, 288]
  Spacing: [0.598958, 0.598958, 0.599937]
  Origin: [83.4012, -147.626, 85.1783]
  Direction: 
-0 0 -1
1 -0 0
0 -1 0

  IndexToPointMatrix: 
0 0 -0.599937
0.598958 0 0
0 -0.598958 0

  PointToIndexMatrix: 
0 1.66957 0
0 0 -1.66957
-1.66684 0 0

  Inverse Direction: 
0 1 0
0 0 -1
-1 0 0

  PixelContainer: 
    ImportImageContainer (0x4610dc0)
      RTTI typeinfo:   itk::ImportImageContainer<unsigned long, double>
      Reference Count: 1
      Modified Time: 1478
      Debug: Off
      Object Name: 
      Observers: 
        none
      Pointer: 0x2b39f7365010
      Container manages memory: true
      Size: 33288192
      Capacity: 33288192

     Moving image = Image (0x46243f0)
  RTTI typeinfo:   itk::Image<double, 3u>
  Reference Count: 2
  Modified Time: 1699
  Debug: Off
  Object Name: 
  Observers: 
    none
  Source: (none)
  Source output name: (none)
  Release Data: Off
  Data Released: False
  Global Release Data: Off
  PipelineMTime: 0
  UpdateMTime: 1696
  RealTimeStamp: 0 seconds 
  LargestPossibleRegion: 
    Dimension: 3
    Index: [0, 0, 0]
    Size: [224, 320, 320]
  BufferedRegion: 
    Dimension: 3
    Index: [0, 0, 0]
    Size: [224, 320, 320]
  RequestedRegion: 
    Dimension: 3
    Index: [0, 0, 0]
    Size: [224, 320, 320]
  Spacing: [0.7, 0.7, 0.7]
  Origin: [-78.0871, 70.8131, -108.555]
  Direction: 
1 0 0
0 -1 0
0 0 1

  IndexToPointMatrix: 
0.7 0 0
0 -0.7 0
0 0 0.7

  PointToIndexMatrix: 
1.42857 0 0
0 -1.42857 0
0 0 1.42857

  Inverse Direction: 
1 0 0
0 -1 0
0 0 1

  PixelContainer: 
    ImportImageContainer (0x46246b0)
      RTTI typeinfo:   itk::ImportImageContainer<unsigned long, double>
      Reference Count: 1
      Modified Time: 1693
      Debug: Off
      Object Name: 
      Observers: 
        none
      Pointer: 0x2b3a0715e010
      Container manages memory: true
      Size: 22937600
      Capacity: 22937600

     Weighting = 1
     Sampling strategy = regular
     Number of bins = 32
     Radius = 4
     Sampling percentage  = 0.25
   Transform = Rigid
     Gradient step = 0.1
     Update field sigma (voxel space) = 0
     Total field sigma (voxel space) = 0
     Update field time sigma = 0
     Total field time sigma  = 0
     Number of time indices = 0
     Number of time point samples = 0
Stage 2 State
   Image metric = Mattes
     Fixed image = Image (0x4633060)
  RTTI typeinfo:   itk::Image<double, 3u>
  Reference Count: 2
  Modified Time: 2130
  Debug: Off
  Object Name: 
  Observers: 
    none
  Source: (none)
  Source output name: (none)
  Release Data: Off
  Data Released: False
  Global Release Data: Off
  PipelineMTime: 0
  UpdateMTime: 1913
  RealTimeStamp: 0 seconds 
  LargestPossibleRegion: 
    Dimension: 3
    Index: [0, 0, 0]
    Size: [384, 301, 288]
  BufferedRegion: 
    Dimension: 3
    Index: [0, 0, 0]
    Size: [384, 301, 288]
  RequestedRegion: 
    Dimension: 3
    Index: [0, 0, 0]
    Size: [384, 301, 288]
  Spacing: [0.598958, 0.598958, 0.599937]
  Origin: [83.4012, -147.626, 85.1783]
  Direction: 
-0 0 -1
1 -0 0
0 -1 0

  IndexToPointMatrix: 
0 0 -0.599937
0.598958 0 0
0 -0.598958 0

  PointToIndexMatrix: 
0 1.66957 0
0 0 -1.66957
-1.66684 0 0

  Inverse Direction: 
0 1 0
0 0 -1
-1 0 0

  PixelContainer: 
    ImportImageContainer (0x4627140)
      RTTI typeinfo:   itk::ImportImageContainer<unsigned long, double>
      Reference Count: 1
      Modified Time: 1910
      Debug: Off
      Object Name: 
      Observers: 
        none
      Pointer: 0x2b3a1205f010
      Container manages memory: true
      Size: 33288192
      Capacity: 33288192

     Moving image = Image (0x4634e80)
  RTTI typeinfo:   itk::Image<double, 3u>
  Reference Count: 2
  Modified Time: 2131
  Debug: Off
  Object Name: 
  Observers: 
    none
  Source: (none)
  Source output name: (none)
  Release Data: Off
  Data Released: False
  Global Release Data: Off
  PipelineMTime: 0
  UpdateMTime: 2128
  RealTimeStamp: 0 seconds 
  LargestPossibleRegion: 
    Dimension: 3
    Index: [0, 0, 0]
    Size: [224, 320, 320]
  BufferedRegion: 
    Dimension: 3
    Index: [0, 0, 0]
    Size: [224, 320, 320]
  RequestedRegion: 
    Dimension: 3
    Index: [0, 0, 0]
    Size: [224, 320, 320]
  Spacing: [0.7, 0.7, 0.7]
  Origin: [-78.0871, 70.8131, -108.555]
  Direction: 
1 0 0
0 -1 0
0 0 1

  IndexToPointMatrix: 
0.7 0 0
0 -0.7 0
0 0 0.7

  PointToIndexMatrix: 
1.42857 0 0
0 -1.42857 0
0 0 1.42857

  Inverse Direction: 
1 0 0
0 -1 0
0 0 1

  PixelContainer: 
    ImportImageContainer (0x462f540)
      RTTI typeinfo:   itk::ImportImageContainer<unsigned long, double>
      Reference Count: 1
      Modified Time: 2125
      Debug: Off
      Object Name: 
      Observers: 
        none
      Pointer: 0x2b3a21e58010
      Container manages memory: true
      Size: 22937600
      Capacity: 22937600

     Weighting = 1
     Sampling strategy = regular
     Number of bins = 32
     Radius = 4
     Sampling percentage  = 0.25
   Transform = Affine
     Gradient step = 0.1
     Update field sigma (voxel space) = 0
     Total field sigma (voxel space) = 0
     Update field time sigma = 0
     Total field time sigma  = 0
     Number of time indices = 0
     Number of time point samples = 0
Registration using 2 total stages.

Stage 0
  iterations = 1000x500x250x100
  convergence threshold = 1e-06
  convergence window size = 10
  number of levels = 4
  using the Mattes MI metric (number of bins = 32, weight = 1)
  preprocessing:  winsorizing the image intensities
  preprocessing:  histogram matching the images
  Shrink factors (level 1 out of 4): [8, 8, 8]
  Shrink factors (level 2 out of 4): [4, 4, 4]
  Shrink factors (level 3 out of 4): [2, 2, 2]
  Shrink factors (level 4 out of 4): [1, 1, 1]
  smoothing sigmas per level: [3, 2, 1, 0]
  regular sampling (percentage = 0.25)

*** Running Euler3DTransform registration ***

DIAGNOSTIC,Iteration,metricValue,convergenceValue,ITERATION_TIME_INDEX,SINCE_LAST
 2DIAGNOSTIC,     1, -3.467211605914e-01, 1.797693134862e+308, 2.9171e+00, 2.9171e+00, 
 2DIAGNOSTIC,     2, -3.478937944856e-01, 1.797693134862e+308, 2.9583e+00, 4.1220e-02, 
 2DIAGNOSTIC,     3, -3.501625188083e-01, 1.797693134862e+308, 2.9993e+00, 4.1001e-02, 
 2DIAGNOSTIC,     4, -3.541270901593e-01, 1.797693134862e+308, 3.0405e+00, 4.1152e-02, 
 2DIAGNOSTIC,     5, -3.592350689872e-01, 1.797693134862e+308, 3.0812e+00, 4.0702e-02, 
 2DIAGNOSTIC,     6, -3.688313017807e-01, 1.797693134862e+308, 3.1217e+00, 4.0475e-02, 
 2DIAGNOSTIC,     7, -3.853257613213e-01, 1.797693134862e+308, 3.1629e+00, 4.1207e-02, 
 2DIAGNOSTIC,     8, -4.229682238243e-01, 1.797693134862e+308, 3.2104e+00, 4.7493e-02, 
 2DIAGNOSTIC,     9, -4.351683303697e-01, 1.797693134862e+308, 3.2575e+00, 4.7149e-02, 
 2DIAGNOSTIC,    10, -4.398745756571e-01, 1.765616341863e-02, 3.3058e+00, 4.8277e-02, 
 2DIAGNOSTIC,    11, -4.447823732635e-01, 1.767900525013e-02, 3.3537e+00, 4.7930e-02, 
 2DIAGNOSTIC,    12, -4.468267783834e-01, 1.630301303256e-02, 3.4015e+00, 4.7744e-02, 
 2DIAGNOSTIC,    13, -4.479346767568e-01, 1.386225996417e-02, 3.4489e+00, 4.7469e-02, 
 2DIAGNOSTIC,    14, -4.483893082217e-01, 1.078569507610e-02, 3.4965e+00, 4.7593e-02, 
 2DIAGNOSTIC,    15, -4.492535253252e-01, 7.488613274955e-03, 3.5379e+00, 4.1407e-02, 
 2DIAGNOSTIC,    16, -4.498064829512e-01, 4.412587475119e-03, 3.5850e+00, 4.7109e-02, 
 2DIAGNOSTIC,    17, -4.510152173045e-01, 2.018052124999e-03, 3.6838e+00, 9.8805e-02, 
 2DIAGNOSTIC,    18, -4.510822321301e-01, 1.168878963419e-03, 3.7601e+00, 7.6227e-02, 
 2DIAGNOSTIC,    19, -4.510574194566e-01, 7.491899975781e-04, 3.8354e+00, 7.5328e-02, 
 2DIAGNOSTIC,    20, -4.510864279337e-01, 4.648322949685e-04, 3.9107e+00, 7.5265e-02, 
 2DIAGNOSTIC,    21, -4.509149408135e-01, 3.188351314277e-04, 3.9758e+00, 6.5098e-02, 
 2DIAGNOSTIC,    22, -4.508624748505e-01, 2.182238685420e-04, 4.0513e+00, 7.5503e-02, 
 2DIAGNOSTIC,    23, -4.508456542974e-01, 1.389485506981e-04, 4.1168e+00, 6.5529e-02, 
 2DIAGNOSTIC,    24, -4.508483648541e-01, 6.672779163740e-05, 4.1677e+00, 5.0892e-02, 
 2DIAGNOSTIC,    25, -4.508554431899e-01, 1.799105714493e-05, 4.2151e+00, 4.7397e-02, 
DIAGNOSTIC,Iteration,metricValue,convergenceValue,ITERATION_TIME_INDEX,SINCE_LAST
 2DIAGNOSTIC,     1, -3.695705179465e-01, 1.797693134862e+308, 7.4914e+00, 3.2764e+00, 
 2DIAGNOSTIC,     2, -3.695640479724e-01, 1.797693134862e+308, 7.8514e+00, 3.5994e-01, 
 2DIAGNOSTIC,     3, -3.695595683810e-01, 1.797693134862e+308, 8.1641e+00, 3.1268e-01, 
 2DIAGNOSTIC,     4, -3.695554071919e-01, 1.797693134862e+308, 8.4807e+00, 3.1662e-01, 
 2DIAGNOSTIC,     5, -3.695495034231e-01, 1.797693134862e+308, 8.7475e+00, 2.6682e-01, 
 2DIAGNOSTIC,     6, -3.695503925278e-01, 1.797693134862e+308, 9.0542e+00, 3.0672e-01, 
 2DIAGNOSTIC,     7, -3.695431306506e-01, 1.797693134862e+308, 9.3981e+00, 3.4393e-01, 
 2DIAGNOSTIC,     8, -3.695409758238e-01, 1.797693134862e+308, 9.6662e+00, 2.6805e-01, 
 2DIAGNOSTIC,     9, -3.695389608646e-01, 1.797693134862e+308, 9.9320e+00, 2.6580e-01, 
DIAGNOSTIC,Iteration,metricValue,convergenceValue,ITERATION_TIME_INDEX,SINCE_LAST
 2DIAGNOSTIC,     1, -3.069203193277e-01, 1.797693134862e+308, 1.5656e+01, 5.7239e+00, 
 2DIAGNOSTIC,     2, -3.070552965259e-01, 1.797693134862e+308, 1.7746e+01, 2.0896e+00, 
 2DIAGNOSTIC,     3, -3.071884461188e-01, 1.797693134862e+308, 2.0608e+01, 2.8623e+00, 
 2DIAGNOSTIC,     4, -3.072026657060e-01, 1.797693134862e+308, 2.2893e+01, 2.2855e+00, 
 2DIAGNOSTIC,     5, -3.072024863796e-01, 1.797693134862e+308, 2.5748e+01, 2.8551e+00, 
 2DIAGNOSTIC,     6, -3.071986161076e-01, 1.797693134862e+308, 2.7994e+01, 2.2456e+00, 
 2DIAGNOSTIC,     7, -3.071973732276e-01, 1.797693134862e+308, 3.0228e+01, 2.2336e+00, 
 2DIAGNOSTIC,     8, -3.071966723231e-01, 1.797693134862e+308, 3.3110e+01, 2.8822e+00, 
 2DIAGNOSTIC,     9, -3.071967996538e-01, 1.797693134862e+308, 3.5114e+01, 2.0039e+00, 
 2DIAGNOSTIC,    10, -3.071961716921e-01, 4.038987558896e-05, 3.7428e+01, 2.3139e+00, 
 2DIAGNOSTIC,    11, -3.071943970261e-01, 1.456850062792e-05, 4.0400e+01, 2.9726e+00, 
 2DIAGNOSTIC,    12, -3.071938703433e-01, 2.096199764615e-06, 4.2689e+01, 2.2884e+00, 
DIAGNOSTIC,Iteration,metricValue,convergenceValue,ITERATION_TIME_INDEX,SINCE_LAST
 2DIAGNOSTIC,     1, -2.777150057654e-01, 1.797693134862e+308, 7.4954e+01, 3.2266e+01, 
 2DIAGNOSTIC,     2, -2.777159756513e-01, 1.797693134862e+308, 9.1669e+01, 1.6714e+01, 
 2DIAGNOSTIC,     3, -2.777157916504e-01, 1.797693134862e+308, 1.1215e+02, 2.0485e+01, 
 2DIAGNOSTIC,     4, -2.777152337887e-01, 1.797693134862e+308, 1.3409e+02, 2.1932e+01, 
 2DIAGNOSTIC,     5, -2.777151814758e-01, 1.797693134862e+308, 1.5050e+02, 1.6415e+01, 
 2DIAGNOSTIC,     6, -2.777151623717e-01, 1.797693134862e+308, 1.6587e+02, 1.5369e+01, 
 2DIAGNOSTIC,     7, -2.777148988787e-01, 1.797693134862e+308, 1.8163e+02, 1.5758e+01, 
 2DIAGNOSTIC,     8, -2.777148539649e-01, 1.797693134862e+308, 1.9790e+02, 1.6268e+01, 
 2DIAGNOSTIC,     9, -2.777147222998e-01, 1.797693134862e+308, 2.1202e+02, 1.4126e+01, 
 2DIAGNOSTIC,    10, -2.777144583168e-01, 2.929212523137e-06, 2.2557e+02, 1.3543e+01, 
 2DIAGNOSTIC,    11, -2.777144185035e-01, 2.586891203762e-06, 2.4460e+02, 1.9038e+01, 
 2DIAGNOSTIC,    12, -2.777143968090e-01, 2.409673393114e-06, 2.6016e+02, 1.5558e+01, 
 2DIAGNOSTIC,    13, -2.777144124130e-01, 2.269271108038e-06, 2.7328e+02, 1.3117e+01, 
 2DIAGNOSTIC,    14, -2.777143961040e-01, 2.123016639752e-06, 2.8893e+02, 1.5649e+01, 
 2DIAGNOSTIC,    15, -2.777144131168e-01, 2.007606654572e-06, 3.0450e+02, 1.5568e+01, 
 2DIAGNOSTIC,    16, -2.777143878514e-01, 1.914547639037e-06, 3.2116e+02, 1.6668e+01, 
 2DIAGNOSTIC,    17, -2.777143606391e-01, 1.821499498275e-06, 3.3719e+02, 1.6025e+01, 
 2DIAGNOSTIC,    18, -2.777142859051e-01, 1.736608848141e-06, 3.5351e+02, 1.6325e+01, 
 2DIAGNOSTIC,    19, -2.777142975483e-01, 1.657471869268e-06, 3.6766e+02, 1.4149e+01, 
 2DIAGNOSTIC,    20, -2.777142768487e-01, 1.573201965539e-06, 3.8581e+02, 1.8146e+01, 
 2DIAGNOSTIC,    21, -2.777143298377e-01, 1.499236052582e-06, 4.0209e+02, 1.6278e+01, 
 2DIAGNOSTIC,    22, -2.777142533769e-01, 1.428826141084e-06, 4.1615e+02, 1.4059e+01, 
 2DIAGNOSTIC,    23, -2.777142684456e-01, 1.367682323311e-06, 4.3201e+02, 1.5868e+01, 
 2DIAGNOSTIC,    24, -2.777143153219e-01, 1.314309992673e-06, 4.4987e+02, 1.7853e+01, 
 2DIAGNOSTIC,    25, -2.777142777355e-01, 1.265279994306e-06, 4.6324e+02, 1.3370e+01, 
 2DIAGNOSTIC,    26, -2.777142482978e-01, 1.218593765367e-06, 4.7662e+02, 1.3384e+01, 
 2DIAGNOSTIC,    27, -2.777142634435e-01, 1.175523098147e-06, 4.9020e+02, 1.3577e+01, 
 2DIAGNOSTIC,    28, -2.777142035418e-01, 1.130809150166e-06, 5.0579e+02, 1.5587e+01, 
 2DIAGNOSTIC,    29, -2.777141488192e-01, 1.088179891355e-06, 5.1956e+02, 1.3773e+01, 
 2DIAGNOSTIC,    30, -2.777142178123e-01, 1.050845383523e-06, 5.3332e+02, 1.3761e+01, 
 2DIAGNOSTIC,    31, -2.777142836683e-01, 1.020744266736e-06, 5.4901e+02, 1.5688e+01, 
  Elapsed time (stage 0): 5.5865e+02


Stage 1
  iterations = 1000x500x250x100
  convergence threshold = 1.0000e-06
  convergence window size = 10
  number of levels = 4
  using the Mattes MI metric (number of bins = 32, weight = 1.0000e+00)
  preprocessing:  winsorizing the image intensities
  preprocessing:  histogram matching the images
  Shrink factors (level 1 out of 4): [8, 8, 8]
  Shrink factors (level 2 out of 4): [4, 4, 4]
  Shrink factors (level 3 out of 4): [2, 2, 2]
  Shrink factors (level 4 out of 4): [1, 1, 1]
  smoothing sigmas per level: [3, 2, 1, 0]
  regular sampling (percentage = 2.5000e-01)

*** Running AffineTransform registration ***

DIAGNOSTIC,Iteration,metricValue,convergenceValue,ITERATION_TIME_INDEX,SINCE_LAST
 2DIAGNOSTIC,     1, -4.451732948338e-01, 1.797693134862e+308, 2.7196e+00, 2.7196e+00, 
 2DIAGNOSTIC,     2, -4.470757790920e-01, 1.797693134862e+308, 2.7637e+00, 4.4102e-02, 
 2DIAGNOSTIC,     3, -4.513345702971e-01, 1.797693134862e+308, 2.8080e+00, 4.4238e-02, 
 2DIAGNOSTIC,     4, -4.575547189919e-01, 1.797693134862e+308, 2.8518e+00, 4.3863e-02, 
 2DIAGNOSTIC,     5, -4.704204378440e-01, 1.797693134862e+308, 2.8955e+00, 4.3672e-02, 
 2DIAGNOSTIC,     6, -5.021750632761e-01, 1.797693134862e+308, 2.9397e+00, 4.4220e-02, 
 2DIAGNOSTIC,     7, -5.243152898369e-01, 1.797693134862e+308, 2.9834e+00, 4.3652e-02, 
 2DIAGNOSTIC,     8, -5.583049222074e-01, 1.797693134862e+308, 3.0323e+00, 4.8930e-02, 
 2DIAGNOSTIC,     9, -5.993104896751e-01, 1.797693134862e+308, 3.1131e+00, 8.0781e-02, 
 2DIAGNOSTIC,    10, -5.998828982731e-01, 2.244636681483e-02, 3.1562e+00, 4.3126e-02, 
 2DIAGNOSTIC,    11, -6.028118438672e-01, 2.158743131919e-02, 3.1992e+00, 4.3003e-02, 
 2DIAGNOSTIC,    12, -6.063784002783e-01, 1.922924703996e-02, 3.2415e+00, 4.2285e-02, 
 2DIAGNOSTIC,    13, -6.092803500095e-01, 1.584667043663e-02, 3.2846e+00, 4.3134e-02, 
 2DIAGNOSTIC,    14, -6.124523863407e-01, 1.192629760542e-02, 3.3274e+00, 4.2804e-02, 
 2DIAGNOSTIC,    15, -6.158508222471e-01, 8.078894080590e-03, 3.4065e+00, 7.9105e-02, 
 2DIAGNOSTIC,    16, -6.157791649605e-01, 5.085718038220e-03, 3.4549e+00, 4.8388e-02, 
 2DIAGNOSTIC,    17, -6.158240531198e-01, 2.684588471728e-03, 3.5058e+00, 5.0893e-02, 
 2DIAGNOSTIC,    18, -6.159178892149e-01, 1.275473506523e-03, 3.5484e+00, 4.2591e-02, 
 2DIAGNOSTIC,    19, -6.160580781879e-01, 1.020018733775e-03, 3.5980e+00, 4.9619e-02, 
 2DIAGNOSTIC,    20, -6.161129103103e-01, 7.128993393220e-04, 3.6466e+00, 4.8536e-02, 
 2DIAGNOSTIC,    21, -6.161338583218e-01, 4.423704463361e-04, 3.6893e+00, 4.2750e-02, 
 2DIAGNOSTIC,    22, -6.161382191710e-01, 2.397518716439e-04, 3.7377e+00, 4.8430e-02, 
 2DIAGNOSTIC,    23, -6.162704557614e-01, 9.913439514860e-05, 3.7802e+00, 4.2495e-02, 
 2DIAGNOSTIC,    24, -6.164092203164e-01, 2.888525684485e-05, 3.8287e+00, 4.8409e-02, 
 2DIAGNOSTIC,    25, -6.170524260641e-01, 4.267572024651e-05, 3.8767e+00, 4.8023e-02, 
 2DIAGNOSTIC,    26, -6.170723969531e-01, 5.021446193991e-05, 3.9425e+00, 6.5841e-02, 
 2DIAGNOSTIC,    27, -6.170899728789e-01, 5.386513237551e-05, 3.9902e+00, 4.7662e-02, 
 2DIAGNOSTIC,    28, -6.170576322409e-01, 5.345114131215e-05, 4.0323e+00, 4.2090e-02, 
 2DIAGNOSTIC,    29, -6.170648334395e-01, 5.056466369562e-05, 4.0745e+00, 4.2268e-02, 
 2DIAGNOSTIC,    30, -6.170631912098e-01, 4.392926244708e-05, 4.1223e+00, 4.7767e-02, 
 2DIAGNOSTIC,    31, -6.170017231864e-01, 3.307450227129e-05, 4.1703e+00, 4.7987e-02, 
 2DIAGNOSTIC,    32, -6.170163679874e-01, 2.035931474316e-05, 4.2117e+00, 4.1411e-02, 
 2DIAGNOSTIC,    33, -6.170116927761e-01, 8.571950797356e-06, 4.2540e+00, 4.2271e-02, 
DIAGNOSTIC,Iteration,metricValue,convergenceValue,ITERATION_TIME_INDEX,SINCE_LAST
 2DIAGNOSTIC,     1, -5.236121377327e-01, 1.797693134862e+308, 7.4949e+00, 3.2409e+00, 
 2DIAGNOSTIC,     2, -5.242571895934e-01, 1.797693134862e+308, 7.7831e+00, 2.8823e-01, 
 2DIAGNOSTIC,     3, -5.250682297987e-01, 1.797693134862e+308, 8.0674e+00, 2.8428e-01, 
 2DIAGNOSTIC,     4, -5.258705207288e-01, 1.797693134862e+308, 8.3551e+00, 2.8764e-01, 
 2DIAGNOSTIC,     5, -5.265516180729e-01, 1.797693134862e+308, 8.6349e+00, 2.7982e-01, 
 2DIAGNOSTIC,     6, -5.268147557932e-01, 1.797693134862e+308, 8.9452e+00, 3.1036e-01, 
 2DIAGNOSTIC,     7, -5.268477017397e-01, 1.797693134862e+308, 9.3741e+00, 4.2885e-01, 
 2DIAGNOSTIC,     8, -5.267755965312e-01, 1.797693134862e+308, 9.6443e+00, 2.7023e-01, 
 2DIAGNOSTIC,     9, -5.268034817434e-01, 1.797693134862e+308, 9.9420e+00, 2.9764e-01, 
 2DIAGNOSTIC,    10, -5.268658974953e-01, 3.909922763785e-04, 1.0256e+01, 3.1449e-01, 
 2DIAGNOSTIC,    11, -5.269011716781e-01, 2.474726382466e-04, 1.0533e+01, 2.7645e-01, 
 2DIAGNOSTIC,    12, -5.269609666831e-01, 1.375518167607e-04, 1.0804e+01, 2.7160e-01, 
 2DIAGNOSTIC,    13, -5.269281184146e-01, 6.431587918944e-05, 1.1121e+01, 3.1664e-01, 
 2DIAGNOSTIC,    14, -5.270686115406e-01, 3.176635701929e-05, 1.1476e+01, 3.5493e-01, 
 2DIAGNOSTIC,    15, -5.270458657037e-01, 2.410289028502e-05, 1.1826e+01, 3.4964e-01, 
 2DIAGNOSTIC,    16, -5.270691774605e-01, 2.502993299799e-05, 1.2135e+01, 3.0942e-01, 
 2DIAGNOSTIC,    17, -5.270753022187e-01, 2.508705300910e-05, 1.2445e+01, 3.1025e-01, 
 2DIAGNOSTIC,    18, -5.272141530158e-01, 2.499679070039e-05, 1.2875e+01, 4.2951e-01, 
 2DIAGNOSTIC,    19, -5.272202974589e-01, 2.355830374551e-05, 1.3186e+01, 3.1107e-01, 
 2DIAGNOSTIC,    20, -5.272183839359e-01, 2.187811282120e-05, 1.3532e+01, 3.4625e-01, 
 2DIAGNOSTIC,    21, -5.272097315660e-01, 1.921042941945e-05, 1.3849e+01, 3.1639e-01, 
 2DIAGNOSTIC,    22, -5.272084213777e-01, 1.661445630326e-05, 1.4172e+01, 3.2340e-01, 
 2DIAGNOSTIC,    23, -5.272098417124e-01, 1.193764205105e-05, 1.4494e+01, 3.2226e-01, 
 2DIAGNOSTIC,    24, -5.272049589549e-01, 9.716145061116e-06, 1.4804e+01, 3.1022e-01, 
 2DIAGNOSTIC,    25, -5.272023218325e-01, 6.376768548616e-06, 1.5123e+01, 3.1859e-01, 
 2DIAGNOSTIC,    26, -5.272000262048e-01, 3.288079558766e-06, 1.5435e+01, 3.1176e-01, 
DIAGNOSTIC,Iteration,metricValue,convergenceValue,ITERATION_TIME_INDEX,SINCE_LAST
 2DIAGNOSTIC,     1, -4.463107199664e-01, 1.797693134862e+308, 2.1021e+01, 5.5860e+00, 
 2DIAGNOSTIC,     2, -4.465652760083e-01, 1.797693134862e+308, 2.3135e+01, 2.1140e+00, 
 2DIAGNOSTIC,     3, -4.467584618404e-01, 1.797693134862e+308, 2.5200e+01, 2.0652e+00, 
 2DIAGNOSTIC,     4, -4.468721483855e-01, 1.797693134862e+308, 2.7593e+01, 2.3935e+00, 
 2DIAGNOSTIC,     5, -4.468799938098e-01, 1.797693134862e+308, 3.0477e+01, 2.8835e+00, 
 2DIAGNOSTIC,     6, -4.468806725732e-01, 1.797693134862e+308, 3.3356e+01, 2.8790e+00, 
 2DIAGNOSTIC,     7, -4.468774386005e-01, 1.797693134862e+308, 3.5635e+01, 2.2786e+00, 
 2DIAGNOSTIC,     8, -4.468752840673e-01, 1.797693134862e+308, 3.7934e+01, 2.2995e+00, 
 2DIAGNOSTIC,     9, -4.468742754471e-01, 1.797693134862e+308, 4.0263e+01, 2.3288e+00, 
 2DIAGNOSTIC,    10, -4.468793768045e-01, 6.190931279962e-05, 4.2548e+01, 2.2856e+00, 
 2DIAGNOSTIC,    11, -4.468776942894e-01, 2.699558440176e-05, 4.5373e+01, 2.8249e+00, 
 2DIAGNOSTIC,    12, -4.468776059903e-01, 9.023755321788e-06, 4.8006e+01, 2.6327e+00, 
 2DIAGNOSTIC,    13, -4.468770950971e-01, 2.521079824958e-06, 5.1012e+01, 3.0065e+00, 
 2DIAGNOSTIC,    14, -4.468767946049e-01, 2.079924589268e-06, 5.3305e+01, 2.2922e+00, 
 2DIAGNOSTIC,    15, -4.468768766158e-01, 2.044203404369e-06, 5.5587e+01, 2.2818e+00, 
 2DIAGNOSTIC,    16, -4.468725457898e-01, 1.876619547522e-06, 5.7920e+01, 2.3335e+00, 
 2DIAGNOSTIC,    17, -4.468730278417e-01, 1.645898357779e-06, 5.9991e+01, 2.0708e+00, 
 2DIAGNOSTIC,    18, -4.468720094805e-01, 1.349827821254e-06, 6.2324e+01, 2.3334e+00, 
 2DIAGNOSTIC,    19, -4.468721170006e-01, 1.086860937791e-06, 6.4626e+01, 2.3022e+00, 
 2DIAGNOSTIC,    20, -4.468718008209e-01, 1.058482480193e-06, 6.6723e+01, 2.0966e+00, 
DIAGNOSTIC,Iteration,metricValue,convergenceValue,ITERATION_TIME_INDEX,SINCE_LAST
 2DIAGNOSTIC,     1, -3.963234225251e-01, 1.797693134862e+308, 8.6658e+01, 1.9935e+01, 
 2DIAGNOSTIC,     2, -3.966365115601e-01, 1.797693134862e+308, 1.0196e+02, 1.5306e+01, 
 2DIAGNOSTIC,     3, -3.970047719214e-01, 1.797693134862e+308, 1.1671e+02, 1.4744e+01, 
 2DIAGNOSTIC,     4, -3.975301888613e-01, 1.797693134862e+308, 1.3196e+02, 1.5251e+01, 
 2DIAGNOSTIC,     5, -3.977152674707e-01, 1.797693134862e+308, 1.5455e+02, 2.2590e+01, 
 2DIAGNOSTIC,     6, -3.977221571905e-01, 1.797693134862e+308, 1.6866e+02, 1.4107e+01, 
 2DIAGNOSTIC,     7, -3.977392842983e-01, 1.797693134862e+308, 1.8350e+02, 1.4843e+01, 
 2DIAGNOSTIC,     8, -3.977622276012e-01, 1.797693134862e+308, 1.9749e+02, 1.3992e+01, 
 2DIAGNOSTIC,     9, -3.978646840084e-01, 1.797693134862e+308, 2.1624e+02, 1.8744e+01, 
 2DIAGNOSTIC,    10, -3.978767023909e-01, 2.360897244353e-04, 2.3477e+02, 1.8533e+01, 
 2DIAGNOSTIC,    11, -3.979180043843e-01, 1.525884689746e-04, 2.5106e+02, 1.6291e+01, 
 2DIAGNOSTIC,    12, -3.979241038815e-01, 8.855775534447e-05, 2.7381e+02, 2.2755e+01, 
 2DIAGNOSTIC,    13, -3.979326445953e-01, 4.663655419714e-05, 2.8802e+02, 1.4204e+01, 
 2DIAGNOSTIC,    14, -3.979927384483e-01, 3.627205561865e-05, 3.0175e+02, 1.3730e+01, 
 2DIAGNOSTIC,    15, -3.980044685083e-01, 3.347666445930e-05, 3.1795e+02, 1.6205e+01, 
 2DIAGNOSTIC,    16, -3.980055650967e-01, 2.856724733884e-05, 3.3244e+02, 1.4488e+01, 
 2DIAGNOSTIC,    17, -3.980080504363e-01, 2.267999932345e-05, 3.4675e+02, 1.4310e+01, 
 2DIAGNOSTIC,    18, -3.980158014198e-01, 1.664956615181e-05, 3.6068e+02, 1.3929e+01, 
 2DIAGNOSTIC,    19, -3.980289711090e-01, 1.418663476035e-05, 3.7502e+02, 1.4343e+01, 
 2DIAGNOSTIC,    20, -3.980501211643e-01, 1.193408134203e-05, 3.8980e+02, 1.4774e+01, 
 2DIAGNOSTIC,    21, -3.980879735288e-01, 1.164379323186e-05, 4.1058e+02, 2.0785e+01, 
 2DIAGNOSTIC,    22, -3.980934063359e-01, 1.080833513399e-05, 4.2663e+02, 1.6054e+01, 
 2DIAGNOSTIC,    23, -3.980942163063e-01, 9.425817670057e-06, 4.4337e+02, 1.6730e+01, 
 2DIAGNOSTIC,    24, -3.981148956935e-01, 9.810856180778e-06, 4.7035e+02, 2.6987e+01, 
 2DIAGNOSTIC,    25, -3.981161448818e-01, 9.713123845817e-06, 4.8454e+02, 1.4192e+01, 
 2DIAGNOSTIC,    26, -3.981214182311e-01, 8.996641801373e-06, 5.0322e+02, 1.8675e+01, 
 2DIAGNOSTIC,    27, -3.981248584373e-01, 7.764505088950e-06, 5.2141e+02, 1.8193e+01, 
 2DIAGNOSTIC,    28, -3.981251047593e-01, 6.212759218596e-06, 5.4272e+02, 2.1308e+01, 
 2DIAGNOSTIC,    29, -3.981250079695e-01, 4.603462066842e-06, 5.5991e+02, 1.7189e+01, 
 2DIAGNOSTIC,    30, -3.981249298587e-01, 3.246501318249e-06, 5.7596e+02, 1.6047e+01, 
 2DIAGNOSTIC,    31, -3.981245894060e-01, 2.636779673638e-06, 6.2684e+02, 5.0882e+01, 
 2DIAGNOSTIC,    32, -3.981245894053e-01, 2.037823771665e-06, 6.6968e+02, 4.2840e+01, 
 2DIAGNOSTIC,    33, -3.981245894053e-01, 1.382659246034e-06, 6.8439e+02, 1.4707e+01, 
 2DIAGNOSTIC,    34, -3.981245894053e-01, 1.162497014241e-06, 6.9910e+02, 1.4715e+01, 
  Elapsed time (stage 1): 7.0900e+02


Total elapsed time: 1.2678e+03

--------------------------------------------------------------------------------------
 Mapping parameters
--------------------------------------------------------------------------------------
 ANTSPATH is /usr/local/software/spack/spack-git/opt/spack/linux-rhel7-broadwell/gcc-5/ants-2.3.4-lj6vm7ccmij4yywr4ynrttcko4aoflqt/bin

 Dimensionality:           3
 Output name prefix:       T1xT2_ANTs
 Fixed images:             /home/ccn30/rds/rds-p00500_encrypt-URQgmO1brZ0/p00500/ENCRYPT_images/25774/T2/N4t2.nii
 Moving images:            /home/ccn30/rds/rds-p00500_encrypt-URQgmO1brZ0/p00500/ENCRYPT_images/25774/mp2rage/n4mag0000_PSIR_skulled_std.nii
 Mask images:              
 Initial transforms:       
 Number of threads:        1
 Spline distance:          26
 Transform type:           a
 MI histogram bins:        32
 Precision:                d
 Use histogram matching    0
======================================================================================
 antsRegistration call:
--------------------------------------------------------------------------------------
/usr/local/software/spack/spack-git/opt/spack/linux-rhel7-broadwell/gcc-5/ants-2.3.4-lj6vm7ccmij4yywr4ynrttcko4aoflqt/bin/antsRegistration --verbose 1 --dimensionality 3 --float 0 --collapse-output-transforms 1 --output [ T1xT2_ANTs,T1xT2_ANTsWarped.nii.gz,T1xT2_ANTsInverseWarped.nii.gz ] --interpolation Linear --use-histogram-matching 0 --winsorize-image-intensities [ 0.005,0.995 ] --initial-moving-transform [ /home/ccn30/rds/rds-p00500_encrypt-URQgmO1brZ0/p00500/ENCRYPT_images/25774/T2/N4t2.nii,/home/ccn30/rds/rds-p00500_encrypt-URQgmO1brZ0/p00500/ENCRYPT_images/25774/mp2rage/n4mag0000_PSIR_skulled_std.nii,1 ] --transform Rigid[ 0.1 ] --metric MI[ /home/ccn30/rds/rds-p00500_encrypt-URQgmO1brZ0/p00500/ENCRYPT_images/25774/T2/N4t2.nii,/home/ccn30/rds/rds-p00500_encrypt-URQgmO1brZ0/p00500/ENCRYPT_images/25774/mp2rage/n4mag0000_PSIR_skulled_std.nii,1,32,Regular,0.25 ] --convergence [ 1000x500x250x0,1e-6,10 ] --shrink-factors 12x8x4x2 --smoothing-sigmas 4x3x2x1vox --transform Affine[ 0.1 ] --metric MI[ /home/ccn30/rds/rds-p00500_encrypt-URQgmO1brZ0/p00500/ENCRYPT_images/25774/T2/N4t2.nii,/home/ccn30/rds/rds-p00500_encrypt-URQgmO1brZ0/p00500/ENCRYPT_images/25774/mp2rage/n4mag0000_PSIR_skulled_std.nii,1,32,Regular,0.25 ] --convergence [ 1000x500x250x0,1e-6,10 ] --shrink-factors 12x8x4x2 --smoothing-sigmas 4x3x2x1vox
--------------------------------------------------------------------------------------
All_Command_lines_OK
Using double precision for computations.
=============================================================================
The composite transform comprises the following transforms (in order): 
  1. Center of mass alignment using fixed image: /home/ccn30/rds/rds-p00500_encrypt-URQgmO1brZ0/p00500/ENCRYPT_images/25774/T2/N4t2.nii and moving image: /home/ccn30/rds/rds-p00500_encrypt-URQgmO1brZ0/p00500/ENCRYPT_images/25774/mp2rage/n4mag0000_PSIR_skulled_std.nii (type = Euler3DTransform)
=============================================================================
  number of levels = 4
  number of levels = 4
  fixed image: /home/ccn30/rds/rds-p00500_encrypt-URQgmO1brZ0/p00500/ENCRYPT_images/25774/T2/N4t2.nii
  moving image: /home/ccn30/rds/rds-p00500_encrypt-URQgmO1brZ0/p00500/ENCRYPT_images/25774/mp2rage/n4mag0000_PSIR_skulled_std.nii
  fixed image: /home/ccn30/rds/rds-p00500_encrypt-URQgmO1brZ0/p00500/ENCRYPT_images/25774/T2/N4t2.nii
  moving image: /home/ccn30/rds/rds-p00500_encrypt-URQgmO1brZ0/p00500/ENCRYPT_images/25774/mp2rage/n4mag0000_PSIR_skulled_std.nii
Dimension = 3
Number of stages = 2
Use Histogram Matching false
Winsorize image intensities true
Lower quantile = 0.005
Upper quantile = 0.995
Stage 1 State
   Image metric = Mattes
     Fixed image = Image (0x3bd8010)
  RTTI typeinfo:   itk::Image<double, 3u>
  Reference Count: 2
  Modified Time: 1709
  Debug: Off
  Object Name: 
  Observers: 
    none
  Source: (none)
  Source output name: (none)
  Release Data: Off
  Data Released: False
  Global Release Data: Off
  PipelineMTime: 0
  UpdateMTime: 1492
  RealTimeStamp: 0 seconds 
  LargestPossibleRegion: 
    Dimension: 3
    Index: [0, 0, 0]
    Size: [512, 512, 54]
  BufferedRegion: 
    Dimension: 3
    Index: [0, 0, 0]
    Size: [512, 512, 54]
  RequestedRegion: 
    Dimension: 3
    Index: [0, 0, 0]
    Size: [512, 512, 54]
  Spacing: [0.4375, 0.4375, 1.1]
  Origin: [-112, -9.61996, -117.519]
  Direction: 
1 1.1962e-11 -7.3879e-12
1.1962e-11 -0.447759 0.894154
-7.3879e-12 0.894154 0.447759

  IndexToPointMatrix: 
0.4375 5.23339e-12 -8.12669e-12
5.23339e-12 -0.195895 0.98357
-3.23221e-12 0.391192 0.492535

  PointToIndexMatrix: 
2.28571 2.73418e-11 -1.68866e-11
2.73418e-11 -1.02345 2.04378
-6.71627e-12 0.812867 0.407054

  Inverse Direction: 
1 1.1962e-11 -7.3879e-12
1.1962e-11 -0.447759 0.894154
-7.3879e-12 0.894154 0.447759

  PixelContainer: 
    ImportImageContainer (0x3bd2980)
      RTTI typeinfo:   itk::ImportImageContainer<unsigned long, double>
      Reference Count: 1
      Modified Time: 1489
      Debug: Off
      Object Name: 
      Observers: 
        none
      Pointer: 0x2b307bf1b010
      Container manages memory: true
      Size: 14155776
      Capacity: 14155776

     Moving image = Image (0x3bd5b30)
  RTTI typeinfo:   itk::Image<double, 3u>
  Reference Count: 2
  Modified Time: 1710
  Debug: Off
  Object Name: 
  Observers: 
    none
  Source: (none)
  Source output name: (none)
  Release Data: Off
  Data Released: False
  Global Release Data: Off
  PipelineMTime: 0
  UpdateMTime: 1707
  RealTimeStamp: 0 seconds 
  LargestPossibleRegion: 
    Dimension: 3
    Index: [0, 0, 0]
    Size: [224, 320, 320]
  BufferedRegion: 
    Dimension: 3
    Index: [0, 0, 0]
    Size: [224, 320, 320]
  RequestedRegion: 
    Dimension: 3
    Index: [0, 0, 0]
    Size: [224, 320, 320]
  Spacing: [0.7, 0.7, 0.7]
  Origin: [-78.0871, 70.8131, -108.555]
  Direction: 
1 0 0
0 -1 0
0 0 1

  IndexToPointMatrix: 
0.7 0 0
0 -0.7 0
0 0 0.7

  PointToIndexMatrix: 
1.42857 0 0
0 -1.42857 0
0 0 1.42857

  Inverse Direction: 
1 0 0
0 -1 0
0 0 1

  PixelContainer: 
    ImportImageContainer (0x3bd2780)
      RTTI typeinfo:   itk::ImportImageContainer<unsigned long, double>
      Reference Count: 1
      Modified Time: 1704
      Debug: Off
      Object Name: 
      Observers: 
        none
      Pointer: 0x2b3082b1c010
      Container manages memory: true
      Size: 22937600
      Capacity: 22937600

     Weighting = 1
     Sampling strategy = regular
     Number of bins = 32
     Radius = 4
     Sampling percentage  = 0.25
   Transform = Rigid
     Gradient step = 0.1
     Update field sigma (voxel space) = 0
     Total field sigma (voxel space) = 0
     Update field time sigma = 0
     Total field time sigma  = 0
     Number of time indices = 0
     Number of time point samples = 0
Stage 2 State
   Image metric = Mattes
     Fixed image = Image (0x3be7500)
  RTTI typeinfo:   itk::Image<double, 3u>
  Reference Count: 2
  Modified Time: 2141
  Debug: Off
  Object Name: 
  Observers: 
    none
  Source: (none)
  Source output name: (none)
  Release Data: Off
  Data Released: False
  Global Release Data: Off
  PipelineMTime: 0
  UpdateMTime: 1924
  RealTimeStamp: 0 seconds 
  LargestPossibleRegion: 
    Dimension: 3
    Index: [0, 0, 0]
    Size: [512, 512, 54]
  BufferedRegion: 
    Dimension: 3
    Index: [0, 0, 0]
    Size: [512, 512, 54]
  RequestedRegion: 
    Dimension: 3
    Index: [0, 0, 0]
    Size: [512, 512, 54]
  Spacing: [0.4375, 0.4375, 1.1]
  Origin: [-112, -9.61996, -117.519]
  Direction: 
1 1.1962e-11 -7.3879e-12
1.1962e-11 -0.447759 0.894154
-7.3879e-12 0.894154 0.447759

  IndexToPointMatrix: 
0.4375 5.23339e-12 -8.12669e-12
5.23339e-12 -0.195895 0.98357
-3.23221e-12 0.391192 0.492535

  PointToIndexMatrix: 
2.28571 2.73418e-11 -1.68866e-11
2.73418e-11 -1.02345 2.04378
-6.71627e-12 0.812867 0.407054

  Inverse Direction: 
1 1.1962e-11 -7.3879e-12
1.1962e-11 -0.447759 0.894154
-7.3879e-12 0.894154 0.447759

  PixelContainer: 
    ImportImageContainer (0x3bd8860)
      RTTI typeinfo:   itk::ImportImageContainer<unsigned long, double>
      Reference Count: 1
      Modified Time: 1921
      Debug: Off
      Object Name: 
      Observers: 
        none
      Pointer: 0x2b308da1d010
      Container manages memory: true
      Size: 14155776
      Capacity: 14155776

     Moving image = Image (0x3bebf40)
  RTTI typeinfo:   itk::Image<double, 3u>
  Reference Count: 2
  Modified Time: 2142
  Debug: Off
  Object Name: 
  Observers: 
    none
  Source: (none)
  Source output name: (none)
  Release Data: Off
  Data Released: False
  Global Release Data: Off
  PipelineMTime: 0
  UpdateMTime: 2139
  RealTimeStamp: 0 seconds 
  LargestPossibleRegion: 
    Dimension: 3
    Index: [0, 0, 0]
    Size: [224, 320, 320]
  BufferedRegion: 
    Dimension: 3
    Index: [0, 0, 0]
    Size: [224, 320, 320]
  RequestedRegion: 
    Dimension: 3
    Index: [0, 0, 0]
    Size: [224, 320, 320]
  Spacing: [0.7, 0.7, 0.7]
  Origin: [-78.0871, 70.8131, -108.555]
  Direction: 
1 0 0
0 -1 0
0 0 1

  IndexToPointMatrix: 
0.7 0 0
0 -0.7 0
0 0 0.7

  PointToIndexMatrix: 
1.42857 0 0
0 -1.42857 0
0 0 1.42857

  Inverse Direction: 
1 0 0
0 -1 0
0 0 1

  PixelContainer: 
    ImportImageContainer (0x3be3750)
      RTTI typeinfo:   itk::ImportImageContainer<unsigned long, double>
      Reference Count: 1
      Modified Time: 2136
      Debug: Off
      Object Name: 
      Observers: 
        none
      Pointer: 0x2b309461e010
      Container manages memory: true
      Size: 22937600
      Capacity: 22937600

     Weighting = 1
     Sampling strategy = regular
     Number of bins = 32
     Radius = 4
     Sampling percentage  = 0.25
   Transform = Affine
     Gradient step = 0.1
     Update field sigma (voxel space) = 0
     Total field sigma (voxel space) = 0
     Update field time sigma = 0
     Total field time sigma  = 0
     Number of time indices = 0
     Number of time point samples = 0
Registration using 2 total stages.

Stage 0
  iterations = 1000x500x250x0
  convergence threshold = 1e-06
  convergence window size = 10
  number of levels = 4
  using the Mattes MI metric (number of bins = 32, weight = 1)
  preprocessing:  winsorizing the image intensities
  Shrink factors (level 1 out of 4): [12, 12, 5]
  Shrink factors (level 2 out of 4): [8, 8, 3]
  Shrink factors (level 3 out of 4): [4, 4, 2]
  Shrink factors (level 4 out of 4): [2, 2, 1]
  smoothing sigmas per level: [4, 3, 2, 1]
  regular sampling (percentage = 0.25)

*** Running Euler3DTransform registration ***

DIAGNOSTIC,Iteration,metricValue,convergenceValue,ITERATION_TIME_INDEX,SINCE_LAST
 2DIAGNOSTIC,     1, -3.342970439550e-01, 1.797693134862e+308, 3.5872e+00, 3.5872e+00, 
 2DIAGNOSTIC,     2, -3.364580173956e-01, 1.797693134862e+308, 3.5959e+00, 8.6930e-03, 
 2DIAGNOSTIC,     3, -3.375967774203e-01, 1.797693134862e+308, 3.6045e+00, 8.6179e-03, 
 2DIAGNOSTIC,     4, -3.434396694130e-01, 1.797693134862e+308, 3.6131e+00, 8.5909e-03, 
 2DIAGNOSTIC,     5, -3.535445248434e-01, 1.797693134862e+308, 3.6218e+00, 8.7330e-03, 
 2DIAGNOSTIC,     6, -3.826264750680e-01, 1.797693134862e+308, 3.6307e+00, 8.8539e-03, 
 2DIAGNOSTIC,     7, -4.068312931709e-01, 1.797693134862e+308, 3.6437e+00, 1.3014e-02, 
 2DIAGNOSTIC,     8, -4.108750150868e-01, 1.797693134862e+308, 3.6532e+00, 9.5701e-03, 
 2DIAGNOSTIC,     9, -4.110761099845e-01, 1.797693134862e+308, 3.6618e+00, 8.5220e-03, 
 2DIAGNOSTIC,    10, -4.114219791954e-01, 1.739664600115e-02, 3.6719e+00, 1.0167e-02, 
 2DIAGNOSTIC,    11, -4.119532862032e-01, 1.498475612755e-02, 3.6819e+00, 9.9719e-03, 
 2DIAGNOSTIC,    12, -4.124218253228e-01, 1.181845672114e-02, 3.6919e+00, 1.0024e-02, 
 2DIAGNOSTIC,    13, -4.130284132506e-01, 8.232645767038e-03, 3.7009e+00, 9.0089e-03, 
 2DIAGNOSTIC,    14, -4.138825456211e-01, 4.830323945702e-03, 3.7144e+00, 1.3481e-02, 
 2DIAGNOSTIC,    15, -4.141609157269e-01, 1.960666927611e-03, 3.7233e+00, 8.8582e-03, 
 2DIAGNOSTIC,    16, -4.142616666135e-01, 6.018058032186e-04, 3.7322e+00, 8.8930e-03, 
 2DIAGNOSTIC,    17, -4.143770855905e-01, 3.972069707000e-04, 3.7422e+00, 1.0044e-02, 
 2DIAGNOSTIC,    18, -4.151369216513e-01, 3.740683114355e-04, 3.7543e+00, 1.2136e-02, 
 2DIAGNOSTIC,    19, -4.150757062483e-01, 3.232345943890e-04, 3.7632e+00, 8.8580e-03, 
 2DIAGNOSTIC,    20, -4.151475864600e-01, 2.632414337962e-04, 3.7721e+00, 8.8849e-03, 
 2DIAGNOSTIC,    21, -4.152108542788e-01, 2.058478644067e-04, 3.7811e+00, 8.9889e-03, 
 2DIAGNOSTIC,    22, -4.155600730459e-01, 1.613053541395e-04, 3.7933e+00, 1.2237e-02, 
 2DIAGNOSTIC,    23, -4.157082824922e-01, 1.281782456063e-04, 3.8033e+00, 9.9750e-03, 
 2DIAGNOSTIC,    24, -4.156627804243e-01, 1.100242625217e-04, 3.8318e+00, 2.8484e-02, 
 2DIAGNOSTIC,    25, -4.156627589921e-01, 9.168723739467e-05, 3.8408e+00, 9.0091e-03, 
 2DIAGNOSTIC,    26, -4.156627723757e-01, 6.921332028924e-05, 3.8496e+00, 8.8680e-03, 
 2DIAGNOSTIC,    27, -4.156627950081e-01, 4.436940714428e-05, 3.8585e+00, 8.8470e-03, 
 2DIAGNOSTIC,    28, -4.156628332720e-01, 3.660344889957e-05, 3.8673e+00, 8.8229e-03, 
 2DIAGNOSTIC,    29, -4.156628979551e-01, 2.466849386489e-05, 3.8763e+00, 8.9340e-03, 
 2DIAGNOSTIC,    30, -4.156630072744e-01, 1.315621861835e-05, 3.8851e+00, 8.8732e-03, 
 2DIAGNOSTIC,    31, -4.156631919637e-01, 2.518134810815e-06, 3.8940e+00, 8.8360e-03, 
DIAGNOSTIC,Iteration,metricValue,convergenceValue,ITERATION_TIME_INDEX,SINCE_LAST
 2DIAGNOSTIC,     1, -3.687104745491e-01, 1.797693134862e+308, 7.8608e+00, 3.9668e+00, 
 2DIAGNOSTIC,     2, -3.704516608900e-01, 1.797693134862e+308, 7.9126e+00, 5.1894e-02, 
 2DIAGNOSTIC,     3, -3.718553240767e-01, 1.797693134862e+308, 7.9644e+00, 5.1726e-02, 
 2DIAGNOSTIC,     4, -3.727218696389e-01, 1.797693134862e+308, 8.0160e+00, 5.1597e-02, 
 2DIAGNOSTIC,     5, -3.732014811838e-01, 1.797693134862e+308, 8.0676e+00, 5.1590e-02, 
 2DIAGNOSTIC,     6, -3.734475702185e-01, 1.797693134862e+308, 8.1192e+00, 5.1641e-02, 
 2DIAGNOSTIC,     7, -3.737850092572e-01, 1.797693134862e+308, 8.1940e+00, 7.4760e-02, 
 2DIAGNOSTIC,     8, -3.739037046372e-01, 1.797693134862e+308, 8.2452e+00, 5.1277e-02, 
 2DIAGNOSTIC,     9, -3.740491526370e-01, 1.797693134862e+308, 8.3041e+00, 5.8905e-02, 
 2DIAGNOSTIC,    10, -3.741833700490e-01, 8.109578858245e-04, 8.3709e+00, 6.6765e-02, 
 2DIAGNOSTIC,    11, -3.742610786209e-01, 4.990641261534e-04, 8.4301e+00, 5.9206e-02, 
 2DIAGNOSTIC,    12, -3.744843413495e-01, 3.178878417549e-04, 8.4896e+00, 5.9490e-02, 
 2DIAGNOSTIC,    13, -3.748840866284e-01, 2.406114956372e-04, 8.5494e+00, 5.9746e-02, 
 2DIAGNOSTIC,    14, -3.749064160624e-01, 2.002718699920e-04, 8.6007e+00, 5.1354e-02, 
 2DIAGNOSTIC,    15, -3.749123799666e-01, 1.720943230238e-04, 8.6508e+00, 5.0139e-02, 
 2DIAGNOSTIC,    16, -3.749239691783e-01, 1.440372002290e-04, 8.7007e+00, 4.9850e-02, 
 2DIAGNOSTIC,    17, -3.749282578730e-01, 1.212955526009e-04, 8.7505e+00, 4.9801e-02, 
 2DIAGNOSTIC,    18, -3.749295324491e-01, 9.475727757816e-05, 8.8291e+00, 7.8643e-02, 
 2DIAGNOSTIC,    19, -3.749298280033e-01, 6.820282947037e-05, 9.0129e+00, 1.8376e-01, 
 2DIAGNOSTIC,    20, -3.749298280022e-01, 4.349521524157e-05, 9.1793e+00, 1.6638e-01, 
 2DIAGNOSTIC,    21, -3.749298280022e-01, 2.000727577174e-05, 9.2447e+00, 6.5390e-02, 
 2DIAGNOSTIC,    22, -3.749298280022e-01, 4.262816223531e-06, 9.3015e+00, 5.6821e-02, 
 2DIAGNOSTIC,    23, -3.749298280022e-01, 2.826267813748e-06, 9.3579e+00, 5.6382e-02, 
 2DIAGNOSTIC,    24, -3.749298280022e-01, 2.082935659814e-06, 9.4145e+00, 5.6615e-02, 
 2DIAGNOSTIC,    25, -3.749298280022e-01, 1.501802054993e-06, 9.4714e+00, 5.6903e-02, 
 2DIAGNOSTIC,    26, -3.749298280022e-01, 1.279940091761e-06, 9.5282e+00, 5.6790e-02, 
 2DIAGNOSTIC,    27, -3.749298280022e-01, 1.189285789724e-06, 9.5848e+00, 5.6595e-02, 
 2DIAGNOSTIC,    28, -3.749298280022e-01, 1.138693252530e-06, 9.6485e+00, 6.3712e-02, 
 2DIAGNOSTIC,    29, -3.749298280022e-01, 1.099340419392e-06, 9.7054e+00, 5.6872e-02, 
 2DIAGNOSTIC,    30, -3.749298280022e-01, 1.062616736346e-06, 9.7545e+00, 4.9157e-02, 
 2DIAGNOSTIC,    31, -3.749298280022e-01, 1.028267265939e-06, 9.8112e+00, 5.6647e-02, 
DIAGNOSTIC,Iteration,metricValue,convergenceValue,ITERATION_TIME_INDEX,SINCE_LAST
 2DIAGNOSTIC,     1, -3.405027396262e-01, 1.797693134862e+308, 1.4065e+01, 4.2542e+00, 
 2DIAGNOSTIC,     2, -3.406502970221e-01, 1.797693134862e+308, 1.4432e+01, 3.6676e-01, 
 2DIAGNOSTIC,     3, -3.406805615130e-01, 1.797693134862e+308, 1.4796e+01, 3.6344e-01, 
 2DIAGNOSTIC,     4, -3.406879750080e-01, 1.797693134862e+308, 1.5146e+01, 3.5005e-01, 
 2DIAGNOSTIC,     5, -3.407007038999e-01, 1.797693134862e+308, 1.5490e+01, 3.4481e-01, 
 2DIAGNOSTIC,     6, -3.407167106999e-01, 1.797693134862e+308, 1.5785e+01, 2.9405e-01, 
 2DIAGNOSTIC,     7, -3.407444749526e-01, 1.797693134862e+308, 1.6089e+01, 3.0415e-01, 
 2DIAGNOSTIC,     8, -3.407864598529e-01, 1.797693134862e+308, 1.6385e+01, 2.9681e-01, 
 2DIAGNOSTIC,     9, -3.408639338025e-01, 1.797693134862e+308, 1.6728e+01, 3.4227e-01, 
 2DIAGNOSTIC,    10, -3.408966306176e-01, 6.022709407474e-05, 1.7023e+01, 2.9540e-01, 
 2DIAGNOSTIC,    11, -3.409164862021e-01, 5.014100913413e-05, 1.7315e+01, 2.9146e-01, 
 2DIAGNOSTIC,    12, -3.409774902035e-01, 5.198384410891e-05, 1.7608e+01, 2.9335e-01, 
 2DIAGNOSTIC,    13, -3.410431028739e-01, 5.511867060012e-05, 1.7900e+01, 2.9235e-01, 
 2DIAGNOSTIC,    14, -3.411602175140e-01, 6.031116334901e-05, 1.8551e+01, 6.5081e-01, 
 2DIAGNOSTIC,    15, -3.411642666587e-01, 6.033838041125e-05, 1.8888e+01, 3.3728e-01, 
 2DIAGNOSTIC,    16, -3.411791884233e-01, 5.677372604061e-05, 1.9225e+01, 3.3686e-01, 
 2DIAGNOSTIC,    17, -3.411657523159e-01, 4.931024764007e-05, 1.9568e+01, 3.4314e-01, 
 2DIAGNOSTIC,    18, -3.411624734009e-01, 3.996463656496e-05, 1.9950e+01, 3.8193e-01, 
 2DIAGNOSTIC,    19, -3.411599241158e-01, 3.127433609124e-05, 2.0288e+01, 3.3757e-01, 
 2DIAGNOSTIC,    20, -3.411539313139e-01, 2.183672678900e-05, 2.0626e+01, 3.3858e-01, 
 2DIAGNOSTIC,    21, -3.411514212756e-01, 1.213385881168e-05, 2.0964e+01, 3.3765e-01, 
 2DIAGNOSTIC,    22, -3.411453713635e-01, 4.394612386951e-06, 2.1345e+01, 3.8113e-01, 
DIAGNOSTIC,Iteration,metricValue,convergenceValue,ITERATION_TIME_INDEX,SINCE_LAST
 2DIAGNOSTIC,     1, -2.826736080744e-01, 1.797693134862e+308, 2.7372e+01, 6.0268e+00, 
  Elapsed time (stage 0): 2.9231e+01


Stage 1
  iterations = 1000x500x250x0
  convergence threshold = 1.0000e-06
  convergence window size = 10
  number of levels = 4
  using the Mattes MI metric (number of bins = 32, weight = 1.0000e+00)
  preprocessing:  winsorizing the image intensities
  Shrink factors (level 1 out of 4): [12, 12, 5]
  Shrink factors (level 2 out of 4): [8, 8, 3]
  Shrink factors (level 3 out of 4): [4, 4, 2]
  Shrink factors (level 4 out of 4): [2, 2, 1]
  smoothing sigmas per level: [4, 3, 2, 1]
  regular sampling (percentage = 2.5000e-01)

*** Running AffineTransform registration ***

DIAGNOSTIC,Iteration,metricValue,convergenceValue,ITERATION_TIME_INDEX,SINCE_LAST
 2DIAGNOSTIC,     1, -3.993477730652e-01, 1.797693134862e+308, 3.7248e+00, 3.7248e+00, 
 2DIAGNOSTIC,     2, -4.017248367898e-01, 1.797693134862e+308, 3.7408e+00, 1.6029e-02, 
 2DIAGNOSTIC,     3, -4.049199054718e-01, 1.797693134862e+308, 3.7569e+00, 1.6031e-02, 
 2DIAGNOSTIC,     4, -4.082646398264e-01, 1.797693134862e+308, 3.7729e+00, 1.5984e-02, 
 2DIAGNOSTIC,     5, -4.118931926641e-01, 1.797693134862e+308, 3.7889e+00, 1.6028e-02, 
 2DIAGNOSTIC,     6, -4.145543932694e-01, 1.797693134862e+308, 3.8050e+00, 1.6079e-02, 
 2DIAGNOSTIC,     7, -4.183591062986e-01, 1.797693134862e+308, 3.8211e+00, 1.6137e-02, 
 2DIAGNOSTIC,     8, -4.208669838229e-01, 1.797693134862e+308, 3.8395e+00, 1.8400e-02, 
 2DIAGNOSTIC,     9, -4.217148372205e-01, 1.797693134862e+308, 3.8625e+00, 2.2975e-02, 
 2DIAGNOSTIC,    10, -4.219364523597e-01, 3.890521661772e-03, 3.8812e+00, 1.8770e-02, 
 2DIAGNOSTIC,    11, -4.219976654563e-01, 3.091636702835e-03, 3.8977e+00, 1.6498e-02, 
 2DIAGNOSTIC,    12, -4.220635130876e-01, 2.288273580073e-03, 3.9144e+00, 1.6611e-02, 
 2DIAGNOSTIC,    13, -4.223201711392e-01, 1.583130575523e-03, 3.9311e+00, 1.6724e-02, 
 2DIAGNOSTIC,    14, -4.226785743310e-01, 1.016138201197e-03, 3.9479e+00, 1.6844e-02, 
 2DIAGNOSTIC,    15, -4.230913780325e-01, 6.176103243322e-04, 3.9646e+00, 1.6704e-02, 
 2DIAGNOSTIC,    16, -4.240386273614e-01, 3.643041307747e-04, 3.9908e+00, 2.6211e-02, 
 2DIAGNOSTIC,    17, -4.237690920360e-01, 2.467774528296e-04, 4.0076e+00, 1.6751e-02, 
 2DIAGNOSTIC,    18, -4.238751925132e-01, 2.188471778941e-04, 4.0290e+00, 2.1392e-02, 
 2DIAGNOSTIC,    19, -4.243735595836e-01, 2.218902878732e-04, 4.0459e+00, 1.6905e-02, 
 2DIAGNOSTIC,    20, -4.244352599059e-01, 2.129296819052e-04, 4.0649e+00, 1.9042e-02, 
 2DIAGNOSTIC,    21, -4.245450474513e-01, 1.905840266021e-04, 4.0816e+00, 1.6639e-02, 
 2DIAGNOSTIC,    22, -4.248514092665e-01, 1.644554911679e-04, 4.1006e+00, 1.9067e-02, 
 2DIAGNOSTIC,    23, -4.251387078747e-01, 1.414726693478e-04, 4.1267e+00, 2.6093e-02, 
 2DIAGNOSTIC,    24, -4.252436795354e-01, 1.199377223742e-04, 4.1458e+00, 1.9059e-02, 
 2DIAGNOSTIC,    25, -4.252591187397e-01, 9.991241948938e-05, 4.1625e+00, 1.6736e-02, 
 2DIAGNOSTIC,    26, -4.252179649340e-01, 9.629597783287e-05, 4.1794e+00, 1.6880e-02, 
 2DIAGNOSTIC,    27, -4.253125694746e-01, 7.962337931081e-05, 4.1984e+00, 1.9036e-02, 
 2DIAGNOSTIC,    28, -4.253420019017e-01, 5.952899964245e-05, 4.2152e+00, 1.6726e-02, 
 2DIAGNOSTIC,    29, -4.253881179792e-01, 4.805874163169e-05, 4.2319e+00, 1.6717e-02, 
 2DIAGNOSTIC,    30, -4.254064544931e-01, 3.484901077540e-05, 4.2487e+00, 1.6778e-02, 
 2DIAGNOSTIC,    31, -4.255878103801e-01, 2.559243525619e-05, 4.2700e+00, 2.1338e-02, 
 2DIAGNOSTIC,    32, -4.254734377688e-01, 1.838617506326e-05, 4.2938e+00, 2.3786e-02, 
 2DIAGNOSTIC,    33, -4.256598972631e-01, 1.969604806951e-05, 4.3106e+00, 1.6793e-02, 
 2DIAGNOSTIC,    34, -4.256878054869e-01, 2.170869077567e-05, 4.3295e+00, 1.8956e-02, 
 2DIAGNOSTIC,    35, -4.257307155634e-01, 2.278159131877e-05, 4.3463e+00, 1.6765e-02, 
 2DIAGNOSTIC,    36, -4.257652239625e-01, 2.155074982562e-05, 4.3628e+00, 1.6498e-02, 
 2DIAGNOSTIC,    37, -4.258170210005e-01, 2.110080460846e-05, 4.3793e+00, 1.6459e-02, 
 2DIAGNOSTIC,    38, -4.259071511584e-01, 2.084666819369e-05, 4.3956e+00, 1.6380e-02, 
 2DIAGNOSTIC,    39, -4.262415952724e-01, 2.522783987108e-05, 4.4117e+00, 1.6102e-02, 
 2DIAGNOSTIC,    40, -4.281626898947e-01, 5.952969271525e-05, 4.4412e+00, 2.9441e-02, 
 2DIAGNOSTIC,    41, -4.285595203133e-01, 9.530013227418e-05, 4.4594e+00, 1.8257e-02, 
 2DIAGNOSTIC,    42, -4.285773471511e-01, 1.189570819412e-04, 4.4777e+00, 1.8261e-02, 
 2DIAGNOSTIC,    43, -4.286481103584e-01, 1.347506115743e-04, 4.4937e+00, 1.6009e-02, 
 2DIAGNOSTIC,    44, -4.286695544256e-01, 1.376348377511e-04, 4.5119e+00, 1.8235e-02, 
 2DIAGNOSTIC,    45, -4.286579741238e-01, 1.272673366504e-04, 4.5280e+00, 1.6024e-02, 
 2DIAGNOSTIC,    46, -4.287226067812e-01, 1.065954920743e-04, 4.5461e+00, 1.8177e-02, 
 2DIAGNOSTIC,    47, -4.286782783217e-01, 7.720429791440e-05, 4.5754e+00, 2.9229e-02, 
 2DIAGNOSTIC,    48, -4.287086504573e-01, 4.370321204627e-05, 4.5914e+00, 1.6026e-02, 
 2DIAGNOSTIC,    49, -4.287464802920e-01, 1.187212893205e-05, 4.6072e+00, 1.5786e-02, 
 2DIAGNOSTIC,    50, -4.287811159021e-01, 6.376015704922e-06, 4.6229e+00, 1.5703e-02, 
 2DIAGNOSTIC,    51, -4.288303430798e-01, 6.419433079979e-06, 4.6386e+00, 1.5683e-02, 
 2DIAGNOSTIC,    52, -4.288862810959e-01, 6.833344053204e-06, 4.6544e+00, 1.5823e-02, 
 2DIAGNOSTIC,    53, -4.289503765689e-01, 8.335146824946e-06, 4.6701e+00, 1.5680e-02, 
 2DIAGNOSTIC,    54, -4.289362215066e-01, 9.118969013965e-06, 4.6878e+00, 1.7771e-02, 
 2DIAGNOSTIC,    55, -4.290447722022e-01, 1.022968638181e-05, 4.7118e+00, 2.3990e-02, 
 2DIAGNOSTIC,    56, -4.290607178922e-01, 1.132535250753e-05, 4.7275e+00, 1.5700e-02, 
 2DIAGNOSTIC,    57, -4.290682653479e-01, 1.090945578118e-05, 4.7433e+00, 1.5780e-02, 
 2DIAGNOSTIC,    58, -4.290968392700e-01, 1.020268376838e-05, 4.7612e+00, 1.7872e-02, 
 2DIAGNOSTIC,    59, -4.292310798067e-01, 1.054333934064e-05, 4.7791e+00, 1.7873e-02, 
 2DIAGNOSTIC,    60, -4.293590233948e-01, 1.167215586473e-05, 4.7968e+00, 1.7741e-02, 
 2DIAGNOSTIC,    61, -4.292744341519e-01, 1.126727790482e-05, 4.8125e+00, 1.5743e-02, 
 2DIAGNOSTIC,    62, -4.292984665736e-01, 1.076698751456e-05, 4.8303e+00, 1.7790e-02, 
 2DIAGNOSTIC,    63, -4.294255876422e-01, 1.134348801092e-05, 4.8502e+00, 1.9834e-02, 
 2DIAGNOSTIC,    64, -4.293293755593e-01, 9.595626125739e-06, 4.8659e+00, 1.5706e-02, 
 2DIAGNOSTIC,    65, -4.293327022150e-01, 8.204004987179e-06, 4.8837e+00, 1.7815e-02, 
 2DIAGNOSTIC,    66, -4.293341294577e-01, 6.329203168048e-06, 4.8994e+00, 1.5725e-02, 
 2DIAGNOSTIC,    67, -4.293356090595e-01, 4.045868370856e-06, 4.9151e+00, 1.5736e-02, 
 2DIAGNOSTIC,    68, -4.293416265330e-01, 1.772814412979e-06, 4.9455e+00, 3.0350e-02, 
DIAGNOSTIC,Iteration,metricValue,convergenceValue,ITERATION_TIME_INDEX,SINCE_LAST
 2DIAGNOSTIC,     1, -3.962724673062e-01, 1.797693134862e+308, 8.7832e+00, 3.8377e+00, 
 2DIAGNOSTIC,     2, -3.970427482358e-01, 1.797693134862e+308, 8.8386e+00, 5.5402e-02, 
 2DIAGNOSTIC,     3, -3.977108782358e-01, 1.797693134862e+308, 8.8942e+00, 5.5591e-02, 
 2DIAGNOSTIC,     4, -3.983729465223e-01, 1.797693134862e+308, 8.9498e+00, 5.5598e-02, 
 2DIAGNOSTIC,     5, -3.992518515948e-01, 1.797693134862e+308, 9.0057e+00, 5.5860e-02, 
 2DIAGNOSTIC,     6, -4.001288621956e-01, 1.797693134862e+308, 9.0694e+00, 6.3687e-02, 
 2DIAGNOSTIC,     7, -4.004459538956e-01, 1.797693134862e+308, 9.1483e+00, 7.8960e-02, 
 2DIAGNOSTIC,     8, -4.006998725416e-01, 1.797693134862e+308, 9.2039e+00, 5.5542e-02, 
 2DIAGNOSTIC,     9, -4.008908452724e-01, 1.797693134862e+308, 9.2594e+00, 5.5507e-02, 
 2DIAGNOSTIC,    10, -4.013209740248e-01, 8.305463574770e-04, 9.3304e+00, 7.0998e-02, 
 2DIAGNOSTIC,    11, -4.014809522247e-01, 6.554726903417e-04, 9.3861e+00, 5.5743e-02, 
 2DIAGNOSTIC,    12, -4.018546440685e-01, 5.188306614123e-04, 9.4420e+00, 5.5835e-02, 
 2DIAGNOSTIC,    13, -4.040060884544e-01, 5.105917329003e-04, 9.5208e+00, 7.8839e-02, 
 2DIAGNOSTIC,    14, -4.044653640299e-01, 5.107198985099e-04, 9.5763e+00, 5.5455e-02, 
 2DIAGNOSTIC,    15, -4.052693411922e-01, 5.436498131259e-04, 9.6319e+00, 5.5666e-02, 
 2DIAGNOSTIC,    16, -4.057394862090e-01, 5.828402067402e-04, 9.7029e+00, 7.0929e-02, 
 2DIAGNOSTIC,    17, -4.059283354293e-01, 5.846134777405e-04, 9.7583e+00, 5.5489e-02, 
 2DIAGNOSTIC,    18, -4.059996581448e-01, 5.442420604722e-04, 9.8368e+00, 7.8483e-02, 
 2DIAGNOSTIC,    19, -4.060276832852e-01, 4.655109853399e-04, 9.8921e+00, 5.5289e-02, 
 2DIAGNOSTIC,    20, -4.061323990958e-01, 3.713054239259e-04, 9.9472e+00, 5.5082e-02, 
 2DIAGNOSTIC,    21, -4.061910845820e-01, 2.594161287846e-04, 1.0017e+01, 6.9986e-02, 
 2DIAGNOSTIC,    22, -4.062153313346e-01, 1.449565896285e-04, 1.0080e+01, 6.2762e-02, 
 2DIAGNOSTIC,    23, -4.062276237141e-01, 9.366759276037e-05, 1.0143e+01, 6.2802e-02, 
 2DIAGNOSTIC,    24, -4.062139890650e-01, 5.072265083506e-05, 1.0198e+01, 5.5211e-02, 
 2DIAGNOSTIC,    25, -4.062103650452e-01, 2.887895247880e-05, 1.0253e+01, 5.5110e-02, 
 2DIAGNOSTIC,    26, -4.062187380225e-01, 1.896877862693e-05, 1.0308e+01, 5.5276e-02, 
 2DIAGNOSTIC,    27, -4.062562325721e-01, 1.400872716935e-05, 1.0401e+01, 9.2997e-02, 
 2DIAGNOSTIC,    28, -4.062598553924e-01, 1.008701904690e-05, 1.0457e+01, 5.5168e-02, 
 2DIAGNOSTIC,    29, -4.062621105830e-01, 6.299715529928e-06, 1.0512e+01, 5.5329e-02, 
 2DIAGNOSTIC,    30, -4.062650631809e-01, 4.792123959735e-06, 1.0575e+01, 6.2877e-02, 
 2DIAGNOSTIC,    31, -4.062681272800e-01, 4.409591181545e-06, 1.0630e+01, 5.5294e-02, 
 2DIAGNOSTIC,    32, -4.062535410992e-01, 3.915962466634e-06, 1.0685e+01, 5.5272e-02, 
 2DIAGNOSTIC,    33, -4.063120103214e-01, 4.702290865695e-06, 1.0748e+01, 6.2901e-02, 
 2DIAGNOSTIC,    34, -4.063200179613e-01, 4.949686482326e-06, 1.0841e+01, 9.3121e-02, 
 2DIAGNOSTIC,    35, -4.063208007825e-01, 4.753757407116e-06, 1.0942e+01, 1.0021e-01, 
 2DIAGNOSTIC,    36, -4.063208017368e-01, 4.367906590579e-06, 1.1042e+01, 1.0061e-01, 
 2DIAGNOSTIC,    37, -4.063208017422e-01, 4.387395825721e-06, 1.1143e+01, 1.0083e-01, 
 2DIAGNOSTIC,    38, -4.063208017422e-01, 4.120306697521e-06, 1.1221e+01, 7.7973e-02, 
 2DIAGNOSTIC,    39, -4.063208017422e-01, 3.583651946651e-06, 1.1322e+01, 1.0085e-01, 
 2DIAGNOSTIC,    40, -4.063208017422e-01, 2.873747777344e-06, 1.1385e+01, 6.3086e-02, 
 2DIAGNOSTIC,    41, -4.063208017422e-01, 2.074759194282e-06, 1.1448e+01, 6.2909e-02, 
DIAGNOSTIC,Iteration,metricValue,convergenceValue,ITERATION_TIME_INDEX,SINCE_LAST
 2DIAGNOSTIC,     1, -3.448852091680e-01, 1.797693134862e+308, 1.5632e+01, 4.1846e+00, 
 2DIAGNOSTIC,     2, -3.454404661622e-01, 1.797693134862e+308, 1.5960e+01, 3.2765e-01, 
 2DIAGNOSTIC,     3, -3.458450676553e-01, 1.797693134862e+308, 1.6289e+01, 3.2874e-01, 
 2DIAGNOSTIC,     4, -3.462122656232e-01, 1.797693134862e+308, 1.6615e+01, 3.2612e-01, 
 2DIAGNOSTIC,     5, -3.469227218744e-01, 1.797693134862e+308, 1.6942e+01, 3.2704e-01, 
 2DIAGNOSTIC,     6, -3.474847980090e-01, 1.797693134862e+308, 1.7319e+01, 3.7715e-01, 
 2DIAGNOSTIC,     7, -3.477165183811e-01, 1.797693134862e+308, 1.7788e+01, 4.6902e-01, 
 2DIAGNOSTIC,     8, -3.478583640966e-01, 1.797693134862e+308, 1.8115e+01, 3.2702e-01, 
 2DIAGNOSTIC,     9, -3.484937687736e-01, 1.797693134862e+308, 1.8488e+01, 3.7311e-01, 
 2DIAGNOSTIC,    10, -3.493951246081e-01, 7.718748665761e-04, 1.8817e+01, 3.2848e-01, 
 2DIAGNOSTIC,    11, -3.494628635671e-01, 6.874829067329e-04, 1.9193e+01, 3.7668e-01, 
 2DIAGNOSTIC,    12, -3.495752794540e-01, 6.025553710019e-04, 1.9618e+01, 4.2474e-01, 
 2DIAGNOSTIC,    13, -3.496870237474e-01, 5.099611168927e-04, 1.9976e+01, 3.5781e-01, 
 2DIAGNOSTIC,    14, -3.497171609602e-01, 4.063128315724e-04, 2.0355e+01, 3.7869e-01, 
 2DIAGNOSTIC,    15, -3.497558151481e-01, 3.190358932225e-04, 2.0781e+01, 4.2626e-01, 
 2DIAGNOSTIC,    16, -3.497642929094e-01, 2.428730525530e-04, 2.1111e+01, 3.3046e-01, 
 2DIAGNOSTIC,    17, -3.498637250802e-01, 1.702341788112e-04, 2.1491e+01, 3.7998e-01, 
 2DIAGNOSTIC,    18, -3.498973593478e-01, 9.762339686557e-05, 2.1824e+01, 3.3229e-01, 
 2DIAGNOSTIC,    19, -3.499073688277e-01, 5.050233644300e-05, 2.2156e+01, 3.3233e-01, 
 2DIAGNOSTIC,    20, -3.499349777016e-01, 4.155864306198e-05, 2.2584e+01, 4.2838e-01, 
 2DIAGNOSTIC,    21, -3.499535418914e-01, 3.301595759437e-05, 2.3011e+01, 4.2683e-01, 
 2DIAGNOSTIC,    22, -3.499544836286e-01, 2.636337060535e-05, 2.3343e+01, 3.3159e-01, 
 2DIAGNOSTIC,    23, -3.499743916846e-01, 2.260687784180e-05, 2.3674e+01, 3.3090e-01, 
 2DIAGNOSTIC,    24, -3.499924285764e-01, 1.881077917546e-05, 2.4002e+01, 3.2793e-01, 
 2DIAGNOSTIC,    25, -3.500171283542e-01, 1.576551202934e-05, 2.4331e+01, 3.2914e-01, 
 2DIAGNOSTIC,    26, -3.500402029151e-01, 1.249184866535e-05, 2.4847e+01, 5.1619e-01, 
 2DIAGNOSTIC,    27, -3.500347769737e-01, 1.121884235161e-05, 2.5176e+01, 3.2950e-01, 
 2DIAGNOSTIC,    28, -3.500453610742e-01, 1.039971356420e-05, 2.5507e+01, 3.3078e-01, 
 2DIAGNOSTIC,    29, -3.500529050491e-01, 9.227352294597e-06, 2.5838e+01, 3.3100e-01, 
 2DIAGNOSTIC,    30, -3.500895289190e-01, 9.083295165614e-06, 2.6310e+01, 4.7158e-01, 
 2DIAGNOSTIC,    31, -3.500927145221e-01, 8.741521086937e-06, 2.6641e+01, 3.3117e-01, 
 2DIAGNOSTIC,    32, -3.500963134092e-01, 7.818399667382e-06, 2.6971e+01, 3.3034e-01, 
 2DIAGNOSTIC,    33, -3.501102828403e-01, 7.152753478797e-06, 2.7489e+01, 5.1794e-01, 
 2DIAGNOSTIC,    34, -3.501070221679e-01, 6.265994080285e-06, 2.7818e+01, 3.2871e-01, 
 2DIAGNOSTIC,    35, -3.501087583747e-01, 5.518019295634e-06, 2.8144e+01, 3.2587e-01, 
 2DIAGNOSTIC,    36, -3.501110201431e-01, 4.954287109081e-06, 2.8471e+01, 3.2767e-01, 
 2DIAGNOSTIC,    37, -3.501152387583e-01, 4.010973155531e-06, 2.8802e+01, 3.3065e-01, 
 2DIAGNOSTIC,    38, -3.501173367130e-01, 3.088668801148e-06, 2.9330e+01, 5.2775e-01, 
 2DIAGNOSTIC,    39, -3.501167750422e-01, 2.125734830338e-06, 2.9661e+01, 3.3141e-01, 
 2DIAGNOSTIC,    40, -3.501179968340e-01, 1.861713458139e-06, 2.9992e+01, 3.3080e-01, 
 2DIAGNOSTIC,    41, -3.501196531712e-01, 1.604020970349e-06, 3.0371e+01, 3.7874e-01, 
 2DIAGNOSTIC,    42, -3.501208505195e-01, 1.362181597270e-06, 3.0797e+01, 4.2581e-01, 
 2DIAGNOSTIC,    43, -3.501219147420e-01, 1.360533003855e-06, 3.1126e+01, 3.2897e-01, 
 2DIAGNOSTIC,    44, -3.501234146152e-01, 1.268232089048e-06, 3.1500e+01, 3.7453e-01, 
 2DIAGNOSTIC,    45, -3.501284873897e-01, 1.250884228948e-06, 3.1827e+01, 3.2657e-01, 
 2DIAGNOSTIC,    46, -3.501290350891e-01, 1.227633981093e-06, 3.2200e+01, 3.7338e-01, 
 2DIAGNOSTIC,    47, -3.501295760258e-01, 1.236452765684e-06, 3.2530e+01, 3.2955e-01, 
 2DIAGNOSTIC,    48, -3.501305610068e-01, 1.245449154176e-06, 3.2858e+01, 3.2819e-01, 
 2DIAGNOSTIC,    49, -3.501315823939e-01, 1.205069105260e-06, 3.3373e+01, 5.1473e-01, 
 2DIAGNOSTIC,    50, -3.501323573424e-01, 1.143726117508e-06, 3.3700e+01, 3.2723e-01, 
 2DIAGNOSTIC,    51, -3.501327667426e-01, 1.068858692759e-06, 3.4074e+01, 3.7389e-01, 
DIAGNOSTIC,Iteration,metricValue,convergenceValue,ITERATION_TIME_INDEX,SINCE_LAST
 2DIAGNOSTIC,     1, -2.866795678077e-01, 1.797693134862e+308, 4.0048e+01, 5.9738e+00, 
  Elapsed time (stage 1): 4.1886e+01


Total elapsed time: 7.1184e+01
Using double precision for computations.
Input scalar image: /home/ccn30/rds/rds-p00500_encrypt-URQgmO1brZ0/p00500/ENCRYPT_images/25774/T2/N4t2.nii
Reference image: /home/ccn30/rds/rds-p00500_encrypt-URQgmO1brZ0/p00500/ENCRYPT_images/25774/mp2rage/n4mag0000_PSIR_skulled_std.nii
Can't read initial transform T1xT2_ANTs_0GenericAffine.mat
