This is job 10
Time: Thu  2 Dec 16:02:40 GMT 2021
Running on master node: cpu-p-48
Current directory: /home/ccn30/rds/hpc-work/WBIC_lustre/ENCRYPT/scripts/Registration/slurmoutputs
Changed directory to /home/ccn30/rds/hpc-work/WBIC_lustre/ENCRYPT/scripts/Registration/slurmoutputs.

JobID: 50592206
======
Time: Thu  2 Dec 16:02:40 GMT 2021
Running on master node: cpu-p-48
Current directory: /home/ccn30/rds/hpc-work/WBIC_lustre/ENCRYPT/scripts/Registration/slurmoutputs

Nodes allocated:
================
cpu-p-48

numtasks=, numnodes=, mpi_tasks_per_node= (OMP_NUM_THREADS=1)

Executing command:
==================
/home/ccn30/rds/hpc-work/WBIC_lustre/ENCRYPT/scripts/Registration/coreg_main.sh /home/ccn30/rds/hpc-work/WBIC_lustre/ENCRYPT/ENCRYPT_MasterRIScodes.txt 10 /home/ccn30/rds/rds-p00500_encrypt-URQgmO1brZ0/p00500 /home/ccn30/rds/hpc-work/WBIC_lustre/ENCRYPT/scripts/Registration

******** starting 26002 ********
You are inside ANTs call
/usr/local/software/spack/spack-git/opt/spack/linux-rhel7-broadwell/gcc-5/ants-2.3.4-lj6vm7ccmij4yywr4ynrttcko4aoflqt/bin/antsRegistration
 	Fixed image /home/ccn30/rds/rds-p00500_encrypt-URQgmO1brZ0/p00500/ENCRYPT_images/26002/fMRI/N4meanEPI.nii
 	Moving image /home/ccn30/rds/rds-p00500_encrypt-URQgmO1brZ0/p00500/ENCRYPT_images/26002/mp2rage/n4mag0000_PSIR_skulled_std_struc_brain.nii
 	Mask image /home/ccn30/rds/rds-p00500_encrypt-URQgmO1brZ0/p00500/ENCRYPT_images/26002/fMRI/fixedEPIMask.nii
 	regDir /home/ccn30/rds/rds-p00500_encrypt-URQgmO1brZ0/p00500/ENCRYPT_registrations/26002

Running N4 for 3-dimensional images.

Mask not read.  Using the entire image as the mask.

Original intensity range:  [-230.701, 23046.9]

***********************************************************
Warning:  Your input image contains nonpositive values
which could cause failure or problematic results.  A
possible workaround would be to:
   1. rescale your image to positive values e.g., [10,100].
   2. run N4 on your rescaled image.
   3. (optional) rescale the N4 output to the original
      intensity range.
***********************************************************

Specified spline distance: 100mm
  original image size:  [128, 128, 42]
  padded image size:  [134, 134, 101]
  number of control points:  [5, 5, 4]

Current level = 1
  Iteration 1 (of 200).   Current convergence value = 0.000905809 (threshold = 0)
  Iteration 2 (of 200).   Current convergence value = 0.000800717 (threshold = 0)
  Iteration 3 (of 200).   Current convergence value = 0.000717146 (threshold = 0)
  Iteration 4 (of 200).   Current convergence value = 0.000651321 (threshold = 0)
  Iteration 5 (of 200).   Current convergence value = 0.000599764 (threshold = 0)
  Iteration 6 (of 200).   Current convergence value = 0.000539085 (threshold = 0)
  Iteration 7 (of 200).   Current convergence value = 0.000493812 (threshold = 0)
  Iteration 8 (of 200).   Current convergence value = 0.000460697 (threshold = 0)
  Iteration 9 (of 200).   Current convergence value = 0.000436975 (threshold = 0)
  Iteration 10 (of 200).   Current convergence value = 0.000420428 (threshold = 0)
  Iteration 11 (of 200).   Current convergence value = 0.000409062 (threshold = 0)
  Iteration 12 (of 200).   Current convergence value = 0.000401314 (threshold = 0)
  Iteration 13 (of 200).   Current convergence value = 0.000396648 (threshold = 0)
  Iteration 14 (of 200).   Current convergence value = 0.000393964 (threshold = 0)
  Iteration 15 (of 200).   Current convergence value = 0.000392842 (threshold = 0)
  Iteration 16 (of 200).   Current convergence value = 0.000392641 (threshold = 0)
  Iteration 17 (of 200).   Current convergence value = 0.000393271 (threshold = 0)
  Iteration 18 (of 200).   Current convergence value = 0.000394515 (threshold = 0)
  Iteration 19 (of 200).   Current convergence value = 0.000396042 (threshold = 0)
  Iteration 20 (of 200).   Current convergence value = 0.000397711 (threshold = 0)
  Iteration 21 (of 200).   Current convergence value = 0.000399458 (threshold = 0)
  Iteration 22 (of 200).   Current convergence value = 0.00040124 (threshold = 0)
  Iteration 23 (of 200).   Current convergence value = 0.000403007 (threshold = 0)
  Iteration 24 (of 200).   Current convergence value = 0.00040436 (threshold = 0)
  Iteration 25 (of 200).   Current convergence value = 0.000404805 (threshold = 0)
  Iteration 26 (of 200).   Current convergence value = 0.000404955 (threshold = 0)
  Iteration 27 (of 200).   Current convergence value = 0.000404843 (threshold = 0)
  Iteration 28 (of 200).   Current convergence value = 0.000404673 (threshold = 0)
  Iteration 29 (of 200).   Current convergence value = 0.000404203 (threshold = 0)
  Iteration 30 (of 200).   Current convergence value = 0.000403507 (threshold = 0)
  Iteration 31 (of 200).   Current convergence value = 0.000402742 (threshold = 0)
  Iteration 32 (of 200).   Current convergence value = 0.000401972 (threshold = 0)
  Iteration 33 (of 200).   Current convergence value = 0.000401093 (threshold = 0)
  Iteration 34 (of 200).   Current convergence value = 0.000400213 (threshold = 0)
  Iteration 35 (of 200).   Current convergence value = 0.000399159 (threshold = 0)
  Iteration 36 (of 200).   Current convergence value = 0.000398154 (threshold = 0)
  Iteration 37 (of 200).   Current convergence value = 0.000397033 (threshold = 0)
  Iteration 38 (of 200).   Current convergence value = 0.000395755 (threshold = 0)
  Iteration 39 (of 200).   Current convergence value = 0.000394439 (threshold = 0)
  Iteration 40 (of 200).   Current convergence value = 0.000393103 (threshold = 0)
  Iteration 41 (of 200).   Current convergence value = 0.000391604 (threshold = 0)
  Iteration 42 (of 200).   Current convergence value = 0.000389989 (threshold = 0)
  Iteration 43 (of 200).   Current convergence value = 0.000388417 (threshold = 0)
  Iteration 44 (of 200).   Current convergence value = 0.000386902 (threshold = 0)
  Iteration 45 (of 200).   Current convergence value = 0.000385305 (threshold = 0)
  Iteration 46 (of 200).   Current convergence value = 0.000383575 (threshold = 0)
  Iteration 47 (of 200).   Current convergence value = 0.000381979 (threshold = 0)
  Iteration 48 (of 200).   Current convergence value = 0.000380413 (threshold = 0)
  Iteration 49 (of 200).   Current convergence value = 0.000379 (threshold = 0)
  Iteration 50 (of 200).   Current convergence value = 0.000377537 (threshold = 0)
  Iteration 51 (of 200).   Current convergence value = 0.000376322 (threshold = 0)
  Iteration 52 (of 200).   Current convergence value = 0.000375258 (threshold = 0)
  Iteration 53 (of 200).   Current convergence value = 0.000374269 (threshold = 0)
  Iteration 54 (of 200).   Current convergence value = 0.000373455 (threshold = 0)
  Iteration 55 (of 200).   Current convergence value = 0.000372679 (threshold = 0)
  Iteration 56 (of 200).   Current convergence value = 0.000371929 (threshold = 0)
  Iteration 57 (of 200).   Current convergence value = 0.000371206 (threshold = 0)
  Iteration 58 (of 200).   Current convergence value = 0.000370377 (threshold = 0)
  Iteration 59 (of 200).   Current convergence value = 0.000369439 (threshold = 0)
  Iteration 60 (of 200).   Current convergence value = 0.000368585 (threshold = 0)
  Iteration 61 (of 200).   Current convergence value = 0.000367713 (threshold = 0)
  Iteration 62 (of 200).   Current convergence value = 0.000366912 (threshold = 0)
  Iteration 63 (of 200).   Current convergence value = 0.000366239 (threshold = 0)
  Iteration 64 (of 200).   Current convergence value = 0.000365575 (threshold = 0)
  Iteration 65 (of 200).   Current convergence value = 0.000364925 (threshold = 0)
  Iteration 66 (of 200).   Current convergence value = 0.000364281 (threshold = 0)
  Iteration 67 (of 200).   Current convergence value = 0.000363677 (threshold = 0)
  Iteration 68 (of 200).   Current convergence value = 0.000363142 (threshold = 0)
  Iteration 69 (of 200).   Current convergence value = 0.000362595 (threshold = 0)
  Iteration 70 (of 200).   Current convergence value = 0.000361883 (threshold = 0)
  Iteration 71 (of 200).   Current convergence value = 0.000361087 (threshold = 0)
  Iteration 72 (of 200).   Current convergence value = 0.000360308 (threshold = 0)
  Iteration 73 (of 200).   Current convergence value = 0.000359306 (threshold = 0)
  Iteration 74 (of 200).   Current convergence value = 0.000358094 (threshold = 0)
  Iteration 75 (of 200).   Current convergence value = 0.000356926 (threshold = 0)
  Iteration 76 (of 200).   Current convergence value = 0.000355785 (threshold = 0)
  Iteration 77 (of 200).   Current convergence value = 0.000354745 (threshold = 0)
  Iteration 78 (of 200).   Current convergence value = 0.000353883 (threshold = 0)
  Iteration 79 (of 200).   Current convergence value = 0.000353176 (threshold = 0)
  Iteration 80 (of 200).   Current convergence value = 0.000352657 (threshold = 0)
  Iteration 81 (of 200).   Current convergence value = 0.000352347 (threshold = 0)
  Iteration 82 (of 200).   Current convergence value = 0.000352055 (threshold = 0)
  Iteration 83 (of 200).   Current convergence value = 0.000351829 (threshold = 0)
  Iteration 84 (of 200).   Current convergence value = 0.000351621 (threshold = 0)
  Iteration 85 (of 200).   Current convergence value = 0.00035155 (threshold = 0)
  Iteration 86 (of 200).   Current convergence value = 0.000348647 (threshold = 0)
  Iteration 87 (of 200).   Current convergence value = 0.00034509 (threshold = 0)
  Iteration 88 (of 200).   Current convergence value = 0.000341622 (threshold = 0)
  Iteration 89 (of 200).   Current convergence value = 0.000338222 (threshold = 0)
  Iteration 90 (of 200).   Current convergence value = 0.000334935 (threshold = 0)
  Iteration 91 (of 200).   Current convergence value = 0.000331756 (threshold = 0)
  Iteration 92 (of 200).   Current convergence value = 0.000328706 (threshold = 0)
  Iteration 93 (of 200).   Current convergence value = 0.000325945 (threshold = 0)
  Iteration 94 (of 200).   Current convergence value = 0.000323389 (threshold = 0)
  Iteration 95 (of 200).   Current convergence value = 0.000320951 (threshold = 0)
  Iteration 96 (of 200).   Current convergence value = 0.000318616 (threshold = 0)
  Iteration 97 (of 200).   Current convergence value = 0.00031643 (threshold = 0)
  Iteration 98 (of 200).   Current convergence value = 0.00031443 (threshold = 0)
  Iteration 99 (of 200).   Current convergence value = 0.000312512 (threshold = 0)
  Iteration 100 (of 200).   Current convergence value = 0.000310858 (threshold = 0)
  Iteration 101 (of 200).   Current convergence value = 0.000309356 (threshold = 0)
  Iteration 102 (of 200).   Current convergence value = 0.00030794 (threshold = 0)
  Iteration 103 (of 200).   Current convergence value = 0.000306509 (threshold = 0)
  Iteration 104 (of 200).   Current convergence value = 0.000305197 (threshold = 0)
  Iteration 105 (of 200).   Current convergence value = 0.000304099 (threshold = 0)
  Iteration 106 (of 200).   Current convergence value = 0.00030308 (threshold = 0)
  Iteration 107 (of 200).   Current convergence value = 0.000302176 (threshold = 0)
  Iteration 108 (of 200).   Current convergence value = 0.000301447 (threshold = 0)
  Iteration 109 (of 200).   Current convergence value = 0.000300722 (threshold = 0)
  Iteration 110 (of 200).   Current convergence value = 0.000300015 (threshold = 0)
  Iteration 111 (of 200).   Current convergence value = 0.000299328 (threshold = 0)
  Iteration 112 (of 200).   Current convergence value = 0.000298635 (threshold = 0)
  Iteration 113 (of 200).   Current convergence value = 0.000298039 (threshold = 0)
  Iteration 114 (of 200).   Current convergence value = 0.000297536 (threshold = 0)
  Iteration 115 (of 200).   Current convergence value = 0.000297075 (threshold = 0)
  Iteration 116 (of 200).   Current convergence value = 0.000296728 (threshold = 0)
  Iteration 117 (of 200).   Current convergence value = 0.000296559 (threshold = 0)
  Iteration 118 (of 200).   Current convergence value = 0.000296501 (threshold = 0)
  Iteration 119 (of 200).   Current convergence value = 0.000296503 (threshold = 0)
  Iteration 120 (of 200).   Current convergence value = 0.000296526 (threshold = 0)
  Iteration 121 (of 200).   Current convergence value = 0.000296524 (threshold = 0)
  Iteration 122 (of 200).   Current convergence value = 0.00029657 (threshold = 0)
  Iteration 123 (of 200).   Current convergence value = 0.000296696 (threshold = 0)
  Iteration 124 (of 200).   Current convergence value = 0.000296945 (threshold = 0)
  Iteration 125 (of 200).   Current convergence value = 0.000297181 (threshold = 0)
  Iteration 126 (of 200).   Current convergence value = 0.000297466 (threshold = 0)
  Iteration 127 (of 200).   Current convergence value = 0.000297742 (threshold = 0)
  Iteration 128 (of 200).   Current convergence value = 0.000297947 (threshold = 0)
  Iteration 129 (of 200).   Current convergence value = 0.000298218 (threshold = 0)
  Iteration 130 (of 200).   Current convergence value = 0.00029852 (threshold = 0)
  Iteration 131 (of 200).   Current convergence value = 0.000298844 (threshold = 0)
  Iteration 132 (of 200).   Current convergence value = 0.000299142 (threshold = 0)
  Iteration 133 (of 200).   Current convergence value = 0.000299368 (threshold = 0)
  Iteration 134 (of 200).   Current convergence value = 0.000299561 (threshold = 0)
  Iteration 135 (of 200).   Current convergence value = 0.000299699 (threshold = 0)
  Iteration 136 (of 200).   Current convergence value = 0.000299822 (threshold = 0)
  Iteration 137 (of 200).   Current convergence value = 0.000300094 (threshold = 0)
  Iteration 138 (of 200).   Current convergence value = 0.000299453 (threshold = 0)
  Iteration 139 (of 200).   Current convergence value = 0.000298427 (threshold = 0)
  Iteration 140 (of 200).   Current convergence value = 0.000297325 (threshold = 0)
  Iteration 141 (of 200).   Current convergence value = 0.000296218 (threshold = 0)
  Iteration 142 (of 200).   Current convergence value = 0.000295173 (threshold = 0)
  Iteration 143 (of 200).   Current convergence value = 0.000294157 (threshold = 0)
  Iteration 144 (of 200).   Current convergence value = 0.00029318 (threshold = 0)
  Iteration 145 (of 200).   Current convergence value = 0.000292195 (threshold = 0)
  Iteration 146 (of 200).   Current convergence value = 0.000291135 (threshold = 0)
  Iteration 147 (of 200).   Current convergence value = 0.000290206 (threshold = 0)
  Iteration 148 (of 200).   Current convergence value = 0.000289217 (threshold = 0)
  Iteration 149 (of 200).   Current convergence value = 0.000288246 (threshold = 0)
  Iteration 150 (of 200).   Current convergence value = 0.00028726 (threshold = 0)
  Iteration 151 (of 200).   Current convergence value = 0.000286237 (threshold = 0)
  Iteration 152 (of 200).   Current convergence value = 0.000285183 (threshold = 0)
  Iteration 153 (of 200).   Current convergence value = 0.00028417 (threshold = 0)
  Iteration 154 (of 200).   Current convergence value = 0.000283173 (threshold = 0)
  Iteration 155 (of 200).   Current convergence value = 0.000282146 (threshold = 0)
  Iteration 156 (of 200).   Current convergence value = 0.000281143 (threshold = 0)
  Iteration 157 (of 200).   Current convergence value = 0.000280218 (threshold = 0)
  Iteration 158 (of 200).   Current convergence value = 0.000279334 (threshold = 0)
  Iteration 159 (of 200).   Current convergence value = 0.00027843 (threshold = 0)
  Iteration 160 (of 200).   Current convergence value = 0.000277478 (threshold = 0)
  Iteration 161 (of 200).   Current convergence value = 0.000276468 (threshold = 0)
  Iteration 162 (of 200).   Current convergence value = 0.000275463 (threshold = 0)
  Iteration 163 (of 200).   Current convergence value = 0.000274469 (threshold = 0)
  Iteration 164 (of 200).   Current convergence value = 0.000273408 (threshold = 0)
  Iteration 165 (of 200).   Current convergence value = 0.000272363 (threshold = 0)
  Iteration 166 (of 200).   Current convergence value = 0.000271251 (threshold = 0)
  Iteration 167 (of 200).   Current convergence value = 0.000270144 (threshold = 0)
  Iteration 168 (of 200).   Current convergence value = 0.000268999 (threshold = 0)
  Iteration 169 (of 200).   Current convergence value = 0.000267868 (threshold = 0)
  Iteration 170 (of 200).   Current convergence value = 0.00026668 (threshold = 0)
  Iteration 171 (of 200).   Current convergence value = 0.000265428 (threshold = 0)
  Iteration 172 (of 200).   Current convergence value = 0.000264103 (threshold = 0)
  Iteration 173 (of 200).   Current convergence value = 0.000262779 (threshold = 0)
  Iteration 174 (of 200).   Current convergence value = 0.000261443 (threshold = 0)
  Iteration 175 (of 200).   Current convergence value = 0.000260181 (threshold = 0)
  Iteration 176 (of 200).   Current convergence value = 0.000258911 (threshold = 0)
  Iteration 177 (of 200).   Current convergence value = 0.000257609 (threshold = 0)
  Iteration 178 (of 200).   Current convergence value = 0.000256272 (threshold = 0)
  Iteration 179 (of 200).   Current convergence value = 0.000255014 (threshold = 0)
  Iteration 180 (of 200).   Current convergence value = 0.000253809 (threshold = 0)
  Iteration 181 (of 200).   Current convergence value = 0.00025257 (threshold = 0)
  Iteration 182 (of 200).   Current convergence value = 0.000251437 (threshold = 0)
  Iteration 183 (of 200).   Current convergence value = 0.000250181 (threshold = 0)
  Iteration 184 (of 200).   Current convergence value = 0.000248992 (threshold = 0)
  Iteration 185 (of 200).   Current convergence value = 0.000247748 (threshold = 0)
  Iteration 186 (of 200).   Current convergence value = 0.000246589 (threshold = 0)
  Iteration 187 (of 200).   Current convergence value = 0.000245364 (threshold = 0)
  Iteration 188 (of 200).   Current convergence value = 0.000244131 (threshold = 0)
  Iteration 189 (of 200).   Current convergence value = 0.000242836 (threshold = 0)
  Iteration 190 (of 200).   Current convergence value = 0.000241583 (threshold = 0)
  Iteration 191 (of 200).   Current convergence value = 0.000240311 (threshold = 0)
  Iteration 192 (of 200).   Current convergence value = 0.00023903 (threshold = 0)
  Iteration 193 (of 200).   Current convergence value = 0.000237738 (threshold = 0)
  Iteration 194 (of 200).   Current convergence value = 0.000236474 (threshold = 0)
  Iteration 195 (of 200).   Current convergence value = 0.000235185 (threshold = 0)
  Iteration 196 (of 200).   Current convergence value = 0.00023388 (threshold = 0)
  Iteration 197 (of 200).   Current convergence value = 0.000232507 (threshold = 0)
  Iteration 198 (of 200).   Current convergence value = 0.000231114 (threshold = 0)
  Iteration 199 (of 200).   Current convergence value = 0.000229757 (threshold = 0)
  Iteration 200 (of 200).   Current convergence value = 0.000228438 (threshold = 0)
Current level = 2
  Iteration 1 (of 200).   Current convergence value = 0.00090299 (threshold = 0)
  Iteration 2 (of 200).   Current convergence value = 0.000845376 (threshold = 0)
  Iteration 3 (of 200).   Current convergence value = 0.000808809 (threshold = 0)
  Iteration 4 (of 200).   Current convergence value = 0.00078654 (threshold = 0)
  Iteration 5 (of 200).   Current convergence value = 0.000774537 (threshold = 0)
  Iteration 6 (of 200).   Current convergence value = 0.000769877 (threshold = 0)
  Iteration 7 (of 200).   Current convergence value = 0.000769674 (threshold = 0)
  Iteration 8 (of 200).   Current convergence value = 0.000773165 (threshold = 0)
  Iteration 9 (of 200).   Current convergence value = 0.000772504 (threshold = 0)
  Iteration 10 (of 200).   Current convergence value = 0.000769571 (threshold = 0)
  Iteration 11 (of 200).   Current convergence value = 0.000776763 (threshold = 0)
  Iteration 12 (of 200).   Current convergence value = 0.000789962 (threshold = 0)
  Iteration 13 (of 200).   Current convergence value = 0.000807356 (threshold = 0)
  Iteration 14 (of 200).   Current convergence value = 0.000830156 (threshold = 0)
  Iteration 15 (of 200).   Current convergence value = 0.000824736 (threshold = 0)
  Iteration 16 (of 200).   Current convergence value = 0.00077193 (threshold = 0)
  Iteration 17 (of 200).   Current convergence value = 0.000731121 (threshold = 0)
  Iteration 18 (of 200).   Current convergence value = 0.000698668 (threshold = 0)
  Iteration 19 (of 200).   Current convergence value = 0.000672689 (threshold = 0)
  Iteration 20 (of 200).   Current convergence value = 0.000652495 (threshold = 0)
  Iteration 21 (of 200).   Current convergence value = 0.000636329 (threshold = 0)
  Iteration 22 (of 200).   Current convergence value = 0.000623639 (threshold = 0)
  Iteration 23 (of 200).   Current convergence value = 0.000613453 (threshold = 0)
  Iteration 24 (of 200).   Current convergence value = 0.000605718 (threshold = 0)
  Iteration 25 (of 200).   Current convergence value = 0.000599796 (threshold = 0)
  Iteration 26 (of 200).   Current convergence value = 0.000595331 (threshold = 0)
  Iteration 27 (of 200).   Current convergence value = 0.000592624 (threshold = 0)
  Iteration 28 (of 200).   Current convergence value = 0.000590862 (threshold = 0)
  Iteration 29 (of 200).   Current convergence value = 0.000590368 (threshold = 0)
  Iteration 30 (of 200).   Current convergence value = 0.000590402 (threshold = 0)
  Iteration 31 (of 200).   Current convergence value = 0.000590716 (threshold = 0)
  Iteration 32 (of 200).   Current convergence value = 0.000591236 (threshold = 0)
  Iteration 33 (of 200).   Current convergence value = 0.000591983 (threshold = 0)
  Iteration 34 (of 200).   Current convergence value = 0.000593504 (threshold = 0)
  Iteration 35 (of 200).   Current convergence value = 0.000595451 (threshold = 0)
  Iteration 36 (of 200).   Current convergence value = 0.000597489 (threshold = 0)
  Iteration 37 (of 200).   Current convergence value = 0.0005994 (threshold = 0)
  Iteration 38 (of 200).   Current convergence value = 0.000599896 (threshold = 0)
  Iteration 39 (of 200).   Current convergence value = 0.000589729 (threshold = 0)
  Iteration 40 (of 200).   Current convergence value = 0.000579677 (threshold = 0)
  Iteration 41 (of 200).   Current convergence value = 0.000569821 (threshold = 0)
  Iteration 42 (of 200).   Current convergence value = 0.000559809 (threshold = 0)
  Iteration 43 (of 200).   Current convergence value = 0.000550264 (threshold = 0)
  Iteration 44 (of 200).   Current convergence value = 0.000540782 (threshold = 0)
  Iteration 45 (of 200).   Current convergence value = 0.000531315 (threshold = 0)
  Iteration 46 (of 200).   Current convergence value = 0.000522062 (threshold = 0)
  Iteration 47 (of 200).   Current convergence value = 0.000512434 (threshold = 0)
  Iteration 48 (of 200).   Current convergence value = 0.000503193 (threshold = 0)
  Iteration 49 (of 200).   Current convergence value = 0.000494379 (threshold = 0)
  Iteration 50 (of 200).   Current convergence value = 0.000486403 (threshold = 0)
  Iteration 51 (of 200).   Current convergence value = 0.000478794 (threshold = 0)
  Iteration 52 (of 200).   Current convergence value = 0.000472174 (threshold = 0)
  Iteration 53 (of 200).   Current convergence value = 0.000466472 (threshold = 0)
  Iteration 54 (of 200).   Current convergence value = 0.000461498 (threshold = 0)
  Iteration 55 (of 200).   Current convergence value = 0.000457529 (threshold = 0)
  Iteration 56 (of 200).   Current convergence value = 0.00045492 (threshold = 0)
  Iteration 57 (of 200).   Current convergence value = 0.000453597 (threshold = 0)
  Iteration 58 (of 200).   Current convergence value = 0.00045394 (threshold = 0)
  Iteration 59 (of 200).   Current convergence value = 0.00045693 (threshold = 0)
  Iteration 60 (of 200).   Current convergence value = 0.000461293 (threshold = 0)
  Iteration 61 (of 200).   Current convergence value = 0.000467949 (threshold = 0)
  Iteration 62 (of 200).   Current convergence value = 0.000476335 (threshold = 0)
  Iteration 63 (of 200).   Current convergence value = 0.000487066 (threshold = 0)
  Iteration 64 (of 200).   Current convergence value = 0.000499903 (threshold = 0)
  Iteration 65 (of 200).   Current convergence value = 0.000514513 (threshold = 0)
  Iteration 66 (of 200).   Current convergence value = 0.000530546 (threshold = 0)
  Iteration 67 (of 200).   Current convergence value = 0.000547641 (threshold = 0)
  Iteration 68 (of 200).   Current convergence value = 0.000565804 (threshold = 0)
  Iteration 69 (of 200).   Current convergence value = 0.00058493 (threshold = 0)
  Iteration 70 (of 200).   Current convergence value = 0.000593914 (threshold = 0)
  Iteration 71 (of 200).   Current convergence value = 0.000599389 (threshold = 0)
  Iteration 72 (of 200).   Current convergence value = 0.000617968 (threshold = 0)
  Iteration 73 (of 200).   Current convergence value = 0.000645818 (threshold = 0)
  Iteration 74 (of 200).   Current convergence value = 0.000677753 (threshold = 0)
  Iteration 75 (of 200).   Current convergence value = 0.000713681 (threshold = 0)
  Iteration 76 (of 200).   Current convergence value = 0.000754102 (threshold = 0)
  Iteration 77 (of 200).   Current convergence value = 0.000764527 (threshold = 0)
  Iteration 78 (of 200).   Current convergence value = 0.000704895 (threshold = 0)
  Iteration 79 (of 200).   Current convergence value = 0.00065535 (threshold = 0)
  Iteration 80 (of 200).   Current convergence value = 0.000612586 (threshold = 0)
  Iteration 81 (of 200).   Current convergence value = 0.000575452 (threshold = 0)
  Iteration 82 (of 200).   Current convergence value = 0.000543899 (threshold = 0)
  Iteration 83 (of 200).   Current convergence value = 0.000517139 (threshold = 0)
  Iteration 84 (of 200).   Current convergence value = 0.000494028 (threshold = 0)
  Iteration 85 (of 200).   Current convergence value = 0.000474504 (threshold = 0)
  Iteration 86 (of 200).   Current convergence value = 0.000458345 (threshold = 0)
  Iteration 87 (of 200).   Current convergence value = 0.000444765 (threshold = 0)
  Iteration 88 (of 200).   Current convergence value = 0.000433299 (threshold = 0)
  Iteration 89 (of 200).   Current convergence value = 0.000424029 (threshold = 0)
  Iteration 90 (of 200).   Current convergence value = 0.000416265 (threshold = 0)
  Iteration 91 (of 200).   Current convergence value = 0.000410086 (threshold = 0)
  Iteration 92 (of 200).   Current convergence value = 0.000405655 (threshold = 0)
  Iteration 93 (of 200).   Current convergence value = 0.000402577 (threshold = 0)
  Iteration 94 (of 200).   Current convergence value = 0.000401052 (threshold = 0)
  Iteration 95 (of 200).   Current convergence value = 0.00040083 (threshold = 0)
  Iteration 96 (of 200).   Current convergence value = 0.00040137 (threshold = 0)
  Iteration 97 (of 200).   Current convergence value = 0.000402525 (threshold = 0)
  Iteration 98 (of 200).   Current convergence value = 0.000404379 (threshold = 0)
  Iteration 99 (of 200).   Current convergence value = 0.000407044 (threshold = 0)
  Iteration 100 (of 200).   Current convergence value = 0.000409924 (threshold = 0)
  Iteration 101 (of 200).   Current convergence value = 0.000412655 (threshold = 0)
  Iteration 102 (of 200).   Current convergence value = 0.000415659 (threshold = 0)
  Iteration 103 (of 200).   Current convergence value = 0.000416429 (threshold = 0)
  Iteration 104 (of 200).   Current convergence value = 0.000410416 (threshold = 0)
  Iteration 105 (of 200).   Current convergence value = 0.000404777 (threshold = 0)
  Iteration 106 (of 200).   Current convergence value = 0.000399077 (threshold = 0)
  Iteration 107 (of 200).   Current convergence value = 0.00039389 (threshold = 0)
  Iteration 108 (of 200).   Current convergence value = 0.000389107 (threshold = 0)
  Iteration 109 (of 200).   Current convergence value = 0.000384738 (threshold = 0)
  Iteration 110 (of 200).   Current convergence value = 0.000381099 (threshold = 0)
  Iteration 111 (of 200).   Current convergence value = 0.000378397 (threshold = 0)
  Iteration 112 (of 200).   Current convergence value = 0.000376012 (threshold = 0)
  Iteration 113 (of 200).   Current convergence value = 0.000374464 (threshold = 0)
  Iteration 114 (of 200).   Current convergence value = 0.000374322 (threshold = 0)
  Iteration 115 (of 200).   Current convergence value = 0.000375284 (threshold = 0)
  Iteration 116 (of 200).   Current convergence value = 0.000377774 (threshold = 0)
  Iteration 117 (of 200).   Current convergence value = 0.000382142 (threshold = 0)
  Iteration 118 (of 200).   Current convergence value = 0.000388255 (threshold = 0)
  Iteration 119 (of 200).   Current convergence value = 0.000395577 (threshold = 0)
  Iteration 120 (of 200).   Current convergence value = 0.000404445 (threshold = 0)
  Iteration 121 (of 200).   Current convergence value = 0.000414376 (threshold = 0)
  Iteration 122 (of 200).   Current convergence value = 0.000425919 (threshold = 0)
  Iteration 123 (of 200).   Current convergence value = 0.000438913 (threshold = 0)
  Iteration 124 (of 200).   Current convergence value = 0.000452646 (threshold = 0)
  Iteration 125 (of 200).   Current convergence value = 0.000467861 (threshold = 0)
  Iteration 126 (of 200).   Current convergence value = 0.000484058 (threshold = 0)
  Iteration 127 (of 200).   Current convergence value = 0.000500804 (threshold = 0)
  Iteration 128 (of 200).   Current convergence value = 0.000517836 (threshold = 0)
  Iteration 129 (of 200).   Current convergence value = 0.000534942 (threshold = 0)
  Iteration 130 (of 200).   Current convergence value = 0.000552658 (threshold = 0)
  Iteration 131 (of 200).   Current convergence value = 0.000570767 (threshold = 0)
  Iteration 132 (of 200).   Current convergence value = 0.000589329 (threshold = 0)
  Iteration 133 (of 200).   Current convergence value = 0.000606325 (threshold = 0)
  Iteration 134 (of 200).   Current convergence value = 0.00061135 (threshold = 0)
  Iteration 135 (of 200).   Current convergence value = 0.000627252 (threshold = 0)
  Iteration 136 (of 200).   Current convergence value = 0.000664335 (threshold = 0)
  Iteration 137 (of 200).   Current convergence value = 0.000704363 (threshold = 0)
  Iteration 138 (of 200).   Current convergence value = 0.000747956 (threshold = 0)
  Iteration 139 (of 200).   Current convergence value = 0.000795387 (threshold = 0)
  Iteration 140 (of 200).   Current convergence value = 0.000819115 (threshold = 0)
  Iteration 141 (of 200).   Current convergence value = 0.000753406 (threshold = 0)
  Iteration 142 (of 200).   Current convergence value = 0.000698266 (threshold = 0)
  Iteration 143 (of 200).   Current convergence value = 0.000650508 (threshold = 0)
  Iteration 144 (of 200).   Current convergence value = 0.000609514 (threshold = 0)
  Iteration 145 (of 200).   Current convergence value = 0.000574117 (threshold = 0)
  Iteration 146 (of 200).   Current convergence value = 0.000543442 (threshold = 0)
  Iteration 147 (of 200).   Current convergence value = 0.000515801 (threshold = 0)
  Iteration 148 (of 200).   Current convergence value = 0.000492371 (threshold = 0)
  Iteration 149 (of 200).   Current convergence value = 0.000472495 (threshold = 0)
  Iteration 150 (of 200).   Current convergence value = 0.000455513 (threshold = 0)
  Iteration 151 (of 200).   Current convergence value = 0.000440892 (threshold = 0)
  Iteration 152 (of 200).   Current convergence value = 0.000428462 (threshold = 0)
  Iteration 153 (of 200).   Current convergence value = 0.000418118 (threshold = 0)
  Iteration 154 (of 200).   Current convergence value = 0.000409892 (threshold = 0)
  Iteration 155 (of 200).   Current convergence value = 0.000403684 (threshold = 0)
  Iteration 156 (of 200).   Current convergence value = 0.000398831 (threshold = 0)
  Iteration 157 (of 200).   Current convergence value = 0.000395438 (threshold = 0)
  Iteration 158 (of 200).   Current convergence value = 0.000393429 (threshold = 0)
  Iteration 159 (of 200).   Current convergence value = 0.000392565 (threshold = 0)
  Iteration 160 (of 200).   Current convergence value = 0.00039252 (threshold = 0)
  Iteration 161 (of 200).   Current convergence value = 0.000392261 (threshold = 0)
  Iteration 162 (of 200).   Current convergence value = 0.000391127 (threshold = 0)
  Iteration 163 (of 200).   Current convergence value = 0.000390629 (threshold = 0)
  Iteration 164 (of 200).   Current convergence value = 0.000391002 (threshold = 0)
  Iteration 165 (of 200).   Current convergence value = 0.000392155 (threshold = 0)
  Iteration 166 (of 200).   Current convergence value = 0.000394059 (threshold = 0)
  Iteration 167 (of 200).   Current convergence value = 0.000397166 (threshold = 0)
  Iteration 168 (of 200).   Current convergence value = 0.000400782 (threshold = 0)
  Iteration 169 (of 200).   Current convergence value = 0.000405511 (threshold = 0)
  Iteration 170 (of 200).   Current convergence value = 0.000410853 (threshold = 0)
  Iteration 171 (of 200).   Current convergence value = 0.000417112 (threshold = 0)
  Iteration 172 (of 200).   Current convergence value = 0.000424807 (threshold = 0)
  Iteration 173 (of 200).   Current convergence value = 0.000433342 (threshold = 0)
  Iteration 174 (of 200).   Current convergence value = 0.000442687 (threshold = 0)
  Iteration 175 (of 200).   Current convergence value = 0.000452673 (threshold = 0)
  Iteration 176 (of 200).   Current convergence value = 0.000463443 (threshold = 0)
  Iteration 177 (of 200).   Current convergence value = 0.000474806 (threshold = 0)
  Iteration 178 (of 200).   Current convergence value = 0.000486627 (threshold = 0)
  Iteration 179 (of 200).   Current convergence value = 0.000498482 (threshold = 0)
  Iteration 180 (of 200).   Current convergence value = 0.000510658 (threshold = 0)
  Iteration 181 (of 200).   Current convergence value = 0.000522621 (threshold = 0)
  Iteration 182 (of 200).   Current convergence value = 0.000534774 (threshold = 0)
  Iteration 183 (of 200).   Current convergence value = 0.000547109 (threshold = 0)
  Iteration 184 (of 200).   Current convergence value = 0.000559233 (threshold = 0)
  Iteration 185 (of 200).   Current convergence value = 0.000571424 (threshold = 0)
  Iteration 186 (of 200).   Current convergence value = 0.000583111 (threshold = 0)
  Iteration 187 (of 200).   Current convergence value = 0.000593697 (threshold = 0)
  Iteration 188 (of 200).   Current convergence value = 0.00060413 (threshold = 0)
  Iteration 189 (of 200).   Current convergence value = 0.000614338 (threshold = 0)
  Iteration 190 (of 200).   Current convergence value = 0.000624272 (threshold = 0)
  Iteration 191 (of 200).   Current convergence value = 0.000640878 (threshold = 0)
  Iteration 192 (of 200).   Current convergence value = 0.000672197 (threshold = 0)
  Iteration 193 (of 200).   Current convergence value = 0.000707319 (threshold = 0)
  Iteration 194 (of 200).   Current convergence value = 0.000744908 (threshold = 0)
  Iteration 195 (of 200).   Current convergence value = 0.000784792 (threshold = 0)
  Iteration 196 (of 200).   Current convergence value = 0.000828206 (threshold = 0)
  Iteration 197 (of 200).   Current convergence value = 0.000873178 (threshold = 0)
  Iteration 198 (of 200).   Current convergence value = 0.000866582 (threshold = 0)
  Iteration 199 (of 200).   Current convergence value = 0.000806781 (threshold = 0)
  Iteration 200 (of 200).   Current convergence value = 0.000753376 (threshold = 0)
Current level = 3
  Iteration 1 (of 200).   Current convergence value = 0.00192807 (threshold = 0)
  Iteration 2 (of 200).   Current convergence value = 0.00166999 (threshold = 0)
  Iteration 3 (of 200).   Current convergence value = 0.00155962 (threshold = 0)
  Iteration 4 (of 200).   Current convergence value = 0.001502 (threshold = 0)
  Iteration 5 (of 200).   Current convergence value = 0.00146412 (threshold = 0)
  Iteration 6 (of 200).   Current convergence value = 0.00143957 (threshold = 0)
  Iteration 7 (of 200).   Current convergence value = 0.00144371 (threshold = 0)
  Iteration 8 (of 200).   Current convergence value = 0.00145554 (threshold = 0)
  Iteration 9 (of 200).   Current convergence value = 0.0014729 (threshold = 0)
  Iteration 10 (of 200).   Current convergence value = 0.001494 (threshold = 0)
  Iteration 11 (of 200).   Current convergence value = 0.00151917 (threshold = 0)
  Iteration 12 (of 200).   Current convergence value = 0.0015455 (threshold = 0)
  Iteration 13 (of 200).   Current convergence value = 0.00156788 (threshold = 0)
  Iteration 14 (of 200).   Current convergence value = 0.00158454 (threshold = 0)
  Iteration 15 (of 200).   Current convergence value = 0.0015995 (threshold = 0)
  Iteration 16 (of 200).   Current convergence value = 0.00161048 (threshold = 0)
  Iteration 17 (of 200).   Current convergence value = 0.00168015 (threshold = 0)
  Iteration 18 (of 200).   Current convergence value = 0.00177501 (threshold = 0)
  Iteration 19 (of 200).   Current convergence value = 0.00187857 (threshold = 0)
  Iteration 20 (of 200).   Current convergence value = 0.00197906 (threshold = 0)
  Iteration 21 (of 200).   Current convergence value = 0.00182458 (threshold = 0)
  Iteration 22 (of 200).   Current convergence value = 0.00171298 (threshold = 0)
  Iteration 23 (of 200).   Current convergence value = 0.00162719 (threshold = 0)
  Iteration 24 (of 200).   Current convergence value = 0.00156287 (threshold = 0)
  Iteration 25 (of 200).   Current convergence value = 0.00151273 (threshold = 0)
  Iteration 26 (of 200).   Current convergence value = 0.00150795 (threshold = 0)
  Iteration 27 (of 200).   Current convergence value = 0.00152498 (threshold = 0)
  Iteration 28 (of 200).   Current convergence value = 0.00154202 (threshold = 0)
  Iteration 29 (of 200).   Current convergence value = 0.00155459 (threshold = 0)
  Iteration 30 (of 200).   Current convergence value = 0.00156271 (threshold = 0)
  Iteration 31 (of 200).   Current convergence value = 0.00156602 (threshold = 0)
  Iteration 32 (of 200).   Current convergence value = 0.00156793 (threshold = 0)
  Iteration 33 (of 200).   Current convergence value = 0.001568 (threshold = 0)
  Iteration 34 (of 200).   Current convergence value = 0.00156731 (threshold = 0)
  Iteration 35 (of 200).   Current convergence value = 0.00156661 (threshold = 0)
  Iteration 36 (of 200).   Current convergence value = 0.00156217 (threshold = 0)
  Iteration 37 (of 200).   Current convergence value = 0.0015565 (threshold = 0)
  Iteration 38 (of 200).   Current convergence value = 0.00154914 (threshold = 0)
  Iteration 39 (of 200).   Current convergence value = 0.00154155 (threshold = 0)
  Iteration 40 (of 200).   Current convergence value = 0.0015338 (threshold = 0)
  Iteration 41 (of 200).   Current convergence value = 0.00152751 (threshold = 0)
  Iteration 42 (of 200).   Current convergence value = 0.00152462 (threshold = 0)
  Iteration 43 (of 200).   Current convergence value = 0.00152554 (threshold = 0)
  Iteration 44 (of 200).   Current convergence value = 0.00152785 (threshold = 0)
  Iteration 45 (of 200).   Current convergence value = 0.00153032 (threshold = 0)
  Iteration 46 (of 200).   Current convergence value = 0.00152953 (threshold = 0)
  Iteration 47 (of 200).   Current convergence value = 0.00152853 (threshold = 0)
  Iteration 48 (of 200).   Current convergence value = 0.00153125 (threshold = 0)
  Iteration 49 (of 200).   Current convergence value = 0.001537 (threshold = 0)
  Iteration 50 (of 200).   Current convergence value = 0.00153914 (threshold = 0)
  Iteration 51 (of 200).   Current convergence value = 0.00153641 (threshold = 0)
  Iteration 52 (of 200).   Current convergence value = 0.00152938 (threshold = 0)
  Iteration 53 (of 200).   Current convergence value = 0.00152278 (threshold = 0)
  Iteration 54 (of 200).   Current convergence value = 0.00151584 (threshold = 0)
  Iteration 55 (of 200).   Current convergence value = 0.00151235 (threshold = 0)
  Iteration 56 (of 200).   Current convergence value = 0.00151219 (threshold = 0)
  Iteration 57 (of 200).   Current convergence value = 0.00150101 (threshold = 0)
  Iteration 58 (of 200).   Current convergence value = 0.00148764 (threshold = 0)
  Iteration 59 (of 200).   Current convergence value = 0.00147425 (threshold = 0)
  Iteration 60 (of 200).   Current convergence value = 0.00146212 (threshold = 0)
  Iteration 61 (of 200).   Current convergence value = 0.00144834 (threshold = 0)
  Iteration 62 (of 200).   Current convergence value = 0.0014355 (threshold = 0)
  Iteration 63 (of 200).   Current convergence value = 0.0014223 (threshold = 0)
  Iteration 64 (of 200).   Current convergence value = 0.00140785 (threshold = 0)
  Iteration 65 (of 200).   Current convergence value = 0.00138926 (threshold = 0)
  Iteration 66 (of 200).   Current convergence value = 0.00136056 (threshold = 0)
  Iteration 67 (of 200).   Current convergence value = 0.00132792 (threshold = 0)
  Iteration 68 (of 200).   Current convergence value = 0.00129244 (threshold = 0)
  Iteration 69 (of 200).   Current convergence value = 0.00125797 (threshold = 0)
  Iteration 70 (of 200).   Current convergence value = 0.00122496 (threshold = 0)
  Iteration 71 (of 200).   Current convergence value = 0.00119662 (threshold = 0)
  Iteration 72 (of 200).   Current convergence value = 0.00117917 (threshold = 0)
  Iteration 73 (of 200).   Current convergence value = 0.00117176 (threshold = 0)
  Iteration 74 (of 200).   Current convergence value = 0.00117707 (threshold = 0)
  Iteration 75 (of 200).   Current convergence value = 0.00117962 (threshold = 0)
  Iteration 76 (of 200).   Current convergence value = 0.00118098 (threshold = 0)
  Iteration 77 (of 200).   Current convergence value = 0.00118036 (threshold = 0)
  Iteration 78 (of 200).   Current convergence value = 0.00116298 (threshold = 0)
  Iteration 79 (of 200).   Current convergence value = 0.00114866 (threshold = 0)
  Iteration 80 (of 200).   Current convergence value = 0.00113516 (threshold = 0)
  Iteration 81 (of 200).   Current convergence value = 0.00112498 (threshold = 0)
  Iteration 82 (of 200).   Current convergence value = 0.00111848 (threshold = 0)
  Iteration 83 (of 200).   Current convergence value = 0.00111363 (threshold = 0)
  Iteration 84 (of 200).   Current convergence value = 0.00110997 (threshold = 0)
  Iteration 85 (of 200).   Current convergence value = 0.00110595 (threshold = 0)
  Iteration 86 (of 200).   Current convergence value = 0.00110502 (threshold = 0)
  Iteration 87 (of 200).   Current convergence value = 0.00110215 (threshold = 0)
  Iteration 88 (of 200).   Current convergence value = 0.00110017 (threshold = 0)
  Iteration 89 (of 200).   Current convergence value = 0.00110071 (threshold = 0)
  Iteration 90 (of 200).   Current convergence value = 0.00110322 (threshold = 0)
  Iteration 91 (of 200).   Current convergence value = 0.00110796 (threshold = 0)
  Iteration 92 (of 200).   Current convergence value = 0.0011168 (threshold = 0)
  Iteration 93 (of 200).   Current convergence value = 0.00112353 (threshold = 0)
  Iteration 94 (of 200).   Current convergence value = 0.00112954 (threshold = 0)
  Iteration 95 (of 200).   Current convergence value = 0.00112585 (threshold = 0)
  Iteration 96 (of 200).   Current convergence value = 0.00111594 (threshold = 0)
  Iteration 97 (of 200).   Current convergence value = 0.00109497 (threshold = 0)
  Iteration 98 (of 200).   Current convergence value = 0.00106767 (threshold = 0)
  Iteration 99 (of 200).   Current convergence value = 0.00103582 (threshold = 0)
  Iteration 100 (of 200).   Current convergence value = 0.00100224 (threshold = 0)
  Iteration 101 (of 200).   Current convergence value = 0.000968609 (threshold = 0)
  Iteration 102 (of 200).   Current convergence value = 0.00093541 (threshold = 0)
  Iteration 103 (of 200).   Current convergence value = 0.000906567 (threshold = 0)
  Iteration 104 (of 200).   Current convergence value = 0.000878204 (threshold = 0)
  Iteration 105 (of 200).   Current convergence value = 0.00085059 (threshold = 0)
  Iteration 106 (of 200).   Current convergence value = 0.000823118 (threshold = 0)
  Iteration 107 (of 200).   Current convergence value = 0.000793657 (threshold = 0)
  Iteration 108 (of 200).   Current convergence value = 0.00076489 (threshold = 0)
  Iteration 109 (of 200).   Current convergence value = 0.000738836 (threshold = 0)
  Iteration 110 (of 200).   Current convergence value = 0.000713854 (threshold = 0)
  Iteration 111 (of 200).   Current convergence value = 0.000689665 (threshold = 0)
  Iteration 112 (of 200).   Current convergence value = 0.000668086 (threshold = 0)
  Iteration 113 (of 200).   Current convergence value = 0.000649606 (threshold = 0)
  Iteration 114 (of 200).   Current convergence value = 0.000633094 (threshold = 0)
  Iteration 115 (of 200).   Current convergence value = 0.000618706 (threshold = 0)
  Iteration 116 (of 200).   Current convergence value = 0.000606809 (threshold = 0)
  Iteration 117 (of 200).   Current convergence value = 0.000596945 (threshold = 0)
  Iteration 118 (of 200).   Current convergence value = 0.000589762 (threshold = 0)
  Iteration 119 (of 200).   Current convergence value = 0.00058535 (threshold = 0)
  Iteration 120 (of 200).   Current convergence value = 0.000582825 (threshold = 0)
  Iteration 121 (of 200).   Current convergence value = 0.000581444 (threshold = 0)
  Iteration 122 (of 200).   Current convergence value = 0.00058174 (threshold = 0)
  Iteration 123 (of 200).   Current convergence value = 0.000583687 (threshold = 0)
  Iteration 124 (of 200).   Current convergence value = 0.00058632 (threshold = 0)
  Iteration 125 (of 200).   Current convergence value = 0.000589803 (threshold = 0)
  Iteration 126 (of 200).   Current convergence value = 0.000594325 (threshold = 0)
  Iteration 127 (of 200).   Current convergence value = 0.000600094 (threshold = 0)
  Iteration 128 (of 200).   Current convergence value = 0.000605613 (threshold = 0)
  Iteration 129 (of 200).   Current convergence value = 0.000609459 (threshold = 0)
  Iteration 130 (of 200).   Current convergence value = 0.000612527 (threshold = 0)
  Iteration 131 (of 200).   Current convergence value = 0.000614959 (threshold = 0)
  Iteration 132 (of 200).   Current convergence value = 0.000615832 (threshold = 0)
  Iteration 133 (of 200).   Current convergence value = 0.000615254 (threshold = 0)
  Iteration 134 (of 200).   Current convergence value = 0.000614591 (threshold = 0)
  Iteration 135 (of 200).   Current convergence value = 0.000614384 (threshold = 0)
  Iteration 136 (of 200).   Current convergence value = 0.000616872 (threshold = 0)
  Iteration 137 (of 200).   Current convergence value = 0.000609208 (threshold = 0)
  Iteration 138 (of 200).   Current convergence value = 0.000608247 (threshold = 0)
  Iteration 139 (of 200).   Current convergence value = 0.000605116 (threshold = 0)
  Iteration 140 (of 200).   Current convergence value = 0.000600887 (threshold = 0)
  Iteration 141 (of 200).   Current convergence value = 0.00059663 (threshold = 0)
  Iteration 142 (of 200).   Current convergence value = 0.000592233 (threshold = 0)
  Iteration 143 (of 200).   Current convergence value = 0.000588112 (threshold = 0)
  Iteration 144 (of 200).   Current convergence value = 0.000584043 (threshold = 0)
  Iteration 145 (of 200).   Current convergence value = 0.000580021 (threshold = 0)
  Iteration 146 (of 200).   Current convergence value = 0.000575321 (threshold = 0)
  Iteration 147 (of 200).   Current convergence value = 0.000570895 (threshold = 0)
  Iteration 148 (of 200).   Current convergence value = 0.000567381 (threshold = 0)
  Iteration 149 (of 200).   Current convergence value = 0.000564594 (threshold = 0)
  Iteration 150 (of 200).   Current convergence value = 0.000562831 (threshold = 0)
  Iteration 151 (of 200).   Current convergence value = 0.00056012 (threshold = 0)
  Iteration 152 (of 200).   Current convergence value = 0.000557699 (threshold = 0)
  Iteration 153 (of 200).   Current convergence value = 0.00055531 (threshold = 0)
  Iteration 154 (of 200).   Current convergence value = 0.000553289 (threshold = 0)
  Iteration 155 (of 200).   Current convergence value = 0.000552224 (threshold = 0)
  Iteration 156 (of 200).   Current convergence value = 0.000552108 (threshold = 0)
  Iteration 157 (of 200).   Current convergence value = 0.000552618 (threshold = 0)
  Iteration 158 (of 200).   Current convergence value = 0.000553167 (threshold = 0)
  Iteration 159 (of 200).   Current convergence value = 0.000553685 (threshold = 0)
  Iteration 160 (of 200).   Current convergence value = 0.000553749 (threshold = 0)
  Iteration 161 (of 200).   Current convergence value = 0.000553996 (threshold = 0)
  Iteration 162 (of 200).   Current convergence value = 0.00055402 (threshold = 0)
  Iteration 163 (of 200).   Current convergence value = 0.000554387 (threshold = 0)
  Iteration 164 (of 200).   Current convergence value = 0.000555356 (threshold = 0)
  Iteration 165 (of 200).   Current convergence value = 0.000555152 (threshold = 0)
  Iteration 166 (of 200).   Current convergence value = 0.000554384 (threshold = 0)
  Iteration 167 (of 200).   Current convergence value = 0.000554341 (threshold = 0)
  Iteration 168 (of 200).   Current convergence value = 0.000554715 (threshold = 0)
  Iteration 169 (of 200).   Current convergence value = 0.00055694 (threshold = 0)
  Iteration 170 (of 200).   Current convergence value = 0.000559094 (threshold = 0)
  Iteration 171 (of 200).   Current convergence value = 0.000560814 (threshold = 0)
  Iteration 172 (of 200).   Current convergence value = 0.000563488 (threshold = 0)
  Iteration 173 (of 200).   Current convergence value = 0.000566508 (threshold = 0)
  Iteration 174 (of 200).   Current convergence value = 0.000568322 (threshold = 0)
  Iteration 175 (of 200).   Current convergence value = 0.000570011 (threshold = 0)
  Iteration 176 (of 200).   Current convergence value = 0.000571888 (threshold = 0)
  Iteration 177 (of 200).   Current convergence value = 0.000572582 (threshold = 0)
  Iteration 178 (of 200).   Current convergence value = 0.000572022 (threshold = 0)
  Iteration 179 (of 200).   Current convergence value = 0.000568252 (threshold = 0)
  Iteration 180 (of 200).   Current convergence value = 0.000564444 (threshold = 0)
  Iteration 181 (of 200).   Current convergence value = 0.000560796 (threshold = 0)
  Iteration 182 (of 200).   Current convergence value = 0.000554723 (threshold = 0)
  Iteration 183 (of 200).   Current convergence value = 0.00054734 (threshold = 0)
  Iteration 184 (of 200).   Current convergence value = 0.000539988 (threshold = 0)
  Iteration 185 (of 200).   Current convergence value = 0.000533793 (threshold = 0)
  Iteration 186 (of 200).   Current convergence value = 0.000526807 (threshold = 0)
  Iteration 187 (of 200).   Current convergence value = 0.000520107 (threshold = 0)
  Iteration 188 (of 200).   Current convergence value = 0.00051417 (threshold = 0)
  Iteration 189 (of 200).   Current convergence value = 0.000506693 (threshold = 0)
  Iteration 190 (of 200).   Current convergence value = 0.000500561 (threshold = 0)
  Iteration 191 (of 200).   Current convergence value = 0.000493195 (threshold = 0)
  Iteration 192 (of 200).   Current convergence value = 0.000481547 (threshold = 0)
  Iteration 193 (of 200).   Current convergence value = 0.000467574 (threshold = 0)
  Iteration 194 (of 200).   Current convergence value = 0.000454343 (threshold = 0)
  Iteration 195 (of 200).   Current convergence value = 0.000441389 (threshold = 0)
  Iteration 196 (of 200).   Current convergence value = 0.000428102 (threshold = 0)
  Iteration 197 (of 200).   Current convergence value = 0.000415663 (threshold = 0)
  Iteration 198 (of 200).   Current convergence value = 0.000403644 (threshold = 0)
  Iteration 199 (of 200).   Current convergence value = 0.000391613 (threshold = 0)
  Iteration 200 (of 200).   Current convergence value = 0.000380301 (threshold = 0)
Current level = 4
  Iteration 1 (of 200).   Current convergence value = 0.00446333 (threshold = 0)
  Iteration 2 (of 200).   Current convergence value = 0.00387264 (threshold = 0)
  Iteration 3 (of 200).   Current convergence value = 0.00375735 (threshold = 0)
  Iteration 4 (of 200).   Current convergence value = 0.00366382 (threshold = 0)
  Iteration 5 (of 200).   Current convergence value = 0.00358907 (threshold = 0)
  Iteration 6 (of 200).   Current convergence value = 0.00324941 (threshold = 0)
  Iteration 7 (of 200).   Current convergence value = 0.00308774 (threshold = 0)
  Iteration 8 (of 200).   Current convergence value = 0.0029567 (threshold = 0)
  Iteration 9 (of 200).   Current convergence value = 0.00292694 (threshold = 0)
  Iteration 10 (of 200).   Current convergence value = 0.00286321 (threshold = 0)
  Iteration 11 (of 200).   Current convergence value = 0.00282842 (threshold = 0)
  Iteration 12 (of 200).   Current convergence value = 0.00258106 (threshold = 0)
  Iteration 13 (of 200).   Current convergence value = 0.00249225 (threshold = 0)
  Iteration 14 (of 200).   Current convergence value = 0.00241549 (threshold = 0)
  Iteration 15 (of 200).   Current convergence value = 0.00234599 (threshold = 0)
  Iteration 16 (of 200).   Current convergence value = 0.0022794 (threshold = 0)
  Iteration 17 (of 200).   Current convergence value = 0.00221306 (threshold = 0)
  Iteration 18 (of 200).   Current convergence value = 0.00215665 (threshold = 0)
  Iteration 19 (of 200).   Current convergence value = 0.00214932 (threshold = 0)
  Iteration 20 (of 200).   Current convergence value = 0.00215065 (threshold = 0)
  Iteration 21 (of 200).   Current convergence value = 0.00215365 (threshold = 0)
  Iteration 22 (of 200).   Current convergence value = 0.00215257 (threshold = 0)
  Iteration 23 (of 200).   Current convergence value = 0.00216688 (threshold = 0)
  Iteration 24 (of 200).   Current convergence value = 0.00206062 (threshold = 0)
  Iteration 25 (of 200).   Current convergence value = 0.00194154 (threshold = 0)
  Iteration 26 (of 200).   Current convergence value = 0.0019213 (threshold = 0)
  Iteration 27 (of 200).   Current convergence value = 0.00191724 (threshold = 0)
  Iteration 28 (of 200).   Current convergence value = 0.00190785 (threshold = 0)
  Iteration 29 (of 200).   Current convergence value = 0.0018933 (threshold = 0)
  Iteration 30 (of 200).   Current convergence value = 0.00186565 (threshold = 0)
  Iteration 31 (of 200).   Current convergence value = 0.00182877 (threshold = 0)
  Iteration 32 (of 200).   Current convergence value = 0.00178861 (threshold = 0)
  Iteration 33 (of 200).   Current convergence value = 0.00175269 (threshold = 0)
  Iteration 34 (of 200).   Current convergence value = 0.00172371 (threshold = 0)
  Iteration 35 (of 200).   Current convergence value = 0.00172377 (threshold = 0)
  Iteration 36 (of 200).   Current convergence value = 0.00170542 (threshold = 0)
  Iteration 37 (of 200).   Current convergence value = 0.00169359 (threshold = 0)
  Iteration 38 (of 200).   Current convergence value = 0.00168641 (threshold = 0)
  Iteration 39 (of 200).   Current convergence value = 0.00168046 (threshold = 0)
  Iteration 40 (of 200).   Current convergence value = 0.0016832 (threshold = 0)
  Iteration 41 (of 200).   Current convergence value = 0.00169226 (threshold = 0)
  Iteration 42 (of 200).   Current convergence value = 0.00168323 (threshold = 0)
  Iteration 43 (of 200).   Current convergence value = 0.00160271 (threshold = 0)
  Iteration 44 (of 200).   Current convergence value = 0.00156819 (threshold = 0)
  Iteration 45 (of 200).   Current convergence value = 0.00153343 (threshold = 0)
  Iteration 46 (of 200).   Current convergence value = 0.00150609 (threshold = 0)
  Iteration 47 (of 200).   Current convergence value = 0.00148186 (threshold = 0)
  Iteration 48 (of 200).   Current convergence value = 0.00145863 (threshold = 0)
  Iteration 49 (of 200).   Current convergence value = 0.00143939 (threshold = 0)
  Iteration 50 (of 200).   Current convergence value = 0.00141839 (threshold = 0)
  Iteration 51 (of 200).   Current convergence value = 0.00139376 (threshold = 0)
  Iteration 52 (of 200).   Current convergence value = 0.00137006 (threshold = 0)
  Iteration 53 (of 200).   Current convergence value = 0.00135034 (threshold = 0)
  Iteration 54 (of 200).   Current convergence value = 0.0013357 (threshold = 0)
  Iteration 55 (of 200).   Current convergence value = 0.00132345 (threshold = 0)
  Iteration 56 (of 200).   Current convergence value = 0.00131747 (threshold = 0)
  Iteration 57 (of 200).   Current convergence value = 0.00131321 (threshold = 0)
  Iteration 58 (of 200).   Current convergence value = 0.00130752 (threshold = 0)
  Iteration 59 (of 200).   Current convergence value = 0.00130246 (threshold = 0)
  Iteration 60 (of 200).   Current convergence value = 0.00129843 (threshold = 0)
  Iteration 61 (of 200).   Current convergence value = 0.00129333 (threshold = 0)
  Iteration 62 (of 200).   Current convergence value = 0.00128694 (threshold = 0)
  Iteration 63 (of 200).   Current convergence value = 0.00128245 (threshold = 0)
  Iteration 64 (of 200).   Current convergence value = 0.0012753 (threshold = 0)
  Iteration 65 (of 200).   Current convergence value = 0.00125631 (threshold = 0)
  Iteration 66 (of 200).   Current convergence value = 0.00122954 (threshold = 0)
  Iteration 67 (of 200).   Current convergence value = 0.00119674 (threshold = 0)
  Iteration 68 (of 200).   Current convergence value = 0.00116054 (threshold = 0)
  Iteration 69 (of 200).   Current convergence value = 0.00112899 (threshold = 0)
  Iteration 70 (of 200).   Current convergence value = 0.00109645 (threshold = 0)
  Iteration 71 (of 200).   Current convergence value = 0.00106961 (threshold = 0)
  Iteration 72 (of 200).   Current convergence value = 0.00105229 (threshold = 0)
  Iteration 73 (of 200).   Current convergence value = 0.00102363 (threshold = 0)
  Iteration 74 (of 200).   Current convergence value = 0.00100508 (threshold = 0)
  Iteration 75 (of 200).   Current convergence value = 0.000991019 (threshold = 0)
  Iteration 76 (of 200).   Current convergence value = 0.000983062 (threshold = 0)
  Iteration 77 (of 200).   Current convergence value = 0.000977942 (threshold = 0)
  Iteration 78 (of 200).   Current convergence value = 0.000973092 (threshold = 0)
  Iteration 79 (of 200).   Current convergence value = 0.00096619 (threshold = 0)
  Iteration 80 (of 200).   Current convergence value = 0.000960326 (threshold = 0)
  Iteration 81 (of 200).   Current convergence value = 0.000956488 (threshold = 0)
  Iteration 82 (of 200).   Current convergence value = 0.000954324 (threshold = 0)
  Iteration 83 (of 200).   Current convergence value = 0.0009539 (threshold = 0)
  Iteration 84 (of 200).   Current convergence value = 0.000956821 (threshold = 0)
  Iteration 85 (of 200).   Current convergence value = 0.000960151 (threshold = 0)
  Iteration 86 (of 200).   Current convergence value = 0.000963062 (threshold = 0)
  Iteration 87 (of 200).   Current convergence value = 0.000963813 (threshold = 0)
  Iteration 88 (of 200).   Current convergence value = 0.000957568 (threshold = 0)
  Iteration 89 (of 200).   Current convergence value = 0.000950126 (threshold = 0)
  Iteration 90 (of 200).   Current convergence value = 0.000940992 (threshold = 0)
  Iteration 91 (of 200).   Current convergence value = 0.000935847 (threshold = 0)
  Iteration 92 (of 200).   Current convergence value = 0.000932146 (threshold = 0)
  Iteration 93 (of 200).   Current convergence value = 0.000930754 (threshold = 0)
  Iteration 94 (of 200).   Current convergence value = 0.000927599 (threshold = 0)
  Iteration 95 (of 200).   Current convergence value = 0.000925007 (threshold = 0)
  Iteration 96 (of 200).   Current convergence value = 0.000925113 (threshold = 0)
  Iteration 97 (of 200).   Current convergence value = 0.000926771 (threshold = 0)
  Iteration 98 (of 200).   Current convergence value = 0.000923179 (threshold = 0)
  Iteration 99 (of 200).   Current convergence value = 0.000915026 (threshold = 0)
  Iteration 100 (of 200).   Current convergence value = 0.000907885 (threshold = 0)
  Iteration 101 (of 200).   Current convergence value = 0.00090694 (threshold = 0)
  Iteration 102 (of 200).   Current convergence value = 0.000906327 (threshold = 0)
  Iteration 103 (of 200).   Current convergence value = 0.000909295 (threshold = 0)
  Iteration 104 (of 200).   Current convergence value = 0.000908582 (threshold = 0)
  Iteration 105 (of 200).   Current convergence value = 0.000909322 (threshold = 0)
  Iteration 106 (of 200).   Current convergence value = 0.000911239 (threshold = 0)
  Iteration 107 (of 200).   Current convergence value = 0.00091236 (threshold = 0)
  Iteration 108 (of 200).   Current convergence value = 0.000910392 (threshold = 0)
  Iteration 109 (of 200).   Current convergence value = 0.000907741 (threshold = 0)
  Iteration 110 (of 200).   Current convergence value = 0.000906296 (threshold = 0)
  Iteration 111 (of 200).   Current convergence value = 0.000904745 (threshold = 0)
  Iteration 112 (of 200).   Current convergence value = 0.000907513 (threshold = 0)
  Iteration 113 (of 200).   Current convergence value = 0.000909026 (threshold = 0)
  Iteration 114 (of 200).   Current convergence value = 0.000897964 (threshold = 0)
  Iteration 115 (of 200).   Current convergence value = 0.000890627 (threshold = 0)
  Iteration 116 (of 200).   Current convergence value = 0.00088777 (threshold = 0)
  Iteration 117 (of 200).   Current convergence value = 0.000888599 (threshold = 0)
  Iteration 118 (of 200).   Current convergence value = 0.000888917 (threshold = 0)
  Iteration 119 (of 200).   Current convergence value = 0.000887106 (threshold = 0)
  Iteration 120 (of 200).   Current convergence value = 0.000885998 (threshold = 0)
  Iteration 121 (of 200).   Current convergence value = 0.000888467 (threshold = 0)
  Iteration 122 (of 200).   Current convergence value = 0.000892433 (threshold = 0)
  Iteration 123 (of 200).   Current convergence value = 0.000898653 (threshold = 0)
  Iteration 124 (of 200).   Current convergence value = 0.000905028 (threshold = 0)
  Iteration 125 (of 200).   Current convergence value = 0.00090913 (threshold = 0)
  Iteration 126 (of 200).   Current convergence value = 0.000916101 (threshold = 0)
  Iteration 127 (of 200).   Current convergence value = 0.000924715 (threshold = 0)
  Iteration 128 (of 200).   Current convergence value = 0.000933709 (threshold = 0)
  Iteration 129 (of 200).   Current convergence value = 0.000942228 (threshold = 0)
  Iteration 130 (of 200).   Current convergence value = 0.000951194 (threshold = 0)
  Iteration 131 (of 200).   Current convergence value = 0.000956696 (threshold = 0)
  Iteration 132 (of 200).   Current convergence value = 0.000957945 (threshold = 0)
  Iteration 133 (of 200).   Current convergence value = 0.000959593 (threshold = 0)
  Iteration 134 (of 200).   Current convergence value = 0.000961021 (threshold = 0)
  Iteration 135 (of 200).   Current convergence value = 0.000964455 (threshold = 0)
  Iteration 136 (of 200).   Current convergence value = 0.000970664 (threshold = 0)
  Iteration 137 (of 200).   Current convergence value = 0.00098014 (threshold = 0)
  Iteration 138 (of 200).   Current convergence value = 0.000990277 (threshold = 0)
  Iteration 139 (of 200).   Current convergence value = 0.0010017 (threshold = 0)
  Iteration 140 (of 200).   Current convergence value = 0.000991895 (threshold = 0)
  Iteration 141 (of 200).   Current convergence value = 0.000974156 (threshold = 0)
  Iteration 142 (of 200).   Current convergence value = 0.000962438 (threshold = 0)
  Iteration 143 (of 200).   Current convergence value = 0.000955199 (threshold = 0)
  Iteration 144 (of 200).   Current convergence value = 0.000953461 (threshold = 0)
  Iteration 145 (of 200).   Current convergence value = 0.000954412 (threshold = 0)
  Iteration 146 (of 200).   Current convergence value = 0.000958104 (threshold = 0)
  Iteration 147 (of 200).   Current convergence value = 0.000960007 (threshold = 0)
  Iteration 148 (of 200).   Current convergence value = 0.000966872 (threshold = 0)
  Iteration 149 (of 200).   Current convergence value = 0.000977209 (threshold = 0)
  Iteration 150 (of 200).   Current convergence value = 0.000987324 (threshold = 0)
  Iteration 151 (of 200).   Current convergence value = 0.000998621 (threshold = 0)
  Iteration 152 (of 200).   Current convergence value = 0.00101095 (threshold = 0)
  Iteration 153 (of 200).   Current convergence value = 0.00102523 (threshold = 0)
  Iteration 154 (of 200).   Current convergence value = 0.00102894 (threshold = 0)
  Iteration 155 (of 200).   Current convergence value = 0.00102478 (threshold = 0)
  Iteration 156 (of 200).   Current convergence value = 0.00102019 (threshold = 0)
  Iteration 157 (of 200).   Current convergence value = 0.00111546 (threshold = 0)
  Iteration 158 (of 200).   Current convergence value = 0.0011421 (threshold = 0)
  Iteration 159 (of 200).   Current convergence value = 0.00112333 (threshold = 0)
  Iteration 160 (of 200).   Current convergence value = 0.00110845 (threshold = 0)
  Iteration 161 (of 200).   Current convergence value = 0.00109533 (threshold = 0)
  Iteration 162 (of 200).   Current convergence value = 0.00108157 (threshold = 0)
  Iteration 163 (of 200).   Current convergence value = 0.0010667 (threshold = 0)
  Iteration 164 (of 200).   Current convergence value = 0.00105468 (threshold = 0)
  Iteration 165 (of 200).   Current convergence value = 0.00104423 (threshold = 0)
  Iteration 166 (of 200).   Current convergence value = 0.00103027 (threshold = 0)
  Iteration 167 (of 200).   Current convergence value = 0.00101353 (threshold = 0)
  Iteration 168 (of 200).   Current convergence value = 0.000995138 (threshold = 0)
  Iteration 169 (of 200).   Current convergence value = 0.000974968 (threshold = 0)
  Iteration 170 (of 200).   Current convergence value = 0.000953897 (threshold = 0)
  Iteration 171 (of 200).   Current convergence value = 0.000931296 (threshold = 0)
  Iteration 172 (of 200).   Current convergence value = 0.0009088 (threshold = 0)
  Iteration 173 (of 200).   Current convergence value = 0.0008973 (threshold = 0)
  Iteration 174 (of 200).   Current convergence value = 0.0008958 (threshold = 0)
  Iteration 175 (of 200).   Current convergence value = 0.000897126 (threshold = 0)
  Iteration 176 (of 200).   Current convergence value = 0.000899637 (threshold = 0)
  Iteration 177 (of 200).   Current convergence value = 0.000902827 (threshold = 0)
  Iteration 178 (of 200).   Current convergence value = 0.000909901 (threshold = 0)
  Iteration 179 (of 200).   Current convergence value = 0.000916028 (threshold = 0)
  Iteration 180 (of 200).   Current convergence value = 0.000922816 (threshold = 0)
  Iteration 181 (of 200).   Current convergence value = 0.000930239 (threshold = 0)
  Iteration 182 (of 200).   Current convergence value = 0.000937114 (threshold = 0)
  Iteration 183 (of 200).   Current convergence value = 0.000945226 (threshold = 0)
  Iteration 184 (of 200).   Current convergence value = 0.00095522 (threshold = 0)
  Iteration 185 (of 200).   Current convergence value = 0.000961506 (threshold = 0)
  Iteration 186 (of 200).   Current convergence value = 0.000965665 (threshold = 0)
  Iteration 187 (of 200).   Current convergence value = 0.00094767 (threshold = 0)
  Iteration 188 (of 200).   Current convergence value = 0.00092117 (threshold = 0)
  Iteration 189 (of 200).   Current convergence value = 0.000901948 (threshold = 0)
  Iteration 190 (of 200).   Current convergence value = 0.000888325 (threshold = 0)
  Iteration 191 (of 200).   Current convergence value = 0.000883782 (threshold = 0)
  Iteration 192 (of 200).   Current convergence value = 0.000877213 (threshold = 0)
  Iteration 193 (of 200).   Current convergence value = 0.000874324 (threshold = 0)
  Iteration 194 (of 200).   Current convergence value = 0.000862331 (threshold = 0)
  Iteration 195 (of 200).   Current convergence value = 0.000850532 (threshold = 0)
  Iteration 196 (of 200).   Current convergence value = 0.000839495 (threshold = 0)
  Iteration 197 (of 200).   Current convergence value = 0.000827316 (threshold = 0)
  Iteration 198 (of 200).   Current convergence value = 0.000818613 (threshold = 0)
  Iteration 199 (of 200).   Current convergence value = 0.000812859 (threshold = 0)
  Iteration 200 (of 200).   Current convergence value = 0.000803913 (threshold = 0)
   N4BiasFieldCorrectionImageFilter (0x2c4e240)
     RTTI typeinfo:   itk::N4BiasFieldCorrectionImageFilter<itk::Image<float, 3u>, itk::Image<float, 3u>, itk::Image<float, 3u> >
     Reference Count: 1
     Modified Time: 574
     Debug: Off
     Object Name: 
     Observers: 
       IterationEvent(Command)
     Inputs: 
       ConfidenceImage: (0)
       MaskImage: (0x2c60af0)
       Primary: (0x2c5e080) *
     Indexed Inputs: 
       0: Primary (0x2c5e080)
       1: MaskImage (0x2c60af0)
       2: ConfidenceImage (0)
     Required Input Names: Primary
     NumberOfRequiredInputs: 1
     Outputs: 
       Primary: (0x2c5bb90)
     Indexed Outputs: 
       0: Primary (0x2c5bb90)
     NumberOfRequiredOutputs: 1
     Number Of Work Units: 128
     ReleaseDataFlag: Off
     ReleaseDataBeforeUpdateFlag: Off
     AbortGenerateData: Off
     Progress: 0
     Multithreader: 
       RTTI typeinfo:   itk::PoolMultiThreader
       Reference Count: 1
       Modified Time: 140
       Debug: Off
       Object Name: 
       Observers: 
         none
       Number of Work Units: 128
       Number of Threads: 56
       Global Maximum Number Of Threads: 128
       Global Default Number Of Threads: 56
       Global Default Threader Type: itk::MultiThreaderBaseEnums::Threader::Pool
       SingleMethod: 0
       SingleData: 0
     DynamicMultiThreading: On
     CoordinateTolerance: 1e-06
     DirectionTolerance: 1e-06
     Use Mask Label: 0
     Mask label: 1
     Number of histogram bins: 200
     Wiener filter noise: 0.01
     Bias field FWHM: 0.15
     Maximum number of iterations: [200, 200, 200, 200]
     Convergence threshold: 0
     Spline order: 3
     Number of fitting levels: [4, 4, 4]
     Number of control points: [5, 5, 4]
     CurrentConvergenceMeasurement: 0.000803913
     CurrentLevel: 4
     ElapsedIterations: 201
     LogBiasFieldControlPointLattice: 
       Image (0x31af930)
         RTTI typeinfo:   itk::Image<itk::Vector<float, 1u>, 3u>
         Reference Count: 1
         Modified Time: 2616003
         Debug: Off
         Object Name: 
         Observers: 
           none
         Source: (none)
         Source output name: (none)
         Release Data: Off
         Data Released: False
         Global Release Data: Off
         PipelineMTime: 0
         UpdateMTime: 0
         RealTimeStamp: 0 seconds 
         LargestPossibleRegion: 
           Dimension: 3
           Index: [0, 0, 0]
           Size: [19, 19, 11]
         BufferedRegion: 
           Dimension: 3
           Index: [0, 0, 0]
           Size: [19, 19, 11]
         RequestedRegion: 
           Dimension: 3
           Index: [0, 0, 0]
           Size: [19, 19, 11]
         Spacing: [12, 12, 12]
         Origin: [-12, 16.0936, -5.38484]
         Direction: 
1 0 0
0 -0.894934 -0.446198
0 -0.446198 0.894934

         IndexToPointMatrix: 
12 0 0
0 -10.7392 -5.35437
0 -5.35437 10.7392

         PointToIndexMatrix: 
0.0833333 0 0
0 -0.0745779 -0.0371832
0 -0.0371832 0.0745779

         Inverse Direction: 
1 0 0
0 -0.894934 -0.446198
0 -0.446198 0.894934

         PixelContainer: 
           ImportImageContainer (0x2c620e0)
             RTTI typeinfo:   itk::ImportImageContainer<unsigned long, itk::Vector<float, 1u> >
             Reference Count: 1
             Modified Time: 2616004
             Debug: Off
             Object Name: 
             Observers: 
               none
             Pointer: 0x3728390
             Container manages memory: true
             Size: 3971
             Capacity: 3971
Elapsed time: 22.5412
All_Command_lines_OK
Using double precision for computations.
=============================================================================
The composite transform comprises the following transforms (in order): 
  1. Center of mass alignment using fixed image: /home/ccn30/rds/rds-p00500_encrypt-URQgmO1brZ0/p00500/ENCRYPT_images/26002/fMRI/N4meanEPI.nii and moving image: /home/ccn30/rds/rds-p00500_encrypt-URQgmO1brZ0/p00500/ENCRYPT_images/26002/mp2rage/n4mag0000_PSIR_skulled_std_struc_brain.nii (type = Euler3DTransform)
=============================================================================
  Reading mask(s).
    Registration stage 0
      No fixed mask
      No moving mask
    Registration stage 1
      Fixed mask = /home/ccn30/rds/rds-p00500_encrypt-URQgmO1brZ0/p00500/ENCRYPT_images/26002/fMRI/fixedEPIMask.nii
      No moving mask
  number of levels = 3
  number of levels = 4
  fixed image: /home/ccn30/rds/rds-p00500_encrypt-URQgmO1brZ0/p00500/ENCRYPT_images/26002/fMRI/N4meanEPI.nii
  moving image: /home/ccn30/rds/rds-p00500_encrypt-URQgmO1brZ0/p00500/ENCRYPT_images/26002/mp2rage/n4mag0000_PSIR_skulled_std_struc_brain.nii
  fixed image: /home/ccn30/rds/rds-p00500_encrypt-URQgmO1brZ0/p00500/ENCRYPT_images/26002/fMRI/N4meanEPI.nii
  moving image: /home/ccn30/rds/rds-p00500_encrypt-URQgmO1brZ0/p00500/ENCRYPT_images/26002/mp2rage/n4mag0000_PSIR_skulled_std_struc_brain.nii
Dimension = 3
Number of stages = 2
Use Histogram Matching false
Winsorize image intensities true
Lower quantile = 0.005
Upper quantile = 0.995
Stage 1 State
   Image metric = Mattes
     Fixed image = Image (0x3907ad0)
  RTTI typeinfo:   itk::Image<double, 3u>
  Reference Count: 2
  Modified Time: 1979
  Debug: Off
  Object Name: 
  Observers: 
    none
  Source: (none)
  Source output name: (none)
  Release Data: Off
  Data Released: False
  Global Release Data: Off
  PipelineMTime: 0
  UpdateMTime: 1762
  RealTimeStamp: 0 seconds 
  LargestPossibleRegion: 
    Dimension: 3
    Index: [0, 0, 0]
    Size: [128, 128, 42]
  BufferedRegion: 
    Dimension: 3
    Index: [0, 0, 0]
    Size: [128, 128, 42]
  RequestedRegion: 
    Dimension: 3
    Index: [0, 0, 0]
    Size: [128, 128, 42]
  Spacing: [1.5, 1.5, 1]
  Origin: [-95.2449, 67.4501, 34.7534]
  Direction: 
1 0 0
0 -0.894934 -0.446198
0 -0.446198 0.894934

  IndexToPointMatrix: 
1.5 0 0
0 -1.3424 -0.446198
0 -0.669297 0.894934

  PointToIndexMatrix: 
0.666667 0 0
0 -0.596623 -0.297465
0 -0.446198 0.894934

  Inverse Direction: 
1 0 0
0 -0.894934 -0.446198
0 -0.446198 0.894934

  PixelContainer: 
    ImportImageContainer (0x3907d90)
      RTTI typeinfo:   itk::ImportImageContainer<unsigned long, double>
      Reference Count: 1
      Modified Time: 1759
      Debug: Off
      Object Name: 
      Observers: 
        none
      Pointer: 0x39c3e70
      Container manages memory: true
      Size: 688128
      Capacity: 688128

     Moving image = Image (0x39c2c90)
  RTTI typeinfo:   itk::Image<double, 3u>
  Reference Count: 2
  Modified Time: 1980
  Debug: Off
  Object Name: 
  Observers: 
    none
  Source: (none)
  Source output name: (none)
  Release Data: Off
  Data Released: False
  Global Release Data: Off
  PipelineMTime: 0
  UpdateMTime: 1977
  RealTimeStamp: 0 seconds 
  LargestPossibleRegion: 
    Dimension: 3
    Index: [0, 0, 0]
    Size: [224, 320, 320]
  BufferedRegion: 
    Dimension: 3
    Index: [0, 0, 0]
    Size: [224, 320, 320]
  RequestedRegion: 
    Dimension: 3
    Index: [0, 0, 0]
    Size: [224, 320, 320]
  Spacing: [0.7, 0.7, 0.7]
  Origin: [-76.8093, 71.6293, -84.6463]
  Direction: 
1 0 0
0 -1 0
0 0 1

  IndexToPointMatrix: 
0.7 0 0
0 -0.7 0
0 0 0.7

  PointToIndexMatrix: 
1.42857 0 0
0 -1.42857 0
0 0 1.42857

  Inverse Direction: 
1 0 0
0 -1 0
0 0 1

  PixelContainer: 
    ImportImageContainer (0x39c30a0)
      RTTI typeinfo:   itk::ImportImageContainer<unsigned long, double>
      Reference Count: 1
      Modified Time: 1974
      Debug: Off
      Object Name: 
      Observers: 
        none
      Pointer: 0x2b2c212b1010
      Container manages memory: true
      Size: 22937600
      Capacity: 22937600

     Weighting = 1
     Sampling strategy = random
     Number of bins = 32
     Radius = 4
     Sampling percentage  = 0.5
   Transform = Translation
     Gradient step = 0.2
     Update field sigma (voxel space) = 0
     Total field sigma (voxel space) = 0
     Update field time sigma = 0
     Total field time sigma  = 0
     Number of time indices = 0
     Number of time point samples = 0
Stage 2 State
   Image metric = Mattes
     Fixed image = Image (0x39c3b20)
  RTTI typeinfo:   itk::Image<double, 3u>
  Reference Count: 2
  Modified Time: 2411
  Debug: Off
  Object Name: 
  Observers: 
    none
  Source: (none)
  Source output name: (none)
  Release Data: Off
  Data Released: False
  Global Release Data: Off
  PipelineMTime: 0
  UpdateMTime: 2194
  RealTimeStamp: 0 seconds 
  LargestPossibleRegion: 
    Dimension: 3
    Index: [0, 0, 0]
    Size: [128, 128, 42]
  BufferedRegion: 
    Dimension: 3
    Index: [0, 0, 0]
    Size: [128, 128, 42]
  RequestedRegion: 
    Dimension: 3
    Index: [0, 0, 0]
    Size: [128, 128, 42]
  Spacing: [1.5, 1.5, 1]
  Origin: [-95.2449, 67.4501, 34.7534]
  Direction: 
1 0 0
0 -0.894934 -0.446198
0 -0.446198 0.894934

  IndexToPointMatrix: 
1.5 0 0
0 -1.3424 -0.446198
0 -0.669297 0.894934

  PointToIndexMatrix: 
0.666667 0 0
0 -0.596623 -0.297465
0 -0.446198 0.894934

  Inverse Direction: 
1 0 0
0 -0.894934 -0.446198
0 -0.446198 0.894934

  PixelContainer: 
    ImportImageContainer (0x39c1b40)
      RTTI typeinfo:   itk::ImportImageContainer<unsigned long, double>
      Reference Count: 1
      Modified Time: 2191
      Debug: Off
      Object Name: 
      Observers: 
        none
      Pointer: 0x3f08690
      Container manages memory: true
      Size: 688128
      Capacity: 688128

     Moving image = Image (0x3f083a0)
  RTTI typeinfo:   itk::Image<double, 3u>
  Reference Count: 2
  Modified Time: 2412
  Debug: Off
  Object Name: 
  Observers: 
    none
  Source: (none)
  Source output name: (none)
  Release Data: Off
  Data Released: False
  Global Release Data: Off
  PipelineMTime: 0
  UpdateMTime: 2409
  RealTimeStamp: 0 seconds 
  LargestPossibleRegion: 
    Dimension: 3
    Index: [0, 0, 0]
    Size: [224, 320, 320]
  BufferedRegion: 
    Dimension: 3
    Index: [0, 0, 0]
    Size: [224, 320, 320]
  RequestedRegion: 
    Dimension: 3
    Index: [0, 0, 0]
    Size: [224, 320, 320]
  Spacing: [0.7, 0.7, 0.7]
  Origin: [-76.8093, 71.6293, -84.6463]
  Direction: 
1 0 0
0 -1 0
0 0 1

  IndexToPointMatrix: 
0.7 0 0
0 -0.7 0
0 0 0.7

  PointToIndexMatrix: 
1.42857 0 0
0 -1.42857 0
0 0 1.42857

  Inverse Direction: 
1 0 0
0 -1 0
0 0 1

  PixelContainer: 
    ImportImageContainer (0x39bcf10)
      RTTI typeinfo:   itk::ImportImageContainer<unsigned long, double>
      Reference Count: 1
      Modified Time: 2406
      Debug: Off
      Object Name: 
      Observers: 
        none
      Pointer: 0x2b2c2c1b2010
      Container manages memory: true
      Size: 22937600
      Capacity: 22937600

     Weighting = 1
     Sampling strategy = random
     Number of bins = 32
     Radius = 4
     Sampling percentage  = 0.5
   Transform = Rigid
     Gradient step = 0.2
     Update field sigma (voxel space) = 0
     Total field sigma (voxel space) = 0
     Update field time sigma = 0
     Total field time sigma  = 0
     Number of time indices = 0
     Number of time point samples = 0
Registration using 2 total stages.

Stage 0
  iterations = 400x200x100
  convergence threshold = 1e-06
  convergence window size = 10
  number of levels = 3
  using the Mattes MI metric (number of bins = 32, weight = 1)
  preprocessing:  winsorizing the image intensities
  Shrink factors (level 1 out of 3): [5, 5, 8]
  Shrink factors (level 2 out of 3): [3, 3, 4]
  Shrink factors (level 3 out of 3): [1, 1, 2]
  smoothing sigmas per level: [0, 0, 0]
  random sampling (percentage = 0.5)

*** Running TranslationTransform registration ***

DIAGNOSTIC,Iteration,metricValue,convergenceValue,ITERATION_TIME_INDEX,SINCE_LAST
 2DIAGNOSTIC,     1, -3.965215719180e-01, 1.797693134862e+308, 9.0717e-02, 9.0717e-02, 
 2DIAGNOSTIC,     2, -4.035001087392e-01, 1.797693134862e+308, 9.6827e-02, 6.1100e-03, 
 2DIAGNOSTIC,     3, -4.075582146067e-01, 1.797693134862e+308, 1.0349e-01, 6.6609e-03, 
 2DIAGNOSTIC,     4, -4.018565390017e-01, 1.797693134862e+308, 1.1217e-01, 8.6820e-03, 
 2DIAGNOSTIC,     5, -3.917691003583e-01, 1.797693134862e+308, 1.1993e-01, 7.7600e-03, 
 2DIAGNOSTIC,     6, -3.926766826742e-01, 1.797693134862e+308, 1.2597e-01, 6.0360e-03, 
 2DIAGNOSTIC,     7, -3.837116385048e-01, 1.797693134862e+308, 1.3472e-01, 8.7581e-03, 
 2DIAGNOSTIC,     8, -3.791821990839e-01, 1.797693134862e+308, 1.4314e-01, 8.4131e-03, 
 2DIAGNOSTIC,     9, -3.749051446556e-01, 1.797693134862e+308, 1.4995e-01, 6.8161e-03, 
DIAGNOSTIC,Iteration,metricValue,convergenceValue,ITERATION_TIME_INDEX,SINCE_LAST
 2DIAGNOSTIC,     1, -3.251109991392e-01, 1.797693134862e+308, 2.6411e-01, 1.1415e-01, 
 2DIAGNOSTIC,     2, -3.272215176826e-01, 1.797693134862e+308, 2.9064e-01, 2.6531e-02, 
 2DIAGNOSTIC,     3, -3.272952170483e-01, 1.797693134862e+308, 3.1355e-01, 2.2909e-02, 
 2DIAGNOSTIC,     4, -3.273201292273e-01, 1.797693134862e+308, 3.8455e-01, 7.0999e-02, 
 2DIAGNOSTIC,     5, -3.273201289808e-01, 1.797693134862e+308, 4.4520e-01, 6.0659e-02, 
 2DIAGNOSTIC,     6, -3.273201289808e-01, 1.797693134862e+308, 4.7135e-01, 2.6145e-02, 
 2DIAGNOSTIC,     7, -3.273201289808e-01, 1.797693134862e+308, 4.9112e-01, 1.9772e-02, 
 2DIAGNOSTIC,     8, -3.273201289808e-01, 1.797693134862e+308, 5.1346e-01, 2.2340e-02, 
 2DIAGNOSTIC,     9, -3.273201289808e-01, 1.797693134862e+308, 5.4004e-01, 2.6581e-02, 
 2DIAGNOSTIC,    10, -3.273201289808e-01, 2.041425911695e-04, 5.6691e-01, 2.6864e-02, 
 2DIAGNOSTIC,    11, -3.273201289808e-01, 1.240150668978e-05, 5.8897e-01, 2.2059e-02, 
 2DIAGNOSTIC,    12, -3.273201289808e-01, 4.456033838515e-06, 6.0913e-01, 2.0163e-02, 
 2DIAGNOSTIC,    13, -3.273201289808e-01, 2.448242794190e-06, 6.3287e-01, 2.3741e-02, 
 2DIAGNOSTIC,    14, -3.273201289808e-01, 2.273294541541e-06, 6.5416e-01, 2.1295e-02, 
 2DIAGNOSTIC,    15, -3.273201289808e-01, 2.121669535449e-06, 6.7521e-01, 2.1043e-02, 
 2DIAGNOSTIC,    16, -3.273201289808e-01, 1.989006100336e-06, 6.9711e-01, 2.1902e-02, 
 2DIAGNOSTIC,    17, -3.273201289808e-01, 1.871956673664e-06, 7.1756e-01, 2.0449e-02, 
 2DIAGNOSTIC,    18, -3.273201289808e-01, 1.767917889979e-06, 7.4167e-01, 2.4109e-02, 
 2DIAGNOSTIC,    19, -3.273201289808e-01, 1.674834666357e-06, 7.6334e-01, 2.1675e-02, 
 2DIAGNOSTIC,    20, -3.273201289808e-01, 1.591063083083e-06, 7.8618e-01, 2.2840e-02, 
 2DIAGNOSTIC,    21, -3.273201289808e-01, 1.515272454192e-06, 8.0651e-01, 2.0330e-02, 
 2DIAGNOSTIC,    22, -3.273201289808e-01, 1.446374115130e-06, 8.2804e-01, 2.1525e-02, 
 2DIAGNOSTIC,    23, -3.273201289808e-01, 1.383468792908e-06, 8.4916e-01, 2.1120e-02, 
 2DIAGNOSTIC,    24, -3.273201289808e-01, 1.325807137929e-06, 8.6950e-01, 2.0347e-02, 
 2DIAGNOSTIC,    25, -3.273201289808e-01, 1.272759730699e-06, 8.9396e-01, 2.4457e-02, 
 2DIAGNOSTIC,    26, -3.273201289808e-01, 1.223794012011e-06, 9.1507e-01, 2.1109e-02, 
 2DIAGNOSTIC,    27, -3.273201289808e-01, 1.178456341212e-06, 9.3655e-01, 2.1481e-02, 
 2DIAGNOSTIC,    28, -3.273201289808e-01, 1.136357899910e-06, 9.5839e-01, 2.1834e-02, 
 2DIAGNOSTIC,    29, -3.273201289808e-01, 1.097163513035e-06, 9.7717e-01, 1.8784e-02, 
 2DIAGNOSTIC,    30, -3.273201289808e-01, 1.060582706137e-06, 9.9865e-01, 2.1485e-02, 
 2DIAGNOSTIC,    31, -3.273201289808e-01, 1.026362493960e-06, 1.0194e+00, 2.0724e-02, 
DIAGNOSTIC,Iteration,metricValue,convergenceValue,ITERATION_TIME_INDEX,SINCE_LAST
 2DIAGNOSTIC,     1, -2.970100071984e-01, 1.797693134862e+308, 1.5025e+00, 4.8317e-01, 
 2DIAGNOSTIC,     2, -2.990179921877e-01, 1.797693134862e+308, 1.8056e+00, 3.0304e-01, 
 2DIAGNOSTIC,     3, -3.008467682513e-01, 1.797693134862e+308, 2.0992e+00, 2.9360e-01, 
 2DIAGNOSTIC,     4, -3.063874143040e-01, 1.797693134862e+308, 2.3927e+00, 2.9352e-01, 
 2DIAGNOSTIC,     5, -3.151442852497e-01, 1.797693134862e+308, 2.7050e+00, 3.1228e-01, 
 2DIAGNOSTIC,     6, -3.388169801093e-01, 1.797693134862e+308, 2.9992e+00, 2.9422e-01, 
 2DIAGNOSTIC,     7, -4.316529453592e-01, 1.797693134862e+308, 3.4925e+00, 4.9328e-01, 
 2DIAGNOSTIC,     8, -4.863670296253e-01, 1.797693134862e+308, 3.9188e+00, 4.2628e-01, 
 2DIAGNOSTIC,     9, -4.958406443168e-01, 1.797693134862e+308, 4.2581e+00, 3.3931e-01, 
 2DIAGNOSTIC,    10, -5.031674934978e-01, 4.298210670155e-02, 4.6102e+00, 3.5208e-01, 
 2DIAGNOSTIC,    11, -5.036573183368e-01, 4.050809730502e-02, 4.9924e+00, 3.8220e-01, 
 2DIAGNOSTIC,    12, -5.036594710050e-01, 3.504245161703e-02, 5.3375e+00, 3.4511e-01, 
 2DIAGNOSTIC,    13, -5.036923963949e-01, 2.757202603962e-02, 6.4136e+00, 1.0762e+00, 
 2DIAGNOSTIC,    14, -5.036923963304e-01, 1.926865147348e-02, 7.5154e+00, 1.1017e+00, 
 2DIAGNOSTIC,    15, -5.036923963304e-01, 1.100936222395e-02, 7.9403e+00, 4.2498e-01, 
 2DIAGNOSTIC,    16, -5.036923963304e-01, 3.888641457736e-03, 8.3264e+00, 3.8610e-01, 
 2DIAGNOSTIC,    17, -5.036923963304e-01, 9.589431534521e-04, 8.6600e+00, 3.3357e-01, 
 2DIAGNOSTIC,    18, -5.036923963304e-01, 3.061684238067e-04, 8.9943e+00, 3.3424e-01, 
 2DIAGNOSTIC,    19, -5.036923963304e-01, 2.172585907904e-05, 9.3697e+00, 3.7541e-01, 
 2DIAGNOSTIC,    20, -5.036923963304e-01, 3.877599935191e-06, 9.7076e+00, 3.3795e-01, 
 2DIAGNOSTIC,    21, -5.036923963304e-01, 2.724709575991e-06, 1.0044e+01, 3.3606e-01, 
 2DIAGNOSTIC,    22, -5.036923963304e-01, 1.631859297600e-06, 1.0413e+01, 3.6910e-01, 
 2DIAGNOSTIC,    23, -5.036923963304e-01, 1.552231117120e-06, 1.0747e+01, 3.3428e-01, 
 2DIAGNOSTIC,    24, -5.036923963304e-01, 1.480010917036e-06, 1.1200e+01, 4.5266e-01, 
 2DIAGNOSTIC,    25, -5.036923963304e-01, 1.414212278797e-06, 1.1605e+01, 4.0499e-01, 
 2DIAGNOSTIC,    26, -5.036923963304e-01, 1.354015185383e-06, 1.1942e+01, 3.3721e-01, 
 2DIAGNOSTIC,    27, -5.036923963304e-01, 1.298733538324e-06, 1.2279e+01, 3.3757e-01, 
 2DIAGNOSTIC,    28, -5.036923963304e-01, 1.247788891712e-06, 1.2613e+01, 3.3321e-01, 
 2DIAGNOSTIC,    29, -5.036923963304e-01, 1.200690135247e-06, 1.2989e+01, 3.7674e-01, 
 2DIAGNOSTIC,    30, -5.036923963304e-01, 1.157017610970e-06, 1.3324e+01, 3.3436e-01, 
 2DIAGNOSTIC,    31, -5.036923963304e-01, 1.116410574632e-06, 1.3658e+01, 3.3389e-01, 
 2DIAGNOSTIC,    32, -5.036923963304e-01, 1.078557208080e-06, 1.3992e+01, 3.3389e-01, 
 2DIAGNOSTIC,    33, -5.036923963304e-01, 1.043186596640e-06, 1.4324e+01, 3.3271e-01, 
 2DIAGNOSTIC,    34, -5.036923963304e-01, 1.010062235143e-06, 1.4660e+01, 3.3581e-01, 
  Elapsed time (stage 0): 1.5236e+01


Stage 1
  iterations = 500x500x250x50
  convergence threshold = 1.0000e-06
  convergence window size = 10
  number of levels = 4
  using the Mattes MI metric (number of bins = 32, weight = 1.0000e+00)
  preprocessing:  winsorizing the image intensities
  Shrink factors (level 1 out of 4): [4, 4, 6]
  Shrink factors (level 2 out of 4): [3, 3, 4]
  Shrink factors (level 3 out of 4): [1, 1, 2]
  Shrink factors (level 4 out of 4): [1, 1, 1]
  smoothing sigmas per level: [2, 1, 0, 0]
  random sampling (percentage = 5.0000e-01)

*** Running Euler3DTransform registration ***

DIAGNOSTIC,Iteration,metricValue,convergenceValue,ITERATION_TIME_INDEX,SINCE_LAST
 2DIAGNOSTIC,     1, -5.800382610204e-01, 1.797693134862e+308, 1.4242e+00, 1.4242e+00, 
 2DIAGNOSTIC,     2, -5.841275148918e-01, 1.797693134862e+308, 1.4329e+00, 8.6241e-03, 
 2DIAGNOSTIC,     3, -5.845191388247e-01, 1.797693134862e+308, 1.4399e+00, 7.0760e-03, 
 2DIAGNOSTIC,     4, -5.846956774864e-01, 1.797693134862e+308, 1.4469e+00, 6.9559e-03, 
 2DIAGNOSTIC,     5, -5.849224623561e-01, 1.797693134862e+308, 1.4564e+00, 9.5041e-03, 
 2DIAGNOSTIC,     6, -5.852150311832e-01, 1.797693134862e+308, 1.4632e+00, 6.8350e-03, 
 2DIAGNOSTIC,     7, -5.854730249198e-01, 1.797693134862e+308, 1.4702e+00, 6.9489e-03, 
 2DIAGNOSTIC,     8, -5.861111185844e-01, 1.797693134862e+308, 1.4803e+00, 1.0067e-02, 
 2DIAGNOSTIC,     9, -5.862839022950e-01, 1.797693134862e+308, 1.4870e+00, 6.7911e-03, 
 2DIAGNOSTIC,    10, -5.864584926735e-01, 4.810793212170e-04, 1.4955e+00, 8.4350e-03, 
 2DIAGNOSTIC,    11, -5.867532775750e-01, 2.693495444932e-04, 1.5042e+00, 8.6989e-03, 
 2DIAGNOSTIC,    12, -5.867934803256e-01, 2.355941632520e-04, 1.5120e+00, 7.8070e-03, 
 2DIAGNOSTIC,    13, -5.868488432315e-01, 2.025389806766e-04, 1.5194e+00, 7.3760e-03, 
 2DIAGNOSTIC,    14, -5.870929979294e-01, 1.705966029606e-04, 1.5269e+00, 7.5152e-03, 
 2DIAGNOSTIC,    15, -5.873280442960e-01, 1.423331572373e-04, 1.5383e+00, 1.1418e-02, 
 2DIAGNOSTIC,    16, -5.873807455914e-01, 1.150620419495e-04, 1.5462e+00, 7.9141e-03, 
 2DIAGNOSTIC,    17, -5.874054332431e-01, 8.838194125862e-05, 1.5533e+00, 7.1349e-03, 
 2DIAGNOSTIC,    18, -5.875557127771e-01, 7.803151549576e-05, 1.5630e+00, 9.6478e-03, 
 2DIAGNOSTIC,    19, -5.876255608278e-01, 6.766822101263e-05, 1.5730e+00, 1.0049e-02, 
 2DIAGNOSTIC,    20, -5.876378666334e-01, 5.645567641503e-05, 1.5827e+00, 9.6459e-03, 
 2DIAGNOSTIC,    21, -5.876437458906e-01, 4.825213528833e-05, 1.5905e+00, 7.7710e-03, 
 2DIAGNOSTIC,    22, -5.876813799896e-01, 3.826166915361e-05, 1.5989e+00, 8.4341e-03, 
 2DIAGNOSTIC,    23, -5.877172118518e-01, 2.747278670061e-05, 1.6109e+00, 1.2046e-02, 
 2DIAGNOSTIC,    24, -5.877177953992e-01, 1.992244716421e-05, 1.6199e+00, 8.9910e-03, 
 2DIAGNOSTIC,    25, -5.877181490381e-01, 1.583012704075e-05, 1.6278e+00, 7.8440e-03, 
 2DIAGNOSTIC,    26, -5.877183753373e-01, 1.171842813456e-05, 1.6367e+00, 8.9281e-03, 
 2DIAGNOSTIC,    27, -5.877188416802e-01, 7.302520742263e-06, 1.6439e+00, 7.2339e-03, 
 2DIAGNOSTIC,    28, -5.877192154669e-01, 5.189169544131e-06, 1.6517e+00, 7.7491e-03, 
 2DIAGNOSTIC,    29, -5.877205957407e-01, 4.032548932914e-06, 1.6597e+00, 8.0519e-03, 
 2DIAGNOSTIC,    30, -5.877225010509e-01, 2.918810368506e-06, 1.6672e+00, 7.4661e-03, 
 2DIAGNOSTIC,    31, -5.877229097154e-01, 1.789044792873e-06, 1.6768e+00, 9.5930e-03, 
 2DIAGNOSTIC,    32, -5.877230344885e-01, 1.214556672208e-06, 1.7048e+00, 2.7996e-02, 
 2DIAGNOSTIC,    33, -5.877230344801e-01, 1.180367482624e-06, 1.7307e+00, 2.5928e-02, 
 2DIAGNOSTIC,    34, -5.877230344801e-01, 1.135787873235e-06, 1.7411e+00, 1.0409e-02, 
 2DIAGNOSTIC,    35, -5.877230344801e-01, 1.079347564419e-06, 1.7526e+00, 1.1443e-02, 
 2DIAGNOSTIC,    36, -5.877230344801e-01, 1.013012599298e-06, 1.7618e+00, 9.2602e-03, 
DIAGNOSTIC,Iteration,metricValue,convergenceValue,ITERATION_TIME_INDEX,SINCE_LAST
 2DIAGNOSTIC,     1, -5.374274815661e-01, 1.797693134862e+308, 3.0596e+00, 1.2977e+00, 
 2DIAGNOSTIC,     2, -5.098392923322e-01, 1.797693134862e+308, 3.0742e+00, 1.4638e-02, 
 2DIAGNOSTIC,     3, -5.156734391181e-01, 1.797693134862e+308, 3.0895e+00, 1.5330e-02, 
 2DIAGNOSTIC,     4, -5.165834849484e-01, 1.797693134862e+308, 3.1067e+00, 1.7178e-02, 
 2DIAGNOSTIC,     5, -5.168240452702e-01, 1.797693134862e+308, 3.1254e+00, 1.8718e-02, 
 2DIAGNOSTIC,     6, -5.168914632550e-01, 1.797693134862e+308, 3.1393e+00, 1.3926e-02, 
 2DIAGNOSTIC,     7, -5.171711946537e-01, 1.797693134862e+308, 3.1537e+00, 1.4364e-02, 
 2DIAGNOSTIC,     8, -5.172905291339e-01, 1.797693134862e+308, 3.1669e+00, 1.3237e-02, 
 2DIAGNOSTIC,     9, -5.174285288561e-01, 1.797693134862e+308, 3.1827e+00, 1.5786e-02, 
DIAGNOSTIC,Iteration,metricValue,convergenceValue,ITERATION_TIME_INDEX,SINCE_LAST
 2DIAGNOSTIC,     1, -4.489521166915e-01, 1.797693134862e+308, 3.5746e+00, 3.9184e-01, 
 2DIAGNOSTIC,     2, -4.523326388889e-01, 1.797693134862e+308, 3.7829e+00, 2.0836e-01, 
 2DIAGNOSTIC,     3, -4.547840152266e-01, 1.797693134862e+308, 3.9893e+00, 2.0633e-01, 
 2DIAGNOSTIC,     4, -4.581539490249e-01, 1.797693134862e+308, 4.2813e+00, 2.9209e-01, 
 2DIAGNOSTIC,     5, -4.592465975633e-01, 1.797693134862e+308, 4.5432e+00, 2.6189e-01, 
 2DIAGNOSTIC,     6, -4.606229500785e-01, 1.797693134862e+308, 4.7746e+00, 2.3138e-01, 
 2DIAGNOSTIC,     7, -4.618011035767e-01, 1.797693134862e+308, 4.9781e+00, 2.0344e-01, 
 2DIAGNOSTIC,     8, -4.619205002583e-01, 1.797693134862e+308, 5.2392e+00, 2.6115e-01, 
 2DIAGNOSTIC,     9, -4.620445656813e-01, 1.797693134862e+308, 5.7319e+00, 4.9275e-01, 
 2DIAGNOSTIC,    10, -4.620451390142e-01, 1.772140529866e-03, 5.9541e+00, 2.2212e-01, 
 2DIAGNOSTIC,    11, -4.620455126136e-01, 1.142835397797e-03, 6.1575e+00, 2.0342e-01, 
 2DIAGNOSTIC,    12, -4.620460885517e-01, 6.897073185750e-04, 6.3595e+00, 2.0199e-01, 
 2DIAGNOSTIC,    13, -4.620470125917e-01, 3.582898003951e-04, 6.5630e+00, 2.0348e-01, 
 2DIAGNOSTIC,    14, -4.620484240840e-01, 1.912958570756e-04, 6.7919e+00, 2.2894e-01, 
 2DIAGNOSTIC,    15, -4.620503776577e-01, 7.359960668889e-05, 6.9963e+00, 2.0436e-01, 
 2DIAGNOSTIC,    16, -4.620528204821e-01, 1.625293094078e-05, 7.2297e+00, 2.3341e-01, 
 2DIAGNOSTIC,    17, -4.620540057552e-01, 7.185792613468e-06, 7.4629e+00, 2.3327e-01, 
 2DIAGNOSTIC,    18, -4.620465596800e-01, 2.362770578135e-06, 7.6956e+00, 2.3270e-01, 
 2DIAGNOSTIC,    19, -4.620467105358e-01, 2.041889253374e-06, 7.8993e+00, 2.0363e-01, 
 2DIAGNOSTIC,    20, -4.620469599936e-01, 1.741746092493e-06, 8.1330e+00, 2.3373e-01, 
 2DIAGNOSTIC,    21, -4.620478393689e-01, 1.488916451915e-06, 8.3661e+00, 2.3308e-01, 
 2DIAGNOSTIC,    22, -4.620485512154e-01, 1.298322003428e-06, 8.5656e+00, 1.9954e-01, 
 2DIAGNOSTIC,    23, -4.620487120718e-01, 1.171500101468e-06, 8.8051e+00, 2.3949e-01, 
 2DIAGNOSTIC,    24, -4.620490540958e-01, 1.121596088602e-06, 9.5227e+00, 7.1762e-01, 
 2DIAGNOSTIC,    25, -4.620490540693e-01, 1.139013609160e-06, 1.0238e+01, 7.1561e-01, 
 2DIAGNOSTIC,    26, -4.620490540693e-01, 1.222852954105e-06, 1.0471e+01, 2.3251e-01, 
 2DIAGNOSTIC,    27, -4.620490540693e-01, 1.332756094569e-06, 1.0699e+01, 2.2814e-01, 
 2DIAGNOSTIC,    28, -4.620490540693e-01, 1.256622445892e-06, 1.0960e+01, 2.6069e-01, 
 2DIAGNOSTIC,    29, -4.620490540693e-01, 1.178085155665e-06, 1.1200e+01, 2.4006e-01, 
 2DIAGNOSTIC,    30, -4.620490540693e-01, 1.102236100600e-06, 1.1445e+01, 2.4574e-01, 
 2DIAGNOSTIC,    31, -4.620490540693e-01, 1.044846874479e-06, 1.1677e+01, 2.3151e-01, 
 2DIAGNOSTIC,    32, -4.620490540693e-01, 1.003252386493e-06, 1.1937e+01, 2.5952e-01, 
DIAGNOSTIC,Iteration,metricValue,convergenceValue,ITERATION_TIME_INDEX,SINCE_LAST
 2DIAGNOSTIC,     1, -4.524927671806e-01, 1.797693134862e+308, 1.2961e+01, 1.0247e+00, 
 2DIAGNOSTIC,     2, -4.525252832249e-01, 1.797693134862e+308, 1.3578e+01, 6.1640e-01, 
 2DIAGNOSTIC,     3, -4.525284902796e-01, 1.797693134862e+308, 1.3967e+01, 3.8959e-01, 
 2DIAGNOSTIC,     4, -4.525495137146e-01, 1.797693134862e+308, 1.4413e+01, 4.4590e-01, 
 2DIAGNOSTIC,     5, -4.525573921391e-01, 1.797693134862e+308, 1.4807e+01, 3.9350e-01, 
 2DIAGNOSTIC,     6, -4.525500277598e-01, 1.797693134862e+308, 1.5223e+01, 4.1612e-01, 
 2DIAGNOSTIC,     7, -4.525571572357e-01, 1.797693134862e+308, 1.5781e+01, 5.5871e-01, 
 2DIAGNOSTIC,     8, -4.525643425130e-01, 1.797693134862e+308, 1.6215e+01, 4.3316e-01, 
 2DIAGNOSTIC,     9, -4.525585243077e-01, 1.797693134862e+308, 1.6651e+01, 4.3691e-01, 
 2DIAGNOSTIC,    10, -4.525610305554e-01, 1.102065339703e-05, 1.7101e+01, 4.4950e-01, 
 2DIAGNOSTIC,    11, -4.525577463855e-01, 6.981927042599e-06, 1.7750e+01, 6.4886e-01, 
 2DIAGNOSTIC,    12, -4.525691499237e-01, 5.558573276887e-06, 1.9049e+01, 1.2988e+00, 
 2DIAGNOSTIC,    13, -4.525691498539e-01, 4.194476815503e-06, 2.0313e+01, 1.2640e+00, 
 2DIAGNOSTIC,    14, -4.525691498539e-01, 3.807241943307e-06, 2.0783e+01, 4.7075e-01, 
 2DIAGNOSTIC,    15, -4.525691498539e-01, 3.686150597204e-06, 2.1217e+01, 4.3375e-01, 
 2DIAGNOSTIC,    16, -4.525691498539e-01, 3.139353400294e-06, 2.1610e+01, 3.9233e-01, 
 2DIAGNOSTIC,    17, -4.525691498539e-01, 2.798945030837e-06, 2.2036e+01, 4.2683e-01, 
 2DIAGNOSTIC,    18, -4.525691498539e-01, 2.664861276022e-06, 2.2496e+01, 4.5993e-01, 
 2DIAGNOSTIC,    19, -4.525691498539e-01, 2.271867723440e-06, 2.2862e+01, 3.6595e-01, 
 2DIAGNOSTIC,    20, -4.525691498539e-01, 1.948615115571e-06, 2.3231e+01, 3.6863e-01, 
 2DIAGNOSTIC,    21, -4.525691498539e-01, 1.514797327344e-06, 2.3643e+01, 4.1196e-01, 
 2DIAGNOSTIC,    22, -4.525691498539e-01, 1.445943109635e-06, 2.4024e+01, 3.8121e-01, 
 2DIAGNOSTIC,    23, -4.525691498539e-01, 1.383074457420e-06, 2.4388e+01, 3.6420e-01, 
 2DIAGNOSTIC,    24, -4.525691498539e-01, 1.325444984199e-06, 2.4755e+01, 3.6678e-01, 
 2DIAGNOSTIC,    25, -4.525691498539e-01, 1.272425974058e-06, 2.5153e+01, 3.9797e-01, 
 2DIAGNOSTIC,    26, -4.525691498539e-01, 1.223485438920e-06, 2.5514e+01, 3.6075e-01, 
 2DIAGNOSTIC,    27, -4.525691498539e-01, 1.178170205250e-06, 2.5872e+01, 3.5782e-01, 
 2DIAGNOSTIC,    28, -4.525691498539e-01, 1.136091839937e-06, 2.6230e+01, 3.5873e-01, 
 2DIAGNOSTIC,    29, -4.525691498539e-01, 1.096915488039e-06, 2.6580e+01, 3.4946e-01, 
 2DIAGNOSTIC,    30, -4.525691498539e-01, 1.060350942619e-06, 2.6938e+01, 3.5830e-01, 
 2DIAGNOSTIC,    31, -4.525691498539e-01, 1.026145443575e-06, 2.7288e+01, 3.4975e-01, 
  Elapsed time (stage 1): 2.7871e+01


Total elapsed time: 4.3111e+01
