This is job 17
Time: Thu 16 Sep 12:56:45 BST 2021
Running on master node: cpu-p-593
Current directory: /rds/user/ccn30/hpc-work/WBIC_lustre/ENCRYPT/scripts/Registration/slurmoutputs
Changed directory to /home/ccn30/rds/hpc-work/WBIC_lustre/ENCRYPT/scripts/Registration/slurmoutputs.

JobID: 46502791
======
Time: Thu 16 Sep 12:56:45 BST 2021
Running on master node: cpu-p-593
Current directory: /home/ccn30/rds/hpc-work/WBIC_lustre/ENCRYPT/scripts/Registration/slurmoutputs

Nodes allocated:
================
cpu-p-593

numtasks=, numnodes=, mpi_tasks_per_node= (OMP_NUM_THREADS=1)

Executing command:
==================
/home/ccn30/rds/hpc-work/WBIC_lustre/ENCRYPT/scripts/Registration/coreg_main.sh /home/ccn30/rds/hpc-work/WBIC_lustre/ENCRYPT/ENCRYPT_MasterRIScodes.txt 17 /home/ccn30/rds/rds-p00500_encrypt-URQgmO1brZ0/p00500 /home/ccn30/rds/hpc-work/WBIC_home/ENCRYPT/atlases/magdeburgatlas

******** starting 26601 ********
All_Command_lines_OK
Using double precision for computations.
=============================================================================
The composite transform comprises the following transforms (in order): 
  1. Center of mass alignment using fixed image: /home/ccn30/rds/hpc-work/WBIC_home/ENCRYPT/atlases/magdeburgatlas/template/template.nii.gz and moving image: /home/ccn30/rds/rds-p00500_encrypt-URQgmO1brZ0/p00500/ENCRYPT_images/26601/mp2rage/denoise_n4mag0000_PSIR_skulled_std.nii (type = Euler3DTransform)
=============================================================================
  number of levels = 4
  number of levels = 4
  fixed image: /home/ccn30/rds/hpc-work/WBIC_home/ENCRYPT/atlases/magdeburgatlas/template/template.nii.gz
  moving image: /home/ccn30/rds/rds-p00500_encrypt-URQgmO1brZ0/p00500/ENCRYPT_images/26601/mp2rage/denoise_n4mag0000_PSIR_skulled_std.nii
  fixed image: /home/ccn30/rds/hpc-work/WBIC_home/ENCRYPT/atlases/magdeburgatlas/template/template.nii.gz
  moving image: /home/ccn30/rds/rds-p00500_encrypt-URQgmO1brZ0/p00500/ENCRYPT_images/26601/mp2rage/denoise_n4mag0000_PSIR_skulled_std.nii
Dimension = 3
Number of stages = 2
Use Histogram Matching true
Winsorize image intensities true
Lower quantile = 0.005
Upper quantile = 0.995
Stage 1 State
   Image metric = Mattes
     Fixed image = Image (0x2c42200)
  RTTI typeinfo:   itk::Image<double, 3u>
  Reference Count: 2
  Modified Time: 1698
  Debug: Off
  Object Name: 
  Observers: 
    none
  Source: (none)
  Source output name: (none)
  Release Data: Off
  Data Released: False
  Global Release Data: Off
  PipelineMTime: 0
  UpdateMTime: 1481
  RealTimeStamp: 0 seconds 
  LargestPossibleRegion: 
    Dimension: 3
    Index: [0, 0, 0]
    Size: [384, 301, 288]
  BufferedRegion: 
    Dimension: 3
    Index: [0, 0, 0]
    Size: [384, 301, 288]
  RequestedRegion: 
    Dimension: 3
    Index: [0, 0, 0]
    Size: [384, 301, 288]
  Spacing: [0.598958, 0.598958, 0.599937]
  Origin: [83.4012, -147.626, 85.1783]
  Direction: 
-0 0 -1
1 -0 0
0 -1 0

  IndexToPointMatrix: 
0 0 -0.599937
0.598958 0 0
0 -0.598958 0

  PointToIndexMatrix: 
0 1.66957 0
0 0 -1.66957
-1.66684 0 0

  Inverse Direction: 
0 1 0
0 0 -1
-1 0 0

  PixelContainer: 
    ImportImageContainer (0x2c32dc0)
      RTTI typeinfo:   itk::ImportImageContainer<unsigned long, double>
      Reference Count: 1
      Modified Time: 1478
      Debug: Off
      Object Name: 
      Observers: 
        none
      Pointer: 0x2af2e4015010
      Container manages memory: true
      Size: 33288192
      Capacity: 33288192

     Moving image = Image (0x2c463f0)
  RTTI typeinfo:   itk::Image<double, 3u>
  Reference Count: 2
  Modified Time: 1699
  Debug: Off
  Object Name: 
  Observers: 
    none
  Source: (none)
  Source output name: (none)
  Release Data: Off
  Data Released: False
  Global Release Data: Off
  PipelineMTime: 0
  UpdateMTime: 1696
  RealTimeStamp: 0 seconds 
  LargestPossibleRegion: 
    Dimension: 3
    Index: [0, 0, 0]
    Size: [224, 320, 320]
  BufferedRegion: 
    Dimension: 3
    Index: [0, 0, 0]
    Size: [224, 320, 320]
  RequestedRegion: 
    Dimension: 3
    Index: [0, 0, 0]
    Size: [224, 320, 320]
  Spacing: [0.7, 0.7, 0.7]
  Origin: [-74.3315, 72.2492, -91.4647]
  Direction: 
1 0 0
0 -1 0
0 0 1

  IndexToPointMatrix: 
0.7 0 0
0 -0.7 0
0 0 0.7

  PointToIndexMatrix: 
1.42857 0 0
0 -1.42857 0
0 0 1.42857

  Inverse Direction: 
1 0 0
0 -1 0
0 0 1

  PixelContainer: 
    ImportImageContainer (0x2c466b0)
      RTTI typeinfo:   itk::ImportImageContainer<unsigned long, double>
      Reference Count: 1
      Modified Time: 1693
      Debug: Off
      Object Name: 
      Observers: 
        none
      Pointer: 0x2af2f3e0e010
      Container manages memory: true
      Size: 22937600
      Capacity: 22937600

     Weighting = 1
     Sampling strategy = regular
     Number of bins = 32
     Radius = 4
     Sampling percentage  = 0.25
   Transform = Rigid
     Gradient step = 0.1
     Update field sigma (voxel space) = 0
     Total field sigma (voxel space) = 0
     Update field time sigma = 0
     Total field time sigma  = 0
     Number of time indices = 0
     Number of time point samples = 0
Stage 2 State
   Image metric = Mattes
     Fixed image = Image (0x2c55060)
  RTTI typeinfo:   itk::Image<double, 3u>
  Reference Count: 2
  Modified Time: 2130
  Debug: Off
  Object Name: 
  Observers: 
    none
  Source: (none)
  Source output name: (none)
  Release Data: Off
  Data Released: False
  Global Release Data: Off
  PipelineMTime: 0
  UpdateMTime: 1913
  RealTimeStamp: 0 seconds 
  LargestPossibleRegion: 
    Dimension: 3
    Index: [0, 0, 0]
    Size: [384, 301, 288]
  BufferedRegion: 
    Dimension: 3
    Index: [0, 0, 0]
    Size: [384, 301, 288]
  RequestedRegion: 
    Dimension: 3
    Index: [0, 0, 0]
    Size: [384, 301, 288]
  Spacing: [0.598958, 0.598958, 0.599937]
  Origin: [83.4012, -147.626, 85.1783]
  Direction: 
-0 0 -1
1 -0 0
0 -1 0

  IndexToPointMatrix: 
0 0 -0.599937
0.598958 0 0
0 -0.598958 0

  PointToIndexMatrix: 
0 1.66957 0
0 0 -1.66957
-1.66684 0 0

  Inverse Direction: 
0 1 0
0 0 -1
-1 0 0

  PixelContainer: 
    ImportImageContainer (0x2c49140)
      RTTI typeinfo:   itk::ImportImageContainer<unsigned long, double>
      Reference Count: 1
      Modified Time: 1910
      Debug: Off
      Object Name: 
      Observers: 
        none
      Pointer: 0x2af2fed0f010
      Container manages memory: true
      Size: 33288192
      Capacity: 33288192

     Moving image = Image (0x2c56e80)
  RTTI typeinfo:   itk::Image<double, 3u>
  Reference Count: 2
  Modified Time: 2131
  Debug: Off
  Object Name: 
  Observers: 
    none
  Source: (none)
  Source output name: (none)
  Release Data: Off
  Data Released: False
  Global Release Data: Off
  PipelineMTime: 0
  UpdateMTime: 2128
  RealTimeStamp: 0 seconds 
  LargestPossibleRegion: 
    Dimension: 3
    Index: [0, 0, 0]
    Size: [224, 320, 320]
  BufferedRegion: 
    Dimension: 3
    Index: [0, 0, 0]
    Size: [224, 320, 320]
  RequestedRegion: 
    Dimension: 3
    Index: [0, 0, 0]
    Size: [224, 320, 320]
  Spacing: [0.7, 0.7, 0.7]
  Origin: [-74.3315, 72.2492, -91.4647]
  Direction: 
1 0 0
0 -1 0
0 0 1

  IndexToPointMatrix: 
0.7 0 0
0 -0.7 0
0 0 0.7

  PointToIndexMatrix: 
1.42857 0 0
0 -1.42857 0
0 0 1.42857

  Inverse Direction: 
1 0 0
0 -1 0
0 0 1

  PixelContainer: 
    ImportImageContainer (0x2c51540)
      RTTI typeinfo:   itk::ImportImageContainer<unsigned long, double>
      Reference Count: 1
      Modified Time: 2125
      Debug: Off
      Object Name: 
      Observers: 
        none
      Pointer: 0x2af30eb08010
      Container manages memory: true
      Size: 22937600
      Capacity: 22937600

     Weighting = 1
     Sampling strategy = regular
     Number of bins = 32
     Radius = 4
     Sampling percentage  = 0.25
   Transform = Affine
     Gradient step = 0.1
     Update field sigma (voxel space) = 0
     Total field sigma (voxel space) = 0
     Update field time sigma = 0
     Total field time sigma  = 0
     Number of time indices = 0
     Number of time point samples = 0
Registration using 2 total stages.

Stage 0
  iterations = 1000x500x250x100
  convergence threshold = 1e-06
  convergence window size = 10
  number of levels = 4
  using the Mattes MI metric (number of bins = 32, weight = 1)
  preprocessing:  winsorizing the image intensities
  preprocessing:  histogram matching the images
  Shrink factors (level 1 out of 4): [8, 8, 8]
  Shrink factors (level 2 out of 4): [4, 4, 4]
  Shrink factors (level 3 out of 4): [2, 2, 2]
  Shrink factors (level 4 out of 4): [1, 1, 1]
  smoothing sigmas per level: [3, 2, 1, 0]
  regular sampling (percentage = 0.25)

*** Running Euler3DTransform registration ***

DIAGNOSTIC,Iteration,metricValue,convergenceValue,ITERATION_TIME_INDEX,SINCE_LAST
 2DIAGNOSTIC,     1, -2.839421280422e-01, 1.797693134862e+308, 2.1584e+00, 2.1584e+00, 
 2DIAGNOSTIC,     2, -2.844018272587e-01, 1.797693134862e+308, 2.1815e+00, 2.3050e-02, 
 2DIAGNOSTIC,     3, -2.847412807824e-01, 1.797693134862e+308, 2.2049e+00, 2.3433e-02, 
 2DIAGNOSTIC,     4, -2.859744448621e-01, 1.797693134862e+308, 2.2304e+00, 2.5547e-02, 
 2DIAGNOSTIC,     5, -2.881307489341e-01, 1.797693134862e+308, 2.2543e+00, 2.3905e-02, 
 2DIAGNOSTIC,     6, -2.915860945471e-01, 1.797693134862e+308, 2.2778e+00, 2.3438e-02, 
 2DIAGNOSTIC,     7, -2.982541382844e-01, 1.797693134862e+308, 2.3013e+00, 2.3560e-02, 
 2DIAGNOSTIC,     8, -3.120394814997e-01, 1.797693134862e+308, 2.3253e+00, 2.3967e-02, 
 2DIAGNOSTIC,     9, -3.441270869215e-01, 1.797693134862e+308, 2.3533e+00, 2.7997e-02, 
 2DIAGNOSTIC,    10, -3.978081464636e-01, 1.772646541381e-02, 2.3848e+00, 3.1486e-02, 
 2DIAGNOSTIC,    11, -4.054240263101e-01, 2.231244308699e-02, 2.4094e+00, 2.4652e-02, 
 2DIAGNOSTIC,    12, -4.181181781107e-01, 2.492739076753e-02, 2.4380e+00, 2.8514e-02, 
 2DIAGNOSTIC,    13, -4.449565977289e-01, 2.647784072588e-02, 2.4664e+00, 2.8438e-02, 
 2DIAGNOSTIC,    14, -4.667369476204e-01, 2.656607113949e-02, 2.4981e+00, 3.1684e-02, 
 2DIAGNOSTIC,    15, -4.696511366778e-01, 2.447942046348e-02, 2.5223e+00, 2.4227e-02, 
 2DIAGNOSTIC,    16, -4.702758654091e-01, 2.077142166230e-02, 2.5500e+00, 2.7683e-02, 
 2DIAGNOSTIC,    17, -4.706649116926e-01, 1.610919726655e-02, 2.5778e+00, 2.7850e-02, 
 2DIAGNOSTIC,    18, -4.710359192792e-01, 1.121041488066e-02, 2.6092e+00, 3.1367e-02, 
 2DIAGNOSTIC,    19, -4.713683758313e-01, 7.150730225431e-03, 2.6374e+00, 2.8162e-02, 
 2DIAGNOSTIC,    20, -4.715418977395e-01, 4.951267568618e-03, 2.6619e+00, 2.4525e-02, 
 2DIAGNOSTIC,    21, -4.729605088018e-01, 2.878691311215e-03, 2.6894e+00, 2.7466e-02, 
 2DIAGNOSTIC,    22, -4.738653416336e-01, 1.202659885915e-03, 2.7166e+00, 2.7236e-02, 
 2DIAGNOSTIC,    23, -4.740124202896e-01, 4.194602880196e-04, 2.7440e+00, 2.7367e-02, 
 2DIAGNOSTIC,    24, -4.743083013594e-01, 3.326203197689e-04, 2.7710e+00, 2.7049e-02, 
 2DIAGNOSTIC,    25, -4.743622888993e-01, 3.072826729138e-04, 2.7950e+00, 2.3998e-02, 
 2DIAGNOSTIC,    26, -4.744291945536e-01, 2.737757381862e-04, 2.8187e+00, 2.3732e-02, 
 2DIAGNOSTIC,    27, -4.754575712297e-01, 2.539005173161e-04, 2.8427e+00, 2.3937e-02, 
 2DIAGNOSTIC,    28, -4.754888264482e-01, 2.215392419126e-04, 2.8772e+00, 3.4517e-02, 
 2DIAGNOSTIC,    29, -4.761934856018e-01, 1.966441924482e-04, 2.9042e+00, 2.7031e-02, 
 2DIAGNOSTIC,    30, -4.762961079430e-01, 1.608783970051e-04, 2.9316e+00, 2.7347e-02, 
 2DIAGNOSTIC,    31, -4.764530281519e-01, 1.471489184065e-04, 2.9628e+00, 3.1227e-02, 
 2DIAGNOSTIC,    32, -4.768296404289e-01, 1.477509869586e-04, 2.9910e+00, 2.8147e-02, 
 2DIAGNOSTIC,    33, -4.773261703881e-01, 1.472747932646e-04, 3.0147e+00, 2.3790e-02, 
 2DIAGNOSTIC,    34, -4.773513131333e-01, 1.393272910835e-04, 3.0517e+00, 3.7000e-02, 
 2DIAGNOSTIC,    35, -4.773728040660e-01, 1.205947623622e-04, 3.0750e+00, 2.3290e-02, 
 2DIAGNOSTIC,    36, -4.773115200722e-01, 9.154530745197e-05, 3.1017e+00, 2.6704e-02, 
 2DIAGNOSTIC,    37, -4.773226558804e-01, 7.452027651852e-05, 3.1252e+00, 2.3508e-02, 
 2DIAGNOSTIC,    38, -4.773165036425e-01, 5.148277961996e-05, 3.1494e+00, 2.4130e-02, 
 2DIAGNOSTIC,    39, -4.773004949248e-01, 3.673546712162e-05, 3.1808e+00, 3.1385e-02, 
 2DIAGNOSTIC,    40, -4.773601774062e-01, 2.223243623794e-05, 3.2094e+00, 2.8655e-02, 
 2DIAGNOSTIC,    41, -4.773418261780e-01, 8.629005783013e-06, 3.2348e+00, 2.5413e-02, 
DIAGNOSTIC,Iteration,metricValue,convergenceValue,ITERATION_TIME_INDEX,SINCE_LAST
 2DIAGNOSTIC,     1, -4.021468274747e-01, 1.797693134862e+308, 5.5202e+00, 2.2854e+00, 
 2DIAGNOSTIC,     2, -4.024097777483e-01, 1.797693134862e+308, 5.7301e+00, 2.0986e-01, 
 2DIAGNOSTIC,     3, -4.025571612732e-01, 1.797693134862e+308, 5.9061e+00, 1.7603e-01, 
 2DIAGNOSTIC,     4, -4.026125270248e-01, 1.797693134862e+308, 6.0827e+00, 1.7659e-01, 
 2DIAGNOSTIC,     5, -4.027355054965e-01, 1.797693134862e+308, 6.2599e+00, 1.7719e-01, 
 2DIAGNOSTIC,     6, -4.029285742347e-01, 1.797693134862e+308, 6.4808e+00, 2.2095e-01, 
 2DIAGNOSTIC,     7, -4.037646425299e-01, 1.797693134862e+308, 6.7626e+00, 2.8184e-01, 
 2DIAGNOSTIC,     8, -4.037786671323e-01, 1.797693134862e+308, 6.9916e+00, 2.2892e-01, 
 2DIAGNOSTIC,     9, -4.037835392557e-01, 1.797693134862e+308, 7.1695e+00, 1.7790e-01, 
 2DIAGNOSTIC,    10, -4.037891439613e-01, 3.042647770273e-04, 7.3704e+00, 2.0093e-01, 
 2DIAGNOSTIC,    11, -4.037884327636e-01, 2.530039899219e-04, 7.5752e+00, 2.0480e-01, 
 2DIAGNOSTIC,    12, -4.037928430336e-01, 2.026274929591e-04, 7.7790e+00, 2.0384e-01, 
 2DIAGNOSTIC,    13, -4.038088783078e-01, 1.507969524001e-04, 7.9830e+00, 2.0396e-01, 
 2DIAGNOSTIC,    14, -4.038147758617e-01, 9.658932088577e-05, 8.1883e+00, 2.0527e-01, 
 2DIAGNOSTIC,    15, -4.038170750882e-01, 4.711820561962e-05, 8.3683e+00, 1.8006e-01, 
 2DIAGNOSTIC,    16, -4.038193035765e-01, 7.279152602194e-06, 8.5721e+00, 2.0377e-01, 
 2DIAGNOSTIC,    17, -4.038228939481e-01, 6.433582345457e-06, 8.7755e+00, 2.0338e-01, 
 2DIAGNOSTIC,    18, -4.038200406150e-01, 5.681198212003e-06, 8.9782e+00, 2.0274e-01, 
 2DIAGNOSTIC,    19, -4.038191675832e-01, 4.789998737834e-06, 9.1815e+00, 2.0327e-01, 
 2DIAGNOSTIC,    20, -4.038142532595e-01, 3.734063720694e-06, 9.3842e+00, 2.0272e-01, 
 2DIAGNOSTIC,    21, -4.038133004788e-01, 2.529696588129e-06, 9.5617e+00, 1.7750e-01, 
 2DIAGNOSTIC,    22, -4.038315881602e-01, 2.052432156528e-06, 9.7654e+00, 2.0364e-01, 
 2DIAGNOSTIC,    23, -4.038352951349e-01, 2.143816984435e-06, 9.9964e+00, 2.3104e-01, 
 2DIAGNOSTIC,    24, -4.038420800052e-01, 2.533339756722e-06, 1.0282e+01, 2.8592e-01, 
 2DIAGNOSTIC,    25, -4.038454410469e-01, 2.942646617446e-06, 1.0486e+01, 2.0385e-01, 
 2DIAGNOSTIC,    26, -4.038410180288e-01, 3.100220240498e-06, 1.0663e+01, 1.7710e-01, 
 2DIAGNOSTIC,    27, -4.038405552872e-01, 3.149710784744e-06, 1.0868e+01, 2.0427e-01, 
 2DIAGNOSTIC,    28, -4.038386311810e-01, 2.884801156677e-06, 1.1076e+01, 2.0817e-01, 
 2DIAGNOSTIC,    29, -4.038343865753e-01, 2.355238660878e-06, 1.1287e+01, 2.1125e-01, 
 2DIAGNOSTIC,    30, -4.038324849528e-01, 1.589922208681e-06, 1.1465e+01, 1.7757e-01, 
DIAGNOSTIC,Iteration,metricValue,convergenceValue,ITERATION_TIME_INDEX,SINCE_LAST
 2DIAGNOSTIC,     1, -3.389328342883e-01, 1.797693134862e+308, 1.5362e+01, 3.8978e+00, 
 2DIAGNOSTIC,     2, -3.390302114885e-01, 1.797693134862e+308, 1.6667e+01, 1.3042e+00, 
 2DIAGNOSTIC,     3, -3.391080892361e-01, 1.797693134862e+308, 1.7960e+01, 1.2939e+00, 
 2DIAGNOSTIC,     4, -3.392446255209e-01, 1.797693134862e+308, 1.9259e+01, 1.2990e+00, 
 2DIAGNOSTIC,     5, -3.395798450693e-01, 1.797693134862e+308, 2.1126e+01, 1.8666e+00, 
 2DIAGNOSTIC,     6, -3.396807087562e-01, 1.797693134862e+308, 2.2811e+01, 1.6855e+00, 
 2DIAGNOSTIC,     7, -3.396889786627e-01, 1.797693134862e+308, 2.4314e+01, 1.5022e+00, 
 2DIAGNOSTIC,     8, -3.396875100102e-01, 1.797693134862e+308, 2.5624e+01, 1.3107e+00, 
 2DIAGNOSTIC,     9, -3.397023047757e-01, 1.797693134862e+308, 2.6915e+01, 1.2910e+00, 
 2DIAGNOSTIC,    10, -3.397236773314e-01, 1.713867649109e-04, 2.8405e+01, 1.4895e+00, 
 2DIAGNOSTIC,    11, -3.397420731012e-01, 1.263942723164e-04, 2.9700e+01, 1.2956e+00, 
 2DIAGNOSTIC,    12, -3.397600421320e-01, 8.618274282784e-05, 3.1188e+01, 1.4880e+00, 
 2DIAGNOSTIC,    13, -3.397696051147e-01, 5.036477430083e-05, 3.3453e+01, 2.2644e+00, 
 2DIAGNOSTIC,    14, -3.397715485929e-01, 2.309620698901e-05, 3.5518e+01, 2.0651e+00, 
 2DIAGNOSTIC,    15, -3.397726912592e-01, 1.617004971592e-05, 3.7190e+01, 1.6724e+00, 
 2DIAGNOSTIC,    16, -3.397733180611e-01, 1.411420248189e-05, 3.9060e+01, 1.8697e+00, 
 2DIAGNOSTIC,    17, -3.397721344833e-01, 1.154233632378e-05, 4.0353e+01, 1.2928e+00, 
 2DIAGNOSTIC,    18, -3.397716778039e-01, 8.271584402642e-06, 4.1836e+01, 1.4835e+00, 
 2DIAGNOSTIC,    19, -3.397717670033e-01, 5.391139970827e-06, 4.3127e+01, 1.2906e+00, 
 2DIAGNOSTIC,    20, -3.397707812300e-01, 3.297819278374e-06, 4.4614e+01, 1.4873e+00, 
 2DIAGNOSTIC,    21, -3.397709217131e-01, 1.969448148724e-06, 4.6092e+01, 1.4782e+00, 
 2DIAGNOSTIC,    22, -3.397704714168e-01, 1.377251896001e-06, 4.7382e+01, 1.2895e+00, 
 2DIAGNOSTIC,    23, -3.397705820189e-01, 1.194243630660e-06, 4.9221e+01, 1.8395e+00, 
 2DIAGNOSTIC,    24, -3.397706083410e-01, 1.111292767100e-06, 5.0686e+01, 1.4647e+00, 
 2DIAGNOSTIC,    25, -3.397703626856e-01, 1.084135904848e-06, 5.1966e+01, 1.2798e+00, 
 2DIAGNOSTIC,    26, -3.397701289291e-01, 1.090826791943e-06, 5.3438e+01, 1.4718e+00, 
 2DIAGNOSTIC,    27, -3.397701490380e-01, 1.073775860574e-06, 5.4915e+01, 1.4769e+00, 
 2DIAGNOSTIC,    28, -3.397696639903e-01, 1.039093170223e-06, 5.6403e+01, 1.4889e+00, 
 2DIAGNOSTIC,    29, -3.397694184031e-01, 1.012439219919e-06, 5.7910e+01, 1.5061e+00, 
DIAGNOSTIC,Iteration,metricValue,convergenceValue,ITERATION_TIME_INDEX,SINCE_LAST
 2DIAGNOSTIC,     1, -3.008446722507e-01, 1.797693134862e+308, 7.0273e+01, 1.2364e+01, 
 2DIAGNOSTIC,     2, -3.009134458786e-01, 1.797693134862e+308, 8.0262e+01, 9.9886e+00, 
 2DIAGNOSTIC,     3, -3.009324307511e-01, 1.797693134862e+308, 9.1451e+01, 1.1189e+01, 
 2DIAGNOSTIC,     4, -3.009322933682e-01, 1.797693134862e+308, 1.0138e+02, 9.9245e+00, 
 2DIAGNOSTIC,     5, -3.009325230097e-01, 1.797693134862e+308, 1.1131e+02, 9.9316e+00, 
 2DIAGNOSTIC,     6, -3.009334405316e-01, 1.797693134862e+308, 1.2129e+02, 9.9875e+00, 
 2DIAGNOSTIC,     7, -3.009330045143e-01, 1.797693134862e+308, 1.3129e+02, 9.9951e+00, 
 2DIAGNOSTIC,     8, -3.009328599200e-01, 1.797693134862e+308, 1.4011e+02, 8.8174e+00, 
 2DIAGNOSTIC,     9, -3.009331092443e-01, 1.797693134862e+308, 1.4882e+02, 8.7082e+00, 
 2DIAGNOSTIC,    10, -3.009339608079e-01, 1.331044930916e-05, 1.5748e+02, 8.6684e+00, 
 2DIAGNOSTIC,    11, -3.009390804860e-01, 5.264131432134e-06, 1.6617e+02, 8.6878e+00, 
 2DIAGNOSTIC,    12, -3.009484616170e-01, 4.444596638148e-06, 1.7486e+02, 8.6851e+00, 
 2DIAGNOSTIC,    13, -3.009694362874e-01, 6.479961461914e-06, 1.8477e+02, 9.9159e+00, 
 2DIAGNOSTIC,    14, -3.010056554309e-01, 1.026424488254e-05, 1.9729e+02, 1.2521e+01, 
 2DIAGNOSTIC,    15, -3.010200178481e-01, 1.368890373928e-05, 2.0727e+02, 9.9745e+00, 
 2DIAGNOSTIC,    16, -3.010348292484e-01, 1.656808972840e-05, 2.1853e+02, 1.1260e+01, 
 2DIAGNOSTIC,    17, -3.010399903234e-01, 1.803451393664e-05, 2.2965e+02, 1.1124e+01, 
 2DIAGNOSTIC,    18, -3.010407563023e-01, 1.786830801837e-05, 2.4581e+02, 1.6156e+01, 
 2DIAGNOSTIC,    19, -3.010410349612e-01, 1.624035770054e-05, 2.5573e+02, 9.9222e+00, 
 2DIAGNOSTIC,    20, -3.010411346304e-01, 1.346475343117e-05, 2.6566e+02, 9.9249e+00, 
 2DIAGNOSTIC,    21, -3.010411104774e-01, 1.008845420940e-05, 2.8071e+02, 1.5058e+01, 
 2DIAGNOSTIC,    22, -3.010410764659e-01, 6.616900065419e-06, 2.9077e+02, 1.0056e+01, 
 2DIAGNOSTIC,    23, -3.010408431272e-01, 3.788183219139e-06, 3.0081e+02, 1.0036e+01, 
 2DIAGNOSTIC,    24, -3.010406954444e-01, 2.383113643555e-06, 3.1077e+02, 9.9653e+00, 
 2DIAGNOSTIC,    25, -3.010405488411e-01, 1.514838729226e-06, 3.2079e+02, 1.0023e+01, 
 2DIAGNOSTIC,    26, -3.010405991458e-01, 1.225420549630e-06, 3.3081e+02, 1.0017e+01, 
 2DIAGNOSTIC,    27, -3.010405236995e-01, 1.134405403683e-06, 3.4076e+02, 9.9482e+00, 
 2DIAGNOSTIC,    28, -3.010405468596e-01, 1.080577458887e-06, 3.4957e+02, 8.8113e+00, 
 2DIAGNOSTIC,    29, -3.010406911647e-01, 1.049476613772e-06, 3.5949e+02, 9.9200e+00, 
 2DIAGNOSTIC,    30, -3.010404746556e-01, 1.021092336448e-06, 3.7066e+02, 1.1169e+01, 
  Elapsed time (stage 0): 3.7749e+02


Stage 1
  iterations = 1000x500x250x100
  convergence threshold = 1.0000e-06
  convergence window size = 10
  number of levels = 4
  using the Mattes MI metric (number of bins = 32, weight = 1.0000e+00)
  preprocessing:  winsorizing the image intensities
  preprocessing:  histogram matching the images
  Shrink factors (level 1 out of 4): [8, 8, 8]
  Shrink factors (level 2 out of 4): [4, 4, 4]
  Shrink factors (level 3 out of 4): [2, 2, 2]
  Shrink factors (level 4 out of 4): [1, 1, 1]
  smoothing sigmas per level: [3, 2, 1, 0]
  regular sampling (percentage = 2.5000e-01)

*** Running AffineTransform registration ***

DIAGNOSTIC,Iteration,metricValue,convergenceValue,ITERATION_TIME_INDEX,SINCE_LAST
 2DIAGNOSTIC,     1, -4.836600863322e-01, 1.797693134862e+308, 2.0576e+00, 2.0576e+00, 
 2DIAGNOSTIC,     2, -4.863062374284e-01, 1.797693134862e+308, 2.0838e+00, 2.6142e-02, 
 2DIAGNOSTIC,     3, -4.912457486125e-01, 1.797693134862e+308, 2.1098e+00, 2.5989e-02, 
 2DIAGNOSTIC,     4, -4.988641075303e-01, 1.797693134862e+308, 2.1356e+00, 2.5782e-02, 
 2DIAGNOSTIC,     5, -5.100218944889e-01, 1.797693134862e+308, 2.1613e+00, 2.5799e-02, 
 2DIAGNOSTIC,     6, -5.242216335604e-01, 1.797693134862e+308, 2.1874e+00, 2.6058e-02, 
 2DIAGNOSTIC,     7, -5.480936655349e-01, 1.797693134862e+308, 2.2164e+00, 2.8947e-02, 
 2DIAGNOSTIC,     8, -5.637734614918e-01, 1.797693134862e+308, 2.2511e+00, 3.4782e-02, 
 2DIAGNOSTIC,     9, -5.646190214874e-01, 1.797693134862e+308, 2.2761e+00, 2.4954e-02, 
 2DIAGNOSTIC,    10, -5.655137751407e-01, 1.229797944350e-02, 2.3012e+00, 2.5138e-02, 
 2DIAGNOSTIC,    11, -5.664312171483e-01, 1.078856343537e-02, 2.3259e+00, 2.4688e-02, 
 2DIAGNOSTIC,    12, -5.674366123964e-01, 8.730863956420e-03, 2.3504e+00, 2.4483e-02, 
 2DIAGNOSTIC,    13, -5.681837965062e-01, 6.449409907786e-03, 2.3850e+00, 3.4563e-02, 
 2DIAGNOSTIC,    14, -5.682428396260e-01, 4.227535030566e-03, 2.4129e+00, 2.7924e-02, 
 2DIAGNOSTIC,    15, -5.682874719041e-01, 2.333323427027e-03, 2.4375e+00, 2.4656e-02, 
 2DIAGNOSTIC,    16, -5.684408071900e-01, 9.309206924143e-04, 2.4622e+00, 2.4664e-02, 
 2DIAGNOSTIC,    17, -5.685951691177e-01, 3.437131172436e-04, 2.4903e+00, 2.8071e-02, 
 2DIAGNOSTIC,    18, -5.689520782925e-01, 2.588008272613e-04, 2.5367e+00, 4.6406e-02, 
 2DIAGNOSTIC,    19, -5.689536489227e-01, 1.825142403296e-04, 2.5645e+00, 2.7793e-02, 
 2DIAGNOSTIC,    20, -5.689691210426e-01, 1.211937611391e-04, 2.5926e+00, 2.8129e-02, 
 2DIAGNOSTIC,    21, -5.689586799091e-01, 7.685786172321e-05, 2.6174e+00, 2.4747e-02, 
 2DIAGNOSTIC,    22, -5.689560312377e-01, 5.276181500953e-05, 2.6483e+00, 3.0967e-02, 
 2DIAGNOSTIC,    23, -5.689431784019e-01, 4.246572553549e-05, 2.6735e+00, 2.5136e-02, 
 2DIAGNOSTIC,    24, -5.689130140096e-01, 2.987849261966e-05, 2.6984e+00, 2.4979e-02, 
 2DIAGNOSTIC,    25, -5.689383955700e-01, 1.718126123450e-05, 2.7265e+00, 2.8024e-02, 
 2DIAGNOSTIC,    26, -5.689053204676e-01, 6.361347631129e-06, 2.7545e+00, 2.8064e-02, 
DIAGNOSTIC,Iteration,metricValue,convergenceValue,ITERATION_TIME_INDEX,SINCE_LAST
 2DIAGNOSTIC,     1, -4.788293539439e-01, 1.797693134862e+308, 5.0250e+00, 2.2705e+00, 
 2DIAGNOSTIC,     2, -4.794492463876e-01, 1.797693134862e+308, 5.2115e+00, 1.8648e-01, 
 2DIAGNOSTIC,     3, -4.801158048738e-01, 1.797693134862e+308, 5.4035e+00, 1.9200e-01, 
 2DIAGNOSTIC,     4, -4.809211309178e-01, 1.797693134862e+308, 5.5911e+00, 1.8762e-01, 
 2DIAGNOSTIC,     5, -4.814108780292e-01, 1.797693134862e+308, 5.7787e+00, 1.8760e-01, 
 2DIAGNOSTIC,     6, -4.816716553877e-01, 1.797693134862e+308, 6.0188e+00, 2.4008e-01, 
 2DIAGNOSTIC,     7, -4.818308553240e-01, 1.797693134862e+308, 6.2056e+00, 1.8687e-01, 
 2DIAGNOSTIC,     8, -4.820430528093e-01, 1.797693134862e+308, 6.3936e+00, 1.8796e-01, 
 2DIAGNOSTIC,     9, -4.824628123123e-01, 1.797693134862e+308, 6.7131e+00, 3.1953e-01, 
 2DIAGNOSTIC,    10, -4.824909879698e-01, 4.825675343202e-04, 6.9270e+00, 2.1392e-01, 
 2DIAGNOSTIC,    11, -4.825170381023e-01, 3.543703471117e-04, 7.1422e+00, 2.1511e-01, 
 2DIAGNOSTIC,    12, -4.825107528802e-01, 2.463024501185e-04, 7.3354e+00, 1.9321e-01, 
 2DIAGNOSTIC,    13, -4.825554334285e-01, 1.643926573285e-04, 7.5567e+00, 2.2130e-01, 
 2DIAGNOSTIC,    14, -4.825885829042e-01, 1.141259113002e-04, 7.7449e+00, 1.8818e-01, 
 2DIAGNOSTIC,    15, -4.826422110204e-01, 8.155523939847e-05, 7.9322e+00, 1.8734e-01, 
 2DIAGNOSTIC,    16, -4.826794323355e-01, 5.691488737888e-05, 8.1482e+00, 2.1604e-01, 
 2DIAGNOSTIC,    17, -4.827465969837e-01, 3.795803280430e-05, 8.3383e+00, 1.9009e-01, 
 2DIAGNOSTIC,    18, -4.828706814262e-01, 2.838179547288e-05, 8.5967e+00, 2.5841e-01, 
 2DIAGNOSTIC,    19, -4.829448071392e-01, 3.256807509280e-05, 8.8890e+00, 2.9225e-01, 
 2DIAGNOSTIC,    20, -4.829294954725e-01, 3.382066704438e-05, 9.1046e+00, 2.1558e-01, 
 2DIAGNOSTIC,    21, -4.829270951874e-01, 3.271510358580e-05, 9.3192e+00, 2.1468e-01, 
 2DIAGNOSTIC,    22, -4.829304065675e-01, 2.870036934510e-05, 9.5338e+00, 2.1454e-01, 
 2DIAGNOSTIC,    23, -4.829328393778e-01, 2.362451374445e-05, 9.7473e+00, 2.1353e-01, 
 2DIAGNOSTIC,    24, -4.829302846326e-01, 1.759715042473e-05, 9.9880e+00, 2.4070e-01, 
 2DIAGNOSTIC,    25, -4.829335698101e-01, 1.191225311855e-05, 1.0201e+01, 2.1320e-01, 
 2DIAGNOSTIC,    26, -4.829250716373e-01, 6.333820617987e-06, 1.0415e+01, 2.1364e-01, 
 2DIAGNOSTIC,    27, -4.829237289973e-01, 2.065470018117e-06, 1.0603e+01, 1.8825e-01, 
DIAGNOSTIC,Iteration,metricValue,convergenceValue,ITERATION_TIME_INDEX,SINCE_LAST
 2DIAGNOSTIC,     1, -4.073946828323e-01, 1.797693134862e+308, 1.4562e+01, 3.9588e+00, 
 2DIAGNOSTIC,     2, -4.078312201157e-01, 1.797693134862e+308, 1.5976e+01, 1.4145e+00, 
 2DIAGNOSTIC,     3, -4.082320342018e-01, 1.797693134862e+308, 1.7354e+01, 1.3776e+00, 
 2DIAGNOSTIC,     4, -4.085528486705e-01, 1.797693134862e+308, 1.8742e+01, 1.3879e+00, 
 2DIAGNOSTIC,     5, -4.089164981718e-01, 1.797693134862e+308, 2.0321e+01, 1.5796e+00, 
 2DIAGNOSTIC,     6, -4.092116588462e-01, 1.797693134862e+308, 2.2475e+01, 2.1537e+00, 
 2DIAGNOSTIC,     7, -4.092621815907e-01, 1.797693134862e+308, 2.4049e+01, 1.5734e+00, 
 2DIAGNOSTIC,     8, -4.093224431006e-01, 1.797693134862e+308, 2.5432e+01, 1.3831e+00, 
 2DIAGNOSTIC,     9, -4.093696555632e-01, 1.797693134862e+308, 2.6999e+01, 1.5673e+00, 
 2DIAGNOSTIC,    10, -4.093820561250e-01, 3.144670514321e-04, 2.8571e+01, 1.5719e+00, 
 2DIAGNOSTIC,    11, -4.093873472984e-01, 2.134916753338e-04, 3.0143e+01, 1.5720e+00, 
 2DIAGNOSTIC,    12, -4.094054277136e-01, 1.366409431098e-04, 3.1520e+01, 1.3775e+00, 
 2DIAGNOSTIC,    13, -4.094217173878e-01, 8.174480102388e-05, 3.3094e+01, 1.5735e+00, 
 2DIAGNOSTIC,    14, -4.094578505657e-01, 4.485692473945e-05, 3.4662e+01, 1.5685e+00, 
 2DIAGNOSTIC,    15, -4.094689196056e-01, 2.600397914741e-05, 3.6046e+01, 1.3839e+00, 
 2DIAGNOSTIC,    16, -4.094825034852e-01, 2.073921596746e-05, 3.7430e+01, 1.3840e+00, 
 2DIAGNOSTIC,    17, -4.095402146565e-01, 1.875087726333e-05, 3.8819e+01, 1.3883e+00, 
 2DIAGNOSTIC,    18, -4.096424601743e-01, 2.158470911878e-05, 4.0201e+01, 1.3820e+00, 
 2DIAGNOSTIC,    19, -4.097699559869e-01, 2.857181193153e-05, 4.2722e+01, 2.5218e+00, 
 2DIAGNOSTIC,    20, -4.097838377319e-01, 3.322022628500e-05, 4.4488e+01, 1.7653e+00, 
 2DIAGNOSTIC,    21, -4.097841814102e-01, 3.475100712447e-05, 4.5866e+01, 1.3783e+00, 
 2DIAGNOSTIC,    22, -4.097914785724e-01, 3.387152391660e-05, 4.7235e+01, 1.3694e+00, 
 2DIAGNOSTIC,    23, -4.098007389302e-01, 3.071360993378e-05, 4.8610e+01, 1.3742e+00, 
 2DIAGNOSTIC,    24, -4.098128959084e-01, 2.641037313185e-05, 5.0172e+01, 1.5625e+00, 
 2DIAGNOSTIC,    25, -4.098179532869e-01, 2.057625125897e-05, 5.1552e+01, 1.3801e+00, 
 2DIAGNOSTIC,    26, -4.098291105130e-01, 1.408294265261e-05, 5.2922e+01, 1.3699e+00, 
 2DIAGNOSTIC,    27, -4.098466404454e-01, 8.759407073726e-06, 5.4293e+01, 1.3713e+00, 
 2DIAGNOSTIC,    28, -4.099502476861e-01, 8.106967433391e-06, 5.7651e+01, 3.3571e+00, 
 2DIAGNOSTIC,    29, -4.099504504094e-01, 9.824309869406e-06, 5.9228e+01, 1.5777e+00, 
 2DIAGNOSTIC,    30, -4.099497164671e-01, 1.094288000124e-05, 6.0790e+01, 1.5613e+00, 
 2DIAGNOSTIC,    31, -4.099495455406e-01, 1.109222955069e-05, 6.2545e+01, 1.7551e+00, 
 2DIAGNOSTIC,    32, -4.099497771840e-01, 1.042527982667e-05, 6.4147e+01, 1.6026e+00, 
 2DIAGNOSTIC,    33, -4.099492441720e-01, 9.047168037610e-06, 6.5785e+01, 1.6381e+00, 
 2DIAGNOSTIC,    34, -4.099489658756e-01, 7.223435533960e-06, 6.7364e+01, 1.5781e+00, 
 2DIAGNOSTIC,    35, -4.099486904791e-01, 5.033240128290e-06, 6.8737e+01, 1.3739e+00, 
 2DIAGNOSTIC,    36, -4.099487079061e-01, 2.802676651641e-06, 7.0300e+01, 1.5630e+00, 
DIAGNOSTIC,Iteration,metricValue,convergenceValue,ITERATION_TIME_INDEX,SINCE_LAST
 2DIAGNOSTIC,     1, -3.566418151107e-01, 1.797693134862e+308, 8.3362e+01, 1.3061e+01, 
 2DIAGNOSTIC,     2, -3.568806766246e-01, 1.797693134862e+308, 9.2835e+01, 9.4735e+00, 
 2DIAGNOSTIC,     3, -3.569857755774e-01, 1.797693134862e+308, 1.0233e+02, 9.4926e+00, 
 2DIAGNOSTIC,     4, -3.571317756233e-01, 1.797693134862e+308, 1.1434e+02, 1.2012e+01, 
 2DIAGNOSTIC,     5, -3.571895968164e-01, 1.797693134862e+308, 1.2400e+02, 9.6601e+00, 
 2DIAGNOSTIC,     6, -3.572206162824e-01, 1.797693134862e+308, 1.3488e+02, 1.0882e+01, 
 2DIAGNOSTIC,     7, -3.572311497181e-01, 1.797693134862e+308, 1.4439e+02, 9.5032e+00, 
 2DIAGNOSTIC,     8, -3.572432385681e-01, 1.797693134862e+308, 1.5515e+02, 1.0763e+01, 
 2DIAGNOSTIC,     9, -3.572608791609e-01, 1.797693134862e+308, 1.7066e+02, 1.5508e+01, 
 2DIAGNOSTIC,    10, -3.572620933381e-01, 9.746986910843e-05, 1.7995e+02, 9.2927e+00, 
 2DIAGNOSTIC,    11, -3.572681937899e-01, 5.688890796049e-05, 1.8934e+02, 9.3902e+00, 
 2DIAGNOSTIC,    12, -3.572751636061e-01, 3.450094253589e-05, 1.9870e+02, 9.3635e+00, 
 2DIAGNOSTIC,    13, -3.572826301417e-01, 1.936539343290e-05, 2.0800e+02, 9.2994e+00, 
 2DIAGNOSTIC,    14, -3.572930260043e-01, 1.366112950746e-05, 2.1737e+02, 9.3684e+00, 
 2DIAGNOSTIC,    15, -3.573044398041e-01, 1.131009592785e-05, 2.2661e+02, 9.2356e+00, 
 2DIAGNOSTIC,    16, -3.573267926446e-01, 1.106063533292e-05, 2.3592e+02, 9.3112e+00, 
 2DIAGNOSTIC,    17, -3.573379333675e-01, 1.099103773537e-05, 2.5007e+02, 1.4155e+01, 
 2DIAGNOSTIC,    18, -3.573406774197e-01, 1.072269408263e-05, 2.6425e+02, 1.4182e+01, 
 2DIAGNOSTIC,    19, -3.573404980756e-01, 1.039768859252e-05, 2.7486e+02, 1.0610e+01, 
 2DIAGNOSTIC,    20, -3.573402144333e-01, 9.329072332670e-06, 2.8531e+02, 1.0447e+01, 
 2DIAGNOSTIC,    21, -3.573405696951e-01, 7.872698136645e-06, 2.9578e+02, 1.0469e+01, 
 2DIAGNOSTIC,    22, -3.573414961599e-01, 6.233469890059e-06, 3.0743e+02, 1.1647e+01, 
 2DIAGNOSTIC,    23, -3.573426780588e-01, 4.591210472533e-06, 3.1672e+02, 9.2889e+00, 
 2DIAGNOSTIC,    24, -3.573427995155e-01, 3.137151758537e-06, 3.2723e+02, 1.0515e+01, 
 2DIAGNOSTIC,    25, -3.573431669698e-01, 1.990537825833e-06, 3.3774e+02, 1.0504e+01, 
 2DIAGNOSTIC,    26, -3.573433747707e-01, 1.546179459466e-06, 3.5077e+02, 1.3030e+01, 
 2DIAGNOSTIC,    27, -3.573429613045e-01, 1.417329482140e-06, 3.6253e+02, 1.1768e+01, 
 2DIAGNOSTIC,    28, -3.573426150515e-01, 1.343397945941e-06, 3.7313e+02, 1.0593e+01, 
 2DIAGNOSTIC,    29, -3.573426110375e-01, 1.250752040993e-06, 3.8383e+02, 1.0703e+01, 
 2DIAGNOSTIC,    30, -3.573425652355e-01, 1.141080855867e-06, 3.9426e+02, 1.0429e+01, 
 2DIAGNOSTIC,    31, -3.573425274534e-01, 1.038552676746e-06, 4.0473e+02, 1.0471e+01, 
  Elapsed time (stage 1): 4.1224e+02


Total elapsed time: 7.8973e+02

--------------------------------------------------------------------------------------
 Mapping parameters
--------------------------------------------------------------------------------------
 ANTSPATH is /usr/local/software/spack/spack-git/opt/spack/linux-rhel7-broadwell/gcc-5/ants-2.3.4-lj6vm7ccmij4yywr4ynrttcko4aoflqt/bin

 Dimensionality:           3
 Output name prefix:       T1xT2_ANTs
 Fixed images:             /home/ccn30/rds/rds-p00500_encrypt-URQgmO1brZ0/p00500/ENCRYPT_images/26601/T2/N4t2.nii
 Moving images:            /home/ccn30/rds/rds-p00500_encrypt-URQgmO1brZ0/p00500/ENCRYPT_images/26601/mp2rage/n4mag0000_PSIR_skulled_std.nii
 Mask images:              
 Initial transforms:       
 Number of threads:        1
 Spline distance:          26
 Transform type:           a
 MI histogram bins:        32
 Precision:                d
 Use histogram matching    0
======================================================================================
 antsRegistration call:
--------------------------------------------------------------------------------------
/usr/local/software/spack/spack-git/opt/spack/linux-rhel7-broadwell/gcc-5/ants-2.3.4-lj6vm7ccmij4yywr4ynrttcko4aoflqt/bin/antsRegistration --verbose 1 --dimensionality 3 --float 0 --collapse-output-transforms 1 --output [ T1xT2_ANTs,T1xT2_ANTsWarped.nii.gz,T1xT2_ANTsInverseWarped.nii.gz ] --interpolation Linear --use-histogram-matching 0 --winsorize-image-intensities [ 0.005,0.995 ] --initial-moving-transform [ /home/ccn30/rds/rds-p00500_encrypt-URQgmO1brZ0/p00500/ENCRYPT_images/26601/T2/N4t2.nii,/home/ccn30/rds/rds-p00500_encrypt-URQgmO1brZ0/p00500/ENCRYPT_images/26601/mp2rage/n4mag0000_PSIR_skulled_std.nii,1 ] --transform Rigid[ 0.1 ] --metric MI[ /home/ccn30/rds/rds-p00500_encrypt-URQgmO1brZ0/p00500/ENCRYPT_images/26601/T2/N4t2.nii,/home/ccn30/rds/rds-p00500_encrypt-URQgmO1brZ0/p00500/ENCRYPT_images/26601/mp2rage/n4mag0000_PSIR_skulled_std.nii,1,32,Regular,0.25 ] --convergence [ 1000x500x250x0,1e-6,10 ] --shrink-factors 12x8x4x2 --smoothing-sigmas 4x3x2x1vox --transform Affine[ 0.1 ] --metric MI[ /home/ccn30/rds/rds-p00500_encrypt-URQgmO1brZ0/p00500/ENCRYPT_images/26601/T2/N4t2.nii,/home/ccn30/rds/rds-p00500_encrypt-URQgmO1brZ0/p00500/ENCRYPT_images/26601/mp2rage/n4mag0000_PSIR_skulled_std.nii,1,32,Regular,0.25 ] --convergence [ 1000x500x250x0,1e-6,10 ] --shrink-factors 12x8x4x2 --smoothing-sigmas 4x3x2x1vox
--------------------------------------------------------------------------------------
All_Command_lines_OK
Using double precision for computations.
=============================================================================
The composite transform comprises the following transforms (in order): 
  1. Center of mass alignment using fixed image: /home/ccn30/rds/rds-p00500_encrypt-URQgmO1brZ0/p00500/ENCRYPT_images/26601/T2/N4t2.nii and moving image: /home/ccn30/rds/rds-p00500_encrypt-URQgmO1brZ0/p00500/ENCRYPT_images/26601/mp2rage/n4mag0000_PSIR_skulled_std.nii (type = Euler3DTransform)
=============================================================================
  number of levels = 4
  number of levels = 4
  fixed image: /home/ccn30/rds/rds-p00500_encrypt-URQgmO1brZ0/p00500/ENCRYPT_images/26601/T2/N4t2.nii
  moving image: /home/ccn30/rds/rds-p00500_encrypt-URQgmO1brZ0/p00500/ENCRYPT_images/26601/mp2rage/n4mag0000_PSIR_skulled_std.nii
  fixed image: /home/ccn30/rds/rds-p00500_encrypt-URQgmO1brZ0/p00500/ENCRYPT_images/26601/T2/N4t2.nii
  moving image: /home/ccn30/rds/rds-p00500_encrypt-URQgmO1brZ0/p00500/ENCRYPT_images/26601/mp2rage/n4mag0000_PSIR_skulled_std.nii
Dimension = 3
Number of stages = 2
Use Histogram Matching false
Winsorize image intensities true
Lower quantile = 0.005
Upper quantile = 0.995
Stage 1 State
   Image metric = Mattes
     Fixed image = Image (0x3d6e010)
  RTTI typeinfo:   itk::Image<double, 3u>
  Reference Count: 2
  Modified Time: 1709
  Debug: Off
  Object Name: 
  Observers: 
    none
  Source: (none)
  Source output name: (none)
  Release Data: Off
  Data Released: False
  Global Release Data: Off
  PipelineMTime: 0
  UpdateMTime: 1492
  RealTimeStamp: 0 seconds 
  LargestPossibleRegion: 
    Dimension: 3
    Index: [0, 0, 0]
    Size: [512, 512, 54]
  BufferedRegion: 
    Dimension: 3
    Index: [0, 0, 0]
    Size: [512, 512, 54]
  RequestedRegion: 
    Dimension: 3
    Index: [0, 0, 0]
    Size: [512, 512, 54]
  Spacing: [0.4375, 0.4375, 1.1]
  Origin: [-111.419, -41.6351, -101.413]
  Direction: 
0.995042 0.0235528 -0.0966224
0.0994516 -0.23564 0.966738
-1.33502e-06 0.971555 0.236814

  IndexToPointMatrix: 
0.435331 0.0103044 -0.106285
0.0435101 -0.103092 1.06341
-5.84071e-07 0.425055 0.260495

  PointToIndexMatrix: 
2.27438 0.227318 -3.05189e-06
0.053835 -0.538605 2.2207
-0.0878385 0.878853 0.215285

  Inverse Direction: 
0.995042 0.0994516 -1.3352e-06
0.0235528 -0.23564 0.971555
-0.0966224 0.966738 0.236814

  PixelContainer: 
    ImportImageContainer (0x3d68980)
      RTTI typeinfo:   itk::ImportImageContainer<unsigned long, double>
      Reference Count: 1
      Modified Time: 1489
      Debug: Off
      Object Name: 
      Observers: 
        none
      Pointer: 0x2b55ccbf2010
      Container manages memory: true
      Size: 14155776
      Capacity: 14155776

     Moving image = Image (0x3d6bb30)
  RTTI typeinfo:   itk::Image<double, 3u>
  Reference Count: 2
  Modified Time: 1710
  Debug: Off
  Object Name: 
  Observers: 
    none
  Source: (none)
  Source output name: (none)
  Release Data: Off
  Data Released: False
  Global Release Data: Off
  PipelineMTime: 0
  UpdateMTime: 1707
  RealTimeStamp: 0 seconds 
  LargestPossibleRegion: 
    Dimension: 3
    Index: [0, 0, 0]
    Size: [224, 320, 320]
  BufferedRegion: 
    Dimension: 3
    Index: [0, 0, 0]
    Size: [224, 320, 320]
  RequestedRegion: 
    Dimension: 3
    Index: [0, 0, 0]
    Size: [224, 320, 320]
  Spacing: [0.7, 0.7, 0.7]
  Origin: [-74.3315, 72.2492, -91.4647]
  Direction: 
1 0 0
0 -1 0
0 0 1

  IndexToPointMatrix: 
0.7 0 0
0 -0.7 0
0 0 0.7

  PointToIndexMatrix: 
1.42857 0 0
0 -1.42857 0
0 0 1.42857

  Inverse Direction: 
1 0 0
0 -1 0
0 0 1

  PixelContainer: 
    ImportImageContainer (0x3d68780)
      RTTI typeinfo:   itk::ImportImageContainer<unsigned long, double>
      Reference Count: 1
      Modified Time: 1704
      Debug: Off
      Object Name: 
      Observers: 
        none
      Pointer: 0x2b55d37f3010
      Container manages memory: true
      Size: 22937600
      Capacity: 22937600

     Weighting = 1
     Sampling strategy = regular
     Number of bins = 32
     Radius = 4
     Sampling percentage  = 0.25
   Transform = Rigid
     Gradient step = 0.1
     Update field sigma (voxel space) = 0
     Total field sigma (voxel space) = 0
     Update field time sigma = 0
     Total field time sigma  = 0
     Number of time indices = 0
     Number of time point samples = 0
Stage 2 State
   Image metric = Mattes
     Fixed image = Image (0x3d7d500)
  RTTI typeinfo:   itk::Image<double, 3u>
  Reference Count: 2
  Modified Time: 2141
  Debug: Off
  Object Name: 
  Observers: 
    none
  Source: (none)
  Source output name: (none)
  Release Data: Off
  Data Released: False
  Global Release Data: Off
  PipelineMTime: 0
  UpdateMTime: 1924
  RealTimeStamp: 0 seconds 
  LargestPossibleRegion: 
    Dimension: 3
    Index: [0, 0, 0]
    Size: [512, 512, 54]
  BufferedRegion: 
    Dimension: 3
    Index: [0, 0, 0]
    Size: [512, 512, 54]
  RequestedRegion: 
    Dimension: 3
    Index: [0, 0, 0]
    Size: [512, 512, 54]
  Spacing: [0.4375, 0.4375, 1.1]
  Origin: [-111.419, -41.6351, -101.413]
  Direction: 
0.995042 0.0235528 -0.0966224
0.0994516 -0.23564 0.966738
-1.33502e-06 0.971555 0.236814

  IndexToPointMatrix: 
0.435331 0.0103044 -0.106285
0.0435101 -0.103092 1.06341
-5.84071e-07 0.425055 0.260495

  PointToIndexMatrix: 
2.27438 0.227318 -3.05189e-06
0.053835 -0.538605 2.2207
-0.0878385 0.878853 0.215285

  Inverse Direction: 
0.995042 0.0994516 -1.3352e-06
0.0235528 -0.23564 0.971555
-0.0966224 0.966738 0.236814

  PixelContainer: 
    ImportImageContainer (0x3d6e860)
      RTTI typeinfo:   itk::ImportImageContainer<unsigned long, double>
      Reference Count: 1
      Modified Time: 1921
      Debug: Off
      Object Name: 
      Observers: 
        none
      Pointer: 0x2b55de6f4010
      Container manages memory: true
      Size: 14155776
      Capacity: 14155776

     Moving image = Image (0x3d81f40)
  RTTI typeinfo:   itk::Image<double, 3u>
  Reference Count: 2
  Modified Time: 2142
  Debug: Off
  Object Name: 
  Observers: 
    none
  Source: (none)
  Source output name: (none)
  Release Data: Off
  Data Released: False
  Global Release Data: Off
  PipelineMTime: 0
  UpdateMTime: 2139
  RealTimeStamp: 0 seconds 
  LargestPossibleRegion: 
    Dimension: 3
    Index: [0, 0, 0]
    Size: [224, 320, 320]
  BufferedRegion: 
    Dimension: 3
    Index: [0, 0, 0]
    Size: [224, 320, 320]
  RequestedRegion: 
    Dimension: 3
    Index: [0, 0, 0]
    Size: [224, 320, 320]
  Spacing: [0.7, 0.7, 0.7]
  Origin: [-74.3315, 72.2492, -91.4647]
  Direction: 
1 0 0
0 -1 0
0 0 1

  IndexToPointMatrix: 
0.7 0 0
0 -0.7 0
0 0 0.7

  PointToIndexMatrix: 
1.42857 0 0
0 -1.42857 0
0 0 1.42857

  Inverse Direction: 
1 0 0
0 -1 0
0 0 1

  PixelContainer: 
    ImportImageContainer (0x3d79750)
      RTTI typeinfo:   itk::ImportImageContainer<unsigned long, double>
      Reference Count: 1
      Modified Time: 2136
      Debug: Off
      Object Name: 
      Observers: 
        none
      Pointer: 0x2b55e52f5010
      Container manages memory: true
      Size: 22937600
      Capacity: 22937600

     Weighting = 1
     Sampling strategy = regular
     Number of bins = 32
     Radius = 4
     Sampling percentage  = 0.25
   Transform = Affine
     Gradient step = 0.1
     Update field sigma (voxel space) = 0
     Total field sigma (voxel space) = 0
     Update field time sigma = 0
     Total field time sigma  = 0
     Number of time indices = 0
     Number of time point samples = 0
Registration using 2 total stages.

Stage 0
  iterations = 1000x500x250x0
  convergence threshold = 1e-06
  convergence window size = 10
  number of levels = 4
  using the Mattes MI metric (number of bins = 32, weight = 1)
  preprocessing:  winsorizing the image intensities
  Shrink factors (level 1 out of 4): [12, 12, 5]
  Shrink factors (level 2 out of 4): [8, 8, 3]
  Shrink factors (level 3 out of 4): [4, 4, 2]
  Shrink factors (level 4 out of 4): [2, 2, 1]
  smoothing sigmas per level: [4, 3, 2, 1]
  regular sampling (percentage = 0.25)

*** Running Euler3DTransform registration ***

DIAGNOSTIC,Iteration,metricValue,convergenceValue,ITERATION_TIME_INDEX,SINCE_LAST
 2DIAGNOSTIC,     1, -2.221311477769e-01, 1.797693134862e+308, 3.2270e+00, 3.2270e+00, 
 2DIAGNOSTIC,     2, -2.224829360310e-01, 1.797693134862e+308, 3.2335e+00, 6.5241e-03, 
 2DIAGNOSTIC,     3, -2.230187388418e-01, 1.797693134862e+308, 3.2397e+00, 6.2330e-03, 
 2DIAGNOSTIC,     4, -2.241334338781e-01, 1.797693134862e+308, 3.2460e+00, 6.3119e-03, 
 2DIAGNOSTIC,     5, -2.271188780208e-01, 1.797693134862e+308, 3.2525e+00, 6.4740e-03, 
 2DIAGNOSTIC,     6, -2.320202787334e-01, 1.797693134862e+308, 3.2592e+00, 6.7031e-03, 
 2DIAGNOSTIC,     7, -2.389698232092e-01, 1.797693134862e+308, 3.2667e+00, 7.4790e-03, 
 2DIAGNOSTIC,     8, -2.739693969319e-01, 1.797693134862e+308, 3.2758e+00, 9.1028e-03, 
 2DIAGNOSTIC,     9, -4.091752640813e-01, 1.797693134862e+308, 3.2906e+00, 1.4785e-02, 
 2DIAGNOSTIC,    10, -4.102084438428e-01, 4.180702529284e-02, 3.2976e+00, 7.0481e-03, 
 2DIAGNOSTIC,    11, -4.150081228575e-01, 4.669578467810e-02, 3.3048e+00, 7.1409e-03, 
 2DIAGNOSTIC,    12, -4.231346290258e-01, 4.712903739341e-02, 3.3120e+00, 7.2639e-03, 
 2DIAGNOSTIC,    13, -4.323811518748e-01, 4.386977842650e-02, 3.3195e+00, 7.4251e-03, 
 2DIAGNOSTIC,    14, -4.413872764020e-01, 3.780682221675e-02, 3.3271e+00, 7.6790e-03, 
 2DIAGNOSTIC,    15, -4.536234877743e-01, 3.030538758709e-02, 3.3356e+00, 8.4438e-03, 
 2DIAGNOSTIC,    16, -4.552569432319e-01, 2.183962503158e-02, 3.3427e+00, 7.0651e-03, 
 2DIAGNOSTIC,    17, -4.564893499142e-01, 1.318064885211e-02, 3.3498e+00, 7.1890e-03, 
 2DIAGNOSTIC,    18, -4.576414881091e-01, 6.075638594219e-03, 3.3605e+00, 1.0677e-02, 
 2DIAGNOSTIC,    19, -4.581076431437e-01, 5.164365173974e-03, 3.3691e+00, 8.5371e-03, 
 2DIAGNOSTIC,    20, -4.581521020904e-01, 3.935942795458e-03, 3.3758e+00, 6.7899e-03, 
 2DIAGNOSTIC,    21, -4.579993256546e-01, 2.667081910880e-03, 3.3833e+00, 7.4489e-03, 
 2DIAGNOSTIC,    22, -4.580248721653e-01, 1.585382303110e-03, 3.3898e+00, 6.5401e-03, 
 2DIAGNOSTIC,    23, -4.579610174989e-01, 7.765865728096e-04, 3.3964e+00, 6.5229e-03, 
 2DIAGNOSTIC,    24, -4.579385103713e-01, 2.529795916305e-04, 3.4029e+00, 6.5370e-03, 
 2DIAGNOSTIC,    25, -4.580216202726e-01, 1.279353823894e-04, 3.4103e+00, 7.4370e-03, 
 2DIAGNOSTIC,    26, -4.581543770171e-01, 5.304858385383e-05, 3.4169e+00, 6.6030e-03, 
 2DIAGNOSTIC,    27, -4.580131898479e-01, 9.158489553088e-06, 3.4236e+00, 6.6249e-03, 
DIAGNOSTIC,Iteration,metricValue,convergenceValue,ITERATION_TIME_INDEX,SINCE_LAST
 2DIAGNOSTIC,     1, -4.124677956654e-01, 1.797693134862e+308, 6.7696e+00, 3.3460e+00, 
 2DIAGNOSTIC,     2, -4.136939786481e-01, 1.797693134862e+308, 6.7992e+00, 2.9570e-02, 
 2DIAGNOSTIC,     3, -4.145681967354e-01, 1.797693134862e+308, 6.8283e+00, 2.9155e-02, 
 2DIAGNOSTIC,     4, -4.149466052840e-01, 1.797693134862e+308, 6.8611e+00, 3.2736e-02, 
 2DIAGNOSTIC,     5, -4.149834375516e-01, 1.797693134862e+308, 6.8938e+00, 3.2695e-02, 
 2DIAGNOSTIC,     6, -4.149761333269e-01, 1.797693134862e+308, 6.9261e+00, 3.2388e-02, 
 2DIAGNOSTIC,     7, -4.149533118921e-01, 1.797693134862e+308, 6.9549e+00, 2.8802e-02, 
 2DIAGNOSTIC,     8, -4.150060221929e-01, 1.797693134862e+308, 6.9874e+00, 3.2422e-02, 
 2DIAGNOSTIC,     9, -4.150461702800e-01, 1.797693134862e+308, 7.0201e+00, 3.2706e-02, 
 2DIAGNOSTIC,    10, -4.150120136962e-01, 2.797932428802e-04, 7.0528e+00, 3.2756e-02, 
 2DIAGNOSTIC,    11, -4.150351154971e-01, 1.154090072580e-04, 7.0816e+00, 2.8774e-02, 
 2DIAGNOSTIC,    12, -4.150592126203e-01, 3.862658348600e-05, 7.1108e+00, 2.9239e-02, 
 2DIAGNOSTIC,    13, -4.151161667584e-01, 1.885583999856e-05, 7.1472e+00, 3.6350e-02, 
 2DIAGNOSTIC,    14, -4.150935953939e-01, 1.768310673300e-05, 7.1834e+00, 3.6218e-02, 
 2DIAGNOSTIC,    15, -4.150795494515e-01, 1.643176200843e-05, 7.2161e+00, 3.2638e-02, 
 2DIAGNOSTIC,    16, -4.150654313083e-01, 1.322095936779e-05, 7.2488e+00, 3.2705e-02, 
 2DIAGNOSTIC,    17, -4.150526036589e-01, 7.819590520500e-06, 7.2779e+00, 2.9102e-02, 
 2DIAGNOSTIC,    18, -4.150300633664e-01, 3.534720217344e-06, 7.3071e+00, 2.9234e-02, 
 2DIAGNOSTIC,    19, -4.150340204965e-01, 1.204795413157e-06, 7.3361e+00, 2.8982e-02, 
DIAGNOSTIC,Iteration,metricValue,convergenceValue,ITERATION_TIME_INDEX,SINCE_LAST
 2DIAGNOSTIC,     1, -3.663229210295e-01, 1.797693134862e+308, 1.0924e+01, 3.5883e+00, 
 2DIAGNOSTIC,     2, -3.684758654879e-01, 1.797693134862e+308, 1.1179e+01, 2.5423e-01, 
 2DIAGNOSTIC,     3, -3.701692707336e-01, 1.797693134862e+308, 1.1432e+01, 2.5293e-01, 
 2DIAGNOSTIC,     4, -3.707521769704e-01, 1.797693134862e+308, 1.1687e+01, 2.5571e-01, 
 2DIAGNOSTIC,     5, -3.712456367597e-01, 1.797693134862e+308, 1.1948e+01, 2.6044e-01, 
 2DIAGNOSTIC,     6, -3.720031039046e-01, 1.797693134862e+308, 1.2206e+01, 2.5859e-01, 
 2DIAGNOSTIC,     7, -3.746409505458e-01, 1.797693134862e+308, 1.2545e+01, 3.3822e-01, 
 2DIAGNOSTIC,     8, -3.748183939623e-01, 1.797693134862e+308, 1.2924e+01, 3.7976e-01, 
 2DIAGNOSTIC,     9, -3.748331526661e-01, 1.797693134862e+308, 1.3226e+01, 3.0167e-01, 
 2DIAGNOSTIC,    10, -3.748206794971e-01, 1.475125486448e-03, 1.3527e+01, 3.0109e-01, 
 2DIAGNOSTIC,    11, -3.748197829206e-01, 1.070644103498e-03, 1.3786e+01, 2.5869e-01, 
 2DIAGNOSTIC,    12, -3.748176097253e-01, 7.699957081622e-04, 1.4081e+01, 2.9565e-01, 
 2DIAGNOSTIC,    13, -3.748282273122e-01, 5.459732091022e-04, 1.4424e+01, 3.4281e-01, 
 2DIAGNOSTIC,    14, -3.748274029417e-01, 3.385075856812e-04, 1.4727e+01, 3.0258e-01, 
 2DIAGNOSTIC,    15, -3.748256232984e-01, 1.538321937915e-04, 1.4988e+01, 2.6171e-01, 
 2DIAGNOSTIC,    16, -3.748215075362e-01, 1.085725192879e-05, 1.5249e+01, 2.6007e-01, 
 2DIAGNOSTIC,    17, -3.748234451145e-01, 2.044203764456e-06, 1.5543e+01, 2.9443e-01, 
 2DIAGNOSTIC,    18, -3.748263706891e-01, 1.794122502806e-06, 1.5834e+01, 2.9077e-01, 
 2DIAGNOSTIC,    19, -3.748196874531e-01, 1.898982455929e-06, 1.6137e+01, 3.0296e-01, 
 2DIAGNOSTIC,    20, -3.748205879306e-01, 1.550810645894e-06, 1.6439e+01, 3.0253e-01, 
DIAGNOSTIC,Iteration,metricValue,convergenceValue,ITERATION_TIME_INDEX,SINCE_LAST
 2DIAGNOSTIC,     1, -2.608852087822e-01, 1.797693134862e+308, 2.1664e+01, 5.2251e+00, 
  Elapsed time (stage 0): 2.2978e+01


Stage 1
  iterations = 1000x500x250x0
  convergence threshold = 1.0000e-06
  convergence window size = 10
  number of levels = 4
  using the Mattes MI metric (number of bins = 32, weight = 1.0000e+00)
  preprocessing:  winsorizing the image intensities
  Shrink factors (level 1 out of 4): [12, 12, 5]
  Shrink factors (level 2 out of 4): [8, 8, 3]
  Shrink factors (level 3 out of 4): [4, 4, 2]
  Shrink factors (level 4 out of 4): [2, 2, 1]
  smoothing sigmas per level: [4, 3, 2, 1]
  regular sampling (percentage = 2.5000e-01)

*** Running AffineTransform registration ***

DIAGNOSTIC,Iteration,metricValue,convergenceValue,ITERATION_TIME_INDEX,SINCE_LAST
 2DIAGNOSTIC,     1, -4.573687536915e-01, 1.797693134862e+308, 3.2678e+00, 3.2678e+00, 
 2DIAGNOSTIC,     2, -4.586990810987e-01, 1.797693134862e+308, 3.2754e+00, 7.6301e-03, 
 2DIAGNOSTIC,     3, -4.610569578613e-01, 1.797693134862e+308, 3.2828e+00, 7.3349e-03, 
 2DIAGNOSTIC,     4, -4.649248270897e-01, 1.797693134862e+308, 3.2901e+00, 7.3719e-03, 
 2DIAGNOSTIC,     5, -4.696164834319e-01, 1.797693134862e+308, 3.2976e+00, 7.4301e-03, 
 2DIAGNOSTIC,     6, -4.752939534339e-01, 1.797693134862e+308, 3.3051e+00, 7.4770e-03, 
 2DIAGNOSTIC,     7, -4.808016017223e-01, 1.797693134862e+308, 3.3126e+00, 7.4990e-03, 
 2DIAGNOSTIC,     8, -4.826489552729e-01, 1.797693134862e+308, 3.3237e+00, 1.1182e-02, 
 2DIAGNOSTIC,     9, -4.832211042342e-01, 1.797693134862e+308, 3.3320e+00, 8.2181e-03, 
 2DIAGNOSTIC,    10, -4.834358160694e-01, 4.281031245798e-03, 3.3404e+00, 8.3971e-03, 
 2DIAGNOSTIC,    11, -4.837913510649e-01, 3.526691046640e-03, 3.3496e+00, 9.2778e-03, 
 2DIAGNOSTIC,    12, -4.835405701400e-01, 2.636300285644e-03, 3.3580e+00, 8.3501e-03, 
 2DIAGNOSTIC,    13, -4.834950707164e-01, 1.754631210357e-03, 3.3654e+00, 7.4461e-03, 
 2DIAGNOSTIC,    14, -4.835618688251e-01, 1.010773848209e-03, 3.3729e+00, 7.4570e-03, 
 2DIAGNOSTIC,    15, -4.836701630075e-01, 4.637914840349e-04, 3.3812e+00, 8.3451e-03, 
 2DIAGNOSTIC,    16, -4.837603205121e-01, 1.540773774462e-04, 3.3896e+00, 8.3611e-03, 
 2DIAGNOSTIC,    17, -4.838050229389e-01, 6.072264654523e-05, 3.3970e+00, 7.4508e-03, 
 2DIAGNOSTIC,    18, -4.838857301757e-01, 3.611101138159e-05, 3.4046e+00, 7.5479e-03, 
 2DIAGNOSTIC,    19, -4.840526203522e-01, 3.386451267236e-05, 3.4122e+00, 7.5841e-03, 
 2DIAGNOSTIC,    20, -4.843861216189e-01, 4.458494244260e-05, 3.4197e+00, 7.5572e-03, 
 2DIAGNOSTIC,    21, -4.849569714509e-01, 7.647445161443e-05, 3.4274e+00, 7.6239e-03, 
 2DIAGNOSTIC,    22, -4.858806456976e-01, 1.164000355334e-04, 3.4386e+00, 1.1285e-02, 
 2DIAGNOSTIC,    23, -4.859981275700e-01, 1.435147377562e-04, 3.4480e+00, 9.3510e-03, 
 2DIAGNOSTIC,    24, -4.859093428248e-01, 1.547637837534e-04, 3.4564e+00, 8.3869e-03, 
 2DIAGNOSTIC,    25, -4.859806843870e-01, 1.551958177435e-04, 3.4648e+00, 8.3799e-03, 
 2DIAGNOSTIC,    26, -4.860679438545e-01, 1.448695793575e-04, 3.4722e+00, 7.4749e-03, 
 2DIAGNOSTIC,    27, -4.860925716202e-01, 1.229632483625e-04, 3.4797e+00, 7.4520e-03, 
 2DIAGNOSTIC,    28, -4.861355503266e-01, 9.388021470244e-05, 3.4872e+00, 7.4751e-03, 
 2DIAGNOSTIC,    29, -4.862708787015e-01, 6.451845165039e-05, 3.4947e+00, 7.5450e-03, 
 2DIAGNOSTIC,    30, -4.865838759027e-01, 4.374314766041e-05, 3.5041e+00, 9.4140e-03, 
 2DIAGNOSTIC,    31, -4.866139003435e-01, 3.108022312452e-05, 3.5126e+00, 8.4579e-03, 
 2DIAGNOSTIC,    32, -4.866376678534e-01, 3.388850133433e-05, 3.5201e+00, 7.5459e-03, 
 2DIAGNOSTIC,    33, -4.871193021213e-01, 4.427954534039e-05, 3.5288e+00, 8.6410e-03, 
 2DIAGNOSTIC,    34, -4.875230190381e-01, 5.511184318355e-05, 3.5375e+00, 8.7242e-03, 
 2DIAGNOSTIC,    35, -4.879694457011e-01, 6.868815750789e-05, 3.5480e+00, 1.0549e-02, 
 2DIAGNOSTIC,    36, -4.881918425713e-01, 8.013587997123e-05, 3.5565e+00, 8.4870e-03, 
 2DIAGNOSTIC,    37, -4.884307343082e-01, 8.775760637793e-05, 3.5658e+00, 9.3131e-03, 
 2DIAGNOSTIC,    38, -4.884798891798e-01, 8.803340166883e-05, 3.5742e+00, 8.3969e-03, 
 2DIAGNOSTIC,    39, -4.886319678040e-01, 8.412844279328e-05, 3.5826e+00, 8.4031e-03, 
 2DIAGNOSTIC,    40, -4.888362890340e-01, 8.006283420959e-05, 3.5901e+00, 7.5099e-03, 
 2DIAGNOSTIC,    41, -4.887946067427e-01, 6.850104783412e-05, 3.5976e+00, 7.4909e-03, 
 2DIAGNOSTIC,    42, -4.887837651229e-01, 5.120607714006e-05, 3.6060e+00, 8.3749e-03, 
 2DIAGNOSTIC,    43, -4.886395546484e-01, 3.450410945887e-05, 3.6171e+00, 1.1049e-02, 
 2DIAGNOSTIC,    44, -4.886270542205e-01, 2.049129484231e-05, 3.6246e+00, 7.5221e-03, 
 2DIAGNOSTIC,    45, -4.887029084537e-01, 1.194183416740e-05, 3.6330e+00, 8.3749e-03, 
 2DIAGNOSTIC,    46, -4.887307542166e-01, 5.785970864817e-06, 3.6404e+00, 7.4849e-03, 
 2DIAGNOSTIC,    47, -4.887419431563e-01, 2.594246747541e-06, 3.6479e+00, 7.4720e-03, 
DIAGNOSTIC,Iteration,metricValue,convergenceValue,ITERATION_TIME_INDEX,SINCE_LAST
 2DIAGNOSTIC,     1, -4.161955357041e-01, 1.797693134862e+308, 6.9388e+00, 3.2909e+00, 
 2DIAGNOSTIC,     2, -4.173907939490e-01, 1.797693134862e+308, 6.9734e+00, 3.4658e-02, 
 2DIAGNOSTIC,     3, -4.184986675052e-01, 1.797693134862e+308, 7.0081e+00, 3.4646e-02, 
 2DIAGNOSTIC,     4, -4.190507176354e-01, 1.797693134862e+308, 7.0421e+00, 3.4033e-02, 
 2DIAGNOSTIC,     5, -4.193603151460e-01, 1.797693134862e+308, 7.0758e+00, 3.3720e-02, 
 2DIAGNOSTIC,     6, -4.200052138123e-01, 1.797693134862e+308, 7.1127e+00, 3.6907e-02, 
 2DIAGNOSTIC,     7, -4.208341824628e-01, 1.797693134862e+308, 7.1516e+00, 3.8890e-02, 
 2DIAGNOSTIC,     8, -4.221317505480e-01, 1.797693134862e+308, 7.1924e+00, 4.0827e-02, 
 2DIAGNOSTIC,     9, -4.221238675167e-01, 1.797693134862e+308, 7.2562e+00, 6.3736e-02, 
 2DIAGNOSTIC,    10, -4.221472191130e-01, 9.223941287653e-04, 7.2957e+00, 3.9536e-02, 
 2DIAGNOSTIC,    11, -4.221708581449e-01, 7.137972123565e-04, 7.3415e+00, 4.5824e-02, 
 2DIAGNOSTIC,    12, -4.222268777327e-01, 5.445824749750e-04, 7.3778e+00, 3.6214e-02, 
 2DIAGNOSTIC,    13, -4.223006673055e-01, 4.126307074929e-04, 7.4135e+00, 3.5766e-02, 
 2DIAGNOSTIC,    14, -4.225116228929e-01, 2.995098218782e-04, 7.4533e+00, 3.9763e-02, 
 2DIAGNOSTIC,    15, -4.226456418568e-01, 1.947505183079e-04, 7.4893e+00, 3.6052e-02, 
 2DIAGNOSTIC,    16, -4.227002006983e-01, 1.146319719460e-04, 7.5255e+00, 3.6174e-02, 
 2DIAGNOSTIC,    17, -4.229373194619e-01, 7.457723613177e-05, 7.5613e+00, 3.5754e-02, 
 2DIAGNOSTIC,    18, -4.232619239678e-01, 9.291391164364e-05, 7.5975e+00, 3.6276e-02, 
 2DIAGNOSTIC,    19, -4.245719246774e-01, 1.467587482511e-04, 7.6397e+00, 4.2118e-02, 
 2DIAGNOSTIC,    20, -4.255856278243e-01, 2.155779994224e-04, 7.6939e+00, 5.4286e-02, 
 2DIAGNOSTIC,    21, -4.256607485341e-01, 2.607840300701e-04, 7.7424e+00, 4.8460e-02, 
 2DIAGNOSTIC,    22, -4.256597335765e-01, 2.802073664949e-04, 7.7826e+00, 4.0209e-02, 
 2DIAGNOSTIC,    23, -4.256408119309e-01, 2.735405638095e-04, 7.8229e+00, 4.0308e-02, 
 2DIAGNOSTIC,    24, -4.256503340480e-01, 2.474242841306e-04, 7.8637e+00, 4.0788e-02, 
 2DIAGNOSTIC,    25, -4.256362340042e-01, 2.031051155109e-04, 7.8995e+00, 3.5794e-02, 
 2DIAGNOSTIC,    26, -4.256231739541e-01, 1.446714029023e-04, 7.9393e+00, 3.9794e-02, 
 2DIAGNOSTIC,    27, -4.256209499490e-01, 8.352040750216e-05, 7.9803e+00, 4.1039e-02, 
 2DIAGNOSTIC,    28, -4.255841489966e-01, 2.533642208401e-05, 8.0215e+00, 4.1115e-02, 
DIAGNOSTIC,Iteration,metricValue,convergenceValue,ITERATION_TIME_INDEX,SINCE_LAST
 2DIAGNOSTIC,     1, -3.674528778353e-01, 1.797693134862e+308, 1.1569e+01, 3.5476e+00, 
 2DIAGNOSTIC,     2, -3.686625259467e-01, 1.797693134862e+308, 1.1853e+01, 2.8353e-01, 
 2DIAGNOSTIC,     3, -3.696502992013e-01, 1.797693134862e+308, 1.2121e+01, 2.6844e-01, 
 2DIAGNOSTIC,     4, -3.702262619666e-01, 1.797693134862e+308, 1.2383e+01, 2.6228e-01, 
 2DIAGNOSTIC,     5, -3.707127863625e-01, 1.797693134862e+308, 1.2654e+01, 2.7093e-01, 
 2DIAGNOSTIC,     6, -3.714241358237e-01, 1.797693134862e+308, 1.2936e+01, 2.8131e-01, 
 2DIAGNOSTIC,     7, -3.735418863667e-01, 1.797693134862e+308, 1.3289e+01, 3.5313e-01, 
 2DIAGNOSTIC,     8, -3.743942857037e-01, 1.797693134862e+308, 1.3838e+01, 5.4966e-01, 
 2DIAGNOSTIC,     9, -3.744868701741e-01, 1.797693134862e+308, 1.4111e+01, 2.7302e-01, 
 2DIAGNOSTIC,    10, -3.746315298923e-01, 1.323798427268e-03, 1.4384e+01, 2.7304e-01, 
 2DIAGNOSTIC,    11, -3.748922689155e-01, 1.089783086019e-03, 1.4666e+01, 2.8167e-01, 
 2DIAGNOSTIC,    12, -3.752772249328e-01, 8.953309745233e-04, 1.4946e+01, 2.7985e-01, 
 2DIAGNOSTIC,    13, -3.758193787823e-01, 7.386263211879e-04, 1.5223e+01, 2.7672e-01, 
 2DIAGNOSTIC,    14, -3.765242892394e-01, 6.083128845954e-04, 1.5489e+01, 2.6640e-01, 
 2DIAGNOSTIC,    15, -3.773849080667e-01, 5.090153633507e-04, 1.5769e+01, 2.7966e-01, 
 2DIAGNOSTIC,    16, -3.786382692672e-01, 4.662330442715e-04, 1.6052e+01, 2.8312e-01, 
 2DIAGNOSTIC,    17, -3.791705314556e-01, 5.023805545378e-04, 1.6416e+01, 3.6372e-01, 
 2DIAGNOSTIC,    18, -3.792511678274e-01, 5.278109471332e-04, 1.6779e+01, 3.6387e-01, 
 2DIAGNOSTIC,    19, -3.794113644955e-01, 5.124158179625e-04, 1.7080e+01, 3.0019e-01, 
 2DIAGNOSTIC,    20, -3.795096086839e-01, 4.599536103384e-04, 1.7340e+01, 2.6081e-01, 
 2DIAGNOSTIC,    21, -3.802241044854e-01, 4.043737552806e-04, 1.7740e+01, 3.9979e-01, 
 2DIAGNOSTIC,    22, -3.803241659229e-01, 3.322151226560e-04, 1.8062e+01, 3.2137e-01, 
 2DIAGNOSTIC,    23, -3.803263788210e-01, 2.538720514519e-04, 1.8381e+01, 3.1985e-01, 
 2DIAGNOSTIC,    24, -3.803479425435e-01, 1.816663827576e-04, 1.8700e+01, 3.1852e-01, 
 2DIAGNOSTIC,    25, -3.803485013244e-01, 1.234705681301e-04, 1.9017e+01, 3.1660e-01, 
 2DIAGNOSTIC,    26, -3.803464458082e-01, 9.400424606021e-05, 1.9294e+01, 2.7756e-01, 
 2DIAGNOSTIC,    27, -3.803536961127e-01, 7.303659506298e-05, 1.9612e+01, 3.1828e-01, 
 2DIAGNOSTIC,    28, -3.803709479276e-01, 4.965347575851e-05, 1.9931e+01, 3.1848e-01, 
 2DIAGNOSTIC,    29, -3.803722001072e-01, 2.769760216163e-05, 2.0209e+01, 2.7829e-01, 
 2DIAGNOSTIC,    30, -3.803729705866e-01, 6.719766480603e-06, 2.0648e+01, 4.3864e-01, 
 2DIAGNOSTIC,    31, -3.803777538583e-01, 4.030558081583e-06, 2.0926e+01, 2.7826e-01, 
 2DIAGNOSTIC,    32, -3.803703204345e-01, 3.409296262954e-06, 2.1206e+01, 2.8031e-01, 
 2DIAGNOSTIC,    33, -3.803676798014e-01, 2.572494054304e-06, 2.1526e+01, 3.1959e-01, 
 2DIAGNOSTIC,    34, -3.803686156658e-01, 2.133671692710e-06, 2.1846e+01, 3.2008e-01, 
 2DIAGNOSTIC,    35, -3.803651873484e-01, 1.549917077393e-06, 2.2168e+01, 3.2200e-01, 
DIAGNOSTIC,Iteration,metricValue,convergenceValue,ITERATION_TIME_INDEX,SINCE_LAST
 2DIAGNOSTIC,     1, -2.560364478504e-01, 1.797693134862e+308, 2.7550e+01, 5.3816e+00, 
  Elapsed time (stage 1): 2.8853e+01


Total elapsed time: 5.1837e+01
Using double precision for computations.
Input scalar image: /home/ccn30/rds/rds-p00500_encrypt-URQgmO1brZ0/p00500/ENCRYPT_images/26601/T2/N4t2.nii
Reference image: /home/ccn30/rds/rds-p00500_encrypt-URQgmO1brZ0/p00500/ENCRYPT_images/26601/mp2rage/n4mag0000_PSIR_skulled_std.nii
Can't read initial transform T1xT2_ANTs_0GenericAffine.mat
