This is job 0
Time: Fri 17 Sep 16:56:23 BST 2021
Running on master node: cpu-p-65
Current directory: /rds/user/ccn30/hpc-work/WBIC_lustre/ENCRYPT/scripts/Registration/slurmoutputs
Changed directory to /home/ccn30/rds/hpc-work/WBIC_lustre/ENCRYPT/scripts/Registration/slurmoutputs.

JobID: 46574590
======
Time: Fri 17 Sep 16:56:23 BST 2021
Running on master node: cpu-p-65
Current directory: /home/ccn30/rds/hpc-work/WBIC_lustre/ENCRYPT/scripts/Registration/slurmoutputs

Nodes allocated:
================
cpu-p-65

numtasks=, numnodes=, mpi_tasks_per_node= (OMP_NUM_THREADS=1)

Executing command:
==================
/home/ccn30/rds/hpc-work/WBIC_lustre/ENCRYPT/scripts/Registration/coreg_main.sh /home/ccn30/rds/hpc-work/WBIC_lustre/ENCRYPT/testsubjcode.txt 0 /home/ccn30/rds/rds-p00500_encrypt-URQgmO1brZ0/p00500 /home/ccn30/rds/hpc-work/WBIC_home/ENCRYPT/atlases/magdeburgatlas

******** starting 32663 ********
All_Command_lines_OK
Using double precision for computations.
=============================================================================
The composite transform comprises the following transforms (in order): 
  1. Center of mass alignment using fixed image: /home/ccn30/rds/hpc-work/WBIC_home/ENCRYPT/atlases/magdeburgatlas/template/template.nii.gz and moving image: /home/ccn30/rds/rds-p00500_encrypt-URQgmO1brZ0/p00500/ENCRYPT_images/32663/mp2rage/denoise_n4mag0000_PSIR_skulled_std.nii (type = Euler3DTransform)
=============================================================================
  number of levels = 4
  number of levels = 4
  fixed image: /home/ccn30/rds/hpc-work/WBIC_home/ENCRYPT/atlases/magdeburgatlas/template/template.nii.gz
  moving image: /home/ccn30/rds/rds-p00500_encrypt-URQgmO1brZ0/p00500/ENCRYPT_images/32663/mp2rage/denoise_n4mag0000_PSIR_skulled_std.nii
  fixed image: /home/ccn30/rds/hpc-work/WBIC_home/ENCRYPT/atlases/magdeburgatlas/template/template.nii.gz
  moving image: /home/ccn30/rds/rds-p00500_encrypt-URQgmO1brZ0/p00500/ENCRYPT_images/32663/mp2rage/denoise_n4mag0000_PSIR_skulled_std.nii
Dimension = 3
Number of stages = 2
Use Histogram Matching true
Winsorize image intensities true
Lower quantile = 0.005
Upper quantile = 0.995
Stage 1 State
   Image metric = Mattes
     Fixed image = Image (0x3b96200)
  RTTI typeinfo:   itk::Image<double, 3u>
  Reference Count: 2
  Modified Time: 1698
  Debug: Off
  Object Name: 
  Observers: 
    none
  Source: (none)
  Source output name: (none)
  Release Data: Off
  Data Released: False
  Global Release Data: Off
  PipelineMTime: 0
  UpdateMTime: 1481
  RealTimeStamp: 0 seconds 
  LargestPossibleRegion: 
    Dimension: 3
    Index: [0, 0, 0]
    Size: [384, 301, 288]
  BufferedRegion: 
    Dimension: 3
    Index: [0, 0, 0]
    Size: [384, 301, 288]
  RequestedRegion: 
    Dimension: 3
    Index: [0, 0, 0]
    Size: [384, 301, 288]
  Spacing: [0.598958, 0.598958, 0.599937]
  Origin: [83.4012, -147.626, 85.1783]
  Direction: 
-0 0 -1
1 -0 0
0 -1 0

  IndexToPointMatrix: 
0 0 -0.599937
0.598958 0 0
0 -0.598958 0

  PointToIndexMatrix: 
0 1.66957 0
0 0 -1.66957
-1.66684 0 0

  Inverse Direction: 
0 1 0
0 0 -1
-1 0 0

  PixelContainer: 
    ImportImageContainer (0x3b86dc0)
      RTTI typeinfo:   itk::ImportImageContainer<unsigned long, double>
      Reference Count: 1
      Modified Time: 1478
      Debug: Off
      Object Name: 
      Observers: 
        none
      Pointer: 0x2b5d059bf010
      Container manages memory: true
      Size: 33288192
      Capacity: 33288192

     Moving image = Image (0x3b9a3f0)
  RTTI typeinfo:   itk::Image<double, 3u>
  Reference Count: 2
  Modified Time: 1699
  Debug: Off
  Object Name: 
  Observers: 
    none
  Source: (none)
  Source output name: (none)
  Release Data: Off
  Data Released: False
  Global Release Data: Off
  PipelineMTime: 0
  UpdateMTime: 1696
  RealTimeStamp: 0 seconds 
  LargestPossibleRegion: 
    Dimension: 3
    Index: [0, 0, 0]
    Size: [224, 320, 320]
  BufferedRegion: 
    Dimension: 3
    Index: [0, 0, 0]
    Size: [224, 320, 320]
  RequestedRegion: 
    Dimension: 3
    Index: [0, 0, 0]
    Size: [224, 320, 320]
  Spacing: [0.699997, 0.7, 0.7]
  Origin: [74.8699, 86.4371, -85.3527]
  Direction: 
-1 0 0
0 -1 0
0 0 1

  IndexToPointMatrix: 
-0.699997 0 0
0 -0.7 0
0 0 0.7

  PointToIndexMatrix: 
-1.42858 0 0
0 -1.42857 0
0 0 1.42857

  Inverse Direction: 
-1 0 0
0 -1 0
0 0 1

  PixelContainer: 
    ImportImageContainer (0x3b9a6b0)
      RTTI typeinfo:   itk::ImportImageContainer<unsigned long, double>
      Reference Count: 1
      Modified Time: 1693
      Debug: Off
      Object Name: 
      Observers: 
        none
      Pointer: 0x2b5d157b8010
      Container manages memory: true
      Size: 22937600
      Capacity: 22937600

     Weighting = 1
     Sampling strategy = regular
     Number of bins = 32
     Radius = 4
     Sampling percentage  = 0.25
   Transform = Rigid
     Gradient step = 0.1
     Update field sigma (voxel space) = 0
     Total field sigma (voxel space) = 0
     Update field time sigma = 0
     Total field time sigma  = 0
     Number of time indices = 0
     Number of time point samples = 0
Stage 2 State
   Image metric = Mattes
     Fixed image = Image (0x3ba9060)
  RTTI typeinfo:   itk::Image<double, 3u>
  Reference Count: 2
  Modified Time: 2130
  Debug: Off
  Object Name: 
  Observers: 
    none
  Source: (none)
  Source output name: (none)
  Release Data: Off
  Data Released: False
  Global Release Data: Off
  PipelineMTime: 0
  UpdateMTime: 1913
  RealTimeStamp: 0 seconds 
  LargestPossibleRegion: 
    Dimension: 3
    Index: [0, 0, 0]
    Size: [384, 301, 288]
  BufferedRegion: 
    Dimension: 3
    Index: [0, 0, 0]
    Size: [384, 301, 288]
  RequestedRegion: 
    Dimension: 3
    Index: [0, 0, 0]
    Size: [384, 301, 288]
  Spacing: [0.598958, 0.598958, 0.599937]
  Origin: [83.4012, -147.626, 85.1783]
  Direction: 
-0 0 -1
1 -0 0
0 -1 0

  IndexToPointMatrix: 
0 0 -0.599937
0.598958 0 0
0 -0.598958 0

  PointToIndexMatrix: 
0 1.66957 0
0 0 -1.66957
-1.66684 0 0

  Inverse Direction: 
0 1 0
0 0 -1
-1 0 0

  PixelContainer: 
    ImportImageContainer (0x3b9d140)
      RTTI typeinfo:   itk::ImportImageContainer<unsigned long, double>
      Reference Count: 1
      Modified Time: 1910
      Debug: Off
      Object Name: 
      Observers: 
        none
      Pointer: 0x2b5d206b9010
      Container manages memory: true
      Size: 33288192
      Capacity: 33288192

     Moving image = Image (0x3baae80)
  RTTI typeinfo:   itk::Image<double, 3u>
  Reference Count: 2
  Modified Time: 2131
  Debug: Off
  Object Name: 
  Observers: 
    none
  Source: (none)
  Source output name: (none)
  Release Data: Off
  Data Released: False
  Global Release Data: Off
  PipelineMTime: 0
  UpdateMTime: 2128
  RealTimeStamp: 0 seconds 
  LargestPossibleRegion: 
    Dimension: 3
    Index: [0, 0, 0]
    Size: [224, 320, 320]
  BufferedRegion: 
    Dimension: 3
    Index: [0, 0, 0]
    Size: [224, 320, 320]
  RequestedRegion: 
    Dimension: 3
    Index: [0, 0, 0]
    Size: [224, 320, 320]
  Spacing: [0.699997, 0.7, 0.7]
  Origin: [74.8699, 86.4371, -85.3527]
  Direction: 
-1 0 0
0 -1 0
0 0 1

  IndexToPointMatrix: 
-0.699997 0 0
0 -0.7 0
0 0 0.7

  PointToIndexMatrix: 
-1.42858 0 0
0 -1.42857 0
0 0 1.42857

  Inverse Direction: 
-1 0 0
0 -1 0
0 0 1

  PixelContainer: 
    ImportImageContainer (0x3ba5540)
      RTTI typeinfo:   itk::ImportImageContainer<unsigned long, double>
      Reference Count: 1
      Modified Time: 2125
      Debug: Off
      Object Name: 
      Observers: 
        none
      Pointer: 0x2b5d304b2010
      Container manages memory: true
      Size: 22937600
      Capacity: 22937600

     Weighting = 1
     Sampling strategy = regular
     Number of bins = 32
     Radius = 4
     Sampling percentage  = 0.25
   Transform = Affine
     Gradient step = 0.1
     Update field sigma (voxel space) = 0
     Total field sigma (voxel space) = 0
     Update field time sigma = 0
     Total field time sigma  = 0
     Number of time indices = 0
     Number of time point samples = 0
Registration using 2 total stages.

Stage 0
  iterations = 1000x500x250x100
  convergence threshold = 1e-06
  convergence window size = 10
  number of levels = 4
  using the Mattes MI metric (number of bins = 32, weight = 1)
  preprocessing:  winsorizing the image intensities
  preprocessing:  histogram matching the images
  Shrink factors (level 1 out of 4): [8, 8, 8]
  Shrink factors (level 2 out of 4): [4, 4, 4]
  Shrink factors (level 3 out of 4): [2, 2, 2]
  Shrink factors (level 4 out of 4): [1, 1, 1]
  smoothing sigmas per level: [3, 2, 1, 0]
  regular sampling (percentage = 0.25)

*** Running Euler3DTransform registration ***

DIAGNOSTIC,Iteration,metricValue,convergenceValue,ITERATION_TIME_INDEX,SINCE_LAST
 2DIAGNOSTIC,     1, -2.887129672079e-01, 1.797693134862e+308, 2.8518e+00, 2.8518e+00, 
 2DIAGNOSTIC,     2, -2.908055613718e-01, 1.797693134862e+308, 2.8946e+00, 4.2852e-02, 
 2DIAGNOSTIC,     3, -2.944664829110e-01, 1.797693134862e+308, 2.9348e+00, 4.0237e-02, 
 2DIAGNOSTIC,     4, -3.001154050985e-01, 1.797693134862e+308, 2.9780e+00, 4.3156e-02, 
 2DIAGNOSTIC,     5, -3.092832029621e-01, 1.797693134862e+308, 3.0200e+00, 4.2003e-02, 
 2DIAGNOSTIC,     6, -3.231786759332e-01, 1.797693134862e+308, 3.0612e+00, 4.1185e-02, 
 2DIAGNOSTIC,     7, -3.391823364892e-01, 1.797693134862e+308, 3.1080e+00, 4.6808e-02, 
 2DIAGNOSTIC,     8, -3.443707961009e-01, 1.797693134862e+308, 3.1552e+00, 4.7244e-02, 
 2DIAGNOSTIC,     9, -3.469551887785e-01, 1.797693134862e+308, 3.1972e+00, 4.1994e-02, 
 2DIAGNOSTIC,    10, -3.491084258679e-01, 1.472318310309e-02, 3.2430e+00, 4.5815e-02, 
 2DIAGNOSTIC,    11, -3.543557708441e-01, 1.310332229127e-02, 3.2985e+00, 5.5424e-02, 
 2DIAGNOSTIC,    12, -3.574994440366e-01, 1.096392974010e-02, 3.3465e+00, 4.8072e-02, 
 2DIAGNOSTIC,    13, -3.577632408272e-01, 8.465240611526e-03, 3.3855e+00, 3.8922e-02, 
 2DIAGNOSTIC,    14, -3.581680074720e-01, 5.975855168018e-03, 3.4343e+00, 4.8834e-02, 
 2DIAGNOSTIC,    15, -3.600272542617e-01, 3.923533167615e-03, 3.4826e+00, 4.8270e-02, 
 2DIAGNOSTIC,    16, -3.614432114630e-01, 2.578738436079e-03, 3.5518e+00, 6.9199e-02, 
 2DIAGNOSTIC,    17, -3.615252557341e-01, 1.962645722005e-03, 3.5929e+00, 4.1106e-02, 
 2DIAGNOSTIC,    18, -3.617868454008e-01, 1.498380398721e-03, 3.6396e+00, 4.6691e-02, 
 2DIAGNOSTIC,    19, -3.619159034517e-01, 1.070812071028e-03, 3.6984e+00, 5.8804e-02, 
 2DIAGNOSTIC,    20, -3.618642684494e-01, 6.718500153822e-04, 3.7447e+00, 4.6340e-02, 
 2DIAGNOSTIC,    21, -3.618561015221e-01, 4.553440328894e-04, 3.7849e+00, 4.0215e-02, 
 2DIAGNOSTIC,    22, -3.618241764517e-01, 3.361124757185e-04, 3.8269e+00, 4.2011e-02, 
 2DIAGNOSTIC,    23, -3.618467236301e-01, 2.080035634881e-04, 3.8731e+00, 4.6205e-02, 
 2DIAGNOSTIC,    24, -3.617817348089e-01, 8.223169694446e-05, 3.9120e+00, 3.8893e-02, 
 2DIAGNOSTIC,    25, -3.617284232229e-01, 1.811619997377e-05, 3.9510e+00, 3.8965e-02, 
 2DIAGNOSTIC,    26, -3.617617020850e-01, 3.752593211864e-06, 3.9865e+00, 3.5483e-02, 
DIAGNOSTIC,Iteration,metricValue,convergenceValue,ITERATION_TIME_INDEX,SINCE_LAST
 2DIAGNOSTIC,     1, -2.856601189876e-01, 1.797693134862e+308, 7.2189e+00, 3.2324e+00, 
 2DIAGNOSTIC,     2, -2.860080851859e-01, 1.797693134862e+308, 7.5209e+00, 3.0196e-01, 
 2DIAGNOSTIC,     3, -2.865459939740e-01, 1.797693134862e+308, 7.8146e+00, 2.9375e-01, 
 2DIAGNOSTIC,     4, -2.870835208005e-01, 1.797693134862e+308, 8.1103e+00, 2.9571e-01, 
 2DIAGNOSTIC,     5, -2.874971758984e-01, 1.797693134862e+308, 8.4469e+00, 3.3654e-01, 
 2DIAGNOSTIC,     6, -2.875902737031e-01, 1.797693134862e+308, 8.7440e+00, 2.9711e-01, 
 2DIAGNOSTIC,     7, -2.876585078377e-01, 1.797693134862e+308, 9.1282e+00, 3.8417e-01, 
 2DIAGNOSTIC,     8, -2.876804785493e-01, 1.797693134862e+308, 9.5048e+00, 3.7662e-01, 
 2DIAGNOSTIC,     9, -2.876762144726e-01, 1.797693134862e+308, 1.0057e+01, 5.5210e-01, 
 2DIAGNOSTIC,    10, -2.876771911302e-01, 4.540567344748e-04, 1.0393e+01, 3.3599e-01, 
 2DIAGNOSTIC,    11, -2.876775150274e-01, 2.881738853480e-04, 1.0767e+01, 3.7411e-01, 
 2DIAGNOSTIC,    12, -2.876731117485e-01, 1.524234071561e-04, 1.1100e+01, 3.3291e-01, 
 2DIAGNOSTIC,    13, -2.876707023864e-01, 6.411268517670e-05, 1.1439e+01, 3.3927e-01, 
 2DIAGNOSTIC,    14, -2.876695879439e-01, 2.006262288624e-05, 1.1772e+01, 3.3283e-01, 
 2DIAGNOSTIC,    15, -2.876674831593e-01, 7.309011805109e-06, 1.2108e+01, 3.3578e-01, 
 2DIAGNOSTIC,    16, -2.876647247867e-01, 1.153198696924e-06, 1.2443e+01, 3.3531e-01, 
DIAGNOSTIC,Iteration,metricValue,convergenceValue,ITERATION_TIME_INDEX,SINCE_LAST
 2DIAGNOSTIC,     1, -2.367313889695e-01, 1.797693134862e+308, 1.8076e+01, 5.6330e+00, 
 2DIAGNOSTIC,     2, -2.368217618450e-01, 1.797693134862e+308, 2.0211e+01, 2.1352e+00, 
 2DIAGNOSTIC,     3, -2.369051740562e-01, 1.797693134862e+308, 2.2343e+01, 2.1313e+00, 
 2DIAGNOSTIC,     4, -2.369617138150e-01, 1.797693134862e+308, 2.4434e+01, 2.0912e+00, 
 2DIAGNOSTIC,     5, -2.370397302665e-01, 1.797693134862e+308, 2.6513e+01, 2.0789e+00, 
 2DIAGNOSTIC,     6, -2.372238666014e-01, 1.797693134862e+308, 2.8592e+01, 2.0789e+00, 
 2DIAGNOSTIC,     7, -2.376727019233e-01, 1.797693134862e+308, 3.4691e+01, 6.0999e+00, 
 2DIAGNOSTIC,     8, -2.376720176386e-01, 1.797693134862e+308, 3.7047e+01, 2.3554e+00, 
 2DIAGNOSTIC,     9, -2.376723747247e-01, 1.797693134862e+308, 4.0343e+01, 3.2961e+00, 
 2DIAGNOSTIC,    10, -2.376722135878e-01, 3.128237949674e-04, 4.3023e+01, 2.6799e+00, 
 2DIAGNOSTIC,    11, -2.376719987983e-01, 2.629947002804e-04, 4.5083e+01, 2.0605e+00, 
 2DIAGNOSTIC,    12, -2.376715315621e-01, 2.062708467049e-04, 4.7145e+01, 2.0618e+00, 
 2DIAGNOSTIC,    13, -2.376712414159e-01, 1.476204418960e-04, 4.9219e+01, 2.0741e+00, 
 2DIAGNOSTIC,    14, -2.376714722111e-01, 8.965510542015e-05, 5.1320e+01, 2.1013e+00, 
 2DIAGNOSTIC,    15, -2.376711689688e-01, 3.766255916196e-05, 5.3782e+01, 2.4612e+00, 
 2DIAGNOSTIC,    16, -2.376707177425e-01, 1.699310994197e-06, 5.6518e+01, 2.7361e+00, 
 2DIAGNOSTIC,    17, -2.376708841041e-01, 1.619098373047e-06, 5.8952e+01, 2.4344e+00, 
 2DIAGNOSTIC,    18, -2.376700271397e-01, 1.467120356743e-06, 6.1973e+01, 3.0204e+00, 
 2DIAGNOSTIC,    19, -2.376698807073e-01, 1.373150228030e-06, 6.4073e+01, 2.1000e+00, 
 2DIAGNOSTIC,    20, -2.376695481431e-01, 1.287063431769e-06, 6.6455e+01, 2.3821e+00, 
 2DIAGNOSTIC,    21, -2.376692117563e-01, 1.207057839826e-06, 6.8822e+01, 2.3672e+00, 
 2DIAGNOSTIC,    22, -2.376687894025e-01, 1.115415293462e-06, 7.1185e+01, 2.3630e+00, 
 2DIAGNOSTIC,    23, -2.376685589388e-01, 1.035657289448e-06, 7.3552e+01, 2.3675e+00, 
DIAGNOSTIC,Iteration,metricValue,convergenceValue,ITERATION_TIME_INDEX,SINCE_LAST
 2DIAGNOSTIC,     1, -1.972211284014e-01, 1.797693134862e+308, 9.4846e+01, 2.1293e+01, 
 2DIAGNOSTIC,     2, -1.972270186381e-01, 1.797693134862e+308, 1.2519e+02, 3.0340e+01, 
 2DIAGNOSTIC,     3, -1.972270838749e-01, 1.797693134862e+308, 1.4313e+02, 1.7942e+01, 
 2DIAGNOSTIC,     4, -1.972270461628e-01, 1.797693134862e+308, 1.5900e+02, 1.5869e+01, 
 2DIAGNOSTIC,     5, -1.972267764597e-01, 1.797693134862e+308, 1.7886e+02, 1.9863e+01, 
 2DIAGNOSTIC,     6, -1.972268689651e-01, 1.797693134862e+308, 1.9465e+02, 1.5793e+01, 
 2DIAGNOSTIC,     7, -1.972267569701e-01, 1.797693134862e+308, 2.1246e+02, 1.7808e+01, 
 2DIAGNOSTIC,     8, -1.972267384972e-01, 1.797693134862e+308, 2.2629e+02, 1.3831e+01, 
 2DIAGNOSTIC,     9, -1.972267221015e-01, 1.797693134862e+308, 2.4202e+02, 1.5729e+01, 
 2DIAGNOSTIC,    10, -1.972266665480e-01, 3.889543952446e-06, 2.5780e+02, 1.5778e+01, 
 2DIAGNOSTIC,    11, -1.972267115405e-01, 2.769269445840e-06, 2.7362e+02, 1.5818e+01, 
 2DIAGNOSTIC,    12, -1.972267447588e-01, 2.557141091653e-06, 2.8935e+02, 1.5738e+01, 
 2DIAGNOSTIC,    13, -1.972267335329e-01, 2.391963577125e-06, 3.0525e+02, 1.5894e+01, 
 2DIAGNOSTIC,    14, -1.972268085839e-01, 2.260147417985e-06, 3.2118e+02, 1.5930e+01, 
 2DIAGNOSTIC,    15, -1.972267738304e-01, 2.117251962447e-06, 3.3917e+02, 1.7987e+01, 
 2DIAGNOSTIC,    16, -1.972267309179e-01, 1.997337016654e-06, 3.5513e+02, 1.5963e+01, 
 2DIAGNOSTIC,    17, -1.972266879540e-01, 1.877611624380e-06, 3.6895e+02, 1.3825e+01, 
 2DIAGNOSTIC,    18, -1.972266991731e-01, 1.770050541909e-06, 3.8473e+02, 1.5779e+01, 
 2DIAGNOSTIC,    19, -1.972267192069e-01, 1.673828853049e-06, 4.0051e+02, 1.5780e+01, 
 2DIAGNOSTIC,    20, -1.972266810951e-01, 1.580390221204e-06, 4.1713e+02, 1.6615e+01, 
 2DIAGNOSTIC,    21, -1.972266815411e-01, 1.500093087470e-06, 4.3285e+02, 1.5726e+01, 
 2DIAGNOSTIC,    22, -1.972265429293e-01, 1.421651071705e-06, 4.4856e+02, 1.5708e+01, 
 2DIAGNOSTIC,    23, -1.972265171912e-01, 1.349981959435e-06, 4.6225e+02, 1.3693e+01, 
 2DIAGNOSTIC,    24, -1.972265378470e-01, 1.293047562627e-06, 4.7797e+02, 1.5718e+01, 
 2DIAGNOSTIC,    25, -1.972265785175e-01, 1.243950231843e-06, 4.9170e+02, 1.3729e+01, 
 2DIAGNOSTIC,    26, -1.972266372780e-01, 1.202239816249e-06, 5.0742e+02, 1.5715e+01, 
 2DIAGNOSTIC,    27, -1.972266147411e-01, 1.162168728933e-06, 5.2113e+02, 1.3714e+01, 
 2DIAGNOSTIC,    28, -1.972266719333e-01, 1.130083548871e-06, 5.3888e+02, 1.7754e+01, 
 2DIAGNOSTIC,    29, -1.972267173486e-01, 1.103903516909e-06, 5.5458e+02, 1.5700e+01, 
 2DIAGNOSTIC,    30, -1.972266235524e-01, 1.072274861069e-06, 5.7224e+02, 1.7652e+01, 
 2DIAGNOSTIC,    31, -1.972266304273e-01, 1.042226738107e-06, 5.8799e+02, 1.5754e+01, 
 2DIAGNOSTIC,    32, -1.972265765406e-01, 1.003907894481e-06, 6.0169e+02, 1.3694e+01, 
  Elapsed time (stage 0): 6.1134e+02


Stage 1
  iterations = 1000x500x250x100
  convergence threshold = 1.0000e-06
  convergence window size = 10
  number of levels = 4
  using the Mattes MI metric (number of bins = 32, weight = 1.0000e+00)
