This is job 37
Time: Thu 16 Sep 12:56:46 BST 2021
Running on master node: cpu-p-176
Current directory: /rds/user/ccn30/hpc-work/WBIC_lustre/ENCRYPT/scripts/Registration/slurmoutputs
Changed directory to /home/ccn30/rds/hpc-work/WBIC_lustre/ENCRYPT/scripts/Registration/slurmoutputs.

JobID: 46502811
======
Time: Thu 16 Sep 12:56:46 BST 2021
Running on master node: cpu-p-176
Current directory: /home/ccn30/rds/hpc-work/WBIC_lustre/ENCRYPT/scripts/Registration/slurmoutputs

Nodes allocated:
================
cpu-p-176

numtasks=, numnodes=, mpi_tasks_per_node= (OMP_NUM_THREADS=1)

Executing command:
==================
/home/ccn30/rds/hpc-work/WBIC_lustre/ENCRYPT/scripts/Registration/coreg_main.sh /home/ccn30/rds/hpc-work/WBIC_lustre/ENCRYPT/ENCRYPT_MasterRIScodes.txt 37 /home/ccn30/rds/rds-p00500_encrypt-URQgmO1brZ0/p00500 /home/ccn30/rds/hpc-work/WBIC_home/ENCRYPT/atlases/magdeburgatlas

******** starting 32355 ********
All_Command_lines_OK
Using double precision for computations.
=============================================================================
The composite transform comprises the following transforms (in order): 
  1. Center of mass alignment using fixed image: /home/ccn30/rds/hpc-work/WBIC_home/ENCRYPT/atlases/magdeburgatlas/template/template.nii.gz and moving image: /home/ccn30/rds/rds-p00500_encrypt-URQgmO1brZ0/p00500/ENCRYPT_images/32355/mp2rage/denoise_n4mag0000_PSIR_skulled_std.nii (type = Euler3DTransform)
=============================================================================
  number of levels = 4
  number of levels = 4
  fixed image: /home/ccn30/rds/hpc-work/WBIC_home/ENCRYPT/atlases/magdeburgatlas/template/template.nii.gz
  moving image: /home/ccn30/rds/rds-p00500_encrypt-URQgmO1brZ0/p00500/ENCRYPT_images/32355/mp2rage/denoise_n4mag0000_PSIR_skulled_std.nii
  fixed image: /home/ccn30/rds/hpc-work/WBIC_home/ENCRYPT/atlases/magdeburgatlas/template/template.nii.gz
  moving image: /home/ccn30/rds/rds-p00500_encrypt-URQgmO1brZ0/p00500/ENCRYPT_images/32355/mp2rage/denoise_n4mag0000_PSIR_skulled_std.nii
Dimension = 3
Number of stages = 2
Use Histogram Matching true
Winsorize image intensities true
Lower quantile = 0.005
Upper quantile = 0.995
Stage 1 State
   Image metric = Mattes
     Fixed image = Image (0x494a200)
  RTTI typeinfo:   itk::Image<double, 3u>
  Reference Count: 2
  Modified Time: 1698
  Debug: Off
  Object Name: 
  Observers: 
    none
  Source: (none)
  Source output name: (none)
  Release Data: Off
  Data Released: False
  Global Release Data: Off
  PipelineMTime: 0
  UpdateMTime: 1481
  RealTimeStamp: 0 seconds 
  LargestPossibleRegion: 
    Dimension: 3
    Index: [0, 0, 0]
    Size: [384, 301, 288]
  BufferedRegion: 
    Dimension: 3
    Index: [0, 0, 0]
    Size: [384, 301, 288]
  RequestedRegion: 
    Dimension: 3
    Index: [0, 0, 0]
    Size: [384, 301, 288]
  Spacing: [0.598958, 0.598958, 0.599937]
  Origin: [83.4012, -147.626, 85.1783]
  Direction: 
-0 0 -1
1 -0 0
0 -1 0

  IndexToPointMatrix: 
0 0 -0.599937
0.598958 0 0
0 -0.598958 0

  PointToIndexMatrix: 
0 1.66957 0
0 0 -1.66957
-1.66684 0 0

  Inverse Direction: 
0 1 0
0 0 -1
-1 0 0

  PixelContainer: 
    ImportImageContainer (0x493adc0)
      RTTI typeinfo:   itk::ImportImageContainer<unsigned long, double>
      Reference Count: 1
      Modified Time: 1478
      Debug: Off
      Object Name: 
      Observers: 
        none
      Pointer: 0x2adc0f38a010
      Container manages memory: true
      Size: 33288192
      Capacity: 33288192

     Moving image = Image (0x494e3f0)
  RTTI typeinfo:   itk::Image<double, 3u>
  Reference Count: 2
  Modified Time: 1699
  Debug: Off
  Object Name: 
  Observers: 
    none
  Source: (none)
  Source output name: (none)
  Release Data: Off
  Data Released: False
  Global Release Data: Off
  PipelineMTime: 0
  UpdateMTime: 1696
  RealTimeStamp: 0 seconds 
  LargestPossibleRegion: 
    Dimension: 3
    Index: [0, 0, 0]
    Size: [224, 320, 320]
  BufferedRegion: 
    Dimension: 3
    Index: [0, 0, 0]
    Size: [224, 320, 320]
  RequestedRegion: 
    Dimension: 3
    Index: [0, 0, 0]
    Size: [224, 320, 320]
  Spacing: [0.7, 0.7, 0.7]
  Origin: [-79.2964, 75.9504, -89.0539]
  Direction: 
1 0 0
0 -1 0
0 0 1

  IndexToPointMatrix: 
0.7 0 0
0 -0.7 0
0 0 0.7

  PointToIndexMatrix: 
1.42857 0 0
0 -1.42857 0
0 0 1.42857

  Inverse Direction: 
1 0 0
0 -1 0
0 0 1

  PixelContainer: 
    ImportImageContainer (0x494e6b0)
      RTTI typeinfo:   itk::ImportImageContainer<unsigned long, double>
      Reference Count: 1
      Modified Time: 1693
      Debug: Off
      Object Name: 
      Observers: 
        none
      Pointer: 0x2adc1f183010
      Container manages memory: true
      Size: 22937600
      Capacity: 22937600

     Weighting = 1
     Sampling strategy = regular
     Number of bins = 32
     Radius = 4
     Sampling percentage  = 0.25
   Transform = Rigid
     Gradient step = 0.1
     Update field sigma (voxel space) = 0
     Total field sigma (voxel space) = 0
     Update field time sigma = 0
     Total field time sigma  = 0
     Number of time indices = 0
     Number of time point samples = 0
Stage 2 State
   Image metric = Mattes
     Fixed image = Image (0x495d060)
  RTTI typeinfo:   itk::Image<double, 3u>
  Reference Count: 2
  Modified Time: 2130
  Debug: Off
  Object Name: 
  Observers: 
    none
  Source: (none)
  Source output name: (none)
  Release Data: Off
  Data Released: False
  Global Release Data: Off
  PipelineMTime: 0
  UpdateMTime: 1913
  RealTimeStamp: 0 seconds 
  LargestPossibleRegion: 
    Dimension: 3
    Index: [0, 0, 0]
    Size: [384, 301, 288]
  BufferedRegion: 
    Dimension: 3
    Index: [0, 0, 0]
    Size: [384, 301, 288]
  RequestedRegion: 
    Dimension: 3
    Index: [0, 0, 0]
    Size: [384, 301, 288]
  Spacing: [0.598958, 0.598958, 0.599937]
  Origin: [83.4012, -147.626, 85.1783]
  Direction: 
-0 0 -1
1 -0 0
0 -1 0

  IndexToPointMatrix: 
0 0 -0.599937
0.598958 0 0
0 -0.598958 0

  PointToIndexMatrix: 
0 1.66957 0
0 0 -1.66957
-1.66684 0 0

  Inverse Direction: 
0 1 0
0 0 -1
-1 0 0

  PixelContainer: 
    ImportImageContainer (0x4951140)
      RTTI typeinfo:   itk::ImportImageContainer<unsigned long, double>
      Reference Count: 1
      Modified Time: 1910
      Debug: Off
      Object Name: 
      Observers: 
        none
      Pointer: 0x2adc2a084010
      Container manages memory: true
      Size: 33288192
      Capacity: 33288192

     Moving image = Image (0x495ee80)
  RTTI typeinfo:   itk::Image<double, 3u>
  Reference Count: 2
  Modified Time: 2131
  Debug: Off
  Object Name: 
  Observers: 
    none
  Source: (none)
  Source output name: (none)
  Release Data: Off
  Data Released: False
  Global Release Data: Off
  PipelineMTime: 0
  UpdateMTime: 2128
  RealTimeStamp: 0 seconds 
  LargestPossibleRegion: 
    Dimension: 3
    Index: [0, 0, 0]
    Size: [224, 320, 320]
  BufferedRegion: 
    Dimension: 3
    Index: [0, 0, 0]
    Size: [224, 320, 320]
  RequestedRegion: 
    Dimension: 3
    Index: [0, 0, 0]
    Size: [224, 320, 320]
  Spacing: [0.7, 0.7, 0.7]
  Origin: [-79.2964, 75.9504, -89.0539]
  Direction: 
1 0 0
0 -1 0
0 0 1

  IndexToPointMatrix: 
0.7 0 0
0 -0.7 0
0 0 0.7

  PointToIndexMatrix: 
1.42857 0 0
0 -1.42857 0
0 0 1.42857

  Inverse Direction: 
1 0 0
0 -1 0
0 0 1

  PixelContainer: 
    ImportImageContainer (0x4959540)
      RTTI typeinfo:   itk::ImportImageContainer<unsigned long, double>
      Reference Count: 1
      Modified Time: 2125
      Debug: Off
      Object Name: 
      Observers: 
        none
      Pointer: 0x2adc39e7d010
      Container manages memory: true
      Size: 22937600
      Capacity: 22937600

     Weighting = 1
     Sampling strategy = regular
     Number of bins = 32
     Radius = 4
     Sampling percentage  = 0.25
   Transform = Affine
     Gradient step = 0.1
     Update field sigma (voxel space) = 0
     Total field sigma (voxel space) = 0
     Update field time sigma = 0
     Total field time sigma  = 0
     Number of time indices = 0
     Number of time point samples = 0
Registration using 2 total stages.

Stage 0
  iterations = 1000x500x250x100
  convergence threshold = 1e-06
  convergence window size = 10
  number of levels = 4
  using the Mattes MI metric (number of bins = 32, weight = 1)
  preprocessing:  winsorizing the image intensities
  preprocessing:  histogram matching the images
  Shrink factors (level 1 out of 4): [8, 8, 8]
  Shrink factors (level 2 out of 4): [4, 4, 4]
  Shrink factors (level 3 out of 4): [2, 2, 2]
  Shrink factors (level 4 out of 4): [1, 1, 1]
  smoothing sigmas per level: [3, 2, 1, 0]
  regular sampling (percentage = 0.25)

*** Running Euler3DTransform registration ***

DIAGNOSTIC,Iteration,metricValue,convergenceValue,ITERATION_TIME_INDEX,SINCE_LAST
 2DIAGNOSTIC,     1, -4.316723184645e-01, 1.797693134862e+308, 2.6614e+00, 2.6614e+00, 
 2DIAGNOSTIC,     2, -4.343137548287e-01, 1.797693134862e+308, 2.6933e+00, 3.1957e-02, 
 2DIAGNOSTIC,     3, -4.386371311041e-01, 1.797693134862e+308, 2.7288e+00, 3.5431e-02, 
 2DIAGNOSTIC,     4, -4.451667408624e-01, 1.797693134862e+308, 2.7646e+00, 3.5793e-02, 
 2DIAGNOSTIC,     5, -4.545033791585e-01, 1.797693134862e+308, 2.7969e+00, 3.2309e-02, 
 2DIAGNOSTIC,     6, -4.692810496451e-01, 1.797693134862e+308, 2.8278e+00, 3.0908e-02, 
 2DIAGNOSTIC,     7, -5.004541701768e-01, 1.797693134862e+308, 2.8626e+00, 3.4858e-02, 
 2DIAGNOSTIC,     8, -5.886705883328e-01, 1.797693134862e+308, 2.9077e+00, 4.5113e-02, 
 2DIAGNOSTIC,     9, -6.080242041469e-01, 1.797693134862e+308, 2.9439e+00, 3.6147e-02, 
 2DIAGNOSTIC,    10, -6.102391732145e-01, 2.647415741633e-02, 2.9788e+00, 3.4942e-02, 
 2DIAGNOSTIC,    11, -6.200023518589e-01, 2.627413752226e-02, 3.0292e+00, 5.0363e-02, 
 2DIAGNOSTIC,    12, -6.220345349726e-01, 2.397212059454e-02, 3.0649e+00, 3.5677e-02, 
 2DIAGNOSTIC,    13, -6.232563022161e-01, 2.012487088329e-02, 3.1118e+00, 4.6944e-02, 
 2DIAGNOSTIC,    14, -6.251855552694e-01, 1.542974485923e-02, 3.1510e+00, 3.9219e-02, 
 2DIAGNOSTIC,    15, -6.273865191147e-01, 1.051275294025e-02, 3.2014e+00, 5.0314e-02, 
 2DIAGNOSTIC,    16, -6.276412670163e-01, 5.847351021460e-03, 3.2412e+00, 3.9884e-02, 
 2DIAGNOSTIC,    17, -6.276384496671e-01, 2.152273373874e-03, 3.2795e+00, 3.8287e-02, 
 2DIAGNOSTIC,    18, -6.276424144658e-01, 1.226277290076e-03, 3.3196e+00, 4.0063e-02, 
 2DIAGNOSTIC,    19, -6.276262516633e-01, 8.164294425049e-04, 3.3651e+00, 4.5540e-02, 
 2DIAGNOSTIC,    20, -6.276308431889e-01, 4.261840411684e-04, 3.4034e+00, 3.8319e-02, 
 2DIAGNOSTIC,    21, -6.276189083799e-01, 2.708976099318e-04, 3.4354e+00, 3.1964e-02, 
 2DIAGNOSTIC,    22, -6.276095259561e-01, 1.527558124873e-04, 3.4715e+00, 3.6134e-02, 
 2DIAGNOSTIC,    23, -6.276171575560e-01, 5.794150474039e-05, 3.5077e+00, 3.6179e-02, 
 2DIAGNOSTIC,    24, -6.276475118376e-01, 5.781447604401e-06, 3.5412e+00, 3.3509e-02, 
 2DIAGNOSTIC,    25, -6.277187878889e-01, 2.533888796549e-06, 3.5730e+00, 3.1744e-02, 
 2DIAGNOSTIC,    26, -6.278293663183e-01, 6.343522136479e-06, 3.6112e+00, 3.8239e-02, 
 2DIAGNOSTIC,    27, -6.279709426199e-01, 1.186532075911e-05, 3.6511e+00, 3.9880e-02, 
 2DIAGNOSTIC,    28, -6.279867571668e-01, 1.628552159416e-05, 3.6914e+00, 4.0335e-02, 
 2DIAGNOSTIC,    29, -6.279675278760e-01, 1.839389774530e-05, 3.7323e+00, 4.0838e-02, 
 2DIAGNOSTIC,    30, -6.279453082383e-01, 1.846901669883e-05, 3.7682e+00, 3.5885e-02, 
 2DIAGNOSTIC,    31, -6.281189546680e-01, 1.941754602762e-05, 3.8173e+00, 4.9186e-02, 
 2DIAGNOSTIC,    32, -6.282035751421e-01, 1.960244414755e-05, 3.8618e+00, 4.4470e-02, 
 2DIAGNOSTIC,    33, -6.282139108787e-01, 1.828949224598e-05, 3.9021e+00, 4.0314e-02, 
 2DIAGNOSTIC,    34, -6.281764793665e-01, 1.540130242452e-05, 3.9355e+00, 3.3406e-02, 
 2DIAGNOSTIC,    35, -6.282140638705e-01, 1.283651127458e-05, 3.9736e+00, 3.8050e-02, 
 2DIAGNOSTIC,    36, -6.282184680233e-01, 1.071556578041e-05, 4.0106e+00, 3.7038e-02, 
 2DIAGNOSTIC,    37, -6.282186753303e-01, 9.581578023901e-06, 4.0454e+00, 3.4818e-02, 
 2DIAGNOSTIC,    38, -6.282188877937e-01, 7.931672590937e-06, 4.0826e+00, 3.7158e-02, 
 2DIAGNOSTIC,    39, -6.282348523478e-01, 5.717546800676e-06, 4.1190e+00, 3.6371e-02, 
 2DIAGNOSTIC,    40, -6.282513954496e-01, 3.033413997239e-06, 4.1524e+00, 3.3434e-02, 
 2DIAGNOSTIC,    41, -6.282678362853e-01, 2.450502695241e-06, 4.1878e+00, 3.5379e-02, 
 2DIAGNOSTIC,    42, -6.282857084189e-01, 2.901958298097e-06, 4.3088e+00, 1.2099e-01, 
 2DIAGNOSTIC,    43, -6.282857083548e-01, 3.261408497809e-06, 4.4330e+00, 1.2427e-01, 
 2DIAGNOSTIC,    44, -6.282857083548e-01, 2.952843340204e-06, 4.4817e+00, 4.8671e-02, 
 2DIAGNOSTIC,    45, -6.282857083548e-01, 2.843248336552e-06, 4.5224e+00, 4.0676e-02, 
 2DIAGNOSTIC,    46, -6.282857083548e-01, 2.581652154166e-06, 4.5665e+00, 4.4143e-02, 
 2DIAGNOSTIC,    47, -6.282857083548e-01, 2.157179587490e-06, 4.6114e+00, 4.4873e-02, 
 2DIAGNOSTIC,    48, -6.282857083548e-01, 1.614159258003e-06, 4.6539e+00, 4.2520e-02, 
 2DIAGNOSTIC,    49, -6.282857083548e-01, 1.160370497015e-06, 4.6972e+00, 4.3252e-02, 
DIAGNOSTIC,Iteration,metricValue,convergenceValue,ITERATION_TIME_INDEX,SINCE_LAST
 2DIAGNOSTIC,     1, -5.334439038029e-01, 1.797693134862e+308, 7.6293e+00, 2.9321e+00, 
 2DIAGNOSTIC,     2, -5.340367117320e-01, 1.797693134862e+308, 7.8847e+00, 2.5536e-01, 
 2DIAGNOSTIC,     3, -5.343145444203e-01, 1.797693134862e+308, 8.1286e+00, 2.4398e-01, 
 2DIAGNOSTIC,     4, -5.344089389299e-01, 1.797693134862e+308, 8.3753e+00, 2.4664e-01, 
 2DIAGNOSTIC,     5, -5.344993670788e-01, 1.797693134862e+308, 8.6209e+00, 2.4558e-01, 
 2DIAGNOSTIC,     6, -5.346823882995e-01, 1.797693134862e+308, 8.9382e+00, 3.1737e-01, 
 2DIAGNOSTIC,     7, -5.348691394409e-01, 1.797693134862e+308, 9.3629e+00, 4.2463e-01, 
 2DIAGNOSTIC,     8, -5.348735066974e-01, 1.797693134862e+308, 9.6055e+00, 2.4267e-01, 
 2DIAGNOSTIC,     9, -5.348764021978e-01, 1.797693134862e+308, 9.8887e+00, 2.8321e-01, 
 2DIAGNOSTIC,    10, -5.348790039622e-01, 1.523979474963e-04, 1.0168e+01, 2.7918e-01, 
 2DIAGNOSTIC,    11, -5.348776752461e-01, 9.317725512113e-05, 1.0450e+01, 2.8206e-01, 
 2DIAGNOSTIC,    12, -5.348758973763e-01, 6.152159000802e-05, 1.0730e+01, 2.8033e-01, 
 2DIAGNOSTIC,    13, -5.348760307181e-01, 4.081840074024e-05, 1.0977e+01, 2.4694e-01, 
 2DIAGNOSTIC,    14, -5.348733514602e-01, 2.316852947148e-05, 1.1256e+01, 2.7918e-01, 
 2DIAGNOSTIC,    15, -5.348734754681e-01, 9.071092388485e-06, 1.1501e+01, 2.4505e-01, 
 2DIAGNOSTIC,    16, -5.348737801005e-01, 2.015246888781e-06, 1.1780e+01, 2.7891e-01, 
 2DIAGNOSTIC,    17, -5.348756194629e-01, 1.682591439289e-06, 1.2063e+01, 2.8284e-01, 
 2DIAGNOSTIC,    18, -5.348773174360e-01, 1.580399342629e-06, 1.2307e+01, 2.4401e-01, 
 2DIAGNOSTIC,    19, -5.348759389733e-01, 1.546079798409e-06, 1.2554e+01, 2.4643e-01, 
 2DIAGNOSTIC,    20, -5.348776398812e-01, 1.644581437144e-06, 1.2847e+01, 2.9326e-01, 
 2DIAGNOSTIC,    21, -5.348783755777e-01, 1.712660243305e-06, 1.3157e+01, 3.1001e-01, 
 2DIAGNOSTIC,    22, -5.348979635306e-01, 2.184085538669e-06, 1.3409e+01, 2.5249e-01, 
 2DIAGNOSTIC,    23, -5.348967524197e-01, 2.509703820430e-06, 1.3904e+01, 4.9411e-01, 
 2DIAGNOSTIC,    24, -5.348954225606e-01, 2.620979946605e-06, 1.4181e+01, 2.7757e-01, 
 2DIAGNOSTIC,    25, -5.348983138024e-01, 2.673440843613e-06, 1.5062e+01, 8.8070e-01, 
 2DIAGNOSTIC,    26, -5.348983138023e-01, 2.590926172857e-06, 1.5590e+01, 5.2784e-01, 
 2DIAGNOSTIC,    27, -5.348983138023e-01, 2.415017702873e-06, 1.5866e+01, 2.7664e-01, 
 2DIAGNOSTIC,    28, -5.348983138023e-01, 2.168625458467e-06, 1.6255e+01, 3.8898e-01, 
 2DIAGNOSTIC,    29, -5.348983138023e-01, 1.821901281347e-06, 1.6533e+01, 2.7732e-01, 
 2DIAGNOSTIC,    30, -5.348983138023e-01, 1.462593952881e-06, 1.6811e+01, 2.7820e-01, 
 2DIAGNOSTIC,    31, -5.348983138023e-01, 1.090595959034e-06, 1.7094e+01, 2.8306e-01, 
 2DIAGNOSTIC,    32, -5.348983138023e-01, 1.062189823854e-06, 1.7403e+01, 3.0921e-01, 
 2DIAGNOSTIC,    33, -5.348983138023e-01, 1.010738275097e-06, 1.7685e+01, 2.8195e-01, 
DIAGNOSTIC,Iteration,metricValue,convergenceValue,ITERATION_TIME_INDEX,SINCE_LAST
 2DIAGNOSTIC,     1, -4.516468589591e-01, 1.797693134862e+308, 2.2739e+01, 5.0535e+00, 
 2DIAGNOSTIC,     2, -4.519549592629e-01, 1.797693134862e+308, 2.4826e+01, 2.0873e+00, 
 2DIAGNOSTIC,     3, -4.520099378968e-01, 1.797693134862e+308, 2.6649e+01, 1.8236e+00, 
 2DIAGNOSTIC,     4, -4.520548232101e-01, 1.797693134862e+308, 2.8460e+01, 1.8107e+00, 
 2DIAGNOSTIC,     5, -4.521508585837e-01, 1.797693134862e+308, 3.0542e+01, 2.0821e+00, 
 2DIAGNOSTIC,     6, -4.523935536191e-01, 1.797693134862e+308, 3.3957e+01, 3.4152e+00, 
 2DIAGNOSTIC,     7, -4.523928029207e-01, 1.797693134862e+308, 3.6305e+01, 2.3479e+00, 
 2DIAGNOSTIC,     8, -4.523939232378e-01, 1.797693134862e+308, 3.9188e+01, 2.8828e+00, 
 2DIAGNOSTIC,     9, -4.523937231152e-01, 1.797693134862e+308, 4.1265e+01, 2.0765e+00, 
 2DIAGNOSTIC,    10, -4.523936102969e-01, 1.035929626353e-04, 4.3082e+01, 1.8178e+00, 
 2DIAGNOSTIC,    11, -4.523935592637e-01, 6.717557259013e-05, 4.5438e+01, 2.3557e+00, 
 2DIAGNOSTIC,    12, -4.523936263326e-01, 4.718672619367e-05, 4.7537e+01, 2.0985e+00, 
 2DIAGNOSTIC,    13, -4.523933040355e-01, 2.907969643638e-05, 4.9368e+01, 1.8311e+00, 
 2DIAGNOSTIC,    14, -4.523931895874e-01, 1.315869986185e-05, 5.1467e+01, 2.0993e+00, 
 2DIAGNOSTIC,    15, -4.523932900494e-01, 2.103976661144e-06, 5.3819e+01, 2.3518e+00, 
 2DIAGNOSTIC,    16, -4.523931895862e-01, 1.962279044282e-06, 5.5905e+01, 2.0857e+00, 
 2DIAGNOSTIC,    17, -4.523928926564e-01, 1.799711250750e-06, 5.8259e+01, 2.3547e+00, 
 2DIAGNOSTIC,    18, -4.523927369258e-01, 1.696167442007e-06, 6.0074e+01, 1.8147e+00, 
 2DIAGNOSTIC,    19, -4.523923985864e-01, 1.592533604655e-06, 6.1897e+01, 1.8231e+00, 
 2DIAGNOSTIC,    20, -4.523929739407e-01, 1.521396736433e-06, 6.3710e+01, 1.8131e+00, 
 2DIAGNOSTIC,    21, -4.523927148165e-01, 1.453380969248e-06, 6.5795e+01, 2.0846e+00, 
 2DIAGNOSTIC,    22, -4.523930001407e-01, 1.408071152544e-06, 6.8135e+01, 2.3406e+00, 
 2DIAGNOSTIC,    23, -4.523930437400e-01, 1.362820031603e-06, 7.0222e+01, 2.0865e+00, 
 2DIAGNOSTIC,    24, -4.523928956218e-01, 1.316209171445e-06, 7.2295e+01, 2.0728e+00, 
 2DIAGNOSTIC,    25, -4.523927369805e-01, 1.272722431910e-06, 7.4367e+01, 2.0723e+00, 
 2DIAGNOSTIC,    26, -4.523925753352e-01, 1.226377264435e-06, 7.6445e+01, 2.0779e+00, 
 2DIAGNOSTIC,    27, -4.523926116678e-01, 1.177288212514e-06, 7.8526e+01, 2.0811e+00, 
 2DIAGNOSTIC,    28, -4.523924457434e-01, 1.124713866693e-06, 8.0330e+01, 1.8038e+00, 
 2DIAGNOSTIC,    29, -4.523922808025e-01, 1.065746320583e-06, 8.2364e+01, 2.0338e+00, 
 2DIAGNOSTIC,    30, -4.523922946175e-01, 1.026404837109e-06, 8.4134e+01, 1.7708e+00, 
DIAGNOSTIC,Iteration,metricValue,convergenceValue,ITERATION_TIME_INDEX,SINCE_LAST
 2DIAGNOSTIC,     1, -4.005831568753e-01, 1.797693134862e+308, 1.0297e+02, 1.8833e+01, 
 2DIAGNOSTIC,     2, -4.007017291262e-01, 1.797693134862e+308, 1.3146e+02, 2.8496e+01, 
 2DIAGNOSTIC,     3, -4.007019029914e-01, 1.797693134862e+308, 1.5724e+02, 2.5775e+01, 
 2DIAGNOSTIC,     4, -4.007019233636e-01, 1.797693134862e+308, 2.0211e+02, 4.4876e+01, 
 2DIAGNOSTIC,     5, -4.007019233636e-01, 1.797693134862e+308, 2.2731e+02, 2.5201e+01, 
 2DIAGNOSTIC,     6, -4.007019233636e-01, 1.797693134862e+308, 2.4158e+02, 1.4263e+01, 
 2DIAGNOSTIC,     7, -4.007019233636e-01, 1.797693134862e+308, 2.5756e+02, 1.5984e+01, 
 2DIAGNOSTIC,     8, -4.007019233636e-01, 1.797693134862e+308, 2.7371e+02, 1.6149e+01, 
 2DIAGNOSTIC,     9, -4.007019233636e-01, 1.797693134862e+308, 2.8795e+02, 1.4237e+01, 
 2DIAGNOSTIC,    10, -4.007019233636e-01, 1.161827565181e-05, 3.0167e+02, 1.3720e+01, 
 2DIAGNOSTIC,    11, -4.007019233636e-01, 2.905561496042e-06, 3.1784e+02, 1.6168e+01, 
 2DIAGNOSTIC,    12, -4.007019233636e-01, 2.652096665348e-06, 3.3221e+02, 1.4375e+01, 
 2DIAGNOSTIC,    13, -4.007019233636e-01, 2.446973034906e-06, 3.4475e+02, 1.2535e+01, 
 2DIAGNOSTIC,    14, -4.007019233636e-01, 2.272185542745e-06, 3.5912e+02, 1.4372e+01, 
 2DIAGNOSTIC,    15, -4.007019233636e-01, 2.120703508079e-06, 3.7354e+02, 1.4420e+01, 
 2DIAGNOSTIC,    16, -4.007019233636e-01, 1.988157079150e-06, 3.8792e+02, 1.4384e+01, 
 2DIAGNOSTIC,    17, -4.007019233636e-01, 1.871204619974e-06, 4.0233e+02, 1.4412e+01, 
 2DIAGNOSTIC,    18, -4.007019233636e-01, 1.767247092929e-06, 4.1672e+02, 1.4386e+01, 
 2DIAGNOSTIC,    19, -4.007019233636e-01, 1.674232634481e-06, 4.3020e+02, 1.3476e+01, 
 2DIAGNOSTIC,    20, -4.007019233636e-01, 1.590519759918e-06, 4.4446e+02, 1.4261e+01, 
 2DIAGNOSTIC,    21, -4.007019233636e-01, 1.514779652802e-06, 4.5881e+02, 1.4357e+01, 
 2DIAGNOSTIC,    22, -4.007019233636e-01, 1.445925102879e-06, 4.7321e+02, 1.4396e+01, 
 2DIAGNOSTIC,    23, -4.007019233636e-01, 1.383057982425e-06, 4.8755e+02, 1.4337e+01, 
 2DIAGNOSTIC,    24, -4.007019233636e-01, 1.325429853503e-06, 5.0195e+02, 1.4407e+01, 
 2DIAGNOSTIC,    25, -4.007019233636e-01, 1.272412029608e-06, 5.1993e+02, 1.7971e+01, 
 2DIAGNOSTIC,    26, -4.007019233636e-01, 1.223472546476e-06, 5.3431e+02, 1.4382e+01, 
 2DIAGNOSTIC,    27, -4.007019233636e-01, 1.178158250084e-06, 5.4871e+02, 1.4399e+01, 
 2DIAGNOSTIC,    28, -4.007019233636e-01, 1.136080723496e-06, 5.6496e+02, 1.6256e+01, 
 2DIAGNOSTIC,    29, -4.007019233636e-01, 1.096905125016e-06, 5.8010e+02, 1.5135e+01, 
 2DIAGNOSTIC,    30, -4.007019233636e-01, 1.060341258942e-06, 5.9629e+02, 1.6190e+01, 
 2DIAGNOSTIC,    31, -4.007019233636e-01, 1.026136374579e-06, 6.1254e+02, 1.6250e+01, 
  Elapsed time (stage 0): 6.2162e+02


Stage 1
  iterations = 1000x500x250x100
  convergence threshold = 1.0000e-06
  convergence window size = 10
  number of levels = 4
  using the Mattes MI metric (number of bins = 32, weight = 1.0000e+00)
  preprocessing:  winsorizing the image intensities
  preprocessing:  histogram matching the images
  Shrink factors (level 1 out of 4): [8, 8, 8]
  Shrink factors (level 2 out of 4): [4, 4, 4]
  Shrink factors (level 3 out of 4): [2, 2, 2]
  Shrink factors (level 4 out of 4): [1, 1, 1]
  smoothing sigmas per level: [3, 2, 1, 0]
  regular sampling (percentage = 2.5000e-01)

*** Running AffineTransform registration ***

DIAGNOSTIC,Iteration,metricValue,convergenceValue,ITERATION_TIME_INDEX,SINCE_LAST
 2DIAGNOSTIC,     1, -6.196076893196e-01, 1.797693134862e+308, 2.6668e+00, 2.6668e+00, 
 2DIAGNOSTIC,     2, -6.206808370347e-01, 1.797693134862e+308, 2.7051e+00, 3.8277e-02, 
 2DIAGNOSTIC,     3, -6.219385494313e-01, 1.797693134862e+308, 2.7433e+00, 3.8211e-02, 
 2DIAGNOSTIC,     4, -6.236028295337e-01, 1.797693134862e+308, 2.7804e+00, 3.7060e-02, 
 2DIAGNOSTIC,     5, -6.257922219583e-01, 1.797693134862e+308, 2.8189e+00, 3.8515e-02, 
 2DIAGNOSTIC,     6, -6.286075791877e-01, 1.797693134862e+308, 2.8564e+00, 3.7459e-02, 
 2DIAGNOSTIC,     7, -6.311363575525e-01, 1.797693134862e+308, 2.8933e+00, 3.6930e-02, 
 2DIAGNOSTIC,     8, -6.332440076577e-01, 1.797693134862e+308, 2.9410e+00, 4.7758e-02, 
 2DIAGNOSTIC,     9, -6.338931023184e-01, 1.797693134862e+308, 2.9899e+00, 4.8882e-02, 
 2DIAGNOSTIC,    10, -6.342922900213e-01, 1.731557252387e-03, 3.0282e+00, 3.8311e-02, 
 2DIAGNOSTIC,    11, -6.355547435492e-01, 1.516349189027e-03, 3.0734e+00, 4.5128e-02, 
 2DIAGNOSTIC,    12, -6.365403873534e-01, 1.276890222279e-03, 3.1117e+00, 3.8350e-02, 
 2DIAGNOSTIC,    13, -6.367254170806e-01, 1.008827238344e-03, 3.1658e+00, 5.4113e-02, 
 2DIAGNOSTIC,    14, -6.368369591337e-01, 7.459883111858e-04, 3.2083e+00, 4.2480e-02, 
 2DIAGNOSTIC,    15, -6.370508554801e-01, 5.224950594167e-04, 3.2470e+00, 3.8660e-02, 
 2DIAGNOSTIC,    16, -6.377033674790e-01, 3.753374544930e-04, 3.2903e+00, 4.3286e-02, 
 2DIAGNOSTIC,    17, -6.378845040456e-01, 2.809071139725e-04, 3.3296e+00, 3.9331e-02, 
 2DIAGNOSTIC,    18, -6.380964081536e-01, 2.294365943838e-04, 3.3818e+00, 5.2222e-02, 
 2DIAGNOSTIC,    19, -6.381414154474e-01, 1.793304373482e-04, 3.4243e+00, 4.2526e-02, 
 2DIAGNOSTIC,    20, -6.381121616405e-01, 1.255672144507e-04, 3.4681e+00, 4.3724e-02, 
 2DIAGNOSTIC,    21, -6.380999017889e-01, 9.149321696219e-05, 3.5097e+00, 4.1637e-02, 
 2DIAGNOSTIC,    22, -6.380844097212e-01, 7.182845683485e-05, 3.5468e+00, 3.7149e-02, 
 2DIAGNOSTIC,    23, -6.380828352367e-01, 5.099255549969e-05, 3.5891e+00, 4.2303e-02, 
 2DIAGNOSTIC,    24, -6.380550645770e-01, 2.887937606063e-05, 3.6314e+00, 4.2261e-02, 
 2DIAGNOSTIC,    25, -6.380679943830e-01, 9.814796045150e-06, 3.6673e+00, 3.5886e-02, 
 2DIAGNOSTIC,    26, -6.380849382323e-01, 2.935251525726e-06, 3.7037e+00, 3.6457e-02, 
DIAGNOSTIC,Iteration,metricValue,convergenceValue,ITERATION_TIME_INDEX,SINCE_LAST
 2DIAGNOSTIC,     1, -5.449724301185e-01, 1.797693134862e+308, 6.7052e+00, 3.0015e+00, 
 2DIAGNOSTIC,     2, -5.452081622932e-01, 1.797693134862e+308, 6.9732e+00, 2.6791e-01, 
 2DIAGNOSTIC,     3, -5.454995983958e-01, 1.797693134862e+308, 7.2528e+00, 2.7962e-01, 
 2DIAGNOSTIC,     4, -5.458023781662e-01, 1.797693134862e+308, 7.5291e+00, 2.7633e-01, 
 2DIAGNOSTIC,     5, -5.460190637584e-01, 1.797693134862e+308, 7.7996e+00, 2.7050e-01, 
 2DIAGNOSTIC,     6, -5.462316305568e-01, 1.797693134862e+308, 8.1811e+00, 3.8152e-01, 
 2DIAGNOSTIC,     7, -5.463364228059e-01, 1.797693134862e+308, 8.4392e+00, 2.5810e-01, 
 2DIAGNOSTIC,     8, -5.465378628312e-01, 1.797693134862e+308, 8.7108e+00, 2.7161e-01, 
 2DIAGNOSTIC,     9, -5.470702789135e-01, 1.797693134862e+308, 9.0204e+00, 3.0960e-01, 
 2DIAGNOSTIC,    10, -5.474832539299e-01, 2.712470862285e-04, 9.4366e+00, 4.1621e-01, 
 2DIAGNOSTIC,    11, -5.475538953045e-01, 2.501934999556e-04, 9.7447e+00, 3.0803e-01, 
 2DIAGNOSTIC,    12, -5.475455847421e-01, 2.206554864841e-04, 1.0196e+01, 4.5182e-01, 
 2DIAGNOSTIC,    13, -5.475455352960e-01, 1.876254203214e-04, 1.0508e+01, 3.1111e-01, 
 2DIAGNOSTIC,    14, -5.475437956933e-01, 1.532358464692e-04, 1.0888e+01, 3.8084e-01, 
 2DIAGNOSTIC,    15, -5.475430317878e-01, 1.167676643097e-04, 1.1201e+01, 3.1300e-01, 
 2DIAGNOSTIC,    16, -5.475424882326e-01, 8.141846110495e-05, 1.1545e+01, 3.4340e-01, 
 2DIAGNOSTIC,    17, -5.475415754842e-01, 4.632067367984e-05, 1.1856e+01, 3.1120e-01, 
 2DIAGNOSTIC,    18, -5.475404611096e-01, 1.654518155438e-05, 1.2125e+01, 2.6861e-01, 
 2DIAGNOSTIC,    19, -5.475396647061e-01, 2.779307028647e-06, 1.2396e+01, 2.7124e-01, 
 2DIAGNOSTIC,    20, -5.475409853081e-01, 1.000818136532e-06, 1.2707e+01, 3.1062e-01, 
 2DIAGNOSTIC,    21, -5.475409545965e-01, 1.198463527405e-06, 1.3014e+01, 3.0746e-01, 
 2DIAGNOSTIC,    22, -5.475405032234e-01, 1.200697416485e-06, 1.3323e+01, 3.0860e-01, 
 2DIAGNOSTIC,    23, -5.475374855693e-01, 1.158602322492e-06, 1.3630e+01, 3.0703e-01, 
 2DIAGNOSTIC,    24, -5.475367510415e-01, 1.089659346531e-06, 1.3934e+01, 3.0416e-01, 
DIAGNOSTIC,Iteration,metricValue,convergenceValue,ITERATION_TIME_INDEX,SINCE_LAST
 2DIAGNOSTIC,     1, -4.670106090132e-01, 1.797693134862e+308, 1.9183e+01, 5.2497e+00, 
 2DIAGNOSTIC,     2, -4.675374550626e-01, 1.797693134862e+308, 2.1180e+01, 1.9963e+00, 
 2DIAGNOSTIC,     3, -4.678776132690e-01, 1.797693134862e+308, 2.3203e+01, 2.0229e+00, 
 2DIAGNOSTIC,     4, -4.680022986576e-01, 1.797693134862e+308, 2.5783e+01, 2.5806e+00, 
 2DIAGNOSTIC,     5, -4.680054574486e-01, 1.797693134862e+308, 2.8083e+01, 2.2999e+00, 
 2DIAGNOSTIC,     6, -4.680024270071e-01, 1.797693134862e+308, 3.1749e+01, 3.6661e+00, 
 2DIAGNOSTIC,     7, -4.680023149181e-01, 1.797693134862e+308, 3.5437e+01, 3.6874e+00, 
 2DIAGNOSTIC,     8, -4.680025201990e-01, 1.797693134862e+308, 3.7726e+01, 2.2893e+00, 
 2DIAGNOSTIC,     9, -4.680023454907e-01, 1.797693134862e+308, 4.0019e+01, 2.2935e+00, 
 2DIAGNOSTIC,    10, -4.680021608026e-01, 9.338602143165e-05, 4.2307e+01, 2.2875e+00, 
 2DIAGNOSTIC,    11, -4.680018033902e-01, 3.446929104337e-05, 4.4587e+01, 2.2799e+00, 
 2DIAGNOSTIC,    12, -4.680015848058e-01, 8.787861207990e-06, 4.6593e+01, 2.0061e+00, 
 2DIAGNOSTIC,    13, -4.680013784401e-01, 2.221314329739e-06, 4.8847e+01, 2.2542e+00, 
 2DIAGNOSTIC,    14, -4.680013617726e-01, 2.017154260445e-06, 5.1380e+01, 2.5332e+00, 
 2DIAGNOSTIC,    15, -4.680012947643e-01, 1.992332655548e-06, 5.3669e+01, 2.2890e+00, 
 2DIAGNOSTIC,    16, -4.680011850799e-01, 1.863548041159e-06, 5.5703e+01, 2.0336e+00, 
 2DIAGNOSTIC,    17, -4.680011123616e-01, 1.754708776253e-06, 5.7736e+01, 2.0328e+00, 
 2DIAGNOSTIC,    18, -4.680011325618e-01, 1.676399832048e-06, 5.9750e+01, 2.0143e+00, 
 2DIAGNOSTIC,    19, -4.680010097787e-01, 1.605127387339e-06, 6.2048e+01, 2.2984e+00, 
 2DIAGNOSTIC,    20, -4.680010979956e-01, 1.544755758670e-06, 6.4353e+01, 2.3044e+00, 
 2DIAGNOSTIC,    21, -4.680011418924e-01, 1.485416620775e-06, 6.6659e+01, 2.3065e+00, 
 2DIAGNOSTIC,    22, -4.680011853676e-01, 1.429510615603e-06, 6.8962e+01, 2.3028e+00, 
 2DIAGNOSTIC,    23, -4.680010229167e-01, 1.370255448843e-06, 7.1281e+01, 2.3193e+00, 
 2DIAGNOSTIC,    24, -4.680008367381e-01, 1.312199071457e-06, 7.3581e+01, 2.2999e+00, 
 2DIAGNOSTIC,    25, -4.680004485545e-01, 1.249120902339e-06, 7.5838e+01, 2.2567e+00, 
 2DIAGNOSTIC,    26, -4.680005166195e-01, 1.192252133686e-06, 7.8371e+01, 2.5331e+00, 
 2DIAGNOSTIC,    27, -4.680004670893e-01, 1.139562966067e-06, 8.0401e+01, 2.0296e+00, 
 2DIAGNOSTIC,    28, -4.680003243580e-01, 1.091730163529e-06, 8.3003e+01, 2.6026e+00, 
 2DIAGNOSTIC,    29, -4.680002634209e-01, 1.047727347499e-06, 8.5292e+01, 2.2886e+00, 
 2DIAGNOSTIC,    30, -4.679999669802e-01, 1.007160989025e-06, 8.7299e+01, 2.0075e+00, 
DIAGNOSTIC,Iteration,metricValue,convergenceValue,ITERATION_TIME_INDEX,SINCE_LAST
 2DIAGNOSTIC,     1, -4.145399237904e-01, 1.797693134862e+308, 1.0549e+02, 1.8193e+01, 
 2DIAGNOSTIC,     2, -4.147134183188e-01, 1.797693134862e+308, 1.2127e+02, 1.5782e+01, 
 2DIAGNOSTIC,     3, -4.147431785613e-01, 1.797693134862e+308, 1.3711e+02, 1.5839e+01, 
 2DIAGNOSTIC,     4, -4.147437553618e-01, 1.797693134862e+308, 1.5666e+02, 1.9541e+01, 
 2DIAGNOSTIC,     5, -4.147442838789e-01, 1.797693134862e+308, 1.7249e+02, 1.5840e+01, 
 2DIAGNOSTIC,     6, -4.147440024661e-01, 1.797693134862e+308, 1.8834e+02, 1.5846e+01, 
 2DIAGNOSTIC,     7, -4.147433401556e-01, 1.797693134862e+308, 2.0420e+02, 1.5857e+01, 
 2DIAGNOSTIC,     8, -4.147431039923e-01, 1.797693134862e+308, 2.1998e+02, 1.5784e+01, 
 2DIAGNOSTIC,     9, -4.147433005826e-01, 1.797693134862e+308, 2.4414e+02, 2.4157e+01, 
 2DIAGNOSTIC,    10, -4.147434072698e-01, 1.889478203072e-05, 2.6184e+02, 1.7707e+01, 
 2DIAGNOSTIC,    11, -4.147433937095e-01, 4.710857255508e-06, 2.8505e+02, 2.3207e+01, 
 2DIAGNOSTIC,    12, -4.147433575183e-01, 2.587035770357e-06, 2.9901e+02, 1.3961e+01, 
 2DIAGNOSTIC,    13, -4.147433459671e-01, 2.363611652137e-06, 3.1300e+02, 1.3989e+01, 
 2DIAGNOSTIC,    14, -4.147433024180e-01, 2.204193827945e-06, 3.2885e+02, 1.5844e+01, 
 2DIAGNOSTIC,    15, -4.147432936085e-01, 2.095724968010e-06, 3.4459e+02, 1.5744e+01, 
 2DIAGNOSTIC,    16, -4.147432839882e-01, 1.991451661409e-06, 3.6012e+02, 1.5534e+01, 
 2DIAGNOSTIC,    17, -4.147432787955e-01, 1.872683373677e-06, 3.7544e+02, 1.5321e+01, 
 2DIAGNOSTIC,    18, -4.147432811416e-01, 1.757916712558e-06, 3.9095e+02, 1.5500e+01, 
 2DIAGNOSTIC,    19, -4.147432379904e-01, 1.661513745796e-06, 4.0677e+02, 1.5825e+01, 
 2DIAGNOSTIC,    20, -4.147432085877e-01, 1.578627722855e-06, 4.2260e+02, 1.5828e+01, 
 2DIAGNOSTIC,    21, -4.147432317715e-01, 1.505084444062e-06, 4.3844e+02, 1.5845e+01, 
 2DIAGNOSTIC,    22, -4.147432117210e-01, 1.437321669462e-06, 4.5426e+02, 1.5816e+01, 
 2DIAGNOSTIC,    23, -4.147431936359e-01, 1.375419745556e-06, 4.6999e+02, 1.5729e+01, 
 2DIAGNOSTIC,    24, -4.147431774681e-01, 1.317732613693e-06, 4.8580e+02, 1.5814e+01, 
 2DIAGNOSTIC,    25, -4.147431561017e-01, 1.264577821299e-06, 5.0163e+02, 1.5831e+01, 
 2DIAGNOSTIC,    26, -4.147431515690e-01, 1.215860894715e-06, 5.1745e+02, 1.5814e+01, 
 2DIAGNOSTIC,    27, -4.147431220005e-01, 1.170559636221e-06, 5.3060e+02, 1.3150e+01, 
 2DIAGNOSTIC,    28, -4.147431258184e-01, 1.129415358937e-06, 5.4646e+02, 1.5864e+01, 
 2DIAGNOSTIC,    29, -4.147431575437e-01, 1.091485113153e-06, 5.6234e+02, 1.5878e+01, 
 2DIAGNOSTIC,    30, -4.147431496544e-01, 1.055697023113e-06, 5.8185e+02, 1.9509e+01, 
 2DIAGNOSTIC,    31, -4.147431395364e-01, 1.022969991805e-06, 5.9748e+02, 1.5637e+01, 
  Elapsed time (stage 1): 6.0762e+02


Total elapsed time: 1.2292e+03

--------------------------------------------------------------------------------------
 Mapping parameters
--------------------------------------------------------------------------------------
 ANTSPATH is /usr/local/software/spack/spack-git/opt/spack/linux-rhel7-broadwell/gcc-5/ants-2.3.4-lj6vm7ccmij4yywr4ynrttcko4aoflqt/bin

 Dimensionality:           3
 Output name prefix:       T1xT2_ANTs
 Fixed images:             /home/ccn30/rds/rds-p00500_encrypt-URQgmO1brZ0/p00500/ENCRYPT_images/32355/T2/N4t2.nii
 Moving images:            /home/ccn30/rds/rds-p00500_encrypt-URQgmO1brZ0/p00500/ENCRYPT_images/32355/mp2rage/n4mag0000_PSIR_skulled_std.nii
 Mask images:              
 Initial transforms:       
 Number of threads:        1
 Spline distance:          26
 Transform type:           a
 MI histogram bins:        32
 Precision:                d
 Use histogram matching    0
======================================================================================
 antsRegistration call:
--------------------------------------------------------------------------------------
/usr/local/software/spack/spack-git/opt/spack/linux-rhel7-broadwell/gcc-5/ants-2.3.4-lj6vm7ccmij4yywr4ynrttcko4aoflqt/bin/antsRegistration --verbose 1 --dimensionality 3 --float 0 --collapse-output-transforms 1 --output [ T1xT2_ANTs,T1xT2_ANTsWarped.nii.gz,T1xT2_ANTsInverseWarped.nii.gz ] --interpolation Linear --use-histogram-matching 0 --winsorize-image-intensities [ 0.005,0.995 ] --initial-moving-transform [ /home/ccn30/rds/rds-p00500_encrypt-URQgmO1brZ0/p00500/ENCRYPT_images/32355/T2/N4t2.nii,/home/ccn30/rds/rds-p00500_encrypt-URQgmO1brZ0/p00500/ENCRYPT_images/32355/mp2rage/n4mag0000_PSIR_skulled_std.nii,1 ] --transform Rigid[ 0.1 ] --metric MI[ /home/ccn30/rds/rds-p00500_encrypt-URQgmO1brZ0/p00500/ENCRYPT_images/32355/T2/N4t2.nii,/home/ccn30/rds/rds-p00500_encrypt-URQgmO1brZ0/p00500/ENCRYPT_images/32355/mp2rage/n4mag0000_PSIR_skulled_std.nii,1,32,Regular,0.25 ] --convergence [ 1000x500x250x0,1e-6,10 ] --shrink-factors 12x8x4x2 --smoothing-sigmas 4x3x2x1vox --transform Affine[ 0.1 ] --metric MI[ /home/ccn30/rds/rds-p00500_encrypt-URQgmO1brZ0/p00500/ENCRYPT_images/32355/T2/N4t2.nii,/home/ccn30/rds/rds-p00500_encrypt-URQgmO1brZ0/p00500/ENCRYPT_images/32355/mp2rage/n4mag0000_PSIR_skulled_std.nii,1,32,Regular,0.25 ] --convergence [ 1000x500x250x0,1e-6,10 ] --shrink-factors 12x8x4x2 --smoothing-sigmas 4x3x2x1vox
--------------------------------------------------------------------------------------
All_Command_lines_OK
Using double precision for computations.
=============================================================================
The composite transform comprises the following transforms (in order): 
  1. Center of mass alignment using fixed image: /home/ccn30/rds/rds-p00500_encrypt-URQgmO1brZ0/p00500/ENCRYPT_images/32355/T2/N4t2.nii and moving image: /home/ccn30/rds/rds-p00500_encrypt-URQgmO1brZ0/p00500/ENCRYPT_images/32355/mp2rage/n4mag0000_PSIR_skulled_std.nii (type = Euler3DTransform)
=============================================================================
  number of levels = 4
  number of levels = 4
  fixed image: /home/ccn30/rds/rds-p00500_encrypt-URQgmO1brZ0/p00500/ENCRYPT_images/32355/T2/N4t2.nii
  moving image: /home/ccn30/rds/rds-p00500_encrypt-URQgmO1brZ0/p00500/ENCRYPT_images/32355/mp2rage/n4mag0000_PSIR_skulled_std.nii
  fixed image: /home/ccn30/rds/rds-p00500_encrypt-URQgmO1brZ0/p00500/ENCRYPT_images/32355/T2/N4t2.nii
  moving image: /home/ccn30/rds/rds-p00500_encrypt-URQgmO1brZ0/p00500/ENCRYPT_images/32355/mp2rage/n4mag0000_PSIR_skulled_std.nii
Dimension = 3
Number of stages = 2
Use Histogram Matching false
Winsorize image intensities true
Lower quantile = 0.005
Upper quantile = 0.995
Stage 1 State
   Image metric = Mattes
     Fixed image = Image (0x3d2e010)
  RTTI typeinfo:   itk::Image<double, 3u>
  Reference Count: 2
  Modified Time: 1709
  Debug: Off
  Object Name: 
  Observers: 
    none
  Source: (none)
  Source output name: (none)
  Release Data: Off
  Data Released: False
  Global Release Data: Off
  PipelineMTime: 0
  UpdateMTime: 1492
  RealTimeStamp: 0 seconds 
  LargestPossibleRegion: 
    Dimension: 3
    Index: [0, 0, 0]
    Size: [512, 512, 54]
  BufferedRegion: 
    Dimension: 3
    Index: [0, 0, 0]
    Size: [512, 512, 54]
  RequestedRegion: 
    Dimension: 3
    Index: [0, 0, 0]
    Size: [512, 512, 54]
  Spacing: [0.4375, 0.4375, 1.1]
  Origin: [-113.854, -1.89184, -103.527]
  Direction: 
0.997133 0.0229465 -0.072104
0.0746388 -0.454848 0.887436
0.0124328 0.890273 0.455257

  IndexToPointMatrix: 
0.436246 0.0100391 -0.0793143
0.0326545 -0.198996 0.976179
0.00543934 0.389495 0.500782

  PointToIndexMatrix: 
2.27916 0.170603 0.0284178
0.0524492 -1.03965 2.03491
-0.0655491 0.80676 0.41387

  Inverse Direction: 
0.997133 0.0746388 0.0124328
0.0229465 -0.454848 0.890273
-0.072104 0.887436 0.455257

  PixelContainer: 
    ImportImageContainer (0x3d28980)
      RTTI typeinfo:   itk::ImportImageContainer<unsigned long, double>
      Reference Count: 1
      Modified Time: 1489
      Debug: Off
      Object Name: 
      Observers: 
        none
      Pointer: 0x2ac0e2615010
      Container manages memory: true
      Size: 14155776
      Capacity: 14155776

     Moving image = Image (0x3d2bb30)
  RTTI typeinfo:   itk::Image<double, 3u>
  Reference Count: 2
  Modified Time: 1710
  Debug: Off
  Object Name: 
  Observers: 
    none
  Source: (none)
  Source output name: (none)
  Release Data: Off
  Data Released: False
  Global Release Data: Off
  PipelineMTime: 0
  UpdateMTime: 1707
  RealTimeStamp: 0 seconds 
  LargestPossibleRegion: 
    Dimension: 3
    Index: [0, 0, 0]
    Size: [224, 320, 320]
  BufferedRegion: 
    Dimension: 3
    Index: [0, 0, 0]
    Size: [224, 320, 320]
  RequestedRegion: 
    Dimension: 3
    Index: [0, 0, 0]
    Size: [224, 320, 320]
  Spacing: [0.7, 0.7, 0.7]
  Origin: [-79.2964, 75.9504, -89.0539]
  Direction: 
1 0 0
0 -1 0
0 0 1

  IndexToPointMatrix: 
0.7 0 0
0 -0.7 0
0 0 0.7

  PointToIndexMatrix: 
1.42857 0 0
0 -1.42857 0
0 0 1.42857

  Inverse Direction: 
1 0 0
0 -1 0
0 0 1

  PixelContainer: 
    ImportImageContainer (0x3d28780)
      RTTI typeinfo:   itk::ImportImageContainer<unsigned long, double>
      Reference Count: 1
      Modified Time: 1704
      Debug: Off
      Object Name: 
      Observers: 
        none
      Pointer: 0x2ac0e9216010
      Container manages memory: true
      Size: 22937600
      Capacity: 22937600

     Weighting = 1
     Sampling strategy = regular
     Number of bins = 32
     Radius = 4
     Sampling percentage  = 0.25
   Transform = Rigid
     Gradient step = 0.1
     Update field sigma (voxel space) = 0
     Total field sigma (voxel space) = 0
     Update field time sigma = 0
     Total field time sigma  = 0
     Number of time indices = 0
     Number of time point samples = 0
Stage 2 State
   Image metric = Mattes
     Fixed image = Image (0x3d3d500)
  RTTI typeinfo:   itk::Image<double, 3u>
  Reference Count: 2
  Modified Time: 2141
  Debug: Off
  Object Name: 
  Observers: 
    none
  Source: (none)
  Source output name: (none)
  Release Data: Off
  Data Released: False
  Global Release Data: Off
  PipelineMTime: 0
  UpdateMTime: 1924
  RealTimeStamp: 0 seconds 
  LargestPossibleRegion: 
    Dimension: 3
    Index: [0, 0, 0]
    Size: [512, 512, 54]
  BufferedRegion: 
    Dimension: 3
    Index: [0, 0, 0]
    Size: [512, 512, 54]
  RequestedRegion: 
    Dimension: 3
    Index: [0, 0, 0]
    Size: [512, 512, 54]
  Spacing: [0.4375, 0.4375, 1.1]
  Origin: [-113.854, -1.89184, -103.527]
  Direction: 
0.997133 0.0229465 -0.072104
0.0746388 -0.454848 0.887436
0.0124328 0.890273 0.455257

  IndexToPointMatrix: 
0.436246 0.0100391 -0.0793143
0.0326545 -0.198996 0.976179
0.00543934 0.389495 0.500782

  PointToIndexMatrix: 
2.27916 0.170603 0.0284178
0.0524492 -1.03965 2.03491
-0.0655491 0.80676 0.41387

  Inverse Direction: 
0.997133 0.0746388 0.0124328
0.0229465 -0.454848 0.890273
-0.072104 0.887436 0.455257

  PixelContainer: 
    ImportImageContainer (0x3d2e860)
      RTTI typeinfo:   itk::ImportImageContainer<unsigned long, double>
      Reference Count: 1
      Modified Time: 1921
      Debug: Off
      Object Name: 
      Observers: 
        none
      Pointer: 0x2ac0f4117010
      Container manages memory: true
      Size: 14155776
      Capacity: 14155776

     Moving image = Image (0x3d41f40)
  RTTI typeinfo:   itk::Image<double, 3u>
  Reference Count: 2
  Modified Time: 2142
  Debug: Off
  Object Name: 
  Observers: 
    none
  Source: (none)
  Source output name: (none)
  Release Data: Off
  Data Released: False
  Global Release Data: Off
  PipelineMTime: 0
  UpdateMTime: 2139
  RealTimeStamp: 0 seconds 
  LargestPossibleRegion: 
    Dimension: 3
    Index: [0, 0, 0]
    Size: [224, 320, 320]
  BufferedRegion: 
    Dimension: 3
    Index: [0, 0, 0]
    Size: [224, 320, 320]
  RequestedRegion: 
    Dimension: 3
    Index: [0, 0, 0]
    Size: [224, 320, 320]
  Spacing: [0.7, 0.7, 0.7]
  Origin: [-79.2964, 75.9504, -89.0539]
  Direction: 
1 0 0
0 -1 0
0 0 1

  IndexToPointMatrix: 
0.7 0 0
0 -0.7 0
0 0 0.7

  PointToIndexMatrix: 
1.42857 0 0
0 -1.42857 0
0 0 1.42857

  Inverse Direction: 
1 0 0
0 -1 0
0 0 1

  PixelContainer: 
    ImportImageContainer (0x3d39750)
      RTTI typeinfo:   itk::ImportImageContainer<unsigned long, double>
      Reference Count: 1
      Modified Time: 2136
      Debug: Off
      Object Name: 
      Observers: 
        none
      Pointer: 0x2ac0fad18010
      Container manages memory: true
      Size: 22937600
      Capacity: 22937600

     Weighting = 1
     Sampling strategy = regular
     Number of bins = 32
     Radius = 4
     Sampling percentage  = 0.25
   Transform = Affine
     Gradient step = 0.1
     Update field sigma (voxel space) = 0
     Total field sigma (voxel space) = 0
     Update field time sigma = 0
     Total field time sigma  = 0
     Number of time indices = 0
     Number of time point samples = 0
Registration using 2 total stages.

Stage 0
  iterations = 1000x500x250x0
  convergence threshold = 1e-06
  convergence window size = 10
  number of levels = 4
  using the Mattes MI metric (number of bins = 32, weight = 1)
  preprocessing:  winsorizing the image intensities
  Shrink factors (level 1 out of 4): [12, 12, 5]
  Shrink factors (level 2 out of 4): [8, 8, 3]
  Shrink factors (level 3 out of 4): [4, 4, 2]
  Shrink factors (level 4 out of 4): [2, 2, 1]
  smoothing sigmas per level: [4, 3, 2, 1]
  regular sampling (percentage = 0.25)

*** Running Euler3DTransform registration ***

DIAGNOSTIC,Iteration,metricValue,convergenceValue,ITERATION_TIME_INDEX,SINCE_LAST
 2DIAGNOSTIC,     1, -3.249102193661e-01, 1.797693134862e+308, 4.0005e+00, 4.0005e+00, 
 2DIAGNOSTIC,     2, -3.280082637128e-01, 1.797693134862e+308, 4.0133e+00, 1.2814e-02, 
 2DIAGNOSTIC,     3, -3.333382386219e-01, 1.797693134862e+308, 4.0231e+00, 9.7809e-03, 
 2DIAGNOSTIC,     4, -3.402979762012e-01, 1.797693134862e+308, 4.0312e+00, 8.1618e-03, 
 2DIAGNOSTIC,     5, -3.521068187408e-01, 1.797693134862e+308, 4.0452e+00, 1.3957e-02, 
 2DIAGNOSTIC,     6, -3.696620485185e-01, 1.797693134862e+308, 4.0577e+00, 1.2467e-02, 
 2DIAGNOSTIC,     7, -4.022472726688e-01, 1.797693134862e+308, 4.0676e+00, 9.9518e-03, 
 2DIAGNOSTIC,     8, -4.374401897326e-01, 1.797693134862e+308, 4.0886e+00, 2.0936e-02, 
 2DIAGNOSTIC,     9, -4.409622709677e-01, 1.797693134862e+308, 4.0993e+00, 1.0796e-02, 
 2DIAGNOSTIC,    10, -4.450053260950e-01, 2.437937846642e-02, 4.1077e+00, 8.3840e-03, 
 2DIAGNOSTIC,    11, -4.466551282030e-01, 2.236589289033e-02, 4.1213e+00, 1.3604e-02, 
 2DIAGNOSTIC,    12, -4.465335119749e-01, 1.890701863329e-02, 4.1371e+00, 1.5725e-02, 
 2DIAGNOSTIC,    13, -4.470570452616e-01, 1.466556301295e-02, 4.1487e+00, 1.1630e-02, 
 2DIAGNOSTIC,    14, -4.466842302054e-01, 1.013501263415e-02, 4.1631e+00, 1.4446e-02, 
 2DIAGNOSTIC,    15, -4.467323525989e-01, 5.940144581189e-03, 4.1775e+00, 1.4397e-02, 
 2DIAGNOSTIC,    16, -4.467760255383e-01, 2.538593343306e-03, 4.1879e+00, 1.0346e-02, 
 2DIAGNOSTIC,    17, -4.471951916192e-01, 6.669708251766e-04, 4.1997e+00, 1.1805e-02, 
 2DIAGNOSTIC,    18, -4.472441560462e-01, 3.233471233265e-04, 4.2111e+00, 1.1451e-02, 
 2DIAGNOSTIC,    19, -4.468701174088e-01, 1.010180185384e-04, 4.2231e+00, 1.1954e-02, 
 2DIAGNOSTIC,    20, -4.468864951923e-01, 3.284303825898e-05, 4.2325e+00, 9.3751e-03, 
 2DIAGNOSTIC,    21, -4.473711745328e-01, 3.850688008723e-05, 4.2480e+00, 1.5559e-02, 
 2DIAGNOSTIC,    22, -4.472351361780e-01, 3.074495354640e-05, 4.2610e+00, 1.2996e-02, 
 2DIAGNOSTIC,    23, -4.472541641752e-01, 3.769653912025e-05, 4.2715e+00, 1.0529e-02, 
 2DIAGNOSTIC,    24, -4.472572257015e-01, 3.067174413789e-05, 4.2880e+00, 1.6469e-02, 
 2DIAGNOSTIC,    25, -4.472653571439e-01, 2.308258191106e-05, 4.3005e+00, 1.2473e-02, 
 2DIAGNOSTIC,    26, -4.470861421638e-01, 9.897448471644e-06, 4.3096e+00, 9.1431e-03, 
 2DIAGNOSTIC,    27, -4.470941347457e-01, 7.616342549858e-06, 4.3206e+00, 1.1002e-02, 
 2DIAGNOSTIC,    28, -4.469272174745e-01, 2.475673450179e-06, 4.3323e+00, 1.1620e-02, 
DIAGNOSTIC,Iteration,metricValue,convergenceValue,ITERATION_TIME_INDEX,SINCE_LAST
 2DIAGNOSTIC,     1, -4.148008738179e-01, 1.797693134862e+308, 8.5276e+00, 4.1954e+00, 
 2DIAGNOSTIC,     2, -4.164664930306e-01, 1.797693134862e+308, 8.5955e+00, 6.7933e-02, 
 2DIAGNOSTIC,     3, -4.169412341639e-01, 1.797693134862e+308, 8.6520e+00, 5.6442e-02, 
 2DIAGNOSTIC,     4, -4.170704894992e-01, 1.797693134862e+308, 8.7110e+00, 5.9008e-02, 
 2DIAGNOSTIC,     5, -4.171115889832e-01, 1.797693134862e+308, 8.7767e+00, 6.5724e-02, 
 2DIAGNOSTIC,     6, -4.171148678614e-01, 1.797693134862e+308, 8.8358e+00, 5.9116e-02, 
 2DIAGNOSTIC,     7, -4.173322995574e-01, 1.797693134862e+308, 8.9122e+00, 7.6363e-02, 
 2DIAGNOSTIC,     8, -4.178284043461e-01, 1.797693134862e+308, 9.0510e+00, 1.3878e-01, 
 2DIAGNOSTIC,     9, -4.178289144370e-01, 1.797693134862e+308, 9.1050e+00, 5.4013e-02, 
 2DIAGNOSTIC,    10, -4.178291230169e-01, 3.414922958386e-04, 9.1630e+00, 5.7965e-02, 
 2DIAGNOSTIC,    11, -4.178294500691e-01, 1.913079675403e-04, 9.2228e+00, 5.9821e-02, 
 2DIAGNOSTIC,    12, -4.178299301727e-01, 1.429329347250e-04, 9.2813e+00, 5.8484e-02, 
 2DIAGNOSTIC,    13, -4.178305722066e-01, 1.136100234143e-04, 9.3399e+00, 5.8643e-02, 
 2DIAGNOSTIC,    14, -4.178313906950e-01, 8.474038173621e-05, 9.3954e+00, 5.5502e-02, 
 2DIAGNOSTIC,    15, -4.178324584930e-01, 5.459315386576e-05, 9.4633e+00, 6.7877e-02, 
 2DIAGNOSTIC,    16, -4.178335029426e-01, 2.358043959216e-05, 9.5242e+00, 6.0883e-02, 
DIAGNOSTIC,Iteration,metricValue,convergenceValue,ITERATION_TIME_INDEX,SINCE_LAST
 2DIAGNOSTIC,     1, -3.663783664272e-01, 1.797693134862e+308, 1.4162e+01, 4.6378e+00, 
 2DIAGNOSTIC,     2, -3.682404904401e-01, 1.797693134862e+308, 1.4512e+01, 3.4966e-01, 
 2DIAGNOSTIC,     3, -3.695300551637e-01, 1.797693134862e+308, 1.4855e+01, 3.4353e-01, 
 2DIAGNOSTIC,     4, -3.699420486035e-01, 1.797693134862e+308, 1.5249e+01, 3.9413e-01, 
 2DIAGNOSTIC,     5, -3.699303545614e-01, 1.797693134862e+308, 1.5652e+01, 4.0259e-01, 
 2DIAGNOSTIC,     6, -3.699461427670e-01, 1.797693134862e+308, 1.6054e+01, 4.0226e-01, 
 2DIAGNOSTIC,     7, -3.699366405536e-01, 1.797693134862e+308, 1.6395e+01, 3.4052e-01, 
 2DIAGNOSTIC,     8, -3.699266173293e-01, 1.797693134862e+308, 1.6791e+01, 3.9592e-01, 
 2DIAGNOSTIC,     9, -3.699205726209e-01, 1.797693134862e+308, 1.7190e+01, 3.9922e-01, 
 2DIAGNOSTIC,    10, -3.699397882957e-01, 4.115763536390e-04, 1.7751e+01, 5.6081e-01, 
 2DIAGNOSTIC,    11, -3.699409631320e-01, 1.455719477199e-04, 1.8151e+01, 4.0048e-01, 
 2DIAGNOSTIC,    12, -3.699350447647e-01, 2.810853756079e-05, 1.8496e+01, 3.4518e-01, 
 2DIAGNOSTIC,    13, -3.699230209454e-01, 1.378978372324e-06, 1.8897e+01, 4.0068e-01, 
DIAGNOSTIC,Iteration,metricValue,convergenceValue,ITERATION_TIME_INDEX,SINCE_LAST
 2DIAGNOSTIC,     1, -2.913503346859e-01, 1.797693134862e+308, 2.6077e+01, 7.1801e+00, 
  Elapsed time (stage 0): 2.7682e+01


Stage 1
  iterations = 1000x500x250x0
  convergence threshold = 1.0000e-06
  convergence window size = 10
  number of levels = 4
  using the Mattes MI metric (number of bins = 32, weight = 1.0000e+00)
  preprocessing:  winsorizing the image intensities
  Shrink factors (level 1 out of 4): [12, 12, 5]
  Shrink factors (level 2 out of 4): [8, 8, 3]
  Shrink factors (level 3 out of 4): [4, 4, 2]
  Shrink factors (level 4 out of 4): [2, 2, 1]
  smoothing sigmas per level: [4, 3, 2, 1]
  regular sampling (percentage = 2.5000e-01)

*** Running AffineTransform registration ***

DIAGNOSTIC,Iteration,metricValue,convergenceValue,ITERATION_TIME_INDEX,SINCE_LAST
 2DIAGNOSTIC,     1, -4.374081350243e-01, 1.797693134862e+308, 3.9912e+00, 3.9912e+00, 
 2DIAGNOSTIC,     2, -4.387681700255e-01, 1.797693134862e+308, 4.0007e+00, 9.4991e-03, 
 2DIAGNOSTIC,     3, -4.417874580804e-01, 1.797693134862e+308, 4.0100e+00, 9.2311e-03, 
 2DIAGNOSTIC,     4, -4.446757601087e-01, 1.797693134862e+308, 4.0202e+00, 1.0268e-02, 
 2DIAGNOSTIC,     5, -4.497694432264e-01, 1.797693134862e+308, 4.0294e+00, 9.1629e-03, 
 2DIAGNOSTIC,     6, -4.524306217493e-01, 1.797693134862e+308, 4.0386e+00, 9.2170e-03, 
 2DIAGNOSTIC,     7, -4.563975002134e-01, 1.797693134862e+308, 4.0500e+00, 1.1379e-02, 
 2DIAGNOSTIC,     8, -4.562867579698e-01, 1.797693134862e+308, 4.0603e+00, 1.0333e-02, 
 2DIAGNOSTIC,     9, -4.563950853676e-01, 1.797693134862e+308, 4.0707e+00, 1.0365e-02, 
 2DIAGNOSTIC,    10, -4.564878979376e-01, 3.203935692451e-03, 4.0813e+00, 1.0596e-02, 
 2DIAGNOSTIC,    11, -4.567423429086e-01, 2.458476216852e-03, 4.0920e+00, 1.0692e-02, 
 2DIAGNOSTIC,    12, -4.571713011337e-01, 1.710488702964e-03, 4.1031e+00, 1.1146e-02, 
 2DIAGNOSTIC,    13, -4.574283239508e-01, 1.084014715319e-03, 4.1142e+00, 1.1076e-02, 
 2DIAGNOSTIC,    14, -4.580431185333e-01, 6.053923699831e-04, 4.1253e+00, 1.1079e-02, 
 2DIAGNOSTIC,    15, -4.581150045463e-01, 3.513484833550e-04, 4.1363e+00, 1.0991e-02, 
 2DIAGNOSTIC,    16, -4.579767628572e-01, 1.922521617143e-04, 4.1462e+00, 9.9220e-03, 
 2DIAGNOSTIC,    17, -4.578617525292e-01, 1.773174576062e-04, 4.1571e+00, 1.0898e-02, 
 2DIAGNOSTIC,    18, -4.579449008023e-01, 1.467861422886e-04, 4.1668e+00, 9.7191e-03, 
 2DIAGNOSTIC,    19, -4.579080291677e-01, 1.080960246052e-04, 4.1774e+00, 1.0555e-02, 
 2DIAGNOSTIC,    20, -4.576794695307e-01, 5.915455544318e-05, 4.1868e+00, 9.4750e-03, 
 2DIAGNOSTIC,    21, -4.578182316150e-01, 2.161123835496e-05, 4.1974e+00, 1.0589e-02, 
DIAGNOSTIC,Iteration,metricValue,convergenceValue,ITERATION_TIME_INDEX,SINCE_LAST
 2DIAGNOSTIC,     1, -3.801464630384e-01, 1.797693134862e+308, 8.3269e+00, 4.1295e+00, 
 2DIAGNOSTIC,     2, -3.808523305641e-01, 1.797693134862e+308, 8.3892e+00, 6.2279e-02, 
 2DIAGNOSTIC,     3, -3.816503761586e-01, 1.797693134862e+308, 8.4510e+00, 6.1803e-02, 
 2DIAGNOSTIC,     4, -3.827403560043e-01, 1.797693134862e+308, 8.5153e+00, 6.4257e-02, 
 2DIAGNOSTIC,     5, -3.839091935705e-01, 1.797693134862e+308, 8.5750e+00, 5.9690e-02, 
 2DIAGNOSTIC,     6, -3.845078206158e-01, 1.797693134862e+308, 8.6386e+00, 6.3675e-02, 
 2DIAGNOSTIC,     7, -3.848486535216e-01, 1.797693134862e+308, 8.7375e+00, 9.8903e-02, 
 2DIAGNOSTIC,     8, -3.849511024805e-01, 1.797693134862e+308, 8.8193e+00, 8.1761e-02, 
 2DIAGNOSTIC,     9, -3.849454972024e-01, 1.797693134862e+308, 8.8825e+00, 6.3242e-02, 
 2DIAGNOSTIC,    10, -3.850342603193e-01, 8.827636558537e-04, 8.9477e+00, 6.5110e-02, 
 2DIAGNOSTIC,    11, -3.851418351831e-01, 6.318963451349e-04, 9.0096e+00, 6.1976e-02, 
 2DIAGNOSTIC,    12, -3.852724566468e-01, 4.181789325250e-04, 9.0799e+00, 7.0220e-02, 
 2DIAGNOSTIC,    13, -3.853483960053e-01, 2.490961485345e-04, 9.1442e+00, 6.4328e-02, 
 2DIAGNOSTIC,    14, -3.853600343229e-01, 1.390468328210e-04, 9.2047e+00, 6.0564e-02, 
 2DIAGNOSTIC,    15, -3.854430191622e-01, 9.248405063540e-05, 9.2768e+00, 7.2070e-02, 
 2DIAGNOSTIC,    16, -3.854642898885e-01, 7.157846219732e-05, 9.3584e+00, 8.1580e-02, 
 2DIAGNOSTIC,    17, -3.855407628191e-01, 6.472634776847e-05, 9.4310e+00, 7.2576e-02, 
 2DIAGNOSTIC,    18, -3.854991862747e-01, 5.535921203224e-05, 9.5208e+00, 8.9807e-02, 
 2DIAGNOSTIC,    19, -3.856018487796e-01, 4.589206984410e-05, 9.5945e+00, 7.3759e-02, 
 2DIAGNOSTIC,    20, -3.855930572408e-01, 3.607605149245e-05, 9.6592e+00, 6.4665e-02, 
 2DIAGNOSTIC,    21, -3.855780027237e-01, 2.714489788470e-05, 9.7225e+00, 6.3281e-02, 
 2DIAGNOSTIC,    22, -3.855957828519e-01, 2.162501360128e-05, 9.7876e+00, 6.5116e-02, 
 2DIAGNOSTIC,    23, -3.856189924016e-01, 1.789164554905e-05, 9.8503e+00, 6.2659e-02, 
 2DIAGNOSTIC,    24, -3.856308506818e-01, 1.355084779485e-05, 9.9331e+00, 8.2861e-02, 
 2DIAGNOSTIC,    25, -3.856680151569e-01, 1.195237170714e-05, 1.0053e+01, 1.1985e-01, 
 2DIAGNOSTIC,    26, -3.856688551248e-01, 1.006327783994e-05, 1.0118e+01, 6.4881e-02, 
 2DIAGNOSTIC,    27, -3.856748601960e-01, 9.809297309635e-06, 1.0182e+01, 6.4183e-02, 
 2DIAGNOSTIC,    28, -3.856790645929e-01, 7.685283302104e-06, 1.0245e+01, 6.3328e-02, 
 2DIAGNOSTIC,    29, -3.856738334348e-01, 7.568895940960e-06, 1.0310e+01, 6.4172e-02, 
 2DIAGNOSTIC,    30, -3.856793508025e-01, 6.783960645081e-06, 1.0372e+01, 6.2122e-02, 
 2DIAGNOSTIC,    31, -3.856911618420e-01, 5.422249983594e-06, 1.0438e+01, 6.6111e-02, 
 2DIAGNOSTIC,    32, -3.857040991133e-01, 4.429274696370e-06, 1.0510e+01, 7.2694e-02, 
 2DIAGNOSTIC,    33, -3.857329364939e-01, 4.333565985400e-06, 1.0574e+01, 6.3438e-02, 
 2DIAGNOSTIC,    34, -3.857011518367e-01, 3.461085824753e-06, 1.0639e+01, 6.5044e-02, 
 2DIAGNOSTIC,    35, -3.857075967458e-01, 3.349645699344e-06, 1.0740e+01, 1.0081e-01, 
 2DIAGNOSTIC,    36, -3.857166697946e-01, 3.204022072042e-06, 1.0812e+01, 7.2213e-02, 
 2DIAGNOSTIC,    37, -3.857175456525e-01, 2.959674113640e-06, 1.0878e+01, 6.6017e-02, 
 2DIAGNOSTIC,    38, -3.857202039849e-01, 2.665252587505e-06, 1.0951e+01, 7.2571e-02, 
 2DIAGNOSTIC,    39, -3.857262798761e-01, 2.240748379279e-06, 1.1014e+01, 6.3598e-02, 
DIAGNOSTIC,Iteration,metricValue,convergenceValue,ITERATION_TIME_INDEX,SINCE_LAST
 2DIAGNOSTIC,     1, -3.671230073599e-01, 1.797693134862e+308, 1.5606e+01, 4.5916e+00, 
 2DIAGNOSTIC,     2, -3.695137747204e-01, 1.797693134862e+308, 1.5989e+01, 3.8310e-01, 
 2DIAGNOSTIC,     3, -3.713801716341e-01, 1.797693134862e+308, 1.6367e+01, 3.7819e-01, 
 2DIAGNOSTIC,     4, -3.719109454022e-01, 1.797693134862e+308, 1.6751e+01, 3.8378e-01, 
 2DIAGNOSTIC,     5, -3.721347944099e-01, 1.797693134862e+308, 1.7130e+01, 3.7941e-01, 
 2DIAGNOSTIC,     6, -3.724356316990e-01, 1.797693134862e+308, 1.7512e+01, 3.8131e-01, 
 2DIAGNOSTIC,     7, -3.725979138075e-01, 1.797693134862e+308, 1.7952e+01, 4.3993e-01, 
 2DIAGNOSTIC,     8, -3.732355415029e-01, 1.797693134862e+308, 1.8503e+01, 5.5134e-01, 
 2DIAGNOSTIC,     9, -3.731985005026e-01, 1.797693134862e+308, 1.9220e+01, 7.1761e-01, 
 2DIAGNOSTIC,    10, -3.731891695124e-01, 8.411387128582e-04, 1.9656e+01, 4.3574e-01, 
 2DIAGNOSTIC,    11, -3.731929124703e-01, 4.687710648014e-04, 2.0096e+01, 4.4005e-01, 
 2DIAGNOSTIC,    12, -3.731823478197e-01, 2.652690379051e-04, 2.0483e+01, 3.8695e-01, 
 2DIAGNOSTIC,    13, -3.731978908055e-01, 1.789661380217e-04, 2.0921e+01, 4.3803e-01, 
 2DIAGNOSTIC,    14, -3.731958582766e-01, 1.177153237547e-04, 2.1359e+01, 4.3754e-01, 
 2DIAGNOSTIC,    15, -3.731689131007e-01, 6.434951782019e-05, 2.1741e+01, 3.8248e-01, 
 2DIAGNOSTIC,    16, -3.731722664523e-01, 2.664617732553e-05, 2.2179e+01, 4.3766e-01, 
DIAGNOSTIC,Iteration,metricValue,convergenceValue,ITERATION_TIME_INDEX,SINCE_LAST
 2DIAGNOSTIC,     1, -2.923249940276e-01, 1.797693134862e+308, 2.9284e+01, 7.1050e+00, 
  Elapsed time (stage 1): 3.0893e+01


Total elapsed time: 5.8582e+01
Using double precision for computations.
Input scalar image: /home/ccn30/rds/rds-p00500_encrypt-URQgmO1brZ0/p00500/ENCRYPT_images/32355/T2/N4t2.nii
Reference image: /home/ccn30/rds/rds-p00500_encrypt-URQgmO1brZ0/p00500/ENCRYPT_images/32355/mp2rage/n4mag0000_PSIR_skulled_std.nii
Can't read initial transform T1xT2_ANTs_0GenericAffine.mat
