This is job 41
Time: Thu 16 Sep 12:56:47 BST 2021
Running on master node: cpu-p-212
Current directory: /rds/user/ccn30/hpc-work/WBIC_lustre/ENCRYPT/scripts/Registration/slurmoutputs
Changed directory to /home/ccn30/rds/hpc-work/WBIC_lustre/ENCRYPT/scripts/Registration/slurmoutputs.

JobID: 46502815
======
Time: Thu 16 Sep 12:56:47 BST 2021
Running on master node: cpu-p-212
Current directory: /home/ccn30/rds/hpc-work/WBIC_lustre/ENCRYPT/scripts/Registration/slurmoutputs

Nodes allocated:
================
cpu-p-212

numtasks=, numnodes=, mpi_tasks_per_node= (OMP_NUM_THREADS=1)

Executing command:
==================
/home/ccn30/rds/hpc-work/WBIC_lustre/ENCRYPT/scripts/Registration/coreg_main.sh /home/ccn30/rds/hpc-work/WBIC_lustre/ENCRYPT/ENCRYPT_MasterRIScodes.txt 41 /home/ccn30/rds/rds-p00500_encrypt-URQgmO1brZ0/p00500 /home/ccn30/rds/hpc-work/WBIC_home/ENCRYPT/atlases/magdeburgatlas

******** starting 32455 ********
All_Command_lines_OK
Using double precision for computations.
=============================================================================
The composite transform comprises the following transforms (in order): 
  1. Center of mass alignment using fixed image: /home/ccn30/rds/hpc-work/WBIC_home/ENCRYPT/atlases/magdeburgatlas/template/template.nii.gz and moving image: /home/ccn30/rds/rds-p00500_encrypt-URQgmO1brZ0/p00500/ENCRYPT_images/32455/mp2rage/denoise_n4mag0000_PSIR_skulled_std.nii (type = Euler3DTransform)
=============================================================================
  number of levels = 4
  number of levels = 4
  fixed image: /home/ccn30/rds/hpc-work/WBIC_home/ENCRYPT/atlases/magdeburgatlas/template/template.nii.gz
  moving image: /home/ccn30/rds/rds-p00500_encrypt-URQgmO1brZ0/p00500/ENCRYPT_images/32455/mp2rage/denoise_n4mag0000_PSIR_skulled_std.nii
  fixed image: /home/ccn30/rds/hpc-work/WBIC_home/ENCRYPT/atlases/magdeburgatlas/template/template.nii.gz
  moving image: /home/ccn30/rds/rds-p00500_encrypt-URQgmO1brZ0/p00500/ENCRYPT_images/32455/mp2rage/denoise_n4mag0000_PSIR_skulled_std.nii
Dimension = 3
Number of stages = 2
Use Histogram Matching true
Winsorize image intensities true
Lower quantile = 0.005
Upper quantile = 0.995
Stage 1 State
   Image metric = Mattes
     Fixed image = Image (0x40b2200)
  RTTI typeinfo:   itk::Image<double, 3u>
  Reference Count: 2
  Modified Time: 1698
  Debug: Off
  Object Name: 
  Observers: 
    none
  Source: (none)
  Source output name: (none)
  Release Data: Off
  Data Released: False
  Global Release Data: Off
  PipelineMTime: 0
  UpdateMTime: 1481
  RealTimeStamp: 0 seconds 
  LargestPossibleRegion: 
    Dimension: 3
    Index: [0, 0, 0]
    Size: [384, 301, 288]
  BufferedRegion: 
    Dimension: 3
    Index: [0, 0, 0]
    Size: [384, 301, 288]
  RequestedRegion: 
    Dimension: 3
    Index: [0, 0, 0]
    Size: [384, 301, 288]
  Spacing: [0.598958, 0.598958, 0.599937]
  Origin: [83.4012, -147.626, 85.1783]
  Direction: 
-0 0 -1
1 -0 0
0 -1 0

  IndexToPointMatrix: 
0 0 -0.599937
0.598958 0 0
0 -0.598958 0

  PointToIndexMatrix: 
0 1.66957 0
0 0 -1.66957
-1.66684 0 0

  Inverse Direction: 
0 1 0
0 0 -1
-1 0 0

  PixelContainer: 
    ImportImageContainer (0x40a2dc0)
      RTTI typeinfo:   itk::ImportImageContainer<unsigned long, double>
      Reference Count: 1
      Modified Time: 1478
      Debug: Off
      Object Name: 
      Observers: 
        none
      Pointer: 0x2b53b355a010
      Container manages memory: true
      Size: 33288192
      Capacity: 33288192

     Moving image = Image (0x40b63f0)
  RTTI typeinfo:   itk::Image<double, 3u>
  Reference Count: 2
  Modified Time: 1699
  Debug: Off
  Object Name: 
  Observers: 
    none
  Source: (none)
  Source output name: (none)
  Release Data: Off
  Data Released: False
  Global Release Data: Off
  PipelineMTime: 0
  UpdateMTime: 1696
  RealTimeStamp: 0 seconds 
  LargestPossibleRegion: 
    Dimension: 3
    Index: [0, 0, 0]
    Size: [224, 320, 320]
  BufferedRegion: 
    Dimension: 3
    Index: [0, 0, 0]
    Size: [224, 320, 320]
  RequestedRegion: 
    Dimension: 3
    Index: [0, 0, 0]
    Size: [224, 320, 320]
  Spacing: [0.7, 0.7, 0.7]
  Origin: [-80.5301, 77.8293, -133.375]
  Direction: 
1 0 0
0 -1 0
0 0 1

  IndexToPointMatrix: 
0.7 0 0
0 -0.7 0
0 0 0.7

  PointToIndexMatrix: 
1.42857 0 0
0 -1.42857 0
0 0 1.42857

  Inverse Direction: 
1 0 0
0 -1 0
0 0 1

  PixelContainer: 
    ImportImageContainer (0x40b66b0)
      RTTI typeinfo:   itk::ImportImageContainer<unsigned long, double>
      Reference Count: 1
      Modified Time: 1693
      Debug: Off
      Object Name: 
      Observers: 
        none
      Pointer: 0x2b53c3353010
      Container manages memory: true
      Size: 22937600
      Capacity: 22937600

     Weighting = 1
     Sampling strategy = regular
     Number of bins = 32
     Radius = 4
     Sampling percentage  = 0.25
   Transform = Rigid
     Gradient step = 0.1
     Update field sigma (voxel space) = 0
     Total field sigma (voxel space) = 0
     Update field time sigma = 0
     Total field time sigma  = 0
     Number of time indices = 0
     Number of time point samples = 0
Stage 2 State
   Image metric = Mattes
     Fixed image = Image (0x40c5060)
  RTTI typeinfo:   itk::Image<double, 3u>
  Reference Count: 2
  Modified Time: 2130
  Debug: Off
  Object Name: 
  Observers: 
    none
  Source: (none)
  Source output name: (none)
  Release Data: Off
  Data Released: False
  Global Release Data: Off
  PipelineMTime: 0
  UpdateMTime: 1913
  RealTimeStamp: 0 seconds 
  LargestPossibleRegion: 
    Dimension: 3
    Index: [0, 0, 0]
    Size: [384, 301, 288]
  BufferedRegion: 
    Dimension: 3
    Index: [0, 0, 0]
    Size: [384, 301, 288]
  RequestedRegion: 
    Dimension: 3
    Index: [0, 0, 0]
    Size: [384, 301, 288]
  Spacing: [0.598958, 0.598958, 0.599937]
  Origin: [83.4012, -147.626, 85.1783]
  Direction: 
-0 0 -1
1 -0 0
0 -1 0

  IndexToPointMatrix: 
0 0 -0.599937
0.598958 0 0
0 -0.598958 0

  PointToIndexMatrix: 
0 1.66957 0
0 0 -1.66957
-1.66684 0 0

  Inverse Direction: 
0 1 0
0 0 -1
-1 0 0

  PixelContainer: 
    ImportImageContainer (0x40b9140)
      RTTI typeinfo:   itk::ImportImageContainer<unsigned long, double>
      Reference Count: 1
      Modified Time: 1910
      Debug: Off
      Object Name: 
      Observers: 
        none
      Pointer: 0x2b53ce254010
      Container manages memory: true
      Size: 33288192
      Capacity: 33288192

     Moving image = Image (0x40c6e80)
  RTTI typeinfo:   itk::Image<double, 3u>
  Reference Count: 2
  Modified Time: 2131
  Debug: Off
  Object Name: 
  Observers: 
    none
  Source: (none)
  Source output name: (none)
  Release Data: Off
  Data Released: False
  Global Release Data: Off
  PipelineMTime: 0
  UpdateMTime: 2128
  RealTimeStamp: 0 seconds 
  LargestPossibleRegion: 
    Dimension: 3
    Index: [0, 0, 0]
    Size: [224, 320, 320]
  BufferedRegion: 
    Dimension: 3
    Index: [0, 0, 0]
    Size: [224, 320, 320]
  RequestedRegion: 
    Dimension: 3
    Index: [0, 0, 0]
    Size: [224, 320, 320]
  Spacing: [0.7, 0.7, 0.7]
  Origin: [-80.5301, 77.8293, -133.375]
  Direction: 
1 0 0
0 -1 0
0 0 1

  IndexToPointMatrix: 
0.7 0 0
0 -0.7 0
0 0 0.7

  PointToIndexMatrix: 
1.42857 0 0
0 -1.42857 0
0 0 1.42857

  Inverse Direction: 
1 0 0
0 -1 0
0 0 1

  PixelContainer: 
    ImportImageContainer (0x40c1540)
      RTTI typeinfo:   itk::ImportImageContainer<unsigned long, double>
      Reference Count: 1
      Modified Time: 2125
      Debug: Off
      Object Name: 
      Observers: 
        none
      Pointer: 0x2b53de04d010
      Container manages memory: true
      Size: 22937600
      Capacity: 22937600

     Weighting = 1
     Sampling strategy = regular
     Number of bins = 32
     Radius = 4
     Sampling percentage  = 0.25
   Transform = Affine
     Gradient step = 0.1
     Update field sigma (voxel space) = 0
     Total field sigma (voxel space) = 0
     Update field time sigma = 0
     Total field time sigma  = 0
     Number of time indices = 0
     Number of time point samples = 0
Registration using 2 total stages.

Stage 0
  iterations = 1000x500x250x100
  convergence threshold = 1e-06
  convergence window size = 10
  number of levels = 4
  using the Mattes MI metric (number of bins = 32, weight = 1)
  preprocessing:  winsorizing the image intensities
  preprocessing:  histogram matching the images
  Shrink factors (level 1 out of 4): [8, 8, 8]
  Shrink factors (level 2 out of 4): [4, 4, 4]
  Shrink factors (level 3 out of 4): [2, 2, 2]
  Shrink factors (level 4 out of 4): [1, 1, 1]
  smoothing sigmas per level: [3, 2, 1, 0]
  regular sampling (percentage = 0.25)

*** Running Euler3DTransform registration ***

DIAGNOSTIC,Iteration,metricValue,convergenceValue,ITERATION_TIME_INDEX,SINCE_LAST
 2DIAGNOSTIC,     1, -2.568437719726e-01, 1.797693134862e+308, 2.8003e+00, 2.8003e+00, 
 2DIAGNOSTIC,     2, -2.572880702843e-01, 1.797693134862e+308, 2.8345e+00, 3.4261e-02, 
 2DIAGNOSTIC,     3, -2.579152636498e-01, 1.797693134862e+308, 2.8730e+00, 3.8496e-02, 
 2DIAGNOSTIC,     4, -2.589007112241e-01, 1.797693134862e+308, 2.9079e+00, 3.4831e-02, 
 2DIAGNOSTIC,     5, -2.609692708467e-01, 1.797693134862e+308, 2.9430e+00, 3.5147e-02, 
 2DIAGNOSTIC,     6, -2.645058555627e-01, 1.797693134862e+308, 2.9802e+00, 3.7161e-02, 
 2DIAGNOSTIC,     7, -2.791119632171e-01, 1.797693134862e+308, 3.0116e+00, 3.1477e-02, 
 2DIAGNOSTIC,     8, -3.200458221259e-01, 1.797693134862e+308, 3.0577e+00, 4.6095e-02, 
 2DIAGNOSTIC,     9, -3.557099866579e-01, 1.797693134862e+308, 3.0902e+00, 3.2424e-02, 
 2DIAGNOSTIC,    10, -3.584904577527e-01, 2.389755219720e-02, 3.1304e+00, 4.0241e-02, 
 2DIAGNOSTIC,    11, -3.631281668817e-01, 2.564401906916e-02, 3.1640e+00, 3.3637e-02, 
 2DIAGNOSTIC,    12, -3.728084987168e-01, 2.552203212725e-02, 3.2312e+00, 6.7209e-02, 
 2DIAGNOSTIC,    13, -3.730969490960e-01, 2.315290723508e-02, 3.2729e+00, 4.1686e-02, 
 2DIAGNOSTIC,    14, -3.738224318271e-01, 1.920471253008e-02, 3.3020e+00, 2.9033e-02, 
 2DIAGNOSTIC,    15, -3.748062713422e-01, 1.437306486172e-02, 3.3402e+00, 3.8266e-02, 
 2DIAGNOSTIC,    16, -3.760583610464e-01, 9.242119071014e-03, 3.3716e+00, 3.1386e-02, 
 2DIAGNOSTIC,    17, -3.769665575956e-01, 4.731282848661e-03, 3.3989e+00, 2.7299e-02, 
 2DIAGNOSTIC,    18, -3.780439278386e-01, 2.360030850169e-03, 3.4392e+00, 4.0326e-02, 
 2DIAGNOSTIC,    19, -3.795663773197e-01, 1.759175192138e-03, 3.4674e+00, 2.8183e-02, 
 2DIAGNOSTIC,    20, -3.830963311508e-01, 1.333311043025e-03, 3.5095e+00, 4.2058e-02, 
 2DIAGNOSTIC,    21, -3.926722384258e-01, 1.391309722279e-03, 3.5509e+00, 4.1369e-02, 
 2DIAGNOSTIC,    22, -3.936241966196e-01, 1.714001142537e-03, 3.6002e+00, 4.9367e-02, 
 2DIAGNOSTIC,    23, -3.940328495916e-01, 1.875114358472e-03, 3.6318e+00, 3.1573e-02, 
 2DIAGNOSTIC,    24, -3.941574082095e-01, 1.879708725332e-03, 3.6755e+00, 4.3684e-02, 
 2DIAGNOSTIC,    25, -3.942766987589e-01, 1.742032483266e-03, 3.7042e+00, 2.8753e-02, 
 2DIAGNOSTIC,    26, -3.943921636095e-01, 1.491780683507e-03, 3.7491e+00, 4.4900e-02, 
 2DIAGNOSTIC,    27, -3.944321641139e-01, 1.151398272104e-03, 3.7755e+00, 2.6397e-02, 
 2DIAGNOSTIC,    28, -3.946635008466e-01, 7.728323258123e-04, 3.8223e+00, 4.6726e-02, 
 2DIAGNOSTIC,    29, -3.949673250186e-01, 4.027465120282e-04, 3.8669e+00, 4.4632e-02, 
 2DIAGNOSTIC,    30, -3.950460594367e-01, 1.125015456430e-04, 3.9112e+00, 4.4307e-02, 
 2DIAGNOSTIC,    31, -3.951415517599e-01, 8.305680768618e-05, 3.9388e+00, 2.7596e-02, 
 2DIAGNOSTIC,    32, -3.951759106030e-01, 7.244063409840e-05, 3.9798e+00, 4.0987e-02, 
 2DIAGNOSTIC,    33, -3.951321385091e-01, 6.452598102021e-05, 4.0085e+00, 2.8677e-02, 
 2DIAGNOSTIC,    34, -3.952169734815e-01, 5.591735044870e-05, 4.0492e+00, 4.0734e-02, 
 2DIAGNOSTIC,    35, -3.952204552020e-01, 4.533794863714e-05, 4.0848e+00, 3.5590e-02, 
 2DIAGNOSTIC,    36, -3.952643261180e-01, 3.480664221296e-05, 4.1252e+00, 4.0430e-02, 
 2DIAGNOSTIC,    37, -3.952164349661e-01, 2.147153149687e-05, 4.1563e+00, 3.1114e-02, 
 2DIAGNOSTIC,    38, -3.951633133563e-01, 1.056264028478e-05, 4.1893e+00, 3.2974e-02, 
 2DIAGNOSTIC,    39, -3.951547550830e-01, 5.286901539923e-06, 4.2216e+00, 3.2313e-02, 
 2DIAGNOSTIC,    40, -3.952282220437e-01, 2.766955768663e-06, 4.2486e+00, 2.6941e-02, 
 2DIAGNOSTIC,    41, -3.952371586288e-01, 2.118209762272e-06, 4.2929e+00, 4.4310e-02, 
 2DIAGNOSTIC,    42, -3.951821797270e-01, 1.066731303768e-06, 4.3211e+00, 2.8238e-02, 
DIAGNOSTIC,Iteration,metricValue,convergenceValue,ITERATION_TIME_INDEX,SINCE_LAST
 2DIAGNOSTIC,     1, -3.470533838927e-01, 1.797693134862e+308, 7.4957e+00, 3.1746e+00, 
 2DIAGNOSTIC,     2, -3.472452367513e-01, 1.797693134862e+308, 7.7666e+00, 2.7098e-01, 
 2DIAGNOSTIC,     3, -3.474923176458e-01, 1.797693134862e+308, 8.0358e+00, 2.6920e-01, 
 2DIAGNOSTIC,     4, -3.477720207433e-01, 1.797693134862e+308, 8.2971e+00, 2.6122e-01, 
 2DIAGNOSTIC,     5, -3.480443208079e-01, 1.797693134862e+308, 8.8102e+00, 5.1310e-01, 
 2DIAGNOSTIC,     6, -3.480507659509e-01, 1.797693134862e+308, 9.1196e+00, 3.0943e-01, 
 2DIAGNOSTIC,     7, -3.480485254908e-01, 1.797693134862e+308, 9.4261e+00, 3.0651e-01, 
 2DIAGNOSTIC,     8, -3.480460400905e-01, 1.797693134862e+308, 9.7341e+00, 3.0803e-01, 
 2DIAGNOSTIC,     9, -3.480365749957e-01, 1.797693134862e+308, 1.0086e+01, 3.5166e-01, 
 2DIAGNOSTIC,    10, -3.480365745630e-01, 1.824305233682e-04, 1.0468e+01, 3.8251e-01, 
 2DIAGNOSTIC,    11, -3.480353933039e-01, 1.107429718032e-04, 1.0775e+01, 3.0626e-01, 
 2DIAGNOSTIC,    12, -3.480330747067e-01, 5.428971220334e-05, 1.1083e+01, 3.0816e-01, 
 2DIAGNOSTIC,    13, -3.480335266202e-01, 1.713950784950e-05, 1.1389e+01, 3.0679e-01, 
DIAGNOSTIC,Iteration,metricValue,convergenceValue,ITERATION_TIME_INDEX,SINCE_LAST
 2DIAGNOSTIC,     1, -3.079593201890e-01, 1.797693134862e+308, 1.6832e+01, 5.4427e+00, 
 2DIAGNOSTIC,     2, -3.080530286569e-01, 1.797693134862e+308, 1.8890e+01, 2.0580e+00, 
 2DIAGNOSTIC,     3, -3.081657400399e-01, 1.797693134862e+308, 2.0817e+01, 1.9265e+00, 
 2DIAGNOSTIC,     4, -3.082434307380e-01, 1.797693134862e+308, 2.2757e+01, 1.9406e+00, 
 2DIAGNOSTIC,     5, -3.083267087132e-01, 1.797693134862e+308, 2.5075e+01, 2.3175e+00, 
 2DIAGNOSTIC,     6, -3.083202198647e-01, 1.797693134862e+308, 2.7151e+01, 2.0759e+00, 
 2DIAGNOSTIC,     7, -3.083205109499e-01, 1.797693134862e+308, 3.0091e+01, 2.9406e+00, 
 2DIAGNOSTIC,     8, -3.083210751666e-01, 1.797693134862e+308, 3.2015e+01, 1.9237e+00, 
 2DIAGNOSTIC,     9, -3.083205176039e-01, 1.797693134862e+308, 3.3922e+01, 1.9072e+00, 
 2DIAGNOSTIC,    10, -3.083191057758e-01, 7.117709980481e-05, 3.5865e+01, 1.9426e+00, 
 2DIAGNOSTIC,    11, -3.083188254712e-01, 4.072281910016e-05, 3.7609e+01, 1.7445e+00, 
 2DIAGNOSTIC,    12, -3.083186340629e-01, 1.906673013546e-05, 4.1223e+01, 3.6140e+00, 
 2DIAGNOSTIC,    13, -3.083187176501e-01, 7.164278103614e-06, 4.3494e+01, 2.2708e+00, 
 2DIAGNOSTIC,    14, -3.083185322500e-01, 1.476376596310e-06, 4.5697e+01, 2.2026e+00, 
 2DIAGNOSTIC,    15, -3.083183703677e-01, 1.742489039572e-06, 4.7585e+01, 1.8881e+00, 
 2DIAGNOSTIC,    16, -3.083171897847e-01, 1.568338495933e-06, 4.9792e+01, 2.2072e+00, 
 2DIAGNOSTIC,    17, -3.083170793554e-01, 1.462438537700e-06, 5.2553e+01, 2.7610e+00, 
 2DIAGNOSTIC,    18, -3.083152173527e-01, 1.338637537381e-06, 5.4516e+01, 1.9633e+00, 
 2DIAGNOSTIC,    19, -3.083160567207e-01, 1.284681704294e-06, 5.6819e+01, 2.3022e+00, 
 2DIAGNOSTIC,    20, -3.083181448277e-01, 1.301976146999e-06, 5.9103e+01, 2.2848e+00, 
 2DIAGNOSTIC,    21, -3.083165728278e-01, 1.260766540501e-06, 6.1879e+01, 2.7762e+00, 
 2DIAGNOSTIC,    22, -3.083165988119e-01, 1.243868250518e-06, 6.4082e+01, 2.2027e+00, 
 2DIAGNOSTIC,    23, -3.083162060476e-01, 1.236053598287e-06, 6.6122e+01, 2.0399e+00, 
 2DIAGNOSTIC,    24, -3.083159406227e-01, 1.223810826713e-06, 6.8327e+01, 2.2050e+00, 
 2DIAGNOSTIC,    25, -3.083156494538e-01, 1.204399473431e-06, 7.0911e+01, 2.5839e+00, 
 2DIAGNOSTIC,    26, -3.083157345273e-01, 1.154459008564e-06, 7.3133e+01, 2.2221e+00, 
 2DIAGNOSTIC,    27, -3.083155866225e-01, 1.109127136537e-06, 7.5092e+01, 1.9592e+00, 
 2DIAGNOSTIC,    28, -3.083154740244e-01, 1.007997040649e-06, 7.7360e+01, 2.2681e+00, 
DIAGNOSTIC,Iteration,metricValue,convergenceValue,ITERATION_TIME_INDEX,SINCE_LAST
 2DIAGNOSTIC,     1, -2.732234465620e-01, 1.797693134862e+308, 9.6307e+01, 1.8947e+01, 
 2DIAGNOSTIC,     2, -2.734258092376e-01, 1.797693134862e+308, 1.1055e+02, 1.4245e+01, 
 2DIAGNOSTIC,     3, -2.735832634761e-01, 1.797693134862e+308, 1.2471e+02, 1.4153e+01, 
 2DIAGNOSTIC,     4, -2.736728722896e-01, 1.797693134862e+308, 1.4096e+02, 1.6251e+01, 
 2DIAGNOSTIC,     5, -2.736871513152e-01, 1.797693134862e+308, 1.5717e+02, 1.6217e+01, 
 2DIAGNOSTIC,     6, -2.737117251412e-01, 1.797693134862e+308, 1.7151e+02, 1.4332e+01, 
 2DIAGNOSTIC,     7, -2.737730139577e-01, 1.797693134862e+308, 1.8963e+02, 1.8121e+01, 
 2DIAGNOSTIC,     8, -2.738168775579e-01, 1.797693134862e+308, 2.1018e+02, 2.0557e+01, 
 2DIAGNOSTIC,     9, -2.738206987328e-01, 1.797693134862e+308, 2.2421e+02, 1.4025e+01, 
 2DIAGNOSTIC,    10, -2.738684584798e-01, 1.283091193516e-04, 2.3777e+02, 1.3559e+01, 
 2DIAGNOSTIC,    11, -2.739515659417e-01, 9.251786697609e-05, 2.5194e+02, 1.4176e+01, 
 2DIAGNOSTIC,    12, -2.739858313299e-01, 7.459723391395e-05, 2.6583e+02, 1.3890e+01, 
 2DIAGNOSTIC,    13, -2.739980118562e-01, 6.631459373098e-05, 2.7975e+02, 1.3919e+01, 
 2DIAGNOSTIC,    14, -2.741003060089e-01, 6.778538972281e-05, 2.9750e+02, 1.7743e+01, 
 2DIAGNOSTIC,    15, -2.742039761468e-01, 7.106011955624e-05, 3.2501e+02, 2.7512e+01, 
 2DIAGNOSTIC,    16, -2.742038657120e-01, 6.890475112284e-05, 3.4551e+02, 2.0504e+01, 
 2DIAGNOSTIC,    17, -2.742040853630e-01, 6.469341780912e-05, 3.6145e+02, 1.5939e+01, 
 2DIAGNOSTIC,    18, -2.742033960884e-01, 5.779745441313e-05, 3.7780e+02, 1.6352e+01, 
 2DIAGNOSTIC,    19, -2.742029737671e-01, 4.651579605229e-05, 3.9391e+02, 1.6111e+01, 
 2DIAGNOSTIC,    20, -2.742029519538e-01, 3.447177266606e-05, 4.1401e+02, 2.0098e+01, 
 2DIAGNOSTIC,    21, -2.742029962522e-01, 2.464295072623e-05, 4.3803e+02, 2.4015e+01, 
 2DIAGNOSTIC,    22, -2.742029728082e-01, 1.528532183812e-05, 4.5340e+02, 1.5371e+01, 
 2DIAGNOSTIC,    23, -2.742029488177e-01, 5.920489497858e-06, 4.6730e+02, 1.3903e+01, 
 2DIAGNOSTIC,    24, -2.742028995871e-01, 1.203509318197e-06, 4.8290e+02, 1.5601e+01, 
 2DIAGNOSTIC,    25, -2.742028479085e-01, 1.175583860535e-06, 4.9586e+02, 1.2956e+01, 
 2DIAGNOSTIC,    26, -2.742028273752e-01, 1.152935539178e-06, 5.1146e+02, 1.5598e+01, 
 2DIAGNOSTIC,    27, -2.742028340491e-01, 1.147935292947e-06, 5.2531e+02, 1.3848e+01, 
 2DIAGNOSTIC,    28, -2.742028150166e-01, 1.120437550434e-06, 5.4330e+02, 1.7999e+01, 
 2DIAGNOSTIC,    29, -2.742028195294e-01, 1.081534181505e-06, 5.5840e+02, 1.5096e+01, 
 2DIAGNOSTIC,    30, -2.742027685003e-01, 1.044204590982e-06, 5.7390e+02, 1.5502e+01, 
 2DIAGNOSTIC,    31, -2.742027710668e-01, 1.012499024386e-06, 5.8783e+02, 1.3924e+01, 
  Elapsed time (stage 0): 5.9650e+02


Stage 1
  iterations = 1000x500x250x100
  convergence threshold = 1.0000e-06
  convergence window size = 10
  number of levels = 4
  using the Mattes MI metric (number of bins = 32, weight = 1.0000e+00)
  preprocessing:  winsorizing the image intensities
  preprocessing:  histogram matching the images
  Shrink factors (level 1 out of 4): [8, 8, 8]
  Shrink factors (level 2 out of 4): [4, 4, 4]
  Shrink factors (level 3 out of 4): [2, 2, 2]
  Shrink factors (level 4 out of 4): [1, 1, 1]
  smoothing sigmas per level: [3, 2, 1, 0]
  regular sampling (percentage = 2.5000e-01)

*** Running AffineTransform registration ***

DIAGNOSTIC,Iteration,metricValue,convergenceValue,ITERATION_TIME_INDEX,SINCE_LAST
 2DIAGNOSTIC,     1, -3.894374141294e-01, 1.797693134862e+308, 2.7815e+00, 2.7815e+00, 
 2DIAGNOSTIC,     2, -3.911834270320e-01, 1.797693134862e+308, 2.8198e+00, 3.8347e-02, 
 2DIAGNOSTIC,     3, -3.941418117832e-01, 1.797693134862e+308, 2.8651e+00, 4.5334e-02, 
 2DIAGNOSTIC,     4, -3.997295631419e-01, 1.797693134862e+308, 2.8976e+00, 3.2421e-02, 
 2DIAGNOSTIC,     5, -4.086453531274e-01, 1.797693134862e+308, 2.9418e+00, 4.4201e-02, 
 2DIAGNOSTIC,     6, -4.230677238152e-01, 1.797693134862e+308, 2.9746e+00, 3.2843e-02, 
 2DIAGNOSTIC,     7, -4.468074718493e-01, 1.797693134862e+308, 3.0185e+00, 4.3861e-02, 
 2DIAGNOSTIC,     8, -4.899367799444e-01, 1.797693134862e+308, 3.0643e+00, 4.5816e-02, 
 2DIAGNOSTIC,     9, -5.047197310270e-01, 1.797693134862e+308, 3.1183e+00, 5.4024e-02, 
 2DIAGNOSTIC,    10, -5.133288693942e-01, 2.051242881297e-02, 3.1536e+00, 3.5294e-02, 
 2DIAGNOSTIC,    11, -5.347447986744e-01, 2.109167918635e-02, 3.1929e+00, 3.9297e-02, 
 2DIAGNOSTIC,    12, -5.452734384923e-01, 2.026069984028e-02, 3.2341e+00, 4.1234e-02, 
 2DIAGNOSTIC,    13, -5.544410541446e-01, 1.829961491917e-02, 3.2887e+00, 5.4582e-02, 
 2DIAGNOSTIC,    14, -5.549929157521e-01, 1.530071255727e-02, 3.3345e+00, 4.5776e-02, 
 2DIAGNOSTIC,    15, -5.568673432132e-01, 1.184168945295e-02, 3.3651e+00, 3.0639e-02, 
 2DIAGNOSTIC,    16, -5.589902614316e-01, 8.413335599789e-03, 3.4131e+00, 4.7977e-02, 
 2DIAGNOSTIC,    17, -5.608530697872e-01, 5.524697044527e-03, 3.4454e+00, 3.2306e-02, 
 2DIAGNOSTIC,    18, -5.628064211451e-01, 3.950863175367e-03, 3.5000e+00, 5.4626e-02, 
 2DIAGNOSTIC,    19, -5.634490286561e-01, 2.676046173504e-03, 3.5300e+00, 2.9932e-02, 
 2DIAGNOSTIC,    20, -5.641212554627e-01, 1.555418165298e-03, 3.5792e+00, 4.9248e-02, 
 2DIAGNOSTIC,    21, -5.648555630762e-01, 1.006412516297e-03, 3.6092e+00, 2.9955e-02, 
 2DIAGNOSTIC,    22, -5.651979321259e-01, 6.928814869195e-04, 3.6678e+00, 5.8596e-02, 
 2DIAGNOSTIC,    23, -5.652838897715e-01, 5.722335334306e-04, 3.7047e+00, 3.6926e-02, 
 2DIAGNOSTIC,    24, -5.653468630964e-01, 4.237885567930e-04, 3.7448e+00, 4.0107e-02, 
 2DIAGNOSTIC,    25, -5.654035456213e-01, 2.916979700791e-04, 3.7796e+00, 3.4833e-02, 
 2DIAGNOSTIC,    26, -5.654079036518e-01, 1.883210646088e-04, 3.8213e+00, 4.1713e-02, 
 2DIAGNOSTIC,    27, -5.654171115648e-01, 1.132604194555e-04, 3.8485e+00, 2.7144e-02, 
 2DIAGNOSTIC,    28, -5.654305324140e-01, 7.225370410509e-05, 3.8923e+00, 4.3810e-02, 
 2DIAGNOSTIC,    29, -5.654579308274e-01, 4.021793235390e-05, 3.9204e+00, 2.8141e-02, 
 2DIAGNOSTIC,    30, -5.655205272733e-01, 1.992916380357e-05, 3.9653e+00, 4.4895e-02, 
 2DIAGNOSTIC,    31, -5.656450146397e-01, 1.425211970271e-05, 3.9949e+00, 2.9563e-02, 
 2DIAGNOSTIC,    32, -5.657809878979e-01, 1.580030541977e-05, 4.0445e+00, 4.9647e-02, 
 2DIAGNOSTIC,    33, -5.658715995659e-01, 1.871420529644e-05, 4.0748e+00, 3.0262e-02, 
 2DIAGNOSTIC,    34, -5.660487826699e-01, 2.357885693052e-05, 4.1388e+00, 6.3956e-02, 
 2DIAGNOSTIC,    35, -5.660639675467e-01, 2.706535858241e-05, 4.1965e+00, 5.7764e-02, 
 2DIAGNOSTIC,    36, -5.660739343105e-01, 2.809294264286e-05, 4.2269e+00, 3.0367e-02, 
 2DIAGNOSTIC,    37, -5.660634554791e-01, 2.647383403565e-05, 4.2721e+00, 4.5203e-02, 
 2DIAGNOSTIC,    38, -5.660641336262e-01, 2.271574995493e-05, 4.3032e+00, 3.1113e-02, 
 2DIAGNOSTIC,    39, -5.660539529278e-01, 1.730464841063e-05, 4.3486e+00, 4.5401e-02, 
 2DIAGNOSTIC,    40, -5.660669967402e-01, 1.161290022253e-05, 4.3826e+00, 3.4011e-02, 
 2DIAGNOSTIC,    41, -5.660679482228e-01, 6.819132622144e-06, 4.4274e+00, 4.4756e-02, 
 2DIAGNOSTIC,    42, -5.660481056463e-01, 3.171168027512e-06, 4.4959e+00, 6.8484e-02, 
DIAGNOSTIC,Iteration,metricValue,convergenceValue,ITERATION_TIME_INDEX,SINCE_LAST
 2DIAGNOSTIC,     1, -4.989403361591e-01, 1.797693134862e+308, 8.1975e+00, 3.7017e+00, 
 2DIAGNOSTIC,     2, -4.993688289048e-01, 1.797693134862e+308, 8.5027e+00, 3.0514e-01, 
 2DIAGNOSTIC,     3, -4.998220657714e-01, 1.797693134862e+308, 8.8110e+00, 3.0831e-01, 
 2DIAGNOSTIC,     4, -5.002087763649e-01, 1.797693134862e+308, 9.1351e+00, 3.2411e-01, 
 2DIAGNOSTIC,     5, -5.004651491025e-01, 1.797693134862e+308, 9.4464e+00, 3.1134e-01, 
 2DIAGNOSTIC,     6, -5.006340572992e-01, 1.797693134862e+308, 9.8393e+00, 3.9288e-01, 
 2DIAGNOSTIC,     7, -5.007098769822e-01, 1.797693134862e+308, 1.0473e+01, 6.3409e-01, 
 2DIAGNOSTIC,     8, -5.007169654642e-01, 1.797693134862e+308, 1.0774e+01, 3.0057e-01, 
 2DIAGNOSTIC,     9, -5.007205314965e-01, 1.797693134862e+308, 1.1079e+01, 3.0489e-01, 
 2DIAGNOSTIC,    10, -5.007250279757e-01, 2.222469471449e-04, 1.1476e+01, 3.9714e-01, 
 2DIAGNOSTIC,    11, -5.007280402929e-01, 1.391061554812e-04, 1.1779e+01, 3.0290e-01, 
 2DIAGNOSTIC,    12, -5.007306782301e-01, 7.774310105092e-05, 1.2161e+01, 3.8180e-01, 
 2DIAGNOSTIC,    13, -5.007381768477e-01, 3.893382798453e-05, 1.2464e+01, 3.0381e-01, 
 2DIAGNOSTIC,    14, -5.007485827501e-01, 1.829533981505e-05, 1.2758e+01, 2.9338e-01, 
 2DIAGNOSTIC,    15, -5.007557245365e-01, 8.771303865521e-06, 1.3097e+01, 3.3874e-01, 
 2DIAGNOSTIC,    16, -5.007689187883e-01, 6.219470802912e-06, 1.3399e+01, 3.0271e-01, 
 2DIAGNOSTIC,    17, -5.007880192004e-01, 6.739802314221e-06, 1.3743e+01, 3.4413e-01, 
 2DIAGNOSTIC,    18, -5.008050469159e-01, 7.499410130195e-06, 1.4040e+01, 2.9619e-01, 
 2DIAGNOSTIC,    19, -5.008170760392e-01, 8.104403611056e-06, 1.4377e+01, 3.3743e-01, 
 2DIAGNOSTIC,    20, -5.008099962886e-01, 7.978999148769e-06, 1.4736e+01, 3.5890e-01, 
 2DIAGNOSTIC,    21, -5.008196802663e-01, 7.627000359681e-06, 1.5273e+01, 5.3694e-01, 
 2DIAGNOSTIC,    22, -5.008184823015e-01, 6.758749644550e-06, 1.5682e+01, 4.0918e-01, 
 2DIAGNOSTIC,    23, -5.008165295646e-01, 5.596929951300e-06, 1.6020e+01, 3.3792e-01, 
 2DIAGNOSTIC,    24, -5.008144657913e-01, 4.339732401423e-06, 1.6355e+01, 3.3538e-01, 
 2DIAGNOSTIC,    25, -5.008138044944e-01, 3.051523096466e-06, 1.6700e+01, 3.4463e-01, 
 2DIAGNOSTIC,    26, -5.008121686133e-01, 1.940685815292e-06, 1.6995e+01, 2.9475e-01, 
 2DIAGNOSTIC,    27, -5.008119621374e-01, 1.232249920088e-06, 1.7295e+01, 3.0008e-01, 
DIAGNOSTIC,Iteration,metricValue,convergenceValue,ITERATION_TIME_INDEX,SINCE_LAST
 2DIAGNOSTIC,     1, -4.378753518644e-01, 1.797693134862e+308, 2.3069e+01, 5.7743e+00, 
 2DIAGNOSTIC,     2, -4.386715584970e-01, 1.797693134862e+308, 2.5439e+01, 2.3702e+00, 
 2DIAGNOSTIC,     3, -4.396923165659e-01, 1.797693134862e+308, 2.7707e+01, 2.2671e+00, 
 2DIAGNOSTIC,     4, -4.406710341891e-01, 1.797693134862e+308, 3.0046e+01, 2.3398e+00, 
 2DIAGNOSTIC,     5, -4.410543566545e-01, 1.797693134862e+308, 3.2332e+01, 2.2853e+00, 
 2DIAGNOSTIC,     6, -4.411653264530e-01, 1.797693134862e+308, 3.4616e+01, 2.2841e+00, 
 2DIAGNOSTIC,     7, -4.412571328668e-01, 1.797693134862e+308, 4.0293e+01, 5.6769e+00, 
 2DIAGNOSTIC,     8, -4.412593928516e-01, 1.797693134862e+308, 4.2551e+01, 2.2579e+00, 
 2DIAGNOSTIC,     9, -4.412602650395e-01, 1.797693134862e+308, 4.4793e+01, 2.2427e+00, 
 2DIAGNOSTIC,    10, -4.412612391775e-01, 4.574645553584e-04, 4.7291e+01, 2.4975e+00, 
 2DIAGNOSTIC,    11, -4.412628568095e-01, 2.660504610366e-04, 4.9826e+01, 2.5348e+00, 
 2DIAGNOSTIC,    12, -4.412636532333e-01, 1.251338492058e-04, 5.2071e+01, 2.2450e+00, 
 2DIAGNOSTIC,    13, -4.412646723496e-01, 4.447786410662e-05, 5.4259e+01, 2.1887e+00, 
 2DIAGNOSTIC,    14, -4.412678265131e-01, 1.640028418476e-05, 5.6472e+01, 2.2122e+00, 
 2DIAGNOSTIC,    15, -4.412724941173e-01, 7.371404999040e-06, 5.8693e+01, 2.2219e+00, 
 2DIAGNOSTIC,    16, -4.412760165938e-01, 3.496723242916e-06, 6.1080e+01, 2.3861e+00, 
 2DIAGNOSTIC,    17, -4.412861742746e-01, 3.805143135582e-06, 6.3271e+01, 2.1912e+00, 
 2DIAGNOSTIC,    18, -4.412941532062e-01, 4.260710730036e-06, 6.5804e+01, 2.5329e+00, 
 2DIAGNOSTIC,    19, -4.413071775059e-01, 4.904904844054e-06, 6.8343e+01, 2.5391e+00, 
 2DIAGNOSTIC,    20, -4.413442326601e-01, 6.402791524793e-06, 7.1732e+01, 3.3896e+00, 
 2DIAGNOSTIC,    21, -4.413448202368e-01, 7.351440436086e-06, 7.4229e+01, 2.4967e+00, 
 2DIAGNOSTIC,    22, -4.413441578861e-01, 7.687902021970e-06, 7.6797e+01, 2.5676e+00, 
 2DIAGNOSTIC,    23, -4.413447882548e-01, 7.469540766886e-06, 7.9303e+01, 2.5068e+00, 
 2DIAGNOSTIC,    24, -4.413453655726e-01, 6.790310447341e-06, 8.1855e+01, 2.5512e+00, 
 2DIAGNOSTIC,    25, -4.413460140849e-01, 5.775461952413e-06, 8.4675e+01, 2.8200e+00, 
 2DIAGNOSTIC,    26, -4.413455604784e-01, 4.488175204112e-06, 8.7293e+01, 2.6180e+00, 
 2DIAGNOSTIC,    27, -4.413449355650e-01, 3.230063013678e-06, 8.9852e+01, 2.5590e+00, 
 2DIAGNOSTIC,    28, -4.413449259579e-01, 2.054075353308e-06, 9.2386e+01, 2.5343e+00, 
 2DIAGNOSTIC,    29, -4.413446468523e-01, 1.131528510480e-06, 9.5135e+01, 2.7492e+00, 
 2DIAGNOSTIC,    30, -4.413442585187e-01, 1.054388763404e-06, 9.7705e+01, 2.5695e+00, 
DIAGNOSTIC,Iteration,metricValue,convergenceValue,ITERATION_TIME_INDEX,SINCE_LAST
 2DIAGNOSTIC,     1, -3.922497407581e-01, 1.797693134862e+308, 1.1988e+02, 2.2180e+01, 
 2DIAGNOSTIC,     2, -3.923789887728e-01, 1.797693134862e+308, 1.3624e+02, 1.6354e+01, 
 2DIAGNOSTIC,     3, -3.924152163582e-01, 1.797693134862e+308, 1.5231e+02, 1.6067e+01, 
 2DIAGNOSTIC,     4, -3.924529354197e-01, 1.797693134862e+308, 1.7299e+02, 2.0685e+01, 
 2DIAGNOSTIC,     5, -3.924598351964e-01, 1.797693134862e+308, 1.8905e+02, 1.6060e+01, 
 2DIAGNOSTIC,     6, -3.924625214089e-01, 1.797693134862e+308, 2.0818e+02, 1.9129e+01, 
 2DIAGNOSTIC,     7, -3.924645172500e-01, 1.797693134862e+308, 2.5226e+02, 4.4081e+01, 
 2DIAGNOSTIC,     8, -3.924646747284e-01, 1.797693134862e+308, 2.7015e+02, 1.7891e+01, 
 2DIAGNOSTIC,     9, -3.924646765161e-01, 1.797693134862e+308, 2.8691e+02, 1.6757e+01, 
 2DIAGNOSTIC,    10, -3.924646840387e-01, 2.710829404742e-05, 3.0544e+02, 1.8530e+01, 
 2DIAGNOSTIC,    11, -3.924646780618e-01, 1.209200170572e-05, 3.2168e+02, 1.6245e+01, 
 2DIAGNOSTIC,    12, -3.924648395245e-01, 6.532731280914e-06, 3.3764e+02, 1.5952e+01, 
 2DIAGNOSTIC,    13, -3.924648788850e-01, 3.444709419667e-06, 3.5380e+02, 1.6160e+01, 
 2DIAGNOSTIC,    14, -3.924649416439e-01, 2.654823819670e-06, 3.7200e+02, 1.8201e+01, 
 2DIAGNOSTIC,    15, -3.924650623207e-01, 2.271917907401e-06, 3.9260e+02, 2.0609e+01, 
 2DIAGNOSTIC,    16, -3.924651820054e-01, 2.047402617514e-06, 4.1097e+02, 1.8361e+01, 
 2DIAGNOSTIC,    17, -3.924651181815e-01, 1.925812741402e-06, 4.3548e+02, 2.4509e+01, 
 2DIAGNOSTIC,    18, -3.924651010988e-01, 1.818491746478e-06, 4.5427e+02, 1.8792e+01, 
 2DIAGNOSTIC,    19, -3.924651036639e-01, 1.717981240733e-06, 4.7529e+02, 2.1019e+01, 
 2DIAGNOSTIC,    20, -3.924650940433e-01, 1.623340001554e-06, 4.9525e+02, 1.9967e+01, 
 2DIAGNOSTIC,    21, -3.924650783385e-01, 1.533728327729e-06, 5.1085e+02, 1.5597e+01, 
 2DIAGNOSTIC,    22, -3.924650463537e-01, 1.454848568852e-06, 5.2620e+02, 1.5346e+01, 
 2DIAGNOSTIC,    23, -3.924650578811e-01, 1.383684456353e-06, 5.4537e+02, 1.9175e+01, 
 2DIAGNOSTIC,    24, -3.924650624801e-01, 1.320308528806e-06, 5.6181e+02, 1.6435e+01, 
 2DIAGNOSTIC,    25, -3.924650271918e-01, 1.264822176106e-06, 5.7626e+02, 1.4456e+01, 
 2DIAGNOSTIC,    26, -3.924650340364e-01, 1.217938467052e-06, 5.9268e+02, 1.6415e+01, 
 2DIAGNOSTIC,    27, -3.924650390697e-01, 1.173485035415e-06, 6.0711e+02, 1.4438e+01, 
 2DIAGNOSTIC,    28, -3.924650278356e-01, 1.131887699665e-06, 6.2345e+02, 1.6341e+01, 
 2DIAGNOSTIC,    29, -3.924650202034e-01, 1.093432967704e-06, 6.3791e+02, 1.4453e+01, 
 2DIAGNOSTIC,    30, -3.924650406806e-01, 1.058158071644e-06, 6.5234e+02, 1.4430e+01, 
 2DIAGNOSTIC,    31, -3.924650533003e-01, 1.025302089258e-06, 6.6882e+02, 1.6486e+01, 
  Elapsed time (stage 1): 6.7929e+02


Total elapsed time: 1.2758e+03

--------------------------------------------------------------------------------------
 Mapping parameters
--------------------------------------------------------------------------------------
 ANTSPATH is /usr/local/software/spack/spack-git/opt/spack/linux-rhel7-broadwell/gcc-5/ants-2.3.4-lj6vm7ccmij4yywr4ynrttcko4aoflqt/bin

 Dimensionality:           3
 Output name prefix:       T1xT2_ANTs
 Fixed images:             /home/ccn30/rds/rds-p00500_encrypt-URQgmO1brZ0/p00500/ENCRYPT_images/32455/T2/N4t2.nii
 Moving images:            /home/ccn30/rds/rds-p00500_encrypt-URQgmO1brZ0/p00500/ENCRYPT_images/32455/mp2rage/n4mag0000_PSIR_skulled_std.nii
 Mask images:              
 Initial transforms:       
 Number of threads:        1
 Spline distance:          26
 Transform type:           a
 MI histogram bins:        32
 Precision:                d
 Use histogram matching    0
======================================================================================
 antsRegistration call:
--------------------------------------------------------------------------------------
/usr/local/software/spack/spack-git/opt/spack/linux-rhel7-broadwell/gcc-5/ants-2.3.4-lj6vm7ccmij4yywr4ynrttcko4aoflqt/bin/antsRegistration --verbose 1 --dimensionality 3 --float 0 --collapse-output-transforms 1 --output [ T1xT2_ANTs,T1xT2_ANTsWarped.nii.gz,T1xT2_ANTsInverseWarped.nii.gz ] --interpolation Linear --use-histogram-matching 0 --winsorize-image-intensities [ 0.005,0.995 ] --initial-moving-transform [ /home/ccn30/rds/rds-p00500_encrypt-URQgmO1brZ0/p00500/ENCRYPT_images/32455/T2/N4t2.nii,/home/ccn30/rds/rds-p00500_encrypt-URQgmO1brZ0/p00500/ENCRYPT_images/32455/mp2rage/n4mag0000_PSIR_skulled_std.nii,1 ] --transform Rigid[ 0.1 ] --metric MI[ /home/ccn30/rds/rds-p00500_encrypt-URQgmO1brZ0/p00500/ENCRYPT_images/32455/T2/N4t2.nii,/home/ccn30/rds/rds-p00500_encrypt-URQgmO1brZ0/p00500/ENCRYPT_images/32455/mp2rage/n4mag0000_PSIR_skulled_std.nii,1,32,Regular,0.25 ] --convergence [ 1000x500x250x0,1e-6,10 ] --shrink-factors 12x8x4x2 --smoothing-sigmas 4x3x2x1vox --transform Affine[ 0.1 ] --metric MI[ /home/ccn30/rds/rds-p00500_encrypt-URQgmO1brZ0/p00500/ENCRYPT_images/32455/T2/N4t2.nii,/home/ccn30/rds/rds-p00500_encrypt-URQgmO1brZ0/p00500/ENCRYPT_images/32455/mp2rage/n4mag0000_PSIR_skulled_std.nii,1,32,Regular,0.25 ] --convergence [ 1000x500x250x0,1e-6,10 ] --shrink-factors 12x8x4x2 --smoothing-sigmas 4x3x2x1vox
--------------------------------------------------------------------------------------
All_Command_lines_OK
Using double precision for computations.
=============================================================================
The composite transform comprises the following transforms (in order): 
  1. Center of mass alignment using fixed image: /home/ccn30/rds/rds-p00500_encrypt-URQgmO1brZ0/p00500/ENCRYPT_images/32455/T2/N4t2.nii and moving image: /home/ccn30/rds/rds-p00500_encrypt-URQgmO1brZ0/p00500/ENCRYPT_images/32455/mp2rage/n4mag0000_PSIR_skulled_std.nii (type = Euler3DTransform)
=============================================================================
  number of levels = 4
  number of levels = 4
  fixed image: /home/ccn30/rds/rds-p00500_encrypt-URQgmO1brZ0/p00500/ENCRYPT_images/32455/T2/N4t2.nii
  moving image: /home/ccn30/rds/rds-p00500_encrypt-URQgmO1brZ0/p00500/ENCRYPT_images/32455/mp2rage/n4mag0000_PSIR_skulled_std.nii
  fixed image: /home/ccn30/rds/rds-p00500_encrypt-URQgmO1brZ0/p00500/ENCRYPT_images/32455/T2/N4t2.nii
  moving image: /home/ccn30/rds/rds-p00500_encrypt-URQgmO1brZ0/p00500/ENCRYPT_images/32455/mp2rage/n4mag0000_PSIR_skulled_std.nii
Dimension = 3
Number of stages = 2
Use Histogram Matching false
Winsorize image intensities true
Lower quantile = 0.005
Upper quantile = 0.995
Stage 1 State
   Image metric = Mattes
     Fixed image = Image (0x3f2b010)
  RTTI typeinfo:   itk::Image<double, 3u>
  Reference Count: 2
  Modified Time: 1709
  Debug: Off
  Object Name: 
  Observers: 
    none
  Source: (none)
  Source output name: (none)
  Release Data: Off
  Data Released: False
  Global Release Data: Off
  PipelineMTime: 0
  UpdateMTime: 1492
  RealTimeStamp: 0 seconds 
  LargestPossibleRegion: 
    Dimension: 3
    Index: [0, 0, 0]
    Size: [512, 512, 54]
  BufferedRegion: 
    Dimension: 3
    Index: [0, 0, 0]
    Size: [512, 512, 54]
  RequestedRegion: 
    Dimension: 3
    Index: [0, 0, 0]
    Size: [512, 512, 54]
  Spacing: [0.4375, 0.4375, 1.1]
  Origin: [-112, -19.8665, -129.175]
  Direction: 
1 9.57608e-12 -7.38789e-12
9.57608e-12 -0.253758 0.967268
-7.38789e-12 0.967268 0.253758

  IndexToPointMatrix: 
0.4375 4.18953e-12 -8.12668e-12
4.18953e-12 -0.111019 1.06399
-3.2322e-12 0.42318 0.279134

  PointToIndexMatrix: 
2.28571 2.18882e-11 -1.68866e-11
2.18882e-11 -0.580018 2.2109
-6.71627e-12 0.879334 0.230689

  Inverse Direction: 
1 9.57608e-12 -7.38789e-12
9.57608e-12 -0.253758 0.967268
-7.38789e-12 0.967268 0.253758

  PixelContainer: 
    ImportImageContainer (0x3f25980)
      RTTI typeinfo:   itk::ImportImageContainer<unsigned long, double>
      Reference Count: 1
      Modified Time: 1489
      Debug: Off
      Object Name: 
      Observers: 
        none
      Pointer: 0x2ab3f4be4010
      Container manages memory: true
      Size: 14155776
      Capacity: 14155776

     Moving image = Image (0x3f28b30)
  RTTI typeinfo:   itk::Image<double, 3u>
  Reference Count: 2
  Modified Time: 1710
  Debug: Off
  Object Name: 
  Observers: 
    none
  Source: (none)
  Source output name: (none)
  Release Data: Off
  Data Released: False
  Global Release Data: Off
  PipelineMTime: 0
  UpdateMTime: 1707
  RealTimeStamp: 0 seconds 
  LargestPossibleRegion: 
    Dimension: 3
    Index: [0, 0, 0]
    Size: [224, 320, 320]
  BufferedRegion: 
    Dimension: 3
    Index: [0, 0, 0]
    Size: [224, 320, 320]
  RequestedRegion: 
    Dimension: 3
    Index: [0, 0, 0]
    Size: [224, 320, 320]
  Spacing: [0.7, 0.7, 0.7]
  Origin: [-80.5301, 77.8293, -133.375]
  Direction: 
1 0 0
0 -1 0
0 0 1

  IndexToPointMatrix: 
0.7 0 0
0 -0.7 0
0 0 0.7

  PointToIndexMatrix: 
1.42857 0 0
0 -1.42857 0
0 0 1.42857

  Inverse Direction: 
1 0 0
0 -1 0
0 0 1

  PixelContainer: 
    ImportImageContainer (0x3f25780)
      RTTI typeinfo:   itk::ImportImageContainer<unsigned long, double>
      Reference Count: 1
      Modified Time: 1704
      Debug: Off
      Object Name: 
      Observers: 
        none
      Pointer: 0x2ab3fb7e5010
      Container manages memory: true
      Size: 22937600
      Capacity: 22937600

     Weighting = 1
     Sampling strategy = regular
     Number of bins = 32
     Radius = 4
     Sampling percentage  = 0.25
   Transform = Rigid
     Gradient step = 0.1
     Update field sigma (voxel space) = 0
     Total field sigma (voxel space) = 0
     Update field time sigma = 0
     Total field time sigma  = 0
     Number of time indices = 0
     Number of time point samples = 0
Stage 2 State
   Image metric = Mattes
     Fixed image = Image (0x3f3a500)
  RTTI typeinfo:   itk::Image<double, 3u>
  Reference Count: 2
  Modified Time: 2141
  Debug: Off
  Object Name: 
  Observers: 
    none
  Source: (none)
  Source output name: (none)
  Release Data: Off
  Data Released: False
  Global Release Data: Off
  PipelineMTime: 0
  UpdateMTime: 1924
  RealTimeStamp: 0 seconds 
  LargestPossibleRegion: 
    Dimension: 3
    Index: [0, 0, 0]
    Size: [512, 512, 54]
  BufferedRegion: 
    Dimension: 3
    Index: [0, 0, 0]
    Size: [512, 512, 54]
  RequestedRegion: 
    Dimension: 3
    Index: [0, 0, 0]
    Size: [512, 512, 54]
  Spacing: [0.4375, 0.4375, 1.1]
  Origin: [-112, -19.8665, -129.175]
  Direction: 
1 9.57608e-12 -7.38789e-12
9.57608e-12 -0.253758 0.967268
-7.38789e-12 0.967268 0.253758

  IndexToPointMatrix: 
0.4375 4.18953e-12 -8.12668e-12
4.18953e-12 -0.111019 1.06399
-3.2322e-12 0.42318 0.279134

  PointToIndexMatrix: 
2.28571 2.18882e-11 -1.68866e-11
2.18882e-11 -0.580018 2.2109
-6.71627e-12 0.879334 0.230689

  Inverse Direction: 
1 9.57608e-12 -7.38789e-12
9.57608e-12 -0.253758 0.967268
-7.38789e-12 0.967268 0.253758

  PixelContainer: 
    ImportImageContainer (0x3f2b860)
      RTTI typeinfo:   itk::ImportImageContainer<unsigned long, double>
      Reference Count: 1
      Modified Time: 1921
      Debug: Off
      Object Name: 
      Observers: 
        none
      Pointer: 0x2ab4066e6010
      Container manages memory: true
      Size: 14155776
      Capacity: 14155776

     Moving image = Image (0x3f3ef40)
  RTTI typeinfo:   itk::Image<double, 3u>
  Reference Count: 2
  Modified Time: 2142
  Debug: Off
  Object Name: 
  Observers: 
    none
  Source: (none)
  Source output name: (none)
  Release Data: Off
  Data Released: False
  Global Release Data: Off
  PipelineMTime: 0
  UpdateMTime: 2139
  RealTimeStamp: 0 seconds 
  LargestPossibleRegion: 
    Dimension: 3
    Index: [0, 0, 0]
    Size: [224, 320, 320]
  BufferedRegion: 
    Dimension: 3
    Index: [0, 0, 0]
    Size: [224, 320, 320]
  RequestedRegion: 
    Dimension: 3
    Index: [0, 0, 0]
    Size: [224, 320, 320]
  Spacing: [0.7, 0.7, 0.7]
  Origin: [-80.5301, 77.8293, -133.375]
  Direction: 
1 0 0
0 -1 0
0 0 1

  IndexToPointMatrix: 
0.7 0 0
0 -0.7 0
0 0 0.7

  PointToIndexMatrix: 
1.42857 0 0
0 -1.42857 0
0 0 1.42857

  Inverse Direction: 
1 0 0
0 -1 0
0 0 1

  PixelContainer: 
    ImportImageContainer (0x3f36750)
      RTTI typeinfo:   itk::ImportImageContainer<unsigned long, double>
      Reference Count: 1
      Modified Time: 2136
      Debug: Off
      Object Name: 
      Observers: 
        none
      Pointer: 0x2ab40d2e7010
      Container manages memory: true
      Size: 22937600
      Capacity: 22937600

     Weighting = 1
     Sampling strategy = regular
     Number of bins = 32
     Radius = 4
     Sampling percentage  = 0.25
   Transform = Affine
     Gradient step = 0.1
     Update field sigma (voxel space) = 0
     Total field sigma (voxel space) = 0
     Update field time sigma = 0
     Total field time sigma  = 0
     Number of time indices = 0
     Number of time point samples = 0
Registration using 2 total stages.

Stage 0
  iterations = 1000x500x250x0
  convergence threshold = 1e-06
  convergence window size = 10
  number of levels = 4
  using the Mattes MI metric (number of bins = 32, weight = 1)
  preprocessing:  winsorizing the image intensities
  Shrink factors (level 1 out of 4): [12, 12, 5]
  Shrink factors (level 2 out of 4): [8, 8, 3]
  Shrink factors (level 3 out of 4): [4, 4, 2]
  Shrink factors (level 4 out of 4): [2, 2, 1]
  smoothing sigmas per level: [4, 3, 2, 1]
  regular sampling (percentage = 0.25)

*** Running Euler3DTransform registration ***

DIAGNOSTIC,Iteration,metricValue,convergenceValue,ITERATION_TIME_INDEX,SINCE_LAST
 2DIAGNOSTIC,     1, -2.821555658748e-01, 1.797693134862e+308, 4.0302e+00, 4.0302e+00, 
 2DIAGNOSTIC,     2, -2.831017112260e-01, 1.797693134862e+308, 4.0382e+00, 7.9911e-03, 
 2DIAGNOSTIC,     3, -2.853152477940e-01, 1.797693134862e+308, 4.0459e+00, 7.7620e-03, 
 2DIAGNOSTIC,     4, -2.887512879585e-01, 1.797693134862e+308, 4.0539e+00, 7.9808e-03, 
 2DIAGNOSTIC,     5, -2.936992814969e-01, 1.797693134862e+308, 4.0752e+00, 2.1287e-02, 
 2DIAGNOSTIC,     6, -2.967450185892e-01, 1.797693134862e+308, 4.0889e+00, 1.3728e-02, 
 2DIAGNOSTIC,     7, -2.993719081547e-01, 1.797693134862e+308, 4.0972e+00, 8.3220e-03, 
 2DIAGNOSTIC,     8, -3.023908122459e-01, 1.797693134862e+308, 4.1058e+00, 8.5740e-03, 
 2DIAGNOSTIC,     9, -3.241642790489e-01, 1.797693134862e+308, 4.1149e+00, 9.1100e-03, 
 2DIAGNOSTIC,    10, -3.794017057107e-01, 1.410217734782e-02, 4.1246e+00, 9.7091e-03, 
 2DIAGNOSTIC,    11, -4.749580342417e-01, 2.456911185843e-02, 4.1431e+00, 1.8518e-02, 
 2DIAGNOSTIC,    12, -5.926753149704e-01, 3.765224379846e-02, 4.1653e+00, 2.2110e-02, 
 2DIAGNOSTIC,    13, -6.122495685324e-01, 4.525727572824e-02, 4.1751e+00, 9.8360e-03, 
 2DIAGNOSTIC,    14, -6.197673634996e-01, 4.780762723420e-02, 4.1845e+00, 9.3710e-03, 
 2DIAGNOSTIC,    15, -6.218214488107e-01, 4.598284909063e-02, 4.1926e+00, 8.1072e-03, 
 2DIAGNOSTIC,    16, -6.215719224680e-01, 4.048406828898e-02, 4.2027e+00, 1.0160e-02, 
 2DIAGNOSTIC,    17, -6.223026353437e-01, 3.239932071081e-02, 4.2116e+00, 8.8749e-03, 
 2DIAGNOSTIC,    18, -6.238158012249e-01, 2.287367865232e-02, 4.2361e+00, 2.4521e-02, 
 2DIAGNOSTIC,    19, -6.259116650847e-01, 1.352427140971e-02, 4.2466e+00, 1.0524e-02, 
 2DIAGNOSTIC,    20, -6.277385612070e-01, 5.984421373283e-03, 4.2552e+00, 8.5652e-03, 
 2DIAGNOSTIC,    21, -6.296052353483e-01, 1.636490534077e-03, 4.2646e+00, 9.3670e-03, 
 2DIAGNOSTIC,    22, -6.301597090323e-01, 9.073848213568e-04, 4.2728e+00, 8.2560e-03, 
 2DIAGNOSTIC,    23, -6.311711123189e-01, 7.069099514959e-04, 4.2842e+00, 1.1379e-02, 
 2DIAGNOSTIC,    24, -6.314755792099e-01, 6.524720872063e-04, 4.2941e+00, 9.8460e-03, 
 2DIAGNOSTIC,    25, -6.318601180993e-01, 6.001045131285e-04, 4.3168e+00, 2.2700e-02, 
 2DIAGNOSTIC,    26, -6.325804834930e-01, 5.075954553237e-04, 4.3281e+00, 1.1317e-02, 
 2DIAGNOSTIC,    27, -6.329864667247e-01, 4.000915552725e-04, 4.3377e+00, 9.5890e-03, 
 2DIAGNOSTIC,    28, -6.338422266053e-01, 3.121080449170e-04, 4.3468e+00, 9.1510e-03, 
 2DIAGNOSTIC,    29, -6.342674160380e-01, 2.503599057825e-04, 4.3549e+00, 8.0562e-03, 
 2DIAGNOSTIC,    30, -6.347652475255e-01, 2.125782778018e-04, 4.3630e+00, 8.1031e-03, 
 2DIAGNOSTIC,    31, -6.349555500170e-01, 1.942358464429e-04, 4.3804e+00, 1.7445e-02, 
 2DIAGNOSTIC,    32, -6.351097764093e-01, 1.707989446548e-04, 4.4010e+00, 2.0610e-02, 
 2DIAGNOSTIC,    33, -6.352698990600e-01, 1.522768639278e-04, 4.4105e+00, 9.4869e-03, 
 2DIAGNOSTIC,    34, -6.353453618582e-01, 1.267064947209e-04, 4.4188e+00, 8.2440e-03, 
 2DIAGNOSTIC,    35, -6.353828863675e-01, 9.732215773758e-05, 4.4268e+00, 8.0378e-03, 
 2DIAGNOSTIC,    36, -6.354067420817e-01, 7.182436858496e-05, 4.4389e+00, 1.2108e-02, 
 2DIAGNOSTIC,    37, -6.354194483939e-01, 4.705007836397e-05, 4.4485e+00, 9.6202e-03, 
 2DIAGNOSTIC,    38, -6.354291186644e-01, 3.137332119051e-05, 4.4688e+00, 2.0228e-02, 
 2DIAGNOSTIC,    39, -6.354398118504e-01, 1.947222631373e-05, 4.4820e+00, 1.3267e-02, 
 2DIAGNOSTIC,    40, -6.354457100251e-01, 1.306359001410e-05, 4.4905e+00, 8.4829e-03, 
 2DIAGNOSTIC,    41, -6.354555281614e-01, 8.383791978164e-06, 4.4988e+00, 8.3001e-03, 
 2DIAGNOSTIC,    42, -6.354815889148e-01, 5.433601383813e-06, 4.5089e+00, 1.0092e-02, 
 2DIAGNOSTIC,    43, -6.355486951013e-01, 4.912417499010e-06, 4.5169e+00, 7.9842e-03, 
 2DIAGNOSTIC,    44, -6.355517523349e-01, 4.923964811342e-06, 4.5451e+00, 2.8206e-02, 
 2DIAGNOSTIC,    45, -6.355528858732e-01, 4.992356164114e-06, 4.5553e+00, 1.0227e-02, 
 2DIAGNOSTIC,    46, -6.355570123524e-01, 4.977771830977e-06, 4.5648e+00, 9.4919e-03, 
 2DIAGNOSTIC,    47, -6.355595182812e-01, 4.720206326640e-06, 4.5731e+00, 8.2898e-03, 
 2DIAGNOSTIC,    48, -6.354816513299e-01, 3.361624544906e-06, 4.5821e+00, 9.0110e-03, 
 2DIAGNOSTIC,    49, -6.354816950564e-01, 1.952455632417e-06, 4.5963e+00, 1.4155e-02, 
DIAGNOSTIC,Iteration,metricValue,convergenceValue,ITERATION_TIME_INDEX,SINCE_LAST
 2DIAGNOSTIC,     1, -5.979399987768e-01, 1.797693134862e+308, 8.8843e+00, 4.2880e+00, 
 2DIAGNOSTIC,     2, -5.990694806782e-01, 1.797693134862e+308, 8.9310e+00, 4.6710e-02, 
 2DIAGNOSTIC,     3, -5.999457864975e-01, 1.797693134862e+308, 8.9872e+00, 5.6218e-02, 
 2DIAGNOSTIC,     4, -6.004041348210e-01, 1.797693134862e+308, 9.0223e+00, 3.5068e-02, 
 2DIAGNOSTIC,     5, -6.009970102718e-01, 1.797693134862e+308, 9.0816e+00, 5.9291e-02, 
 2DIAGNOSTIC,     6, -6.017933510916e-01, 1.797693134862e+308, 9.1434e+00, 6.1810e-02, 
 2DIAGNOSTIC,     7, -6.031602024672e-01, 1.797693134862e+308, 9.2249e+00, 8.1542e-02, 
 2DIAGNOSTIC,     8, -6.031710967230e-01, 1.797693134862e+308, 9.2812e+00, 5.6227e-02, 
 2DIAGNOSTIC,     9, -6.031367570506e-01, 1.797693134862e+308, 9.3261e+00, 4.4943e-02, 
 2DIAGNOSTIC,    10, -6.031365160402e-01, 5.908356613684e-04, 9.3874e+00, 6.1327e-02, 
 2DIAGNOSTIC,    11, -6.031314327300e-01, 4.328622695576e-04, 9.4378e+00, 5.0396e-02, 
 2DIAGNOSTIC,    12, -6.031300134075e-01, 3.057193070445e-04, 9.4781e+00, 4.0278e-02, 
 2DIAGNOSTIC,    13, -6.030815432683e-01, 2.009692452431e-04, 9.5340e+00, 5.5920e-02, 
 2DIAGNOSTIC,    14, -6.031080940467e-01, 1.101082990992e-04, 9.5957e+00, 6.1709e-02, 
 2DIAGNOSTIC,    15, -6.031182113781e-01, 4.029311927720e-05, 9.6392e+00, 4.3470e-02, 
DIAGNOSTIC,Iteration,metricValue,convergenceValue,ITERATION_TIME_INDEX,SINCE_LAST
 2DIAGNOSTIC,     1, -4.957224165920e-01, 1.797693134862e+308, 1.4165e+01, 4.5261e+00, 
 2DIAGNOSTIC,     2, -4.965710169217e-01, 1.797693134862e+308, 1.4496e+01, 3.3069e-01, 
 2DIAGNOSTIC,     3, -4.968722245314e-01, 1.797693134862e+308, 1.4820e+01, 3.2427e-01, 
 2DIAGNOSTIC,     4, -4.973070939408e-01, 1.797693134862e+308, 1.5145e+01, 3.2489e-01, 
 2DIAGNOSTIC,     5, -4.976787991128e-01, 1.797693134862e+308, 1.5521e+01, 3.7597e-01, 
 2DIAGNOSTIC,     6, -4.978357976758e-01, 1.797693134862e+308, 1.5951e+01, 4.2952e-01, 
 2DIAGNOSTIC,     7, -4.979532900021e-01, 1.797693134862e+308, 1.6282e+01, 3.3173e-01, 
 2DIAGNOSTIC,     8, -4.980774427465e-01, 1.797693134862e+308, 1.6610e+01, 3.2722e-01, 
 2DIAGNOSTIC,     9, -4.983241722812e-01, 1.797693134862e+308, 1.7298e+01, 6.8793e-01, 
 2DIAGNOSTIC,    10, -4.983288091189e-01, 3.066509773486e-04, 1.7624e+01, 3.2618e-01, 
 2DIAGNOSTIC,    11, -4.983645688564e-01, 2.098663522762e-04, 1.7950e+01, 3.2638e-01, 
 2DIAGNOSTIC,    12, -4.983998143145e-01, 1.528751244173e-04, 1.8275e+01, 3.2479e-01, 
 2DIAGNOSTIC,    13, -4.984197898557e-01, 1.047985401057e-04, 1.8602e+01, 3.2696e-01, 
 2DIAGNOSTIC,    14, -4.984242836940e-01, 7.177323235955e-05, 1.8933e+01, 3.3065e-01, 
 2DIAGNOSTIC,    15, -4.984294347819e-01, 5.109964443822e-05, 1.9260e+01, 3.2718e-01, 
 2DIAGNOSTIC,    16, -4.984361144652e-01, 3.442105535673e-05, 1.9641e+01, 3.8123e-01, 
 2DIAGNOSTIC,    17, -4.984393234778e-01, 2.072873891500e-05, 2.0022e+01, 3.8092e-01, 
 2DIAGNOSTIC,    18, -4.984450134350e-01, 1.071809636809e-05, 2.0707e+01, 6.8540e-01, 
 2DIAGNOSTIC,    19, -4.984450577620e-01, 8.367304531284e-06, 2.1039e+01, 3.3197e-01, 
 2DIAGNOSTIC,    20, -4.984458914703e-01, 5.778079922122e-06, 2.1422e+01, 3.8249e-01, 
 2DIAGNOSTIC,    21, -4.984465349202e-01, 4.014147944841e-06, 2.1749e+01, 3.2770e-01, 
 2DIAGNOSTIC,    22, -4.984464471180e-01, 3.075456172875e-06, 2.2076e+01, 3.2638e-01, 
 2DIAGNOSTIC,    23, -4.984463879843e-01, 2.559258780045e-06, 2.2398e+01, 3.2196e-01, 
 2DIAGNOSTIC,    24, -4.984472696800e-01, 2.103100892770e-06, 2.2731e+01, 3.3316e-01, 
 2DIAGNOSTIC,    25, -4.984485311146e-01, 1.754540182794e-06, 2.3060e+01, 3.2857e-01, 
 2DIAGNOSTIC,    26, -4.984511151207e-01, 1.589497075197e-06, 2.3385e+01, 3.2588e-01, 
 2DIAGNOSTIC,    27, -4.984536657177e-01, 1.519919587092e-06, 2.3765e+01, 3.7982e-01, 
 2DIAGNOSTIC,    28, -4.984628635330e-01, 1.726465092278e-06, 2.4299e+01, 5.3381e-01, 
 2DIAGNOSTIC,    29, -4.984622116323e-01, 1.846654364070e-06, 2.4679e+01, 3.8010e-01, 
 2DIAGNOSTIC,    30, -4.984624189422e-01, 1.910016623252e-06, 2.5005e+01, 3.2570e-01, 
 2DIAGNOSTIC,    31, -4.984622693044e-01, 1.899754669479e-06, 2.5385e+01, 3.8047e-01, 
 2DIAGNOSTIC,    32, -4.984619900940e-01, 1.799834546311e-06, 2.5864e+01, 4.7842e-01, 
 2DIAGNOSTIC,    33, -4.984627266804e-01, 1.639235104163e-06, 2.7110e+01, 1.2463e+00, 
 2DIAGNOSTIC,    34, -4.984627266799e-01, 1.438585044700e-06, 2.8150e+01, 1.0402e+00, 
 2DIAGNOSTIC,    35, -4.984627266799e-01, 1.224031209342e-06, 2.8526e+01, 3.7581e-01, 
 2DIAGNOSTIC,    36, -4.984627266799e-01, 1.033097645764e-06, 2.8903e+01, 3.7709e-01, 
DIAGNOSTIC,Iteration,metricValue,convergenceValue,ITERATION_TIME_INDEX,SINCE_LAST
 2DIAGNOSTIC,     1, -4.267395824483e-01, 1.797693134862e+308, 3.5457e+01, 6.5534e+00, 
  Elapsed time (stage 0): 3.7185e+01


Stage 1
  iterations = 1000x500x250x0
  convergence threshold = 1.0000e-06
  convergence window size = 10
  number of levels = 4
  using the Mattes MI metric (number of bins = 32, weight = 1.0000e+00)
  preprocessing:  winsorizing the image intensities
  Shrink factors (level 1 out of 4): [12, 12, 5]
  Shrink factors (level 2 out of 4): [8, 8, 3]
  Shrink factors (level 3 out of 4): [4, 4, 2]
  Shrink factors (level 4 out of 4): [2, 2, 1]
  smoothing sigmas per level: [4, 3, 2, 1]
  regular sampling (percentage = 2.5000e-01)

*** Running AffineTransform registration ***

DIAGNOSTIC,Iteration,metricValue,convergenceValue,ITERATION_TIME_INDEX,SINCE_LAST
 2DIAGNOSTIC,     1, -6.214323122660e-01, 1.797693134862e+308, 4.0552e+00, 4.0552e+00, 
 2DIAGNOSTIC,     2, -6.224657689839e-01, 1.797693134862e+308, 4.0646e+00, 9.4471e-03, 
 2DIAGNOSTIC,     3, -6.240141306191e-01, 1.797693134862e+308, 4.0852e+00, 2.0569e-02, 
 2DIAGNOSTIC,     4, -6.259569600057e-01, 1.797693134862e+308, 4.0980e+00, 1.2798e-02, 
 2DIAGNOSTIC,     5, -6.283484348020e-01, 1.797693134862e+308, 4.1077e+00, 9.7148e-03, 
 2DIAGNOSTIC,     6, -6.307916499628e-01, 1.797693134862e+308, 4.1171e+00, 9.4020e-03, 
 2DIAGNOSTIC,     7, -6.328180294393e-01, 1.797693134862e+308, 4.1297e+00, 1.2587e-02, 
 2DIAGNOSTIC,     8, -6.332191766064e-01, 1.797693134862e+308, 4.1387e+00, 9.0520e-03, 
 2DIAGNOSTIC,     9, -6.333774821624e-01, 1.797693134862e+308, 4.1529e+00, 1.4175e-02, 
 2DIAGNOSTIC,    10, -6.337477699360e-01, 1.446245905504e-03, 4.1758e+00, 2.2918e-02, 
 2DIAGNOSTIC,    11, -6.338718895554e-01, 1.141713749412e-03, 4.1871e+00, 1.1307e-02, 
 2DIAGNOSTIC,    12, -6.342712520789e-01, 8.392302049902e-04, 4.1978e+00, 1.0712e-02, 
 2DIAGNOSTIC,    13, -6.344538399215e-01, 5.679761663425e-04, 4.2071e+00, 9.2969e-03, 
 2DIAGNOSTIC,    14, -6.344120319894e-01, 3.453076438636e-04, 4.2164e+00, 9.2709e-03, 
 2DIAGNOSTIC,    15, -6.344480758730e-01, 1.930620753635e-04, 4.2361e+00, 1.9652e-02, 
 2DIAGNOSTIC,    16, -6.344916075150e-01, 1.109599057404e-04, 4.2505e+00, 1.4475e-02, 
 2DIAGNOSTIC,    17, -6.345100215015e-01, 8.237862050151e-05, 4.2650e+00, 1.4498e-02, 
 2DIAGNOSTIC,    18, -6.345183727266e-01, 5.975243568856e-05, 4.2747e+00, 9.7089e-03, 
 2DIAGNOSTIC,    19, -6.344605760801e-01, 3.648231175651e-05, 4.2841e+00, 9.3892e-03, 
 2DIAGNOSTIC,    20, -6.344757654426e-01, 2.111902777288e-05, 4.2956e+00, 1.1484e-02, 
 2DIAGNOSTIC,    21, -6.344814525160e-01, 7.934340549201e-06, 4.3140e+00, 1.8396e-02, 
 2DIAGNOSTIC,    22, -6.344927359837e-01, 3.617164852289e-06, 4.3302e+00, 1.6229e-02, 
 2DIAGNOSTIC,    23, -6.345749016652e-01, 4.697549689688e-06, 4.3435e+00, 1.3278e-02, 
 2DIAGNOSTIC,    24, -6.345843007366e-01, 4.743118141748e-06, 4.3532e+00, 9.6819e-03, 
 2DIAGNOSTIC,    25, -6.345882600828e-01, 5.183271082815e-06, 4.3627e+00, 9.5291e-03, 
 2DIAGNOSTIC,    26, -6.345938729515e-01, 6.067939086848e-06, 4.3764e+00, 1.3651e-02, 
 2DIAGNOSTIC,    27, -6.345947229350e-01, 6.732251037984e-06, 4.3861e+00, 9.7630e-03, 
 2DIAGNOSTIC,    28, -6.345955095195e-01, 6.981491123485e-06, 4.4074e+00, 2.1237e-02, 
 2DIAGNOSTIC,    29, -6.345978758158e-01, 5.793850120860e-06, 4.4195e+00, 1.2104e-02, 
 2DIAGNOSTIC,    30, -6.346014264543e-01, 4.539759630481e-06, 4.4293e+00, 9.8600e-03, 
 2DIAGNOSTIC,    31, -6.346049438510e-01, 3.180616720194e-06, 4.4412e+00, 1.1808e-02, 
 2DIAGNOSTIC,    32, -6.346094105263e-01, 1.892566153162e-06, 4.4548e+00, 1.3654e-02, 
 2DIAGNOSTIC,    33, -6.346101686709e-01, 1.724141505920e-06, 4.4656e+00, 1.0820e-02, 
 2DIAGNOSTIC,    34, -6.346102973717e-01, 1.619641326146e-06, 4.4868e+00, 2.1186e-02, 
 2DIAGNOSTIC,    35, -6.346107548546e-01, 1.511251520019e-06, 4.4996e+00, 1.2799e-02, 
 2DIAGNOSTIC,    36, -6.346122350618e-01, 1.439532232080e-06, 4.5095e+00, 9.8779e-03, 
 2DIAGNOSTIC,    37, -6.346146814445e-01, 1.358275865945e-06, 4.5191e+00, 9.6200e-03, 
 2DIAGNOSTIC,    38, -6.346181414964e-01, 1.283722982151e-06, 4.5284e+00, 9.2659e-03, 
 2DIAGNOSTIC,    39, -6.346242125830e-01, 1.267333992836e-06, 4.5527e+00, 2.4294e-02, 
 2DIAGNOSTIC,    40, -6.346243203205e-01, 1.248373372745e-06, 4.5725e+00, 1.9853e-02, 
 2DIAGNOSTIC,    41, -6.346243344404e-01, 1.225669496559e-06, 4.5835e+00, 1.0969e-02, 
 2DIAGNOSTIC,    42, -6.346243366778e-01, 1.209335890186e-06, 4.6129e+00, 2.9451e-02, 
 2DIAGNOSTIC,    43, -6.346243366778e-01, 1.158018320201e-06, 4.6523e+00, 3.9405e-02, 
 2DIAGNOSTIC,    44, -6.346243366778e-01, 1.069812334418e-06, 4.6644e+00, 1.2035e-02, 
DIAGNOSTIC,Iteration,metricValue,convergenceValue,ITERATION_TIME_INDEX,SINCE_LAST
 2DIAGNOSTIC,     1, -5.365677415692e-01, 1.797693134862e+308, 8.7038e+00, 4.0394e+00, 
 2DIAGNOSTIC,     2, -5.375464808977e-01, 1.797693134862e+308, 8.7523e+00, 4.8444e-02, 
 2DIAGNOSTIC,     3, -5.386552165129e-01, 1.797693134862e+308, 8.8115e+00, 5.9230e-02, 
 2DIAGNOSTIC,     4, -5.395303711868e-01, 1.797693134862e+308, 8.8716e+00, 6.0135e-02, 
 2DIAGNOSTIC,     5, -5.405590071474e-01, 1.797693134862e+308, 8.9188e+00, 4.7179e-02, 
 2DIAGNOSTIC,     6, -5.415492604046e-01, 1.797693134862e+308, 8.9786e+00, 5.9819e-02, 
 2DIAGNOSTIC,     7, -5.419864935028e-01, 1.797693134862e+308, 9.0595e+00, 8.0895e-02, 
 2DIAGNOSTIC,     8, -5.419968163181e-01, 1.797693134862e+308, 9.1309e+00, 7.1404e-02, 
 2DIAGNOSTIC,     9, -5.420303684890e-01, 1.797693134862e+308, 9.1991e+00, 6.8195e-02, 
 2DIAGNOSTIC,    10, -5.420234026217e-01, 6.886197584381e-04, 9.2664e+00, 6.7271e-02, 
 2DIAGNOSTIC,    11, -5.420521319878e-01, 4.784629567246e-04, 9.3263e+00, 5.9858e-02, 
 2DIAGNOSTIC,    12, -5.420608985997e-01, 3.033679543402e-04, 9.3722e+00, 4.5938e-02, 
 2DIAGNOSTIC,    13, -5.421363198746e-01, 1.760758771065e-04, 9.4320e+00, 5.9765e-02, 
 2DIAGNOSTIC,    14, -5.422440886084e-01, 8.767246085288e-05, 9.5010e+00, 6.9044e-02, 
 2DIAGNOSTIC,    15, -5.423808557226e-01, 4.323570562437e-05, 9.5630e+00, 6.1990e-02, 
 2DIAGNOSTIC,    16, -5.424422918554e-01, 3.467942663068e-05, 9.6085e+00, 4.5476e-02, 
 2DIAGNOSTIC,    17, -5.425205574815e-01, 4.008536919681e-05, 9.6704e+00, 6.1940e-02, 
 2DIAGNOSTIC,    18, -5.425983968494e-01, 4.388626306832e-05, 9.7447e+00, 7.4274e-02, 
 2DIAGNOSTIC,    19, -5.426543122277e-01, 4.579525715272e-05, 9.8103e+00, 6.5633e-02, 
 2DIAGNOSTIC,    20, -5.426322401924e-01, 4.260397540199e-05, 9.8680e+00, 5.7681e-02, 
 2DIAGNOSTIC,    21, -5.428175243215e-01, 4.132530539223e-05, 9.9213e+00, 5.3286e-02, 
 2DIAGNOSTIC,    22, -5.429656901279e-01, 4.006818392609e-05, 9.9799e+00, 5.8628e-02, 
 2DIAGNOSTIC,    23, -5.430055832077e-01, 3.783358822665e-05, 1.0054e+01, 7.4052e-02, 
 2DIAGNOSTIC,    24, -5.431111485943e-01, 3.704712551794e-05, 1.0121e+01, 6.7021e-02, 
 2DIAGNOSTIC,    25, -5.431206379090e-01, 3.603540467787e-05, 1.0172e+01, 5.1271e-02, 
 2DIAGNOSTIC,    26, -5.431378532063e-01, 3.337257390983e-05, 1.0224e+01, 5.1618e-02, 
 2DIAGNOSTIC,    27, -5.431702957953e-01, 2.995464906049e-05, 1.0296e+01, 7.2079e-02, 
 2DIAGNOSTIC,    28, -5.431757289531e-01, 2.560828409736e-05, 1.0359e+01, 6.2674e-02, 
 2DIAGNOSTIC,    29, -5.431947161766e-01, 2.067569217699e-05, 1.0434e+01, 7.5569e-02, 
 2DIAGNOSTIC,    30, -5.431938980687e-01, 1.376142191108e-05, 1.0488e+01, 5.4081e-02, 
 2DIAGNOSTIC,    31, -5.431989016650e-01, 9.274964352601e-06, 1.0537e+01, 4.9004e-02, 
 2DIAGNOSTIC,    32, -5.432075107521e-01, 6.854112872004e-06, 1.0607e+01, 6.9644e-02, 
 2DIAGNOSTIC,    33, -5.432112857753e-01, 4.669053348831e-06, 1.0670e+01, 6.3152e-02, 
 2DIAGNOSTIC,    34, -5.432158397553e-01, 3.962583114490e-06, 1.0731e+01, 6.0821e-02, 
 2DIAGNOSTIC,    35, -5.432391678602e-01, 3.500198939844e-06, 1.0800e+01, 6.9379e-02, 
 2DIAGNOSTIC,    36, -5.432609661359e-01, 3.367680921712e-06, 1.0853e+01, 5.3085e-02, 
 2DIAGNOSTIC,    37, -5.432769317688e-01, 3.686484648227e-06, 1.0921e+01, 6.8138e-02, 
 2DIAGNOSTIC,    38, -5.432693788026e-01, 3.684681518699e-06, 1.0985e+01, 6.3283e-02, 
 2DIAGNOSTIC,    39, -5.432698842960e-01, 3.684607850465e-06, 1.1045e+01, 6.0523e-02, 
 2DIAGNOSTIC,    40, -5.432707480530e-01, 3.407546892230e-06, 1.1090e+01, 4.5044e-02, 
 2DIAGNOSTIC,    41, -5.432720104962e-01, 2.964966287215e-06, 1.1191e+01, 1.0089e-01, 
 2DIAGNOSTIC,    42, -5.432843424001e-01, 2.595756863483e-06, 1.1239e+01, 4.7532e-02, 
 2DIAGNOSTIC,    43, -5.432845822382e-01, 2.120209194937e-06, 1.1299e+01, 6.0019e-02, 
 2DIAGNOSTIC,    44, -5.432728162867e-01, 1.448991537908e-06, 1.1358e+01, 5.9536e-02, 
 2DIAGNOSTIC,    45, -5.432735994006e-01, 1.018691193396e-06, 1.1409e+01, 5.0325e-02, 
DIAGNOSTIC,Iteration,metricValue,convergenceValue,ITERATION_TIME_INDEX,SINCE_LAST
 2DIAGNOSTIC,     1, -4.997459097368e-01, 1.797693134862e+308, 1.5935e+01, 4.5266e+00, 
 2DIAGNOSTIC,     2, -5.012040094909e-01, 1.797693134862e+308, 1.6299e+01, 3.6349e-01, 
 2DIAGNOSTIC,     3, -5.023147729310e-01, 1.797693134862e+308, 1.6651e+01, 3.5243e-01, 
 2DIAGNOSTIC,     4, -5.029204225692e-01, 1.797693134862e+308, 1.7010e+01, 3.5896e-01, 
 2DIAGNOSTIC,     5, -5.035748038623e-01, 1.797693134862e+308, 1.7472e+01, 4.6198e-01, 
 2DIAGNOSTIC,     6, -5.038976566878e-01, 1.797693134862e+308, 1.7877e+01, 4.0455e-01, 
 2DIAGNOSTIC,     7, -5.040080434679e-01, 1.797693134862e+308, 1.8240e+01, 3.6301e-01, 
 2DIAGNOSTIC,     8, -5.041023023140e-01, 1.797693134862e+308, 1.8648e+01, 4.0820e-01, 
 2DIAGNOSTIC,     9, -5.041836338345e-01, 1.797693134862e+308, 1.9005e+01, 3.5754e-01, 
 2DIAGNOSTIC,    10, -5.042983255550e-01, 5.100760134171e-04, 1.9418e+01, 4.1237e-01, 
 2DIAGNOSTIC,    11, -5.043348405188e-01, 3.117802588125e-04, 1.9769e+01, 3.5161e-01, 
 2DIAGNOSTIC,    12, -5.043573891852e-01, 1.878620901572e-04, 2.0289e+01, 5.1915e-01, 
 2DIAGNOSTIC,    13, -5.043833659635e-01, 1.154906723437e-04, 2.0644e+01, 3.5543e-01, 
 2DIAGNOSTIC,    14, -5.043885602925e-01, 6.723640536990e-05, 2.1008e+01, 3.6406e-01, 
 2DIAGNOSTIC,    15, -5.044101613903e-01, 4.462734397387e-05, 2.1360e+01, 3.5184e-01, 
 2DIAGNOSTIC,    16, -5.044093702491e-01, 3.224420919916e-05, 2.1879e+01, 5.1910e-01, 
 2DIAGNOSTIC,    17, -5.044227545650e-01, 2.264112356578e-05, 2.2232e+01, 3.5333e-01, 
 2DIAGNOSTIC,    18, -5.044278944974e-01, 1.527532218606e-05, 2.2596e+01, 3.6421e-01, 
 2DIAGNOSTIC,    19, -5.044200997530e-01, 9.537019730430e-06, 2.3108e+01, 5.1113e-01, 
 2DIAGNOSTIC,    20, -5.044344593300e-01, 7.277239104778e-06, 2.3518e+01, 4.1023e-01, 
 2DIAGNOSTIC,    21, -5.044342113253e-01, 5.656650476436e-06, 2.3935e+01, 4.1759e-01, 
 2DIAGNOSTIC,    22, -5.044362154847e-01, 4.413377304897e-06, 2.4287e+01, 3.5188e-01, 
 2DIAGNOSTIC,    23, -5.044365203394e-01, 3.649553179469e-06, 2.4649e+01, 3.6163e-01, 
 2DIAGNOSTIC,    24, -5.044386087925e-01, 2.900316703511e-06, 2.5056e+01, 4.0743e-01, 
 2DIAGNOSTIC,    25, -5.044427079909e-01, 2.643959064644e-06, 2.5417e+01, 3.6037e-01, 
 2DIAGNOSTIC,    26, -5.044423433952e-01, 2.240540005014e-06, 2.5826e+01, 4.0935e-01, 
 2DIAGNOSTIC,    27, -5.044431621587e-01, 2.069163215788e-06, 2.6180e+01, 3.5394e-01, 
 2DIAGNOSTIC,    28, -5.044329668115e-01, 1.732581479591e-06, 2.6543e+01, 3.6280e-01, 
 2DIAGNOSTIC,    29, -5.044344140754e-01, 1.236873812031e-06, 2.6904e+01, 3.6126e-01, 
 2DIAGNOSTIC,    30, -5.044409809006e-01, 1.150920734175e-06, 2.7628e+01, 7.2416e-01, 
 2DIAGNOSTIC,    31, -5.044405713792e-01, 1.043372592151e-06, 2.8928e+01, 1.2997e+00, 
DIAGNOSTIC,Iteration,metricValue,convergenceValue,ITERATION_TIME_INDEX,SINCE_LAST
 2DIAGNOSTIC,     1, -4.273798186691e-01, 1.797693134862e+308, 3.5505e+01, 6.5772e+00, 
  Elapsed time (stage 1): 3.7323e+01


Total elapsed time: 7.4519e+01
Using double precision for computations.
Input scalar image: /home/ccn30/rds/rds-p00500_encrypt-URQgmO1brZ0/p00500/ENCRYPT_images/32455/T2/N4t2.nii
Reference image: /home/ccn30/rds/rds-p00500_encrypt-URQgmO1brZ0/p00500/ENCRYPT_images/32455/mp2rage/n4mag0000_PSIR_skulled_std.nii
Can't read initial transform T1xT2_ANTs_0GenericAffine.mat
