Non-commercial use only - see $FSLDIR/LICENSE
Non-commercial use only - see $FSLDIR/LICENSE
Transform reader for /home/ccn30/rds/rds-p00500_encrypt-URQgmO1brZ0/p00500/ENCRYPT_registrations/32350/T1xepiSlab0GenericAffine.mat caught an ITK exception:

itk::ExceptionObject (0x2aa1a50)
Location: "unknown" 
File: /tmp/sjr20/spack-stage-ants-2.3.4-lj6vm7ccmij4yywr4ynrttcko4aoflqt/spack-build/ITKv5/Modules/IO/TransformBase/src/itkTransformFileReader.cxx
Line: 144
Description: itk::ERROR: TransformFileReaderTemplate(0x2aa11b0): Transform IO: MatlabTransformIOTemplate
   failed to read file: /home/ccn30/rds/rds-p00500_encrypt-URQgmO1brZ0/p00500/ENCRYPT_registrations/32350/T1xepiSlab0GenericAffine.mat


Transform reader for /home/ccn30/rds/rds-p00500_encrypt-URQgmO1brZ0/p00500/ENCRYPT_registrations/32350/T1xepiSlab0GenericAffine.mat caught an ITK exception:

itk::ExceptionObject (0x36f6a50)
Location: "unknown" 
File: /tmp/sjr20/spack-stage-ants-2.3.4-lj6vm7ccmij4yywr4ynrttcko4aoflqt/spack-build/ITKv5/Modules/IO/TransformBase/src/itkTransformFileReader.cxx
Line: 144
Description: itk::ERROR: TransformFileReaderTemplate(0x36f61b0): Transform IO: MatlabTransformIOTemplate
   failed to read file: /home/ccn30/rds/rds-p00500_encrypt-URQgmO1brZ0/p00500/ENCRYPT_registrations/32350/T1xepiSlab0GenericAffine.mat


Transform reader for /home/ccn30/rds/rds-p00500_encrypt-URQgmO1brZ0/p00500/ENCRYPT_registrations/32350/T1xepiSlab0GenericAffine.mat caught an ITK exception:

itk::ExceptionObject (0x345a8a0)
Location: "unknown" 
File: /tmp/sjr20/spack-stage-ants-2.3.4-lj6vm7ccmij4yywr4ynrttcko4aoflqt/spack-build/ITKv5/Modules/IO/TransformBase/src/itkTransformFileReader.cxx
Line: 144
Description: itk::ERROR: TransformFileReaderTemplate(0x345a000): Transform IO: MatlabTransformIOTemplate
   failed to read file: /home/ccn30/rds/rds-p00500_encrypt-URQgmO1brZ0/p00500/ENCRYPT_registrations/32350/T1xepiSlab0GenericAffine.mat


Transform reader for /home/ccn30/rds/rds-p00500_encrypt-URQgmO1brZ0/p00500/ENCRYPT_registrations/32350/T1xepiSlab0GenericAffine.mat caught an ITK exception:

itk::ExceptionObject (0x25988a0)
Location: "unknown" 
File: /tmp/sjr20/spack-stage-ants-2.3.4-lj6vm7ccmij4yywr4ynrttcko4aoflqt/spack-build/ITKv5/Modules/IO/TransformBase/src/itkTransformFileReader.cxx
Line: 144
Description: itk::ERROR: TransformFileReaderTemplate(0x2598000): Transform IO: MatlabTransformIOTemplate
   failed to read file: /home/ccn30/rds/rds-p00500_encrypt-URQgmO1brZ0/p00500/ENCRYPT_registrations/32350/T1xepiSlab0GenericAffine.mat


Transform reader for /home/ccn30/rds/rds-p00500_encrypt-URQgmO1brZ0/p00500/ENCRYPT_registrations/32350/T1xepiSlab0GenericAffine.mat caught an ITK exception:

itk::ExceptionObject (0x37a8a00)
Location: "unknown" 
File: /tmp/sjr20/spack-stage-ants-2.3.4-lj6vm7ccmij4yywr4ynrttcko4aoflqt/spack-build/ITKv5/Modules/IO/TransformBase/src/itkTransformFileReader.cxx
Line: 144
Description: itk::ERROR: TransformFileReaderTemplate(0x37a8160): Transform IO: MatlabTransformIOTemplate
   failed to read file: /home/ccn30/rds/rds-p00500_encrypt-URQgmO1brZ0/p00500/ENCRYPT_registrations/32350/T1xepiSlab0GenericAffine.mat


Transform reader for /home/ccn30/rds/rds-p00500_encrypt-URQgmO1brZ0/p00500/ENCRYPT_registrations/32350/T1xepiSlab0GenericAffine.mat caught an ITK exception:

itk::ExceptionObject (0x30aaa00)
Location: "unknown" 
File: /tmp/sjr20/spack-stage-ants-2.3.4-lj6vm7ccmij4yywr4ynrttcko4aoflqt/spack-build/ITKv5/Modules/IO/TransformBase/src/itkTransformFileReader.cxx
Line: 144
Description: itk::ERROR: TransformFileReaderTemplate(0x30aa160): Transform IO: MatlabTransformIOTemplate
   failed to read file: /home/ccn30/rds/rds-p00500_encrypt-URQgmO1brZ0/p00500/ENCRYPT_registrations/32350/T1xepiSlab0GenericAffine.mat


Image Exception : #63 :: No image files match: /home/ccn30/rds/rds-p00500_encrypt-URQgmO1brZ0/p00500/ENCRYPT_MTLmasks/32350/combinedEC_right_HybridMaass_EPI
terminate called after throwing an instance of 'std::runtime_error'
  what():  No image files match: /home/ccn30/rds/rds-p00500_encrypt-URQgmO1brZ0/p00500/ENCRYPT_MTLmasks/32350/combinedEC_right_HybridMaass_EPI
/home/ccn30/rds/hpc-work/WBIC_lustre/ENCRYPT/scripts/Registration/coreg_main.sh: line 345: 75235 Aborted                 fslmaths ${HybridMaass_epi_R} -thr 16.5 -uthr 17.5 -bin ${HybridMaassPM_epi_R} -odt char
Image Exception : #63 :: No image files match: /home/ccn30/rds/rds-p00500_encrypt-URQgmO1brZ0/p00500/ENCRYPT_MTLmasks/32350/combinedEC_right_HybridMaass_EPI
terminate called after throwing an instance of 'std::runtime_error'
  what():  No image files match: /home/ccn30/rds/rds-p00500_encrypt-URQgmO1brZ0/p00500/ENCRYPT_MTLmasks/32350/combinedEC_right_HybridMaass_EPI
/home/ccn30/rds/hpc-work/WBIC_lustre/ENCRYPT/scripts/Registration/coreg_main.sh: line 346: 75236 Aborted                 fslmaths ${HybridMaass_epi_R} -thr 17.5 -uthr 18.5 -bin ${HybridMaassAL_epi_R} -odt char
Image Exception : #63 :: No image files match: /home/ccn30/rds/rds-p00500_encrypt-URQgmO1brZ0/p00500/ENCRYPT_MTLmasks/32350/32350_right_lfseg_corr_usegray_noCysts_clean_EPI
terminate called after throwing an instance of 'std::runtime_error'
  what():  No image files match: /home/ccn30/rds/rds-p00500_encrypt-URQgmO1brZ0/p00500/ENCRYPT_MTLmasks/32350/32350_right_lfseg_corr_usegray_noCysts_clean_EPI
/home/ccn30/rds/hpc-work/WBIC_lustre/ENCRYPT/scripts/Registration/coreg_main.sh: line 347: 75237 Aborted                 fslmaths ${ASHS_epi_R} -thr 4.5 -uthr 5.5 -bin ${ASHS_HCtail_R} -odt char
Image Exception : #63 :: No image files match: /home/ccn30/rds/rds-p00500_encrypt-URQgmO1brZ0/p00500/ENCRYPT_MTLmasks/32350/combinedEC_left_HybridMaass_EPI
terminate called after throwing an instance of 'std::runtime_error'
  what():  No image files match: /home/ccn30/rds/rds-p00500_encrypt-URQgmO1brZ0/p00500/ENCRYPT_MTLmasks/32350/combinedEC_left_HybridMaass_EPI
/home/ccn30/rds/hpc-work/WBIC_lustre/ENCRYPT/scripts/Registration/coreg_main.sh: line 349: 75238 Aborted                 fslmaths ${HybridMaass_epi_L} -thr 16.5 -uthr 17.5 -bin ${HybridMaassPM_epi_L} -odt char
Image Exception : #63 :: No image files match: /home/ccn30/rds/rds-p00500_encrypt-URQgmO1brZ0/p00500/ENCRYPT_MTLmasks/32350/combinedEC_left_HybridMaass_EPI
terminate called after throwing an instance of 'std::runtime_error'
  what():  No image files match: /home/ccn30/rds/rds-p00500_encrypt-URQgmO1brZ0/p00500/ENCRYPT_MTLmasks/32350/combinedEC_left_HybridMaass_EPI
/home/ccn30/rds/hpc-work/WBIC_lustre/ENCRYPT/scripts/Registration/coreg_main.sh: line 350: 75239 Aborted                 fslmaths ${HybridMaass_epi_L} -thr 17.5 -uthr 18.5 -bin ${HybridMaassAL_epi_L} -odt char
Image Exception : #63 :: No image files match: /home/ccn30/rds/rds-p00500_encrypt-URQgmO1brZ0/p00500/ENCRYPT_MTLmasks/32350/32350_left_lfseg_corr_usegray_noCysts_clean_EPI
terminate called after throwing an instance of 'std::runtime_error'
  what():  No image files match: /home/ccn30/rds/rds-p00500_encrypt-URQgmO1brZ0/p00500/ENCRYPT_MTLmasks/32350/32350_left_lfseg_corr_usegray_noCysts_clean_EPI
/home/ccn30/rds/hpc-work/WBIC_lustre/ENCRYPT/scripts/Registration/coreg_main.sh: line 351: 75240 Aborted                 fslmaths ${ASHS_epi_L} -thr 4.5 -uthr 5.5 -bin ${ASHS_HCtail_L} -odt char
