This is job 40
Time: Thu 16 Sep 12:56:47 BST 2021
Running on master node: cpu-p-212
Current directory: /rds/user/ccn30/hpc-work/WBIC_lustre/ENCRYPT/scripts/Registration/slurmoutputs
Changed directory to /home/ccn30/rds/hpc-work/WBIC_lustre/ENCRYPT/scripts/Registration/slurmoutputs.

JobID: 46502814
======
Time: Thu 16 Sep 12:56:47 BST 2021
Running on master node: cpu-p-212
Current directory: /home/ccn30/rds/hpc-work/WBIC_lustre/ENCRYPT/scripts/Registration/slurmoutputs

Nodes allocated:
================
cpu-p-212

numtasks=, numnodes=, mpi_tasks_per_node= (OMP_NUM_THREADS=1)

Executing command:
==================
/home/ccn30/rds/hpc-work/WBIC_lustre/ENCRYPT/scripts/Registration/coreg_main.sh /home/ccn30/rds/hpc-work/WBIC_lustre/ENCRYPT/ENCRYPT_MasterRIScodes.txt 40 /home/ccn30/rds/rds-p00500_encrypt-URQgmO1brZ0/p00500 /home/ccn30/rds/hpc-work/WBIC_home/ENCRYPT/atlases/magdeburgatlas

******** starting 27202 ********
All_Command_lines_OK
Using double precision for computations.
=============================================================================
The composite transform comprises the following transforms (in order): 
  1. Center of mass alignment using fixed image: /home/ccn30/rds/hpc-work/WBIC_home/ENCRYPT/atlases/magdeburgatlas/template/template.nii.gz and moving image: /home/ccn30/rds/rds-p00500_encrypt-URQgmO1brZ0/p00500/ENCRYPT_images/27202/mp2rage/denoise_n4mag0000_PSIR_skulled_std.nii (type = Euler3DTransform)
=============================================================================
  number of levels = 4
  number of levels = 4
  fixed image: /home/ccn30/rds/hpc-work/WBIC_home/ENCRYPT/atlases/magdeburgatlas/template/template.nii.gz
  moving image: /home/ccn30/rds/rds-p00500_encrypt-URQgmO1brZ0/p00500/ENCRYPT_images/27202/mp2rage/denoise_n4mag0000_PSIR_skulled_std.nii
  fixed image: /home/ccn30/rds/hpc-work/WBIC_home/ENCRYPT/atlases/magdeburgatlas/template/template.nii.gz
  moving image: /home/ccn30/rds/rds-p00500_encrypt-URQgmO1brZ0/p00500/ENCRYPT_images/27202/mp2rage/denoise_n4mag0000_PSIR_skulled_std.nii
Dimension = 3
Number of stages = 2
Use Histogram Matching true
Winsorize image intensities true
Lower quantile = 0.005
Upper quantile = 0.995
Stage 1 State
   Image metric = Mattes
     Fixed image = Image (0x2da9200)
  RTTI typeinfo:   itk::Image<double, 3u>
  Reference Count: 2
  Modified Time: 1698
  Debug: Off
  Object Name: 
  Observers: 
    none
  Source: (none)
  Source output name: (none)
  Release Data: Off
  Data Released: False
  Global Release Data: Off
  PipelineMTime: 0
  UpdateMTime: 1481
  RealTimeStamp: 0 seconds 
  LargestPossibleRegion: 
    Dimension: 3
    Index: [0, 0, 0]
    Size: [384, 301, 288]
  BufferedRegion: 
    Dimension: 3
    Index: [0, 0, 0]
    Size: [384, 301, 288]
  RequestedRegion: 
    Dimension: 3
    Index: [0, 0, 0]
    Size: [384, 301, 288]
  Spacing: [0.598958, 0.598958, 0.599937]
  Origin: [83.4012, -147.626, 85.1783]
  Direction: 
-0 0 -1
1 -0 0
0 -1 0

  IndexToPointMatrix: 
0 0 -0.599937
0.598958 0 0
0 -0.598958 0

  PointToIndexMatrix: 
0 1.66957 0
0 0 -1.66957
-1.66684 0 0

  Inverse Direction: 
0 1 0
0 0 -1
-1 0 0

  PixelContainer: 
    ImportImageContainer (0x2d99dc0)
      RTTI typeinfo:   itk::ImportImageContainer<unsigned long, double>
      Reference Count: 1
      Modified Time: 1478
      Debug: Off
      Object Name: 
      Observers: 
        none
      Pointer: 0x2ab8abe0d010
      Container manages memory: true
      Size: 33288192
      Capacity: 33288192

     Moving image = Image (0x2dad3f0)
  RTTI typeinfo:   itk::Image<double, 3u>
  Reference Count: 2
  Modified Time: 1699
  Debug: Off
  Object Name: 
  Observers: 
    none
  Source: (none)
  Source output name: (none)
  Release Data: Off
  Data Released: False
  Global Release Data: Off
  PipelineMTime: 0
  UpdateMTime: 1696
  RealTimeStamp: 0 seconds 
  LargestPossibleRegion: 
    Dimension: 3
    Index: [0, 0, 0]
    Size: [224, 320, 320]
  BufferedRegion: 
    Dimension: 3
    Index: [0, 0, 0]
    Size: [224, 320, 320]
  RequestedRegion: 
    Dimension: 3
    Index: [0, 0, 0]
    Size: [224, 320, 320]
  Spacing: [0.7, 0.7, 0.7]
  Origin: [-80.5301, 72.866, -92.7551]
  Direction: 
1 0 0
0 -1 0
0 0 1

  IndexToPointMatrix: 
0.7 0 0
0 -0.7 0
0 0 0.7

  PointToIndexMatrix: 
1.42857 0 0
0 -1.42857 0
0 0 1.42857

  Inverse Direction: 
1 0 0
0 -1 0
0 0 1

  PixelContainer: 
    ImportImageContainer (0x2dad6b0)
      RTTI typeinfo:   itk::ImportImageContainer<unsigned long, double>
      Reference Count: 1
      Modified Time: 1693
      Debug: Off
      Object Name: 
      Observers: 
        none
      Pointer: 0x2ab8bbc06010
      Container manages memory: true
      Size: 22937600
      Capacity: 22937600

     Weighting = 1
     Sampling strategy = regular
     Number of bins = 32
     Radius = 4
     Sampling percentage  = 0.25
   Transform = Rigid
     Gradient step = 0.1
     Update field sigma (voxel space) = 0
     Total field sigma (voxel space) = 0
     Update field time sigma = 0
     Total field time sigma  = 0
     Number of time indices = 0
     Number of time point samples = 0
Stage 2 State
   Image metric = Mattes
     Fixed image = Image (0x2dbc060)
  RTTI typeinfo:   itk::Image<double, 3u>
  Reference Count: 2
  Modified Time: 2130
  Debug: Off
  Object Name: 
  Observers: 
    none
  Source: (none)
  Source output name: (none)
  Release Data: Off
  Data Released: False
  Global Release Data: Off
  PipelineMTime: 0
  UpdateMTime: 1913
  RealTimeStamp: 0 seconds 
  LargestPossibleRegion: 
    Dimension: 3
    Index: [0, 0, 0]
    Size: [384, 301, 288]
  BufferedRegion: 
    Dimension: 3
    Index: [0, 0, 0]
    Size: [384, 301, 288]
  RequestedRegion: 
    Dimension: 3
    Index: [0, 0, 0]
    Size: [384, 301, 288]
  Spacing: [0.598958, 0.598958, 0.599937]
  Origin: [83.4012, -147.626, 85.1783]
  Direction: 
-0 0 -1
1 -0 0
0 -1 0

  IndexToPointMatrix: 
0 0 -0.599937
0.598958 0 0
0 -0.598958 0

  PointToIndexMatrix: 
0 1.66957 0
0 0 -1.66957
-1.66684 0 0

  Inverse Direction: 
0 1 0
0 0 -1
-1 0 0

  PixelContainer: 
    ImportImageContainer (0x2db0140)
      RTTI typeinfo:   itk::ImportImageContainer<unsigned long, double>
      Reference Count: 1
      Modified Time: 1910
      Debug: Off
      Object Name: 
      Observers: 
        none
      Pointer: 0x2ab8c6b07010
      Container manages memory: true
      Size: 33288192
      Capacity: 33288192

     Moving image = Image (0x2dbde80)
  RTTI typeinfo:   itk::Image<double, 3u>
  Reference Count: 2
  Modified Time: 2131
  Debug: Off
  Object Name: 
  Observers: 
    none
  Source: (none)
  Source output name: (none)
  Release Data: Off
  Data Released: False
  Global Release Data: Off
  PipelineMTime: 0
  UpdateMTime: 2128
  RealTimeStamp: 0 seconds 
  LargestPossibleRegion: 
    Dimension: 3
    Index: [0, 0, 0]
    Size: [224, 320, 320]
  BufferedRegion: 
    Dimension: 3
    Index: [0, 0, 0]
    Size: [224, 320, 320]
  RequestedRegion: 
    Dimension: 3
    Index: [0, 0, 0]
    Size: [224, 320, 320]
  Spacing: [0.7, 0.7, 0.7]
  Origin: [-80.5301, 72.866, -92.7551]
  Direction: 
1 0 0
0 -1 0
0 0 1

  IndexToPointMatrix: 
0.7 0 0
0 -0.7 0
0 0 0.7

  PointToIndexMatrix: 
1.42857 0 0
0 -1.42857 0
0 0 1.42857

  Inverse Direction: 
1 0 0
0 -1 0
0 0 1

  PixelContainer: 
    ImportImageContainer (0x2db8540)
      RTTI typeinfo:   itk::ImportImageContainer<unsigned long, double>
      Reference Count: 1
      Modified Time: 2125
      Debug: Off
      Object Name: 
      Observers: 
        none
      Pointer: 0x2ab8d6900010
      Container manages memory: true
      Size: 22937600
      Capacity: 22937600

     Weighting = 1
     Sampling strategy = regular
     Number of bins = 32
     Radius = 4
     Sampling percentage  = 0.25
   Transform = Affine
     Gradient step = 0.1
     Update field sigma (voxel space) = 0
     Total field sigma (voxel space) = 0
     Update field time sigma = 0
     Total field time sigma  = 0
     Number of time indices = 0
     Number of time point samples = 0
Registration using 2 total stages.

Stage 0
  iterations = 1000x500x250x100
  convergence threshold = 1e-06
  convergence window size = 10
  number of levels = 4
  using the Mattes MI metric (number of bins = 32, weight = 1)
  preprocessing:  winsorizing the image intensities
  preprocessing:  histogram matching the images
  Shrink factors (level 1 out of 4): [8, 8, 8]
  Shrink factors (level 2 out of 4): [4, 4, 4]
  Shrink factors (level 3 out of 4): [2, 2, 2]
  Shrink factors (level 4 out of 4): [1, 1, 1]
  smoothing sigmas per level: [3, 2, 1, 0]
  regular sampling (percentage = 0.25)

*** Running Euler3DTransform registration ***

DIAGNOSTIC,Iteration,metricValue,convergenceValue,ITERATION_TIME_INDEX,SINCE_LAST
 2DIAGNOSTIC,     1, -4.552599719815e-01, 1.797693134862e+308, 2.8120e+00, 2.8120e+00, 
 2DIAGNOSTIC,     2, -4.573084889176e-01, 1.797693134862e+308, 2.8439e+00, 3.1909e-02, 
 2DIAGNOSTIC,     3, -4.608909520313e-01, 1.797693134862e+308, 2.8879e+00, 4.4009e-02, 
 2DIAGNOSTIC,     4, -4.666511859281e-01, 1.797693134862e+308, 2.9189e+00, 3.0968e-02, 
 2DIAGNOSTIC,     5, -4.743719175594e-01, 1.797693134862e+308, 2.9620e+00, 4.3101e-02, 
 2DIAGNOSTIC,     6, -4.892538935163e-01, 1.797693134862e+308, 2.9942e+00, 3.2194e-02, 
 2DIAGNOSTIC,     7, -5.076960992830e-01, 1.797693134862e+308, 3.0381e+00, 4.3877e-02, 
 2DIAGNOSTIC,     8, -5.323275287080e-01, 1.797693134862e+308, 3.0737e+00, 3.5636e-02, 
 2DIAGNOSTIC,     9, -5.342471344535e-01, 1.797693134862e+308, 3.1160e+00, 4.2324e-02, 
 2DIAGNOSTIC,    10, -5.384266781435e-01, 1.284584603599e-02, 3.1479e+00, 3.1918e-02, 
 2DIAGNOSTIC,    11, -5.488836089671e-01, 1.232089915691e-02, 3.1961e+00, 4.8168e-02, 
 2DIAGNOSTIC,    12, -5.684389651932e-01, 1.175191714715e-02, 3.2385e+00, 4.2338e-02, 
 2DIAGNOSTIC,    13, -5.736493836341e-01, 1.057123841942e-02, 3.2805e+00, 4.2049e-02, 
 2DIAGNOSTIC,    14, -5.750998791300e-01, 8.926433343539e-03, 3.3259e+00, 4.5392e-02, 
 2DIAGNOSTIC,    15, -5.758934215638e-01, 7.043920972770e-03, 3.3672e+00, 4.1280e-02, 
 2DIAGNOSTIC,    16, -5.788238255439e-01, 5.372736798926e-03, 3.4051e+00, 3.7910e-02, 
 2DIAGNOSTIC,    17, -5.863495285901e-01, 4.217897906737e-03, 3.4424e+00, 3.7280e-02, 
 2DIAGNOSTIC,    18, -5.882742427649e-01, 3.606416019469e-03, 3.4736e+00, 3.1267e-02, 
 2DIAGNOSTIC,    19, -5.885348369010e-01, 2.805577703810e-03, 3.5300e+00, 5.6364e-02, 
 2DIAGNOSTIC,    20, -5.886553366031e-01, 1.951534000307e-03, 3.5644e+00, 3.4426e-02, 
 2DIAGNOSTIC,    21, -5.890417895546e-01, 1.265897120673e-03, 3.6048e+00, 4.0335e-02, 
 2DIAGNOSTIC,    22, -5.890998412216e-01, 9.940711882222e-04, 3.6401e+00, 3.5309e-02, 
 2DIAGNOSTIC,    23, -5.891043587753e-01, 7.735179652567e-04, 3.6743e+00, 3.4226e-02, 
 2DIAGNOSTIC,    24, -5.891067786318e-01, 5.352677695940e-04, 3.6999e+00, 2.5580e-02, 
 2DIAGNOSTIC,    25, -5.891275583866e-01, 2.853394868798e-04, 3.7466e+00, 4.6690e-02, 
 2DIAGNOSTIC,    26, -5.891848525852e-01, 8.526987785856e-05, 3.7729e+00, 2.6305e-02, 
 2DIAGNOSTIC,    27, -5.892542095347e-01, 3.792062630429e-05, 3.8150e+00, 4.2119e-02, 
 2DIAGNOSTIC,    28, -5.893134954442e-01, 2.733780859355e-05, 3.8429e+00, 2.7962e-02, 
 2DIAGNOSTIC,    29, -5.894958013279e-01, 2.298227469263e-05, 3.8854e+00, 4.2452e-02, 
 2DIAGNOSTIC,    30, -5.895650139487e-01, 1.988623293439e-05, 3.9180e+00, 3.2569e-02, 
 2DIAGNOSTIC,    31, -5.894687723243e-01, 2.000690516420e-05, 3.9498e+00, 3.1793e-02, 
 2DIAGNOSTIC,    32, -5.896198024039e-01, 2.175938282736e-05, 3.9872e+00, 3.7470e-02, 
 2DIAGNOSTIC,    33, -5.897080312927e-01, 2.279525209545e-05, 4.0151e+00, 2.7856e-02, 
 2DIAGNOSTIC,    34, -5.897068789473e-01, 2.165310665800e-05, 4.0650e+00, 4.9905e-02, 
 2DIAGNOSTIC,    35, -5.897261230024e-01, 1.923467447845e-05, 4.0921e+00, 2.7092e-02, 
 2DIAGNOSTIC,    36, -5.897308004281e-01, 1.614589960137e-05, 4.1329e+00, 4.0857e-02, 
 2DIAGNOSTIC,    37, -5.897399717173e-01, 1.285388111649e-05, 4.1618e+00, 2.8866e-02, 
 2DIAGNOSTIC,    38, -5.897503591847e-01, 9.432018776165e-06, 4.2078e+00, 4.5997e-02, 
 2DIAGNOSTIC,    39, -5.897324381503e-01, 7.499820049283e-06, 4.2371e+00, 2.9339e-02, 
 2DIAGNOSTIC,    40, -5.897223383519e-01, 5.865510766083e-06, 4.3427e+00, 1.0552e-01, 
 2DIAGNOSTIC,    41, -5.897223382742e-01, 2.609689239524e-06, 4.3737e+00, 3.1026e-02, 
 2DIAGNOSTIC,    42, -5.897223383088e-01, 1.124931496770e-06, 4.3968e+00, 2.3105e-02, 
DIAGNOSTIC,Iteration,metricValue,convergenceValue,ITERATION_TIME_INDEX,SINCE_LAST
 2DIAGNOSTIC,     1, -5.178182900759e-01, 1.797693134862e+308, 7.5612e+00, 3.1644e+00, 
 2DIAGNOSTIC,     2, -5.183740996344e-01, 1.797693134862e+308, 7.8493e+00, 2.8809e-01, 
 2DIAGNOSTIC,     3, -5.188183745635e-01, 1.797693134862e+308, 8.1153e+00, 2.6600e-01, 
 2DIAGNOSTIC,     4, -5.190316431637e-01, 1.797693134862e+308, 8.4212e+00, 3.0593e-01, 
 2DIAGNOSTIC,     5, -5.192003950384e-01, 1.797693134862e+308, 8.6887e+00, 2.6749e-01, 
 2DIAGNOSTIC,     6, -5.193578873323e-01, 1.797693134862e+308, 8.9634e+00, 2.7470e-01, 
 2DIAGNOSTIC,     7, -5.200794099879e-01, 1.797693134862e+308, 9.2314e+00, 2.6796e-01, 
 2DIAGNOSTIC,     8, -5.203675549157e-01, 1.797693134862e+308, 9.5051e+00, 2.7369e-01, 
 2DIAGNOSTIC,     9, -5.205470398018e-01, 1.797693134862e+308, 9.9402e+00, 4.3511e-01, 
 2DIAGNOSTIC,    10, -5.207310123333e-01, 3.541178531598e-04, 1.0253e+01, 3.1309e-01, 
 2DIAGNOSTIC,    11, -5.208030922304e-01, 2.927148186926e-04, 1.0619e+01, 3.6602e-01, 
 2DIAGNOSTIC,    12, -5.208276777590e-01, 2.412096787114e-04, 1.0889e+01, 2.6941e-01, 
 2DIAGNOSTIC,    13, -5.208357731846e-01, 1.948595497485e-04, 1.1154e+01, 2.6530e-01, 
 2DIAGNOSTIC,    14, -5.208612950316e-01, 1.472005780007e-04, 1.1459e+01, 3.0518e-01, 
 2DIAGNOSTIC,    15, -5.208549821756e-01, 9.876667577959e-05, 1.1847e+01, 3.8766e-01, 
 2DIAGNOSTIC,    16, -5.208839936641e-01, 5.337201328785e-05, 1.2156e+01, 3.0897e-01, 
 2DIAGNOSTIC,    17, -5.208823973831e-01, 3.160403204530e-05, 1.2418e+01, 2.6181e-01, 
 2DIAGNOSTIC,    18, -5.208836573360e-01, 1.824456997018e-05, 1.2687e+01, 2.6909e-01, 
 2DIAGNOSTIC,    19, -5.208893076651e-01, 9.975692420769e-06, 1.2997e+01, 3.1011e-01, 
 2DIAGNOSTIC,    20, -5.208885545734e-01, 6.717175505933e-06, 1.3261e+01, 2.6408e-01, 
 2DIAGNOSTIC,    21, -5.209084999794e-01, 5.672240416546e-06, 1.3568e+01, 3.0666e-01, 
 2DIAGNOSTIC,    22, -5.209150307616e-01, 5.092231948167e-06, 1.3850e+01, 2.8243e-01, 
 2DIAGNOSTIC,    23, -5.209181151125e-01, 4.479458848822e-06, 1.4194e+01, 3.4377e-01, 
 2DIAGNOSTIC,    24, -5.209436031690e-01, 4.805212670912e-06, 1.4691e+01, 4.9733e-01, 
 2DIAGNOSTIC,    25, -5.209441157246e-01, 4.618780003997e-06, 1.4997e+01, 3.0546e-01, 
 2DIAGNOSTIC,    26, -5.209430390454e-01, 4.721881599827e-06, 1.5301e+01, 3.0409e-01, 
 2DIAGNOSTIC,    27, -5.209423892232e-01, 4.448095872751e-06, 1.5650e+01, 3.4939e-01, 
 2DIAGNOSTIC,    28, -5.209410437152e-01, 3.883844621973e-06, 1.5957e+01, 3.0659e-01, 
 2DIAGNOSTIC,    29, -5.209404970696e-01, 3.194125846880e-06, 1.6218e+01, 2.6187e-01, 
 2DIAGNOSTIC,    30, -5.209393608245e-01, 2.307759841627e-06, 1.6526e+01, 3.0770e-01, 
 2DIAGNOSTIC,    31, -5.209396237616e-01, 1.721738201524e-06, 1.6831e+01, 3.0434e-01, 
 2DIAGNOSTIC,    32, -5.209308343464e-01, 1.071729995902e-06, 1.7091e+01, 2.6096e-01, 
DIAGNOSTIC,Iteration,metricValue,convergenceValue,ITERATION_TIME_INDEX,SINCE_LAST
 2DIAGNOSTIC,     1, -4.487276949745e-01, 1.797693134862e+308, 2.2527e+01, 5.4355e+00, 
 2DIAGNOSTIC,     2, -4.490109206460e-01, 1.797693134862e+308, 2.4520e+01, 1.9929e+00, 
 2DIAGNOSTIC,     3, -4.491622070653e-01, 1.797693134862e+308, 2.6464e+01, 1.9439e+00, 
 2DIAGNOSTIC,     4, -4.492116034275e-01, 1.797693134862e+308, 2.8219e+01, 1.7556e+00, 
 2DIAGNOSTIC,     5, -4.492196084703e-01, 1.797693134862e+308, 3.0334e+01, 2.1149e+00, 
 2DIAGNOSTIC,     6, -4.492174801617e-01, 1.797693134862e+308, 3.2304e+01, 1.9698e+00, 
 2DIAGNOSTIC,     7, -4.492188353420e-01, 1.797693134862e+308, 3.3980e+01, 1.6761e+00, 
 2DIAGNOSTIC,     8, -4.492194889949e-01, 1.797693134862e+308, 3.5862e+01, 1.8820e+00, 
 2DIAGNOSTIC,     9, -4.492207370252e-01, 1.797693134862e+308, 3.7912e+01, 2.0499e+00, 
 2DIAGNOSTIC,    10, -4.492233397476e-01, 4.887943940170e-05, 4.0083e+01, 2.1709e+00, 
 2DIAGNOSTIC,    11, -4.492250028393e-01, 1.865778246156e-05, 4.2880e+01, 2.7968e+00, 
 2DIAGNOSTIC,    12, -4.492255022379e-01, 6.829985870704e-06, 4.5139e+01, 2.2590e+00, 
 2DIAGNOSTIC,    13, -4.492244329961e-01, 3.691806953712e-06, 4.7862e+01, 2.7227e+00, 
 2DIAGNOSTIC,    14, -4.492242846290e-01, 3.105630648426e-06, 5.0705e+01, 2.8433e+00, 
 2DIAGNOSTIC,    15, -4.492242883642e-01, 2.860768718305e-06, 5.2970e+01, 2.2656e+00, 
 2DIAGNOSTIC,    16, -4.492241999409e-01, 2.488254374169e-06, 5.5410e+01, 2.4396e+00, 
 2DIAGNOSTIC,    17, -4.492239074498e-01, 2.154153332136e-06, 5.7631e+01, 2.2210e+00, 
 2DIAGNOSTIC,    18, -4.492237765035e-01, 1.851073645524e-06, 5.9576e+01, 1.9450e+00, 
 2DIAGNOSTIC,    19, -4.492232962218e-01, 1.596343119997e-06, 6.1557e+01, 1.9811e+00, 
 2DIAGNOSTIC,    20, -4.492234113392e-01, 1.458709906893e-06, 6.3847e+01, 2.2901e+00, 
 2DIAGNOSTIC,    21, -4.492228025074e-01, 1.377088113166e-06, 6.6157e+01, 2.3093e+00, 
 2DIAGNOSTIC,    22, -4.492226007947e-01, 1.325628099472e-06, 6.8122e+01, 1.9651e+00, 
 2DIAGNOSTIC,    23, -4.492223266445e-01, 1.253179618986e-06, 7.0422e+01, 2.3008e+00, 
 2DIAGNOSTIC,    24, -4.492218989008e-01, 1.183703529209e-06, 7.2680e+01, 2.2572e+00, 
 2DIAGNOSTIC,    25, -4.492218458101e-01, 1.131970964803e-06, 7.5196e+01, 2.5166e+00, 
 2DIAGNOSTIC,    26, -4.492218073953e-01, 1.094382873254e-06, 7.7117e+01, 1.9204e+00, 
 2DIAGNOSTIC,    27, -4.492214387547e-01, 1.056253545996e-06, 7.9354e+01, 2.2378e+00, 
 2DIAGNOSTIC,    28, -4.492213848202e-01, 1.028658673095e-06, 8.1294e+01, 1.9400e+00, 
 2DIAGNOSTIC,    29, -4.492216850721e-01, 1.008992705866e-06, 8.3190e+01, 1.8959e+00, 
 2DIAGNOSTIC,    30, -4.492223460042e-01, 1.015278823346e-06, 8.5444e+01, 2.2540e+00, 
 2DIAGNOSTIC,    31, -4.492219884577e-01, 1.005330245725e-06, 8.7667e+01, 2.2231e+00, 
DIAGNOSTIC,Iteration,metricValue,convergenceValue,ITERATION_TIME_INDEX,SINCE_LAST
 2DIAGNOSTIC,     1, -3.995656202865e-01, 1.797693134862e+308, 1.0876e+02, 2.1094e+01, 
 2DIAGNOSTIC,     2, -3.995902469787e-01, 1.797693134862e+308, 1.2511e+02, 1.6351e+01, 
 2DIAGNOSTIC,     3, -3.995899104304e-01, 1.797693134862e+308, 1.5484e+02, 2.9730e+01, 
 2DIAGNOSTIC,     4, -3.995901244988e-01, 1.797693134862e+308, 1.7132e+02, 1.6476e+01, 
 2DIAGNOSTIC,     5, -3.995898510084e-01, 1.797693134862e+308, 1.9560e+02, 2.4276e+01, 
 2DIAGNOSTIC,     6, -3.995898647738e-01, 1.797693134862e+308, 2.1225e+02, 1.6650e+01, 
 2DIAGNOSTIC,     7, -3.995898225188e-01, 1.797693134862e+308, 2.3242e+02, 2.0178e+01, 
 2DIAGNOSTIC,     8, -3.995898063645e-01, 1.797693134862e+308, 2.4858e+02, 1.6152e+01, 
 2DIAGNOSTIC,     9, -3.995897683417e-01, 1.797693134862e+308, 2.6261e+02, 1.4029e+01, 
 2DIAGNOSTIC,    10, -3.995897561173e-01, 4.852898865704e-06, 2.7898e+02, 1.6371e+01, 
 2DIAGNOSTIC,    11, -3.995897427781e-01, 2.832536981356e-06, 2.9288e+02, 1.3905e+01, 
 2DIAGNOSTIC,    12, -3.995897353568e-01, 2.613923976602e-06, 3.0870e+02, 1.5816e+01, 
 2DIAGNOSTIC,    13, -3.995897390784e-01, 2.413586622119e-06, 3.2456e+02, 1.5867e+01, 
 2DIAGNOSTIC,    14, -3.995897417680e-01, 2.256298471892e-06, 3.4110e+02, 1.6534e+01, 
 2DIAGNOSTIC,    15, -3.995897528171e-01, 2.108941034126e-06, 3.5718e+02, 1.6078e+01, 
 2DIAGNOSTIC,    16, -3.995897281747e-01, 1.980616421343e-06, 3.7408e+02, 1.6902e+01, 
 2DIAGNOSTIC,    17, -3.995896816600e-01, 1.864401903869e-06, 3.9019e+02, 1.6107e+01, 
 2DIAGNOSTIC,    18, -3.995896569618e-01, 1.760186765475e-06, 4.0611e+02, 1.5920e+01, 
 2DIAGNOSTIC,    19, -3.995896234161e-01, 1.664903878471e-06, 4.2331e+02, 1.7202e+01, 
 2DIAGNOSTIC,    20, -3.995896241597e-01, 1.579611359437e-06, 4.4128e+02, 1.7972e+01, 
 2DIAGNOSTIC,    21, -3.995895950961e-01, 1.502021015135e-06, 4.5753e+02, 1.6250e+01, 
 2DIAGNOSTIC,    22, -3.995895803858e-01, 1.432002746708e-06, 4.7145e+02, 1.3917e+01, 
 2DIAGNOSTIC,    23, -3.995895667003e-01, 1.369080088229e-06, 4.8445e+02, 1.3009e+01, 
 2DIAGNOSTIC,    24, -3.995896298438e-01, 1.314631869004e-06, 5.0083e+02, 1.6374e+01, 
 2DIAGNOSTIC,    25, -3.995896562586e-01, 1.266554175559e-06, 5.1710e+02, 1.6267e+01, 
 2DIAGNOSTIC,    26, -3.995896656068e-01, 1.222328415505e-06, 5.3903e+02, 2.1932e+01, 
 2DIAGNOSTIC,    27, -3.995896274470e-01, 1.179302357164e-06, 5.5246e+02, 1.3432e+01, 
 2DIAGNOSTIC,    28, -3.995896006225e-01, 1.137987288832e-06, 5.6798e+02, 1.5525e+01, 
 2DIAGNOSTIC,    29, -3.995895678039e-01, 1.097681903546e-06, 5.8309e+02, 1.5109e+01, 
 2DIAGNOSTIC,    30, -3.995895787170e-01, 1.060258652909e-06, 5.9543e+02, 1.2332e+01, 
 2DIAGNOSTIC,    31, -3.995895970140e-01, 1.025010422318e-06, 6.1004e+02, 1.4615e+01, 
  Elapsed time (stage 0): 6.1959e+02


Stage 1
  iterations = 1000x500x250x100
  convergence threshold = 1.0000e-06
  convergence window size = 10
  number of levels = 4
  using the Mattes MI metric (number of bins = 32, weight = 1.0000e+00)
  preprocessing:  winsorizing the image intensities
  preprocessing:  histogram matching the images
  Shrink factors (level 1 out of 4): [8, 8, 8]
  Shrink factors (level 2 out of 4): [4, 4, 4]
  Shrink factors (level 3 out of 4): [2, 2, 2]
  Shrink factors (level 4 out of 4): [1, 1, 1]
  smoothing sigmas per level: [3, 2, 1, 0]
  regular sampling (percentage = 2.5000e-01)

*** Running AffineTransform registration ***

DIAGNOSTIC,Iteration,metricValue,convergenceValue,ITERATION_TIME_INDEX,SINCE_LAST
 2DIAGNOSTIC,     1, -5.845720719004e-01, 1.797693134862e+308, 3.0193e+00, 3.0193e+00, 
 2DIAGNOSTIC,     2, -5.864407514353e-01, 1.797693134862e+308, 3.0542e+00, 3.4859e-02, 
 2DIAGNOSTIC,     3, -5.892103237052e-01, 1.797693134862e+308, 3.0943e+00, 4.0117e-02, 
 2DIAGNOSTIC,     4, -5.938476709043e-01, 1.797693134862e+308, 3.1296e+00, 3.5251e-02, 
 2DIAGNOSTIC,     5, -6.000397705910e-01, 1.797693134862e+308, 3.1643e+00, 3.4726e-02, 
 2DIAGNOSTIC,     6, -6.086243064935e-01, 1.797693134862e+308, 3.2026e+00, 3.8273e-02, 
 2DIAGNOSTIC,     7, -6.322030493474e-01, 1.797693134862e+308, 3.2444e+00, 4.1841e-02, 
 2DIAGNOSTIC,     8, -6.382070804423e-01, 1.797693134862e+308, 3.2815e+00, 3.7135e-02, 
 2DIAGNOSTIC,     9, -6.409373311677e-01, 1.797693134862e+308, 3.3348e+00, 5.3251e-02, 
 2DIAGNOSTIC,    10, -6.418076199036e-01, 7.372023425628e-03, 3.3686e+00, 3.3778e-02, 
 2DIAGNOSTIC,    11, -6.425873597519e-01, 6.599800394615e-03, 3.4093e+00, 4.0699e-02, 
 2DIAGNOSTIC,    12, -6.430033736525e-01, 5.446711346589e-03, 3.4459e+00, 3.6678e-02, 
 2DIAGNOSTIC,    13, -6.432528723666e-01, 4.090780541785e-03, 3.4842e+00, 3.8226e-02, 
 2DIAGNOSTIC,    14, -6.435197231293e-01, 2.733848821334e-03, 3.5186e+00, 3.4455e-02, 
 2DIAGNOSTIC,    15, -6.437610845572e-01, 1.514567594751e-03, 3.5731e+00, 5.4483e-02, 
 2DIAGNOSTIC,    16, -6.437514561756e-01, 5.421293968695e-04, 3.6112e+00, 3.8093e-02, 
 2DIAGNOSTIC,    17, -6.438669999424e-01, 2.686541763957e-04, 3.6601e+00, 4.8925e-02, 
 2DIAGNOSTIC,    18, -6.439544559718e-01, 1.540026602328e-04, 3.6890e+00, 2.8899e-02, 
 2DIAGNOSTIC,    19, -6.437419532568e-01, 9.737555507956e-05, 3.7337e+00, 4.4659e-02, 
 2DIAGNOSTIC,    20, -6.438956442780e-01, 6.065636421224e-05, 3.7639e+00, 3.0267e-02, 
 2DIAGNOSTIC,    21, -6.440086520789e-01, 4.101458474248e-05, 3.8033e+00, 3.9365e-02, 
 2DIAGNOSTIC,    22, -6.441102917067e-01, 3.000544758210e-05, 3.8375e+00, 3.4180e-02, 
 2DIAGNOSTIC,    23, -6.442752539767e-01, 2.534290451397e-05, 3.8913e+00, 5.3806e-02, 
 2DIAGNOSTIC,    24, -6.442770894771e-01, 2.380690683180e-05, 3.9250e+00, 3.3712e-02, 
 2DIAGNOSTIC,    25, -6.442720591693e-01, 2.462908484737e-05, 3.9735e+00, 4.8525e-02, 
 2DIAGNOSTIC,    26, -6.442552112314e-01, 2.263661542798e-05, 4.0064e+00, 3.2860e-02, 
 2DIAGNOSTIC,    27, -6.442419571869e-01, 2.040440001452e-05, 4.0558e+00, 4.9360e-02, 
 2DIAGNOSTIC,    28, -6.442440378861e-01, 1.806970154725e-05, 4.0846e+00, 2.8888e-02, 
 2DIAGNOSTIC,    29, -6.442485897916e-01, 1.104286472854e-05, 4.1298e+00, 4.5120e-02, 
 2DIAGNOSTIC,    30, -6.442955316725e-01, 6.564307433184e-06, 4.1595e+00, 2.9779e-02, 
 2DIAGNOSTIC,    31, -6.442902723979e-01, 3.394092302982e-06, 4.2039e+00, 4.4385e-02, 
 2DIAGNOSTIC,    32, -6.442960160533e-01, 1.655273684190e-06, 4.2388e+00, 3.4884e-02, 
 2DIAGNOSTIC,    33, -6.442779390906e-01, 1.959327222474e-06, 4.2957e+00, 5.6856e-02, 
 2DIAGNOSTIC,    34, -6.442710527615e-01, 2.085205435182e-06, 4.3298e+00, 3.4140e-02, 
 2DIAGNOSTIC,    35, -6.442727781945e-01, 2.049100433939e-06, 4.3761e+00, 4.6327e-02, 
 2DIAGNOSTIC,    36, -6.442492931718e-01, 1.405784241119e-06, 4.4034e+00, 2.7291e-02, 
DIAGNOSTIC,Iteration,metricValue,convergenceValue,ITERATION_TIME_INDEX,SINCE_LAST
 2DIAGNOSTIC,     1, -5.551929118387e-01, 1.797693134862e+308, 7.7459e+00, 3.3425e+00, 
 2DIAGNOSTIC,     2, -5.558213660074e-01, 1.797693134862e+308, 8.0471e+00, 3.0112e-01, 
 2DIAGNOSTIC,     3, -5.565303950282e-01, 1.797693134862e+308, 8.3507e+00, 3.0361e-01, 
 2DIAGNOSTIC,     4, -5.572548062182e-01, 1.797693134862e+308, 8.6821e+00, 3.3143e-01, 
 2DIAGNOSTIC,     5, -5.581675181793e-01, 1.797693134862e+308, 8.9874e+00, 3.0526e-01, 
 2DIAGNOSTIC,     6, -5.590805489108e-01, 1.797693134862e+308, 9.3266e+00, 3.3923e-01, 
 2DIAGNOSTIC,     7, -5.594516488263e-01, 1.797693134862e+308, 9.8374e+00, 5.1083e-01, 
 2DIAGNOSTIC,     8, -5.594437913653e-01, 1.797693134862e+308, 1.0133e+01, 2.9510e-01, 
 2DIAGNOSTIC,     9, -5.594946186538e-01, 1.797693134862e+308, 1.0503e+01, 3.7044e-01, 
 2DIAGNOSTIC,    10, -5.595368302741e-01, 5.519886354839e-04, 1.0802e+01, 2.9861e-01, 
 2DIAGNOSTIC,    11, -5.595546768708e-01, 4.005188372263e-04, 1.1102e+01, 3.0075e-01, 
 2DIAGNOSTIC,    12, -5.595998731398e-01, 2.670505688550e-04, 1.1398e+01, 2.9531e-01, 
 2DIAGNOSTIC,    13, -5.596675170154e-01, 1.608301905941e-04, 1.1714e+01, 3.1593e-01, 
 2DIAGNOSTIC,    14, -5.597609000225e-01, 8.475358738030e-05, 1.2088e+01, 3.7457e-01, 
 2DIAGNOSTIC,    15, -5.597959656972e-01, 4.265267014712e-05, 1.2507e+01, 4.1892e-01, 
 2DIAGNOSTIC,    16, -5.598087900607e-01, 3.125298214451e-05, 1.2801e+01, 2.9363e-01, 
 2DIAGNOSTIC,    17, -5.598346054072e-01, 3.044097164297e-05, 1.3148e+01, 3.4713e-01, 
 2DIAGNOSTIC,    18, -5.598935110836e-01, 2.845703755024e-05, 1.3482e+01, 3.3457e-01, 
 2DIAGNOSTIC,    19, -5.599038704270e-01, 2.575683104610e-05, 1.3865e+01, 3.8283e-01, 
 2DIAGNOSTIC,    20, -5.599096190145e-01, 2.233413037675e-05, 1.4282e+01, 4.1721e-01, 
 2DIAGNOSTIC,    21, -5.598882828326e-01, 1.725828902716e-05, 1.4666e+01, 3.8399e-01, 
 2DIAGNOSTIC,    22, -5.599137542343e-01, 1.280591019680e-05, 1.5007e+01, 3.4065e-01, 
 2DIAGNOSTIC,    23, -5.599160376847e-01, 9.134562957529e-06, 1.5425e+01, 4.1808e-01, 
 2DIAGNOSTIC,    24, -5.599154543850e-01, 6.988766427941e-06, 1.5757e+01, 3.3205e-01, 
 2DIAGNOSTIC,    25, -5.599146505286e-01, 5.206579387906e-06, 1.6098e+01, 3.4120e-01, 
 2DIAGNOSTIC,    26, -5.599140340651e-01, 3.439015848233e-06, 1.6440e+01, 3.4210e-01, 
 2DIAGNOSTIC,    27, -5.599134373910e-01, 2.034347500408e-06, 1.6740e+01, 2.9981e-01, 
 2DIAGNOSTIC,    28, -5.599129053510e-01, 1.696245078300e-06, 1.7074e+01, 3.3362e-01, 
 2DIAGNOSTIC,    29, -5.599132027196e-01, 1.515415861464e-06, 1.7403e+01, 3.2895e-01, 
 2DIAGNOSTIC,    30, -5.599122523444e-01, 1.404591990883e-06, 1.7702e+01, 2.9892e-01, 
DIAGNOSTIC,Iteration,metricValue,convergenceValue,ITERATION_TIME_INDEX,SINCE_LAST
 2DIAGNOSTIC,     1, -4.732214248593e-01, 1.797693134862e+308, 2.3543e+01, 5.8416e+00, 
 2DIAGNOSTIC,     2, -4.735800508928e-01, 1.797693134862e+308, 2.5706e+01, 2.1626e+00, 
 2DIAGNOSTIC,     3, -4.740228194235e-01, 1.797693134862e+308, 2.7983e+01, 2.2769e+00, 
 2DIAGNOSTIC,     4, -4.744805807566e-01, 1.797693134862e+308, 3.0682e+01, 2.6993e+00, 
 2DIAGNOSTIC,     5, -4.748208123465e-01, 1.797693134862e+308, 3.2985e+01, 2.3032e+00, 
 2DIAGNOSTIC,     6, -4.750761179847e-01, 1.797693134862e+308, 3.5789e+01, 2.8036e+00, 
 2DIAGNOSTIC,     7, -4.751893765985e-01, 1.797693134862e+308, 3.9441e+01, 3.6523e+00, 
 2DIAGNOSTIC,     8, -4.751969188249e-01, 1.797693134862e+308, 4.1681e+01, 2.2400e+00, 
 2DIAGNOSTIC,     9, -4.752153158557e-01, 1.797693134862e+308, 4.3842e+01, 2.1603e+00, 
 2DIAGNOSTIC,    10, -4.752307240087e-01, 2.807614989043e-04, 4.5999e+01, 2.1571e+00, 
 2DIAGNOSTIC,    11, -4.752494579686e-01, 1.898597218174e-04, 4.8525e+01, 2.5262e+00, 
 2DIAGNOSTIC,    12, -4.752605725394e-01, 1.155815446064e-04, 5.1014e+01, 2.4888e+00, 
 2DIAGNOSTIC,    13, -4.752636998504e-01, 6.283566544954e-05, 5.3479e+01, 2.4652e+00, 
 2DIAGNOSTIC,    14, -4.752599029520e-01, 3.134973933112e-05, 5.5623e+01, 2.1440e+00, 
 2DIAGNOSTIC,    15, -4.752617874598e-01, 1.482775535380e-05, 5.8034e+01, 2.4111e+00, 
 2DIAGNOSTIC,    16, -4.752643408925e-01, 8.729518050032e-06, 6.0159e+01, 2.1250e+00, 
 2DIAGNOSTIC,    17, -4.752662211806e-01, 6.778016591803e-06, 6.2278e+01, 2.1194e+00, 
 2DIAGNOSTIC,    18, -4.752735508196e-01, 5.081212565636e-06, 6.4617e+01, 2.3390e+00, 
 2DIAGNOSTIC,    19, -4.752790214446e-01, 4.003698387788e-06, 6.6747e+01, 2.1296e+00, 
 2DIAGNOSTIC,    20, -4.752926229753e-01, 3.673174117938e-06, 6.9211e+01, 2.4644e+00, 
 2DIAGNOSTIC,    21, -4.752996546112e-01, 3.897225946660e-06, 7.1719e+01, 2.5081e+00, 
 2DIAGNOSTIC,    22, -4.753012160367e-01, 4.220013913689e-06, 7.4427e+01, 2.7079e+00, 
 2DIAGNOSTIC,    23, -4.753024521793e-01, 4.376160257093e-06, 7.6651e+01, 2.2233e+00, 
 2DIAGNOSTIC,    24, -4.753012173770e-01, 4.111727656818e-06, 7.9417e+01, 2.7660e+00, 
 2DIAGNOSTIC,    25, -4.753034727468e-01, 3.702829650190e-06, 8.1827e+01, 2.4101e+00, 
 2DIAGNOSTIC,    26, -4.753025807928e-01, 3.132571197252e-06, 8.4527e+01, 2.7002e+00, 
 2DIAGNOSTIC,    27, -4.753028929656e-01, 2.474577843685e-06, 8.6942e+01, 2.4153e+00, 
 2DIAGNOSTIC,    28, -4.753022840864e-01, 1.887496559529e-06, 8.9384e+01, 2.4421e+00, 
 2DIAGNOSTIC,    29, -4.753022647003e-01, 1.377001521446e-06, 9.1805e+01, 2.4207e+00, 
 2DIAGNOSTIC,    30, -4.753028278348e-01, 1.152724374294e-06, 9.4304e+01, 2.4985e+00, 
 2DIAGNOSTIC,    31, -4.753025323128e-01, 1.062859322047e-06, 9.6811e+01, 2.5073e+00, 
DIAGNOSTIC,Iteration,metricValue,convergenceValue,ITERATION_TIME_INDEX,SINCE_LAST
 2DIAGNOSTIC,     1, -4.239332203675e-01, 1.797693134862e+308, 1.1766e+02, 2.0853e+01, 
 2DIAGNOSTIC,     2, -4.240295691744e-01, 1.797693134862e+308, 1.3379e+02, 1.6123e+01, 
 2DIAGNOSTIC,     3, -4.240651786577e-01, 1.797693134862e+308, 1.5209e+02, 1.8307e+01, 
 2DIAGNOSTIC,     4, -4.240888975929e-01, 1.797693134862e+308, 1.7110e+02, 1.9010e+01, 
 2DIAGNOSTIC,     5, -4.240952250810e-01, 1.797693134862e+308, 1.8935e+02, 1.8244e+01, 
 2DIAGNOSTIC,     6, -4.240991055194e-01, 1.797693134862e+308, 2.1091e+02, 2.1559e+01, 
 2DIAGNOSTIC,     7, -4.240984846873e-01, 1.797693134862e+308, 2.2930e+02, 1.8389e+01, 
 2DIAGNOSTIC,     8, -4.240974262457e-01, 1.797693134862e+308, 2.4704e+02, 1.7747e+01, 
 2DIAGNOSTIC,     9, -4.240971881596e-01, 1.797693134862e+308, 2.6382e+02, 1.6776e+01, 
 2DIAGNOSTIC,    10, -4.240971663997e-01, 1.998803598717e-05, 2.8207e+02, 1.8251e+01, 
 2DIAGNOSTIC,    11, -4.240975268708e-01, 9.145869081351e-06, 2.9975e+02, 1.7680e+01, 
 2DIAGNOSTIC,    12, -4.240979301624e-01, 4.917486364692e-06, 3.1749e+02, 1.7743e+01, 
 2DIAGNOSTIC,    13, -4.240984835633e-01, 2.972133683957e-06, 3.4782e+02, 3.0325e+01, 
 2DIAGNOSTIC,    14, -4.240987067636e-01, 2.396336319627e-06, 3.6811e+02, 2.0291e+01, 
 2DIAGNOSTIC,    15, -4.240985419750e-01, 2.155552856861e-06, 3.9204e+02, 2.3929e+01, 
 2DIAGNOSTIC,    16, -4.240984942893e-01, 2.102639010571e-06, 4.1027e+02, 1.8236e+01, 
 2DIAGNOSTIC,    17, -4.240985008257e-01, 2.021983305865e-06, 4.2860e+02, 1.8326e+01, 
 2DIAGNOSTIC,    18, -4.240984860099e-01, 1.896304665745e-06, 4.4394e+02, 1.5344e+01, 
 2DIAGNOSTIC,    19, -4.240984957145e-01, 1.764057679710e-06, 4.6175e+02, 1.7811e+01, 
 2DIAGNOSTIC,    20, -4.240984293248e-01, 1.633916593434e-06, 4.7741e+02, 1.5659e+01, 
 2DIAGNOSTIC,    21, -4.240984283234e-01, 1.523663375948e-06, 4.9410e+02, 1.6684e+01, 
 2DIAGNOSTIC,    22, -4.240984325823e-01, 1.434523238968e-06, 5.1089e+02, 1.6792e+01, 
 2DIAGNOSTIC,    23, -4.240984548886e-01, 1.370681568427e-06, 5.2818e+02, 1.7289e+01, 
 2DIAGNOSTIC,    24, -4.240984545012e-01, 1.319650253857e-06, 5.4439e+02, 1.6212e+01, 
 2DIAGNOSTIC,    25, -4.240984456143e-01, 1.268661319984e-06, 5.5861e+02, 1.4222e+01, 
 2DIAGNOSTIC,    26, -4.240984448113e-01, 1.220716332531e-06, 5.7667e+02, 1.8062e+01, 
 2DIAGNOSTIC,    27, -4.240984355505e-01, 1.176497121086e-06, 5.9280e+02, 1.6122e+01, 
 2DIAGNOSTIC,    28, -4.240984449470e-01, 1.135432068186e-06, 6.0717e+02, 1.4370e+01, 
 2DIAGNOSTIC,    29, -4.240984403338e-01, 1.097414728951e-06, 6.2324e+02, 1.6075e+01, 
 2DIAGNOSTIC,    30, -4.240984424373e-01, 1.060464463964e-06, 6.3951e+02, 1.6266e+01, 
 2DIAGNOSTIC,    31, -4.240984364573e-01, 1.025742418011e-06, 6.5760e+02, 1.8094e+01, 
  Elapsed time (stage 1): 6.6799e+02


Total elapsed time: 1.2876e+03

--------------------------------------------------------------------------------------
 Mapping parameters
--------------------------------------------------------------------------------------
 ANTSPATH is /usr/local/software/spack/spack-git/opt/spack/linux-rhel7-broadwell/gcc-5/ants-2.3.4-lj6vm7ccmij4yywr4ynrttcko4aoflqt/bin

 Dimensionality:           3
 Output name prefix:       T1xT2_ANTs
 Fixed images:             /home/ccn30/rds/rds-p00500_encrypt-URQgmO1brZ0/p00500/ENCRYPT_images/27202/T2/N4t2.nii
 Moving images:            /home/ccn30/rds/rds-p00500_encrypt-URQgmO1brZ0/p00500/ENCRYPT_images/27202/mp2rage/n4mag0000_PSIR_skulled_std.nii
 Mask images:              
 Initial transforms:       
 Number of threads:        1
 Spline distance:          26
 Transform type:           a
 MI histogram bins:        32
 Precision:                d
 Use histogram matching    0
======================================================================================
 antsRegistration call:
--------------------------------------------------------------------------------------
/usr/local/software/spack/spack-git/opt/spack/linux-rhel7-broadwell/gcc-5/ants-2.3.4-lj6vm7ccmij4yywr4ynrttcko4aoflqt/bin/antsRegistration --verbose 1 --dimensionality 3 --float 0 --collapse-output-transforms 1 --output [ T1xT2_ANTs,T1xT2_ANTsWarped.nii.gz,T1xT2_ANTsInverseWarped.nii.gz ] --interpolation Linear --use-histogram-matching 0 --winsorize-image-intensities [ 0.005,0.995 ] --initial-moving-transform [ /home/ccn30/rds/rds-p00500_encrypt-URQgmO1brZ0/p00500/ENCRYPT_images/27202/T2/N4t2.nii,/home/ccn30/rds/rds-p00500_encrypt-URQgmO1brZ0/p00500/ENCRYPT_images/27202/mp2rage/n4mag0000_PSIR_skulled_std.nii,1 ] --transform Rigid[ 0.1 ] --metric MI[ /home/ccn30/rds/rds-p00500_encrypt-URQgmO1brZ0/p00500/ENCRYPT_images/27202/T2/N4t2.nii,/home/ccn30/rds/rds-p00500_encrypt-URQgmO1brZ0/p00500/ENCRYPT_images/27202/mp2rage/n4mag0000_PSIR_skulled_std.nii,1,32,Regular,0.25 ] --convergence [ 1000x500x250x0,1e-6,10 ] --shrink-factors 12x8x4x2 --smoothing-sigmas 4x3x2x1vox --transform Affine[ 0.1 ] --metric MI[ /home/ccn30/rds/rds-p00500_encrypt-URQgmO1brZ0/p00500/ENCRYPT_images/27202/T2/N4t2.nii,/home/ccn30/rds/rds-p00500_encrypt-URQgmO1brZ0/p00500/ENCRYPT_images/27202/mp2rage/n4mag0000_PSIR_skulled_std.nii,1,32,Regular,0.25 ] --convergence [ 1000x500x250x0,1e-6,10 ] --shrink-factors 12x8x4x2 --smoothing-sigmas 4x3x2x1vox
--------------------------------------------------------------------------------------
All_Command_lines_OK
Using double precision for computations.
=============================================================================
The composite transform comprises the following transforms (in order): 
  1. Center of mass alignment using fixed image: /home/ccn30/rds/rds-p00500_encrypt-URQgmO1brZ0/p00500/ENCRYPT_images/27202/T2/N4t2.nii and moving image: /home/ccn30/rds/rds-p00500_encrypt-URQgmO1brZ0/p00500/ENCRYPT_images/27202/mp2rage/n4mag0000_PSIR_skulled_std.nii (type = Euler3DTransform)
=============================================================================
  number of levels = 4
  number of levels = 4
  fixed image: /home/ccn30/rds/rds-p00500_encrypt-URQgmO1brZ0/p00500/ENCRYPT_images/27202/T2/N4t2.nii
  moving image: /home/ccn30/rds/rds-p00500_encrypt-URQgmO1brZ0/p00500/ENCRYPT_images/27202/mp2rage/n4mag0000_PSIR_skulled_std.nii
  fixed image: /home/ccn30/rds/rds-p00500_encrypt-URQgmO1brZ0/p00500/ENCRYPT_images/27202/T2/N4t2.nii
  moving image: /home/ccn30/rds/rds-p00500_encrypt-URQgmO1brZ0/p00500/ENCRYPT_images/27202/mp2rage/n4mag0000_PSIR_skulled_std.nii
Dimension = 3
Number of stages = 2
Use Histogram Matching false
Winsorize image intensities true
Lower quantile = 0.005
Upper quantile = 0.995
Stage 1 State
   Image metric = Mattes
     Fixed image = Image (0x4109010)
  RTTI typeinfo:   itk::Image<double, 3u>
  Reference Count: 2
  Modified Time: 1709
  Debug: Off
  Object Name: 
  Observers: 
    none
  Source: (none)
  Source output name: (none)
  Release Data: Off
  Data Released: False
  Global Release Data: Off
  PipelineMTime: 0
  UpdateMTime: 1492
  RealTimeStamp: 0 seconds 
  LargestPossibleRegion: 
    Dimension: 3
    Index: [0, 0, 0]
    Size: [512, 512, 54]
  BufferedRegion: 
    Dimension: 3
    Index: [0, 0, 0]
    Size: [512, 512, 54]
  RequestedRegion: 
    Dimension: 3
    Index: [0, 0, 0]
    Size: [512, 512, 54]
  Spacing: [0.4375, 0.4375, 1.1]
  Origin: [-113.221, -20.5384, -113.805]
  Direction: 
0.999762 -0.0210784 -0.00570892
-0.000209991 -0.270691 0.962666
0.0218368 0.962436 0.270631

  IndexToPointMatrix: 
0.437396 -0.00922179 -0.00627982
-9.18709e-05 -0.118427 1.05893
0.0095536 0.421066 0.297694

  PointToIndexMatrix: 
2.28517 -0.000479978 0.0499127
-0.0481792 -0.618722 2.19985
-0.00518993 0.875151 0.246028

  Inverse Direction: 
0.999762 -0.00020999 0.0218368
-0.0210784 -0.270691 0.962436
-0.00570892 0.962666 0.270631

  PixelContainer: 
    ImportImageContainer (0x4103980)
      RTTI typeinfo:   itk::ImportImageContainer<unsigned long, double>
      Reference Count: 1
      Modified Time: 1489
      Debug: Off
      Object Name: 
      Observers: 
        none
      Pointer: 0x2b2659ac5010
      Container manages memory: true
      Size: 14155776
      Capacity: 14155776

     Moving image = Image (0x4106b30)
  RTTI typeinfo:   itk::Image<double, 3u>
  Reference Count: 2
  Modified Time: 1710
  Debug: Off
  Object Name: 
  Observers: 
    none
  Source: (none)
  Source output name: (none)
  Release Data: Off
  Data Released: False
  Global Release Data: Off
  PipelineMTime: 0
  UpdateMTime: 1707
  RealTimeStamp: 0 seconds 
  LargestPossibleRegion: 
    Dimension: 3
    Index: [0, 0, 0]
    Size: [224, 320, 320]
  BufferedRegion: 
    Dimension: 3
    Index: [0, 0, 0]
    Size: [224, 320, 320]
  RequestedRegion: 
    Dimension: 3
    Index: [0, 0, 0]
    Size: [224, 320, 320]
  Spacing: [0.7, 0.7, 0.7]
  Origin: [-80.5301, 72.866, -92.7551]
  Direction: 
1 0 0
0 -1 0
0 0 1

  IndexToPointMatrix: 
0.7 0 0
0 -0.7 0
0 0 0.7

  PointToIndexMatrix: 
1.42857 0 0
0 -1.42857 0
0 0 1.42857

  Inverse Direction: 
1 0 0
0 -1 0
0 0 1

  PixelContainer: 
    ImportImageContainer (0x4103780)
      RTTI typeinfo:   itk::ImportImageContainer<unsigned long, double>
      Reference Count: 1
      Modified Time: 1704
      Debug: Off
      Object Name: 
      Observers: 
        none
      Pointer: 0x2b26606c6010
      Container manages memory: true
      Size: 22937600
      Capacity: 22937600

     Weighting = 1
     Sampling strategy = regular
     Number of bins = 32
     Radius = 4
     Sampling percentage  = 0.25
   Transform = Rigid
     Gradient step = 0.1
     Update field sigma (voxel space) = 0
     Total field sigma (voxel space) = 0
     Update field time sigma = 0
     Total field time sigma  = 0
     Number of time indices = 0
     Number of time point samples = 0
Stage 2 State
   Image metric = Mattes
     Fixed image = Image (0x4118500)
  RTTI typeinfo:   itk::Image<double, 3u>
  Reference Count: 2
  Modified Time: 2141
  Debug: Off
  Object Name: 
  Observers: 
    none
  Source: (none)
  Source output name: (none)
  Release Data: Off
  Data Released: False
  Global Release Data: Off
  PipelineMTime: 0
  UpdateMTime: 1924
  RealTimeStamp: 0 seconds 
  LargestPossibleRegion: 
    Dimension: 3
    Index: [0, 0, 0]
    Size: [512, 512, 54]
  BufferedRegion: 
    Dimension: 3
    Index: [0, 0, 0]
    Size: [512, 512, 54]
  RequestedRegion: 
    Dimension: 3
    Index: [0, 0, 0]
    Size: [512, 512, 54]
  Spacing: [0.4375, 0.4375, 1.1]
  Origin: [-113.221, -20.5384, -113.805]
  Direction: 
0.999762 -0.0210784 -0.00570892
-0.000209991 -0.270691 0.962666
0.0218368 0.962436 0.270631

  IndexToPointMatrix: 
0.437396 -0.00922179 -0.00627982
-9.18709e-05 -0.118427 1.05893
0.0095536 0.421066 0.297694

  PointToIndexMatrix: 
2.28517 -0.000479978 0.0499127
-0.0481792 -0.618722 2.19985
-0.00518993 0.875151 0.246028

  Inverse Direction: 
0.999762 -0.00020999 0.0218368
-0.0210784 -0.270691 0.962436
-0.00570892 0.962666 0.270631

  PixelContainer: 
    ImportImageContainer (0x4109860)
      RTTI typeinfo:   itk::ImportImageContainer<unsigned long, double>
      Reference Count: 1
      Modified Time: 1921
      Debug: Off
      Object Name: 
      Observers: 
        none
      Pointer: 0x2b266b5c7010
      Container manages memory: true
      Size: 14155776
      Capacity: 14155776

     Moving image = Image (0x411cf40)
  RTTI typeinfo:   itk::Image<double, 3u>
  Reference Count: 2
  Modified Time: 2142
  Debug: Off
  Object Name: 
  Observers: 
    none
  Source: (none)
  Source output name: (none)
  Release Data: Off
  Data Released: False
  Global Release Data: Off
  PipelineMTime: 0
  UpdateMTime: 2139
  RealTimeStamp: 0 seconds 
  LargestPossibleRegion: 
    Dimension: 3
    Index: [0, 0, 0]
    Size: [224, 320, 320]
  BufferedRegion: 
    Dimension: 3
    Index: [0, 0, 0]
    Size: [224, 320, 320]
  RequestedRegion: 
    Dimension: 3
    Index: [0, 0, 0]
    Size: [224, 320, 320]
  Spacing: [0.7, 0.7, 0.7]
  Origin: [-80.5301, 72.866, -92.7551]
  Direction: 
1 0 0
0 -1 0
0 0 1

  IndexToPointMatrix: 
0.7 0 0
0 -0.7 0
0 0 0.7

  PointToIndexMatrix: 
1.42857 0 0
0 -1.42857 0
0 0 1.42857

  Inverse Direction: 
1 0 0
0 -1 0
0 0 1

  PixelContainer: 
    ImportImageContainer (0x4114750)
      RTTI typeinfo:   itk::ImportImageContainer<unsigned long, double>
      Reference Count: 1
      Modified Time: 2136
      Debug: Off
      Object Name: 
      Observers: 
        none
      Pointer: 0x2b26721c8010
      Container manages memory: true
      Size: 22937600
      Capacity: 22937600

     Weighting = 1
     Sampling strategy = regular
     Number of bins = 32
     Radius = 4
     Sampling percentage  = 0.25
   Transform = Affine
     Gradient step = 0.1
     Update field sigma (voxel space) = 0
     Total field sigma (voxel space) = 0
     Update field time sigma = 0
     Total field time sigma  = 0
     Number of time indices = 0
     Number of time point samples = 0
Registration using 2 total stages.

Stage 0
  iterations = 1000x500x250x0
  convergence threshold = 1e-06
  convergence window size = 10
  number of levels = 4
  using the Mattes MI metric (number of bins = 32, weight = 1)
  preprocessing:  winsorizing the image intensities
  Shrink factors (level 1 out of 4): [12, 12, 5]
  Shrink factors (level 2 out of 4): [8, 8, 3]
  Shrink factors (level 3 out of 4): [4, 4, 2]
  Shrink factors (level 4 out of 4): [2, 2, 1]
  smoothing sigmas per level: [4, 3, 2, 1]
  regular sampling (percentage = 0.25)

*** Running Euler3DTransform registration ***

DIAGNOSTIC,Iteration,metricValue,convergenceValue,ITERATION_TIME_INDEX,SINCE_LAST
 2DIAGNOSTIC,     1, -4.388194129990e-01, 1.797693134862e+308, 3.9200e+00, 3.9200e+00, 
 2DIAGNOSTIC,     2, -4.419592722550e-01, 1.797693134862e+308, 3.9277e+00, 7.6950e-03, 
 2DIAGNOSTIC,     3, -4.490709636652e-01, 1.797693134862e+308, 3.9357e+00, 8.0421e-03, 
 2DIAGNOSTIC,     4, -4.605904876620e-01, 1.797693134862e+308, 3.9434e+00, 7.7071e-03, 
 2DIAGNOSTIC,     5, -4.793242000888e-01, 1.797693134862e+308, 3.9535e+00, 1.0045e-02, 
 2DIAGNOSTIC,     6, -5.220183222665e-01, 1.797693134862e+308, 3.9698e+00, 1.6303e-02, 
 2DIAGNOSTIC,     7, -5.531148414617e-01, 1.797693134862e+308, 3.9816e+00, 1.1859e-02, 
 2DIAGNOSTIC,     8, -5.587627962101e-01, 1.797693134862e+308, 3.9916e+00, 1.0001e-02, 
 2DIAGNOSTIC,     9, -5.592116847110e-01, 1.797693134862e+308, 4.0003e+00, 8.6348e-03, 
 2DIAGNOSTIC,    10, -5.608344841411e-01, 1.990093394559e-02, 4.0082e+00, 7.9570e-03, 
 2DIAGNOSTIC,    11, -5.622806308016e-01, 1.676383689150e-02, 4.0171e+00, 8.8751e-03, 
 2DIAGNOSTIC,    12, -5.625657923168e-01, 1.284655304915e-02, 4.0251e+00, 8.0040e-03, 
 2DIAGNOSTIC,    13, -5.632284603128e-01, 8.780906051175e-03, 4.0440e+00, 1.8959e-02, 
 2DIAGNOSTIC,    14, -5.637112580126e-01, 5.039054142167e-03, 4.0583e+00, 1.4211e-02, 
 2DIAGNOSTIC,    15, -5.637574696692e-01, 2.030222234047e-03, 4.0674e+00, 9.1898e-03, 
 2DIAGNOSTIC,    16, -5.638091090093e-01, 6.576594050827e-04, 4.0754e+00, 7.9839e-03, 
 2DIAGNOSTIC,    17, -5.639798762867e-01, 3.843342584730e-04, 4.0840e+00, 8.5840e-03, 
 2DIAGNOSTIC,    18, -5.640886611938e-01, 2.802098236476e-04, 4.0915e+00, 7.4880e-03, 
 2DIAGNOSTIC,    19, -5.640604855322e-01, 1.728643610799e-04, 4.1001e+00, 8.5659e-03, 
 2DIAGNOSTIC,    20, -5.642364883629e-01, 1.083206502043e-04, 4.1130e+00, 1.2909e-02, 
 2DIAGNOSTIC,    21, -5.641396739665e-01, 7.458996205244e-05, 4.1269e+00, 1.3899e-02, 
 2DIAGNOSTIC,    22, -5.642467826242e-01, 4.647039740623e-05, 4.1366e+00, 9.6781e-03, 
 2DIAGNOSTIC,    23, -5.646730934680e-01, 4.140649947847e-05, 4.1500e+00, 1.3407e-02, 
 2DIAGNOSTIC,    24, -5.649020917892e-01, 4.846653148444e-05, 4.1580e+00, 7.9951e-03, 
 2DIAGNOSTIC,    25, -5.649192125390e-01, 5.186203511936e-05, 4.1655e+00, 7.5190e-03, 
 2DIAGNOSTIC,    26, -5.648455311981e-01, 4.991110575003e-05, 4.1750e+00, 9.5160e-03, 
 2DIAGNOSTIC,    27, -5.647440526819e-01, 4.493287412610e-05, 4.1856e+00, 1.0624e-02, 
 2DIAGNOSTIC,    28, -5.647684287339e-01, 3.861288790025e-05, 4.2001e+00, 1.4496e-02, 
 2DIAGNOSTIC,    29, -5.647932895125e-01, 2.891985725512e-05, 4.2105e+00, 1.0437e-02, 
 2DIAGNOSTIC,    30, -5.647113321816e-01, 1.905536904137e-05, 4.2187e+00, 8.1160e-03, 
 2DIAGNOSTIC,    31, -5.648003199669e-01, 8.197225460770e-06, 4.2288e+00, 1.0157e-02, 
 2DIAGNOSTIC,    32, -5.650564024629e-01, 3.117643498279e-06, 4.2377e+00, 8.8770e-03, 
 2DIAGNOSTIC,    33, -5.649457083824e-01, 2.901292218326e-06, 4.2473e+00, 9.6462e-03, 
 2DIAGNOSTIC,    34, -5.649458212332e-01, 6.093228152732e-06, 4.2559e+00, 8.5781e-03, 
 2DIAGNOSTIC,    35, -5.649460595441e-01, 8.943444064727e-06, 4.2765e+00, 2.0530e-02, 
 2DIAGNOSTIC,    36, -5.649460627759e-01, 9.801359112393e-06, 4.3050e+00, 2.8540e-02, 
 2DIAGNOSTIC,    37, -5.649460627759e-01, 8.258987242913e-06, 4.3203e+00, 1.5291e-02, 
 2DIAGNOSTIC,    38, -5.649460627759e-01, 6.440396290497e-06, 4.3294e+00, 9.0709e-03, 
 2DIAGNOSTIC,    39, -5.649460627759e-01, 4.623511098013e-06, 4.3392e+00, 9.8071e-03, 
 2DIAGNOSTIC,    40, -5.649460627759e-01, 1.462161721713e-06, 4.3534e+00, 1.4207e-02, 
DIAGNOSTIC,Iteration,metricValue,convergenceValue,ITERATION_TIME_INDEX,SINCE_LAST
 2DIAGNOSTIC,     1, -5.447000125770e-01, 1.797693134862e+308, 8.3440e+00, 3.9906e+00, 
 2DIAGNOSTIC,     2, -5.453460670229e-01, 1.797693134862e+308, 8.3810e+00, 3.6956e-02, 
 2DIAGNOSTIC,     3, -5.458826716518e-01, 1.797693134862e+308, 8.4330e+00, 5.2013e-02, 
 2DIAGNOSTIC,     4, -5.465377277772e-01, 1.797693134862e+308, 8.4649e+00, 3.1894e-02, 
 2DIAGNOSTIC,     5, -5.473070026220e-01, 1.797693134862e+308, 8.5151e+00, 5.0241e-02, 
 2DIAGNOSTIC,     6, -5.481022442190e-01, 1.797693134862e+308, 8.5908e+00, 7.5633e-02, 
 2DIAGNOSTIC,     7, -5.484322048093e-01, 1.797693134862e+308, 8.6216e+00, 3.0835e-02, 
 2DIAGNOSTIC,     8, -5.485413022297e-01, 1.797693134862e+308, 8.6728e+00, 5.1217e-02, 
 2DIAGNOSTIC,     9, -5.486571079749e-01, 1.797693134862e+308, 8.7310e+00, 5.8170e-02, 
 2DIAGNOSTIC,    10, -5.487022168902e-01, 5.109827749754e-04, 8.7684e+00, 3.7418e-02, 
 2DIAGNOSTIC,    11, -5.488568639474e-01, 3.848940504512e-04, 8.8306e+00, 6.2239e-02, 
 2DIAGNOSTIC,    12, -5.489733491091e-01, 2.783555246297e-04, 8.8841e+00, 5.3425e-02, 
 2DIAGNOSTIC,    13, -5.490074817728e-01, 1.861131259519e-04, 8.9217e+00, 3.7611e-02, 
 2DIAGNOSTIC,    14, -5.490527967727e-01, 1.161111214082e-04, 8.9881e+00, 6.6419e-02, 
 2DIAGNOSTIC,    15, -5.490799310341e-01, 7.200254213735e-05, 9.0339e+00, 4.5763e-02, 
 2DIAGNOSTIC,    16, -5.492272486195e-01, 5.727343991845e-05, 9.0775e+00, 4.3657e-02, 
 2DIAGNOSTIC,    17, -5.492870999114e-01, 5.087693884413e-05, 9.1352e+00, 5.7671e-02, 
 2DIAGNOSTIC,    18, -5.492872914961e-01, 4.378823426426e-05, 9.1879e+00, 5.2676e-02, 
 2DIAGNOSTIC,    19, -5.492873111906e-01, 3.684042096491e-05, 9.2322e+00, 4.4345e-02, 
 2DIAGNOSTIC,    20, -5.492873221157e-01, 2.842184767009e-05, 9.2840e+00, 5.1761e-02, 
 2DIAGNOSTIC,    21, -5.492873584429e-01, 2.200275774313e-05, 9.3178e+00, 3.3824e-02, 
 2DIAGNOSTIC,    22, -5.492874955608e-01, 1.696703911959e-05, 9.3691e+00, 5.1354e-02, 
 2DIAGNOSTIC,    23, -5.492878787727e-01, 1.172301271998e-05, 9.4083e+00, 3.9187e-02, 
 2DIAGNOSTIC,    24, -5.492885887754e-01, 6.984112969698e-06, 9.4515e+00, 4.3138e-02, 
 2DIAGNOSTIC,    25, -5.492894127580e-01, 2.600547578370e-06, 9.4983e+00, 4.6831e-02, 
 2DIAGNOSTIC,    26, -5.492906037158e-01, 1.355644260230e-06, 9.6438e+00, 1.4548e-01, 
 2DIAGNOSTIC,    27, -5.492906036926e-01, 1.339093969883e-06, 9.7849e+00, 1.4108e-01, 
 2DIAGNOSTIC,    28, -5.492906036926e-01, 1.312598112632e-06, 9.8371e+00, 5.2267e-02, 
 2DIAGNOSTIC,    29, -5.492906036926e-01, 1.271862357127e-06, 9.8899e+00, 5.2817e-02, 
 2DIAGNOSTIC,    30, -5.492906036926e-01, 1.217391434966e-06, 9.9447e+00, 5.4736e-02, 
 2DIAGNOSTIC,    31, -5.492906036926e-01, 1.152133213250e-06, 9.9947e+00, 5.0012e-02, 
 2DIAGNOSTIC,    32, -5.492906036926e-01, 1.081472061758e-06, 1.0051e+01, 5.5822e-02, 
 2DIAGNOSTIC,    33, -5.492906036926e-01, 1.013084576042e-06, 1.0091e+01, 4.0279e-02, 
DIAGNOSTIC,Iteration,metricValue,convergenceValue,ITERATION_TIME_INDEX,SINCE_LAST
 2DIAGNOSTIC,     1, -5.112835360795e-01, 1.797693134862e+308, 1.4375e+01, 4.2844e+00, 
 2DIAGNOSTIC,     2, -5.144197941627e-01, 1.797693134862e+308, 1.4678e+01, 3.0243e-01, 
 2DIAGNOSTIC,     3, -5.165750897894e-01, 1.797693134862e+308, 1.4980e+01, 3.0257e-01, 
 2DIAGNOSTIC,     4, -5.172564433006e-01, 1.797693134862e+308, 1.5284e+01, 3.0429e-01, 
 2DIAGNOSTIC,     5, -5.174738739330e-01, 1.797693134862e+308, 1.5591e+01, 3.0632e-01, 
 2DIAGNOSTIC,     6, -5.178850216038e-01, 1.797693134862e+308, 1.5896e+01, 3.0554e-01, 
 2DIAGNOSTIC,     7, -5.188128945369e-01, 1.797693134862e+308, 1.6299e+01, 4.0315e-01, 
 2DIAGNOSTIC,     8, -5.190113841042e-01, 1.797693134862e+308, 1.6653e+01, 3.5318e-01, 
 2DIAGNOSTIC,     9, -5.190440149477e-01, 1.797693134862e+308, 1.6998e+01, 3.4502e-01, 
 2DIAGNOSTIC,    10, -5.190534215980e-01, 7.899771091372e-04, 1.7303e+01, 3.0540e-01, 
 2DIAGNOSTIC,    11, -5.190767992843e-01, 4.498614250259e-04, 1.7701e+01, 3.9744e-01, 
 2DIAGNOSTIC,    12, -5.190951992133e-01, 2.678370173524e-04, 1.8097e+01, 3.9609e-01, 
 2DIAGNOSTIC,    13, -5.190950196076e-01, 1.802711098684e-04, 1.8450e+01, 3.5343e-01, 
 2DIAGNOSTIC,    14, -5.190959275541e-01, 1.163730520462e-04, 1.8756e+01, 3.0552e-01, 
 2DIAGNOSTIC,    15, -5.191033923172e-01, 5.892551935827e-05, 1.9061e+01, 3.0516e-01, 
 2DIAGNOSTIC,    16, -5.191041703093e-01, 1.676221226257e-05, 1.9408e+01, 3.4770e-01, 
 2DIAGNOSTIC,    17, -5.191048437531e-01, 8.008601410509e-06, 1.9711e+01, 3.0254e-01, 
 2DIAGNOSTIC,    18, -5.191125840275e-01, 5.937533031353e-06, 2.0016e+01, 3.0511e-01, 
 2DIAGNOSTIC,    19, -5.191180794339e-01, 4.801758794797e-06, 2.0324e+01, 3.0746e-01, 
 2DIAGNOSTIC,    20, -5.191761412206e-01, 5.322513939449e-06, 2.0673e+01, 3.4938e-01, 
 2DIAGNOSTIC,    21, -5.191764888764e-01, 6.013001619433e-06, 2.1168e+01, 4.9536e-01, 
 2DIAGNOSTIC,    22, -5.191781847419e-01, 6.743676222193e-06, 2.1470e+01, 3.0183e-01, 
 2DIAGNOSTIC,    23, -5.191763646181e-01, 6.887312166484e-06, 2.1824e+01, 3.5392e-01, 
 2DIAGNOSTIC,    24, -5.191734425622e-01, 6.446824021206e-06, 2.2222e+01, 3.9775e-01, 
 2DIAGNOSTIC,    25, -5.191680137468e-01, 5.588090427049e-06, 2.2576e+01, 3.5378e-01, 
 2DIAGNOSTIC,    26, -5.191589961000e-01, 4.216580533574e-06, 2.2880e+01, 3.0394e-01, 
 2DIAGNOSTIC,    27, -5.191562980988e-01, 2.642521548697e-06, 2.3181e+01, 3.0199e-01, 
 2DIAGNOSTIC,    28, -5.191538604175e-01, 1.156017508525e-06, 2.3627e+01, 4.4533e-01, 
DIAGNOSTIC,Iteration,metricValue,convergenceValue,ITERATION_TIME_INDEX,SINCE_LAST
 2DIAGNOSTIC,     1, -4.784107794997e-01, 1.797693134862e+308, 2.9535e+01, 5.9086e+00, 
  Elapsed time (stage 0): 3.1213e+01


Stage 1
  iterations = 1000x500x250x0
  convergence threshold = 1.0000e-06
  convergence window size = 10
  number of levels = 4
  using the Mattes MI metric (number of bins = 32, weight = 1.0000e+00)
  preprocessing:  winsorizing the image intensities
  Shrink factors (level 1 out of 4): [12, 12, 5]
  Shrink factors (level 2 out of 4): [8, 8, 3]
  Shrink factors (level 3 out of 4): [4, 4, 2]
  Shrink factors (level 4 out of 4): [2, 2, 1]
  smoothing sigmas per level: [4, 3, 2, 1]
  regular sampling (percentage = 2.5000e-01)

*** Running AffineTransform registration ***

DIAGNOSTIC,Iteration,metricValue,convergenceValue,ITERATION_TIME_INDEX,SINCE_LAST
 2DIAGNOSTIC,     1, -5.738610258022e-01, 1.797693134862e+308, 3.7966e+00, 3.7965e+00, 
 2DIAGNOSTIC,     2, -5.765704101783e-01, 1.797693134862e+308, 3.8100e+00, 1.3440e-02, 
 2DIAGNOSTIC,     3, -5.800712795385e-01, 1.797693134862e+308, 3.8264e+00, 1.6360e-02, 
 2DIAGNOSTIC,     4, -5.882493002073e-01, 1.797693134862e+308, 3.8366e+00, 1.0297e-02, 
 2DIAGNOSTIC,     5, -6.002567274757e-01, 1.797693134862e+308, 3.8458e+00, 9.1310e-03, 
 2DIAGNOSTIC,     6, -6.080492051624e-01, 1.797693134862e+308, 3.8559e+00, 1.0099e-02, 
 2DIAGNOSTIC,     7, -6.114756417662e-01, 1.797693134862e+308, 3.8704e+00, 1.4499e-02, 
 2DIAGNOSTIC,     8, -6.118152679666e-01, 1.797693134862e+308, 3.8795e+00, 9.1000e-03, 
 2DIAGNOSTIC,     9, -6.128208254499e-01, 1.797693134862e+308, 3.8961e+00, 1.6590e-02, 
 2DIAGNOSTIC,    10, -6.140955736701e-01, 5.058632264003e-03, 3.9085e+00, 1.2437e-02, 
 2DIAGNOSTIC,    11, -6.150980324547e-01, 3.946200681943e-03, 3.9181e+00, 9.6080e-03, 
 2DIAGNOSTIC,    12, -6.156707631355e-01, 2.804339521737e-03, 3.9286e+00, 1.0453e-02, 
 2DIAGNOSTIC,    13, -6.159832013455e-01, 1.729311670034e-03, 3.9376e+00, 9.0351e-03, 
 2DIAGNOSTIC,    14, -6.160211558817e-01, 9.244399888843e-04, 3.9477e+00, 1.0089e-02, 
 2DIAGNOSTIC,    15, -6.160936619002e-01, 5.180337890059e-04, 3.9598e+00, 1.2153e-02, 
 2DIAGNOSTIC,    16, -6.162145494412e-01, 3.457947656098e-04, 3.9781e+00, 1.8266e-02, 
 2DIAGNOSTIC,    17, -6.162072257262e-01, 2.572078053600e-04, 3.9905e+00, 1.2393e-02, 
 2DIAGNOSTIC,    18, -6.163114658363e-01, 1.665901595432e-04, 4.0011e+00, 1.0614e-02, 
 2DIAGNOSTIC,    19, -6.162697644932e-01, 9.373595627473e-05, 4.0104e+00, 9.3291e-03, 
 2DIAGNOSTIC,    20, -6.164751209318e-01, 5.401156323884e-05, 4.0205e+00, 1.0056e-02, 
 2DIAGNOSTIC,    21, -6.165465886358e-01, 3.675754654502e-05, 4.0305e+00, 1.0043e-02, 
 2DIAGNOSTIC,    22, -6.166542764574e-01, 3.209500152090e-05, 4.0498e+00, 1.9225e-02, 
 2DIAGNOSTIC,    23, -6.166694200920e-01, 3.166247762958e-05, 4.0639e+00, 1.4090e-02, 
 2DIAGNOSTIC,    24, -6.166940142355e-01, 2.966479291142e-05, 4.0734e+00, 9.5830e-03, 
 2DIAGNOSTIC,    25, -6.166250362914e-01, 2.515863004522e-05, 4.0829e+00, 9.4800e-03, 
 2DIAGNOSTIC,    26, -6.166844254230e-01, 2.201094578645e-05, 4.0930e+00, 1.0072e-02, 
 2DIAGNOSTIC,    27, -6.168527134664e-01, 1.984726453855e-05, 4.1041e+00, 1.1090e-02, 
 2DIAGNOSTIC,    28, -6.168694358267e-01, 1.807604373819e-05, 4.1157e+00, 1.1571e-02, 
 2DIAGNOSTIC,    29, -6.168156607005e-01, 1.328085302493e-05, 4.1301e+00, 1.4410e-02, 
 2DIAGNOSTIC,    30, -6.167768641518e-01, 1.031943696000e-05, 4.1431e+00, 1.3004e-02, 
 2DIAGNOSTIC,    31, -6.168149734412e-01, 8.274607059593e-06, 4.1537e+00, 1.0673e-02, 
 2DIAGNOSTIC,    32, -6.169125953947e-01, 8.560445865523e-06, 4.1652e+00, 1.1490e-02, 
 2DIAGNOSTIC,    33, -6.171279882838e-01, 1.130296092125e-05, 4.1754e+00, 1.0121e-02, 
 2DIAGNOSTIC,    34, -6.171342112905e-01, 1.335209000800e-05, 4.1843e+00, 8.9951e-03, 
 2DIAGNOSTIC,    35, -6.170466254219e-01, 1.209486906186e-05, 4.2005e+00, 1.6119e-02, 
 2DIAGNOSTIC,    36, -6.170717847660e-01, 1.093381808492e-05, 4.2155e+00, 1.5029e-02, 
 2DIAGNOSTIC,    37, -6.171120689531e-01, 1.142494958778e-05, 4.2264e+00, 1.0919e-02, 
 2DIAGNOSTIC,    38, -6.170850936765e-01, 1.070310734507e-05, 4.2390e+00, 1.2614e-02, 
 2DIAGNOSTIC,    39, -6.172478033323e-01, 1.042734574644e-05, 4.2493e+00, 1.0278e-02, 
 2DIAGNOSTIC,    40, -6.172523806241e-01, 8.859734669589e-06, 4.2582e+00, 8.9431e-03, 
 2DIAGNOSTIC,    41, -6.172649921558e-01, 7.186744742652e-06, 4.2710e+00, 1.2726e-02, 
 2DIAGNOSTIC,    42, -6.173772564527e-01, 7.238029360614e-06, 4.2868e+00, 1.5803e-02, 
 2DIAGNOSTIC,    43, -6.172848035892e-01, 7.951250064933e-06, 4.2980e+00, 1.1235e-02, 
 2DIAGNOSTIC,    44, -6.173031098920e-01, 8.254747482429e-06, 4.3076e+00, 9.5849e-03, 
 2DIAGNOSTIC,    45, -6.173345570416e-01, 7.233501696177e-06, 4.3180e+00, 1.0425e-02, 
 2DIAGNOSTIC,    46, -6.172474815860e-01, 4.991906471987e-06, 4.3280e+00, 1.0019e-02, 
 2DIAGNOSTIC,    47, -6.172865565389e-01, 3.261786700248e-06, 4.3402e+00, 1.2173e-02, 
 2DIAGNOSTIC,    48, -6.173780013340e-01, 1.931885055692e-06, 4.3571e+00, 1.6908e-02, 
 2DIAGNOSTIC,    49, -6.173862733866e-01, 2.136713844306e-06, 4.3727e+00, 1.5532e-02, 
 2DIAGNOSTIC,    50, -6.173922108379e-01, 2.295299763609e-06, 4.3833e+00, 1.0676e-02, 
 2DIAGNOSTIC,    51, -6.173998450801e-01, 2.460166913291e-06, 4.3937e+00, 1.0369e-02, 
 2DIAGNOSTIC,    52, -6.174287896709e-01, 3.725680162107e-06, 4.4026e+00, 8.9281e-03, 
 2DIAGNOSTIC,    53, -6.174385459896e-01, 3.887231620363e-06, 4.4126e+00, 9.9971e-03, 
 2DIAGNOSTIC,    54, -6.174503738020e-01, 3.972261665090e-06, 4.4229e+00, 1.0298e-02, 
 2DIAGNOSTIC,    55, -6.174618258035e-01, 4.129430578509e-06, 4.4427e+00, 1.9792e-02, 
 2DIAGNOSTIC,    56, -6.173087630792e-01, 1.952184260044e-06, 4.4545e+00, 1.1807e-02, 
DIAGNOSTIC,Iteration,metricValue,convergenceValue,ITERATION_TIME_INDEX,SINCE_LAST
 2DIAGNOSTIC,     1, -5.372916526095e-01, 1.797693134862e+308, 8.2889e+00, 3.8344e+00, 
 2DIAGNOSTIC,     2, -5.400519489555e-01, 1.797693134862e+308, 8.3310e+00, 4.2095e-02, 
 2DIAGNOSTIC,     3, -5.434504119452e-01, 1.797693134862e+308, 8.3852e+00, 5.4173e-02, 
 2DIAGNOSTIC,     4, -5.464496599232e-01, 1.797693134862e+308, 8.4345e+00, 4.9270e-02, 
 2DIAGNOSTIC,     5, -5.482013870390e-01, 1.797693134862e+308, 8.4833e+00, 4.8848e-02, 
 2DIAGNOSTIC,     6, -5.489407665829e-01, 1.797693134862e+308, 8.5383e+00, 5.4976e-02, 
 2DIAGNOSTIC,     7, -5.492987785539e-01, 1.797693134862e+308, 8.5961e+00, 5.7742e-02, 
 2DIAGNOSTIC,     8, -5.494432962768e-01, 1.797693134862e+308, 8.6383e+00, 4.2256e-02, 
 2DIAGNOSTIC,     9, -5.496627700004e-01, 1.797693134862e+308, 8.7032e+00, 6.4891e-02, 
 2DIAGNOSTIC,    10, -5.497956635439e-01, 1.385063243565e-03, 8.7670e+00, 6.3813e-02, 
 2DIAGNOSTIC,    11, -5.498958036119e-01, 8.670880934235e-04, 8.8094e+00, 4.2427e-02, 
 2DIAGNOSTIC,    12, -5.498799078052e-01, 4.756096734990e-04, 8.8630e+00, 5.3609e-02, 
 2DIAGNOSTIC,    13, -5.499023976462e-01, 2.365410205041e-04, 8.9194e+00, 5.6391e-02, 
 2DIAGNOSTIC,    14, -5.498750633571e-01, 1.193082041268e-04, 8.9815e+00, 6.2051e-02, 
 2DIAGNOSTIC,    15, -5.499097193702e-01, 6.832492531668e-05, 9.0302e+00, 4.8715e-02, 
 2DIAGNOSTIC,    16, -5.498937535877e-01, 4.087765564437e-05, 9.0941e+00, 6.3902e-02, 
 2DIAGNOSTIC,    17, -5.499188549539e-01, 2.481416069183e-05, 9.1512e+00, 5.7104e-02, 
 2DIAGNOSTIC,    18, -5.499603206065e-01, 1.367927461426e-05, 9.2042e+00, 5.2963e-02, 
 2DIAGNOSTIC,    19, -5.499686471197e-01, 8.733258383534e-06, 9.2515e+00, 4.7375e-02, 
 2DIAGNOSTIC,    20, -5.499474997599e-01, 6.462117038870e-06, 9.3092e+00, 5.7688e-02, 
 2DIAGNOSTIC,    21, -5.499523325874e-01, 6.588507560711e-06, 9.3497e+00, 4.0487e-02, 
 2DIAGNOSTIC,    22, -5.500202762732e-01, 7.428524558005e-06, 9.4198e+00, 7.0040e-02, 
 2DIAGNOSTIC,    23, -5.500485548361e-01, 8.732449140160e-06, 9.4801e+00, 6.0287e-02, 
 2DIAGNOSTIC,    24, -5.500128375127e-01, 7.857938175516e-06, 9.5319e+00, 5.1800e-02, 
 2DIAGNOSTIC,    25, -5.500147628171e-01, 7.286168019580e-06, 9.5754e+00, 4.3529e-02, 
 2DIAGNOSTIC,    26, -5.500579997369e-01, 6.729386130513e-06, 9.6310e+00, 5.5638e-02, 
 2DIAGNOSTIC,    27, -5.500587938425e-01, 6.106251232658e-06, 9.6906e+00, 5.9597e-02, 
 2DIAGNOSTIC,    28, -5.500848346471e-01, 6.303209698709e-06, 9.7330e+00, 4.2378e-02, 
 2DIAGNOSTIC,    29, -5.500871153081e-01, 6.228185829391e-06, 9.7964e+00, 6.3410e-02, 
 2DIAGNOSTIC,    30, -5.500914501509e-01, 5.406198965621e-06, 9.8734e+00, 7.7034e-02, 
 2DIAGNOSTIC,    31, -5.500923192275e-01, 4.278061429198e-06, 9.9375e+00, 6.4034e-02, 
 2DIAGNOSTIC,    32, -5.500942109824e-01, 4.019863952209e-06, 9.9923e+00, 5.4847e-02, 
 2DIAGNOSTIC,    33, -5.500944661317e-01, 3.959178249198e-06, 1.0042e+01, 4.9511e-02, 
 2DIAGNOSTIC,    34, -5.500945371051e-01, 3.080497003760e-06, 1.0104e+01, 6.1699e-02, 
 2DIAGNOSTIC,    35, -5.500945469090e-01, 2.064449752575e-06, 1.0182e+01, 7.8251e-02, 
 2DIAGNOSTIC,    36, -5.500945470612e-01, 1.621301970040e-06, 1.0260e+01, 7.7968e-02, 
 2DIAGNOSTIC,    37, -5.500945470745e-01, 1.133673091853e-06, 1.0338e+01, 7.8640e-02, 
 2DIAGNOSTIC,    38, -5.500945470748e-01, 1.000438078491e-06, 1.0413e+01, 7.4596e-02, 
DIAGNOSTIC,Iteration,metricValue,convergenceValue,ITERATION_TIME_INDEX,SINCE_LAST
 2DIAGNOSTIC,     1, -5.094101261759e-01, 1.797693134862e+308, 1.4767e+01, 4.3543e+00, 
 2DIAGNOSTIC,     2, -5.123015091714e-01, 1.797693134862e+308, 1.5105e+01, 3.3764e-01, 
 2DIAGNOSTIC,     3, -5.154885597397e-01, 1.797693134862e+308, 1.5442e+01, 3.3754e-01, 
 2DIAGNOSTIC,     4, -5.176460459000e-01, 1.797693134862e+308, 1.5779e+01, 3.3695e-01, 
 2DIAGNOSTIC,     5, -5.186821833474e-01, 1.797693134862e+308, 1.6164e+01, 3.8498e-01, 
 2DIAGNOSTIC,     6, -5.194603127680e-01, 1.797693134862e+308, 1.6838e+01, 6.7379e-01, 
 2DIAGNOSTIC,     7, -5.194578564103e-01, 1.797693134862e+308, 1.7179e+01, 3.4128e-01, 
 2DIAGNOSTIC,     8, -5.195309246442e-01, 1.797693134862e+308, 1.7514e+01, 3.3437e-01, 
 2DIAGNOSTIC,     9, -5.196300633138e-01, 1.797693134862e+308, 1.7845e+01, 3.3148e-01, 
 2DIAGNOSTIC,    10, -5.197831316646e-01, 1.134655195151e-03, 1.8181e+01, 3.3575e-01, 
 2DIAGNOSTIC,    11, -5.199678968141e-01, 6.624126808736e-04, 1.8519e+01, 3.3830e-01, 
 2DIAGNOSTIC,    12, -5.202024765758e-01, 3.506996850084e-04, 1.8851e+01, 3.3210e-01, 
 2DIAGNOSTIC,    13, -5.206299230765e-01, 2.066371460205e-04, 1.9184e+01, 3.3257e-01, 
 2DIAGNOSTIC,    14, -5.211355035684e-01, 1.679143242931e-04, 1.9528e+01, 3.4382e-01, 
 2DIAGNOSTIC,    15, -5.229573609182e-01, 2.225847129867e-04, 1.9961e+01, 4.3337e-01, 
 2DIAGNOSTIC,    16, -5.239291767430e-01, 3.086447486562e-04, 2.0643e+01, 6.8155e-01, 
 2DIAGNOSTIC,    17, -5.239343904143e-01, 3.562872750025e-04, 2.1180e+01, 5.3690e-01, 
 2DIAGNOSTIC,    18, -5.239356489272e-01, 3.691376704060e-04, 2.1566e+01, 3.8613e-01, 
 2DIAGNOSTIC,    19, -5.239339619297e-01, 3.494190947805e-04, 2.1955e+01, 3.8927e-01, 
 2DIAGNOSTIC,    20, -5.239328958929e-01, 3.026795370188e-04, 2.2292e+01, 3.3672e-01, 
 2DIAGNOSTIC,    21, -5.239300547016e-01, 2.366922954547e-04, 2.2626e+01, 3.3393e-01, 
 2DIAGNOSTIC,    22, -5.239328378235e-01, 1.611853673790e-04, 2.3011e+01, 3.8506e-01, 
 2DIAGNOSTIC,    23, -5.239366267651e-01, 8.814052180321e-05, 2.3389e+01, 3.7815e-01, 
 2DIAGNOSTIC,    24, -5.239366466737e-01, 2.367471879235e-05, 2.3775e+01, 3.8570e-01, 
 2DIAGNOSTIC,    25, -5.239346934786e-01, 1.437271065746e-06, 2.4161e+01, 3.8612e-01, 
 2DIAGNOSTIC,    26, -5.239346998643e-01, 1.305697263421e-06, 2.4643e+01, 4.8222e-01, 
 2DIAGNOSTIC,    27, -5.239323427028e-01, 1.231630946667e-06, 2.5028e+01, 3.8552e-01, 
 2DIAGNOSTIC,    28, -5.239324071361e-01, 1.183303673172e-06, 2.5362e+01, 3.3384e-01, 
DIAGNOSTIC,Iteration,metricValue,convergenceValue,ITERATION_TIME_INDEX,SINCE_LAST
 2DIAGNOSTIC,     1, -4.751186583716e-01, 1.797693134862e+308, 3.1705e+01, 6.3424e+00, 
  Elapsed time (stage 1): 3.3342e+01


Total elapsed time: 6.4562e+01
Using double precision for computations.
Input scalar image: /home/ccn30/rds/rds-p00500_encrypt-URQgmO1brZ0/p00500/ENCRYPT_images/27202/T2/N4t2.nii
Reference image: /home/ccn30/rds/rds-p00500_encrypt-URQgmO1brZ0/p00500/ENCRYPT_images/27202/mp2rage/n4mag0000_PSIR_skulled_std.nii
Can't read initial transform T1xT2_ANTs_0GenericAffine.mat
