This is job 22
Time: Thu 16 Sep 12:56:46 BST 2021
Running on master node: cpu-p-14
Current directory: /rds/user/ccn30/hpc-work/WBIC_lustre/ENCRYPT/scripts/Registration/slurmoutputs
Changed directory to /home/ccn30/rds/hpc-work/WBIC_lustre/ENCRYPT/scripts/Registration/slurmoutputs.

JobID: 46502796
======
Time: Thu 16 Sep 12:56:46 BST 2021
Running on master node: cpu-p-14
Current directory: /home/ccn30/rds/hpc-work/WBIC_lustre/ENCRYPT/scripts/Registration/slurmoutputs

Nodes allocated:
================
cpu-p-14

numtasks=, numnodes=, mpi_tasks_per_node= (OMP_NUM_THREADS=1)

Executing command:
==================
/home/ccn30/rds/hpc-work/WBIC_lustre/ENCRYPT/scripts/Registration/coreg_main.sh /home/ccn30/rds/hpc-work/WBIC_lustre/ENCRYPT/ENCRYPT_MasterRIScodes.txt 22 /home/ccn30/rds/rds-p00500_encrypt-URQgmO1brZ0/p00500 /home/ccn30/rds/hpc-work/WBIC_home/ENCRYPT/atlases/magdeburgatlas

******** starting 27241 ********
All_Command_lines_OK
Using double precision for computations.
=============================================================================
The composite transform comprises the following transforms (in order): 
  1. Center of mass alignment using fixed image: /home/ccn30/rds/hpc-work/WBIC_home/ENCRYPT/atlases/magdeburgatlas/template/template.nii.gz and moving image: /home/ccn30/rds/rds-p00500_encrypt-URQgmO1brZ0/p00500/ENCRYPT_images/27241/mp2rage/denoise_n4mag0000_PSIR_skulled_std.nii (type = Euler3DTransform)
=============================================================================
  number of levels = 4
  number of levels = 4
  fixed image: /home/ccn30/rds/hpc-work/WBIC_home/ENCRYPT/atlases/magdeburgatlas/template/template.nii.gz
  moving image: /home/ccn30/rds/rds-p00500_encrypt-URQgmO1brZ0/p00500/ENCRYPT_images/27241/mp2rage/denoise_n4mag0000_PSIR_skulled_std.nii
  fixed image: /home/ccn30/rds/hpc-work/WBIC_home/ENCRYPT/atlases/magdeburgatlas/template/template.nii.gz
  moving image: /home/ccn30/rds/rds-p00500_encrypt-URQgmO1brZ0/p00500/ENCRYPT_images/27241/mp2rage/denoise_n4mag0000_PSIR_skulled_std.nii
Dimension = 3
Number of stages = 2
Use Histogram Matching true
Winsorize image intensities true
Lower quantile = 0.005
Upper quantile = 0.995
Stage 1 State
   Image metric = Mattes
     Fixed image = Image (0x443c200)
  RTTI typeinfo:   itk::Image<double, 3u>
  Reference Count: 2
  Modified Time: 1698
  Debug: Off
  Object Name: 
  Observers: 
    none
  Source: (none)
  Source output name: (none)
  Release Data: Off
  Data Released: False
  Global Release Data: Off
  PipelineMTime: 0
  UpdateMTime: 1481
  RealTimeStamp: 0 seconds 
  LargestPossibleRegion: 
    Dimension: 3
    Index: [0, 0, 0]
    Size: [384, 301, 288]
  BufferedRegion: 
    Dimension: 3
    Index: [0, 0, 0]
    Size: [384, 301, 288]
  RequestedRegion: 
    Dimension: 3
    Index: [0, 0, 0]
    Size: [384, 301, 288]
  Spacing: [0.598958, 0.598958, 0.599937]
  Origin: [83.4012, -147.626, 85.1783]
  Direction: 
-0 0 -1
1 -0 0
0 -1 0

  IndexToPointMatrix: 
0 0 -0.599937
0.598958 0 0
0 -0.598958 0

  PointToIndexMatrix: 
0 1.66957 0
0 0 -1.66957
-1.66684 0 0

  Inverse Direction: 
0 1 0
0 0 -1
-1 0 0

  PixelContainer: 
    ImportImageContainer (0x442cdc0)
      RTTI typeinfo:   itk::ImportImageContainer<unsigned long, double>
      Reference Count: 1
      Modified Time: 1478
      Debug: Off
      Object Name: 
      Observers: 
        none
      Pointer: 0x2ad41899c010
      Container manages memory: true
      Size: 33288192
      Capacity: 33288192

     Moving image = Image (0x44403f0)
  RTTI typeinfo:   itk::Image<double, 3u>
  Reference Count: 2
  Modified Time: 1699
  Debug: Off
  Object Name: 
  Observers: 
    none
  Source: (none)
  Source output name: (none)
  Release Data: Off
  Data Released: False
  Global Release Data: Off
  PipelineMTime: 0
  UpdateMTime: 1696
  RealTimeStamp: 0 seconds 
  LargestPossibleRegion: 
    Dimension: 3
    Index: [0, 0, 0]
    Size: [224, 320, 320]
  BufferedRegion: 
    Dimension: 3
    Index: [0, 0, 0]
    Size: [224, 320, 320]
  RequestedRegion: 
    Dimension: 3
    Index: [0, 0, 0]
    Size: [224, 320, 320]
  Spacing: [0.7, 0.7, 0.7]
  Origin: [-79.2904, 82.1668, -75.9683]
  Direction: 
1 0 0
0 -1 0
0 0 1

  IndexToPointMatrix: 
0.7 0 0
0 -0.7 0
0 0 0.7

  PointToIndexMatrix: 
1.42857 0 0
0 -1.42857 0
0 0 1.42857

  Inverse Direction: 
1 0 0
0 -1 0
0 0 1

  PixelContainer: 
    ImportImageContainer (0x44406b0)
      RTTI typeinfo:   itk::ImportImageContainer<unsigned long, double>
      Reference Count: 1
      Modified Time: 1693
      Debug: Off
      Object Name: 
      Observers: 
        none
      Pointer: 0x2ad428795010
      Container manages memory: true
      Size: 22937600
      Capacity: 22937600

     Weighting = 1
     Sampling strategy = regular
     Number of bins = 32
     Radius = 4
     Sampling percentage  = 0.25
   Transform = Rigid
     Gradient step = 0.1
     Update field sigma (voxel space) = 0
     Total field sigma (voxel space) = 0
     Update field time sigma = 0
     Total field time sigma  = 0
     Number of time indices = 0
     Number of time point samples = 0
Stage 2 State
   Image metric = Mattes
     Fixed image = Image (0x444f060)
  RTTI typeinfo:   itk::Image<double, 3u>
  Reference Count: 2
  Modified Time: 2130
  Debug: Off
  Object Name: 
  Observers: 
    none
  Source: (none)
  Source output name: (none)
  Release Data: Off
  Data Released: False
  Global Release Data: Off
  PipelineMTime: 0
  UpdateMTime: 1913
  RealTimeStamp: 0 seconds 
  LargestPossibleRegion: 
    Dimension: 3
    Index: [0, 0, 0]
    Size: [384, 301, 288]
  BufferedRegion: 
    Dimension: 3
    Index: [0, 0, 0]
    Size: [384, 301, 288]
  RequestedRegion: 
    Dimension: 3
    Index: [0, 0, 0]
    Size: [384, 301, 288]
  Spacing: [0.598958, 0.598958, 0.599937]
  Origin: [83.4012, -147.626, 85.1783]
  Direction: 
-0 0 -1
1 -0 0
0 -1 0

  IndexToPointMatrix: 
0 0 -0.599937
0.598958 0 0
0 -0.598958 0

  PointToIndexMatrix: 
0 1.66957 0
0 0 -1.66957
-1.66684 0 0

  Inverse Direction: 
0 1 0
0 0 -1
-1 0 0

  PixelContainer: 
    ImportImageContainer (0x4443140)
      RTTI typeinfo:   itk::ImportImageContainer<unsigned long, double>
      Reference Count: 1
      Modified Time: 1910
      Debug: Off
      Object Name: 
      Observers: 
        none
      Pointer: 0x2ad433696010
      Container manages memory: true
      Size: 33288192
      Capacity: 33288192

     Moving image = Image (0x4450e80)
  RTTI typeinfo:   itk::Image<double, 3u>
  Reference Count: 2
  Modified Time: 2131
  Debug: Off
  Object Name: 
  Observers: 
    none
  Source: (none)
  Source output name: (none)
  Release Data: Off
  Data Released: False
  Global Release Data: Off
  PipelineMTime: 0
  UpdateMTime: 2128
  RealTimeStamp: 0 seconds 
  LargestPossibleRegion: 
    Dimension: 3
    Index: [0, 0, 0]
    Size: [224, 320, 320]
  BufferedRegion: 
    Dimension: 3
    Index: [0, 0, 0]
    Size: [224, 320, 320]
  RequestedRegion: 
    Dimension: 3
    Index: [0, 0, 0]
    Size: [224, 320, 320]
  Spacing: [0.7, 0.7, 0.7]
  Origin: [-79.2904, 82.1668, -75.9683]
  Direction: 
1 0 0
0 -1 0
0 0 1

  IndexToPointMatrix: 
0.7 0 0
0 -0.7 0
0 0 0.7

  PointToIndexMatrix: 
1.42857 0 0
0 -1.42857 0
0 0 1.42857

  Inverse Direction: 
1 0 0
0 -1 0
0 0 1

  PixelContainer: 
    ImportImageContainer (0x444b540)
      RTTI typeinfo:   itk::ImportImageContainer<unsigned long, double>
      Reference Count: 1
      Modified Time: 2125
      Debug: Off
      Object Name: 
      Observers: 
        none
      Pointer: 0x2ad44348f010
      Container manages memory: true
      Size: 22937600
      Capacity: 22937600

     Weighting = 1
     Sampling strategy = regular
     Number of bins = 32
     Radius = 4
     Sampling percentage  = 0.25
   Transform = Affine
     Gradient step = 0.1
     Update field sigma (voxel space) = 0
     Total field sigma (voxel space) = 0
     Update field time sigma = 0
     Total field time sigma  = 0
     Number of time indices = 0
     Number of time point samples = 0
Registration using 2 total stages.

Stage 0
  iterations = 1000x500x250x100
  convergence threshold = 1e-06
  convergence window size = 10
  number of levels = 4
  using the Mattes MI metric (number of bins = 32, weight = 1)
  preprocessing:  winsorizing the image intensities
  preprocessing:  histogram matching the images
  Shrink factors (level 1 out of 4): [8, 8, 8]
  Shrink factors (level 2 out of 4): [4, 4, 4]
  Shrink factors (level 3 out of 4): [2, 2, 2]
  Shrink factors (level 4 out of 4): [1, 1, 1]
  smoothing sigmas per level: [3, 2, 1, 0]
  regular sampling (percentage = 0.25)

*** Running Euler3DTransform registration ***

DIAGNOSTIC,Iteration,metricValue,convergenceValue,ITERATION_TIME_INDEX,SINCE_LAST
 2DIAGNOSTIC,     1, -4.267245861549e-01, 1.797693134862e+308, 2.6033e+00, 2.6033e+00, 
 2DIAGNOSTIC,     2, -4.289566481831e-01, 1.797693134862e+308, 2.6286e+00, 2.5279e-02, 
 2DIAGNOSTIC,     3, -4.330372852428e-01, 1.797693134862e+308, 2.6610e+00, 3.2394e-02, 
 2DIAGNOSTIC,     4, -4.400183866802e-01, 1.797693134862e+308, 2.6876e+00, 2.6622e-02, 
 2DIAGNOSTIC,     5, -4.513282004224e-01, 1.797693134862e+308, 2.7193e+00, 3.1679e-02, 
 2DIAGNOSTIC,     6, -4.713811106531e-01, 1.797693134862e+308, 2.7490e+00, 2.9720e-02, 
 2DIAGNOSTIC,     7, -5.034110526887e-01, 1.797693134862e+308, 2.7780e+00, 2.9006e-02, 
 2DIAGNOSTIC,     8, -5.415293743350e-01, 1.797693134862e+308, 2.8177e+00, 3.9655e-02, 
 2DIAGNOSTIC,     9, -5.491514263352e-01, 1.797693134862e+308, 2.8448e+00, 2.7068e-02, 
 2DIAGNOSTIC,    10, -5.557169214561e-01, 2.031173646038e-02, 2.8824e+00, 3.7628e-02, 
 2DIAGNOSTIC,    11, -5.643539180167e-01, 1.942109984213e-02, 2.9227e+00, 4.0257e-02, 
 2DIAGNOSTIC,    12, -5.683218367508e-01, 1.723578757425e-02, 2.9561e+00, 3.3440e-02, 
 2DIAGNOSTIC,    13, -5.694542124254e-01, 1.410074030918e-02, 2.9895e+00, 3.3442e-02, 
 2DIAGNOSTIC,    14, -5.722005161631e-01, 1.060133689865e-02, 3.0275e+00, 3.7999e-02, 
 2DIAGNOSTIC,    15, -5.727834773527e-01, 7.117531767906e-03, 3.0617e+00, 3.4158e-02, 
 2DIAGNOSTIC,    16, -5.734937574560e-01, 4.172357219073e-03, 3.0989e+00, 3.7159e-02, 
 2DIAGNOSTIC,    17, -5.735344852268e-01, 2.235033550318e-03, 3.1310e+00, 3.2136e-02, 
 2DIAGNOSTIC,    18, -5.736600884317e-01, 1.489191789657e-03, 3.1579e+00, 2.6895e-02, 
 2DIAGNOSTIC,    19, -5.738572582407e-01, 9.140040234210e-04, 3.2083e+00, 5.0373e-02, 
 2DIAGNOSTIC,    20, -5.738955906395e-01, 4.900826078657e-04, 3.2371e+00, 2.8806e-02, 
 2DIAGNOSTIC,    21, -5.738921487214e-01, 2.842806802706e-04, 3.2748e+00, 3.7749e-02, 
 2DIAGNOSTIC,    22, -5.739098065399e-01, 1.697986837185e-04, 3.3103e+00, 3.5536e-02, 
 2DIAGNOSTIC,    23, -5.739043749089e-01, 7.507511237299e-05, 3.3438e+00, 3.3467e-02, 
 2DIAGNOSTIC,    24, -5.738862900258e-01, 4.223412878912e-05, 3.3771e+00, 3.3293e-02, 
 2DIAGNOSTIC,    25, -5.738770743321e-01, 2.017777328948e-05, 3.4023e+00, 2.5217e-02, 
 2DIAGNOSTIC,    26, -5.738864017313e-01, 1.288896327659e-05, 3.4403e+00, 3.7945e-02, 
 2DIAGNOSTIC,    27, -5.738749192826e-01, 5.629519105675e-06, 3.4704e+00, 3.0108e-02, 
DIAGNOSTIC,Iteration,metricValue,convergenceValue,ITERATION_TIME_INDEX,SINCE_LAST
 2DIAGNOSTIC,     1, -5.030106505041e-01, 1.797693134862e+308, 6.3596e+00, 2.8892e+00, 
 2DIAGNOSTIC,     2, -5.035241074336e-01, 1.797693134862e+308, 6.5810e+00, 2.2146e-01, 
 2DIAGNOSTIC,     3, -5.041263335014e-01, 1.797693134862e+308, 6.8012e+00, 2.2016e-01, 
 2DIAGNOSTIC,     4, -5.047255931677e-01, 1.797693134862e+308, 7.0196e+00, 2.1841e-01, 
 2DIAGNOSTIC,     5, -5.051997171326e-01, 1.797693134862e+308, 7.2391e+00, 2.1955e-01, 
 2DIAGNOSTIC,     6, -5.054832339650e-01, 1.797693134862e+308, 7.4616e+00, 2.2247e-01, 
 2DIAGNOSTIC,     7, -5.057886583766e-01, 1.797693134862e+308, 7.8119e+00, 3.5033e-01, 
 2DIAGNOSTIC,     8, -5.059798092135e-01, 1.797693134862e+308, 8.0318e+00, 2.1988e-01, 
 2DIAGNOSTIC,     9, -5.060582519389e-01, 1.797693134862e+308, 8.2509e+00, 2.1910e-01, 
 2DIAGNOSTIC,    10, -5.061399163537e-01, 4.076913561295e-04, 8.5023e+00, 2.5144e-01, 
 2DIAGNOSTIC,    11, -5.061928851076e-01, 2.984567691856e-04, 8.7534e+00, 2.5105e-01, 
 2DIAGNOSTIC,    12, -5.062056347753e-01, 2.052372423672e-04, 9.0388e+00, 2.8543e-01, 
 2DIAGNOSTIC,    13, -5.063759120142e-01, 1.410887690605e-04, 9.2587e+00, 2.1985e-01, 
 2DIAGNOSTIC,    14, -5.063968547070e-01, 9.798763384825e-05, 9.4762e+00, 2.1758e-01, 
 2DIAGNOSTIC,    15, -5.064306813003e-01, 7.089075869288e-05, 9.7588e+00, 2.8253e-01, 
 2DIAGNOSTIC,    16, -5.064693331916e-01, 5.204919229403e-05, 9.9872e+00, 2.2838e-01, 
 2DIAGNOSTIC,    17, -5.064888500785e-01, 4.141296541380e-05, 1.0237e+01, 2.5023e-01, 
 2DIAGNOSTIC,    18, -5.065668848827e-01, 3.662227727209e-05, 1.0551e+01, 3.1398e-01, 
 2DIAGNOSTIC,    19, -5.065688767214e-01, 3.136899473644e-05, 1.0806e+01, 2.5418e-01, 
 2DIAGNOSTIC,    20, -5.065692478435e-01, 2.623934037732e-05, 1.1138e+01, 3.3285e-01, 
 2DIAGNOSTIC,    21, -5.065666492779e-01, 2.071699376677e-05, 1.1419e+01, 2.8059e-01, 
 2DIAGNOSTIC,    22, -5.065667807900e-01, 1.411293060431e-05, 1.1636e+01, 2.1668e-01, 
 2DIAGNOSTIC,    23, -5.065640320579e-01, 1.096757295956e-05, 1.1921e+01, 2.8559e-01, 
 2DIAGNOSTIC,    24, -5.065626707331e-01, 7.633738881983e-06, 1.2144e+01, 2.2280e-01, 
 2DIAGNOSTIC,    25, -5.065600833982e-01, 4.685900679161e-06, 1.2394e+01, 2.4953e-01, 
 2DIAGNOSTIC,    26, -5.065602779488e-01, 2.493709195403e-06, 1.2644e+01, 2.5025e-01, 
DIAGNOSTIC,Iteration,metricValue,convergenceValue,ITERATION_TIME_INDEX,SINCE_LAST
 2DIAGNOSTIC,     1, -4.381858587811e-01, 1.797693134862e+308, 1.7474e+01, 4.8299e+00, 
 2DIAGNOSTIC,     2, -4.383206931290e-01, 1.797693134862e+308, 1.9112e+01, 1.6387e+00, 
 2DIAGNOSTIC,     3, -4.383263096577e-01, 1.797693134862e+308, 2.0746e+01, 1.6340e+00, 
 2DIAGNOSTIC,     4, -4.383357420254e-01, 1.797693134862e+308, 2.2376e+01, 1.6301e+00, 
 2DIAGNOSTIC,     5, -4.383630428108e-01, 1.797693134862e+308, 2.4004e+01, 1.6275e+00, 
 2DIAGNOSTIC,     6, -4.384534173965e-01, 1.797693134862e+308, 2.8140e+01, 4.1357e+00, 
 2DIAGNOSTIC,     7, -4.384537075301e-01, 1.797693134862e+308, 3.0013e+01, 1.8732e+00, 
 2DIAGNOSTIC,     8, -4.384536527942e-01, 1.797693134862e+308, 3.1648e+01, 1.6350e+00, 
 2DIAGNOSTIC,     9, -4.384533120536e-01, 1.797693134862e+308, 3.3283e+01, 1.6355e+00, 
 2DIAGNOSTIC,    10, -4.384534124384e-01, 3.837362708932e-05, 3.4713e+01, 1.4293e+00, 
 2DIAGNOSTIC,    11, -4.384535778332e-01, 2.462902336917e-05, 3.6346e+01, 1.6335e+00, 
 2DIAGNOSTIC,    12, -4.384534071747e-01, 1.850415079706e-05, 3.7816e+01, 1.4696e+00, 
 2DIAGNOSTIC,    13, -4.384533343235e-01, 1.224369894925e-05, 3.9904e+01, 2.0882e+00, 
 2DIAGNOSTIC,    14, -4.384532813472e-01, 6.437048745020e-06, 4.1771e+01, 1.8672e+00, 
 2DIAGNOSTIC,    15, -4.384530805387e-01, 2.083684780899e-06, 4.3639e+01, 1.8676e+00, 
 2DIAGNOSTIC,    16, -4.384528317942e-01, 1.929099037554e-06, 4.5271e+01, 1.6322e+00, 
 2DIAGNOSTIC,    17, -4.384528073593e-01, 1.808494596842e-06, 4.7137e+01, 1.8660e+00, 
 2DIAGNOSTIC,    18, -4.384528562142e-01, 1.707253718279e-06, 4.9005e+01, 1.8679e+00, 
 2DIAGNOSTIC,    19, -4.384528496226e-01, 1.610136175029e-06, 5.0875e+01, 1.8698e+00, 
 2DIAGNOSTIC,    20, -4.384529379480e-01, 1.534714925484e-06, 5.2735e+01, 1.8604e+00, 
 2DIAGNOSTIC,    21, -4.384530298148e-01, 1.479824479421e-06, 5.4614e+01, 1.8787e+00, 
 2DIAGNOSTIC,    22, -4.384530009214e-01, 1.427248614468e-06, 5.6730e+01, 2.1161e+00, 
 2DIAGNOSTIC,    23, -4.384529075602e-01, 1.376251447111e-06, 5.8604e+01, 1.8746e+00, 
 2DIAGNOSTIC,    24, -4.384526611106e-01, 1.322218675548e-06, 6.0247e+01, 1.6425e+00, 
 2DIAGNOSTIC,    25, -4.384526866781e-01, 1.268565765503e-06, 6.2120e+01, 1.8729e+00, 
 2DIAGNOSTIC,    26, -4.384526548785e-01, 1.212268899951e-06, 6.4225e+01, 2.1056e+00, 
 2DIAGNOSTIC,    27, -4.384527183776e-01, 1.162085228074e-06, 6.6100e+01, 1.8741e+00, 
 2DIAGNOSTIC,    28, -4.384525974852e-01, 1.115423182811e-06, 6.7739e+01, 1.6392e+00, 
 2DIAGNOSTIC,    29, -4.384525461986e-01, 1.072780766095e-06, 6.9605e+01, 1.8666e+00, 
 2DIAGNOSTIC,    30, -4.384527784461e-01, 1.042132536475e-06, 7.1449e+01, 1.8438e+00, 
 2DIAGNOSTIC,    31, -4.384526532769e-01, 1.014214526612e-06, 7.3080e+01, 1.6312e+00, 
DIAGNOSTIC,Iteration,metricValue,convergenceValue,ITERATION_TIME_INDEX,SINCE_LAST
 2DIAGNOSTIC,     1, -3.897855518967e-01, 1.797693134862e+308, 9.0569e+01, 1.7488e+01, 
 2DIAGNOSTIC,     2, -3.898363653894e-01, 1.797693134862e+308, 1.0509e+02, 1.4525e+01, 
 2DIAGNOSTIC,     3, -3.898387900319e-01, 1.797693134862e+308, 1.2129e+02, 1.6195e+01, 
 2DIAGNOSTIC,     4, -3.898389160644e-01, 1.797693134862e+308, 1.3420e+02, 1.2914e+01, 
 2DIAGNOSTIC,     5, -3.898388113318e-01, 1.797693134862e+308, 1.4879e+02, 1.4589e+01, 
 2DIAGNOSTIC,     6, -3.898385098561e-01, 1.797693134862e+308, 1.6820e+02, 1.9406e+01, 
 2DIAGNOSTIC,     7, -3.898385197808e-01, 1.797693134862e+308, 1.8090e+02, 1.2702e+01, 
 2DIAGNOSTIC,     8, -3.898384293270e-01, 1.797693134862e+308, 1.9210e+02, 1.1202e+01, 
 2DIAGNOSTIC,     9, -3.898382650012e-01, 1.797693134862e+308, 2.1147e+02, 1.9369e+01, 
 2DIAGNOSTIC,    10, -3.898382558894e-01, 7.108847662418e-06, 2.2440e+02, 1.2931e+01, 
 2DIAGNOSTIC,    11, -3.898382314261e-01, 2.942588941388e-06, 2.3891e+02, 1.4506e+01, 
 2DIAGNOSTIC,    12, -3.898382176331e-01, 2.548197320359e-06, 2.5341e+02, 1.4497e+01, 
 2DIAGNOSTIC,    13, -3.898382004921e-01, 2.358332749933e-06, 2.6627e+02, 1.2867e+01, 
 2DIAGNOSTIC,    14, -3.898381823659e-01, 2.209394968186e-06, 2.7753e+02, 1.1260e+01, 
 2DIAGNOSTIC,    15, -3.898381654738e-01, 2.080534927049e-06, 2.8883e+02, 1.1292e+01, 
 2DIAGNOSTIC,    16, -3.898381705758e-01, 1.957796639251e-06, 3.0019e+02, 1.1363e+01, 
 2DIAGNOSTIC,    17, -3.898381791796e-01, 1.853094922545e-06, 3.1129e+02, 1.1096e+01, 
 2DIAGNOSTIC,    18, -3.898381738412e-01, 1.757986494745e-06, 3.2469e+02, 1.3402e+01, 
 2DIAGNOSTIC,    19, -3.898381804668e-01, 1.667714785068e-06, 3.3761e+02, 1.2925e+01, 
 2DIAGNOSTIC,    20, -3.898381648017e-01, 1.586188813005e-06, 3.4893e+02, 1.1313e+01, 
 2DIAGNOSTIC,    21, -3.898381662663e-01, 1.512040745597e-06, 3.6026e+02, 1.1336e+01, 
 2DIAGNOSTIC,    22, -3.898382381857e-01, 1.446805262269e-06, 3.7480e+02, 1.4538e+01, 
 2DIAGNOSTIC,    23, -3.898382437318e-01, 1.386732530369e-06, 3.8614e+02, 1.1336e+01, 
 2DIAGNOSTIC,    24, -3.898382104995e-01, 1.329802517068e-06, 3.9746e+02, 1.1321e+01, 
 2DIAGNOSTIC,    25, -3.898382017705e-01, 1.276335209126e-06, 4.1034e+02, 1.2881e+01, 
 2DIAGNOSTIC,    26, -3.898381916993e-01, 1.226457673184e-06, 4.2165e+02, 1.1309e+01, 
 2DIAGNOSTIC,    27, -3.898381484681e-01, 1.179014176310e-06, 4.3456e+02, 1.2910e+01, 
 2DIAGNOSTIC,    28, -3.898381480245e-01, 1.134737419244e-06, 4.4748e+02, 1.2921e+01, 
 2DIAGNOSTIC,    29, -3.898381357808e-01, 1.093537970724e-06, 4.6037e+02, 1.2886e+01, 
 2DIAGNOSTIC,    30, -3.898380939815e-01, 1.054027556922e-06, 4.7323e+02, 1.2860e+01, 
 2DIAGNOSTIC,    31, -3.898380359729e-01, 1.016306960859e-06, 4.8615e+02, 1.2927e+01, 
  Elapsed time (stage 0): 4.9471e+02


Stage 1
  iterations = 1000x500x250x100
  convergence threshold = 1.0000e-06
  convergence window size = 10
  number of levels = 4
  using the Mattes MI metric (number of bins = 32, weight = 1.0000e+00)
  preprocessing:  winsorizing the image intensities
  preprocessing:  histogram matching the images
  Shrink factors (level 1 out of 4): [8, 8, 8]
  Shrink factors (level 2 out of 4): [4, 4, 4]
  Shrink factors (level 3 out of 4): [2, 2, 2]
  Shrink factors (level 4 out of 4): [1, 1, 1]
  smoothing sigmas per level: [3, 2, 1, 0]
  regular sampling (percentage = 2.5000e-01)

*** Running AffineTransform registration ***

DIAGNOSTIC,Iteration,metricValue,convergenceValue,ITERATION_TIME_INDEX,SINCE_LAST
 2DIAGNOSTIC,     1, -5.736658179996e-01, 1.797693134862e+308, 2.5969e+00, 2.5969e+00, 
 2DIAGNOSTIC,     2, -5.753350382973e-01, 1.797693134862e+308, 2.6283e+00, 3.1399e-02, 
 2DIAGNOSTIC,     3, -5.781385169021e-01, 1.797693134862e+308, 2.6534e+00, 2.5089e-02, 
 2DIAGNOSTIC,     4, -5.826848643562e-01, 1.797693134862e+308, 2.6884e+00, 3.5023e-02, 
 2DIAGNOSTIC,     5, -5.901160073723e-01, 1.797693134862e+308, 2.7161e+00, 2.7702e-02, 
 2DIAGNOSTIC,     6, -6.017188898525e-01, 1.797693134862e+308, 2.7481e+00, 3.2038e-02, 
 2DIAGNOSTIC,     7, -6.186881629692e-01, 1.797693134862e+308, 2.7803e+00, 3.2163e-02, 
 2DIAGNOSTIC,     8, -6.362995895074e-01, 1.797693134862e+308, 2.8107e+00, 3.0403e-02, 
 2DIAGNOSTIC,     9, -6.430392800145e-01, 1.797693134862e+308, 2.8600e+00, 4.9328e-02, 
 2DIAGNOSTIC,    10, -6.436327425122e-01, 8.876357685929e-03, 2.8856e+00, 2.5579e-02, 
 2DIAGNOSTIC,    11, -6.439630527389e-01, 8.187780424463e-03, 2.9265e+00, 4.0832e-02, 
 2DIAGNOSTIC,    12, -6.441822186774e-01, 6.955418454170e-03, 2.9583e+00, 3.1888e-02, 
 2DIAGNOSTIC,    13, -6.443745471558e-01, 5.395400614066e-03, 2.9991e+00, 4.0719e-02, 
 2DIAGNOSTIC,    14, -6.446048765152e-01, 3.738718903029e-03, 3.0309e+00, 3.1887e-02, 
 2DIAGNOSTIC,    15, -6.451679869281e-01, 2.221345553985e-03, 3.0709e+00, 3.9959e-02, 
 2DIAGNOSTIC,    16, -6.454234692050e-01, 1.033372629536e-03, 3.1317e+00, 6.0757e-02, 
 2DIAGNOSTIC,    17, -6.454291946352e-01, 3.417562310207e-04, 3.1674e+00, 3.5726e-02, 
 2DIAGNOSTIC,    18, -6.454249079108e-01, 1.408329007930e-04, 3.1953e+00, 2.7925e-02, 
 2DIAGNOSTIC,    19, -6.454320170713e-01, 1.105139422029e-04, 3.2319e+00, 3.6606e-02, 
 2DIAGNOSTIC,    20, -6.454335679787e-01, 8.642831435102e-05, 3.2646e+00, 3.2724e-02, 
 2DIAGNOSTIC,    21, -6.454477165380e-01, 6.413009194465e-05, 3.2972e+00, 3.2595e-02, 
 2DIAGNOSTIC,    22, -6.454638909330e-01, 4.304511987707e-05, 3.3317e+00, 3.4419e-02, 
 2DIAGNOSTIC,    23, -6.454642759981e-01, 2.384041783057e-05, 3.3660e+00, 3.4385e-02, 
 2DIAGNOSTIC,    24, -6.454698729308e-01, 8.390601747552e-06, 3.4065e+00, 4.0467e-02, 
 2DIAGNOSTIC,    25, -6.454469611434e-01, 3.184332300732e-06, 3.4355e+00, 2.9019e-02, 
 2DIAGNOSTIC,    26, -6.454335226261e-01, 2.421326116227e-06, 3.4724e+00, 3.6873e-02, 
 2DIAGNOSTIC,    27, -6.454298162452e-01, 1.641933571876e-06, 3.5047e+00, 3.2273e-02, 
DIAGNOSTIC,Iteration,metricValue,convergenceValue,ITERATION_TIME_INDEX,SINCE_LAST
 2DIAGNOSTIC,     1, -5.516196900517e-01, 1.797693134862e+308, 6.4353e+00, 2.9306e+00, 
 2DIAGNOSTIC,     2, -5.521396034488e-01, 1.797693134862e+308, 6.6857e+00, 2.5033e-01, 
 2DIAGNOSTIC,     3, -5.526332110722e-01, 1.797693134862e+308, 6.9327e+00, 2.4706e-01, 
 2DIAGNOSTIC,     4, -5.529527896551e-01, 1.797693134862e+308, 7.1847e+00, 2.5202e-01, 
 2DIAGNOSTIC,     5, -5.531480262215e-01, 1.797693134862e+308, 7.4346e+00, 2.4985e-01, 
 2DIAGNOSTIC,     6, -5.533145382948e-01, 1.797693134862e+308, 7.8500e+00, 4.1538e-01, 
 2DIAGNOSTIC,     7, -5.533387311168e-01, 1.797693134862e+308, 8.1347e+00, 2.8472e-01, 
 2DIAGNOSTIC,     8, -5.533442603446e-01, 1.797693134862e+308, 8.4500e+00, 3.1530e-01, 
 2DIAGNOSTIC,     9, -5.533478120778e-01, 1.797693134862e+308, 8.7327e+00, 2.8276e-01, 
 2DIAGNOSTIC,    10, -5.533505759498e-01, 1.827436003489e-04, 8.9848e+00, 2.5204e-01, 
 2DIAGNOSTIC,    11, -5.533539093215e-01, 1.063409420266e-04, 9.2673e+00, 2.8255e-01, 
 2DIAGNOSTIC,    12, -5.533584075860e-01, 5.551533896427e-05, 9.5188e+00, 2.5141e-01, 
 2DIAGNOSTIC,    13, -5.533692540412e-01, 2.751196866879e-05, 9.7702e+00, 2.5147e-01, 
 2DIAGNOSTIC,    14, -5.533835773037e-01, 1.336348864882e-05, 1.0016e+01, 2.4622e-01, 
 2DIAGNOSTIC,    15, -5.534200267744e-01, 7.867225383096e-06, 1.0263e+01, 2.4691e-01, 
 2DIAGNOSTIC,    16, -5.534790741528e-01, 9.732265542184e-06, 1.0508e+01, 2.4467e-01, 
 2DIAGNOSTIC,    17, -5.535515780561e-01, 1.355069273756e-05, 1.0756e+01, 2.4791e-01, 
 2DIAGNOSTIC,    18, -5.537173219844e-01, 2.072456238136e-05, 1.1003e+01, 2.4686e-01, 
 2DIAGNOSTIC,    19, -5.538072494766e-01, 2.782449833161e-05, 1.1384e+01, 3.8084e-01, 
 2DIAGNOSTIC,    20, -5.539451729264e-01, 3.539334926001e-05, 1.1702e+01, 3.1795e-01, 
 2DIAGNOSTIC,    21, -5.539648219673e-01, 3.962139624827e-05, 1.1948e+01, 2.4595e-01, 
 2DIAGNOSTIC,    22, -5.540992410508e-01, 4.317212347719e-05, 1.2230e+01, 2.8224e-01, 
 2DIAGNOSTIC,    23, -5.541295041331e-01, 4.334370983481e-05, 1.2478e+01, 2.4821e-01, 
 2DIAGNOSTIC,    24, -5.541628638707e-01, 4.057252219031e-05, 1.2725e+01, 2.4657e-01, 
 2DIAGNOSTIC,    25, -5.542308828881e-01, 3.649948647058e-05, 1.3003e+01, 2.7893e-01, 
 2DIAGNOSTIC,    26, -5.542767143637e-01, 3.147855076684e-05, 1.3387e+01, 3.8375e-01, 
 2DIAGNOSTIC,    27, -5.542894007322e-01, 2.552808746557e-05, 1.3669e+01, 2.8139e-01, 
 2DIAGNOSTIC,    28, -5.543102819615e-01, 2.112113609738e-05, 1.3946e+01, 2.7711e-01, 
 2DIAGNOSTIC,    29, -5.543168982572e-01, 1.680249226007e-05, 1.4231e+01, 2.8565e-01, 
 2DIAGNOSTIC,    30, -5.543242409073e-01, 1.377985153516e-05, 1.4485e+01, 2.5366e-01, 
 2DIAGNOSTIC,    31, -5.543258482224e-01, 1.003753550403e-05, 1.4737e+01, 2.5193e-01, 
 2DIAGNOSTIC,    32, -5.543441282932e-01, 8.130718097951e-06, 1.4991e+01, 2.5361e-01, 
 2DIAGNOSTIC,    33, -5.544578598503e-01, 7.899685116219e-06, 1.5364e+01, 3.7308e-01, 
 2DIAGNOSTIC,    34, -5.545014267172e-01, 8.118687642996e-06, 1.5712e+01, 3.4818e-01, 
 2DIAGNOSTIC,    35, -5.544988402623e-01, 8.594287198203e-06, 1.5994e+01, 2.8228e-01, 
 2DIAGNOSTIC,    36, -5.544988609219e-01, 8.999616719706e-06, 1.6307e+01, 3.1325e-01, 
 2DIAGNOSTIC,    37, -5.544983642805e-01, 8.773405467857e-06, 1.6588e+01, 2.8069e-01, 
 2DIAGNOSTIC,    38, -5.544977114744e-01, 8.048330864586e-06, 1.6850e+01, 2.6240e-01, 
 2DIAGNOSTIC,    39, -5.544962612483e-01, 6.727735694222e-06, 1.7134e+01, 2.8338e-01, 
 2DIAGNOSTIC,    40, -5.544967720887e-01, 5.035126291651e-06, 1.7383e+01, 2.4960e-01, 
 2DIAGNOSTIC,    41, -5.544981049203e-01, 3.076594066301e-06, 1.7664e+01, 2.8070e-01, 
 2DIAGNOSTIC,    42, -5.545001752530e-01, 1.206004468551e-06, 1.7921e+01, 2.5661e-01, 
DIAGNOSTIC,Iteration,metricValue,convergenceValue,ITERATION_TIME_INDEX,SINCE_LAST
 2DIAGNOSTIC,     1, -4.766251331950e-01, 1.797693134862e+308, 2.3000e+01, 5.0793e+00, 
 2DIAGNOSTIC,     2, -4.771949106694e-01, 1.797693134862e+308, 2.4879e+01, 1.8788e+00, 
 2DIAGNOSTIC,     3, -4.777825809203e-01, 1.797693134862e+308, 2.6764e+01, 1.8856e+00, 
 2DIAGNOSTIC,     4, -4.781406409730e-01, 1.797693134862e+308, 2.8636e+01, 1.8713e+00, 
 2DIAGNOSTIC,     5, -4.782395695869e-01, 1.797693134862e+308, 3.0517e+01, 1.8811e+00, 
 2DIAGNOSTIC,     6, -4.782674705236e-01, 1.797693134862e+308, 3.4379e+01, 3.8623e+00, 
 2DIAGNOSTIC,     7, -4.782682801633e-01, 1.797693134862e+308, 3.6510e+01, 2.1305e+00, 
 2DIAGNOSTIC,     8, -4.782690164856e-01, 1.797693134862e+308, 3.8372e+01, 1.8621e+00, 
 2DIAGNOSTIC,     9, -4.782704012543e-01, 1.797693134862e+308, 4.0250e+01, 1.8778e+00, 
 2DIAGNOSTIC,    10, -4.782736083263e-01, 1.812097256308e-04, 4.2123e+01, 1.8739e+00, 
 2DIAGNOSTIC,    11, -4.782765313466e-01, 9.022501298030e-05, 4.4004e+01, 1.8802e+00, 
 2DIAGNOSTIC,    12, -4.782798503277e-01, 3.443171856314e-05, 4.5884e+01, 1.8801e+00, 
 2DIAGNOSTIC,    13, -4.782852454413e-01, 1.108631316377e-05, 4.7759e+01, 1.8751e+00, 
 2DIAGNOSTIC,    14, -4.782910472176e-01, 5.635289481401e-06, 4.9635e+01, 1.8760e+00, 
 2DIAGNOSTIC,    15, -4.782971181212e-01, 4.730629737923e-06, 5.1503e+01, 1.8681e+00, 
 2DIAGNOSTIC,    16, -4.783081490653e-01, 5.143387255629e-06, 5.3383e+01, 1.8797e+00, 
 2DIAGNOSTIC,    17, -4.783220892639e-01, 5.726399756094e-06, 5.7001e+01, 3.6181e+00, 
 2DIAGNOSTIC,    18, -4.783220890586e-01, 5.904746445184e-06, 5.9123e+01, 2.1218e+00, 
 2DIAGNOSTIC,    19, -4.783222249737e-01, 5.734945976263e-06, 6.1253e+01, 2.1303e+00, 
 2DIAGNOSTIC,    20, -4.783220795079e-01, 5.298889011317e-06, 6.3355e+01, 2.1018e+00, 
 2DIAGNOSTIC,    21, -4.783221122551e-01, 4.637240734816e-06, 6.5475e+01, 2.1199e+00, 
 2DIAGNOSTIC,    22, -4.783221966903e-01, 3.829140875253e-06, 6.7597e+01, 2.1219e+00, 
 2DIAGNOSTIC,    23, -4.783219457108e-01, 3.002115052414e-06, 6.9472e+01, 1.8759e+00, 
 2DIAGNOSTIC,    24, -4.783219911435e-01, 2.241912251795e-06, 7.1598e+01, 2.1261e+00, 
 2DIAGNOSTIC,    25, -4.783217639905e-01, 1.591915868772e-06, 7.3722e+01, 2.1232e+00, 
 2DIAGNOSTIC,    26, -4.783217669468e-01, 1.205138217046e-06, 7.5602e+01, 1.8804e+00, 
 2DIAGNOSTIC,    27, -4.783215816742e-01, 1.151505405507e-06, 7.7478e+01, 1.8756e+00, 
 2DIAGNOSTIC,    28, -4.783219125224e-01, 1.111276214529e-06, 7.9617e+01, 2.1396e+00, 
 2DIAGNOSTIC,    29, -4.783222226354e-01, 1.085241817050e-06, 8.1496e+01, 1.8791e+00, 
 2DIAGNOSTIC,    30, -4.783229823733e-01, 1.074081061647e-06, 8.3383e+01, 1.8863e+00, 
 2DIAGNOSTIC,    31, -4.783265380872e-01, 1.130861006463e-06, 8.5518e+01, 2.1353e+00, 
 2DIAGNOSTIC,    32, -4.783315643192e-01, 1.267595734655e-06, 8.8138e+01, 2.6197e+00, 
 2DIAGNOSTIC,    33, -4.783317291819e-01, 1.366795994488e-06, 9.0262e+01, 2.1248e+00, 
 2DIAGNOSTIC,    34, -4.783316604428e-01, 1.423417803171e-06, 9.2385e+01, 2.1223e+00, 
 2DIAGNOSTIC,    35, -4.783315707484e-01, 1.426138646191e-06, 9.4187e+01, 1.8025e+00, 
 2DIAGNOSTIC,    36, -4.783318401232e-01, 1.382994525463e-06, 9.5926e+01, 1.7392e+00, 
 2DIAGNOSTIC,    37, -4.783323192968e-01, 1.297759320153e-06, 9.8043e+01, 2.1162e+00, 
 2DIAGNOSTIC,    38, -4.783321553733e-01, 1.178313737648e-06, 9.9710e+01, 1.6670e+00, 
 2DIAGNOSTIC,    39, -4.783316327900e-01, 1.031067569497e-06, 1.0160e+02, 1.8891e+00, 
DIAGNOSTIC,Iteration,metricValue,convergenceValue,ITERATION_TIME_INDEX,SINCE_LAST
 2DIAGNOSTIC,     1, -4.245370181916e-01, 1.797693134862e+308, 1.1950e+02, 1.7903e+01, 
 2DIAGNOSTIC,     2, -4.247258598255e-01, 1.797693134862e+308, 1.3279e+02, 1.3289e+01, 
 2DIAGNOSTIC,     3, -4.248677864137e-01, 1.797693134862e+308, 1.4611e+02, 1.3324e+01, 
 2DIAGNOSTIC,     4, -4.249978041205e-01, 1.797693134862e+308, 1.5947e+02, 1.3354e+01, 
 2DIAGNOSTIC,     5, -4.250953150095e-01, 1.797693134862e+308, 1.7284e+02, 1.3373e+01, 
 2DIAGNOSTIC,     6, -4.253090453849e-01, 1.797693134862e+308, 1.9480e+02, 2.1960e+01, 
 2DIAGNOSTIC,     7, -4.253310572636e-01, 1.797693134862e+308, 2.0815e+02, 1.3347e+01, 
 2DIAGNOSTIC,     8, -4.253565908270e-01, 1.797693134862e+308, 2.2147e+02, 1.3326e+01, 
 2DIAGNOSTIC,     9, -4.253910937314e-01, 1.797693134862e+308, 2.3482e+02, 1.3348e+01, 
 2DIAGNOSTIC,    10, -4.254445049886e-01, 1.384136730369e-04, 2.4818e+02, 1.3356e+01, 
 2DIAGNOSTIC,    11, -4.255188106533e-01, 1.061160143715e-04, 2.6154e+02, 1.3366e+01, 
 2DIAGNOSTIC,    12, -4.256427816087e-01, 8.720091122547e-05, 2.8186e+02, 2.0317e+01, 
 2DIAGNOSTIC,    13, -4.256662756698e-01, 7.199343810445e-05, 2.9530e+02, 1.3435e+01, 
 2DIAGNOSTIC,    14, -4.256962878205e-01, 6.034528744310e-05, 3.0869e+02, 1.3397e+01, 
 2DIAGNOSTIC,    15, -4.257971535756e-01, 5.355089318210e-05, 3.2727e+02, 1.8575e+01, 
 2DIAGNOSTIC,    16, -4.258083659745e-01, 5.212581298911e-05, 3.4067e+02, 1.3407e+01, 
 2DIAGNOSTIC,    17, -4.258161670285e-01, 4.740458627269e-05, 3.5409e+02, 1.3419e+01, 
 2DIAGNOSTIC,    18, -4.258407743601e-01, 4.091718481692e-05, 3.7404e+02, 1.9946e+01, 
 2DIAGNOSTIC,    19, -4.258497839762e-01, 3.301526770212e-05, 3.8833e+02, 1.4288e+01, 
 2DIAGNOSTIC,    20, -4.258507371431e-01, 2.474330321046e-05, 4.0346e+02, 1.5133e+01, 
 2DIAGNOSTIC,    21, -4.258509112787e-01, 1.738035358115e-05, 4.1689e+02, 1.3426e+01, 
 2DIAGNOSTIC,    22, -4.258525402243e-01, 1.305691715897e-05, 4.3031e+02, 1.3424e+01, 
 2DIAGNOSTIC,    23, -4.258537109238e-01, 8.740793547374e-06, 4.5236e+02, 2.2051e+01, 
 2DIAGNOSTIC,    24, -4.258538264090e-01, 4.853140168203e-06, 4.6922e+02, 1.6860e+01, 
 2DIAGNOSTIC,    25, -4.258537807910e-01, 3.643505036156e-06, 4.8608e+02, 1.6864e+01, 
 2DIAGNOSTIC,    26, -4.258537972560e-01, 2.598421757545e-06, 5.0293e+02, 1.6845e+01, 
 2DIAGNOSTIC,    27, -4.258537777721e-01, 1.678710543504e-06, 5.1806e+02, 1.5135e+01, 
 2DIAGNOSTIC,    28, -4.258537727615e-01, 1.357986107071e-06, 5.3321e+02, 1.5146e+01, 
 2DIAGNOSTIC,    29, -4.258537676670e-01, 1.245775779646e-06, 5.5180e+02, 1.8594e+01, 
 2DIAGNOSTIC,    30, -4.258537371901e-01, 1.148338013165e-06, 5.6693e+02, 1.5122e+01, 
 2DIAGNOSTIC,    31, -4.258537381993e-01, 1.052053453840e-06, 5.8206e+02, 1.5133e+01, 
  Elapsed time (stage 1): 5.9221e+02


Total elapsed time: 1.0869e+03

--------------------------------------------------------------------------------------
 Mapping parameters
--------------------------------------------------------------------------------------
 ANTSPATH is /usr/local/software/spack/spack-git/opt/spack/linux-rhel7-broadwell/gcc-5/ants-2.3.4-lj6vm7ccmij4yywr4ynrttcko4aoflqt/bin

 Dimensionality:           3
 Output name prefix:       T1xT2_ANTs
 Fixed images:             /home/ccn30/rds/rds-p00500_encrypt-URQgmO1brZ0/p00500/ENCRYPT_images/27241/T2/N4t2.nii
 Moving images:            /home/ccn30/rds/rds-p00500_encrypt-URQgmO1brZ0/p00500/ENCRYPT_images/27241/mp2rage/n4mag0000_PSIR_skulled_std.nii
 Mask images:              
 Initial transforms:       
 Number of threads:        1
 Spline distance:          26
 Transform type:           a
 MI histogram bins:        32
 Precision:                d
 Use histogram matching    0
======================================================================================
 antsRegistration call:
--------------------------------------------------------------------------------------
/usr/local/software/spack/spack-git/opt/spack/linux-rhel7-broadwell/gcc-5/ants-2.3.4-lj6vm7ccmij4yywr4ynrttcko4aoflqt/bin/antsRegistration --verbose 1 --dimensionality 3 --float 0 --collapse-output-transforms 1 --output [ T1xT2_ANTs,T1xT2_ANTsWarped.nii.gz,T1xT2_ANTsInverseWarped.nii.gz ] --interpolation Linear --use-histogram-matching 0 --winsorize-image-intensities [ 0.005,0.995 ] --initial-moving-transform [ /home/ccn30/rds/rds-p00500_encrypt-URQgmO1brZ0/p00500/ENCRYPT_images/27241/T2/N4t2.nii,/home/ccn30/rds/rds-p00500_encrypt-URQgmO1brZ0/p00500/ENCRYPT_images/27241/mp2rage/n4mag0000_PSIR_skulled_std.nii,1 ] --transform Rigid[ 0.1 ] --metric MI[ /home/ccn30/rds/rds-p00500_encrypt-URQgmO1brZ0/p00500/ENCRYPT_images/27241/T2/N4t2.nii,/home/ccn30/rds/rds-p00500_encrypt-URQgmO1brZ0/p00500/ENCRYPT_images/27241/mp2rage/n4mag0000_PSIR_skulled_std.nii,1,32,Regular,0.25 ] --convergence [ 1000x500x250x0,1e-6,10 ] --shrink-factors 12x8x4x2 --smoothing-sigmas 4x3x2x1vox --transform Affine[ 0.1 ] --metric MI[ /home/ccn30/rds/rds-p00500_encrypt-URQgmO1brZ0/p00500/ENCRYPT_images/27241/T2/N4t2.nii,/home/ccn30/rds/rds-p00500_encrypt-URQgmO1brZ0/p00500/ENCRYPT_images/27241/mp2rage/n4mag0000_PSIR_skulled_std.nii,1,32,Regular,0.25 ] --convergence [ 1000x500x250x0,1e-6,10 ] --shrink-factors 12x8x4x2 --smoothing-sigmas 4x3x2x1vox
--------------------------------------------------------------------------------------
All_Command_lines_OK
Using double precision for computations.
=============================================================================
The composite transform comprises the following transforms (in order): 
  1. Center of mass alignment using fixed image: /home/ccn30/rds/rds-p00500_encrypt-URQgmO1brZ0/p00500/ENCRYPT_images/27241/T2/N4t2.nii and moving image: /home/ccn30/rds/rds-p00500_encrypt-URQgmO1brZ0/p00500/ENCRYPT_images/27241/mp2rage/n4mag0000_PSIR_skulled_std.nii (type = Euler3DTransform)
=============================================================================
  number of levels = 4
  number of levels = 4
  fixed image: /home/ccn30/rds/rds-p00500_encrypt-URQgmO1brZ0/p00500/ENCRYPT_images/27241/T2/N4t2.nii
  moving image: /home/ccn30/rds/rds-p00500_encrypt-URQgmO1brZ0/p00500/ENCRYPT_images/27241/mp2rage/n4mag0000_PSIR_skulled_std.nii
  fixed image: /home/ccn30/rds/rds-p00500_encrypt-URQgmO1brZ0/p00500/ENCRYPT_images/27241/T2/N4t2.nii
  moving image: /home/ccn30/rds/rds-p00500_encrypt-URQgmO1brZ0/p00500/ENCRYPT_images/27241/mp2rage/n4mag0000_PSIR_skulled_std.nii
Dimension = 3
Number of stages = 2
Use Histogram Matching false
Winsorize image intensities true
Lower quantile = 0.005
Upper quantile = 0.995
Stage 1 State
   Image metric = Mattes
     Fixed image = Image (0x31f5010)
  RTTI typeinfo:   itk::Image<double, 3u>
  Reference Count: 2
  Modified Time: 1709
  Debug: Off
  Object Name: 
  Observers: 
    none
  Source: (none)
  Source output name: (none)
  Release Data: Off
  Data Released: False
  Global Release Data: Off
  PipelineMTime: 0
  UpdateMTime: 1492
  RealTimeStamp: 0 seconds 
  LargestPossibleRegion: 
    Dimension: 3
    Index: [0, 0, 0]
    Size: [512, 512, 54]
  BufferedRegion: 
    Dimension: 3
    Index: [0, 0, 0]
    Size: [512, 512, 54]
  RequestedRegion: 
    Dimension: 3
    Index: [0, 0, 0]
    Size: [512, 512, 54]
  Spacing: [0.4375, 0.4375, 1.1]
  Origin: [-111.629, 23.2711, -86.4958]
  Direction: 
0.999557 -0.015419 0.0254557
-0.0297614 -0.517754 0.855011
3.646e-06 0.85539 0.517984

  IndexToPointMatrix: 
0.437306 -0.00674582 0.0280013
-0.0130206 -0.226518 0.940513
1.59513e-06 0.374233 0.569782

  PointToIndexMatrix: 
2.2847 -0.068026 8.33575e-06
-0.0352435 -1.18344 1.95518
0.0231415 0.777283 0.470894

  Inverse Direction: 
0.999557 -0.0297614 3.64689e-06
-0.015419 -0.517754 0.85539
0.0254557 0.855011 0.517984

  PixelContainer: 
    ImportImageContainer (0x31ef980)
      RTTI typeinfo:   itk::ImportImageContainer<unsigned long, double>
      Reference Count: 1
      Modified Time: 1489
      Debug: Off
      Object Name: 
      Observers: 
        none
      Pointer: 0x2b230e0e9010
      Container manages memory: true
      Size: 14155776
      Capacity: 14155776

     Moving image = Image (0x31f2b30)
  RTTI typeinfo:   itk::Image<double, 3u>
  Reference Count: 2
  Modified Time: 1710
  Debug: Off
  Object Name: 
  Observers: 
    none
  Source: (none)
  Source output name: (none)
  Release Data: Off
  Data Released: False
  Global Release Data: Off
  PipelineMTime: 0
  UpdateMTime: 1707
  RealTimeStamp: 0 seconds 
  LargestPossibleRegion: 
    Dimension: 3
    Index: [0, 0, 0]
    Size: [224, 320, 320]
  BufferedRegion: 
    Dimension: 3
    Index: [0, 0, 0]
    Size: [224, 320, 320]
  RequestedRegion: 
    Dimension: 3
    Index: [0, 0, 0]
    Size: [224, 320, 320]
  Spacing: [0.7, 0.7, 0.7]
  Origin: [-79.2904, 82.1668, -75.9683]
  Direction: 
1 0 0
0 -1 0
0 0 1

  IndexToPointMatrix: 
0.7 0 0
0 -0.7 0
0 0 0.7

  PointToIndexMatrix: 
1.42857 0 0
0 -1.42857 0
0 0 1.42857

  Inverse Direction: 
1 0 0
0 -1 0
0 0 1

  PixelContainer: 
    ImportImageContainer (0x31ef780)
      RTTI typeinfo:   itk::ImportImageContainer<unsigned long, double>
      Reference Count: 1
      Modified Time: 1704
      Debug: Off
      Object Name: 
      Observers: 
        none
      Pointer: 0x2b2314cea010
      Container manages memory: true
      Size: 22937600
      Capacity: 22937600

     Weighting = 1
     Sampling strategy = regular
     Number of bins = 32
     Radius = 4
     Sampling percentage  = 0.25
   Transform = Rigid
     Gradient step = 0.1
     Update field sigma (voxel space) = 0
     Total field sigma (voxel space) = 0
     Update field time sigma = 0
     Total field time sigma  = 0
     Number of time indices = 0
     Number of time point samples = 0
Stage 2 State
   Image metric = Mattes
     Fixed image = Image (0x3204500)
  RTTI typeinfo:   itk::Image<double, 3u>
  Reference Count: 2
  Modified Time: 2141
  Debug: Off
  Object Name: 
  Observers: 
    none
  Source: (none)
  Source output name: (none)
  Release Data: Off
  Data Released: False
  Global Release Data: Off
  PipelineMTime: 0
  UpdateMTime: 1924
  RealTimeStamp: 0 seconds 
  LargestPossibleRegion: 
    Dimension: 3
    Index: [0, 0, 0]
    Size: [512, 512, 54]
  BufferedRegion: 
    Dimension: 3
    Index: [0, 0, 0]
    Size: [512, 512, 54]
  RequestedRegion: 
    Dimension: 3
    Index: [0, 0, 0]
    Size: [512, 512, 54]
  Spacing: [0.4375, 0.4375, 1.1]
  Origin: [-111.629, 23.2711, -86.4958]
  Direction: 
0.999557 -0.015419 0.0254557
-0.0297614 -0.517754 0.855011
3.646e-06 0.85539 0.517984

  IndexToPointMatrix: 
0.437306 -0.00674582 0.0280013
-0.0130206 -0.226518 0.940513
1.59513e-06 0.374233 0.569782

  PointToIndexMatrix: 
2.2847 -0.068026 8.33575e-06
-0.0352435 -1.18344 1.95518
0.0231415 0.777283 0.470894

  Inverse Direction: 
0.999557 -0.0297614 3.64689e-06
-0.015419 -0.517754 0.85539
0.0254557 0.855011 0.517984

  PixelContainer: 
    ImportImageContainer (0x31f5860)
      RTTI typeinfo:   itk::ImportImageContainer<unsigned long, double>
      Reference Count: 1
      Modified Time: 1921
      Debug: Off
      Object Name: 
      Observers: 
        none
      Pointer: 0x2b231fbeb010
      Container manages memory: true
      Size: 14155776
      Capacity: 14155776

     Moving image = Image (0x3208f40)
  RTTI typeinfo:   itk::Image<double, 3u>
  Reference Count: 2
  Modified Time: 2142
  Debug: Off
  Object Name: 
  Observers: 
    none
  Source: (none)
  Source output name: (none)
  Release Data: Off
  Data Released: False
  Global Release Data: Off
  PipelineMTime: 0
  UpdateMTime: 2139
  RealTimeStamp: 0 seconds 
  LargestPossibleRegion: 
    Dimension: 3
    Index: [0, 0, 0]
    Size: [224, 320, 320]
  BufferedRegion: 
    Dimension: 3
    Index: [0, 0, 0]
    Size: [224, 320, 320]
  RequestedRegion: 
    Dimension: 3
    Index: [0, 0, 0]
    Size: [224, 320, 320]
  Spacing: [0.7, 0.7, 0.7]
  Origin: [-79.2904, 82.1668, -75.9683]
  Direction: 
1 0 0
0 -1 0
0 0 1

  IndexToPointMatrix: 
0.7 0 0
0 -0.7 0
0 0 0.7

  PointToIndexMatrix: 
1.42857 0 0
0 -1.42857 0
0 0 1.42857

  Inverse Direction: 
1 0 0
0 -1 0
0 0 1

  PixelContainer: 
    ImportImageContainer (0x3200750)
      RTTI typeinfo:   itk::ImportImageContainer<unsigned long, double>
      Reference Count: 1
      Modified Time: 2136
      Debug: Off
      Object Name: 
      Observers: 
        none
      Pointer: 0x2b23267ec010
      Container manages memory: true
      Size: 22937600
      Capacity: 22937600

     Weighting = 1
     Sampling strategy = regular
     Number of bins = 32
     Radius = 4
     Sampling percentage  = 0.25
   Transform = Affine
     Gradient step = 0.1
     Update field sigma (voxel space) = 0
     Total field sigma (voxel space) = 0
     Update field time sigma = 0
     Total field time sigma  = 0
     Number of time indices = 0
     Number of time point samples = 0
Registration using 2 total stages.

Stage 0
  iterations = 1000x500x250x0
  convergence threshold = 1e-06
  convergence window size = 10
  number of levels = 4
  using the Mattes MI metric (number of bins = 32, weight = 1)
  preprocessing:  winsorizing the image intensities
  Shrink factors (level 1 out of 4): [12, 12, 5]
  Shrink factors (level 2 out of 4): [8, 8, 3]
  Shrink factors (level 3 out of 4): [4, 4, 2]
  Shrink factors (level 4 out of 4): [2, 2, 1]
  smoothing sigmas per level: [4, 3, 2, 1]
  regular sampling (percentage = 0.25)

*** Running Euler3DTransform registration ***

DIAGNOSTIC,Iteration,metricValue,convergenceValue,ITERATION_TIME_INDEX,SINCE_LAST
 2DIAGNOSTIC,     1, -3.827805982174e-01, 1.797693134862e+308, 4.1901e+00, 4.1901e+00, 
 2DIAGNOSTIC,     2, -3.845352260358e-01, 1.797693134862e+308, 4.1989e+00, 8.7891e-03, 
 2DIAGNOSTIC,     3, -3.884275653534e-01, 1.797693134862e+308, 4.2074e+00, 8.5061e-03, 
 2DIAGNOSTIC,     4, -3.961400754206e-01, 1.797693134862e+308, 4.2162e+00, 8.8260e-03, 
 2DIAGNOSTIC,     5, -4.095001287775e-01, 1.797693134862e+308, 4.2246e+00, 8.4100e-03, 
 2DIAGNOSTIC,     6, -4.289716285320e-01, 1.797693134862e+308, 4.2336e+00, 9.0311e-03, 
 2DIAGNOSTIC,     7, -4.683353773100e-01, 1.797693134862e+308, 4.2504e+00, 1.6734e-02, 
 2DIAGNOSTIC,     8, -4.892846067958e-01, 1.797693134862e+308, 4.2616e+00, 1.1210e-02, 
 2DIAGNOSTIC,     9, -4.975259745865e-01, 1.797693134862e+308, 4.2711e+00, 9.5129e-03, 
 2DIAGNOSTIC,    10, -4.979932374365e-01, 2.105030819335e-02, 4.2801e+00, 8.9710e-03, 
 2DIAGNOSTIC,    11, -4.978115420708e-01, 1.901936575914e-02, 4.2912e+00, 1.1114e-02, 
 2DIAGNOSTIC,    12, -4.980120978391e-01, 1.575889557566e-02, 4.3005e+00, 9.3551e-03, 
 2DIAGNOSTIC,    13, -4.981847813823e-01, 1.182924565967e-02, 4.3097e+00, 9.1710e-03, 
 2DIAGNOSTIC,    14, -4.983083540888e-01, 7.815147348334e-03, 4.3200e+00, 1.0288e-02, 
 2DIAGNOSTIC,    15, -4.982618734350e-01, 4.240861968663e-03, 4.3334e+00, 1.3389e-02, 
 2DIAGNOSTIC,    16, -4.984410759340e-01, 1.499060399422e-03, 4.3422e+00, 8.8470e-03, 
 2DIAGNOSTIC,    17, -4.984682909948e-01, 3.806364170070e-04, 4.3543e+00, 1.2061e-02, 
 2DIAGNOSTIC,    18, -4.986507247961e-01, 7.419804341288e-05, 4.3642e+00, 9.9030e-03, 
 2DIAGNOSTIC,    19, -4.985976426956e-01, 5.876992181116e-05, 4.3731e+00, 8.9550e-03, 
 2DIAGNOSTIC,    20, -4.985972385830e-01, 5.437684814362e-05, 4.3816e+00, 8.4832e-03, 
 2DIAGNOSTIC,    21, -4.985970464613e-01, 4.021194626037e-05, 4.3904e+00, 8.7509e-03, 
 2DIAGNOSTIC,    22, -4.987590958798e-01, 3.361346719983e-05, 4.4056e+00, 1.5260e-02, 
 2DIAGNOSTIC,    23, -4.989067354185e-01, 3.281001462854e-05, 4.4164e+00, 1.0819e-02, 
 2DIAGNOSTIC,    24, -4.990838083296e-01, 3.673980183928e-05, 4.4312e+00, 1.4789e-02, 
 2DIAGNOSTIC,    25, -4.991406968053e-01, 3.722243715291e-05, 4.4400e+00, 8.7161e-03, 
 2DIAGNOSTIC,    26, -4.991610346094e-01, 3.896749233538e-05, 4.4495e+00, 9.5620e-03, 
 2DIAGNOSTIC,    27, -4.992021742454e-01, 3.841288604708e-05, 4.4589e+00, 9.3699e-03, 
 2DIAGNOSTIC,    28, -4.991029568255e-01, 3.612788886521e-05, 4.4684e+00, 9.4829e-03, 
 2DIAGNOSTIC,    29, -4.992381095761e-01, 3.245443312375e-05, 4.5024e+00, 3.4079e-02, 
 2DIAGNOSTIC,    30, -4.992381081387e-01, 2.603954043447e-05, 4.5114e+00, 9.0001e-03, 
 2DIAGNOSTIC,    31, -4.992381166473e-01, 1.768396256391e-05, 4.5202e+00, 8.7841e-03, 
 2DIAGNOSTIC,    32, -4.992381310329e-01, 1.132031439228e-05, 4.5288e+00, 8.5821e-03, 
 2DIAGNOSTIC,    33, -4.992381553744e-01, 6.983127117284e-06, 4.5369e+00, 8.1158e-03, 
 2DIAGNOSTIC,    34, -4.992381965534e-01, 5.384288845230e-06, 4.5448e+00, 7.9100e-03, 
 2DIAGNOSTIC,    35, -4.992382661320e-01, 4.387132213117e-06, 4.5598e+00, 1.4923e-02, 
 2DIAGNOSTIC,    36, -4.992383836332e-01, 3.453414381148e-06, 4.5705e+00, 1.0764e-02, 
 2DIAGNOSTIC,    37, -4.992385819140e-01, 3.061887930228e-06, 4.5792e+00, 8.6410e-03, 
DIAGNOSTIC,Iteration,metricValue,convergenceValue,ITERATION_TIME_INDEX,SINCE_LAST
 2DIAGNOSTIC,     1, -4.460159188156e-01, 1.797693134862e+308, 8.6316e+00, 4.0525e+00, 
 2DIAGNOSTIC,     2, -4.476676971938e-01, 1.797693134862e+308, 8.6741e+00, 4.2520e-02, 
 2DIAGNOSTIC,     3, -4.487613142393e-01, 1.797693134862e+308, 8.7274e+00, 5.3228e-02, 
 2DIAGNOSTIC,     4, -4.492649392893e-01, 1.797693134862e+308, 8.7791e+00, 5.1694e-02, 
 2DIAGNOSTIC,     5, -4.495701771327e-01, 1.797693134862e+308, 8.8242e+00, 4.5164e-02, 
 2DIAGNOSTIC,     6, -4.498979073522e-01, 1.797693134862e+308, 8.8830e+00, 5.8772e-02, 
 2DIAGNOSTIC,     7, -4.499342413915e-01, 1.797693134862e+308, 8.9481e+00, 6.5121e-02, 
 2DIAGNOSTIC,     8, -4.502386272194e-01, 1.797693134862e+308, 9.0117e+00, 6.3553e-02, 
 2DIAGNOSTIC,     9, -4.502879851206e-01, 1.797693134862e+308, 9.0563e+00, 4.4642e-02, 
 2DIAGNOSTIC,    10, -4.505664024167e-01, 5.247224264808e-04, 9.1161e+00, 5.9826e-02, 
 2DIAGNOSTIC,    11, -4.506398216533e-01, 3.240491743525e-04, 9.1679e+00, 5.1786e-02, 
 2DIAGNOSTIC,    12, -4.506838670606e-01, 2.163609357016e-04, 9.2124e+00, 4.4425e-02, 
 2DIAGNOSTIC,    13, -4.508098632057e-01, 1.649712164775e-04, 9.2671e+00, 5.4732e-02, 
 2DIAGNOSTIC,    14, -4.509351911689e-01, 1.341648043908e-04, 9.3223e+00, 5.5194e-02, 
 2DIAGNOSTIC,    15, -4.510277393172e-01, 1.117526591265e-04, 9.3780e+00, 5.5722e-02, 
 2DIAGNOSTIC,    16, -4.511949280700e-01, 1.017141546210e-04, 9.4464e+00, 6.8407e-02, 
 2DIAGNOSTIC,    17, -4.511571201591e-01, 8.337752404032e-05, 9.4986e+00, 5.2188e-02, 
 2DIAGNOSTIC,    18, -4.511825378200e-01, 7.130233296176e-05, 9.5457e+00, 4.7089e-02, 
 2DIAGNOSTIC,    19, -4.512457455052e-01, 5.754152962063e-05, 9.6105e+00, 6.4778e-02, 
 2DIAGNOSTIC,    20, -4.512532724179e-01, 4.886160202125e-05, 9.6641e+00, 5.3633e-02, 
 2DIAGNOSTIC,    21, -4.512527557413e-01, 3.880637481557e-05, 9.7169e+00, 5.2823e-02, 
 2DIAGNOSTIC,    22, -4.512754882939e-01, 2.811530840514e-05, 9.7610e+00, 4.4086e-02, 
 2DIAGNOSTIC,    23, -4.513465581599e-01, 2.124705833480e-05, 9.8214e+00, 6.0401e-02, 
 2DIAGNOSTIC,    24, -4.513665127276e-01, 1.680064675574e-05, 9.8826e+00, 6.1226e-02, 
 2DIAGNOSTIC,    25, -4.514355840965e-01, 1.522291706264e-05, 9.9865e+00, 1.0387e-01, 
 2DIAGNOSTIC,    26, -4.514288992030e-01, 1.639277853958e-05, 1.0045e+01, 5.8263e-02, 
 2DIAGNOSTIC,    27, -4.514198090152e-01, 1.497137490907e-05, 1.0100e+01, 5.5160e-02, 
 2DIAGNOSTIC,    28, -4.514232535272e-01, 1.296117796332e-05, 1.0148e+01, 4.8292e-02, 
 2DIAGNOSTIC,    29, -4.513984953860e-01, 1.078743414172e-05, 1.0201e+01, 5.3199e-02, 
 2DIAGNOSTIC,    30, -4.514050235351e-01, 8.155955230044e-06, 1.0252e+01, 5.0692e-02, 
 2DIAGNOSTIC,    31, -4.514116724484e-01, 5.147677366264e-06, 1.0306e+01, 5.4043e-02, 
 2DIAGNOSTIC,    32, -4.514014732750e-01, 2.164349178532e-06, 1.0365e+01, 5.8413e-02, 
DIAGNOSTIC,Iteration,metricValue,convergenceValue,ITERATION_TIME_INDEX,SINCE_LAST
 2DIAGNOSTIC,     1, -4.090979948115e-01, 1.797693134862e+308, 1.4651e+01, 4.2867e+00, 
 2DIAGNOSTIC,     2, -4.099888429602e-01, 1.797693134862e+308, 1.4965e+01, 3.1343e-01, 
 2DIAGNOSTIC,     3, -4.104941499659e-01, 1.797693134862e+308, 1.5278e+01, 3.1287e-01, 
 2DIAGNOSTIC,     4, -4.108565968689e-01, 1.797693134862e+308, 1.5591e+01, 3.1345e-01, 
 2DIAGNOSTIC,     5, -4.112412284011e-01, 1.797693134862e+308, 1.5906e+01, 3.1484e-01, 
 2DIAGNOSTIC,     6, -4.121565658497e-01, 1.797693134862e+308, 1.6366e+01, 4.6047e-01, 
 2DIAGNOSTIC,     7, -4.122461804121e-01, 1.797693134862e+308, 1.6725e+01, 3.5877e-01, 
 2DIAGNOSTIC,     8, -4.123232278381e-01, 1.797693134862e+308, 1.7090e+01, 3.6464e-01, 
 2DIAGNOSTIC,     9, -4.124512590876e-01, 1.797693134862e+308, 1.7399e+01, 3.0961e-01, 
 2DIAGNOSTIC,    10, -4.125856249647e-01, 5.367873811683e-04, 1.7761e+01, 3.6119e-01, 
 2DIAGNOSTIC,    11, -4.128736979589e-01, 4.017092007944e-04, 1.8119e+01, 3.5889e-01, 
 2DIAGNOSTIC,    12, -4.130097808176e-01, 3.117636772841e-04, 1.8532e+01, 4.1255e-01, 
 2DIAGNOSTIC,    13, -4.130407236636e-01, 2.367392647917e-04, 1.8891e+01, 3.5864e-01, 
 2DIAGNOSTIC,    14, -4.130491442669e-01, 1.696669083528e-04, 1.9252e+01, 3.6111e-01, 
 2DIAGNOSTIC,    15, -4.130460220815e-01, 1.126652531114e-04, 1.9709e+01, 4.5746e-01, 
 2DIAGNOSTIC,    16, -4.130445649785e-01, 9.187291077779e-05, 2.0023e+01, 3.1405e-01, 
 2DIAGNOSTIC,    17, -4.130432413924e-01, 6.876783332189e-05, 2.0383e+01, 3.6016e-01, 
 2DIAGNOSTIC,    18, -4.130422960428e-01, 4.503256195927e-05, 2.0699e+01, 3.1553e-01, 
 2DIAGNOSTIC,    19, -4.130399144140e-01, 2.441059954184e-05, 2.1113e+01, 4.1367e-01, 
 2DIAGNOSTIC,    20, -4.130409210311e-01, 8.201302380259e-06, 2.1427e+01, 3.1456e-01, 
 2DIAGNOSTIC,    21, -4.130348893789e-01, 2.070688025324e-06, 2.1743e+01, 3.1609e-01, 
DIAGNOSTIC,Iteration,metricValue,convergenceValue,ITERATION_TIME_INDEX,SINCE_LAST
 2DIAGNOSTIC,     1, -3.767571059063e-01, 1.797693134862e+308, 2.7955e+01, 6.2120e+00, 
  Elapsed time (stage 0): 2.9548e+01


Stage 1
  iterations = 1000x500x250x0
  convergence threshold = 1.0000e-06
  convergence window size = 10
  number of levels = 4
  using the Mattes MI metric (number of bins = 32, weight = 1.0000e+00)
  preprocessing:  winsorizing the image intensities
  Shrink factors (level 1 out of 4): [12, 12, 5]
  Shrink factors (level 2 out of 4): [8, 8, 3]
  Shrink factors (level 3 out of 4): [4, 4, 2]
  Shrink factors (level 4 out of 4): [2, 2, 1]
  smoothing sigmas per level: [4, 3, 2, 1]
  regular sampling (percentage = 2.5000e-01)

*** Running AffineTransform registration ***

DIAGNOSTIC,Iteration,metricValue,convergenceValue,ITERATION_TIME_INDEX,SINCE_LAST
 2DIAGNOSTIC,     1, -4.961495791691e-01, 1.797693134862e+308, 3.9530e+00, 3.9530e+00, 
 2DIAGNOSTIC,     2, -4.974698452743e-01, 1.797693134862e+308, 3.9629e+00, 9.8450e-03, 
 2DIAGNOSTIC,     3, -4.997390720446e-01, 1.797693134862e+308, 3.9728e+00, 9.9070e-03, 
 2DIAGNOSTIC,     4, -5.028518350306e-01, 1.797693134862e+308, 3.9827e+00, 9.9111e-03, 
 2DIAGNOSTIC,     5, -5.075075128919e-01, 1.797693134862e+308, 3.9926e+00, 9.8588e-03, 
 2DIAGNOSTIC,     6, -5.127311086155e-01, 1.797693134862e+308, 4.0024e+00, 9.8689e-03, 
 2DIAGNOSTIC,     7, -5.157253336801e-01, 1.797693134862e+308, 4.0135e+00, 1.1058e-02, 
 2DIAGNOSTIC,     8, -5.182560285830e-01, 1.797693134862e+308, 4.0233e+00, 9.7718e-03, 
 2DIAGNOSTIC,     9, -5.193326232597e-01, 1.797693134862e+308, 4.0343e+00, 1.1066e-02, 
 2DIAGNOSTIC,    10, -5.205115888537e-01, 3.539461938402e-03, 4.0470e+00, 1.2661e-02, 
 2DIAGNOSTIC,    11, -5.205512639521e-01, 2.956657086519e-03, 4.0582e+00, 1.1255e-02, 
 2DIAGNOSTIC,    12, -5.209577786292e-01, 2.288281725322e-03, 4.0694e+00, 1.1132e-02, 
 2DIAGNOSTIC,    13, -5.212498604182e-01, 1.627966240561e-03, 4.0792e+00, 9.8021e-03, 
 2DIAGNOSTIC,    14, -5.213222487632e-01, 1.040083713262e-03, 4.0890e+00, 9.8319e-03, 
 2DIAGNOSTIC,    15, -5.215241385415e-01, 6.133297716773e-04, 4.1003e+00, 1.1269e-02, 
 2DIAGNOSTIC,    16, -5.220591883049e-01, 3.823597847612e-04, 4.1153e+00, 1.5052e-02, 
 2DIAGNOSTIC,    17, -5.221103199552e-01, 2.410737279322e-04, 4.1269e+00, 1.1580e-02, 
 2DIAGNOSTIC,    18, -5.221378619201e-01, 1.716955107217e-04, 4.1384e+00, 1.1453e-02, 
 2DIAGNOSTIC,    19, -5.220964312935e-01, 1.234424947164e-04, 4.1497e+00, 1.1320e-02, 
 2DIAGNOSTIC,    20, -5.221748601306e-01, 1.035891951545e-04, 4.1613e+00, 1.1587e-02, 
 2DIAGNOSTIC,    21, -5.220874334262e-01, 7.439949743680e-05, 4.1715e+00, 1.0199e-02, 
 2DIAGNOSTIC,    22, -5.220624076619e-01, 5.053712533747e-05, 4.1816e+00, 1.0142e-02, 
 2DIAGNOSTIC,    23, -5.220973440659e-01, 3.224031913695e-05, 4.1918e+00, 1.0213e-02, 
 2DIAGNOSTIC,    24, -5.221415881368e-01, 1.524815189869e-05, 4.2017e+00, 9.8741e-03, 
 2DIAGNOSTIC,    25, -5.222081642392e-01, 3.871042562401e-06, 4.2114e+00, 9.7022e-03, 
 2DIAGNOSTIC,    26, -5.222966177382e-01, 6.292336473777e-06, 4.2210e+00, 9.6402e-03, 
 2DIAGNOSTIC,    27, -5.224273365636e-01, 1.174991544184e-05, 4.2329e+00, 1.1899e-02, 
 2DIAGNOSTIC,    28, -5.226875487092e-01, 2.143362163583e-05, 4.2472e+00, 1.4265e-02, 
 2DIAGNOSTIC,    29, -5.226164099624e-01, 2.622042583738e-05, 4.2570e+00, 9.8011e-03, 
 2DIAGNOSTIC,    30, -5.225782215436e-01, 2.920252672132e-05, 4.2670e+00, 1.0032e-02, 
 2DIAGNOSTIC,    31, -5.226271152426e-01, 2.871856892631e-05, 4.2768e+00, 9.7251e-03, 
 2DIAGNOSTIC,    32, -5.228023045215e-01, 2.811565691591e-05, 4.2886e+00, 1.1820e-02, 
 2DIAGNOSTIC,    33, -5.227698824150e-01, 2.487629442098e-05, 4.2994e+00, 1.0795e-02, 
 2DIAGNOSTIC,    34, -5.227037365838e-01, 1.929573534860e-05, 4.3091e+00, 9.7330e-03, 
 2DIAGNOSTIC,    35, -5.230368562762e-01, 1.868498652122e-05, 4.3200e+00, 1.0929e-02, 
 2DIAGNOSTIC,    36, -5.236450017985e-01, 2.681140113287e-05, 4.3355e+00, 1.5506e-02, 
 2DIAGNOSTIC,    37, -5.237261204830e-01, 3.477398277720e-05, 4.3485e+00, 1.2967e-02, 
 2DIAGNOSTIC,    38, -5.236937244800e-01, 4.255604891257e-05, 4.3600e+00, 1.1472e-02, 
 2DIAGNOSTIC,    39, -5.237055427964e-01, 4.535733650456e-05, 4.3706e+00, 1.0644e-02, 
 2DIAGNOSTIC,    40, -5.236636457960e-01, 4.258063207517e-05, 4.3819e+00, 1.1297e-02, 
 2DIAGNOSTIC,    41, -5.236759643696e-01, 3.653821350945e-05, 4.3921e+00, 1.0132e-02, 
 2DIAGNOSTIC,    42, -5.236336440588e-01, 2.912191153166e-05, 4.4020e+00, 9.9790e-03, 
 2DIAGNOSTIC,    43, -5.236532828555e-01, 1.939445486918e-05, 4.4120e+00, 9.9189e-03, 
 2DIAGNOSTIC,    44, -5.236832314088e-01, 7.859283492558e-06, 4.4217e+00, 9.7561e-03, 
DIAGNOSTIC,Iteration,metricValue,convergenceValue,ITERATION_TIME_INDEX,SINCE_LAST
 2DIAGNOSTIC,     1, -4.566199565686e-01, 1.797693134862e+308, 8.3718e+00, 3.9501e+00, 
 2DIAGNOSTIC,     2, -4.573703154622e-01, 1.797693134862e+308, 8.4109e+00, 3.9031e-02, 
 2DIAGNOSTIC,     3, -4.582077904743e-01, 1.797693134862e+308, 8.4499e+00, 3.9078e-02, 
 2DIAGNOSTIC,     4, -4.590930485000e-01, 1.797693134862e+308, 8.4888e+00, 3.8816e-02, 
 2DIAGNOSTIC,     5, -4.599039388536e-01, 1.797693134862e+308, 8.5275e+00, 3.8734e-02, 
 2DIAGNOSTIC,     6, -4.605588276667e-01, 1.797693134862e+308, 8.5659e+00, 3.8402e-02, 
 2DIAGNOSTIC,     7, -4.614650902965e-01, 1.797693134862e+308, 8.6178e+00, 5.1920e-02, 
 2DIAGNOSTIC,     8, -4.615330625850e-01, 1.797693134862e+308, 8.6611e+00, 4.3238e-02, 
 2DIAGNOSTIC,     9, -4.616527130338e-01, 1.797693134862e+308, 8.7039e+00, 4.2891e-02, 
 2DIAGNOSTIC,    10, -4.618423159270e-01, 7.766370324918e-04, 8.7430e+00, 3.9085e-02, 
 2DIAGNOSTIC,    11, -4.620581068366e-01, 5.965781452394e-04, 8.7952e+00, 5.2182e-02, 
 2DIAGNOSTIC,    12, -4.620844327574e-01, 4.323767708951e-04, 8.8386e+00, 4.3386e-02, 
 2DIAGNOSTIC,    13, -4.621662009644e-01, 2.981598281611e-04, 8.8821e+00, 4.3509e-02, 
 2DIAGNOSTIC,    14, -4.621892379591e-01, 1.962873383918e-04, 8.9338e+00, 5.1688e-02, 
 2DIAGNOSTIC,    15, -4.621858185139e-01, 1.231242930178e-04, 8.9829e+00, 4.9089e-02, 
 2DIAGNOSTIC,    16, -4.621899147185e-01, 7.245057645959e-05, 9.0227e+00, 3.9843e-02, 
 2DIAGNOSTIC,    17, -4.622045462029e-01, 5.472863415556e-05, 9.0629e+00, 4.0176e-02, 
 2DIAGNOSTIC,    18, -4.622436106103e-01, 3.777996694799e-05, 9.1034e+00, 4.0450e-02, 
 2DIAGNOSTIC,    19, -4.622902798544e-01, 2.455285263788e-05, 9.1425e+00, 3.9177e-02, 
 2DIAGNOSTIC,    20, -4.624711159984e-01, 2.178445686977e-05, 9.1947e+00, 5.2209e-02, 
 2DIAGNOSTIC,    21, -4.624754486270e-01, 2.375901297280e-05, 9.2375e+00, 4.2727e-02, 
 2DIAGNOSTIC,    22, -4.624477726102e-01, 2.344749128076e-05, 9.2803e+00, 4.2805e-02, 
 2DIAGNOSTIC,    23, -4.624524437032e-01, 2.348189793171e-05, 9.3185e+00, 3.8189e-02, 
 2DIAGNOSTIC,    24, -4.624631183158e-01, 2.226620644130e-05, 9.3569e+00, 3.8456e-02, 
 2DIAGNOSTIC,    25, -4.624784962697e-01, 1.939683382405e-05, 9.3953e+00, 3.8353e-02, 
 2DIAGNOSTIC,    26, -4.625083946001e-01, 1.584823140936e-05, 9.4381e+00, 4.2812e-02, 
 2DIAGNOSTIC,    27, -4.625065955441e-01, 1.153188810828e-05, 9.4812e+00, 4.3074e-02, 
 2DIAGNOSTIC,    28, -4.625489554694e-01, 8.373710671333e-06, 9.5546e+00, 7.3477e-02, 
 2DIAGNOSTIC,    29, -4.625545432246e-01, 5.720506410581e-06, 9.5982e+00, 4.3570e-02, 
 2DIAGNOSTIC,    30, -4.625397646206e-01, 6.206738032456e-06, 9.6372e+00, 3.9019e-02, 
 2DIAGNOSTIC,    31, -4.625504757179e-01, 6.506208033899e-06, 9.6764e+00, 3.9142e-02, 
 2DIAGNOSTIC,    32, -4.625311566477e-01, 5.356140619216e-06, 9.7155e+00, 3.9122e-02, 
 2DIAGNOSTIC,    33, -4.625331504635e-01, 3.988210780688e-06, 9.7543e+00, 3.8773e-02, 
 2DIAGNOSTIC,    34, -4.625351134882e-01, 2.635169142538e-06, 9.7933e+00, 3.9077e-02, 
 2DIAGNOSTIC,    35, -4.625439808582e-01, 1.618623122597e-06, 9.8325e+00, 3.9187e-02, 
 2DIAGNOSTIC,    36, -4.625474489680e-01, 1.168795817231e-06, 9.8804e+00, 4.7918e-02, 
DIAGNOSTIC,Iteration,metricValue,convergenceValue,ITERATION_TIME_INDEX,SINCE_LAST
 2DIAGNOSTIC,     1, -4.069496169902e-01, 1.797693134862e+308, 1.4297e+01, 4.4167e+00, 
 2DIAGNOSTIC,     2, -4.082502549808e-01, 1.797693134862e+308, 1.4608e+01, 3.1122e-01, 
 2DIAGNOSTIC,     3, -4.095928947179e-01, 1.797693134862e+308, 1.4924e+01, 3.1518e-01, 
 2DIAGNOSTIC,     4, -4.105472867127e-01, 1.797693134862e+308, 1.5238e+01, 3.1408e-01, 
 2DIAGNOSTIC,     5, -4.112522054208e-01, 1.797693134862e+308, 1.5556e+01, 3.1796e-01, 
 2DIAGNOSTIC,     6, -4.118338943648e-01, 1.797693134862e+308, 1.5873e+01, 3.1755e-01, 
 2DIAGNOSTIC,     7, -4.122121959376e-01, 1.797693134862e+308, 1.6233e+01, 3.5970e-01, 
 2DIAGNOSTIC,     8, -4.124211040629e-01, 1.797693134862e+308, 1.6700e+01, 4.6672e-01, 
 2DIAGNOSTIC,     9, -4.125924819045e-01, 1.797693134862e+308, 1.7039e+01, 3.3932e-01, 
 2DIAGNOSTIC,    10, -4.127199172510e-01, 8.625684319884e-04, 1.7380e+01, 3.4068e-01, 
 2DIAGNOSTIC,    11, -4.130527988501e-01, 6.049844760570e-04, 1.7872e+01, 4.9297e-01, 
 2DIAGNOSTIC,    12, -4.131294897931e-01, 4.141536758125e-04, 1.8216e+01, 3.4366e-01, 
 2DIAGNOSTIC,    13, -4.132130085481e-01, 2.908685994621e-04, 1.8563e+01, 3.4657e-01, 
 2DIAGNOSTIC,    14, -4.136129020263e-01, 2.255203315528e-04, 1.8960e+01, 3.9717e-01, 
 2DIAGNOSTIC,    15, -4.142363144392e-01, 2.086585341442e-04, 1.9554e+01, 5.9382e-01, 
 2DIAGNOSTIC,    16, -4.143220073925e-01, 2.027488913010e-04, 1.9907e+01, 3.5285e-01, 
 2DIAGNOSTIC,    17, -4.144928289647e-01, 2.016186605645e-04, 2.0251e+01, 3.4426e-01, 
 2DIAGNOSTIC,    18, -4.145321526498e-01, 1.918748010030e-04, 2.0602e+01, 3.5158e-01, 
 2DIAGNOSTIC,    19, -4.145664812346e-01, 1.728158416649e-04, 2.0945e+01, 3.4260e-01, 
 2DIAGNOSTIC,    20, -4.146045476631e-01, 1.448798881492e-04, 2.1292e+01, 3.4749e-01, 
 2DIAGNOSTIC,    21, -4.146538004358e-01, 1.188384709030e-04, 2.1639e+01, 3.4652e-01, 
 2DIAGNOSTIC,    22, -4.146983843464e-01, 8.829883249181e-05, 2.2140e+01, 5.0122e-01, 
 2DIAGNOSTIC,    23, -4.147227094543e-01, 5.541149582226e-05, 2.2539e+01, 3.9871e-01, 
 2DIAGNOSTIC,    24, -4.147374587441e-01, 3.170003476975e-05, 2.2938e+01, 3.9930e-01, 
 2DIAGNOSTIC,    25, -4.147334999665e-01, 2.409661657229e-05, 2.3336e+01, 3.9785e-01, 
 2DIAGNOSTIC,    26, -4.147378091906e-01, 1.720298841161e-05, 2.3734e+01, 3.9777e-01, 
 2DIAGNOSTIC,    27, -4.147427441432e-01, 1.377042598807e-05, 2.4080e+01, 3.4598e-01, 
 2DIAGNOSTIC,    28, -4.147608757575e-01, 1.079626143514e-05, 2.4485e+01, 4.0493e-01, 
 2DIAGNOSTIC,    29, -4.147700049503e-01, 8.135664310821e-06, 2.4885e+01, 3.9989e-01, 
 2DIAGNOSTIC,    30, -4.147735791059e-01, 5.932612201484e-06, 2.5230e+01, 3.4582e-01, 
 2DIAGNOSTIC,    31, -4.147906688168e-01, 4.871828688066e-06, 2.5682e+01, 4.5111e-01, 
 2DIAGNOSTIC,    32, -4.147948262286e-01, 4.538497336282e-06, 2.6177e+01, 4.9556e-01, 
 2DIAGNOSTIC,    33, -4.148002094856e-01, 4.495852099939e-06, 2.6584e+01, 4.0667e-01, 
 2DIAGNOSTIC,    34, -4.148006352662e-01, 4.431378387772e-06, 2.6930e+01, 3.4612e-01, 
 2DIAGNOSTIC,    35, -4.148036765903e-01, 4.024536742916e-06, 2.7281e+01, 3.5084e-01, 
 2DIAGNOSTIC,    36, -4.148128259458e-01, 3.599740701844e-06, 2.7680e+01, 3.9887e-01, 
 2DIAGNOSTIC,    37, -4.148193879083e-01, 3.139894442582e-06, 2.8079e+01, 3.9916e-01, 
 2DIAGNOSTIC,    38, -4.148169973136e-01, 2.770771719646e-06, 2.8423e+01, 3.4449e-01, 
 2DIAGNOSTIC,    39, -4.148300041538e-01, 2.634222785021e-06, 2.8774e+01, 3.5053e-01, 
 2DIAGNOSTIC,    40, -4.148970659471e-01, 3.532163923670e-06, 2.9320e+01, 5.4586e-01, 
 2DIAGNOSTIC,    41, -4.149034899326e-01, 4.485147636863e-06, 2.9717e+01, 3.9748e-01, 
 2DIAGNOSTIC,    42, -4.149039574573e-01, 5.124155392076e-06, 3.0114e+01, 3.9733e-01, 
 2DIAGNOSTIC,    43, -4.149029042674e-01, 5.406308267002e-06, 3.0562e+01, 4.4776e-01, 
 2DIAGNOSTIC,    44, -4.149030084508e-01, 5.235021196100e-06, 3.0905e+01, 3.4301e-01, 
 2DIAGNOSTIC,    45, -4.149004657466e-01, 4.625772217763e-06, 3.1254e+01, 3.4868e-01, 
 2DIAGNOSTIC,    46, -4.148993051802e-01, 3.782964010338e-06, 3.1599e+01, 3.4487e-01, 
 2DIAGNOSTIC,    47, -4.149000990804e-01, 2.806788198154e-06, 3.1946e+01, 3.4747e-01, 
 2DIAGNOSTIC,    48, -4.149013160367e-01, 1.657619181777e-06, 3.2292e+01, 3.4586e-01, 
DIAGNOSTIC,Iteration,metricValue,convergenceValue,ITERATION_TIME_INDEX,SINCE_LAST
 2DIAGNOSTIC,     1, -3.751711776376e-01, 1.797693134862e+308, 3.9155e+01, 6.8625e+00, 
  Elapsed time (stage 1): 4.0723e+01


Total elapsed time: 7.0277e+01
Using double precision for computations.
Input scalar image: /home/ccn30/rds/rds-p00500_encrypt-URQgmO1brZ0/p00500/ENCRYPT_images/27241/T2/N4t2.nii
Reference image: /home/ccn30/rds/rds-p00500_encrypt-URQgmO1brZ0/p00500/ENCRYPT_images/27241/mp2rage/n4mag0000_PSIR_skulled_std.nii
Can't read initial transform T1xT2_ANTs_0GenericAffine.mat
