This is job 5
Time: Thu  2 Dec 16:02:40 GMT 2021
Running on master node: cpu-p-48
Current directory: /home/ccn30/rds/hpc-work/WBIC_lustre/ENCRYPT/scripts/Registration/slurmoutputs
Changed directory to /home/ccn30/rds/hpc-work/WBIC_lustre/ENCRYPT/scripts/Registration/slurmoutputs.

JobID: 50592201
======
Time: Thu  2 Dec 16:02:40 GMT 2021
Running on master node: cpu-p-48
Current directory: /home/ccn30/rds/hpc-work/WBIC_lustre/ENCRYPT/scripts/Registration/slurmoutputs

Nodes allocated:
================
cpu-p-48

numtasks=, numnodes=, mpi_tasks_per_node= (OMP_NUM_THREADS=1)

Executing command:
==================
/home/ccn30/rds/hpc-work/WBIC_lustre/ENCRYPT/scripts/Registration/coreg_main.sh /home/ccn30/rds/hpc-work/WBIC_lustre/ENCRYPT/ENCRYPT_MasterRIScodes.txt 5 /home/ccn30/rds/rds-p00500_encrypt-URQgmO1brZ0/p00500 /home/ccn30/rds/hpc-work/WBIC_lustre/ENCRYPT/scripts/Registration

******** starting 25846 ********
You are inside ANTs call
/usr/local/software/spack/spack-git/opt/spack/linux-rhel7-broadwell/gcc-5/ants-2.3.4-lj6vm7ccmij4yywr4ynrttcko4aoflqt/bin/antsRegistration
 	Fixed image /home/ccn30/rds/rds-p00500_encrypt-URQgmO1brZ0/p00500/ENCRYPT_images/25846/fMRI/N4meanEPI.nii
 	Moving image /home/ccn30/rds/rds-p00500_encrypt-URQgmO1brZ0/p00500/ENCRYPT_images/25846/mp2rage/n4mag0000_PSIR_skulled_std_struc_brain.nii
 	Mask image /home/ccn30/rds/rds-p00500_encrypt-URQgmO1brZ0/p00500/ENCRYPT_images/25846/fMRI/fixedEPIMask.nii
 	regDir /home/ccn30/rds/rds-p00500_encrypt-URQgmO1brZ0/p00500/ENCRYPT_registrations/25846

Running N4 for 3-dimensional images.

Mask not read.  Using the entire image as the mask.

Original intensity range:  [-58.7249, 24357.5]

***********************************************************
Warning:  Your input image contains nonpositive values
which could cause failure or problematic results.  A
possible workaround would be to:
   1. rescale your image to positive values e.g., [10,100].
   2. run N4 on your rescaled image.
   3. (optional) rescale the N4 output to the original
      intensity range.
***********************************************************

Specified spline distance: 100mm
  original image size:  [128, 128, 42]
  padded image size:  [134, 134, 101]
  number of control points:  [5, 5, 4]

Current level = 1
  Iteration 1 (of 200).   Current convergence value = 0.000727718 (threshold = 0)
  Iteration 2 (of 200).   Current convergence value = 0.000641643 (threshold = 0)
  Iteration 3 (of 200).   Current convergence value = 0.000569529 (threshold = 0)
  Iteration 4 (of 200).   Current convergence value = 0.000509905 (threshold = 0)
  Iteration 5 (of 200).   Current convergence value = 0.000461168 (threshold = 0)
  Iteration 6 (of 200).   Current convergence value = 0.000422131 (threshold = 0)
  Iteration 7 (of 200).   Current convergence value = 0.000391564 (threshold = 0)
  Iteration 8 (of 200).   Current convergence value = 0.000368229 (threshold = 0)
  Iteration 9 (of 200).   Current convergence value = 0.000351126 (threshold = 0)
  Iteration 10 (of 200).   Current convergence value = 0.00033907 (threshold = 0)
  Iteration 11 (of 200).   Current convergence value = 0.000331012 (threshold = 0)
  Iteration 12 (of 200).   Current convergence value = 0.000325969 (threshold = 0)
  Iteration 13 (of 200).   Current convergence value = 0.000323171 (threshold = 0)
  Iteration 14 (of 200).   Current convergence value = 0.000322126 (threshold = 0)
  Iteration 15 (of 200).   Current convergence value = 0.000322473 (threshold = 0)
  Iteration 16 (of 200).   Current convergence value = 0.000323671 (threshold = 0)
  Iteration 17 (of 200).   Current convergence value = 0.000325501 (threshold = 0)
  Iteration 18 (of 200).   Current convergence value = 0.000327546 (threshold = 0)
  Iteration 19 (of 200).   Current convergence value = 0.000329708 (threshold = 0)
  Iteration 20 (of 200).   Current convergence value = 0.000329056 (threshold = 0)
  Iteration 21 (of 200).   Current convergence value = 0.00032841 (threshold = 0)
  Iteration 22 (of 200).   Current convergence value = 0.000327705 (threshold = 0)
  Iteration 23 (of 200).   Current convergence value = 0.000327066 (threshold = 0)
  Iteration 24 (of 200).   Current convergence value = 0.00032656 (threshold = 0)
  Iteration 25 (of 200).   Current convergence value = 0.000326005 (threshold = 0)
  Iteration 26 (of 200).   Current convergence value = 0.000325647 (threshold = 0)
  Iteration 27 (of 200).   Current convergence value = 0.000325318 (threshold = 0)
  Iteration 28 (of 200).   Current convergence value = 0.000325078 (threshold = 0)
  Iteration 29 (of 200).   Current convergence value = 0.000324899 (threshold = 0)
  Iteration 30 (of 200).   Current convergence value = 0.000324646 (threshold = 0)
  Iteration 31 (of 200).   Current convergence value = 0.000324226 (threshold = 0)
  Iteration 32 (of 200).   Current convergence value = 0.000323784 (threshold = 0)
  Iteration 33 (of 200).   Current convergence value = 0.000323464 (threshold = 0)
  Iteration 34 (of 200).   Current convergence value = 0.000323112 (threshold = 0)
  Iteration 35 (of 200).   Current convergence value = 0.000322786 (threshold = 0)
  Iteration 36 (of 200).   Current convergence value = 0.000322545 (threshold = 0)
  Iteration 37 (of 200).   Current convergence value = 0.00032233 (threshold = 0)
  Iteration 38 (of 200).   Current convergence value = 0.000322212 (threshold = 0)
  Iteration 39 (of 200).   Current convergence value = 0.000322175 (threshold = 0)
  Iteration 40 (of 200).   Current convergence value = 0.000322188 (threshold = 0)
  Iteration 41 (of 200).   Current convergence value = 0.000322304 (threshold = 0)
  Iteration 42 (of 200).   Current convergence value = 0.0003226 (threshold = 0)
  Iteration 43 (of 200).   Current convergence value = 0.000323076 (threshold = 0)
  Iteration 44 (of 200).   Current convergence value = 0.000323792 (threshold = 0)
  Iteration 45 (of 200).   Current convergence value = 0.000324667 (threshold = 0)
  Iteration 46 (of 200).   Current convergence value = 0.000325657 (threshold = 0)
  Iteration 47 (of 200).   Current convergence value = 0.000326688 (threshold = 0)
  Iteration 48 (of 200).   Current convergence value = 0.000327891 (threshold = 0)
  Iteration 49 (of 200).   Current convergence value = 0.000329202 (threshold = 0)
  Iteration 50 (of 200).   Current convergence value = 0.000330598 (threshold = 0)
  Iteration 51 (of 200).   Current convergence value = 0.000332175 (threshold = 0)
  Iteration 52 (of 200).   Current convergence value = 0.000334066 (threshold = 0)
  Iteration 53 (of 200).   Current convergence value = 0.000336109 (threshold = 0)
  Iteration 54 (of 200).   Current convergence value = 0.000338523 (threshold = 0)
  Iteration 55 (of 200).   Current convergence value = 0.000341212 (threshold = 0)
  Iteration 56 (of 200).   Current convergence value = 0.00034411 (threshold = 0)
  Iteration 57 (of 200).   Current convergence value = 0.000347095 (threshold = 0)
  Iteration 58 (of 200).   Current convergence value = 0.000350302 (threshold = 0)
  Iteration 59 (of 200).   Current convergence value = 0.000353513 (threshold = 0)
  Iteration 60 (of 200).   Current convergence value = 0.000356903 (threshold = 0)
  Iteration 61 (of 200).   Current convergence value = 0.0003605 (threshold = 0)
  Iteration 62 (of 200).   Current convergence value = 0.000364117 (threshold = 0)
  Iteration 63 (of 200).   Current convergence value = 0.000367808 (threshold = 0)
  Iteration 64 (of 200).   Current convergence value = 0.000369807 (threshold = 0)
  Iteration 65 (of 200).   Current convergence value = 0.000371569 (threshold = 0)
  Iteration 66 (of 200).   Current convergence value = 0.000373357 (threshold = 0)
  Iteration 67 (of 200).   Current convergence value = 0.000374955 (threshold = 0)
  Iteration 68 (of 200).   Current convergence value = 0.00037641 (threshold = 0)
  Iteration 69 (of 200).   Current convergence value = 0.000377812 (threshold = 0)
  Iteration 70 (of 200).   Current convergence value = 0.000379184 (threshold = 0)
  Iteration 71 (of 200).   Current convergence value = 0.000380597 (threshold = 0)
  Iteration 72 (of 200).   Current convergence value = 0.000382039 (threshold = 0)
  Iteration 73 (of 200).   Current convergence value = 0.000383393 (threshold = 0)
  Iteration 74 (of 200).   Current convergence value = 0.000384709 (threshold = 0)
  Iteration 75 (of 200).   Current convergence value = 0.000385892 (threshold = 0)
  Iteration 76 (of 200).   Current convergence value = 0.000387107 (threshold = 0)
  Iteration 77 (of 200).   Current convergence value = 0.00038817 (threshold = 0)
  Iteration 78 (of 200).   Current convergence value = 0.000377832 (threshold = 0)
  Iteration 79 (of 200).   Current convergence value = 0.000368521 (threshold = 0)
  Iteration 80 (of 200).   Current convergence value = 0.000362528 (threshold = 0)
  Iteration 81 (of 200).   Current convergence value = 0.000357098 (threshold = 0)
  Iteration 82 (of 200).   Current convergence value = 0.000352006 (threshold = 0)
  Iteration 83 (of 200).   Current convergence value = 0.000347462 (threshold = 0)
  Iteration 84 (of 200).   Current convergence value = 0.000343311 (threshold = 0)
  Iteration 85 (of 200).   Current convergence value = 0.000339575 (threshold = 0)
  Iteration 86 (of 200).   Current convergence value = 0.000336102 (threshold = 0)
  Iteration 87 (of 200).   Current convergence value = 0.000333019 (threshold = 0)
  Iteration 88 (of 200).   Current convergence value = 0.000330279 (threshold = 0)
  Iteration 89 (of 200).   Current convergence value = 0.000327779 (threshold = 0)
  Iteration 90 (of 200).   Current convergence value = 0.000325583 (threshold = 0)
  Iteration 91 (of 200).   Current convergence value = 0.000323636 (threshold = 0)
  Iteration 92 (of 200).   Current convergence value = 0.000321904 (threshold = 0)
  Iteration 93 (of 200).   Current convergence value = 0.000320421 (threshold = 0)
  Iteration 94 (of 200).   Current convergence value = 0.000319246 (threshold = 0)
  Iteration 95 (of 200).   Current convergence value = 0.000318388 (threshold = 0)
  Iteration 96 (of 200).   Current convergence value = 0.000317628 (threshold = 0)
  Iteration 97 (of 200).   Current convergence value = 0.000317179 (threshold = 0)
  Iteration 98 (of 200).   Current convergence value = 0.000316962 (threshold = 0)
  Iteration 99 (of 200).   Current convergence value = 0.000316907 (threshold = 0)
  Iteration 100 (of 200).   Current convergence value = 0.000316996 (threshold = 0)
  Iteration 101 (of 200).   Current convergence value = 0.000317249 (threshold = 0)
  Iteration 102 (of 200).   Current convergence value = 0.000317652 (threshold = 0)
  Iteration 103 (of 200).   Current convergence value = 0.000318243 (threshold = 0)
  Iteration 104 (of 200).   Current convergence value = 0.000318935 (threshold = 0)
  Iteration 105 (of 200).   Current convergence value = 0.000319728 (threshold = 0)
  Iteration 106 (of 200).   Current convergence value = 0.000320721 (threshold = 0)
  Iteration 107 (of 200).   Current convergence value = 0.000321689 (threshold = 0)
  Iteration 108 (of 200).   Current convergence value = 0.000322743 (threshold = 0)
  Iteration 109 (of 200).   Current convergence value = 0.000323819 (threshold = 0)
  Iteration 110 (of 200).   Current convergence value = 0.000324974 (threshold = 0)
  Iteration 111 (of 200).   Current convergence value = 0.000326145 (threshold = 0)
  Iteration 112 (of 200).   Current convergence value = 0.000327131 (threshold = 0)
  Iteration 113 (of 200).   Current convergence value = 0.000328052 (threshold = 0)
  Iteration 114 (of 200).   Current convergence value = 0.000328845 (threshold = 0)
  Iteration 115 (of 200).   Current convergence value = 0.000329627 (threshold = 0)
  Iteration 116 (of 200).   Current convergence value = 0.000330349 (threshold = 0)
  Iteration 117 (of 200).   Current convergence value = 0.000331088 (threshold = 0)
  Iteration 118 (of 200).   Current convergence value = 0.000331841 (threshold = 0)
  Iteration 119 (of 200).   Current convergence value = 0.000332563 (threshold = 0)
  Iteration 120 (of 200).   Current convergence value = 0.000333282 (threshold = 0)
  Iteration 121 (of 200).   Current convergence value = 0.000334031 (threshold = 0)
  Iteration 122 (of 200).   Current convergence value = 0.000334791 (threshold = 0)
  Iteration 123 (of 200).   Current convergence value = 0.000335595 (threshold = 0)
  Iteration 124 (of 200).   Current convergence value = 0.000336494 (threshold = 0)
  Iteration 125 (of 200).   Current convergence value = 0.000336227 (threshold = 0)
  Iteration 126 (of 200).   Current convergence value = 0.000333768 (threshold = 0)
  Iteration 127 (of 200).   Current convergence value = 0.000331437 (threshold = 0)
  Iteration 128 (of 200).   Current convergence value = 0.000329371 (threshold = 0)
  Iteration 129 (of 200).   Current convergence value = 0.00032745 (threshold = 0)
  Iteration 130 (of 200).   Current convergence value = 0.0003258 (threshold = 0)
  Iteration 131 (of 200).   Current convergence value = 0.000324266 (threshold = 0)
  Iteration 132 (of 200).   Current convergence value = 0.000322933 (threshold = 0)
  Iteration 133 (of 200).   Current convergence value = 0.000321817 (threshold = 0)
  Iteration 134 (of 200).   Current convergence value = 0.000320738 (threshold = 0)
  Iteration 135 (of 200).   Current convergence value = 0.000319746 (threshold = 0)
  Iteration 136 (of 200).   Current convergence value = 0.000318823 (threshold = 0)
  Iteration 137 (of 200).   Current convergence value = 0.000317976 (threshold = 0)
  Iteration 138 (of 200).   Current convergence value = 0.000317256 (threshold = 0)
  Iteration 139 (of 200).   Current convergence value = 0.000316805 (threshold = 0)
  Iteration 140 (of 200).   Current convergence value = 0.000316434 (threshold = 0)
  Iteration 141 (of 200).   Current convergence value = 0.000316107 (threshold = 0)
  Iteration 142 (of 200).   Current convergence value = 0.000315971 (threshold = 0)
  Iteration 143 (of 200).   Current convergence value = 0.000315937 (threshold = 0)
  Iteration 144 (of 200).   Current convergence value = 0.000316192 (threshold = 0)
  Iteration 145 (of 200).   Current convergence value = 0.000316661 (threshold = 0)
  Iteration 146 (of 200).   Current convergence value = 0.000317128 (threshold = 0)
  Iteration 147 (of 200).   Current convergence value = 0.000317791 (threshold = 0)
  Iteration 148 (of 200).   Current convergence value = 0.000318521 (threshold = 0)
  Iteration 149 (of 200).   Current convergence value = 0.000319433 (threshold = 0)
  Iteration 150 (of 200).   Current convergence value = 0.000320493 (threshold = 0)
  Iteration 151 (of 200).   Current convergence value = 0.00032186 (threshold = 0)
  Iteration 152 (of 200).   Current convergence value = 0.000323311 (threshold = 0)
  Iteration 153 (of 200).   Current convergence value = 0.000325068 (threshold = 0)
  Iteration 154 (of 200).   Current convergence value = 0.000327001 (threshold = 0)
  Iteration 155 (of 200).   Current convergence value = 0.00032908 (threshold = 0)
  Iteration 156 (of 200).   Current convergence value = 0.000331291 (threshold = 0)
  Iteration 157 (of 200).   Current convergence value = 0.000333662 (threshold = 0)
  Iteration 158 (of 200).   Current convergence value = 0.000336102 (threshold = 0)
  Iteration 159 (of 200).   Current convergence value = 0.000338527 (threshold = 0)
  Iteration 160 (of 200).   Current convergence value = 0.000341066 (threshold = 0)
  Iteration 161 (of 200).   Current convergence value = 0.000343621 (threshold = 0)
  Iteration 162 (of 200).   Current convergence value = 0.000346137 (threshold = 0)
  Iteration 163 (of 200).   Current convergence value = 0.000348731 (threshold = 0)
  Iteration 164 (of 200).   Current convergence value = 0.000350372 (threshold = 0)
  Iteration 165 (of 200).   Current convergence value = 0.000351113 (threshold = 0)
  Iteration 166 (of 200).   Current convergence value = 0.000351795 (threshold = 0)
  Iteration 167 (of 200).   Current convergence value = 0.00035241 (threshold = 0)
  Iteration 168 (of 200).   Current convergence value = 0.000353017 (threshold = 0)
  Iteration 169 (of 200).   Current convergence value = 0.000353676 (threshold = 0)
  Iteration 170 (of 200).   Current convergence value = 0.000354269 (threshold = 0)
  Iteration 171 (of 200).   Current convergence value = 0.000354937 (threshold = 0)
  Iteration 172 (of 200).   Current convergence value = 0.00035548 (threshold = 0)
  Iteration 173 (of 200).   Current convergence value = 0.000356013 (threshold = 0)
  Iteration 174 (of 200).   Current convergence value = 0.000356544 (threshold = 0)
  Iteration 175 (of 200).   Current convergence value = 0.000357013 (threshold = 0)
  Iteration 176 (of 200).   Current convergence value = 0.000357355 (threshold = 0)
  Iteration 177 (of 200).   Current convergence value = 0.000357623 (threshold = 0)
  Iteration 178 (of 200).   Current convergence value = 0.00036248 (threshold = 0)
  Iteration 179 (of 200).   Current convergence value = 0.000360337 (threshold = 0)
  Iteration 180 (of 200).   Current convergence value = 0.000355466 (threshold = 0)
  Iteration 181 (of 200).   Current convergence value = 0.00035091 (threshold = 0)
  Iteration 182 (of 200).   Current convergence value = 0.000346703 (threshold = 0)
  Iteration 183 (of 200).   Current convergence value = 0.000342768 (threshold = 0)
  Iteration 184 (of 200).   Current convergence value = 0.000339201 (threshold = 0)
  Iteration 185 (of 200).   Current convergence value = 0.000335754 (threshold = 0)
  Iteration 186 (of 200).   Current convergence value = 0.000332299 (threshold = 0)
  Iteration 187 (of 200).   Current convergence value = 0.000329146 (threshold = 0)
  Iteration 188 (of 200).   Current convergence value = 0.00032618 (threshold = 0)
  Iteration 189 (of 200).   Current convergence value = 0.000323411 (threshold = 0)
  Iteration 190 (of 200).   Current convergence value = 0.000320782 (threshold = 0)
  Iteration 191 (of 200).   Current convergence value = 0.000318378 (threshold = 0)
  Iteration 192 (of 200).   Current convergence value = 0.000316218 (threshold = 0)
  Iteration 193 (of 200).   Current convergence value = 0.000314293 (threshold = 0)
  Iteration 194 (of 200).   Current convergence value = 0.00031261 (threshold = 0)
  Iteration 195 (of 200).   Current convergence value = 0.00031111 (threshold = 0)
  Iteration 196 (of 200).   Current convergence value = 0.000309641 (threshold = 0)
  Iteration 197 (of 200).   Current convergence value = 0.000308414 (threshold = 0)
  Iteration 198 (of 200).   Current convergence value = 0.000307413 (threshold = 0)
  Iteration 199 (of 200).   Current convergence value = 0.000306552 (threshold = 0)
  Iteration 200 (of 200).   Current convergence value = 0.000305739 (threshold = 0)
Current level = 2
  Iteration 1 (of 200).   Current convergence value = 0.00101631 (threshold = 0)
  Iteration 2 (of 200).   Current convergence value = 0.00100012 (threshold = 0)
  Iteration 3 (of 200).   Current convergence value = 0.000988908 (threshold = 0)
  Iteration 4 (of 200).   Current convergence value = 0.000980732 (threshold = 0)
  Iteration 5 (of 200).   Current convergence value = 0.000974554 (threshold = 0)
  Iteration 6 (of 200).   Current convergence value = 0.000970514 (threshold = 0)
  Iteration 7 (of 200).   Current convergence value = 0.000968254 (threshold = 0)
  Iteration 8 (of 200).   Current convergence value = 0.000966755 (threshold = 0)
  Iteration 9 (of 200).   Current convergence value = 0.000967141 (threshold = 0)
  Iteration 10 (of 200).   Current convergence value = 0.000968979 (threshold = 0)
  Iteration 11 (of 200).   Current convergence value = 0.000972494 (threshold = 0)
  Iteration 12 (of 200).   Current convergence value = 0.000977357 (threshold = 0)
  Iteration 13 (of 200).   Current convergence value = 0.000969394 (threshold = 0)
  Iteration 14 (of 200).   Current convergence value = 0.00096099 (threshold = 0)
  Iteration 15 (of 200).   Current convergence value = 0.00095395 (threshold = 0)
  Iteration 16 (of 200).   Current convergence value = 0.000949782 (threshold = 0)
  Iteration 17 (of 200).   Current convergence value = 0.00094895 (threshold = 0)
  Iteration 18 (of 200).   Current convergence value = 0.000951595 (threshold = 0)
  Iteration 19 (of 200).   Current convergence value = 0.000958364 (threshold = 0)
  Iteration 20 (of 200).   Current convergence value = 0.000970192 (threshold = 0)
  Iteration 21 (of 200).   Current convergence value = 0.000985556 (threshold = 0)
  Iteration 22 (of 200).   Current convergence value = 0.00100578 (threshold = 0)
  Iteration 23 (of 200).   Current convergence value = 0.00103014 (threshold = 0)
  Iteration 24 (of 200).   Current convergence value = 0.00105729 (threshold = 0)
  Iteration 25 (of 200).   Current convergence value = 0.00108672 (threshold = 0)
  Iteration 26 (of 200).   Current convergence value = 0.00110336 (threshold = 0)
  Iteration 27 (of 200).   Current convergence value = 0.00111195 (threshold = 0)
  Iteration 28 (of 200).   Current convergence value = 0.00111904 (threshold = 0)
  Iteration 29 (of 200).   Current convergence value = 0.00112378 (threshold = 0)
  Iteration 30 (of 200).   Current convergence value = 0.00115812 (threshold = 0)
  Iteration 31 (of 200).   Current convergence value = 0.00109292 (threshold = 0)
  Iteration 32 (of 200).   Current convergence value = 0.00103836 (threshold = 0)
  Iteration 33 (of 200).   Current convergence value = 0.000999852 (threshold = 0)
  Iteration 34 (of 200).   Current convergence value = 0.00097177 (threshold = 0)
  Iteration 35 (of 200).   Current convergence value = 0.000951582 (threshold = 0)
  Iteration 36 (of 200).   Current convergence value = 0.000936483 (threshold = 0)
  Iteration 37 (of 200).   Current convergence value = 0.000925666 (threshold = 0)
  Iteration 38 (of 200).   Current convergence value = 0.000918263 (threshold = 0)
  Iteration 39 (of 200).   Current convergence value = 0.000913116 (threshold = 0)
  Iteration 40 (of 200).   Current convergence value = 0.000910009 (threshold = 0)
  Iteration 41 (of 200).   Current convergence value = 0.000908915 (threshold = 0)
  Iteration 42 (of 200).   Current convergence value = 0.000909437 (threshold = 0)
  Iteration 43 (of 200).   Current convergence value = 0.000911491 (threshold = 0)
  Iteration 44 (of 200).   Current convergence value = 0.000914648 (threshold = 0)
  Iteration 45 (of 200).   Current convergence value = 0.000914753 (threshold = 0)
  Iteration 46 (of 200).   Current convergence value = 0.000906934 (threshold = 0)
  Iteration 47 (of 200).   Current convergence value = 0.000902567 (threshold = 0)
  Iteration 48 (of 200).   Current convergence value = 0.00090179 (threshold = 0)
  Iteration 49 (of 200).   Current convergence value = 0.000905691 (threshold = 0)
  Iteration 50 (of 200).   Current convergence value = 0.000913593 (threshold = 0)
  Iteration 51 (of 200).   Current convergence value = 0.000925586 (threshold = 0)
  Iteration 52 (of 200).   Current convergence value = 0.000941354 (threshold = 0)
  Iteration 53 (of 200).   Current convergence value = 0.000960998 (threshold = 0)
  Iteration 54 (of 200).   Current convergence value = 0.00098289 (threshold = 0)
  Iteration 55 (of 200).   Current convergence value = 0.00100816 (threshold = 0)
  Iteration 56 (of 200).   Current convergence value = 0.00103342 (threshold = 0)
  Iteration 57 (of 200).   Current convergence value = 0.00105216 (threshold = 0)
  Iteration 58 (of 200).   Current convergence value = 0.00105625 (threshold = 0)
  Iteration 59 (of 200).   Current convergence value = 0.00105715 (threshold = 0)
  Iteration 60 (of 200).   Current convergence value = 0.00106271 (threshold = 0)
  Iteration 61 (of 200).   Current convergence value = 0.0011154 (threshold = 0)
  Iteration 62 (of 200).   Current convergence value = 0.0010449 (threshold = 0)
  Iteration 63 (of 200).   Current convergence value = 0.000985324 (threshold = 0)
  Iteration 64 (of 200).   Current convergence value = 0.000938429 (threshold = 0)
  Iteration 65 (of 200).   Current convergence value = 0.000902106 (threshold = 0)
  Iteration 66 (of 200).   Current convergence value = 0.000873923 (threshold = 0)
  Iteration 67 (of 200).   Current convergence value = 0.000852379 (threshold = 0)
  Iteration 68 (of 200).   Current convergence value = 0.000836899 (threshold = 0)
  Iteration 69 (of 200).   Current convergence value = 0.000826456 (threshold = 0)
  Iteration 70 (of 200).   Current convergence value = 0.000819898 (threshold = 0)
  Iteration 71 (of 200).   Current convergence value = 0.00081605 (threshold = 0)
  Iteration 72 (of 200).   Current convergence value = 0.000815012 (threshold = 0)
  Iteration 73 (of 200).   Current convergence value = 0.000816714 (threshold = 0)
  Iteration 74 (of 200).   Current convergence value = 0.000820052 (threshold = 0)
  Iteration 75 (of 200).   Current convergence value = 0.000824766 (threshold = 0)
  Iteration 76 (of 200).   Current convergence value = 0.000823171 (threshold = 0)
  Iteration 77 (of 200).   Current convergence value = 0.000812392 (threshold = 0)
  Iteration 78 (of 200).   Current convergence value = 0.000803651 (threshold = 0)
  Iteration 79 (of 200).   Current convergence value = 0.000796746 (threshold = 0)
  Iteration 80 (of 200).   Current convergence value = 0.000791585 (threshold = 0)
  Iteration 81 (of 200).   Current convergence value = 0.000788117 (threshold = 0)
  Iteration 82 (of 200).   Current convergence value = 0.00078729 (threshold = 0)
  Iteration 83 (of 200).   Current convergence value = 0.000789329 (threshold = 0)
  Iteration 84 (of 200).   Current convergence value = 0.00079502 (threshold = 0)
  Iteration 85 (of 200).   Current convergence value = 0.000803326 (threshold = 0)
  Iteration 86 (of 200).   Current convergence value = 0.000814426 (threshold = 0)
  Iteration 87 (of 200).   Current convergence value = 0.000828053 (threshold = 0)
  Iteration 88 (of 200).   Current convergence value = 0.000842836 (threshold = 0)
  Iteration 89 (of 200).   Current convergence value = 0.000859033 (threshold = 0)
  Iteration 90 (of 200).   Current convergence value = 0.000875951 (threshold = 0)
  Iteration 91 (of 200).   Current convergence value = 0.000892128 (threshold = 0)
  Iteration 92 (of 200).   Current convergence value = 0.00090406 (threshold = 0)
  Iteration 93 (of 200).   Current convergence value = 0.000915194 (threshold = 0)
  Iteration 94 (of 200).   Current convergence value = 0.000953543 (threshold = 0)
  Iteration 95 (of 200).   Current convergence value = 0.000998936 (threshold = 0)
  Iteration 96 (of 200).   Current convergence value = 0.00105196 (threshold = 0)
  Iteration 97 (of 200).   Current convergence value = 0.000993868 (threshold = 0)
  Iteration 98 (of 200).   Current convergence value = 0.000918592 (threshold = 0)
  Iteration 99 (of 200).   Current convergence value = 0.000857256 (threshold = 0)
  Iteration 100 (of 200).   Current convergence value = 0.000808262 (threshold = 0)
  Iteration 101 (of 200).   Current convergence value = 0.000768525 (threshold = 0)
  Iteration 102 (of 200).   Current convergence value = 0.000736833 (threshold = 0)
  Iteration 103 (of 200).   Current convergence value = 0.000712389 (threshold = 0)
  Iteration 104 (of 200).   Current convergence value = 0.000693979 (threshold = 0)
  Iteration 105 (of 200).   Current convergence value = 0.000680704 (threshold = 0)
  Iteration 106 (of 200).   Current convergence value = 0.000671659 (threshold = 0)
  Iteration 107 (of 200).   Current convergence value = 0.000666503 (threshold = 0)
  Iteration 108 (of 200).   Current convergence value = 0.000664609 (threshold = 0)
  Iteration 109 (of 200).   Current convergence value = 0.00066534 (threshold = 0)
  Iteration 110 (of 200).   Current convergence value = 0.00066668 (threshold = 0)
  Iteration 111 (of 200).   Current convergence value = 0.000661931 (threshold = 0)
  Iteration 112 (of 200).   Current convergence value = 0.000653008 (threshold = 0)
  Iteration 113 (of 200).   Current convergence value = 0.000644518 (threshold = 0)
  Iteration 114 (of 200).   Current convergence value = 0.000636951 (threshold = 0)
  Iteration 115 (of 200).   Current convergence value = 0.000629964 (threshold = 0)
  Iteration 116 (of 200).   Current convergence value = 0.000623743 (threshold = 0)
  Iteration 117 (of 200).   Current convergence value = 0.000618231 (threshold = 0)
  Iteration 118 (of 200).   Current convergence value = 0.000614331 (threshold = 0)
  Iteration 119 (of 200).   Current convergence value = 0.000611684 (threshold = 0)
  Iteration 120 (of 200).   Current convergence value = 0.000610114 (threshold = 0)
  Iteration 121 (of 200).   Current convergence value = 0.00060582 (threshold = 0)
  Iteration 122 (of 200).   Current convergence value = 0.000601253 (threshold = 0)
  Iteration 123 (of 200).   Current convergence value = 0.000596918 (threshold = 0)
  Iteration 124 (of 200).   Current convergence value = 0.000592716 (threshold = 0)
  Iteration 125 (of 200).   Current convergence value = 0.000588906 (threshold = 0)
  Iteration 126 (of 200).   Current convergence value = 0.000585626 (threshold = 0)
  Iteration 127 (of 200).   Current convergence value = 0.000582434 (threshold = 0)
  Iteration 128 (of 200).   Current convergence value = 0.000579401 (threshold = 0)
  Iteration 129 (of 200).   Current convergence value = 0.000576735 (threshold = 0)
  Iteration 130 (of 200).   Current convergence value = 0.000574743 (threshold = 0)
  Iteration 131 (of 200).   Current convergence value = 0.000573182 (threshold = 0)
  Iteration 132 (of 200).   Current convergence value = 0.000571791 (threshold = 0)
  Iteration 133 (of 200).   Current convergence value = 0.000571 (threshold = 0)
  Iteration 134 (of 200).   Current convergence value = 0.00057116 (threshold = 0)
  Iteration 135 (of 200).   Current convergence value = 0.00057193 (threshold = 0)
  Iteration 136 (of 200).   Current convergence value = 0.000573184 (threshold = 0)
  Iteration 137 (of 200).   Current convergence value = 0.000575332 (threshold = 0)
  Iteration 138 (of 200).   Current convergence value = 0.000578149 (threshold = 0)
  Iteration 139 (of 200).   Current convergence value = 0.000581691 (threshold = 0)
  Iteration 140 (of 200).   Current convergence value = 0.000586135 (threshold = 0)
  Iteration 141 (of 200).   Current convergence value = 0.000592011 (threshold = 0)
  Iteration 142 (of 200).   Current convergence value = 0.000598747 (threshold = 0)
  Iteration 143 (of 200).   Current convergence value = 0.000606012 (threshold = 0)
  Iteration 144 (of 200).   Current convergence value = 0.000614103 (threshold = 0)
  Iteration 145 (of 200).   Current convergence value = 0.000622896 (threshold = 0)
  Iteration 146 (of 200).   Current convergence value = 0.000632316 (threshold = 0)
  Iteration 147 (of 200).   Current convergence value = 0.000642125 (threshold = 0)
  Iteration 148 (of 200).   Current convergence value = 0.000652743 (threshold = 0)
  Iteration 149 (of 200).   Current convergence value = 0.000663883 (threshold = 0)
  Iteration 150 (of 200).   Current convergence value = 0.000675524 (threshold = 0)
  Iteration 151 (of 200).   Current convergence value = 0.000687555 (threshold = 0)
  Iteration 152 (of 200).   Current convergence value = 0.000700342 (threshold = 0)
  Iteration 153 (of 200).   Current convergence value = 0.000713921 (threshold = 0)
  Iteration 154 (of 200).   Current convergence value = 0.000728445 (threshold = 0)
  Iteration 155 (of 200).   Current convergence value = 0.000743374 (threshold = 0)
  Iteration 156 (of 200).   Current convergence value = 0.00075816 (threshold = 0)
  Iteration 157 (of 200).   Current convergence value = 0.000773032 (threshold = 0)
  Iteration 158 (of 200).   Current convergence value = 0.000795767 (threshold = 0)
  Iteration 159 (of 200).   Current convergence value = 0.000839338 (threshold = 0)
  Iteration 160 (of 200).   Current convergence value = 0.000885429 (threshold = 0)
  Iteration 161 (of 200).   Current convergence value = 0.000934294 (threshold = 0)
  Iteration 162 (of 200).   Current convergence value = 0.00098697 (threshold = 0)
  Iteration 163 (of 200).   Current convergence value = 0.00104335 (threshold = 0)
  Iteration 164 (of 200).   Current convergence value = 0.00108771 (threshold = 0)
  Iteration 165 (of 200).   Current convergence value = 0.00113031 (threshold = 0)
  Iteration 166 (of 200).   Current convergence value = 0.00117321 (threshold = 0)
  Iteration 167 (of 200).   Current convergence value = 0.00121579 (threshold = 0)
  Iteration 168 (of 200).   Current convergence value = 0.00125663 (threshold = 0)
  Iteration 169 (of 200).   Current convergence value = 0.0012936 (threshold = 0)
  Iteration 170 (of 200).   Current convergence value = 0.00125536 (threshold = 0)
  Iteration 171 (of 200).   Current convergence value = 0.00117411 (threshold = 0)
  Iteration 172 (of 200).   Current convergence value = 0.0011064 (threshold = 0)
  Iteration 173 (of 200).   Current convergence value = 0.00104802 (threshold = 0)
  Iteration 174 (of 200).   Current convergence value = 0.000997394 (threshold = 0)
  Iteration 175 (of 200).   Current convergence value = 0.00095351 (threshold = 0)
  Iteration 176 (of 200).   Current convergence value = 0.000915279 (threshold = 0)
  Iteration 177 (of 200).   Current convergence value = 0.000883036 (threshold = 0)
  Iteration 178 (of 200).   Current convergence value = 0.000855865 (threshold = 0)
  Iteration 179 (of 200).   Current convergence value = 0.000832201 (threshold = 0)
  Iteration 180 (of 200).   Current convergence value = 0.000811384 (threshold = 0)
  Iteration 181 (of 200).   Current convergence value = 0.000793839 (threshold = 0)
  Iteration 182 (of 200).   Current convergence value = 0.000778065 (threshold = 0)
  Iteration 183 (of 200).   Current convergence value = 0.000768791 (threshold = 0)
  Iteration 184 (of 200).   Current convergence value = 0.000778485 (threshold = 0)
  Iteration 185 (of 200).   Current convergence value = 0.000788287 (threshold = 0)
  Iteration 186 (of 200).   Current convergence value = 0.000798949 (threshold = 0)
  Iteration 187 (of 200).   Current convergence value = 0.000810187 (threshold = 0)
  Iteration 188 (of 200).   Current convergence value = 0.000821958 (threshold = 0)
  Iteration 189 (of 200).   Current convergence value = 0.00083088 (threshold = 0)
  Iteration 190 (of 200).   Current convergence value = 0.000839628 (threshold = 0)
  Iteration 191 (of 200).   Current convergence value = 0.00084807 (threshold = 0)
  Iteration 192 (of 200).   Current convergence value = 0.00085574 (threshold = 0)
  Iteration 193 (of 200).   Current convergence value = 0.000862379 (threshold = 0)
  Iteration 194 (of 200).   Current convergence value = 0.000866577 (threshold = 0)
  Iteration 195 (of 200).   Current convergence value = 0.000869509 (threshold = 0)
  Iteration 196 (of 200).   Current convergence value = 0.00087321 (threshold = 0)
  Iteration 197 (of 200).   Current convergence value = 0.000877788 (threshold = 0)
  Iteration 198 (of 200).   Current convergence value = 0.000882244 (threshold = 0)
  Iteration 199 (of 200).   Current convergence value = 0.000885269 (threshold = 0)
  Iteration 200 (of 200).   Current convergence value = 0.000889715 (threshold = 0)
Current level = 3
  Iteration 1 (of 200).   Current convergence value = 0.0021308 (threshold = 0)
  Iteration 2 (of 200).   Current convergence value = 0.00202295 (threshold = 0)
  Iteration 3 (of 200).   Current convergence value = 0.0019623 (threshold = 0)
  Iteration 4 (of 200).   Current convergence value = 0.00192326 (threshold = 0)
  Iteration 5 (of 200).   Current convergence value = 0.00189271 (threshold = 0)
  Iteration 6 (of 200).   Current convergence value = 0.0018715 (threshold = 0)
  Iteration 7 (of 200).   Current convergence value = 0.00185421 (threshold = 0)
  Iteration 8 (of 200).   Current convergence value = 0.00184174 (threshold = 0)
  Iteration 9 (of 200).   Current convergence value = 0.00183294 (threshold = 0)
  Iteration 10 (of 200).   Current convergence value = 0.00182365 (threshold = 0)
  Iteration 11 (of 200).   Current convergence value = 0.00181267 (threshold = 0)
  Iteration 12 (of 200).   Current convergence value = 0.00180074 (threshold = 0)
  Iteration 13 (of 200).   Current convergence value = 0.00178753 (threshold = 0)
  Iteration 14 (of 200).   Current convergence value = 0.00177323 (threshold = 0)
  Iteration 15 (of 200).   Current convergence value = 0.00176029 (threshold = 0)
  Iteration 16 (of 200).   Current convergence value = 0.00174146 (threshold = 0)
  Iteration 17 (of 200).   Current convergence value = 0.00171508 (threshold = 0)
  Iteration 18 (of 200).   Current convergence value = 0.00168826 (threshold = 0)
  Iteration 19 (of 200).   Current convergence value = 0.00166329 (threshold = 0)
  Iteration 20 (of 200).   Current convergence value = 0.00163831 (threshold = 0)
  Iteration 21 (of 200).   Current convergence value = 0.00161447 (threshold = 0)
  Iteration 22 (of 200).   Current convergence value = 0.00159593 (threshold = 0)
  Iteration 23 (of 200).   Current convergence value = 0.00158551 (threshold = 0)
  Iteration 24 (of 200).   Current convergence value = 0.00158937 (threshold = 0)
  Iteration 25 (of 200).   Current convergence value = 0.00159351 (threshold = 0)
  Iteration 26 (of 200).   Current convergence value = 0.00159869 (threshold = 0)
  Iteration 27 (of 200).   Current convergence value = 0.00160976 (threshold = 0)
  Iteration 28 (of 200).   Current convergence value = 0.00162494 (threshold = 0)
  Iteration 29 (of 200).   Current convergence value = 0.00164219 (threshold = 0)
  Iteration 30 (of 200).   Current convergence value = 0.0016557 (threshold = 0)
  Iteration 31 (of 200).   Current convergence value = 0.00166535 (threshold = 0)
  Iteration 32 (of 200).   Current convergence value = 0.0016734 (threshold = 0)
  Iteration 33 (of 200).   Current convergence value = 0.00163763 (threshold = 0)
  Iteration 34 (of 200).   Current convergence value = 0.00159937 (threshold = 0)
  Iteration 35 (of 200).   Current convergence value = 0.00163226 (threshold = 0)
  Iteration 36 (of 200).   Current convergence value = 0.00165075 (threshold = 0)
  Iteration 37 (of 200).   Current convergence value = 0.0016461 (threshold = 0)
  Iteration 38 (of 200).   Current convergence value = 0.001638 (threshold = 0)
  Iteration 39 (of 200).   Current convergence value = 0.00162005 (threshold = 0)
  Iteration 40 (of 200).   Current convergence value = 0.0016028 (threshold = 0)
  Iteration 41 (of 200).   Current convergence value = 0.00159392 (threshold = 0)
  Iteration 42 (of 200).   Current convergence value = 0.00159022 (threshold = 0)
  Iteration 43 (of 200).   Current convergence value = 0.00157959 (threshold = 0)
  Iteration 44 (of 200).   Current convergence value = 0.00156501 (threshold = 0)
  Iteration 45 (of 200).   Current convergence value = 0.00154941 (threshold = 0)
  Iteration 46 (of 200).   Current convergence value = 0.00152735 (threshold = 0)
  Iteration 47 (of 200).   Current convergence value = 0.00150264 (threshold = 0)
  Iteration 48 (of 200).   Current convergence value = 0.00147901 (threshold = 0)
  Iteration 49 (of 200).   Current convergence value = 0.00145323 (threshold = 0)
  Iteration 50 (of 200).   Current convergence value = 0.00142117 (threshold = 0)
  Iteration 51 (of 200).   Current convergence value = 0.00139246 (threshold = 0)
  Iteration 52 (of 200).   Current convergence value = 0.00136713 (threshold = 0)
  Iteration 53 (of 200).   Current convergence value = 0.00134702 (threshold = 0)
  Iteration 54 (of 200).   Current convergence value = 0.00132425 (threshold = 0)
  Iteration 55 (of 200).   Current convergence value = 0.00130121 (threshold = 0)
  Iteration 56 (of 200).   Current convergence value = 0.00128269 (threshold = 0)
  Iteration 57 (of 200).   Current convergence value = 0.00126708 (threshold = 0)
  Iteration 58 (of 200).   Current convergence value = 0.0012475 (threshold = 0)
  Iteration 59 (of 200).   Current convergence value = 0.00122717 (threshold = 0)
  Iteration 60 (of 200).   Current convergence value = 0.00120555 (threshold = 0)
  Iteration 61 (of 200).   Current convergence value = 0.00118657 (threshold = 0)
  Iteration 62 (of 200).   Current convergence value = 0.00116602 (threshold = 0)
  Iteration 63 (of 200).   Current convergence value = 0.00114182 (threshold = 0)
  Iteration 64 (of 200).   Current convergence value = 0.00111721 (threshold = 0)
  Iteration 65 (of 200).   Current convergence value = 0.0010916 (threshold = 0)
  Iteration 66 (of 200).   Current convergence value = 0.00106579 (threshold = 0)
  Iteration 67 (of 200).   Current convergence value = 0.00104063 (threshold = 0)
  Iteration 68 (of 200).   Current convergence value = 0.00101576 (threshold = 0)
  Iteration 69 (of 200).   Current convergence value = 0.000990591 (threshold = 0)
  Iteration 70 (of 200).   Current convergence value = 0.000967621 (threshold = 0)
  Iteration 71 (of 200).   Current convergence value = 0.000946464 (threshold = 0)
  Iteration 72 (of 200).   Current convergence value = 0.00092762 (threshold = 0)
  Iteration 73 (of 200).   Current convergence value = 0.000909739 (threshold = 0)
  Iteration 74 (of 200).   Current convergence value = 0.000891745 (threshold = 0)
  Iteration 75 (of 200).   Current convergence value = 0.000876227 (threshold = 0)
  Iteration 76 (of 200).   Current convergence value = 0.000861205 (threshold = 0)
  Iteration 77 (of 200).   Current convergence value = 0.000847939 (threshold = 0)
  Iteration 78 (of 200).   Current convergence value = 0.000834589 (threshold = 0)
  Iteration 79 (of 200).   Current convergence value = 0.000825983 (threshold = 0)
  Iteration 80 (of 200).   Current convergence value = 0.000820111 (threshold = 0)
  Iteration 81 (of 200).   Current convergence value = 0.000814794 (threshold = 0)
  Iteration 82 (of 200).   Current convergence value = 0.000810342 (threshold = 0)
  Iteration 83 (of 200).   Current convergence value = 0.000806016 (threshold = 0)
  Iteration 84 (of 200).   Current convergence value = 0.000801141 (threshold = 0)
  Iteration 85 (of 200).   Current convergence value = 0.000793766 (threshold = 0)
  Iteration 86 (of 200).   Current convergence value = 0.000788714 (threshold = 0)
  Iteration 87 (of 200).   Current convergence value = 0.000782495 (threshold = 0)
  Iteration 88 (of 200).   Current convergence value = 0.000782407 (threshold = 0)
  Iteration 89 (of 200).   Current convergence value = 0.000787698 (threshold = 0)
  Iteration 90 (of 200).   Current convergence value = 0.000792491 (threshold = 0)
  Iteration 91 (of 200).   Current convergence value = 0.000799182 (threshold = 0)
  Iteration 92 (of 200).   Current convergence value = 0.000809952 (threshold = 0)
  Iteration 93 (of 200).   Current convergence value = 0.000817938 (threshold = 0)
  Iteration 94 (of 200).   Current convergence value = 0.00081966 (threshold = 0)
  Iteration 95 (of 200).   Current convergence value = 0.000818973 (threshold = 0)
  Iteration 96 (of 200).   Current convergence value = 0.00081808 (threshold = 0)
  Iteration 97 (of 200).   Current convergence value = 0.000815474 (threshold = 0)
  Iteration 98 (of 200).   Current convergence value = 0.00081269 (threshold = 0)
  Iteration 99 (of 200).   Current convergence value = 0.000814528 (threshold = 0)
  Iteration 100 (of 200).   Current convergence value = 0.00082019 (threshold = 0)
  Iteration 101 (of 200).   Current convergence value = 0.000808891 (threshold = 0)
  Iteration 102 (of 200).   Current convergence value = 0.000801093 (threshold = 0)
  Iteration 103 (of 200).   Current convergence value = 0.000793392 (threshold = 0)
  Iteration 104 (of 200).   Current convergence value = 0.000787189 (threshold = 0)
  Iteration 105 (of 200).   Current convergence value = 0.000779309 (threshold = 0)
  Iteration 106 (of 200).   Current convergence value = 0.000773022 (threshold = 0)
  Iteration 107 (of 200).   Current convergence value = 0.000766535 (threshold = 0)
  Iteration 108 (of 200).   Current convergence value = 0.00075841 (threshold = 0)
  Iteration 109 (of 200).   Current convergence value = 0.000751099 (threshold = 0)
  Iteration 110 (of 200).   Current convergence value = 0.000744053 (threshold = 0)
  Iteration 111 (of 200).   Current convergence value = 0.00073466 (threshold = 0)
  Iteration 112 (of 200).   Current convergence value = 0.000724916 (threshold = 0)
  Iteration 113 (of 200).   Current convergence value = 0.000714461 (threshold = 0)
  Iteration 114 (of 200).   Current convergence value = 0.000703365 (threshold = 0)
  Iteration 115 (of 200).   Current convergence value = 0.000691746 (threshold = 0)
  Iteration 116 (of 200).   Current convergence value = 0.000679611 (threshold = 0)
  Iteration 117 (of 200).   Current convergence value = 0.000667319 (threshold = 0)
  Iteration 118 (of 200).   Current convergence value = 0.00065406 (threshold = 0)
  Iteration 119 (of 200).   Current convergence value = 0.000640196 (threshold = 0)
  Iteration 120 (of 200).   Current convergence value = 0.000626818 (threshold = 0)
  Iteration 121 (of 200).   Current convergence value = 0.000612706 (threshold = 0)
  Iteration 122 (of 200).   Current convergence value = 0.000598412 (threshold = 0)
  Iteration 123 (of 200).   Current convergence value = 0.000584075 (threshold = 0)
  Iteration 124 (of 200).   Current convergence value = 0.000569815 (threshold = 0)
  Iteration 125 (of 200).   Current convergence value = 0.00055525 (threshold = 0)
  Iteration 126 (of 200).   Current convergence value = 0.00054014 (threshold = 0)
  Iteration 127 (of 200).   Current convergence value = 0.000526004 (threshold = 0)
  Iteration 128 (of 200).   Current convergence value = 0.0005122 (threshold = 0)
  Iteration 129 (of 200).   Current convergence value = 0.000498788 (threshold = 0)
  Iteration 130 (of 200).   Current convergence value = 0.000485709 (threshold = 0)
  Iteration 131 (of 200).   Current convergence value = 0.000473231 (threshold = 0)
  Iteration 132 (of 200).   Current convergence value = 0.00046241 (threshold = 0)
  Iteration 133 (of 200).   Current convergence value = 0.000459018 (threshold = 0)
  Iteration 134 (of 200).   Current convergence value = 0.000455681 (threshold = 0)
  Iteration 135 (of 200).   Current convergence value = 0.000453122 (threshold = 0)
  Iteration 136 (of 200).   Current convergence value = 0.000452089 (threshold = 0)
  Iteration 137 (of 200).   Current convergence value = 0.000451223 (threshold = 0)
  Iteration 138 (of 200).   Current convergence value = 0.000450835 (threshold = 0)
  Iteration 139 (of 200).   Current convergence value = 0.000450276 (threshold = 0)
  Iteration 140 (of 200).   Current convergence value = 0.00045011 (threshold = 0)
  Iteration 141 (of 200).   Current convergence value = 0.000452055 (threshold = 0)
  Iteration 142 (of 200).   Current convergence value = 0.000452921 (threshold = 0)
  Iteration 143 (of 200).   Current convergence value = 0.000452835 (threshold = 0)
  Iteration 144 (of 200).   Current convergence value = 0.000453506 (threshold = 0)
  Iteration 145 (of 200).   Current convergence value = 0.00045686 (threshold = 0)
  Iteration 146 (of 200).   Current convergence value = 0.000462388 (threshold = 0)
  Iteration 147 (of 200).   Current convergence value = 0.00047039 (threshold = 0)
  Iteration 148 (of 200).   Current convergence value = 0.000481596 (threshold = 0)
  Iteration 149 (of 200).   Current convergence value = 0.000501173 (threshold = 0)
  Iteration 150 (of 200).   Current convergence value = 0.000523143 (threshold = 0)
  Iteration 151 (of 200).   Current convergence value = 0.000548278 (threshold = 0)
  Iteration 152 (of 200).   Current convergence value = 0.000575391 (threshold = 0)
  Iteration 153 (of 200).   Current convergence value = 0.000605088 (threshold = 0)
  Iteration 154 (of 200).   Current convergence value = 0.000637835 (threshold = 0)
  Iteration 155 (of 200).   Current convergence value = 0.00067193 (threshold = 0)
  Iteration 156 (of 200).   Current convergence value = 0.000705762 (threshold = 0)
  Iteration 157 (of 200).   Current convergence value = 0.00073783 (threshold = 0)
  Iteration 158 (of 200).   Current convergence value = 0.000772025 (threshold = 0)
  Iteration 159 (of 200).   Current convergence value = 0.000788009 (threshold = 0)
  Iteration 160 (of 200).   Current convergence value = 0.000790236 (threshold = 0)
  Iteration 161 (of 200).   Current convergence value = 0.00079172 (threshold = 0)
  Iteration 162 (of 200).   Current convergence value = 0.000793978 (threshold = 0)
  Iteration 163 (of 200).   Current convergence value = 0.000797545 (threshold = 0)
  Iteration 164 (of 200).   Current convergence value = 0.000794777 (threshold = 0)
  Iteration 165 (of 200).   Current convergence value = 0.000780534 (threshold = 0)
  Iteration 166 (of 200).   Current convergence value = 0.000775863 (threshold = 0)
  Iteration 167 (of 200).   Current convergence value = 0.000761637 (threshold = 0)
  Iteration 168 (of 200).   Current convergence value = 0.00074866 (threshold = 0)
  Iteration 169 (of 200).   Current convergence value = 0.000730837 (threshold = 0)
  Iteration 170 (of 200).   Current convergence value = 0.000713899 (threshold = 0)
  Iteration 171 (of 200).   Current convergence value = 0.000694791 (threshold = 0)
  Iteration 172 (of 200).   Current convergence value = 0.000673426 (threshold = 0)
  Iteration 173 (of 200).   Current convergence value = 0.000652106 (threshold = 0)
  Iteration 174 (of 200).   Current convergence value = 0.000630619 (threshold = 0)
  Iteration 175 (of 200).   Current convergence value = 0.000611554 (threshold = 0)
  Iteration 176 (of 200).   Current convergence value = 0.000591781 (threshold = 0)
  Iteration 177 (of 200).   Current convergence value = 0.000571358 (threshold = 0)
  Iteration 178 (of 200).   Current convergence value = 0.000552382 (threshold = 0)
  Iteration 179 (of 200).   Current convergence value = 0.000534299 (threshold = 0)
  Iteration 180 (of 200).   Current convergence value = 0.000515648 (threshold = 0)
  Iteration 181 (of 200).   Current convergence value = 0.000497805 (threshold = 0)
  Iteration 182 (of 200).   Current convergence value = 0.000480435 (threshold = 0)
  Iteration 183 (of 200).   Current convergence value = 0.00046341 (threshold = 0)
  Iteration 184 (of 200).   Current convergence value = 0.000448488 (threshold = 0)
  Iteration 185 (of 200).   Current convergence value = 0.000433825 (threshold = 0)
  Iteration 186 (of 200).   Current convergence value = 0.000419408 (threshold = 0)
  Iteration 187 (of 200).   Current convergence value = 0.000407315 (threshold = 0)
  Iteration 188 (of 200).   Current convergence value = 0.00039686 (threshold = 0)
  Iteration 189 (of 200).   Current convergence value = 0.000388085 (threshold = 0)
  Iteration 190 (of 200).   Current convergence value = 0.000387712 (threshold = 0)
  Iteration 191 (of 200).   Current convergence value = 0.000390855 (threshold = 0)
  Iteration 192 (of 200).   Current convergence value = 0.000400219 (threshold = 0)
  Iteration 193 (of 200).   Current convergence value = 0.000412894 (threshold = 0)
  Iteration 194 (of 200).   Current convergence value = 0.000412767 (threshold = 0)
  Iteration 195 (of 200).   Current convergence value = 0.000413761 (threshold = 0)
  Iteration 196 (of 200).   Current convergence value = 0.000415147 (threshold = 0)
  Iteration 197 (of 200).   Current convergence value = 0.000416102 (threshold = 0)
  Iteration 198 (of 200).   Current convergence value = 0.000417261 (threshold = 0)
  Iteration 199 (of 200).   Current convergence value = 0.000417195 (threshold = 0)
  Iteration 200 (of 200).   Current convergence value = 0.000417013 (threshold = 0)
Current level = 4
  Iteration 1 (of 200).   Current convergence value = 0.00439332 (threshold = 0)
  Iteration 2 (of 200).   Current convergence value = 0.00407204 (threshold = 0)
  Iteration 3 (of 200).   Current convergence value = 0.00388834 (threshold = 0)
  Iteration 4 (of 200).   Current convergence value = 0.00351319 (threshold = 0)
  Iteration 5 (of 200).   Current convergence value = 0.00337694 (threshold = 0)
  Iteration 6 (of 200).   Current convergence value = 0.00328241 (threshold = 0)
  Iteration 7 (of 200).   Current convergence value = 0.00321359 (threshold = 0)
  Iteration 8 (of 200).   Current convergence value = 0.00314378 (threshold = 0)
  Iteration 9 (of 200).   Current convergence value = 0.00307729 (threshold = 0)
  Iteration 10 (of 200).   Current convergence value = 0.00301565 (threshold = 0)
  Iteration 11 (of 200).   Current convergence value = 0.00295455 (threshold = 0)
  Iteration 12 (of 200).   Current convergence value = 0.00289864 (threshold = 0)
  Iteration 13 (of 200).   Current convergence value = 0.00283638 (threshold = 0)
  Iteration 14 (of 200).   Current convergence value = 0.00276586 (threshold = 0)
  Iteration 15 (of 200).   Current convergence value = 0.00271434 (threshold = 0)
  Iteration 16 (of 200).   Current convergence value = 0.00267858 (threshold = 0)
  Iteration 17 (of 200).   Current convergence value = 0.00263995 (threshold = 0)
  Iteration 18 (of 200).   Current convergence value = 0.00260651 (threshold = 0)
  Iteration 19 (of 200).   Current convergence value = 0.00259129 (threshold = 0)
  Iteration 20 (of 200).   Current convergence value = 0.00259322 (threshold = 0)
  Iteration 21 (of 200).   Current convergence value = 0.0026018 (threshold = 0)
  Iteration 22 (of 200).   Current convergence value = 0.00241328 (threshold = 0)
  Iteration 23 (of 200).   Current convergence value = 0.00228587 (threshold = 0)
  Iteration 24 (of 200).   Current convergence value = 0.00220745 (threshold = 0)
  Iteration 25 (of 200).   Current convergence value = 0.00217105 (threshold = 0)
  Iteration 26 (of 200).   Current convergence value = 0.00215126 (threshold = 0)
  Iteration 27 (of 200).   Current convergence value = 0.00212191 (threshold = 0)
  Iteration 28 (of 200).   Current convergence value = 0.00209208 (threshold = 0)
  Iteration 29 (of 200).   Current convergence value = 0.00208224 (threshold = 0)
  Iteration 30 (of 200).   Current convergence value = 0.00207904 (threshold = 0)
  Iteration 31 (of 200).   Current convergence value = 0.00207787 (threshold = 0)
  Iteration 32 (of 200).   Current convergence value = 0.00205872 (threshold = 0)
  Iteration 33 (of 200).   Current convergence value = 0.00202866 (threshold = 0)
  Iteration 34 (of 200).   Current convergence value = 0.00199741 (threshold = 0)
  Iteration 35 (of 200).   Current convergence value = 0.00196101 (threshold = 0)
  Iteration 36 (of 200).   Current convergence value = 0.00190729 (threshold = 0)
  Iteration 37 (of 200).   Current convergence value = 0.00184773 (threshold = 0)
  Iteration 38 (of 200).   Current convergence value = 0.00178222 (threshold = 0)
  Iteration 39 (of 200).   Current convergence value = 0.0017149 (threshold = 0)
  Iteration 40 (of 200).   Current convergence value = 0.0016535 (threshold = 0)
  Iteration 41 (of 200).   Current convergence value = 0.00160041 (threshold = 0)
  Iteration 42 (of 200).   Current convergence value = 0.00154716 (threshold = 0)
  Iteration 43 (of 200).   Current convergence value = 0.00149329 (threshold = 0)
  Iteration 44 (of 200).   Current convergence value = 0.00144001 (threshold = 0)
  Iteration 45 (of 200).   Current convergence value = 0.0013882 (threshold = 0)
  Iteration 46 (of 200).   Current convergence value = 0.00134297 (threshold = 0)
  Iteration 47 (of 200).   Current convergence value = 0.00131374 (threshold = 0)
  Iteration 48 (of 200).   Current convergence value = 0.00130011 (threshold = 0)
  Iteration 49 (of 200).   Current convergence value = 0.00128683 (threshold = 0)
  Iteration 50 (of 200).   Current convergence value = 0.0012782 (threshold = 0)
  Iteration 51 (of 200).   Current convergence value = 0.00126042 (threshold = 0)
  Iteration 52 (of 200).   Current convergence value = 0.0012438 (threshold = 0)
  Iteration 53 (of 200).   Current convergence value = 0.00123172 (threshold = 0)
  Iteration 54 (of 200).   Current convergence value = 0.00121929 (threshold = 0)
  Iteration 55 (of 200).   Current convergence value = 0.00120162 (threshold = 0)
  Iteration 56 (of 200).   Current convergence value = 0.00118238 (threshold = 0)
  Iteration 57 (of 200).   Current convergence value = 0.00116512 (threshold = 0)
  Iteration 58 (of 200).   Current convergence value = 0.00115098 (threshold = 0)
  Iteration 59 (of 200).   Current convergence value = 0.00113387 (threshold = 0)
  Iteration 60 (of 200).   Current convergence value = 0.00111968 (threshold = 0)
  Iteration 61 (of 200).   Current convergence value = 0.0011054 (threshold = 0)
  Iteration 62 (of 200).   Current convergence value = 0.00108736 (threshold = 0)
  Iteration 63 (of 200).   Current convergence value = 0.00106906 (threshold = 0)
  Iteration 64 (of 200).   Current convergence value = 0.00104745 (threshold = 0)
  Iteration 65 (of 200).   Current convergence value = 0.00102487 (threshold = 0)
  Iteration 66 (of 200).   Current convergence value = 0.00102146 (threshold = 0)
  Iteration 67 (of 200).   Current convergence value = 0.00102894 (threshold = 0)
  Iteration 68 (of 200).   Current convergence value = 0.00104374 (threshold = 0)
  Iteration 69 (of 200).   Current convergence value = 0.00106876 (threshold = 0)
  Iteration 70 (of 200).   Current convergence value = 0.00110482 (threshold = 0)
  Iteration 71 (of 200).   Current convergence value = 0.00114772 (threshold = 0)
  Iteration 72 (of 200).   Current convergence value = 0.00123172 (threshold = 0)
  Iteration 73 (of 200).   Current convergence value = 0.00124267 (threshold = 0)
  Iteration 74 (of 200).   Current convergence value = 0.00125933 (threshold = 0)
  Iteration 75 (of 200).   Current convergence value = 0.0012701 (threshold = 0)
  Iteration 76 (of 200).   Current convergence value = 0.00129018 (threshold = 0)
  Iteration 77 (of 200).   Current convergence value = 0.00131537 (threshold = 0)
  Iteration 78 (of 200).   Current convergence value = 0.00134067 (threshold = 0)
  Iteration 79 (of 200).   Current convergence value = 0.00137394 (threshold = 0)
  Iteration 80 (of 200).   Current convergence value = 0.00124207 (threshold = 0)
  Iteration 81 (of 200).   Current convergence value = 0.00102519 (threshold = 0)
  Iteration 82 (of 200).   Current convergence value = 0.000890541 (threshold = 0)
  Iteration 83 (of 200).   Current convergence value = 0.000840144 (threshold = 0)
  Iteration 84 (of 200).   Current convergence value = 0.000813694 (threshold = 0)
  Iteration 85 (of 200).   Current convergence value = 0.000795599 (threshold = 0)
  Iteration 86 (of 200).   Current convergence value = 0.000778854 (threshold = 0)
  Iteration 87 (of 200).   Current convergence value = 0.000763698 (threshold = 0)
  Iteration 88 (of 200).   Current convergence value = 0.000750511 (threshold = 0)
  Iteration 89 (of 200).   Current convergence value = 0.000738048 (threshold = 0)
  Iteration 90 (of 200).   Current convergence value = 0.000727105 (threshold = 0)
  Iteration 91 (of 200).   Current convergence value = 0.000717275 (threshold = 0)
  Iteration 92 (of 200).   Current convergence value = 0.00070913 (threshold = 0)
  Iteration 93 (of 200).   Current convergence value = 0.00070232 (threshold = 0)
  Iteration 94 (of 200).   Current convergence value = 0.000696069 (threshold = 0)
  Iteration 95 (of 200).   Current convergence value = 0.000690867 (threshold = 0)
  Iteration 96 (of 200).   Current convergence value = 0.000684849 (threshold = 0)
  Iteration 97 (of 200).   Current convergence value = 0.000680971 (threshold = 0)
  Iteration 98 (of 200).   Current convergence value = 0.000677172 (threshold = 0)
  Iteration 99 (of 200).   Current convergence value = 0.000674638 (threshold = 0)
  Iteration 100 (of 200).   Current convergence value = 0.000672553 (threshold = 0)
  Iteration 101 (of 200).   Current convergence value = 0.000670033 (threshold = 0)
  Iteration 102 (of 200).   Current convergence value = 0.000670393 (threshold = 0)
  Iteration 103 (of 200).   Current convergence value = 0.00066471 (threshold = 0)
  Iteration 104 (of 200).   Current convergence value = 0.000651277 (threshold = 0)
  Iteration 105 (of 200).   Current convergence value = 0.000639167 (threshold = 0)
  Iteration 106 (of 200).   Current convergence value = 0.000624906 (threshold = 0)
  Iteration 107 (of 200).   Current convergence value = 0.000612339 (threshold = 0)
  Iteration 108 (of 200).   Current convergence value = 0.000599255 (threshold = 0)
  Iteration 109 (of 200).   Current convergence value = 0.000586973 (threshold = 0)
  Iteration 110 (of 200).   Current convergence value = 0.000576987 (threshold = 0)
  Iteration 111 (of 200).   Current convergence value = 0.000569463 (threshold = 0)
  Iteration 112 (of 200).   Current convergence value = 0.000563539 (threshold = 0)
  Iteration 113 (of 200).   Current convergence value = 0.0005555 (threshold = 0)
  Iteration 114 (of 200).   Current convergence value = 0.000547267 (threshold = 0)
  Iteration 115 (of 200).   Current convergence value = 0.000541301 (threshold = 0)
  Iteration 116 (of 200).   Current convergence value = 0.000537463 (threshold = 0)
  Iteration 117 (of 200).   Current convergence value = 0.000534664 (threshold = 0)
  Iteration 118 (of 200).   Current convergence value = 0.000532953 (threshold = 0)
  Iteration 119 (of 200).   Current convergence value = 0.000530594 (threshold = 0)
  Iteration 120 (of 200).   Current convergence value = 0.000528402 (threshold = 0)
  Iteration 121 (of 200).   Current convergence value = 0.000527268 (threshold = 0)
  Iteration 122 (of 200).   Current convergence value = 0.00052755 (threshold = 0)
  Iteration 123 (of 200).   Current convergence value = 0.000528609 (threshold = 0)
  Iteration 124 (of 200).   Current convergence value = 0.000532023 (threshold = 0)
  Iteration 125 (of 200).   Current convergence value = 0.000535972 (threshold = 0)
  Iteration 126 (of 200).   Current convergence value = 0.000541506 (threshold = 0)
  Iteration 127 (of 200).   Current convergence value = 0.000547362 (threshold = 0)
  Iteration 128 (of 200).   Current convergence value = 0.000554413 (threshold = 0)
  Iteration 129 (of 200).   Current convergence value = 0.000563829 (threshold = 0)
  Iteration 130 (of 200).   Current convergence value = 0.000577487 (threshold = 0)
  Iteration 131 (of 200).   Current convergence value = 0.000593289 (threshold = 0)
  Iteration 132 (of 200).   Current convergence value = 0.000610534 (threshold = 0)
  Iteration 133 (of 200).   Current convergence value = 0.000634638 (threshold = 0)
  Iteration 134 (of 200).   Current convergence value = 0.000660845 (threshold = 0)
  Iteration 135 (of 200).   Current convergence value = 0.000675925 (threshold = 0)
  Iteration 136 (of 200).   Current convergence value = 0.000678251 (threshold = 0)
  Iteration 137 (of 200).   Current convergence value = 0.000683003 (threshold = 0)
  Iteration 138 (of 200).   Current convergence value = 0.000689333 (threshold = 0)
  Iteration 139 (of 200).   Current convergence value = 0.000695054 (threshold = 0)
  Iteration 140 (of 200).   Current convergence value = 0.000701682 (threshold = 0)
  Iteration 141 (of 200).   Current convergence value = 0.000709179 (threshold = 0)
  Iteration 142 (of 200).   Current convergence value = 0.000718507 (threshold = 0)
  Iteration 143 (of 200).   Current convergence value = 0.00072498 (threshold = 0)
  Iteration 144 (of 200).   Current convergence value = 0.000735183 (threshold = 0)
  Iteration 145 (of 200).   Current convergence value = 0.000748069 (threshold = 0)
  Iteration 146 (of 200).   Current convergence value = 0.000758756 (threshold = 0)
  Iteration 147 (of 200).   Current convergence value = 0.000766039 (threshold = 0)
  Iteration 148 (of 200).   Current convergence value = 0.000772127 (threshold = 0)
  Iteration 149 (of 200).   Current convergence value = 0.000675856 (threshold = 0)
  Iteration 150 (of 200).   Current convergence value = 0.000580268 (threshold = 0)
  Iteration 151 (of 200).   Current convergence value = 0.000533149 (threshold = 0)
  Iteration 152 (of 200).   Current convergence value = 0.00049991 (threshold = 0)
  Iteration 153 (of 200).   Current convergence value = 0.000478072 (threshold = 0)
  Iteration 154 (of 200).   Current convergence value = 0.000458339 (threshold = 0)
  Iteration 155 (of 200).   Current convergence value = 0.000438075 (threshold = 0)
  Iteration 156 (of 200).   Current convergence value = 0.000423537 (threshold = 0)
  Iteration 157 (of 200).   Current convergence value = 0.000409073 (threshold = 0)
  Iteration 158 (of 200).   Current convergence value = 0.000398461 (threshold = 0)
  Iteration 159 (of 200).   Current convergence value = 0.000388548 (threshold = 0)
  Iteration 160 (of 200).   Current convergence value = 0.000381136 (threshold = 0)
  Iteration 161 (of 200).   Current convergence value = 0.000374711 (threshold = 0)
  Iteration 162 (of 200).   Current convergence value = 0.000368997 (threshold = 0)
  Iteration 163 (of 200).   Current convergence value = 0.00036534 (threshold = 0)
  Iteration 164 (of 200).   Current convergence value = 0.000363308 (threshold = 0)
  Iteration 165 (of 200).   Current convergence value = 0.000361863 (threshold = 0)
  Iteration 166 (of 200).   Current convergence value = 0.000358226 (threshold = 0)
  Iteration 167 (of 200).   Current convergence value = 0.000353473 (threshold = 0)
  Iteration 168 (of 200).   Current convergence value = 0.000348453 (threshold = 0)
  Iteration 169 (of 200).   Current convergence value = 0.000342599 (threshold = 0)
  Iteration 170 (of 200).   Current convergence value = 0.000337607 (threshold = 0)
  Iteration 171 (of 200).   Current convergence value = 0.000333628 (threshold = 0)
  Iteration 172 (of 200).   Current convergence value = 0.000329554 (threshold = 0)
  Iteration 173 (of 200).   Current convergence value = 0.000325965 (threshold = 0)
  Iteration 174 (of 200).   Current convergence value = 0.000322715 (threshold = 0)
  Iteration 175 (of 200).   Current convergence value = 0.000319678 (threshold = 0)
  Iteration 176 (of 200).   Current convergence value = 0.000316814 (threshold = 0)
  Iteration 177 (of 200).   Current convergence value = 0.000315346 (threshold = 0)
  Iteration 178 (of 200).   Current convergence value = 0.000314732 (threshold = 0)
  Iteration 179 (of 200).   Current convergence value = 0.000314913 (threshold = 0)
  Iteration 180 (of 200).   Current convergence value = 0.000315338 (threshold = 0)
  Iteration 181 (of 200).   Current convergence value = 0.000314699 (threshold = 0)
  Iteration 182 (of 200).   Current convergence value = 0.000314094 (threshold = 0)
  Iteration 183 (of 200).   Current convergence value = 0.000313005 (threshold = 0)
  Iteration 184 (of 200).   Current convergence value = 0.000312499 (threshold = 0)
  Iteration 185 (of 200).   Current convergence value = 0.000312449 (threshold = 0)
  Iteration 186 (of 200).   Current convergence value = 0.000312715 (threshold = 0)
  Iteration 187 (of 200).   Current convergence value = 0.000313612 (threshold = 0)
  Iteration 188 (of 200).   Current convergence value = 0.000311145 (threshold = 0)
  Iteration 189 (of 200).   Current convergence value = 0.000309242 (threshold = 0)
  Iteration 190 (of 200).   Current convergence value = 0.000307902 (threshold = 0)
  Iteration 191 (of 200).   Current convergence value = 0.000307097 (threshold = 0)
  Iteration 192 (of 200).   Current convergence value = 0.000306026 (threshold = 0)
  Iteration 193 (of 200).   Current convergence value = 0.000305155 (threshold = 0)
  Iteration 194 (of 200).   Current convergence value = 0.00030477 (threshold = 0)
  Iteration 195 (of 200).   Current convergence value = 0.000304718 (threshold = 0)
  Iteration 196 (of 200).   Current convergence value = 0.000305423 (threshold = 0)
  Iteration 197 (of 200).   Current convergence value = 0.00030562 (threshold = 0)
  Iteration 198 (of 200).   Current convergence value = 0.000304815 (threshold = 0)
  Iteration 199 (of 200).   Current convergence value = 0.000303505 (threshold = 0)
  Iteration 200 (of 200).   Current convergence value = 0.000302133 (threshold = 0)
   N4BiasFieldCorrectionImageFilter (0x2032240)
     RTTI typeinfo:   itk::N4BiasFieldCorrectionImageFilter<itk::Image<float, 3u>, itk::Image<float, 3u>, itk::Image<float, 3u> >
     Reference Count: 1
     Modified Time: 574
     Debug: Off
     Object Name: 
     Observers: 
       IterationEvent(Command)
     Inputs: 
       ConfidenceImage: (0)
       MaskImage: (0x2044af0)
       Primary: (0x2042080) *
     Indexed Inputs: 
       0: Primary (0x2042080)
       1: MaskImage (0x2044af0)
       2: ConfidenceImage (0)
     Required Input Names: Primary
     NumberOfRequiredInputs: 1
     Outputs: 
       Primary: (0x203fb90)
     Indexed Outputs: 
       0: Primary (0x203fb90)
     NumberOfRequiredOutputs: 1
     Number Of Work Units: 128
     ReleaseDataFlag: Off
     ReleaseDataBeforeUpdateFlag: Off
     AbortGenerateData: Off
     Progress: 0
     Multithreader: 
       RTTI typeinfo:   itk::PoolMultiThreader
       Reference Count: 1
       Modified Time: 140
       Debug: Off
       Object Name: 
       Observers: 
         none
       Number of Work Units: 128
       Number of Threads: 56
       Global Maximum Number Of Threads: 128
       Global Default Number Of Threads: 56
       Global Default Threader Type: itk::MultiThreaderBaseEnums::Threader::Pool
       SingleMethod: 0
       SingleData: 0
     DynamicMultiThreading: On
     CoordinateTolerance: 1e-06
     DirectionTolerance: 1e-06
     Use Mask Label: 0
     Mask label: 1
     Number of histogram bins: 200
     Wiener filter noise: 0.01
     Bias field FWHM: 0.15
     Maximum number of iterations: [200, 200, 200, 200]
     Convergence threshold: 0
     Spline order: 3
     Number of fitting levels: [4, 4, 4]
     Number of control points: [5, 5, 4]
     CurrentConvergenceMeasurement: 0.000302133
     CurrentLevel: 4
     ElapsedIterations: 201
     LogBiasFieldControlPointLattice: 
       Image (0x2593970)
         RTTI typeinfo:   itk::Image<itk::Vector<float, 1u>, 3u>
         Reference Count: 1
         Modified Time: 2616003
         Debug: Off
         Object Name: 
         Observers: 
           none
         Source: (none)
         Source output name: (none)
         Release Data: Off
         Data Released: False
         Global Release Data: Off
         PipelineMTime: 0
         UpdateMTime: 0
         RealTimeStamp: 0 seconds 
         LargestPossibleRegion: 
           Dimension: 3
           Index: [0, 0, 0]
           Size: [19, 19, 11]
         BufferedRegion: 
           Dimension: 3
           Index: [0, 0, 0]
           Size: [19, 19, 11]
         RequestedRegion: 
           Dimension: 3
           Index: [0, 0, 0]
           Size: [19, 19, 11]
         Spacing: [12, 12, 12]
         Origin: [-13.1143, 15.3636, -4.89631]
         Direction: 
0.997563 0.0348358 0.0604596
0.0581619 -0.893813 -0.444653
-0.0385497 -0.447085 0.89366

         IndexToPointMatrix: 
11.9708 0.418029 0.725515
0.697943 -10.7258 -5.33583
-0.462597 -5.36502 10.7239

         PointToIndexMatrix: 
0.0831302 0.00484683 -0.00321248
0.00290298 -0.0744844 -0.0372571
0.0050383 -0.0370544 0.0744717

         Inverse Direction: 
0.997563 0.0581619 -0.0385497
0.0348358 -0.893813 -0.447085
0.0604596 -0.444652 0.89366

         PixelContainer: 
           ImportImageContainer (0x2044310)
             RTTI typeinfo:   itk::ImportImageContainer<unsigned long, itk::Vector<float, 1u> >
             Reference Count: 1
             Modified Time: 2616004
             Debug: Off
             Object Name: 
             Observers: 
               none
             Pointer: 0x2ad0c50
             Container manages memory: true
             Size: 3971
             Capacity: 3971
Elapsed time: 22.6966
All_Command_lines_OK
Using double precision for computations.
=============================================================================
The composite transform comprises the following transforms (in order): 
  1. Center of mass alignment using fixed image: /home/ccn30/rds/rds-p00500_encrypt-URQgmO1brZ0/p00500/ENCRYPT_images/25846/fMRI/N4meanEPI.nii and moving image: /home/ccn30/rds/rds-p00500_encrypt-URQgmO1brZ0/p00500/ENCRYPT_images/25846/mp2rage/n4mag0000_PSIR_skulled_std_struc_brain.nii (type = Euler3DTransform)
=============================================================================
  Reading mask(s).
    Registration stage 0
      No fixed mask
      No moving mask
    Registration stage 1
      Fixed mask = /home/ccn30/rds/rds-p00500_encrypt-URQgmO1brZ0/p00500/ENCRYPT_images/25846/fMRI/fixedEPIMask.nii
      No moving mask
  number of levels = 3
  number of levels = 4
  fixed image: /home/ccn30/rds/rds-p00500_encrypt-URQgmO1brZ0/p00500/ENCRYPT_images/25846/fMRI/N4meanEPI.nii
  moving image: /home/ccn30/rds/rds-p00500_encrypt-URQgmO1brZ0/p00500/ENCRYPT_images/25846/mp2rage/n4mag0000_PSIR_skulled_std_struc_brain.nii
  fixed image: /home/ccn30/rds/rds-p00500_encrypt-URQgmO1brZ0/p00500/ENCRYPT_images/25846/fMRI/N4meanEPI.nii
  moving image: /home/ccn30/rds/rds-p00500_encrypt-URQgmO1brZ0/p00500/ENCRYPT_images/25846/mp2rage/n4mag0000_PSIR_skulled_std_struc_brain.nii
Dimension = 3
Number of stages = 2
Use Histogram Matching false
Winsorize image intensities true
Lower quantile = 0.005
Upper quantile = 0.995
Stage 1 State
   Image metric = Mattes
     Fixed image = Image (0x4813ad0)
  RTTI typeinfo:   itk::Image<double, 3u>
  Reference Count: 2
  Modified Time: 1979
  Debug: Off
  Object Name: 
  Observers: 
    none
  Source: (none)
  Source output name: (none)
  Release Data: Off
  Data Released: False
  Global Release Data: Off
  PipelineMTime: 0
  UpdateMTime: 1762
  RealTimeStamp: 0 seconds 
  LargestPossibleRegion: 
    Dimension: 3
    Index: [0, 0, 0]
    Size: [128, 128, 42]
  BufferedRegion: 
    Dimension: 3
    Index: [0, 0, 0]
    Size: [128, 128, 42]
  RequestedRegion: 
    Dimension: 3
    Index: [0, 0, 0]
    Size: [128, 128, 42]
  Spacing: [1.5, 1.5, 1]
  Origin: [-102.745, 71.3471, 28.4835]
  Direction: 
0.997563 0.0348358 0.0604596
0.0581619 -0.893813 -0.444653
-0.0385497 -0.447085 0.89366

  IndexToPointMatrix: 
1.49634 0.0522537 0.0604596
0.0872429 -1.34072 -0.444653
-0.0578246 -0.670628 0.89366

  PointToIndexMatrix: 
0.665042 0.0387746 -0.0256998
0.0232239 -0.595875 -0.298057
0.0604596 -0.444652 0.89366

  Inverse Direction: 
0.997563 0.0581619 -0.0385497
0.0348358 -0.893813 -0.447085
0.0604596 -0.444652 0.89366

  PixelContainer: 
    ImportImageContainer (0x4813d90)
      RTTI typeinfo:   itk::ImportImageContainer<unsigned long, double>
      Reference Count: 1
      Modified Time: 1759
      Debug: Off
      Object Name: 
      Observers: 
        none
      Pointer: 0x48cfe70
      Container manages memory: true
      Size: 688128
      Capacity: 688128

     Moving image = Image (0x48cec90)
  RTTI typeinfo:   itk::Image<double, 3u>
  Reference Count: 2
  Modified Time: 1980
  Debug: Off
  Object Name: 
  Observers: 
    none
  Source: (none)
  Source output name: (none)
  Release Data: Off
  Data Released: False
  Global Release Data: Off
  PipelineMTime: 0
  UpdateMTime: 1977
  RealTimeStamp: 0 seconds 
  LargestPossibleRegion: 
    Dimension: 3
    Index: [0, 0, 0]
    Size: [224, 320, 320]
  BufferedRegion: 
    Dimension: 3
    Index: [0, 0, 0]
    Size: [224, 320, 320]
  RequestedRegion: 
    Dimension: 3
    Index: [0, 0, 0]
    Size: [224, 320, 320]
  Spacing: [0.7, 0.7, 0.7]
  Origin: [-79.9085, 80.3073, -96.4235]
  Direction: 
1 0 0
0 -1 0
0 0 1

  IndexToPointMatrix: 
0.7 0 0
0 -0.7 0
0 0 0.7

  PointToIndexMatrix: 
1.42857 0 0
0 -1.42857 0
0 0 1.42857

  Inverse Direction: 
1 0 0
0 -1 0
0 0 1

  PixelContainer: 
    ImportImageContainer (0x48cf0a0)
      RTTI typeinfo:   itk::ImportImageContainer<unsigned long, double>
      Reference Count: 1
      Modified Time: 1974
      Debug: Off
      Object Name: 
      Observers: 
        none
      Pointer: 0x2ad13ae0b010
      Container manages memory: true
      Size: 22937600
      Capacity: 22937600

     Weighting = 1
     Sampling strategy = random
     Number of bins = 32
     Radius = 4
     Sampling percentage  = 0.5
   Transform = Translation
     Gradient step = 0.2
     Update field sigma (voxel space) = 0
     Total field sigma (voxel space) = 0
     Update field time sigma = 0
     Total field time sigma  = 0
     Number of time indices = 0
     Number of time point samples = 0
Stage 2 State
   Image metric = Mattes
     Fixed image = Image (0x48cfb20)
  RTTI typeinfo:   itk::Image<double, 3u>
  Reference Count: 2
  Modified Time: 2411
  Debug: Off
  Object Name: 
  Observers: 
    none
  Source: (none)
  Source output name: (none)
  Release Data: Off
  Data Released: False
  Global Release Data: Off
  PipelineMTime: 0
  UpdateMTime: 2194
  RealTimeStamp: 0 seconds 
  LargestPossibleRegion: 
    Dimension: 3
    Index: [0, 0, 0]
    Size: [128, 128, 42]
  BufferedRegion: 
    Dimension: 3
    Index: [0, 0, 0]
    Size: [128, 128, 42]
  RequestedRegion: 
    Dimension: 3
    Index: [0, 0, 0]
    Size: [128, 128, 42]
  Spacing: [1.5, 1.5, 1]
  Origin: [-102.745, 71.3471, 28.4835]
  Direction: 
0.997563 0.0348358 0.0604596
0.0581619 -0.893813 -0.444653
-0.0385497 -0.447085 0.89366

  IndexToPointMatrix: 
1.49634 0.0522537 0.0604596
0.0872429 -1.34072 -0.444653
-0.0578246 -0.670628 0.89366

  PointToIndexMatrix: 
0.665042 0.0387746 -0.0256998
0.0232239 -0.595875 -0.298057
0.0604596 -0.444652 0.89366

  Inverse Direction: 
0.997563 0.0581619 -0.0385497
0.0348358 -0.893813 -0.447085
0.0604596 -0.444652 0.89366

  PixelContainer: 
    ImportImageContainer (0x48cdb40)
      RTTI typeinfo:   itk::ImportImageContainer<unsigned long, double>
      Reference Count: 1
      Modified Time: 2191
      Debug: Off
      Object Name: 
      Observers: 
        none
      Pointer: 0x4e14690
      Container manages memory: true
      Size: 688128
      Capacity: 688128

     Moving image = Image (0x4e143a0)
  RTTI typeinfo:   itk::Image<double, 3u>
  Reference Count: 2
  Modified Time: 2412
  Debug: Off
  Object Name: 
  Observers: 
    none
  Source: (none)
  Source output name: (none)
  Release Data: Off
  Data Released: False
  Global Release Data: Off
  PipelineMTime: 0
  UpdateMTime: 2409
  RealTimeStamp: 0 seconds 
  LargestPossibleRegion: 
    Dimension: 3
    Index: [0, 0, 0]
    Size: [224, 320, 320]
  BufferedRegion: 
    Dimension: 3
    Index: [0, 0, 0]
    Size: [224, 320, 320]
  RequestedRegion: 
    Dimension: 3
    Index: [0, 0, 0]
    Size: [224, 320, 320]
  Spacing: [0.7, 0.7, 0.7]
  Origin: [-79.9085, 80.3073, -96.4235]
  Direction: 
1 0 0
0 -1 0
0 0 1

  IndexToPointMatrix: 
0.7 0 0
0 -0.7 0
0 0 0.7

  PointToIndexMatrix: 
1.42857 0 0
0 -1.42857 0
0 0 1.42857

  Inverse Direction: 
1 0 0
0 -1 0
0 0 1

  PixelContainer: 
    ImportImageContainer (0x48c8f10)
      RTTI typeinfo:   itk::ImportImageContainer<unsigned long, double>
      Reference Count: 1
      Modified Time: 2406
      Debug: Off
      Object Name: 
      Observers: 
        none
      Pointer: 0x2ad145d0c010
      Container manages memory: true
      Size: 22937600
      Capacity: 22937600

     Weighting = 1
     Sampling strategy = random
     Number of bins = 32
     Radius = 4
     Sampling percentage  = 0.5
   Transform = Rigid
     Gradient step = 0.2
     Update field sigma (voxel space) = 0
     Total field sigma (voxel space) = 0
     Update field time sigma = 0
     Total field time sigma  = 0
     Number of time indices = 0
     Number of time point samples = 0
Registration using 2 total stages.

Stage 0
  iterations = 400x200x100
  convergence threshold = 1e-06
  convergence window size = 10
  number of levels = 3
  using the Mattes MI metric (number of bins = 32, weight = 1)
  preprocessing:  winsorizing the image intensities
  Shrink factors (level 1 out of 3): [5, 5, 8]
  Shrink factors (level 2 out of 3): [3, 3, 4]
  Shrink factors (level 3 out of 3): [1, 1, 2]
  smoothing sigmas per level: [0, 0, 0]
  random sampling (percentage = 0.5)

*** Running TranslationTransform registration ***

DIAGNOSTIC,Iteration,metricValue,convergenceValue,ITERATION_TIME_INDEX,SINCE_LAST
 2DIAGNOSTIC,     1, -4.367746270203e-01, 1.797693134862e+308, 8.6223e-02, 8.6223e-02, 
 2DIAGNOSTIC,     2, -4.394130027289e-01, 1.797693134862e+308, 9.2674e-02, 6.4511e-03, 
 2DIAGNOSTIC,     3, -4.405820713403e-01, 1.797693134862e+308, 9.9718e-02, 7.0441e-03, 
 2DIAGNOSTIC,     4, -4.420750263156e-01, 1.797693134862e+308, 1.0942e-01, 9.7041e-03, 
 2DIAGNOSTIC,     5, -4.423158234038e-01, 1.797693134862e+308, 1.1778e-01, 8.3539e-03, 
 2DIAGNOSTIC,     6, -4.426080235530e-01, 1.797693134862e+308, 1.2342e-01, 5.6400e-03, 
 2DIAGNOSTIC,     7, -4.431663172473e-01, 1.797693134862e+308, 1.3380e-01, 1.0386e-02, 
 2DIAGNOSTIC,     8, -4.432302498104e-01, 1.797693134862e+308, 1.4246e-01, 8.6579e-03, 
 2DIAGNOSTIC,     9, -4.432328905888e-01, 1.797693134862e+308, 1.5236e-01, 9.9020e-03, 
 2DIAGNOSTIC,    10, -4.432332579503e-01, 7.890800068850e-04, 1.6334e-01, 1.0976e-02, 
 2DIAGNOSTIC,    11, -4.432332925653e-01, 4.396560347213e-04, 1.7292e-01, 9.5849e-03, 
 2DIAGNOSTIC,    12, -4.432332971367e-01, 2.496951579882e-04, 1.8261e-01, 9.6881e-03, 
 2DIAGNOSTIC,    13, -4.432332975723e-01, 1.226645310922e-04, 1.9095e-01, 8.3430e-03, 
 2DIAGNOSTIC,    14, -4.432332976330e-01, 7.171347713791e-05, 2.0037e-01, 9.4151e-03, 
 2DIAGNOSTIC,    15, -4.432332976395e-01, 3.152532043664e-05, 2.1163e-01, 1.1265e-02, 
 2DIAGNOSTIC,    16, -4.432332976402e-01, 4.802002417592e-06, 2.2156e-01, 9.9208e-03, 
 2DIAGNOSTIC,    17, -4.432332976403e-01, 2.004865172239e-06, 2.3125e-01, 9.6970e-03, 
 2DIAGNOSTIC,    18, -4.432332976403e-01, 1.786605389839e-06, 2.4135e-01, 1.0099e-02, 
 2DIAGNOSTIC,    19, -4.432332976403e-01, 1.678838775485e-06, 2.5069e-01, 9.3350e-03, 
 2DIAGNOSTIC,    20, -4.432332976403e-01, 1.593497111055e-06, 2.5927e-01, 8.5828e-03, 
 2DIAGNOSTIC,    21, -4.432332976403e-01, 1.517335215424e-06, 2.6732e-01, 8.0519e-03, 
 2DIAGNOSTIC,    22, -4.432332976403e-01, 1.448239788739e-06, 2.7474e-01, 7.4182e-03, 
 2DIAGNOSTIC,    23, -4.432332976403e-01, 1.385173840594e-06, 2.8206e-01, 7.3230e-03, 
 2DIAGNOSTIC,    24, -4.432332976403e-01, 1.327372754226e-06, 2.9038e-01, 8.3201e-03, 
 2DIAGNOSTIC,    25, -4.432332976403e-01, 1.274202482297e-06, 3.0072e-01, 1.0339e-02, 
 2DIAGNOSTIC,    26, -4.432332976403e-01, 1.225127827020e-06, 3.0916e-01, 8.4379e-03, 
 2DIAGNOSTIC,    27, -4.432332976403e-01, 1.179693109386e-06, 3.1676e-01, 7.5970e-03, 
 2DIAGNOSTIC,    28, -4.432332976403e-01, 1.137507840171e-06, 3.2508e-01, 8.3258e-03, 
 2DIAGNOSTIC,    29, -4.432332976403e-01, 1.098235458200e-06, 3.3267e-01, 7.5879e-03, 
 2DIAGNOSTIC,    30, -4.432332976403e-01, 1.061584330296e-06, 3.4123e-01, 8.5590e-03, 
 2DIAGNOSTIC,    31, -4.432332976403e-01, 1.027300496552e-06, 3.5068e-01, 9.4500e-03, 
DIAGNOSTIC,Iteration,metricValue,convergenceValue,ITERATION_TIME_INDEX,SINCE_LAST
 2DIAGNOSTIC,     1, -3.716442192368e-01, 1.797693134862e+308, 4.6432e-01, 1.1364e-01, 
 2DIAGNOSTIC,     2, -3.676483649076e-01, 1.797693134862e+308, 4.8444e-01, 2.0119e-02, 
 2DIAGNOSTIC,     3, -3.713405460982e-01, 1.797693134862e+308, 5.0481e-01, 2.0370e-02, 
 2DIAGNOSTIC,     4, -3.825794260089e-01, 1.797693134862e+308, 5.2741e-01, 2.2598e-02, 
 2DIAGNOSTIC,     5, -3.884894361481e-01, 1.797693134862e+308, 5.4668e-01, 1.9275e-02, 
 2DIAGNOSTIC,     6, -3.914858134636e-01, 1.797693134862e+308, 5.6767e-01, 2.0989e-02, 
 2DIAGNOSTIC,     7, -3.967557425257e-01, 1.797693134862e+308, 5.8975e-01, 2.2079e-02, 
 2DIAGNOSTIC,     8, -4.028124751466e-01, 1.797693134862e+308, 6.1198e-01, 2.2234e-02, 
 2DIAGNOSTIC,     9, -4.025026286115e-01, 1.797693134862e+308, 6.3690e-01, 2.4911e-02, 
 2DIAGNOSTIC,    10, -4.057079931201e-01, 6.866756160979e-03, 6.5883e-01, 2.1930e-02, 
 2DIAGNOSTIC,    11, -4.054488395270e-01, 5.928512933808e-03, 6.9745e-01, 3.8626e-02, 
 2DIAGNOSTIC,    12, -4.057777127038e-01, 4.403137658480e-03, 7.1940e-01, 2.1946e-02, 
 2DIAGNOSTIC,    13, -4.059163809283e-01, 2.922121262872e-03, 7.4096e-01, 2.1557e-02, 
 2DIAGNOSTIC,    14, -4.059582552529e-01, 1.973323379056e-03, 7.6555e-01, 2.4598e-02, 
 2DIAGNOSTIC,    15, -4.059624720795e-01, 1.261191754148e-03, 8.3076e-01, 6.5204e-02, 
 2DIAGNOSTIC,    16, -4.059624720639e-01, 6.561783196661e-04, 8.9615e-01, 6.5395e-02, 
 2DIAGNOSTIC,    17, -4.059624720639e-01, 2.814637148299e-04, 9.1836e-01, 2.2203e-02, 
 2DIAGNOSTIC,    18, -4.059624720639e-01, 1.667259168398e-04, 9.3928e-01, 2.0920e-02, 
 2DIAGNOSTIC,    19, -4.059624720639e-01, 3.397224334651e-05, 9.6253e-01, 2.3258e-02, 
 2DIAGNOSTIC,    20, -4.059624720639e-01, 2.701826666259e-05, 9.8492e-01, 2.2386e-02, 
 2DIAGNOSTIC,    21, -4.059624720639e-01, 9.311075101992e-06, 1.0065e+00, 2.1618e-02, 
 2DIAGNOSTIC,    22, -4.059624720639e-01, 3.091955921151e-06, 1.0268e+00, 2.0307e-02, 
 2DIAGNOSTIC,    23, -4.059624720639e-01, 1.541003398775e-06, 1.0490e+00, 2.2197e-02, 
 2DIAGNOSTIC,    24, -4.059624720639e-01, 1.350276626601e-06, 1.0705e+00, 2.1467e-02, 
 2DIAGNOSTIC,    25, -4.059624720639e-01, 1.295294060892e-06, 1.0918e+00, 2.1252e-02, 
 2DIAGNOSTIC,    26, -4.059624720639e-01, 1.244613628749e-06, 1.1162e+00, 2.4400e-02, 
 2DIAGNOSTIC,    27, -4.059624720639e-01, 1.197749771441e-06, 1.1359e+00, 1.9697e-02, 
 2DIAGNOSTIC,    28, -4.059624720639e-01, 1.154287012688e-06, 1.1595e+00, 2.3613e-02, 
 2DIAGNOSTIC,    29, -4.059624720639e-01, 1.113868070161e-06, 1.1816e+00, 2.2088e-02, 
 2DIAGNOSTIC,    30, -4.059624720639e-01, 1.076184011330e-06, 1.2018e+00, 2.0265e-02, 
 2DIAGNOSTIC,    31, -4.059624720639e-01, 1.040966342375e-06, 1.2221e+00, 2.0298e-02, 
 2DIAGNOSTIC,    32, -4.059624720639e-01, 1.007980601354e-06, 1.2419e+00, 1.9800e-02, 
DIAGNOSTIC,Iteration,metricValue,convergenceValue,ITERATION_TIME_INDEX,SINCE_LAST
 2DIAGNOSTIC,     1, -3.589018433562e-01, 1.797693134862e+308, 1.7042e+00, 4.6232e-01, 
 2DIAGNOSTIC,     2, -3.609326218080e-01, 1.797693134862e+308, 1.9998e+00, 2.9552e-01, 
 2DIAGNOSTIC,     3, -3.644323156120e-01, 1.797693134862e+308, 2.2964e+00, 2.9665e-01, 
 2DIAGNOSTIC,     4, -3.772342893414e-01, 1.797693134862e+308, 2.6091e+00, 3.1267e-01, 
 2DIAGNOSTIC,     5, -3.858088779501e-01, 1.797693134862e+308, 2.9055e+00, 2.9642e-01, 
 2DIAGNOSTIC,     6, -4.065949157035e-01, 1.797693134862e+308, 3.2027e+00, 2.9725e-01, 
 2DIAGNOSTIC,     7, -4.938764745392e-01, 1.797693134862e+308, 3.7180e+00, 5.1522e-01, 
 2DIAGNOSTIC,     8, -5.235909938397e-01, 1.797693134862e+308, 4.1162e+00, 3.9821e-01, 
 2DIAGNOSTIC,     9, -5.255582108073e-01, 1.797693134862e+308, 4.4552e+00, 3.3898e-01, 
 2DIAGNOSTIC,    10, -5.260170957781e-01, 3.159798443123e-02, 4.9398e+00, 4.8460e-01, 
 2DIAGNOSTIC,    11, -5.260200767132e-01, 2.867236927440e-02, 6.0344e+00, 1.0947e+00, 
 2DIAGNOSTIC,    12, -5.260200766763e-01, 2.382129191619e-02, 7.1154e+00, 1.0810e+00, 
 2DIAGNOSTIC,    13, -5.260200766763e-01, 1.784521137229e-02, 7.4556e+00, 3.4015e-01, 
 2DIAGNOSTIC,    14, -5.260200766763e-01, 1.186773854181e-02, 7.8425e+00, 3.8690e-01, 
 2DIAGNOSTIC,    15, -5.260200766763e-01, 6.110242740887e-03, 8.1785e+00, 3.3600e-01, 
 2DIAGNOSTIC,    16, -5.260200766763e-01, 1.316729522920e-03, 8.5111e+00, 3.3263e-01, 
 2DIAGNOSTIC,    17, -5.260200766763e-01, 1.027297832546e-04, 8.8446e+00, 3.3346e-01, 
 2DIAGNOSTIC,    18, -5.260200766763e-01, 1.743499505133e-05, 9.1892e+00, 3.4465e-01, 
 2DIAGNOSTIC,    19, -5.260200766763e-01, 1.940996191843e-06, 9.5274e+00, 3.3820e-01, 
 2DIAGNOSTIC,    20, -5.260200766763e-01, 1.746049095197e-06, 9.8649e+00, 3.3747e-01, 
 2DIAGNOSTIC,    21, -5.260200766763e-01, 1.655196282736e-06, 1.0201e+01, 3.3590e-01, 
 2DIAGNOSTIC,    22, -5.260200766763e-01, 1.573329706503e-06, 1.0536e+01, 3.3499e-01, 
 2DIAGNOSTIC,    23, -5.260200766763e-01, 1.499179760986e-06, 1.0902e+01, 3.6597e-01, 
 2DIAGNOSTIC,    24, -5.260200766763e-01, 1.431704513201e-06, 1.1237e+01, 3.3545e-01, 
 2DIAGNOSTIC,    25, -5.260200766763e-01, 1.370041533028e-06, 1.1576e+01, 3.3837e-01, 
 2DIAGNOSTIC,    26, -5.260200766763e-01, 1.313470833438e-06, 1.1913e+01, 3.3735e-01, 
 2DIAGNOSTIC,    27, -5.260200766763e-01, 1.261386628440e-06, 1.2251e+01, 3.3825e-01, 
 2DIAGNOSTIC,    28, -5.260200766763e-01, 1.213275554302e-06, 1.2585e+01, 3.3366e-01, 
 2DIAGNOSTIC,    29, -5.260200766763e-01, 1.168699691315e-06, 1.2962e+01, 3.7740e-01, 
 2DIAGNOSTIC,    30, -5.260200766763e-01, 1.127283195991e-06, 1.3344e+01, 3.8125e-01, 
 2DIAGNOSTIC,    31, -5.260200766763e-01, 1.088701678198e-06, 1.3720e+01, 3.7670e-01, 
 2DIAGNOSTIC,    32, -5.260200766763e-01, 1.052673687385e-06, 1.4087e+01, 3.6680e-01, 
 2DIAGNOSTIC,    33, -5.260200766763e-01, 1.018953835440e-06, 1.4440e+01, 3.5251e-01, 
  Elapsed time (stage 0): 1.5073e+01


Stage 1
  iterations = 500x500x250x50
  convergence threshold = 1.0000e-06
  convergence window size = 10
  number of levels = 4
  using the Mattes MI metric (number of bins = 32, weight = 1.0000e+00)
  preprocessing:  winsorizing the image intensities
  Shrink factors (level 1 out of 4): [4, 4, 6]
  Shrink factors (level 2 out of 4): [3, 3, 4]
  Shrink factors (level 3 out of 4): [1, 1, 2]
  Shrink factors (level 4 out of 4): [1, 1, 1]
  smoothing sigmas per level: [2, 1, 0, 0]
  random sampling (percentage = 5.0000e-01)

*** Running Euler3DTransform registration ***

DIAGNOSTIC,Iteration,metricValue,convergenceValue,ITERATION_TIME_INDEX,SINCE_LAST
 2DIAGNOSTIC,     1, -4.085559535346e-01, 1.797693134862e+308, 1.4140e+00, 1.4140e+00, 
 2DIAGNOSTIC,     2, -4.115825661770e-01, 1.797693134862e+308, 1.4205e+00, 6.5119e-03, 
 2DIAGNOSTIC,     3, -4.194943341684e-01, 1.797693134862e+308, 1.4282e+00, 7.7190e-03, 
 2DIAGNOSTIC,     4, -4.238211922163e-01, 1.797693134862e+308, 1.4388e+00, 1.0554e-02, 
 2DIAGNOSTIC,     5, -4.245487854939e-01, 1.797693134862e+308, 1.4449e+00, 6.1541e-03, 
 2DIAGNOSTIC,     6, -4.260552306702e-01, 1.797693134862e+308, 1.4509e+00, 5.9831e-03, 
 2DIAGNOSTIC,     7, -4.268156491899e-01, 1.797693134862e+308, 1.4567e+00, 5.7740e-03, 
 2DIAGNOSTIC,     8, -4.270504907470e-01, 1.797693134862e+308, 1.4640e+00, 7.3211e-03, 
 2DIAGNOSTIC,     9, -4.271804272968e-01, 1.797693134862e+308, 1.4699e+00, 5.8770e-03, 
 2DIAGNOSTIC,    10, -4.274770311510e-01, 2.661785989632e-03, 1.4770e+00, 7.1170e-03, 
 2DIAGNOSTIC,    11, -4.279167657905e-01, 1.650521396478e-03, 1.4844e+00, 7.4310e-03, 
 2DIAGNOSTIC,    12, -4.291213965849e-01, 8.880993659592e-04, 1.4921e+00, 7.7250e-03, 
 2DIAGNOSTIC,    13, -4.298084289983e-01, 6.018436698692e-04, 1.5003e+00, 8.1861e-03, 
 2DIAGNOSTIC,    14, -4.305773394602e-01, 5.467710469571e-04, 1.5071e+00, 6.7520e-03, 
 2DIAGNOSTIC,    15, -4.311327254434e-01, 5.052751502281e-04, 1.5151e+00, 8.0569e-03, 
 2DIAGNOSTIC,    16, -4.312042599756e-01, 4.878112764092e-04, 1.5219e+00, 6.7561e-03, 
 2DIAGNOSTIC,    17, -4.312610992556e-01, 4.595476852680e-04, 1.5278e+00, 5.9402e-03, 
 2DIAGNOSTIC,    18, -4.314160494948e-01, 4.065255197174e-04, 1.5353e+00, 7.5099e-03, 
 2DIAGNOSTIC,    19, -4.316415608658e-01, 3.340091078301e-04, 1.5493e+00, 1.3952e-02, 
 2DIAGNOSTIC,    20, -4.316464506988e-01, 2.479182442831e-04, 1.5560e+00, 6.7520e-03, 
 2DIAGNOSTIC,    21, -4.316564832571e-01, 1.610718467430e-04, 1.5620e+00, 5.9848e-03, 
 2DIAGNOSTIC,    22, -4.316687783883e-01, 1.041551167268e-04, 1.5685e+00, 6.4929e-03, 
 2DIAGNOSTIC,    23, -4.316826561879e-01, 6.239463182427e-05, 1.5753e+00, 6.8080e-03, 
 2DIAGNOSTIC,    24, -4.316933081027e-01, 3.952341786018e-05, 1.5820e+00, 6.6688e-03, 
 2DIAGNOSTIC,    25, -4.317017130321e-01, 2.991651214378e-05, 1.5889e+00, 6.9289e-03, 
 2DIAGNOSTIC,    26, -4.317101144590e-01, 2.050413662357e-05, 1.5956e+00, 6.7229e-03, 
 2DIAGNOSTIC,    27, -4.317189612574e-01, 1.155037251555e-05, 1.6038e+00, 8.1670e-03, 
 2DIAGNOSTIC,    28, -4.317194024816e-01, 5.794656834521e-06, 1.6123e+00, 8.4381e-03, 
 2DIAGNOSTIC,    29, -4.317200967012e-01, 5.182812084302e-06, 1.6387e+00, 2.6470e-02, 
 2DIAGNOSTIC,    30, -4.317200966651e-01, 4.335007274328e-06, 1.6630e+00, 2.4254e-02, 
 2DIAGNOSTIC,    31, -4.317200966651e-01, 3.443691565130e-06, 1.6711e+00, 8.1072e-03, 
 2DIAGNOSTIC,    32, -4.317200966651e-01, 2.628874624294e-06, 1.6798e+00, 8.7228e-03, 
 2DIAGNOSTIC,    33, -4.317200966651e-01, 1.986226572354e-06, 1.6872e+00, 7.3619e-03, 
 2DIAGNOSTIC,    34, -4.317200966651e-01, 1.492891066546e-06, 1.6950e+00, 7.8321e-03, 
 2DIAGNOSTIC,    35, -4.317200966651e-01, 1.132403079782e-06, 1.7036e+00, 8.5900e-03, 
DIAGNOSTIC,Iteration,metricValue,convergenceValue,ITERATION_TIME_INDEX,SINCE_LAST
 2DIAGNOSTIC,     1, -3.472024755691e-01, 1.797693134862e+308, 3.0255e+00, 1.3219e+00, 
 2DIAGNOSTIC,     2, -3.189383660262e-01, 1.797693134862e+308, 3.0366e+00, 1.1110e-02, 
 2DIAGNOSTIC,     3, -3.213973181031e-01, 1.797693134862e+308, 3.0506e+00, 1.3982e-02, 
 2DIAGNOSTIC,     4, -3.227732505963e-01, 1.797693134862e+308, 3.0687e+00, 1.8085e-02, 
 2DIAGNOSTIC,     5, -3.229720295472e-01, 1.797693134862e+308, 3.0789e+00, 1.0264e-02, 
 2DIAGNOSTIC,     6, -3.236651625829e-01, 1.797693134862e+308, 3.0890e+00, 1.0045e-02, 
 2DIAGNOSTIC,     7, -3.244234348280e-01, 1.797693134862e+308, 3.0998e+00, 1.0826e-02, 
 2DIAGNOSTIC,     8, -3.250300673576e-01, 1.797693134862e+308, 3.1109e+00, 1.1108e-02, 
 2DIAGNOSTIC,     9, -3.252913025961e-01, 1.797693134862e+308, 3.1218e+00, 1.0886e-02, 
DIAGNOSTIC,Iteration,metricValue,convergenceValue,ITERATION_TIME_INDEX,SINCE_LAST
 2DIAGNOSTIC,     1, -2.137025530160e-01, 1.797693134862e+308, 3.4356e+00, 3.1384e-01, 
 2DIAGNOSTIC,     2, -2.269788217053e-01, 1.797693134862e+308, 3.5796e+00, 1.4395e-01, 
 2DIAGNOSTIC,     3, -2.416175231090e-01, 1.797693134862e+308, 3.7397e+00, 1.6014e-01, 
 2DIAGNOSTIC,     4, -2.471247446322e-01, 1.797693134862e+308, 3.9001e+00, 1.6034e-01, 
 2DIAGNOSTIC,     5, -2.478477292133e-01, 1.797693134862e+308, 4.1542e+00, 2.5410e-01, 
 2DIAGNOSTIC,     6, -2.478913171957e-01, 1.797693134862e+308, 4.2963e+00, 1.4214e-01, 
 2DIAGNOSTIC,     7, -2.481865515670e-01, 1.797693134862e+308, 4.4366e+00, 1.4027e-01, 
 2DIAGNOSTIC,     8, -2.485424403997e-01, 1.797693134862e+308, 4.5747e+00, 1.3811e-01, 
 2DIAGNOSTIC,     9, -2.486752869713e-01, 1.797693134862e+308, 4.7152e+00, 1.4049e-01, 
 2DIAGNOSTIC,    10, -2.489011064214e-01, 6.994572901408e-03, 4.8545e+00, 1.3936e-01, 
 2DIAGNOSTIC,    11, -2.493387013342e-01, 3.217367217142e-03, 4.9938e+00, 1.3929e-01, 
 2DIAGNOSTIC,    12, -2.499512659817e-01, 1.115896859419e-03, 5.2134e+00, 2.1952e-01, 
 2DIAGNOSTIC,    13, -2.499741354208e-01, 5.459237218411e-04, 5.3527e+00, 1.3935e-01, 
 2DIAGNOSTIC,    14, -2.499885183154e-01, 4.685695906894e-04, 5.4931e+00, 1.4043e-01, 
 2DIAGNOSTIC,    15, -2.500675523663e-01, 4.223113475332e-04, 5.6393e+00, 1.4614e-01, 
 2DIAGNOSTIC,    16, -2.501320400998e-01, 3.502805427669e-04, 5.8177e+00, 1.7839e-01, 
 2DIAGNOSTIC,    17, -2.501429393853e-01, 2.745387646297e-04, 5.9780e+00, 1.6030e-01, 
 2DIAGNOSTIC,    18, -2.501529861399e-01, 2.060727444369e-04, 6.1360e+00, 1.5800e-01, 
 2DIAGNOSTIC,    19, -2.501604026390e-01, 1.351207367942e-04, 6.6305e+00, 4.9456e-01, 
 2DIAGNOSTIC,    20, -2.501604025467e-01, 7.167808025532e-05, 7.1215e+00, 4.9101e-01, 
 2DIAGNOSTIC,    21, -2.501604025467e-01, 3.090904506680e-05, 7.3636e+00, 2.4209e-01, 
 2DIAGNOSTIC,    22, -2.501604025467e-01, 2.330970623284e-05, 7.6361e+00, 2.7246e-01, 
 2DIAGNOSTIC,    23, -2.501604025467e-01, 1.555296374355e-05, 7.7963e+00, 1.6017e-01, 
 2DIAGNOSTIC,    24, -2.501604025467e-01, 7.745905813698e-06, 7.9936e+00, 1.9730e-01, 
 2DIAGNOSTIC,    25, -2.501604025467e-01, 3.538573660214e-06, 8.2116e+00, 2.1803e-01, 
 2DIAGNOSTIC,    26, -2.501604025467e-01, 2.299193332500e-06, 8.4428e+00, 2.3123e-01, 
 2DIAGNOSTIC,    27, -2.501604025467e-01, 1.508903374470e-06, 8.5991e+00, 1.5626e-01, 
 2DIAGNOSTIC,    28, -2.501604025467e-01, 1.149799680321e-06, 8.7713e+00, 1.7220e-01, 
 2DIAGNOSTIC,    29, -2.501604025467e-01, 1.109692456348e-06, 8.9265e+00, 1.5525e-01, 
 2DIAGNOSTIC,    30, -2.501604025467e-01, 1.072285660118e-06, 9.0852e+00, 1.5871e-01, 
 2DIAGNOSTIC,    31, -2.501604025467e-01, 1.037318527845e-06, 9.2491e+00, 1.6383e-01, 
 2DIAGNOSTIC,    32, -2.501604025467e-01, 1.004559925265e-06, 9.4272e+00, 1.7808e-01, 
DIAGNOSTIC,Iteration,metricValue,convergenceValue,ITERATION_TIME_INDEX,SINCE_LAST
 2DIAGNOSTIC,     1, -2.460347360545e-01, 1.797693134862e+308, 1.0114e+01, 6.8636e-01, 
 2DIAGNOSTIC,     2, -2.462289058461e-01, 1.797693134862e+308, 1.0459e+01, 3.4579e-01, 
 2DIAGNOSTIC,     3, -2.463528716924e-01, 1.797693134862e+308, 1.0730e+01, 2.7060e-01, 
 2DIAGNOSTIC,     4, -2.464311086362e-01, 1.797693134862e+308, 1.1118e+01, 3.8844e-01, 
 2DIAGNOSTIC,     5, -2.464434827737e-01, 1.797693134862e+308, 1.1425e+01, 3.0660e-01, 
 2DIAGNOSTIC,     6, -2.464662039615e-01, 1.797693134862e+308, 1.1719e+01, 2.9392e-01, 
 2DIAGNOSTIC,     7, -2.464898492278e-01, 1.797693134862e+308, 1.2028e+01, 3.0888e-01, 
 2DIAGNOSTIC,     8, -2.465492465872e-01, 1.797693134862e+308, 1.2405e+01, 3.7771e-01, 
 2DIAGNOSTIC,     9, -2.465549122402e-01, 1.797693134862e+308, 1.2716e+01, 3.1056e-01, 
 2DIAGNOSTIC,    10, -2.465648652860e-01, 1.166742345622e-04, 1.3020e+01, 3.0390e-01, 
 2DIAGNOSTIC,    11, -2.465903561639e-01, 7.490637987383e-05, 1.3325e+01, 3.0553e-01, 
 2DIAGNOSTIC,    12, -2.465941493741e-01, 5.232321748237e-05, 1.3666e+01, 3.4020e-01, 
 2DIAGNOSTIC,    13, -2.465955442057e-01, 3.963262793184e-05, 1.3933e+01, 2.6739e-01, 
 2DIAGNOSTIC,    14, -2.466034419446e-01, 3.250378374557e-05, 1.4216e+01, 2.8321e-01, 
 2DIAGNOSTIC,    15, -2.466077946811e-01, 2.486506704202e-05, 1.5144e+01, 9.2798e-01, 
 2DIAGNOSTIC,    16, -2.466077946524e-01, 1.770780425690e-05, 1.6070e+01, 9.2623e-01, 
 2DIAGNOSTIC,    17, -2.466077946524e-01, 1.145087528561e-05, 1.6479e+01, 4.0815e-01, 
 2DIAGNOSTIC,    18, -2.466077946524e-01, 8.833464872002e-06, 1.6813e+01, 3.3424e-01, 
 2DIAGNOSTIC,    19, -2.466077946524e-01, 6.176467630452e-06, 1.7150e+01, 3.3736e-01, 
 2DIAGNOSTIC,    20, -2.466077946524e-01, 3.896610826011e-06, 1.7516e+01, 3.6593e-01, 
 2DIAGNOSTIC,    21, -2.466077946524e-01, 3.019807102420e-06, 1.7889e+01, 3.7270e-01, 
 2DIAGNOSTIC,    22, -2.466077946524e-01, 2.287672186234e-06, 1.8181e+01, 2.9188e-01, 
 2DIAGNOSTIC,    23, -2.466077946524e-01, 1.601711032334e-06, 1.8475e+01, 2.9420e-01, 
 2DIAGNOSTIC,    24, -2.466077946524e-01, 1.325862227529e-06, 1.8782e+01, 3.0683e-01, 
 2DIAGNOSTIC,    25, -2.466077946524e-01, 1.272811770335e-06, 1.9055e+01, 2.7321e-01, 
 2DIAGNOSTIC,    26, -2.466077946524e-01, 1.223842124545e-06, 1.9325e+01, 2.7017e-01, 
 2DIAGNOSTIC,    27, -2.466077946524e-01, 1.178500954872e-06, 1.9592e+01, 2.6702e-01, 
 2DIAGNOSTIC,    28, -2.466077946524e-01, 1.136399382942e-06, 1.9861e+01, 2.6854e-01, 
 2DIAGNOSTIC,    29, -2.466077946524e-01, 1.097202183782e-06, 2.0148e+01, 2.8760e-01, 
 2DIAGNOSTIC,    30, -2.466077946524e-01, 1.060618841163e-06, 2.0697e+01, 5.4888e-01, 
 2DIAGNOSTIC,    31, -2.466077946524e-01, 1.026396334758e-06, 2.1084e+01, 3.8717e-01, 
  Elapsed time (stage 1): 2.1689e+01


Total elapsed time: 3.6766e+01
