This is job 0
Time: Wed  5 Jan 17:00:03 GMT 2022
Running on master node: cpu-p-383
Current directory: /rds/user/ccn30/hpc-work/WBIC_lustre/ENCRYPT/scripts/Registration/slurmoutputs
Changed directory to /home/ccn30/rds/hpc-work/WBIC_lustre/ENCRYPT/scripts/Registration/slurmoutputs.

JobID: 52570052
======
Time: Wed  5 Jan 17:00:03 GMT 2022
Running on master node: cpu-p-383
Current directory: /home/ccn30/rds/hpc-work/WBIC_lustre/ENCRYPT/scripts/Registration/slurmoutputs

Nodes allocated:
================
cpu-p-383

numtasks=, numnodes=, mpi_tasks_per_node= (OMP_NUM_THREADS=1)

Executing command:
==================
/home/ccn30/rds/hpc-work/WBIC_lustre/ENCRYPT/scripts/Registration/coreg_main.sh /home/ccn30/rds/hpc-work/WBIC_lustre/ENCRYPT/testsubjcode.txt 0 /home/ccn30/rds/rds-p00500_encrypt-URQgmO1brZ0/p00500 /home/ccn30/rds/hpc-work/WBIC_lustre/ENCRYPT/scripts/Registration

******** starting 25816 ********
Using double precision for computations.
Input scalar image: /home/ccn30/rds/rds-p00500_encrypt-URQgmO1brZ0/p00500/ENCRYPT_MTLmasks/25816/25816_right_lfseg_corr_usegray_noCysts_clean.nii.gz
Reference image: /home/ccn30/rds/rds-p00500_encrypt-URQgmO1brZ0/p00500/ENCRYPT_images/25816/fMRI/N4meanEPI.nii
Can't read initial transform /home/ccn30/rds/rds-p00500_encrypt-URQgmO1brZ0/p00500/ENCRYPT_registrations/25816/T1xepiSlab0GenericAffine.mat
Using double precision for computations.
Input scalar image: /home/ccn30/rds/rds-p00500_encrypt-URQgmO1brZ0/p00500/ENCRYPT_MTLmasks/25816/25816_left_lfseg_corr_usegray_noCysts_clean.nii.gz
Reference image: /home/ccn30/rds/rds-p00500_encrypt-URQgmO1brZ0/p00500/ENCRYPT_images/25816/fMRI/N4meanEPI.nii
Can't read initial transform /home/ccn30/rds/rds-p00500_encrypt-URQgmO1brZ0/p00500/ENCRYPT_registrations/25816/T1xepiSlab0GenericAffine.mat
Using double precision for computations.
Input scalar image: /home/ccn30/rds/rds-p00500_encrypt-URQgmO1brZ0/p00500/ENCRYPT_MTLmasks/25816/combinedEC_right_HybridMaass_T2.nii.gz
Reference image: /home/ccn30/rds/rds-p00500_encrypt-URQgmO1brZ0/p00500/ENCRYPT_images/25816/fMRI/N4meanEPI.nii
Can't read initial transform /home/ccn30/rds/rds-p00500_encrypt-URQgmO1brZ0/p00500/ENCRYPT_registrations/25816/T1xepiSlab0GenericAffine.mat
Using double precision for computations.
Input scalar image: /home/ccn30/rds/rds-p00500_encrypt-URQgmO1brZ0/p00500/ENCRYPT_MTLmasks/25816/combinedEC_left_HybridMaass_T2.nii.gz
Reference image: /home/ccn30/rds/rds-p00500_encrypt-URQgmO1brZ0/p00500/ENCRYPT_images/25816/fMRI/N4meanEPI.nii
Can't read initial transform /home/ccn30/rds/rds-p00500_encrypt-URQgmO1brZ0/p00500/ENCRYPT_registrations/25816/T1xepiSlab0GenericAffine.mat
Using double precision for computations.
Input scalar image: /home/ccn30/rds/rds-p00500_encrypt-URQgmO1brZ0/p00500/ENCRYPT_MTLmasks/25816/pmEC_right_HybridDTI_T2.nii.gz
Reference image: /home/ccn30/rds/rds-p00500_encrypt-URQgmO1brZ0/p00500/ENCRYPT_images/25816/fMRI/N4meanEPI.nii
Can't read initial transform /home/ccn30/rds/rds-p00500_encrypt-URQgmO1brZ0/p00500/ENCRYPT_registrations/25816/T1xepiSlab0GenericAffine.mat
Using double precision for computations.
Input scalar image: /home/ccn30/rds/rds-p00500_encrypt-URQgmO1brZ0/p00500/ENCRYPT_MTLmasks/25816/pmEC_left_HybridDTI_T2.nii.gz
Reference image: /home/ccn30/rds/rds-p00500_encrypt-URQgmO1brZ0/p00500/ENCRYPT_images/25816/fMRI/N4meanEPI.nii
Can't read initial transform /home/ccn30/rds/rds-p00500_encrypt-URQgmO1brZ0/p00500/ENCRYPT_registrations/25816/T1xepiSlab0GenericAffine.mat
