This is job 27
Time: Thu 16 Sep 12:56:46 BST 2021
Running on master node: cpu-p-18
Current directory: /rds/user/ccn30/hpc-work/WBIC_lustre/ENCRYPT/scripts/Registration/slurmoutputs
Changed directory to /home/ccn30/rds/hpc-work/WBIC_lustre/ENCRYPT/scripts/Registration/slurmoutputs.

JobID: 46502801
======
Time: Thu 16 Sep 12:56:46 BST 2021
Running on master node: cpu-p-18
Current directory: /home/ccn30/rds/hpc-work/WBIC_lustre/ENCRYPT/scripts/Registration/slurmoutputs

Nodes allocated:
================
cpu-p-18

numtasks=, numnodes=, mpi_tasks_per_node= (OMP_NUM_THREADS=1)

Executing command:
==================
/home/ccn30/rds/hpc-work/WBIC_lustre/ENCRYPT/scripts/Registration/coreg_main.sh /home/ccn30/rds/hpc-work/WBIC_lustre/ENCRYPT/ENCRYPT_MasterRIScodes.txt 27 /home/ccn30/rds/rds-p00500_encrypt-URQgmO1brZ0/p00500 /home/ccn30/rds/hpc-work/WBIC_home/ENCRYPT/atlases/magdeburgatlas

******** starting 27532 ********
All_Command_lines_OK
Using double precision for computations.
=============================================================================
The composite transform comprises the following transforms (in order): 
  1. Center of mass alignment using fixed image: /home/ccn30/rds/hpc-work/WBIC_home/ENCRYPT/atlases/magdeburgatlas/template/template.nii.gz and moving image: /home/ccn30/rds/rds-p00500_encrypt-URQgmO1brZ0/p00500/ENCRYPT_images/27532/mp2rage/denoise_n4mag0000_PSIR_skulled_std.nii (type = Euler3DTransform)
=============================================================================
  number of levels = 4
  number of levels = 4
  fixed image: /home/ccn30/rds/hpc-work/WBIC_home/ENCRYPT/atlases/magdeburgatlas/template/template.nii.gz
  moving image: /home/ccn30/rds/rds-p00500_encrypt-URQgmO1brZ0/p00500/ENCRYPT_images/27532/mp2rage/denoise_n4mag0000_PSIR_skulled_std.nii
  fixed image: /home/ccn30/rds/hpc-work/WBIC_home/ENCRYPT/atlases/magdeburgatlas/template/template.nii.gz
  moving image: /home/ccn30/rds/rds-p00500_encrypt-URQgmO1brZ0/p00500/ENCRYPT_images/27532/mp2rage/denoise_n4mag0000_PSIR_skulled_std.nii
Dimension = 3
Number of stages = 2
Use Histogram Matching true
Winsorize image intensities true
Lower quantile = 0.005
Upper quantile = 0.995
Stage 1 State
   Image metric = Mattes
     Fixed image = Image (0x3cc9200)
  RTTI typeinfo:   itk::Image<double, 3u>
  Reference Count: 2
  Modified Time: 1698
  Debug: Off
  Object Name: 
  Observers: 
    none
  Source: (none)
  Source output name: (none)
  Release Data: Off
  Data Released: False
  Global Release Data: Off
  PipelineMTime: 0
  UpdateMTime: 1481
  RealTimeStamp: 0 seconds 
  LargestPossibleRegion: 
    Dimension: 3
    Index: [0, 0, 0]
    Size: [384, 301, 288]
  BufferedRegion: 
    Dimension: 3
    Index: [0, 0, 0]
    Size: [384, 301, 288]
  RequestedRegion: 
    Dimension: 3
    Index: [0, 0, 0]
    Size: [384, 301, 288]
  Spacing: [0.598958, 0.598958, 0.599937]
  Origin: [83.4012, -147.626, 85.1783]
  Direction: 
-0 0 -1
1 -0 0
0 -1 0

  IndexToPointMatrix: 
0 0 -0.599937
0.598958 0 0
0 -0.598958 0

  PointToIndexMatrix: 
0 1.66957 0
0 0 -1.66957
-1.66684 0 0

  Inverse Direction: 
0 1 0
0 0 -1
-1 0 0

  PixelContainer: 
    ImportImageContainer (0x3cb9dc0)
      RTTI typeinfo:   itk::ImportImageContainer<unsigned long, double>
      Reference Count: 1
      Modified Time: 1478
      Debug: Off
      Object Name: 
      Observers: 
        none
      Pointer: 0x2b67f7230010
      Container manages memory: true
      Size: 33288192
      Capacity: 33288192

     Moving image = Image (0x3ccd3f0)
  RTTI typeinfo:   itk::Image<double, 3u>
  Reference Count: 2
  Modified Time: 1699
  Debug: Off
  Object Name: 
  Observers: 
    none
  Source: (none)
  Source output name: (none)
  Release Data: Off
  Data Released: False
  Global Release Data: Off
  PipelineMTime: 0
  UpdateMTime: 1696
  RealTimeStamp: 0 seconds 
  LargestPossibleRegion: 
    Dimension: 3
    Index: [0, 0, 0]
    Size: [224, 320, 320]
  BufferedRegion: 
    Dimension: 3
    Index: [0, 0, 0]
    Size: [224, 320, 320]
  RequestedRegion: 
    Dimension: 3
    Index: [0, 0, 0]
    Size: [224, 320, 320]
  Spacing: [0.7, 0.7, 0.7]
  Origin: [-79.9085, 79.6874, -100.762]
  Direction: 
1 0 0
0 -1 0
0 0 1

  IndexToPointMatrix: 
0.7 0 0
0 -0.7 0
0 0 0.7

  PointToIndexMatrix: 
1.42857 0 0
0 -1.42857 0
0 0 1.42857

  Inverse Direction: 
1 0 0
0 -1 0
0 0 1

  PixelContainer: 
    ImportImageContainer (0x3ccd6b0)
      RTTI typeinfo:   itk::ImportImageContainer<unsigned long, double>
      Reference Count: 1
      Modified Time: 1693
      Debug: Off
      Object Name: 
      Observers: 
        none
      Pointer: 0x2b6807029010
      Container manages memory: true
      Size: 22937600
      Capacity: 22937600

     Weighting = 1
     Sampling strategy = regular
     Number of bins = 32
     Radius = 4
     Sampling percentage  = 0.25
   Transform = Rigid
     Gradient step = 0.1
     Update field sigma (voxel space) = 0
     Total field sigma (voxel space) = 0
     Update field time sigma = 0
     Total field time sigma  = 0
     Number of time indices = 0
     Number of time point samples = 0
Stage 2 State
   Image metric = Mattes
     Fixed image = Image (0x3cdc060)
  RTTI typeinfo:   itk::Image<double, 3u>
  Reference Count: 2
  Modified Time: 2130
  Debug: Off
  Object Name: 
  Observers: 
    none
  Source: (none)
  Source output name: (none)
  Release Data: Off
  Data Released: False
  Global Release Data: Off
  PipelineMTime: 0
  UpdateMTime: 1913
  RealTimeStamp: 0 seconds 
  LargestPossibleRegion: 
    Dimension: 3
    Index: [0, 0, 0]
    Size: [384, 301, 288]
  BufferedRegion: 
    Dimension: 3
    Index: [0, 0, 0]
    Size: [384, 301, 288]
  RequestedRegion: 
    Dimension: 3
    Index: [0, 0, 0]
    Size: [384, 301, 288]
  Spacing: [0.598958, 0.598958, 0.599937]
  Origin: [83.4012, -147.626, 85.1783]
  Direction: 
-0 0 -1
1 -0 0
0 -1 0

  IndexToPointMatrix: 
0 0 -0.599937
0.598958 0 0
0 -0.598958 0

  PointToIndexMatrix: 
0 1.66957 0
0 0 -1.66957
-1.66684 0 0

  Inverse Direction: 
0 1 0
0 0 -1
-1 0 0

  PixelContainer: 
    ImportImageContainer (0x3cd0140)
      RTTI typeinfo:   itk::ImportImageContainer<unsigned long, double>
      Reference Count: 1
      Modified Time: 1910
      Debug: Off
      Object Name: 
      Observers: 
        none
      Pointer: 0x2b6811f2a010
      Container manages memory: true
      Size: 33288192
      Capacity: 33288192

     Moving image = Image (0x3cdde80)
  RTTI typeinfo:   itk::Image<double, 3u>
  Reference Count: 2
  Modified Time: 2131
  Debug: Off
  Object Name: 
  Observers: 
    none
  Source: (none)
  Source output name: (none)
  Release Data: Off
  Data Released: False
  Global Release Data: Off
  PipelineMTime: 0
  UpdateMTime: 2128
  RealTimeStamp: 0 seconds 
  LargestPossibleRegion: 
    Dimension: 3
    Index: [0, 0, 0]
    Size: [224, 320, 320]
  BufferedRegion: 
    Dimension: 3
    Index: [0, 0, 0]
    Size: [224, 320, 320]
  RequestedRegion: 
    Dimension: 3
    Index: [0, 0, 0]
    Size: [224, 320, 320]
  Spacing: [0.7, 0.7, 0.7]
  Origin: [-79.9085, 79.6874, -100.762]
  Direction: 
1 0 0
0 -1 0
0 0 1

  IndexToPointMatrix: 
0.7 0 0
0 -0.7 0
0 0 0.7

  PointToIndexMatrix: 
1.42857 0 0
0 -1.42857 0
0 0 1.42857

  Inverse Direction: 
1 0 0
0 -1 0
0 0 1

  PixelContainer: 
    ImportImageContainer (0x3cd8540)
      RTTI typeinfo:   itk::ImportImageContainer<unsigned long, double>
      Reference Count: 1
      Modified Time: 2125
      Debug: Off
      Object Name: 
      Observers: 
        none
      Pointer: 0x2b6821d23010
      Container manages memory: true
      Size: 22937600
      Capacity: 22937600

     Weighting = 1
     Sampling strategy = regular
     Number of bins = 32
     Radius = 4
     Sampling percentage  = 0.25
   Transform = Affine
     Gradient step = 0.1
     Update field sigma (voxel space) = 0
     Total field sigma (voxel space) = 0
     Update field time sigma = 0
     Total field time sigma  = 0
     Number of time indices = 0
     Number of time point samples = 0
Registration using 2 total stages.

Stage 0
  iterations = 1000x500x250x100
  convergence threshold = 1e-06
  convergence window size = 10
  number of levels = 4
  using the Mattes MI metric (number of bins = 32, weight = 1)
  preprocessing:  winsorizing the image intensities
  preprocessing:  histogram matching the images
  Shrink factors (level 1 out of 4): [8, 8, 8]
  Shrink factors (level 2 out of 4): [4, 4, 4]
  Shrink factors (level 3 out of 4): [2, 2, 2]
  Shrink factors (level 4 out of 4): [1, 1, 1]
  smoothing sigmas per level: [3, 2, 1, 0]
  regular sampling (percentage = 0.25)

*** Running Euler3DTransform registration ***

DIAGNOSTIC,Iteration,metricValue,convergenceValue,ITERATION_TIME_INDEX,SINCE_LAST
 2DIAGNOSTIC,     1, -4.020916050945e-01, 1.797693134862e+308, 2.6648e+00, 2.6648e+00, 
 2DIAGNOSTIC,     2, -4.035808212598e-01, 1.797693134862e+308, 2.7021e+00, 3.7282e-02, 
 2DIAGNOSTIC,     3, -4.062097753195e-01, 1.797693134862e+308, 2.7369e+00, 3.4826e-02, 
 2DIAGNOSTIC,     4, -4.104954588830e-01, 1.797693134862e+308, 2.7715e+00, 3.4662e-02, 
 2DIAGNOSTIC,     5, -4.167255497172e-01, 1.797693134862e+308, 2.8055e+00, 3.3952e-02, 
 2DIAGNOSTIC,     6, -4.244361062718e-01, 1.797693134862e+308, 2.8425e+00, 3.6958e-02, 
 2DIAGNOSTIC,     7, -4.345640775723e-01, 1.797693134862e+308, 2.8797e+00, 3.7242e-02, 
 2DIAGNOSTIC,     8, -4.481409291205e-01, 1.797693134862e+308, 2.9153e+00, 3.5613e-02, 
 2DIAGNOSTIC,     9, -4.527439410708e-01, 1.797693134862e+308, 2.9550e+00, 3.9680e-02, 
 2DIAGNOSTIC,    10, -4.536436745574e-01, 9.122538817293e-03, 3.0054e+00, 5.0418e-02, 
 2DIAGNOSTIC,    11, -4.538699364775e-01, 8.320012921854e-03, 3.0369e+00, 3.1475e-02, 
 2DIAGNOSTIC,    12, -4.545812775103e-01, 7.031750093041e-03, 3.0741e+00, 3.7167e-02, 
 2DIAGNOSTIC,    13, -4.550994201643e-01, 5.468344332821e-03, 3.1165e+00, 4.2453e-02, 
 2DIAGNOSTIC,    14, -4.554140427986e-01, 3.857331517071e-03, 3.1509e+00, 3.4426e-02, 
 2DIAGNOSTIC,    15, -4.557560474140e-01, 2.410679848161e-03, 3.1851e+00, 3.4153e-02, 
 2DIAGNOSTIC,    16, -4.562097967886e-01, 1.262448792893e-03, 3.2267e+00, 4.1653e-02, 
 2DIAGNOSTIC,    17, -4.579620764090e-01, 5.801156693579e-04, 3.2801e+00, 5.3354e-02, 
 2DIAGNOSTIC,    18, -4.595739014311e-01, 4.639034979398e-04, 3.3177e+00, 3.7638e-02, 
 2DIAGNOSTIC,    19, -4.597250197623e-01, 4.780785658290e-04, 3.3588e+00, 4.1080e-02, 
 2DIAGNOSTIC,    20, -4.598546105608e-01, 4.812378816279e-04, 3.4007e+00, 4.1893e-02, 
 2DIAGNOSTIC,    21, -4.599215302847e-01, 4.484679241687e-04, 3.4343e+00, 3.3634e-02, 
 2DIAGNOSTIC,    22, -4.602732275958e-01, 4.069583095906e-04, 3.4680e+00, 3.3677e-02, 
 2DIAGNOSTIC,    23, -4.614781406607e-01, 3.781975292593e-04, 3.5173e+00, 4.9308e-02, 
 2DIAGNOSTIC,    24, -4.619367256847e-01, 3.368874982436e-04, 3.5509e+00, 3.3575e-02, 
 2DIAGNOSTIC,    25, -4.624974039133e-01, 2.915792719594e-04, 3.5919e+00, 4.1004e-02, 
 2DIAGNOSTIC,    26, -4.631161900253e-01, 2.483734223032e-04, 3.6331e+00, 4.1159e-02, 
 2DIAGNOSTIC,    27, -4.634399607749e-01, 2.328608229966e-04, 3.6714e+00, 3.8352e-02, 
 2DIAGNOSTIC,    28, -4.659451333738e-01, 2.896973162062e-04, 3.7137e+00, 4.2293e-02, 
 2DIAGNOSTIC,    29, -4.669537613654e-01, 3.390877737642e-04, 3.7717e+00, 5.8037e-02, 
 2DIAGNOSTIC,    30, -4.672071095230e-01, 3.615417603710e-04, 3.8078e+00, 3.6104e-02, 
 2DIAGNOSTIC,    31, -4.681115578273e-01, 3.691186352374e-04, 3.8447e+00, 3.6809e-02, 
 2DIAGNOSTIC,    32, -4.687431183349e-01, 3.599178597198e-04, 3.8856e+00, 4.0986e-02, 
 2DIAGNOSTIC,    33, -4.687551454063e-01, 3.396856187678e-04, 3.9200e+00, 3.4364e-02, 
 2DIAGNOSTIC,    34, -4.688235097279e-01, 2.981833547331e-04, 3.9544e+00, 3.4361e-02, 
 2DIAGNOSTIC,    35, -4.691397339088e-01, 2.471397524005e-04, 3.9903e+00, 3.5970e-02, 
 2DIAGNOSTIC,    36, -4.698822843309e-01, 1.996177511204e-04, 4.0275e+00, 3.7187e-02, 
 2DIAGNOSTIC,    37, -4.745177936387e-01, 2.185646469009e-04, 4.0777e+00, 5.0146e-02, 
 2DIAGNOSTIC,    38, -4.753336959649e-01, 2.683894858709e-04, 4.1145e+00, 3.6820e-02, 
 2DIAGNOSTIC,    39, -4.767982430516e-01, 3.306763932666e-04, 4.1554e+00, 4.0885e-02, 
 2DIAGNOSTIC,    40, -4.822782091458e-01, 4.480834355786e-04, 4.1984e+00, 4.2993e-02, 
 2DIAGNOSTIC,    41, -4.859968561969e-01, 5.844593687505e-04, 4.2431e+00, 4.4768e-02, 
 2DIAGNOSTIC,    42, -4.876673571295e-01, 6.909726648153e-04, 4.2871e+00, 4.3936e-02, 
 2DIAGNOSTIC,    43, -4.878314904031e-01, 7.298269372702e-04, 4.3225e+00, 3.5439e-02, 
 2DIAGNOSTIC,    44, -4.879566803310e-01, 7.014001451317e-04, 4.3615e+00, 3.8957e-02, 
 2DIAGNOSTIC,    45, -4.880299523369e-01, 6.122478157240e-04, 4.4026e+00, 4.1171e-02, 
 2DIAGNOSTIC,    46, -4.881231592623e-01, 4.775283626708e-04, 4.4390e+00, 3.6348e-02, 
 2DIAGNOSTIC,    47, -4.881078123567e-01, 3.646802383455e-04, 4.4792e+00, 4.0260e-02, 
 2DIAGNOSTIC,    48, -4.881691881770e-01, 2.343044578958e-04, 4.5148e+00, 3.5532e-02, 
 2DIAGNOSTIC,    49, -4.883491606514e-01, 1.068106653374e-04, 4.5548e+00, 4.0016e-02, 
 2DIAGNOSTIC,    50, -4.887868474567e-01, 4.639199293004e-05, 4.6021e+00, 4.7273e-02, 
 2DIAGNOSTIC,    51, -4.886479525904e-01, 2.665240175529e-05, 4.6682e+00, 6.6164e-02, 
 2DIAGNOSTIC,    52, -4.886791419336e-01, 2.546588725891e-05, 4.7082e+00, 3.9942e-02, 
 2DIAGNOSTIC,    53, -4.885803044792e-01, 2.272433163604e-05, 4.7486e+00, 4.0470e-02, 
 2DIAGNOSTIC,    54, -4.885877244625e-01, 1.941916826991e-05, 4.7800e+00, 3.1384e-02, 
 2DIAGNOSTIC,    55, -4.885674912837e-01, 1.491376821037e-05, 4.8180e+00, 3.7939e-02, 
 2DIAGNOSTIC,    56, -4.886021958725e-01, 1.064486253059e-05, 4.8534e+00, 3.5386e-02, 
 2DIAGNOSTIC,    57, -4.886095699804e-01, 5.556364784071e-06, 4.8900e+00, 3.6630e-02, 
DIAGNOSTIC,Iteration,metricValue,convergenceValue,ITERATION_TIME_INDEX,SINCE_LAST
 2DIAGNOSTIC,     1, -4.407882780838e-01, 1.797693134862e+308, 7.8251e+00, 2.9351e+00, 
 2DIAGNOSTIC,     2, -4.409554895755e-01, 1.797693134862e+308, 8.1028e+00, 2.7777e-01, 
 2DIAGNOSTIC,     3, -4.410167146937e-01, 1.797693134862e+308, 8.3498e+00, 2.4698e-01, 
 2DIAGNOSTIC,     4, -4.410544838929e-01, 1.797693134862e+308, 8.6258e+00, 2.7604e-01, 
 2DIAGNOSTIC,     5, -4.410651551124e-01, 1.797693134862e+308, 8.9428e+00, 3.1695e-01, 
 2DIAGNOSTIC,     6, -4.410575339720e-01, 1.797693134862e+308, 9.2199e+00, 2.7715e-01, 
 2DIAGNOSTIC,     7, -4.410550621980e-01, 1.797693134862e+308, 9.6811e+00, 4.6117e-01, 
 2DIAGNOSTIC,     8, -4.410526322378e-01, 1.797693134862e+308, 9.9312e+00, 2.5009e-01, 
 2DIAGNOSTIC,     9, -4.410504141151e-01, 1.797693134862e+308, 1.0243e+01, 3.1168e-01, 
 2DIAGNOSTIC,    10, -4.410458182153e-01, 2.668380380362e-05, 1.0519e+01, 2.7637e-01, 
 2DIAGNOSTIC,    11, -4.410469019036e-01, 9.203105600195e-06, 1.0795e+01, 2.7609e-01, 
 2DIAGNOSTIC,    12, -4.410458368934e-01, 2.929976726310e-06, 1.1037e+01, 2.4168e-01, 
DIAGNOSTIC,Iteration,metricValue,convergenceValue,ITERATION_TIME_INDEX,SINCE_LAST
 2DIAGNOSTIC,     1, -3.953063563809e-01, 1.797693134862e+308, 1.6079e+01, 5.0419e+00, 
 2DIAGNOSTIC,     2, -3.956600088756e-01, 1.797693134862e+308, 1.7885e+01, 1.8061e+00, 
 2DIAGNOSTIC,     3, -3.959619949716e-01, 1.797693134862e+308, 1.9665e+01, 1.7802e+00, 
 2DIAGNOSTIC,     4, -3.960896479047e-01, 1.797693134862e+308, 2.1454e+01, 1.7887e+00, 
 2DIAGNOSTIC,     5, -3.961422184584e-01, 1.797693134862e+308, 2.3231e+01, 1.7767e+00, 
 2DIAGNOSTIC,     6, -3.962137580747e-01, 1.797693134862e+308, 2.5016e+01, 1.7855e+00, 
 2DIAGNOSTIC,     7, -3.962703792614e-01, 1.797693134862e+308, 2.7329e+01, 2.3130e+00, 
 2DIAGNOSTIC,     8, -3.963091621954e-01, 1.797693134862e+308, 2.9111e+01, 1.7820e+00, 
 2DIAGNOSTIC,     9, -3.963367017674e-01, 1.797693134862e+308, 3.1431e+01, 2.3203e+00, 
 2DIAGNOSTIC,    10, -3.963704491591e-01, 1.463527249741e-04, 3.4004e+01, 2.5726e+00, 
 2DIAGNOSTIC,    11, -3.963657297793e-01, 8.921153648135e-05, 3.6042e+01, 2.0383e+00, 
 2DIAGNOSTIC,    12, -3.963666674188e-01, 5.466478545174e-05, 3.8900e+01, 2.8575e+00, 
 2DIAGNOSTIC,    13, -3.963676793331e-01, 3.733167447276e-05, 4.0948e+01, 2.0480e+00, 
 2DIAGNOSTIC,    14, -3.963659834073e-01, 2.573409650339e-05, 4.2727e+01, 1.7788e+00, 
 2DIAGNOSTIC,    15, -3.963658568050e-01, 1.598720805507e-05, 4.4780e+01, 2.0531e+00, 
 2DIAGNOSTIC,    16, -3.963643757453e-01, 9.294977256810e-06, 4.6555e+01, 1.7748e+00, 
 2DIAGNOSTIC,    17, -3.963648281182e-01, 5.116990643303e-06, 4.9125e+01, 2.5708e+00, 
 2DIAGNOSTIC,    18, -3.963653186103e-01, 2.648585786996e-06, 5.1177e+01, 2.0514e+00, 
 2DIAGNOSTIC,    19, -3.963633128511e-01, 1.284126503687e-06, 5.2965e+01, 1.7880e+00, 
 2DIAGNOSTIC,    20, -3.963621000912e-01, 1.268240929608e-06, 5.4741e+01, 1.7759e+00, 
 2DIAGNOSTIC,    21, -3.963622851724e-01, 1.129062003141e-06, 5.6521e+01, 1.7803e+00, 
 2DIAGNOSTIC,    22, -3.963630350868e-01, 1.090099104317e-06, 5.8298e+01, 1.7771e+00, 
 2DIAGNOSTIC,    23, -3.963650932226e-01, 1.183025136714e-06, 6.0097e+01, 1.7991e+00, 
 2DIAGNOSTIC,    24, -3.963640237601e-01, 1.203839502292e-06, 6.2422e+01, 2.3243e+00, 
 2DIAGNOSTIC,    25, -3.963632888531e-01, 1.214054150642e-06, 6.5528e+01, 3.1067e+00, 
 2DIAGNOSTIC,    26, -3.963618095072e-01, 1.147354664464e-06, 6.7554e+01, 2.0258e+00, 
 2DIAGNOSTIC,    27, -3.963597744679e-01, 1.049081670111e-06, 6.9597e+01, 2.0427e+00, 
DIAGNOSTIC,Iteration,metricValue,convergenceValue,ITERATION_TIME_INDEX,SINCE_LAST
 2DIAGNOSTIC,     1, -3.586768653812e-01, 1.797693134862e+308, 8.6242e+01, 1.6645e+01, 
 2DIAGNOSTIC,     2, -3.588224286740e-01, 1.797693134862e+308, 9.8338e+01, 1.2096e+01, 
 2DIAGNOSTIC,     3, -3.588716354320e-01, 1.797693134862e+308, 1.1044e+02, 1.2100e+01, 
 2DIAGNOSTIC,     4, -3.588933021826e-01, 1.797693134862e+308, 1.2254e+02, 1.2098e+01, 
 2DIAGNOSTIC,     5, -3.589246095896e-01, 1.797693134862e+308, 1.4160e+02, 1.9061e+01, 
 2DIAGNOSTIC,     6, -3.589235564822e-01, 1.797693134862e+308, 1.6071e+02, 1.9113e+01, 
 2DIAGNOSTIC,     7, -3.589239509468e-01, 1.797693134862e+308, 1.7631e+02, 1.5603e+01, 
 2DIAGNOSTIC,     8, -3.589240145771e-01, 1.797693134862e+308, 1.9009e+02, 1.3773e+01, 
 2DIAGNOSTIC,     9, -3.589237022123e-01, 1.797693134862e+308, 2.0391e+02, 1.3820e+01, 
 2DIAGNOSTIC,    10, -3.589235278756e-01, 3.375327014507e-05, 2.1772e+02, 1.3811e+01, 
 2DIAGNOSTIC,    11, -3.589236839282e-01, 1.496693995898e-05, 2.3153e+02, 1.3816e+01, 
 2DIAGNOSTIC,    12, -3.589235832458e-01, 7.785718418946e-06, 2.4357e+02, 1.2041e+01, 
 2DIAGNOSTIC,    13, -3.589235226387e-01, 4.223733131511e-06, 2.5922e+02, 1.5644e+01, 
 2DIAGNOSTIC,    14, -3.589233711845e-01, 2.175643676161e-06, 2.7302e+02, 1.3806e+01, 
 2DIAGNOSTIC,    15, -3.589233405868e-01, 2.062887677179e-06, 2.8683e+02, 1.3811e+01, 
 2DIAGNOSTIC,    16, -3.589233207126e-01, 1.915485673590e-06, 2.9895e+02, 1.2114e+01, 
 2DIAGNOSTIC,    17, -3.589233007584e-01, 1.809135991272e-06, 3.1094e+02, 1.1992e+01, 
 2DIAGNOSTIC,    18, -3.589232889776e-01, 1.723120773206e-06, 3.2296e+02, 1.2019e+01, 
 2DIAGNOSTIC,    19, -3.589233336325e-01, 1.639429274093e-06, 3.4024e+02, 1.7285e+01, 
 2DIAGNOSTIC,    20, -3.589233386802e-01, 1.560358307312e-06, 3.5400e+02, 1.3758e+01, 
 2DIAGNOSTIC,    21, -3.589232665192e-01, 1.494813831160e-06, 3.6776e+02, 1.3757e+01, 
 2DIAGNOSTIC,    22, -3.589232462834e-01, 1.432843960106e-06, 3.8152e+02, 1.3757e+01, 
 2DIAGNOSTIC,    23, -3.589233271746e-01, 1.378312786779e-06, 3.9880e+02, 1.7277e+01, 
 2DIAGNOSTIC,    24, -3.589232297530e-01, 1.320427513440e-06, 4.1429e+02, 1.5498e+01, 
 2DIAGNOSTIC,    25, -3.589231801623e-01, 1.265221283409e-06, 4.2806e+02, 1.3771e+01, 
 2DIAGNOSTIC,    26, -3.589231054397e-01, 1.212183104150e-06, 4.4014e+02, 1.2079e+01, 
 2DIAGNOSTIC,    27, -3.589231069044e-01, 1.163634567654e-06, 4.5349e+02, 1.3344e+01, 
 2DIAGNOSTIC,    28, -3.589230919743e-01, 1.119028705671e-06, 4.6472e+02, 1.1229e+01, 
 2DIAGNOSTIC,    29, -3.589231196227e-01, 1.081071101972e-06, 4.7850e+02, 1.3789e+01, 
 2DIAGNOSTIC,    30, -3.589231716074e-01, 1.048746963564e-06, 4.9407e+02, 1.5567e+01, 
 2DIAGNOSTIC,    31, -3.589231470432e-01, 1.017138305075e-06, 5.0789e+02, 1.3822e+01, 
  Elapsed time (stage 0): 5.1663e+02


Stage 1
  iterations = 1000x500x250x100
  convergence threshold = 1.0000e-06
  convergence window size = 10
  number of levels = 4
  using the Mattes MI metric (number of bins = 32, weight = 1.0000e+00)
  preprocessing:  winsorizing the image intensities
  preprocessing:  histogram matching the images
  Shrink factors (level 1 out of 4): [8, 8, 8]
  Shrink factors (level 2 out of 4): [4, 4, 4]
  Shrink factors (level 3 out of 4): [2, 2, 2]
  Shrink factors (level 4 out of 4): [1, 1, 1]
  smoothing sigmas per level: [3, 2, 1, 0]
  regular sampling (percentage = 2.5000e-01)

*** Running AffineTransform registration ***

DIAGNOSTIC,Iteration,metricValue,convergenceValue,ITERATION_TIME_INDEX,SINCE_LAST
 2DIAGNOSTIC,     1, -4.896187247006e-01, 1.797693134862e+308, 2.6815e+00, 2.6815e+00, 
 2DIAGNOSTIC,     2, -4.910290718083e-01, 1.797693134862e+308, 2.7186e+00, 3.7062e-02, 
 2DIAGNOSTIC,     3, -4.931318896448e-01, 1.797693134862e+308, 2.7549e+00, 3.6373e-02, 
 2DIAGNOSTIC,     4, -4.972421847005e-01, 1.797693134862e+308, 2.7900e+00, 3.5038e-02, 
 2DIAGNOSTIC,     5, -5.041240175488e-01, 1.797693134862e+308, 2.8273e+00, 3.7273e-02, 
 2DIAGNOSTIC,     6, -5.165437331305e-01, 1.797693134862e+308, 2.8659e+00, 3.8645e-02, 
 2DIAGNOSTIC,     7, -5.358730068996e-01, 1.797693134862e+308, 2.9029e+00, 3.6972e-02, 
 2DIAGNOSTIC,     8, -5.758094589928e-01, 1.797693134862e+308, 2.9409e+00, 3.8063e-02, 
 2DIAGNOSTIC,     9, -6.071079126128e-01, 1.797693134862e+308, 3.0006e+00, 5.9651e-02, 
 2DIAGNOSTIC,    10, -6.147590046817e-01, 1.626424218567e-02, 3.0882e+00, 8.7622e-02, 
 2DIAGNOSTIC,    11, -6.147898076907e-01, 1.645325764606e-02, 3.1272e+00, 3.9026e-02, 
 2DIAGNOSTIC,    12, -6.150095708780e-01, 1.522663423540e-02, 3.1668e+00, 3.9582e-02, 
 2DIAGNOSTIC,    13, -6.153679340186e-01, 1.292307348351e-02, 3.2064e+00, 3.9560e-02, 
 2DIAGNOSTIC,    14, -6.159356537864e-01, 9.973476270215e-03, 3.2451e+00, 3.8733e-02, 
 2DIAGNOSTIC,    15, -6.168542983008e-01, 6.824852487379e-03, 3.2806e+00, 3.5486e-02, 
 2DIAGNOSTIC,    16, -6.181634579792e-01, 3.929591594242e-03, 3.3183e+00, 3.7703e-02, 
 2DIAGNOSTIC,    17, -6.197638712760e-01, 1.643331938158e-03, 3.3577e+00, 3.9425e-02, 
 2DIAGNOSTIC,    18, -6.217353016538e-01, 6.201099613705e-04, 3.3971e+00, 3.9333e-02, 
 2DIAGNOSTIC,    19, -6.228900915027e-01, 4.976954322187e-04, 3.4363e+00, 3.9251e-02, 
 2DIAGNOSTIC,    20, -6.233919865414e-01, 5.440155237147e-04, 3.4814e+00, 4.5136e-02, 
 2DIAGNOSTIC,    21, -6.237288058682e-01, 5.440260823175e-04, 3.5245e+00, 4.3023e-02, 
 2DIAGNOSTIC,    22, -6.241265935338e-01, 5.070382374052e-04, 3.5874e+00, 6.2914e-02, 
 2DIAGNOSTIC,    23, -6.241429518267e-01, 4.337563280748e-04, 3.6250e+00, 3.7668e-02, 
 2DIAGNOSTIC,    24, -6.241878181114e-01, 3.389681142771e-04, 3.6643e+00, 3.9219e-02, 
 2DIAGNOSTIC,    25, -6.243114863179e-01, 2.410082233240e-04, 3.7046e+00, 4.0345e-02, 
 2DIAGNOSTIC,    26, -6.244571740524e-01, 1.554086793864e-04, 3.7451e+00, 4.0503e-02, 
 2DIAGNOSTIC,    27, -6.245536246123e-01, 9.163735070742e-05, 3.7825e+00, 3.7348e-02, 
 2DIAGNOSTIC,    28, -6.246416919337e-01, 5.926601409449e-05, 3.8332e+00, 5.0722e-02, 
 2DIAGNOSTIC,    29, -6.246636393982e-01, 4.324131464871e-05, 3.8855e+00, 5.2282e-02, 
 2DIAGNOSTIC,    30, -6.246749637386e-01, 3.250297253737e-05, 3.9297e+00, 4.4246e-02, 
 2DIAGNOSTIC,    31, -6.246784050197e-01, 2.459982403712e-05, 3.9735e+00, 4.3757e-02, 
 2DIAGNOSTIC,    32, -6.247392442654e-01, 2.185064795752e-05, 4.0121e+00, 3.8594e-02, 
 2DIAGNOSTIC,    33, -6.247469328956e-01, 1.764193234502e-05, 4.0468e+00, 3.4713e-02, 
 2DIAGNOSTIC,    34, -6.247805157654e-01, 1.321187184836e-05, 4.0842e+00, 3.7448e-02, 
 2DIAGNOSTIC,    35, -6.249006100692e-01, 1.118117966626e-05, 4.1461e+00, 6.1870e-02, 
 2DIAGNOSTIC,    36, -6.249027115842e-01, 1.019000313987e-05, 4.1940e+00, 4.7902e-02, 
 2DIAGNOSTIC,    37, -6.248945251338e-01, 9.492299018476e-06, 4.2312e+00, 3.7189e-02, 
 2DIAGNOSTIC,    38, -6.248947157095e-01, 9.134098920800e-06, 4.2692e+00, 3.7971e-02, 
 2DIAGNOSTIC,    39, -6.248970121073e-01, 8.298449027257e-06, 4.3063e+00, 3.7101e-02, 
 2DIAGNOSTIC,    40, -6.249113655192e-01, 7.081901428712e-06, 4.3440e+00, 3.7778e-02, 
 2DIAGNOSTIC,    41, -6.249267788742e-01, 5.526112795348e-06, 4.3976e+00, 5.3582e-02, 
 2DIAGNOSTIC,    42, -6.249282371320e-01, 4.321350091943e-06, 4.4413e+00, 4.3706e-02, 
 2DIAGNOSTIC,    43, -6.249108327082e-01, 2.740796262165e-06, 4.4895e+00, 4.8155e-02, 
 2DIAGNOSTIC,    44, -6.249243172740e-01, 1.520279936242e-06, 4.5257e+00, 3.6245e-02, 
 2DIAGNOSTIC,    45, -6.249253288395e-01, 1.540442848905e-06, 4.5673e+00, 4.1548e-02, 
 2DIAGNOSTIC,    46, -6.249086394267e-01, 1.331087512497e-06, 4.6098e+00, 4.2531e-02, 
 2DIAGNOSTIC,    47, -6.249202523895e-01, 1.115961116165e-06, 4.6491e+00, 3.9335e-02, 
DIAGNOSTIC,Iteration,metricValue,convergenceValue,ITERATION_TIME_INDEX,SINCE_LAST
 2DIAGNOSTIC,     1, -5.429652693415e-01, 1.797693134862e+308, 7.6501e+00, 3.0009e+00, 
 2DIAGNOSTIC,     2, -5.434324921538e-01, 1.797693134862e+308, 7.9094e+00, 2.5931e-01, 
 2DIAGNOSTIC,     3, -5.440020630316e-01, 1.797693134862e+308, 8.1648e+00, 2.5547e-01, 
 2DIAGNOSTIC,     4, -5.445749954953e-01, 1.797693134862e+308, 8.4297e+00, 2.6484e-01, 
 2DIAGNOSTIC,     5, -5.451167252763e-01, 1.797693134862e+308, 8.6941e+00, 2.6441e-01, 
 2DIAGNOSTIC,     6, -5.457026880701e-01, 1.797693134862e+308, 8.9989e+00, 3.0482e-01, 
 2DIAGNOSTIC,     7, -5.457864691702e-01, 1.797693134862e+308, 9.2908e+00, 2.9189e-01, 
 2DIAGNOSTIC,     8, -5.458837344666e-01, 1.797693134862e+308, 9.6175e+00, 3.2673e-01, 
 2DIAGNOSTIC,     9, -5.459849277377e-01, 1.797693134862e+308, 9.8786e+00, 2.6109e-01, 
 2DIAGNOSTIC,    10, -5.462700487090e-01, 3.952626910945e-04, 1.0135e+01, 2.5661e-01, 
 2DIAGNOSTIC,    11, -5.463654814146e-01, 3.003776517117e-04, 1.0428e+01, 2.9229e-01, 
 2DIAGNOSTIC,    12, -5.464231794225e-01, 2.173770225582e-04, 1.0789e+01, 3.6152e-01, 
 2DIAGNOSTIC,    13, -5.464476708697e-01, 1.516634496270e-04, 1.1051e+01, 2.6201e-01, 
 2DIAGNOSTIC,    14, -5.464938068036e-01, 1.045239825046e-04, 1.1306e+01, 2.5522e-01, 
 2DIAGNOSTIC,    15, -5.465688817799e-01, 7.508382260733e-05, 1.1570e+01, 2.6346e-01, 
 2DIAGNOSTIC,    16, -5.466214869034e-01, 6.331337097218e-05, 1.2000e+01, 4.2977e-01, 
 2DIAGNOSTIC,    17, -5.466261017453e-01, 5.004957662468e-05, 1.2294e+01, 2.9477e-01, 
 2DIAGNOSTIC,    18, -5.466216329170e-01, 3.658457746562e-05, 1.2588e+01, 2.9394e-01, 
 2DIAGNOSTIC,    19, -5.466230123844e-01, 2.395519527690e-05, 1.2881e+01, 2.9287e-01, 
 2DIAGNOSTIC,    20, -5.466238494980e-01, 1.788070763872e-05, 1.3137e+01, 2.5601e-01, 
 2DIAGNOSTIC,    21, -5.466254872580e-01, 1.322894305335e-05, 1.3400e+01, 2.6339e-01, 
 2DIAGNOSTIC,    22, -5.466314433041e-01, 9.432817946117e-06, 1.3658e+01, 2.5710e-01, 
 2DIAGNOSTIC,    23, -5.466467983015e-01, 6.130266913547e-06, 1.3917e+01, 2.5922e-01, 
 2DIAGNOSTIC,    24, -5.466576574657e-01, 3.855956425929e-06, 1.4175e+01, 2.5788e-01, 
 2DIAGNOSTIC,    25, -5.466913003682e-01, 3.757367397418e-06, 1.4431e+01, 2.5667e-01, 
 2DIAGNOSTIC,    26, -5.467177393401e-01, 4.999418994428e-06, 1.4760e+01, 3.2850e-01, 
 2DIAGNOSTIC,    27, -5.467531259279e-01, 6.561530748343e-06, 1.5157e+01, 3.9743e-01, 
 2DIAGNOSTIC,    28, -5.467506319328e-01, 7.366141181409e-06, 1.5415e+01, 2.5819e-01, 
 2DIAGNOSTIC,    29, -5.467567109811e-01, 7.672563073290e-06, 1.5734e+01, 3.1843e-01, 
 2DIAGNOSTIC,    30, -5.467596707812e-01, 7.401764559968e-06, 1.6032e+01, 2.9849e-01, 
 2DIAGNOSTIC,    31, -5.467614222248e-01, 6.595718399074e-06, 1.6328e+01, 2.9556e-01, 
 2DIAGNOSTIC,    32, -5.467609686235e-01, 5.396069394023e-06, 1.6582e+01, 2.5452e-01, 
 2DIAGNOSTIC,    33, -5.467609865301e-01, 4.102017004848e-06, 1.6881e+01, 2.9829e-01, 
 2DIAGNOSTIC,    34, -5.467591771283e-01, 2.722568704382e-06, 1.7180e+01, 2.9938e-01, 
 2DIAGNOSTIC,    35, -5.467598871402e-01, 1.757032767846e-06, 1.7477e+01, 2.9708e-01, 
 2DIAGNOSTIC,    36, -5.467578898242e-01, 1.103079829107e-06, 1.7736e+01, 2.5833e-01, 
 2DIAGNOSTIC,    37, -5.467650716215e-01, 1.065596966075e-06, 1.8087e+01, 3.5146e-01, 
DIAGNOSTIC,Iteration,metricValue,convergenceValue,ITERATION_TIME_INDEX,SINCE_LAST
 2DIAGNOSTIC,     1, -4.829159315465e-01, 1.797693134862e+308, 2.3239e+01, 5.1525e+00, 
 2DIAGNOSTIC,     2, -4.831483325270e-01, 1.797693134862e+308, 2.5178e+01, 1.9384e+00, 
 2DIAGNOSTIC,     3, -4.832855544585e-01, 1.797693134862e+308, 2.7384e+01, 2.2065e+00, 
 2DIAGNOSTIC,     4, -4.832969882756e-01, 1.797693134862e+308, 3.0624e+01, 3.2398e+00, 
 2DIAGNOSTIC,     5, -4.832969808877e-01, 1.797693134862e+308, 3.3098e+01, 2.4738e+00, 
 2DIAGNOSTIC,     6, -4.832972118444e-01, 1.797693134862e+308, 3.5304e+01, 2.2060e+00, 
 2DIAGNOSTIC,     7, -4.832963693774e-01, 1.797693134862e+308, 3.7478e+01, 2.1736e+00, 
 2DIAGNOSTIC,     8, -4.832956413577e-01, 1.797693134862e+308, 3.9647e+01, 2.1695e+00, 
 2DIAGNOSTIC,     9, -4.832954940268e-01, 1.797693134862e+308, 4.2583e+01, 2.9360e+00, 
 2DIAGNOSTIC,    10, -4.832954847694e-01, 3.346621841588e-05, 4.5788e+01, 3.2045e+00, 
 2DIAGNOSTIC,    11, -4.832955247921e-01, 1.112868812078e-05, 4.7967e+01, 2.1796e+00, 
 2DIAGNOSTIC,    12, -4.832953928369e-01, 2.973914781365e-06, 5.0130e+01, 2.1633e+00, 
 2DIAGNOSTIC,    13, -4.832952608551e-01, 2.232842218772e-06, 5.2310e+01, 2.1791e+00, 
 2DIAGNOSTIC,    14, -4.832949639778e-01, 2.084839629921e-06, 5.4217e+01, 1.9079e+00, 
 2DIAGNOSTIC,    15, -4.832950077751e-01, 1.974199430571e-06, 5.6479e+01, 2.2619e+00, 
 2DIAGNOSTIC,    16, -4.832948746401e-01, 1.894646297559e-06, 5.8517e+01, 2.0379e+00, 
 2DIAGNOSTIC,    17, -4.832949224461e-01, 1.806306908082e-06, 6.0563e+01, 2.0458e+00, 
 2DIAGNOSTIC,    18, -4.832948179832e-01, 1.706795325906e-06, 6.2889e+01, 2.3265e+00, 
 2DIAGNOSTIC,    19, -4.832945454086e-01, 1.610536319509e-06, 6.4925e+01, 2.0353e+00, 
 2DIAGNOSTIC,    20, -4.832944818639e-01, 1.527785531578e-06, 6.7242e+01, 2.3172e+00, 
 2DIAGNOSTIC,    21, -4.832946028373e-01, 1.463164847941e-06, 6.9553e+01, 2.3112e+00, 
 2DIAGNOSTIC,    22, -4.832945194814e-01, 1.403283225426e-06, 7.1595e+01, 2.0414e+00, 
 2DIAGNOSTIC,    23, -4.832944977794e-01, 1.348987907941e-06, 7.3903e+01, 2.3086e+00, 
 2DIAGNOSTIC,    24, -4.832946292371e-01, 1.298477914434e-06, 7.6219e+01, 2.3161e+00, 
 2DIAGNOSTIC,    25, -4.832944221382e-01, 1.250677884826e-06, 7.8536e+01, 2.3163e+00, 
 2DIAGNOSTIC,    26, -4.832941196159e-01, 1.198717054354e-06, 8.1365e+01, 2.8293e+00, 
 2DIAGNOSTIC,    27, -4.832940135291e-01, 1.151845519909e-06, 8.3674e+01, 2.3090e+00, 
 2DIAGNOSTIC,    28, -4.832940541938e-01, 1.109576747260e-06, 8.5986e+01, 2.3121e+00, 
 2DIAGNOSTIC,    29, -4.832939190896e-01, 1.064323966869e-06, 8.8028e+01, 2.0422e+00, 
 2DIAGNOSTIC,    30, -4.832938021538e-01, 1.021671557216e-06, 9.0056e+01, 2.0282e+00, 
DIAGNOSTIC,Iteration,metricValue,convergenceValue,ITERATION_TIME_INDEX,SINCE_LAST
 2DIAGNOSTIC,     1, -4.340933266858e-01, 1.797693134862e+308, 1.0809e+02, 1.8033e+01, 
 2DIAGNOSTIC,     2, -4.342664076736e-01, 1.797693134862e+308, 1.2124e+02, 1.3150e+01, 
 2DIAGNOSTIC,     3, -4.343973724925e-01, 1.797693134862e+308, 1.3482e+02, 1.3584e+01, 
 2DIAGNOSTIC,     4, -4.344496347105e-01, 1.797693134862e+308, 1.4841e+02, 1.3581e+01, 
 2DIAGNOSTIC,     5, -4.344772229387e-01, 1.797693134862e+308, 1.6376e+02, 1.5350e+01, 
 2DIAGNOSTIC,     6, -4.344957130400e-01, 1.797693134862e+308, 1.8163e+02, 1.7872e+01, 
 2DIAGNOSTIC,     7, -4.345123526428e-01, 1.797693134862e+308, 1.9759e+02, 1.5960e+01, 
 2DIAGNOSTIC,     8, -4.345191147468e-01, 1.797693134862e+308, 2.1352e+02, 1.5937e+01, 
 2DIAGNOSTIC,     9, -4.345420357722e-01, 1.797693134862e+308, 2.2757e+02, 1.4048e+01, 
 2DIAGNOSTIC,    10, -4.345864452200e-01, 5.890077406182e-05, 2.4712e+02, 1.9546e+01, 
 2DIAGNOSTIC,    11, -4.345976377117e-01, 3.759866665426e-05, 2.6118e+02, 1.4060e+01, 
 2DIAGNOSTIC,    12, -4.346488980155e-01, 2.883128608817e-05, 2.7827e+02, 1.7095e+01, 
 2DIAGNOSTIC,    13, -4.346771228723e-01, 2.697224255079e-05, 3.0861e+02, 3.0336e+01, 
 2DIAGNOSTIC,    14, -4.346770828223e-01, 2.555011556188e-05, 3.2820e+02, 1.9592e+01, 
 2DIAGNOSTIC,    15, -4.346771374772e-01, 2.340156563314e-05, 3.4779e+02, 1.9585e+01, 
 2DIAGNOSTIC,    16, -4.346770992022e-01, 2.032000891239e-05, 3.6369e+02, 1.5901e+01, 
 2DIAGNOSTIC,    17, -4.346770803570e-01, 1.654514609226e-05, 3.8140e+02, 1.7717e+01, 
 2DIAGNOSTIC,    18, -4.346770604363e-01, 1.205726865196e-05, 3.9727e+02, 1.5864e+01, 
 2DIAGNOSTIC,    19, -4.346770408434e-01, 7.862744970340e-06, 4.1127e+02, 1.4006e+01, 
 2DIAGNOSTIC,    20, -4.346770219250e-01, 4.989182517977e-06, 4.2527e+02, 1.4001e+01, 
 2DIAGNOSTIC,    21, -4.346770247751e-01, 2.386279359508e-06, 4.4373e+02, 1.8453e+01, 
 2DIAGNOSTIC,    22, -4.346770236600e-01, 1.438512687052e-06, 4.5953e+02, 1.5804e+01, 
 2DIAGNOSTIC,    23, -4.346770038577e-01, 1.375965135095e-06, 4.7536e+02, 1.5828e+01, 
 2DIAGNOSTIC,    24, -4.346769842233e-01, 1.317666532684e-06, 4.8938e+02, 1.4021e+01, 
 2DIAGNOSTIC,    25, -4.346769859683e-01, 1.266298278471e-06, 5.0340e+02, 1.4017e+01, 
 2DIAGNOSTIC,    26, -4.346770095503e-01, 1.219099124934e-06, 5.1736e+02, 1.3965e+01, 
 2DIAGNOSTIC,    27, -4.346769940200e-01, 1.174979915516e-06, 5.3317e+02, 1.5808e+01, 
 2DIAGNOSTIC,    28, -4.346769764905e-01, 1.133496821126e-06, 5.4898e+02, 1.5815e+01, 
 2DIAGNOSTIC,    29, -4.346769577922e-01, 1.094314337383e-06, 5.6284e+02, 1.3853e+01, 
 2DIAGNOSTIC,    30, -4.346769196183e-01, 1.056756244372e-06, 5.7668e+02, 1.3847e+01, 
 2DIAGNOSTIC,    31, -4.346769455090e-01, 1.022579715092e-06, 5.9120e+02, 1.4520e+01, 
  Elapsed time (stage 1): 6.0139e+02


Total elapsed time: 1.1180e+03

--------------------------------------------------------------------------------------
 Mapping parameters
--------------------------------------------------------------------------------------
 ANTSPATH is /usr/local/software/spack/spack-git/opt/spack/linux-rhel7-broadwell/gcc-5/ants-2.3.4-lj6vm7ccmij4yywr4ynrttcko4aoflqt/bin

 Dimensionality:           3
 Output name prefix:       T1xT2_ANTs
 Fixed images:             /home/ccn30/rds/rds-p00500_encrypt-URQgmO1brZ0/p00500/ENCRYPT_images/27532/T2/N4t2.nii
 Moving images:            /home/ccn30/rds/rds-p00500_encrypt-URQgmO1brZ0/p00500/ENCRYPT_images/27532/mp2rage/n4mag0000_PSIR_skulled_std.nii
 Mask images:              
 Initial transforms:       
 Number of threads:        1
 Spline distance:          26
 Transform type:           a
 MI histogram bins:        32
 Precision:                d
 Use histogram matching    0
======================================================================================
 antsRegistration call:
--------------------------------------------------------------------------------------
/usr/local/software/spack/spack-git/opt/spack/linux-rhel7-broadwell/gcc-5/ants-2.3.4-lj6vm7ccmij4yywr4ynrttcko4aoflqt/bin/antsRegistration --verbose 1 --dimensionality 3 --float 0 --collapse-output-transforms 1 --output [ T1xT2_ANTs,T1xT2_ANTsWarped.nii.gz,T1xT2_ANTsInverseWarped.nii.gz ] --interpolation Linear --use-histogram-matching 0 --winsorize-image-intensities [ 0.005,0.995 ] --initial-moving-transform [ /home/ccn30/rds/rds-p00500_encrypt-URQgmO1brZ0/p00500/ENCRYPT_images/27532/T2/N4t2.nii,/home/ccn30/rds/rds-p00500_encrypt-URQgmO1brZ0/p00500/ENCRYPT_images/27532/mp2rage/n4mag0000_PSIR_skulled_std.nii,1 ] --transform Rigid[ 0.1 ] --metric MI[ /home/ccn30/rds/rds-p00500_encrypt-URQgmO1brZ0/p00500/ENCRYPT_images/27532/T2/N4t2.nii,/home/ccn30/rds/rds-p00500_encrypt-URQgmO1brZ0/p00500/ENCRYPT_images/27532/mp2rage/n4mag0000_PSIR_skulled_std.nii,1,32,Regular,0.25 ] --convergence [ 1000x500x250x0,1e-6,10 ] --shrink-factors 12x8x4x2 --smoothing-sigmas 4x3x2x1vox --transform Affine[ 0.1 ] --metric MI[ /home/ccn30/rds/rds-p00500_encrypt-URQgmO1brZ0/p00500/ENCRYPT_images/27532/T2/N4t2.nii,/home/ccn30/rds/rds-p00500_encrypt-URQgmO1brZ0/p00500/ENCRYPT_images/27532/mp2rage/n4mag0000_PSIR_skulled_std.nii,1,32,Regular,0.25 ] --convergence [ 1000x500x250x0,1e-6,10 ] --shrink-factors 12x8x4x2 --smoothing-sigmas 4x3x2x1vox
--------------------------------------------------------------------------------------
All_Command_lines_OK
Using double precision for computations.
=============================================================================
The composite transform comprises the following transforms (in order): 
  1. Center of mass alignment using fixed image: /home/ccn30/rds/rds-p00500_encrypt-URQgmO1brZ0/p00500/ENCRYPT_images/27532/T2/N4t2.nii and moving image: /home/ccn30/rds/rds-p00500_encrypt-URQgmO1brZ0/p00500/ENCRYPT_images/27532/mp2rage/n4mag0000_PSIR_skulled_std.nii (type = Euler3DTransform)
=============================================================================
  number of levels = 4
  number of levels = 4
  fixed image: /home/ccn30/rds/rds-p00500_encrypt-URQgmO1brZ0/p00500/ENCRYPT_images/27532/T2/N4t2.nii
  moving image: /home/ccn30/rds/rds-p00500_encrypt-URQgmO1brZ0/p00500/ENCRYPT_images/27532/mp2rage/n4mag0000_PSIR_skulled_std.nii
  fixed image: /home/ccn30/rds/rds-p00500_encrypt-URQgmO1brZ0/p00500/ENCRYPT_images/27532/T2/N4t2.nii
  moving image: /home/ccn30/rds/rds-p00500_encrypt-URQgmO1brZ0/p00500/ENCRYPT_images/27532/mp2rage/n4mag0000_PSIR_skulled_std.nii
Dimension = 3
Number of stages = 2
Use Histogram Matching false
Winsorize image intensities true
Lower quantile = 0.005
Upper quantile = 0.995
Stage 1 State
   Image metric = Mattes
     Fixed image = Image (0x3eef010)
  RTTI typeinfo:   itk::Image<double, 3u>
  Reference Count: 2
  Modified Time: 1709
  Debug: Off
  Object Name: 
  Observers: 
    none
  Source: (none)
  Source output name: (none)
  Release Data: Off
  Data Released: False
  Global Release Data: Off
  PipelineMTime: 0
  UpdateMTime: 1492
  RealTimeStamp: 0 seconds 
  LargestPossibleRegion: 
    Dimension: 3
    Index: [0, 0, 0]
    Size: [512, 512, 54]
  BufferedRegion: 
    Dimension: 3
    Index: [0, 0, 0]
    Size: [512, 512, 54]
  RequestedRegion: 
    Dimension: 3
    Index: [0, 0, 0]
    Size: [512, 512, 54]
  Spacing: [0.4375, 0.4375, 1.1]
  Origin: [-112.903, -15.6309, -115.393]
  Direction: 
0.999504 0.00726214 -0.0306281
0.0314773 -0.230522 0.972558
-2.39458e-06 0.97304 0.230637

  IndexToPointMatrix: 
0.437283 0.00317719 -0.0336909
0.0137713 -0.100853 1.06981
-1.04763e-06 0.425705 0.2537

  PointToIndexMatrix: 
2.28458 0.0719481 -5.47429e-06
0.0165992 -0.526908 2.22409
-0.0278437 0.884143 0.20967

  Inverse Direction: 
0.999504 0.0314773 -2.395e-06
0.00726214 -0.230522 0.97304
-0.0306281 0.972558 0.230637

  PixelContainer: 
    ImportImageContainer (0x3ee9980)
      RTTI typeinfo:   itk::ImportImageContainer<unsigned long, double>
      Reference Count: 1
      Modified Time: 1489
      Debug: Off
      Object Name: 
      Observers: 
        none
      Pointer: 0x2aadecae9010
      Container manages memory: true
      Size: 14155776
      Capacity: 14155776

     Moving image = Image (0x3eecb30)
  RTTI typeinfo:   itk::Image<double, 3u>
  Reference Count: 2
  Modified Time: 1710
  Debug: Off
  Object Name: 
  Observers: 
    none
  Source: (none)
  Source output name: (none)
  Release Data: Off
  Data Released: False
  Global Release Data: Off
  PipelineMTime: 0
  UpdateMTime: 1707
  RealTimeStamp: 0 seconds 
  LargestPossibleRegion: 
    Dimension: 3
    Index: [0, 0, 0]
    Size: [224, 320, 320]
  BufferedRegion: 
    Dimension: 3
    Index: [0, 0, 0]
    Size: [224, 320, 320]
  RequestedRegion: 
    Dimension: 3
    Index: [0, 0, 0]
    Size: [224, 320, 320]
  Spacing: [0.7, 0.7, 0.7]
  Origin: [-79.9085, 79.6874, -100.762]
  Direction: 
1 0 0
0 -1 0
0 0 1

  IndexToPointMatrix: 
0.7 0 0
0 -0.7 0
0 0 0.7

  PointToIndexMatrix: 
1.42857 0 0
0 -1.42857 0
0 0 1.42857

  Inverse Direction: 
1 0 0
0 -1 0
0 0 1

  PixelContainer: 
    ImportImageContainer (0x3ee9780)
      RTTI typeinfo:   itk::ImportImageContainer<unsigned long, double>
      Reference Count: 1
      Modified Time: 1704
      Debug: Off
      Object Name: 
      Observers: 
        none
      Pointer: 0x2aadf36ea010
      Container manages memory: true
      Size: 22937600
      Capacity: 22937600

     Weighting = 1
     Sampling strategy = regular
     Number of bins = 32
     Radius = 4
     Sampling percentage  = 0.25
   Transform = Rigid
     Gradient step = 0.1
     Update field sigma (voxel space) = 0
     Total field sigma (voxel space) = 0
     Update field time sigma = 0
     Total field time sigma  = 0
     Number of time indices = 0
     Number of time point samples = 0
Stage 2 State
   Image metric = Mattes
     Fixed image = Image (0x3efe500)
  RTTI typeinfo:   itk::Image<double, 3u>
  Reference Count: 2
  Modified Time: 2141
  Debug: Off
  Object Name: 
  Observers: 
    none
  Source: (none)
  Source output name: (none)
  Release Data: Off
  Data Released: False
  Global Release Data: Off
  PipelineMTime: 0
  UpdateMTime: 1924
  RealTimeStamp: 0 seconds 
  LargestPossibleRegion: 
    Dimension: 3
    Index: [0, 0, 0]
    Size: [512, 512, 54]
  BufferedRegion: 
    Dimension: 3
    Index: [0, 0, 0]
    Size: [512, 512, 54]
  RequestedRegion: 
    Dimension: 3
    Index: [0, 0, 0]
    Size: [512, 512, 54]
  Spacing: [0.4375, 0.4375, 1.1]
  Origin: [-112.903, -15.6309, -115.393]
  Direction: 
0.999504 0.00726214 -0.0306281
0.0314773 -0.230522 0.972558
-2.39458e-06 0.97304 0.230637

  IndexToPointMatrix: 
0.437283 0.00317719 -0.0336909
0.0137713 -0.100853 1.06981
-1.04763e-06 0.425705 0.2537

  PointToIndexMatrix: 
2.28458 0.0719481 -5.47429e-06
0.0165992 -0.526908 2.22409
-0.0278437 0.884143 0.20967

  Inverse Direction: 
0.999504 0.0314773 -2.395e-06
0.00726214 -0.230522 0.97304
-0.0306281 0.972558 0.230637

  PixelContainer: 
    ImportImageContainer (0x3eef860)
      RTTI typeinfo:   itk::ImportImageContainer<unsigned long, double>
      Reference Count: 1
      Modified Time: 1921
      Debug: Off
      Object Name: 
      Observers: 
        none
      Pointer: 0x2aadfe5eb010
      Container manages memory: true
      Size: 14155776
      Capacity: 14155776

     Moving image = Image (0x3f02f40)
  RTTI typeinfo:   itk::Image<double, 3u>
  Reference Count: 2
  Modified Time: 2142
  Debug: Off
  Object Name: 
  Observers: 
    none
  Source: (none)
  Source output name: (none)
  Release Data: Off
  Data Released: False
  Global Release Data: Off
  PipelineMTime: 0
  UpdateMTime: 2139
  RealTimeStamp: 0 seconds 
  LargestPossibleRegion: 
    Dimension: 3
    Index: [0, 0, 0]
    Size: [224, 320, 320]
  BufferedRegion: 
    Dimension: 3
    Index: [0, 0, 0]
    Size: [224, 320, 320]
  RequestedRegion: 
    Dimension: 3
    Index: [0, 0, 0]
    Size: [224, 320, 320]
  Spacing: [0.7, 0.7, 0.7]
  Origin: [-79.9085, 79.6874, -100.762]
  Direction: 
1 0 0
0 -1 0
0 0 1

  IndexToPointMatrix: 
0.7 0 0
0 -0.7 0
0 0 0.7

  PointToIndexMatrix: 
1.42857 0 0
0 -1.42857 0
0 0 1.42857

  Inverse Direction: 
1 0 0
0 -1 0
0 0 1

  PixelContainer: 
    ImportImageContainer (0x3efa750)
      RTTI typeinfo:   itk::ImportImageContainer<unsigned long, double>
      Reference Count: 1
      Modified Time: 2136
      Debug: Off
      Object Name: 
      Observers: 
        none
      Pointer: 0x2aae051ec010
      Container manages memory: true
      Size: 22937600
      Capacity: 22937600

     Weighting = 1
     Sampling strategy = regular
     Number of bins = 32
     Radius = 4
     Sampling percentage  = 0.25
   Transform = Affine
     Gradient step = 0.1
     Update field sigma (voxel space) = 0
     Total field sigma (voxel space) = 0
     Update field time sigma = 0
     Total field time sigma  = 0
     Number of time indices = 0
     Number of time point samples = 0
Registration using 2 total stages.

Stage 0
  iterations = 1000x500x250x0
  convergence threshold = 1e-06
  convergence window size = 10
  number of levels = 4
  using the Mattes MI metric (number of bins = 32, weight = 1)
  preprocessing:  winsorizing the image intensities
  Shrink factors (level 1 out of 4): [12, 12, 5]
  Shrink factors (level 2 out of 4): [8, 8, 3]
  Shrink factors (level 3 out of 4): [4, 4, 2]
  Shrink factors (level 4 out of 4): [2, 2, 1]
  smoothing sigmas per level: [4, 3, 2, 1]
  regular sampling (percentage = 0.25)

*** Running Euler3DTransform registration ***

DIAGNOSTIC,Iteration,metricValue,convergenceValue,ITERATION_TIME_INDEX,SINCE_LAST
 2DIAGNOSTIC,     1, -5.880863253879e-01, 1.797693134862e+308, 4.1543e+00, 4.1543e+00, 
 2DIAGNOSTIC,     2, -5.913844043508e-01, 1.797693134862e+308, 4.1627e+00, 8.3289e-03, 
 2DIAGNOSTIC,     3, -5.952750545091e-01, 1.797693134862e+308, 4.1777e+00, 1.4982e-02, 
 2DIAGNOSTIC,     4, -5.998271982535e-01, 1.797693134862e+308, 4.1904e+00, 1.2720e-02, 
 2DIAGNOSTIC,     5, -6.051344561540e-01, 1.797693134862e+308, 4.1993e+00, 8.9231e-03, 
 2DIAGNOSTIC,     6, -6.123448285392e-01, 1.797693134862e+308, 4.2079e+00, 8.6112e-03, 
 2DIAGNOSTIC,     7, -6.180843597672e-01, 1.797693134862e+308, 4.2256e+00, 1.7673e-02, 
 2DIAGNOSTIC,     8, -6.187774264131e-01, 1.797693134862e+308, 4.2413e+00, 1.5753e-02, 
 2DIAGNOSTIC,     9, -6.194946848334e-01, 1.797693134862e+308, 4.2507e+00, 9.3162e-03, 
 2DIAGNOSTIC,    10, -6.202113202027e-01, 3.885536778167e-03, 4.2637e+00, 1.3003e-02, 
 2DIAGNOSTIC,    11, -6.208510862091e-01, 3.077952863301e-03, 4.2783e+00, 1.4640e-02, 
 2DIAGNOSTIC,    12, -6.209755588384e-01, 2.261649036945e-03, 4.2875e+00, 9.1980e-03, 
 2DIAGNOSTIC,    13, -6.213518032015e-01, 1.523439113255e-03, 4.2964e+00, 8.9018e-03, 
 2DIAGNOSTIC,    14, -6.240890070574e-01, 9.968163022442e-04, 4.3161e+00, 1.9739e-02, 
 2DIAGNOSTIC,    15, -6.239572953299e-01, 6.047134357284e-04, 4.3277e+00, 1.1609e-02, 
 2DIAGNOSTIC,    16, -6.239817098800e-01, 4.137146592718e-04, 4.3371e+00, 9.3341e-03, 
 2DIAGNOSTIC,    17, -6.242832481703e-01, 3.733572748485e-04, 4.3468e+00, 9.6850e-03, 
 2DIAGNOSTIC,    18, -6.248844351464e-01, 3.357917638661e-04, 4.3630e+00, 1.6277e-02, 
 2DIAGNOSTIC,    19, -6.271018934776e-01, 3.409523993819e-04, 4.3783e+00, 1.5228e-02, 
 2DIAGNOSTIC,    20, -6.291148230065e-01, 3.754452362167e-04, 4.3902e+00, 1.1890e-02, 
 2DIAGNOSTIC,    21, -6.292883945249e-01, 3.901730468207e-04, 4.4054e+00, 1.5240e-02, 
 2DIAGNOSTIC,    22, -6.291215134120e-01, 3.678256999626e-04, 4.4160e+00, 1.0610e-02, 
 2DIAGNOSTIC,    23, -6.290438056897e-01, 3.179963564057e-04, 4.4257e+00, 9.6841e-03, 
 2DIAGNOSTIC,    24, -6.291489876413e-01, 2.965540507806e-04, 4.4345e+00, 8.8260e-03, 
 2DIAGNOSTIC,    25, -6.296596882773e-01, 2.554402778268e-04, 4.4497e+00, 1.5204e-02, 
 2DIAGNOSTIC,    26, -6.298348358178e-01, 1.973649716301e-04, 4.4616e+00, 1.1905e-02, 
 2DIAGNOSTIC,    27, -6.297987388892e-01, 1.305292835342e-04, 4.4705e+00, 8.8880e-03, 
 2DIAGNOSTIC,    28, -6.300552080043e-01, 7.002337470794e-05, 4.4806e+00, 1.0108e-02, 
 2DIAGNOSTIC,    29, -6.301300815234e-01, 4.244892373182e-05, 4.5020e+00, 2.1403e-02, 
 2DIAGNOSTIC,    30, -6.301844729527e-01, 4.414732871193e-05, 4.5112e+00, 9.1748e-03, 
 2DIAGNOSTIC,    31, -6.302165817204e-01, 4.476275022759e-05, 4.5209e+00, 9.6622e-03, 
 2DIAGNOSTIC,    32, -6.304867787823e-01, 4.284393546088e-05, 4.5400e+00, 1.9110e-02, 
 2DIAGNOSTIC,    33, -6.304976452931e-01, 3.608180251297e-05, 4.5526e+00, 1.2673e-02, 
 2DIAGNOSTIC,    34, -6.305614771977e-01, 2.850297376123e-05, 4.5623e+00, 9.6941e-03, 
 2DIAGNOSTIC,    35, -6.306096527554e-01, 2.604807371203e-05, 4.5711e+00, 8.7719e-03, 
 2DIAGNOSTIC,    36, -6.304756925276e-01, 2.190605095162e-05, 4.5870e+00, 1.5921e-02, 
 2DIAGNOSTIC,    37, -6.303269691473e-01, 1.365064335090e-05, 4.5989e+00, 1.1887e-02, 
 2DIAGNOSTIC,    38, -6.303454551280e-01, 7.935185397087e-06, 4.6076e+00, 8.6801e-03, 
 2DIAGNOSTIC,    39, -6.305369537861e-01, 4.929179705900e-06, 4.6163e+00, 8.6758e-03, 
 2DIAGNOSTIC,    40, -6.306944844803e-01, 4.036815232342e-06, 4.6377e+00, 2.1469e-02, 
 2DIAGNOSTIC,    41, -6.307295082170e-01, 3.562289388245e-06, 4.6471e+00, 9.3689e-03, 
 2DIAGNOSTIC,    42, -6.307300541329e-01, 5.874763067255e-06, 4.6557e+00, 8.5590e-03, 
 2DIAGNOSTIC,    43, -6.307317843254e-01, 7.714154758681e-06, 4.6749e+00, 1.9260e-02, 
 2DIAGNOSTIC,    44, -6.307336483881e-01, 9.392866229866e-06, 4.6883e+00, 1.3409e-02, 
 2DIAGNOSTIC,    45, -6.307352150928e-01, 1.065971499780e-05, 4.6982e+00, 9.8271e-03, 
 2DIAGNOSTIC,    46, -6.307417138703e-01, 9.720746306893e-06, 4.7122e+00, 1.4054e-02, 
 2DIAGNOSTIC,    47, -6.305825989666e-01, 5.014736648528e-06, 4.7449e+00, 3.2691e-02, 
DIAGNOSTIC,Iteration,metricValue,convergenceValue,ITERATION_TIME_INDEX,SINCE_LAST
 2DIAGNOSTIC,     1, -5.596297261583e-01, 1.797693134862e+308, 8.9214e+00, 4.1765e+00, 
 2DIAGNOSTIC,     2, -5.604956125877e-01, 1.797693134862e+308, 8.9785e+00, 5.7149e-02, 
 2DIAGNOSTIC,     3, -5.611622958758e-01, 1.797693134862e+308, 9.0342e+00, 5.5697e-02, 
 2DIAGNOSTIC,     4, -5.617990716797e-01, 1.797693134862e+308, 9.1015e+00, 6.7268e-02, 
 2DIAGNOSTIC,     5, -5.619824905571e-01, 1.797693134862e+308, 9.1578e+00, 5.6276e-02, 
 2DIAGNOSTIC,     6, -5.622120209470e-01, 1.797693134862e+308, 9.2142e+00, 5.6447e-02, 
 2DIAGNOSTIC,     7, -5.629040249015e-01, 1.797693134862e+308, 9.2905e+00, 7.6337e-02, 
 2DIAGNOSTIC,     8, -5.631194388105e-01, 1.797693134862e+308, 9.3743e+00, 8.3791e-02, 
 2DIAGNOSTIC,     9, -5.631993371880e-01, 1.797693134862e+308, 9.4309e+00, 5.6607e-02, 
 2DIAGNOSTIC,    10, -5.635874641393e-01, 4.202668617704e-04, 9.4869e+00, 5.5988e-02, 
 2DIAGNOSTIC,    11, -5.636424020600e-01, 3.197314473576e-04, 9.5547e+00, 6.7739e-02, 
 2DIAGNOSTIC,    12, -5.638166444151e-01, 2.506629014099e-04, 9.6113e+00, 5.6612e-02, 
 2DIAGNOSTIC,    13, -5.642299926961e-01, 2.111750250457e-04, 9.6665e+00, 5.5215e-02, 
 2DIAGNOSTIC,    14, -5.646574022706e-01, 1.966499676399e-04, 9.7432e+00, 7.6669e-02, 
 2DIAGNOSTIC,    15, -5.647518070942e-01, 1.754715742643e-04, 9.9574e+00, 2.1425e-01, 
 2DIAGNOSTIC,    16, -5.647517926599e-01, 1.479905721362e-04, 1.0014e+01, 5.6689e-02, 
 2DIAGNOSTIC,    17, -5.647518222358e-01, 1.309995268685e-04, 1.0070e+01, 5.5411e-02, 
 2DIAGNOSTIC,    18, -5.647518722343e-01, 1.098936820214e-04, 1.0129e+01, 5.9493e-02, 
 2DIAGNOSTIC,    19, -5.647519567331e-01, 8.267767772740e-05, 1.0187e+01, 5.7718e-02, 
 2DIAGNOSTIC,    20, -5.647520994160e-01, 6.056333854115e-05, 1.0244e+01, 5.7362e-02, 
 2DIAGNOSTIC,    21, -5.647523402879e-01, 3.655209790754e-05, 1.0300e+01, 5.6285e-02, 
 2DIAGNOSTIC,    22, -5.647527465582e-01, 1.534464887309e-05, 1.0359e+01, 5.8999e-02, 
 2DIAGNOSTIC,    23, -5.647534310624e-01, 3.521849542713e-06, 1.0417e+01, 5.7361e-02, 
 2DIAGNOSTIC,    24, -5.647396600074e-01, 1.121906102367e-06, 1.0472e+01, 5.4777e-02, 
DIAGNOSTIC,Iteration,metricValue,convergenceValue,ITERATION_TIME_INDEX,SINCE_LAST
 2DIAGNOSTIC,     1, -5.360499941553e-01, 1.797693134862e+308, 1.5229e+01, 4.7571e+00, 
 2DIAGNOSTIC,     2, -5.378028152622e-01, 1.797693134862e+308, 1.5568e+01, 3.3925e-01, 
 2DIAGNOSTIC,     3, -5.393406332435e-01, 1.797693134862e+308, 1.5908e+01, 3.4061e-01, 
 2DIAGNOSTIC,     4, -5.399279402091e-01, 1.797693134862e+308, 1.6249e+01, 3.4007e-01, 
 2DIAGNOSTIC,     5, -5.400352279049e-01, 1.797693134862e+308, 1.6591e+01, 3.4281e-01, 
 2DIAGNOSTIC,     6, -5.401761848037e-01, 1.797693134862e+308, 1.6988e+01, 3.9624e-01, 
 2DIAGNOSTIC,     7, -5.403539410490e-01, 1.797693134862e+308, 1.7385e+01, 3.9776e-01, 
 2DIAGNOSTIC,     8, -5.404850593238e-01, 1.797693134862e+308, 1.8047e+01, 6.6197e-01, 
 2DIAGNOSTIC,     9, -5.405137559645e-01, 1.797693134862e+308, 1.8438e+01, 3.9029e-01, 
 2DIAGNOSTIC,    10, -5.405020778117e-01, 4.164984260508e-04, 1.8833e+01, 3.9584e-01, 
 2DIAGNOSTIC,    11, -5.404764853727e-01, 2.106519990762e-04, 1.9229e+01, 3.9590e-01, 
 2DIAGNOSTIC,    12, -5.404657907086e-01, 9.531509897594e-05, 1.9678e+01, 4.4886e-01, 
 2DIAGNOSTIC,    13, -5.404643708964e-01, 5.094777092890e-05, 2.0126e+01, 4.4735e-01, 
 2DIAGNOSTIC,    14, -5.404616098235e-01, 3.050914612979e-05, 2.0521e+01, 3.9589e-01, 
 2DIAGNOSTIC,    15, -5.404587064509e-01, 1.389613927082e-05, 2.0915e+01, 3.9364e-01, 
 2DIAGNOSTIC,    16, -5.404554906368e-01, 2.732034329850e-06, 2.1254e+01, 3.3854e-01, 
DIAGNOSTIC,Iteration,metricValue,convergenceValue,ITERATION_TIME_INDEX,SINCE_LAST
 2DIAGNOSTIC,     1, -4.773782788270e-01, 1.797693134862e+308, 2.7746e+01, 6.4919e+00, 
  Elapsed time (stage 0): 2.9459e+01


Stage 1
  iterations = 1000x500x250x0
  convergence threshold = 1.0000e-06
  convergence window size = 10
  number of levels = 4
  using the Mattes MI metric (number of bins = 32, weight = 1.0000e+00)
  preprocessing:  winsorizing the image intensities
  Shrink factors (level 1 out of 4): [12, 12, 5]
  Shrink factors (level 2 out of 4): [8, 8, 3]
  Shrink factors (level 3 out of 4): [4, 4, 2]
  Shrink factors (level 4 out of 4): [2, 2, 1]
  smoothing sigmas per level: [4, 3, 2, 1]
  regular sampling (percentage = 2.5000e-01)

*** Running AffineTransform registration ***

DIAGNOSTIC,Iteration,metricValue,convergenceValue,ITERATION_TIME_INDEX,SINCE_LAST
 2DIAGNOSTIC,     1, -6.197880820015e-01, 1.797693134862e+308, 4.0240e+00, 4.0240e+00, 
 2DIAGNOSTIC,     2, -6.224574219031e-01, 1.797693134862e+308, 4.0359e+00, 1.1915e-02, 
 2DIAGNOSTIC,     3, -6.263199947932e-01, 1.797693134862e+308, 4.0455e+00, 9.6130e-03, 
 2DIAGNOSTIC,     4, -6.310263125546e-01, 1.797693134862e+308, 4.0551e+00, 9.5780e-03, 
 2DIAGNOSTIC,     5, -6.378347921093e-01, 1.797693134862e+308, 4.0707e+00, 1.5614e-02, 
 2DIAGNOSTIC,     6, -6.472664472845e-01, 1.797693134862e+308, 4.0829e+00, 1.2211e-02, 
 2DIAGNOSTIC,     7, -6.537035682448e-01, 1.797693134862e+308, 4.0949e+00, 1.2011e-02, 
 2DIAGNOSTIC,     8, -6.576038847278e-01, 1.797693134862e+308, 4.1189e+00, 2.3989e-02, 
 2DIAGNOSTIC,     9, -6.582449709806e-01, 1.797693134862e+308, 4.1294e+00, 1.0479e-02, 
 2DIAGNOSTIC,    10, -6.585375663107e-01, 4.617890726411e-03, 4.1406e+00, 1.1231e-02, 
 2DIAGNOSTIC,    11, -6.586037935326e-01, 3.768666091554e-03, 4.1646e+00, 2.3948e-02, 
 2DIAGNOSTIC,    12, -6.586556032243e-01, 2.823926239130e-03, 4.1776e+00, 1.3061e-02, 
 2DIAGNOSTIC,    13, -6.585999461134e-01, 1.902672245956e-03, 4.1891e+00, 1.1464e-02, 
 2DIAGNOSTIC,    14, -6.585298709945e-01, 1.088865963289e-03, 4.2074e+00, 1.8285e-02, 
 2DIAGNOSTIC,    15, -6.584730136170e-01, 4.801884720593e-04, 4.2198e+00, 1.2372e-02, 
 2DIAGNOSTIC,    16, -6.583388325445e-01, 1.564731655046e-04, 4.2307e+00, 1.0993e-02, 
 2DIAGNOSTIC,    17, -6.585169621377e-01, 2.526189635754e-05, 4.2457e+00, 1.4951e-02, 
DIAGNOSTIC,Iteration,metricValue,convergenceValue,ITERATION_TIME_INDEX,SINCE_LAST
 2DIAGNOSTIC,     1, -5.549979364795e-01, 1.797693134862e+308, 8.3146e+00, 4.0689e+00, 
 2DIAGNOSTIC,     2, -5.572853329997e-01, 1.797693134862e+308, 8.3755e+00, 6.0869e-02, 
 2DIAGNOSTIC,     3, -5.607156407606e-01, 1.797693134862e+308, 8.4333e+00, 5.7814e-02, 
 2DIAGNOSTIC,     4, -5.648464606601e-01, 1.797693134862e+308, 8.4963e+00, 6.3050e-02, 
 2DIAGNOSTIC,     5, -5.687678997996e-01, 1.797693134862e+308, 8.5571e+00, 6.0794e-02, 
 2DIAGNOSTIC,     6, -5.708779101993e-01, 1.797693134862e+308, 8.6153e+00, 5.8174e-02, 
 2DIAGNOSTIC,     7, -5.715400909732e-01, 1.797693134862e+308, 8.6774e+00, 6.2139e-02, 
 2DIAGNOSTIC,     8, -5.717556674903e-01, 1.797693134862e+308, 8.7748e+00, 9.7372e-02, 
 2DIAGNOSTIC,     9, -5.718306512070e-01, 1.797693134862e+308, 8.8417e+00, 6.6865e-02, 
 2DIAGNOSTIC,    10, -5.717931064045e-01, 2.046651818872e-03, 8.9054e+00, 6.3759e-02, 
 2DIAGNOSTIC,    11, -5.718700849568e-01, 1.400650239067e-03, 8.9734e+00, 6.7968e-02, 
 2DIAGNOSTIC,    12, -5.718854464899e-01, 8.338182140628e-04, 9.0799e+00, 1.0650e-01, 
 2DIAGNOSTIC,    13, -5.718716914439e-01, 4.097424845629e-04, 9.1490e+00, 6.9075e-02, 
 2DIAGNOSTIC,    14, -5.718722003410e-01, 1.546202115889e-04, 9.2202e+00, 7.1253e-02, 
 2DIAGNOSTIC,    15, -5.718677813874e-01, 4.880641588874e-05, 9.2796e+00, 5.9358e-02, 
 2DIAGNOSTIC,    16, -5.718838521470e-01, 1.793852173555e-05, 9.3502e+00, 7.0643e-02, 
 2DIAGNOSTIC,    17, -5.718949741930e-01, 8.847193970846e-06, 9.4109e+00, 6.0707e-02, 
 2DIAGNOSTIC,    18, -5.718743826840e-01, 5.502170540066e-06, 9.4794e+00, 6.8463e-02, 
 2DIAGNOSTIC,    19, -5.718858387986e-01, 4.524973576350e-06, 9.5555e+00, 7.6131e-02, 
 2DIAGNOSTIC,    20, -5.718759481384e-01, 2.131930151278e-06, 9.6264e+00, 7.0922e-02, 
DIAGNOSTIC,Iteration,metricValue,convergenceValue,ITERATION_TIME_INDEX,SINCE_LAST
 2DIAGNOSTIC,     1, -5.490684943951e-01, 1.797693134862e+308, 1.4046e+01, 4.4195e+00, 
 2DIAGNOSTIC,     2, -5.509151252247e-01, 1.797693134862e+308, 1.4404e+01, 3.5848e-01, 
 2DIAGNOSTIC,     3, -5.527819942129e-01, 1.797693134862e+308, 1.4763e+01, 3.5842e-01, 
 2DIAGNOSTIC,     4, -5.540078758307e-01, 1.797693134862e+308, 1.5122e+01, 3.5945e-01, 
 2DIAGNOSTIC,     5, -5.544583142098e-01, 1.797693134862e+308, 1.5533e+01, 4.1028e-01, 
 2DIAGNOSTIC,     6, -5.546767086014e-01, 1.797693134862e+308, 1.5995e+01, 4.6255e-01, 
 2DIAGNOSTIC,     7, -5.547191450745e-01, 1.797693134862e+308, 1.6405e+01, 4.0978e-01, 
 2DIAGNOSTIC,     8, -5.547397988612e-01, 1.797693134862e+308, 1.6815e+01, 4.1026e-01, 
 2DIAGNOSTIC,     9, -5.547525342497e-01, 1.797693134862e+308, 1.7179e+01, 3.6380e-01, 
 2DIAGNOSTIC,    10, -5.547971582468e-01, 5.589681295572e-04, 1.7545e+01, 3.6587e-01, 
 2DIAGNOSTIC,    11, -5.548707825752e-01, 3.005245081444e-04, 1.7905e+01, 3.5977e-01, 
 2DIAGNOSTIC,    12, -5.549234801040e-01, 1.383303374805e-04, 1.8314e+01, 4.0919e-01, 
 2DIAGNOSTIC,    13, -5.549843605670e-01, 6.393879308000e-05, 1.8717e+01, 4.0354e-01, 
 2DIAGNOSTIC,    14, -5.551039643016e-01, 4.355777167830e-05, 1.9392e+01, 6.7439e-01, 
 2DIAGNOSTIC,    15, -5.551034491466e-01, 3.723490003631e-05, 1.9749e+01, 3.5700e-01, 
 2DIAGNOSTIC,    16, -5.550916156384e-01, 3.510951464555e-05, 2.0165e+01, 4.1610e-01, 
 2DIAGNOSTIC,    17, -5.550857713221e-01, 3.132558763395e-05, 2.0584e+01, 4.1962e-01, 
 2DIAGNOSTIC,    18, -5.550839520710e-01, 2.577082005648e-05, 2.0945e+01, 3.6003e-01, 
 2DIAGNOSTIC,    19, -5.550828629289e-01, 1.883847673706e-05, 2.1358e+01, 4.1323e-01, 
 2DIAGNOSTIC,    20, -5.550789237150e-01, 1.202411812226e-05, 2.1774e+01, 4.1655e-01, 
 2DIAGNOSTIC,    21, -5.550771920952e-01, 6.679111796637e-06, 2.2193e+01, 4.1909e-01, 
 2DIAGNOSTIC,    22, -5.550861762651e-01, 2.772004369385e-06, 2.2552e+01, 3.5842e-01, 
DIAGNOSTIC,Iteration,metricValue,convergenceValue,ITERATION_TIME_INDEX,SINCE_LAST
 2DIAGNOSTIC,     1, -4.754607044816e-01, 1.797693134862e+308, 2.9209e+01, 6.6570e+00, 
  Elapsed time (stage 1): 3.0906e+01


Total elapsed time: 6.0373e+01
Using double precision for computations.
Input scalar image: /home/ccn30/rds/rds-p00500_encrypt-URQgmO1brZ0/p00500/ENCRYPT_images/27532/T2/N4t2.nii
Reference image: /home/ccn30/rds/rds-p00500_encrypt-URQgmO1brZ0/p00500/ENCRYPT_images/27532/mp2rage/n4mag0000_PSIR_skulled_std.nii
Can't read initial transform T1xT2_ANTs_0GenericAffine.mat
