This is job 12
Time: Thu 16 Sep 12:56:46 BST 2021
Running on master node: cpu-p-318
Current directory: /rds/user/ccn30/hpc-work/WBIC_lustre/ENCRYPT/scripts/Registration/slurmoutputs
Changed directory to /home/ccn30/rds/hpc-work/WBIC_lustre/ENCRYPT/scripts/Registration/slurmoutputs.

JobID: 46502786
======
Time: Thu 16 Sep 12:56:46 BST 2021
Running on master node: cpu-p-318
Current directory: /home/ccn30/rds/hpc-work/WBIC_lustre/ENCRYPT/scripts/Registration/slurmoutputs

Nodes allocated:
================
cpu-p-318

numtasks=, numnodes=, mpi_tasks_per_node= (OMP_NUM_THREADS=1)

Executing command:
==================
/home/ccn30/rds/hpc-work/WBIC_lustre/ENCRYPT/scripts/Registration/coreg_main.sh /home/ccn30/rds/hpc-work/WBIC_lustre/ENCRYPT/ENCRYPT_MasterRIScodes.txt 12 /home/ccn30/rds/rds-p00500_encrypt-URQgmO1brZ0/p00500 /home/ccn30/rds/hpc-work/WBIC_home/ENCRYPT/atlases/magdeburgatlas

******** starting 26041 ********
All_Command_lines_OK
Using double precision for computations.
=============================================================================
The composite transform comprises the following transforms (in order): 
  1. Center of mass alignment using fixed image: /home/ccn30/rds/hpc-work/WBIC_home/ENCRYPT/atlases/magdeburgatlas/template/template.nii.gz and moving image: /home/ccn30/rds/rds-p00500_encrypt-URQgmO1brZ0/p00500/ENCRYPT_images/26041/mp2rage/denoise_n4mag0000_PSIR_skulled_std.nii (type = Euler3DTransform)
=============================================================================
  number of levels = 4
  number of levels = 4
  fixed image: /home/ccn30/rds/hpc-work/WBIC_home/ENCRYPT/atlases/magdeburgatlas/template/template.nii.gz
  moving image: /home/ccn30/rds/rds-p00500_encrypt-URQgmO1brZ0/p00500/ENCRYPT_images/26041/mp2rage/denoise_n4mag0000_PSIR_skulled_std.nii
  fixed image: /home/ccn30/rds/hpc-work/WBIC_home/ENCRYPT/atlases/magdeburgatlas/template/template.nii.gz
  moving image: /home/ccn30/rds/rds-p00500_encrypt-URQgmO1brZ0/p00500/ENCRYPT_images/26041/mp2rage/denoise_n4mag0000_PSIR_skulled_std.nii
Dimension = 3
Number of stages = 2
Use Histogram Matching true
Winsorize image intensities true
Lower quantile = 0.005
Upper quantile = 0.995
Stage 1 State
   Image metric = Mattes
     Fixed image = Image (0x4793200)
  RTTI typeinfo:   itk::Image<double, 3u>
  Reference Count: 2
  Modified Time: 1698
  Debug: Off
  Object Name: 
  Observers: 
    none
  Source: (none)
  Source output name: (none)
  Release Data: Off
  Data Released: False
  Global Release Data: Off
  PipelineMTime: 0
  UpdateMTime: 1481
  RealTimeStamp: 0 seconds 
  LargestPossibleRegion: 
    Dimension: 3
    Index: [0, 0, 0]
    Size: [384, 301, 288]
  BufferedRegion: 
    Dimension: 3
    Index: [0, 0, 0]
    Size: [384, 301, 288]
  RequestedRegion: 
    Dimension: 3
    Index: [0, 0, 0]
    Size: [384, 301, 288]
  Spacing: [0.598958, 0.598958, 0.599937]
  Origin: [83.4012, -147.626, 85.1783]
  Direction: 
-0 0 -1
1 -0 0
0 -1 0

  IndexToPointMatrix: 
0 0 -0.599937
0.598958 0 0
0 -0.598958 0

  PointToIndexMatrix: 
0 1.66957 0
0 0 -1.66957
-1.66684 0 0

  Inverse Direction: 
0 1 0
0 0 -1
-1 0 0

  PixelContainer: 
    ImportImageContainer (0x4783dc0)
      RTTI typeinfo:   itk::ImportImageContainer<unsigned long, double>
      Reference Count: 1
      Modified Time: 1478
      Debug: Off
      Object Name: 
      Observers: 
        none
      Pointer: 0x2b4921411010
      Container manages memory: true
      Size: 33288192
      Capacity: 33288192

     Moving image = Image (0x47973f0)
  RTTI typeinfo:   itk::Image<double, 3u>
  Reference Count: 2
  Modified Time: 1699
  Debug: Off
  Object Name: 
  Observers: 
    none
  Source: (none)
  Source output name: (none)
  Release Data: Off
  Data Released: False
  Global Release Data: Off
  PipelineMTime: 0
  UpdateMTime: 1696
  RealTimeStamp: 0 seconds 
  LargestPossibleRegion: 
    Dimension: 3
    Index: [0, 0, 0]
    Size: [224, 320, 320]
  BufferedRegion: 
    Dimension: 3
    Index: [0, 0, 0]
    Size: [224, 320, 320]
  RequestedRegion: 
    Dimension: 3
    Index: [0, 0, 0]
    Size: [224, 320, 320]
  Spacing: [0.7, 0.7, 0.7]
  Origin: [-79.9085, 72.2492, -116.259]
  Direction: 
1 0 0
0 -1 0
0 0 1

  IndexToPointMatrix: 
0.7 0 0
0 -0.7 0
0 0 0.7

  PointToIndexMatrix: 
1.42857 0 0
0 -1.42857 0
0 0 1.42857

  Inverse Direction: 
1 0 0
0 -1 0
0 0 1

  PixelContainer: 
    ImportImageContainer (0x47976b0)
      RTTI typeinfo:   itk::ImportImageContainer<unsigned long, double>
      Reference Count: 1
      Modified Time: 1693
      Debug: Off
      Object Name: 
      Observers: 
        none
      Pointer: 0x2b493120a010
      Container manages memory: true
      Size: 22937600
      Capacity: 22937600

     Weighting = 1
     Sampling strategy = regular
     Number of bins = 32
     Radius = 4
     Sampling percentage  = 0.25
   Transform = Rigid
     Gradient step = 0.1
     Update field sigma (voxel space) = 0
     Total field sigma (voxel space) = 0
     Update field time sigma = 0
     Total field time sigma  = 0
     Number of time indices = 0
     Number of time point samples = 0
Stage 2 State
   Image metric = Mattes
     Fixed image = Image (0x47a6060)
  RTTI typeinfo:   itk::Image<double, 3u>
  Reference Count: 2
  Modified Time: 2130
  Debug: Off
  Object Name: 
  Observers: 
    none
  Source: (none)
  Source output name: (none)
  Release Data: Off
  Data Released: False
  Global Release Data: Off
  PipelineMTime: 0
  UpdateMTime: 1913
  RealTimeStamp: 0 seconds 
  LargestPossibleRegion: 
    Dimension: 3
    Index: [0, 0, 0]
    Size: [384, 301, 288]
  BufferedRegion: 
    Dimension: 3
    Index: [0, 0, 0]
    Size: [384, 301, 288]
  RequestedRegion: 
    Dimension: 3
    Index: [0, 0, 0]
    Size: [384, 301, 288]
  Spacing: [0.598958, 0.598958, 0.599937]
  Origin: [83.4012, -147.626, 85.1783]
  Direction: 
-0 0 -1
1 -0 0
0 -1 0

  IndexToPointMatrix: 
0 0 -0.599937
0.598958 0 0
0 -0.598958 0

  PointToIndexMatrix: 
0 1.66957 0
0 0 -1.66957
-1.66684 0 0

  Inverse Direction: 
0 1 0
0 0 -1
-1 0 0

  PixelContainer: 
    ImportImageContainer (0x479a140)
      RTTI typeinfo:   itk::ImportImageContainer<unsigned long, double>
      Reference Count: 1
      Modified Time: 1910
      Debug: Off
      Object Name: 
      Observers: 
        none
      Pointer: 0x2b493c10b010
      Container manages memory: true
      Size: 33288192
      Capacity: 33288192

     Moving image = Image (0x47a7e80)
  RTTI typeinfo:   itk::Image<double, 3u>
  Reference Count: 2
  Modified Time: 2131
  Debug: Off
  Object Name: 
  Observers: 
    none
  Source: (none)
  Source output name: (none)
  Release Data: Off
  Data Released: False
  Global Release Data: Off
  PipelineMTime: 0
  UpdateMTime: 2128
  RealTimeStamp: 0 seconds 
  LargestPossibleRegion: 
    Dimension: 3
    Index: [0, 0, 0]
    Size: [224, 320, 320]
  BufferedRegion: 
    Dimension: 3
    Index: [0, 0, 0]
    Size: [224, 320, 320]
  RequestedRegion: 
    Dimension: 3
    Index: [0, 0, 0]
    Size: [224, 320, 320]
  Spacing: [0.7, 0.7, 0.7]
  Origin: [-79.9085, 72.2492, -116.259]
  Direction: 
1 0 0
0 -1 0
0 0 1

  IndexToPointMatrix: 
0.7 0 0
0 -0.7 0
0 0 0.7

  PointToIndexMatrix: 
1.42857 0 0
0 -1.42857 0
0 0 1.42857

  Inverse Direction: 
1 0 0
0 -1 0
0 0 1

  PixelContainer: 
    ImportImageContainer (0x47a2540)
      RTTI typeinfo:   itk::ImportImageContainer<unsigned long, double>
      Reference Count: 1
      Modified Time: 2125
      Debug: Off
      Object Name: 
      Observers: 
        none
      Pointer: 0x2b494bf04010
      Container manages memory: true
      Size: 22937600
      Capacity: 22937600

     Weighting = 1
     Sampling strategy = regular
     Number of bins = 32
     Radius = 4
     Sampling percentage  = 0.25
   Transform = Affine
     Gradient step = 0.1
     Update field sigma (voxel space) = 0
     Total field sigma (voxel space) = 0
     Update field time sigma = 0
     Total field time sigma  = 0
     Number of time indices = 0
     Number of time point samples = 0
Registration using 2 total stages.

Stage 0
  iterations = 1000x500x250x100
  convergence threshold = 1e-06
  convergence window size = 10
  number of levels = 4
  using the Mattes MI metric (number of bins = 32, weight = 1)
  preprocessing:  winsorizing the image intensities
  preprocessing:  histogram matching the images
  Shrink factors (level 1 out of 4): [8, 8, 8]
  Shrink factors (level 2 out of 4): [4, 4, 4]
  Shrink factors (level 3 out of 4): [2, 2, 2]
  Shrink factors (level 4 out of 4): [1, 1, 1]
  smoothing sigmas per level: [3, 2, 1, 0]
  regular sampling (percentage = 0.25)

*** Running Euler3DTransform registration ***

DIAGNOSTIC,Iteration,metricValue,convergenceValue,ITERATION_TIME_INDEX,SINCE_LAST
 2DIAGNOSTIC,     1, -2.596230170538e-01, 1.797693134862e+308, 2.5731e+00, 2.5731e+00, 
 2DIAGNOSTIC,     2, -2.602671945708e-01, 1.797693134862e+308, 2.6031e+00, 3.0003e-02, 
 2DIAGNOSTIC,     3, -2.612172523493e-01, 1.797693134862e+308, 2.6320e+00, 2.8847e-02, 
 2DIAGNOSTIC,     4, -2.629287813212e-01, 1.797693134862e+308, 2.6622e+00, 3.0248e-02, 
 2DIAGNOSTIC,     5, -2.646502910105e-01, 1.797693134862e+308, 2.6930e+00, 3.0786e-02, 
 2DIAGNOSTIC,     6, -2.662192203743e-01, 1.797693134862e+308, 2.7225e+00, 2.9504e-02, 
 2DIAGNOSTIC,     7, -2.703841474387e-01, 1.797693134862e+308, 2.7540e+00, 3.1514e-02, 
 2DIAGNOSTIC,     8, -2.955333360362e-01, 1.797693134862e+308, 2.7832e+00, 2.9216e-02, 
 2DIAGNOSTIC,     9, -3.223738844198e-01, 1.797693134862e+308, 2.8288e+00, 4.5587e-02, 
 2DIAGNOSTIC,    10, -3.281395110748e-01, 1.533768721499e-02, 2.8552e+00, 2.6345e-02, 
 2DIAGNOSTIC,    11, -3.286397520437e-01, 1.673503829184e-02, 2.8999e+00, 4.4752e-02, 
 2DIAGNOSTIC,    12, -3.293440455880e-01, 1.652144371070e-02, 2.9309e+00, 3.0943e-02, 
 2DIAGNOSTIC,    13, -3.295739280221e-01, 1.492311144683e-02, 2.9639e+00, 3.3064e-02, 
 2DIAGNOSTIC,    14, -3.298831231676e-01, 1.234163527183e-02, 3.0018e+00, 3.7829e-02, 
 2DIAGNOSTIC,    15, -3.313541855867e-01, 9.242114831580e-03, 3.0278e+00, 2.6045e-02, 
 2DIAGNOSTIC,    16, -3.345243916703e-01, 6.043332253385e-03, 3.0613e+00, 3.3440e-02, 
 2DIAGNOSTIC,    17, -3.430445617775e-01, 3.389694854493e-03, 3.1050e+00, 4.3730e-02, 
 2DIAGNOSTIC,    18, -3.441518863233e-01, 2.079175017943e-03, 3.1410e+00, 3.6060e-02, 
 2DIAGNOSTIC,    19, -3.443825508373e-01, 2.056161060097e-03, 3.1781e+00, 3.7058e-02, 
 2DIAGNOSTIC,    20, -3.445776640196e-01, 2.126282636245e-03, 3.2043e+00, 2.6198e-02, 
 2DIAGNOSTIC,    21, -3.450149775483e-01, 2.029204674034e-03, 3.2374e+00, 3.3121e-02, 
 2DIAGNOSTIC,    22, -3.456140606656e-01, 1.801564540466e-03, 3.2666e+00, 2.9132e-02, 
 2DIAGNOSTIC,    23, -3.456079696618e-01, 1.437084471563e-03, 3.2936e+00, 2.7027e-02, 
 2DIAGNOSTIC,    24, -3.457918494997e-01, 9.959627481169e-04, 3.3237e+00, 3.0106e-02, 
 2DIAGNOSTIC,    25, -3.465617463311e-01, 5.823639968941e-04, 3.3532e+00, 2.9485e-02, 
 2DIAGNOSTIC,    26, -3.485932841783e-01, 3.199250997928e-04, 3.3867e+00, 3.3563e-02, 
 2DIAGNOSTIC,    27, -3.493439463696e-01, 3.533464606818e-04, 3.4188e+00, 3.2078e-02, 
 2DIAGNOSTIC,    28, -3.516629327961e-01, 4.605242590503e-04, 3.4509e+00, 3.2109e-02, 
 2DIAGNOSTIC,    29, -3.529312862736e-01, 5.615512772787e-04, 3.5000e+00, 4.9051e-02, 
 2DIAGNOSTIC,    30, -3.541606719480e-01, 6.436363333605e-04, 3.5417e+00, 4.1702e-02, 
 2DIAGNOSTIC,    31, -3.541070374815e-01, 6.691712377423e-04, 3.5829e+00, 4.1228e-02, 
 2DIAGNOSTIC,    32, -3.543079486256e-01, 6.524465893114e-04, 3.6184e+00, 3.5495e-02, 
 2DIAGNOSTIC,    33, -3.542522325069e-01, 5.736965003443e-04, 3.6542e+00, 3.5781e-02, 
 2DIAGNOSTIC,    34, -3.542261347779e-01, 4.493988275773e-04, 3.6823e+00, 2.8139e-02, 
 2DIAGNOSTIC,    35, -3.542323702573e-01, 3.088308352188e-04, 3.7189e+00, 3.6557e-02, 
 2DIAGNOSTIC,    36, -3.542079055789e-01, 1.965391662543e-04, 3.7490e+00, 3.0125e-02, 
 2DIAGNOSTIC,    37, -3.541829072580e-01, 8.847209861228e-05, 3.7822e+00, 3.3178e-02, 
 2DIAGNOSTIC,    38, -3.540809358123e-01, 2.826172178329e-05, 3.8111e+00, 2.8968e-02, 
DIAGNOSTIC,Iteration,metricValue,convergenceValue,ITERATION_TIME_INDEX,SINCE_LAST
 2DIAGNOSTIC,     1, -2.967791084145e-01, 1.797693134862e+308, 6.6287e+00, 2.8176e+00, 
 2DIAGNOSTIC,     2, -2.969761281674e-01, 1.797693134862e+308, 6.8478e+00, 2.1913e-01, 
 2DIAGNOSTIC,     3, -2.972559299806e-01, 1.797693134862e+308, 7.0672e+00, 2.1939e-01, 
 2DIAGNOSTIC,     4, -2.979272660989e-01, 1.797693134862e+308, 7.2850e+00, 2.1781e-01, 
 2DIAGNOSTIC,     5, -2.984926200092e-01, 1.797693134862e+308, 7.5540e+00, 2.6895e-01, 
 2DIAGNOSTIC,     6, -2.989857011205e-01, 1.797693134862e+308, 7.8000e+00, 2.4599e-01, 
 2DIAGNOSTIC,     7, -2.990162282137e-01, 1.797693134862e+308, 8.1463e+00, 3.4635e-01, 
 2DIAGNOSTIC,     8, -2.989715925238e-01, 1.797693134862e+308, 8.4081e+00, 2.6180e-01, 
 2DIAGNOSTIC,     9, -2.989187096370e-01, 1.797693134862e+308, 8.6234e+00, 2.1533e-01, 
 2DIAGNOSTIC,    10, -2.989382229851e-01, 5.416904062663e-04, 8.8746e+00, 2.5115e-01, 
 2DIAGNOSTIC,    11, -2.989175021072e-01, 3.784520181236e-04, 9.1851e+00, 3.1050e-01, 
 2DIAGNOSTIC,    12, -2.989175842563e-01, 2.250121820211e-04, 9.4665e+00, 2.8137e-01, 
 2DIAGNOSTIC,    13, -2.989139310008e-01, 9.512414528620e-05, 9.8132e+00, 3.4674e-01, 
 2DIAGNOSTIC,    14, -2.989146997419e-01, 2.051347047179e-05, 1.0068e+01, 2.5501e-01, 
DIAGNOSTIC,Iteration,metricValue,convergenceValue,ITERATION_TIME_INDEX,SINCE_LAST
 2DIAGNOSTIC,     1, -2.514032938151e-01, 1.797693134862e+308, 1.4826e+01, 4.7578e+00, 
 2DIAGNOSTIC,     2, -2.514726190142e-01, 1.797693134862e+308, 1.6445e+01, 1.6195e+00, 
 2DIAGNOSTIC,     3, -2.515526005660e-01, 1.797693134862e+308, 1.8299e+01, 1.8537e+00, 
 2DIAGNOSTIC,     4, -2.515462286164e-01, 1.797693134862e+308, 2.0404e+01, 2.1047e+00, 
 2DIAGNOSTIC,     5, -2.515539989067e-01, 1.797693134862e+308, 2.2022e+01, 1.6181e+00, 
 2DIAGNOSTIC,     6, -2.515461935563e-01, 1.797693134862e+308, 2.3872e+01, 1.8499e+00, 
 2DIAGNOSTIC,     7, -2.515563350094e-01, 1.797693134862e+308, 2.5731e+01, 1.8588e+00, 
 2DIAGNOSTIC,     8, -2.515414742620e-01, 1.797693134862e+308, 2.7581e+01, 1.8509e+00, 
 2DIAGNOSTIC,     9, -2.515352602464e-01, 1.797693134862e+308, 3.0384e+01, 2.8030e+00, 
 2DIAGNOSTIC,    10, -2.515362607662e-01, 2.389287445477e-05, 3.2226e+01, 1.8414e+00, 
 2DIAGNOSTIC,    11, -2.515327270586e-01, 6.380861122340e-06, 3.5722e+01, 3.4961e+00, 
DIAGNOSTIC,Iteration,metricValue,convergenceValue,ITERATION_TIME_INDEX,SINCE_LAST
 2DIAGNOSTIC,     1, -2.275440370991e-01, 1.797693134862e+308, 5.1217e+01, 1.5495e+01, 
 2DIAGNOSTIC,     2, -2.275921058305e-01, 1.797693134862e+308, 6.2278e+01, 1.1061e+01, 
 2DIAGNOSTIC,     3, -2.276472023576e-01, 1.797693134862e+308, 7.3360e+01, 1.1082e+01, 
 2DIAGNOSTIC,     4, -2.276924804186e-01, 1.797693134862e+308, 8.6049e+01, 1.2689e+01, 
 2DIAGNOSTIC,     5, -2.277182488359e-01, 1.797693134862e+308, 1.0033e+02, 1.4277e+01, 
 2DIAGNOSTIC,     6, -2.277125903859e-01, 1.797693134862e+308, 1.2254e+02, 2.2218e+01, 
 2DIAGNOSTIC,     7, -2.277130875776e-01, 1.797693134862e+308, 1.3839e+02, 1.5851e+01, 
 2DIAGNOSTIC,     8, -2.277130389131e-01, 1.797693134862e+308, 1.5423e+02, 1.5838e+01, 
 2DIAGNOSTIC,     9, -2.277130670540e-01, 1.797693134862e+308, 1.6618e+02, 1.1950e+01, 
 2DIAGNOSTIC,    10, -2.277130189173e-01, 4.432094761180e-05, 1.8040e+02, 1.4221e+01, 
 2DIAGNOSTIC,    11, -2.277129561432e-01, 2.450478147328e-05, 1.9458e+02, 1.4172e+01, 
 2DIAGNOSTIC,    12, -2.277129203072e-01, 1.098812299703e-05, 2.0721e+02, 1.2630e+01, 
 2DIAGNOSTIC,    13, -2.277128408336e-01, 3.977348563292e-06, 2.2002e+02, 1.2812e+01, 
 2DIAGNOSTIC,    14, -2.277126737920e-01, 1.780203936208e-06, 2.3134e+02, 1.1324e+01, 
 2DIAGNOSTIC,    15, -2.277126240681e-01, 2.075477930380e-06, 2.4400e+02, 1.2664e+01, 
 2DIAGNOSTIC,    16, -2.277125419324e-01, 1.888990953575e-06, 2.5679e+02, 1.2783e+01, 
 2DIAGNOSTIC,    17, -2.277125273805e-01, 1.769110052542e-06, 2.7123e+02, 1.4445e+01, 
 2DIAGNOSTIC,    18, -2.277124916887e-01, 1.666028461716e-06, 2.8407e+02, 1.2838e+01, 
 2DIAGNOSTIC,    19, -2.277124562324e-01, 1.582896645654e-06, 2.9510e+02, 1.1031e+01, 
 2DIAGNOSTIC,    20, -2.277124298735e-01, 1.512064428520e-06, 3.0960e+02, 1.4494e+01, 
 2DIAGNOSTIC,    21, -2.277124461564e-01, 1.452457277923e-06, 3.2067e+02, 1.1071e+01, 
 2DIAGNOSTIC,    22, -2.277123079204e-01, 1.394152103901e-06, 3.3334e+02, 1.2677e+01, 
 2DIAGNOSTIC,    23, -2.277123256633e-01, 1.342818603589e-06, 3.4612e+02, 1.2780e+01, 
 2DIAGNOSTIC,    24, -2.277122952196e-01, 1.289226099793e-06, 3.5642e+02, 1.0292e+01, 
 2DIAGNOSTIC,    25, -2.277123216831e-01, 1.242213388070e-06, 3.6910e+02, 1.2683e+01, 
 2DIAGNOSTIC,    26, -2.277122853975e-01, 1.195926848760e-06, 3.8156e+02, 1.2466e+01, 
 2DIAGNOSTIC,    27, -2.277121092732e-01, 1.147004324069e-06, 3.9443e+02, 1.2861e+01, 
 2DIAGNOSTIC,    28, -2.277120743384e-01, 1.101654109138e-06, 4.0725e+02, 1.2825e+01, 
 2DIAGNOSTIC,    29, -2.277120555822e-01, 1.060239668733e-06, 4.1835e+02, 1.1096e+01, 
 2DIAGNOSTIC,    30, -2.277121844277e-01, 1.029122061819e-06, 4.3095e+02, 1.2602e+01, 
 2DIAGNOSTIC,    31, -2.277123833826e-01, 1.011652724613e-06, 4.4377e+02, 1.2824e+01, 
  Elapsed time (stage 0): 4.5226e+02


Stage 1
  iterations = 1000x500x250x100
  convergence threshold = 1.0000e-06
  convergence window size = 10
  number of levels = 4
  using the Mattes MI metric (number of bins = 32, weight = 1.0000e+00)
  preprocessing:  winsorizing the image intensities
  preprocessing:  histogram matching the images
  Shrink factors (level 1 out of 4): [8, 8, 8]
  Shrink factors (level 2 out of 4): [4, 4, 4]
  Shrink factors (level 3 out of 4): [2, 2, 2]
  Shrink factors (level 4 out of 4): [1, 1, 1]
  smoothing sigmas per level: [3, 2, 1, 0]
  regular sampling (percentage = 2.5000e-01)

*** Running AffineTransform registration ***

DIAGNOSTIC,Iteration,metricValue,convergenceValue,ITERATION_TIME_INDEX,SINCE_LAST
 2DIAGNOSTIC,     1, -3.529929315825e-01, 1.797693134862e+308, 2.6040e+00, 2.6040e+00, 
 2DIAGNOSTIC,     2, -3.536799119946e-01, 1.797693134862e+308, 2.6395e+00, 3.5493e-02, 
 2DIAGNOSTIC,     3, -3.555840663050e-01, 1.797693134862e+308, 2.6745e+00, 3.5058e-02, 
 2DIAGNOSTIC,     4, -3.585996252796e-01, 1.797693134862e+308, 2.7035e+00, 2.9020e-02, 
 2DIAGNOSTIC,     5, -3.629195383184e-01, 1.797693134862e+308, 2.7390e+00, 3.5515e-02, 
 2DIAGNOSTIC,     6, -3.690014150324e-01, 1.797693134862e+308, 2.7712e+00, 3.2182e-02, 
 2DIAGNOSTIC,     7, -3.771631746759e-01, 1.797693134862e+308, 2.8039e+00, 3.2633e-02, 
 2DIAGNOSTIC,     8, -3.974075021711e-01, 1.797693134862e+308, 2.8511e+00, 4.7246e-02, 
 2DIAGNOSTIC,     9, -3.992345059110e-01, 1.797693134862e+308, 2.8940e+00, 4.2852e-02, 
 2DIAGNOSTIC,    10, -4.001926827402e-01, 9.614771980763e-03, 2.9252e+00, 3.1256e-02, 
 2DIAGNOSTIC,    11, -4.040267439543e-01, 9.311623099991e-03, 2.9569e+00, 3.1680e-02, 
 2DIAGNOSTIC,    12, -4.074358513190e-01, 8.467584689270e-03, 2.9901e+00, 3.3232e-02, 
 2DIAGNOSTIC,    13, -4.128988313473e-01, 7.397915727753e-03, 3.0187e+00, 2.8596e-02, 
 2DIAGNOSTIC,    14, -4.226512052484e-01, 6.485646893374e-03, 3.0572e+00, 3.8483e-02, 
 2DIAGNOSTIC,    15, -4.279703029701e-01, 5.588881589382e-03, 3.0962e+00, 3.8959e-02, 
 2DIAGNOSTIC,    16, -4.295140699992e-01, 4.653752668113e-03, 3.1284e+00, 3.2267e-02, 
 2DIAGNOSTIC,    17, -4.311888791451e-01, 3.812844378826e-03, 3.1667e+00, 3.8242e-02, 
 2DIAGNOSTIC,    18, -4.347929599727e-01, 3.675185424926e-03, 3.2037e+00, 3.7056e-02, 
 2DIAGNOSTIC,    19, -4.362602238023e-01, 3.331403370948e-03, 3.2310e+00, 2.7269e-02, 
 2DIAGNOSTIC,    20, -4.385591504475e-01, 2.829768026640e-03, 3.2653e+00, 3.4336e-02, 
 2DIAGNOSTIC,    21, -4.420137959873e-01, 2.366457109573e-03, 3.3063e+00, 4.1003e-02, 
 2DIAGNOSTIC,    22, -4.433828770271e-01, 1.881162482532e-03, 3.3351e+00, 2.8787e-02, 
 2DIAGNOSTIC,    23, -4.454979357245e-01, 1.491457452389e-03, 3.3690e+00, 3.3833e-02, 
 2DIAGNOSTIC,    24, -4.480692899920e-01, 1.353103969489e-03, 3.4055e+00, 3.6588e-02, 
 2DIAGNOSTIC,    25, -4.482475253190e-01, 1.252323813594e-03, 3.4474e+00, 4.1821e-02, 
 2DIAGNOSTIC,    26, -4.486516508928e-01, 1.094976505090e-03, 3.4936e+00, 4.6205e-02, 
 2DIAGNOSTIC,    27, -4.487026263719e-01, 8.903710406262e-04, 3.5280e+00, 3.4391e-02, 
 2DIAGNOSTIC,    28, -4.499444506659e-01, 7.372393626561e-04, 3.5653e+00, 3.7381e-02, 
 2DIAGNOSTIC,    29, -4.510853061543e-01, 5.860861425092e-04, 3.5939e+00, 2.8573e-02, 
 2DIAGNOSTIC,    30, -4.522513113384e-01, 4.680035473331e-04, 3.6277e+00, 3.3747e-02, 
 2DIAGNOSTIC,    31, -4.529852039043e-01, 4.068420090274e-04, 3.6558e+00, 2.8124e-02, 
 2DIAGNOSTIC,    32, -4.540307343053e-01, 3.623705227531e-04, 3.6899e+00, 3.4075e-02, 
 2DIAGNOSTIC,    33, -4.555106197286e-01, 3.586807481369e-04, 3.7274e+00, 3.7515e-02, 
 2DIAGNOSTIC,    34, -4.568209090804e-01, 3.977381203612e-04, 3.7575e+00, 3.0149e-02, 
 2DIAGNOSTIC,    35, -4.581457208475e-01, 4.253527922571e-04, 3.7993e+00, 4.1799e-02, 
 2DIAGNOSTIC,    36, -4.597138714591e-01, 4.481607641004e-04, 3.8311e+00, 3.1771e-02, 
 2DIAGNOSTIC,    37, -4.603918679095e-01, 4.397320405883e-04, 3.8590e+00, 2.7931e-02, 
 2DIAGNOSTIC,    38, -4.643550711540e-01, 4.814648300086e-04, 3.9082e+00, 4.9123e-02, 
 2DIAGNOSTIC,    39, -4.648019399355e-01, 5.003254863488e-04, 3.9456e+00, 3.7407e-02, 
 2DIAGNOSTIC,    40, -4.655564526985e-01, 5.031196467626e-04, 3.9744e+00, 2.8791e-02, 
 2DIAGNOSTIC,    41, -4.659927771962e-01, 4.773118865735e-04, 4.0111e+00, 3.6757e-02, 
 2DIAGNOSTIC,    42, -4.673255963695e-01, 4.444895210820e-04, 4.0487e+00, 3.7581e-02, 
 2DIAGNOSTIC,    43, -4.680587375254e-01, 4.037691310081e-04, 4.0766e+00, 2.7887e-02, 
 2DIAGNOSTIC,    44, -4.715384805409e-01, 3.980669706776e-04, 4.1104e+00, 3.3867e-02, 
 2DIAGNOSTIC,    45, -4.748288523314e-01, 4.214749298622e-04, 4.1463e+00, 3.5856e-02, 
 2DIAGNOSTIC,    46, -4.752920061708e-01, 4.323649120980e-04, 4.1783e+00, 3.2031e-02, 
 2DIAGNOSTIC,    47, -4.760999976850e-01, 4.217051601628e-04, 4.2160e+00, 3.7689e-02, 
 2DIAGNOSTIC,    48, -4.788407149951e-01, 4.628839104523e-04, 4.2573e+00, 4.1273e-02, 
 2DIAGNOSTIC,    49, -4.807492893957e-01, 4.876783974435e-04, 4.2891e+00, 3.1786e-02, 
 2DIAGNOSTIC,    50, -4.816837664978e-01, 4.859893105642e-04, 4.3314e+00, 4.2358e-02, 
 2DIAGNOSTIC,    51, -4.821642645251e-01, 4.502006361659e-04, 4.3646e+00, 3.3204e-02, 
 2DIAGNOSTIC,    52, -4.828777039589e-01, 3.994145479074e-04, 4.3988e+00, 3.4206e-02, 
 2DIAGNOSTIC,    53, -4.833728755754e-01, 3.262417393918e-04, 4.4352e+00, 3.6353e-02, 
 2DIAGNOSTIC,    54, -4.834815180259e-01, 2.664283090678e-04, 4.4734e+00, 3.8199e-02, 
 2DIAGNOSTIC,    55, -4.835010884425e-01, 2.227657977471e-04, 4.5030e+00, 2.9566e-02, 
 2DIAGNOSTIC,    56, -4.836144884656e-01, 1.665591090830e-04, 4.5342e+00, 3.1229e-02, 
 2DIAGNOSTIC,    57, -4.838235755756e-01, 1.074322170818e-04, 4.5707e+00, 3.6464e-02, 
 2DIAGNOSTIC,    58, -4.839409268518e-01, 7.138394559199e-05, 4.5986e+00, 2.7938e-02, 
 2DIAGNOSTIC,    59, -4.841037264203e-01, 5.226993718990e-05, 4.6365e+00, 3.7938e-02, 
 2DIAGNOSTIC,    60, -4.844856461717e-01, 4.296330230681e-05, 4.6820e+00, 4.5435e-02, 
 2DIAGNOSTIC,    61, -4.845924222224e-01, 3.583953377407e-05, 4.7170e+00, 3.5046e-02, 
 2DIAGNOSTIC,    62, -4.846077444072e-01, 3.295292889064e-05, 4.7483e+00, 3.1320e-02, 
 2DIAGNOSTIC,    63, -4.845764270183e-01, 3.177530167790e-05, 4.7863e+00, 3.7923e-02, 
 2DIAGNOSTIC,    64, -4.843629057742e-01, 2.661553993596e-05, 4.8219e+00, 3.5681e-02, 
 2DIAGNOSTIC,    65, -4.844973724999e-01, 2.062430968738e-05, 4.8553e+00, 3.3345e-02, 
 2DIAGNOSTIC,    66, -4.859927720466e-01, 2.826389278449e-05, 4.8929e+00, 3.7580e-02, 
 2DIAGNOSTIC,    67, -4.859025858337e-01, 3.373058048910e-05, 4.9375e+00, 4.4634e-02, 
 2DIAGNOSTIC,    68, -4.861237958534e-01, 3.922024040961e-05, 4.9707e+00, 3.3223e-02, 
 2DIAGNOSTIC,    69, -4.861258688947e-01, 4.242125230005e-05, 5.0045e+00, 3.3813e-02, 
 2DIAGNOSTIC,    70, -4.862664096549e-01, 4.611963170992e-05, 5.0394e+00, 3.4866e-02, 
 2DIAGNOSTIC,    71, -4.863597517108e-01, 4.682235664363e-05, 5.0710e+00, 3.1596e-02, 
 2DIAGNOSTIC,    72, -4.863686360118e-01, 4.320442222711e-05, 5.1043e+00, 3.3334e-02, 
 2DIAGNOSTIC,    73, -4.860378107431e-01, 3.272588753596e-05, 5.1380e+00, 3.3630e-02, 
 2DIAGNOSTIC,    74, -4.860476917604e-01, 1.790138607954e-05, 5.1721e+00, 3.4187e-02, 
 2DIAGNOSTIC,    75, -4.860141571016e-01, 2.270953248600e-06, 5.2037e+00, 3.1507e-02, 
DIAGNOSTIC,Iteration,metricValue,convergenceValue,ITERATION_TIME_INDEX,SINCE_LAST
 2DIAGNOSTIC,     1, -4.229000391396e-01, 1.797693134862e+308, 8.0722e+00, 2.8685e+00, 
 2DIAGNOSTIC,     2, -4.229734116079e-01, 1.797693134862e+308, 8.3032e+00, 2.3099e-01, 
 2DIAGNOSTIC,     3, -4.231501197612e-01, 1.797693134862e+308, 8.5709e+00, 2.6772e-01, 
 2DIAGNOSTIC,     4, -4.231734993951e-01, 1.797693134862e+308, 8.8041e+00, 2.3321e-01, 
 2DIAGNOSTIC,     5, -4.232620783194e-01, 1.797693134862e+308, 9.0657e+00, 2.6157e-01, 
 2DIAGNOSTIC,     6, -4.233421377737e-01, 1.797693134862e+308, 9.3627e+00, 2.9704e-01, 
 2DIAGNOSTIC,     7, -4.232849352142e-01, 1.797693134862e+308, 9.6247e+00, 2.6196e-01, 
 2DIAGNOSTIC,     8, -4.232962038285e-01, 1.797693134862e+308, 9.8883e+00, 2.6364e-01, 
 2DIAGNOSTIC,     9, -4.232744479423e-01, 1.797693134862e+308, 1.0150e+01, 2.6202e-01, 
 2DIAGNOSTIC,    10, -4.232912789868e-01, 5.838783834067e-05, 1.0431e+01, 2.8033e-01, 
 2DIAGNOSTIC,    11, -4.232999574838e-01, 3.507968806073e-05, 1.0696e+01, 2.6503e-01, 
 2DIAGNOSTIC,    12, -4.232907607530e-01, 1.618794119945e-05, 1.0966e+01, 2.6999e-01, 
 2DIAGNOSTIC,    13, -4.232774629502e-01, 7.548994778644e-06, 1.1229e+01, 2.6346e-01, 
DIAGNOSTIC,Iteration,metricValue,convergenceValue,ITERATION_TIME_INDEX,SINCE_LAST
 2DIAGNOSTIC,     1, -3.720350952323e-01, 1.797693134862e+308, 1.6218e+01, 4.9893e+00, 
 2DIAGNOSTIC,     2, -3.723134961635e-01, 1.797693134862e+308, 1.7961e+01, 1.7423e+00, 
 2DIAGNOSTIC,     3, -3.724532600132e-01, 1.797693134862e+308, 1.9940e+01, 1.9794e+00, 
 2DIAGNOSTIC,     4, -3.725150974865e-01, 1.797693134862e+308, 2.1905e+01, 1.9652e+00, 
 2DIAGNOSTIC,     5, -3.725145288691e-01, 1.797693134862e+308, 2.4594e+01, 2.6889e+00, 
 2DIAGNOSTIC,     6, -3.725151202505e-01, 1.797693134862e+308, 2.6598e+01, 2.0038e+00, 
 2DIAGNOSTIC,     7, -3.725130213845e-01, 1.797693134862e+308, 2.8552e+01, 1.9544e+00, 
 2DIAGNOSTIC,     8, -3.725075205740e-01, 1.797693134862e+308, 3.0476e+01, 1.9238e+00, 
 2DIAGNOSTIC,     9, -3.725069215776e-01, 1.797693134862e+308, 3.2399e+01, 1.9231e+00, 
 2DIAGNOSTIC,    10, -3.725031946514e-01, 5.463758347166e-05, 3.4318e+01, 1.9186e+00, 
 2DIAGNOSTIC,    11, -3.724987779866e-01, 1.812240378042e-05, 3.6232e+01, 1.9140e+00, 
 2DIAGNOSTIC,    12, -3.725016477270e-01, 4.014428394677e-06, 3.8213e+01, 1.9812e+00, 
DIAGNOSTIC,Iteration,metricValue,convergenceValue,ITERATION_TIME_INDEX,SINCE_LAST
 2DIAGNOSTIC,     1, -3.324073795958e-01, 1.797693134862e+308, 5.4963e+01, 1.6750e+01, 
 2DIAGNOSTIC,     2, -3.325202264933e-01, 1.797693134862e+308, 6.6613e+01, 1.1650e+01, 
 2DIAGNOSTIC,     3, -3.325903857876e-01, 1.797693134862e+308, 7.8293e+01, 1.1681e+01, 
 2DIAGNOSTIC,     4, -3.326671164938e-01, 1.797693134862e+308, 9.0833e+01, 1.2540e+01, 
 2DIAGNOSTIC,     5, -3.327241862550e-01, 1.797693134862e+308, 1.0411e+02, 1.3275e+01, 
 2DIAGNOSTIC,     6, -3.327710092123e-01, 1.797693134862e+308, 1.1582e+02, 1.1708e+01, 
 2DIAGNOSTIC,     7, -3.327962981815e-01, 1.797693134862e+308, 1.2925e+02, 1.3432e+01, 
 2DIAGNOSTIC,     8, -3.327985025933e-01, 1.797693134862e+308, 1.5376e+02, 2.4512e+01, 
 2DIAGNOSTIC,     9, -3.328001496636e-01, 1.797693134862e+308, 1.6711e+02, 1.3351e+01, 
 2DIAGNOSTIC,    10, -3.328009916574e-01, 7.599382189202e-05, 1.8728e+02, 2.0172e+01, 
 2DIAGNOSTIC,    11, -3.328008780885e-01, 4.924853063429e-05, 2.0230e+02, 1.5017e+01, 
 2DIAGNOSTIC,    12, -3.328007657329e-01, 3.077915689514e-05, 2.1557e+02, 1.3270e+01, 
 2DIAGNOSTIC,    13, -3.328008269342e-01, 1.716920865205e-05, 2.3207e+02, 1.6497e+01, 
 2DIAGNOSTIC,    14, -3.328007686729e-01, 8.802077284972e-06, 2.4552e+02, 1.3450e+01, 
 2DIAGNOSTIC,    15, -3.328006752482e-01, 4.141138874328e-06, 2.5894e+02, 1.3421e+01, 
 2DIAGNOSTIC,    16, -3.328004366393e-01, 2.328910320926e-06, 2.7042e+02, 1.1477e+01, 
 2DIAGNOSTIC,    17, -3.328004170908e-01, 1.967113085033e-06, 2.8304e+02, 1.2621e+01, 
 2DIAGNOSTIC,    18, -3.328004363288e-01, 1.740165406515e-06, 2.9636e+02, 1.3320e+01, 
 2DIAGNOSTIC,    19, -3.328003980883e-01, 1.610584181334e-06, 3.1122e+02, 1.4867e+01, 
 2DIAGNOSTIC,    20, -3.328003836758e-01, 1.535528516290e-06, 3.2471e+02, 1.3490e+01, 
 2DIAGNOSTIC,    21, -3.328003362562e-01, 1.466534185063e-06, 3.3652e+02, 1.1806e+01, 
 2DIAGNOSTIC,    22, -3.328002930883e-01, 1.402212389798e-06, 3.4989e+02, 1.3371e+01, 
 2DIAGNOSTIC,    23, -3.328004188459e-01, 1.354423680593e-06, 3.6327e+02, 1.3381e+01, 
 2DIAGNOSTIC,    24, -3.328002045528e-01, 1.303450034892e-06, 3.7658e+02, 1.3312e+01, 
 2DIAGNOSTIC,    25, -3.328002117632e-01, 1.256182130323e-06, 3.8834e+02, 1.1759e+01, 
 2DIAGNOSTIC,    26, -3.327999207940e-01, 1.196710249819e-06, 4.0171e+02, 1.3367e+01, 
 2DIAGNOSTIC,    27, -3.327999871528e-01, 1.145788974408e-06, 4.1690e+02, 1.5192e+01, 
 2DIAGNOSTIC,    28, -3.327996054156e-01, 1.090322372187e-06, 4.3024e+02, 1.3339e+01, 
 2DIAGNOSTIC,    29, -3.327995730439e-01, 1.041206738932e-06, 4.4197e+02, 1.1728e+01, 
  Elapsed time (stage 1): 4.5114e+02


Total elapsed time: 9.0341e+02

--------------------------------------------------------------------------------------
 Mapping parameters
--------------------------------------------------------------------------------------
 ANTSPATH is /usr/local/software/spack/spack-git/opt/spack/linux-rhel7-broadwell/gcc-5/ants-2.3.4-lj6vm7ccmij4yywr4ynrttcko4aoflqt/bin

 Dimensionality:           3
 Output name prefix:       T1xT2_ANTs
 Fixed images:             /home/ccn30/rds/rds-p00500_encrypt-URQgmO1brZ0/p00500/ENCRYPT_images/26041/T2/N4t2.nii
 Moving images:            /home/ccn30/rds/rds-p00500_encrypt-URQgmO1brZ0/p00500/ENCRYPT_images/26041/mp2rage/n4mag0000_PSIR_skulled_std.nii
 Mask images:              
 Initial transforms:       
 Number of threads:        1
 Spline distance:          26
 Transform type:           a
 MI histogram bins:        32
 Precision:                d
 Use histogram matching    0
======================================================================================
 antsRegistration call:
--------------------------------------------------------------------------------------
/usr/local/software/spack/spack-git/opt/spack/linux-rhel7-broadwell/gcc-5/ants-2.3.4-lj6vm7ccmij4yywr4ynrttcko4aoflqt/bin/antsRegistration --verbose 1 --dimensionality 3 --float 0 --collapse-output-transforms 1 --output [ T1xT2_ANTs,T1xT2_ANTsWarped.nii.gz,T1xT2_ANTsInverseWarped.nii.gz ] --interpolation Linear --use-histogram-matching 0 --winsorize-image-intensities [ 0.005,0.995 ] --initial-moving-transform [ /home/ccn30/rds/rds-p00500_encrypt-URQgmO1brZ0/p00500/ENCRYPT_images/26041/T2/N4t2.nii,/home/ccn30/rds/rds-p00500_encrypt-URQgmO1brZ0/p00500/ENCRYPT_images/26041/mp2rage/n4mag0000_PSIR_skulled_std.nii,1 ] --transform Rigid[ 0.1 ] --metric MI[ /home/ccn30/rds/rds-p00500_encrypt-URQgmO1brZ0/p00500/ENCRYPT_images/26041/T2/N4t2.nii,/home/ccn30/rds/rds-p00500_encrypt-URQgmO1brZ0/p00500/ENCRYPT_images/26041/mp2rage/n4mag0000_PSIR_skulled_std.nii,1,32,Regular,0.25 ] --convergence [ 1000x500x250x0,1e-6,10 ] --shrink-factors 12x8x4x2 --smoothing-sigmas 4x3x2x1vox --transform Affine[ 0.1 ] --metric MI[ /home/ccn30/rds/rds-p00500_encrypt-URQgmO1brZ0/p00500/ENCRYPT_images/26041/T2/N4t2.nii,/home/ccn30/rds/rds-p00500_encrypt-URQgmO1brZ0/p00500/ENCRYPT_images/26041/mp2rage/n4mag0000_PSIR_skulled_std.nii,1,32,Regular,0.25 ] --convergence [ 1000x500x250x0,1e-6,10 ] --shrink-factors 12x8x4x2 --smoothing-sigmas 4x3x2x1vox
--------------------------------------------------------------------------------------
All_Command_lines_OK
Using double precision for computations.
=============================================================================
The composite transform comprises the following transforms (in order): 
  1. Center of mass alignment using fixed image: /home/ccn30/rds/rds-p00500_encrypt-URQgmO1brZ0/p00500/ENCRYPT_images/26041/T2/N4t2.nii and moving image: /home/ccn30/rds/rds-p00500_encrypt-URQgmO1brZ0/p00500/ENCRYPT_images/26041/mp2rage/n4mag0000_PSIR_skulled_std.nii (type = Euler3DTransform)
=============================================================================
  number of levels = 4
  number of levels = 4
  fixed image: /home/ccn30/rds/rds-p00500_encrypt-URQgmO1brZ0/p00500/ENCRYPT_images/26041/T2/N4t2.nii
  moving image: /home/ccn30/rds/rds-p00500_encrypt-URQgmO1brZ0/p00500/ENCRYPT_images/26041/mp2rage/n4mag0000_PSIR_skulled_std.nii
  fixed image: /home/ccn30/rds/rds-p00500_encrypt-URQgmO1brZ0/p00500/ENCRYPT_images/26041/T2/N4t2.nii
  moving image: /home/ccn30/rds/rds-p00500_encrypt-URQgmO1brZ0/p00500/ENCRYPT_images/26041/mp2rage/n4mag0000_PSIR_skulled_std.nii
Dimension = 3
Number of stages = 2
Use Histogram Matching false
Winsorize image intensities true
Lower quantile = 0.005
Upper quantile = 0.995
Stage 1 State
   Image metric = Mattes
     Fixed image = Image (0x4738010)
  RTTI typeinfo:   itk::Image<double, 3u>
  Reference Count: 2
  Modified Time: 1709
  Debug: Off
  Object Name: 
  Observers: 
    none
  Source: (none)
  Source output name: (none)
  Release Data: Off
  Data Released: False
  Global Release Data: Off
  PipelineMTime: 0
  UpdateMTime: 1492
  RealTimeStamp: 0 seconds 
  LargestPossibleRegion: 
    Dimension: 3
    Index: [0, 0, 0]
    Size: [512, 512, 54]
  BufferedRegion: 
    Dimension: 3
    Index: [0, 0, 0]
    Size: [512, 512, 54]
  RequestedRegion: 
    Dimension: 3
    Index: [0, 0, 0]
    Size: [512, 512, 54]
  Spacing: [0.4375, 0.4375, 1.1]
  Origin: [-111.718, -13.7856, -123.673]
  Direction: 
0.999877 -0.00656366 0.0142701
-0.0157072 -0.417816 0.908396
1.42554e-07 0.908508 0.417867

  IndexToPointMatrix: 
0.437446 -0.0028716 0.0156971
-0.00687191 -0.182794 0.999236
6.23674e-08 0.397472 0.459654

  PointToIndexMatrix: 
2.28543 -0.0359022 3.26212e-07
-0.0150027 -0.955007 2.07659
0.0129728 0.825815 0.379879

  Inverse Direction: 
0.999877 -0.0157072 1.42718e-07
-0.00656366 -0.417816 0.908508
0.0142701 0.908396 0.417867

  PixelContainer: 
    ImportImageContainer (0x4732980)
      RTTI typeinfo:   itk::ImportImageContainer<unsigned long, double>
      Reference Count: 1
      Modified Time: 1489
      Debug: Off
      Object Name: 
      Observers: 
        none
      Pointer: 0x2b0fcbdaf010
      Container manages memory: true
      Size: 14155776
      Capacity: 14155776

     Moving image = Image (0x4735b30)
  RTTI typeinfo:   itk::Image<double, 3u>
  Reference Count: 2
  Modified Time: 1710
  Debug: Off
  Object Name: 
  Observers: 
    none
  Source: (none)
  Source output name: (none)
  Release Data: Off
  Data Released: False
  Global Release Data: Off
  PipelineMTime: 0
  UpdateMTime: 1707
  RealTimeStamp: 0 seconds 
  LargestPossibleRegion: 
    Dimension: 3
    Index: [0, 0, 0]
    Size: [224, 320, 320]
  BufferedRegion: 
    Dimension: 3
    Index: [0, 0, 0]
    Size: [224, 320, 320]
  RequestedRegion: 
    Dimension: 3
    Index: [0, 0, 0]
    Size: [224, 320, 320]
  Spacing: [0.7, 0.7, 0.7]
  Origin: [-79.9085, 72.2492, -116.259]
  Direction: 
1 0 0
0 -1 0
0 0 1

  IndexToPointMatrix: 
0.7 0 0
0 -0.7 0
0 0 0.7

  PointToIndexMatrix: 
1.42857 0 0
0 -1.42857 0
0 0 1.42857

  Inverse Direction: 
1 0 0
0 -1 0
0 0 1

  PixelContainer: 
    ImportImageContainer (0x4732780)
      RTTI typeinfo:   itk::ImportImageContainer<unsigned long, double>
      Reference Count: 1
      Modified Time: 1704
      Debug: Off
      Object Name: 
      Observers: 
        none
      Pointer: 0x2b0fd29b0010
      Container manages memory: true
      Size: 22937600
      Capacity: 22937600

     Weighting = 1
     Sampling strategy = regular
     Number of bins = 32
     Radius = 4
     Sampling percentage  = 0.25
   Transform = Rigid
     Gradient step = 0.1
     Update field sigma (voxel space) = 0
     Total field sigma (voxel space) = 0
     Update field time sigma = 0
     Total field time sigma  = 0
     Number of time indices = 0
     Number of time point samples = 0
Stage 2 State
   Image metric = Mattes
     Fixed image = Image (0x4747500)
  RTTI typeinfo:   itk::Image<double, 3u>
  Reference Count: 2
  Modified Time: 2141
  Debug: Off
  Object Name: 
  Observers: 
    none
  Source: (none)
  Source output name: (none)
  Release Data: Off
  Data Released: False
  Global Release Data: Off
  PipelineMTime: 0
  UpdateMTime: 1924
  RealTimeStamp: 0 seconds 
  LargestPossibleRegion: 
    Dimension: 3
    Index: [0, 0, 0]
    Size: [512, 512, 54]
  BufferedRegion: 
    Dimension: 3
    Index: [0, 0, 0]
    Size: [512, 512, 54]
  RequestedRegion: 
    Dimension: 3
    Index: [0, 0, 0]
    Size: [512, 512, 54]
  Spacing: [0.4375, 0.4375, 1.1]
  Origin: [-111.718, -13.7856, -123.673]
  Direction: 
0.999877 -0.00656366 0.0142701
-0.0157072 -0.417816 0.908396
1.42554e-07 0.908508 0.417867

  IndexToPointMatrix: 
0.437446 -0.0028716 0.0156971
-0.00687191 -0.182794 0.999236
6.23674e-08 0.397472 0.459654

  PointToIndexMatrix: 
2.28543 -0.0359022 3.26212e-07
-0.0150027 -0.955007 2.07659
0.0129728 0.825815 0.379879

  Inverse Direction: 
0.999877 -0.0157072 1.42718e-07
-0.00656366 -0.417816 0.908508
0.0142701 0.908396 0.417867

  PixelContainer: 
    ImportImageContainer (0x4738860)
      RTTI typeinfo:   itk::ImportImageContainer<unsigned long, double>
      Reference Count: 1
      Modified Time: 1921
      Debug: Off
      Object Name: 
      Observers: 
        none
      Pointer: 0x2b0fdd8b1010
      Container manages memory: true
      Size: 14155776
      Capacity: 14155776

     Moving image = Image (0x474bf40)
  RTTI typeinfo:   itk::Image<double, 3u>
  Reference Count: 2
  Modified Time: 2142
  Debug: Off
  Object Name: 
  Observers: 
    none
  Source: (none)
  Source output name: (none)
  Release Data: Off
  Data Released: False
  Global Release Data: Off
  PipelineMTime: 0
  UpdateMTime: 2139
  RealTimeStamp: 0 seconds 
  LargestPossibleRegion: 
    Dimension: 3
    Index: [0, 0, 0]
    Size: [224, 320, 320]
  BufferedRegion: 
    Dimension: 3
    Index: [0, 0, 0]
    Size: [224, 320, 320]
  RequestedRegion: 
    Dimension: 3
    Index: [0, 0, 0]
    Size: [224, 320, 320]
  Spacing: [0.7, 0.7, 0.7]
  Origin: [-79.9085, 72.2492, -116.259]
  Direction: 
1 0 0
0 -1 0
0 0 1

  IndexToPointMatrix: 
0.7 0 0
0 -0.7 0
0 0 0.7

  PointToIndexMatrix: 
1.42857 0 0
0 -1.42857 0
0 0 1.42857

  Inverse Direction: 
1 0 0
0 -1 0
0 0 1

  PixelContainer: 
    ImportImageContainer (0x4743750)
      RTTI typeinfo:   itk::ImportImageContainer<unsigned long, double>
      Reference Count: 1
      Modified Time: 2136
      Debug: Off
      Object Name: 
      Observers: 
        none
      Pointer: 0x2b0fe44b2010
      Container manages memory: true
      Size: 22937600
      Capacity: 22937600

     Weighting = 1
     Sampling strategy = regular
     Number of bins = 32
     Radius = 4
     Sampling percentage  = 0.25
   Transform = Affine
     Gradient step = 0.1
     Update field sigma (voxel space) = 0
     Total field sigma (voxel space) = 0
     Update field time sigma = 0
     Total field time sigma  = 0
     Number of time indices = 0
     Number of time point samples = 0
Registration using 2 total stages.

Stage 0
  iterations = 1000x500x250x0
  convergence threshold = 1e-06
  convergence window size = 10
  number of levels = 4
  using the Mattes MI metric (number of bins = 32, weight = 1)
  preprocessing:  winsorizing the image intensities
  Shrink factors (level 1 out of 4): [12, 12, 5]
  Shrink factors (level 2 out of 4): [8, 8, 3]
  Shrink factors (level 3 out of 4): [4, 4, 2]
  Shrink factors (level 4 out of 4): [2, 2, 1]
  smoothing sigmas per level: [4, 3, 2, 1]
  regular sampling (percentage = 0.25)

*** Running Euler3DTransform registration ***

DIAGNOSTIC,Iteration,metricValue,convergenceValue,ITERATION_TIME_INDEX,SINCE_LAST
 2DIAGNOSTIC,     1, -4.077646027512e-01, 1.797693134862e+308, 4.0092e+00, 4.0092e+00, 
 2DIAGNOSTIC,     2, -4.112894876132e-01, 1.797693134862e+308, 4.0178e+00, 8.6222e-03, 
 2DIAGNOSTIC,     3, -4.165179558726e-01, 1.797693134862e+308, 4.0330e+00, 1.5203e-02, 
 2DIAGNOSTIC,     4, -4.240383810505e-01, 1.797693134862e+308, 4.0447e+00, 1.1755e-02, 
 2DIAGNOSTIC,     5, -4.354317039884e-01, 1.797693134862e+308, 4.0539e+00, 9.1300e-03, 
 2DIAGNOSTIC,     6, -4.583451186538e-01, 1.797693134862e+308, 4.0626e+00, 8.7619e-03, 
 2DIAGNOSTIC,     7, -4.850314523512e-01, 1.797693134862e+308, 4.0760e+00, 1.3319e-02, 
 2DIAGNOSTIC,     8, -4.961988945044e-01, 1.797693134862e+308, 4.0914e+00, 1.5430e-02, 
 2DIAGNOSTIC,     9, -5.006125399427e-01, 1.797693134862e+308, 4.1042e+00, 1.2781e-02, 
 2DIAGNOSTIC,    10, -5.031077820920e-01, 1.638456148567e-02, 4.1136e+00, 9.4860e-03, 
 2DIAGNOSTIC,    11, -5.035512897104e-01, 1.434620071823e-02, 4.1245e+00, 1.0890e-02, 
 2DIAGNOSTIC,    12, -5.040525303981e-01, 1.158917412233e-02, 4.1389e+00, 1.4353e-02, 
 2DIAGNOSTIC,    13, -5.047044393206e-01, 8.529000348563e-03, 4.1501e+00, 1.1247e-02, 
 2DIAGNOSTIC,    14, -5.058876690090e-01, 5.557584787935e-03, 4.1618e+00, 1.1665e-02, 
 2DIAGNOSTIC,    15, -5.072961825472e-01, 3.012670031551e-03, 4.1701e+00, 8.3401e-03, 
 2DIAGNOSTIC,    16, -5.083028018368e-01, 1.409545293363e-03, 4.1846e+00, 1.4411e-02, 
 2DIAGNOSTIC,    17, -5.084452112023e-01, 8.145864165270e-04, 4.1998e+00, 1.5213e-02, 
 2DIAGNOSTIC,    18, -5.092932441856e-01, 6.103178467098e-04, 4.2121e+00, 1.2356e-02, 
 2DIAGNOSTIC,    19, -5.101438164029e-01, 5.342383203001e-04, 4.2226e+00, 1.0459e-02, 
 2DIAGNOSTIC,    20, -5.105122476903e-01, 5.004108880661e-04, 4.2368e+00, 1.4217e-02, 
 2DIAGNOSTIC,    21, -5.105045441567e-01, 4.360105884505e-04, 4.2502e+00, 1.3427e-02, 
 2DIAGNOSTIC,    22, -5.105535930494e-01, 3.527928928737e-04, 4.2609e+00, 1.0700e-02, 
 2DIAGNOSTIC,    23, -5.107760249502e-01, 2.663549621483e-04, 4.2704e+00, 9.5232e-03, 
 2DIAGNOSTIC,    24, -5.112999885287e-01, 2.031087428861e-04, 4.2790e+00, 8.5399e-03, 
 2DIAGNOSTIC,    25, -5.115578011775e-01, 1.644051277085e-04, 4.2936e+00, 1.4599e-02, 
 2DIAGNOSTIC,    26, -5.120309022169e-01, 1.471612477272e-04, 4.3070e+00, 1.3453e-02, 
 2DIAGNOSTIC,    27, -5.120311912785e-01, 1.203666328676e-04, 4.3176e+00, 1.0599e-02, 
 2DIAGNOSTIC,    28, -5.112261955712e-01, 8.492178915361e-05, 4.3292e+00, 1.1611e-02, 
 2DIAGNOSTIC,    29, -5.119762066584e-01, 7.634004073358e-05, 4.3414e+00, 1.2186e-02, 
 2DIAGNOSTIC,    30, -5.119797217420e-01, 6.776323056099e-05, 4.3563e+00, 1.4881e-02, 
 2DIAGNOSTIC,    31, -5.120835757480e-01, 5.519302316404e-05, 4.3679e+00, 1.1579e-02, 
 2DIAGNOSTIC,    32, -5.121208961036e-01, 4.014191496377e-05, 4.3775e+00, 9.6362e-03, 
 2DIAGNOSTIC,    33, -5.120431988049e-01, 2.498250781814e-05, 4.3892e+00, 1.1645e-02, 
 2DIAGNOSTIC,    34, -5.120351206474e-01, 1.709833848011e-05, 4.4044e+00, 1.5260e-02, 
 2DIAGNOSTIC,    35, -5.120378715810e-01, 1.194059619730e-05, 4.4161e+00, 1.1668e-02, 
 2DIAGNOSTIC,    36, -5.120460692174e-01, 1.370775613609e-05, 4.4263e+00, 1.0176e-02, 
 2DIAGNOSTIC,    37, -5.120868202210e-01, 1.527998592856e-05, 4.4358e+00, 9.4981e-03, 
 2DIAGNOSTIC,    38, -5.121227023123e-01, 3.487261905605e-06, 4.4558e+00, 2.0046e-02, 
 2DIAGNOSTIC,    39, -5.121890562467e-01, 4.096822267308e-06, 4.4873e+00, 3.1446e-02, 
 2DIAGNOSTIC,    40, -5.121890562275e-01, 4.348657943389e-06, 4.4959e+00, 8.6310e-03, 
 2DIAGNOSTIC,    41, -5.121890563827e-01, 5.686576124538e-06, 4.5115e+00, 1.5630e-02, 
 2DIAGNOSTIC,    42, -5.121890566451e-01, 7.033583876839e-06, 4.5248e+00, 1.3229e-02, 
 2DIAGNOSTIC,    43, -5.121890570888e-01, 6.678223365926e-06, 4.5342e+00, 9.4869e-03, 
 2DIAGNOSTIC,    44, -5.121890578389e-01, 5.662085243080e-06, 4.5426e+00, 8.3499e-03, 
 2DIAGNOSTIC,    45, -5.121890591069e-01, 4.264770054739e-06, 4.5511e+00, 8.4629e-03, 
 2DIAGNOSTIC,    46, -5.121890612500e-01, 2.697587211112e-06, 4.5655e+00, 1.4465e-02, 
 2DIAGNOSTIC,    47, -5.121890648704e-01, 1.500407637651e-06, 4.5768e+00, 1.1321e-02, 
DIAGNOSTIC,Iteration,metricValue,convergenceValue,ITERATION_TIME_INDEX,SINCE_LAST
 2DIAGNOSTIC,     1, -3.761446423378e-01, 1.797693134862e+308, 8.6660e+00, 4.0892e+00, 
 2DIAGNOSTIC,     2, -3.783515602995e-01, 1.797693134862e+308, 8.7224e+00, 5.6427e-02, 
 2DIAGNOSTIC,     3, -3.805339648260e-01, 1.797693134862e+308, 8.7786e+00, 5.6131e-02, 
 2DIAGNOSTIC,     4, -3.819392157758e-01, 1.797693134862e+308, 8.8360e+00, 5.7408e-02, 
 2DIAGNOSTIC,     5, -3.827892178395e-01, 1.797693134862e+308, 8.8928e+00, 5.6836e-02, 
 2DIAGNOSTIC,     6, -3.836681019537e-01, 1.797693134862e+308, 8.9516e+00, 5.8760e-02, 
 2DIAGNOSTIC,     7, -3.846950480083e-01, 1.797693134862e+308, 9.0088e+00, 5.7248e-02, 
 2DIAGNOSTIC,     8, -3.862073793767e-01, 1.797693134862e+308, 9.0720e+00, 6.3165e-02, 
 2DIAGNOSTIC,     9, -3.866244866378e-01, 1.797693134862e+308, 9.1563e+00, 8.4310e-02, 
 2DIAGNOSTIC,    10, -3.870341973765e-01, 1.750325930941e-03, 9.2128e+00, 5.6522e-02, 
 2DIAGNOSTIC,    11, -3.872427321897e-01, 1.326089740300e-03, 9.2694e+00, 5.6628e-02, 
 2DIAGNOSTIC,    12, -3.876050326196e-01, 1.010046994687e-03, 9.3408e+00, 7.1335e-02, 
 2DIAGNOSTIC,    13, -3.876816342618e-01, 7.781317774981e-04, 9.3950e+00, 5.4263e-02, 
 2DIAGNOSTIC,    14, -3.877954657270e-01, 5.892094210204e-04, 9.4503e+00, 5.5230e-02, 
 2DIAGNOSTIC,    15, -3.886927035807e-01, 4.585015485379e-04, 9.5424e+00, 9.2100e-02, 
 2DIAGNOSTIC,    16, -3.887417899290e-01, 3.437578610300e-04, 9.6052e+00, 6.2886e-02, 
 2DIAGNOSTIC,    17, -3.887398752580e-01, 2.545194465199e-04, 9.6609e+00, 5.5613e-02, 
 2DIAGNOSTIC,    18, -3.887460520869e-01, 2.145608864842e-04, 9.7147e+00, 5.3875e-02, 
 2DIAGNOSTIC,    19, -3.887743715320e-01, 1.761037336561e-04, 9.7722e+00, 5.7487e-02, 
 2DIAGNOSTIC,    20, -3.888276813290e-01, 1.417677329699e-04, 9.8295e+00, 5.7240e-02, 
 2DIAGNOSTIC,    21, -3.888779743675e-01, 1.063054470384e-04, 9.9038e+00, 7.4320e-02, 
 2DIAGNOSTIC,    22, -3.888777405334e-01, 7.688078102883e-05, 9.9678e+00, 6.4008e-02, 
 2DIAGNOSTIC,    23, -3.888891677910e-01, 4.610614971418e-05, 1.0024e+01, 5.5733e-02, 
 2DIAGNOSTIC,    24, -3.889311400152e-01, 1.772455351515e-05, 1.0123e+01, 9.9455e-02, 
 2DIAGNOSTIC,    25, -3.889360028140e-01, 1.653900578983e-05, 1.0186e+01, 6.3307e-02, 
 2DIAGNOSTIC,    26, -3.889323197166e-01, 1.529807979457e-05, 1.0242e+01, 5.5430e-02, 
 2DIAGNOSTIC,    27, -3.889357019854e-01, 1.291007573529e-05, 1.0307e+01, 6.5091e-02, 
 2DIAGNOSTIC,    28, -3.889321958414e-01, 9.664544392135e-06, 1.0363e+01, 5.6290e-02, 
 2DIAGNOSTIC,    29, -3.889381632139e-01, 6.667861275643e-06, 1.0418e+01, 5.4599e-02, 
 2DIAGNOSTIC,    30, -3.889505044576e-01, 4.914348838335e-06, 1.0483e+01, 6.5468e-02, 
 2DIAGNOSTIC,    31, -3.889508736618e-01, 4.123822342397e-06, 1.0541e+01, 5.7865e-02, 
 2DIAGNOSTIC,    32, -3.889508809685e-01, 3.095481432187e-06, 1.0598e+01, 5.6936e-02, 
 2DIAGNOSTIC,    33, -3.889510124857e-01, 2.166621289400e-06, 1.0654e+01, 5.6409e-02, 
 2DIAGNOSTIC,    34, -3.889511324249e-01, 2.082721257145e-06, 1.0866e+01, 2.1122e-01, 
 2DIAGNOSTIC,    35, -3.889511324057e-01, 1.994122145597e-06, 1.1074e+01, 2.0827e-01, 
 2DIAGNOSTIC,    36, -3.889511324057e-01, 1.730732114461e-06, 1.1138e+01, 6.3803e-02, 
 2DIAGNOSTIC,    37, -3.889511324057e-01, 1.475981745689e-06, 1.1221e+01, 8.3699e-02, 
 2DIAGNOSTIC,    38, -3.889511324057e-01, 1.108306365582e-06, 1.1287e+01, 6.5897e-02, 
DIAGNOSTIC,Iteration,metricValue,convergenceValue,ITERATION_TIME_INDEX,SINCE_LAST
 2DIAGNOSTIC,     1, -3.483398077742e-01, 1.797693134862e+308, 1.5880e+01, 4.5926e+00, 
 2DIAGNOSTIC,     2, -3.496085676000e-01, 1.797693134862e+308, 1.6216e+01, 3.3631e-01, 
 2DIAGNOSTIC,     3, -3.503341241743e-01, 1.797693134862e+308, 1.6552e+01, 3.3542e-01, 
 2DIAGNOSTIC,     4, -3.506803286012e-01, 1.797693134862e+308, 1.6884e+01, 3.3284e-01, 
 2DIAGNOSTIC,     5, -3.512355498166e-01, 1.797693134862e+308, 1.7218e+01, 3.3382e-01, 
 2DIAGNOSTIC,     6, -3.524902743815e-01, 1.797693134862e+308, 1.7607e+01, 3.8899e-01, 
 2DIAGNOSTIC,     7, -3.539194760062e-01, 1.797693134862e+308, 1.8882e+01, 1.2743e+00, 
 2DIAGNOSTIC,     8, -3.539267905073e-01, 1.797693134862e+308, 1.9217e+01, 3.3529e-01, 
 2DIAGNOSTIC,     9, -3.539268516544e-01, 1.797693134862e+308, 1.9550e+01, 3.3363e-01, 
 2DIAGNOSTIC,    10, -3.539269549852e-01, 1.101893126596e-03, 1.9887e+01, 3.3702e-01, 
 2DIAGNOSTIC,    11, -3.539271295787e-01, 8.270739140693e-04, 2.0224e+01, 3.3683e-01, 
 2DIAGNOSTIC,    12, -3.539274241734e-01, 6.073121278039e-04, 2.0558e+01, 3.3358e-01, 
 2DIAGNOSTIC,    13, -3.539279209350e-01, 4.127215507888e-04, 2.0892e+01, 3.3398e-01, 
 2DIAGNOSTIC,    14, -3.539287561314e-01, 2.300806877064e-04, 2.1281e+01, 3.8892e-01, 
 2DIAGNOSTIC,    15, -3.539293675758e-01, 7.996882518756e-05, 2.1616e+01, 3.3493e-01, 
 2DIAGNOSTIC,    16, -3.539285469397e-01, 2.658362119767e-06, 2.1952e+01, 3.3662e-01, 
 2DIAGNOSTIC,    17, -3.539302769238e-01, 2.233330393363e-06, 2.2287e+01, 3.3469e-01, 
 2DIAGNOSTIC,    18, -3.539331676631e-01, 2.276929612140e-06, 2.2623e+01, 3.3642e-01, 
 2DIAGNOSTIC,    19, -3.539306344767e-01, 2.160646185828e-06, 2.2960e+01, 3.3632e-01, 
 2DIAGNOSTIC,    20, -3.539385043561e-01, 2.337683603616e-06, 2.3293e+01, 3.3346e-01, 
 2DIAGNOSTIC,    21, -3.539588821779e-01, 3.209356499147e-06, 2.3633e+01, 3.3930e-01, 
 2DIAGNOSTIC,    22, -3.539788313610e-01, 4.564109567638e-06, 2.3965e+01, 3.3254e-01, 
 2DIAGNOSTIC,    23, -3.540119397366e-01, 6.676069712899e-06, 2.4301e+01, 3.3592e-01, 
 2DIAGNOSTIC,    24, -3.540588203814e-01, 9.703639273918e-06, 2.4636e+01, 3.3454e-01, 
 2DIAGNOSTIC,    25, -3.541102814258e-01, 1.335501986340e-05, 2.4970e+01, 3.3398e-01, 
 2DIAGNOSTIC,    26, -3.541672622690e-01, 1.729997030426e-05, 2.5356e+01, 3.8683e-01, 
 2DIAGNOSTIC,    27, -3.541924591044e-01, 2.021760558286e-05, 2.5742e+01, 3.8590e-01, 
 2DIAGNOSTIC,    28, -3.542052560019e-01, 2.159587980399e-05, 2.6183e+01, 4.4044e-01, 
 2DIAGNOSTIC,    29, -3.542007952784e-01, 2.075588099368e-05, 2.6567e+01, 3.8466e-01, 
 2DIAGNOSTIC,    30, -3.542108320737e-01, 1.858382859567e-05, 2.6956e+01, 3.8825e-01, 
 2DIAGNOSTIC,    31, -3.542452824062e-01, 1.629599386830e-05, 2.7346e+01, 3.9051e-01, 
 2DIAGNOSTIC,    32, -3.542480397292e-01, 1.324626112965e-05, 2.7686e+01, 3.3980e-01, 
 2DIAGNOSTIC,    33, -3.542508401701e-01, 1.010517876390e-05, 2.8075e+01, 3.8916e-01, 
 2DIAGNOSTIC,    34, -3.542559236542e-01, 7.513826313744e-06, 2.8413e+01, 3.3761e-01, 
 2DIAGNOSTIC,    35, -3.542725484084e-01, 5.976590160696e-06, 2.8752e+01, 3.3934e-01, 
 2DIAGNOSTIC,    36, -3.543073016554e-01, 6.055575302148e-06, 2.9089e+01, 3.3659e-01, 
 2DIAGNOSTIC,    37, -3.543457678849e-01, 6.996593272812e-06, 2.9427e+01, 3.3822e-01, 
 2DIAGNOSTIC,    38, -3.543695102379e-01, 8.083606261734e-06, 3.0033e+01, 6.0634e-01, 
 2DIAGNOSTIC,    39, -3.543743611184e-01, 8.439876630684e-06, 3.0372e+01, 3.3868e-01, 
 2DIAGNOSTIC,    40, -3.543570072975e-01, 7.893006824970e-06, 3.0764e+01, 3.9193e-01, 
 2DIAGNOSTIC,    41, -3.543598190650e-01, 7.429945107194e-06, 3.1105e+01, 3.4100e-01, 
 2DIAGNOSTIC,    42, -3.543504455302e-01, 6.211370569179e-06, 3.1445e+01, 3.4035e-01, 
 2DIAGNOSTIC,    43, -3.543523177018e-01, 4.617484623239e-06, 3.1787e+01, 3.4212e-01, 
 2DIAGNOSTIC,    44, -3.543526844081e-01, 2.831514331648e-06, 3.2181e+01, 3.9375e-01, 
 2DIAGNOSTIC,    45, -3.543404611600e-01, 1.001784970402e-06, 3.2631e+01, 4.4973e-01, 
DIAGNOSTIC,Iteration,metricValue,convergenceValue,ITERATION_TIME_INDEX,SINCE_LAST
 2DIAGNOSTIC,     1, -3.113641850606e-01, 1.797693134862e+308, 3.9237e+01, 6.6061e+00, 
  Elapsed time (stage 0): 4.0929e+01


Stage 1
  iterations = 1000x500x250x0
  convergence threshold = 1.0000e-06
  convergence window size = 10
  number of levels = 4
  using the Mattes MI metric (number of bins = 32, weight = 1.0000e+00)
  preprocessing:  winsorizing the image intensities
  Shrink factors (level 1 out of 4): [12, 12, 5]
  Shrink factors (level 2 out of 4): [8, 8, 3]
  Shrink factors (level 3 out of 4): [4, 4, 2]
  Shrink factors (level 4 out of 4): [2, 2, 1]
  smoothing sigmas per level: [4, 3, 2, 1]
  regular sampling (percentage = 2.5000e-01)

*** Running AffineTransform registration ***

DIAGNOSTIC,Iteration,metricValue,convergenceValue,ITERATION_TIME_INDEX,SINCE_LAST
 2DIAGNOSTIC,     1, -5.014552743081e-01, 1.797693134862e+308, 4.0316e+00, 4.0316e+00, 
 2DIAGNOSTIC,     2, -5.041042848753e-01, 1.797693134862e+308, 4.0460e+00, 1.4335e-02, 
 2DIAGNOSTIC,     3, -5.068068144497e-01, 1.797693134862e+308, 4.0575e+00, 1.1509e-02, 
 2DIAGNOSTIC,     4, -5.120592293959e-01, 1.797693134862e+308, 4.0670e+00, 9.5739e-03, 
 2DIAGNOSTIC,     5, -5.181781917030e-01, 1.797693134862e+308, 4.0767e+00, 9.6560e-03, 
 2DIAGNOSTIC,     6, -5.246151388439e-01, 1.797693134862e+308, 4.0917e+00, 1.4970e-02, 
 2DIAGNOSTIC,     7, -5.299842389463e-01, 1.797693134862e+308, 4.1045e+00, 1.2786e-02, 
 2DIAGNOSTIC,     8, -5.358814171747e-01, 1.797693134862e+308, 4.1159e+00, 1.1406e-02, 
 2DIAGNOSTIC,     9, -5.395940976564e-01, 1.797693134862e+308, 4.1365e+00, 2.0592e-02, 
 2DIAGNOSTIC,    10, -5.375813103653e-01, 5.293051409369e-03, 4.1511e+00, 1.4681e-02, 
 2DIAGNOSTIC,    11, -5.377187088082e-01, 4.402751993705e-03, 4.1623e+00, 1.1178e-02, 
 2DIAGNOSTIC,    12, -5.390443932962e-01, 3.449355705166e-03, 4.1724e+00, 1.0112e-02, 
 2DIAGNOSTIC,    13, -5.402396856771e-01, 2.490609588979e-03, 4.1843e+00, 1.1880e-02, 
 2DIAGNOSTIC,    14, -5.406208520263e-01, 1.660184274974e-03, 4.2022e+00, 1.7872e-02, 
 2DIAGNOSTIC,    15, -5.406550260048e-01, 1.014089050796e-03, 4.2150e+00, 1.2779e-02, 
 2DIAGNOSTIC,    16, -5.407749832218e-01, 5.786173648883e-04, 4.2260e+00, 1.1053e-02, 
 2DIAGNOSTIC,    17, -5.411651708615e-01, 3.188532529563e-04, 4.2403e+00, 1.4317e-02, 
 2DIAGNOSTIC,    18, -5.410187174012e-01, 2.259232058295e-04, 4.2544e+00, 1.4096e-02, 
 2DIAGNOSTIC,    19, -5.411346944041e-01, 2.325395981686e-04, 4.2674e+00, 1.2956e-02, 
 2DIAGNOSTIC,    20, -5.412635180160e-01, 1.674165490458e-04, 4.2773e+00, 9.9449e-03, 
 2DIAGNOSTIC,    21, -5.413801289421e-01, 9.899887564805e-05, 4.2902e+00, 1.2826e-02, 
 2DIAGNOSTIC,    22, -5.415208058202e-01, 6.259002096395e-05, 4.3061e+00, 1.5909e-02, 
 2DIAGNOSTIC,    23, -5.416626811424e-01, 5.454397704196e-05, 4.3187e+00, 1.2624e-02, 
 2DIAGNOSTIC,    24, -5.422262480251e-01, 6.330838290211e-05, 4.3287e+00, 1.0003e-02, 
 2DIAGNOSTIC,    25, -5.427753072112e-01, 7.763609189811e-05, 4.3399e+00, 1.1200e-02, 
 2DIAGNOSTIC,    26, -5.440187734431e-01, 1.111783180509e-04, 4.3629e+00, 2.3002e-02, 
 2DIAGNOSTIC,    27, -5.441469883196e-01, 1.417592756765e-04, 4.3801e+00, 1.7210e-02, 
 2DIAGNOSTIC,    28, -5.442625687631e-01, 1.565698632628e-04, 4.3900e+00, 9.8970e-03, 
 2DIAGNOSTIC,    29, -5.443039250825e-01, 1.586742411703e-04, 4.4049e+00, 1.4873e-02, 
 2DIAGNOSTIC,    30, -5.443719459167e-01, 1.490013058131e-04, 4.4176e+00, 1.2689e-02, 
 2DIAGNOSTIC,    31, -5.444660458543e-01, 1.293004258570e-04, 4.4286e+00, 1.1089e-02, 
 2DIAGNOSTIC,    32, -5.445885617285e-01, 1.031231446923e-04, 4.4385e+00, 9.9001e-03, 
 2DIAGNOSTIC,    33, -5.447436549013e-01, 7.376258820251e-05, 4.4519e+00, 1.3397e-02, 
 2DIAGNOSTIC,    34, -5.448280577348e-01, 4.933347787876e-05, 4.4663e+00, 1.4356e-02, 
 2DIAGNOSTIC,    35, -5.449917731650e-01, 3.202970699255e-05, 4.4786e+00, 1.2323e-02, 
 2DIAGNOSTIC,    36, -5.453627217085e-01, 3.642799492997e-05, 4.4890e+00, 1.0406e-02, 
 2DIAGNOSTIC,    37, -5.452056438032e-01, 3.662073765060e-05, 4.5086e+00, 1.9550e-02, 
 2DIAGNOSTIC,    38, -5.455963840491e-01, 4.058255290356e-05, 4.5221e+00, 1.3535e-02, 
 2DIAGNOSTIC,    39, -5.457620089838e-01, 4.324552106798e-05, 4.5345e+00, 1.2363e-02, 
 2DIAGNOSTIC,    40, -5.460779945468e-01, 4.672975034226e-05, 4.5466e+00, 1.2166e-02, 
 2DIAGNOSTIC,    41, -5.464530224846e-01, 5.161545837269e-05, 4.5650e+00, 1.8406e-02, 
 2DIAGNOSTIC,    42, -5.465747806015e-01, 5.442100029461e-05, 4.5799e+00, 1.4875e-02, 
 2DIAGNOSTIC,    43, -5.467154575348e-01, 5.566643814339e-05, 4.5906e+00, 1.0634e-02, 
 2DIAGNOSTIC,    44, -5.467671370186e-01, 5.318361925876e-05, 4.6015e+00, 1.0949e-02, 
 2DIAGNOSTIC,    45, -5.468037871827e-01, 4.801564406016e-05, 4.6198e+00, 1.8338e-02, 
 2DIAGNOSTIC,    46, -5.467260685048e-01, 4.198195289355e-05, 4.6347e+00, 1.4872e-02, 
 2DIAGNOSTIC,    47, -5.465018406144e-01, 2.792796894090e-05, 4.6448e+00, 1.0090e-02, 
 2DIAGNOSTIC,    48, -5.464399685463e-01, 1.556298437559e-05, 4.6547e+00, 9.8510e-03, 
 2DIAGNOSTIC,    49, -5.465752788926e-01, 5.453185243302e-06, 4.6702e+00, 1.5560e-02, 
DIAGNOSTIC,Iteration,metricValue,convergenceValue,ITERATION_TIME_INDEX,SINCE_LAST
 2DIAGNOSTIC,     1, -3.785708540772e-01, 1.797693134862e+308, 8.8241e+00, 4.1539e+00, 
 2DIAGNOSTIC,     2, -3.806531792585e-01, 1.797693134862e+308, 8.8865e+00, 6.2347e-02, 
 2DIAGNOSTIC,     3, -3.836265754547e-01, 1.797693134862e+308, 8.9478e+00, 6.1378e-02, 
 2DIAGNOSTIC,     4, -3.868600716017e-01, 1.797693134862e+308, 9.0082e+00, 6.0311e-02, 
 2DIAGNOSTIC,     5, -3.900532007271e-01, 1.797693134862e+308, 9.0693e+00, 6.1138e-02, 
 2DIAGNOSTIC,     6, -3.937545441671e-01, 1.797693134862e+308, 9.1585e+00, 8.9197e-02, 
 2DIAGNOSTIC,     7, -3.947023604789e-01, 1.797693134862e+308, 9.2270e+00, 6.8499e-02, 
 2DIAGNOSTIC,     8, -3.951092558028e-01, 1.797693134862e+308, 9.2898e+00, 6.2819e-02, 
 2DIAGNOSTIC,     9, -3.958020136557e-01, 1.797693134862e+308, 9.3529e+00, 6.3086e-02, 
 2DIAGNOSTIC,    10, -3.960788508188e-01, 3.146256775029e-03, 9.4238e+00, 7.0949e-02, 
 2DIAGNOSTIC,    11, -3.966364296767e-01, 2.364137470411e-03, 9.4927e+00, 6.8833e-02, 
 2DIAGNOSTIC,    12, -3.970107564510e-01, 1.650079363711e-03, 9.5838e+00, 9.1076e-02, 
 2DIAGNOSTIC,    13, -3.970558842068e-01, 1.067257712345e-03, 9.6529e+00, 6.9116e-02, 
 2DIAGNOSTIC,    14, -3.972921467026e-01, 6.503320183486e-04, 9.7162e+00, 6.3380e-02, 
 2DIAGNOSTIC,    15, -3.974003101134e-01, 3.854690915504e-04, 9.7807e+00, 6.4426e-02, 
 2DIAGNOSTIC,    16, -3.975990090852e-01, 2.945537365706e-04, 9.8435e+00, 6.2828e-02, 
 2DIAGNOSTIC,    17, -3.977889970666e-01, 2.356534864589e-04, 9.9133e+00, 6.9773e-02, 
 2DIAGNOSTIC,    18, -3.978485308758e-01, 1.800638728591e-04, 9.9733e+00, 5.9975e-02, 
 2DIAGNOSTIC,    19, -3.979259613196e-01, 1.433377321878e-04, 1.0046e+01, 7.2405e-02, 
 2DIAGNOSTIC,    20, -3.978196327916e-01, 1.028754948695e-04, 1.0109e+01, 6.3168e-02, 
 2DIAGNOSTIC,    21, -3.979128463165e-01, 7.904809067606e-05, 1.0171e+01, 6.2243e-02, 
 2DIAGNOSTIC,    22, -3.981025053114e-01, 6.855464818979e-05, 1.0261e+01, 9.0009e-02, 
 2DIAGNOSTIC,    23, -3.981206729724e-01, 5.437089396470e-05, 1.0333e+01, 7.1760e-02, 
 2DIAGNOSTIC,    24, -3.980035666429e-01, 4.013351516859e-05, 1.0400e+01, 6.7526e-02, 
 2DIAGNOSTIC,    25, -3.980086564666e-01, 2.682338737394e-05, 1.0463e+01, 6.2868e-02, 
 2DIAGNOSTIC,    26, -3.982064943523e-01, 2.294781296984e-05, 1.0536e+01, 7.2296e-02, 
 2DIAGNOSTIC,    27, -3.982427204502e-01, 2.298707511589e-05, 1.0598e+01, 6.2554e-02, 
 2DIAGNOSTIC,    28, -3.982472920624e-01, 2.258715698345e-05, 1.0659e+01, 6.1260e-02, 
 2DIAGNOSTIC,    29, -3.985572365148e-01, 3.011745075326e-05, 1.0880e+01, 2.2065e-01, 
 2DIAGNOSTIC,    30, -3.985572358157e-01, 3.164050540365e-05, 1.0942e+01, 6.2460e-02, 
 2DIAGNOSTIC,    31, -3.985572464370e-01, 3.217617691898e-05, 1.1006e+01, 6.3780e-02, 
 2DIAGNOSTIC,    32, -3.985572643918e-01, 3.403104017163e-05, 1.1070e+01, 6.3728e-02, 
 2DIAGNOSTIC,    33, -3.985572947368e-01, 3.315166216434e-05, 1.1132e+01, 6.2072e-02, 
 2DIAGNOSTIC,    34, -3.985573460168e-01, 2.674474964636e-05, 1.1193e+01, 6.0529e-02, 
 2DIAGNOSTIC,    35, -3.985574326326e-01, 1.823190603660e-05, 1.1253e+01, 6.0351e-02, 
 2DIAGNOSTIC,    36, -3.985575787258e-01, 1.258100143882e-05, 1.1316e+01, 6.3054e-02, 
 2DIAGNOSTIC,    37, -3.985578247779e-01, 6.903252161260e-06, 1.1378e+01, 6.2413e-02, 
DIAGNOSTIC,Iteration,metricValue,convergenceValue,ITERATION_TIME_INDEX,SINCE_LAST
 2DIAGNOSTIC,     1, -3.511696724101e-01, 1.797693134862e+308, 1.5809e+01, 4.4302e+00, 
 2DIAGNOSTIC,     2, -3.522272685224e-01, 1.797693134862e+308, 1.6173e+01, 3.6442e-01, 
 2DIAGNOSTIC,     3, -3.530508676629e-01, 1.797693134862e+308, 1.6546e+01, 3.7312e-01, 
 2DIAGNOSTIC,     4, -3.536126826621e-01, 1.797693134862e+308, 1.6921e+01, 3.7469e-01, 
 2DIAGNOSTIC,     5, -3.543223928374e-01, 1.797693134862e+308, 1.7294e+01, 3.7276e-01, 
 2DIAGNOSTIC,     6, -3.553668880529e-01, 1.797693134862e+308, 1.7723e+01, 4.2992e-01, 
 2DIAGNOSTIC,     7, -3.562079596466e-01, 1.797693134862e+308, 1.8301e+01, 5.7790e-01, 
 2DIAGNOSTIC,     8, -3.562814828852e-01, 1.797693134862e+308, 1.8667e+01, 3.6563e-01, 
 2DIAGNOSTIC,     9, -3.566959989306e-01, 1.797693134862e+308, 1.9034e+01, 3.6701e-01, 
 2DIAGNOSTIC,    10, -3.572252258635e-01, 1.094112100026e-03, 1.9401e+01, 3.6742e-01, 
 2DIAGNOSTIC,    11, -3.577076100943e-01, 9.016732556694e-04, 1.9775e+01, 3.7337e-01, 
 2DIAGNOSTIC,    12, -3.580590063087e-01, 7.532891118153e-04, 2.0144e+01, 3.6899e-01, 
 2DIAGNOSTIC,    13, -3.582760353408e-01, 6.246466806591e-04, 2.0623e+01, 4.7873e-01, 
 2DIAGNOSTIC,    14, -3.584277624749e-01, 4.989071429673e-04, 2.1271e+01, 6.4834e-01, 
 2DIAGNOSTIC,    15, -3.584788289841e-01, 3.838180251902e-04, 2.1702e+01, 4.3157e-01, 
 2DIAGNOSTIC,    16, -3.584789335148e-01, 2.991588059567e-04, 2.2077e+01, 3.7484e-01, 
 2DIAGNOSTIC,    17, -3.584809885261e-01, 2.370448494530e-04, 2.2452e+01, 3.7461e-01, 
 2DIAGNOSTIC,    18, -3.585117171915e-01, 1.646717126323e-04, 2.2830e+01, 3.7790e-01, 
 2DIAGNOSTIC,    19, -3.585498972687e-01, 1.035356685951e-04, 2.3209e+01, 3.7881e-01, 
 2DIAGNOSTIC,    20, -3.586021371401e-01, 6.193951743660e-05, 2.3587e+01, 3.7823e-01, 
 2DIAGNOSTIC,    21, -3.587052823008e-01, 4.071295348234e-05, 2.3965e+01, 3.7826e-01, 
 2DIAGNOSTIC,    22, -3.588390038136e-01, 3.514225331262e-05, 2.4449e+01, 4.8347e-01, 
 2DIAGNOSTIC,    23, -3.588710876236e-01, 3.532275954579e-05, 2.4873e+01, 4.2403e-01, 
 2DIAGNOSTIC,    24, -3.589120603461e-01, 3.870180609895e-05, 2.5294e+01, 4.2121e-01, 
 2DIAGNOSTIC,    25, -3.589423324226e-01, 4.090713854697e-05, 2.5829e+01, 5.3503e-01, 
 2DIAGNOSTIC,    26, -3.589666428024e-01, 3.992148427118e-05, 2.6204e+01, 3.7561e-01, 
 2DIAGNOSTIC,    27, -3.589735540231e-01, 3.557094009345e-05, 2.6632e+01, 4.2757e-01, 
 2DIAGNOSTIC,    28, -3.589841529970e-01, 2.948158823612e-05, 2.7007e+01, 3.7546e-01, 
 2DIAGNOSTIC,    29, -3.590256644840e-01, 2.335662231540e-05, 2.7440e+01, 4.3256e-01, 
 2DIAGNOSTIC,    30, -3.590527713283e-01, 1.757487518914e-05, 2.7867e+01, 4.2666e-01, 
 2DIAGNOSTIC,    31, -3.590512971538e-01, 1.312572173013e-05, 2.8296e+01, 4.2979e-01, 
 2DIAGNOSTIC,    32, -3.590485816140e-01, 1.108698397028e-05, 2.8670e+01, 3.7304e-01, 
 2DIAGNOSTIC,    33, -3.590483316135e-01, 8.976004673152e-06, 2.9099e+01, 4.2984e-01, 
 2DIAGNOSTIC,    34, -3.590449056274e-01, 7.075847762335e-06, 2.9477e+01, 3.7727e-01, 
 2DIAGNOSTIC,    35, -3.590459336428e-01, 5.389917722941e-06, 3.0122e+01, 6.4515e-01, 
 2DIAGNOSTIC,    36, -3.590497608128e-01, 4.003773068022e-06, 3.0551e+01, 4.2945e-01, 
 2DIAGNOSTIC,    37, -3.590486507558e-01, 2.532435302360e-06, 3.0982e+01, 4.3053e-01, 
 2DIAGNOSTIC,    38, -3.590482326009e-01, 1.176743655459e-06, 3.2330e+01, 1.3484e+00, 
DIAGNOSTIC,Iteration,metricValue,convergenceValue,ITERATION_TIME_INDEX,SINCE_LAST
 2DIAGNOSTIC,     1, -3.148461838471e-01, 1.797693134862e+308, 3.9086e+01, 6.7557e+00, 
  Elapsed time (stage 1): 4.0801e+01


Total elapsed time: 8.1738e+01
Using double precision for computations.
Input scalar image: /home/ccn30/rds/rds-p00500_encrypt-URQgmO1brZ0/p00500/ENCRYPT_images/26041/T2/N4t2.nii
Reference image: /home/ccn30/rds/rds-p00500_encrypt-URQgmO1brZ0/p00500/ENCRYPT_images/26041/mp2rage/n4mag0000_PSIR_skulled_std.nii
Can't read initial transform T1xT2_ANTs_0GenericAffine.mat
