Non-commercial use only - see $FSLDIR/LICENSE
Non-commercial use only - see $FSLDIR/LICENSE
Transform reader for /home/ccn30/rds/rds-p00500_encrypt-URQgmO1brZ0/p00500/ENCRYPT_registrations/25841/T1xepiSlab0GenericAffine.mat caught an ITK exception:

itk::ExceptionObject (0x2601a50)
Location: "unknown" 
File: /tmp/sjr20/spack-stage-ants-2.3.4-lj6vm7ccmij4yywr4ynrttcko4aoflqt/spack-build/ITKv5/Modules/IO/TransformBase/src/itkTransformFileReader.cxx
Line: 144
Description: itk::ERROR: TransformFileReaderTemplate(0x26011b0): Transform IO: MatlabTransformIOTemplate
   failed to read file: /home/ccn30/rds/rds-p00500_encrypt-URQgmO1brZ0/p00500/ENCRYPT_registrations/25841/T1xepiSlab0GenericAffine.mat


Transform reader for /home/ccn30/rds/rds-p00500_encrypt-URQgmO1brZ0/p00500/ENCRYPT_registrations/25841/T1xepiSlab0GenericAffine.mat caught an ITK exception:

itk::ExceptionObject (0x3e7fa50)
Location: "unknown" 
File: /tmp/sjr20/spack-stage-ants-2.3.4-lj6vm7ccmij4yywr4ynrttcko4aoflqt/spack-build/ITKv5/Modules/IO/TransformBase/src/itkTransformFileReader.cxx
Line: 144
Description: itk::ERROR: TransformFileReaderTemplate(0x3e7f1b0): Transform IO: MatlabTransformIOTemplate
   failed to read file: /home/ccn30/rds/rds-p00500_encrypt-URQgmO1brZ0/p00500/ENCRYPT_registrations/25841/T1xepiSlab0GenericAffine.mat


Transform reader for /home/ccn30/rds/rds-p00500_encrypt-URQgmO1brZ0/p00500/ENCRYPT_registrations/25841/T1xepiSlab0GenericAffine.mat caught an ITK exception:

itk::ExceptionObject (0x2c2e8a0)
Location: "unknown" 
File: /tmp/sjr20/spack-stage-ants-2.3.4-lj6vm7ccmij4yywr4ynrttcko4aoflqt/spack-build/ITKv5/Modules/IO/TransformBase/src/itkTransformFileReader.cxx
Line: 144
Description: itk::ERROR: TransformFileReaderTemplate(0x2c2e000): Transform IO: MatlabTransformIOTemplate
   failed to read file: /home/ccn30/rds/rds-p00500_encrypt-URQgmO1brZ0/p00500/ENCRYPT_registrations/25841/T1xepiSlab0GenericAffine.mat


Transform reader for /home/ccn30/rds/rds-p00500_encrypt-URQgmO1brZ0/p00500/ENCRYPT_registrations/25841/T1xepiSlab0GenericAffine.mat caught an ITK exception:

itk::ExceptionObject (0x3a9e8a0)
Location: "unknown" 
File: /tmp/sjr20/spack-stage-ants-2.3.4-lj6vm7ccmij4yywr4ynrttcko4aoflqt/spack-build/ITKv5/Modules/IO/TransformBase/src/itkTransformFileReader.cxx
Line: 144
Description: itk::ERROR: TransformFileReaderTemplate(0x3a9e000): Transform IO: MatlabTransformIOTemplate
   failed to read file: /home/ccn30/rds/rds-p00500_encrypt-URQgmO1brZ0/p00500/ENCRYPT_registrations/25841/T1xepiSlab0GenericAffine.mat


Transform reader for /home/ccn30/rds/rds-p00500_encrypt-URQgmO1brZ0/p00500/ENCRYPT_registrations/25841/T1xepiSlab0GenericAffine.mat caught an ITK exception:

itk::ExceptionObject (0x2954a00)
Location: "unknown" 
File: /tmp/sjr20/spack-stage-ants-2.3.4-lj6vm7ccmij4yywr4ynrttcko4aoflqt/spack-build/ITKv5/Modules/IO/TransformBase/src/itkTransformFileReader.cxx
Line: 144
Description: itk::ERROR: TransformFileReaderTemplate(0x2954160): Transform IO: MatlabTransformIOTemplate
   failed to read file: /home/ccn30/rds/rds-p00500_encrypt-URQgmO1brZ0/p00500/ENCRYPT_registrations/25841/T1xepiSlab0GenericAffine.mat


slurmstepd: error: *** JOB 52570053 ON cpu-p-495 CANCELLED AT 2022-01-05T17:00:05 ***
slurmstepd: error: task_p_post_term: rmdir(/sys/fs/cgroup/cpuset/slurm52570053/slurm52570053.4294967294_0) failed Device or resource busy
