Non-commercial use only - see $FSLDIR/LICENSE
Transform reader for /home/ccn30/rds/rds-p00500_encrypt-URQgmO1brZ0/p00500/ENCRYPT_registrations/25869/T1xT2_ANTs0GenericAffine.mat caught an ITK exception:

itk::ExceptionObject (0x2a254d0)
Location: "unknown" 
File: /tmp/sjr20/spack-stage-ants-2.3.4-lj6vm7ccmij4yywr4ynrttcko4aoflqt/spack-build/ITKv5/Modules/IO/TransformBase/src/itkTransformFileReader.cxx
Line: 144
Description: itk::ERROR: TransformFileReaderTemplate(0x2a26cf0): Transform IO: MatlabTransformIOTemplate
   failed to read file: /home/ccn30/rds/rds-p00500_encrypt-URQgmO1brZ0/p00500/ENCRYPT_registrations/25869/T1xT2_ANTs0GenericAffine.mat


Transform reader for /home/ccn30/rds/rds-p00500_encrypt-URQgmO1brZ0/p00500/ENCRYPT_registrations/25869/T1xT2_ANTs0GenericAffine.mat caught an ITK exception:

itk::ExceptionObject (0x245cf60)
Location: "unknown" 
File: /tmp/sjr20/spack-stage-ants-2.3.4-lj6vm7ccmij4yywr4ynrttcko4aoflqt/spack-build/ITKv5/Modules/IO/TransformBase/src/itkTransformFileReader.cxx
Line: 144
Description: itk::ERROR: TransformFileReaderTemplate(0x24552d0): Transform IO: MatlabTransformIOTemplate
   failed to read file: /home/ccn30/rds/rds-p00500_encrypt-URQgmO1brZ0/p00500/ENCRYPT_registrations/25869/T1xT2_ANTs0GenericAffine.mat


Transform reader for /home/ccn30/rds/rds-p00500_encrypt-URQgmO1brZ0/p00500/ENCRYPT_registrations/25869/T1xT2_ANTs0GenericAffine.mat caught an ITK exception:

itk::ExceptionObject (0x36dc190)
Location: "unknown" 
File: /tmp/sjr20/spack-stage-ants-2.3.4-lj6vm7ccmij4yywr4ynrttcko4aoflqt/spack-build/ITKv5/Modules/IO/TransformBase/src/itkTransformFileReader.cxx
Line: 144
Description: itk::ERROR: TransformFileReaderTemplate(0x36e1760): Transform IO: MatlabTransformIOTemplate
   failed to read file: /home/ccn30/rds/rds-p00500_encrypt-URQgmO1brZ0/p00500/ENCRYPT_registrations/25869/T1xT2_ANTs0GenericAffine.mat


Transform reader for /home/ccn30/rds/rds-p00500_encrypt-URQgmO1brZ0/p00500/ENCRYPT_registrations/25869/T1xT2_ANTs0GenericAffine.mat caught an ITK exception:

itk::ExceptionObject (0x3cfc3c0)
Location: "unknown" 
File: /tmp/sjr20/spack-stage-ants-2.3.4-lj6vm7ccmij4yywr4ynrttcko4aoflqt/spack-build/ITKv5/Modules/IO/TransformBase/src/itkTransformFileReader.cxx
Line: 144
Description: itk::ERROR: TransformFileReaderTemplate(0x3cfebe0): Transform IO: MatlabTransformIOTemplate
   failed to read file: /home/ccn30/rds/rds-p00500_encrypt-URQgmO1brZ0/p00500/ENCRYPT_registrations/25869/T1xT2_ANTs0GenericAffine.mat


Transform reader for /home/ccn30/rds/rds-p00500_encrypt-URQgmO1brZ0/p00500/ENCRYPT_registrations/25869/T1xT2_ANTs0GenericAffine.mat caught an ITK exception:

itk::ExceptionObject (0x36ce3c0)
Location: "unknown" 
File: /tmp/sjr20/spack-stage-ants-2.3.4-lj6vm7ccmij4yywr4ynrttcko4aoflqt/spack-build/ITKv5/Modules/IO/TransformBase/src/itkTransformFileReader.cxx
Line: 144
Description: itk::ERROR: TransformFileReaderTemplate(0x36d0be0): Transform IO: MatlabTransformIOTemplate
   failed to read file: /home/ccn30/rds/rds-p00500_encrypt-URQgmO1brZ0/p00500/ENCRYPT_registrations/25869/T1xT2_ANTs0GenericAffine.mat


Transform reader for /home/ccn30/rds/rds-p00500_encrypt-URQgmO1brZ0/p00500/ENCRYPT_registrations/25869/T1xT2_ANTs0GenericAffine.mat caught an ITK exception:

itk::ExceptionObject (0x26f2230)
Location: "unknown" 
File: /tmp/sjr20/spack-stage-ants-2.3.4-lj6vm7ccmij4yywr4ynrttcko4aoflqt/spack-build/ITKv5/Modules/IO/TransformBase/src/itkTransformFileReader.cxx
Line: 144
Description: itk::ERROR: TransformFileReaderTemplate(0x26f1c70): Transform IO: MatlabTransformIOTemplate
   failed to read file: /home/ccn30/rds/rds-p00500_encrypt-URQgmO1brZ0/p00500/ENCRYPT_registrations/25869/T1xT2_ANTs0GenericAffine.mat


