This is job 49
Time: Thu 16 Sep 12:56:47 BST 2021
Running on master node: cpu-p-301
Current directory: /rds/user/ccn30/hpc-work/WBIC_lustre/ENCRYPT/scripts/Registration/slurmoutputs
Changed directory to /home/ccn30/rds/hpc-work/WBIC_lustre/ENCRYPT/scripts/Registration/slurmoutputs.

JobID: 46502823
======
Time: Thu 16 Sep 12:56:47 BST 2021
Running on master node: cpu-p-301
Current directory: /home/ccn30/rds/hpc-work/WBIC_lustre/ENCRYPT/scripts/Registration/slurmoutputs

Nodes allocated:
================
cpu-p-301

numtasks=, numnodes=, mpi_tasks_per_node= (OMP_NUM_THREADS=1)

Executing command:
==================
/home/ccn30/rds/hpc-work/WBIC_lustre/ENCRYPT/scripts/Registration/coreg_main.sh /home/ccn30/rds/hpc-work/WBIC_lustre/ENCRYPT/ENCRYPT_MasterRIScodes.txt 49 /home/ccn30/rds/rds-p00500_encrypt-URQgmO1brZ0/p00500 /home/ccn30/rds/hpc-work/WBIC_home/ENCRYPT/atlases/magdeburgatlas

******** starting 32547 ********
All_Command_lines_OK
Using double precision for computations.
=============================================================================
The composite transform comprises the following transforms (in order): 
  1. Center of mass alignment using fixed image: /home/ccn30/rds/hpc-work/WBIC_home/ENCRYPT/atlases/magdeburgatlas/template/template.nii.gz and moving image: /home/ccn30/rds/rds-p00500_encrypt-URQgmO1brZ0/p00500/ENCRYPT_images/32547/mp2rage/denoise_n4mag0000_PSIR_skulled_std.nii (type = Euler3DTransform)
=============================================================================
  number of levels = 4
  number of levels = 4
  fixed image: /home/ccn30/rds/hpc-work/WBIC_home/ENCRYPT/atlases/magdeburgatlas/template/template.nii.gz
  moving image: /home/ccn30/rds/rds-p00500_encrypt-URQgmO1brZ0/p00500/ENCRYPT_images/32547/mp2rage/denoise_n4mag0000_PSIR_skulled_std.nii
  fixed image: /home/ccn30/rds/hpc-work/WBIC_home/ENCRYPT/atlases/magdeburgatlas/template/template.nii.gz
  moving image: /home/ccn30/rds/rds-p00500_encrypt-URQgmO1brZ0/p00500/ENCRYPT_images/32547/mp2rage/denoise_n4mag0000_PSIR_skulled_std.nii
Dimension = 3
Number of stages = 2
Use Histogram Matching true
Winsorize image intensities true
Lower quantile = 0.005
Upper quantile = 0.995
Stage 1 State
   Image metric = Mattes
     Fixed image = Image (0x3d20200)
  RTTI typeinfo:   itk::Image<double, 3u>
  Reference Count: 2
  Modified Time: 1698
  Debug: Off
  Object Name: 
  Observers: 
    none
  Source: (none)
  Source output name: (none)
  Release Data: Off
  Data Released: False
  Global Release Data: Off
  PipelineMTime: 0
  UpdateMTime: 1481
  RealTimeStamp: 0 seconds 
  LargestPossibleRegion: 
    Dimension: 3
    Index: [0, 0, 0]
    Size: [384, 301, 288]
  BufferedRegion: 
    Dimension: 3
    Index: [0, 0, 0]
    Size: [384, 301, 288]
  RequestedRegion: 
    Dimension: 3
    Index: [0, 0, 0]
    Size: [384, 301, 288]
  Spacing: [0.598958, 0.598958, 0.599937]
  Origin: [83.4012, -147.626, 85.1783]
  Direction: 
-0 0 -1
1 -0 0
0 -1 0

  IndexToPointMatrix: 
0 0 -0.599937
0.598958 0 0
0 -0.598958 0

  PointToIndexMatrix: 
0 1.66957 0
0 0 -1.66957
-1.66684 0 0

  Inverse Direction: 
0 1 0
0 0 -1
-1 0 0

  PixelContainer: 
    ImportImageContainer (0x3d10dc0)
      RTTI typeinfo:   itk::ImportImageContainer<unsigned long, double>
      Reference Count: 1
      Modified Time: 1478
      Debug: Off
      Object Name: 
      Observers: 
        none
      Pointer: 0x2abeabbed010
      Container manages memory: true
      Size: 33288192
      Capacity: 33288192

     Moving image = Image (0x3d243f0)
  RTTI typeinfo:   itk::Image<double, 3u>
  Reference Count: 2
  Modified Time: 1699
  Debug: Off
  Object Name: 
  Observers: 
    none
  Source: (none)
  Source output name: (none)
  Release Data: Off
  Data Released: False
  Global Release Data: Off
  PipelineMTime: 0
  UpdateMTime: 1696
  RealTimeStamp: 0 seconds 
  LargestPossibleRegion: 
    Dimension: 3
    Index: [0, 0, 0]
    Size: [224, 320, 320]
  BufferedRegion: 
    Dimension: 3
    Index: [0, 0, 0]
    Size: [224, 320, 320]
  RequestedRegion: 
    Dimension: 3
    Index: [0, 0, 0]
    Size: [224, 320, 320]
  Spacing: [0.7, 0.7, 0.7]
  Origin: [-76.2103, 71.6323, -114.962]
  Direction: 
1 0 0
0 -1 0
0 0 1

  IndexToPointMatrix: 
0.7 0 0
0 -0.7 0
0 0 0.7

  PointToIndexMatrix: 
1.42857 0 0
0 -1.42857 0
0 0 1.42857

  Inverse Direction: 
1 0 0
0 -1 0
0 0 1

  PixelContainer: 
    ImportImageContainer (0x3d246b0)
      RTTI typeinfo:   itk::ImportImageContainer<unsigned long, double>
      Reference Count: 1
      Modified Time: 1693
      Debug: Off
      Object Name: 
      Observers: 
        none
      Pointer: 0x2abebb9e6010
      Container manages memory: true
      Size: 22937600
      Capacity: 22937600

     Weighting = 1
     Sampling strategy = regular
     Number of bins = 32
     Radius = 4
     Sampling percentage  = 0.25
   Transform = Rigid
     Gradient step = 0.1
     Update field sigma (voxel space) = 0
     Total field sigma (voxel space) = 0
     Update field time sigma = 0
     Total field time sigma  = 0
     Number of time indices = 0
     Number of time point samples = 0
Stage 2 State
   Image metric = Mattes
     Fixed image = Image (0x3d33060)
  RTTI typeinfo:   itk::Image<double, 3u>
  Reference Count: 2
  Modified Time: 2130
  Debug: Off
  Object Name: 
  Observers: 
    none
  Source: (none)
  Source output name: (none)
  Release Data: Off
  Data Released: False
  Global Release Data: Off
  PipelineMTime: 0
  UpdateMTime: 1913
  RealTimeStamp: 0 seconds 
  LargestPossibleRegion: 
    Dimension: 3
    Index: [0, 0, 0]
    Size: [384, 301, 288]
  BufferedRegion: 
    Dimension: 3
    Index: [0, 0, 0]
    Size: [384, 301, 288]
  RequestedRegion: 
    Dimension: 3
    Index: [0, 0, 0]
    Size: [384, 301, 288]
  Spacing: [0.598958, 0.598958, 0.599937]
  Origin: [83.4012, -147.626, 85.1783]
  Direction: 
-0 0 -1
1 -0 0
0 -1 0

  IndexToPointMatrix: 
0 0 -0.599937
0.598958 0 0
0 -0.598958 0

  PointToIndexMatrix: 
0 1.66957 0
0 0 -1.66957
-1.66684 0 0

  Inverse Direction: 
0 1 0
0 0 -1
-1 0 0

  PixelContainer: 
    ImportImageContainer (0x3d27140)
      RTTI typeinfo:   itk::ImportImageContainer<unsigned long, double>
      Reference Count: 1
      Modified Time: 1910
      Debug: Off
      Object Name: 
      Observers: 
        none
      Pointer: 0x2abec68e7010
      Container manages memory: true
      Size: 33288192
      Capacity: 33288192

     Moving image = Image (0x3d34e80)
  RTTI typeinfo:   itk::Image<double, 3u>
  Reference Count: 2
  Modified Time: 2131
  Debug: Off
  Object Name: 
  Observers: 
    none
  Source: (none)
  Source output name: (none)
  Release Data: Off
  Data Released: False
  Global Release Data: Off
  PipelineMTime: 0
  UpdateMTime: 2128
  RealTimeStamp: 0 seconds 
  LargestPossibleRegion: 
    Dimension: 3
    Index: [0, 0, 0]
    Size: [224, 320, 320]
  BufferedRegion: 
    Dimension: 3
    Index: [0, 0, 0]
    Size: [224, 320, 320]
  RequestedRegion: 
    Dimension: 3
    Index: [0, 0, 0]
    Size: [224, 320, 320]
  Spacing: [0.7, 0.7, 0.7]
  Origin: [-76.2103, 71.6323, -114.962]
  Direction: 
1 0 0
0 -1 0
0 0 1

  IndexToPointMatrix: 
0.7 0 0
0 -0.7 0
0 0 0.7

  PointToIndexMatrix: 
1.42857 0 0
0 -1.42857 0
0 0 1.42857

  Inverse Direction: 
1 0 0
0 -1 0
0 0 1

  PixelContainer: 
    ImportImageContainer (0x3d2f540)
      RTTI typeinfo:   itk::ImportImageContainer<unsigned long, double>
      Reference Count: 1
      Modified Time: 2125
      Debug: Off
      Object Name: 
      Observers: 
        none
      Pointer: 0x2abed66e0010
      Container manages memory: true
      Size: 22937600
      Capacity: 22937600

     Weighting = 1
     Sampling strategy = regular
     Number of bins = 32
     Radius = 4
     Sampling percentage  = 0.25
   Transform = Affine
     Gradient step = 0.1
     Update field sigma (voxel space) = 0
     Total field sigma (voxel space) = 0
     Update field time sigma = 0
     Total field time sigma  = 0
     Number of time indices = 0
     Number of time point samples = 0
Registration using 2 total stages.

Stage 0
  iterations = 1000x500x250x100
  convergence threshold = 1e-06
  convergence window size = 10
  number of levels = 4
  using the Mattes MI metric (number of bins = 32, weight = 1)
  preprocessing:  winsorizing the image intensities
  preprocessing:  histogram matching the images
  Shrink factors (level 1 out of 4): [8, 8, 8]
  Shrink factors (level 2 out of 4): [4, 4, 4]
  Shrink factors (level 3 out of 4): [2, 2, 2]
  Shrink factors (level 4 out of 4): [1, 1, 1]
  smoothing sigmas per level: [3, 2, 1, 0]
  regular sampling (percentage = 0.25)

*** Running Euler3DTransform registration ***

DIAGNOSTIC,Iteration,metricValue,convergenceValue,ITERATION_TIME_INDEX,SINCE_LAST
 2DIAGNOSTIC,     1, -3.843799121555e-01, 1.797693134862e+308, 2.4900e+00, 2.4900e+00, 
 2DIAGNOSTIC,     2, -3.855236397815e-01, 1.797693134862e+308, 2.5247e+00, 3.4649e-02, 
 2DIAGNOSTIC,     3, -3.877739209124e-01, 1.797693134862e+308, 2.5504e+00, 2.5728e-02, 
 2DIAGNOSTIC,     4, -3.917661045643e-01, 1.797693134862e+308, 2.5807e+00, 3.0300e-02, 
 2DIAGNOSTIC,     5, -3.976160881501e-01, 1.797693134862e+308, 2.6077e+00, 2.6991e-02, 
 2DIAGNOSTIC,     6, -4.078869224091e-01, 1.797693134862e+308, 2.6392e+00, 3.1489e-02, 
 2DIAGNOSTIC,     7, -4.237979795205e-01, 1.797693134862e+308, 2.6669e+00, 2.7743e-02, 
 2DIAGNOSTIC,     8, -4.289241003254e-01, 1.797693134862e+308, 2.7000e+00, 3.3052e-02, 
 2DIAGNOSTIC,     9, -4.337861820608e-01, 1.797693134862e+308, 2.7256e+00, 2.5679e-02, 
 2DIAGNOSTIC,    10, -4.457390744223e-01, 1.036858793528e-02, 2.7679e+00, 4.2248e-02, 
 2DIAGNOSTIC,    11, -4.548402892503e-01, 1.043402490865e-02, 2.7924e+00, 2.4505e-02, 
 2DIAGNOSTIC,    12, -4.621384071455e-01, 1.000946484154e-02, 2.8259e+00, 3.3482e-02, 
 2DIAGNOSTIC,    13, -4.735118024029e-01, 9.452134937407e-03, 2.8630e+00, 3.7153e-02, 
 2DIAGNOSTIC,    14, -4.743892515298e-01, 8.363118140361e-03, 2.8946e+00, 3.1581e-02, 
 2DIAGNOSTIC,    15, -4.780712148135e-01, 7.093056191396e-03, 2.9205e+00, 2.5925e-02, 
 2DIAGNOSTIC,    16, -4.834717114849e-01, 5.974716208373e-03, 2.9612e+00, 4.0714e-02, 
 2DIAGNOSTIC,    17, -4.829632997796e-01, 5.041416188908e-03, 2.9908e+00, 2.9556e-02, 
 2DIAGNOSTIC,    18, -4.834025758139e-01, 3.962864436096e-03, 3.0215e+00, 3.0676e-02, 
 2DIAGNOSTIC,    19, -4.840627574127e-01, 2.827439420595e-03, 3.0705e+00, 4.9048e-02, 
 2DIAGNOSTIC,    20, -4.839722460130e-01, 1.932978270644e-03, 3.1027e+00, 3.2174e-02, 
 2DIAGNOSTIC,    21, -4.840064536199e-01, 1.226045181778e-03, 3.1360e+00, 3.3295e-02, 
 2DIAGNOSTIC,    22, -4.840038491021e-01, 6.786643692136e-04, 3.1616e+00, 2.5562e-02, 
 2DIAGNOSTIC,    23, -4.839926239939e-01, 4.358413730337e-04, 3.1936e+00, 3.2027e-02, 
 2DIAGNOSTIC,    24, -4.839642792731e-01, 1.950230026534e-04, 3.2183e+00, 2.4755e-02, 
 2DIAGNOSTIC,    25, -4.839785678486e-01, 4.610603467247e-05, 3.2519e+00, 3.3567e-02, 
 2DIAGNOSTIC,    26, -4.839816920014e-01, 3.665371194797e-05, 3.2770e+00, 2.5138e-02, 
 2DIAGNOSTIC,    27, -4.840421779350e-01, 1.407257817007e-05, 3.3113e+00, 3.4270e-02, 
 2DIAGNOSTIC,    28, -4.842078163998e-01, 5.059251025979e-06, 3.3382e+00, 2.6887e-02, 
 2DIAGNOSTIC,    29, -4.842490924179e-01, 1.143105631102e-05, 3.3757e+00, 3.7491e-02, 
 2DIAGNOSTIC,    30, -4.842448764543e-01, 1.442628166202e-05, 3.3988e+00, 2.3071e-02, 
 2DIAGNOSTIC,    31, -4.842536976586e-01, 1.687240892443e-05, 3.4357e+00, 3.6903e-02, 
 2DIAGNOSTIC,    32, -4.840738130044e-01, 1.410480552305e-05, 3.4585e+00, 2.2866e-02, 
 2DIAGNOSTIC,    33, -4.838919454351e-01, 6.710922556850e-06, 3.4970e+00, 3.8467e-02, 
DIAGNOSTIC,Iteration,metricValue,convergenceValue,ITERATION_TIME_INDEX,SINCE_LAST
 2DIAGNOSTIC,     1, -4.038669831098e-01, 1.797693134862e+308, 6.2422e+00, 2.7452e+00, 
 2DIAGNOSTIC,     2, -4.041771017965e-01, 1.797693134862e+308, 6.4575e+00, 2.1530e-01, 
 2DIAGNOSTIC,     3, -4.045807305548e-01, 1.797693134862e+308, 6.6771e+00, 2.1960e-01, 
 2DIAGNOSTIC,     4, -4.049937085005e-01, 1.797693134862e+308, 6.8982e+00, 2.2112e-01, 
 2DIAGNOSTIC,     5, -4.054008057769e-01, 1.797693134862e+308, 7.1197e+00, 2.2145e-01, 
 2DIAGNOSTIC,     6, -4.058472614049e-01, 1.797693134862e+308, 7.3382e+00, 2.1852e-01, 
 2DIAGNOSTIC,     7, -4.064672784998e-01, 1.797693134862e+308, 7.5995e+00, 2.6126e-01, 
 2DIAGNOSTIC,     8, -4.077424122810e-01, 1.797693134862e+308, 7.9149e+00, 3.1546e-01, 
 2DIAGNOSTIC,     9, -4.082019396396e-01, 1.797693134862e+308, 8.1710e+00, 2.5606e-01, 
 2DIAGNOSTIC,    10, -4.083675251557e-01, 7.731560604890e-04, 8.3895e+00, 2.1851e-01, 
 2DIAGNOSTIC,    11, -4.083289989350e-01, 6.967707416628e-04, 8.6728e+00, 2.8332e-01, 
 2DIAGNOSTIC,    12, -4.083646988902e-01, 5.907742786419e-04, 8.9277e+00, 2.5486e-01, 
 2DIAGNOSTIC,    13, -4.083178060539e-01, 4.659765536980e-04, 9.1789e+00, 2.5126e-01, 
 2DIAGNOSTIC,    14, -4.084004997175e-01, 3.413239358430e-04, 9.4283e+00, 2.4938e-01, 
 2DIAGNOSTIC,    15, -4.083925018450e-01, 2.214129583992e-04, 9.6800e+00, 2.5166e-01, 
 2DIAGNOSTIC,    16, -4.083835508675e-01, 1.157820101199e-04, 9.9307e+00, 2.5069e-01, 
 2DIAGNOSTIC,    17, -4.083956976308e-01, 3.700556408393e-05, 1.0180e+01, 2.4893e-01, 
 2DIAGNOSTIC,    18, -4.083965193813e-01, 1.279549272561e-05, 1.0428e+01, 2.4799e-01, 
 2DIAGNOSTIC,    19, -4.084174567383e-01, 7.559845065862e-06, 1.0807e+01, 3.7896e-01, 
 2DIAGNOSTIC,    20, -4.084177486360e-01, 8.100505551521e-06, 1.1071e+01, 2.6454e-01, 
 2DIAGNOSTIC,    21, -4.084157667113e-01, 6.642425884995e-06, 1.1323e+01, 2.5192e-01, 
 2DIAGNOSTIC,    22, -4.084116566702e-01, 5.918335031753e-06, 1.1627e+01, 3.0404e-01, 
 2DIAGNOSTIC,    23, -4.084117594245e-01, 3.339399400649e-06, 1.1876e+01, 2.4905e-01, 
 2DIAGNOSTIC,    24, -4.084099815307e-01, 3.141476026099e-06, 1.2095e+01, 2.1898e-01, 
 2DIAGNOSTIC,    25, -4.084050992634e-01, 2.438914157937e-06, 1.2334e+01, 2.3874e-01, 
 2DIAGNOSTIC,    26, -4.084032202202e-01, 1.395145078402e-06, 1.2572e+01, 2.3863e-01, 
DIAGNOSTIC,Iteration,metricValue,convergenceValue,ITERATION_TIME_INDEX,SINCE_LAST
 2DIAGNOSTIC,     1, -3.455325976324e-01, 1.797693134862e+308, 1.7146e+01, 4.5741e+00, 
 2DIAGNOSTIC,     2, -3.460302748275e-01, 1.797693134862e+308, 1.8751e+01, 1.6049e+00, 
 2DIAGNOSTIC,     3, -3.466036127326e-01, 1.797693134862e+308, 2.0364e+01, 1.6128e+00, 
 2DIAGNOSTIC,     4, -3.470937671729e-01, 1.797693134862e+308, 2.1976e+01, 1.6121e+00, 
 2DIAGNOSTIC,     5, -3.472451930262e-01, 1.797693134862e+308, 2.4061e+01, 2.0843e+00, 
 2DIAGNOSTIC,     6, -3.472333577611e-01, 1.797693134862e+308, 2.6141e+01, 2.0802e+00, 
 2DIAGNOSTIC,     7, -3.472278909767e-01, 1.797693134862e+308, 2.8208e+01, 2.0668e+00, 
 2DIAGNOSTIC,     8, -3.472295354830e-01, 1.797693134862e+308, 3.1466e+01, 3.2585e+00, 
 2DIAGNOSTIC,     9, -3.472296214783e-01, 1.797693134862e+308, 3.3302e+01, 1.8363e+00, 
 2DIAGNOSTIC,    10, -3.472279017022e-01, 2.689187423819e-04, 3.5146e+01, 1.8440e+00, 
 2DIAGNOSTIC,    11, -3.472278960328e-01, 1.392052251453e-04, 3.6975e+01, 1.8288e+00, 
 2DIAGNOSTIC,    12, -3.472277088545e-01, 5.232844701079e-05, 3.8808e+01, 1.8326e+00, 
 2DIAGNOSTIC,    13, -3.472272830273e-01, 9.659280569410e-06, 4.0429e+01, 1.6211e+00, 
DIAGNOSTIC,Iteration,metricValue,convergenceValue,ITERATION_TIME_INDEX,SINCE_LAST
 2DIAGNOSTIC,     1, -3.088298324203e-01, 1.797693134862e+308, 5.5846e+01, 1.5417e+01, 
 2DIAGNOSTIC,     2, -3.090737442540e-01, 1.797693134862e+308, 6.6913e+01, 1.1067e+01, 
 2DIAGNOSTIC,     3, -3.092308367709e-01, 1.797693134862e+308, 7.9681e+01, 1.2768e+01, 
 2DIAGNOSTIC,     4, -3.092400538298e-01, 1.797693134862e+308, 9.5744e+01, 1.6063e+01, 
 2DIAGNOSTIC,     5, -3.092390030619e-01, 1.797693134862e+308, 1.1003e+02, 1.4287e+01, 
 2DIAGNOSTIC,     6, -3.092383307049e-01, 1.797693134862e+308, 1.2279e+02, 1.2756e+01, 
 2DIAGNOSTIC,     7, -3.092379175921e-01, 1.797693134862e+308, 1.3880e+02, 1.6015e+01, 
 2DIAGNOSTIC,     8, -3.092378358252e-01, 1.797693134862e+308, 1.5321e+02, 1.4404e+01, 
 2DIAGNOSTIC,     9, -3.092378222135e-01, 1.797693134862e+308, 1.6480e+02, 1.1598e+01, 
 2DIAGNOSTIC,    10, -3.092377692338e-01, 5.420549884659e-05, 1.7761e+02, 1.2807e+01, 
 2DIAGNOSTIC,    11, -3.092377712394e-01, 1.692317778841e-05, 1.9026e+02, 1.2648e+01, 
 2DIAGNOSTIC,    12, -3.092372886924e-01, 2.907142833242e-06, 2.0298e+02, 1.2718e+01, 
 2DIAGNOSTIC,    13, -3.092376253205e-01, 2.136830055649e-06, 2.1572e+02, 1.2739e+01, 
 2DIAGNOSTIC,    14, -3.092368468006e-01, 2.058860496187e-06, 2.2868e+02, 1.2965e+01, 
 2DIAGNOSTIC,    15, -3.092368591608e-01, 1.949136581261e-06, 2.4117e+02, 1.2487e+01, 
 2DIAGNOSTIC,    16, -3.092368278345e-01, 1.828938551232e-06, 2.5389e+02, 1.2723e+01, 
 2DIAGNOSTIC,    17, -3.092367944459e-01, 1.713229164382e-06, 2.6814e+02, 1.4249e+01, 
 2DIAGNOSTIC,    18, -3.092368121602e-01, 1.621697522679e-06, 2.8079e+02, 1.2645e+01, 
 2DIAGNOSTIC,    19, -3.092366137973e-01, 1.543245843519e-06, 2.9323e+02, 1.2441e+01, 
 2DIAGNOSTIC,    20, -3.092365144337e-01, 1.478181338506e-06, 3.0595e+02, 1.2719e+01, 
 2DIAGNOSTIC,    21, -3.092365046581e-01, 1.429736891233e-06, 3.1855e+02, 1.2603e+01, 
 2DIAGNOSTIC,    22, -3.092364713373e-01, 1.371159869833e-06, 3.3108e+02, 1.2529e+01, 
 2DIAGNOSTIC,    23, -3.092365105222e-01, 1.340569246992e-06, 3.4214e+02, 1.1067e+01, 
 2DIAGNOSTIC,    24, -3.092365738301e-01, 1.289155023690e-06, 3.5404e+02, 1.1891e+01, 
 2DIAGNOSTIC,    25, -3.092365809617e-01, 1.246035016229e-06, 3.6475e+02, 1.0714e+01, 
 2DIAGNOSTIC,    26, -3.092366388553e-01, 1.209652128874e-06, 3.7720e+02, 1.2451e+01, 
 2DIAGNOSTIC,    27, -3.092366115728e-01, 1.175050757488e-06, 3.8976e+02, 1.2556e+01, 
 2DIAGNOSTIC,    28, -3.092366342688e-01, 1.144715967315e-06, 4.0247e+02, 1.2709e+01, 
 2DIAGNOSTIC,    29, -3.092365310430e-01, 1.106134127245e-06, 4.1820e+02, 1.5731e+01, 
 2DIAGNOSTIC,    30, -3.092365476701e-01, 1.066805841304e-06, 4.3067e+02, 1.2476e+01, 
 2DIAGNOSTIC,    31, -3.092365091726e-01, 1.027983195082e-06, 4.4650e+02, 1.5826e+01, 
  Elapsed time (stage 0): 4.5473e+02


Stage 1
  iterations = 1000x500x250x100
  convergence threshold = 1.0000e-06
  convergence window size = 10
  number of levels = 4
  using the Mattes MI metric (number of bins = 32, weight = 1.0000e+00)
  preprocessing:  winsorizing the image intensities
  preprocessing:  histogram matching the images
  Shrink factors (level 1 out of 4): [8, 8, 8]
  Shrink factors (level 2 out of 4): [4, 4, 4]
  Shrink factors (level 3 out of 4): [2, 2, 2]
  Shrink factors (level 4 out of 4): [1, 1, 1]
  smoothing sigmas per level: [3, 2, 1, 0]
  regular sampling (percentage = 2.5000e-01)

*** Running AffineTransform registration ***

DIAGNOSTIC,Iteration,metricValue,convergenceValue,ITERATION_TIME_INDEX,SINCE_LAST
 2DIAGNOSTIC,     1, -4.668640445986e-01, 1.797693134862e+308, 2.4572e+00, 2.4572e+00, 
 2DIAGNOSTIC,     2, -4.685681456629e-01, 1.797693134862e+308, 2.4862e+00, 2.8979e-02, 
 2DIAGNOSTIC,     3, -4.715336217358e-01, 1.797693134862e+308, 2.5199e+00, 3.3769e-02, 
 2DIAGNOSTIC,     4, -4.768301068456e-01, 1.797693134862e+308, 2.5475e+00, 2.7547e-02, 
 2DIAGNOSTIC,     5, -4.855292011621e-01, 1.797693134862e+308, 2.5817e+00, 3.4211e-02, 
 2DIAGNOSTIC,     6, -5.009244565617e-01, 1.797693134862e+308, 2.6118e+00, 3.0136e-02, 
 2DIAGNOSTIC,     7, -5.253036211647e-01, 1.797693134862e+308, 2.6428e+00, 3.0917e-02, 
 2DIAGNOSTIC,     8, -5.657007220746e-01, 1.797693134862e+308, 2.6791e+00, 3.6386e-02, 
 2DIAGNOSTIC,     9, -5.811588600537e-01, 1.797693134862e+308, 2.7357e+00, 5.6603e-02, 
 2DIAGNOSTIC,    10, -5.814774980521e-01, 1.688003434399e-02, 2.7601e+00, 2.4366e-02, 
 2DIAGNOSTIC,    11, -5.817093871072e-01, 1.613698688043e-02, 2.7934e+00, 3.3271e-02, 
 2DIAGNOSTIC,    12, -5.820338042746e-01, 1.417891764772e-02, 2.8239e+00, 3.0497e-02, 
 2DIAGNOSTIC,    13, -5.824612067119e-01, 1.139716243239e-02, 2.8534e+00, 2.9477e-02, 
 2DIAGNOSTIC,    14, -5.828914402246e-01, 8.237478152147e-03, 2.8856e+00, 3.2207e-02, 
 2DIAGNOSTIC,    15, -5.835664420545e-01, 5.135946767580e-03, 2.9119e+00, 2.6302e-02, 
 2DIAGNOSTIC,    16, -5.849334641413e-01, 2.539331397038e-03, 2.9451e+00, 3.3222e-02, 
 2DIAGNOSTIC,    17, -5.874810681093e-01, 8.404435188171e-04, 2.9849e+00, 3.9779e-02, 
 2DIAGNOSTIC,    18, -5.877361059896e-01, 4.333460474062e-04, 3.0138e+00, 2.8931e-02, 
 2DIAGNOSTIC,    19, -5.879616662679e-01, 4.626611660924e-04, 3.0547e+00, 4.0887e-02, 
 2DIAGNOSTIC,    20, -5.881602004160e-01, 4.601854154079e-04, 3.0942e+00, 3.9480e-02, 
 2DIAGNOSTIC,    21, -5.880214245807e-01, 4.169256048398e-04, 3.1223e+00, 2.8142e-02, 
 2DIAGNOSTIC,    22, -5.880651522484e-01, 3.469864878789e-04, 3.1587e+00, 3.6414e-02, 
 2DIAGNOSTIC,    23, -5.880413259948e-01, 2.603636004702e-04, 3.1836e+00, 2.4830e-02, 
 2DIAGNOSTIC,    24, -5.880580056227e-01, 1.673968524716e-04, 3.2205e+00, 3.6907e-02, 
 2DIAGNOSTIC,    25, -5.880557635298e-01, 8.031689692321e-05, 3.2525e+00, 3.2028e-02, 
 2DIAGNOSTIC,    26, -5.880691486683e-01, 1.866887853094e-05, 3.2812e+00, 2.8756e-02, 
 2DIAGNOSTIC,    27, -5.880769444901e-01, 8.293722134740e-06, 3.3130e+00, 3.1782e-02, 
 2DIAGNOSTIC,    28, -5.881177079268e-01, 3.281783554326e-06, 3.3393e+00, 2.6226e-02, 
 2DIAGNOSTIC,    29, -5.882263423343e-01, 4.140355153608e-06, 3.3753e+00, 3.6095e-02, 
 2DIAGNOSTIC,    30, -5.882614346304e-01, 8.622614784022e-06, 3.4191e+00, 4.3733e-02, 
 2DIAGNOSTIC,    31, -5.884642204800e-01, 1.312629141224e-05, 3.4500e+00, 3.0883e-02, 
 2DIAGNOSTIC,    32, -5.884227130305e-01, 1.618177903809e-05, 3.4872e+00, 3.7198e-02, 
 2DIAGNOSTIC,    33, -5.883851110914e-01, 1.671461138390e-05, 3.5233e+00, 3.6139e-02, 
 2DIAGNOSTIC,    34, -5.883894025647e-01, 1.606686337101e-05, 3.5562e+00, 3.2908e-02, 
 2DIAGNOSTIC,    35, -5.883769458267e-01, 1.377629151494e-05, 3.5853e+00, 2.9070e-02, 
 2DIAGNOSTIC,    36, -5.883829352665e-01, 1.064749969411e-05, 3.6175e+00, 3.2221e-02, 
 2DIAGNOSTIC,    37, -5.883921675862e-01, 7.007365197331e-06, 3.6467e+00, 2.9193e-02, 
 2DIAGNOSTIC,    38, -5.884001139695e-01, 3.639271989257e-06, 3.6839e+00, 3.7162e-02, 
 2DIAGNOSTIC,    39, -5.884103560313e-01, 1.722645484249e-06, 3.7194e+00, 3.5546e-02, 
 2DIAGNOSTIC,    40, -5.885137565738e-01, 1.467553258777e-06, 3.7454e+00, 2.6029e-02, 
 2DIAGNOSTIC,    41, -5.885714015944e-01, 4.312759348455e-06, 3.7821e+00, 3.6626e-02, 
 2DIAGNOSTIC,    42, -5.888098505476e-01, 9.029020892934e-06, 3.8249e+00, 4.2868e-02, 
 2DIAGNOSTIC,    43, -5.887151687250e-01, 1.114129087675e-05, 3.8510e+00, 2.6070e-02, 
 2DIAGNOSTIC,    44, -5.887384313344e-01, 1.254898555812e-05, 3.8833e+00, 3.2257e-02, 
 2DIAGNOSTIC,    45, -5.887829972496e-01, 1.312108966429e-05, 3.9192e+00, 3.5906e-02, 
 2DIAGNOSTIC,    46, -5.887760635622e-01, 1.242047792834e-05, 3.9470e+00, 2.7884e-02, 
 2DIAGNOSTIC,    47, -5.888034987975e-01, 1.100594568983e-05, 3.9831e+00, 3.6054e-02, 
 2DIAGNOSTIC,    48, -5.887865926624e-01, 8.597106454823e-06, 4.0189e+00, 3.5782e-02, 
 2DIAGNOSTIC,    49, -5.887734415492e-01, 5.523480688909e-06, 4.0551e+00, 3.6211e-02, 
 2DIAGNOSTIC,    50, -5.887739209177e-01, 3.137383843447e-06, 4.0873e+00, 3.2194e-02, 
DIAGNOSTIC,Iteration,metricValue,convergenceValue,ITERATION_TIME_INDEX,SINCE_LAST
 2DIAGNOSTIC,     1, -5.070938065656e-01, 1.797693134862e+308, 6.8612e+00, 2.7740e+00, 
 2DIAGNOSTIC,     2, -5.074192103329e-01, 1.797693134862e+308, 7.0877e+00, 2.2644e-01, 
 2DIAGNOSTIC,     3, -5.077918083907e-01, 1.797693134862e+308, 7.3165e+00, 2.2885e-01, 
 2DIAGNOSTIC,     4, -5.079495111723e-01, 1.797693134862e+308, 7.5448e+00, 2.2829e-01, 
 2DIAGNOSTIC,     5, -5.080480371849e-01, 1.797693134862e+308, 7.8417e+00, 2.9693e-01, 
 2DIAGNOSTIC,     6, -5.081571774456e-01, 1.797693134862e+308, 8.1658e+00, 3.2406e-01, 
 2DIAGNOSTIC,     7, -5.081366295740e-01, 1.797693134862e+308, 8.4572e+00, 2.9139e-01, 
 2DIAGNOSTIC,     8, -5.081207142480e-01, 1.797693134862e+308, 8.7188e+00, 2.6160e-01, 
 2DIAGNOSTIC,     9, -5.081232549382e-01, 1.797693134862e+308, 8.9771e+00, 2.5828e-01, 
 2DIAGNOSTIC,    10, -5.081435990640e-01, 1.151621251342e-04, 9.2707e+00, 2.9365e-01, 
 2DIAGNOSTIC,    11, -5.081420615232e-01, 6.305463846815e-05, 9.5279e+00, 2.5721e-01, 
 2DIAGNOSTIC,    12, -5.081176620639e-01, 2.795702315909e-05, 9.7571e+00, 2.2913e-01, 
 2DIAGNOSTIC,    13, -5.081247664453e-01, 1.230957282937e-05, 1.0016e+01, 2.5934e-01, 
 2DIAGNOSTIC,    14, -5.081278938728e-01, 4.333056052463e-06, 1.0279e+01, 2.6225e-01, 
DIAGNOSTIC,Iteration,metricValue,convergenceValue,ITERATION_TIME_INDEX,SINCE_LAST
 2DIAGNOSTIC,     1, -4.453462915841e-01, 1.797693134862e+308, 1.4979e+01, 4.6999e+00, 
 2DIAGNOSTIC,     2, -4.460288851335e-01, 1.797693134862e+308, 1.6675e+01, 1.6964e+00, 
 2DIAGNOSTIC,     3, -4.467290827853e-01, 1.797693134862e+308, 1.8352e+01, 1.6774e+00, 
 2DIAGNOSTIC,     4, -4.471796988727e-01, 1.797693134862e+308, 2.0276e+01, 1.9239e+00, 
 2DIAGNOSTIC,     5, -4.472526682480e-01, 1.797693134862e+308, 2.1950e+01, 1.6741e+00, 
 2DIAGNOSTIC,     6, -4.472850675132e-01, 1.797693134862e+308, 2.3673e+01, 1.7229e+00, 
 2DIAGNOSTIC,     7, -4.473142178603e-01, 1.797693134862e+308, 2.6037e+01, 2.3631e+00, 
 2DIAGNOSTIC,     8, -4.473105018918e-01, 1.797693134862e+308, 2.8351e+01, 2.3145e+00, 
 2DIAGNOSTIC,     9, -4.473104039811e-01, 1.797693134862e+308, 3.0210e+01, 1.8587e+00, 
 2DIAGNOSTIC,    10, -4.473110370029e-01, 2.296216986842e-04, 3.2068e+01, 1.8585e+00, 
 2DIAGNOSTIC,    11, -4.473029023702e-01, 1.130758204111e-04, 3.3714e+01, 1.6461e+00, 
 2DIAGNOSTIC,    12, -4.473012314844e-01, 4.143846971920e-05, 3.5647e+01, 1.9327e+00, 
 2DIAGNOSTIC,    13, -4.473067130813e-01, 1.127472495210e-05, 3.7549e+01, 1.9019e+00, 
 2DIAGNOSTIC,    14, -4.473028260923e-01, 4.839598179471e-06, 3.9509e+01, 1.9598e+00, 
 2DIAGNOSTIC,    15, -4.473062061935e-01, 2.244904759946e-06, 4.1925e+01, 2.4167e+00, 
 2DIAGNOSTIC,    16, -4.473063010986e-01, 1.222956253460e-06, 4.3885e+01, 1.9599e+00, 
 2DIAGNOSTIC,    17, -4.473059228620e-01, 1.472584339260e-06, 4.5829e+01, 1.9437e+00, 
 2DIAGNOSTIC,    18, -4.473029203123e-01, 1.489629285159e-06, 4.7785e+01, 1.9563e+00, 
 2DIAGNOSTIC,    19, -4.472996396846e-01, 1.416700649071e-06, 4.9738e+01, 1.9526e+00, 
 2DIAGNOSTIC,    20, -4.472999169155e-01, 1.413893552009e-06, 5.1697e+01, 1.9590e+00, 
 2DIAGNOSTIC,    21, -4.472970613798e-01, 1.093434805852e-06, 5.3354e+01, 1.6572e+00, 
DIAGNOSTIC,Iteration,metricValue,convergenceValue,ITERATION_TIME_INDEX,SINCE_LAST
 2DIAGNOSTIC,     1, -3.980295185982e-01, 1.797693134862e+308, 6.9205e+01, 1.5850e+01, 
 2DIAGNOSTIC,     2, -3.982877431716e-01, 1.797693134862e+308, 8.0842e+01, 1.1638e+01, 
 2DIAGNOSTIC,     3, -3.984245768943e-01, 1.797693134862e+308, 9.1757e+01, 1.0915e+01, 
 2DIAGNOSTIC,     4, -3.985336264140e-01, 1.797693134862e+308, 1.0338e+02, 1.1620e+01, 
 2DIAGNOSTIC,     5, -3.986503544620e-01, 1.797693134862e+308, 1.1501e+02, 1.1634e+01, 
 2DIAGNOSTIC,     6, -3.988386189129e-01, 1.797693134862e+308, 1.3145e+02, 1.6443e+01, 
 2DIAGNOSTIC,     7, -3.988611311238e-01, 1.797693134862e+308, 1.4457e+02, 1.3121e+01, 
 2DIAGNOSTIC,     8, -3.988662748946e-01, 1.797693134862e+308, 1.5768e+02, 1.3107e+01, 
 2DIAGNOSTIC,     9, -3.988684987269e-01, 1.797693134862e+308, 1.7078e+02, 1.3103e+01, 
 2DIAGNOSTIC,    10, -3.988720556988e-01, 1.346557864529e-04, 1.8262e+02, 1.1835e+01, 
 2DIAGNOSTIC,    11, -3.988821652461e-01, 8.876760055973e-05, 1.9435e+02, 1.1734e+01, 
 2DIAGNOSTIC,    12, -3.988989395390e-01, 5.904903335124e-05, 2.0749e+02, 1.3132e+01, 
 2DIAGNOSTIC,    13, -3.989111100120e-01, 3.703155690590e-05, 2.2064e+02, 1.3157e+01, 
 2DIAGNOSTIC,    14, -3.989222245841e-01, 2.109959012958e-05, 2.3839e+02, 1.7751e+01, 
 2DIAGNOSTIC,    15, -3.989278980930e-01, 1.115098835430e-05, 2.5166e+02, 1.3264e+01, 
 2DIAGNOSTIC,    16, -3.989271011887e-01, 9.942311919336e-06, 2.6320e+02, 1.1546e+01, 
 2DIAGNOSTIC,    17, -3.989265825666e-01, 9.059280065775e-06, 2.7359e+02, 1.0388e+01, 
 2DIAGNOSTIC,    18, -3.989269883690e-01, 7.827490653048e-06, 2.8665e+02, 1.3060e+01, 
 2DIAGNOSTIC,    19, -3.989292000578e-01, 6.330596890439e-06, 2.9977e+02, 1.3121e+01, 
 2DIAGNOSTIC,    20, -3.989304898794e-01, 4.720326506544e-06, 3.1290e+02, 1.3132e+01, 
 2DIAGNOSTIC,    21, -3.989301944065e-01, 3.299524887201e-06, 3.2621e+02, 1.3305e+01, 
 2DIAGNOSTIC,    22, -3.989307952750e-01, 2.402523790780e-06, 3.3775e+02, 1.1539e+01, 
 2DIAGNOSTIC,    23, -3.989325293814e-01, 1.916380975811e-06, 3.5081e+02, 1.3056e+01, 
 2DIAGNOSTIC,    24, -3.989340220385e-01, 1.787112063445e-06, 3.6234e+02, 1.1536e+01, 
 2DIAGNOSTIC,    25, -3.989368282440e-01, 1.866092078112e-06, 3.7388e+02, 1.1537e+01, 
 2DIAGNOSTIC,    26, -3.989607375160e-01, 2.517202579384e-06, 3.9155e+02, 1.7676e+01, 
 2DIAGNOSTIC,    27, -3.989627862983e-01, 3.022658877590e-06, 4.0477e+02, 1.3212e+01, 
 2DIAGNOSTIC,    28, -3.989630008839e-01, 3.338565849408e-06, 4.1807e+02, 1.3300e+01, 
 2DIAGNOSTIC,    29, -3.989652985022e-01, 3.543751026569e-06, 4.3115e+02, 1.3084e+01, 
 2DIAGNOSTIC,    30, -3.989663424291e-01, 3.556304420727e-06, 4.4891e+02, 1.7759e+01, 
 2DIAGNOSTIC,    31, -3.989663693970e-01, 3.316629363370e-06, 4.6690e+02, 1.7995e+01, 
 2DIAGNOSTIC,    32, -3.989664107254e-01, 2.887848778277e-06, 5.0652e+02, 3.9617e+01, 
 2DIAGNOSTIC,    33, -3.989664107253e-01, 2.351057306990e-06, 5.3520e+02, 2.8676e+01, 
 2DIAGNOSTIC,    34, -3.989664107253e-01, 1.749637869787e-06, 5.5000e+02, 1.4807e+01, 
 2DIAGNOSTIC,    35, -3.989664107253e-01, 1.148494150477e-06, 5.6318e+02, 1.3181e+01, 
 2DIAGNOSTIC,    36, -3.989664107253e-01, 1.030784234333e-06, 5.7646e+02, 1.3272e+01, 
  Elapsed time (stage 1): 5.8546e+02


Total elapsed time: 1.0402e+03

--------------------------------------------------------------------------------------
 Mapping parameters
--------------------------------------------------------------------------------------
 ANTSPATH is /usr/local/software/spack/spack-git/opt/spack/linux-rhel7-broadwell/gcc-5/ants-2.3.4-lj6vm7ccmij4yywr4ynrttcko4aoflqt/bin

 Dimensionality:           3
 Output name prefix:       T1xT2_ANTs
 Fixed images:             /home/ccn30/rds/rds-p00500_encrypt-URQgmO1brZ0/p00500/ENCRYPT_images/32547/T2/N4t2.nii
 Moving images:            /home/ccn30/rds/rds-p00500_encrypt-URQgmO1brZ0/p00500/ENCRYPT_images/32547/mp2rage/n4mag0000_PSIR_skulled_std.nii
 Mask images:              
 Initial transforms:       
 Number of threads:        1
 Spline distance:          26
 Transform type:           a
 MI histogram bins:        32
 Precision:                d
 Use histogram matching    0
======================================================================================
 antsRegistration call:
--------------------------------------------------------------------------------------
/usr/local/software/spack/spack-git/opt/spack/linux-rhel7-broadwell/gcc-5/ants-2.3.4-lj6vm7ccmij4yywr4ynrttcko4aoflqt/bin/antsRegistration --verbose 1 --dimensionality 3 --float 0 --collapse-output-transforms 1 --output [ T1xT2_ANTs,T1xT2_ANTsWarped.nii.gz,T1xT2_ANTsInverseWarped.nii.gz ] --interpolation Linear --use-histogram-matching 0 --winsorize-image-intensities [ 0.005,0.995 ] --initial-moving-transform [ /home/ccn30/rds/rds-p00500_encrypt-URQgmO1brZ0/p00500/ENCRYPT_images/32547/T2/N4t2.nii,/home/ccn30/rds/rds-p00500_encrypt-URQgmO1brZ0/p00500/ENCRYPT_images/32547/mp2rage/n4mag0000_PSIR_skulled_std.nii,1 ] --transform Rigid[ 0.1 ] --metric MI[ /home/ccn30/rds/rds-p00500_encrypt-URQgmO1brZ0/p00500/ENCRYPT_images/32547/T2/N4t2.nii,/home/ccn30/rds/rds-p00500_encrypt-URQgmO1brZ0/p00500/ENCRYPT_images/32547/mp2rage/n4mag0000_PSIR_skulled_std.nii,1,32,Regular,0.25 ] --convergence [ 1000x500x250x0,1e-6,10 ] --shrink-factors 12x8x4x2 --smoothing-sigmas 4x3x2x1vox --transform Affine[ 0.1 ] --metric MI[ /home/ccn30/rds/rds-p00500_encrypt-URQgmO1brZ0/p00500/ENCRYPT_images/32547/T2/N4t2.nii,/home/ccn30/rds/rds-p00500_encrypt-URQgmO1brZ0/p00500/ENCRYPT_images/32547/mp2rage/n4mag0000_PSIR_skulled_std.nii,1,32,Regular,0.25 ] --convergence [ 1000x500x250x0,1e-6,10 ] --shrink-factors 12x8x4x2 --smoothing-sigmas 4x3x2x1vox
--------------------------------------------------------------------------------------
All_Command_lines_OK
Using double precision for computations.
=============================================================================
The composite transform comprises the following transforms (in order): 
  1. Center of mass alignment using fixed image: /home/ccn30/rds/rds-p00500_encrypt-URQgmO1brZ0/p00500/ENCRYPT_images/32547/T2/N4t2.nii and moving image: /home/ccn30/rds/rds-p00500_encrypt-URQgmO1brZ0/p00500/ENCRYPT_images/32547/mp2rage/n4mag0000_PSIR_skulled_std.nii (type = Euler3DTransform)
=============================================================================
  number of levels = 4
  number of levels = 4
  fixed image: /home/ccn30/rds/rds-p00500_encrypt-URQgmO1brZ0/p00500/ENCRYPT_images/32547/T2/N4t2.nii
  moving image: /home/ccn30/rds/rds-p00500_encrypt-URQgmO1brZ0/p00500/ENCRYPT_images/32547/mp2rage/n4mag0000_PSIR_skulled_std.nii
  fixed image: /home/ccn30/rds/rds-p00500_encrypt-URQgmO1brZ0/p00500/ENCRYPT_images/32547/T2/N4t2.nii
  moving image: /home/ccn30/rds/rds-p00500_encrypt-URQgmO1brZ0/p00500/ENCRYPT_images/32547/mp2rage/n4mag0000_PSIR_skulled_std.nii
Dimension = 3
Number of stages = 2
Use Histogram Matching false
Winsorize image intensities true
Lower quantile = 0.005
Upper quantile = 0.995
Stage 1 State
   Image metric = Mattes
     Fixed image = Image (0x4688010)
  RTTI typeinfo:   itk::Image<double, 3u>
  Reference Count: 2
  Modified Time: 1709
  Debug: Off
  Object Name: 
  Observers: 
    none
  Source: (none)
  Source output name: (none)
  Release Data: Off
  Data Released: False
  Global Release Data: Off
  PipelineMTime: 0
  UpdateMTime: 1492
  RealTimeStamp: 0 seconds 
  LargestPossibleRegion: 
    Dimension: 3
    Index: [0, 0, 0]
    Size: [512, 512, 54]
  BufferedRegion: 
    Dimension: 3
    Index: [0, 0, 0]
    Size: [512, 512, 54]
  RequestedRegion: 
    Dimension: 3
    Index: [0, 0, 0]
    Size: [512, 512, 54]
  Spacing: [0.4375, 0.4375, 1.1]
  Origin: [-111.976, -21.1021, -126.228]
  Direction: 
0.999986 -0.0015608 0.0050955
-0.00532919 -0.292428 0.956273
2.48114e-06 0.956286 0.292432

  IndexToPointMatrix: 
0.437494 -0.000682849 0.00560505
-0.00233152 -0.127937 1.0519
1.0855e-06 0.418375 0.321675

  PointToIndexMatrix: 
2.28568 -0.012181 5.6714e-06
-0.00356754 -0.668406 2.1858
0.00463228 0.869339 0.265847

  Inverse Direction: 
0.999986 -0.00532919 2.48124e-06
-0.0015608 -0.292428 0.956286
0.0050955 0.956273 0.292432

  PixelContainer: 
    ImportImageContainer (0x4682980)
      RTTI typeinfo:   itk::ImportImageContainer<unsigned long, double>
      Reference Count: 1
      Modified Time: 1489
      Debug: Off
      Object Name: 
      Observers: 
        none
      Pointer: 0x2b4e99f6c010
      Container manages memory: true
      Size: 14155776
      Capacity: 14155776

     Moving image = Image (0x4685b30)
  RTTI typeinfo:   itk::Image<double, 3u>
  Reference Count: 2
  Modified Time: 1710
  Debug: Off
  Object Name: 
  Observers: 
    none
  Source: (none)
  Source output name: (none)
  Release Data: Off
  Data Released: False
  Global Release Data: Off
  PipelineMTime: 0
  UpdateMTime: 1707
  RealTimeStamp: 0 seconds 
  LargestPossibleRegion: 
    Dimension: 3
    Index: [0, 0, 0]
    Size: [224, 320, 320]
  BufferedRegion: 
    Dimension: 3
    Index: [0, 0, 0]
    Size: [224, 320, 320]
  RequestedRegion: 
    Dimension: 3
    Index: [0, 0, 0]
    Size: [224, 320, 320]
  Spacing: [0.7, 0.7, 0.7]
  Origin: [-76.2103, 71.6323, -114.962]
  Direction: 
1 0 0
0 -1 0
0 0 1

  IndexToPointMatrix: 
0.7 0 0
0 -0.7 0
0 0 0.7

  PointToIndexMatrix: 
1.42857 0 0
0 -1.42857 0
0 0 1.42857

  Inverse Direction: 
1 0 0
0 -1 0
0 0 1

  PixelContainer: 
    ImportImageContainer (0x4682780)
      RTTI typeinfo:   itk::ImportImageContainer<unsigned long, double>
      Reference Count: 1
      Modified Time: 1704
      Debug: Off
      Object Name: 
      Observers: 
        none
      Pointer: 0x2b4ea0b6d010
      Container manages memory: true
      Size: 22937600
      Capacity: 22937600

     Weighting = 1
     Sampling strategy = regular
     Number of bins = 32
     Radius = 4
     Sampling percentage  = 0.25
   Transform = Rigid
     Gradient step = 0.1
     Update field sigma (voxel space) = 0
     Total field sigma (voxel space) = 0
     Update field time sigma = 0
     Total field time sigma  = 0
     Number of time indices = 0
     Number of time point samples = 0
Stage 2 State
   Image metric = Mattes
     Fixed image = Image (0x4697500)
  RTTI typeinfo:   itk::Image<double, 3u>
  Reference Count: 2
  Modified Time: 2141
  Debug: Off
  Object Name: 
  Observers: 
    none
  Source: (none)
  Source output name: (none)
  Release Data: Off
  Data Released: False
  Global Release Data: Off
  PipelineMTime: 0
  UpdateMTime: 1924
  RealTimeStamp: 0 seconds 
  LargestPossibleRegion: 
    Dimension: 3
    Index: [0, 0, 0]
    Size: [512, 512, 54]
  BufferedRegion: 
    Dimension: 3
    Index: [0, 0, 0]
    Size: [512, 512, 54]
  RequestedRegion: 
    Dimension: 3
    Index: [0, 0, 0]
    Size: [512, 512, 54]
  Spacing: [0.4375, 0.4375, 1.1]
  Origin: [-111.976, -21.1021, -126.228]
  Direction: 
0.999986 -0.0015608 0.0050955
-0.00532919 -0.292428 0.956273
2.48114e-06 0.956286 0.292432

  IndexToPointMatrix: 
0.437494 -0.000682849 0.00560505
-0.00233152 -0.127937 1.0519
1.0855e-06 0.418375 0.321675

  PointToIndexMatrix: 
2.28568 -0.012181 5.6714e-06
-0.00356754 -0.668406 2.1858
0.00463228 0.869339 0.265847

  Inverse Direction: 
0.999986 -0.00532919 2.48124e-06
-0.0015608 -0.292428 0.956286
0.0050955 0.956273 0.292432

  PixelContainer: 
    ImportImageContainer (0x4688860)
      RTTI typeinfo:   itk::ImportImageContainer<unsigned long, double>
      Reference Count: 1
      Modified Time: 1921
      Debug: Off
      Object Name: 
      Observers: 
        none
      Pointer: 0x2b4eaba6e010
      Container manages memory: true
      Size: 14155776
      Capacity: 14155776

     Moving image = Image (0x469bf40)
  RTTI typeinfo:   itk::Image<double, 3u>
  Reference Count: 2
  Modified Time: 2142
  Debug: Off
  Object Name: 
  Observers: 
    none
  Source: (none)
  Source output name: (none)
  Release Data: Off
  Data Released: False
  Global Release Data: Off
  PipelineMTime: 0
  UpdateMTime: 2139
  RealTimeStamp: 0 seconds 
  LargestPossibleRegion: 
    Dimension: 3
    Index: [0, 0, 0]
    Size: [224, 320, 320]
  BufferedRegion: 
    Dimension: 3
    Index: [0, 0, 0]
    Size: [224, 320, 320]
  RequestedRegion: 
    Dimension: 3
    Index: [0, 0, 0]
    Size: [224, 320, 320]
  Spacing: [0.7, 0.7, 0.7]
  Origin: [-76.2103, 71.6323, -114.962]
  Direction: 
1 0 0
0 -1 0
0 0 1

  IndexToPointMatrix: 
0.7 0 0
0 -0.7 0
0 0 0.7

  PointToIndexMatrix: 
1.42857 0 0
0 -1.42857 0
0 0 1.42857

  Inverse Direction: 
1 0 0
0 -1 0
0 0 1

  PixelContainer: 
    ImportImageContainer (0x4693750)
      RTTI typeinfo:   itk::ImportImageContainer<unsigned long, double>
      Reference Count: 1
      Modified Time: 2136
      Debug: Off
      Object Name: 
      Observers: 
        none
      Pointer: 0x2b4eb266f010
      Container manages memory: true
      Size: 22937600
      Capacity: 22937600

     Weighting = 1
     Sampling strategy = regular
     Number of bins = 32
     Radius = 4
     Sampling percentage  = 0.25
   Transform = Affine
     Gradient step = 0.1
     Update field sigma (voxel space) = 0
     Total field sigma (voxel space) = 0
     Update field time sigma = 0
     Total field time sigma  = 0
     Number of time indices = 0
     Number of time point samples = 0
Registration using 2 total stages.

Stage 0
  iterations = 1000x500x250x0
  convergence threshold = 1e-06
  convergence window size = 10
  number of levels = 4
  using the Mattes MI metric (number of bins = 32, weight = 1)
  preprocessing:  winsorizing the image intensities
  Shrink factors (level 1 out of 4): [12, 12, 5]
  Shrink factors (level 2 out of 4): [8, 8, 3]
  Shrink factors (level 3 out of 4): [4, 4, 2]
  Shrink factors (level 4 out of 4): [2, 2, 1]
  smoothing sigmas per level: [4, 3, 2, 1]
  regular sampling (percentage = 0.25)

*** Running Euler3DTransform registration ***

DIAGNOSTIC,Iteration,metricValue,convergenceValue,ITERATION_TIME_INDEX,SINCE_LAST
 2DIAGNOSTIC,     1, -4.354263658568e-01, 1.797693134862e+308, 3.7330e+00, 3.7330e+00, 
 2DIAGNOSTIC,     2, -4.393955331362e-01, 1.797693134862e+308, 3.7477e+00, 1.4718e-02, 
 2DIAGNOSTIC,     3, -4.467664200506e-01, 1.797693134862e+308, 3.7579e+00, 1.0147e-02, 
 2DIAGNOSTIC,     4, -4.606744884659e-01, 1.797693134862e+308, 3.7662e+00, 8.2891e-03, 
 2DIAGNOSTIC,     5, -4.772397536582e-01, 1.797693134862e+308, 3.7744e+00, 8.1980e-03, 
 2DIAGNOSTIC,     6, -4.920405352008e-01, 1.797693134862e+308, 3.7824e+00, 8.0230e-03, 
 2DIAGNOSTIC,     7, -5.044677495939e-01, 1.797693134862e+308, 3.7935e+00, 1.1115e-02, 
 2DIAGNOSTIC,     8, -5.074352453745e-01, 1.797693134862e+308, 3.8031e+00, 9.5870e-03, 
 2DIAGNOSTIC,     9, -5.087475104453e-01, 1.797693134862e+308, 3.8127e+00, 9.6519e-03, 
 2DIAGNOSTIC,    10, -5.090962282920e-01, 1.187635883402e-02, 3.8256e+00, 1.2836e-02, 
 2DIAGNOSTIC,    11, -5.083259011466e-01, 9.313530914454e-03, 3.8343e+00, 8.7230e-03, 
 2DIAGNOSTIC,    12, -5.086044448467e-01, 6.577016224908e-03, 3.8456e+00, 1.1325e-02, 
 2DIAGNOSTIC,    13, -5.112593745427e-01, 4.137521036692e-03, 3.8601e+00, 1.4464e-02, 
 2DIAGNOSTIC,    14, -5.113730137067e-01, 2.264918202633e-03, 3.8684e+00, 8.2760e-03, 
 2DIAGNOSTIC,    15, -5.113618073507e-01, 1.081522878507e-03, 3.8765e+00, 8.1451e-03, 
 2DIAGNOSTIC,    16, -5.115903325328e-01, 4.894818481363e-04, 3.8855e+00, 8.9750e-03, 
 2DIAGNOSTIC,    17, -5.112826465712e-01, 3.347162515217e-04, 3.8952e+00, 9.6700e-03, 
 2DIAGNOSTIC,    18, -5.115863203794e-01, 2.693818668376e-04, 3.9109e+00, 1.5762e-02, 
 2DIAGNOSTIC,    19, -5.115202666780e-01, 2.231324447375e-04, 3.9203e+00, 9.3801e-03, 
 2DIAGNOSTIC,    20, -5.115421303650e-01, 1.737402996287e-04, 3.9295e+00, 9.1600e-03, 
 2DIAGNOSTIC,    21, -5.116530616247e-01, 9.591301220596e-05, 3.9394e+00, 9.8991e-03, 
 2DIAGNOSTIC,    22, -5.115549221820e-01, 1.931309236953e-05, 3.9483e+00, 8.9459e-03, 
 2DIAGNOSTIC,    23, -5.115007410947e-01, 1.263527743999e-05, 3.9583e+00, 1.0038e-02, 
 2DIAGNOSTIC,    24, -5.119159988664e-01, 1.807580623760e-05, 3.9685e+00, 1.0114e-02, 
 2DIAGNOSTIC,    25, -5.120862468126e-01, 2.467592587831e-05, 3.9770e+00, 8.5969e-03, 
 2DIAGNOSTIC,    26, -5.124814161474e-01, 4.243335645507e-05, 3.9869e+00, 9.8910e-03, 
 2DIAGNOSTIC,    27, -5.125086192396e-01, 4.883383000219e-05, 3.9967e+00, 9.7761e-03, 
 2DIAGNOSTIC,    28, -5.123836681060e-01, 5.412217277982e-05, 4.0119e+00, 1.5162e-02, 
 2DIAGNOSTIC,    29, -5.124717009467e-01, 5.450968230717e-05, 4.0218e+00, 9.8851e-03, 
 2DIAGNOSTIC,    30, -5.123960225232e-01, 4.852923549035e-05, 4.0298e+00, 8.0519e-03, 
 2DIAGNOSTIC,    31, -5.122215157732e-01, 3.734238546244e-05, 4.0377e+00, 7.8681e-03, 
 2DIAGNOSTIC,    32, -5.121709805301e-01, 2.103574486828e-05, 4.0455e+00, 7.7951e-03, 
 2DIAGNOSTIC,    33, -5.121855431894e-01, 3.098141549973e-06, 4.0614e+00, 1.5887e-02, 
DIAGNOSTIC,Iteration,metricValue,convergenceValue,ITERATION_TIME_INDEX,SINCE_LAST
 2DIAGNOSTIC,     1, -4.067612550707e-01, 1.797693134862e+308, 8.0341e+00, 3.9727e+00, 
 2DIAGNOSTIC,     2, -4.077863817573e-01, 1.797693134862e+308, 8.0843e+00, 5.0246e-02, 
 2DIAGNOSTIC,     3, -4.086489001725e-01, 1.797693134862e+308, 8.1358e+00, 5.1446e-02, 
 2DIAGNOSTIC,     4, -4.092365863479e-01, 1.797693134862e+308, 8.1875e+00, 5.1700e-02, 
 2DIAGNOSTIC,     5, -4.096764439015e-01, 1.797693134862e+308, 8.2397e+00, 5.2208e-02, 
 2DIAGNOSTIC,     6, -4.099664964454e-01, 1.797693134862e+308, 8.2993e+00, 5.9622e-02, 
 2DIAGNOSTIC,     7, -4.102043848568e-01, 1.797693134862e+308, 8.3732e+00, 7.3880e-02, 
 2DIAGNOSTIC,     8, -4.102786368197e-01, 1.797693134862e+308, 8.4304e+00, 5.7248e-02, 
 2DIAGNOSTIC,     9, -4.103153161831e-01, 1.797693134862e+308, 8.4860e+00, 5.5581e-02, 
 2DIAGNOSTIC,    10, -4.103639846885e-01, 5.208828603473e-04, 8.5365e+00, 5.0460e-02, 
 2DIAGNOSTIC,    11, -4.104096445430e-01, 3.310110031032e-04, 8.5813e+00, 4.4864e-02, 
 2DIAGNOSTIC,    12, -4.104795824804e-01, 2.058474532650e-04, 8.6580e+00, 7.6688e-02, 
 2DIAGNOSTIC,    13, -4.105019115703e-01, 1.283476037399e-04, 8.7111e+00, 5.3031e-02, 
 2DIAGNOSTIC,    14, -4.105186261306e-01, 8.019435131529e-05, 8.7642e+00, 5.3096e-02, 
 2DIAGNOSTIC,    15, -4.105874265613e-01, 5.467895819840e-05, 8.8247e+00, 6.0519e-02, 
 2DIAGNOSTIC,    16, -4.107096630545e-01, 4.506743446811e-05, 8.8948e+00, 7.0146e-02, 
 2DIAGNOSTIC,    17, -4.107507176770e-01, 4.380995308856e-05, 8.9534e+00, 5.8597e-02, 
 2DIAGNOSTIC,    18, -4.107302955709e-01, 4.093112442016e-05, 9.0034e+00, 5.0005e-02, 
 2DIAGNOSTIC,    19, -4.107313238765e-01, 3.620342427809e-05, 9.0505e+00, 4.7078e-02, 
 2DIAGNOSTIC,    20, -4.107380040845e-01, 3.061161601436e-05, 9.0986e+00, 4.8090e-02, 
 2DIAGNOSTIC,    21, -4.107456442039e-01, 2.446273687684e-05, 9.1496e+00, 5.1059e-02, 
 2DIAGNOSTIC,    22, -4.107385908846e-01, 1.869669843371e-05, 9.2348e+00, 8.5172e-02, 
 2DIAGNOSTIC,    23, -4.107283082695e-01, 1.227060372332e-05, 9.3133e+00, 7.8514e-02, 
 2DIAGNOSTIC,    24, -4.107283375909e-01, 5.859568757816e-06, 9.3618e+00, 4.8437e-02, 
 2DIAGNOSTIC,    25, -4.107286872393e-01, 1.350072596371e-06, 9.4404e+00, 7.8663e-02, 
DIAGNOSTIC,Iteration,metricValue,convergenceValue,ITERATION_TIME_INDEX,SINCE_LAST
 2DIAGNOSTIC,     1, -3.683076210006e-01, 1.797693134862e+308, 1.3612e+01, 4.1718e+00, 
 2DIAGNOSTIC,     2, -3.709054769429e-01, 1.797693134862e+308, 1.3925e+01, 3.1318e-01, 
 2DIAGNOSTIC,     3, -3.733876171169e-01, 1.797693134862e+308, 1.4236e+01, 3.1041e-01, 
 2DIAGNOSTIC,     4, -3.748672808488e-01, 1.797693134862e+308, 1.4605e+01, 3.6964e-01, 
 2DIAGNOSTIC,     5, -3.753646908604e-01, 1.797693134862e+308, 1.4925e+01, 3.1980e-01, 
 2DIAGNOSTIC,     6, -3.756196656829e-01, 1.797693134862e+308, 1.5237e+01, 3.1218e-01, 
 2DIAGNOSTIC,     7, -3.758773807183e-01, 1.797693134862e+308, 1.5645e+01, 4.0764e-01, 
 2DIAGNOSTIC,     8, -3.764352739932e-01, 1.797693134862e+308, 1.6151e+01, 5.0543e-01, 
 2DIAGNOSTIC,     9, -3.764711611061e-01, 1.797693134862e+308, 1.6511e+01, 3.6002e-01, 
 2DIAGNOSTIC,    10, -3.765483759051e-01, 1.199340184198e-03, 1.6871e+01, 3.6026e-01, 
 2DIAGNOSTIC,    11, -3.765838271135e-01, 7.001175206838e-04, 1.7184e+01, 3.1281e-01, 
 2DIAGNOSTIC,    12, -3.766142490040e-01, 3.848308971290e-04, 1.7497e+01, 3.1365e-01, 
 2DIAGNOSTIC,    13, -3.766664886608e-01, 2.291249662933e-04, 1.7808e+01, 3.1046e-01, 
 2DIAGNOSTIC,    14, -3.767031538173e-01, 1.566901545335e-04, 1.8166e+01, 3.5866e-01, 
 2DIAGNOSTIC,    15, -3.767262627739e-01, 1.063228304940e-04, 1.8528e+01, 3.6113e-01, 
 2DIAGNOSTIC,    16, -3.767240273522e-01, 6.466723274369e-05, 1.8890e+01, 3.6298e-01, 
 2DIAGNOSTIC,    17, -3.767300009556e-01, 3.327480250064e-05, 1.9251e+01, 3.6092e-01, 
 2DIAGNOSTIC,    18, -3.767157383065e-01, 2.532811979838e-05, 1.9616e+01, 3.6469e-01, 
 2DIAGNOSTIC,    19, -3.767134934227e-01, 1.730895052761e-05, 1.9984e+01, 3.6808e-01, 
 2DIAGNOSTIC,    20, -3.766951591941e-01, 1.085789002848e-05, 2.0299e+01, 3.1473e-01, 
 2DIAGNOSTIC,    21, -3.767007611335e-01, 5.659341446737e-06, 2.0665e+01, 3.6589e-01, 
 2DIAGNOSTIC,    22, -3.766988473227e-01, 1.489601833216e-06, 2.1033e+01, 3.6846e-01, 
DIAGNOSTIC,Iteration,metricValue,convergenceValue,ITERATION_TIME_INDEX,SINCE_LAST
 2DIAGNOSTIC,     1, -3.052411510505e-01, 1.797693134862e+308, 2.7150e+01, 6.1172e+00, 
  Elapsed time (stage 0): 2.8825e+01


Stage 1
  iterations = 1000x500x250x0
  convergence threshold = 1.0000e-06
  convergence window size = 10
  number of levels = 4
  using the Mattes MI metric (number of bins = 32, weight = 1.0000e+00)
  preprocessing:  winsorizing the image intensities
  Shrink factors (level 1 out of 4): [12, 12, 5]
  Shrink factors (level 2 out of 4): [8, 8, 3]
  Shrink factors (level 3 out of 4): [4, 4, 2]
  Shrink factors (level 4 out of 4): [2, 2, 1]
  smoothing sigmas per level: [4, 3, 2, 1]
  regular sampling (percentage = 2.5000e-01)

*** Running AffineTransform registration ***

DIAGNOSTIC,Iteration,metricValue,convergenceValue,ITERATION_TIME_INDEX,SINCE_LAST
 2DIAGNOSTIC,     1, -4.749063688841e-01, 1.797693134862e+308, 3.6723e+00, 3.6723e+00, 
 2DIAGNOSTIC,     2, -4.760679391440e-01, 1.797693134862e+308, 3.6813e+00, 8.9920e-03, 
 2DIAGNOSTIC,     3, -4.779794209437e-01, 1.797693134862e+308, 3.6901e+00, 8.7550e-03, 
 2DIAGNOSTIC,     4, -4.806171236614e-01, 1.797693134862e+308, 3.6989e+00, 8.8329e-03, 
 2DIAGNOSTIC,     5, -4.845117109774e-01, 1.797693134862e+308, 3.7079e+00, 9.0172e-03, 
 2DIAGNOSTIC,     6, -4.910067407845e-01, 1.797693134862e+308, 3.7170e+00, 9.0799e-03, 
 2DIAGNOSTIC,     7, -4.987758635011e-01, 1.797693134862e+308, 3.7281e+00, 1.1151e-02, 
 2DIAGNOSTIC,     8, -4.987747469576e-01, 1.797693134862e+308, 3.7369e+00, 8.7941e-03, 
 2DIAGNOSTIC,     9, -5.007368700918e-01, 1.797693134862e+308, 3.7459e+00, 8.9390e-03, 
 2DIAGNOSTIC,    10, -5.052237307701e-01, 4.422716107861e-03, 3.7587e+00, 1.2822e-02, 
 2DIAGNOSTIC,    11, -5.069431109475e-01, 4.045420008033e-03, 3.7690e+00, 1.0317e-02, 
 2DIAGNOSTIC,    12, -5.069515937646e-01, 3.424055350836e-03, 3.7817e+00, 1.2684e-02, 
 2DIAGNOSTIC,    13, -5.072422416773e-01, 2.696273168319e-03, 3.7908e+00, 9.1400e-03, 
 2DIAGNOSTIC,    14, -5.082447957904e-01, 1.982943628178e-03, 3.8010e+00, 1.0148e-02, 
 2DIAGNOSTIC,    15, -5.090513228645e-01, 1.358618249410e-03, 3.8112e+00, 1.0166e-02, 
 2DIAGNOSTIC,    16, -5.099924122849e-01, 9.477059813580e-04, 3.8213e+00, 1.0104e-02, 
 2DIAGNOSTIC,    17, -5.100673335658e-01, 7.663831984705e-04, 3.8335e+00, 1.2189e-02, 
 2DIAGNOSTIC,    18, -5.100072953247e-01, 5.345097747877e-04, 3.8446e+00, 1.1105e-02, 
 2DIAGNOSTIC,    19, -5.099068082197e-01, 3.308823639507e-04, 3.8546e+00, 1.0056e-02, 
 2DIAGNOSTIC,    20, -5.098020828599e-01, 2.405861580300e-04, 3.8636e+00, 8.9519e-03, 
 2DIAGNOSTIC,    21, -5.098162673180e-01, 1.838483723266e-04, 3.8725e+00, 8.9519e-03, 
 2DIAGNOSTIC,    22, -5.097918727758e-01, 1.151887109048e-04, 3.8825e+00, 1.0018e-02, 
 2DIAGNOSTIC,    23, -5.095664282783e-01, 4.351043912246e-05, 3.8926e+00, 1.0021e-02, 
 2DIAGNOSTIC,    24, -5.098036288158e-01, 3.248512537656e-06, 3.9026e+00, 1.0037e-02, 
DIAGNOSTIC,Iteration,metricValue,convergenceValue,ITERATION_TIME_INDEX,SINCE_LAST
 2DIAGNOSTIC,     1, -3.932004846960e-01, 1.797693134862e+308, 7.5914e+00, 3.6888e+00, 
 2DIAGNOSTIC,     2, -3.952918815528e-01, 1.797693134862e+308, 7.6315e+00, 4.0105e-02, 
 2DIAGNOSTIC,     3, -3.981645093245e-01, 1.797693134862e+308, 7.6680e+00, 3.6455e-02, 
 2DIAGNOSTIC,     4, -4.011574786506e-01, 1.797693134862e+308, 7.7039e+00, 3.5945e-02, 
 2DIAGNOSTIC,     5, -4.033278007386e-01, 1.797693134862e+308, 7.7400e+00, 3.6098e-02, 
 2DIAGNOSTIC,     6, -4.051645808001e-01, 1.797693134862e+308, 7.7760e+00, 3.6028e-02, 
 2DIAGNOSTIC,     7, -4.074113313939e-01, 1.797693134862e+308, 7.8125e+00, 3.6450e-02, 
 2DIAGNOSTIC,     8, -4.099927802992e-01, 1.797693134862e+308, 7.8633e+00, 5.0791e-02, 
 2DIAGNOSTIC,     9, -4.108455197982e-01, 1.797693134862e+308, 7.9034e+00, 4.0100e-02, 
 2DIAGNOSTIC,    10, -4.113983762997e-01, 3.053313055417e-03, 7.9394e+00, 3.6046e-02, 
 2DIAGNOSTIC,    11, -4.120338650961e-01, 2.468529657611e-03, 7.9840e+00, 4.4547e-02, 
 2DIAGNOSTIC,    12, -4.121884158143e-01, 1.889771364062e-03, 8.0244e+00, 4.0405e-02, 
 2DIAGNOSTIC,    13, -4.122688682976e-01, 1.386602110562e-03, 8.0734e+00, 4.9045e-02, 
 2DIAGNOSTIC,    14, -4.123511656030e-01, 9.835960177258e-04, 8.1095e+00, 3.6090e-02, 
 2DIAGNOSTIC,    15, -4.125851713028e-01, 6.577830995598e-04, 8.1494e+00, 3.9916e-02, 
 2DIAGNOSTIC,    16, -4.126181584960e-01, 3.932073252443e-04, 8.2144e+00, 6.4931e-02, 
 2DIAGNOSTIC,    17, -4.128090347932e-01, 2.219258970120e-04, 8.2561e+00, 4.1783e-02, 
 2DIAGNOSTIC,    18, -4.129245741554e-01, 1.536771081061e-04, 8.3365e+00, 8.0391e-02, 
 2DIAGNOSTIC,    19, -4.129531708646e-01, 1.106433295639e-04, 8.3952e+00, 5.8696e-02, 
 2DIAGNOSTIC,    20, -4.130354345772e-01, 8.341403124285e-05, 8.4942e+00, 9.8966e-02, 
 2DIAGNOSTIC,    21, -4.130399400591e-01, 7.225835666189e-05, 8.5510e+00, 5.6783e-02, 
 2DIAGNOSTIC,    22, -4.130584891512e-01, 6.100304041871e-05, 8.6061e+00, 5.5080e-02, 
 2DIAGNOSTIC,    23, -4.131068156547e-01, 4.903412577023e-05, 8.6609e+00, 5.4863e-02, 
 2DIAGNOSTIC,    24, -4.131368416322e-01, 3.670246432306e-05, 8.7204e+00, 5.9484e-02, 
 2DIAGNOSTIC,    25, -4.131733923135e-01, 2.961500976076e-05, 8.7769e+00, 5.6462e-02, 
 2DIAGNOSTIC,    26, -4.132301560423e-01, 2.270564081381e-05, 8.8360e+00, 5.9170e-02, 
 2DIAGNOSTIC,    27, -4.133667832701e-01, 2.263868907565e-05, 8.8950e+00, 5.8961e-02, 
 2DIAGNOSTIC,    28, -4.134940558661e-01, 2.648791350534e-05, 8.9735e+00, 7.8451e-02, 
 2DIAGNOSTIC,    29, -4.135270168903e-01, 2.905594245883e-05, 9.0554e+00, 8.1951e-02, 
 2DIAGNOSTIC,    30, -4.135464120521e-01, 3.122305008955e-05, 9.1137e+00, 5.8276e-02, 
 2DIAGNOSTIC,    31, -4.135899192459e-01, 3.148825439341e-05, 9.1761e+00, 6.2452e-02, 
 2DIAGNOSTIC,    32, -4.136401958378e-01, 3.025800599277e-05, 9.2346e+00, 5.8428e-02, 
 2DIAGNOSTIC,    33, -4.136457779867e-01, 2.740032744435e-05, 9.2920e+00, 5.7454e-02, 
 2DIAGNOSTIC,    34, -4.136607151369e-01, 2.315875550703e-05, 9.3582e+00, 6.6212e-02, 
 2DIAGNOSTIC,    35, -4.137120498331e-01, 1.882845691401e-05, 9.5653e+00, 2.0708e-01, 
 2DIAGNOSTIC,    36, -4.137120494396e-01, 1.405170141765e-05, 9.6228e+00, 5.7449e-02, 
 2DIAGNOSTIC,    37, -4.137120550835e-01, 1.078114811639e-05, 9.6781e+00, 5.5383e-02, 
 2DIAGNOSTIC,    38, -4.137120646232e-01, 9.067279888714e-06, 9.7359e+00, 5.7807e-02, 
 2DIAGNOSTIC,    39, -4.137120807429e-01, 7.249150766834e-06, 9.7945e+00, 5.8549e-02, 
 2DIAGNOSTIC,    40, -4.137121079644e-01, 5.220172207238e-06, 9.8545e+00, 5.9978e-02, 
 2DIAGNOSTIC,    41, -4.137121539366e-01, 3.581693279027e-06, 9.9141e+00, 5.9610e-02, 
 2DIAGNOSTIC,    42, -4.137122313973e-01, 2.597729092720e-06, 9.9718e+00, 5.7678e-02, 
 2DIAGNOSTIC,    43, -4.137123616857e-01, 1.579436170109e-06, 1.0027e+01, 5.5346e-02, 
DIAGNOSTIC,Iteration,metricValue,convergenceValue,ITERATION_TIME_INDEX,SINCE_LAST
 2DIAGNOSTIC,     1, -4.453983587735e-01, 1.797693134862e+308, 1.4197e+01, 4.1698e+00, 
 2DIAGNOSTIC,     2, -4.481884205547e-01, 1.797693134862e+308, 1.4543e+01, 3.4619e-01, 
 2DIAGNOSTIC,     3, -4.516089410702e-01, 1.797693134862e+308, 1.4886e+01, 3.4286e-01, 
 2DIAGNOSTIC,     4, -4.546726621519e-01, 1.797693134862e+308, 1.5235e+01, 3.4945e-01, 
 2DIAGNOSTIC,     5, -4.560683800929e-01, 1.797693134862e+308, 1.5583e+01, 3.4813e-01, 
 2DIAGNOSTIC,     6, -4.564740714236e-01, 1.797693134862e+308, 1.5931e+01, 3.4762e-01, 
 2DIAGNOSTIC,     7, -4.569261203182e-01, 1.797693134862e+308, 1.6277e+01, 3.4565e-01, 
 2DIAGNOSTIC,     8, -4.572870409211e-01, 1.797693134862e+308, 1.6724e+01, 4.4729e-01, 
 2DIAGNOSTIC,     9, -4.574360007997e-01, 1.797693134862e+308, 1.7273e+01, 5.4897e-01, 
 2DIAGNOSTIC,    10, -4.574560296528e-01, 1.582852259995e-03, 1.7619e+01, 3.4622e-01, 
 2DIAGNOSTIC,    11, -4.575546902130e-01, 9.726943793251e-04, 1.7964e+01, 3.4519e-01, 
 2DIAGNOSTIC,    12, -4.576735030009e-01, 5.269014736414e-04, 1.8364e+01, 3.9923e-01, 
 2DIAGNOSTIC,    13, -4.577085077254e-01, 2.652541040346e-04, 1.8712e+01, 3.4793e-01, 
 2DIAGNOSTIC,    14, -4.577826460053e-01, 1.559650665683e-04, 1.9063e+01, 3.5117e-01, 
 2DIAGNOSTIC,    15, -4.578595132682e-01, 1.085220215065e-04, 1.9411e+01, 3.4777e-01, 
 2DIAGNOSTIC,    16, -4.580534553892e-01, 8.031389372012e-05, 1.9756e+01, 3.4515e-01, 
 2DIAGNOSTIC,    17, -4.581922211240e-01, 6.939100827784e-05, 2.0153e+01, 3.9777e-01, 
 2DIAGNOSTIC,    18, -4.583241099587e-01, 7.038067527352e-05, 2.0603e+01, 4.4938e-01, 
 2DIAGNOSTIC,    19, -4.583709805104e-01, 7.139807088168e-05, 2.1405e+01, 8.0214e-01, 
 2DIAGNOSTIC,    20, -4.583559096469e-01, 6.597190177862e-05, 2.1751e+01, 3.4629e-01, 
 2DIAGNOSTIC,    21, -4.583713873125e-01, 5.837514997047e-05, 2.2151e+01, 3.9965e-01, 
 2DIAGNOSTIC,    22, -4.583723655543e-01, 4.949202306792e-05, 2.2497e+01, 3.4602e-01, 
 2DIAGNOSTIC,    23, -4.583638628188e-01, 3.758024389950e-05, 2.2845e+01, 3.4785e-01, 
 2DIAGNOSTIC,    24, -4.583558915953e-01, 2.503344897171e-05, 2.3243e+01, 3.9821e-01, 
 2DIAGNOSTIC,    25, -4.583611023666e-01, 1.327368164875e-05, 2.3645e+01, 4.0154e-01, 
 2DIAGNOSTIC,    26, -4.583553220395e-01, 5.745512752092e-06, 2.3994e+01, 3.4905e-01, 
 2DIAGNOSTIC,    27, -4.583494387570e-01, 1.336069466444e-06, 2.4343e+01, 3.4967e-01, 
DIAGNOSTIC,Iteration,metricValue,convergenceValue,ITERATION_TIME_INDEX,SINCE_LAST
 2DIAGNOSTIC,     1, -3.019859060684e-01, 1.797693134862e+308, 3.0648e+01, 6.3049e+00, 
  Elapsed time (stage 1): 3.2322e+01


Total elapsed time: 6.1154e+01
Using double precision for computations.
Input scalar image: /home/ccn30/rds/rds-p00500_encrypt-URQgmO1brZ0/p00500/ENCRYPT_images/32547/T2/N4t2.nii
Reference image: /home/ccn30/rds/rds-p00500_encrypt-URQgmO1brZ0/p00500/ENCRYPT_images/32547/mp2rage/n4mag0000_PSIR_skulled_std.nii
Can't read initial transform T1xT2_ANTs_0GenericAffine.mat
