Non-commercial use only - see $FSLDIR/LICENSE
Non-commercial use only - see $FSLDIR/LICENSE
Transform reader for /home/ccn30/rds/rds-p00500_encrypt-URQgmO1brZ0/p00500/ENCRYPT_registrations/32541/T1xepiSlab0GenericAffine.mat caught an ITK exception:

itk::ExceptionObject (0x3e7da70)
Location: "unknown" 
File: /tmp/sjr20/spack-stage-ants-2.3.4-lj6vm7ccmij4yywr4ynrttcko4aoflqt/spack-build/ITKv5/Modules/IO/TransformBase/src/itkTransformFileReader.cxx
Line: 144
Description: itk::ERROR: TransformFileReaderTemplate(0x3e7d1d0): Transform IO: MatlabTransformIOTemplate
   failed to read file: /home/ccn30/rds/rds-p00500_encrypt-URQgmO1brZ0/p00500/ENCRYPT_registrations/32541/T1xepiSlab0GenericAffine.mat


Transform reader for /home/ccn30/rds/rds-p00500_encrypt-URQgmO1brZ0/p00500/ENCRYPT_registrations/32541/T1xepiSlab0GenericAffine.mat caught an ITK exception:

itk::ExceptionObject (0x22e4a70)
Location: "unknown" 
File: /tmp/sjr20/spack-stage-ants-2.3.4-lj6vm7ccmij4yywr4ynrttcko4aoflqt/spack-build/ITKv5/Modules/IO/TransformBase/src/itkTransformFileReader.cxx
Line: 144
Description: itk::ERROR: TransformFileReaderTemplate(0x22e41d0): Transform IO: MatlabTransformIOTemplate
   failed to read file: /home/ccn30/rds/rds-p00500_encrypt-URQgmO1brZ0/p00500/ENCRYPT_registrations/32541/T1xepiSlab0GenericAffine.mat


Transform reader for /home/ccn30/rds/rds-p00500_encrypt-URQgmO1brZ0/p00500/ENCRYPT_registrations/32541/T1xepiSlab0GenericAffine.mat caught an ITK exception:

itk::ExceptionObject (0x3d05950)
Location: "unknown" 
File: /tmp/sjr20/spack-stage-ants-2.3.4-lj6vm7ccmij4yywr4ynrttcko4aoflqt/spack-build/ITKv5/Modules/IO/TransformBase/src/itkTransformFileReader.cxx
Line: 144
Description: itk::ERROR: TransformFileReaderTemplate(0x3d050b0): Transform IO: MatlabTransformIOTemplate
   failed to read file: /home/ccn30/rds/rds-p00500_encrypt-URQgmO1brZ0/p00500/ENCRYPT_registrations/32541/T1xepiSlab0GenericAffine.mat


Transform reader for /home/ccn30/rds/rds-p00500_encrypt-URQgmO1brZ0/p00500/ENCRYPT_registrations/32541/T1xepiSlab0GenericAffine.mat caught an ITK exception:

itk::ExceptionObject (0x36af950)
Location: "unknown" 
File: /tmp/sjr20/spack-stage-ants-2.3.4-lj6vm7ccmij4yywr4ynrttcko4aoflqt/spack-build/ITKv5/Modules/IO/TransformBase/src/itkTransformFileReader.cxx
Line: 144
Description: itk::ERROR: TransformFileReaderTemplate(0x36af0b0): Transform IO: MatlabTransformIOTemplate
   failed to read file: /home/ccn30/rds/rds-p00500_encrypt-URQgmO1brZ0/p00500/ENCRYPT_registrations/32541/T1xepiSlab0GenericAffine.mat


Transform reader for /home/ccn30/rds/rds-p00500_encrypt-URQgmO1brZ0/p00500/ENCRYPT_registrations/32541/T1xepiSlab0GenericAffine.mat caught an ITK exception:

itk::ExceptionObject (0x2e1f950)
Location: "unknown" 
File: /tmp/sjr20/spack-stage-ants-2.3.4-lj6vm7ccmij4yywr4ynrttcko4aoflqt/spack-build/ITKv5/Modules/IO/TransformBase/src/itkTransformFileReader.cxx
Line: 144
Description: itk::ERROR: TransformFileReaderTemplate(0x2e1f0b0): Transform IO: MatlabTransformIOTemplate
   failed to read file: /home/ccn30/rds/rds-p00500_encrypt-URQgmO1brZ0/p00500/ENCRYPT_registrations/32541/T1xepiSlab0GenericAffine.mat


Transform reader for /home/ccn30/rds/rds-p00500_encrypt-URQgmO1brZ0/p00500/ENCRYPT_registrations/32541/T1xepiSlab0GenericAffine.mat caught an ITK exception:

itk::ExceptionObject (0x2a94950)
Location: "unknown" 
File: /tmp/sjr20/spack-stage-ants-2.3.4-lj6vm7ccmij4yywr4ynrttcko4aoflqt/spack-build/ITKv5/Modules/IO/TransformBase/src/itkTransformFileReader.cxx
Line: 144
Description: itk::ERROR: TransformFileReaderTemplate(0x2a940b0): Transform IO: MatlabTransformIOTemplate
   failed to read file: /home/ccn30/rds/rds-p00500_encrypt-URQgmO1brZ0/p00500/ENCRYPT_registrations/32541/T1xepiSlab0GenericAffine.mat


Image Exception : #63 :: No image files match: /home/ccn30/rds/rds-p00500_encrypt-URQgmO1brZ0/p00500/ENCRYPT_MTLmasks/32541/combinedEC_right_HybridMaass_EPI
terminate called after throwing an instance of 'std::runtime_error'
  what():  No image files match: /home/ccn30/rds/rds-p00500_encrypt-URQgmO1brZ0/p00500/ENCRYPT_MTLmasks/32541/combinedEC_right_HybridMaass_EPI
/home/ccn30/rds/hpc-work/WBIC_lustre/ENCRYPT/scripts/Registration/coreg_main.sh: line 345: 75109 Aborted                 fslmaths ${HybridMaass_epi_R} -thr 16.5 -uthr 17.5 -bin ${HybridMaassPM_epi_R} -odt char
Image Exception : #63 :: No image files match: /home/ccn30/rds/rds-p00500_encrypt-URQgmO1brZ0/p00500/ENCRYPT_MTLmasks/32541/combinedEC_right_HybridMaass_EPI
terminate called after throwing an instance of 'std::runtime_error'
  what():  No image files match: /home/ccn30/rds/rds-p00500_encrypt-URQgmO1brZ0/p00500/ENCRYPT_MTLmasks/32541/combinedEC_right_HybridMaass_EPI
/home/ccn30/rds/hpc-work/WBIC_lustre/ENCRYPT/scripts/Registration/coreg_main.sh: line 346: 75111 Aborted                 fslmaths ${HybridMaass_epi_R} -thr 17.5 -uthr 18.5 -bin ${HybridMaassAL_epi_R} -odt char
Image Exception : #63 :: No image files match: /home/ccn30/rds/rds-p00500_encrypt-URQgmO1brZ0/p00500/ENCRYPT_MTLmasks/32541/32541_right_lfseg_corr_usegray_noCysts_clean_EPI
terminate called after throwing an instance of 'std::runtime_error'
  what():  No image files match: /home/ccn30/rds/rds-p00500_encrypt-URQgmO1brZ0/p00500/ENCRYPT_MTLmasks/32541/32541_right_lfseg_corr_usegray_noCysts_clean_EPI
/home/ccn30/rds/hpc-work/WBIC_lustre/ENCRYPT/scripts/Registration/coreg_main.sh: line 347: 75113 Aborted                 fslmaths ${ASHS_epi_R} -thr 4.5 -uthr 5.5 -bin ${ASHS_HCtail_R} -odt char
Image Exception : #63 :: No image files match: /home/ccn30/rds/rds-p00500_encrypt-URQgmO1brZ0/p00500/ENCRYPT_MTLmasks/32541/combinedEC_left_HybridMaass_EPI
terminate called after throwing an instance of 'std::runtime_error'
  what():  No image files match: /home/ccn30/rds/rds-p00500_encrypt-URQgmO1brZ0/p00500/ENCRYPT_MTLmasks/32541/combinedEC_left_HybridMaass_EPI
/home/ccn30/rds/hpc-work/WBIC_lustre/ENCRYPT/scripts/Registration/coreg_main.sh: line 349: 75115 Aborted                 fslmaths ${HybridMaass_epi_L} -thr 16.5 -uthr 17.5 -bin ${HybridMaassPM_epi_L} -odt char
Image Exception : #63 :: No image files match: /home/ccn30/rds/rds-p00500_encrypt-URQgmO1brZ0/p00500/ENCRYPT_MTLmasks/32541/combinedEC_left_HybridMaass_EPI
terminate called after throwing an instance of 'std::runtime_error'
  what():  No image files match: /home/ccn30/rds/rds-p00500_encrypt-URQgmO1brZ0/p00500/ENCRYPT_MTLmasks/32541/combinedEC_left_HybridMaass_EPI
/home/ccn30/rds/hpc-work/WBIC_lustre/ENCRYPT/scripts/Registration/coreg_main.sh: line 350: 75116 Aborted                 fslmaths ${HybridMaass_epi_L} -thr 17.5 -uthr 18.5 -bin ${HybridMaassAL_epi_L} -odt char
Image Exception : #63 :: No image files match: /home/ccn30/rds/rds-p00500_encrypt-URQgmO1brZ0/p00500/ENCRYPT_MTLmasks/32541/32541_left_lfseg_corr_usegray_noCysts_clean_EPI
terminate called after throwing an instance of 'std::runtime_error'
  what():  No image files match: /home/ccn30/rds/rds-p00500_encrypt-URQgmO1brZ0/p00500/ENCRYPT_MTLmasks/32541/32541_left_lfseg_corr_usegray_noCysts_clean_EPI
/home/ccn30/rds/hpc-work/WBIC_lustre/ENCRYPT/scripts/Registration/coreg_main.sh: line 351: 75117 Aborted                 fslmaths ${ASHS_epi_L} -thr 4.5 -uthr 5.5 -bin ${ASHS_HCtail_L} -odt char
