This is job 1
Time: Thu 16 Sep 12:13:34 BST 2021
Running on master node: cpu-p-593
Current directory: /rds/user/ccn30/hpc-work/WBIC_lustre/ENCRYPT/scripts/Registration/slurmoutputs
Changed directory to /home/ccn30/rds/hpc-work/WBIC_lustre/ENCRYPT/scripts/Registration/slurmoutputs.

JobID: 46502061
======
Time: Thu 16 Sep 12:13:34 BST 2021
Running on master node: cpu-p-593
Current directory: /home/ccn30/rds/hpc-work/WBIC_lustre/ENCRYPT/scripts/Registration/slurmoutputs

Nodes allocated:
================
cpu-p-593

numtasks=, numnodes=, mpi_tasks_per_node= (OMP_NUM_THREADS=1)

Executing command:
==================
/home/ccn30/rds/hpc-work/WBIC_lustre/ENCRYPT/scripts/Registration/coreg_main.sh /home/ccn30/rds/hpc-work/WBIC_lustre/ENCRYPT/ENCRYPT_MasterRIScodes.txt 1 /home/ccn30/rds/rds-p00500_encrypt-URQgmO1brZ0/p00500 /home/ccn30/rds/hpc-work/WBIC_home/ENCRYPT/atlases/magdeburgatlas

******** starting 25773 ********
All_Command_lines_OK
Using double precision for computations.
=============================================================================
The composite transform comprises the following transforms (in order): 
  1. Center of mass alignment using fixed image: /home/ccn30/rds/hpc-work/WBIC_home/ENCRYPT/atlases/magdeburgatlas/template/template.nii.gz and moving image: /home/ccn30/rds/rds-p00500_encrypt-URQgmO1brZ0/p00500/ENCRYPT_images/25773/mp2rage/denoise_n4mag0000_PSIR_skulled_std.nii (type = Euler3DTransform)
=============================================================================
  number of levels = 4
  number of levels = 4
  fixed image: /home/ccn30/rds/hpc-work/WBIC_home/ENCRYPT/atlases/magdeburgatlas/template/template.nii.gz
  moving image: /home/ccn30/rds/rds-p00500_encrypt-URQgmO1brZ0/p00500/ENCRYPT_images/25773/mp2rage/denoise_n4mag0000_PSIR_skulled_std.nii
  fixed image: /home/ccn30/rds/hpc-work/WBIC_home/ENCRYPT/atlases/magdeburgatlas/template/template.nii.gz
  moving image: /home/ccn30/rds/rds-p00500_encrypt-URQgmO1brZ0/p00500/ENCRYPT_images/25773/mp2rage/denoise_n4mag0000_PSIR_skulled_std.nii
Dimension = 3
Number of stages = 2
Use Histogram Matching true
Winsorize image intensities true
Lower quantile = 0.005
Upper quantile = 0.995
Stage 1 State
   Image metric = Mattes
     Fixed image = Image (0x2cf7b80)
  RTTI typeinfo:   itk::Image<double, 3u>
  Reference Count: 2
  Modified Time: 1697
  Debug: Off
  Object Name: 
  Observers: 
    none
  Source: (none)
  Source output name: (none)
  Release Data: Off
  Data Released: False
  Global Release Data: Off
  PipelineMTime: 0
  UpdateMTime: 1480
  RealTimeStamp: 0 seconds 
  LargestPossibleRegion: 
    Dimension: 3
    Index: [0, 0, 0]
    Size: [384, 301, 288]
  BufferedRegion: 
    Dimension: 3
    Index: [0, 0, 0]
    Size: [384, 301, 288]
  RequestedRegion: 
    Dimension: 3
    Index: [0, 0, 0]
    Size: [384, 301, 288]
  Spacing: [0.598958, 0.598958, 0.599937]
  Origin: [83.4012, -147.626, 85.1783]
  Direction: 
-0 0 -1
1 -0 0
0 -1 0

  IndexToPointMatrix: 
0 0 -0.599937
0.598958 0 0
0 -0.598958 0

  PointToIndexMatrix: 
0 1.66957 0
0 0 -1.66957
-1.66684 0 0

  Inverse Direction: 
0 1 0
0 0 -1
-1 0 0

  PixelContainer: 
    ImportImageContainer (0x2cf81f0)
      RTTI typeinfo:   itk::ImportImageContainer<unsigned long, double>
      Reference Count: 1
      Modified Time: 1477
      Debug: Off
      Object Name: 
      Observers: 
        none
      Pointer: 0x2b791ccf6010
      Container manages memory: true
      Size: 33288192
      Capacity: 33288192

     Moving image = Image (0x2ce3820)
  RTTI typeinfo:   itk::Image<double, 3u>
  Reference Count: 2
  Modified Time: 1698
  Debug: Off
  Object Name: 
  Observers: 
    none
  Source: (none)
  Source output name: (none)
  Release Data: Off
  Data Released: False
  Global Release Data: Off
  PipelineMTime: 0
  UpdateMTime: 1695
  RealTimeStamp: 0 seconds 
  LargestPossibleRegion: 
    Dimension: 3
    Index: [0, 0, 0]
    Size: [224, 320, 320]
  BufferedRegion: 
    Dimension: 3
    Index: [0, 0, 0]
    Size: [224, 320, 320]
  RequestedRegion: 
    Dimension: 3
    Index: [0, 0, 0]
    Size: [224, 320, 320]
  Spacing: [0.7, 0.7, 0.7]
  Origin: [-81.0504, 79.0676, -87.8451]
  Direction: 
1 0 0
0 -1 0
0 0 1

  IndexToPointMatrix: 
0.7 0 0
0 -0.7 0
0 0 0.7

  PointToIndexMatrix: 
1.42857 0 0
0 -1.42857 0
0 0 1.42857

  Inverse Direction: 
1 0 0
0 -1 0
0 0 1

  PixelContainer: 
    ImportImageContainer (0x2ce1d50)
      RTTI typeinfo:   itk::ImportImageContainer<unsigned long, double>
      Reference Count: 1
      Modified Time: 1692
      Debug: Off
      Object Name: 
      Observers: 
        none
      Pointer: 0x2b792caef010
      Container manages memory: true
      Size: 22937600
      Capacity: 22937600

     Weighting = 1
     Sampling strategy = regular
     Number of bins = 32
     Radius = 4
     Sampling percentage  = 0.25
   Transform = Rigid
     Gradient step = 0.1
     Update field sigma (voxel space) = 0
     Total field sigma (voxel space) = 0
     Update field time sigma = 0
     Total field time sigma  = 0
     Number of time indices = 0
     Number of time point samples = 0
Stage 2 State
   Image metric = Mattes
     Fixed image = Image (0x2cdcc10)
  RTTI typeinfo:   itk::Image<double, 3u>
  Reference Count: 2
  Modified Time: 2129
  Debug: Off
  Object Name: 
  Observers: 
    none
  Source: (none)
  Source output name: (none)
  Release Data: Off
  Data Released: False
  Global Release Data: Off
  PipelineMTime: 0
  UpdateMTime: 1912
  RealTimeStamp: 0 seconds 
  LargestPossibleRegion: 
    Dimension: 3
    Index: [0, 0, 0]
    Size: [384, 301, 288]
  BufferedRegion: 
    Dimension: 3
    Index: [0, 0, 0]
    Size: [384, 301, 288]
  RequestedRegion: 
    Dimension: 3
    Index: [0, 0, 0]
    Size: [384, 301, 288]
  Spacing: [0.598958, 0.598958, 0.599937]
  Origin: [83.4012, -147.626, 85.1783]
  Direction: 
-0 0 -1
1 -0 0
0 -1 0

  IndexToPointMatrix: 
0 0 -0.599937
0.598958 0 0
0 -0.598958 0

  PointToIndexMatrix: 
0 1.66957 0
0 0 -1.66957
-1.66684 0 0

  Inverse Direction: 
0 1 0
0 0 -1
-1 0 0

  PixelContainer: 
    ImportImageContainer (0x2cef770)
      RTTI typeinfo:   itk::ImportImageContainer<unsigned long, double>
      Reference Count: 1
      Modified Time: 1909
      Debug: Off
      Object Name: 
      Observers: 
        none
      Pointer: 0x2b79379f0010
      Container manages memory: true
      Size: 33288192
      Capacity: 33288192

     Moving image = Image (0x2d06e80)
  RTTI typeinfo:   itk::Image<double, 3u>
  Reference Count: 2
  Modified Time: 2130
  Debug: Off
  Object Name: 
  Observers: 
    none
  Source: (none)
  Source output name: (none)
  Release Data: Off
  Data Released: False
  Global Release Data: Off
  PipelineMTime: 0
  UpdateMTime: 2127
  RealTimeStamp: 0 seconds 
  LargestPossibleRegion: 
    Dimension: 3
    Index: [0, 0, 0]
    Size: [224, 320, 320]
  BufferedRegion: 
    Dimension: 3
    Index: [0, 0, 0]
    Size: [224, 320, 320]
  RequestedRegion: 
    Dimension: 3
    Index: [0, 0, 0]
    Size: [224, 320, 320]
  Spacing: [0.7, 0.7, 0.7]
  Origin: [-81.0504, 79.0676, -87.8451]
  Direction: 
1 0 0
0 -1 0
0 0 1

  IndexToPointMatrix: 
0.7 0 0
0 -0.7 0
0 0 0.7

  PointToIndexMatrix: 
1.42857 0 0
0 -1.42857 0
0 0 1.42857

  Inverse Direction: 
1 0 0
0 -1 0
0 0 1

  PixelContainer: 
    ImportImageContainer (0x2d07140)
      RTTI typeinfo:   itk::ImportImageContainer<unsigned long, double>
      Reference Count: 1
      Modified Time: 2124
      Debug: Off
      Object Name: 
      Observers: 
        none
      Pointer: 0x2b79477e9010
      Container manages memory: true
      Size: 22937600
      Capacity: 22937600

     Weighting = 1
     Sampling strategy = regular
     Number of bins = 32
     Radius = 4
     Sampling percentage  = 0.25
   Transform = Affine
     Gradient step = 0.1
     Update field sigma (voxel space) = 0
     Total field sigma (voxel space) = 0
     Update field time sigma = 0
     Total field time sigma  = 0
     Number of time indices = 0
     Number of time point samples = 0
Registration using 2 total stages.

Stage 0
  iterations = 1000x500x250x100
  convergence threshold = 1e-06
  convergence window size = 10
  number of levels = 4
  using the Mattes MI metric (number of bins = 32, weight = 1)
  preprocessing:  winsorizing the image intensities
  preprocessing:  histogram matching the images
  Shrink factors (level 1 out of 4): [8, 8, 8]
  Shrink factors (level 2 out of 4): [4, 4, 4]
  Shrink factors (level 3 out of 4): [2, 2, 2]
  Shrink factors (level 4 out of 4): [1, 1, 1]
  smoothing sigmas per level: [3, 2, 1, 0]
  regular sampling (percentage = 0.25)

*** Running Euler3DTransform registration ***

DIAGNOSTIC,Iteration,metricValue,convergenceValue,ITERATION_TIME_INDEX,SINCE_LAST
 2DIAGNOSTIC,     1, -2.796094632209e-01, 1.797693134862e+308, 2.1231e+00, 2.1231e+00, 
 2DIAGNOSTIC,     2, -2.810616232241e-01, 1.797693134862e+308, 2.1473e+00, 2.4253e-02, 
 2DIAGNOSTIC,     3, -2.834060582285e-01, 1.797693134862e+308, 2.1714e+00, 2.4097e-02, 
 2DIAGNOSTIC,     4, -2.879093282727e-01, 1.797693134862e+308, 2.1957e+00, 2.4284e-02, 
 2DIAGNOSTIC,     5, -2.965025077666e-01, 1.797693134862e+308, 2.2201e+00, 2.4449e-02, 
 2DIAGNOSTIC,     6, -3.117892414885e-01, 1.797693134862e+308, 2.2446e+00, 2.4472e-02, 
 2DIAGNOSTIC,     7, -3.432197095334e-01, 1.797693134862e+308, 2.2693e+00, 2.4693e-02, 
 2DIAGNOSTIC,     8, -3.998492443199e-01, 1.797693134862e+308, 2.3012e+00, 3.1919e-02, 
 2DIAGNOSTIC,     9, -4.296964493754e-01, 1.797693134862e+308, 2.3293e+00, 2.8024e-02, 
 2DIAGNOSTIC,    10, -4.343192376539e-01, 3.351232394124e-02, 2.3538e+00, 2.4583e-02, 
 2DIAGNOSTIC,    11, -4.386280796497e-01, 3.321319311743e-02, 2.3783e+00, 2.4461e-02, 
 2DIAGNOSTIC,    12, -4.432130057301e-01, 3.042101995635e-02, 2.4131e+00, 3.4779e-02, 
 2DIAGNOSTIC,    13, -4.455174062054e-01, 2.567683998351e-02, 2.4410e+00, 2.7951e-02, 
 2DIAGNOSTIC,    14, -4.474682637816e-01, 1.980375781997e-02, 2.4690e+00, 2.8017e-02, 
 2DIAGNOSTIC,    15, -4.513080676302e-01, 1.375402738017e-02, 2.4939e+00, 2.4808e-02, 
 2DIAGNOSTIC,    16, -4.593481755734e-01, 8.460693859523e-03, 2.5294e+00, 3.5513e-02, 
 2DIAGNOSTIC,    17, -4.640768908187e-01, 4.663971941611e-03, 2.5540e+00, 2.4641e-02, 
 2DIAGNOSTIC,    18, -4.653508178939e-01, 3.280030742933e-03, 2.5822e+00, 2.8192e-02, 
 2DIAGNOSTIC,    19, -4.657438316705e-01, 2.929346018384e-03, 2.6242e+00, 4.2043e-02, 
 2DIAGNOSTIC,    20, -4.656230410755e-01, 2.510858654937e-03, 2.6490e+00, 2.4716e-02, 
 2DIAGNOSTIC,    21, -4.667277273169e-01, 2.083858686595e-03, 2.6736e+00, 2.4627e-02, 
 2DIAGNOSTIC,    22, -4.675096408936e-01, 1.677863970535e-03, 2.6984e+00, 2.4803e-02, 
 2DIAGNOSTIC,    23, -4.678328973930e-01, 1.239428011398e-03, 2.7230e+00, 2.4591e-02, 
 2DIAGNOSTIC,    24, -4.683859077937e-01, 8.026430565259e-04, 2.7478e+00, 2.4785e-02, 
 2DIAGNOSTIC,    25, -4.687400854904e-01, 4.432228160842e-04, 2.7795e+00, 3.1689e-02, 
 2DIAGNOSTIC,    26, -4.692003969287e-01, 2.961722758356e-04, 2.8042e+00, 2.4750e-02, 
 2DIAGNOSTIC,    27, -4.699946198801e-01, 2.730133606317e-04, 2.8327e+00, 2.8478e-02, 
 2DIAGNOSTIC,    28, -4.716884161374e-01, 2.982224471543e-04, 2.8647e+00, 3.2065e-02, 
 2DIAGNOSTIC,    29, -4.721830112814e-01, 3.140416245175e-04, 2.8999e+00, 3.5141e-02, 
 2DIAGNOSTIC,    30, -4.721966121563e-01, 2.966333845094e-04, 2.9281e+00, 2.8226e-02, 
 2DIAGNOSTIC,    31, -4.721837210435e-01, 2.766413920342e-04, 2.9529e+00, 2.4778e-02, 
 2DIAGNOSTIC,    32, -4.721555222362e-01, 2.476631276334e-04, 2.9879e+00, 3.5040e-02, 
 2DIAGNOSTIC,    33, -4.721595044477e-01, 2.032329557209e-04, 3.0160e+00, 2.8113e-02, 
 2DIAGNOSTIC,    34, -4.721410867036e-01, 1.529280026446e-04, 3.0443e+00, 2.8252e-02, 
 2DIAGNOSTIC,    35, -4.721227325749e-01, 9.821731241419e-05, 3.0689e+00, 2.4649e-02, 
 2DIAGNOSTIC,    36, -4.721062467036e-01, 4.593577638289e-05, 3.0938e+00, 2.4813e-02, 
 2DIAGNOSTIC,    37, -4.721142003392e-01, 6.088140084570e-06, 3.1220e+00, 2.8217e-02, 
DIAGNOSTIC,Iteration,metricValue,convergenceValue,ITERATION_TIME_INDEX,SINCE_LAST
 2DIAGNOSTIC,     1, -4.042365278724e-01, 1.797693134862e+308, 5.4955e+00, 2.3735e+00, 
 2DIAGNOSTIC,     2, -4.045925377351e-01, 1.797693134862e+308, 5.6776e+00, 1.8210e-01, 
 2DIAGNOSTIC,     3, -4.051669929632e-01, 1.797693134862e+308, 5.8571e+00, 1.7951e-01, 
 2DIAGNOSTIC,     4, -4.059935035191e-01, 1.797693134862e+308, 6.0371e+00, 1.8002e-01, 
 2DIAGNOSTIC,     5, -4.070308867594e-01, 1.797693134862e+308, 6.2180e+00, 1.8090e-01, 
 2DIAGNOSTIC,     6, -4.081371033156e-01, 1.797693134862e+308, 6.4254e+00, 2.0743e-01, 
 2DIAGNOSTIC,     7, -4.087639561120e-01, 1.797693134862e+308, 6.7239e+00, 2.9843e-01, 
 2DIAGNOSTIC,     8, -4.089124494724e-01, 1.797693134862e+308, 6.9318e+00, 2.0798e-01, 
 2DIAGNOSTIC,     9, -4.089785165100e-01, 1.797693134862e+308, 7.1391e+00, 2.0731e-01, 
 2DIAGNOSTIC,    10, -4.089805395472e-01, 8.885680425597e-04, 7.3465e+00, 2.0737e-01, 
 2DIAGNOSTIC,    11, -4.089768986149e-01, 6.876815089792e-04, 7.6615e+00, 3.1499e-01, 
 2DIAGNOSTIC,    12, -4.089784215834e-01, 4.795994683308e-04, 7.8423e+00, 1.8076e-01, 
 2DIAGNOSTIC,    13, -4.089761866331e-01, 2.913831158868e-04, 8.0787e+00, 2.3648e-01, 
 2DIAGNOSTIC,    14, -4.089752808634e-01, 1.446348622856e-04, 8.2870e+00, 2.0827e-01, 
 2DIAGNOSTIC,    15, -4.089698195979e-01, 5.145439455349e-05, 8.4693e+00, 1.8226e-01, 
 2DIAGNOSTIC,    16, -4.089524916977e-01, 1.221289747709e-05, 8.6500e+00, 1.8075e-01, 
 2DIAGNOSTIC,    17, -4.089574344201e-01, 2.433709601180e-06, 8.8584e+00, 2.0838e-01, 
DIAGNOSTIC,Iteration,metricValue,convergenceValue,ITERATION_TIME_INDEX,SINCE_LAST
 2DIAGNOSTIC,     1, -3.549410479919e-01, 1.797693134862e+308, 1.2821e+01, 3.9627e+00, 
 2DIAGNOSTIC,     2, -3.551881123225e-01, 1.797693134862e+308, 1.4200e+01, 1.3786e+00, 
 2DIAGNOSTIC,     3, -3.553653061555e-01, 1.797693134862e+308, 1.5584e+01, 1.3846e+00, 
 2DIAGNOSTIC,     4, -3.554492378556e-01, 1.797693134862e+308, 1.6991e+01, 1.4065e+00, 
 2DIAGNOSTIC,     5, -3.555068855304e-01, 1.797693134862e+308, 1.8367e+01, 1.3760e+00, 
 2DIAGNOSTIC,     6, -3.555838922035e-01, 1.797693134862e+308, 1.9946e+01, 1.5794e+00, 
 2DIAGNOSTIC,     7, -3.557030474467e-01, 1.797693134862e+308, 2.1882e+01, 1.9359e+00, 
 2DIAGNOSTIC,     8, -3.557123350647e-01, 1.797693134862e+308, 2.3257e+01, 1.3745e+00, 
 2DIAGNOSTIC,     9, -3.557200424574e-01, 1.797693134862e+308, 2.4646e+01, 1.3892e+00, 
 2DIAGNOSTIC,    10, -3.557285401688e-01, 1.332619082053e-04, 2.5992e+01, 1.3462e+00, 
 2DIAGNOSTIC,    11, -3.557565949396e-01, 8.948882023622e-05, 2.7962e+01, 1.9701e+00, 
 2DIAGNOSTIC,    12, -3.557691195303e-01, 6.214206827697e-05, 2.9295e+01, 1.3334e+00, 
 2DIAGNOSTIC,    13, -3.557778104527e-01, 4.500383418309e-05, 3.0840e+01, 1.5448e+00, 
 2DIAGNOSTIC,    14, -3.557781603841e-01, 3.134107959502e-05, 3.2378e+01, 1.5381e+00, 
 2DIAGNOSTIC,    15, -3.557834692615e-01, 2.017009304012e-05, 3.3712e+01, 1.3338e+00, 
 2DIAGNOSTIC,    16, -3.557859453011e-01, 1.252488785496e-05, 3.5296e+01, 1.5841e+00, 
 2DIAGNOSTIC,    17, -3.557869343890e-01, 1.043990818021e-05, 3.6883e+01, 1.5865e+00, 
 2DIAGNOSTIC,    18, -3.557978042141e-01, 8.700484212920e-06, 3.8837e+01, 1.9544e+00, 
 2DIAGNOSTIC,    19, -3.557940219507e-01, 6.666195688038e-06, 4.0571e+01, 1.7337e+00, 
 2DIAGNOSTIC,    20, -3.557942703090e-01, 4.706848410876e-06, 4.3151e+01, 2.5800e+00, 
 2DIAGNOSTIC,    21, -3.557942109084e-01, 3.702077900312e-06, 4.8042e+01, 4.8910e+00, 
 2DIAGNOSTIC,    22, -3.557942109083e-01, 3.029210142218e-06, 5.1620e+01, 3.5786e+00, 
 2DIAGNOSTIC,    23, -3.557942109083e-01, 2.566144852299e-06, 5.3168e+01, 1.5481e+00, 
 2DIAGNOSTIC,    24, -3.557942109083e-01, 2.039642832699e-06, 5.4733e+01, 1.5647e+00, 
 2DIAGNOSTIC,    25, -3.557942109083e-01, 1.662052206419e-06, 5.6308e+01, 1.5752e+00, 
 2DIAGNOSTIC,    26, -3.557942109083e-01, 1.354272352296e-06, 5.7888e+01, 1.5797e+00, 
 2DIAGNOSTIC,    27, -3.557942109083e-01, 1.075838960855e-06, 5.9458e+01, 1.5697e+00, 
 2DIAGNOSTIC,    28, -3.557942109083e-01, 1.140341041803e-06, 6.1006e+01, 1.5484e+00, 
 2DIAGNOSTIC,    29, -3.557942109083e-01, 1.095593408738e-06, 6.2594e+01, 1.5876e+00, 
 2DIAGNOSTIC,    30, -3.557942109083e-01, 1.060644929711e-06, 6.4165e+01, 1.5715e+00, 
 2DIAGNOSTIC,    31, -3.557942109083e-01, 1.026420769115e-06, 6.5933e+01, 1.7678e+00, 
DIAGNOSTIC,Iteration,metricValue,convergenceValue,ITERATION_TIME_INDEX,SINCE_LAST
 2DIAGNOSTIC,     1, -3.058823125827e-01, 1.797693134862e+308, 7.8639e+01, 1.2706e+01, 
 2DIAGNOSTIC,     2, -3.059701629621e-01, 1.797693134862e+308, 8.7861e+01, 9.2212e+00, 
 2DIAGNOSTIC,     3, -3.060008578352e-01, 1.797693134862e+308, 9.7051e+01, 9.1905e+00, 
 2DIAGNOSTIC,     4, -3.060233585232e-01, 1.797693134862e+308, 1.0767e+02, 1.0622e+01, 
 2DIAGNOSTIC,     5, -3.060677900036e-01, 1.797693134862e+308, 1.2098e+02, 1.3306e+01, 
 2DIAGNOSTIC,     6, -3.061080648047e-01, 1.797693134862e+308, 1.3153e+02, 1.0546e+01, 
 2DIAGNOSTIC,     7, -3.061088662647e-01, 1.797693134862e+308, 1.4204e+02, 1.0511e+01, 
 2DIAGNOSTIC,     8, -3.061134111428e-01, 1.797693134862e+308, 1.5112e+02, 9.0811e+00, 
 2DIAGNOSTIC,     9, -3.061206287271e-01, 1.797693134862e+308, 1.6039e+02, 9.2709e+00, 
 2DIAGNOSTIC,    10, -3.061305649425e-01, 5.010467632557e-05, 1.7084e+02, 1.0450e+01, 
 2DIAGNOSTIC,    11, -3.061379213534e-01, 3.419435149622e-05, 1.8277e+02, 1.1927e+01, 
 2DIAGNOSTIC,    12, -3.061375002515e-01, 2.489221537877e-05, 1.9465e+02, 1.1883e+01, 
 2DIAGNOSTIC,    13, -3.061374410732e-01, 1.725186296019e-05, 2.0527e+02, 1.0620e+01, 
 2DIAGNOSTIC,    14, -3.061374469685e-01, 1.079592235721e-05, 2.1718e+02, 1.1914e+01, 
 2DIAGNOSTIC,    15, -3.061373147793e-01, 7.084511592606e-06, 2.2772e+02, 1.0535e+01, 
 2DIAGNOSTIC,    16, -3.061373208101e-01, 5.719163249762e-06, 2.3853e+02, 1.0814e+01, 
 2DIAGNOSTIC,    17, -3.061372876720e-01, 4.218269532633e-06, 2.5970e+02, 2.1167e+01, 
 2DIAGNOSTIC,    18, -3.061373114421e-01, 2.904806285557e-06, 2.9297e+02, 3.3273e+01, 
 2DIAGNOSTIC,    19, -3.061373114420e-01, 1.967002833343e-06, 3.1573e+02, 2.2761e+01, 
 2DIAGNOSTIC,    20, -3.061373114420e-01, 1.547112502290e-06, 3.2637e+02, 1.0636e+01, 
 2DIAGNOSTIC,    21, -3.061373114420e-01, 1.497083594121e-06, 3.3823e+02, 1.1860e+01, 
 2DIAGNOSTIC,    22, -3.061373114420e-01, 1.435502415097e-06, 3.5149e+02, 1.3256e+01, 
 2DIAGNOSTIC,    23, -3.061373114420e-01, 1.377799777894e-06, 3.6191e+02, 1.0422e+01, 
 2DIAGNOSTIC,    24, -3.061373114420e-01, 1.325766240429e-06, 3.7497e+02, 1.3058e+01, 
 2DIAGNOSTIC,    25, -3.061373114420e-01, 1.272960795121e-06, 3.8555e+02, 1.0587e+01, 
 2DIAGNOSTIC,    26, -3.061373114420e-01, 1.224437471976e-06, 3.9469e+02, 9.1425e+00, 
 2DIAGNOSTIC,    27, -3.061373114420e-01, 1.178265893839e-06, 4.0529e+02, 1.0590e+01, 
 2DIAGNOSTIC,    28, -3.061373114420e-01, 1.136180817089e-06, 4.1444e+02, 9.1581e+00, 
 2DIAGNOSTIC,    29, -3.061373114420e-01, 1.096998434286e-06, 4.2353e+02, 9.0873e+00, 
 2DIAGNOSTIC,    30, -3.061373114420e-01, 1.060428451001e-06, 4.3657e+02, 1.3041e+01, 
 2DIAGNOSTIC,    31, -3.061373114420e-01, 1.026218031851e-06, 4.4711e+02, 1.0543e+01, 
  Elapsed time (stage 0): 4.5394e+02


Stage 1
  iterations = 1000x500x250x100
  convergence threshold = 1.0000e-06
  convergence window size = 10
  number of levels = 4
  using the Mattes MI metric (number of bins = 32, weight = 1.0000e+00)
  preprocessing:  winsorizing the image intensities
  preprocessing:  histogram matching the images
  Shrink factors (level 1 out of 4): [8, 8, 8]
  Shrink factors (level 2 out of 4): [4, 4, 4]
  Shrink factors (level 3 out of 4): [2, 2, 2]
  Shrink factors (level 4 out of 4): [1, 1, 1]
  smoothing sigmas per level: [3, 2, 1, 0]
  regular sampling (percentage = 2.5000e-01)

*** Running AffineTransform registration ***

DIAGNOSTIC,Iteration,metricValue,convergenceValue,ITERATION_TIME_INDEX,SINCE_LAST
 2DIAGNOSTIC,     1, -4.738121473222e-01, 1.797693134862e+308, 2.1347e+00, 2.1347e+00, 
 2DIAGNOSTIC,     2, -4.757388941611e-01, 1.797693134862e+308, 2.1617e+00, 2.6962e-02, 
 2DIAGNOSTIC,     3, -4.790613096679e-01, 1.797693134862e+308, 2.1888e+00, 2.7150e-02, 
 2DIAGNOSTIC,     4, -4.854012858394e-01, 1.797693134862e+308, 2.2161e+00, 2.7211e-02, 
 2DIAGNOSTIC,     5, -4.943738659187e-01, 1.797693134862e+308, 2.2433e+00, 2.7285e-02, 
 2DIAGNOSTIC,     6, -5.080002851990e-01, 1.797693134862e+308, 2.2706e+00, 2.7252e-02, 
 2DIAGNOSTIC,     7, -5.281442823112e-01, 1.797693134862e+308, 2.2984e+00, 2.7848e-02, 
 2DIAGNOSTIC,     8, -5.527594141705e-01, 1.797693134862e+308, 2.3264e+00, 2.7940e-02, 
 2DIAGNOSTIC,     9, -5.691650235080e-01, 1.797693134862e+308, 2.3768e+00, 5.0376e-02, 
 2DIAGNOSTIC,    10, -5.698512732975e-01, 1.392551700716e-02, 2.4050e+00, 2.8234e-02, 
 2DIAGNOSTIC,    11, -5.719242003718e-01, 1.319207515248e-02, 2.4333e+00, 2.8314e-02, 
 2DIAGNOSTIC,    12, -5.737583276650e-01, 1.158011528227e-02, 2.4615e+00, 2.8210e-02, 
 2DIAGNOSTIC,    13, -5.744290474775e-01, 9.347506490789e-03, 2.4898e+00, 2.8254e-02, 
 2DIAGNOSTIC,    14, -5.749243805547e-01, 6.873830733896e-03, 2.5256e+00, 3.5861e-02, 
 2DIAGNOSTIC,    15, -5.753005844802e-01, 4.470186470069e-03, 2.5571e+00, 3.1432e-02, 
 2DIAGNOSTIC,    16, -5.755270731770e-01, 2.438067511804e-03, 2.5884e+00, 3.1371e-02, 
 2DIAGNOSTIC,    17, -5.757282754079e-01, 1.052953083429e-03, 2.6195e+00, 3.1091e-02, 
 2DIAGNOSTIC,    18, -5.760101843175e-01, 4.489200188358e-04, 2.6586e+00, 3.9111e-02, 
 2DIAGNOSTIC,    19, -5.760529116700e-01, 3.251005406010e-04, 2.6906e+00, 3.1987e-02, 
 2DIAGNOSTIC,    20, -5.762129829599e-01, 2.057419625978e-04, 2.7183e+00, 2.7717e-02, 
 2DIAGNOSTIC,    21, -5.763400981896e-01, 1.329367177320e-04, 2.7496e+00, 3.1235e-02, 
 2DIAGNOSTIC,    22, -5.763842967038e-01, 9.889578108687e-05, 2.7814e+00, 3.1836e-02, 
 2DIAGNOSTIC,    23, -5.764004746202e-01, 7.415349986704e-05, 2.8095e+00, 2.8134e-02, 
 2DIAGNOSTIC,    24, -5.763467783688e-01, 5.417997531697e-05, 2.8489e+00, 3.9400e-02, 
 2DIAGNOSTIC,    25, -5.763621718089e-01, 3.900736269382e-05, 2.8808e+00, 3.1841e-02, 
 2DIAGNOSTIC,    26, -5.763762977023e-01, 2.617701517159e-05, 2.9128e+00, 3.1993e-02, 
 2DIAGNOSTIC,    27, -5.764992468287e-01, 1.803093268275e-05, 2.9446e+00, 3.1860e-02, 
 2DIAGNOSTIC,    28, -5.765054243817e-01, 1.418168741626e-05, 2.9766e+00, 3.1968e-02, 
 2DIAGNOSTIC,    29, -5.764917193573e-01, 9.895601063188e-06, 3.0122e+00, 3.5565e-02, 
 2DIAGNOSTIC,    30, -5.764865140984e-01, 7.714720404506e-06, 3.0404e+00, 2.8272e-02, 
 2DIAGNOSTIC,    31, -5.764941869059e-01, 7.235022700135e-06, 3.0726e+00, 3.2117e-02, 
 2DIAGNOSTIC,    32, -5.765053790839e-01, 7.030480178132e-06, 3.1043e+00, 3.1775e-02, 
 2DIAGNOSTIC,    33, -5.764592037289e-01, 5.823888922743e-06, 3.1362e+00, 3.1886e-02, 
 2DIAGNOSTIC,    34, -5.764618920969e-01, 3.521310055654e-06, 3.1681e+00, 3.1885e-02, 
 2DIAGNOSTIC,    35, -5.764520321543e-01, 1.204914042263e-06, 3.2001e+00, 3.1967e-02, 
DIAGNOSTIC,Iteration,metricValue,convergenceValue,ITERATION_TIME_INDEX,SINCE_LAST
 2DIAGNOSTIC,     1, -4.965289386674e-01, 1.797693134862e+308, 5.6373e+00, 2.4372e+00, 
 2DIAGNOSTIC,     2, -4.971393017977e-01, 1.797693134862e+308, 5.8416e+00, 2.0431e-01, 
 2DIAGNOSTIC,     3, -4.978294240215e-01, 1.797693134862e+308, 6.0831e+00, 2.4154e-01, 
 2DIAGNOSTIC,     4, -4.986569310903e-01, 1.797693134862e+308, 6.2887e+00, 2.0554e-01, 
 2DIAGNOSTIC,     5, -4.994666471849e-01, 1.797693134862e+308, 6.5225e+00, 2.3380e-01, 
 2DIAGNOSTIC,     6, -5.001853078744e-01, 1.797693134862e+308, 6.9511e+00, 4.2860e-01, 
 2DIAGNOSTIC,     7, -5.001974480718e-01, 1.797693134862e+308, 7.1571e+00, 2.0602e-01, 
 2DIAGNOSTIC,     8, -5.002134786869e-01, 1.797693134862e+308, 7.3641e+00, 2.0704e-01, 
 2DIAGNOSTIC,     9, -5.002339461758e-01, 1.797693134862e+308, 7.5852e+00, 2.2110e-01, 
 2DIAGNOSTIC,    10, -5.002682796518e-01, 5.131305160360e-04, 7.8170e+00, 2.3181e-01, 
 2DIAGNOSTIC,    11, -5.002868931034e-01, 3.515489481292e-04, 8.0780e+00, 2.6094e-01, 
 2DIAGNOSTIC,    12, -5.003000643208e-01, 2.153051836380e-04, 8.3408e+00, 2.6286e-01, 
 2DIAGNOSTIC,    13, -5.002860533654e-01, 1.103678946807e-04, 8.5722e+00, 2.3141e-01, 
 2DIAGNOSTIC,    14, -5.002968810074e-01, 4.415381404145e-05, 8.7765e+00, 2.0426e-01, 
 2DIAGNOSTIC,    15, -5.003153318235e-01, 1.357185843941e-05, 9.0097e+00, 2.3323e-01, 
 2DIAGNOSTIC,    16, -5.003378279079e-01, 1.209071527523e-05, 9.2156e+00, 2.0592e-01, 
 2DIAGNOSTIC,    17, -5.003383937735e-01, 1.027502479913e-05, 9.4496e+00, 2.3395e-01, 
 2DIAGNOSTIC,    18, -5.003314440245e-01, 8.198623052721e-06, 9.6845e+00, 2.3490e-01, 
 2DIAGNOSTIC,    19, -5.003266291658e-01, 6.208818274143e-06, 9.9745e+00, 2.9000e-01, 
 2DIAGNOSTIC,    20, -5.003332498132e-01, 5.133984923057e-06, 1.0291e+01, 3.1672e-01, 
 2DIAGNOSTIC,    21, -5.003319611227e-01, 4.268950541945e-06, 1.0525e+01, 2.3391e-01, 
 2DIAGNOSTIC,    22, -5.003306050238e-01, 3.551872230896e-06, 1.0732e+01, 2.0658e-01, 
 2DIAGNOSTIC,    23, -5.003293522547e-01, 2.336383186780e-06, 1.0938e+01, 2.0580e-01, 
 2DIAGNOSTIC,    24, -5.003281316709e-01, 1.356725992073e-06, 1.1171e+01, 2.3373e-01, 
DIAGNOSTIC,Iteration,metricValue,convergenceValue,ITERATION_TIME_INDEX,SINCE_LAST
 2DIAGNOSTIC,     1, -4.303022548045e-01, 1.797693134862e+308, 1.5289e+01, 4.1175e+00, 
 2DIAGNOSTIC,     2, -4.304759003098e-01, 1.797693134862e+308, 1.6932e+01, 1.6435e+00, 
 2DIAGNOSTIC,     3, -4.306927509214e-01, 1.797693134862e+308, 1.8512e+01, 1.5800e+00, 
 2DIAGNOSTIC,     4, -4.309034511529e-01, 1.797693134862e+308, 2.0259e+01, 1.7470e+00, 
 2DIAGNOSTIC,     5, -4.310526998884e-01, 1.797693134862e+308, 2.2270e+01, 2.0109e+00, 
 2DIAGNOSTIC,     6, -4.311119334197e-01, 1.797693134862e+308, 2.3863e+01, 1.5924e+00, 
 2DIAGNOSTIC,     7, -4.311397328881e-01, 1.797693134862e+308, 2.5891e+01, 2.0283e+00, 
 2DIAGNOSTIC,     8, -4.311435807115e-01, 1.797693134862e+308, 2.7848e+01, 1.9575e+00, 
 2DIAGNOSTIC,     9, -4.311475296691e-01, 1.797693134862e+308, 3.0106e+01, 2.2578e+00, 
 2DIAGNOSTIC,    10, -4.311474418635e-01, 1.264229365667e-04, 3.2540e+01, 2.4339e+00, 
 2DIAGNOSTIC,    11, -4.311475668498e-01, 8.007333606690e-05, 3.4355e+01, 1.8146e+00, 
 2DIAGNOSTIC,    12, -4.311471442828e-01, 4.394829109557e-05, 3.6152e+01, 1.7974e+00, 
 2DIAGNOSTIC,    13, -4.311469716793e-01, 2.047154548016e-05, 3.7716e+01, 1.5637e+00, 
 2DIAGNOSTIC,    14, -4.311473422913e-01, 8.504819770300e-06, 3.9312e+01, 1.5959e+00, 
 2DIAGNOSTIC,    15, -4.311460917216e-01, 4.013027582905e-06, 4.1110e+01, 1.7987e+00, 
 2DIAGNOSTIC,    16, -4.311457967989e-01, 2.311768854554e-06, 4.2901e+01, 1.7901e+00, 
 2DIAGNOSTIC,    17, -4.311451914013e-01, 1.833585034257e-06, 4.4689e+01, 1.7885e+00, 
 2DIAGNOSTIC,    18, -4.311451660386e-01, 1.547862799732e-06, 4.6323e+01, 1.6335e+00, 
 2DIAGNOSTIC,    19, -4.311455756748e-01, 1.463338282437e-06, 4.8128e+01, 1.8052e+00, 
 2DIAGNOSTIC,    20, -4.311458737195e-01, 1.413423555266e-06, 4.9872e+01, 1.7442e+00, 
 2DIAGNOSTIC,    21, -4.311456654887e-01, 1.382940646305e-06, 5.1692e+01, 1.8198e+00, 
 2DIAGNOSTIC,    22, -4.311455689241e-01, 1.352514058091e-06, 5.3439e+01, 1.7477e+00, 
 2DIAGNOSTIC,    23, -4.311454823085e-01, 1.325378831053e-06, 5.5230e+01, 1.7907e+00, 
 2DIAGNOSTIC,    24, -4.311454952244e-01, 1.316818760561e-06, 5.7016e+01, 1.7860e+00, 
 2DIAGNOSTIC,    25, -4.311453685140e-01, 1.273243390276e-06, 5.8550e+01, 1.5336e+00, 
 2DIAGNOSTIC,    26, -4.311453000696e-01, 1.224484228381e-06, 6.0131e+01, 1.5810e+00, 
 2DIAGNOSTIC,    27, -4.311459604782e-01, 1.180947114078e-06, 6.1716e+01, 1.5857e+00, 
 2DIAGNOSTIC,    28, -4.311464441323e-01, 1.150326470828e-06, 6.3260e+01, 1.5438e+00, 
 2DIAGNOSTIC,    29, -4.311474745458e-01, 1.152798114162e-06, 6.4855e+01, 1.5951e+00, 
 2DIAGNOSTIC,    30, -4.311485837612e-01, 1.180608254277e-06, 6.6415e+01, 1.5594e+00, 
 2DIAGNOSTIC,    31, -4.311513917505e-01, 1.250326134558e-06, 6.7984e+01, 1.5693e+00, 
 2DIAGNOSTIC,    32, -4.311533984159e-01, 1.332528425095e-06, 6.9579e+01, 1.5945e+00, 
 2DIAGNOSTIC,    33, -4.311563133770e-01, 1.433705522601e-06, 7.1314e+01, 1.7360e+00, 
 2DIAGNOSTIC,    34, -4.311565967305e-01, 1.489642196643e-06, 7.3262e+01, 1.9472e+00, 
 2DIAGNOSTIC,    35, -4.311565054376e-01, 1.486480548516e-06, 7.4993e+01, 1.7314e+00, 
 2DIAGNOSTIC,    36, -4.311562407303e-01, 1.422443875389e-06, 7.6748e+01, 1.7545e+00, 
 2DIAGNOSTIC,    37, -4.311564787282e-01, 1.326117611573e-06, 7.8358e+01, 1.6105e+00, 
 2DIAGNOSTIC,    38, -4.311575327760e-01, 1.216446552599e-06, 7.9928e+01, 1.5695e+00, 
 2DIAGNOSTIC,    39, -4.311589251778e-01, 1.117009240222e-06, 8.1463e+01, 1.5351e+00, 
 2DIAGNOSTIC,    40, -4.311599577731e-01, 1.028612536702e-06, 8.3051e+01, 1.5885e+00, 
 2DIAGNOSTIC,    41, -4.311627203587e-01, 1.011691776864e-06, 8.4618e+01, 1.5664e+00, 
 2DIAGNOSTIC,    42, -4.311660015841e-01, 1.053991002687e-06, 8.8053e+01, 3.4350e+00, 
 2DIAGNOSTIC,    43, -4.311673440685e-01, 1.130025096378e-06, 9.0065e+01, 2.0123e+00, 
 2DIAGNOSTIC,    44, -4.311673011579e-01, 1.169182654533e-06, 9.1864e+01, 1.7991e+00, 
 2DIAGNOSTIC,    45, -4.311669627072e-01, 1.158596200632e-06, 9.3632e+01, 1.7681e+00, 
 2DIAGNOSTIC,    46, -4.311666331575e-01, 1.096695015464e-06, 9.5582e+01, 1.9502e+00, 
 2DIAGNOSTIC,    47, -4.311666321403e-01, 1.001093853422e-06, 1.0092e+02, 5.3392e+00, 
DIAGNOSTIC,Iteration,metricValue,convergenceValue,ITERATION_TIME_INDEX,SINCE_LAST
 2DIAGNOSTIC,     1, -3.756499700001e-01, 1.797693134862e+308, 1.1520e+02, 1.4283e+01, 
 2DIAGNOSTIC,     2, -3.760757938133e-01, 1.797693134862e+308, 1.2591e+02, 1.0705e+01, 
 2DIAGNOSTIC,     3, -3.764154511184e-01, 1.797693134862e+308, 1.3661e+02, 1.0698e+01, 
 2DIAGNOSTIC,     4, -3.766782419967e-01, 1.797693134862e+308, 1.4737e+02, 1.0763e+01, 
 2DIAGNOSTIC,     5, -3.769076427405e-01, 1.797693134862e+308, 1.6231e+02, 1.4936e+01, 
 2DIAGNOSTIC,     6, -3.769657892685e-01, 1.797693134862e+308, 1.7444e+02, 1.2138e+01, 
 2DIAGNOSTIC,     7, -3.769968407333e-01, 1.797693134862e+308, 1.8511e+02, 1.0664e+01, 
 2DIAGNOSTIC,     8, -3.770329815136e-01, 1.797693134862e+308, 1.9573e+02, 1.0627e+01, 
 2DIAGNOSTIC,     9, -3.770686031500e-01, 1.797693134862e+308, 2.1340e+02, 1.7660e+01, 
 2DIAGNOSTIC,    10, -3.770725288855e-01, 2.206134820851e-04, 2.2402e+02, 1.0621e+01, 
 2DIAGNOSTIC,    11, -3.770764548247e-01, 1.340552853047e-04, 2.3608e+02, 1.2068e+01, 
 2DIAGNOSTIC,    12, -3.770774991705e-01, 7.681038542362e-05, 2.4679e+02, 1.0706e+01, 
 2DIAGNOSTIC,    13, -3.770779890041e-01, 4.115407111582e-05, 2.5901e+02, 1.2219e+01, 
 2DIAGNOSTIC,    14, -3.770781001872e-01, 2.091781429651e-05, 2.6964e+02, 1.0632e+01, 
 2DIAGNOSTIC,    15, -3.770784675480e-01, 1.318774931960e-05, 2.8177e+02, 1.2133e+01, 
 2DIAGNOSTIC,    16, -3.770785399333e-01, 8.156093804765e-06, 2.9244e+02, 1.0667e+01, 
 2DIAGNOSTIC,    17, -3.770788088141e-01, 4.513126039406e-06, 3.0730e+02, 1.4856e+01, 
 2DIAGNOSTIC,    18, -3.770789961599e-01, 2.514567191018e-06, 3.1931e+02, 1.2017e+01, 
 2DIAGNOSTIC,    19, -3.770786228087e-01, 2.054229831072e-06, 3.3560e+02, 1.6283e+01, 
 2DIAGNOSTIC,    20, -3.770785429118e-01, 1.746656115791e-06, 3.4900e+02, 1.3407e+01, 
 2DIAGNOSTIC,    21, -3.770784910381e-01, 1.592136076853e-06, 3.5965e+02, 1.0649e+01, 
 2DIAGNOSTIC,    22, -3.770784621612e-01, 1.478712069104e-06, 3.7161e+02, 1.1955e+01, 
 2DIAGNOSTIC,    23, -3.770784251584e-01, 1.386948986978e-06, 3.8368e+02, 1.2075e+01, 
 2DIAGNOSTIC,    24, -3.770783719369e-01, 1.304364635080e-06, 3.9435e+02, 1.0667e+01, 
 2DIAGNOSTIC,    25, -3.770783417759e-01, 1.240825153681e-06, 4.0635e+02, 1.2001e+01, 
 2DIAGNOSTIC,    26, -3.770783524392e-01, 1.187294350495e-06, 4.1826e+02, 1.1914e+01, 
 2DIAGNOSTIC,    27, -3.770783353666e-01, 1.147882737432e-06, 4.2889e+02, 1.0630e+01, 
 2DIAGNOSTIC,    28, -3.770783202076e-01, 1.119089338343e-06, 4.4083e+02, 1.1936e+01, 
 2DIAGNOSTIC,    29, -3.770783348055e-01, 1.084669771154e-06, 4.5280e+02, 1.1975e+01, 
 2DIAGNOSTIC,    30, -3.770783084560e-01, 1.051076649446e-06, 4.6494e+02, 1.2132e+01, 
 2DIAGNOSTIC,    31, -3.770783242554e-01, 1.019689647226e-06, 4.7694e+02, 1.2003e+01, 
  Elapsed time (stage 1): 4.8493e+02


Total elapsed time: 9.3888e+02
