This is job 42
Time: Thu 16 Sep 12:56:47 BST 2021
Running on master node: cpu-p-212
Current directory: /rds/user/ccn30/hpc-work/WBIC_lustre/ENCRYPT/scripts/Registration/slurmoutputs
Changed directory to /home/ccn30/rds/hpc-work/WBIC_lustre/ENCRYPT/scripts/Registration/slurmoutputs.

JobID: 46502816
======
Time: Thu 16 Sep 12:56:47 BST 2021
Running on master node: cpu-p-212
Current directory: /home/ccn30/rds/hpc-work/WBIC_lustre/ENCRYPT/scripts/Registration/slurmoutputs

Nodes allocated:
================
cpu-p-212

numtasks=, numnodes=, mpi_tasks_per_node= (OMP_NUM_THREADS=1)

Executing command:
==================
/home/ccn30/rds/hpc-work/WBIC_lustre/ENCRYPT/scripts/Registration/coreg_main.sh /home/ccn30/rds/hpc-work/WBIC_lustre/ENCRYPT/ENCRYPT_MasterRIScodes.txt 42 /home/ccn30/rds/rds-p00500_encrypt-URQgmO1brZ0/p00500 /home/ccn30/rds/hpc-work/WBIC_home/ENCRYPT/atlases/magdeburgatlas

******** starting 32530 ********
All_Command_lines_OK
Using double precision for computations.
=============================================================================
The composite transform comprises the following transforms (in order): 
  1. Center of mass alignment using fixed image: /home/ccn30/rds/hpc-work/WBIC_home/ENCRYPT/atlases/magdeburgatlas/template/template.nii.gz and moving image: /home/ccn30/rds/rds-p00500_encrypt-URQgmO1brZ0/p00500/ENCRYPT_images/32530/mp2rage/denoise_n4mag0000_PSIR_skulled_std.nii (type = Euler3DTransform)
=============================================================================
  number of levels = 4
  number of levels = 4
  fixed image: /home/ccn30/rds/hpc-work/WBIC_home/ENCRYPT/atlases/magdeburgatlas/template/template.nii.gz
  moving image: /home/ccn30/rds/rds-p00500_encrypt-URQgmO1brZ0/p00500/ENCRYPT_images/32530/mp2rage/denoise_n4mag0000_PSIR_skulled_std.nii
  fixed image: /home/ccn30/rds/hpc-work/WBIC_home/ENCRYPT/atlases/magdeburgatlas/template/template.nii.gz
  moving image: /home/ccn30/rds/rds-p00500_encrypt-URQgmO1brZ0/p00500/ENCRYPT_images/32530/mp2rage/denoise_n4mag0000_PSIR_skulled_std.nii
Dimension = 3
Number of stages = 2
Use Histogram Matching true
Winsorize image intensities true
Lower quantile = 0.005
Upper quantile = 0.995
Stage 1 State
   Image metric = Mattes
     Fixed image = Image (0x2eb2200)
  RTTI typeinfo:   itk::Image<double, 3u>
  Reference Count: 2
  Modified Time: 1698
  Debug: Off
  Object Name: 
  Observers: 
    none
  Source: (none)
  Source output name: (none)
  Release Data: Off
  Data Released: False
  Global Release Data: Off
  PipelineMTime: 0
  UpdateMTime: 1481
  RealTimeStamp: 0 seconds 
  LargestPossibleRegion: 
    Dimension: 3
    Index: [0, 0, 0]
    Size: [384, 301, 288]
  BufferedRegion: 
    Dimension: 3
    Index: [0, 0, 0]
    Size: [384, 301, 288]
  RequestedRegion: 
    Dimension: 3
    Index: [0, 0, 0]
    Size: [384, 301, 288]
  Spacing: [0.598958, 0.598958, 0.599937]
  Origin: [83.4012, -147.626, 85.1783]
  Direction: 
-0 0 -1
1 -0 0
0 -1 0

  IndexToPointMatrix: 
0 0 -0.599937
0.598958 0 0
0 -0.598958 0

  PointToIndexMatrix: 
0 1.66957 0
0 0 -1.66957
-1.66684 0 0

  Inverse Direction: 
0 1 0
0 0 -1
-1 0 0

  PixelContainer: 
    ImportImageContainer (0x2ea2dc0)
      RTTI typeinfo:   itk::ImportImageContainer<unsigned long, double>
      Reference Count: 1
      Modified Time: 1478
      Debug: Off
      Object Name: 
      Observers: 
        none
      Pointer: 0x2ad4f60d9010
      Container manages memory: true
      Size: 33288192
      Capacity: 33288192

     Moving image = Image (0x2eb63f0)
  RTTI typeinfo:   itk::Image<double, 3u>
  Reference Count: 2
  Modified Time: 1699
  Debug: Off
  Object Name: 
  Observers: 
    none
  Source: (none)
  Source output name: (none)
  Release Data: Off
  Data Released: False
  Global Release Data: Off
  PipelineMTime: 0
  UpdateMTime: 1696
  RealTimeStamp: 0 seconds 
  LargestPossibleRegion: 
    Dimension: 3
    Index: [0, 0, 0]
    Size: [224, 320, 320]
  BufferedRegion: 
    Dimension: 3
    Index: [0, 0, 0]
    Size: [224, 320, 320]
  RequestedRegion: 
    Dimension: 3
    Index: [0, 0, 0]
    Size: [224, 320, 320]
  Spacing: [0.7, 0.7, 0.7]
  Origin: [-79.9132, 77.1841, -93.9889]
  Direction: 
1 0 0
0 -1 0
0 0 1

  IndexToPointMatrix: 
0.7 0 0
0 -0.7 0
0 0 0.7

  PointToIndexMatrix: 
1.42857 0 0
0 -1.42857 0
0 0 1.42857

  Inverse Direction: 
1 0 0
0 -1 0
0 0 1

  PixelContainer: 
    ImportImageContainer (0x2eb66b0)
      RTTI typeinfo:   itk::ImportImageContainer<unsigned long, double>
      Reference Count: 1
      Modified Time: 1693
      Debug: Off
      Object Name: 
      Observers: 
        none
      Pointer: 0x2ad505ed2010
      Container manages memory: true
      Size: 22937600
      Capacity: 22937600

     Weighting = 1
     Sampling strategy = regular
     Number of bins = 32
     Radius = 4
     Sampling percentage  = 0.25
   Transform = Rigid
     Gradient step = 0.1
     Update field sigma (voxel space) = 0
     Total field sigma (voxel space) = 0
     Update field time sigma = 0
     Total field time sigma  = 0
     Number of time indices = 0
     Number of time point samples = 0
Stage 2 State
   Image metric = Mattes
     Fixed image = Image (0x2ec5060)
  RTTI typeinfo:   itk::Image<double, 3u>
  Reference Count: 2
  Modified Time: 2130
  Debug: Off
  Object Name: 
  Observers: 
    none
  Source: (none)
  Source output name: (none)
  Release Data: Off
  Data Released: False
  Global Release Data: Off
  PipelineMTime: 0
  UpdateMTime: 1913
  RealTimeStamp: 0 seconds 
  LargestPossibleRegion: 
    Dimension: 3
    Index: [0, 0, 0]
    Size: [384, 301, 288]
  BufferedRegion: 
    Dimension: 3
    Index: [0, 0, 0]
    Size: [384, 301, 288]
  RequestedRegion: 
    Dimension: 3
    Index: [0, 0, 0]
    Size: [384, 301, 288]
  Spacing: [0.598958, 0.598958, 0.599937]
  Origin: [83.4012, -147.626, 85.1783]
  Direction: 
-0 0 -1
1 -0 0
0 -1 0

  IndexToPointMatrix: 
0 0 -0.599937
0.598958 0 0
0 -0.598958 0

  PointToIndexMatrix: 
0 1.66957 0
0 0 -1.66957
-1.66684 0 0

  Inverse Direction: 
0 1 0
0 0 -1
-1 0 0

  PixelContainer: 
    ImportImageContainer (0x2eb9140)
      RTTI typeinfo:   itk::ImportImageContainer<unsigned long, double>
      Reference Count: 1
      Modified Time: 1910
      Debug: Off
      Object Name: 
      Observers: 
        none
      Pointer: 0x2ad510dd3010
      Container manages memory: true
      Size: 33288192
      Capacity: 33288192

     Moving image = Image (0x2ec6e80)
  RTTI typeinfo:   itk::Image<double, 3u>
  Reference Count: 2
  Modified Time: 2131
  Debug: Off
  Object Name: 
  Observers: 
    none
  Source: (none)
  Source output name: (none)
  Release Data: Off
  Data Released: False
  Global Release Data: Off
  PipelineMTime: 0
  UpdateMTime: 2128
  RealTimeStamp: 0 seconds 
  LargestPossibleRegion: 
    Dimension: 3
    Index: [0, 0, 0]
    Size: [224, 320, 320]
  BufferedRegion: 
    Dimension: 3
    Index: [0, 0, 0]
    Size: [224, 320, 320]
  RequestedRegion: 
    Dimension: 3
    Index: [0, 0, 0]
    Size: [224, 320, 320]
  Spacing: [0.7, 0.7, 0.7]
  Origin: [-79.9132, 77.1841, -93.9889]
  Direction: 
1 0 0
0 -1 0
0 0 1

  IndexToPointMatrix: 
0.7 0 0
0 -0.7 0
0 0 0.7

  PointToIndexMatrix: 
1.42857 0 0
0 -1.42857 0
0 0 1.42857

  Inverse Direction: 
1 0 0
0 -1 0
0 0 1

  PixelContainer: 
    ImportImageContainer (0x2ec1540)
      RTTI typeinfo:   itk::ImportImageContainer<unsigned long, double>
      Reference Count: 1
      Modified Time: 2125
      Debug: Off
      Object Name: 
      Observers: 
        none
      Pointer: 0x2ad520bcc010
      Container manages memory: true
      Size: 22937600
      Capacity: 22937600

     Weighting = 1
     Sampling strategy = regular
     Number of bins = 32
     Radius = 4
     Sampling percentage  = 0.25
   Transform = Affine
     Gradient step = 0.1
     Update field sigma (voxel space) = 0
     Total field sigma (voxel space) = 0
     Update field time sigma = 0
     Total field time sigma  = 0
     Number of time indices = 0
     Number of time point samples = 0
Registration using 2 total stages.

Stage 0
  iterations = 1000x500x250x100
  convergence threshold = 1e-06
  convergence window size = 10
  number of levels = 4
  using the Mattes MI metric (number of bins = 32, weight = 1)
  preprocessing:  winsorizing the image intensities
  preprocessing:  histogram matching the images
  Shrink factors (level 1 out of 4): [8, 8, 8]
  Shrink factors (level 2 out of 4): [4, 4, 4]
  Shrink factors (level 3 out of 4): [2, 2, 2]
  Shrink factors (level 4 out of 4): [1, 1, 1]
  smoothing sigmas per level: [3, 2, 1, 0]
  regular sampling (percentage = 0.25)

*** Running Euler3DTransform registration ***

DIAGNOSTIC,Iteration,metricValue,convergenceValue,ITERATION_TIME_INDEX,SINCE_LAST
 2DIAGNOSTIC,     1, -4.087503068194e-01, 1.797693134862e+308, 2.5193e+00, 2.5193e+00, 
 2DIAGNOSTIC,     2, -4.105611964369e-01, 1.797693134862e+308, 2.5418e+00, 2.2477e-02, 
 2DIAGNOSTIC,     3, -4.137659445993e-01, 1.797693134862e+308, 2.5669e+00, 2.5108e-02, 
 2DIAGNOSTIC,     4, -4.193448728121e-01, 1.797693134862e+308, 2.6003e+00, 3.3412e-02, 
 2DIAGNOSTIC,     5, -4.300513785665e-01, 1.797693134862e+308, 2.6242e+00, 2.3930e-02, 
 2DIAGNOSTIC,     6, -4.515661827031e-01, 1.797693134862e+308, 2.6573e+00, 3.3064e-02, 
 2DIAGNOSTIC,     7, -4.763885738601e-01, 1.797693134862e+308, 2.6851e+00, 2.7863e-02, 
 2DIAGNOSTIC,     8, -4.962033981984e-01, 1.797693134862e+308, 2.7104e+00, 2.5305e-02, 
 2DIAGNOSTIC,     9, -4.999331406372e-01, 1.797693134862e+308, 2.7498e+00, 3.9329e-02, 
 2DIAGNOSTIC,    10, -5.016730725338e-01, 1.633531042220e-02, 2.7732e+00, 2.3398e-02, 
 2DIAGNOSTIC,    11, -5.047630619784e-01, 1.488890710852e-02, 2.8069e+00, 3.3750e-02, 
 2DIAGNOSTIC,    12, -5.112008435245e-01, 1.277205370869e-02, 2.8416e+00, 3.4680e-02, 
 2DIAGNOSTIC,    13, -5.184666534710e-01, 1.033986999780e-02, 2.8639e+00, 2.2301e-02, 
 2DIAGNOSTIC,    14, -5.219299494470e-01, 7.754203147016e-03, 2.9010e+00, 3.7078e-02, 
 2DIAGNOSTIC,    15, -5.255147249126e-01, 5.419193799019e-03, 2.9347e+00, 3.3745e-02, 
 2DIAGNOSTIC,    16, -5.290617595039e-01, 3.830326805539e-03, 2.9746e+00, 3.9830e-02, 
 2DIAGNOSTIC,    17, -5.354756808193e-01, 3.162201691549e-03, 3.0067e+00, 3.2156e-02, 
 2DIAGNOSTIC,    18, -5.398267756952e-01, 3.066076891766e-03, 3.0319e+00, 2.5217e-02, 
 2DIAGNOSTIC,    19, -5.416140673444e-01, 2.868353922297e-03, 3.0692e+00, 3.7252e-02, 
 2DIAGNOSTIC,    20, -5.421774220317e-01, 2.498162417563e-03, 3.0977e+00, 2.8490e-02, 
 2DIAGNOSTIC,    21, -5.423642258006e-01, 2.024011257591e-03, 3.1384e+00, 4.0757e-02, 
 2DIAGNOSTIC,    22, -5.425109586157e-01, 1.575880001099e-03, 3.1627e+00, 2.4291e-02, 
 2DIAGNOSTIC,    23, -5.425426452296e-01, 1.203179464002e-03, 3.2066e+00, 4.3855e-02, 
 2DIAGNOSTIC,    24, -5.425489531021e-01, 8.346488856950e-04, 3.2364e+00, 2.9780e-02, 
 2DIAGNOSTIC,    25, -5.425297071271e-01, 5.020364121142e-04, 3.2673e+00, 3.0961e-02, 
 2DIAGNOSTIC,    26, -5.425249148031e-01, 2.250921071057e-04, 3.2989e+00, 3.1635e-02, 
 2DIAGNOSTIC,    27, -5.425242993777e-01, 8.149455981275e-05, 3.3222e+00, 2.3253e-02, 
 2DIAGNOSTIC,    28, -5.425412732829e-01, 2.845598757654e-05, 3.3541e+00, 3.1910e-02, 
 2DIAGNOSTIC,    29, -5.425549608494e-01, 1.145350352166e-05, 3.3853e+00, 3.1236e-02, 
 2DIAGNOSTIC,    30, -5.425657091532e-01, 5.372232390777e-06, 3.4156e+00, 3.0243e-02, 
 2DIAGNOSTIC,    31, -5.425775804005e-01, 2.833905772388e-06, 3.4509e+00, 3.5358e-02, 
 2DIAGNOSTIC,    32, -5.425797177622e-01, 2.877504290295e-06, 3.4753e+00, 2.4330e-02, 
 2DIAGNOSTIC,    33, -5.426127155852e-01, 3.828809985069e-06, 3.5071e+00, 3.1800e-02, 
 2DIAGNOSTIC,    34, -5.426549794033e-01, 5.240153417831e-06, 3.5451e+00, 3.8011e-02, 
 2DIAGNOSTIC,    35, -5.426510245462e-01, 5.784902470003e-06, 3.5728e+00, 2.7712e-02, 
 2DIAGNOSTIC,    36, -5.426564258976e-01, 5.870135491502e-06, 3.6073e+00, 3.4533e-02, 
 2DIAGNOSTIC,    37, -5.426524141041e-01, 5.414383784045e-06, 3.6338e+00, 2.6434e-02, 
 2DIAGNOSTIC,    38, -5.426264195485e-01, 4.414416137785e-06, 3.6724e+00, 3.8652e-02, 
 2DIAGNOSTIC,    39, -5.426378332722e-01, 3.485150605116e-06, 3.7039e+00, 3.1466e-02, 
 2DIAGNOSTIC,    40, -5.426322833418e-01, 2.418119437669e-06, 3.7352e+00, 3.1281e-02, 
 2DIAGNOSTIC,    41, -5.426398689033e-01, 1.527478135682e-06, 3.7672e+00, 3.1991e-02, 
DIAGNOSTIC,Iteration,metricValue,convergenceValue,ITERATION_TIME_INDEX,SINCE_LAST
 2DIAGNOSTIC,     1, -4.684199320154e-01, 1.797693134862e+308, 6.5855e+00, 2.8183e+00, 
 2DIAGNOSTIC,     2, -4.685250111391e-01, 1.797693134862e+308, 6.8059e+00, 2.2048e-01, 
 2DIAGNOSTIC,     3, -4.686228925494e-01, 1.797693134862e+308, 7.0520e+00, 2.4608e-01, 
 2DIAGNOSTIC,     4, -4.686608286508e-01, 1.797693134862e+308, 7.3380e+00, 2.8602e-01, 
 2DIAGNOSTIC,     5, -4.686217478698e-01, 1.797693134862e+308, 7.5886e+00, 2.5056e-01, 
 2DIAGNOSTIC,     6, -4.686294731409e-01, 1.797693134862e+308, 7.8110e+00, 2.2237e-01, 
 2DIAGNOSTIC,     7, -4.686400774642e-01, 1.797693134862e+308, 8.0384e+00, 2.2740e-01, 
 2DIAGNOSTIC,     8, -4.686591021333e-01, 1.797693134862e+308, 8.2884e+00, 2.4999e-01, 
 2DIAGNOSTIC,     9, -4.686798698010e-01, 1.797693134862e+308, 8.5082e+00, 2.1987e-01, 
 2DIAGNOSTIC,    10, -4.686833681986e-01, 2.839482839335e-05, 8.7279e+00, 2.1966e-01, 
 2DIAGNOSTIC,    11, -4.687219678001e-01, 1.845861038509e-05, 8.9859e+00, 2.5799e-01, 
 2DIAGNOSTIC,    12, -4.687516250461e-01, 1.539067295504e-05, 9.2075e+00, 2.2167e-01, 
 2DIAGNOSTIC,    13, -4.687923537365e-01, 1.800804486582e-05, 9.5195e+00, 3.1200e-01, 
 2DIAGNOSTIC,    14, -4.688428179405e-01, 2.270055306851e-05, 9.8036e+00, 2.8401e-01, 
 2DIAGNOSTIC,    15, -4.688380470046e-01, 2.310784337681e-05, 1.0020e+01, 2.1650e-01, 
 2DIAGNOSTIC,    16, -4.688466227124e-01, 2.219148196564e-05, 1.0372e+01, 3.5189e-01, 
 2DIAGNOSTIC,    17, -4.688531472076e-01, 2.011562269449e-05, 1.0688e+01, 3.1647e-01, 
 2DIAGNOSTIC,    18, -4.688509222664e-01, 1.711492419054e-05, 1.0940e+01, 2.5206e-01, 
 2DIAGNOSTIC,    19, -4.688499986734e-01, 1.364595520154e-05, 1.1227e+01, 2.8618e-01, 
 2DIAGNOSTIC,    20, -4.688495657367e-01, 9.500852949658e-06, 1.1477e+01, 2.5004e-01, 
 2DIAGNOSTIC,    21, -4.688471071878e-01, 6.065316854410e-06, 1.1700e+01, 2.2287e-01, 
 2DIAGNOSTIC,    22, -4.688473884685e-01, 3.322600169942e-06, 1.1915e+01, 2.1533e-01, 
 2DIAGNOSTIC,    23, -4.688478622818e-01, 1.692356069331e-06, 1.2131e+01, 2.1561e-01, 
 2DIAGNOSTIC,    24, -4.688486556436e-01, 1.472127087197e-06, 1.2350e+01, 2.1928e-01, 
 2DIAGNOSTIC,    25, -4.688485536252e-01, 1.132837278803e-06, 1.2596e+01, 2.4596e-01, 
 2DIAGNOSTIC,    26, -4.688489024076e-01, 1.037033903070e-06, 1.2850e+01, 2.5440e-01, 
 2DIAGNOSTIC,    27, -4.688440474158e-01, 1.004532890113e-06, 1.3107e+01, 2.5698e-01, 
DIAGNOSTIC,Iteration,metricValue,convergenceValue,ITERATION_TIME_INDEX,SINCE_LAST
 2DIAGNOSTIC,     1, -4.016740185846e-01, 1.797693134862e+308, 1.7799e+01, 4.6919e+00, 
 2DIAGNOSTIC,     2, -4.018991635428e-01, 1.797693134862e+308, 1.9406e+01, 1.6070e+00, 
 2DIAGNOSTIC,     3, -4.022010167731e-01, 1.797693134862e+308, 2.1110e+01, 1.7039e+00, 
 2DIAGNOSTIC,     4, -4.025008133297e-01, 1.797693134862e+308, 2.2724e+01, 1.6139e+00, 
 2DIAGNOSTIC,     5, -4.027412118353e-01, 1.797693134862e+308, 2.4797e+01, 2.0735e+00, 
 2DIAGNOSTIC,     6, -4.027507403202e-01, 1.797693134862e+308, 2.6412e+01, 1.6145e+00, 
 2DIAGNOSTIC,     7, -4.027723764976e-01, 1.797693134862e+308, 2.8314e+01, 1.9018e+00, 
 2DIAGNOSTIC,     8, -4.027816434296e-01, 1.797693134862e+308, 3.0560e+01, 2.2464e+00, 
 2DIAGNOSTIC,     9, -4.027785474785e-01, 1.797693134862e+308, 3.2185e+01, 1.6246e+00, 
 2DIAGNOSTIC,    10, -4.027801298365e-01, 1.733853978173e-04, 3.4419e+01, 2.2344e+00, 
 2DIAGNOSTIC,    11, -4.027802632796e-01, 1.058833854591e-04, 3.6250e+01, 1.8314e+00, 
 2DIAGNOSTIC,    12, -4.027798077727e-01, 5.353104140778e-05, 3.7745e+01, 1.4943e+00, 
 2DIAGNOSTIC,    13, -4.027787995722e-01, 2.067113226022e-05, 3.9823e+01, 2.0779e+00, 
 2DIAGNOSTIC,    14, -4.027788232155e-01, 5.649843972402e-06, 4.1894e+01, 2.0712e+00, 
 2DIAGNOSTIC,    15, -4.027785535870e-01, 3.630445863254e-06, 4.3505e+01, 1.6114e+00, 
 2DIAGNOSTIC,    16, -4.027781886813e-01, 2.104209882309e-06, 4.5343e+01, 1.8373e+00, 
 2DIAGNOSTIC,    17, -4.027781502453e-01, 1.633102946541e-06, 4.7188e+01, 1.8454e+00, 
 2DIAGNOSTIC,    18, -4.027782442289e-01, 1.608280286267e-06, 4.8796e+01, 1.6084e+00, 
 2DIAGNOSTIC,    19, -4.027781885085e-01, 1.481696886539e-06, 5.0641e+01, 1.8442e+00, 
 2DIAGNOSTIC,    20, -4.027783466826e-01, 1.446524438051e-06, 5.2709e+01, 2.0685e+00, 
 2DIAGNOSTIC,    21, -4.027782387548e-01, 1.429191965815e-06, 5.4560e+01, 1.8512e+00, 
 2DIAGNOSTIC,    22, -4.027780325672e-01, 1.401223805202e-06, 5.6398e+01, 1.8378e+00, 
 2DIAGNOSTIC,    23, -4.027780672402e-01, 1.349915697849e-06, 5.8009e+01, 1.6108e+00, 
 2DIAGNOSTIC,    24, -4.027778247134e-01, 1.299518478999e-06, 5.9613e+01, 1.6045e+00, 
 2DIAGNOSTIC,    25, -4.027781808096e-01, 1.258444282871e-06, 6.1459e+01, 1.8456e+00, 
 2DIAGNOSTIC,    26, -4.027782990124e-01, 1.214929792680e-06, 6.3299e+01, 1.8405e+00, 
 2DIAGNOSTIC,    27, -4.027782472240e-01, 1.173114081841e-06, 6.4906e+01, 1.6064e+00, 
 2DIAGNOSTIC,    28, -4.027765605720e-01, 1.094936485084e-06, 6.6518e+01, 1.6121e+00, 
 2DIAGNOSTIC,    29, -4.027769644249e-01, 1.035581482303e-06, 6.8360e+01, 1.8423e+00, 
DIAGNOSTIC,Iteration,metricValue,convergenceValue,ITERATION_TIME_INDEX,SINCE_LAST
 2DIAGNOSTIC,     1, -3.556882937016e-01, 1.797693134862e+308, 8.3813e+01, 1.5453e+01, 
 2DIAGNOSTIC,     2, -3.558117237634e-01, 1.797693134862e+308, 9.4810e+01, 1.0996e+01, 
 2DIAGNOSTIC,     3, -3.558858670958e-01, 1.797693134862e+308, 1.0590e+02, 1.1086e+01, 
 2DIAGNOSTIC,     4, -3.559457769587e-01, 1.797693134862e+308, 1.1851e+02, 1.2611e+01, 
 2DIAGNOSTIC,     5, -3.559614805084e-01, 1.797693134862e+308, 1.3267e+02, 1.4167e+01, 
 2DIAGNOSTIC,     6, -3.559813961959e-01, 1.797693134862e+308, 1.4529e+02, 1.2616e+01, 
 2DIAGNOSTIC,     7, -3.560141841297e-01, 1.797693134862e+308, 1.5634e+02, 1.1052e+01, 
 2DIAGNOSTIC,     8, -3.560499823748e-01, 1.797693134862e+308, 1.6888e+02, 1.2539e+01, 
 2DIAGNOSTIC,     9, -3.560529509387e-01, 1.797693134862e+308, 1.8133e+02, 1.2452e+01, 
 2DIAGNOSTIC,    10, -3.560530745699e-01, 6.114795451773e-05, 1.9861e+02, 1.7281e+01, 
 2DIAGNOSTIC,    11, -3.560532291559e-01, 3.987882394431e-05, 2.1273e+02, 1.4114e+01, 
 2DIAGNOSTIC,    12, -3.560531616567e-01, 2.692310579680e-05, 2.2688e+02, 1.4152e+01, 
 2DIAGNOSTIC,    13, -3.560531763021e-01, 1.820516238740e-05, 2.4423e+02, 1.7351e+01, 
 2DIAGNOSTIC,    14, -3.560531905646e-01, 1.272709748745e-05, 2.5685e+02, 1.2620e+01, 
 2DIAGNOSTIC,    15, -3.560531797411e-01, 7.881343185023e-06, 2.7104e+02, 1.4191e+01, 
 2DIAGNOSTIC,    16, -3.560531631878e-01, 4.083071331581e-06, 2.8207e+02, 1.1030e+01, 
 2DIAGNOSTIC,    17, -3.560531354807e-01, 2.031030585575e-06, 2.9471e+02, 1.2638e+01, 
 2DIAGNOSTIC,    18, -3.560531449868e-01, 1.776908249929e-06, 3.0577e+02, 1.1060e+01, 
 2DIAGNOSTIC,    19, -3.560529777303e-01, 1.666212655967e-06, 3.1594e+02, 1.0166e+01, 
 2DIAGNOSTIC,    20, -3.560529754371e-01, 1.572184750241e-06, 3.2821e+02, 1.2274e+01, 
 2DIAGNOSTIC,    21, -3.560530563482e-01, 1.497831232926e-06, 3.4087e+02, 1.2657e+01, 
 2DIAGNOSTIC,    22, -3.560530829308e-01, 1.430172821511e-06, 3.5352e+02, 1.2648e+01, 
 2DIAGNOSTIC,    23, -3.560531821236e-01, 1.373838387643e-06, 3.6772e+02, 1.4202e+01, 
 2DIAGNOSTIC,    24, -3.560531494993e-01, 1.322509850611e-06, 3.8037e+02, 1.2651e+01, 
 2DIAGNOSTIC,    25, -3.560531697513e-01, 1.275980432848e-06, 3.9145e+02, 1.1081e+01, 
 2DIAGNOSTIC,    26, -3.560530963045e-01, 1.229864134561e-06, 4.0402e+02, 1.2572e+01, 
 2DIAGNOSTIC,    27, -3.560530125927e-01, 1.183231677956e-06, 4.1507e+02, 1.1048e+01, 
 2DIAGNOSTIC,    28, -3.560531232222e-01, 1.143067333058e-06, 4.3082e+02, 1.5752e+01, 
 2DIAGNOSTIC,    29, -3.560531526242e-01, 1.101124652680e-06, 4.4344e+02, 1.2614e+01, 
 2DIAGNOSTIC,    30, -3.560530983634e-01, 1.060052616929e-06, 4.5607e+02, 1.2634e+01, 
 2DIAGNOSTIC,    31, -3.560531045693e-01, 1.024041623686e-06, 4.6713e+02, 1.1057e+01, 
  Elapsed time (stage 0): 4.7535e+02


Stage 1
  iterations = 1000x500x250x100
  convergence threshold = 1.0000e-06
  convergence window size = 10
  number of levels = 4
  using the Mattes MI metric (number of bins = 32, weight = 1.0000e+00)
  preprocessing:  winsorizing the image intensities
  preprocessing:  histogram matching the images
  Shrink factors (level 1 out of 4): [8, 8, 8]
  Shrink factors (level 2 out of 4): [4, 4, 4]
  Shrink factors (level 3 out of 4): [2, 2, 2]
  Shrink factors (level 4 out of 4): [1, 1, 1]
  smoothing sigmas per level: [3, 2, 1, 0]
  regular sampling (percentage = 2.5000e-01)

*** Running AffineTransform registration ***

DIAGNOSTIC,Iteration,metricValue,convergenceValue,ITERATION_TIME_INDEX,SINCE_LAST
 2DIAGNOSTIC,     1, -5.392566513083e-01, 1.797693134862e+308, 2.5134e+00, 2.5134e+00, 
 2DIAGNOSTIC,     2, -5.410576657274e-01, 1.797693134862e+308, 2.5415e+00, 2.8119e-02, 
 2DIAGNOSTIC,     3, -5.442157805321e-01, 1.797693134862e+308, 2.5643e+00, 2.2860e-02, 
 2DIAGNOSTIC,     4, -5.491068673199e-01, 1.797693134862e+308, 2.6023e+00, 3.7977e-02, 
 2DIAGNOSTIC,     5, -5.566331555700e-01, 1.797693134862e+308, 2.6287e+00, 2.6385e-02, 
 2DIAGNOSTIC,     6, -5.690634335527e-01, 1.797693134862e+308, 2.6621e+00, 3.3363e-02, 
 2DIAGNOSTIC,     7, -5.891538895578e-01, 1.797693134862e+308, 2.6932e+00, 3.1144e-02, 
 2DIAGNOSTIC,     8, -6.243873437849e-01, 1.797693134862e+308, 2.7210e+00, 2.7783e-02, 
 2DIAGNOSTIC,     9, -6.379456468373e-01, 1.797693134862e+308, 2.7948e+00, 7.3799e-02, 
 2DIAGNOSTIC,    10, -6.379508909048e-01, 1.278686447745e-02, 2.8337e+00, 3.8870e-02, 
 2DIAGNOSTIC,    11, -6.381087774118e-01, 1.221990624008e-02, 2.8610e+00, 2.7333e-02, 
 2DIAGNOSTIC,    12, -6.383706854716e-01, 1.074242400754e-02, 2.8907e+00, 2.9686e-02, 
 2DIAGNOSTIC,    13, -6.387958592582e-01, 8.656944300884e-03, 2.9244e+00, 3.3711e-02, 
 2DIAGNOSTIC,    14, -6.393856811346e-01, 6.291783006235e-03, 2.9484e+00, 2.3975e-02, 
 2DIAGNOSTIC,    15, -6.401904525452e-01, 3.967844149003e-03, 2.9873e+00, 3.8933e-02, 
 2DIAGNOSTIC,    16, -6.409814469839e-01, 1.982972672656e-03, 3.0159e+00, 2.8607e-02, 
 2DIAGNOSTIC,    17, -6.419335108109e-01, 6.231076993297e-04, 3.0492e+00, 3.3338e-02, 
 2DIAGNOSTIC,    18, -6.429318255285e-01, 2.996170556511e-04, 3.0815e+00, 3.2257e-02, 
 2DIAGNOSTIC,    19, -6.443379864796e-01, 3.524257469008e-04, 3.1056e+00, 2.4067e-02, 
 2DIAGNOSTIC,    20, -6.465242859731e-01, 4.175497098666e-04, 3.1437e+00, 3.8128e-02, 
 2DIAGNOSTIC,    21, -6.490999269680e-01, 4.969294976040e-04, 3.1793e+00, 3.5639e-02, 
 2DIAGNOSTIC,    22, -6.493233866216e-01, 5.319402339262e-04, 3.2223e+00, 4.2914e-02, 
 2DIAGNOSTIC,    23, -6.498767291782e-01, 5.346796292400e-04, 3.2545e+00, 3.2238e-02, 
 2DIAGNOSTIC,    24, -6.506688367213e-01, 5.137305149455e-04, 3.2934e+00, 3.8954e-02, 
 2DIAGNOSTIC,    25, -6.508452600796e-01, 4.634988572180e-04, 3.3212e+00, 2.7720e-02, 
 2DIAGNOSTIC,    26, -6.510649999947e-01, 3.912321945450e-04, 3.3661e+00, 4.4944e-02, 
 2DIAGNOSTIC,    27, -6.512662156203e-01, 3.077762255569e-04, 3.3986e+00, 3.2539e-02, 
 2DIAGNOSTIC,    28, -6.515553473670e-01, 2.229640074921e-04, 3.4235e+00, 2.4802e-02, 
 2DIAGNOSTIC,    29, -6.517241022698e-01, 1.474219984577e-04, 3.4678e+00, 4.4333e-02, 
 2DIAGNOSTIC,    30, -6.515838603729e-01, 9.340136811956e-05, 3.4943e+00, 2.6537e-02, 
 2DIAGNOSTIC,    31, -6.515860765677e-01, 7.241531792253e-05, 3.5331e+00, 3.8747e-02, 
 2DIAGNOSTIC,    32, -6.515905302904e-01, 4.917156619903e-05, 3.5601e+00, 2.7044e-02, 
 2DIAGNOSTIC,    33, -6.517523996231e-01, 3.231842039191e-05, 3.6006e+00, 4.0530e-02, 
 2DIAGNOSTIC,    34, -6.516048703775e-01, 2.202755482993e-05, 3.6319e+00, 3.1300e-02, 
 2DIAGNOSTIC,    35, -6.517389551915e-01, 1.448023007125e-05, 3.6627e+00, 3.0726e-02, 
 2DIAGNOSTIC,    36, -6.517368603850e-01, 8.791361436500e-06, 3.7081e+00, 4.5418e-02, 
 2DIAGNOSTIC,    37, -6.517307247503e-01, 4.933444440254e-06, 3.7383e+00, 3.0246e-02, 
 2DIAGNOSTIC,    38, -6.517300546786e-01, 4.252960842641e-06, 3.7729e+00, 3.4580e-02, 
 2DIAGNOSTIC,    39, -6.517247267652e-01, 5.238891648090e-06, 3.7965e+00, 2.3631e-02, 
 2DIAGNOSTIC,    40, -6.517368169632e-01, 4.322126304735e-06, 3.8354e+00, 3.8889e-02, 
 2DIAGNOSTIC,    41, -6.517425426822e-01, 3.189102248172e-06, 3.8649e+00, 2.9496e-02, 
 2DIAGNOSTIC,    42, -6.517512045856e-01, 1.979157352072e-06, 3.9552e+00, 9.0293e-02, 
 2DIAGNOSTIC,    43, -6.517512045706e-01, 2.467090943259e-06, 4.0452e+00, 8.9943e-02, 
 2DIAGNOSTIC,    44, -6.517512045706e-01, 1.224757316377e-06, 4.0917e+00, 4.6498e-02, 
 2DIAGNOSTIC,    45, -6.517512045706e-01, 1.330458969731e-06, 4.1155e+00, 2.3873e-02, 
 2DIAGNOSTIC,    46, -6.517512045706e-01, 1.352459648090e-06, 4.1547e+00, 3.9191e-02, 
 2DIAGNOSTIC,    47, -6.517512045706e-01, 1.253491956250e-06, 4.1846e+00, 2.9850e-02, 
 2DIAGNOSTIC,    48, -6.517512045706e-01, 1.102500574206e-06, 4.2255e+00, 4.0966e-02, 
DIAGNOSTIC,Iteration,metricValue,convergenceValue,ITERATION_TIME_INDEX,SINCE_LAST
 2DIAGNOSTIC,     1, -5.574066786464e-01, 1.797693134862e+308, 7.0449e+00, 2.8194e+00, 
 2DIAGNOSTIC,     2, -5.578407307425e-01, 1.797693134862e+308, 7.2956e+00, 2.5070e-01, 
 2DIAGNOSTIC,     3, -5.582436628584e-01, 1.797693134862e+308, 7.5380e+00, 2.4239e-01, 
 2DIAGNOSTIC,     4, -5.585450077303e-01, 1.797693134862e+308, 7.7955e+00, 2.5748e-01, 
 2DIAGNOSTIC,     5, -5.587727571192e-01, 1.797693134862e+308, 8.0432e+00, 2.4770e-01, 
 2DIAGNOSTIC,     6, -5.589384391550e-01, 1.797693134862e+308, 8.4321e+00, 3.8890e-01, 
 2DIAGNOSTIC,     7, -5.589677354921e-01, 1.797693134862e+308, 8.8120e+00, 3.7985e-01, 
 2DIAGNOSTIC,     8, -5.589630684295e-01, 1.797693134862e+308, 9.1051e+00, 2.9312e-01, 
 2DIAGNOSTIC,     9, -5.589627228339e-01, 1.797693134862e+308, 9.3535e+00, 2.4840e-01, 
 2DIAGNOSTIC,    10, -5.589629105192e-01, 1.693761804587e-04, 9.6394e+00, 2.8596e-01, 
 2DIAGNOSTIC,    11, -5.589633988887e-01, 1.017824200469e-04, 9.8946e+00, 2.5520e-01, 
 2DIAGNOSTIC,    12, -5.589632581574e-01, 5.476564066370e-05, 1.0169e+01, 2.7387e-01, 
 2DIAGNOSTIC,    13, -5.589623038791e-01, 2.588643021591e-05, 1.0410e+01, 2.4192e-01, 
 2DIAGNOSTIC,    14, -5.589624312875e-01, 9.815509050382e-06, 1.0655e+01, 2.4485e-01, 
 2DIAGNOSTIC,    15, -5.589656283914e-01, 2.879630529612e-06, 1.0933e+01, 2.7723e-01, 
 2DIAGNOSTIC,    16, -5.589677393665e-01, 2.043977466379e-06, 1.1175e+01, 2.4259e-01, 
 2DIAGNOSTIC,    17, -5.589694230528e-01, 2.232107641359e-06, 1.1491e+01, 3.1612e-01, 
 2DIAGNOSTIC,    18, -5.589718855885e-01, 2.305611737849e-06, 1.1772e+01, 2.8103e-01, 
 2DIAGNOSTIC,    19, -5.589738445085e-01, 2.363987027597e-06, 1.2017e+01, 2.4507e-01, 
 2DIAGNOSTIC,    20, -5.589779074663e-01, 2.458231222843e-06, 1.2260e+01, 2.4259e-01, 
 2DIAGNOSTIC,    21, -5.589888741580e-01, 2.737443756257e-06, 1.2506e+01, 2.4605e-01, 
 2DIAGNOSTIC,    22, -5.590050617553e-01, 3.243566156247e-06, 1.2752e+01, 2.4586e-01, 
 2DIAGNOSTIC,    23, -5.590203306075e-01, 3.848508808316e-06, 1.2998e+01, 2.4600e-01, 
 2DIAGNOSTIC,    24, -5.590303589621e-01, 4.383791103298e-06, 1.3341e+01, 3.4363e-01, 
 2DIAGNOSTIC,    25, -5.590324827618e-01, 4.698229672313e-06, 1.3686e+01, 3.4428e-01, 
 2DIAGNOSTIC,    26, -5.590317732061e-01, 4.694919540082e-06, 1.3969e+01, 2.8340e-01, 
 2DIAGNOSTIC,    27, -5.590336633064e-01, 4.429534395001e-06, 1.4241e+01, 2.7160e-01, 
 2DIAGNOSTIC,    28, -5.590334708737e-01, 3.913853151100e-06, 1.4485e+01, 2.4432e-01, 
 2DIAGNOSTIC,    29, -5.590337412030e-01, 3.211627831741e-06, 1.4726e+01, 2.4105e-01, 
 2DIAGNOSTIC,    30, -5.590350987090e-01, 2.449548676113e-06, 1.5006e+01, 2.7997e-01, 
 2DIAGNOSTIC,    31, -5.590348937865e-01, 1.779131369145e-06, 1.5280e+01, 2.7429e-01, 
 2DIAGNOSTIC,    32, -5.590472638021e-01, 1.528624320540e-06, 1.5561e+01, 2.8079e-01, 
 2DIAGNOSTIC,    33, -5.590487872175e-01, 1.491967217340e-06, 1.5937e+01, 3.7633e-01, 
 2DIAGNOSTIC,    34, -5.590486811819e-01, 1.556590198890e-06, 1.6283e+01, 3.4580e-01, 
 2DIAGNOSTIC,    35, -5.590486822831e-01, 1.592898307368e-06, 1.6625e+01, 3.4170e-01, 
 2DIAGNOSTIC,    36, -5.590486824180e-01, 1.551057206121e-06, 1.7061e+01, 4.3605e-01, 
 2DIAGNOSTIC,    37, -5.590486824239e-01, 1.471425344336e-06, 1.7663e+01, 6.0220e-01, 
 2DIAGNOSTIC,    38, -5.590486824239e-01, 1.334285665986e-06, 1.7938e+01, 2.7467e-01, 
 2DIAGNOSTIC,    39, -5.590486824239e-01, 1.162382727942e-06, 1.8219e+01, 2.8119e-01, 
DIAGNOSTIC,Iteration,metricValue,convergenceValue,ITERATION_TIME_INDEX,SINCE_LAST
 2DIAGNOSTIC,     1, -4.830027586587e-01, 1.797693134862e+308, 2.3109e+01, 4.8899e+00, 
 2DIAGNOSTIC,     2, -4.833441702339e-01, 1.797693134862e+308, 2.4939e+01, 1.8300e+00, 
 2DIAGNOSTIC,     3, -4.834562063832e-01, 1.797693134862e+308, 2.7505e+01, 2.5661e+00, 
 2DIAGNOSTIC,     4, -4.834589523469e-01, 1.797693134862e+308, 2.9824e+01, 2.3192e+00, 
 2DIAGNOSTIC,     5, -4.834592677879e-01, 1.797693134862e+308, 3.3370e+01, 3.5453e+00, 
 2DIAGNOSTIC,     6, -4.834594240027e-01, 1.797693134862e+308, 3.5440e+01, 2.0707e+00, 
 2DIAGNOSTIC,     7, -4.834594740884e-01, 1.797693134862e+308, 3.7514e+01, 2.0738e+00, 
 2DIAGNOSTIC,     8, -4.834592154113e-01, 1.797693134862e+308, 3.9345e+01, 1.8312e+00, 
 2DIAGNOSTIC,     9, -4.834590669114e-01, 1.797693134862e+308, 4.1409e+01, 2.0642e+00, 
 2DIAGNOSTIC,    10, -4.834589098425e-01, 3.604105091505e-05, 4.3484e+01, 2.0746e+00, 
 2DIAGNOSTIC,    11, -4.834588385443e-01, 9.150614307160e-06, 4.5549e+01, 2.0650e+00, 
 2DIAGNOSTIC,    12, -4.834587775578e-01, 2.749614802663e-06, 4.8094e+01, 2.5450e+00, 
 2DIAGNOSTIC,    13, -4.834586696651e-01, 2.383376314391e-06, 5.0159e+01, 2.0647e+00, 
 2DIAGNOSTIC,    14, -4.834587153623e-01, 2.192441196355e-06, 5.1977e+01, 1.8188e+00, 
 2DIAGNOSTIC,    15, -4.834586947745e-01, 2.045493769282e-06, 5.3800e+01, 1.8229e+00, 
 2DIAGNOSTIC,    16, -4.834587055201e-01, 1.929754412447e-06, 5.5867e+01, 2.0662e+00, 
 2DIAGNOSTIC,    17, -4.834588204247e-01, 1.838896234216e-06, 5.7692e+01, 1.8257e+00, 
 2DIAGNOSTIC,    18, -4.834587748712e-01, 1.751177650375e-06, 5.9519e+01, 1.8268e+00, 
 2DIAGNOSTIC,    19, -4.834586777705e-01, 1.666752649190e-06, 6.1597e+01, 2.0779e+00, 
 2DIAGNOSTIC,    20, -4.834586429681e-01, 1.585944161941e-06, 6.3671e+01, 2.0736e+00, 
 2DIAGNOSTIC,    21, -4.834586612636e-01, 1.511773793608e-06, 6.5738e+01, 2.0675e+00, 
 2DIAGNOSTIC,    22, -4.834586178435e-01, 1.441815841594e-06, 6.7810e+01, 2.0714e+00, 
 2DIAGNOSTIC,    23, -4.834585378488e-01, 1.373534359105e-06, 6.9884e+01, 2.0749e+00, 
 2DIAGNOSTIC,    24, -4.834586201421e-01, 1.315137683276e-06, 7.1961e+01, 2.0771e+00, 
 2DIAGNOSTIC,    25, -4.834584830552e-01, 1.258610252672e-06, 7.4043e+01, 2.0815e+00, 
 2DIAGNOSTIC,    26, -4.834585580422e-01, 1.209630518174e-06, 7.6120e+01, 2.0771e+00, 
 2DIAGNOSTIC,    27, -4.834585185421e-01, 1.167186812777e-06, 7.7957e+01, 1.8364e+00, 
 2DIAGNOSTIC,    28, -4.834585102012e-01, 1.127758728389e-06, 7.9792e+01, 1.8356e+00, 
 2DIAGNOSTIC,    29, -4.834585779503e-01, 1.091262891967e-06, 8.1859e+01, 2.0669e+00, 
 2DIAGNOSTIC,    30, -4.834585612818e-01, 1.056663239123e-06, 8.4165e+01, 2.3063e+00, 
 2DIAGNOSTIC,    31, -4.834585301541e-01, 1.024444998499e-06, 8.6470e+01, 2.3044e+00, 
DIAGNOSTIC,Iteration,metricValue,convergenceValue,ITERATION_TIME_INDEX,SINCE_LAST
 2DIAGNOSTIC,     1, -4.314009999090e-01, 1.797693134862e+308, 1.0385e+02, 1.7382e+01, 
 2DIAGNOSTIC,     2, -4.315788727688e-01, 1.797693134862e+308, 1.1625e+02, 1.2396e+01, 
 2DIAGNOSTIC,     3, -4.316161289757e-01, 1.797693134862e+308, 1.3525e+02, 1.9003e+01, 
 2DIAGNOSTIC,     4, -4.316268575885e-01, 1.797693134862e+308, 1.5150e+02, 1.6252e+01, 
 2DIAGNOSTIC,     5, -4.316298145375e-01, 1.797693134862e+308, 1.6434e+02, 1.2842e+01, 
 2DIAGNOSTIC,     6, -4.316403705692e-01, 1.797693134862e+308, 1.7724e+02, 1.2892e+01, 
 2DIAGNOSTIC,     7, -4.316490779201e-01, 1.797693134862e+308, 1.9013e+02, 1.2890e+01, 
 2DIAGNOSTIC,     8, -4.316523040494e-01, 1.797693134862e+308, 2.0302e+02, 1.2898e+01, 
 2DIAGNOSTIC,     9, -4.316541221308e-01, 1.797693134862e+308, 2.1592e+02, 1.2893e+01, 
 2DIAGNOSTIC,    10, -4.316631573842e-01, 2.724292325439e-05, 2.2882e+02, 1.2908e+01, 
 2DIAGNOSTIC,    11, -4.316881769955e-01, 1.375481724575e-05, 2.4503e+02, 1.6203e+01, 
 2DIAGNOSTIC,    12, -4.316920292223e-01, 1.142129439345e-05, 2.5958e+02, 1.4554e+01, 
 2DIAGNOSTIC,    13, -4.317019759539e-01, 1.105311712568e-05, 2.7581e+02, 1.6228e+01, 
 2DIAGNOSTIC,    14, -4.317226343294e-01, 1.144506194065e-05, 2.8870e+02, 1.2887e+01, 
 2DIAGNOSTIC,    15, -4.317256691873e-01, 1.117493698280e-05, 3.0154e+02, 1.2840e+01, 
 2DIAGNOSTIC,    16, -4.317328682817e-01, 1.082549166898e-05, 3.1605e+02, 1.4516e+01, 
 2DIAGNOSTIC,    17, -4.317555241626e-01, 1.092012059924e-05, 3.3393e+02, 1.7874e+01, 
 2DIAGNOSTIC,    18, -4.317654067845e-01, 1.063656954867e-05, 3.4846e+02, 1.4538e+01, 
 2DIAGNOSTIC,    19, -4.317653961412e-01, 9.617269025881e-06, 3.6292e+02, 1.4456e+01, 
 2DIAGNOSTIC,    20, -4.317662659798e-01, 8.282125379358e-06, 3.7583e+02, 1.2909e+01, 
 2DIAGNOSTIC,    21, -4.317683649874e-01, 7.309328713699e-06, 3.8872e+02, 1.2890e+01, 
 2DIAGNOSTIC,    22, -4.317714041205e-01, 6.075767844615e-06, 4.0042e+02, 1.1701e+01, 
 2DIAGNOSTIC,    23, -4.317784273000e-01, 4.980979589862e-06, 4.1328e+02, 1.2856e+01, 
 2DIAGNOSTIC,    24, -4.317856249108e-01, 4.409797870315e-06, 4.2953e+02, 1.6255e+01, 
 2DIAGNOSTIC,    25, -4.317941583993e-01, 3.902871353711e-06, 4.5415e+02, 2.4618e+01, 
 2DIAGNOSTIC,    26, -4.317945029803e-01, 3.362792522429e-06, 4.6870e+02, 1.4551e+01, 
 2DIAGNOSTIC,    27, -4.317945029997e-01, 3.210143321476e-06, 4.9500e+02, 2.6303e+01, 
 2DIAGNOSTIC,    28, -4.317945108086e-01, 3.110046113024e-06, 5.1129e+02, 1.6283e+01, 
 2DIAGNOSTIC,    29, -4.317945139086e-01, 2.827450060000e-06, 5.2581e+02, 1.4521e+01, 
 2DIAGNOSTIC,    30, -4.317944857622e-01, 2.416774522625e-06, 5.4190e+02, 1.6093e+01, 
 2DIAGNOSTIC,    31, -4.317944615839e-01, 1.949937273239e-06, 5.5637e+02, 1.4473e+01, 
 2DIAGNOSTIC,    32, -4.317944557236e-01, 1.487651668360e-06, 5.7085e+02, 1.4480e+01, 
 2DIAGNOSTIC,    33, -4.317944262410e-01, 1.144139452437e-06, 5.8529e+02, 1.4434e+01, 
  Elapsed time (stage 1): 5.9488e+02


Total elapsed time: 1.0702e+03

--------------------------------------------------------------------------------------
 Mapping parameters
--------------------------------------------------------------------------------------
 ANTSPATH is /usr/local/software/spack/spack-git/opt/spack/linux-rhel7-broadwell/gcc-5/ants-2.3.4-lj6vm7ccmij4yywr4ynrttcko4aoflqt/bin

 Dimensionality:           3
 Output name prefix:       T1xT2_ANTs
 Fixed images:             /home/ccn30/rds/rds-p00500_encrypt-URQgmO1brZ0/p00500/ENCRYPT_images/32530/T2/N4t2.nii
 Moving images:            /home/ccn30/rds/rds-p00500_encrypt-URQgmO1brZ0/p00500/ENCRYPT_images/32530/mp2rage/n4mag0000_PSIR_skulled_std.nii
 Mask images:              
 Initial transforms:       
 Number of threads:        1
 Spline distance:          26
 Transform type:           a
 MI histogram bins:        32
 Precision:                d
 Use histogram matching    0
======================================================================================
 antsRegistration call:
--------------------------------------------------------------------------------------
/usr/local/software/spack/spack-git/opt/spack/linux-rhel7-broadwell/gcc-5/ants-2.3.4-lj6vm7ccmij4yywr4ynrttcko4aoflqt/bin/antsRegistration --verbose 1 --dimensionality 3 --float 0 --collapse-output-transforms 1 --output [ T1xT2_ANTs,T1xT2_ANTsWarped.nii.gz,T1xT2_ANTsInverseWarped.nii.gz ] --interpolation Linear --use-histogram-matching 0 --winsorize-image-intensities [ 0.005,0.995 ] --initial-moving-transform [ /home/ccn30/rds/rds-p00500_encrypt-URQgmO1brZ0/p00500/ENCRYPT_images/32530/T2/N4t2.nii,/home/ccn30/rds/rds-p00500_encrypt-URQgmO1brZ0/p00500/ENCRYPT_images/32530/mp2rage/n4mag0000_PSIR_skulled_std.nii,1 ] --transform Rigid[ 0.1 ] --metric MI[ /home/ccn30/rds/rds-p00500_encrypt-URQgmO1brZ0/p00500/ENCRYPT_images/32530/T2/N4t2.nii,/home/ccn30/rds/rds-p00500_encrypt-URQgmO1brZ0/p00500/ENCRYPT_images/32530/mp2rage/n4mag0000_PSIR_skulled_std.nii,1,32,Regular,0.25 ] --convergence [ 1000x500x250x0,1e-6,10 ] --shrink-factors 12x8x4x2 --smoothing-sigmas 4x3x2x1vox --transform Affine[ 0.1 ] --metric MI[ /home/ccn30/rds/rds-p00500_encrypt-URQgmO1brZ0/p00500/ENCRYPT_images/32530/T2/N4t2.nii,/home/ccn30/rds/rds-p00500_encrypt-URQgmO1brZ0/p00500/ENCRYPT_images/32530/mp2rage/n4mag0000_PSIR_skulled_std.nii,1,32,Regular,0.25 ] --convergence [ 1000x500x250x0,1e-6,10 ] --shrink-factors 12x8x4x2 --smoothing-sigmas 4x3x2x1vox
--------------------------------------------------------------------------------------
All_Command_lines_OK
Using double precision for computations.
=============================================================================
The composite transform comprises the following transforms (in order): 
  1. Center of mass alignment using fixed image: /home/ccn30/rds/rds-p00500_encrypt-URQgmO1brZ0/p00500/ENCRYPT_images/32530/T2/N4t2.nii and moving image: /home/ccn30/rds/rds-p00500_encrypt-URQgmO1brZ0/p00500/ENCRYPT_images/32530/mp2rage/n4mag0000_PSIR_skulled_std.nii (type = Euler3DTransform)
=============================================================================
  number of levels = 4
  number of levels = 4
  fixed image: /home/ccn30/rds/rds-p00500_encrypt-URQgmO1brZ0/p00500/ENCRYPT_images/32530/T2/N4t2.nii
  moving image: /home/ccn30/rds/rds-p00500_encrypt-URQgmO1brZ0/p00500/ENCRYPT_images/32530/mp2rage/n4mag0000_PSIR_skulled_std.nii
  fixed image: /home/ccn30/rds/rds-p00500_encrypt-URQgmO1brZ0/p00500/ENCRYPT_images/32530/T2/N4t2.nii
  moving image: /home/ccn30/rds/rds-p00500_encrypt-URQgmO1brZ0/p00500/ENCRYPT_images/32530/mp2rage/n4mag0000_PSIR_skulled_std.nii
Dimension = 3
Number of stages = 2
Use Histogram Matching false
Winsorize image intensities true
Lower quantile = 0.005
Upper quantile = 0.995
Stage 1 State
   Image metric = Mattes
     Fixed image = Image (0x42c8010)
  RTTI typeinfo:   itk::Image<double, 3u>
  Reference Count: 2
  Modified Time: 1709
  Debug: Off
  Object Name: 
  Observers: 
    none
  Source: (none)
  Source output name: (none)
  Release Data: Off
  Data Released: False
  Global Release Data: Off
  PipelineMTime: 0
  UpdateMTime: 1492
  RealTimeStamp: 0 seconds 
  LargestPossibleRegion: 
    Dimension: 3
    Index: [0, 0, 0]
    Size: [512, 512, 54]
  BufferedRegion: 
    Dimension: 3
    Index: [0, 0, 0]
    Size: [512, 512, 54]
  RequestedRegion: 
    Dimension: 3
    Index: [0, 0, 0]
    Size: [512, 512, 54]
  Spacing: [0.4375, 0.4375, 1.1]
  Origin: [-109.371, -9.45732, -115.305]
  Direction: 
0.999091 -0.0384716 0.0183573
-0.0283546 -0.278234 0.960095
0.0318288 0.959743 0.279072

  IndexToPointMatrix: 
0.437102 -0.0168313 0.020193
-0.0124051 -0.121727 1.0561
0.0139251 0.419887 0.306979

  PointToIndexMatrix: 
2.28364 -0.0648106 0.0727516
-0.0879352 -0.635963 2.1937
0.0166884 0.872813 0.253702

  Inverse Direction: 
0.999091 -0.0283546 0.0318288
-0.0384716 -0.278234 0.959743
0.0183573 0.960095 0.279072

  PixelContainer: 
    ImportImageContainer (0x42c2980)
      RTTI typeinfo:   itk::ImportImageContainer<unsigned long, double>
      Reference Count: 1
      Modified Time: 1489
      Debug: Off
      Object Name: 
      Observers: 
        none
      Pointer: 0x2b25c03ca010
      Container manages memory: true
      Size: 14155776
      Capacity: 14155776

     Moving image = Image (0x42c5b30)
  RTTI typeinfo:   itk::Image<double, 3u>
  Reference Count: 2
  Modified Time: 1710
  Debug: Off
  Object Name: 
  Observers: 
    none
  Source: (none)
  Source output name: (none)
  Release Data: Off
  Data Released: False
  Global Release Data: Off
  PipelineMTime: 0
  UpdateMTime: 1707
  RealTimeStamp: 0 seconds 
  LargestPossibleRegion: 
    Dimension: 3
    Index: [0, 0, 0]
    Size: [224, 320, 320]
  BufferedRegion: 
    Dimension: 3
    Index: [0, 0, 0]
    Size: [224, 320, 320]
  RequestedRegion: 
    Dimension: 3
    Index: [0, 0, 0]
    Size: [224, 320, 320]
  Spacing: [0.7, 0.7, 0.7]
  Origin: [-79.9132, 77.1841, -93.9889]
  Direction: 
1 0 0
0 -1 0
0 0 1

  IndexToPointMatrix: 
0.7 0 0
0 -0.7 0
0 0 0.7

  PointToIndexMatrix: 
1.42857 0 0
0 -1.42857 0
0 0 1.42857

  Inverse Direction: 
1 0 0
0 -1 0
0 0 1

  PixelContainer: 
    ImportImageContainer (0x42c2780)
      RTTI typeinfo:   itk::ImportImageContainer<unsigned long, double>
      Reference Count: 1
      Modified Time: 1704
      Debug: Off
      Object Name: 
      Observers: 
        none
      Pointer: 0x2b25c6fcb010
      Container manages memory: true
      Size: 22937600
      Capacity: 22937600

     Weighting = 1
     Sampling strategy = regular
     Number of bins = 32
     Radius = 4
     Sampling percentage  = 0.25
   Transform = Rigid
     Gradient step = 0.1
     Update field sigma (voxel space) = 0
     Total field sigma (voxel space) = 0
     Update field time sigma = 0
     Total field time sigma  = 0
     Number of time indices = 0
     Number of time point samples = 0
Stage 2 State
   Image metric = Mattes
     Fixed image = Image (0x42d7500)
  RTTI typeinfo:   itk::Image<double, 3u>
  Reference Count: 2
  Modified Time: 2141
  Debug: Off
  Object Name: 
  Observers: 
    none
  Source: (none)
  Source output name: (none)
  Release Data: Off
  Data Released: False
  Global Release Data: Off
  PipelineMTime: 0
  UpdateMTime: 1924
  RealTimeStamp: 0 seconds 
  LargestPossibleRegion: 
    Dimension: 3
    Index: [0, 0, 0]
    Size: [512, 512, 54]
  BufferedRegion: 
    Dimension: 3
    Index: [0, 0, 0]
    Size: [512, 512, 54]
  RequestedRegion: 
    Dimension: 3
    Index: [0, 0, 0]
    Size: [512, 512, 54]
  Spacing: [0.4375, 0.4375, 1.1]
  Origin: [-109.371, -9.45732, -115.305]
  Direction: 
0.999091 -0.0384716 0.0183573
-0.0283546 -0.278234 0.960095
0.0318288 0.959743 0.279072

  IndexToPointMatrix: 
0.437102 -0.0168313 0.020193
-0.0124051 -0.121727 1.0561
0.0139251 0.419887 0.306979

  PointToIndexMatrix: 
2.28364 -0.0648106 0.0727516
-0.0879352 -0.635963 2.1937
0.0166884 0.872813 0.253702

  Inverse Direction: 
0.999091 -0.0283546 0.0318288
-0.0384716 -0.278234 0.959743
0.0183573 0.960095 0.279072

  PixelContainer: 
    ImportImageContainer (0x42c8860)
      RTTI typeinfo:   itk::ImportImageContainer<unsigned long, double>
      Reference Count: 1
      Modified Time: 1921
      Debug: Off
      Object Name: 
      Observers: 
        none
      Pointer: 0x2b25d1ecc010
      Container manages memory: true
      Size: 14155776
      Capacity: 14155776

     Moving image = Image (0x42dbf40)
  RTTI typeinfo:   itk::Image<double, 3u>
  Reference Count: 2
  Modified Time: 2142
  Debug: Off
  Object Name: 
  Observers: 
    none
  Source: (none)
  Source output name: (none)
  Release Data: Off
  Data Released: False
  Global Release Data: Off
  PipelineMTime: 0
  UpdateMTime: 2139
  RealTimeStamp: 0 seconds 
  LargestPossibleRegion: 
    Dimension: 3
    Index: [0, 0, 0]
    Size: [224, 320, 320]
  BufferedRegion: 
    Dimension: 3
    Index: [0, 0, 0]
    Size: [224, 320, 320]
  RequestedRegion: 
    Dimension: 3
    Index: [0, 0, 0]
    Size: [224, 320, 320]
  Spacing: [0.7, 0.7, 0.7]
  Origin: [-79.9132, 77.1841, -93.9889]
  Direction: 
1 0 0
0 -1 0
0 0 1

  IndexToPointMatrix: 
0.7 0 0
0 -0.7 0
0 0 0.7

  PointToIndexMatrix: 
1.42857 0 0
0 -1.42857 0
0 0 1.42857

  Inverse Direction: 
1 0 0
0 -1 0
0 0 1

  PixelContainer: 
    ImportImageContainer (0x42d3750)
      RTTI typeinfo:   itk::ImportImageContainer<unsigned long, double>
      Reference Count: 1
      Modified Time: 2136
      Debug: Off
      Object Name: 
      Observers: 
        none
      Pointer: 0x2b25d8acd010
      Container manages memory: true
      Size: 22937600
      Capacity: 22937600

     Weighting = 1
     Sampling strategy = regular
     Number of bins = 32
     Radius = 4
     Sampling percentage  = 0.25
   Transform = Affine
     Gradient step = 0.1
     Update field sigma (voxel space) = 0
     Total field sigma (voxel space) = 0
     Update field time sigma = 0
     Total field time sigma  = 0
     Number of time indices = 0
     Number of time point samples = 0
Registration using 2 total stages.

Stage 0
  iterations = 1000x500x250x0
  convergence threshold = 1e-06
  convergence window size = 10
  number of levels = 4
  using the Mattes MI metric (number of bins = 32, weight = 1)
  preprocessing:  winsorizing the image intensities
  Shrink factors (level 1 out of 4): [12, 12, 5]
  Shrink factors (level 2 out of 4): [8, 8, 3]
  Shrink factors (level 3 out of 4): [4, 4, 2]
  Shrink factors (level 4 out of 4): [2, 2, 1]
  smoothing sigmas per level: [4, 3, 2, 1]
  regular sampling (percentage = 0.25)

*** Running Euler3DTransform registration ***

DIAGNOSTIC,Iteration,metricValue,convergenceValue,ITERATION_TIME_INDEX,SINCE_LAST
 2DIAGNOSTIC,     1, -5.395545097407e-01, 1.797693134862e+308, 3.9365e+00, 3.9365e+00, 
 2DIAGNOSTIC,     2, -5.427455344543e-01, 1.797693134862e+308, 3.9444e+00, 7.8621e-03, 
 2DIAGNOSTIC,     3, -5.482432807130e-01, 1.797693134862e+308, 3.9520e+00, 7.6580e-03, 
 2DIAGNOSTIC,     4, -5.590410152285e-01, 1.797693134862e+308, 3.9600e+00, 8.0001e-03, 
 2DIAGNOSTIC,     5, -5.804497026958e-01, 1.797693134862e+308, 3.9682e+00, 8.1999e-03, 
 2DIAGNOSTIC,     6, -6.070771313874e-01, 1.797693134862e+308, 3.9783e+00, 1.0118e-02, 
 2DIAGNOSTIC,     7, -6.367544057889e-01, 1.797693134862e+308, 3.9957e+00, 1.7320e-02, 
 2DIAGNOSTIC,     8, -6.388451196430e-01, 1.797693134862e+308, 4.0054e+00, 9.7470e-03, 
 2DIAGNOSTIC,     9, -6.392364166172e-01, 1.797693134862e+308, 4.0166e+00, 1.1160e-02, 
 2DIAGNOSTIC,    10, -6.391992350385e-01, 1.381475767722e-02, 4.0247e+00, 8.1792e-03, 
 2DIAGNOSTIC,    11, -6.394564580975e-01, 1.145004276791e-02, 4.0326e+00, 7.9119e-03, 
 2DIAGNOSTIC,    12, -6.395961936451e-01, 8.604163809561e-03, 4.0405e+00, 7.8430e-03, 
 2DIAGNOSTIC,    13, -6.398521387307e-01, 5.665822725444e-03, 4.0483e+00, 7.8530e-03, 
 2DIAGNOSTIC,    14, -6.400535440363e-01, 3.032192900770e-03, 4.0578e+00, 9.4259e-03, 
 2DIAGNOSTIC,    15, -6.400947791006e-01, 1.148294460722e-03, 4.0767e+00, 1.8951e-02, 
 2DIAGNOSTIC,    16, -6.401072242169e-01, 1.575959065353e-04, 4.0881e+00, 1.1359e-02, 
 2DIAGNOSTIC,    17, -6.401955775204e-01, 8.552202547540e-05, 4.0964e+00, 8.3690e-03, 
 2DIAGNOSTIC,    18, -6.403889756081e-01, 7.246146708306e-05, 4.1046e+00, 8.1439e-03, 
 2DIAGNOSTIC,    19, -6.406517622157e-01, 7.014449546727e-05, 4.1136e+00, 8.9569e-03, 
 2DIAGNOSTIC,    20, -6.407892222719e-01, 6.387940755080e-05, 4.1237e+00, 1.0140e-02, 
 2DIAGNOSTIC,    21, -6.409618207873e-01, 6.195128112230e-05, 4.1326e+00, 8.9152e-03, 
 2DIAGNOSTIC,    22, -6.413403837970e-01, 6.527962740934e-05, 4.1448e+00, 1.2237e-02, 
 2DIAGNOSTIC,    23, -6.414063991406e-01, 6.844634189505e-05, 4.1586e+00, 1.3742e-02, 
 2DIAGNOSTIC,    24, -6.414832837976e-01, 7.038031711361e-05, 4.1698e+00, 1.1209e-02, 
 2DIAGNOSTIC,    25, -6.416455839328e-01, 6.949026583796e-05, 4.1792e+00, 9.3601e-03, 
 2DIAGNOSTIC,    26, -6.416555843195e-01, 6.260081818892e-05, 4.1882e+00, 9.0909e-03, 
 2DIAGNOSTIC,    27, -6.416208541036e-01, 5.129596835876e-05, 4.1971e+00, 8.8770e-03, 
 2DIAGNOSTIC,    28, -6.414903637760e-01, 3.709235103428e-05, 4.2049e+00, 7.7450e-03, 
 2DIAGNOSTIC,    29, -6.414984898234e-01, 2.484690884662e-05, 4.2128e+00, 7.9081e-03, 
 2DIAGNOSTIC,    30, -6.415161334405e-01, 1.347826317461e-05, 4.2298e+00, 1.7039e-02, 
 2DIAGNOSTIC,    31, -6.417449071799e-01, 7.397770108428e-06, 4.2605e+00, 3.0656e-02, 
 2DIAGNOSTIC,    32, -6.417449055275e-01, 6.428187148168e-06, 4.2687e+00, 8.2431e-03, 
 2DIAGNOSTIC,    33, -6.417449087719e-01, 5.986078840163e-06, 4.2768e+00, 8.0881e-03, 
 2DIAGNOSTIC,    34, -6.417449142557e-01, 6.107197776516e-06, 4.2845e+00, 7.7322e-03, 
 2DIAGNOSTIC,    35, -6.417449235219e-01, 7.781223877869e-06, 4.2929e+00, 8.3640e-03, 
 2DIAGNOSTIC,    36, -6.417449391708e-01, 8.780044277300e-06, 4.3077e+00, 1.4842e-02, 
 2DIAGNOSTIC,    37, -6.417449655763e-01, 8.590060186164e-06, 4.3202e+00, 1.2499e-02, 
 2DIAGNOSTIC,    38, -6.417450100656e-01, 6.167947072644e-06, 4.3286e+00, 8.3520e-03, 
 2DIAGNOSTIC,    39, -6.417450848360e-01, 3.487642236569e-06, 4.3368e+00, 8.1768e-03, 
DIAGNOSTIC,Iteration,metricValue,convergenceValue,ITERATION_TIME_INDEX,SINCE_LAST
 2DIAGNOSTIC,     1, -5.958949017382e-01, 1.797693134862e+308, 8.4006e+00, 4.0638e+00, 
 2DIAGNOSTIC,     2, -5.973684857928e-01, 1.797693134862e+308, 8.4484e+00, 4.7897e-02, 
 2DIAGNOSTIC,     3, -5.990249745588e-01, 1.797693134862e+308, 8.4892e+00, 4.0793e-02, 
 2DIAGNOSTIC,     4, -6.005430882781e-01, 1.797693134862e+308, 8.5428e+00, 5.3562e-02, 
 2DIAGNOSTIC,     5, -6.017335759136e-01, 1.797693134862e+308, 8.5860e+00, 4.3242e-02, 
 2DIAGNOSTIC,     6, -6.022181828315e-01, 1.797693134862e+308, 8.6463e+00, 6.0244e-02, 
 2DIAGNOSTIC,     7, -6.025372111367e-01, 1.797693134862e+308, 8.7052e+00, 5.8912e-02, 
 2DIAGNOSTIC,     8, -6.026834595296e-01, 1.797693134862e+308, 8.7527e+00, 4.7460e-02, 
 2DIAGNOSTIC,     9, -6.028074359202e-01, 1.797693134862e+308, 8.7995e+00, 4.6837e-02, 
 2DIAGNOSTIC,    10, -6.030276855845e-01, 7.347294244381e-04, 8.8816e+00, 8.2099e-02, 
 2DIAGNOSTIC,    11, -6.030393516055e-01, 4.867042264487e-04, 8.9353e+00, 5.3660e-02, 
 2DIAGNOSTIC,    12, -6.031141696444e-01, 2.972584254813e-04, 8.9790e+00, 4.3709e-02, 
 2DIAGNOSTIC,    13, -6.031586785237e-01, 1.714290928763e-04, 9.0260e+00, 4.6999e-02, 
 2DIAGNOSTIC,    14, -6.031746247957e-01, 9.915807432286e-05, 9.0717e+00, 4.5697e-02, 
 2DIAGNOSTIC,    15, -6.032351987991e-01, 6.677628817502e-05, 9.1134e+00, 4.1779e-02, 
 2DIAGNOSTIC,    16, -6.033009429962e-01, 4.855174994718e-05, 9.1671e+00, 5.3658e-02, 
 2DIAGNOSTIC,    17, -6.034056311679e-01, 3.992128678324e-05, 9.2052e+00, 3.8124e-02, 
 2DIAGNOSTIC,    18, -6.035412871868e-01, 3.605381244407e-05, 9.2586e+00, 5.3417e-02, 
 2DIAGNOSTIC,    19, -6.036996048140e-01, 3.625419173228e-05, 9.3193e+00, 6.0658e-02, 
 2DIAGNOSTIC,    20, -6.038075746058e-01, 4.093969256141e-05, 9.3907e+00, 7.1364e-02, 
 2DIAGNOSTIC,    21, -6.038281067140e-01, 4.219047954752e-05, 9.4312e+00, 4.0489e-02, 
 2DIAGNOSTIC,    22, -6.038546171299e-01, 4.171824646285e-05, 9.4851e+00, 5.3960e-02, 
 2DIAGNOSTIC,    23, -6.039461057022e-01, 4.029580946893e-05, 9.5232e+00, 3.8062e-02, 
 2DIAGNOSTIC,    24, -6.040425704270e-01, 3.746078928227e-05, 9.5759e+00, 5.2728e-02, 
 2DIAGNOSTIC,    25, -6.041657383155e-01, 3.488743143631e-05, 9.6345e+00, 5.8641e-02, 
 2DIAGNOSTIC,    26, -6.041896971755e-01, 3.096984249246e-05, 9.6790e+00, 4.4419e-02, 
 2DIAGNOSTIC,    27, -6.042131916201e-01, 2.680345992522e-05, 9.7370e+00, 5.8016e-02, 
 2DIAGNOSTIC,    28, -6.042199939808e-01, 2.286307551442e-05, 9.8035e+00, 6.6530e-02, 
 2DIAGNOSTIC,    29, -6.043136830614e-01, 2.117025793100e-05, 9.8414e+00, 3.7861e-02, 
 2DIAGNOSTIC,    30, -6.043246459862e-01, 1.950695603521e-05, 9.8940e+00, 5.2615e-02, 
 2DIAGNOSTIC,    31, -6.043363584452e-01, 1.672456786059e-05, 9.9433e+00, 4.9355e-02, 
 2DIAGNOSTIC,    32, -6.043994154308e-01, 1.396884050246e-05, 9.9900e+00, 4.6706e-02, 
 2DIAGNOSTIC,    33, -6.045643008191e-01, 1.377046285955e-05, 1.0062e+01, 7.2215e-02, 
 2DIAGNOSTIC,    34, -6.046099938345e-01, 1.422438645950e-05, 1.0123e+01, 6.0411e-02, 
 2DIAGNOSTIC,    35, -6.045890943895e-01, 1.477836639088e-05, 1.0165e+01, 4.1998e-02, 
 2DIAGNOSTIC,    36, -6.045933031858e-01, 1.440783188133e-05, 1.0211e+01, 4.6465e-02, 
 2DIAGNOSTIC,    37, -6.045971997087e-01, 1.311633815122e-05, 1.0257e+01, 4.5949e-02, 
 2DIAGNOSTIC,    38, -6.045888747655e-01, 1.063321135717e-05, 1.0303e+01, 4.6114e-02, 
 2DIAGNOSTIC,    39, -6.045747732085e-01, 8.304691394498e-06, 1.0372e+01, 6.8904e-02, 
 2DIAGNOSTIC,    40, -6.045979963830e-01, 5.824469321285e-06, 1.0423e+01, 5.1026e-02, 
 2DIAGNOSTIC,    41, -6.046017680129e-01, 3.163112147955e-06, 1.0462e+01, 3.9142e-02, 
DIAGNOSTIC,Iteration,metricValue,convergenceValue,ITERATION_TIME_INDEX,SINCE_LAST
 2DIAGNOSTIC,     1, -5.827593852030e-01, 1.797693134862e+308, 1.4774e+01, 4.3117e+00, 
 2DIAGNOSTIC,     2, -5.857532162725e-01, 1.797693134862e+308, 1.5085e+01, 3.1098e-01, 
 2DIAGNOSTIC,     3, -5.881543708012e-01, 1.797693134862e+308, 1.5398e+01, 3.1265e-01, 
 2DIAGNOSTIC,     4, -5.891021205945e-01, 1.797693134862e+308, 1.5709e+01, 3.1122e-01, 
 2DIAGNOSTIC,     5, -5.892626897197e-01, 1.797693134862e+308, 1.6020e+01, 3.1129e-01, 
 2DIAGNOSTIC,     6, -5.896043980475e-01, 1.797693134862e+308, 1.6385e+01, 3.6487e-01, 
 2DIAGNOSTIC,     7, -5.900521190148e-01, 1.797693134862e+308, 1.6747e+01, 3.6231e-01, 
 2DIAGNOSTIC,     8, -5.902664036509e-01, 1.797693134862e+308, 1.7107e+01, 3.6004e-01, 
 2DIAGNOSTIC,     9, -5.903612519017e-01, 1.797693134862e+308, 1.7420e+01, 3.1303e-01, 
 2DIAGNOSTIC,    10, -5.903859894710e-01, 6.615924743819e-04, 1.7829e+01, 4.0851e-01, 
 2DIAGNOSTIC,    11, -5.904130306127e-01, 3.555598596897e-04, 1.8195e+01, 3.6606e-01, 
 2DIAGNOSTIC,    12, -5.904356155118e-01, 1.878201150194e-04, 1.8560e+01, 3.6537e-01, 
 2DIAGNOSTIC,    13, -5.904372187281e-01, 1.174823983223e-04, 1.8874e+01, 3.1379e-01, 
 2DIAGNOSTIC,    14, -5.904467922930e-01, 7.993115247465e-05, 1.9231e+01, 3.5689e-01, 
 2DIAGNOSTIC,    15, -5.904578454219e-01, 4.577446522708e-05, 1.9594e+01, 3.6280e-01, 
 2DIAGNOSTIC,    16, -5.904542805714e-01, 2.179993498583e-05, 1.9956e+01, 3.6191e-01, 
 2DIAGNOSTIC,    17, -5.904540475951e-01, 1.138893909317e-05, 2.0271e+01, 3.1540e-01, 
 2DIAGNOSTIC,    18, -5.904523321718e-01, 6.899265073544e-06, 2.0583e+01, 3.1224e-01, 
 2DIAGNOSTIC,    19, -5.904554066348e-01, 4.886702316256e-06, 2.0996e+01, 4.1271e-01, 
 2DIAGNOSTIC,    20, -5.904565654979e-01, 3.382492416715e-06, 2.1405e+01, 4.0914e-01, 
 2DIAGNOSTIC,    21, -5.904569870762e-01, 2.474561129714e-06, 2.1770e+01, 3.6444e-01, 
 2DIAGNOSTIC,    22, -5.904547609485e-01, 2.013115340982e-06, 2.2086e+01, 3.1593e-01, 
 2DIAGNOSTIC,    23, -5.904523683687e-01, 1.520480877551e-06, 2.2393e+01, 3.0783e-01, 
 2DIAGNOSTIC,    24, -5.904535172439e-01, 1.264255093683e-06, 2.2705e+01, 3.1212e-01, 
 2DIAGNOSTIC,    25, -5.904553179273e-01, 1.281120676301e-06, 2.3065e+01, 3.5933e-01, 
 2DIAGNOSTIC,    26, -5.904503445075e-01, 1.136951454046e-06, 2.3379e+01, 3.1375e-01, 
 2DIAGNOSTIC,    27, -5.904504685851e-01, 1.015759751088e-06, 2.3691e+01, 3.1250e-01, 
DIAGNOSTIC,Iteration,metricValue,convergenceValue,ITERATION_TIME_INDEX,SINCE_LAST
 2DIAGNOSTIC,     1, -5.128817813674e-01, 1.797693134862e+308, 2.9873e+01, 6.1815e+00, 
  Elapsed time (stage 0): 3.1542e+01


Stage 1
  iterations = 1000x500x250x0
  convergence threshold = 1.0000e-06
  convergence window size = 10
  number of levels = 4
  using the Mattes MI metric (number of bins = 32, weight = 1.0000e+00)
  preprocessing:  winsorizing the image intensities
  Shrink factors (level 1 out of 4): [12, 12, 5]
  Shrink factors (level 2 out of 4): [8, 8, 3]
  Shrink factors (level 3 out of 4): [4, 4, 2]
  Shrink factors (level 4 out of 4): [2, 2, 1]
  smoothing sigmas per level: [4, 3, 2, 1]
  regular sampling (percentage = 2.5000e-01)

*** Running AffineTransform registration ***

DIAGNOSTIC,Iteration,metricValue,convergenceValue,ITERATION_TIME_INDEX,SINCE_LAST
 2DIAGNOSTIC,     1, -6.332100241187e-01, 1.797693134862e+308, 3.9181e+00, 3.9181e+00, 
 2DIAGNOSTIC,     2, -6.355713024098e-01, 1.797693134862e+308, 3.9273e+00, 9.1929e-03, 
 2DIAGNOSTIC,     3, -6.390223580996e-01, 1.797693134862e+308, 3.9362e+00, 8.9462e-03, 
 2DIAGNOSTIC,     4, -6.441305544022e-01, 1.797693134862e+308, 3.9502e+00, 1.3923e-02, 
 2DIAGNOSTIC,     5, -6.490822230964e-01, 1.797693134862e+308, 3.9664e+00, 1.6231e-02, 
 2DIAGNOSTIC,     6, -6.535656810072e-01, 1.797693134862e+308, 3.9771e+00, 1.0712e-02, 
 2DIAGNOSTIC,     7, -6.569999086666e-01, 1.797693134862e+308, 3.9877e+00, 1.0617e-02, 
 2DIAGNOSTIC,     8, -6.591759800752e-01, 1.797693134862e+308, 3.9979e+00, 1.0196e-02, 
 2DIAGNOSTIC,     9, -6.602648593013e-01, 1.797693134862e+308, 4.0126e+00, 1.4666e-02, 
 2DIAGNOSTIC,    10, -6.604349864105e-01, 3.054651178624e-03, 4.0261e+00, 1.3462e-02, 
 2DIAGNOSTIC,    11, -6.608214026302e-01, 2.409541633880e-03, 4.0459e+00, 1.9865e-02, 
 2DIAGNOSTIC,    12, -6.609891655191e-01, 1.748901422442e-03, 4.0567e+00, 1.0816e-02, 
 2DIAGNOSTIC,    13, -6.609427607730e-01, 1.145857507764e-03, 4.0671e+00, 1.0394e-02, 
 2DIAGNOSTIC,    14, -6.609823130204e-01, 6.849410265285e-04, 4.0763e+00, 9.1369e-03, 
 2DIAGNOSTIC,    15, -6.610364195656e-01, 3.674706595357e-04, 4.0864e+00, 1.0173e-02, 
 2DIAGNOSTIC,    16, -6.610963275572e-01, 1.783988294743e-04, 4.0958e+00, 9.3780e-03, 
 2DIAGNOSTIC,    17, -6.611135850409e-01, 8.250640414702e-05, 4.1137e+00, 1.7912e-02, 
 2DIAGNOSTIC,    18, -6.611254021045e-01, 4.219787433216e-05, 4.1267e+00, 1.2955e-02, 
 2DIAGNOSTIC,    19, -6.612408569157e-01, 3.000443274277e-05, 4.1363e+00, 9.6190e-03, 
 2DIAGNOSTIC,    20, -6.613467891227e-01, 2.209673615796e-05, 4.1458e+00, 9.5110e-03, 
 2DIAGNOSTIC,    21, -6.615500892039e-01, 2.506391325108e-05, 4.1550e+00, 9.1741e-03, 
 2DIAGNOSTIC,    22, -6.619818424175e-01, 3.736237735700e-05, 4.1641e+00, 9.1569e-03, 
 2DIAGNOSTIC,    23, -6.627161341258e-01, 5.802054421710e-05, 4.1738e+00, 9.6340e-03, 
 2DIAGNOSTIC,    24, -6.648400369547e-01, 1.103768341049e-04, 4.2016e+00, 2.7830e-02, 
 2DIAGNOSTIC,    25, -6.653047996730e-01, 1.563855116278e-04, 4.2114e+00, 9.7489e-03, 
 2DIAGNOSTIC,    26, -6.654095296277e-01, 1.873065202271e-04, 4.2218e+00, 1.0447e-02, 
 2DIAGNOSTIC,    27, -6.658672073051e-01, 2.064576964332e-04, 4.2310e+00, 9.2270e-03, 
 2DIAGNOSTIC,    28, -6.661220260071e-01, 2.085983019823e-04, 4.2412e+00, 1.0128e-02, 
 2DIAGNOSTIC,    29, -6.663466583768e-01, 1.955635160489e-04, 4.2555e+00, 1.4315e-02, 
 2DIAGNOSTIC,    30, -6.664110455233e-01, 1.674692206606e-04, 4.2699e+00, 1.4385e-02, 
 2DIAGNOSTIC,    31, -6.663638887197e-01, 1.280684823291e-04, 4.2837e+00, 1.3867e-02, 
 2DIAGNOSTIC,    32, -6.663931257142e-01, 8.545981573041e-05, 4.2934e+00, 9.6340e-03, 
 2DIAGNOSTIC,    33, -6.663635331488e-01, 4.586912379822e-05, 4.3029e+00, 9.5270e-03, 
 2DIAGNOSTIC,    34, -6.664251260375e-01, 3.196732367110e-05, 4.3132e+00, 1.0280e-02, 
 2DIAGNOSTIC,    35, -6.666371386140e-01, 2.429523601205e-05, 4.3257e+00, 1.2498e-02, 
 2DIAGNOSTIC,    36, -6.667506614479e-01, 1.730276500786e-05, 4.3420e+00, 1.6291e-02, 
 2DIAGNOSTIC,    37, -6.667649737624e-01, 1.458531637608e-05, 4.3573e+00, 1.5375e-02, 
 2DIAGNOSTIC,    38, -6.667988817991e-01, 1.395689581908e-05, 4.3681e+00, 1.0779e-02, 
 2DIAGNOSTIC,    39, -6.668533520955e-01, 1.516364749146e-05, 4.3775e+00, 9.3520e-03, 
 2DIAGNOSTIC,    40, -6.668756371696e-01, 1.583247985641e-05, 4.3866e+00, 9.1569e-03, 
 2DIAGNOSTIC,    41, -6.668684883493e-01, 1.443953102584e-05, 4.3957e+00, 9.0818e-03, 
 2DIAGNOSTIC,    42, -6.669948570910e-01, 1.346099417386e-05, 4.4048e+00, 9.0570e-03, 
 2DIAGNOSTIC,    43, -6.672891999330e-01, 1.394809872510e-05, 4.4245e+00, 1.9715e-02, 
 2DIAGNOSTIC,    44, -6.677255646171e-01, 1.789358130926e-05, 4.4418e+00, 1.7305e-02, 
 2DIAGNOSTIC,    45, -6.677387093687e-01, 2.207651823454e-05, 4.4523e+00, 1.0539e-02, 
 2DIAGNOSTIC,    46, -6.680380506447e-01, 2.798370576962e-05, 4.4627e+00, 1.0407e-02, 
 2DIAGNOSTIC,    47, -6.679223139608e-01, 3.005762222794e-05, 4.4718e+00, 9.0301e-03, 
 2DIAGNOSTIC,    48, -6.679250735839e-01, 2.954744249094e-05, 4.4818e+00, 1.0056e-02, 
 2DIAGNOSTIC,    49, -6.679298768629e-01, 2.677821539184e-05, 4.4989e+00, 1.7129e-02, 
 2DIAGNOSTIC,    50, -6.678648616617e-01, 2.126350587644e-05, 4.5139e+00, 1.4933e-02, 
 2DIAGNOSTIC,    51, -6.678708303892e-01, 1.401643055363e-05, 4.5234e+00, 9.5661e-03, 
 2DIAGNOSTIC,    52, -6.678844733403e-01, 6.897353353564e-06, 4.5339e+00, 1.0483e-02, 
 2DIAGNOSTIC,    53, -6.678207623351e-01, 1.245703880048e-06, 4.5453e+00, 1.1352e-02, 
DIAGNOSTIC,Iteration,metricValue,convergenceValue,ITERATION_TIME_INDEX,SINCE_LAST
 2DIAGNOSTIC,     1, -6.024695933643e-01, 1.797693134862e+308, 8.5166e+00, 3.9714e+00, 
 2DIAGNOSTIC,     2, -6.037512705722e-01, 1.797693134862e+308, 8.5703e+00, 5.3622e-02, 
 2DIAGNOSTIC,     3, -6.052898159391e-01, 1.797693134862e+308, 8.6160e+00, 4.5707e-02, 
 2DIAGNOSTIC,     4, -6.069229250762e-01, 1.797693134862e+308, 8.6730e+00, 5.7039e-02, 
 2DIAGNOSTIC,     5, -6.082107390518e-01, 1.797693134862e+308, 8.7273e+00, 5.4273e-02, 
 2DIAGNOSTIC,     6, -6.094566106408e-01, 1.797693134862e+308, 8.7717e+00, 4.4396e-02, 
 2DIAGNOSTIC,     7, -6.107048682163e-01, 1.797693134862e+308, 8.8340e+00, 6.2369e-02, 
 2DIAGNOSTIC,     8, -6.120635831034e-01, 1.797693134862e+308, 8.9183e+00, 8.4218e-02, 
 2DIAGNOSTIC,     9, -6.124141814618e-01, 1.797693134862e+308, 8.9768e+00, 5.8594e-02, 
 2DIAGNOSTIC,    10, -6.125946721044e-01, 1.143995184372e-03, 9.0181e+00, 4.1221e-02, 
 2DIAGNOSTIC,    11, -6.129272671378e-01, 9.118658670166e-04, 9.0719e+00, 5.3831e-02, 
 2DIAGNOSTIC,    12, -6.135154683454e-01, 7.084592736452e-04, 9.1337e+00, 6.1764e-02, 
 2DIAGNOSTIC,    13, -6.138101523170e-01, 5.368065725998e-04, 9.2227e+00, 8.9078e-02, 
 2DIAGNOSTIC,    14, -6.139377928730e-01, 3.996255045240e-04, 9.2821e+00, 5.9312e-02, 
 2DIAGNOSTIC,    15, -6.139403215354e-01, 2.848276630732e-04, 9.3269e+00, 4.4825e-02, 
 2DIAGNOSTIC,    16, -6.139719892919e-01, 1.952647824055e-04, 9.3834e+00, 5.6512e-02, 
 2DIAGNOSTIC,    17, -6.141014695841e-01, 1.350587956295e-04, 9.4231e+00, 3.9720e-02, 
 2DIAGNOSTIC,    18, -6.143793864039e-01, 1.112386434238e-04, 9.4772e+00, 5.4108e-02, 
 2DIAGNOSTIC,    19, -6.152669016091e-01, 1.100843770896e-04, 9.5589e+00, 8.1726e-02, 
 2DIAGNOSTIC,    20, -6.156524619851e-01, 1.117093483579e-04, 9.6513e+00, 9.2368e-02, 
 2DIAGNOSTIC,    21, -6.156562394213e-01, 1.101907598193e-04, 9.8183e+00, 1.6698e-01, 
 2DIAGNOSTIC,    22, -6.156562393479e-01, 1.112766639497e-04, 9.8763e+00, 5.8041e-02, 
 2DIAGNOSTIC,    23, -6.156562395158e-01, 1.078397645895e-04, 9.9286e+00, 5.2262e-02, 
 2DIAGNOSTIC,    24, -6.156562397999e-01, 9.689510001189e-05, 9.9762e+00, 4.7610e-02, 
 2DIAGNOSTIC,    25, -6.156562402802e-01, 7.781995352970e-05, 1.0032e+01, 5.6128e-02, 
 2DIAGNOSTIC,    26, -6.156562410923e-01, 5.381328827697e-05, 1.0083e+01, 5.0346e-02, 
 2DIAGNOSTIC,    27, -6.156562424657e-01, 2.902279528438e-05, 1.0130e+01, 4.7090e-02, 
 2DIAGNOSTIC,    28, -6.156562447879e-01, 7.648605795052e-06, 1.0189e+01, 5.8832e-02, 
 2DIAGNOSTIC,    29, -6.156562487146e-01, 1.163011239702e-06, 1.0231e+01, 4.2810e-02, 
 2DIAGNOSTIC,    30, -6.156562553542e-01, 1.065843491396e-06, 1.0285e+01, 5.3258e-02, 
 2DIAGNOSTIC,    31, -6.156562665805e-01, 1.031608782814e-06, 1.0342e+01, 5.6909e-02, 
DIAGNOSTIC,Iteration,metricValue,convergenceValue,ITERATION_TIME_INDEX,SINCE_LAST
 2DIAGNOSTIC,     1, -5.825798791751e-01, 1.797693134862e+308, 1.4678e+01, 4.3366e+00, 
 2DIAGNOSTIC,     2, -5.846002239870e-01, 1.797693134862e+308, 1.5030e+01, 3.5208e-01, 
 2DIAGNOSTIC,     3, -5.865283995220e-01, 1.797693134862e+308, 1.5375e+01, 3.4458e-01, 
 2DIAGNOSTIC,     4, -5.875837893069e-01, 1.797693134862e+308, 1.5727e+01, 3.5213e-01, 
 2DIAGNOSTIC,     5, -5.882891226400e-01, 1.797693134862e+308, 1.6071e+01, 3.4373e-01, 
 2DIAGNOSTIC,     6, -5.889802503704e-01, 1.797693134862e+308, 1.6423e+01, 3.5263e-01, 
 2DIAGNOSTIC,     7, -5.897445570432e-01, 1.797693134862e+308, 1.6869e+01, 4.4556e-01, 
 2DIAGNOSTIC,     8, -5.899019493642e-01, 1.797693134862e+308, 1.7218e+01, 3.4954e-01, 
 2DIAGNOSTIC,     9, -5.905612855227e-01, 1.797693134862e+308, 1.7615e+01, 3.9612e-01, 
 2DIAGNOSTIC,    10, -5.917211310273e-01, 8.654197426722e-04, 1.8019e+01, 4.0423e-01, 
 2DIAGNOSTIC,    11, -5.918354886282e-01, 6.502125792632e-04, 1.8389e+01, 3.7017e-01, 
 2DIAGNOSTIC,    12, -5.918918848827e-01, 4.955684000385e-04, 1.8706e+01, 3.1711e-01, 
 2DIAGNOSTIC,    13, -5.920213934517e-01, 3.967336920137e-04, 1.9079e+01, 3.7313e-01, 
 2DIAGNOSTIC,    14, -5.920721114606e-01, 3.138255444151e-04, 1.9410e+01, 3.3096e-01, 
 2DIAGNOSTIC,    15, -5.921056950210e-01, 2.363968626620e-04, 1.9785e+01, 3.7481e-01, 
 2DIAGNOSTIC,    16, -5.922707582839e-01, 1.725850452030e-04, 2.0299e+01, 5.1428e-01, 
 2DIAGNOSTIC,    17, -5.922675443916e-01, 1.226719727936e-04, 2.0671e+01, 3.7170e-01, 
 2DIAGNOSTIC,    18, -5.922783610760e-01, 7.159314515993e-05, 2.0987e+01, 3.1656e-01, 
 2DIAGNOSTIC,    19, -5.922960225508e-01, 3.584535316638e-05, 2.1348e+01, 3.6071e-01, 
 2DIAGNOSTIC,    20, -5.922964055533e-01, 2.839687579947e-05, 2.1753e+01, 4.0515e-01, 
 2DIAGNOSTIC,    21, -5.923025972480e-01, 2.188830341628e-05, 2.2114e+01, 3.6045e-01, 
 2DIAGNOSTIC,    22, -5.923025998308e-01, 1.523960295148e-05, 2.2424e+01, 3.0973e-01, 
 2DIAGNOSTIC,    23, -5.923068087742e-01, 1.071090264695e-05, 2.2772e+01, 3.4816e-01, 
 2DIAGNOSTIC,    24, -5.923140811417e-01, 6.862296496539e-06, 2.3117e+01, 3.4560e-01, 
 2DIAGNOSTIC,    25, -5.923183720557e-01, 3.438787551782e-06, 2.3458e+01, 3.4071e-01, 
 2DIAGNOSTIC,    26, -5.923192489091e-01, 3.155429726141e-06, 2.3807e+01, 3.4890e-01, 
 2DIAGNOSTIC,    27, -5.923209144432e-01, 2.684167807729e-06, 2.4156e+01, 3.4961e-01, 
 2DIAGNOSTIC,    28, -5.923250354310e-01, 2.353585988601e-06, 2.4506e+01, 3.4936e-01, 
 2DIAGNOSTIC,    29, -5.923262477322e-01, 2.241377076127e-06, 2.4851e+01, 3.4492e-01, 
 2DIAGNOSTIC,    30, -5.923268926168e-01, 2.042489960635e-06, 2.5194e+01, 3.4342e-01, 
 2DIAGNOSTIC,    31, -5.923275185106e-01, 1.872568729057e-06, 2.5543e+01, 3.4882e-01, 
 2DIAGNOSTIC,    32, -5.923155328973e-01, 1.453228962389e-06, 2.5848e+01, 3.0501e-01, 
 2DIAGNOSTIC,    33, -5.923183656299e-01, 1.120664538959e-06, 2.6240e+01, 3.9241e-01, 
DIAGNOSTIC,Iteration,metricValue,convergenceValue,ITERATION_TIME_INDEX,SINCE_LAST
 2DIAGNOSTIC,     1, -5.114688966276e-01, 1.797693134862e+308, 3.2606e+01, 6.3651e+00, 
  Elapsed time (stage 1): 3.4273e+01


Total elapsed time: 6.5823e+01
Using double precision for computations.
Input scalar image: /home/ccn30/rds/rds-p00500_encrypt-URQgmO1brZ0/p00500/ENCRYPT_images/32530/T2/N4t2.nii
Reference image: /home/ccn30/rds/rds-p00500_encrypt-URQgmO1brZ0/p00500/ENCRYPT_images/32530/mp2rage/n4mag0000_PSIR_skulled_std.nii
Can't read initial transform T1xT2_ANTs_0GenericAffine.mat
