This is job 31
Time: Thu 16 Sep 12:56:46 BST 2021
Running on master node: cpu-p-38
Current directory: /rds/user/ccn30/hpc-work/WBIC_lustre/ENCRYPT/scripts/Registration/slurmoutputs
Changed directory to /home/ccn30/rds/hpc-work/WBIC_lustre/ENCRYPT/scripts/Registration/slurmoutputs.

JobID: 46502805
======
Time: Thu 16 Sep 12:56:46 BST 2021
Running on master node: cpu-p-38
Current directory: /home/ccn30/rds/hpc-work/WBIC_lustre/ENCRYPT/scripts/Registration/slurmoutputs

Nodes allocated:
================
cpu-p-38

numtasks=, numnodes=, mpi_tasks_per_node= (OMP_NUM_THREADS=1)

Executing command:
==================
/home/ccn30/rds/hpc-work/WBIC_lustre/ENCRYPT/scripts/Registration/coreg_main.sh /home/ccn30/rds/hpc-work/WBIC_lustre/ENCRYPT/ENCRYPT_MasterRIScodes.txt 31 /home/ccn30/rds/rds-p00500_encrypt-URQgmO1brZ0/p00500 /home/ccn30/rds/hpc-work/WBIC_home/ENCRYPT/atlases/magdeburgatlas

******** starting 32073 ********
All_Command_lines_OK
Using double precision for computations.
=============================================================================
The composite transform comprises the following transforms (in order): 
  1. Center of mass alignment using fixed image: /home/ccn30/rds/hpc-work/WBIC_home/ENCRYPT/atlases/magdeburgatlas/template/template.nii.gz and moving image: /home/ccn30/rds/rds-p00500_encrypt-URQgmO1brZ0/p00500/ENCRYPT_images/32073/mp2rage/denoise_n4mag0000_PSIR_skulled_std.nii (type = Euler3DTransform)
=============================================================================
  number of levels = 4
  number of levels = 4
  fixed image: /home/ccn30/rds/hpc-work/WBIC_home/ENCRYPT/atlases/magdeburgatlas/template/template.nii.gz
  moving image: /home/ccn30/rds/rds-p00500_encrypt-URQgmO1brZ0/p00500/ENCRYPT_images/32073/mp2rage/denoise_n4mag0000_PSIR_skulled_std.nii
  fixed image: /home/ccn30/rds/hpc-work/WBIC_home/ENCRYPT/atlases/magdeburgatlas/template/template.nii.gz
  moving image: /home/ccn30/rds/rds-p00500_encrypt-URQgmO1brZ0/p00500/ENCRYPT_images/32073/mp2rage/denoise_n4mag0000_PSIR_skulled_std.nii
Dimension = 3
Number of stages = 2
Use Histogram Matching true
Winsorize image intensities true
Lower quantile = 0.005
Upper quantile = 0.995
Stage 1 State
   Image metric = Mattes
     Fixed image = Image (0x3346200)
  RTTI typeinfo:   itk::Image<double, 3u>
  Reference Count: 2
  Modified Time: 1698
  Debug: Off
  Object Name: 
  Observers: 
    none
  Source: (none)
  Source output name: (none)
  Release Data: Off
  Data Released: False
  Global Release Data: Off
  PipelineMTime: 0
  UpdateMTime: 1481
  RealTimeStamp: 0 seconds 
  LargestPossibleRegion: 
    Dimension: 3
    Index: [0, 0, 0]
    Size: [384, 301, 288]
  BufferedRegion: 
    Dimension: 3
    Index: [0, 0, 0]
    Size: [384, 301, 288]
  RequestedRegion: 
    Dimension: 3
    Index: [0, 0, 0]
    Size: [384, 301, 288]
  Spacing: [0.598958, 0.598958, 0.599937]
  Origin: [83.4012, -147.626, 85.1783]
  Direction: 
-0 0 -1
1 -0 0
0 -1 0

  IndexToPointMatrix: 
0 0 -0.599937
0.598958 0 0
0 -0.598958 0

  PointToIndexMatrix: 
0 1.66957 0
0 0 -1.66957
-1.66684 0 0

  Inverse Direction: 
0 1 0
0 0 -1
-1 0 0

  PixelContainer: 
    ImportImageContainer (0x3336dc0)
      RTTI typeinfo:   itk::ImportImageContainer<unsigned long, double>
      Reference Count: 1
      Modified Time: 1478
      Debug: Off
      Object Name: 
      Observers: 
        none
      Pointer: 0x2ae6fb520010
      Container manages memory: true
      Size: 33288192
      Capacity: 33288192

     Moving image = Image (0x334a3f0)
  RTTI typeinfo:   itk::Image<double, 3u>
  Reference Count: 2
  Modified Time: 1699
  Debug: Off
  Object Name: 
  Observers: 
    none
  Source: (none)
  Source output name: (none)
  Release Data: Off
  Data Released: False
  Global Release Data: Off
  PipelineMTime: 0
  UpdateMTime: 1696
  RealTimeStamp: 0 seconds 
  LargestPossibleRegion: 
    Dimension: 3
    Index: [0, 0, 0]
    Size: [224, 320, 320]
  BufferedRegion: 
    Dimension: 3
    Index: [0, 0, 0]
    Size: [224, 320, 320]
  RequestedRegion: 
    Dimension: 3
    Index: [0, 0, 0]
    Size: [224, 320, 320]
  Spacing: [0.7, 0.7, 0.7]
  Origin: [-80.5301, 69.7817, -89.6708]
  Direction: 
1 0 0
0 -1 0
0 0 1

  IndexToPointMatrix: 
0.7 0 0
0 -0.7 0
0 0 0.7

  PointToIndexMatrix: 
1.42857 0 0
0 -1.42857 0
0 0 1.42857

  Inverse Direction: 
1 0 0
0 -1 0
0 0 1

  PixelContainer: 
    ImportImageContainer (0x334a6b0)
      RTTI typeinfo:   itk::ImportImageContainer<unsigned long, double>
      Reference Count: 1
      Modified Time: 1693
      Debug: Off
      Object Name: 
      Observers: 
        none
      Pointer: 0x2ae70b319010
      Container manages memory: true
      Size: 22937600
      Capacity: 22937600

     Weighting = 1
     Sampling strategy = regular
     Number of bins = 32
     Radius = 4
     Sampling percentage  = 0.25
   Transform = Rigid
     Gradient step = 0.1
     Update field sigma (voxel space) = 0
     Total field sigma (voxel space) = 0
     Update field time sigma = 0
     Total field time sigma  = 0
     Number of time indices = 0
     Number of time point samples = 0
Stage 2 State
   Image metric = Mattes
     Fixed image = Image (0x3359060)
  RTTI typeinfo:   itk::Image<double, 3u>
  Reference Count: 2
  Modified Time: 2130
  Debug: Off
  Object Name: 
  Observers: 
    none
  Source: (none)
  Source output name: (none)
  Release Data: Off
  Data Released: False
  Global Release Data: Off
  PipelineMTime: 0
  UpdateMTime: 1913
  RealTimeStamp: 0 seconds 
  LargestPossibleRegion: 
    Dimension: 3
    Index: [0, 0, 0]
    Size: [384, 301, 288]
  BufferedRegion: 
    Dimension: 3
    Index: [0, 0, 0]
    Size: [384, 301, 288]
  RequestedRegion: 
    Dimension: 3
    Index: [0, 0, 0]
    Size: [384, 301, 288]
  Spacing: [0.598958, 0.598958, 0.599937]
  Origin: [83.4012, -147.626, 85.1783]
  Direction: 
-0 0 -1
1 -0 0
0 -1 0

  IndexToPointMatrix: 
0 0 -0.599937
0.598958 0 0
0 -0.598958 0

  PointToIndexMatrix: 
0 1.66957 0
0 0 -1.66957
-1.66684 0 0

  Inverse Direction: 
0 1 0
0 0 -1
-1 0 0

  PixelContainer: 
    ImportImageContainer (0x334d140)
      RTTI typeinfo:   itk::ImportImageContainer<unsigned long, double>
      Reference Count: 1
      Modified Time: 1910
      Debug: Off
      Object Name: 
      Observers: 
        none
      Pointer: 0x2ae71621a010
      Container manages memory: true
      Size: 33288192
      Capacity: 33288192

     Moving image = Image (0x335ae80)
  RTTI typeinfo:   itk::Image<double, 3u>
  Reference Count: 2
  Modified Time: 2131
  Debug: Off
  Object Name: 
  Observers: 
    none
  Source: (none)
  Source output name: (none)
  Release Data: Off
  Data Released: False
  Global Release Data: Off
  PipelineMTime: 0
  UpdateMTime: 2128
  RealTimeStamp: 0 seconds 
  LargestPossibleRegion: 
    Dimension: 3
    Index: [0, 0, 0]
    Size: [224, 320, 320]
  BufferedRegion: 
    Dimension: 3
    Index: [0, 0, 0]
    Size: [224, 320, 320]
  RequestedRegion: 
    Dimension: 3
    Index: [0, 0, 0]
    Size: [224, 320, 320]
  Spacing: [0.7, 0.7, 0.7]
  Origin: [-80.5301, 69.7817, -89.6708]
  Direction: 
1 0 0
0 -1 0
0 0 1

  IndexToPointMatrix: 
0.7 0 0
0 -0.7 0
0 0 0.7

  PointToIndexMatrix: 
1.42857 0 0
0 -1.42857 0
0 0 1.42857

  Inverse Direction: 
1 0 0
0 -1 0
0 0 1

  PixelContainer: 
    ImportImageContainer (0x3355540)
      RTTI typeinfo:   itk::ImportImageContainer<unsigned long, double>
      Reference Count: 1
      Modified Time: 2125
      Debug: Off
      Object Name: 
      Observers: 
        none
      Pointer: 0x2ae726013010
      Container manages memory: true
      Size: 22937600
      Capacity: 22937600

     Weighting = 1
     Sampling strategy = regular
     Number of bins = 32
     Radius = 4
     Sampling percentage  = 0.25
   Transform = Affine
     Gradient step = 0.1
     Update field sigma (voxel space) = 0
     Total field sigma (voxel space) = 0
     Update field time sigma = 0
     Total field time sigma  = 0
     Number of time indices = 0
     Number of time point samples = 0
Registration using 2 total stages.

Stage 0
  iterations = 1000x500x250x100
  convergence threshold = 1e-06
  convergence window size = 10
  number of levels = 4
  using the Mattes MI metric (number of bins = 32, weight = 1)
  preprocessing:  winsorizing the image intensities
  preprocessing:  histogram matching the images
  Shrink factors (level 1 out of 4): [8, 8, 8]
  Shrink factors (level 2 out of 4): [4, 4, 4]
  Shrink factors (level 3 out of 4): [2, 2, 2]
  Shrink factors (level 4 out of 4): [1, 1, 1]
  smoothing sigmas per level: [3, 2, 1, 0]
  regular sampling (percentage = 0.25)

*** Running Euler3DTransform registration ***

DIAGNOSTIC,Iteration,metricValue,convergenceValue,ITERATION_TIME_INDEX,SINCE_LAST
 2DIAGNOSTIC,     1, -4.334130027987e-01, 1.797693134862e+308, 2.6180e+00, 2.6180e+00, 
 2DIAGNOSTIC,     2, -4.349734269903e-01, 1.797693134862e+308, 2.6538e+00, 3.5844e-02, 
 2DIAGNOSTIC,     3, -4.377785252166e-01, 1.797693134862e+308, 2.6865e+00, 3.2708e-02, 
 2DIAGNOSTIC,     4, -4.417580860356e-01, 1.797693134862e+308, 2.7186e+00, 3.2034e-02, 
 2DIAGNOSTIC,     5, -4.499185419788e-01, 1.797693134862e+308, 2.7555e+00, 3.6914e-02, 
 2DIAGNOSTIC,     6, -4.631484965989e-01, 1.797693134862e+308, 2.7904e+00, 3.4953e-02, 
 2DIAGNOSTIC,     7, -4.846241725319e-01, 1.797693134862e+308, 2.8223e+00, 3.1903e-02, 
 2DIAGNOSTIC,     8, -5.395467677673e-01, 1.797693134862e+308, 2.8603e+00, 3.7993e-02, 
 2DIAGNOSTIC,     9, -5.474149611508e-01, 1.797693134862e+308, 2.8961e+00, 3.5772e-02, 
 2DIAGNOSTIC,    10, -5.529021831077e-01, 1.849569790262e-02, 2.9302e+00, 3.4073e-02, 
 2DIAGNOSTIC,    11, -5.556429219641e-01, 1.813824862842e-02, 2.9829e+00, 5.2725e-02, 
 2DIAGNOSTIC,    12, -5.563191844089e-01, 1.632797539946e-02, 3.0309e+00, 4.7955e-02, 
 2DIAGNOSTIC,    13, -5.564731515785e-01, 1.346830190492e-02, 3.0613e+00, 3.0408e-02, 
 2DIAGNOSTIC,    14, -5.569289142228e-01, 1.002774858060e-02, 3.0980e+00, 3.6759e-02, 
 2DIAGNOSTIC,    15, -5.572694102567e-01, 6.528238140933e-03, 3.1343e+00, 3.6314e-02, 
 2DIAGNOSTIC,    16, -5.578884983584e-01, 3.401968774458e-03, 3.1733e+00, 3.8944e-02, 
 2DIAGNOSTIC,    17, -5.588589706211e-01, 1.054259248230e-03, 3.2092e+00, 3.5947e-02, 
 2DIAGNOSTIC,    18, -5.614957854006e-01, 6.590824947223e-04, 3.2577e+00, 4.8431e-02, 
 2DIAGNOSTIC,    19, -5.626382940947e-01, 5.044901031538e-04, 3.2980e+00, 4.0367e-02, 
 2DIAGNOSTIC,    20, -5.626319593745e-01, 4.686384252450e-04, 3.3348e+00, 3.6795e-02, 
 2DIAGNOSTIC,    21, -5.627014678875e-01, 4.670148115853e-04, 3.3688e+00, 3.3978e-02, 
 2DIAGNOSTIC,    22, -5.629892811914e-01, 4.459433074273e-04, 3.4086e+00, 3.9750e-02, 
 2DIAGNOSTIC,    23, -5.630940846005e-01, 3.901097627481e-04, 3.4470e+00, 3.8402e-02, 
 2DIAGNOSTIC,    24, -5.631558839515e-01, 3.142746943890e-04, 3.4841e+00, 3.7109e-02, 
 2DIAGNOSTIC,    25, -5.634023989142e-01, 2.290596914545e-04, 3.5221e+00, 3.8034e-02, 
 2DIAGNOSTIC,    26, -5.635003569158e-01, 1.446133967422e-04, 3.5613e+00, 3.9158e-02, 
 2DIAGNOSTIC,    27, -5.639221613281e-01, 7.967528623958e-05, 3.6041e+00, 4.2892e-02, 
 2DIAGNOSTIC,    28, -5.639948176176e-01, 6.324068358622e-05, 3.6577e+00, 5.3578e-02, 
 2DIAGNOSTIC,    29, -5.639001299644e-01, 6.159160741791e-05, 3.6917e+00, 3.3970e-02, 
 2DIAGNOSTIC,    30, -5.638927451973e-01, 5.427018231575e-05, 3.7276e+00, 3.5898e-02, 
 2DIAGNOSTIC,    31, -5.638702142352e-01, 4.306124595270e-05, 3.7613e+00, 3.3715e-02, 
 2DIAGNOSTIC,    32, -5.638996828246e-01, 3.376607929809e-05, 3.7910e+00, 2.9719e-02, 
 2DIAGNOSTIC,    33, -5.639165569156e-01, 2.390446583814e-05, 3.8309e+00, 3.9850e-02, 
 2DIAGNOSTIC,    34, -5.639650358204e-01, 1.422691770504e-05, 3.8706e+00, 3.9694e-02, 
 2DIAGNOSTIC,    35, -5.639589953581e-01, 7.553083836764e-06, 3.9061e+00, 3.5533e-02, 
 2DIAGNOSTIC,    36, -5.639648930958e-01, 1.995290256785e-06, 3.9369e+00, 3.0800e-02, 
 2DIAGNOSTIC,    37, -5.639578108293e-01, 2.510425172145e-06, 3.9739e+00, 3.6970e-02, 
 2DIAGNOSTIC,    38, -5.640073837273e-01, 4.562745954104e-06, 4.0106e+00, 3.6704e-02, 
 2DIAGNOSTIC,    39, -5.640674953681e-01, 5.663081010299e-06, 4.0447e+00, 3.4150e-02, 
 2DIAGNOSTIC,    40, -5.640830600071e-01, 6.354200967108e-06, 4.0791e+00, 3.4371e-02, 
 2DIAGNOSTIC,    41, -5.640838666515e-01, 6.220660830142e-06, 4.1279e+00, 4.8787e-02, 
 2DIAGNOSTIC,    42, -5.640954480348e-01, 6.102861260258e-06, 4.1971e+00, 6.9174e-02, 
 2DIAGNOSTIC,    43, -5.640954842189e-01, 5.659281358924e-06, 4.2280e+00, 3.0946e-02, 
 2DIAGNOSTIC,    44, -5.640957090400e-01, 5.337050066907e-06, 4.2653e+00, 3.7253e-02, 
 2DIAGNOSTIC,    45, -5.640960473802e-01, 4.528017560148e-06, 4.3019e+00, 3.6678e-02, 
 2DIAGNOSTIC,    46, -5.640964980961e-01, 3.483568231773e-06, 4.3315e+00, 2.9533e-02, 
 2DIAGNOSTIC,    47, -5.640970500037e-01, 2.140801310183e-06, 4.3657e+00, 3.4274e-02, 
 2DIAGNOSTIC,    48, -5.640977432251e-01, 1.247201255234e-06, 4.4039e+00, 3.8174e-02, 
 2DIAGNOSTIC,    49, -5.641120378497e-01, 1.126179929128e-06, 4.4355e+00, 3.1617e-02, 
 2DIAGNOSTIC,    50, -5.641122086675e-01, 1.127558306627e-06, 4.4815e+00, 4.5994e-02, 
 2DIAGNOSTIC,    51, -5.641122148582e-01, 1.090501678822e-06, 4.5278e+00, 4.6312e-02, 
 2DIAGNOSTIC,    52, -5.641122148161e-01, 1.130259945463e-06, 4.6499e+00, 1.2210e-01, 
 2DIAGNOSTIC,    53, -5.641122148161e-01, 1.120402949740e-06, 4.7039e+00, 5.3923e-02, 
 2DIAGNOSTIC,    54, -5.641122148161e-01, 1.062693711175e-06, 4.7462e+00, 4.2337e-02, 
DIAGNOSTIC,Iteration,metricValue,convergenceValue,ITERATION_TIME_INDEX,SINCE_LAST
 2DIAGNOSTIC,     1, -4.838458717839e-01, 1.797693134862e+308, 7.6869e+00, 2.9407e+00, 
 2DIAGNOSTIC,     2, -4.841950873785e-01, 1.797693134862e+308, 7.9340e+00, 2.4713e-01, 
 2DIAGNOSTIC,     3, -4.846425831960e-01, 1.797693134862e+308, 8.1784e+00, 2.4435e-01, 
 2DIAGNOSTIC,     4, -4.850830332605e-01, 1.797693134862e+308, 8.4227e+00, 2.4432e-01, 
 2DIAGNOSTIC,     5, -4.855194831500e-01, 1.797693134862e+308, 8.6609e+00, 2.3816e-01, 
 2DIAGNOSTIC,     6, -4.856639443367e-01, 1.797693134862e+308, 8.9000e+00, 2.3916e-01, 
 2DIAGNOSTIC,     7, -4.858521154615e-01, 1.797693134862e+308, 9.1853e+00, 2.8524e-01, 
 2DIAGNOSTIC,     8, -4.861965928948e-01, 1.797693134862e+308, 9.8167e+00, 6.3141e-01, 
 2DIAGNOSTIC,     9, -4.861958779853e-01, 1.797693134862e+308, 1.0064e+01, 2.4721e-01, 
 2DIAGNOSTIC,    10, -4.862008889018e-01, 3.297625451698e-04, 1.0304e+01, 2.4040e-01, 
 2DIAGNOSTIC,    11, -4.862088441400e-01, 2.426078184361e-04, 1.0545e+01, 2.4109e-01, 
 2DIAGNOSTIC,    12, -4.862229371178e-01, 1.659603690717e-04, 1.0784e+01, 2.3851e-01, 
 2DIAGNOSTIC,    13, -4.862414938731e-01, 1.068333119328e-04, 1.1024e+01, 2.4000e-01, 
 2DIAGNOSTIC,    14, -4.862631999660e-01, 6.561866751779e-05, 1.1267e+01, 2.4271e-01, 
 2DIAGNOSTIC,    15, -4.862947354685e-01, 4.251754066238e-05, 1.1549e+01, 2.8252e-01, 
 2DIAGNOSTIC,    16, -4.863215168812e-01, 2.480083250851e-05, 1.1828e+01, 2.7851e-01, 
 2DIAGNOSTIC,    17, -4.863360826683e-01, 1.369901250504e-05, 1.2068e+01, 2.4048e-01, 
 2DIAGNOSTIC,    18, -4.863605567934e-01, 1.473842394493e-05, 1.2348e+01, 2.8029e-01, 
 2DIAGNOSTIC,    19, -4.864016244766e-01, 1.569480334913e-05, 1.2592e+01, 2.4382e-01, 
 2DIAGNOSTIC,    20, -4.864573802669e-01, 1.699759559826e-05, 1.2873e+01, 2.8080e-01, 
 2DIAGNOSTIC,    21, -4.864953633351e-01, 1.798856949594e-05, 1.3346e+01, 4.7289e-01, 
 2DIAGNOSTIC,    22, -4.865098796157e-01, 1.811367301135e-05, 1.3613e+01, 2.6663e-01, 
 2DIAGNOSTIC,    23, -4.865116196894e-01, 1.719812171345e-05, 1.3876e+01, 2.6305e-01, 
 2DIAGNOSTIC,    24, -4.865080072650e-01, 1.530314409132e-05, 1.4134e+01, 2.5864e-01, 
 2DIAGNOSTIC,    25, -4.865046989311e-01, 1.288290331893e-05, 1.4363e+01, 2.2875e-01, 
 2DIAGNOSTIC,    26, -4.865012040072e-01, 1.007474157329e-05, 1.4591e+01, 2.2812e-01, 
 2DIAGNOSTIC,    27, -4.864999833215e-01, 6.936990655917e-06, 1.4861e+01, 2.6988e-01, 
 2DIAGNOSTIC,    28, -4.864991991483e-01, 3.974931598830e-06, 1.5123e+01, 2.6219e-01, 
 2DIAGNOSTIC,    29, -4.864958717537e-01, 1.692468170666e-06, 1.5407e+01, 2.8341e-01, 
DIAGNOSTIC,Iteration,metricValue,convergenceValue,ITERATION_TIME_INDEX,SINCE_LAST
 2DIAGNOSTIC,     1, -4.134516129394e-01, 1.797693134862e+308, 2.0259e+01, 4.8523e+00, 
 2DIAGNOSTIC,     2, -4.137608481919e-01, 1.797693134862e+308, 2.1970e+01, 1.7110e+00, 
 2DIAGNOSTIC,     3, -4.140755316300e-01, 1.797693134862e+308, 2.3690e+01, 1.7203e+00, 
 2DIAGNOSTIC,     4, -4.142813878032e-01, 1.797693134862e+308, 2.5404e+01, 1.7134e+00, 
 2DIAGNOSTIC,     5, -4.144083688174e-01, 1.797693134862e+308, 2.7123e+01, 1.7198e+00, 
 2DIAGNOSTIC,     6, -4.144320903838e-01, 1.797693134862e+308, 2.9329e+01, 2.2061e+00, 
 2DIAGNOSTIC,     7, -4.144425657288e-01, 1.797693134862e+308, 3.1274e+01, 1.9442e+00, 
 2DIAGNOSTIC,     8, -4.144387145432e-01, 1.797693134862e+308, 3.3484e+01, 2.2103e+00, 
 2DIAGNOSTIC,     9, -4.144358005574e-01, 1.797693134862e+308, 3.5446e+01, 1.9622e+00, 
 2DIAGNOSTIC,    10, -4.144377161122e-01, 1.342271539944e-04, 3.7655e+01, 2.2088e+00, 
 2DIAGNOSTIC,    11, -4.144359566797e-01, 7.249042094880e-05, 3.9617e+01, 1.9625e+00, 
 2DIAGNOSTIC,    12, -4.144367580994e-01, 3.226482486511e-05, 4.1335e+01, 1.7178e+00, 
 2DIAGNOSTIC,    13, -4.144366726579e-01, 1.194997828707e-05, 4.3048e+01, 1.7125e+00, 
 2DIAGNOSTIC,    14, -4.144427284723e-01, 3.905416997935e-06, 4.5017e+01, 1.9697e+00, 
 2DIAGNOSTIC,    15, -4.144475608720e-01, 2.776985352462e-06, 4.6734e+01, 1.7171e+00, 
 2DIAGNOSTIC,    16, -4.144484040143e-01, 2.763821047705e-06, 4.8707e+01, 1.9725e+00, 
 2DIAGNOSTIC,    17, -4.144492902871e-01, 3.148715750051e-06, 5.0935e+01, 2.2276e+00, 
 2DIAGNOSTIC,    18, -4.144507005024e-01, 3.284307010437e-06, 5.3646e+01, 2.7115e+00, 
 2DIAGNOSTIC,    19, -4.144507382714e-01, 3.154065927775e-06, 5.5369e+01, 1.7231e+00, 
 2DIAGNOSTIC,    20, -4.144507274397e-01, 2.964084401161e-06, 5.7421e+01, 2.0517e+00, 
 2DIAGNOSTIC,    21, -4.144506996892e-01, 2.607960377439e-06, 5.9625e+01, 2.2039e+00, 
 2DIAGNOSTIC,    22, -4.144496436573e-01, 2.178371978669e-06, 6.2069e+01, 2.4438e+00, 
 2DIAGNOSTIC,    23, -4.144492049822e-01, 1.699064038761e-06, 6.4270e+01, 2.2011e+00, 
 2DIAGNOSTIC,    24, -4.144490573279e-01, 1.395527790049e-06, 6.6227e+01, 1.9578e+00, 
 2DIAGNOSTIC,    25, -4.144488322194e-01, 1.235897385807e-06, 6.7939e+01, 1.7117e+00, 
 2DIAGNOSTIC,    26, -4.144484350852e-01, 1.103622732430e-06, 6.9630e+01, 1.6909e+00, 
 2DIAGNOSTIC,    27, -4.144484689724e-01, 1.015471608586e-06, 7.1567e+01, 1.9374e+00, 
DIAGNOSTIC,Iteration,metricValue,convergenceValue,ITERATION_TIME_INDEX,SINCE_LAST
 2DIAGNOSTIC,     1, -3.651484583371e-01, 1.797693134862e+308, 8.8573e+01, 1.7006e+01, 
 2DIAGNOSTIC,     2, -3.655939736881e-01, 1.797693134862e+308, 1.0018e+02, 1.1602e+01, 
 2DIAGNOSTIC,     3, -3.663674052253e-01, 1.797693134862e+308, 1.1180e+02, 1.1625e+01, 
 2DIAGNOSTIC,     4, -3.667410907629e-01, 1.797693134862e+308, 1.4050e+02, 2.8703e+01, 
 2DIAGNOSTIC,     5, -3.667411879750e-01, 1.797693134862e+308, 1.5440e+02, 1.3894e+01, 
 2DIAGNOSTIC,     6, -3.667411838120e-01, 1.797693134862e+308, 1.9806e+02, 4.3660e+01, 
 2DIAGNOSTIC,     7, -3.667411838110e-01, 1.797693134862e+308, 2.4180e+02, 4.3746e+01, 
 2DIAGNOSTIC,     8, -3.667411838110e-01, 1.797693134862e+308, 2.5570e+02, 1.3893e+01, 
 2DIAGNOSTIC,     9, -3.667411838110e-01, 1.797693134862e+308, 2.7142e+02, 1.5721e+01, 
 2DIAGNOSTIC,    10, -3.667411838110e-01, 2.248070419853e-04, 2.8536e+02, 1.3940e+01, 
 2DIAGNOSTIC,    11, -3.667411838110e-01, 1.068030193258e-04, 2.9929e+02, 1.3929e+01, 
 2DIAGNOSTIC,    12, -3.667411838110e-01, 2.681354624950e-05, 3.1192e+02, 1.2630e+01, 
 2DIAGNOSTIC,    13, -3.667411838110e-01, 2.453849742873e-06, 3.2628e+02, 1.4362e+01, 
 2DIAGNOSTIC,    14, -3.667411838110e-01, 2.273285466578e-06, 3.4245e+02, 1.6175e+01, 
 2DIAGNOSTIC,    15, -3.667411838110e-01, 2.121862514387e-06, 3.5678e+02, 1.4322e+01, 
 2DIAGNOSTIC,    16, -3.667411838110e-01, 1.989175746744e-06, 3.7291e+02, 1.6136e+01, 
 2DIAGNOSTIC,    17, -3.667411838110e-01, 1.872106939922e-06, 3.8729e+02, 1.4379e+01, 
 2DIAGNOSTIC,    18, -3.667411838110e-01, 1.768051916824e-06, 3.9976e+02, 1.2469e+01, 
 2DIAGNOSTIC,    19, -3.667411838110e-01, 1.674954950882e-06, 4.1407e+02, 1.4315e+01, 
 2DIAGNOSTIC,    20, -3.667411838110e-01, 1.591171635416e-06, 4.2814e+02, 1.4066e+01, 
 2DIAGNOSTIC,    21, -3.667411838110e-01, 1.515370910740e-06, 4.4786e+02, 1.9717e+01, 
 2DIAGNOSTIC,    22, -3.667411838110e-01, 1.446463821476e-06, 4.6240e+02, 1.4548e+01, 
 2DIAGNOSTIC,    23, -3.667411838110e-01, 1.383550865770e-06, 4.7664e+02, 1.4231e+01, 
 2DIAGNOSTIC,    24, -3.667411838110e-01, 1.325882511720e-06, 4.9269e+02, 1.6052e+01, 
 2DIAGNOSTIC,    25, -3.667411838110e-01, 1.272829193336e-06, 5.0695e+02, 1.4267e+01, 
 2DIAGNOSTIC,    26, -3.667411838110e-01, 1.223858232577e-06, 5.2122e+02, 1.4265e+01, 
 2DIAGNOSTIC,    27, -3.667411838110e-01, 1.178515891473e-06, 5.3547e+02, 1.4250e+01, 
 2DIAGNOSTIC,    28, -3.667411838110e-01, 1.136413271367e-06, 5.4973e+02, 1.4255e+01, 
 2DIAGNOSTIC,    29, -3.667411838110e-01, 1.097215130613e-06, 5.6758e+02, 1.7852e+01, 
 2DIAGNOSTIC,    30, -3.667411838110e-01, 1.060630939034e-06, 5.8181e+02, 1.4232e+01, 
 2DIAGNOSTIC,    31, -3.667411838110e-01, 1.026407664487e-06, 5.9605e+02, 1.4242e+01, 
  Elapsed time (stage 0): 6.0497e+02


Stage 1
  iterations = 1000x500x250x100
  convergence threshold = 1.0000e-06
  convergence window size = 10
  number of levels = 4
  using the Mattes MI metric (number of bins = 32, weight = 1.0000e+00)
  preprocessing:  winsorizing the image intensities
  preprocessing:  histogram matching the images
  Shrink factors (level 1 out of 4): [8, 8, 8]
  Shrink factors (level 2 out of 4): [4, 4, 4]
  Shrink factors (level 3 out of 4): [2, 2, 2]
  Shrink factors (level 4 out of 4): [1, 1, 1]
  smoothing sigmas per level: [3, 2, 1, 0]
  regular sampling (percentage = 2.5000e-01)

*** Running AffineTransform registration ***

DIAGNOSTIC,Iteration,metricValue,convergenceValue,ITERATION_TIME_INDEX,SINCE_LAST
 2DIAGNOSTIC,     1, -5.557362472340e-01, 1.797693134862e+308, 2.4468e+00, 2.4468e+00, 
 2DIAGNOSTIC,     2, -5.571821588343e-01, 1.797693134862e+308, 2.4692e+00, 2.2476e-02, 
 2DIAGNOSTIC,     3, -5.595126759374e-01, 1.797693134862e+308, 2.4919e+00, 2.2651e-02, 
 2DIAGNOSTIC,     4, -5.637019149015e-01, 1.797693134862e+308, 2.5142e+00, 2.2298e-02, 
 2DIAGNOSTIC,     5, -5.703321245555e-01, 1.797693134862e+308, 2.5368e+00, 2.2584e-02, 
 2DIAGNOSTIC,     6, -5.798775324544e-01, 1.797693134862e+308, 2.5597e+00, 2.2925e-02, 
 2DIAGNOSTIC,     7, -5.899468048393e-01, 1.797693134862e+308, 2.5834e+00, 2.3673e-02, 
 2DIAGNOSTIC,     8, -5.993066215289e-01, 1.797693134862e+308, 2.6124e+00, 2.9043e-02, 
 2DIAGNOSTIC,     9, -6.015073048881e-01, 1.797693134862e+308, 2.6485e+00, 3.6079e-02, 
 2DIAGNOSTIC,    10, -6.016291413638e-01, 6.219092437438e-03, 2.6712e+00, 2.2692e-02, 
 2DIAGNOSTIC,    11, -6.020255900092e-01, 5.498060724474e-03, 2.6937e+00, 2.2554e-02, 
 2DIAGNOSTIC,    12, -6.023591413619e-01, 4.477397453594e-03, 2.7163e+00, 2.2520e-02, 
 2DIAGNOSTIC,    13, -6.028269499716e-01, 3.317123488058e-03, 2.7389e+00, 2.2676e-02, 
 2DIAGNOSTIC,    14, -6.032303426871e-01, 2.187087961629e-03, 2.7629e+00, 2.3975e-02, 
 2DIAGNOSTIC,    15, -6.034172129077e-01, 1.233017395863e-03, 2.7873e+00, 2.4340e-02, 
 2DIAGNOSTIC,    16, -6.035658595325e-01, 5.777686821602e-04, 2.8139e+00, 2.6686e-02, 
 2DIAGNOSTIC,    17, -6.036235446252e-01, 2.295876103278e-04, 2.8385e+00, 2.4580e-02, 
 2DIAGNOSTIC,    18, -6.040523788748e-01, 1.607325693060e-04, 2.8686e+00, 3.0099e-02, 
 2DIAGNOSTIC,    19, -6.043249277750e-01, 1.470085701583e-04, 2.9081e+00, 3.9494e-02, 
 2DIAGNOSTIC,    20, -6.043526265074e-01, 1.246417649241e-04, 2.9538e+00, 4.5703e-02, 
 2DIAGNOSTIC,    21, -6.043558461791e-01, 1.023524767319e-04, 2.9992e+00, 4.5333e-02, 
 2DIAGNOSTIC,    22, -6.043453503679e-01, 7.969434712246e-05, 3.0416e+00, 4.2437e-02, 
 2DIAGNOSTIC,    23, -6.043445431947e-01, 6.117156226904e-05, 3.0793e+00, 3.7674e-02, 
 2DIAGNOSTIC,    24, -6.043624556314e-01, 4.685985282255e-05, 3.1217e+00, 4.2426e-02, 
 2DIAGNOSTIC,    25, -6.043667562288e-01, 3.313038072507e-05, 3.1595e+00, 3.7833e-02, 
 2DIAGNOSTIC,    26, -6.043925704205e-01, 2.084128021906e-05, 3.1978e+00, 3.8247e-02, 
 2DIAGNOSTIC,    27, -6.044340854381e-01, 9.235185539067e-06, 3.2362e+00, 3.8451e-02, 
 2DIAGNOSTIC,    28, -6.045344688876e-01, 6.608236856359e-06, 3.2793e+00, 4.3045e-02, 
 2DIAGNOSTIC,    29, -6.045994016875e-01, 9.157642895670e-06, 3.3166e+00, 3.7354e-02, 
 2DIAGNOSTIC,    30, -6.045536903266e-01, 1.048067811817e-05, 3.3517e+00, 3.5033e-02, 
 2DIAGNOSTIC,    31, -6.048187434293e-01, 1.501396660838e-05, 3.3942e+00, 4.2581e-02, 
 2DIAGNOSTIC,    32, -6.049847161249e-01, 2.013529855111e-05, 3.4515e+00, 5.7297e-02, 
 2DIAGNOSTIC,    33, -6.050161873311e-01, 2.350723581371e-05, 3.4946e+00, 4.3034e-02, 
 2DIAGNOSTIC,    34, -6.050286997006e-01, 2.503630286376e-05, 3.5366e+00, 4.2074e-02, 
 2DIAGNOSTIC,    35, -6.052386456124e-01, 2.715424558625e-05, 3.5798e+00, 4.3168e-02, 
 2DIAGNOSTIC,    36, -6.051705900384e-01, 2.597912464186e-05, 3.6173e+00, 3.7464e-02, 
 2DIAGNOSTIC,    37, -6.051202443090e-01, 2.234181635443e-05, 3.6559e+00, 3.8649e-02, 
 2DIAGNOSTIC,    38, -6.051727497248e-01, 1.882814468570e-05, 3.6934e+00, 3.7505e-02, 
 2DIAGNOSTIC,    39, -6.052509348677e-01, 1.556446822932e-05, 3.7368e+00, 4.3341e-02, 
 2DIAGNOSTIC,    40, -6.055275706556e-01, 1.367688258351e-05, 3.7998e+00, 6.2995e-02, 
 2DIAGNOSTIC,    41, -6.054366123088e-01, 1.256021376214e-05, 3.8420e+00, 4.2280e-02, 
 2DIAGNOSTIC,    42, -6.053334126786e-01, 1.120579036086e-05, 3.8776e+00, 3.5599e-02, 
 2DIAGNOSTIC,    43, -6.053364064148e-01, 9.369921405177e-06, 3.9155e+00, 3.7820e-02, 
 2DIAGNOSTIC,    44, -6.053484897792e-01, 6.919366094170e-06, 3.9567e+00, 4.1274e-02, 
 2DIAGNOSTIC,    45, -6.053819755192e-01, 6.509389972469e-06, 3.9947e+00, 3.7917e-02, 
 2DIAGNOSTIC,    46, -6.054135401155e-01, 5.222335976187e-06, 4.0459e+00, 5.1245e-02, 
 2DIAGNOSTIC,    47, -6.054505927150e-01, 3.481224240237e-06, 4.0854e+00, 3.9511e-02, 
 2DIAGNOSTIC,    48, -6.054445166671e-01, 2.002286756807e-06, 4.1290e+00, 4.3582e-02, 
 2DIAGNOSTIC,    49, -6.056306235875e-01, 2.919247048126e-06, 4.1727e+00, 4.3674e-02, 
 2DIAGNOSTIC,    50, -6.057993705627e-01, 7.767864047891e-06, 4.2164e+00, 4.3780e-02, 
 2DIAGNOSTIC,    51, -6.058301038976e-01, 1.117854924577e-05, 4.2643e+00, 4.7853e-02, 
 2DIAGNOSTIC,    52, -6.058385282937e-01, 1.261801621844e-05, 4.3959e+00, 1.3164e-01, 
 2DIAGNOSTIC,    53, -6.058385250061e-01, 1.290221669839e-05, 4.4338e+00, 3.7904e-02, 
 2DIAGNOSTIC,    54, -6.058385263288e-01, 1.207419669664e-05, 4.4721e+00, 3.8251e-02, 
 2DIAGNOSTIC,    55, -6.058385285653e-01, 1.042769258600e-05, 4.5110e+00, 3.8957e-02, 
 2DIAGNOSTIC,    56, -6.058385323494e-01, 8.168171784447e-06, 4.5506e+00, 3.9546e-02, 
 2DIAGNOSTIC,    57, -6.058385387617e-01, 5.607751481614e-06, 4.5902e+00, 3.9590e-02, 
 2DIAGNOSTIC,    58, -6.058385495965e-01, 2.578979418501e-06, 4.6294e+00, 3.9254e-02, 
DIAGNOSTIC,Iteration,metricValue,convergenceValue,ITERATION_TIME_INDEX,SINCE_LAST
 2DIAGNOSTIC,     1, -5.086018331864e-01, 1.797693134862e+308, 7.6397e+00, 3.0102e+00, 
 2DIAGNOSTIC,     2, -5.091864722148e-01, 1.797693134862e+308, 7.9170e+00, 2.7735e-01, 
 2DIAGNOSTIC,     3, -5.098308293448e-01, 1.797693134862e+308, 8.1893e+00, 2.7230e-01, 
 2DIAGNOSTIC,     4, -5.103667544584e-01, 1.797693134862e+308, 8.4595e+00, 2.7023e-01, 
 2DIAGNOSTIC,     5, -5.106688185337e-01, 1.797693134862e+308, 8.7706e+00, 3.1109e-01, 
 2DIAGNOSTIC,     6, -5.107224879859e-01, 1.797693134862e+308, 9.0840e+00, 3.1334e-01, 
 2DIAGNOSTIC,     7, -5.107086228184e-01, 1.797693134862e+308, 9.4225e+00, 3.3853e-01, 
 2DIAGNOSTIC,     8, -5.107081085025e-01, 1.797693134862e+308, 9.7378e+00, 3.1524e-01, 
 2DIAGNOSTIC,     9, -5.107107821754e-01, 1.797693134862e+308, 1.0046e+01, 3.0861e-01, 
 2DIAGNOSTIC,    10, -5.107217722118e-01, 2.391405223998e-04, 1.0360e+01, 3.1344e-01, 
 2DIAGNOSTIC,    11, -5.107323774796e-01, 1.336231420180e-04, 1.0675e+01, 3.1485e-01, 
 2DIAGNOSTIC,    12, -5.107269773377e-01, 6.053589468809e-05, 1.0989e+01, 3.1462e-01, 
 2DIAGNOSTIC,    13, -5.107652964993e-01, 2.227727330456e-05, 1.1311e+01, 3.2124e-01, 
 2DIAGNOSTIC,    14, -5.108123849190e-01, 1.050697483138e-05, 1.1661e+01, 3.5032e-01, 
 2DIAGNOSTIC,    15, -5.108078545843e-01, 1.049232085486e-05, 1.2047e+01, 3.8585e-01, 
 2DIAGNOSTIC,    16, -5.108107493436e-01, 1.173460170772e-05, 1.2359e+01, 3.1274e-01, 
 2DIAGNOSTIC,    17, -5.108081877605e-01, 1.142052319069e-05, 1.2681e+01, 3.2185e-01, 
 2DIAGNOSTIC,    18, -5.108077380183e-01, 1.021281195914e-05, 1.3006e+01, 3.2450e-01, 
 2DIAGNOSTIC,    19, -5.108096568513e-01, 8.450174923735e-06, 1.3317e+01, 3.1150e-01, 
 2DIAGNOSTIC,    20, -5.108084872958e-01, 6.508908809211e-06, 1.3624e+01, 3.0700e-01, 
 2DIAGNOSTIC,    21, -5.108066780469e-01, 4.565162936405e-06, 1.3926e+01, 3.0190e-01, 
 2DIAGNOSTIC,    22, -5.108056331850e-01, 2.337697633248e-06, 1.4243e+01, 3.1694e-01, 
 2DIAGNOSTIC,    23, -5.108056962768e-01, 1.116754641498e-06, 1.4515e+01, 2.7145e-01, 
 2DIAGNOSTIC,    24, -5.108065342785e-01, 1.135491665402e-06, 1.4826e+01, 3.1168e-01, 
 2DIAGNOSTIC,    25, -5.108116316493e-01, 1.180078987847e-06, 1.5145e+01, 3.1834e-01, 
 2DIAGNOSTIC,    26, -5.108085031124e-01, 1.225048339173e-06, 1.5417e+01, 2.7273e-01, 
 2DIAGNOSTIC,    27, -5.108118758332e-01, 1.287547256847e-06, 1.5752e+01, 3.3507e-01, 
 2DIAGNOSTIC,    28, -5.108125175792e-01, 1.336145121704e-06, 1.6023e+01, 2.7078e-01, 
 2DIAGNOSTIC,    29, -5.108200859634e-01, 1.543331687878e-06, 1.6373e+01, 3.4936e-01, 
 2DIAGNOSTIC,    30, -5.108198987905e-01, 1.665820527991e-06, 1.6687e+01, 3.1474e-01, 
 2DIAGNOSTIC,    31, -5.108218940684e-01, 1.729561004922e-06, 1.7004e+01, 3.1704e-01, 
 2DIAGNOSTIC,    32, -5.108187462889e-01, 1.651654559696e-06, 1.7319e+01, 3.1505e-01, 
 2DIAGNOSTIC,    33, -5.108188733859e-01, 1.520108280570e-06, 1.7596e+01, 2.7616e-01, 
 2DIAGNOSTIC,    34, -5.108271940289e-01, 1.489082591354e-06, 1.7910e+01, 3.1416e-01, 
 2DIAGNOSTIC,    35, -5.108281751642e-01, 1.501074545097e-06, 1.8217e+01, 3.0696e-01, 
 2DIAGNOSTIC,    36, -5.108285586376e-01, 1.415027541831e-06, 1.8559e+01, 3.4241e-01, 
 2DIAGNOSTIC,    37, -5.108265926370e-01, 1.308031116500e-06, 1.8901e+01, 3.4154e-01, 
 2DIAGNOSTIC,    38, -5.108255214273e-01, 1.155783157757e-06, 1.9168e+01, 2.6719e-01, 
 2DIAGNOSTIC,    39, -5.108231452987e-01, 1.052912740985e-06, 1.9435e+01, 2.6739e-01, 
DIAGNOSTIC,Iteration,metricValue,convergenceValue,ITERATION_TIME_INDEX,SINCE_LAST
 2DIAGNOSTIC,     1, -4.346242477291e-01, 1.797693134862e+308, 2.4728e+01, 5.2930e+00, 
 2DIAGNOSTIC,     2, -4.348472402471e-01, 1.797693134862e+308, 2.6714e+01, 1.9855e+00, 
 2DIAGNOSTIC,     3, -4.349812645869e-01, 1.797693134862e+308, 2.8692e+01, 1.9780e+00, 
 2DIAGNOSTIC,     4, -4.350505733239e-01, 1.797693134862e+308, 3.0673e+01, 1.9816e+00, 
 2DIAGNOSTIC,     5, -4.351157835707e-01, 1.797693134862e+308, 3.2657e+01, 1.9838e+00, 
 2DIAGNOSTIC,     6, -4.352280492019e-01, 1.797693134862e+308, 3.5460e+01, 2.8029e+00, 
 2DIAGNOSTIC,     7, -4.352843589209e-01, 1.797693134862e+308, 3.8210e+01, 2.7500e+00, 
 2DIAGNOSTIC,     8, -4.352847160836e-01, 1.797693134862e+308, 4.0464e+01, 2.2542e+00, 
 2DIAGNOSTIC,     9, -4.352949712429e-01, 1.797693134862e+308, 4.3003e+01, 2.5391e+00, 
 2DIAGNOSTIC,    10, -4.352969582204e-01, 9.493010754594e-05, 4.6325e+01, 3.3214e+00, 
 2DIAGNOSTIC,    11, -4.352969908938e-01, 6.139970058040e-05, 4.8601e+01, 2.2760e+00, 
 2DIAGNOSTIC,    12, -4.352967306832e-01, 4.016706741447e-05, 5.0859e+01, 2.2581e+00, 
 2DIAGNOSTIC,    13, -4.352963963387e-01, 2.555248100426e-05, 5.4210e+01, 3.3515e+00, 
 2DIAGNOSTIC,    14, -4.352962465719e-01, 1.416482064796e-05, 5.6473e+01, 2.2627e+00, 
 2DIAGNOSTIC,    15, -4.352961302854e-01, 5.930859726555e-06, 5.8733e+01, 2.2605e+00, 
 2DIAGNOSTIC,    16, -4.352957740083e-01, 2.885702252819e-06, 6.0740e+01, 2.0071e+00, 
 2DIAGNOSTIC,    17, -4.352957048990e-01, 2.282954558029e-06, 6.2968e+01, 2.2270e+00, 
 2DIAGNOSTIC,    18, -4.352954217426e-01, 1.702211253736e-06, 6.5243e+01, 2.2753e+00, 
 2DIAGNOSTIC,    19, -4.352953245488e-01, 1.535931191093e-06, 6.7232e+01, 1.9894e+00, 
 2DIAGNOSTIC,    20, -4.352953112397e-01, 1.463372319148e-06, 6.9497e+01, 2.2648e+00, 
 2DIAGNOSTIC,    21, -4.352950534137e-01, 1.402670534299e-06, 7.2023e+01, 2.5262e+00, 
 2DIAGNOSTIC,    22, -4.352951157475e-01, 1.352557605964e-06, 7.4016e+01, 1.9929e+00, 
 2DIAGNOSTIC,    23, -4.352948275813e-01, 1.297815263292e-06, 7.6014e+01, 1.9983e+00, 
 2DIAGNOSTIC,    24, -4.352950593041e-01, 1.258027662522e-06, 7.8278e+01, 2.2641e+00, 
 2DIAGNOSTIC,    25, -4.352951116700e-01, 1.226032649133e-06, 8.0553e+01, 2.2747e+00, 
 2DIAGNOSTIC,    26, -4.352952742182e-01, 1.195958464151e-06, 8.2537e+01, 1.9840e+00, 
 2DIAGNOSTIC,    27, -4.352954627139e-01, 1.173790907284e-06, 8.4803e+01, 2.2654e+00, 
 2DIAGNOSTIC,    28, -4.352962928346e-01, 1.166382015201e-06, 8.8137e+01, 3.3349e+00, 
 2DIAGNOSTIC,    29, -4.352963820912e-01, 1.155929351328e-06, 9.0407e+01, 2.2698e+00, 
 2DIAGNOSTIC,    30, -4.352962691615e-01, 1.138112362901e-06, 9.2674e+01, 2.2670e+00, 
 2DIAGNOSTIC,    31, -4.352961287032e-01, 1.105975301390e-06, 9.4933e+01, 2.2585e+00, 
 2DIAGNOSTIC,    32, -4.352959695853e-01, 1.066505882781e-06, 9.6919e+01, 1.9867e+00, 
 2DIAGNOSTIC,    33, -4.352958518675e-01, 1.014195012479e-06, 9.8917e+01, 1.9977e+00, 
DIAGNOSTIC,Iteration,metricValue,convergenceValue,ITERATION_TIME_INDEX,SINCE_LAST
 2DIAGNOSTIC,     1, -3.834323018113e-01, 1.797693134862e+308, 1.1760e+02, 1.8684e+01, 
 2DIAGNOSTIC,     2, -3.837651436263e-01, 1.797693134862e+308, 1.3145e+02, 1.3853e+01, 
 2DIAGNOSTIC,     3, -3.842109538303e-01, 1.797693134862e+308, 1.4541e+02, 1.3955e+01, 
 2DIAGNOSTIC,     4, -3.847207834609e-01, 1.797693134862e+308, 1.5937e+02, 1.3964e+01, 
 2DIAGNOSTIC,     5, -3.849479112358e-01, 1.797693134862e+308, 1.7198e+02, 1.2607e+01, 
 2DIAGNOSTIC,     6, -3.850918971011e-01, 1.797693134862e+308, 1.9288e+02, 2.0901e+01, 
 2DIAGNOSTIC,     7, -3.851085903206e-01, 1.797693134862e+308, 2.0849e+02, 1.5605e+01, 
 2DIAGNOSTIC,     8, -3.851099216121e-01, 1.797693134862e+308, 2.2771e+02, 1.9222e+01, 
 2DIAGNOSTIC,     9, -3.851099995133e-01, 1.797693134862e+308, 2.4512e+02, 1.7410e+01, 
 2DIAGNOSTIC,    10, -3.851100131923e-01, 2.757187678167e-04, 2.6622e+02, 2.1103e+01, 
 2DIAGNOSTIC,    11, -3.851100599004e-01, 1.695882585890e-04, 2.8365e+02, 1.7431e+01, 
 2DIAGNOSTIC,    12, -3.851099648451e-01, 8.647054014435e-05, 2.9930e+02, 1.5652e+01, 
 2DIAGNOSTIC,    13, -3.851098786102e-01, 3.336392378950e-05, 3.1490e+02, 1.5598e+01, 
 2DIAGNOSTIC,    14, -3.851098639899e-01, 1.170147768646e-05, 3.3056e+02, 1.5654e+01, 
 2DIAGNOSTIC,    15, -3.851098052187e-01, 3.056952005545e-06, 3.4592e+02, 1.5360e+01, 
 2DIAGNOSTIC,    16, -3.851097975211e-01, 2.032582536254e-06, 3.6091e+02, 1.4998e+01, 
 2DIAGNOSTIC,    17, -3.851098051485e-01, 1.848796106041e-06, 3.7838e+02, 1.7467e+01, 
 2DIAGNOSTIC,    18, -3.851097920425e-01, 1.741680743676e-06, 3.9221e+02, 1.3827e+01, 
 2DIAGNOSTIC,    19, -3.851097362916e-01, 1.649171556324e-06, 4.0784e+02, 1.5637e+01, 
 2DIAGNOSTIC,    20, -3.851097553346e-01, 1.569502189741e-06, 4.2530e+02, 1.7454e+01, 
 2DIAGNOSTIC,    21, -3.851097549888e-01, 1.501108868360e-06, 4.4090e+02, 1.5602e+01, 
 2DIAGNOSTIC,    22, -3.851097301593e-01, 1.436286452119e-06, 4.5654e+02, 1.5642e+01, 
 2DIAGNOSTIC,    23, -3.851097508381e-01, 1.376002937127e-06, 4.7216e+02, 1.5613e+01, 
 2DIAGNOSTIC,    24, -3.851097408155e-01, 1.320766249882e-06, 4.8600e+02, 1.3841e+01, 
 2DIAGNOSTIC,    25, -3.851097396115e-01, 1.268679657197e-06, 5.0158e+02, 1.5587e+01, 
 2DIAGNOSTIC,    26, -3.851097622856e-01, 1.221403607123e-06, 5.1539e+02, 1.3807e+01, 
 2DIAGNOSTIC,    27, -3.851097354319e-01, 1.177337684753e-06, 5.2966e+02, 1.4273e+01, 
 2DIAGNOSTIC,    28, -3.851097309843e-01, 1.136151220549e-06, 5.4509e+02, 1.5423e+01, 
 2DIAGNOSTIC,    29, -3.851097239226e-01, 1.096226657817e-06, 5.6049e+02, 1.5404e+01, 
 2DIAGNOSTIC,    30, -3.851096899350e-01, 1.058695195774e-06, 5.7411e+02, 1.3624e+01, 
 2DIAGNOSTIC,    31, -3.851096965793e-01, 1.023961661628e-06, 5.8949e+02, 1.5380e+01, 
  Elapsed time (stage 1): 5.9960e+02


Total elapsed time: 1.2046e+03

--------------------------------------------------------------------------------------
 Mapping parameters
--------------------------------------------------------------------------------------
 ANTSPATH is /usr/local/software/spack/spack-git/opt/spack/linux-rhel7-broadwell/gcc-5/ants-2.3.4-lj6vm7ccmij4yywr4ynrttcko4aoflqt/bin

 Dimensionality:           3
 Output name prefix:       T1xT2_ANTs
 Fixed images:             /home/ccn30/rds/rds-p00500_encrypt-URQgmO1brZ0/p00500/ENCRYPT_images/32073/T2/N4t2.nii
 Moving images:            /home/ccn30/rds/rds-p00500_encrypt-URQgmO1brZ0/p00500/ENCRYPT_images/32073/mp2rage/n4mag0000_PSIR_skulled_std.nii
 Mask images:              
 Initial transforms:       
 Number of threads:        1
 Spline distance:          26
 Transform type:           a
 MI histogram bins:        32
 Precision:                d
 Use histogram matching    0
======================================================================================
 antsRegistration call:
--------------------------------------------------------------------------------------
/usr/local/software/spack/spack-git/opt/spack/linux-rhel7-broadwell/gcc-5/ants-2.3.4-lj6vm7ccmij4yywr4ynrttcko4aoflqt/bin/antsRegistration --verbose 1 --dimensionality 3 --float 0 --collapse-output-transforms 1 --output [ T1xT2_ANTs,T1xT2_ANTsWarped.nii.gz,T1xT2_ANTsInverseWarped.nii.gz ] --interpolation Linear --use-histogram-matching 0 --winsorize-image-intensities [ 0.005,0.995 ] --initial-moving-transform [ /home/ccn30/rds/rds-p00500_encrypt-URQgmO1brZ0/p00500/ENCRYPT_images/32073/T2/N4t2.nii,/home/ccn30/rds/rds-p00500_encrypt-URQgmO1brZ0/p00500/ENCRYPT_images/32073/mp2rage/n4mag0000_PSIR_skulled_std.nii,1 ] --transform Rigid[ 0.1 ] --metric MI[ /home/ccn30/rds/rds-p00500_encrypt-URQgmO1brZ0/p00500/ENCRYPT_images/32073/T2/N4t2.nii,/home/ccn30/rds/rds-p00500_encrypt-URQgmO1brZ0/p00500/ENCRYPT_images/32073/mp2rage/n4mag0000_PSIR_skulled_std.nii,1,32,Regular,0.25 ] --convergence [ 1000x500x250x0,1e-6,10 ] --shrink-factors 12x8x4x2 --smoothing-sigmas 4x3x2x1vox --transform Affine[ 0.1 ] --metric MI[ /home/ccn30/rds/rds-p00500_encrypt-URQgmO1brZ0/p00500/ENCRYPT_images/32073/T2/N4t2.nii,/home/ccn30/rds/rds-p00500_encrypt-URQgmO1brZ0/p00500/ENCRYPT_images/32073/mp2rage/n4mag0000_PSIR_skulled_std.nii,1,32,Regular,0.25 ] --convergence [ 1000x500x250x0,1e-6,10 ] --shrink-factors 12x8x4x2 --smoothing-sigmas 4x3x2x1vox
--------------------------------------------------------------------------------------
All_Command_lines_OK
Using double precision for computations.
=============================================================================
The composite transform comprises the following transforms (in order): 
  1. Center of mass alignment using fixed image: /home/ccn30/rds/rds-p00500_encrypt-URQgmO1brZ0/p00500/ENCRYPT_images/32073/T2/N4t2.nii and moving image: /home/ccn30/rds/rds-p00500_encrypt-URQgmO1brZ0/p00500/ENCRYPT_images/32073/mp2rage/n4mag0000_PSIR_skulled_std.nii (type = Euler3DTransform)
=============================================================================
  number of levels = 4
  number of levels = 4
  fixed image: /home/ccn30/rds/rds-p00500_encrypt-URQgmO1brZ0/p00500/ENCRYPT_images/32073/T2/N4t2.nii
  moving image: /home/ccn30/rds/rds-p00500_encrypt-URQgmO1brZ0/p00500/ENCRYPT_images/32073/mp2rage/n4mag0000_PSIR_skulled_std.nii
  fixed image: /home/ccn30/rds/rds-p00500_encrypt-URQgmO1brZ0/p00500/ENCRYPT_images/32073/T2/N4t2.nii
  moving image: /home/ccn30/rds/rds-p00500_encrypt-URQgmO1brZ0/p00500/ENCRYPT_images/32073/mp2rage/n4mag0000_PSIR_skulled_std.nii
Dimension = 3
Number of stages = 2
Use Histogram Matching false
Winsorize image intensities true
Lower quantile = 0.005
Upper quantile = 0.995
Stage 1 State
   Image metric = Mattes
     Fixed image = Image (0x2d4f010)
  RTTI typeinfo:   itk::Image<double, 3u>
  Reference Count: 2
  Modified Time: 1709
  Debug: Off
  Object Name: 
  Observers: 
    none
  Source: (none)
  Source output name: (none)
  Release Data: Off
  Data Released: False
  Global Release Data: Off
  PipelineMTime: 0
  UpdateMTime: 1492
  RealTimeStamp: 0 seconds 
  LargestPossibleRegion: 
    Dimension: 3
    Index: [0, 0, 0]
    Size: [512, 512, 54]
  BufferedRegion: 
    Dimension: 3
    Index: [0, 0, 0]
    Size: [512, 512, 54]
  RequestedRegion: 
    Dimension: 3
    Index: [0, 0, 0]
    Size: [512, 512, 54]
  Spacing: [0.4375, 0.4375, 1.1]
  Origin: [-114.507, -0.795822, -104.113]
  Direction: 
1 -0.000103423 6.46255e-05
-0.000103423 -0.438373 0.898793
6.46255e-05 0.898793 0.438373

  IndexToPointMatrix: 
0.4375 -4.52474e-05 7.1088e-05
-4.52474e-05 -0.191788 0.988672
2.82737e-05 0.393222 0.482211

  PointToIndexMatrix: 
2.28571 -0.000236395 0.000147715
-0.000236395 -1.002 2.05438
5.87504e-05 0.817085 0.398521

  Inverse Direction: 
1 -0.000103423 6.46255e-05
-0.000103423 -0.438373 0.898793
6.46255e-05 0.898793 0.438373

  PixelContainer: 
    ImportImageContainer (0x2d49980)
      RTTI typeinfo:   itk::ImportImageContainer<unsigned long, double>
      Reference Count: 1
      Modified Time: 1489
      Debug: Off
      Object Name: 
      Observers: 
        none
      Pointer: 0x2b9bea234010
      Container manages memory: true
      Size: 14155776
      Capacity: 14155776

     Moving image = Image (0x2d4cb30)
  RTTI typeinfo:   itk::Image<double, 3u>
  Reference Count: 2
  Modified Time: 1710
  Debug: Off
  Object Name: 
  Observers: 
    none
  Source: (none)
  Source output name: (none)
  Release Data: Off
  Data Released: False
  Global Release Data: Off
  PipelineMTime: 0
  UpdateMTime: 1707
  RealTimeStamp: 0 seconds 
  LargestPossibleRegion: 
    Dimension: 3
    Index: [0, 0, 0]
    Size: [224, 320, 320]
  BufferedRegion: 
    Dimension: 3
    Index: [0, 0, 0]
    Size: [224, 320, 320]
  RequestedRegion: 
    Dimension: 3
    Index: [0, 0, 0]
    Size: [224, 320, 320]
  Spacing: [0.7, 0.7, 0.7]
  Origin: [-80.5301, 69.7817, -89.6708]
  Direction: 
1 0 0
0 -1 0
0 0 1

  IndexToPointMatrix: 
0.7 0 0
0 -0.7 0
0 0 0.7

  PointToIndexMatrix: 
1.42857 0 0
0 -1.42857 0
0 0 1.42857

  Inverse Direction: 
1 0 0
0 -1 0
0 0 1

  PixelContainer: 
    ImportImageContainer (0x2d49780)
      RTTI typeinfo:   itk::ImportImageContainer<unsigned long, double>
      Reference Count: 1
      Modified Time: 1704
      Debug: Off
      Object Name: 
      Observers: 
        none
      Pointer: 0x2b9bf0e35010
      Container manages memory: true
      Size: 22937600
      Capacity: 22937600

     Weighting = 1
     Sampling strategy = regular
     Number of bins = 32
     Radius = 4
     Sampling percentage  = 0.25
   Transform = Rigid
     Gradient step = 0.1
     Update field sigma (voxel space) = 0
     Total field sigma (voxel space) = 0
     Update field time sigma = 0
     Total field time sigma  = 0
     Number of time indices = 0
     Number of time point samples = 0
Stage 2 State
   Image metric = Mattes
     Fixed image = Image (0x2d5e500)
  RTTI typeinfo:   itk::Image<double, 3u>
  Reference Count: 2
  Modified Time: 2141
  Debug: Off
  Object Name: 
  Observers: 
    none
  Source: (none)
  Source output name: (none)
  Release Data: Off
  Data Released: False
  Global Release Data: Off
  PipelineMTime: 0
  UpdateMTime: 1924
  RealTimeStamp: 0 seconds 
  LargestPossibleRegion: 
    Dimension: 3
    Index: [0, 0, 0]
    Size: [512, 512, 54]
  BufferedRegion: 
    Dimension: 3
    Index: [0, 0, 0]
    Size: [512, 512, 54]
  RequestedRegion: 
    Dimension: 3
    Index: [0, 0, 0]
    Size: [512, 512, 54]
  Spacing: [0.4375, 0.4375, 1.1]
  Origin: [-114.507, -0.795822, -104.113]
  Direction: 
1 -0.000103423 6.46255e-05
-0.000103423 -0.438373 0.898793
6.46255e-05 0.898793 0.438373

  IndexToPointMatrix: 
0.4375 -4.52474e-05 7.1088e-05
-4.52474e-05 -0.191788 0.988672
2.82737e-05 0.393222 0.482211

  PointToIndexMatrix: 
2.28571 -0.000236395 0.000147715
-0.000236395 -1.002 2.05438
5.87504e-05 0.817085 0.398521

  Inverse Direction: 
1 -0.000103423 6.46255e-05
-0.000103423 -0.438373 0.898793
6.46255e-05 0.898793 0.438373

  PixelContainer: 
    ImportImageContainer (0x2d4f860)
      RTTI typeinfo:   itk::ImportImageContainer<unsigned long, double>
      Reference Count: 1
      Modified Time: 1921
      Debug: Off
      Object Name: 
      Observers: 
        none
      Pointer: 0x2b9bfbd36010
      Container manages memory: true
      Size: 14155776
      Capacity: 14155776

     Moving image = Image (0x2d62f40)
  RTTI typeinfo:   itk::Image<double, 3u>
  Reference Count: 2
  Modified Time: 2142
  Debug: Off
  Object Name: 
  Observers: 
    none
  Source: (none)
  Source output name: (none)
  Release Data: Off
  Data Released: False
  Global Release Data: Off
  PipelineMTime: 0
  UpdateMTime: 2139
  RealTimeStamp: 0 seconds 
  LargestPossibleRegion: 
    Dimension: 3
    Index: [0, 0, 0]
    Size: [224, 320, 320]
  BufferedRegion: 
    Dimension: 3
    Index: [0, 0, 0]
    Size: [224, 320, 320]
  RequestedRegion: 
    Dimension: 3
    Index: [0, 0, 0]
    Size: [224, 320, 320]
  Spacing: [0.7, 0.7, 0.7]
  Origin: [-80.5301, 69.7817, -89.6708]
  Direction: 
1 0 0
0 -1 0
0 0 1

  IndexToPointMatrix: 
0.7 0 0
0 -0.7 0
0 0 0.7

  PointToIndexMatrix: 
1.42857 0 0
0 -1.42857 0
0 0 1.42857

  Inverse Direction: 
1 0 0
0 -1 0
0 0 1

  PixelContainer: 
    ImportImageContainer (0x2d5a750)
      RTTI typeinfo:   itk::ImportImageContainer<unsigned long, double>
      Reference Count: 1
      Modified Time: 2136
      Debug: Off
      Object Name: 
      Observers: 
        none
      Pointer: 0x2b9c02937010
      Container manages memory: true
      Size: 22937600
      Capacity: 22937600

     Weighting = 1
     Sampling strategy = regular
     Number of bins = 32
     Radius = 4
     Sampling percentage  = 0.25
   Transform = Affine
     Gradient step = 0.1
     Update field sigma (voxel space) = 0
     Total field sigma (voxel space) = 0
     Update field time sigma = 0
     Total field time sigma  = 0
     Number of time indices = 0
     Number of time point samples = 0
Registration using 2 total stages.

Stage 0
  iterations = 1000x500x250x0
  convergence threshold = 1e-06
  convergence window size = 10
  number of levels = 4
  using the Mattes MI metric (number of bins = 32, weight = 1)
  preprocessing:  winsorizing the image intensities
  Shrink factors (level 1 out of 4): [12, 12, 5]
  Shrink factors (level 2 out of 4): [8, 8, 3]
  Shrink factors (level 3 out of 4): [4, 4, 2]
  Shrink factors (level 4 out of 4): [2, 2, 1]
  smoothing sigmas per level: [4, 3, 2, 1]
  regular sampling (percentage = 0.25)

*** Running Euler3DTransform registration ***

DIAGNOSTIC,Iteration,metricValue,convergenceValue,ITERATION_TIME_INDEX,SINCE_LAST
 2DIAGNOSTIC,     1, -4.175505863812e-01, 1.797693134862e+308, 4.0423e+00, 4.0423e+00, 
 2DIAGNOSTIC,     2, -4.187692325514e-01, 1.797693134862e+308, 4.0505e+00, 8.2169e-03, 
 2DIAGNOSTIC,     3, -4.190889530572e-01, 1.797693134862e+308, 4.0661e+00, 1.5584e-02, 
 2DIAGNOSTIC,     4, -4.222203967998e-01, 1.797693134862e+308, 4.0780e+00, 1.1904e-02, 
 2DIAGNOSTIC,     5, -4.300924239343e-01, 1.797693134862e+308, 4.0865e+00, 8.5208e-03, 
 2DIAGNOSTIC,     6, -4.408781701502e-01, 1.797693134862e+308, 4.0948e+00, 8.3029e-03, 
 2DIAGNOSTIC,     7, -4.552749608066e-01, 1.797693134862e+308, 4.1076e+00, 1.2755e-02, 
 2DIAGNOSTIC,     8, -4.758868215760e-01, 1.797693134862e+308, 4.1251e+00, 1.7546e-02, 
 2DIAGNOSTIC,     9, -5.023366479380e-01, 1.797693134862e+308, 4.1396e+00, 1.4460e-02, 
 2DIAGNOSTIC,    10, -5.049318134745e-01, 1.377825917890e-02, 4.1479e+00, 8.2579e-03, 
 2DIAGNOSTIC,    11, -5.075271095410e-01, 1.387390427089e-02, 4.1639e+00, 1.6046e-02, 
 2DIAGNOSTIC,    12, -5.085626062458e-01, 1.284381738368e-02, 4.1788e+00, 1.4858e-02, 
 2DIAGNOSTIC,    13, -5.091091929763e-01, 1.086513093328e-02, 4.1906e+00, 1.1805e-02, 
 2DIAGNOSTIC,    14, -5.091843829412e-01, 8.340004211381e-03, 4.1990e+00, 8.4260e-03, 
 2DIAGNOSTIC,    15, -5.098208921336e-01, 5.770376725695e-03, 4.2161e+00, 1.7129e-02, 
 2DIAGNOSTIC,    16, -5.099385512599e-01, 3.440595080915e-03, 4.2268e+00, 1.0667e-02, 
 2DIAGNOSTIC,    17, -5.098594237660e-01, 1.587395942167e-03, 4.2359e+00, 9.1281e-03, 
 2DIAGNOSTIC,    18, -5.100342229700e-01, 4.764612926301e-04, 4.2455e+00, 9.5251e-03, 
 2DIAGNOSTIC,    19, -5.101270951153e-01, 2.771339271861e-04, 4.2585e+00, 1.3087e-02, 
 2DIAGNOSTIC,    20, -5.100883142717e-01, 1.473956492565e-04, 4.2725e+00, 1.3968e-02, 
 2DIAGNOSTIC,    21, -5.108277332250e-01, 1.105624149308e-04, 4.2838e+00, 1.1338e-02, 
 2DIAGNOSTIC,    22, -5.109570194439e-01, 9.770484408479e-05, 4.2923e+00, 8.4550e-03, 
 2DIAGNOSTIC,    23, -5.113675402797e-01, 1.017564945088e-04, 4.3075e+00, 1.5195e-02, 
 2DIAGNOSTIC,    24, -5.122327747275e-01, 1.186050790258e-04, 4.3252e+00, 1.7706e-02, 
 2DIAGNOSTIC,    25, -5.121447384160e-01, 1.353866847042e-04, 4.3353e+00, 1.0135e-02, 
 2DIAGNOSTIC,    26, -5.121032202512e-01, 1.402252701527e-04, 4.3459e+00, 1.0590e-02, 
 2DIAGNOSTIC,    27, -5.122857572599e-01, 1.339255937866e-04, 4.3642e+00, 1.8271e-02, 
 2DIAGNOSTIC,    28, -5.123244328983e-01, 1.198564875438e-04, 4.3780e+00, 1.3786e-02, 
 2DIAGNOSTIC,    29, -5.123218683365e-01, 9.735930017271e-05, 4.3878e+00, 9.7880e-03, 
 2DIAGNOSTIC,    30, -5.122336380107e-01, 6.467853735562e-05, 4.3962e+00, 8.4229e-03, 
 2DIAGNOSTIC,    31, -5.122043248577e-01, 4.180849702033e-05, 4.4112e+00, 1.4971e-02, 
 2DIAGNOSTIC,    32, -5.122708556871e-01, 2.000213274309e-05, 4.4249e+00, 1.3714e-02, 
 2DIAGNOSTIC,    33, -5.122774642533e-01, 4.523857992322e-06, 4.4349e+00, 1.0034e-02, 
 2DIAGNOSTIC,    34, -5.122811946117e-01, 4.494850616751e-06, 4.4434e+00, 8.5082e-03, 
DIAGNOSTIC,Iteration,metricValue,convergenceValue,ITERATION_TIME_INDEX,SINCE_LAST
 2DIAGNOSTIC,     1, -4.613026558873e-01, 1.797693134862e+308, 8.5394e+00, 4.0960e+00, 
 2DIAGNOSTIC,     2, -4.623409075221e-01, 1.797693134862e+308, 8.5925e+00, 5.3042e-02, 
 2DIAGNOSTIC,     3, -4.627403799827e-01, 1.797693134862e+308, 8.6575e+00, 6.5065e-02, 
 2DIAGNOSTIC,     4, -4.628684943834e-01, 1.797693134862e+308, 8.7225e+00, 6.5002e-02, 
 2DIAGNOSTIC,     5, -4.629302087800e-01, 1.797693134862e+308, 8.7782e+00, 5.5655e-02, 
 2DIAGNOSTIC,     6, -4.629880743293e-01, 1.797693134862e+308, 8.8339e+00, 5.5689e-02, 
 2DIAGNOSTIC,     7, -4.631215540694e-01, 1.797693134862e+308, 8.8889e+00, 5.5052e-02, 
 2DIAGNOSTIC,     8, -4.632735428923e-01, 1.797693134862e+308, 8.9431e+00, 5.4166e-02, 
 2DIAGNOSTIC,     9, -4.635761651242e-01, 1.797693134862e+308, 9.0097e+00, 6.6596e-02, 
 2DIAGNOSTIC,    10, -4.636782787402e-01, 2.461265983547e-04, 9.0889e+00, 7.9184e-02, 
 2DIAGNOSTIC,    11, -4.637488470836e-01, 1.651018284918e-04, 9.1411e+00, 5.2248e-02, 
 2DIAGNOSTIC,    12, -4.638579733239e-01, 1.413475427793e-04, 9.1947e+00, 5.3568e-02, 
 2DIAGNOSTIC,    13, -4.639750994992e-01, 1.327970181569e-04, 9.2768e+00, 8.2109e-02, 
 2DIAGNOSTIC,    14, -4.640400935067e-01, 1.218392188109e-04, 9.3331e+00, 5.6265e-02, 
 2DIAGNOSTIC,    15, -4.641098831551e-01, 1.068344982945e-04, 9.3887e+00, 5.5633e-02, 
 2DIAGNOSTIC,    16, -4.641537630826e-01, 8.807146169168e-05, 9.4613e+00, 7.2657e-02, 
 2DIAGNOSTIC,    17, -4.642012984968e-01, 7.009261147412e-05, 9.5183e+00, 5.6925e-02, 
 2DIAGNOSTIC,    18, -4.642268350839e-01, 5.356842342778e-05, 9.5754e+00, 5.7091e-02, 
 2DIAGNOSTIC,    19, -4.643664357540e-01, 4.821000531287e-05, 9.6396e+00, 6.4257e-02, 
 2DIAGNOSTIC,    20, -4.645270957530e-01, 4.701934291367e-05, 9.7398e+00, 1.0017e-01, 
 2DIAGNOSTIC,    21, -4.647129747545e-01, 4.907050403770e-05, 9.7948e+00, 5.5026e-02, 
 2DIAGNOSTIC,    22, -4.648960372281e-01, 5.453557116668e-05, 9.8581e+00, 6.3245e-02, 
 2DIAGNOSTIC,    23, -4.648938566602e-01, 5.757269685907e-05, 9.9137e+00, 5.5597e-02, 
 2DIAGNOSTIC,    24, -4.648510338788e-01, 5.569565832057e-05, 9.9706e+00, 5.6987e-02, 
 2DIAGNOSTIC,    25, -4.648654612569e-01, 5.092823384008e-05, 1.0035e+01, 6.4133e-02, 
 2DIAGNOSTIC,    26, -4.648774562822e-01, 4.307730003125e-05, 1.0097e+01, 6.1865e-02, 
 2DIAGNOSTIC,    27, -4.648314577324e-01, 3.187815823445e-05, 1.0152e+01, 5.4917e-02, 
 2DIAGNOSTIC,    28, -4.647991526988e-01, 1.848482149415e-05, 1.0209e+01, 5.7183e-02, 
 2DIAGNOSTIC,    29, -4.647155024347e-01, 5.600187190855e-06, 1.0307e+01, 9.8589e-02, 
DIAGNOSTIC,Iteration,metricValue,convergenceValue,ITERATION_TIME_INDEX,SINCE_LAST
 2DIAGNOSTIC,     1, -4.078841216060e-01, 1.797693134862e+308, 1.4772e+01, 4.4648e+00, 
 2DIAGNOSTIC,     2, -4.097057026989e-01, 1.797693134862e+308, 1.5108e+01, 3.3583e-01, 
 2DIAGNOSTIC,     3, -4.113529061223e-01, 1.797693134862e+308, 1.5438e+01, 3.3043e-01, 
 2DIAGNOSTIC,     4, -4.123190461331e-01, 1.797693134862e+308, 1.5776e+01, 3.3711e-01, 
 2DIAGNOSTIC,     5, -4.125280325312e-01, 1.797693134862e+308, 1.6113e+01, 3.3749e-01, 
 2DIAGNOSTIC,     6, -4.127458904295e-01, 1.797693134862e+308, 1.6498e+01, 3.8539e-01, 
 2DIAGNOSTIC,     7, -4.134951180965e-01, 1.797693134862e+308, 1.7087e+01, 5.8825e-01, 
 2DIAGNOSTIC,     8, -4.136377100448e-01, 1.797693134862e+308, 1.7422e+01, 3.3534e-01, 
 2DIAGNOSTIC,     9, -4.137788508560e-01, 1.797693134862e+308, 1.7757e+01, 3.3486e-01, 
 2DIAGNOSTIC,    10, -4.138655683025e-01, 8.120240263164e-04, 1.8090e+01, 3.3277e-01, 
 2DIAGNOSTIC,    11, -4.139006310657e-01, 5.077928926173e-04, 1.8420e+01, 3.3065e-01, 
 2DIAGNOSTIC,    12, -4.139353748694e-01, 3.132753152693e-04, 1.8967e+01, 5.4650e-01, 
 2DIAGNOSTIC,    13, -4.139285754398e-01, 2.062712433492e-04, 1.9357e+01, 3.9005e-01, 
 2DIAGNOSTIC,    14, -4.139256744025e-01, 1.438159044948e-04, 1.9748e+01, 3.9075e-01, 
 2DIAGNOSTIC,    15, -4.139228326301e-01, 8.642008870337e-05, 2.0080e+01, 3.3284e-01, 
 2DIAGNOSTIC,    16, -4.139222204929e-01, 3.703849331076e-05, 2.0416e+01, 3.3525e-01, 
 2DIAGNOSTIC,    17, -4.139231091733e-01, 2.055991517554e-05, 2.0754e+01, 3.3870e-01, 
 2DIAGNOSTIC,    18, -4.139246509924e-01, 9.606118513243e-06, 2.1092e+01, 3.3737e-01, 
 2DIAGNOSTIC,    19, -4.139262306950e-01, 4.198782366890e-06, 2.1428e+01, 3.3589e-01, 
 2DIAGNOSTIC,    20, -4.139335252417e-01, 2.311372414340e-06, 2.1971e+01, 5.4377e-01, 
 2DIAGNOSTIC,    21, -4.139304882354e-01, 1.544867300952e-06, 2.2307e+01, 3.3577e-01, 
 2DIAGNOSTIC,    22, -4.139340393616e-01, 2.052453984783e-06, 2.2639e+01, 3.3161e-01, 
 2DIAGNOSTIC,    23, -4.139313318810e-01, 2.174533809983e-06, 2.3027e+01, 3.8835e-01, 
 2DIAGNOSTIC,    24, -4.139347505971e-01, 2.230160672662e-06, 2.3361e+01, 3.3420e-01, 
 2DIAGNOSTIC,    25, -4.139332110985e-01, 2.072309576266e-06, 2.3693e+01, 3.3159e-01, 
 2DIAGNOSTIC,    26, -4.139335910765e-01, 1.847320885297e-06, 2.4028e+01, 3.3544e-01, 
 2DIAGNOSTIC,    27, -4.139330673273e-01, 1.591840995400e-06, 2.4466e+01, 4.3796e-01, 
 2DIAGNOSTIC,    28, -4.139330824234e-01, 1.354210267451e-06, 2.4821e+01, 3.5509e-01, 
 2DIAGNOSTIC,    29, -4.139334303967e-01, 1.152811733469e-06, 2.6106e+01, 1.2847e+00, 
 2DIAGNOSTIC,    30, -4.139334303875e-01, 1.128736575554e-06, 2.7376e+01, 1.2694e+00, 
 2DIAGNOSTIC,    31, -4.139334303875e-01, 1.030909854524e-06, 2.7811e+01, 4.3542e-01, 
 2DIAGNOSTIC,    32, -4.139334303875e-01, 1.017483466759e-06, 2.8196e+01, 3.8544e-01, 
DIAGNOSTIC,Iteration,metricValue,convergenceValue,ITERATION_TIME_INDEX,SINCE_LAST
 2DIAGNOSTIC,     1, -3.600392658850e-01, 1.797693134862e+308, 3.4501e+01, 6.3042e+00, 
  Elapsed time (stage 0): 3.6170e+01


Stage 1
  iterations = 1000x500x250x0
  convergence threshold = 1.0000e-06
  convergence window size = 10
  number of levels = 4
  using the Mattes MI metric (number of bins = 32, weight = 1.0000e+00)
  preprocessing:  winsorizing the image intensities
  Shrink factors (level 1 out of 4): [12, 12, 5]
  Shrink factors (level 2 out of 4): [8, 8, 3]
  Shrink factors (level 3 out of 4): [4, 4, 2]
  Shrink factors (level 4 out of 4): [2, 2, 1]
  smoothing sigmas per level: [4, 3, 2, 1]
  regular sampling (percentage = 2.5000e-01)

*** Running AffineTransform registration ***

DIAGNOSTIC,Iteration,metricValue,convergenceValue,ITERATION_TIME_INDEX,SINCE_LAST
 2DIAGNOSTIC,     1, -5.081216226467e-01, 1.797693134862e+308, 4.0093e+00, 4.0093e+00, 
 2DIAGNOSTIC,     2, -5.110432823417e-01, 1.797693134862e+308, 4.0190e+00, 9.6979e-03, 
 2DIAGNOSTIC,     3, -5.150818633266e-01, 1.797693134862e+308, 4.0289e+00, 9.9139e-03, 
 2DIAGNOSTIC,     4, -5.223461875087e-01, 1.797693134862e+308, 4.0465e+00, 1.7671e-02, 
 2DIAGNOSTIC,     5, -5.334429598252e-01, 1.797693134862e+308, 4.0588e+00, 1.2221e-02, 
 2DIAGNOSTIC,     6, -5.489363232833e-01, 1.797693134862e+308, 4.0686e+00, 9.8312e-03, 
 2DIAGNOSTIC,     7, -5.649483576443e-01, 1.797693134862e+308, 4.0929e+00, 2.4316e-02, 
 2DIAGNOSTIC,     8, -5.656239360307e-01, 1.797693134862e+308, 4.1069e+00, 1.4022e-02, 
 2DIAGNOSTIC,     9, -5.662742272334e-01, 1.797693134862e+308, 4.1167e+00, 9.7961e-03, 
 2DIAGNOSTIC,    10, -5.667690249454e-01, 8.674397621769e-03, 4.1269e+00, 1.0171e-02, 
 2DIAGNOSTIC,    11, -5.678450254888e-01, 7.165648835868e-03, 4.1470e+00, 2.0098e-02, 
 2DIAGNOSTIC,    12, -5.684956702229e-01, 5.425585525028e-03, 4.1591e+00, 1.2120e-02, 
 2DIAGNOSTIC,    13, -5.693754555470e-01, 3.676355069924e-03, 4.1703e+00, 1.1214e-02, 
 2DIAGNOSTIC,    14, -5.697455748561e-01, 2.140612502806e-03, 4.2009e+00, 3.0538e-02, 
 2DIAGNOSTIC,    15, -5.697947758275e-01, 9.979856496825e-04, 4.2128e+00, 1.1940e-02, 
 2DIAGNOSTIC,    16, -5.698130596846e-01, 3.975327380940e-04, 4.2228e+00, 1.0013e-02, 
 2DIAGNOSTIC,    17, -5.697707654665e-01, 3.166567782640e-04, 4.2398e+00, 1.6953e-02, 
 2DIAGNOSTIC,    18, -5.698121904882e-01, 2.361471759097e-04, 4.2542e+00, 1.4470e-02, 
 2DIAGNOSTIC,    19, -5.698716633214e-01, 1.617876582983e-04, 4.2644e+00, 1.0149e-02, 
 2DIAGNOSTIC,    20, -5.699511243600e-01, 9.459044421838e-05, 4.2743e+00, 9.9330e-03, 
 2DIAGNOSTIC,    21, -5.700510294125e-01, 5.387620651470e-05, 4.2919e+00, 1.7574e-02, 
 2DIAGNOSTIC,    22, -5.701747784360e-01, 2.958670556889e-05, 4.3065e+00, 1.4624e-02, 
 2DIAGNOSTIC,    23, -5.705154022762e-01, 3.165831877502e-05, 4.3170e+00, 1.0455e-02, 
 2DIAGNOSTIC,    24, -5.708978564630e-01, 4.649573835425e-05, 4.3287e+00, 1.1731e-02, 
 2DIAGNOSTIC,    25, -5.709759322954e-01, 5.833185755878e-05, 4.3492e+00, 2.0445e-02, 
 2DIAGNOSTIC,    26, -5.711515510611e-01, 6.783199091399e-05, 4.3625e+00, 1.3339e-02, 
 2DIAGNOSTIC,    27, -5.711219641965e-01, 6.897889164523e-05, 4.3736e+00, 1.1147e-02, 
 2DIAGNOSTIC,    28, -5.708949854535e-01, 6.024256094907e-05, 4.3930e+00, 1.9390e-02, 
 2DIAGNOSTIC,    29, -5.709742950531e-01, 4.900769255789e-05, 4.4076e+00, 1.4568e-02, 
 2DIAGNOSTIC,    30, -5.710878198411e-01, 3.719491711411e-05, 4.4177e+00, 1.0115e-02, 
 2DIAGNOSTIC,    31, -5.713671621845e-01, 2.890648635994e-05, 4.4289e+00, 1.1225e-02, 
 2DIAGNOSTIC,    32, -5.716525904419e-01, 2.485137829369e-05, 4.4484e+00, 1.9417e-02, 
 2DIAGNOSTIC,    33, -5.711685549553e-01, 1.648738614006e-05, 4.4616e+00, 1.3288e-02, 
 2DIAGNOSTIC,    34, -5.711517554720e-01, 1.289878671345e-05, 4.4730e+00, 1.1373e-02, 
 2DIAGNOSTIC,    35, -5.710543125790e-01, 7.915424467268e-06, 4.4996e+00, 2.6567e-02, 
DIAGNOSTIC,Iteration,metricValue,convergenceValue,ITERATION_TIME_INDEX,SINCE_LAST
 2DIAGNOSTIC,     1, -4.602653522283e-01, 1.797693134862e+308, 8.5822e+00, 4.0827e+00, 
 2DIAGNOSTIC,     2, -4.616977087416e-01, 1.797693134862e+308, 8.6419e+00, 5.9627e-02, 
 2DIAGNOSTIC,     3, -4.632844587615e-01, 1.797693134862e+308, 8.6990e+00, 5.7166e-02, 
 2DIAGNOSTIC,     4, -4.648122170388e-01, 1.797693134862e+308, 8.7615e+00, 6.2432e-02, 
 2DIAGNOSTIC,     5, -4.662633330724e-01, 1.797693134862e+308, 8.8249e+00, 6.3483e-02, 
 2DIAGNOSTIC,     6, -4.670356413850e-01, 1.797693134862e+308, 8.8924e+00, 6.7469e-02, 
 2DIAGNOSTIC,     7, -4.674142859938e-01, 1.797693134862e+308, 9.0318e+00, 1.3936e-01, 
 2DIAGNOSTIC,     8, -4.674326898609e-01, 1.797693134862e+308, 9.0941e+00, 6.2343e-02, 
 2DIAGNOSTIC,     9, -4.674645844880e-01, 1.797693134862e+308, 9.1563e+00, 6.2228e-02, 
 2DIAGNOSTIC,    10, -4.674881529446e-01, 1.011943880298e-03, 9.2175e+00, 6.1166e-02, 
 2DIAGNOSTIC,    11, -4.675246715665e-01, 6.672662313746e-04, 9.2758e+00, 5.8273e-02, 
 2DIAGNOSTIC,    12, -4.675785458894e-01, 3.956361750845e-04, 9.3356e+00, 5.9766e-02, 
 2DIAGNOSTIC,    13, -4.676533960262e-01, 2.076951003829e-04, 9.3950e+00, 5.9442e-02, 
 2DIAGNOSTIC,    14, -4.677793001492e-01, 9.889818098589e-05, 9.4569e+00, 6.1936e-02, 
 2DIAGNOSTIC,    15, -4.679262965914e-01, 6.000157653267e-05, 9.5189e+00, 6.1958e-02, 
 2DIAGNOSTIC,    16, -4.682745449486e-01, 6.289304337007e-05, 9.5765e+00, 5.7582e-02, 
 2DIAGNOSTIC,    17, -4.685531847761e-01, 8.313825294636e-05, 9.6369e+00, 6.0415e-02, 
 2DIAGNOSTIC,    18, -4.688932042305e-01, 1.056323905532e-04, 9.7229e+00, 8.5999e-02, 
 2DIAGNOSTIC,    19, -4.689341263397e-01, 1.183628952609e-04, 9.8114e+00, 8.8478e-02, 
 2DIAGNOSTIC,    20, -4.689572533167e-01, 1.205183899255e-04, 9.8725e+00, 6.1100e-02, 
 2DIAGNOSTIC,    21, -4.689458840898e-01, 1.121009774484e-04, 9.9421e+00, 6.9662e-02, 
 2DIAGNOSTIC,    22, -4.689579724412e-01, 9.583659528824e-05, 1.0005e+01, 6.2709e-02, 
 2DIAGNOSTIC,    23, -4.689703010345e-01, 7.438487162875e-05, 1.0067e+01, 6.1986e-02, 
 2DIAGNOSTIC,    24, -4.690116814660e-01, 5.217968176486e-05, 1.0125e+01, 5.8667e-02, 
 2DIAGNOSTIC,    25, -4.690841726447e-01, 3.226525868390e-05, 1.0206e+01, 8.0449e-02, 
 2DIAGNOSTIC,    26, -4.691515645300e-01, 2.059136582697e-05, 1.0282e+01, 7.5926e-02, 
 2DIAGNOSTIC,    27, -4.691726784476e-01, 1.450007853204e-05, 1.0347e+01, 6.5042e-02, 
 2DIAGNOSTIC,    28, -4.692114719079e-01, 1.581354984393e-05, 1.0417e+01, 6.9711e-02, 
 2DIAGNOSTIC,    29, -4.692253813652e-01, 1.677110863755e-05, 1.0476e+01, 5.9681e-02, 
 2DIAGNOSTIC,    30, -4.692348344023e-01, 1.683218434809e-05, 1.0537e+01, 6.0470e-02, 
 2DIAGNOSTIC,    31, -4.692640102760e-01, 1.573649962382e-05, 1.0606e+01, 6.8824e-02, 
 2DIAGNOSTIC,    32, -4.692754427228e-01, 1.376427164583e-05, 1.0675e+01, 6.9365e-02, 
 2DIAGNOSTIC,    33, -4.692106458987e-01, 9.738369021198e-06, 1.0755e+01, 7.9640e-02, 
 2DIAGNOSTIC,    34, -4.694211074588e-01, 9.637999916386e-06, 1.0973e+01, 2.1840e-01, 
 2DIAGNOSTIC,    35, -4.694211073194e-01, 9.836696200787e-06, 1.1032e+01, 5.9287e-02, 
 2DIAGNOSTIC,    36, -4.694211089401e-01, 1.032975023691e-05, 1.1094e+01, 6.2134e-02, 
 2DIAGNOSTIC,    37, -4.694211116804e-01, 1.028647699603e-05, 1.1156e+01, 6.2018e-02, 
 2DIAGNOSTIC,    38, -4.694211163130e-01, 9.975317348868e-06, 1.1217e+01, 6.0545e-02, 
 2DIAGNOSTIC,    39, -4.694211241434e-01, 8.978969068461e-06, 1.1276e+01, 5.8870e-02, 
 2DIAGNOSTIC,    40, -4.694211373422e-01, 7.359400491968e-06, 1.1337e+01, 6.1451e-02, 
 2DIAGNOSTIC,    41, -4.694211595254e-01, 5.659792880981e-06, 1.1400e+01, 6.3087e-02, 
 2DIAGNOSTIC,    42, -4.694211970842e-01, 3.804631925754e-06, 1.1462e+01, 6.1515e-02, 
DIAGNOSTIC,Iteration,metricValue,convergenceValue,ITERATION_TIME_INDEX,SINCE_LAST
 2DIAGNOSTIC,     1, -4.123105925644e-01, 1.797693134862e+308, 1.5951e+01, 4.4895e+00, 
 2DIAGNOSTIC,     2, -4.143178449017e-01, 1.797693134862e+308, 1.6320e+01, 3.6851e-01, 
 2DIAGNOSTIC,     3, -4.170753999443e-01, 1.797693134862e+308, 1.6690e+01, 3.6999e-01, 
 2DIAGNOSTIC,     4, -4.197388276686e-01, 1.797693134862e+308, 1.7056e+01, 3.6566e-01, 
 2DIAGNOSTIC,     5, -4.211922080228e-01, 1.797693134862e+308, 1.7422e+01, 3.6599e-01, 
 2DIAGNOSTIC,     6, -4.220670091758e-01, 1.797693134862e+308, 1.7791e+01, 3.6978e-01, 
 2DIAGNOSTIC,     7, -4.228100114643e-01, 1.797693134862e+308, 1.8210e+01, 4.1830e-01, 
 2DIAGNOSTIC,     8, -4.229424106334e-01, 1.797693134862e+308, 1.8901e+01, 6.9083e-01, 
 2DIAGNOSTIC,     9, -4.229594852322e-01, 1.797693134862e+308, 1.9264e+01, 3.6342e-01, 
 2DIAGNOSTIC,    10, -4.230138230788e-01, 1.624484976410e-03, 1.9636e+01, 3.7232e-01, 
 2DIAGNOSTIC,    11, -4.230672496848e-01, 1.056861743000e-03, 2.0008e+01, 3.7148e-01, 
 2DIAGNOSTIC,    12, -4.231003999928e-01, 6.026891412840e-04, 2.0378e+01, 3.6979e-01, 
 2DIAGNOSTIC,    13, -4.231443669136e-01, 3.077242936619e-04, 2.0747e+01, 3.6901e-01, 
 2DIAGNOSTIC,    14, -4.232224105708e-01, 1.587174111860e-04, 2.1116e+01, 3.6907e-01, 
 2DIAGNOSTIC,    15, -4.232829077962e-01, 8.281625769301e-05, 2.1487e+01, 3.7166e-01, 
 2DIAGNOSTIC,    16, -4.234939861276e-01, 5.398470070470e-05, 2.2007e+01, 5.1941e-01, 
 2DIAGNOSTIC,    17, -4.235079352976e-01, 5.351589069177e-05, 2.2379e+01, 3.7211e-01, 
 2DIAGNOSTIC,    18, -4.235072744525e-01, 5.337980029434e-05, 2.2803e+01, 4.2458e-01, 
 2DIAGNOSTIC,    19, -4.235113454647e-01, 4.928263043303e-05, 2.4141e+01, 1.3372e+00, 
 2DIAGNOSTIC,    20, -4.235113446669e-01, 4.292478097418e-05, 2.4504e+01, 3.6336e-01, 
 2DIAGNOSTIC,    21, -4.235113472192e-01, 3.494614901053e-05, 2.4874e+01, 3.7002e-01, 
 2DIAGNOSTIC,    22, -4.235113515330e-01, 2.558216509719e-05, 2.5242e+01, 3.6855e-01, 
 2DIAGNOSTIC,    23, -4.235113588226e-01, 1.612151968328e-05, 2.5607e+01, 3.6479e-01, 
 2DIAGNOSTIC,    24, -4.235147550136e-01, 8.384520908573e-06, 2.5970e+01, 3.6285e-01, 
 2DIAGNOSTIC,    25, -4.235147757542e-01, 2.074985877752e-06, 2.6340e+01, 3.7036e-01, 
 2DIAGNOSTIC,    26, -4.235148105753e-01, 1.637753992610e-06, 2.6706e+01, 3.6597e-01, 
 2DIAGNOSTIC,    27, -4.235148690572e-01, 1.546793276824e-06, 2.7070e+01, 3.6370e-01, 
 2DIAGNOSTIC,    28, -4.235149667056e-01, 1.411277167726e-06, 2.7438e+01, 3.6781e-01, 
 2DIAGNOSTIC,    29, -4.235151303035e-01, 1.356432760037e-06, 2.7805e+01, 3.6678e-01, 
 2DIAGNOSTIC,    30, -4.235154009347e-01, 1.286745777665e-06, 2.8170e+01, 3.6547e-01, 
 2DIAGNOSTIC,    31, -4.235158302092e-01, 1.210910090053e-06, 2.8536e+01, 3.6591e-01, 
 2DIAGNOSTIC,    32, -4.235131367205e-01, 1.066751837878e-06, 2.8902e+01, 3.6571e-01, 
DIAGNOSTIC,Iteration,metricValue,convergenceValue,ITERATION_TIME_INDEX,SINCE_LAST
 2DIAGNOSTIC,     1, -3.556940152132e-01, 1.797693134862e+308, 3.5564e+01, 6.6618e+00, 
  Elapsed time (stage 1): 3.7241e+01


Total elapsed time: 7.3419e+01
Using double precision for computations.
Input scalar image: /home/ccn30/rds/rds-p00500_encrypt-URQgmO1brZ0/p00500/ENCRYPT_images/32073/T2/N4t2.nii
Reference image: /home/ccn30/rds/rds-p00500_encrypt-URQgmO1brZ0/p00500/ENCRYPT_images/32073/mp2rage/n4mag0000_PSIR_skulled_std.nii
Can't read initial transform T1xT2_ANTs_0GenericAffine.mat
