This is job 26
Time: Thu 16 Sep 12:56:46 BST 2021
Running on master node: cpu-p-18
Current directory: /rds/user/ccn30/hpc-work/WBIC_lustre/ENCRYPT/scripts/Registration/slurmoutputs
Changed directory to /home/ccn30/rds/hpc-work/WBIC_lustre/ENCRYPT/scripts/Registration/slurmoutputs.

JobID: 46502800
======
Time: Thu 16 Sep 12:56:46 BST 2021
Running on master node: cpu-p-18
Current directory: /home/ccn30/rds/hpc-work/WBIC_lustre/ENCRYPT/scripts/Registration/slurmoutputs

Nodes allocated:
================
cpu-p-18

numtasks=, numnodes=, mpi_tasks_per_node= (OMP_NUM_THREADS=1)

Executing command:
==================
/home/ccn30/rds/hpc-work/WBIC_lustre/ENCRYPT/scripts/Registration/coreg_main.sh /home/ccn30/rds/hpc-work/WBIC_lustre/ENCRYPT/ENCRYPT_MasterRIScodes.txt 26 /home/ccn30/rds/rds-p00500_encrypt-URQgmO1brZ0/p00500 /home/ccn30/rds/hpc-work/WBIC_home/ENCRYPT/atlases/magdeburgatlas

******** starting 27464 ********
All_Command_lines_OK
Using double precision for computations.
=============================================================================
The composite transform comprises the following transforms (in order): 
  1. Center of mass alignment using fixed image: /home/ccn30/rds/hpc-work/WBIC_home/ENCRYPT/atlases/magdeburgatlas/template/template.nii.gz and moving image: /home/ccn30/rds/rds-p00500_encrypt-URQgmO1brZ0/p00500/ENCRYPT_images/27464/mp2rage/denoise_n4mag0000_PSIR_skulled_std.nii (type = Euler3DTransform)
=============================================================================
  number of levels = 4
  number of levels = 4
  fixed image: /home/ccn30/rds/hpc-work/WBIC_home/ENCRYPT/atlases/magdeburgatlas/template/template.nii.gz
  moving image: /home/ccn30/rds/rds-p00500_encrypt-URQgmO1brZ0/p00500/ENCRYPT_images/27464/mp2rage/denoise_n4mag0000_PSIR_skulled_std.nii
  fixed image: /home/ccn30/rds/hpc-work/WBIC_home/ENCRYPT/atlases/magdeburgatlas/template/template.nii.gz
  moving image: /home/ccn30/rds/rds-p00500_encrypt-URQgmO1brZ0/p00500/ENCRYPT_images/27464/mp2rage/denoise_n4mag0000_PSIR_skulled_std.nii
Dimension = 3
Number of stages = 2
Use Histogram Matching true
Winsorize image intensities true
Lower quantile = 0.005
Upper quantile = 0.995
Stage 1 State
   Image metric = Mattes
     Fixed image = Image (0x3aa8200)
  RTTI typeinfo:   itk::Image<double, 3u>
  Reference Count: 2
  Modified Time: 1698
  Debug: Off
  Object Name: 
  Observers: 
    none
  Source: (none)
  Source output name: (none)
  Release Data: Off
  Data Released: False
  Global Release Data: Off
  PipelineMTime: 0
  UpdateMTime: 1481
  RealTimeStamp: 0 seconds 
  LargestPossibleRegion: 
    Dimension: 3
    Index: [0, 0, 0]
    Size: [384, 301, 288]
  BufferedRegion: 
    Dimension: 3
    Index: [0, 0, 0]
    Size: [384, 301, 288]
  RequestedRegion: 
    Dimension: 3
    Index: [0, 0, 0]
    Size: [384, 301, 288]
  Spacing: [0.598958, 0.598958, 0.599937]
  Origin: [83.4012, -147.626, 85.1783]
  Direction: 
-0 0 -1
1 -0 0
0 -1 0

  IndexToPointMatrix: 
0 0 -0.599937
0.598958 0 0
0 -0.598958 0

  PointToIndexMatrix: 
0 1.66957 0
0 0 -1.66957
-1.66684 0 0

  Inverse Direction: 
0 1 0
0 0 -1
-1 0 0

  PixelContainer: 
    ImportImageContainer (0x3a98dc0)
      RTTI typeinfo:   itk::ImportImageContainer<unsigned long, double>
      Reference Count: 1
      Modified Time: 1478
      Debug: Off
      Object Name: 
      Observers: 
        none
      Pointer: 0x2aecd03ca010
      Container manages memory: true
      Size: 33288192
      Capacity: 33288192

     Moving image = Image (0x3aac3f0)
  RTTI typeinfo:   itk::Image<double, 3u>
  Reference Count: 2
  Modified Time: 1699
  Debug: Off
  Object Name: 
  Observers: 
    none
  Source: (none)
  Source output name: (none)
  Release Data: Off
  Data Released: False
  Global Release Data: Off
  PipelineMTime: 0
  UpdateMTime: 1696
  RealTimeStamp: 0 seconds 
  LargestPossibleRegion: 
    Dimension: 3
    Index: [0, 0, 0]
    Size: [224, 320, 320]
  BufferedRegion: 
    Dimension: 3
    Index: [0, 0, 0]
    Size: [224, 320, 320]
  RequestedRegion: 
    Dimension: 3
    Index: [0, 0, 0]
    Size: [224, 320, 320]
  Spacing: [0.7, 0.7, 0.7]
  Origin: [-80.5301, 73.4889, -92.7044]
  Direction: 
1 0 0
0 -1 0
0 0 1

  IndexToPointMatrix: 
0.7 0 0
0 -0.7 0
0 0 0.7

  PointToIndexMatrix: 
1.42857 0 0
0 -1.42857 0
0 0 1.42857

  Inverse Direction: 
1 0 0
0 -1 0
0 0 1

  PixelContainer: 
    ImportImageContainer (0x3aac6b0)
      RTTI typeinfo:   itk::ImportImageContainer<unsigned long, double>
      Reference Count: 1
      Modified Time: 1693
      Debug: Off
      Object Name: 
      Observers: 
        none
      Pointer: 0x2aece01c3010
      Container manages memory: true
      Size: 22937600
      Capacity: 22937600

     Weighting = 1
     Sampling strategy = regular
     Number of bins = 32
     Radius = 4
     Sampling percentage  = 0.25
   Transform = Rigid
     Gradient step = 0.1
     Update field sigma (voxel space) = 0
     Total field sigma (voxel space) = 0
     Update field time sigma = 0
     Total field time sigma  = 0
     Number of time indices = 0
     Number of time point samples = 0
Stage 2 State
   Image metric = Mattes
     Fixed image = Image (0x3abb060)
  RTTI typeinfo:   itk::Image<double, 3u>
  Reference Count: 2
  Modified Time: 2130
  Debug: Off
  Object Name: 
  Observers: 
    none
  Source: (none)
  Source output name: (none)
  Release Data: Off
  Data Released: False
  Global Release Data: Off
  PipelineMTime: 0
  UpdateMTime: 1913
  RealTimeStamp: 0 seconds 
  LargestPossibleRegion: 
    Dimension: 3
    Index: [0, 0, 0]
    Size: [384, 301, 288]
  BufferedRegion: 
    Dimension: 3
    Index: [0, 0, 0]
    Size: [384, 301, 288]
  RequestedRegion: 
    Dimension: 3
    Index: [0, 0, 0]
    Size: [384, 301, 288]
  Spacing: [0.598958, 0.598958, 0.599937]
  Origin: [83.4012, -147.626, 85.1783]
  Direction: 
-0 0 -1
1 -0 0
0 -1 0

  IndexToPointMatrix: 
0 0 -0.599937
0.598958 0 0
0 -0.598958 0

  PointToIndexMatrix: 
0 1.66957 0
0 0 -1.66957
-1.66684 0 0

  Inverse Direction: 
0 1 0
0 0 -1
-1 0 0

  PixelContainer: 
    ImportImageContainer (0x3aaf140)
      RTTI typeinfo:   itk::ImportImageContainer<unsigned long, double>
      Reference Count: 1
      Modified Time: 1910
      Debug: Off
      Object Name: 
      Observers: 
        none
      Pointer: 0x2aeceb0c4010
      Container manages memory: true
      Size: 33288192
      Capacity: 33288192

     Moving image = Image (0x3abce80)
  RTTI typeinfo:   itk::Image<double, 3u>
  Reference Count: 2
  Modified Time: 2131
  Debug: Off
  Object Name: 
  Observers: 
    none
  Source: (none)
  Source output name: (none)
  Release Data: Off
  Data Released: False
  Global Release Data: Off
  PipelineMTime: 0
  UpdateMTime: 2128
  RealTimeStamp: 0 seconds 
  LargestPossibleRegion: 
    Dimension: 3
    Index: [0, 0, 0]
    Size: [224, 320, 320]
  BufferedRegion: 
    Dimension: 3
    Index: [0, 0, 0]
    Size: [224, 320, 320]
  RequestedRegion: 
    Dimension: 3
    Index: [0, 0, 0]
    Size: [224, 320, 320]
  Spacing: [0.7, 0.7, 0.7]
  Origin: [-80.5301, 73.4889, -92.7044]
  Direction: 
1 0 0
0 -1 0
0 0 1

  IndexToPointMatrix: 
0.7 0 0
0 -0.7 0
0 0 0.7

  PointToIndexMatrix: 
1.42857 0 0
0 -1.42857 0
0 0 1.42857

  Inverse Direction: 
1 0 0
0 -1 0
0 0 1

  PixelContainer: 
    ImportImageContainer (0x3ab7540)
      RTTI typeinfo:   itk::ImportImageContainer<unsigned long, double>
      Reference Count: 1
      Modified Time: 2125
      Debug: Off
      Object Name: 
      Observers: 
        none
      Pointer: 0x2aecfaebd010
      Container manages memory: true
      Size: 22937600
      Capacity: 22937600

     Weighting = 1
     Sampling strategy = regular
     Number of bins = 32
     Radius = 4
     Sampling percentage  = 0.25
   Transform = Affine
     Gradient step = 0.1
     Update field sigma (voxel space) = 0
     Total field sigma (voxel space) = 0
     Update field time sigma = 0
     Total field time sigma  = 0
     Number of time indices = 0
     Number of time point samples = 0
Registration using 2 total stages.

Stage 0
  iterations = 1000x500x250x100
  convergence threshold = 1e-06
  convergence window size = 10
  number of levels = 4
  using the Mattes MI metric (number of bins = 32, weight = 1)
  preprocessing:  winsorizing the image intensities
  preprocessing:  histogram matching the images
  Shrink factors (level 1 out of 4): [8, 8, 8]
  Shrink factors (level 2 out of 4): [4, 4, 4]
  Shrink factors (level 3 out of 4): [2, 2, 2]
  Shrink factors (level 4 out of 4): [1, 1, 1]
  smoothing sigmas per level: [3, 2, 1, 0]
  regular sampling (percentage = 0.25)

*** Running Euler3DTransform registration ***

DIAGNOSTIC,Iteration,metricValue,convergenceValue,ITERATION_TIME_INDEX,SINCE_LAST
 2DIAGNOSTIC,     1, -4.836823041387e-01, 1.797693134862e+308, 2.6460e+00, 2.6460e+00, 
 2DIAGNOSTIC,     2, -4.856298940068e-01, 1.797693134862e+308, 2.6828e+00, 3.6838e-02, 
 2DIAGNOSTIC,     3, -4.886606214809e-01, 1.797693134862e+308, 2.7186e+00, 3.5792e-02, 
 2DIAGNOSTIC,     4, -4.940253999102e-01, 1.797693134862e+308, 2.7490e+00, 3.0394e-02, 
 2DIAGNOSTIC,     5, -5.013425080708e-01, 1.797693134862e+308, 2.7849e+00, 3.5891e-02, 
 2DIAGNOSTIC,     6, -5.140891959916e-01, 1.797693134862e+308, 2.8220e+00, 3.7118e-02, 
 2DIAGNOSTIC,     7, -5.304879910089e-01, 1.797693134862e+308, 2.8573e+00, 3.5316e-02, 
 2DIAGNOSTIC,     8, -5.591411043697e-01, 1.797693134862e+308, 2.8959e+00, 3.8536e-02, 
 2DIAGNOSTIC,     9, -5.780922981726e-01, 1.797693134862e+308, 2.9280e+00, 3.2160e-02, 
 2DIAGNOSTIC,    10, -5.816183251601e-01, 1.347753353799e-02, 2.9646e+00, 3.6536e-02, 
 2DIAGNOSTIC,    11, -5.903596371560e-01, 1.344499877242e-02, 3.0189e+00, 5.4372e-02, 
 2DIAGNOSTIC,    12, -5.943801060070e-01, 1.247187827426e-02, 3.0555e+00, 3.6587e-02, 
 2DIAGNOSTIC,    13, -5.954730187676e-01, 1.069661812840e-02, 3.0929e+00, 3.7413e-02, 
 2DIAGNOSTIC,    14, -5.969844955688e-01, 8.488934988989e-03, 3.1326e+00, 3.9693e-02, 
 2DIAGNOSTIC,    15, -6.001229717151e-01, 6.199809170598e-03, 3.1752e+00, 4.2537e-02, 
 2DIAGNOSTIC,    16, -6.020536165597e-01, 4.130233944174e-03, 3.2155e+00, 4.0322e-02, 
 2DIAGNOSTIC,    17, -6.036930090002e-01, 2.473800269128e-03, 3.2558e+00, 4.0298e-02, 
 2DIAGNOSTIC,    18, -6.037793598277e-01, 1.596093260368e-03, 3.2973e+00, 4.1463e-02, 
 2DIAGNOSTIC,    19, -6.038770382516e-01, 1.183691559618e-03, 3.3367e+00, 3.9469e-02, 
 2DIAGNOSTIC,    20, -6.038998381660e-01, 7.905869865550e-04, 3.3771e+00, 4.0412e-02, 
 2DIAGNOSTIC,    21, -6.038933568510e-01, 5.715261124780e-04, 3.4190e+00, 4.1841e-02, 
 2DIAGNOSTIC,    22, -6.038963845758e-01, 4.129237849119e-04, 3.4546e+00, 3.5638e-02, 
 2DIAGNOSTIC,    23, -6.039142871740e-01, 2.552964964051e-04, 3.4938e+00, 3.9136e-02, 
 2DIAGNOSTIC,    24, -6.039755201527e-01, 1.198245147436e-04, 3.5322e+00, 3.8486e-02, 
 2DIAGNOSTIC,    25, -6.039987440567e-01, 4.717599179323e-05, 3.5741e+00, 4.1826e-02, 
 2DIAGNOSTIC,    26, -6.040072669032e-01, 1.245065876710e-05, 3.6112e+00, 3.7098e-02, 
 2DIAGNOSTIC,    27, -6.040792275213e-01, 1.089746394264e-05, 3.6467e+00, 3.5551e-02, 
 2DIAGNOSTIC,    28, -6.041935381819e-01, 1.202298343686e-05, 3.6843e+00, 3.7633e-02, 
 2DIAGNOSTIC,    29, -6.042402125735e-01, 1.444014661353e-05, 3.7416e+00, 5.7281e-02, 
 2DIAGNOSTIC,    30, -6.042613526802e-01, 1.617551578244e-05, 3.7821e+00, 4.0519e-02, 
 2DIAGNOSTIC,    31, -6.042655919302e-01, 1.637329459642e-05, 3.8224e+00, 4.0288e-02, 
 2DIAGNOSTIC,    32, -6.042671520914e-01, 1.517872033165e-05, 3.8585e+00, 3.6059e-02, 
 2DIAGNOSTIC,    33, -6.042567201280e-01, 1.278212898351e-05, 3.8996e+00, 4.1104e-02, 
 2DIAGNOSTIC,    34, -6.042580335859e-01, 1.031594818948e-05, 3.9375e+00, 3.7897e-02, 
 2DIAGNOSTIC,    35, -6.042345285625e-01, 7.131884424631e-06, 3.9720e+00, 3.4493e-02, 
 2DIAGNOSTIC,    36, -6.042372942644e-01, 3.704386371352e-06, 4.0086e+00, 3.6599e-02, 
 2DIAGNOSTIC,    37, -6.042418975676e-01, 1.182128935972e-06, 4.0449e+00, 3.6327e-02, 
DIAGNOSTIC,Iteration,metricValue,convergenceValue,ITERATION_TIME_INDEX,SINCE_LAST
 2DIAGNOSTIC,     1, -5.273903415310e-01, 1.797693134862e+308, 6.9696e+00, 2.9246e+00, 
 2DIAGNOSTIC,     2, -5.279721547634e-01, 1.797693134862e+308, 7.2119e+00, 2.4237e-01, 
 2DIAGNOSTIC,     3, -5.282306212004e-01, 1.797693134862e+308, 7.4707e+00, 2.5877e-01, 
 2DIAGNOSTIC,     4, -5.283207047169e-01, 1.797693134862e+308, 7.7135e+00, 2.4276e-01, 
 2DIAGNOSTIC,     5, -5.284442054086e-01, 1.797693134862e+308, 7.9635e+00, 2.5006e-01, 
 2DIAGNOSTIC,     6, -5.286153952095e-01, 1.797693134862e+308, 8.2130e+00, 2.4944e-01, 
 2DIAGNOSTIC,     7, -5.295209751026e-01, 1.797693134862e+308, 8.4552e+00, 2.4222e-01, 
 2DIAGNOSTIC,     8, -5.298869969182e-01, 1.797693134862e+308, 8.8453e+00, 3.9009e-01, 
 2DIAGNOSTIC,     9, -5.301534697247e-01, 1.797693134862e+308, 9.1247e+00, 2.7944e-01, 
 2DIAGNOSTIC,    10, -5.302609057103e-01, 3.539687465545e-04, 9.4425e+00, 3.1778e-01, 
 2DIAGNOSTIC,    11, -5.305671601854e-01, 3.193037656073e-04, 9.6833e+00, 2.4080e-01, 
 2DIAGNOSTIC,    12, -5.308033330129e-01, 2.975615502530e-04, 9.9632e+00, 2.7986e-01, 
 2DIAGNOSTIC,    13, -5.308670507740e-01, 2.654365024856e-04, 1.0242e+01, 2.7880e-01, 
 2DIAGNOSTIC,    14, -5.308699350333e-01, 2.180964303317e-04, 1.0524e+01, 2.8252e-01, 
 2DIAGNOSTIC,    15, -5.308819669730e-01, 1.626834413013e-04, 1.0773e+01, 2.4851e-01, 
 2DIAGNOSTIC,    16, -5.308804283702e-01, 1.044134675553e-04, 1.1053e+01, 2.7951e-01, 
 2DIAGNOSTIC,    17, -5.309111732115e-01, 7.280281521504e-05, 1.1297e+01, 2.4429e-01, 
 2DIAGNOSTIC,    18, -5.310054059809e-01, 5.175814605989e-05, 1.1575e+01, 2.7812e-01, 
 2DIAGNOSTIC,    19, -5.312063074343e-01, 4.154669238973e-05, 1.1965e+01, 3.8965e-01, 
 2DIAGNOSTIC,    20, -5.312630361896e-01, 3.280976030239e-05, 1.2209e+01, 2.4402e-01, 
 2DIAGNOSTIC,    21, -5.312303761270e-01, 2.889025890528e-05, 1.2528e+01, 3.1961e-01, 
 2DIAGNOSTIC,    22, -5.312710312410e-01, 2.957882475021e-05, 1.2808e+01, 2.7951e-01, 
 2DIAGNOSTIC,    23, -5.312597929517e-01, 2.872795658247e-05, 1.3048e+01, 2.4069e-01, 
 2DIAGNOSTIC,    24, -5.312532530218e-01, 2.522466019249e-05, 1.3330e+01, 2.8148e-01, 
 2DIAGNOSTIC,    25, -5.312358705179e-01, 1.966685779015e-05, 1.3611e+01, 2.8071e-01, 
 2DIAGNOSTIC,    26, -5.312239083226e-01, 1.261085615720e-05, 1.3961e+01, 3.5026e-01, 
 2DIAGNOSTIC,    27, -5.312013491943e-01, 5.171695575956e-06, 1.4239e+01, 2.7827e-01, 
DIAGNOSTIC,Iteration,metricValue,convergenceValue,ITERATION_TIME_INDEX,SINCE_LAST
 2DIAGNOSTIC,     1, -4.567003436054e-01, 1.797693134862e+308, 1.9266e+01, 5.0267e+00, 
 2DIAGNOSTIC,     2, -4.569353159328e-01, 1.797693134862e+308, 2.1082e+01, 1.8166e+00, 
 2DIAGNOSTIC,     3, -4.570677310272e-01, 1.797693134862e+308, 2.2882e+01, 1.7998e+00, 
 2DIAGNOSTIC,     4, -4.571079534300e-01, 1.797693134862e+308, 2.5203e+01, 2.3208e+00, 
 2DIAGNOSTIC,     5, -4.571232252603e-01, 1.797693134862e+308, 2.7025e+01, 1.8220e+00, 
 2DIAGNOSTIC,     6, -4.571274809955e-01, 1.797693134862e+308, 2.8828e+01, 1.8028e+00, 
 2DIAGNOSTIC,     7, -4.571400634821e-01, 1.797693134862e+308, 3.0918e+01, 2.0906e+00, 
 2DIAGNOSTIC,     8, -4.571527911406e-01, 1.797693134862e+308, 3.3792e+01, 2.8732e+00, 
 2DIAGNOSTIC,     9, -4.571649777190e-01, 1.797693134862e+308, 3.5871e+01, 2.0795e+00, 
 2DIAGNOSTIC,    10, -4.571668881879e-01, 4.935606066542e-05, 3.7686e+01, 1.8146e+00, 
 2DIAGNOSTIC,    11, -4.571703946018e-01, 2.423799554729e-05, 3.9774e+01, 2.0885e+00, 
 2DIAGNOSTIC,    12, -4.571736865430e-01, 1.357219854209e-05, 4.1587e+01, 1.8131e+00, 
 2DIAGNOSTIC,    13, -4.571800161477e-01, 1.013879031117e-05, 4.3389e+01, 1.8013e+00, 
 2DIAGNOSTIC,    14, -4.572343573200e-01, 1.067356678265e-05, 4.6268e+01, 2.8790e+00, 
 2DIAGNOSTIC,    15, -4.572395099227e-01, 1.116367970727e-05, 4.9416e+01, 3.1485e+00, 
 2DIAGNOSTIC,    16, -4.572403897361e-01, 1.098319009497e-05, 5.1767e+01, 2.3506e+00, 
 2DIAGNOSTIC,    17, -4.572403499662e-01, 1.047813594802e-05, 5.4118e+01, 2.3514e+00, 
 2DIAGNOSTIC,    18, -4.572398682788e-01, 9.639940534267e-06, 5.6202e+01, 2.0845e+00, 
 2DIAGNOSTIC,    19, -4.572399107857e-01, 8.531510450285e-06, 5.8285e+01, 2.0820e+00, 
 2DIAGNOSTIC,    20, -4.572397039255e-01, 6.941656337557e-06, 6.0379e+01, 2.0941e+00, 
 2DIAGNOSTIC,    21, -4.572392353756e-01, 5.119373687433e-06, 6.2740e+01, 2.3618e+00, 
 2DIAGNOSTIC,    22, -4.572392335414e-01, 3.235297322830e-06, 6.4818e+01, 2.0771e+00, 
 2DIAGNOSTIC,    23, -4.572390817669e-01, 1.474594904537e-06, 6.6618e+01, 1.8007e+00, 
 2DIAGNOSTIC,    24, -4.572391326551e-01, 1.257428576776e-06, 6.8670e+01, 2.0519e+00, 
 2DIAGNOSTIC,    25, -4.572388066555e-01, 1.183278426464e-06, 7.0477e+01, 1.8073e+00, 
 2DIAGNOSTIC,    26, -4.572383373510e-01, 1.133341871642e-06, 7.2518e+01, 2.0410e+00, 
 2DIAGNOSTIC,    27, -4.572383892451e-01, 1.096434911682e-06, 7.4568e+01, 2.0493e+00, 
 2DIAGNOSTIC,    28, -4.572382755388e-01, 1.056193570138e-06, 7.6366e+01, 1.7983e+00, 
 2DIAGNOSTIC,    29, -4.572383094306e-01, 1.027869636766e-06, 7.8434e+01, 2.0681e+00, 
 2DIAGNOSTIC,    30, -4.572386134513e-01, 1.010330921321e-06, 8.0502e+01, 2.0679e+00, 
DIAGNOSTIC,Iteration,metricValue,convergenceValue,ITERATION_TIME_INDEX,SINCE_LAST
 2DIAGNOSTIC,     1, -4.067555840196e-01, 1.797693134862e+308, 9.7345e+01, 1.6843e+01, 
 2DIAGNOSTIC,     2, -4.068757652476e-01, 1.797693134862e+308, 1.1135e+02, 1.4000e+01, 
 2DIAGNOSTIC,     3, -4.069034450782e-01, 1.797693134862e+308, 1.2540e+02, 1.4053e+01, 
 2DIAGNOSTIC,     4, -4.069127065418e-01, 1.797693134862e+308, 1.4126e+02, 1.5859e+01, 
 2DIAGNOSTIC,     5, -4.069133261873e-01, 1.797693134862e+308, 1.5347e+02, 1.2208e+01, 
 2DIAGNOSTIC,     6, -4.069332826943e-01, 1.797693134862e+308, 1.6568e+02, 1.2211e+01, 
 2DIAGNOSTIC,     7, -4.069486055607e-01, 1.797693134862e+308, 1.7789e+02, 1.2217e+01, 
 2DIAGNOSTIC,     8, -4.069537905400e-01, 1.797693134862e+308, 1.9365e+02, 1.5760e+01, 
 2DIAGNOSTIC,     9, -4.069608764901e-01, 1.797693134862e+308, 2.1113e+02, 1.7480e+01, 
 2DIAGNOSTIC,    10, -4.069642222293e-01, 2.681652222918e-05, 2.2331e+02, 1.2179e+01, 
 2DIAGNOSTIC,    11, -4.069770426138e-01, 1.620142428074e-05, 2.3556e+02, 1.2250e+01, 
 2DIAGNOSTIC,    12, -4.069910991918e-01, 1.390345544282e-05, 2.4952e+02, 1.3961e+01, 
 2DIAGNOSTIC,    13, -4.069978306518e-01, 1.277584829884e-05, 2.6351e+02, 1.3982e+01, 
 2DIAGNOSTIC,    14, -4.070006273661e-01, 1.149805980025e-05, 2.7572e+02, 1.2214e+01, 
 2DIAGNOSTIC,    15, -4.070041073839e-01, 9.729797316518e-06, 2.8971e+02, 1.3993e+01, 
 2DIAGNOSTIC,    16, -4.070076548268e-01, 8.489013390053e-06, 3.0745e+02, 1.7733e+01, 
 2DIAGNOSTIC,    17, -4.070098298576e-01, 7.500930011284e-06, 3.2137e+02, 1.3925e+01, 
 2DIAGNOSTIC,    18, -4.070099676698e-01, 6.305491378124e-06, 3.3884e+02, 1.7471e+01, 
 2DIAGNOSTIC,    19, -4.070098211560e-01, 5.080837101906e-06, 3.5279e+02, 1.3951e+01, 
 2DIAGNOSTIC,    20, -4.070097340381e-01, 3.771387951018e-06, 3.6672e+02, 1.3926e+01, 
 2DIAGNOSTIC,    21, -4.070096601259e-01, 2.795625313606e-06, 3.8065e+02, 1.3924e+01, 
 2DIAGNOSTIC,    22, -4.070096126730e-01, 2.228809052082e-06, 3.9636e+02, 1.5715e+01, 
 2DIAGNOSTIC,    23, -4.070096866529e-01, 1.844956217120e-06, 4.1029e+02, 1.3929e+01, 
 2DIAGNOSTIC,    24, -4.070096551315e-01, 1.529598516126e-06, 4.2600e+02, 1.5706e+01, 
 2DIAGNOSTIC,    25, -4.070096677464e-01, 1.315922849014e-06, 4.6824e+02, 4.2242e+01, 
 2DIAGNOSTIC,    26, -4.070096677454e-01, 1.208252690170e-06, 5.0157e+02, 3.3327e+01, 
 2DIAGNOSTIC,    27, -4.070096677454e-01, 1.166086536775e-06, 5.1906e+02, 1.7493e+01, 
 2DIAGNOSTIC,    28, -4.070096677454e-01, 1.131547757445e-06, 5.3257e+02, 1.3516e+01, 
 2DIAGNOSTIC,    29, -4.070096677454e-01, 1.096324873766e-06, 5.4922e+02, 1.6640e+01, 
 2DIAGNOSTIC,    30, -4.070096677454e-01, 1.061547417053e-06, 5.6238e+02, 1.3162e+01, 
 2DIAGNOSTIC,    31, -4.070096677454e-01, 1.027280411958e-06, 5.7578e+02, 1.3399e+01, 
  Elapsed time (stage 0): 5.8471e+02


Stage 1
  iterations = 1000x500x250x100
  convergence threshold = 1.0000e-06
  convergence window size = 10
  number of levels = 4
  using the Mattes MI metric (number of bins = 32, weight = 1.0000e+00)
  preprocessing:  winsorizing the image intensities
  preprocessing:  histogram matching the images
  Shrink factors (level 1 out of 4): [8, 8, 8]
  Shrink factors (level 2 out of 4): [4, 4, 4]
  Shrink factors (level 3 out of 4): [2, 2, 2]
  Shrink factors (level 4 out of 4): [1, 1, 1]
  smoothing sigmas per level: [3, 2, 1, 0]
  regular sampling (percentage = 2.5000e-01)

*** Running AffineTransform registration ***

DIAGNOSTIC,Iteration,metricValue,convergenceValue,ITERATION_TIME_INDEX,SINCE_LAST
 2DIAGNOSTIC,     1, -6.062552166013e-01, 1.797693134862e+308, 2.6517e+00, 2.6517e+00, 
 2DIAGNOSTIC,     2, -6.081262842638e-01, 1.797693134862e+308, 2.6903e+00, 3.8572e-02, 
 2DIAGNOSTIC,     3, -6.111112909733e-01, 1.797693134862e+308, 2.7281e+00, 3.7780e-02, 
 2DIAGNOSTIC,     4, -6.160301846408e-01, 1.797693134862e+308, 2.7635e+00, 3.5449e-02, 
 2DIAGNOSTIC,     5, -6.224733904148e-01, 1.797693134862e+308, 2.7984e+00, 3.4900e-02, 
 2DIAGNOSTIC,     6, -6.335269143301e-01, 1.797693134862e+308, 2.8362e+00, 3.7717e-02, 
 2DIAGNOSTIC,     7, -6.406557553295e-01, 1.797693134862e+308, 2.8791e+00, 4.2916e-02, 
 2DIAGNOSTIC,     8, -6.468901941547e-01, 1.797693134862e+308, 2.9325e+00, 5.3425e-02, 
 2DIAGNOSTIC,     9, -6.478878609040e-01, 1.797693134862e+308, 2.9696e+00, 3.7067e-02, 
 2DIAGNOSTIC,    10, -6.483974495505e-01, 5.221135369139e-03, 3.0088e+00, 3.9246e-02, 
 2DIAGNOSTIC,    11, -6.491577592529e-01, 4.454351567025e-03, 3.0485e+00, 3.9677e-02, 
 2DIAGNOSTIC,    12, -6.496990309609e-01, 3.507022375954e-03, 3.1011e+00, 5.2640e-02, 
 2DIAGNOSTIC,    13, -6.498204117502e-01, 2.500208361667e-03, 3.1482e+00, 4.7082e-02, 
 2DIAGNOSTIC,    14, -6.498675637624e-01, 1.574468485776e-03, 3.1872e+00, 3.8997e-02, 
 2DIAGNOSTIC,    15, -6.501869412799e-01, 8.293047180158e-04, 3.2266e+00, 3.9402e-02, 
 2DIAGNOSTIC,    16, -6.502326640071e-01, 4.096421049353e-04, 3.2711e+00, 4.4493e-02, 
 2DIAGNOSTIC,    17, -6.503867890624e-01, 1.896084718664e-04, 3.3109e+00, 3.9804e-02, 
 2DIAGNOSTIC,    18, -6.511089556944e-01, 1.490612123762e-04, 3.3765e+00, 6.5590e-02, 
 2DIAGNOSTIC,    19, -6.511411594161e-01, 1.229576772473e-04, 3.4187e+00, 4.2232e-02, 
 2DIAGNOSTIC,    20, -6.511696609525e-01, 1.000249969653e-04, 3.4571e+00, 3.8405e-02, 
 2DIAGNOSTIC,    21, -6.511846198588e-01, 8.646100833067e-05, 3.5002e+00, 4.3029e-02, 
 2DIAGNOSTIC,    22, -6.512263908369e-01, 7.793632516705e-05, 3.5437e+00, 4.3513e-02, 
 2DIAGNOSTIC,    23, -6.512334910149e-01, 6.529724307611e-05, 3.5867e+00, 4.3048e-02, 
 2DIAGNOSTIC,    24, -6.512548278712e-01, 4.884288629724e-05, 3.6261e+00, 3.9377e-02, 
 2DIAGNOSTIC,    25, -6.512681246840e-01, 3.537136595455e-05, 3.6701e+00, 4.4031e-02, 
 2DIAGNOSTIC,    26, -6.512825331667e-01, 2.084450174252e-05, 3.7150e+00, 4.4824e-02, 
 2DIAGNOSTIC,    27, -6.512804738159e-01, 7.718446335611e-06, 3.7549e+00, 3.9943e-02, 
 2DIAGNOSTIC,    28, -6.512819679316e-01, 6.353611421130e-06, 3.7948e+00, 3.9874e-02, 
 2DIAGNOSTIC,    29, -6.512973409561e-01, 5.314798655627e-06, 3.8341e+00, 3.9302e-02, 
 2DIAGNOSTIC,    30, -6.513147632950e-01, 4.615992297979e-06, 3.8782e+00, 4.4090e-02, 
 2DIAGNOSTIC,    31, -6.513266177097e-01, 3.990582136314e-06, 3.9224e+00, 4.4191e-02, 
 2DIAGNOSTIC,    32, -6.513289918253e-01, 3.739233336637e-06, 3.9659e+00, 4.3536e-02, 
 2DIAGNOSTIC,    33, -6.513343792382e-01, 3.412014675290e-06, 4.0084e+00, 4.2479e-02, 
 2DIAGNOSTIC,    34, -6.513290053755e-01, 3.073572733291e-06, 4.0451e+00, 3.6685e-02, 
 2DIAGNOSTIC,    35, -6.513356749302e-01, 2.797216843022e-06, 4.0823e+00, 3.7223e-02, 
 2DIAGNOSTIC,    36, -6.513543166069e-01, 2.761167162569e-06, 4.1206e+00, 3.8312e-02, 
 2DIAGNOSTIC,    37, -6.514911665525e-01, 4.152462705045e-06, 4.1797e+00, 5.9077e-02, 
 2DIAGNOSTIC,    38, -6.514968376781e-01, 5.197327936596e-06, 4.2216e+00, 4.1952e-02, 
 2DIAGNOSTIC,    39, -6.514986233643e-01, 5.984400562580e-06, 4.2656e+00, 4.3938e-02, 
 2DIAGNOSTIC,    40, -6.515036598920e-01, 6.507483339170e-06, 4.3079e+00, 4.2353e-02, 
 2DIAGNOSTIC,    41, -6.515120279552e-01, 6.667259401485e-06, 4.3461e+00, 3.8176e-02, 
 2DIAGNOSTIC,    42, -6.515121409041e-01, 6.255827030656e-06, 4.3908e+00, 4.4736e-02, 
 2DIAGNOSTIC,    43, -6.515124745537e-01, 5.398755166121e-06, 4.4309e+00, 4.0130e-02, 
 2DIAGNOSTIC,    44, -6.515134905503e-01, 4.115999555056e-06, 4.4703e+00, 3.9312e-02, 
 2DIAGNOSTIC,    45, -6.515167694346e-01, 2.674547419684e-06, 4.5086e+00, 3.8343e-02, 
 2DIAGNOSTIC,    46, -6.515327819797e-01, 1.401154234033e-06, 4.5664e+00, 5.7810e-02, 
 2DIAGNOSTIC,    47, -6.515351901202e-01, 1.413545848920e-06, 4.6044e+00, 3.7985e-02, 
 2DIAGNOSTIC,    48, -6.515257476031e-01, 1.323726390823e-06, 4.6380e+00, 3.3617e-02, 
 2DIAGNOSTIC,    49, -6.515161862171e-01, 1.109395242348e-06, 4.6837e+00, 4.5647e-02, 
DIAGNOSTIC,Iteration,metricValue,convergenceValue,ITERATION_TIME_INDEX,SINCE_LAST
 2DIAGNOSTIC,     1, -5.611384074254e-01, 1.797693134862e+308, 7.6347e+00, 2.9510e+00, 
 2DIAGNOSTIC,     2, -5.618217952736e-01, 1.797693134862e+308, 7.9027e+00, 2.6797e-01, 
 2DIAGNOSTIC,     3, -5.624170128975e-01, 1.797693134862e+308, 8.1846e+00, 2.8189e-01, 
 2DIAGNOSTIC,     4, -5.628585670275e-01, 1.797693134862e+308, 8.4785e+00, 2.9392e-01, 
 2DIAGNOSTIC,     5, -5.634055775402e-01, 1.797693134862e+308, 8.7838e+00, 3.0531e-01, 
 2DIAGNOSTIC,     6, -5.635649747771e-01, 1.797693134862e+308, 9.0841e+00, 3.0032e-01, 
 2DIAGNOSTIC,     7, -5.636939906808e-01, 1.797693134862e+308, 9.4229e+00, 3.3880e-01, 
 2DIAGNOSTIC,     8, -5.637142430300e-01, 1.797693134862e+308, 9.6910e+00, 2.6804e-01, 
 2DIAGNOSTIC,     9, -5.638048935562e-01, 1.797693134862e+308, 1.0031e+01, 3.4027e-01, 
 2DIAGNOSTIC,    10, -5.638979863244e-01, 2.969236643587e-04, 1.0376e+01, 3.4440e-01, 
 2DIAGNOSTIC,    11, -5.639479865799e-01, 1.978882406649e-04, 1.0716e+01, 3.4022e-01, 
 2DIAGNOSTIC,    12, -5.639498906504e-01, 1.265291960414e-04, 1.1035e+01, 3.1925e-01, 
 2DIAGNOSTIC,    13, -5.639477628039e-01, 7.789966663997e-05, 1.1336e+01, 3.0100e-01, 
 2DIAGNOSTIC,    14, -5.639489942777e-01, 4.487223186697e-05, 1.1640e+01, 3.0392e-01, 
 2DIAGNOSTIC,    15, -5.639572647364e-01, 3.087905636034e-05, 1.1977e+01, 3.3705e-01, 
 2DIAGNOSTIC,    16, -5.639628765103e-01, 2.109442759834e-05, 1.2280e+01, 3.0247e-01, 
 2DIAGNOSTIC,    17, -5.639643579043e-01, 1.462843094976e-05, 1.2591e+01, 3.1138e-01, 
 2DIAGNOSTIC,    18, -5.639645594154e-01, 8.263043378622e-06, 1.2892e+01, 3.0148e-01, 
 2DIAGNOSTIC,    19, -5.639630401565e-01, 4.280222638833e-06, 1.3156e+01, 2.6354e-01, 
 2DIAGNOSTIC,    20, -5.639681744369e-01, 2.892276852580e-06, 1.3463e+01, 3.0677e-01, 
 2DIAGNOSTIC,    21, -5.639736673322e-01, 2.839750937449e-06, 1.3798e+01, 3.3569e-01, 
 2DIAGNOSTIC,    22, -5.639735320490e-01, 2.709963500144e-06, 1.4110e+01, 3.1139e-01, 
 2DIAGNOSTIC,    23, -5.639738296762e-01, 2.439897177534e-06, 1.4379e+01, 2.6946e-01, 
 2DIAGNOSTIC,    24, -5.639763663085e-01, 2.171285638945e-06, 1.4688e+01, 3.0838e-01, 
 2DIAGNOSTIC,    25, -5.639822395131e-01, 2.123826330240e-06, 1.5022e+01, 3.3436e-01, 
 2DIAGNOSTIC,    26, -5.639821900161e-01, 2.101916136803e-06, 1.5326e+01, 3.0350e-01, 
 2DIAGNOSTIC,    27, -5.639794280592e-01, 1.977920316011e-06, 1.5597e+01, 2.7135e-01, 
 2DIAGNOSTIC,    28, -5.639816218837e-01, 1.836953905918e-06, 1.5864e+01, 2.6664e-01, 
 2DIAGNOSTIC,    29, -5.639991781468e-01, 1.914139180381e-06, 1.6133e+01, 2.6913e-01, 
 2DIAGNOSTIC,    30, -5.640059927100e-01, 2.096624563040e-06, 1.6439e+01, 3.0682e-01, 
 2DIAGNOSTIC,    31, -5.640085739126e-01, 2.302088782560e-06, 1.6710e+01, 2.7020e-01, 
 2DIAGNOSTIC,    32, -5.640107926234e-01, 2.413783313775e-06, 1.7010e+01, 3.0082e-01, 
 2DIAGNOSTIC,    33, -5.640093312233e-01, 2.366063039022e-06, 1.7313e+01, 3.0202e-01, 
 2DIAGNOSTIC,    34, -5.639988507854e-01, 2.063870034926e-06, 1.7693e+01, 3.8079e-01, 
 2DIAGNOSTIC,    35, -5.640040941452e-01, 1.833820503453e-06, 1.7998e+01, 3.0421e-01, 
 2DIAGNOSTIC,    36, -5.640049160365e-01, 1.539662578876e-06, 1.8310e+01, 3.1261e-01, 
 2DIAGNOSTIC,    37, -5.640119901790e-01, 1.258960526319e-06, 1.8617e+01, 3.0654e-01, 
 2DIAGNOSTIC,    38, -5.640165227413e-01, 1.038586395115e-06, 1.8953e+01, 3.3672e-01, 
DIAGNOSTIC,Iteration,metricValue,convergenceValue,ITERATION_TIME_INDEX,SINCE_LAST
 2DIAGNOSTIC,     1, -4.810940421594e-01, 1.797693134862e+308, 2.4189e+01, 5.2354e+00, 
 2DIAGNOSTIC,     2, -4.815883502793e-01, 1.797693134862e+308, 2.6161e+01, 1.9723e+00, 
 2DIAGNOSTIC,     3, -4.819660696795e-01, 1.797693134862e+308, 2.8152e+01, 1.9910e+00, 
 2DIAGNOSTIC,     4, -4.822286774489e-01, 1.797693134862e+308, 3.0430e+01, 2.2780e+00, 
 2DIAGNOSTIC,     5, -4.823511551848e-01, 1.797693134862e+308, 3.2442e+01, 2.0117e+00, 
 2DIAGNOSTIC,     6, -4.824073655022e-01, 1.797693134862e+308, 3.4436e+01, 1.9947e+00, 
 2DIAGNOSTIC,     7, -4.824664463920e-01, 1.797693134862e+308, 3.7841e+01, 3.4042e+00, 
 2DIAGNOSTIC,     8, -4.824686493920e-01, 1.797693134862e+308, 3.9478e+01, 1.6374e+00, 
 2DIAGNOSTIC,     9, -4.824775891900e-01, 1.797693134862e+308, 4.1114e+01, 1.6359e+00, 
 2DIAGNOSTIC,    10, -4.824905267766e-01, 1.591807721932e-04, 4.2742e+01, 1.6285e+00, 
 2DIAGNOSTIC,    11, -4.825069176295e-01, 8.948967878400e-05, 4.4429e+01, 1.6869e+00, 
 2DIAGNOSTIC,    12, -4.825347455733e-01, 4.895515090289e-05, 4.6330e+01, 1.9004e+00, 
 2DIAGNOSTIC,    13, -4.825732159712e-01, 2.908395602583e-05, 4.8231e+01, 1.9008e+00, 
 2DIAGNOSTIC,    14, -4.826107554789e-01, 2.216004887894e-05, 5.0121e+01, 1.8907e+00, 
 2DIAGNOSTIC,    15, -4.826574594020e-01, 2.093837470581e-05, 5.2267e+01, 2.1457e+00, 
 2DIAGNOSTIC,    16, -4.827938434240e-01, 2.515512454582e-05, 5.4430e+01, 2.1628e+00, 
 2DIAGNOSTIC,    17, -4.828275126447e-01, 2.984829262286e-05, 5.7112e+01, 2.6825e+00, 
 2DIAGNOSTIC,    18, -4.828417130289e-01, 3.199543118428e-05, 5.9018e+01, 1.9061e+00, 
 2DIAGNOSTIC,    19, -4.828509741910e-01, 3.172783767461e-05, 6.1179e+01, 2.1608e+00, 
 2DIAGNOSTIC,    20, -4.828732505296e-01, 2.971716950637e-05, 6.3338e+01, 2.1592e+00, 
 2DIAGNOSTIC,    21, -4.829003181805e-01, 2.642375006297e-05, 6.7047e+01, 3.7086e+00, 
 2DIAGNOSTIC,    22, -4.829002344049e-01, 2.181047024638e-05, 6.9216e+01, 2.1687e+00, 
 2DIAGNOSTIC,    23, -4.828997758654e-01, 1.671829155270e-05, 7.1383e+01, 2.1672e+00, 
 2DIAGNOSTIC,    24, -4.828997417950e-01, 1.155881750779e-05, 7.3545e+01, 2.1626e+00, 
 2DIAGNOSTIC,    25, -4.828995731272e-01, 6.858646632864e-06, 7.6467e+01, 2.9216e+00, 
 2DIAGNOSTIC,    26, -4.828996198779e-01, 5.058756876300e-06, 7.8623e+01, 2.1564e+00, 
 2DIAGNOSTIC,    27, -4.828994905933e-01, 3.762003531901e-06, 8.0534e+01, 1.9107e+00, 
 2DIAGNOSTIC,    28, -4.828993748722e-01, 2.620125410191e-06, 8.2704e+01, 2.1702e+00, 
 2DIAGNOSTIC,    29, -4.828991146816e-01, 1.593502552556e-06, 8.4869e+01, 2.1649e+00, 
 2DIAGNOSTIC,    30, -4.828990215034e-01, 1.008683722402e-06, 8.6998e+01, 2.1287e+00, 
DIAGNOSTIC,Iteration,metricValue,convergenceValue,ITERATION_TIME_INDEX,SINCE_LAST
 2DIAGNOSTIC,     1, -4.290777216072e-01, 1.797693134862e+308, 1.0547e+02, 1.8473e+01, 
 2DIAGNOSTIC,     2, -4.292310041055e-01, 1.797693134862e+308, 1.1938e+02, 1.3906e+01, 
 2DIAGNOSTIC,     3, -4.292522741144e-01, 1.797693134862e+308, 1.3322e+02, 1.3842e+01, 
 2DIAGNOSTIC,     4, -4.292704189973e-01, 1.797693134862e+308, 1.4709e+02, 1.3866e+01, 
 2DIAGNOSTIC,     5, -4.293098161438e-01, 1.797693134862e+308, 1.6270e+02, 1.5613e+01, 
 2DIAGNOSTIC,     6, -4.293776217445e-01, 1.797693134862e+308, 1.9100e+02, 2.8300e+01, 
 2DIAGNOSTIC,     7, -4.293776997545e-01, 1.797693134862e+308, 2.0823e+02, 1.7236e+01, 
 2DIAGNOSTIC,     8, -4.293778434005e-01, 1.797693134862e+308, 2.2693e+02, 1.8700e+01, 
 2DIAGNOSTIC,     9, -4.293778003024e-01, 1.797693134862e+308, 2.4070e+02, 1.3763e+01, 
 2DIAGNOSTIC,    10, -4.293777300325e-01, 4.142661693536e-05, 2.5813e+02, 1.7434e+01, 
 2DIAGNOSTIC,    11, -4.293776680288e-01, 2.476431969446e-05, 2.7373e+02, 1.5602e+01, 
 2DIAGNOSTIC,    12, -4.293776377140e-01, 1.737259759628e-05, 2.8757e+02, 1.3836e+01, 
 2DIAGNOSTIC,    13, -4.293776098584e-01, 1.092456832703e-05, 3.0138e+02, 1.3810e+01, 
 2DIAGNOSTIC,    14, -4.293776053446e-01, 5.470885764858e-06, 3.1702e+02, 1.5638e+01, 
 2DIAGNOSTIC,    15, -4.293776087758e-01, 2.105656082454e-06, 3.3441e+02, 1.7395e+01, 
 2DIAGNOSTIC,    16, -4.293776224723e-01, 1.968466651736e-06, 3.5001e+02, 1.5600e+01, 
 2DIAGNOSTIC,    17, -4.293776253885e-01, 1.852190542537e-06, 3.6520e+02, 1.5191e+01, 
 2DIAGNOSTIC,    18, -4.293776179633e-01, 1.755620419472e-06, 3.8211e+02, 1.6902e+01, 
 2DIAGNOSTIC,    19, -4.293776157727e-01, 1.668778324491e-06, 3.9949e+02, 1.7386e+01, 
 2DIAGNOSTIC,    20, -4.293776027047e-01, 1.588410839470e-06, 4.1507e+02, 1.5579e+01, 
 2DIAGNOSTIC,    21, -4.293775724250e-01, 1.513009826558e-06, 4.2884e+02, 1.3766e+01, 
 2DIAGNOSTIC,    22, -4.293775695385e-01, 1.443682077662e-06, 4.4442e+02, 1.5585e+01, 
 2DIAGNOSTIC,    23, -4.293775604747e-01, 1.379540055593e-06, 4.5995e+02, 1.5529e+01, 
 2DIAGNOSTIC,    24, -4.293775562054e-01, 1.320838100748e-06, 4.7372e+02, 1.3775e+01, 
 2DIAGNOSTIC,    25, -4.293775256432e-01, 1.266548410005e-06, 4.8742e+02, 1.3696e+01, 
 2DIAGNOSTIC,    26, -4.293775509334e-01, 1.218012459121e-06, 5.0280e+02, 1.5376e+01, 
 2DIAGNOSTIC,    27, -4.293775965096e-01, 1.174757204361e-06, 5.1809e+02, 1.5295e+01, 
 2DIAGNOSTIC,    28, -4.293775648257e-01, 1.133948908806e-06, 5.3284e+02, 1.4749e+01, 
 2DIAGNOSTIC,    29, -4.293775430551e-01, 1.095661896960e-06, 5.4804e+02, 1.5204e+01, 
 2DIAGNOSTIC,    30, -4.293775698697e-01, 1.060399951985e-06, 5.6321e+02, 1.5171e+01, 
 2DIAGNOSTIC,    31, -4.293775877329e-01, 1.027101833737e-06, 5.7663e+02, 1.3414e+01, 
  Elapsed time (stage 1): 5.8672e+02


Total elapsed time: 1.1714e+03

--------------------------------------------------------------------------------------
 Mapping parameters
--------------------------------------------------------------------------------------
 ANTSPATH is /usr/local/software/spack/spack-git/opt/spack/linux-rhel7-broadwell/gcc-5/ants-2.3.4-lj6vm7ccmij4yywr4ynrttcko4aoflqt/bin

 Dimensionality:           3
 Output name prefix:       T1xT2_ANTs
 Fixed images:             /home/ccn30/rds/rds-p00500_encrypt-URQgmO1brZ0/p00500/ENCRYPT_images/27464/T2/N4t2.nii
 Moving images:            /home/ccn30/rds/rds-p00500_encrypt-URQgmO1brZ0/p00500/ENCRYPT_images/27464/mp2rage/n4mag0000_PSIR_skulled_std.nii
 Mask images:              
 Initial transforms:       
 Number of threads:        1
 Spline distance:          26
 Transform type:           a
 MI histogram bins:        32
 Precision:                d
 Use histogram matching    0
======================================================================================
 antsRegistration call:
--------------------------------------------------------------------------------------
/usr/local/software/spack/spack-git/opt/spack/linux-rhel7-broadwell/gcc-5/ants-2.3.4-lj6vm7ccmij4yywr4ynrttcko4aoflqt/bin/antsRegistration --verbose 1 --dimensionality 3 --float 0 --collapse-output-transforms 1 --output [ T1xT2_ANTs,T1xT2_ANTsWarped.nii.gz,T1xT2_ANTsInverseWarped.nii.gz ] --interpolation Linear --use-histogram-matching 0 --winsorize-image-intensities [ 0.005,0.995 ] --initial-moving-transform [ /home/ccn30/rds/rds-p00500_encrypt-URQgmO1brZ0/p00500/ENCRYPT_images/27464/T2/N4t2.nii,/home/ccn30/rds/rds-p00500_encrypt-URQgmO1brZ0/p00500/ENCRYPT_images/27464/mp2rage/n4mag0000_PSIR_skulled_std.nii,1 ] --transform Rigid[ 0.1 ] --metric MI[ /home/ccn30/rds/rds-p00500_encrypt-URQgmO1brZ0/p00500/ENCRYPT_images/27464/T2/N4t2.nii,/home/ccn30/rds/rds-p00500_encrypt-URQgmO1brZ0/p00500/ENCRYPT_images/27464/mp2rage/n4mag0000_PSIR_skulled_std.nii,1,32,Regular,0.25 ] --convergence [ 1000x500x250x0,1e-6,10 ] --shrink-factors 12x8x4x2 --smoothing-sigmas 4x3x2x1vox --transform Affine[ 0.1 ] --metric MI[ /home/ccn30/rds/rds-p00500_encrypt-URQgmO1brZ0/p00500/ENCRYPT_images/27464/T2/N4t2.nii,/home/ccn30/rds/rds-p00500_encrypt-URQgmO1brZ0/p00500/ENCRYPT_images/27464/mp2rage/n4mag0000_PSIR_skulled_std.nii,1,32,Regular,0.25 ] --convergence [ 1000x500x250x0,1e-6,10 ] --shrink-factors 12x8x4x2 --smoothing-sigmas 4x3x2x1vox
--------------------------------------------------------------------------------------
All_Command_lines_OK
Using double precision for computations.
=============================================================================
The composite transform comprises the following transforms (in order): 
  1. Center of mass alignment using fixed image: /home/ccn30/rds/rds-p00500_encrypt-URQgmO1brZ0/p00500/ENCRYPT_images/27464/T2/N4t2.nii and moving image: /home/ccn30/rds/rds-p00500_encrypt-URQgmO1brZ0/p00500/ENCRYPT_images/27464/mp2rage/n4mag0000_PSIR_skulled_std.nii (type = Euler3DTransform)
=============================================================================
  number of levels = 4
  number of levels = 4
  fixed image: /home/ccn30/rds/rds-p00500_encrypt-URQgmO1brZ0/p00500/ENCRYPT_images/27464/T2/N4t2.nii
  moving image: /home/ccn30/rds/rds-p00500_encrypt-URQgmO1brZ0/p00500/ENCRYPT_images/27464/mp2rage/n4mag0000_PSIR_skulled_std.nii
  fixed image: /home/ccn30/rds/rds-p00500_encrypt-URQgmO1brZ0/p00500/ENCRYPT_images/27464/T2/N4t2.nii
  moving image: /home/ccn30/rds/rds-p00500_encrypt-URQgmO1brZ0/p00500/ENCRYPT_images/27464/mp2rage/n4mag0000_PSIR_skulled_std.nii
Dimension = 3
Number of stages = 2
Use Histogram Matching false
Winsorize image intensities true
Lower quantile = 0.005
Upper quantile = 0.995
Stage 1 State
   Image metric = Mattes
     Fixed image = Image (0x3a00010)
  RTTI typeinfo:   itk::Image<double, 3u>
  Reference Count: 2
  Modified Time: 1709
  Debug: Off
  Object Name: 
  Observers: 
    none
  Source: (none)
  Source output name: (none)
  Release Data: Off
  Data Released: False
  Global Release Data: Off
  PipelineMTime: 0
  UpdateMTime: 1492
  RealTimeStamp: 0 seconds 
  LargestPossibleRegion: 
    Dimension: 3
    Index: [0, 0, 0]
    Size: [512, 512, 54]
  BufferedRegion: 
    Dimension: 3
    Index: [0, 0, 0]
    Size: [512, 512, 54]
  RequestedRegion: 
    Dimension: 3
    Index: [0, 0, 0]
    Size: [512, 512, 54]
  Spacing: [0.4375, 0.4375, 1.1]
  Origin: [-113.248, 6.79301, -107.367]
  Direction: 
1 1.2175e-11 -7.38796e-12
1.2175e-11 -0.461749 0.887011
-7.38796e-12 0.887011 0.461749

  IndexToPointMatrix: 
0.4375 5.32655e-12 -8.12675e-12
5.32655e-12 -0.202015 0.975712
-3.23223e-12 0.388067 0.507923

  PointToIndexMatrix: 
2.28571 2.78285e-11 -1.68868e-11
2.78285e-11 -1.05543 2.02745
-6.71632e-12 0.806373 0.419771

  Inverse Direction: 
1 1.2175e-11 -7.38796e-12
1.2175e-11 -0.461749 0.887011
-7.38796e-12 0.887011 0.461749

  PixelContainer: 
    ImportImageContainer (0x39fa980)
      RTTI typeinfo:   itk::ImportImageContainer<unsigned long, double>
      Reference Count: 1
      Modified Time: 1489
      Debug: Off
      Object Name: 
      Observers: 
        none
      Pointer: 0x2b55e130b010
      Container manages memory: true
      Size: 14155776
      Capacity: 14155776

     Moving image = Image (0x39fdb30)
  RTTI typeinfo:   itk::Image<double, 3u>
  Reference Count: 2
  Modified Time: 1710
  Debug: Off
  Object Name: 
  Observers: 
    none
  Source: (none)
  Source output name: (none)
  Release Data: Off
  Data Released: False
  Global Release Data: Off
  PipelineMTime: 0
  UpdateMTime: 1707
  RealTimeStamp: 0 seconds 
  LargestPossibleRegion: 
    Dimension: 3
    Index: [0, 0, 0]
    Size: [224, 320, 320]
  BufferedRegion: 
    Dimension: 3
    Index: [0, 0, 0]
    Size: [224, 320, 320]
  RequestedRegion: 
    Dimension: 3
    Index: [0, 0, 0]
    Size: [224, 320, 320]
  Spacing: [0.7, 0.7, 0.7]
  Origin: [-80.5301, 73.4889, -92.7044]
  Direction: 
1 0 0
0 -1 0
0 0 1

  IndexToPointMatrix: 
0.7 0 0
0 -0.7 0
0 0 0.7

  PointToIndexMatrix: 
1.42857 0 0
0 -1.42857 0
0 0 1.42857

  Inverse Direction: 
1 0 0
0 -1 0
0 0 1

  PixelContainer: 
    ImportImageContainer (0x39fa780)
      RTTI typeinfo:   itk::ImportImageContainer<unsigned long, double>
      Reference Count: 1
      Modified Time: 1704
      Debug: Off
      Object Name: 
      Observers: 
        none
      Pointer: 0x2b55e7f0c010
      Container manages memory: true
      Size: 22937600
      Capacity: 22937600

     Weighting = 1
     Sampling strategy = regular
     Number of bins = 32
     Radius = 4
     Sampling percentage  = 0.25
   Transform = Rigid
     Gradient step = 0.1
     Update field sigma (voxel space) = 0
     Total field sigma (voxel space) = 0
     Update field time sigma = 0
     Total field time sigma  = 0
     Number of time indices = 0
     Number of time point samples = 0
Stage 2 State
   Image metric = Mattes
     Fixed image = Image (0x3a0f500)
  RTTI typeinfo:   itk::Image<double, 3u>
  Reference Count: 2
  Modified Time: 2141
  Debug: Off
  Object Name: 
  Observers: 
    none
  Source: (none)
  Source output name: (none)
  Release Data: Off
  Data Released: False
  Global Release Data: Off
  PipelineMTime: 0
  UpdateMTime: 1924
  RealTimeStamp: 0 seconds 
  LargestPossibleRegion: 
    Dimension: 3
    Index: [0, 0, 0]
    Size: [512, 512, 54]
  BufferedRegion: 
    Dimension: 3
    Index: [0, 0, 0]
    Size: [512, 512, 54]
  RequestedRegion: 
    Dimension: 3
    Index: [0, 0, 0]
    Size: [512, 512, 54]
  Spacing: [0.4375, 0.4375, 1.1]
  Origin: [-113.248, 6.79301, -107.367]
  Direction: 
1 1.2175e-11 -7.38796e-12
1.2175e-11 -0.461749 0.887011
-7.38796e-12 0.887011 0.461749

  IndexToPointMatrix: 
0.4375 5.32655e-12 -8.12675e-12
5.32655e-12 -0.202015 0.975712
-3.23223e-12 0.388067 0.507923

  PointToIndexMatrix: 
2.28571 2.78285e-11 -1.68868e-11
2.78285e-11 -1.05543 2.02745
-6.71632e-12 0.806373 0.419771

  Inverse Direction: 
1 1.2175e-11 -7.38796e-12
1.2175e-11 -0.461749 0.887011
-7.38796e-12 0.887011 0.461749

  PixelContainer: 
    ImportImageContainer (0x3a00860)
      RTTI typeinfo:   itk::ImportImageContainer<unsigned long, double>
      Reference Count: 1
      Modified Time: 1921
      Debug: Off
      Object Name: 
      Observers: 
        none
      Pointer: 0x2b55f2e0d010
      Container manages memory: true
      Size: 14155776
      Capacity: 14155776

     Moving image = Image (0x3a13f40)
  RTTI typeinfo:   itk::Image<double, 3u>
  Reference Count: 2
  Modified Time: 2142
  Debug: Off
  Object Name: 
  Observers: 
    none
  Source: (none)
  Source output name: (none)
  Release Data: Off
  Data Released: False
  Global Release Data: Off
  PipelineMTime: 0
  UpdateMTime: 2139
  RealTimeStamp: 0 seconds 
  LargestPossibleRegion: 
    Dimension: 3
    Index: [0, 0, 0]
    Size: [224, 320, 320]
  BufferedRegion: 
    Dimension: 3
    Index: [0, 0, 0]
    Size: [224, 320, 320]
  RequestedRegion: 
    Dimension: 3
    Index: [0, 0, 0]
    Size: [224, 320, 320]
  Spacing: [0.7, 0.7, 0.7]
  Origin: [-80.5301, 73.4889, -92.7044]
  Direction: 
1 0 0
0 -1 0
0 0 1

  IndexToPointMatrix: 
0.7 0 0
0 -0.7 0
0 0 0.7

  PointToIndexMatrix: 
1.42857 0 0
0 -1.42857 0
0 0 1.42857

  Inverse Direction: 
1 0 0
0 -1 0
0 0 1

  PixelContainer: 
    ImportImageContainer (0x3a0b750)
      RTTI typeinfo:   itk::ImportImageContainer<unsigned long, double>
      Reference Count: 1
      Modified Time: 2136
      Debug: Off
      Object Name: 
      Observers: 
        none
      Pointer: 0x2b55f9a0e010
      Container manages memory: true
      Size: 22937600
      Capacity: 22937600

     Weighting = 1
     Sampling strategy = regular
     Number of bins = 32
     Radius = 4
     Sampling percentage  = 0.25
   Transform = Affine
     Gradient step = 0.1
     Update field sigma (voxel space) = 0
     Total field sigma (voxel space) = 0
     Update field time sigma = 0
     Total field time sigma  = 0
     Number of time indices = 0
     Number of time point samples = 0
Registration using 2 total stages.

Stage 0
  iterations = 1000x500x250x0
  convergence threshold = 1e-06
  convergence window size = 10
  number of levels = 4
  using the Mattes MI metric (number of bins = 32, weight = 1)
  preprocessing:  winsorizing the image intensities
  Shrink factors (level 1 out of 4): [12, 12, 5]
  Shrink factors (level 2 out of 4): [8, 8, 3]
  Shrink factors (level 3 out of 4): [4, 4, 2]
  Shrink factors (level 4 out of 4): [2, 2, 1]
  smoothing sigmas per level: [4, 3, 2, 1]
  regular sampling (percentage = 0.25)

*** Running Euler3DTransform registration ***

DIAGNOSTIC,Iteration,metricValue,convergenceValue,ITERATION_TIME_INDEX,SINCE_LAST
 2DIAGNOSTIC,     1, -3.869454139099e-01, 1.797693134862e+308, 3.8755e+00, 3.8755e+00, 
 2DIAGNOSTIC,     2, -3.889540329323e-01, 1.797693134862e+308, 3.8835e+00, 8.0531e-03, 
 2DIAGNOSTIC,     3, -3.931792231650e-01, 1.797693134862e+308, 3.8973e+00, 1.3727e-02, 
 2DIAGNOSTIC,     4, -4.010876794504e-01, 1.797693134862e+308, 3.9074e+00, 1.0092e-02, 
 2DIAGNOSTIC,     5, -4.134239563458e-01, 1.797693134862e+308, 3.9161e+00, 8.7631e-03, 
 2DIAGNOSTIC,     6, -4.336928509948e-01, 1.797693134862e+308, 3.9244e+00, 8.3010e-03, 
 2DIAGNOSTIC,     7, -4.644011152450e-01, 1.797693134862e+308, 3.9400e+00, 1.5569e-02, 
 2DIAGNOSTIC,     8, -5.050485394073e-01, 1.797693134862e+308, 3.9531e+00, 1.3110e-02, 
 2DIAGNOSTIC,     9, -5.233926435888e-01, 1.797693134862e+308, 3.9626e+00, 9.4681e-03, 
 2DIAGNOSTIC,    10, -5.276097106321e-01, 2.367150660071e-02, 3.9707e+00, 8.1358e-03, 
 2DIAGNOSTIC,    11, -5.281049837174e-01, 2.234164211115e-02, 3.9884e+00, 1.7644e-02, 
 2DIAGNOSTIC,    12, -5.285334961707e-01, 1.940479436571e-02, 3.9992e+00, 1.0882e-02, 
 2DIAGNOSTIC,    13, -5.285436492334e-01, 1.542577665519e-02, 4.0086e+00, 9.3372e-03, 
 2DIAGNOSTIC,    14, -5.289317247678e-01, 1.105794500499e-02, 4.0167e+00, 8.1711e-03, 
 2DIAGNOSTIC,    15, -5.290643087003e-01, 6.854691553737e-03, 4.0304e+00, 1.3633e-02, 
 2DIAGNOSTIC,    16, -5.291269215443e-01, 3.367172945698e-03, 4.0422e+00, 1.1831e-02, 
 2DIAGNOSTIC,    17, -5.291518510593e-01, 1.067832625605e-03, 4.0520e+00, 9.8441e-03, 
 2DIAGNOSTIC,    18, -5.290871995380e-01, 2.665752299536e-04, 4.0610e+00, 8.9362e-03, 
 2DIAGNOSTIC,    19, -5.291218510432e-01, 9.757699309970e-05, 4.0730e+00, 1.2032e-02, 
 2DIAGNOSTIC,    20, -5.291380159486e-01, 6.139133163580e-05, 4.0840e+00, 1.0944e-02, 
 2DIAGNOSTIC,    21, -5.291581079355e-01, 3.744904927983e-05, 4.0942e+00, 1.0279e-02, 
 2DIAGNOSTIC,    22, -5.290564139156e-01, 2.130504265398e-05, 4.1026e+00, 8.3320e-03, 
 2DIAGNOSTIC,    23, -5.289628408580e-01, 2.628170638792e-06, 4.1177e+00, 1.5143e-02, 
DIAGNOSTIC,Iteration,metricValue,convergenceValue,ITERATION_TIME_INDEX,SINCE_LAST
 2DIAGNOSTIC,     1, -5.045445546508e-01, 1.797693134862e+308, 8.3022e+00, 4.1844e+00, 
 2DIAGNOSTIC,     2, -5.070448095414e-01, 1.797693134862e+308, 8.3560e+00, 5.3840e-02, 
 2DIAGNOSTIC,     3, -5.092812834043e-01, 1.797693134862e+308, 8.4227e+00, 6.6679e-02, 
 2DIAGNOSTIC,     4, -5.099354235386e-01, 1.797693134862e+308, 8.4780e+00, 5.5295e-02, 
 2DIAGNOSTIC,     5, -5.101491706707e-01, 1.797693134862e+308, 8.5312e+00, 5.3214e-02, 
 2DIAGNOSTIC,     6, -5.106517795831e-01, 1.797693134862e+308, 8.5889e+00, 5.7662e-02, 
 2DIAGNOSTIC,     7, -5.115446719759e-01, 1.797693134862e+308, 8.6521e+00, 6.3241e-02, 
 2DIAGNOSTIC,     8, -5.123610590909e-01, 1.797693134862e+308, 8.7894e+00, 1.3731e-01, 
 2DIAGNOSTIC,     9, -5.123628912724e-01, 1.797693134862e+308, 8.8444e+00, 5.4973e-02, 
 2DIAGNOSTIC,    10, -5.123667163906e-01, 8.649506898898e-04, 8.8980e+00, 5.3653e-02, 
 2DIAGNOSTIC,    11, -5.123730214485e-01, 5.552586367657e-04, 8.9556e+00, 5.7605e-02, 
 2DIAGNOSTIC,    12, -5.123831825123e-01, 3.609754284069e-04, 9.0114e+00, 5.5747e-02, 
 2DIAGNOSTIC,    13, -5.123995273820e-01, 2.597274808479e-04, 9.0666e+00, 5.5201e-02, 
 2DIAGNOSTIC,    14, -5.124234679141e-01, 1.770263741551e-04, 9.1216e+00, 5.5018e-02, 
 2DIAGNOSTIC,    15, -5.124549263754e-01, 9.887490748704e-05, 9.1769e+00, 5.5327e-02, 
 2DIAGNOSTIC,    16, -5.124920515552e-01, 3.985167393515e-05, 9.2326e+00, 5.5644e-02, 
 2DIAGNOSTIC,    17, -5.125266315357e-01, 1.386947759421e-05, 9.2886e+00, 5.5980e-02, 
 2DIAGNOSTIC,    18, -5.125451857759e-01, 1.545793345530e-05, 9.3433e+00, 5.4702e-02, 
 2DIAGNOSTIC,    19, -5.125544496780e-01, 1.593652363180e-05, 9.4089e+00, 6.5606e-02, 
 2DIAGNOSTIC,    20, -5.125671653542e-01, 1.550130190795e-05, 9.4971e+00, 8.8277e-02, 
 2DIAGNOSTIC,    21, -5.125743770418e-01, 1.415605051520e-05, 9.5523e+00, 5.5117e-02, 
 2DIAGNOSTIC,    22, -5.125756543753e-01, 1.203338141511e-05, 9.6259e+00, 7.3664e-02, 
 2DIAGNOSTIC,    23, -5.125766321964e-01, 9.525972677726e-06, 9.6806e+00, 5.4671e-02, 
 2DIAGNOSTIC,    24, -5.125774846330e-01, 7.037671048774e-06, 9.7348e+00, 5.4224e-02, 
 2DIAGNOSTIC,    25, -5.125790316415e-01, 4.932681018616e-06, 9.8085e+00, 7.3691e-02, 
 2DIAGNOSTIC,    26, -5.125793182052e-01, 3.428094607127e-06, 9.8633e+00, 5.4826e-02, 
 2DIAGNOSTIC,    27, -5.125802573438e-01, 2.553625518840e-06, 9.9266e+00, 6.3312e-02, 
 2DIAGNOSTIC,    28, -5.125895275498e-01, 2.163884389735e-06, 9.9986e+00, 7.1976e-02, 
 2DIAGNOSTIC,    29, -5.125896062068e-01, 1.873005763139e-06, 1.0207e+01, 2.0834e-01, 
 2DIAGNOSTIC,    30, -5.125896062062e-01, 1.762280627024e-06, 1.0383e+01, 1.7578e-01, 
 2DIAGNOSTIC,    31, -5.125896062062e-01, 1.723923614957e-06, 1.0453e+01, 7.0328e-02, 
 2DIAGNOSTIC,    32, -5.125896062062e-01, 1.643434632860e-06, 1.0520e+01, 6.7340e-02, 
 2DIAGNOSTIC,    33, -5.125896062062e-01, 1.520136932769e-06, 1.0583e+01, 6.2853e-02, 
 2DIAGNOSTIC,    34, -5.125896062062e-01, 1.364360505862e-06, 1.0649e+01, 6.5723e-02, 
 2DIAGNOSTIC,    35, -5.125896062062e-01, 1.203883519627e-06, 1.0712e+01, 6.2592e-02, 
 2DIAGNOSTIC,    36, -5.125896062062e-01, 1.030157797417e-06, 1.0776e+01, 6.3953e-02, 
DIAGNOSTIC,Iteration,metricValue,convergenceValue,ITERATION_TIME_INDEX,SINCE_LAST
 2DIAGNOSTIC,     1, -4.514821236649e-01, 1.797693134862e+308, 1.5088e+01, 4.3121e+00, 
 2DIAGNOSTIC,     2, -4.542334378451e-01, 1.797693134862e+308, 1.5403e+01, 3.1577e-01, 
 2DIAGNOSTIC,     3, -4.560121125762e-01, 1.797693134862e+308, 1.5814e+01, 4.1105e-01, 
 2DIAGNOSTIC,     4, -4.561903510220e-01, 1.797693134862e+308, 1.6227e+01, 4.1212e-01, 
 2DIAGNOSTIC,     5, -4.561820367441e-01, 1.797693134862e+308, 1.6689e+01, 4.6197e-01, 
 2DIAGNOSTIC,     6, -4.561945661456e-01, 1.797693134862e+308, 1.7051e+01, 3.6287e-01, 
 2DIAGNOSTIC,     7, -4.561903650463e-01, 1.797693134862e+308, 1.7609e+01, 5.5786e-01, 
 2DIAGNOSTIC,     8, -4.561880840507e-01, 1.797693134862e+308, 1.8019e+01, 4.0974e-01, 
 2DIAGNOSTIC,     9, -4.561843245459e-01, 1.797693134862e+308, 1.8384e+01, 3.6482e-01, 
 2DIAGNOSTIC,    10, -4.561807557934e-01, 4.105239732820e-04, 1.8751e+01, 3.6747e-01, 
 2DIAGNOSTIC,    11, -4.561773303288e-01, 1.213787408126e-04, 1.9068e+01, 3.1707e-01, 
 2DIAGNOSTIC,    12, -4.561655546609e-01, 9.724485481075e-06, 1.9385e+01, 3.1631e-01, 
DIAGNOSTIC,Iteration,metricValue,convergenceValue,ITERATION_TIME_INDEX,SINCE_LAST
 2DIAGNOSTIC,     1, -4.273744505540e-01, 1.797693134862e+308, 2.5709e+01, 6.3241e+00, 
  Elapsed time (stage 0): 2.7319e+01


Stage 1
  iterations = 1000x500x250x0
  convergence threshold = 1.0000e-06
  convergence window size = 10
  number of levels = 4
  using the Mattes MI metric (number of bins = 32, weight = 1.0000e+00)
  preprocessing:  winsorizing the image intensities
  Shrink factors (level 1 out of 4): [12, 12, 5]
  Shrink factors (level 2 out of 4): [8, 8, 3]
  Shrink factors (level 3 out of 4): [4, 4, 2]
  Shrink factors (level 4 out of 4): [2, 2, 1]
  smoothing sigmas per level: [4, 3, 2, 1]
  regular sampling (percentage = 2.5000e-01)

*** Running AffineTransform registration ***

DIAGNOSTIC,Iteration,metricValue,convergenceValue,ITERATION_TIME_INDEX,SINCE_LAST
 2DIAGNOSTIC,     1, -5.423596222813e-01, 1.797693134862e+308, 3.8119e+00, 3.8119e+00, 
 2DIAGNOSTIC,     2, -5.444616658002e-01, 1.797693134862e+308, 3.8242e+00, 1.2260e-02, 
 2DIAGNOSTIC,     3, -5.479553753637e-01, 1.797693134862e+308, 3.8377e+00, 1.3545e-02, 
 2DIAGNOSTIC,     4, -5.542318963198e-01, 1.797693134862e+308, 3.8476e+00, 9.8050e-03, 
 2DIAGNOSTIC,     5, -5.625460420774e-01, 1.797693134862e+308, 3.8570e+00, 9.4619e-03, 
 2DIAGNOSTIC,     6, -5.728941495204e-01, 1.797693134862e+308, 3.8706e+00, 1.3541e-02, 
 2DIAGNOSTIC,     7, -5.793235563240e-01, 1.797693134862e+308, 3.8889e+00, 1.8296e-02, 
 2DIAGNOSTIC,     8, -5.798143051019e-01, 1.797693134862e+308, 3.8994e+00, 1.0582e-02, 
 2DIAGNOSTIC,     9, -5.798799000661e-01, 1.797693134862e+308, 3.9108e+00, 1.1320e-02, 
 2DIAGNOSTIC,    10, -5.805876504027e-01, 5.288624205430e-03, 3.9259e+00, 1.5160e-02, 
 2DIAGNOSTIC,    11, -5.810585079478e-01, 4.214006380116e-03, 3.9375e+00, 1.1627e-02, 
 2DIAGNOSTIC,    12, -5.812081091411e-01, 3.038339215547e-03, 3.9483e+00, 1.0781e-02, 
 2DIAGNOSTIC,    13, -5.811884822985e-01, 1.910415032660e-03, 3.9646e+00, 1.6303e-02, 
 2DIAGNOSTIC,    14, -5.810352069441e-01, 9.922607028292e-04, 3.9763e+00, 1.1696e-02, 
 2DIAGNOSTIC,    15, -5.810991905233e-01, 3.798928946974e-04, 3.9864e+00, 1.0035e-02, 
 2DIAGNOSTIC,    16, -5.811441249737e-01, 1.283803347530e-04, 3.9985e+00, 1.2124e-02, 
 2DIAGNOSTIC,    17, -5.813703811099e-01, 8.985467983966e-05, 4.0132e+00, 1.4719e-02, 
 2DIAGNOSTIC,    18, -5.817067302813e-01, 7.066811267216e-05, 4.0236e+00, 1.0374e-02, 
 2DIAGNOSTIC,    19, -5.823305974358e-01, 6.475477752223e-05, 4.0334e+00, 9.8481e-03, 
 2DIAGNOSTIC,    20, -5.837547435026e-01, 1.058866075709e-04, 4.0525e+00, 1.9074e-02, 
 2DIAGNOSTIC,    21, -5.838431683758e-01, 1.456594140528e-04, 4.0648e+00, 1.2294e-02, 
 2DIAGNOSTIC,    22, -5.841419913794e-01, 1.788316544923e-04, 4.0781e+00, 1.3334e-02, 
 2DIAGNOSTIC,    23, -5.840244762740e-01, 1.898151433479e-04, 4.0945e+00, 1.6370e-02, 
 2DIAGNOSTIC,    24, -5.840479503555e-01, 1.794143113445e-04, 4.1059e+00, 1.1361e-02, 
 2DIAGNOSTIC,    25, -5.840870536838e-01, 1.548492896694e-04, 4.1162e+00, 1.0372e-02, 
 2DIAGNOSTIC,    26, -5.840637677285e-01, 1.181227011533e-04, 4.1260e+00, 9.7649e-03, 
 2DIAGNOSTIC,    27, -5.841524360356e-01, 7.923160924933e-05, 4.1403e+00, 1.4324e-02, 
 2DIAGNOSTIC,    28, -5.844649805645e-01, 4.721871819854e-05, 4.1561e+00, 1.5746e-02, 
 2DIAGNOSTIC,    29, -5.844980620180e-01, 2.352914845783e-05, 4.1660e+00, 9.9258e-03, 
 2DIAGNOSTIC,    30, -5.845273060161e-01, 2.324103612036e-05, 4.1819e+00, 1.5871e-02, 
 2DIAGNOSTIC,    31, -5.845865830684e-01, 2.314119605947e-05, 4.1953e+00, 1.3418e-02, 
 2DIAGNOSTIC,    32, -5.848594672617e-01, 2.976426355488e-05, 4.2062e+00, 1.0959e-02, 
 2DIAGNOSTIC,    33, -5.850722380782e-01, 3.448162846791e-05, 4.2168e+00, 1.0594e-02, 
 2DIAGNOSTIC,    34, -5.852055093609e-01, 3.795345947930e-05, 4.2399e+00, 2.3044e-02, 
 2DIAGNOSTIC,    35, -5.851735814678e-01, 3.793944803253e-05, 4.2497e+00, 9.8741e-03, 
 2DIAGNOSTIC,    36, -5.851910318467e-01, 3.440391610546e-05, 4.2593e+00, 9.5639e-03, 
 2DIAGNOSTIC,    37, -5.852125625065e-01, 2.917231813986e-05, 4.2755e+00, 1.6149e-02, 
 2DIAGNOSTIC,    38, -5.852396497456e-01, 2.584231076351e-05, 4.2899e+00, 1.4455e-02, 
 2DIAGNOSTIC,    39, -5.853546972406e-01, 2.218352668864e-05, 4.3018e+00, 1.1896e-02, 
 2DIAGNOSTIC,    40, -5.853525710359e-01, 1.703595392163e-05, 4.3365e+00, 3.4654e-02, 
 2DIAGNOSTIC,    41, -5.853525695220e-01, 1.128594570509e-05, 4.3462e+00, 9.7399e-03, 
 2DIAGNOSTIC,    42, -5.853525740897e-01, 7.955553820358e-06, 4.3589e+00, 1.2715e-02, 
 2DIAGNOSTIC,    43, -5.853525818122e-01, 6.466463912204e-06, 4.3710e+00, 1.2114e-02, 
 2DIAGNOSTIC,    44, -5.853525948658e-01, 5.978833934394e-06, 4.3809e+00, 9.8162e-03, 
 2DIAGNOSTIC,    45, -5.853526169247e-01, 4.661397372208e-06, 4.3910e+00, 1.0163e-02, 
 2DIAGNOSTIC,    46, -5.853526541842e-01, 3.227532408577e-06, 4.4041e+00, 1.3077e-02, 
 2DIAGNOSTIC,    47, -5.853527170705e-01, 1.844391436388e-06, 4.4169e+00, 1.2840e-02, 
DIAGNOSTIC,Iteration,metricValue,convergenceValue,ITERATION_TIME_INDEX,SINCE_LAST
 2DIAGNOSTIC,     1, -4.951561244107e-01, 1.797693134862e+308, 8.3630e+00, 3.9461e+00, 
 2DIAGNOSTIC,     2, -4.958822432980e-01, 1.797693134862e+308, 8.4218e+00, 5.8772e-02, 
 2DIAGNOSTIC,     3, -4.966165408008e-01, 1.797693134862e+308, 8.4822e+00, 6.0432e-02, 
 2DIAGNOSTIC,     4, -4.972370889321e-01, 1.797693134862e+308, 8.5570e+00, 7.4817e-02, 
 2DIAGNOSTIC,     5, -4.972695957321e-01, 1.797693134862e+308, 8.6277e+00, 7.0623e-02, 
 2DIAGNOSTIC,     6, -4.972138996089e-01, 1.797693134862e+308, 8.6931e+00, 6.5424e-02, 
 2DIAGNOSTIC,     7, -4.972084061903e-01, 1.797693134862e+308, 8.7609e+00, 6.7795e-02, 
 2DIAGNOSTIC,     8, -4.971267641196e-01, 1.797693134862e+308, 8.8547e+00, 9.3813e-02, 
 2DIAGNOSTIC,     9, -4.971418965767e-01, 1.797693134862e+308, 8.9211e+00, 6.6439e-02, 
 2DIAGNOSTIC,    10, -4.971019934690e-01, 1.966591025999e-04, 8.9902e+00, 6.9039e-02, 
 2DIAGNOSTIC,    11, -4.970695222073e-01, 7.970091790639e-05, 9.0489e+00, 5.8743e-02, 
 2DIAGNOSTIC,    12, -4.970832208598e-01, 1.006512324978e-05, 9.1269e+00, 7.7979e-02, 
DIAGNOSTIC,Iteration,metricValue,convergenceValue,ITERATION_TIME_INDEX,SINCE_LAST
 2DIAGNOSTIC,     1, -4.575461560662e-01, 1.797693134862e+308, 1.3631e+01, 4.5039e+00, 
 2DIAGNOSTIC,     2, -4.593114479206e-01, 1.797693134862e+308, 1.3988e+01, 3.5678e-01, 
 2DIAGNOSTIC,     3, -4.614993116535e-01, 1.797693134862e+308, 1.4346e+01, 3.5865e-01, 
 2DIAGNOSTIC,     4, -4.637382515376e-01, 1.797693134862e+308, 1.4706e+01, 3.5939e-01, 
 2DIAGNOSTIC,     5, -4.661271256434e-01, 1.797693134862e+308, 1.5059e+01, 3.5331e-01, 
 2DIAGNOSTIC,     6, -4.680899153896e-01, 1.797693134862e+308, 1.5469e+01, 4.0995e-01, 
 2DIAGNOSTIC,     7, -4.681922666427e-01, 1.797693134862e+308, 1.5873e+01, 4.0457e-01, 
 2DIAGNOSTIC,     8, -4.683704088951e-01, 1.797693134862e+308, 1.6227e+01, 3.5332e-01, 
 2DIAGNOSTIC,     9, -4.686064579592e-01, 1.797693134862e+308, 1.6582e+01, 3.5474e-01, 
 2DIAGNOSTIC,    10, -4.688664844722e-01, 1.633051775411e-03, 1.7038e+01, 4.5645e-01, 
 2DIAGNOSTIC,    11, -4.690206479956e-01, 1.148064717677e-03, 1.7643e+01, 6.0504e-01, 
 2DIAGNOSTIC,    12, -4.690328353395e-01, 7.320661248321e-04, 1.7993e+01, 3.5004e-01, 
 2DIAGNOSTIC,    13, -4.691422889113e-01, 4.223584239868e-04, 1.8402e+01, 4.0930e-01, 
 2DIAGNOSTIC,    14, -4.691917692783e-01, 2.165585946981e-04, 1.8805e+01, 4.0302e-01, 
 2DIAGNOSTIC,    15, -4.692017322288e-01, 1.139103257440e-04, 1.9210e+01, 4.0454e-01, 
 2DIAGNOSTIC,    16, -4.691978109199e-01, 8.855504199555e-05, 1.9562e+01, 3.5250e-01, 
 2DIAGNOSTIC,    17, -4.692013491586e-01, 6.209085703836e-05, 2.0023e+01, 4.6065e-01, 
 2DIAGNOSTIC,    18, -4.692094472508e-01, 3.921223487233e-05, 2.0426e+01, 4.0302e-01, 
 2DIAGNOSTIC,    19, -4.692052962847e-01, 2.249111587201e-05, 2.0833e+01, 4.0654e-01, 
 2DIAGNOSTIC,    20, -4.692089310020e-01, 1.346009122764e-05, 2.1186e+01, 3.5335e-01, 
 2DIAGNOSTIC,    21, -4.692167145273e-01, 8.930601623873e-06, 2.1537e+01, 3.5129e-01, 
 2DIAGNOSTIC,    22, -4.692396043956e-01, 5.017920028251e-06, 2.1892e+01, 3.5483e-01, 
 2DIAGNOSTIC,    23, -4.693020536479e-01, 5.605237146850e-06, 2.2247e+01, 3.5473e-01, 
 2DIAGNOSTIC,    24, -4.693510740197e-01, 8.202079255490e-06, 2.2601e+01, 3.5385e-01, 
 2DIAGNOSTIC,    25, -4.695418633017e-01, 1.482461955908e-05, 2.3007e+01, 4.0589e-01, 
 2DIAGNOSTIC,    26, -4.698207399830e-01, 2.599119269475e-05, 2.3466e+01, 4.5969e-01, 
 2DIAGNOSTIC,    27, -4.698712561107e-01, 3.508174315989e-05, 2.3873e+01, 4.0674e-01, 
 2DIAGNOSTIC,    28, -4.698855573440e-01, 4.089577798513e-05, 2.4436e+01, 5.6269e-01, 
 2DIAGNOSTIC,    29, -4.699017668953e-01, 4.287537888841e-05, 2.4843e+01, 4.0711e-01, 
 2DIAGNOSTIC,    30, -4.699137056975e-01, 4.103068349447e-05, 2.5301e+01, 4.5802e-01, 
 2DIAGNOSTIC,    31, -4.699198978018e-01, 3.570594061359e-05, 2.5706e+01, 4.0502e-01, 
 2DIAGNOSTIC,    32, -4.699183803140e-01, 2.783905656230e-05, 2.6112e+01, 4.0650e-01, 
 2DIAGNOSTIC,    33, -4.699190423817e-01, 1.916316791305e-05, 2.6464e+01, 3.5145e-01, 
 2DIAGNOSTIC,    34, -4.699266935216e-01, 1.025568577263e-05, 2.6867e+01, 4.0313e-01, 
 2DIAGNOSTIC,    35, -4.699350551137e-01, 4.294610465281e-06, 2.7268e+01, 4.0095e-01, 
 2DIAGNOSTIC,    36, -4.699309185626e-01, 2.954471048703e-06, 2.7675e+01, 4.0750e-01, 
 2DIAGNOSTIC,    37, -4.699344083343e-01, 2.381377230264e-06, 2.8075e+01, 3.9992e-01, 
 2DIAGNOSTIC,    38, -4.699336971319e-01, 1.906670894298e-06, 2.8427e+01, 3.5157e-01, 
 2DIAGNOSTIC,    39, -4.699342872001e-01, 1.608937655953e-06, 2.8832e+01, 4.0537e-01, 
 2DIAGNOSTIC,    40, -4.699330942324e-01, 1.409070123710e-06, 2.9192e+01, 3.6004e-01, 
 2DIAGNOSTIC,    41, -4.699324879009e-01, 1.246726728542e-06, 2.9600e+01, 4.0771e-01, 
DIAGNOSTIC,Iteration,metricValue,convergenceValue,ITERATION_TIME_INDEX,SINCE_LAST
 2DIAGNOSTIC,     1, -4.315058079928e-01, 1.797693134862e+308, 3.6233e+01, 6.6331e+00, 
  Elapsed time (stage 1): 3.7845e+01


Total elapsed time: 6.5171e+01
Using double precision for computations.
Input scalar image: /home/ccn30/rds/rds-p00500_encrypt-URQgmO1brZ0/p00500/ENCRYPT_images/27464/T2/N4t2.nii
Reference image: /home/ccn30/rds/rds-p00500_encrypt-URQgmO1brZ0/p00500/ENCRYPT_images/27464/mp2rage/n4mag0000_PSIR_skulled_std.nii
Can't read initial transform T1xT2_ANTs_0GenericAffine.mat
