This is job 3
Time: Thu 11 Nov 11:42:46 GMT 2021
Running on master node: cpu-p-322
Current directory: /rds/user/ccn30/hpc-work/WBIC_lustre/ENCRYPT/scripts/Registration/slurmoutputs
Changed directory to /home/ccn30/rds/hpc-work/WBIC_lustre/ENCRYPT/scripts/Registration/slurmoutputs.

JobID: 49409073
======
Time: Thu 11 Nov 11:42:46 GMT 2021
Running on master node: cpu-p-322
Current directory: /home/ccn30/rds/hpc-work/WBIC_lustre/ENCRYPT/scripts/Registration/slurmoutputs

Nodes allocated:
================
cpu-p-322

numtasks=, numnodes=, mpi_tasks_per_node= (OMP_NUM_THREADS=1)

Executing command:
==================
/home/ccn30/rds/hpc-work/WBIC_lustre/ENCRYPT/scripts/Registration/coreg_main.sh /home/ccn30/rds/hpc-work/WBIC_lustre/ENCRYPT/testsubjcode.txt 3 /home/ccn30/rds/rds-p00500_encrypt-URQgmO1brZ0/p00500 /home/ccn30/rds/hpc-work/WBIC_home/ENCRYPT/atlases/magdeburgatlas

******** starting 33010 ********
All_Command_lines_OK
Using double precision for computations.
=============================================================================
The composite transform comprises the following transforms (in order): 
  1. Center of mass alignment using fixed image: /home/ccn30/rds/hpc-work/WBIC_home/ENCRYPT/atlases/magdeburgatlas/template/template.nii.gz and moving image: /home/ccn30/rds/rds-p00500_encrypt-URQgmO1brZ0/p00500/ENCRYPT_images/33010/mp2rage/denoise_n4mag0000_PSIR_skulled_std.nii (type = Euler3DTransform)
=============================================================================
  number of levels = 4
  number of levels = 4
  fixed image: /home/ccn30/rds/hpc-work/WBIC_home/ENCRYPT/atlases/magdeburgatlas/template/template.nii.gz
  moving image: /home/ccn30/rds/rds-p00500_encrypt-URQgmO1brZ0/p00500/ENCRYPT_images/33010/mp2rage/denoise_n4mag0000_PSIR_skulled_std.nii
  fixed image: /home/ccn30/rds/hpc-work/WBIC_home/ENCRYPT/atlases/magdeburgatlas/template/template.nii.gz
  moving image: /home/ccn30/rds/rds-p00500_encrypt-URQgmO1brZ0/p00500/ENCRYPT_images/33010/mp2rage/denoise_n4mag0000_PSIR_skulled_std.nii
Dimension = 3
Number of stages = 2
Use Histogram Matching true
Winsorize image intensities true
Lower quantile = 0.005
Upper quantile = 0.995
Stage 1 State
   Image metric = Mattes
     Fixed image = Image (0x48c8200)
  RTTI typeinfo:   itk::Image<double, 3u>
  Reference Count: 2
  Modified Time: 1698
  Debug: Off
  Object Name: 
  Observers: 
    none
  Source: (none)
  Source output name: (none)
  Release Data: Off
  Data Released: False
  Global Release Data: Off
  PipelineMTime: 0
  UpdateMTime: 1481
  RealTimeStamp: 0 seconds 
  LargestPossibleRegion: 
    Dimension: 3
    Index: [0, 0, 0]
    Size: [384, 301, 288]
  BufferedRegion: 
    Dimension: 3
    Index: [0, 0, 0]
    Size: [384, 301, 288]
  RequestedRegion: 
    Dimension: 3
    Index: [0, 0, 0]
    Size: [384, 301, 288]
  Spacing: [0.598958, 0.598958, 0.599937]
  Origin: [83.4012, -147.626, 85.1783]
  Direction: 
-0 0 -1
1 -0 0
0 -1 0

  IndexToPointMatrix: 
0 0 -0.599937
0.598958 0 0
0 -0.598958 0

  PointToIndexMatrix: 
0 1.66957 0
0 0 -1.66957
-1.66684 0 0

  Inverse Direction: 
0 1 0
0 0 -1
-1 0 0

  PixelContainer: 
    ImportImageContainer (0x48b8dc0)
      RTTI typeinfo:   itk::ImportImageContainer<unsigned long, double>
      Reference Count: 1
      Modified Time: 1478
      Debug: Off
      Object Name: 
      Observers: 
        none
      Pointer: 0x2ac025c44010
      Container manages memory: true
      Size: 33288192
      Capacity: 33288192

     Moving image = Image (0x48cc3f0)
  RTTI typeinfo:   itk::Image<double, 3u>
  Reference Count: 2
  Modified Time: 1699
  Debug: Off
  Object Name: 
  Observers: 
    none
  Source: (none)
  Source output name: (none)
  Release Data: Off
  Data Released: False
  Global Release Data: Off
  PipelineMTime: 0
  UpdateMTime: 1696
  RealTimeStamp: 0 seconds 
  LargestPossibleRegion: 
    Dimension: 3
    Index: [0, 0, 0]
    Size: [224, 320, 320]
  BufferedRegion: 
    Dimension: 3
    Index: [0, 0, 0]
    Size: [224, 320, 320]
  RequestedRegion: 
    Dimension: 3
    Index: [0, 0, 0]
    Size: [224, 320, 320]
  Spacing: [0.7, 0.7, 0.7]
  Origin: [-74.9766, 74.0998, -84.119]
  Direction: 
1 0 0
0 -1 0
0 0 1

  IndexToPointMatrix: 
0.7 0 0
0 -0.7 0
0 0 0.7

  PointToIndexMatrix: 
1.42857 0 0
0 -1.42857 0
0 0 1.42857

  Inverse Direction: 
1 0 0
0 -1 0
0 0 1

  PixelContainer: 
    ImportImageContainer (0x48cc6b0)
      RTTI typeinfo:   itk::ImportImageContainer<unsigned long, double>
      Reference Count: 1
      Modified Time: 1693
      Debug: Off
      Object Name: 
      Observers: 
        none
      Pointer: 0x2ac035a3d010
      Container manages memory: true
      Size: 22937600
      Capacity: 22937600

     Weighting = 1
     Sampling strategy = regular
     Number of bins = 32
     Radius = 4
     Sampling percentage  = 0.25
   Transform = Rigid
     Gradient step = 0.1
     Update field sigma (voxel space) = 0
     Total field sigma (voxel space) = 0
     Update field time sigma = 0
     Total field time sigma  = 0
     Number of time indices = 0
     Number of time point samples = 0
Stage 2 State
   Image metric = Mattes
     Fixed image = Image (0x48db060)
  RTTI typeinfo:   itk::Image<double, 3u>
  Reference Count: 2
  Modified Time: 2130
  Debug: Off
  Object Name: 
  Observers: 
    none
  Source: (none)
  Source output name: (none)
  Release Data: Off
  Data Released: False
  Global Release Data: Off
  PipelineMTime: 0
  UpdateMTime: 1913
  RealTimeStamp: 0 seconds 
  LargestPossibleRegion: 
    Dimension: 3
    Index: [0, 0, 0]
    Size: [384, 301, 288]
  BufferedRegion: 
    Dimension: 3
    Index: [0, 0, 0]
    Size: [384, 301, 288]
  RequestedRegion: 
    Dimension: 3
    Index: [0, 0, 0]
    Size: [384, 301, 288]
  Spacing: [0.598958, 0.598958, 0.599937]
  Origin: [83.4012, -147.626, 85.1783]
  Direction: 
-0 0 -1
1 -0 0
0 -1 0

  IndexToPointMatrix: 
0 0 -0.599937
0.598958 0 0
0 -0.598958 0

  PointToIndexMatrix: 
0 1.66957 0
0 0 -1.66957
-1.66684 0 0

  Inverse Direction: 
0 1 0
0 0 -1
-1 0 0

  PixelContainer: 
    ImportImageContainer (0x48cf140)
      RTTI typeinfo:   itk::ImportImageContainer<unsigned long, double>
      Reference Count: 1
      Modified Time: 1910
      Debug: Off
      Object Name: 
      Observers: 
        none
      Pointer: 0x2ac04093e010
      Container manages memory: true
      Size: 33288192
      Capacity: 33288192

     Moving image = Image (0x48dce80)
  RTTI typeinfo:   itk::Image<double, 3u>
  Reference Count: 2
  Modified Time: 2131
  Debug: Off
  Object Name: 
  Observers: 
    none
  Source: (none)
  Source output name: (none)
  Release Data: Off
  Data Released: False
  Global Release Data: Off
  PipelineMTime: 0
  UpdateMTime: 2128
  RealTimeStamp: 0 seconds 
  LargestPossibleRegion: 
    Dimension: 3
    Index: [0, 0, 0]
    Size: [224, 320, 320]
  BufferedRegion: 
    Dimension: 3
    Index: [0, 0, 0]
    Size: [224, 320, 320]
  RequestedRegion: 
    Dimension: 3
    Index: [0, 0, 0]
    Size: [224, 320, 320]
  Spacing: [0.7, 0.7, 0.7]
  Origin: [-74.9766, 74.0998, -84.119]
  Direction: 
1 0 0
0 -1 0
0 0 1

  IndexToPointMatrix: 
0.7 0 0
0 -0.7 0
0 0 0.7

  PointToIndexMatrix: 
1.42857 0 0
0 -1.42857 0
0 0 1.42857

  Inverse Direction: 
1 0 0
0 -1 0
0 0 1

  PixelContainer: 
    ImportImageContainer (0x48d7540)
      RTTI typeinfo:   itk::ImportImageContainer<unsigned long, double>
      Reference Count: 1
      Modified Time: 2125
      Debug: Off
      Object Name: 
      Observers: 
        none
      Pointer: 0x2ac050737010
      Container manages memory: true
      Size: 22937600
      Capacity: 22937600

     Weighting = 1
     Sampling strategy = regular
     Number of bins = 32
     Radius = 4
     Sampling percentage  = 0.25
   Transform = Affine
     Gradient step = 0.1
     Update field sigma (voxel space) = 0
     Total field sigma (voxel space) = 0
     Update field time sigma = 0
     Total field time sigma  = 0
     Number of time indices = 0
     Number of time point samples = 0
Registration using 2 total stages.

Stage 0
  iterations = 1000x500x250x100
  convergence threshold = 1e-06
  convergence window size = 10
  number of levels = 4
  using the Mattes MI metric (number of bins = 32, weight = 1)
  preprocessing:  winsorizing the image intensities
  preprocessing:  histogram matching the images
  Shrink factors (level 1 out of 4): [8, 8, 8]
  Shrink factors (level 2 out of 4): [4, 4, 4]
  Shrink factors (level 3 out of 4): [2, 2, 2]
  Shrink factors (level 4 out of 4): [1, 1, 1]
  smoothing sigmas per level: [3, 2, 1, 0]
  regular sampling (percentage = 0.25)

*** Running Euler3DTransform registration ***

DIAGNOSTIC,Iteration,metricValue,convergenceValue,ITERATION_TIME_INDEX,SINCE_LAST
 2DIAGNOSTIC,     1, -3.893431259210e-01, 1.797693134862e+308, 2.6315e+00, 2.6315e+00, 
 2DIAGNOSTIC,     2, -3.915464848117e-01, 1.797693134862e+308, 2.6778e+00, 4.6259e-02, 
 2DIAGNOSTIC,     3, -3.952241314847e-01, 1.797693134862e+308, 2.7143e+00, 3.6507e-02, 
 2DIAGNOSTIC,     4, -4.027056624309e-01, 1.797693134862e+308, 2.7601e+00, 4.5802e-02, 
 2DIAGNOSTIC,     5, -4.151744136864e-01, 1.797693134862e+308, 2.7981e+00, 3.8015e-02, 
 2DIAGNOSTIC,     6, -4.346427335168e-01, 1.797693134862e+308, 2.8377e+00, 3.9599e-02, 
 2DIAGNOSTIC,     7, -4.742041644073e-01, 1.797693134862e+308, 2.8795e+00, 4.1782e-02, 
 2DIAGNOSTIC,     8, -4.971570939429e-01, 1.797693134862e+308, 2.9292e+00, 4.9756e-02, 
 2DIAGNOSTIC,     9, -4.985180445340e-01, 1.797693134862e+308, 2.9702e+00, 4.1011e-02, 
 2DIAGNOSTIC,    10, -5.020947610340e-01, 2.030638337461e-02, 3.0123e+00, 4.2036e-02, 
 2DIAGNOSTIC,    11, -5.101842954992e-01, 1.875901681321e-02, 3.0611e+00, 4.8796e-02, 
 2DIAGNOSTIC,    12, -5.199244503091e-01, 1.639546301668e-02, 3.0925e+00, 3.1473e-02, 
 2DIAGNOSTIC,    13, -5.230787812607e-01, 1.328124615872e-02, 3.1389e+00, 4.6340e-02, 
 2DIAGNOSTIC,    14, -5.290154632664e-01, 1.008016523331e-02, 3.1822e+00, 4.3360e-02, 
 2DIAGNOSTIC,    15, -5.342143152835e-01, 7.170610107346e-03, 3.2272e+00, 4.4913e-02, 
 2DIAGNOSTIC,    16, -5.360142650460e-01, 4.781071736901e-03, 3.2756e+00, 4.8484e-02, 
 2DIAGNOSTIC,    17, -5.383683204670e-01, 3.719399784965e-03, 3.3263e+00, 5.0673e-02, 
 2DIAGNOSTIC,    18, -5.398379981480e-01, 3.255111446444e-03, 3.3626e+00, 3.6275e-02, 
 2DIAGNOSTIC,    19, -5.409997128956e-01, 2.625025160712e-03, 3.4232e+00, 6.0655e-02, 
 2DIAGNOSTIC,    20, -5.425635119141e-01, 1.968331271823e-03, 3.4564e+00, 3.3106e-02, 
 2DIAGNOSTIC,    21, -5.435535625521e-01, 1.444540490921e-03, 3.4972e+00, 4.0852e-02, 
 2DIAGNOSTIC,    22, -5.448637388569e-01, 1.130655095377e-03, 3.5378e+00, 4.0603e-02, 
 2DIAGNOSTIC,    23, -5.465906034054e-01, 8.609782759775e-04, 3.5838e+00, 4.6005e-02, 
 2DIAGNOSTIC,    24, -5.478167568082e-01, 7.036426946912e-04, 3.6313e+00, 4.7447e-02, 
 2DIAGNOSTIC,    25, -5.485201928129e-01, 6.286401027702e-04, 3.6631e+00, 3.1800e-02, 
 2DIAGNOSTIC,    26, -5.528209729273e-01, 6.336448399687e-04, 3.7140e+00, 5.0912e-02, 
 2DIAGNOSTIC,    27, -5.584126519956e-01, 7.425278442499e-04, 3.7637e+00, 4.9720e-02, 
 2DIAGNOSTIC,    28, -5.602570324666e-01, 8.370854549714e-04, 3.8059e+00, 4.2165e-02, 
 2DIAGNOSTIC,    29, -5.618858483403e-01, 9.005594365653e-04, 3.8384e+00, 3.2496e-02, 
 2DIAGNOSTIC,    30, -5.619900570919e-01, 9.066501180195e-04, 3.8936e+00, 5.5292e-02, 
 2DIAGNOSTIC,    31, -5.621373613650e-01, 8.465011051028e-04, 3.9310e+00, 3.7347e-02, 
 2DIAGNOSTIC,    32, -5.622914189065e-01, 7.340217701774e-04, 3.9798e+00, 4.8805e-02, 
 2DIAGNOSTIC,    33, -5.626264372156e-01, 5.940453773852e-04, 4.0228e+00, 4.2983e-02, 
 2DIAGNOSTIC,    34, -5.626306764658e-01, 4.282736041587e-04, 4.0690e+00, 4.6269e-02, 
 2DIAGNOSTIC,    35, -5.626335944707e-01, 2.430260305424e-04, 4.1068e+00, 3.7716e-02, 
 2DIAGNOSTIC,    36, -5.626367357805e-01, 1.100496617431e-04, 4.1393e+00, 3.2510e-02, 
 2DIAGNOSTIC,    37, -5.626407060368e-01, 5.690545796773e-05, 4.1804e+00, 4.1131e-02, 
 2DIAGNOSTIC,    38, -5.626605497330e-01, 2.759950597114e-05, 4.2115e+00, 3.1112e-02, 
 2DIAGNOSTIC,    39, -5.626686396067e-01, 2.028449766295e-05, 4.2536e+00, 4.2047e-02, 
 2DIAGNOSTIC,    40, -5.626800949332e-01, 1.313470022892e-05, 4.2987e+00, 4.5151e-02, 
 2DIAGNOSTIC,    41, -5.626816098056e-01, 7.160803782994e-06, 4.3374e+00, 3.8703e-02, 
 2DIAGNOSTIC,    42, -5.626840239371e-01, 2.789825565275e-06, 4.3832e+00, 4.5771e-02, 
 2DIAGNOSTIC,    43, -5.626852182928e-01, 2.681462290013e-06, 4.4158e+00, 3.2640e-02, 
 2DIAGNOSTIC,    44, -5.626725563868e-01, 2.292011987211e-06, 4.4615e+00, 4.5718e-02, 
 2DIAGNOSTIC,    45, -5.626584223120e-01, 1.647146383392e-06, 4.4960e+00, 3.4443e-02, 
 2DIAGNOSTIC,    46, -5.626601309014e-01, 1.009194310609e-06, 4.5394e+00, 4.3363e-02, 
DIAGNOSTIC,Iteration,metricValue,convergenceValue,ITERATION_TIME_INDEX,SINCE_LAST
 2DIAGNOSTIC,     1, -4.742396219141e-01, 1.797693134862e+308, 7.5550e+00, 3.0157e+00, 
 2DIAGNOSTIC,     2, -4.747128761517e-01, 1.797693134862e+308, 7.8498e+00, 2.9478e-01, 
 2DIAGNOSTIC,     3, -4.750570546099e-01, 1.797693134862e+308, 8.1568e+00, 3.0701e-01, 
 2DIAGNOSTIC,     4, -4.751767385904e-01, 1.797693134862e+308, 8.4547e+00, 2.9790e-01, 
 2DIAGNOSTIC,     5, -4.752254986715e-01, 1.797693134862e+308, 8.7422e+00, 2.8744e-01, 
 2DIAGNOSTIC,     6, -4.753051711293e-01, 1.797693134862e+308, 9.0649e+00, 3.2279e-01, 
 2DIAGNOSTIC,     7, -4.753325612097e-01, 1.797693134862e+308, 9.4627e+00, 3.9776e-01, 
 2DIAGNOSTIC,     8, -4.753871159812e-01, 1.797693134862e+308, 1.0003e+01, 5.4006e-01, 
 2DIAGNOSTIC,     9, -4.753847549083e-01, 1.797693134862e+308, 1.0284e+01, 2.8090e-01, 
 2DIAGNOSTIC,    10, -4.753910122671e-01, 1.261675814155e-04, 1.0603e+01, 3.1947e-01, 
 2DIAGNOSTIC,    11, -4.754032717314e-01, 6.858929580937e-05, 1.0931e+01, 3.2823e-01, 
 2DIAGNOSTIC,    12, -4.753808286269e-01, 3.674790632203e-05, 1.1290e+01, 3.5866e-01, 
 2DIAGNOSTIC,    13, -4.753818532933e-01, 2.253425859639e-05, 1.1654e+01, 3.6430e-01, 
 2DIAGNOSTIC,    14, -4.753789509860e-01, 1.350462516836e-05, 1.1985e+01, 3.3031e-01, 
 2DIAGNOSTIC,    15, -4.753777052762e-01, 6.489559313969e-06, 1.2269e+01, 2.8414e-01, 
 2DIAGNOSTIC,    16, -4.753767078626e-01, 2.880885483419e-06, 1.2556e+01, 2.8727e-01, 
DIAGNOSTIC,Iteration,metricValue,convergenceValue,ITERATION_TIME_INDEX,SINCE_LAST
 2DIAGNOSTIC,     1, -4.036116324169e-01, 1.797693134862e+308, 1.8092e+01, 5.5361e+00, 
 2DIAGNOSTIC,     2, -4.036751839270e-01, 1.797693134862e+308, 2.0177e+01, 2.0846e+00, 
 2DIAGNOSTIC,     3, -4.038114837738e-01, 1.797693134862e+308, 2.2874e+01, 2.6969e+00, 
 2DIAGNOSTIC,     4, -4.040038375185e-01, 1.797693134862e+308, 2.5498e+01, 2.6247e+00, 
 2DIAGNOSTIC,     5, -4.040482491690e-01, 1.797693134862e+308, 2.7515e+01, 2.0167e+00, 
 2DIAGNOSTIC,     6, -4.040983610109e-01, 1.797693134862e+308, 2.9549e+01, 2.0335e+00, 
 2DIAGNOSTIC,     7, -4.041806091416e-01, 1.797693134862e+308, 3.1853e+01, 2.3041e+00, 
 2DIAGNOSTIC,     8, -4.042735418044e-01, 1.797693134862e+308, 3.4545e+01, 2.6925e+00, 
 2DIAGNOSTIC,     9, -4.042772148553e-01, 1.797693134862e+308, 3.7182e+01, 2.6371e+00, 
 2DIAGNOSTIC,    10, -4.042792483869e-01, 1.163509998171e-04, 3.9699e+01, 2.5164e+00, 
 2DIAGNOSTIC,    11, -4.042791798890e-01, 8.751404946135e-05, 4.2317e+01, 2.6180e+00, 
 2DIAGNOSTIC,    12, -4.042791739865e-01, 5.946486277081e-05, 4.5714e+01, 3.3975e+00, 
 2DIAGNOSTIC,    13, -4.042791793235e-01, 3.765232997945e-05, 4.7477e+01, 1.7630e+00, 
 2DIAGNOSTIC,    14, -4.042785147611e-01, 2.540239864186e-05, 4.9836e+01, 2.3591e+00, 
 2DIAGNOSTIC,    15, -4.042782710367e-01, 1.479468565971e-05, 5.2162e+01, 2.3258e+00, 
 2DIAGNOSTIC,    16, -4.042780863459e-01, 6.493763610643e-06, 5.4358e+01, 2.1955e+00, 
 2DIAGNOSTIC,    17, -4.042781068961e-01, 2.051003641403e-06, 5.6757e+01, 2.3990e+00, 
 2DIAGNOSTIC,    18, -4.042777320063e-01, 1.698319605829e-06, 5.8868e+01, 2.1113e+00, 
 2DIAGNOSTIC,    19, -4.042775672841e-01, 1.517615667065e-06, 6.0943e+01, 2.0751e+00, 
 2DIAGNOSTIC,    20, -4.042772276823e-01, 1.429496070238e-06, 6.2999e+01, 2.0557e+00, 
 2DIAGNOSTIC,    21, -4.042779570087e-01, 1.386774438263e-06, 6.5039e+01, 2.0403e+00, 
 2DIAGNOSTIC,    22, -4.042788063621e-01, 1.385672799135e-06, 6.7805e+01, 2.7653e+00, 
 2DIAGNOSTIC,    23, -4.042797796703e-01, 1.420227678788e-06, 7.0170e+01, 2.3658e+00, 
 2DIAGNOSTIC,    24, -4.042795982515e-01, 1.423807108686e-06, 7.2573e+01, 2.4029e+00, 
 2DIAGNOSTIC,    25, -4.042794126872e-01, 1.406769118528e-06, 7.4964e+01, 2.3907e+00, 
 2DIAGNOSTIC,    26, -4.042789845610e-01, 1.361778957633e-06, 7.6984e+01, 2.0200e+00, 
 2DIAGNOSTIC,    27, -4.042794877457e-01, 1.320488310648e-06, 7.9337e+01, 2.3534e+00, 
 2DIAGNOSTIC,    28, -4.042797059786e-01, 1.264085773917e-06, 8.1671e+01, 2.3337e+00, 
 2DIAGNOSTIC,    29, -4.042795200019e-01, 1.191618951686e-06, 8.4054e+01, 2.3830e+00, 
 2DIAGNOSTIC,    30, -4.042791326993e-01, 1.098640628007e-06, 8.6085e+01, 2.0311e+00, 
 2DIAGNOSTIC,    31, -4.042791465703e-01, 1.024978371296e-06, 8.8286e+01, 2.2012e+00, 
DIAGNOSTIC,Iteration,metricValue,convergenceValue,ITERATION_TIME_INDEX,SINCE_LAST
 2DIAGNOSTIC,     1, -3.514427326485e-01, 1.797693134862e+308, 1.0694e+02, 1.8650e+01, 
 2DIAGNOSTIC,     2, -3.517802294779e-01, 1.797693134862e+308, 1.2065e+02, 1.3714e+01, 
 2DIAGNOSTIC,     3, -3.520649297490e-01, 1.797693134862e+308, 1.3429e+02, 1.3636e+01, 
 2DIAGNOSTIC,     4, -3.523372090628e-01, 1.797693134862e+308, 1.4789e+02, 1.3603e+01, 
 2DIAGNOSTIC,     5, -3.524595226737e-01, 1.797693134862e+308, 1.6328e+02, 1.5390e+01, 
 2DIAGNOSTIC,     6, -3.525367730782e-01, 1.797693134862e+308, 1.7869e+02, 1.5415e+01, 
 2DIAGNOSTIC,     7, -3.525794931482e-01, 1.797693134862e+308, 2.0037e+02, 2.1671e+01, 
 2DIAGNOSTIC,     8, -3.525890993995e-01, 1.797693134862e+308, 2.1594e+02, 1.5574e+01, 
 2DIAGNOSTIC,     9, -3.525971509474e-01, 1.797693134862e+308, 2.3051e+02, 1.4572e+01, 
 2DIAGNOSTIC,    10, -3.525976140561e-01, 1.937681002964e-04, 2.4585e+02, 1.5339e+01, 
 2DIAGNOSTIC,    11, -3.525980915762e-01, 1.153329737713e-04, 2.7720e+02, 3.1354e+01, 
 2DIAGNOSTIC,    12, -3.525981536727e-01, 6.233247357752e-05, 2.9266e+02, 1.5452e+01, 
 2DIAGNOSTIC,    13, -3.525980695006e-01, 2.942573138251e-05, 3.1009e+02, 1.7433e+01, 
 2DIAGNOSTIC,    14, -3.525980736037e-01, 1.434113427509e-05, 3.2570e+02, 1.5606e+01, 
 2DIAGNOSTIC,    15, -3.525980261186e-01, 6.656014268414e-06, 3.4112e+02, 1.5422e+01, 
 2DIAGNOSTIC,    16, -3.525979806549e-01, 3.357957598343e-06, 3.5449e+02, 1.3373e+01, 
 2DIAGNOSTIC,    17, -3.525979757834e-01, 2.340238877470e-06, 3.6978e+02, 1.5294e+01, 
 2DIAGNOSTIC,    18, -3.525979760470e-01, 1.813047527020e-06, 3.8310e+02, 1.3317e+01, 
 2DIAGNOSTIC,    19, -3.525979542776e-01, 1.677716696388e-06, 3.9851e+02, 1.5408e+01, 
 2DIAGNOSTIC,    20, -3.525978131758e-01, 1.568134748255e-06, 4.1121e+02, 1.2699e+01, 
 2DIAGNOSTIC,    21, -3.525974848894e-01, 1.476947633104e-06, 4.2868e+02, 1.7472e+01, 
 2DIAGNOSTIC,    22, -3.525975364227e-01, 1.402145542465e-06, 4.4415e+02, 1.5468e+01, 
 2DIAGNOSTIC,    23, -3.525975342579e-01, 1.334652162066e-06, 4.5750e+02, 1.3351e+01, 
 2DIAGNOSTIC,    24, -3.525975705369e-01, 1.278623439967e-06, 4.7081e+02, 1.3305e+01, 
 2DIAGNOSTIC,    25, -3.525976081763e-01, 1.231350879885e-06, 4.8609e+02, 1.5281e+01, 
 2DIAGNOSTIC,    26, -3.525974806977e-01, 1.186408398988e-06, 5.0143e+02, 1.5339e+01, 
 2DIAGNOSTIC,    27, -3.525973413155e-01, 1.144090158979e-06, 5.1868e+02, 1.7254e+01, 
 2DIAGNOSTIC,    28, -3.525973393413e-01, 1.107887811339e-06, 5.3447e+02, 1.5786e+01, 
 2DIAGNOSTIC,    29, -3.525972886283e-01, 1.074763838607e-06, 5.4974e+02, 1.5273e+01, 
 2DIAGNOSTIC,    30, -3.525972863608e-01, 1.042356577489e-06, 5.6508e+02, 1.5344e+01, 
 2DIAGNOSTIC,    31, -3.525972894722e-01, 1.005340137535e-06, 5.8037e+02, 1.5291e+01, 
  Elapsed time (stage 0): 5.8967e+02


Stage 1
  iterations = 1000x500x250x100
  convergence threshold = 1.0000e-06
  convergence window size = 10
  number of levels = 4
  using the Mattes MI metric (number of bins = 32, weight = 1.0000e+00)
  preprocessing:  winsorizing the image intensities
  preprocessing:  histogram matching the images
  Shrink factors (level 1 out of 4): [8, 8, 8]
  Shrink factors (level 2 out of 4): [4, 4, 4]
  Shrink factors (level 3 out of 4): [2, 2, 2]
  Shrink factors (level 4 out of 4): [1, 1, 1]
  smoothing sigmas per level: [3, 2, 1, 0]
  regular sampling (percentage = 2.5000e-01)

*** Running AffineTransform registration ***

DIAGNOSTIC,Iteration,metricValue,convergenceValue,ITERATION_TIME_INDEX,SINCE_LAST
 2DIAGNOSTIC,     1, -5.573815944286e-01, 1.797693134862e+308, 2.7315e+00, 2.7315e+00, 
 2DIAGNOSTIC,     2, -5.594185789620e-01, 1.797693134862e+308, 2.7749e+00, 4.3421e-02, 
 2DIAGNOSTIC,     3, -5.628757064171e-01, 1.797693134862e+308, 2.8184e+00, 4.3473e-02, 
 2DIAGNOSTIC,     4, -5.678128419898e-01, 1.797693134862e+308, 2.8595e+00, 4.1084e-02, 
 2DIAGNOSTIC,     5, -5.755103659238e-01, 1.797693134862e+308, 2.9040e+00, 4.4473e-02, 
 2DIAGNOSTIC,     6, -5.862367821684e-01, 1.797693134862e+308, 2.9424e+00, 3.8473e-02, 
 2DIAGNOSTIC,     7, -5.980177656165e-01, 1.797693134862e+308, 2.9881e+00, 4.5660e-02, 
 2DIAGNOSTIC,     8, -6.012361580430e-01, 1.797693134862e+308, 3.0431e+00, 5.5030e-02, 
 2DIAGNOSTIC,     9, -6.017124402974e-01, 1.797693134862e+308, 3.0856e+00, 4.2449e-02, 
 2DIAGNOSTIC,    10, -6.020185991138e-01, 6.085794001850e-03, 3.1205e+00, 3.4959e-02, 
 2DIAGNOSTIC,    11, -6.023925322581e-01, 5.094972204387e-03, 3.1802e+00, 5.9627e-02, 
 2DIAGNOSTIC,    12, -6.026468554921e-01, 3.904956559792e-03, 3.2601e+00, 7.9889e-02, 
 2DIAGNOSTIC,    13, -6.026106700196e-01, 2.680318410180e-03, 3.3040e+00, 4.3957e-02, 
 2DIAGNOSTIC,    14, -6.026158440708e-01, 1.566378109415e-03, 3.3520e+00, 4.7959e-02, 
 2DIAGNOSTIC,    15, -6.026089622247e-01, 7.059055457299e-04, 3.3867e+00, 3.4745e-02, 
 2DIAGNOSTIC,    16, -6.026140032269e-01, 2.054662454266e-04, 3.4377e+00, 5.0943e-02, 
 2DIAGNOSTIC,    17, -6.025993040791e-01, 7.738214043562e-05, 3.4758e+00, 3.8105e-02, 
 2DIAGNOSTIC,    18, -6.026099013636e-01, 4.305737068362e-05, 3.5159e+00, 4.0105e-02, 
 2DIAGNOSTIC,    19, -6.026252077574e-01, 2.101940959374e-05, 3.5620e+00, 4.6112e-02, 
 2DIAGNOSTIC,    20, -6.026332201621e-01, 6.765426845669e-06, 3.6050e+00, 4.3062e-02, 
 2DIAGNOSTIC,    21, -6.026288739447e-01, 1.684770186347e-06, 3.6473e+00, 4.2253e-02, 
 2DIAGNOSTIC,    22, -6.026176400982e-01, 2.392868893510e-06, 3.6790e+00, 3.1666e-02, 
 2DIAGNOSTIC,    23, -6.026315885683e-01, 2.490401143605e-06, 3.7268e+00, 4.7856e-02, 
 2DIAGNOSTIC,    24, -6.026484199276e-01, 2.898648213109e-06, 3.7673e+00, 4.0449e-02, 
 2DIAGNOSTIC,    25, -6.026537726263e-01, 3.083000405690e-06, 3.8198e+00, 5.2490e-02, 
 2DIAGNOSTIC,    26, -6.026455100732e-01, 3.046628049973e-06, 3.8538e+00, 3.4041e-02, 
 2DIAGNOSTIC,    27, -6.026388216326e-01, 2.477473414454e-06, 3.8981e+00, 4.4280e-02, 
 2DIAGNOSTIC,    28, -6.026341130682e-01, 1.920581043688e-06, 3.9423e+00, 4.4228e-02, 
 2DIAGNOSTIC,    29, -6.026399442577e-01, 1.663053976343e-06, 3.9833e+00, 4.1003e-02, 
 2DIAGNOSTIC,    30, -6.026358883745e-01, 1.429838379023e-06, 4.0257e+00, 4.2432e-02, 
 2DIAGNOSTIC,    31, -6.026553578832e-01, 1.426497611888e-06, 4.0593e+00, 3.3598e-02, 
 2DIAGNOSTIC,    32, -6.026658987680e-01, 1.369401593378e-06, 4.1042e+00, 4.4848e-02, 
 2DIAGNOSTIC,    33, -6.027088580380e-01, 2.094678238480e-06, 4.1585e+00, 5.4274e-02, 
 2DIAGNOSTIC,    34, -6.027267903409e-01, 3.140825409829e-06, 4.2070e+00, 4.8491e-02, 
 2DIAGNOSTIC,    35, -6.027418929438e-01, 4.199601854868e-06, 4.3277e+00, 1.2076e-01, 
 2DIAGNOSTIC,    36, -6.027418905175e-01, 4.782437817291e-06, 4.3807e+00, 5.3007e-02, 
 2DIAGNOSTIC,    37, -6.027418914988e-01, 4.879868939527e-06, 4.4148e+00, 3.4121e-02, 
 2DIAGNOSTIC,    38, -6.027418931584e-01, 4.525113884588e-06, 4.4596e+00, 4.4745e-02, 
 2DIAGNOSTIC,    39, -6.027418959641e-01, 3.909301692268e-06, 4.4999e+00, 4.0299e-02, 
 2DIAGNOSTIC,    40, -6.027419007069e-01, 2.981496662509e-06, 4.5385e+00, 3.8651e-02, 
 2DIAGNOSTIC,    41, -6.027419087222e-01, 2.122694333060e-06, 4.5805e+00, 4.1962e-02, 
 2DIAGNOSTIC,    42, -6.027419222624e-01, 1.288029849025e-06, 4.6126e+00, 3.2123e-02, 
DIAGNOSTIC,Iteration,metricValue,convergenceValue,ITERATION_TIME_INDEX,SINCE_LAST
 2DIAGNOSTIC,     1, -5.080564203240e-01, 1.797693134862e+308, 7.6588e+00, 3.0462e+00, 
 2DIAGNOSTIC,     2, -5.085455883609e-01, 1.797693134862e+308, 7.9739e+00, 3.1506e-01, 
 2DIAGNOSTIC,     3, -5.088767658884e-01, 1.797693134862e+308, 8.2941e+00, 3.2021e-01, 
 2DIAGNOSTIC,     4, -5.089657929829e-01, 1.797693134862e+308, 8.6574e+00, 3.6331e-01, 
 2DIAGNOSTIC,     5, -5.090381075292e-01, 1.797693134862e+308, 9.0123e+00, 3.5490e-01, 
 2DIAGNOSTIC,     6, -5.090382734664e-01, 1.797693134862e+308, 9.3377e+00, 3.2542e-01, 
 2DIAGNOSTIC,     7, -5.090475633730e-01, 1.797693134862e+308, 9.6918e+00, 3.5410e-01, 
 2DIAGNOSTIC,     8, -5.090609774385e-01, 1.797693134862e+308, 1.0048e+01, 3.5623e-01, 
 2DIAGNOSTIC,     9, -5.090576828329e-01, 1.797693134862e+308, 1.0458e+01, 4.0966e-01, 
 2DIAGNOSTIC,    10, -5.090531710036e-01, 9.319284750574e-05, 1.0862e+01, 4.0475e-01, 
 2DIAGNOSTIC,    11, -5.090549906351e-01, 4.047590039385e-05, 1.1222e+01, 3.5966e-01, 
 2DIAGNOSTIC,    12, -5.090547950871e-01, 1.558023149681e-05, 1.1699e+01, 4.7737e-01, 
 2DIAGNOSTIC,    13, -5.090533828549e-01, 7.429910837922e-06, 1.2140e+01, 4.4016e-01, 
 2DIAGNOSTIC,    14, -5.090513629054e-01, 3.389331315037e-06, 1.2504e+01, 3.6428e-01, 
 2DIAGNOSTIC,    15, -5.090518601534e-01, 2.513005379054e-06, 1.2835e+01, 3.3114e-01, 
 2DIAGNOSTIC,    16, -5.090513576334e-01, 1.690433365384e-06, 1.3195e+01, 3.5958e-01, 
 2DIAGNOSTIC,    17, -5.090519659215e-01, 1.300526628417e-06, 1.3508e+01, 3.1379e-01, 
 2DIAGNOSTIC,    18, -5.090505238537e-01, 1.380803441545e-06, 1.3904e+01, 3.9597e-01, 
 2DIAGNOSTIC,    19, -5.090484027869e-01, 1.335945281455e-06, 1.4210e+01, 3.0541e-01, 
 2DIAGNOSTIC,    20, -5.090453150256e-01, 1.114203595137e-06, 1.4568e+01, 3.5854e-01, 
DIAGNOSTIC,Iteration,metricValue,convergenceValue,ITERATION_TIME_INDEX,SINCE_LAST
 2DIAGNOSTIC,     1, -4.337052994835e-01, 1.797693134862e+308, 2.0487e+01, 5.9187e+00, 
 2DIAGNOSTIC,     2, -4.339762008175e-01, 1.797693134862e+308, 2.2844e+01, 2.3566e+00, 
 2DIAGNOSTIC,     3, -4.341676043998e-01, 1.797693134862e+308, 2.5539e+01, 2.6950e+00, 
 2DIAGNOSTIC,     4, -4.343450569529e-01, 1.797693134862e+308, 2.8234e+01, 2.6952e+00, 
 2DIAGNOSTIC,     5, -4.344622268512e-01, 1.797693134862e+308, 3.0622e+01, 2.3878e+00, 
 2DIAGNOSTIC,     6, -4.345391719512e-01, 1.797693134862e+308, 3.2947e+01, 2.3250e+00, 
 2DIAGNOSTIC,     7, -4.346226375334e-01, 1.797693134862e+308, 3.5616e+01, 2.6691e+00, 
 2DIAGNOSTIC,     8, -4.346890299415e-01, 1.797693134862e+308, 3.8267e+01, 2.6513e+00, 
 2DIAGNOSTIC,     9, -4.348158248686e-01, 1.797693134862e+308, 4.1816e+01, 3.5490e+00, 
 2DIAGNOSTIC,    10, -4.348784114698e-01, 1.611777275143e-04, 4.4109e+01, 2.2926e+00, 
 2DIAGNOSTIC,    11, -4.348959508600e-01, 1.212915682263e-04, 4.6377e+01, 2.2686e+00, 
 2DIAGNOSTIC,    12, -4.349744073197e-01, 9.642750022693e-05, 4.8958e+01, 2.5806e+00, 
 2DIAGNOSTIC,    13, -4.350154234264e-01, 7.834996233412e-05, 5.1560e+01, 2.6026e+00, 
 2DIAGNOSTIC,    14, -4.350277665305e-01, 6.466009797894e-05, 5.4206e+01, 2.6453e+00, 
 2DIAGNOSTIC,    15, -4.350696271813e-01, 5.402204562448e-05, 5.6759e+01, 2.5534e+00, 
 2DIAGNOSTIC,    16, -4.350890764436e-01, 4.386554884833e-05, 5.9035e+01, 2.2763e+00, 
 2DIAGNOSTIC,    17, -4.351151852797e-01, 3.523569965593e-05, 6.1892e+01, 2.8563e+00, 
 2DIAGNOSTIC,    18, -4.351332430888e-01, 2.742549970799e-05, 6.5432e+01, 3.5399e+00, 
 2DIAGNOSTIC,    19, -4.351384742466e-01, 2.257934900665e-05, 6.7694e+01, 2.2628e+00, 
 2DIAGNOSTIC,    20, -4.351654799752e-01, 1.922983153872e-05, 6.9940e+01, 2.2459e+00, 
 2DIAGNOSTIC,    21, -4.352099755694e-01, 1.640808614751e-05, 7.2915e+01, 2.9750e+00, 
 2DIAGNOSTIC,    22, -4.352115000290e-01, 1.477606104436e-05, 7.5494e+01, 2.5786e+00, 
 2DIAGNOSTIC,    23, -4.352112364708e-01, 1.322503660522e-05, 7.9262e+01, 3.7680e+00, 
 2DIAGNOSTIC,    24, -4.352112671634e-01, 1.102919460919e-05, 8.1836e+01, 2.5738e+00, 
 2DIAGNOSTIC,    25, -4.352110592260e-01, 9.172170056471e-06, 8.4448e+01, 2.6123e+00, 
 2DIAGNOSTIC,    26, -4.352110147485e-01, 7.170322114759e-06, 8.6984e+01, 2.5361e+00, 
 2DIAGNOSTIC,    27, -4.352109692591e-01, 5.382718202156e-06, 8.9249e+01, 2.2652e+00, 
 2DIAGNOSTIC,    28, -4.352109455628e-01, 3.768292933158e-06, 9.1506e+01, 2.2573e+00, 
 2DIAGNOSTIC,    29, -4.352108620500e-01, 2.128002619069e-06, 9.4062e+01, 2.5559e+00, 
 2DIAGNOSTIC,    30, -4.352106309796e-01, 1.055592993467e-06, 9.6657e+01, 2.5941e+00, 
DIAGNOSTIC,Iteration,metricValue,convergenceValue,ITERATION_TIME_INDEX,SINCE_LAST
 2DIAGNOSTIC,     1, -3.822460421245e-01, 1.797693134862e+308, 1.1721e+02, 2.0556e+01, 
 2DIAGNOSTIC,     2, -3.826014435263e-01, 1.797693134862e+308, 1.3281e+02, 1.5602e+01, 
 2DIAGNOSTIC,     3, -3.827554853111e-01, 1.797693134862e+308, 1.4817e+02, 1.5356e+01, 
 2DIAGNOSTIC,     4, -3.829429360097e-01, 1.797693134862e+308, 1.6339e+02, 1.5220e+01, 
 2DIAGNOSTIC,     5, -3.831188613116e-01, 1.797693134862e+308, 1.7984e+02, 1.6450e+01, 
 2DIAGNOSTIC,     6, -3.831662722887e-01, 1.797693134862e+308, 2.0324e+02, 2.3400e+01, 
 2DIAGNOSTIC,     7, -3.831704739161e-01, 1.797693134862e+308, 2.2050e+02, 1.7255e+01, 
 2DIAGNOSTIC,     8, -3.831735366002e-01, 1.797693134862e+308, 2.3764e+02, 1.7146e+01, 
 2DIAGNOSTIC,     9, -3.831766674213e-01, 1.797693134862e+308, 2.5271e+02, 1.5066e+01, 
 2DIAGNOSTIC,    10, -3.831783747372e-01, 1.399184393247e-04, 2.7186e+02, 1.9150e+01, 
 2DIAGNOSTIC,    11, -3.831797856167e-01, 7.967512065739e-05, 2.8683e+02, 1.4973e+01, 
 2DIAGNOSTIC,    12, -3.831808434900e-01, 4.466637493386e-05, 3.0386e+02, 1.7029e+01, 
 2DIAGNOSTIC,    13, -3.831824656065e-01, 1.999279853103e-05, 3.2704e+02, 2.3177e+01, 
 2DIAGNOSTIC,    14, -3.831821165598e-01, 6.930981009859e-06, 3.4419e+02, 1.7149e+01, 
 2DIAGNOSTIC,    15, -3.831821690950e-01, 3.829091784147e-06, 3.6054e+02, 1.6352e+01, 
 2DIAGNOSTIC,    16, -3.831820456301e-01, 3.149293493016e-06, 3.7557e+02, 1.5027e+01, 
 2DIAGNOSTIC,    17, -3.831821759535e-01, 2.629426687883e-06, 4.0493e+02, 2.9362e+01, 
 2DIAGNOSTIC,    18, -3.831822110099e-01, 2.221723428668e-06, 4.2215e+02, 1.7218e+01, 
 2DIAGNOSTIC,    19, -3.831822003833e-01, 1.936083691222e-06, 4.3725e+02, 1.5100e+01, 
 2DIAGNOSTIC,    20, -3.831821961474e-01, 1.718002173114e-06, 4.5436e+02, 1.7115e+01, 
 2DIAGNOSTIC,    21, -3.831821458559e-01, 1.556419045520e-06, 4.7149e+02, 1.7133e+01, 
 2DIAGNOSTIC,    22, -3.831821345895e-01, 1.439271023425e-06, 4.8852e+02, 1.7030e+01, 
 2DIAGNOSTIC,    23, -3.831821047917e-01, 1.384566463133e-06, 5.0557e+02, 1.7048e+01, 
 2DIAGNOSTIC,    24, -3.831820567516e-01, 1.322009499753e-06, 5.2478e+02, 1.9209e+01, 
 2DIAGNOSTIC,    25, -3.831820421883e-01, 1.266138114540e-06, 5.4117e+02, 1.6389e+01, 
 2DIAGNOSTIC,    26, -3.831819875219e-01, 1.210007959988e-06, 5.5815e+02, 1.6984e+01, 
 2DIAGNOSTIC,    27, -3.831819714490e-01, 1.162466313258e-06, 5.7345e+02, 1.5297e+01, 
 2DIAGNOSTIC,    28, -3.831819581697e-01, 1.120394372660e-06, 5.9050e+02, 1.7050e+01, 
 2DIAGNOSTIC,    29, -3.831819663029e-01, 1.082653825833e-06, 6.0951e+02, 1.9009e+01, 
 2DIAGNOSTIC,    30, -3.831819493946e-01, 1.048294546058e-06, 6.2658e+02, 1.7075e+01, 
 2DIAGNOSTIC,    31, -3.831819324776e-01, 1.015717368096e-06, 6.4160e+02, 1.5013e+01, 
  Elapsed time (stage 1): 6.5200e+02


Total elapsed time: 1.2417e+03

--------------------------------------------------------------------------------------
 Mapping parameters
--------------------------------------------------------------------------------------
 ANTSPATH is /usr/local/software/spack/spack-git/opt/spack/linux-rhel7-broadwell/gcc-5/ants-2.3.4-lj6vm7ccmij4yywr4ynrttcko4aoflqt/bin

 Dimensionality:           3
 Output name prefix:       T1xT2_ANTs
 Fixed images:             /home/ccn30/rds/rds-p00500_encrypt-URQgmO1brZ0/p00500/ENCRYPT_images/33010/T2/N4t2.nii
 Moving images:            /home/ccn30/rds/rds-p00500_encrypt-URQgmO1brZ0/p00500/ENCRYPT_images/33010/mp2rage/n4mag0000_PSIR_skulled_std.nii
 Mask images:              
 Initial transforms:       
 Number of threads:        1
 Spline distance:          26
 Transform type:           a
 MI histogram bins:        32
 Precision:                d
 Use histogram matching    0
======================================================================================
 antsRegistration call:
--------------------------------------------------------------------------------------
/usr/local/software/spack/spack-git/opt/spack/linux-rhel7-broadwell/gcc-5/ants-2.3.4-lj6vm7ccmij4yywr4ynrttcko4aoflqt/bin/antsRegistration --verbose 1 --dimensionality 3 --float 0 --collapse-output-transforms 1 --output [ T1xT2_ANTs,T1xT2_ANTsWarped.nii.gz,T1xT2_ANTsInverseWarped.nii.gz ] --interpolation Linear --use-histogram-matching 0 --winsorize-image-intensities [ 0.005,0.995 ] --initial-moving-transform [ /home/ccn30/rds/rds-p00500_encrypt-URQgmO1brZ0/p00500/ENCRYPT_images/33010/T2/N4t2.nii,/home/ccn30/rds/rds-p00500_encrypt-URQgmO1brZ0/p00500/ENCRYPT_images/33010/mp2rage/n4mag0000_PSIR_skulled_std.nii,1 ] --transform Rigid[ 0.1 ] --metric MI[ /home/ccn30/rds/rds-p00500_encrypt-URQgmO1brZ0/p00500/ENCRYPT_images/33010/T2/N4t2.nii,/home/ccn30/rds/rds-p00500_encrypt-URQgmO1brZ0/p00500/ENCRYPT_images/33010/mp2rage/n4mag0000_PSIR_skulled_std.nii,1,32,Regular,0.25 ] --convergence [ 1000x500x250x0,1e-6,10 ] --shrink-factors 12x8x4x2 --smoothing-sigmas 4x3x2x1vox --transform Affine[ 0.1 ] --metric MI[ /home/ccn30/rds/rds-p00500_encrypt-URQgmO1brZ0/p00500/ENCRYPT_images/33010/T2/N4t2.nii,/home/ccn30/rds/rds-p00500_encrypt-URQgmO1brZ0/p00500/ENCRYPT_images/33010/mp2rage/n4mag0000_PSIR_skulled_std.nii,1,32,Regular,0.25 ] --convergence [ 1000x500x250x0,1e-6,10 ] --shrink-factors 12x8x4x2 --smoothing-sigmas 4x3x2x1vox
--------------------------------------------------------------------------------------
All_Command_lines_OK
Using double precision for computations.
=============================================================================
The composite transform comprises the following transforms (in order): 
  1. Center of mass alignment using fixed image: /home/ccn30/rds/rds-p00500_encrypt-URQgmO1brZ0/p00500/ENCRYPT_images/33010/T2/N4t2.nii and moving image: /home/ccn30/rds/rds-p00500_encrypt-URQgmO1brZ0/p00500/ENCRYPT_images/33010/mp2rage/n4mag0000_PSIR_skulled_std.nii (type = Euler3DTransform)
=============================================================================
  number of levels = 4
  number of levels = 4
  fixed image: /home/ccn30/rds/rds-p00500_encrypt-URQgmO1brZ0/p00500/ENCRYPT_images/33010/T2/N4t2.nii
  moving image: /home/ccn30/rds/rds-p00500_encrypt-URQgmO1brZ0/p00500/ENCRYPT_images/33010/mp2rage/n4mag0000_PSIR_skulled_std.nii
  fixed image: /home/ccn30/rds/rds-p00500_encrypt-URQgmO1brZ0/p00500/ENCRYPT_images/33010/T2/N4t2.nii
  moving image: /home/ccn30/rds/rds-p00500_encrypt-URQgmO1brZ0/p00500/ENCRYPT_images/33010/mp2rage/n4mag0000_PSIR_skulled_std.nii
Dimension = 3
Number of stages = 2
Use Histogram Matching false
Winsorize image intensities true
Lower quantile = 0.005
Upper quantile = 0.995
Stage 1 State
   Image metric = Mattes
     Fixed image = Image (0x3099b30)
  RTTI typeinfo:   itk::Image<double, 3u>
  Reference Count: 2
  Modified Time: 1709
  Debug: Off
  Object Name: 
  Observers: 
    none
  Source: (none)
  Source output name: (none)
  Release Data: Off
  Data Released: False
  Global Release Data: Off
  PipelineMTime: 0
  UpdateMTime: 1492
  RealTimeStamp: 0 seconds 
  LargestPossibleRegion: 
    Dimension: 3
    Index: [0, 0, 0]
    Size: [512, 512, 54]
  BufferedRegion: 
    Dimension: 3
    Index: [0, 0, 0]
    Size: [512, 512, 54]
  RequestedRegion: 
    Dimension: 3
    Index: [0, 0, 0]
    Size: [512, 512, 54]
  Spacing: [0.4375, 0.4375, 1.1]
  Origin: [-111.41, -16.875, -104.066]
  Direction: 
0.998884 0.0300586 -0.0364406
0.044268 -0.326421 0.944187
-0.016486 0.944746 0.327387

  IndexToPointMatrix: 
0.437012 0.0131507 -0.0400847
0.0193672 -0.142809 1.03861
-0.00721263 0.413327 0.360126

  PointToIndexMatrix: 
2.28316 0.101184 -0.0376823
0.0687055 -0.746105 2.15942
-0.0331278 0.858352 0.297625

  Inverse Direction: 
0.998884 0.044268 -0.016486
0.0300586 -0.326421 0.944746
-0.0364406 0.944187 0.327387

  PixelContainer: 
    ImportImageContainer (0x3096780)
      RTTI typeinfo:   itk::ImportImageContainer<unsigned long, double>
      Reference Count: 1
      Modified Time: 1489
      Debug: Off
      Object Name: 
      Observers: 
        none
      Pointer: 0x2b9ba2956010
      Container manages memory: true
      Size: 14155776
      Capacity: 14155776

     Moving image = Image (0x3098290)
  RTTI typeinfo:   itk::Image<double, 3u>
  Reference Count: 2
  Modified Time: 1710
  Debug: Off
  Object Name: 
  Observers: 
    none
  Source: (none)
  Source output name: (none)
  Release Data: Off
  Data Released: False
  Global Release Data: Off
  PipelineMTime: 0
  UpdateMTime: 1707
  RealTimeStamp: 0 seconds 
  LargestPossibleRegion: 
    Dimension: 3
    Index: [0, 0, 0]
    Size: [224, 320, 320]
  BufferedRegion: 
    Dimension: 3
    Index: [0, 0, 0]
    Size: [224, 320, 320]
  RequestedRegion: 
    Dimension: 3
    Index: [0, 0, 0]
    Size: [224, 320, 320]
  Spacing: [0.7, 0.7, 0.7]
  Origin: [-74.9766, 74.0998, -84.119]
  Direction: 
1 0 0
0 -1 0
0 0 1

  IndexToPointMatrix: 
0.7 0 0
0 -0.7 0
0 0 0.7

  PointToIndexMatrix: 
1.42857 0 0
0 -1.42857 0
0 0 1.42857

  Inverse Direction: 
1 0 0
0 -1 0
0 0 1

  PixelContainer: 
    ImportImageContainer (0x3096b80)
      RTTI typeinfo:   itk::ImportImageContainer<unsigned long, double>
      Reference Count: 1
      Modified Time: 1704
      Debug: Off
      Object Name: 
      Observers: 
        none
      Pointer: 0x2b9ba9557010
      Container manages memory: true
      Size: 22937600
      Capacity: 22937600

     Weighting = 1
     Sampling strategy = regular
     Number of bins = 32
     Radius = 4
     Sampling percentage  = 0.25
   Transform = Rigid
     Gradient step = 0.1
     Update field sigma (voxel space) = 0
     Total field sigma (voxel space) = 0
     Update field time sigma = 0
     Total field time sigma  = 0
     Number of time indices = 0
     Number of time point samples = 0
Stage 2 State
   Image metric = Mattes
     Fixed image = Image (0x30ab350)
  RTTI typeinfo:   itk::Image<double, 3u>
  Reference Count: 2
  Modified Time: 2141
  Debug: Off
  Object Name: 
  Observers: 
    none
  Source: (none)
  Source output name: (none)
  Release Data: Off
  Data Released: False
  Global Release Data: Off
  PipelineMTime: 0
  UpdateMTime: 1924
  RealTimeStamp: 0 seconds 
  LargestPossibleRegion: 
    Dimension: 3
    Index: [0, 0, 0]
    Size: [512, 512, 54]
  BufferedRegion: 
    Dimension: 3
    Index: [0, 0, 0]
    Size: [512, 512, 54]
  RequestedRegion: 
    Dimension: 3
    Index: [0, 0, 0]
    Size: [512, 512, 54]
  Spacing: [0.4375, 0.4375, 1.1]
  Origin: [-111.41, -16.875, -104.066]
  Direction: 
0.998884 0.0300586 -0.0364406
0.044268 -0.326421 0.944187
-0.016486 0.944746 0.327387

  IndexToPointMatrix: 
0.437012 0.0131507 -0.0400847
0.0193672 -0.142809 1.03861
-0.00721263 0.413327 0.360126

  PointToIndexMatrix: 
2.28316 0.101184 -0.0376823
0.0687055 -0.746105 2.15942
-0.0331278 0.858352 0.297625

  Inverse Direction: 
0.998884 0.044268 -0.016486
0.0300586 -0.326421 0.944746
-0.0364406 0.944187 0.327387

  PixelContainer: 
    ImportImageContainer (0x30a5cc0)
      RTTI typeinfo:   itk::ImportImageContainer<unsigned long, double>
      Reference Count: 1
      Modified Time: 1921
      Debug: Off
      Object Name: 
      Observers: 
        none
      Pointer: 0x2b9bb4458010
      Container manages memory: true
      Size: 14155776
      Capacity: 14155776

     Moving image = Image (0x30afea0)
  RTTI typeinfo:   itk::Image<double, 3u>
  Reference Count: 2
  Modified Time: 2142
  Debug: Off
  Object Name: 
  Observers: 
    none
  Source: (none)
  Source output name: (none)
  Release Data: Off
  Data Released: False
  Global Release Data: Off
  PipelineMTime: 0
  UpdateMTime: 2139
  RealTimeStamp: 0 seconds 
  LargestPossibleRegion: 
    Dimension: 3
    Index: [0, 0, 0]
    Size: [224, 320, 320]
  BufferedRegion: 
    Dimension: 3
    Index: [0, 0, 0]
    Size: [224, 320, 320]
  RequestedRegion: 
    Dimension: 3
    Index: [0, 0, 0]
    Size: [224, 320, 320]
  Spacing: [0.7, 0.7, 0.7]
  Origin: [-74.9766, 74.0998, -84.119]
  Direction: 
1 0 0
0 -1 0
0 0 1

  IndexToPointMatrix: 
0.7 0 0
0 -0.7 0
0 0 0.7

  PointToIndexMatrix: 
1.42857 0 0
0 -1.42857 0
0 0 1.42857

  Inverse Direction: 
1 0 0
0 -1 0
0 0 1

  PixelContainer: 
    ImportImageContainer (0x309c3d0)
      RTTI typeinfo:   itk::ImportImageContainer<unsigned long, double>
      Reference Count: 1
      Modified Time: 2136
      Debug: Off
      Object Name: 
      Observers: 
        none
      Pointer: 0x2b9bbb059010
      Container manages memory: true
      Size: 22937600
      Capacity: 22937600

     Weighting = 1
     Sampling strategy = regular
     Number of bins = 32
     Radius = 4
     Sampling percentage  = 0.25
   Transform = Affine
     Gradient step = 0.1
     Update field sigma (voxel space) = 0
     Total field sigma (voxel space) = 0
     Update field time sigma = 0
     Total field time sigma  = 0
     Number of time indices = 0
     Number of time point samples = 0
Registration using 2 total stages.

Stage 0
  iterations = 1000x500x250x0
  convergence threshold = 1e-06
  convergence window size = 10
  number of levels = 4
  using the Mattes MI metric (number of bins = 32, weight = 1)
  preprocessing:  winsorizing the image intensities
  Shrink factors (level 1 out of 4): [12, 12, 5]
  Shrink factors (level 2 out of 4): [8, 8, 3]
  Shrink factors (level 3 out of 4): [4, 4, 2]
  Shrink factors (level 4 out of 4): [2, 2, 1]
  smoothing sigmas per level: [4, 3, 2, 1]
  regular sampling (percentage = 0.25)

*** Running Euler3DTransform registration ***

DIAGNOSTIC,Iteration,metricValue,convergenceValue,ITERATION_TIME_INDEX,SINCE_LAST
 2DIAGNOSTIC,     1, -3.381354291142e-01, 1.797693134862e+308, 4.0114e+00, 4.0114e+00, 
 2DIAGNOSTIC,     2, -3.410374227043e-01, 1.797693134862e+308, 4.0207e+00, 9.3110e-03, 
 2DIAGNOSTIC,     3, -3.470923455005e-01, 1.797693134862e+308, 4.0289e+00, 8.1930e-03, 
 2DIAGNOSTIC,     4, -3.555491305900e-01, 1.797693134862e+308, 4.0369e+00, 7.9529e-03, 
 2DIAGNOSTIC,     5, -3.688076360097e-01, 1.797693134862e+308, 4.0452e+00, 8.3392e-03, 
 2DIAGNOSTIC,     6, -3.992894212892e-01, 1.797693134862e+308, 4.0587e+00, 1.3486e-02, 
 2DIAGNOSTIC,     7, -4.434632111874e-01, 1.797693134862e+308, 4.0755e+00, 1.6788e-02, 
 2DIAGNOSTIC,     8, -4.533804119487e-01, 1.797693134862e+308, 4.0928e+00, 1.7326e-02, 
 2DIAGNOSTIC,     9, -4.559927726447e-01, 1.797693134862e+308, 4.1026e+00, 9.8031e-03, 
 2DIAGNOSTIC,    10, -4.580742537213e-01, 2.447672425241e-02, 4.1318e+00, 2.9182e-02, 
 2DIAGNOSTIC,    11, -4.580742474711e-01, 2.131092935142e-02, 4.1401e+00, 8.3239e-03, 
 2DIAGNOSTIC,    12, -4.580743041302e-01, 1.698060203660e-02, 4.1556e+00, 1.5474e-02, 
 2DIAGNOSTIC,    13, -4.580743999122e-01, 1.220397901875e-02, 4.1703e+00, 1.4746e-02, 
 2DIAGNOSTIC,    14, -4.580745617996e-01, 7.528900890526e-03, 4.1846e+00, 1.4262e-02, 
 2DIAGNOSTIC,    15, -4.580748353241e-01, 3.449326718075e-03, 4.1933e+00, 8.6689e-03, 
 2DIAGNOSTIC,    16, -4.580752972092e-01, 8.567945604703e-04, 4.2024e+00, 9.1109e-03, 
 2DIAGNOSTIC,    17, -4.580760781786e-01, 2.603888664279e-04, 4.2110e+00, 8.6241e-03, 
 2DIAGNOSTIC,    18, -4.580773940783e-01, 7.970484990946e-05, 4.2192e+00, 8.2099e-03, 
 2DIAGNOSTIC,    19, -4.580796011024e-01, 2.147366366126e-06, 4.2272e+00, 8.0149e-03, 
 2DIAGNOSTIC,    20, -4.580832712601e-01, 2.256193837660e-06, 4.2357e+00, 8.4221e-03, 
 2DIAGNOSTIC,    21, -4.580893094636e-01, 2.491239014989e-06, 4.2530e+00, 1.7338e-02, 
 2DIAGNOSTIC,    22, -4.580992780833e-01, 2.920323500293e-06, 4.2685e+00, 1.5545e-02, 
 2DIAGNOSTIC,    23, -4.581158952141e-01, 3.654899258992e-06, 4.2801e+00, 1.1565e-02, 
DIAGNOSTIC,Iteration,metricValue,convergenceValue,ITERATION_TIME_INDEX,SINCE_LAST
 2DIAGNOSTIC,     1, -3.806130027613e-01, 1.797693134862e+308, 8.5118e+00, 4.2317e+00, 
 2DIAGNOSTIC,     2, -3.820553422328e-01, 1.797693134862e+308, 8.5538e+00, 4.2054e-02, 
 2DIAGNOSTIC,     3, -3.829246004704e-01, 1.797693134862e+308, 8.6145e+00, 6.0696e-02, 
 2DIAGNOSTIC,     4, -3.834510910311e-01, 1.797693134862e+308, 8.6636e+00, 4.9082e-02, 
 2DIAGNOSTIC,     5, -3.839117774932e-01, 1.797693134862e+308, 8.7212e+00, 5.7580e-02, 
 2DIAGNOSTIC,     6, -3.841701732716e-01, 1.797693134862e+308, 8.7887e+00, 6.7551e-02, 
 2DIAGNOSTIC,     7, -3.842057233369e-01, 1.797693134862e+308, 8.8479e+00, 5.9225e-02, 
 2DIAGNOSTIC,     8, -3.842295829098e-01, 1.797693134862e+308, 8.9132e+00, 6.5224e-02, 
 2DIAGNOSTIC,     9, -3.842906267009e-01, 1.797693134862e+308, 8.9711e+00, 5.7980e-02, 
 2DIAGNOSTIC,    10, -3.843752487732e-01, 5.239973581786e-04, 9.0274e+00, 5.6267e-02, 
 2DIAGNOSTIC,    11, -3.844224019286e-01, 2.978433578734e-04, 9.0965e+00, 6.9089e-02, 
 2DIAGNOSTIC,    12, -3.843527971081e-01, 1.670383496340e-04, 9.1549e+00, 5.8377e-02, 
 2DIAGNOSTIC,    13, -3.843573895793e-01, 9.122883421693e-05, 9.2014e+00, 4.6492e-02, 
 2DIAGNOSTIC,    14, -3.843740743193e-01, 4.635379383257e-05, 9.2612e+00, 5.9806e-02, 
 2DIAGNOSTIC,    15, -3.842152420569e-01, 1.786048527039e-05, 9.3158e+00, 5.4612e-02, 
 2DIAGNOSTIC,    16, -3.842434028512e-01, 4.949715015912e-06, 9.3859e+00, 7.0083e-02, 
DIAGNOSTIC,Iteration,metricValue,convergenceValue,ITERATION_TIME_INDEX,SINCE_LAST
 2DIAGNOSTIC,     1, -3.833340023988e-01, 1.797693134862e+308, 1.3844e+01, 4.4583e+00, 
 2DIAGNOSTIC,     2, -3.842715513505e-01, 1.797693134862e+308, 1.4235e+01, 3.9067e-01, 
 2DIAGNOSTIC,     3, -3.843861618908e-01, 1.797693134862e+308, 1.4626e+01, 3.9086e-01, 
 2DIAGNOSTIC,     4, -3.844266837301e-01, 1.797693134862e+308, 1.4968e+01, 3.4179e-01, 
 2DIAGNOSTIC,     5, -3.844439442153e-01, 1.797693134862e+308, 1.5303e+01, 3.3527e-01, 
 2DIAGNOSTIC,     6, -3.845323465823e-01, 1.797693134862e+308, 1.5695e+01, 3.9224e-01, 
 2DIAGNOSTIC,     7, -3.845987140301e-01, 1.797693134862e+308, 1.6089e+01, 3.9367e-01, 
 2DIAGNOSTIC,     8, -3.845884356691e-01, 1.797693134862e+308, 1.6465e+01, 3.7612e-01, 
 2DIAGNOSTIC,     9, -3.846002834482e-01, 1.797693134862e+308, 1.6808e+01, 3.4347e-01, 
 2DIAGNOSTIC,    10, -3.845917887144e-01, 1.349362270099e-04, 1.7151e+01, 3.4322e-01, 
 2DIAGNOSTIC,    11, -3.846185868411e-01, 5.175640457364e-05, 1.7542e+01, 3.9002e-01, 
 2DIAGNOSTIC,    12, -3.846318437508e-01, 3.636195743560e-05, 1.7934e+01, 3.9236e-01, 
 2DIAGNOSTIC,    13, -3.845939444848e-01, 2.466608595661e-05, 1.8324e+01, 3.9042e-01, 
 2DIAGNOSTIC,    14, -3.847127383404e-01, 2.120496349572e-05, 1.8668e+01, 3.4367e-01, 
 2DIAGNOSTIC,    15, -3.847433326178e-01, 1.856240566935e-05, 1.9008e+01, 3.4052e-01, 
 2DIAGNOSTIC,    16, -3.848395994796e-01, 2.316458100241e-05, 1.9616e+01, 6.0739e-01, 
 2DIAGNOSTIC,    17, -3.848164472901e-01, 2.714027334857e-05, 2.0007e+01, 3.9084e-01, 
 2DIAGNOSTIC,    18, -3.848116920505e-01, 2.782332737861e-05, 2.0398e+01, 3.9093e-01, 
 2DIAGNOSTIC,    19, -3.848170175606e-01, 2.669716418396e-05, 2.0793e+01, 3.9573e-01, 
 2DIAGNOSTIC,    20, -3.848123022903e-01, 2.275450900247e-05, 2.1188e+01, 3.9437e-01, 
 2DIAGNOSTIC,    21, -3.848123812888e-01, 1.814691000572e-05, 2.1525e+01, 3.3685e-01, 
 2DIAGNOSTIC,    22, -3.848073632717e-01, 1.278629292786e-05, 2.1866e+01, 3.4107e-01, 
 2DIAGNOSTIC,    23, -3.848074865973e-01, 5.577140348940e-06, 2.2255e+01, 3.8977e-01, 
 2DIAGNOSTIC,    24, -3.848127449197e-01, 2.389146536150e-06, 2.2599e+01, 3.4358e-01, 
DIAGNOSTIC,Iteration,metricValue,convergenceValue,ITERATION_TIME_INDEX,SINCE_LAST
 2DIAGNOSTIC,     1, -3.487711079418e-01, 1.797693134862e+308, 2.8932e+01, 6.3331e+00, 
  Elapsed time (stage 0): 3.0562e+01


Stage 1
  iterations = 1000x500x250x0
  convergence threshold = 1.0000e-06
  convergence window size = 10
  number of levels = 4
  using the Mattes MI metric (number of bins = 32, weight = 1.0000e+00)
  preprocessing:  winsorizing the image intensities
  Shrink factors (level 1 out of 4): [12, 12, 5]
  Shrink factors (level 2 out of 4): [8, 8, 3]
  Shrink factors (level 3 out of 4): [4, 4, 2]
  Shrink factors (level 4 out of 4): [2, 2, 1]
  smoothing sigmas per level: [4, 3, 2, 1]
  regular sampling (percentage = 2.5000e-01)

*** Running AffineTransform registration ***

DIAGNOSTIC,Iteration,metricValue,convergenceValue,ITERATION_TIME_INDEX,SINCE_LAST
 2DIAGNOSTIC,     1, -4.563646147140e-01, 1.797693134862e+308, 3.9660e+00, 3.9660e+00, 
 2DIAGNOSTIC,     2, -4.579943389325e-01, 1.797693134862e+308, 3.9752e+00, 9.2871e-03, 
 2DIAGNOSTIC,     3, -4.601141133037e-01, 1.797693134862e+308, 3.9842e+00, 8.9669e-03, 
 2DIAGNOSTIC,     4, -4.635314988582e-01, 1.797693134862e+308, 3.9956e+00, 1.1383e-02, 
 2DIAGNOSTIC,     5, -4.679156242071e-01, 1.797693134862e+308, 4.0121e+00, 1.6511e-02, 
 2DIAGNOSTIC,     6, -4.768128970901e-01, 1.797693134862e+308, 4.0381e+00, 2.5971e-02, 
 2DIAGNOSTIC,     7, -4.775675503647e-01, 1.797693134862e+308, 4.0503e+00, 1.2261e-02, 
 2DIAGNOSTIC,     8, -4.774379739907e-01, 1.797693134862e+308, 4.0614e+00, 1.1095e-02, 
 2DIAGNOSTIC,     9, -4.772473534484e-01, 1.797693134862e+308, 4.0707e+00, 9.3009e-03, 
 2DIAGNOSTIC,    10, -4.773424431612e-01, 3.515212336976e-03, 4.0811e+00, 1.0415e-02, 
 2DIAGNOSTIC,    11, -4.774530155094e-01, 2.680724929918e-03, 4.0985e+00, 1.7396e-02, 
 2DIAGNOSTIC,    12, -4.773475875115e-01, 1.824363326334e-03, 4.1156e+00, 1.7082e-02, 
 2DIAGNOSTIC,    13, -4.775116627136e-01, 1.048064898454e-03, 4.1290e+00, 1.3370e-02, 
 2DIAGNOSTIC,    14, -4.782588193736e-01, 4.681055082669e-04, 4.1402e+00, 1.1230e-02, 
 2DIAGNOSTIC,    15, -4.782068407760e-01, 8.701665249521e-05, 4.1520e+00, 1.1797e-02, 
 2DIAGNOSTIC,    16, -4.782583902443e-01, 8.225581837974e-05, 4.1616e+00, 9.5842e-03, 
 2DIAGNOSTIC,    17, -4.781058642518e-01, 9.246035795456e-05, 4.1710e+00, 9.3529e-03, 
 2DIAGNOSTIC,    18, -4.782282323830e-01, 9.316126120897e-05, 4.1826e+00, 1.1648e-02, 
 2DIAGNOSTIC,    19, -4.784172593596e-01, 8.462068536734e-05, 4.1995e+00, 1.6873e-02, 
 2DIAGNOSTIC,    20, -4.788665779175e-01, 8.526098424885e-05, 4.2165e+00, 1.7054e-02, 
 2DIAGNOSTIC,    21, -4.792118293358e-01, 9.130792629082e-05, 4.2303e+00, 1.3761e-02, 
 2DIAGNOSTIC,    22, -4.796203003766e-01, 9.678221319014e-05, 4.2423e+00, 1.2058e-02, 
 2DIAGNOSTIC,    23, -4.797554717197e-01, 1.000391929663e-04, 4.2531e+00, 1.0733e-02, 
 2DIAGNOSTIC,    24, -4.797117281207e-01, 1.113540707475e-04, 4.2636e+00, 1.0514e-02, 
 2DIAGNOSTIC,    25, -4.797730913341e-01, 1.116193517897e-04, 4.2770e+00, 1.3358e-02, 
 2DIAGNOSTIC,    26, -4.798572248061e-01, 1.046078657070e-04, 4.2936e+00, 1.6614e-02, 
 2DIAGNOSTIC,    27, -4.798860158344e-01, 8.553631795852e-05, 4.3128e+00, 1.9261e-02, 
 2DIAGNOSTIC,    28, -4.798710342900e-01, 6.224762264063e-05, 4.3246e+00, 1.1794e-02, 
 2DIAGNOSTIC,    29, -4.798525695581e-01, 3.832798124612e-05, 4.3400e+00, 1.5364e-02, 
 2DIAGNOSTIC,    30, -4.800253404067e-01, 2.482518430760e-05, 4.3518e+00, 1.1772e-02, 
 2DIAGNOSTIC,    31, -4.799331539153e-01, 1.448324086508e-05, 4.3612e+00, 9.4271e-03, 
 2DIAGNOSTIC,    32, -4.799740182101e-01, 1.190892887939e-05, 4.3787e+00, 1.7478e-02, 
 2DIAGNOSTIC,    33, -4.800030532092e-01, 1.150272132180e-05, 4.3961e+00, 1.7412e-02, 
 2DIAGNOSTIC,    34, -4.800155465267e-01, 9.530341037768e-06, 4.4098e+00, 1.3715e-02, 
 2DIAGNOSTIC,    35, -4.801511240178e-01, 1.014244657752e-05, 4.4198e+00, 9.9821e-03, 
 2DIAGNOSTIC,    36, -4.801651839859e-01, 1.140709643382e-05, 4.4316e+00, 1.1813e-02, 
 2DIAGNOSTIC,    37, -4.801770477960e-01, 1.232213328717e-05, 4.4412e+00, 9.6121e-03, 
 2DIAGNOSTIC,    38, -4.801687205227e-01, 1.177062053778e-05, 4.4507e+00, 9.4650e-03, 
 2DIAGNOSTIC,    39, -4.802640090017e-01, 1.129472624626e-05, 4.4647e+00, 1.4063e-02, 
 2DIAGNOSTIC,    40, -4.803715857028e-01, 1.400084862359e-05, 4.4905e+00, 2.5746e-02, 
 2DIAGNOSTIC,    41, -4.803955287606e-01, 1.427205765771e-05, 4.5033e+00, 1.2778e-02, 
 2DIAGNOSTIC,    42, -4.803976282346e-01, 1.390111615671e-05, 4.5145e+00, 1.1210e-02, 
 2DIAGNOSTIC,    43, -4.803990213058e-01, 1.275877372856e-05, 4.5250e+00, 1.0548e-02, 
 2DIAGNOSTIC,    44, -4.804024716687e-01, 1.066685262645e-05, 4.5357e+00, 1.0691e-02, 
 2DIAGNOSTIC,    45, -4.804070617152e-01, 9.537427464130e-06, 4.5450e+00, 9.2881e-03, 
 2DIAGNOSTIC,    46, -4.802939135197e-01, 6.333344101047e-06, 4.5603e+00, 1.5278e-02, 
 2DIAGNOSTIC,    47, -4.803312029971e-01, 3.430072812730e-06, 4.5839e+00, 2.3599e-02, 
DIAGNOSTIC,Iteration,metricValue,convergenceValue,ITERATION_TIME_INDEX,SINCE_LAST
 2DIAGNOSTIC,     1, -3.973261270799e-01, 1.797693134862e+308, 8.7403e+00, 4.1565e+00, 
 2DIAGNOSTIC,     2, -3.983519965278e-01, 1.797693134862e+308, 8.8134e+00, 7.3031e-02, 
 2DIAGNOSTIC,     3, -3.990210178677e-01, 1.797693134862e+308, 8.8738e+00, 6.0467e-02, 
 2DIAGNOSTIC,     4, -3.993852717464e-01, 1.797693134862e+308, 8.9306e+00, 5.6713e-02, 
 2DIAGNOSTIC,     5, -3.999019622183e-01, 1.797693134862e+308, 9.0035e+00, 7.2976e-02, 
 2DIAGNOSTIC,     6, -4.002918361078e-01, 1.797693134862e+308, 9.0853e+00, 8.1756e-02, 
 2DIAGNOSTIC,     7, -4.002523620432e-01, 1.797693134862e+308, 9.1481e+00, 6.2779e-02, 
 2DIAGNOSTIC,     8, -4.002365007868e-01, 1.797693134862e+308, 9.2122e+00, 6.4115e-02, 
 2DIAGNOSTIC,     9, -4.002205224525e-01, 1.797693134862e+308, 9.2934e+00, 8.1219e-02, 
 2DIAGNOSTIC,    10, -4.002099059261e-01, 4.185384120922e-04, 9.3674e+00, 7.3961e-02, 
 2DIAGNOSTIC,    11, -4.000800641862e-01, 2.293948244182e-04, 9.4333e+00, 6.5954e-02, 
 2DIAGNOSTIC,    12, -4.000597391132e-01, 1.108780895932e-04, 9.4906e+00, 5.7286e-02, 
 2DIAGNOSTIC,    13, -4.000120292796e-01, 3.491166048171e-05, 9.5639e+00, 7.3270e-02, 
DIAGNOSTIC,Iteration,metricValue,convergenceValue,ITERATION_TIME_INDEX,SINCE_LAST
 2DIAGNOSTIC,     1, -3.786625836988e-01, 1.797693134862e+308, 1.4113e+01, 4.5492e+00, 
 2DIAGNOSTIC,     2, -3.796907414864e-01, 1.797693134862e+308, 1.4472e+01, 3.5945e-01, 
 2DIAGNOSTIC,     3, -3.807928487707e-01, 1.797693134862e+308, 1.4803e+01, 3.3048e-01, 
 2DIAGNOSTIC,     4, -3.819418844372e-01, 1.797693134862e+308, 1.5113e+01, 3.1041e-01, 
 2DIAGNOSTIC,     5, -3.835280088356e-01, 1.797693134862e+308, 1.5423e+01, 3.1005e-01, 
 2DIAGNOSTIC,     6, -3.843530519051e-01, 1.797693134862e+308, 1.5822e+01, 3.9822e-01, 
 2DIAGNOSTIC,     7, -3.844970725624e-01, 1.797693134862e+308, 1.6132e+01, 3.1049e-01, 
 2DIAGNOSTIC,     8, -3.847855774069e-01, 1.797693134862e+308, 1.6470e+01, 3.3790e-01, 
 2DIAGNOSTIC,     9, -3.852111812243e-01, 1.797693134862e+308, 1.6786e+01, 3.1612e-01, 
 2DIAGNOSTIC,    10, -3.852398366036e-01, 1.156181017278e-03, 1.7061e+01, 2.7479e-01, 
 2DIAGNOSTIC,    11, -3.853515323867e-01, 8.427090511981e-04, 1.7332e+01, 2.7100e-01, 
 2DIAGNOSTIC,    12, -3.856106036303e-01, 5.863543597301e-04, 1.7798e+01, 4.6653e-01, 
 2DIAGNOSTIC,    13, -3.858821107842e-01, 3.945278799378e-04, 1.8447e+01, 6.4878e-01, 
 2DIAGNOSTIC,    14, -3.858757924339e-01, 2.527824795599e-04, 1.8869e+01, 4.2176e-01, 
 2DIAGNOSTIC,    15, -3.858637729517e-01, 1.842889849523e-04, 1.9299e+01, 4.2962e-01, 
 2DIAGNOSTIC,    16, -3.858622706496e-01, 1.461730121887e-04, 1.9721e+01, 4.2259e-01, 
 2DIAGNOSTIC,    17, -3.858529015317e-01, 1.047765051251e-04, 2.0150e+01, 4.2874e-01, 
 2DIAGNOSTIC,    18, -3.858543301471e-01, 6.977567586808e-05, 2.0576e+01, 4.2611e-01, 
 2DIAGNOSTIC,    19, -3.858505424930e-01, 4.873973796989e-05, 2.0947e+01, 3.7140e-01, 
 2DIAGNOSTIC,    20, -3.858472679300e-01, 2.655060432331e-05, 2.1377e+01, 4.2958e-01, 
 2DIAGNOSTIC,    21, -3.858485346160e-01, 7.991899051832e-06, 2.1803e+01, 4.2601e-01, 
DIAGNOSTIC,Iteration,metricValue,convergenceValue,ITERATION_TIME_INDEX,SINCE_LAST
 2DIAGNOSTIC,     1, -3.438718365292e-01, 1.797693134862e+308, 2.8501e+01, 6.6978e+00, 
  Elapsed time (stage 1): 3.0121e+01


Total elapsed time: 6.0694e+01
Using double precision for computations.
Input scalar image: /home/ccn30/rds/rds-p00500_encrypt-URQgmO1brZ0/p00500/ENCRYPT_images/33010/T2/N4t2.nii
Reference image: /home/ccn30/rds/rds-p00500_encrypt-URQgmO1brZ0/p00500/ENCRYPT_images/33010/mp2rage/n4mag0000_PSIR_skulled_std.nii
=============================================================================
The composite transform comprises the following transforms (in order): 
  1. inverse of T1xT2_ANTs0GenericAffine.mat (type = AffineTransform)
=============================================================================
Default pixel value: 0
Interpolation type: LinearInterpolateImageFunction
Output warped image: T2xT1Warped_affine.nii.gz
