This is job 0
Time: Wed  5 Jan 12:03:48 GMT 2022
Running on master node: cpu-p-374
Current directory: /home/ccn30/rds/hpc-work/WBIC_lustre/ENCRYPT/scripts/Registration
Changed directory to /home/ccn30/rds/hpc-work/WBIC_lustre/ENCRYPT/scripts/Registration/slurmoutputs.

JobID: 52558412
======
Time: Wed  5 Jan 12:03:48 GMT 2022
Running on master node: cpu-p-374
Current directory: /home/ccn30/rds/hpc-work/WBIC_lustre/ENCRYPT/scripts/Registration/slurmoutputs

Nodes allocated:
================
cpu-p-374

numtasks=, numnodes=, mpi_tasks_per_node= (OMP_NUM_THREADS=1)

Executing command:
==================
/home/ccn30/rds/hpc-work/WBIC_lustre/ENCRYPT/scripts/Registration/coreg_main.sh /home/ccn30/rds/hpc-work/WBIC_lustre/ENCRYPT/testsubjcode.txt 0 /home/ccn30/rds/rds-p00500_encrypt-URQgmO1brZ0/p00500 /home/ccn30/rds/hpc-work/WBIC_lustre/ENCRYPT/scripts/Registration

******** starting 25869 ********
Using double precision for computations.
Input scalar image: /home/ccn30/rds/hpc-work/WBIC_home/ENCRYPT/atlases/templates/ECtemplatemasks2015/leftEC_combined.nii.gz
Reference image: /home/ccn30/rds/rds-p00500_encrypt-URQgmO1brZ0/p00500/ENCRYPT_images/25869/T2/N4t2.nii
Can't read initial transform /home/ccn30/rds/rds-p00500_encrypt-URQgmO1brZ0/p00500/ENCRYPT_registrations/25869/T1xT2_ANTs0GenericAffine.mat
Using double precision for computations.
Input scalar image: /home/ccn30/rds/hpc-work/WBIC_home/ENCRYPT/atlases/templates/ECtemplatemasks2015/rightEC_combined.nii.gz
Reference image: /home/ccn30/rds/rds-p00500_encrypt-URQgmO1brZ0/p00500/ENCRYPT_images/25869/T2/N4t2.nii
Can't read initial transform /home/ccn30/rds/rds-p00500_encrypt-URQgmO1brZ0/p00500/ENCRYPT_registrations/25869/T1xT2_ANTs0GenericAffine.mat
Using double precision for computations.
Input scalar image: /home/ccn30/rds/hpc-work/WBIC_home/ENCRYPT/atlases/templates/ECtemplatemasks2015/Study_template_wholeBrain.nii
Reference image: /home/ccn30/rds/rds-p00500_encrypt-URQgmO1brZ0/p00500/ENCRYPT_images/25869/T2/N4t2.nii
Can't read initial transform /home/ccn30/rds/rds-p00500_encrypt-URQgmO1brZ0/p00500/ENCRYPT_registrations/25869/T1xT2_ANTs0GenericAffine.mat
Using double precision for computations.
Input scalar image: /home/ccn30/rds/hpc-work/WBIC_home/ENCRYPT/atlases/templates/ECtemplatemasks2021/MEC_combinedGroupSegmentation_unmasked_mni.nii.gz
Reference image: /home/ccn30/rds/rds-p00500_encrypt-URQgmO1brZ0/p00500/ENCRYPT_images/25869/T2/N4t2.nii
Can't read initial transform /home/ccn30/rds/rds-p00500_encrypt-URQgmO1brZ0/p00500/ENCRYPT_registrations/25869/T1xT2_ANTs0GenericAffine.mat
Using double precision for computations.
Input scalar image: /home/ccn30/rds/hpc-work/WBIC_home/ENCRYPT/atlases/templates/ECtemplatemasks2021/LEC_combinedGroupSegmentation_unmasked_mni.nii.gz
Reference image: /home/ccn30/rds/rds-p00500_encrypt-URQgmO1brZ0/p00500/ENCRYPT_images/25869/T2/N4t2.nii
Can't read initial transform /home/ccn30/rds/rds-p00500_encrypt-URQgmO1brZ0/p00500/ENCRYPT_registrations/25869/T1xT2_ANTs0GenericAffine.mat
Using double precision for computations.
Input scalar image: /home/ccn30/rds/hpc-work/WBIC_home/ENCRYPT/atlases/templates/ECtemplatemasks2021/mni152_t1_nlin_asym_09b_hires_brain.nii.gz
Reference image: /home/ccn30/rds/rds-p00500_encrypt-URQgmO1brZ0/p00500/ENCRYPT_images/25869/T2/N4t2.nii
Can't read initial transform /home/ccn30/rds/rds-p00500_encrypt-URQgmO1brZ0/p00500/ENCRYPT_registrations/25869/T1xT2_ANTs0GenericAffine.mat
