This is job 9
Time: Thu  2 Dec 16:02:40 GMT 2021
Running on master node: cpu-p-48
Current directory: /home/ccn30/rds/hpc-work/WBIC_lustre/ENCRYPT/scripts/Registration/slurmoutputs
Changed directory to /home/ccn30/rds/hpc-work/WBIC_lustre/ENCRYPT/scripts/Registration/slurmoutputs.

JobID: 50592205
======
Time: Thu  2 Dec 16:02:40 GMT 2021
Running on master node: cpu-p-48
Current directory: /home/ccn30/rds/hpc-work/WBIC_lustre/ENCRYPT/scripts/Registration/slurmoutputs

Nodes allocated:
================
cpu-p-48

numtasks=, numnodes=, mpi_tasks_per_node= (OMP_NUM_THREADS=1)

Executing command:
==================
/home/ccn30/rds/hpc-work/WBIC_lustre/ENCRYPT/scripts/Registration/coreg_main.sh /home/ccn30/rds/hpc-work/WBIC_lustre/ENCRYPT/ENCRYPT_MasterRIScodes.txt 9 /home/ccn30/rds/rds-p00500_encrypt-URQgmO1brZ0/p00500 /home/ccn30/rds/hpc-work/WBIC_lustre/ENCRYPT/scripts/Registration

******** starting 26001 ********
You are inside ANTs call
/usr/local/software/spack/spack-git/opt/spack/linux-rhel7-broadwell/gcc-5/ants-2.3.4-lj6vm7ccmij4yywr4ynrttcko4aoflqt/bin/antsRegistration
 	Fixed image /home/ccn30/rds/rds-p00500_encrypt-URQgmO1brZ0/p00500/ENCRYPT_images/26001/fMRI/N4meanEPI.nii
 	Moving image /home/ccn30/rds/rds-p00500_encrypt-URQgmO1brZ0/p00500/ENCRYPT_images/26001/mp2rage/n4mag0000_PSIR_skulled_std_struc_brain.nii
 	Mask image /home/ccn30/rds/rds-p00500_encrypt-URQgmO1brZ0/p00500/ENCRYPT_images/26001/fMRI/fixedEPIMask.nii
 	regDir /home/ccn30/rds/rds-p00500_encrypt-URQgmO1brZ0/p00500/ENCRYPT_registrations/26001

Running N4 for 3-dimensional images.

Mask not read.  Using the entire image as the mask.

Original intensity range:  [-112.413, 29946.6]

***********************************************************
Warning:  Your input image contains nonpositive values
which could cause failure or problematic results.  A
possible workaround would be to:
   1. rescale your image to positive values e.g., [10,100].
   2. run N4 on your rescaled image.
   3. (optional) rescale the N4 output to the original
      intensity range.
***********************************************************

Specified spline distance: 100mm
  original image size:  [128, 128, 42]
  padded image size:  [134, 134, 101]
  number of control points:  [5, 5, 4]

Current level = 1
  Iteration 1 (of 200).   Current convergence value = 0.00144497 (threshold = 0)
  Iteration 2 (of 200).   Current convergence value = 0.00128567 (threshold = 0)
  Iteration 3 (of 200).   Current convergence value = 0.00114798 (threshold = 0)
  Iteration 4 (of 200).   Current convergence value = 0.00103251 (threshold = 0)
  Iteration 5 (of 200).   Current convergence value = 0.000931924 (threshold = 0)
  Iteration 6 (of 200).   Current convergence value = 0.000842981 (threshold = 0)
  Iteration 7 (of 200).   Current convergence value = 0.000767923 (threshold = 0)
  Iteration 8 (of 200).   Current convergence value = 0.000707098 (threshold = 0)
  Iteration 9 (of 200).   Current convergence value = 0.000656499 (threshold = 0)
  Iteration 10 (of 200).   Current convergence value = 0.000612836 (threshold = 0)
  Iteration 11 (of 200).   Current convergence value = 0.000575802 (threshold = 0)
  Iteration 12 (of 200).   Current convergence value = 0.000544403 (threshold = 0)
  Iteration 13 (of 200).   Current convergence value = 0.000517703 (threshold = 0)
  Iteration 14 (of 200).   Current convergence value = 0.000494657 (threshold = 0)
  Iteration 15 (of 200).   Current convergence value = 0.000475377 (threshold = 0)
  Iteration 16 (of 200).   Current convergence value = 0.000457399 (threshold = 0)
  Iteration 17 (of 200).   Current convergence value = 0.00044295 (threshold = 0)
  Iteration 18 (of 200).   Current convergence value = 0.000431747 (threshold = 0)
  Iteration 19 (of 200).   Current convergence value = 0.000422871 (threshold = 0)
  Iteration 20 (of 200).   Current convergence value = 0.000416021 (threshold = 0)
  Iteration 21 (of 200).   Current convergence value = 0.00041091 (threshold = 0)
  Iteration 22 (of 200).   Current convergence value = 0.000407304 (threshold = 0)
  Iteration 23 (of 200).   Current convergence value = 0.00040533 (threshold = 0)
  Iteration 24 (of 200).   Current convergence value = 0.000404515 (threshold = 0)
  Iteration 25 (of 200).   Current convergence value = 0.000404054 (threshold = 0)
  Iteration 26 (of 200).   Current convergence value = 0.000404499 (threshold = 0)
  Iteration 27 (of 200).   Current convergence value = 0.000405396 (threshold = 0)
  Iteration 28 (of 200).   Current convergence value = 0.000406796 (threshold = 0)
  Iteration 29 (of 200).   Current convergence value = 0.000408688 (threshold = 0)
  Iteration 30 (of 200).   Current convergence value = 0.000410768 (threshold = 0)
  Iteration 31 (of 200).   Current convergence value = 0.000413075 (threshold = 0)
  Iteration 32 (of 200).   Current convergence value = 0.000412511 (threshold = 0)
  Iteration 33 (of 200).   Current convergence value = 0.000411993 (threshold = 0)
  Iteration 34 (of 200).   Current convergence value = 0.000411647 (threshold = 0)
  Iteration 35 (of 200).   Current convergence value = 0.000411294 (threshold = 0)
  Iteration 36 (of 200).   Current convergence value = 0.000410955 (threshold = 0)
  Iteration 37 (of 200).   Current convergence value = 0.000410613 (threshold = 0)
  Iteration 38 (of 200).   Current convergence value = 0.000410447 (threshold = 0)
  Iteration 39 (of 200).   Current convergence value = 0.000410431 (threshold = 0)
  Iteration 40 (of 200).   Current convergence value = 0.000410304 (threshold = 0)
  Iteration 41 (of 200).   Current convergence value = 0.000410356 (threshold = 0)
  Iteration 42 (of 200).   Current convergence value = 0.000410429 (threshold = 0)
  Iteration 43 (of 200).   Current convergence value = 0.000405433 (threshold = 0)
  Iteration 44 (of 200).   Current convergence value = 0.000389768 (threshold = 0)
  Iteration 45 (of 200).   Current convergence value = 0.00037561 (threshold = 0)
  Iteration 46 (of 200).   Current convergence value = 0.000362779 (threshold = 0)
  Iteration 47 (of 200).   Current convergence value = 0.000351052 (threshold = 0)
  Iteration 48 (of 200).   Current convergence value = 0.000340211 (threshold = 0)
  Iteration 49 (of 200).   Current convergence value = 0.000330273 (threshold = 0)
  Iteration 50 (of 200).   Current convergence value = 0.00032124 (threshold = 0)
  Iteration 51 (of 200).   Current convergence value = 0.000313014 (threshold = 0)
  Iteration 52 (of 200).   Current convergence value = 0.000305633 (threshold = 0)
  Iteration 53 (of 200).   Current convergence value = 0.000298887 (threshold = 0)
  Iteration 54 (of 200).   Current convergence value = 0.000292825 (threshold = 0)
  Iteration 55 (of 200).   Current convergence value = 0.000287283 (threshold = 0)
  Iteration 56 (of 200).   Current convergence value = 0.000282333 (threshold = 0)
  Iteration 57 (of 200).   Current convergence value = 0.000277685 (threshold = 0)
  Iteration 58 (of 200).   Current convergence value = 0.000273752 (threshold = 0)
  Iteration 59 (of 200).   Current convergence value = 0.000271595 (threshold = 0)
  Iteration 60 (of 200).   Current convergence value = 0.000269563 (threshold = 0)
  Iteration 61 (of 200).   Current convergence value = 0.000267661 (threshold = 0)
  Iteration 62 (of 200).   Current convergence value = 0.000265821 (threshold = 0)
  Iteration 63 (of 200).   Current convergence value = 0.00026411 (threshold = 0)
  Iteration 64 (of 200).   Current convergence value = 0.000262481 (threshold = 0)
  Iteration 65 (of 200).   Current convergence value = 0.000261029 (threshold = 0)
  Iteration 66 (of 200).   Current convergence value = 0.000262019 (threshold = 0)
  Iteration 67 (of 200).   Current convergence value = 0.000263231 (threshold = 0)
  Iteration 68 (of 200).   Current convergence value = 0.00026441 (threshold = 0)
  Iteration 69 (of 200).   Current convergence value = 0.00026568 (threshold = 0)
  Iteration 70 (of 200).   Current convergence value = 0.000267008 (threshold = 0)
  Iteration 71 (of 200).   Current convergence value = 0.000268409 (threshold = 0)
  Iteration 72 (of 200).   Current convergence value = 0.000269899 (threshold = 0)
  Iteration 73 (of 200).   Current convergence value = 0.000271426 (threshold = 0)
  Iteration 74 (of 200).   Current convergence value = 0.000273057 (threshold = 0)
  Iteration 75 (of 200).   Current convergence value = 0.000274797 (threshold = 0)
  Iteration 76 (of 200).   Current convergence value = 0.000276713 (threshold = 0)
  Iteration 77 (of 200).   Current convergence value = 0.000278689 (threshold = 0)
  Iteration 78 (of 200).   Current convergence value = 0.000280762 (threshold = 0)
  Iteration 79 (of 200).   Current convergence value = 0.000282809 (threshold = 0)
  Iteration 80 (of 200).   Current convergence value = 0.000284843 (threshold = 0)
  Iteration 81 (of 200).   Current convergence value = 0.000286911 (threshold = 0)
  Iteration 82 (of 200).   Current convergence value = 0.000289094 (threshold = 0)
  Iteration 83 (of 200).   Current convergence value = 0.000291398 (threshold = 0)
  Iteration 84 (of 200).   Current convergence value = 0.000293979 (threshold = 0)
  Iteration 85 (of 200).   Current convergence value = 0.000296559 (threshold = 0)
  Iteration 86 (of 200).   Current convergence value = 0.000299257 (threshold = 0)
  Iteration 87 (of 200).   Current convergence value = 0.000302146 (threshold = 0)
  Iteration 88 (of 200).   Current convergence value = 0.000305135 (threshold = 0)
  Iteration 89 (of 200).   Current convergence value = 0.000308144 (threshold = 0)
  Iteration 90 (of 200).   Current convergence value = 0.000311208 (threshold = 0)
  Iteration 91 (of 200).   Current convergence value = 0.000314256 (threshold = 0)
  Iteration 92 (of 200).   Current convergence value = 0.000317438 (threshold = 0)
  Iteration 93 (of 200).   Current convergence value = 0.000320563 (threshold = 0)
  Iteration 94 (of 200).   Current convergence value = 0.000323585 (threshold = 0)
  Iteration 95 (of 200).   Current convergence value = 0.000326616 (threshold = 0)
  Iteration 96 (of 200).   Current convergence value = 0.000329691 (threshold = 0)
  Iteration 97 (of 200).   Current convergence value = 0.000332897 (threshold = 0)
  Iteration 98 (of 200).   Current convergence value = 0.000336015 (threshold = 0)
  Iteration 99 (of 200).   Current convergence value = 0.000339206 (threshold = 0)
  Iteration 100 (of 200).   Current convergence value = 0.00034228 (threshold = 0)
  Iteration 101 (of 200).   Current convergence value = 0.000345249 (threshold = 0)
  Iteration 102 (of 200).   Current convergence value = 0.000348212 (threshold = 0)
  Iteration 103 (of 200).   Current convergence value = 0.000351197 (threshold = 0)
  Iteration 104 (of 200).   Current convergence value = 0.000354319 (threshold = 0)
  Iteration 105 (of 200).   Current convergence value = 0.000357418 (threshold = 0)
  Iteration 106 (of 200).   Current convergence value = 0.000360394 (threshold = 0)
  Iteration 107 (of 200).   Current convergence value = 0.000363217 (threshold = 0)
  Iteration 108 (of 200).   Current convergence value = 0.000365784 (threshold = 0)
  Iteration 109 (of 200).   Current convergence value = 0.000366274 (threshold = 0)
  Iteration 110 (of 200).   Current convergence value = 0.000366686 (threshold = 0)
  Iteration 111 (of 200).   Current convergence value = 0.000366994 (threshold = 0)
  Iteration 112 (of 200).   Current convergence value = 0.00036724 (threshold = 0)
  Iteration 113 (of 200).   Current convergence value = 0.000367291 (threshold = 0)
  Iteration 114 (of 200).   Current convergence value = 0.000367071 (threshold = 0)
  Iteration 115 (of 200).   Current convergence value = 0.000366626 (threshold = 0)
  Iteration 116 (of 200).   Current convergence value = 0.00036601 (threshold = 0)
  Iteration 117 (of 200).   Current convergence value = 0.000365263 (threshold = 0)
  Iteration 118 (of 200).   Current convergence value = 0.000364627 (threshold = 0)
  Iteration 119 (of 200).   Current convergence value = 0.00036402 (threshold = 0)
  Iteration 120 (of 200).   Current convergence value = 0.000363228 (threshold = 0)
  Iteration 121 (of 200).   Current convergence value = 0.00036243 (threshold = 0)
  Iteration 122 (of 200).   Current convergence value = 0.000361512 (threshold = 0)
  Iteration 123 (of 200).   Current convergence value = 0.000360499 (threshold = 0)
  Iteration 124 (of 200).   Current convergence value = 0.000353351 (threshold = 0)
  Iteration 125 (of 200).   Current convergence value = 0.000341741 (threshold = 0)
  Iteration 126 (of 200).   Current convergence value = 0.000330813 (threshold = 0)
  Iteration 127 (of 200).   Current convergence value = 0.000320562 (threshold = 0)
  Iteration 128 (of 200).   Current convergence value = 0.000311087 (threshold = 0)
  Iteration 129 (of 200).   Current convergence value = 0.000302409 (threshold = 0)
  Iteration 130 (of 200).   Current convergence value = 0.000294421 (threshold = 0)
  Iteration 131 (of 200).   Current convergence value = 0.000286963 (threshold = 0)
  Iteration 132 (of 200).   Current convergence value = 0.000279957 (threshold = 0)
  Iteration 133 (of 200).   Current convergence value = 0.000273404 (threshold = 0)
  Iteration 134 (of 200).   Current convergence value = 0.000267295 (threshold = 0)
  Iteration 135 (of 200).   Current convergence value = 0.000261666 (threshold = 0)
  Iteration 136 (of 200).   Current convergence value = 0.0002565 (threshold = 0)
  Iteration 137 (of 200).   Current convergence value = 0.000251759 (threshold = 0)
  Iteration 138 (of 200).   Current convergence value = 0.000247391 (threshold = 0)
  Iteration 139 (of 200).   Current convergence value = 0.000243428 (threshold = 0)
  Iteration 140 (of 200).   Current convergence value = 0.000239814 (threshold = 0)
  Iteration 141 (of 200).   Current convergence value = 0.000236558 (threshold = 0)
  Iteration 142 (of 200).   Current convergence value = 0.000233499 (threshold = 0)
  Iteration 143 (of 200).   Current convergence value = 0.00023083 (threshold = 0)
  Iteration 144 (of 200).   Current convergence value = 0.000228493 (threshold = 0)
  Iteration 145 (of 200).   Current convergence value = 0.000227628 (threshold = 0)
  Iteration 146 (of 200).   Current convergence value = 0.000227421 (threshold = 0)
  Iteration 147 (of 200).   Current convergence value = 0.000227222 (threshold = 0)
  Iteration 148 (of 200).   Current convergence value = 0.000227065 (threshold = 0)
  Iteration 149 (of 200).   Current convergence value = 0.00022688 (threshold = 0)
  Iteration 150 (of 200).   Current convergence value = 0.000226719 (threshold = 0)
  Iteration 151 (of 200).   Current convergence value = 0.000226511 (threshold = 0)
  Iteration 152 (of 200).   Current convergence value = 0.000226419 (threshold = 0)
  Iteration 153 (of 200).   Current convergence value = 0.000226013 (threshold = 0)
  Iteration 154 (of 200).   Current convergence value = 0.000225318 (threshold = 0)
  Iteration 155 (of 200).   Current convergence value = 0.000224622 (threshold = 0)
  Iteration 156 (of 200).   Current convergence value = 0.000223944 (threshold = 0)
  Iteration 157 (of 200).   Current convergence value = 0.000223231 (threshold = 0)
  Iteration 158 (of 200).   Current convergence value = 0.000222438 (threshold = 0)
  Iteration 159 (of 200).   Current convergence value = 0.000221682 (threshold = 0)
  Iteration 160 (of 200).   Current convergence value = 0.000221002 (threshold = 0)
  Iteration 161 (of 200).   Current convergence value = 0.000220318 (threshold = 0)
  Iteration 162 (of 200).   Current convergence value = 0.000219643 (threshold = 0)
  Iteration 163 (of 200).   Current convergence value = 0.000218992 (threshold = 0)
  Iteration 164 (of 200).   Current convergence value = 0.000218391 (threshold = 0)
  Iteration 165 (of 200).   Current convergence value = 0.000217839 (threshold = 0)
  Iteration 166 (of 200).   Current convergence value = 0.000217296 (threshold = 0)
  Iteration 167 (of 200).   Current convergence value = 0.000216746 (threshold = 0)
  Iteration 168 (of 200).   Current convergence value = 0.000216125 (threshold = 0)
  Iteration 169 (of 200).   Current convergence value = 0.000215522 (threshold = 0)
  Iteration 170 (of 200).   Current convergence value = 0.000215011 (threshold = 0)
  Iteration 171 (of 200).   Current convergence value = 0.000214558 (threshold = 0)
  Iteration 172 (of 200).   Current convergence value = 0.00021413 (threshold = 0)
  Iteration 173 (of 200).   Current convergence value = 0.000213688 (threshold = 0)
  Iteration 174 (of 200).   Current convergence value = 0.000213172 (threshold = 0)
  Iteration 175 (of 200).   Current convergence value = 0.000212666 (threshold = 0)
  Iteration 176 (of 200).   Current convergence value = 0.000212265 (threshold = 0)
  Iteration 177 (of 200).   Current convergence value = 0.000211803 (threshold = 0)
  Iteration 178 (of 200).   Current convergence value = 0.000211234 (threshold = 0)
  Iteration 179 (of 200).   Current convergence value = 0.000210699 (threshold = 0)
  Iteration 180 (of 200).   Current convergence value = 0.000210227 (threshold = 0)
  Iteration 181 (of 200).   Current convergence value = 0.000209767 (threshold = 0)
  Iteration 182 (of 200).   Current convergence value = 0.000209422 (threshold = 0)
  Iteration 183 (of 200).   Current convergence value = 0.000209001 (threshold = 0)
  Iteration 184 (of 200).   Current convergence value = 0.00020859 (threshold = 0)
  Iteration 185 (of 200).   Current convergence value = 0.000208233 (threshold = 0)
  Iteration 186 (of 200).   Current convergence value = 0.000207862 (threshold = 0)
  Iteration 187 (of 200).   Current convergence value = 0.000207426 (threshold = 0)
  Iteration 188 (of 200).   Current convergence value = 0.000207041 (threshold = 0)
  Iteration 189 (of 200).   Current convergence value = 0.000206737 (threshold = 0)
  Iteration 190 (of 200).   Current convergence value = 0.000206356 (threshold = 0)
  Iteration 191 (of 200).   Current convergence value = 0.000205917 (threshold = 0)
  Iteration 192 (of 200).   Current convergence value = 0.000205422 (threshold = 0)
  Iteration 193 (of 200).   Current convergence value = 0.000204893 (threshold = 0)
  Iteration 194 (of 200).   Current convergence value = 0.000204322 (threshold = 0)
  Iteration 195 (of 200).   Current convergence value = 0.000203753 (threshold = 0)
  Iteration 196 (of 200).   Current convergence value = 0.000203331 (threshold = 0)
  Iteration 197 (of 200).   Current convergence value = 0.000202892 (threshold = 0)
  Iteration 198 (of 200).   Current convergence value = 0.000202552 (threshold = 0)
  Iteration 199 (of 200).   Current convergence value = 0.000202257 (threshold = 0)
  Iteration 200 (of 200).   Current convergence value = 0.000201947 (threshold = 0)
Current level = 2
  Iteration 1 (of 200).   Current convergence value = 0.000844005 (threshold = 0)
  Iteration 2 (of 200).   Current convergence value = 0.000860083 (threshold = 0)
  Iteration 3 (of 200).   Current convergence value = 0.000880843 (threshold = 0)
  Iteration 4 (of 200).   Current convergence value = 0.000903562 (threshold = 0)
  Iteration 5 (of 200).   Current convergence value = 0.000927306 (threshold = 0)
  Iteration 6 (of 200).   Current convergence value = 0.000951858 (threshold = 0)
  Iteration 7 (of 200).   Current convergence value = 0.000976811 (threshold = 0)
  Iteration 8 (of 200).   Current convergence value = 0.00100183 (threshold = 0)
  Iteration 9 (of 200).   Current convergence value = 0.00102679 (threshold = 0)
  Iteration 10 (of 200).   Current convergence value = 0.00105142 (threshold = 0)
  Iteration 11 (of 200).   Current convergence value = 0.00107475 (threshold = 0)
  Iteration 12 (of 200).   Current convergence value = 0.00109615 (threshold = 0)
  Iteration 13 (of 200).   Current convergence value = 0.00111584 (threshold = 0)
  Iteration 14 (of 200).   Current convergence value = 0.0011267 (threshold = 0)
  Iteration 15 (of 200).   Current convergence value = 0.00113534 (threshold = 0)
  Iteration 16 (of 200).   Current convergence value = 0.00114307 (threshold = 0)
  Iteration 17 (of 200).   Current convergence value = 0.00114941 (threshold = 0)
  Iteration 18 (of 200).   Current convergence value = 0.00115458 (threshold = 0)
  Iteration 19 (of 200).   Current convergence value = 0.0011578 (threshold = 0)
  Iteration 20 (of 200).   Current convergence value = 0.00115974 (threshold = 0)
  Iteration 21 (of 200).   Current convergence value = 0.00116145 (threshold = 0)
  Iteration 22 (of 200).   Current convergence value = 0.0011077 (threshold = 0)
  Iteration 23 (of 200).   Current convergence value = 0.00104911 (threshold = 0)
  Iteration 24 (of 200).   Current convergence value = 0.0009986 (threshold = 0)
  Iteration 25 (of 200).   Current convergence value = 0.000953977 (threshold = 0)
  Iteration 26 (of 200).   Current convergence value = 0.000914726 (threshold = 0)
  Iteration 27 (of 200).   Current convergence value = 0.000880519 (threshold = 0)
  Iteration 28 (of 200).   Current convergence value = 0.000850715 (threshold = 0)
  Iteration 29 (of 200).   Current convergence value = 0.000825071 (threshold = 0)
  Iteration 30 (of 200).   Current convergence value = 0.000803183 (threshold = 0)
  Iteration 31 (of 200).   Current convergence value = 0.000784646 (threshold = 0)
  Iteration 32 (of 200).   Current convergence value = 0.000774781 (threshold = 0)
  Iteration 33 (of 200).   Current convergence value = 0.000790751 (threshold = 0)
  Iteration 34 (of 200).   Current convergence value = 0.000808391 (threshold = 0)
  Iteration 35 (of 200).   Current convergence value = 0.000827448 (threshold = 0)
  Iteration 36 (of 200).   Current convergence value = 0.000848423 (threshold = 0)
  Iteration 37 (of 200).   Current convergence value = 0.000870863 (threshold = 0)
  Iteration 38 (of 200).   Current convergence value = 0.000895433 (threshold = 0)
  Iteration 39 (of 200).   Current convergence value = 0.000922227 (threshold = 0)
  Iteration 40 (of 200).   Current convergence value = 0.000950936 (threshold = 0)
  Iteration 41 (of 200).   Current convergence value = 0.000980525 (threshold = 0)
  Iteration 42 (of 200).   Current convergence value = 0.00101006 (threshold = 0)
  Iteration 43 (of 200).   Current convergence value = 0.00103964 (threshold = 0)
  Iteration 44 (of 200).   Current convergence value = 0.00107171 (threshold = 0)
  Iteration 45 (of 200).   Current convergence value = 0.00110574 (threshold = 0)
  Iteration 46 (of 200).   Current convergence value = 0.00113921 (threshold = 0)
  Iteration 47 (of 200).   Current convergence value = 0.00117422 (threshold = 0)
  Iteration 48 (of 200).   Current convergence value = 0.00120913 (threshold = 0)
  Iteration 49 (of 200).   Current convergence value = 0.00124396 (threshold = 0)
  Iteration 50 (of 200).   Current convergence value = 0.0012816 (threshold = 0)
  Iteration 51 (of 200).   Current convergence value = 0.00131994 (threshold = 0)
  Iteration 52 (of 200).   Current convergence value = 0.00135524 (threshold = 0)
  Iteration 53 (of 200).   Current convergence value = 0.00138952 (threshold = 0)
  Iteration 54 (of 200).   Current convergence value = 0.00141767 (threshold = 0)
  Iteration 55 (of 200).   Current convergence value = 0.00143874 (threshold = 0)
  Iteration 56 (of 200).   Current convergence value = 0.00145473 (threshold = 0)
  Iteration 57 (of 200).   Current convergence value = 0.00146375 (threshold = 0)
  Iteration 58 (of 200).   Current convergence value = 0.00146532 (threshold = 0)
  Iteration 59 (of 200).   Current convergence value = 0.00146114 (threshold = 0)
  Iteration 60 (of 200).   Current convergence value = 0.00145218 (threshold = 0)
  Iteration 61 (of 200).   Current convergence value = 0.00143553 (threshold = 0)
  Iteration 62 (of 200).   Current convergence value = 0.00141092 (threshold = 0)
  Iteration 63 (of 200).   Current convergence value = 0.00137901 (threshold = 0)
  Iteration 64 (of 200).   Current convergence value = 0.00134397 (threshold = 0)
  Iteration 65 (of 200).   Current convergence value = 0.00130617 (threshold = 0)
  Iteration 66 (of 200).   Current convergence value = 0.00126344 (threshold = 0)
  Iteration 67 (of 200).   Current convergence value = 0.00121842 (threshold = 0)
  Iteration 68 (of 200).   Current convergence value = 0.0011708 (threshold = 0)
  Iteration 69 (of 200).   Current convergence value = 0.0011206 (threshold = 0)
  Iteration 70 (of 200).   Current convergence value = 0.00107216 (threshold = 0)
  Iteration 71 (of 200).   Current convergence value = 0.00102544 (threshold = 0)
  Iteration 72 (of 200).   Current convergence value = 0.000979855 (threshold = 0)
  Iteration 73 (of 200).   Current convergence value = 0.000937331 (threshold = 0)
  Iteration 74 (of 200).   Current convergence value = 0.000897008 (threshold = 0)
  Iteration 75 (of 200).   Current convergence value = 0.000859877 (threshold = 0)
  Iteration 76 (of 200).   Current convergence value = 0.000825859 (threshold = 0)
  Iteration 77 (of 200).   Current convergence value = 0.0007952 (threshold = 0)
  Iteration 78 (of 200).   Current convergence value = 0.000767293 (threshold = 0)
  Iteration 79 (of 200).   Current convergence value = 0.000740125 (threshold = 0)
  Iteration 80 (of 200).   Current convergence value = 0.000718999 (threshold = 0)
  Iteration 81 (of 200).   Current convergence value = 0.000704321 (threshold = 0)
  Iteration 82 (of 200).   Current convergence value = 0.000694951 (threshold = 0)
  Iteration 83 (of 200).   Current convergence value = 0.000690722 (threshold = 0)
  Iteration 84 (of 200).   Current convergence value = 0.00068699 (threshold = 0)
  Iteration 85 (of 200).   Current convergence value = 0.000683347 (threshold = 0)
  Iteration 86 (of 200).   Current convergence value = 0.000679964 (threshold = 0)
  Iteration 87 (of 200).   Current convergence value = 0.000676974 (threshold = 0)
  Iteration 88 (of 200).   Current convergence value = 0.000674018 (threshold = 0)
  Iteration 89 (of 200).   Current convergence value = 0.00067093 (threshold = 0)
  Iteration 90 (of 200).   Current convergence value = 0.000667761 (threshold = 0)
  Iteration 91 (of 200).   Current convergence value = 0.000664323 (threshold = 0)
  Iteration 92 (of 200).   Current convergence value = 0.000660711 (threshold = 0)
  Iteration 93 (of 200).   Current convergence value = 0.000657214 (threshold = 0)
  Iteration 94 (of 200).   Current convergence value = 0.000653834 (threshold = 0)
  Iteration 95 (of 200).   Current convergence value = 0.000650248 (threshold = 0)
  Iteration 96 (of 200).   Current convergence value = 0.00064645 (threshold = 0)
  Iteration 97 (of 200).   Current convergence value = 0.000642565 (threshold = 0)
  Iteration 98 (of 200).   Current convergence value = 0.000638977 (threshold = 0)
  Iteration 99 (of 200).   Current convergence value = 0.000635745 (threshold = 0)
  Iteration 100 (of 200).   Current convergence value = 0.000632593 (threshold = 0)
  Iteration 101 (of 200).   Current convergence value = 0.000629913 (threshold = 0)
  Iteration 102 (of 200).   Current convergence value = 0.000627181 (threshold = 0)
  Iteration 103 (of 200).   Current convergence value = 0.000624011 (threshold = 0)
  Iteration 104 (of 200).   Current convergence value = 0.000620757 (threshold = 0)
  Iteration 105 (of 200).   Current convergence value = 0.000617364 (threshold = 0)
  Iteration 106 (of 200).   Current convergence value = 0.000613815 (threshold = 0)
  Iteration 107 (of 200).   Current convergence value = 0.000610292 (threshold = 0)
  Iteration 108 (of 200).   Current convergence value = 0.000606831 (threshold = 0)
  Iteration 109 (of 200).   Current convergence value = 0.000603187 (threshold = 0)
  Iteration 110 (of 200).   Current convergence value = 0.000599599 (threshold = 0)
  Iteration 111 (of 200).   Current convergence value = 0.000595929 (threshold = 0)
  Iteration 112 (of 200).   Current convergence value = 0.000592112 (threshold = 0)
  Iteration 113 (of 200).   Current convergence value = 0.000588363 (threshold = 0)
  Iteration 114 (of 200).   Current convergence value = 0.000584474 (threshold = 0)
  Iteration 115 (of 200).   Current convergence value = 0.000580607 (threshold = 0)
  Iteration 116 (of 200).   Current convergence value = 0.000576847 (threshold = 0)
  Iteration 117 (of 200).   Current convergence value = 0.000572867 (threshold = 0)
  Iteration 118 (of 200).   Current convergence value = 0.000568537 (threshold = 0)
  Iteration 119 (of 200).   Current convergence value = 0.000564056 (threshold = 0)
  Iteration 120 (of 200).   Current convergence value = 0.000559648 (threshold = 0)
  Iteration 121 (of 200).   Current convergence value = 0.000555371 (threshold = 0)
  Iteration 122 (of 200).   Current convergence value = 0.000551276 (threshold = 0)
  Iteration 123 (of 200).   Current convergence value = 0.000547748 (threshold = 0)
  Iteration 124 (of 200).   Current convergence value = 0.000544062 (threshold = 0)
  Iteration 125 (of 200).   Current convergence value = 0.00054017 (threshold = 0)
  Iteration 126 (of 200).   Current convergence value = 0.000536047 (threshold = 0)
  Iteration 127 (of 200).   Current convergence value = 0.000532017 (threshold = 0)
  Iteration 128 (of 200).   Current convergence value = 0.000528231 (threshold = 0)
  Iteration 129 (of 200).   Current convergence value = 0.000527134 (threshold = 0)
  Iteration 130 (of 200).   Current convergence value = 0.000525471 (threshold = 0)
  Iteration 131 (of 200).   Current convergence value = 0.00052353 (threshold = 0)
  Iteration 132 (of 200).   Current convergence value = 0.000521145 (threshold = 0)
  Iteration 133 (of 200).   Current convergence value = 0.000519181 (threshold = 0)
  Iteration 134 (of 200).   Current convergence value = 0.000517374 (threshold = 0)
  Iteration 135 (of 200).   Current convergence value = 0.000515412 (threshold = 0)
  Iteration 136 (of 200).   Current convergence value = 0.00051321 (threshold = 0)
  Iteration 137 (of 200).   Current convergence value = 0.000510995 (threshold = 0)
  Iteration 138 (of 200).   Current convergence value = 0.000508935 (threshold = 0)
  Iteration 139 (of 200).   Current convergence value = 0.000506974 (threshold = 0)
  Iteration 140 (of 200).   Current convergence value = 0.000504832 (threshold = 0)
  Iteration 141 (of 200).   Current convergence value = 0.000502501 (threshold = 0)
  Iteration 142 (of 200).   Current convergence value = 0.000499994 (threshold = 0)
  Iteration 143 (of 200).   Current convergence value = 0.000498376 (threshold = 0)
  Iteration 144 (of 200).   Current convergence value = 0.000497027 (threshold = 0)
  Iteration 145 (of 200).   Current convergence value = 0.000496212 (threshold = 0)
  Iteration 146 (of 200).   Current convergence value = 0.000496133 (threshold = 0)
  Iteration 147 (of 200).   Current convergence value = 0.000496636 (threshold = 0)
  Iteration 148 (of 200).   Current convergence value = 0.000497759 (threshold = 0)
  Iteration 149 (of 200).   Current convergence value = 0.000499682 (threshold = 0)
  Iteration 150 (of 200).   Current convergence value = 0.000498686 (threshold = 0)
  Iteration 151 (of 200).   Current convergence value = 0.000494196 (threshold = 0)
  Iteration 152 (of 200).   Current convergence value = 0.000490693 (threshold = 0)
  Iteration 153 (of 200).   Current convergence value = 0.000487308 (threshold = 0)
  Iteration 154 (of 200).   Current convergence value = 0.00048395 (threshold = 0)
  Iteration 155 (of 200).   Current convergence value = 0.000480587 (threshold = 0)
  Iteration 156 (of 200).   Current convergence value = 0.000477256 (threshold = 0)
  Iteration 157 (of 200).   Current convergence value = 0.000474365 (threshold = 0)
  Iteration 158 (of 200).   Current convergence value = 0.000471771 (threshold = 0)
  Iteration 159 (of 200).   Current convergence value = 0.00046924 (threshold = 0)
  Iteration 160 (of 200).   Current convergence value = 0.000466866 (threshold = 0)
  Iteration 161 (of 200).   Current convergence value = 0.000464352 (threshold = 0)
  Iteration 162 (of 200).   Current convergence value = 0.00046169 (threshold = 0)
  Iteration 163 (of 200).   Current convergence value = 0.000459109 (threshold = 0)
  Iteration 164 (of 200).   Current convergence value = 0.000456332 (threshold = 0)
  Iteration 165 (of 200).   Current convergence value = 0.000453509 (threshold = 0)
  Iteration 166 (of 200).   Current convergence value = 0.000450863 (threshold = 0)
  Iteration 167 (of 200).   Current convergence value = 0.000448322 (threshold = 0)
  Iteration 168 (of 200).   Current convergence value = 0.000445695 (threshold = 0)
  Iteration 169 (of 200).   Current convergence value = 0.000443213 (threshold = 0)
  Iteration 170 (of 200).   Current convergence value = 0.000440814 (threshold = 0)
  Iteration 171 (of 200).   Current convergence value = 0.00043838 (threshold = 0)
  Iteration 172 (of 200).   Current convergence value = 0.000436033 (threshold = 0)
  Iteration 173 (of 200).   Current convergence value = 0.000433518 (threshold = 0)
  Iteration 174 (of 200).   Current convergence value = 0.000431059 (threshold = 0)
  Iteration 175 (of 200).   Current convergence value = 0.000428486 (threshold = 0)
  Iteration 176 (of 200).   Current convergence value = 0.000426025 (threshold = 0)
  Iteration 177 (of 200).   Current convergence value = 0.000423429 (threshold = 0)
  Iteration 178 (of 200).   Current convergence value = 0.000420781 (threshold = 0)
  Iteration 179 (of 200).   Current convergence value = 0.000418223 (threshold = 0)
  Iteration 180 (of 200).   Current convergence value = 0.000415608 (threshold = 0)
  Iteration 181 (of 200).   Current convergence value = 0.000412966 (threshold = 0)
  Iteration 182 (of 200).   Current convergence value = 0.000410257 (threshold = 0)
  Iteration 183 (of 200).   Current convergence value = 0.000407528 (threshold = 0)
  Iteration 184 (of 200).   Current convergence value = 0.000404726 (threshold = 0)
  Iteration 185 (of 200).   Current convergence value = 0.000401959 (threshold = 0)
  Iteration 186 (of 200).   Current convergence value = 0.000399223 (threshold = 0)
  Iteration 187 (of 200).   Current convergence value = 0.000396356 (threshold = 0)
  Iteration 188 (of 200).   Current convergence value = 0.000393557 (threshold = 0)
  Iteration 189 (of 200).   Current convergence value = 0.000390874 (threshold = 0)
  Iteration 190 (of 200).   Current convergence value = 0.000388166 (threshold = 0)
  Iteration 191 (of 200).   Current convergence value = 0.000385431 (threshold = 0)
  Iteration 192 (of 200).   Current convergence value = 0.000382803 (threshold = 0)
  Iteration 193 (of 200).   Current convergence value = 0.000380348 (threshold = 0)
  Iteration 194 (of 200).   Current convergence value = 0.000377883 (threshold = 0)
  Iteration 195 (of 200).   Current convergence value = 0.0003755 (threshold = 0)
  Iteration 196 (of 200).   Current convergence value = 0.000373018 (threshold = 0)
  Iteration 197 (of 200).   Current convergence value = 0.000370711 (threshold = 0)
  Iteration 198 (of 200).   Current convergence value = 0.000368387 (threshold = 0)
  Iteration 199 (of 200).   Current convergence value = 0.000366246 (threshold = 0)
  Iteration 200 (of 200).   Current convergence value = 0.000364144 (threshold = 0)
Current level = 3
  Iteration 1 (of 200).   Current convergence value = 0.00194421 (threshold = 0)
  Iteration 2 (of 200).   Current convergence value = 0.00184677 (threshold = 0)
  Iteration 3 (of 200).   Current convergence value = 0.00177287 (threshold = 0)
  Iteration 4 (of 200).   Current convergence value = 0.00171401 (threshold = 0)
  Iteration 5 (of 200).   Current convergence value = 0.00166345 (threshold = 0)
  Iteration 6 (of 200).   Current convergence value = 0.00161708 (threshold = 0)
  Iteration 7 (of 200).   Current convergence value = 0.00157836 (threshold = 0)
  Iteration 8 (of 200).   Current convergence value = 0.00154748 (threshold = 0)
  Iteration 9 (of 200).   Current convergence value = 0.0015204 (threshold = 0)
  Iteration 10 (of 200).   Current convergence value = 0.00149121 (threshold = 0)
  Iteration 11 (of 200).   Current convergence value = 0.00145553 (threshold = 0)
  Iteration 12 (of 200).   Current convergence value = 0.0014271 (threshold = 0)
  Iteration 13 (of 200).   Current convergence value = 0.00140705 (threshold = 0)
  Iteration 14 (of 200).   Current convergence value = 0.00140005 (threshold = 0)
  Iteration 15 (of 200).   Current convergence value = 0.00138949 (threshold = 0)
  Iteration 16 (of 200).   Current convergence value = 0.00135909 (threshold = 0)
  Iteration 17 (of 200).   Current convergence value = 0.00132339 (threshold = 0)
  Iteration 18 (of 200).   Current convergence value = 0.00129231 (threshold = 0)
  Iteration 19 (of 200).   Current convergence value = 0.00126821 (threshold = 0)
  Iteration 20 (of 200).   Current convergence value = 0.0012509 (threshold = 0)
  Iteration 21 (of 200).   Current convergence value = 0.00124349 (threshold = 0)
  Iteration 22 (of 200).   Current convergence value = 0.00124108 (threshold = 0)
  Iteration 23 (of 200).   Current convergence value = 0.00122948 (threshold = 0)
  Iteration 24 (of 200).   Current convergence value = 0.00122235 (threshold = 0)
  Iteration 25 (of 200).   Current convergence value = 0.00121841 (threshold = 0)
  Iteration 26 (of 200).   Current convergence value = 0.00121305 (threshold = 0)
  Iteration 27 (of 200).   Current convergence value = 0.00120913 (threshold = 0)
  Iteration 28 (of 200).   Current convergence value = 0.00120445 (threshold = 0)
  Iteration 29 (of 200).   Current convergence value = 0.0011935 (threshold = 0)
  Iteration 30 (of 200).   Current convergence value = 0.00117849 (threshold = 0)
  Iteration 31 (of 200).   Current convergence value = 0.00116522 (threshold = 0)
  Iteration 32 (of 200).   Current convergence value = 0.00115074 (threshold = 0)
  Iteration 33 (of 200).   Current convergence value = 0.00113409 (threshold = 0)
  Iteration 34 (of 200).   Current convergence value = 0.00111556 (threshold = 0)
  Iteration 35 (of 200).   Current convergence value = 0.0010976 (threshold = 0)
  Iteration 36 (of 200).   Current convergence value = 0.0010785 (threshold = 0)
  Iteration 37 (of 200).   Current convergence value = 0.00105887 (threshold = 0)
  Iteration 38 (of 200).   Current convergence value = 0.0010406 (threshold = 0)
  Iteration 39 (of 200).   Current convergence value = 0.00102378 (threshold = 0)
  Iteration 40 (of 200).   Current convergence value = 0.00101088 (threshold = 0)
  Iteration 41 (of 200).   Current convergence value = 0.000997605 (threshold = 0)
  Iteration 42 (of 200).   Current convergence value = 0.000985778 (threshold = 0)
  Iteration 43 (of 200).   Current convergence value = 0.000976492 (threshold = 0)
  Iteration 44 (of 200).   Current convergence value = 0.000972328 (threshold = 0)
  Iteration 45 (of 200).   Current convergence value = 0.000969106 (threshold = 0)
  Iteration 46 (of 200).   Current convergence value = 0.000967281 (threshold = 0)
  Iteration 47 (of 200).   Current convergence value = 0.000966458 (threshold = 0)
  Iteration 48 (of 200).   Current convergence value = 0.00094596 (threshold = 0)
  Iteration 49 (of 200).   Current convergence value = 0.000923834 (threshold = 0)
  Iteration 50 (of 200).   Current convergence value = 0.00090396 (threshold = 0)
  Iteration 51 (of 200).   Current convergence value = 0.000886297 (threshold = 0)
  Iteration 52 (of 200).   Current convergence value = 0.000870512 (threshold = 0)
  Iteration 53 (of 200).   Current convergence value = 0.000857946 (threshold = 0)
  Iteration 54 (of 200).   Current convergence value = 0.000848307 (threshold = 0)
  Iteration 55 (of 200).   Current convergence value = 0.00084217 (threshold = 0)
  Iteration 56 (of 200).   Current convergence value = 0.000839309 (threshold = 0)
  Iteration 57 (of 200).   Current convergence value = 0.000838456 (threshold = 0)
  Iteration 58 (of 200).   Current convergence value = 0.000838872 (threshold = 0)
  Iteration 59 (of 200).   Current convergence value = 0.000844057 (threshold = 0)
  Iteration 60 (of 200).   Current convergence value = 0.000852907 (threshold = 0)
  Iteration 61 (of 200).   Current convergence value = 0.000870026 (threshold = 0)
  Iteration 62 (of 200).   Current convergence value = 0.000860463 (threshold = 0)
  Iteration 63 (of 200).   Current convergence value = 0.000856035 (threshold = 0)
  Iteration 64 (of 200).   Current convergence value = 0.000855003 (threshold = 0)
  Iteration 65 (of 200).   Current convergence value = 0.000854588 (threshold = 0)
  Iteration 66 (of 200).   Current convergence value = 0.000851988 (threshold = 0)
  Iteration 67 (of 200).   Current convergence value = 0.000849716 (threshold = 0)
  Iteration 68 (of 200).   Current convergence value = 0.00084924 (threshold = 0)
  Iteration 69 (of 200).   Current convergence value = 0.000847727 (threshold = 0)
  Iteration 70 (of 200).   Current convergence value = 0.00084463 (threshold = 0)
  Iteration 71 (of 200).   Current convergence value = 0.00083961 (threshold = 0)
  Iteration 72 (of 200).   Current convergence value = 0.000827409 (threshold = 0)
  Iteration 73 (of 200).   Current convergence value = 0.000813669 (threshold = 0)
  Iteration 74 (of 200).   Current convergence value = 0.000802075 (threshold = 0)
  Iteration 75 (of 200).   Current convergence value = 0.000791674 (threshold = 0)
  Iteration 76 (of 200).   Current convergence value = 0.000783207 (threshold = 0)
  Iteration 77 (of 200).   Current convergence value = 0.000777617 (threshold = 0)
  Iteration 78 (of 200).   Current convergence value = 0.000773518 (threshold = 0)
  Iteration 79 (of 200).   Current convergence value = 0.00076794 (threshold = 0)
  Iteration 80 (of 200).   Current convergence value = 0.000763403 (threshold = 0)
  Iteration 81 (of 200).   Current convergence value = 0.000759655 (threshold = 0)
  Iteration 82 (of 200).   Current convergence value = 0.000758069 (threshold = 0)
  Iteration 83 (of 200).   Current convergence value = 0.000758211 (threshold = 0)
  Iteration 84 (of 200).   Current convergence value = 0.000757638 (threshold = 0)
  Iteration 85 (of 200).   Current convergence value = 0.000754907 (threshold = 0)
  Iteration 86 (of 200).   Current convergence value = 0.000752092 (threshold = 0)
  Iteration 87 (of 200).   Current convergence value = 0.000750235 (threshold = 0)
  Iteration 88 (of 200).   Current convergence value = 0.000748509 (threshold = 0)
  Iteration 89 (of 200).   Current convergence value = 0.000746003 (threshold = 0)
  Iteration 90 (of 200).   Current convergence value = 0.000745236 (threshold = 0)
  Iteration 91 (of 200).   Current convergence value = 0.000743779 (threshold = 0)
  Iteration 92 (of 200).   Current convergence value = 0.000742093 (threshold = 0)
  Iteration 93 (of 200).   Current convergence value = 0.0007384 (threshold = 0)
  Iteration 94 (of 200).   Current convergence value = 0.000733137 (threshold = 0)
  Iteration 95 (of 200).   Current convergence value = 0.000727217 (threshold = 0)
  Iteration 96 (of 200).   Current convergence value = 0.000722949 (threshold = 0)
  Iteration 97 (of 200).   Current convergence value = 0.000719364 (threshold = 0)
  Iteration 98 (of 200).   Current convergence value = 0.000715332 (threshold = 0)
  Iteration 99 (of 200).   Current convergence value = 0.000711557 (threshold = 0)
  Iteration 100 (of 200).   Current convergence value = 0.000708453 (threshold = 0)
  Iteration 101 (of 200).   Current convergence value = 0.000705831 (threshold = 0)
  Iteration 102 (of 200).   Current convergence value = 0.000702753 (threshold = 0)
  Iteration 103 (of 200).   Current convergence value = 0.000699838 (threshold = 0)
  Iteration 104 (of 200).   Current convergence value = 0.000695933 (threshold = 0)
  Iteration 105 (of 200).   Current convergence value = 0.00069132 (threshold = 0)
  Iteration 106 (of 200).   Current convergence value = 0.000686864 (threshold = 0)
  Iteration 107 (of 200).   Current convergence value = 0.000681832 (threshold = 0)
  Iteration 108 (of 200).   Current convergence value = 0.000677083 (threshold = 0)
  Iteration 109 (of 200).   Current convergence value = 0.000671921 (threshold = 0)
  Iteration 110 (of 200).   Current convergence value = 0.000666014 (threshold = 0)
  Iteration 111 (of 200).   Current convergence value = 0.000659237 (threshold = 0)
  Iteration 112 (of 200).   Current convergence value = 0.000652444 (threshold = 0)
  Iteration 113 (of 200).   Current convergence value = 0.000646115 (threshold = 0)
  Iteration 114 (of 200).   Current convergence value = 0.000640051 (threshold = 0)
  Iteration 115 (of 200).   Current convergence value = 0.000633515 (threshold = 0)
  Iteration 116 (of 200).   Current convergence value = 0.000626131 (threshold = 0)
  Iteration 117 (of 200).   Current convergence value = 0.000619404 (threshold = 0)
  Iteration 118 (of 200).   Current convergence value = 0.000612147 (threshold = 0)
  Iteration 119 (of 200).   Current convergence value = 0.000604781 (threshold = 0)
  Iteration 120 (of 200).   Current convergence value = 0.000597888 (threshold = 0)
  Iteration 121 (of 200).   Current convergence value = 0.000591555 (threshold = 0)
  Iteration 122 (of 200).   Current convergence value = 0.000585284 (threshold = 0)
  Iteration 123 (of 200).   Current convergence value = 0.000579807 (threshold = 0)
  Iteration 124 (of 200).   Current convergence value = 0.000574874 (threshold = 0)
  Iteration 125 (of 200).   Current convergence value = 0.000570732 (threshold = 0)
  Iteration 126 (of 200).   Current convergence value = 0.000566839 (threshold = 0)
  Iteration 127 (of 200).   Current convergence value = 0.000563041 (threshold = 0)
  Iteration 128 (of 200).   Current convergence value = 0.000559847 (threshold = 0)
  Iteration 129 (of 200).   Current convergence value = 0.00055655 (threshold = 0)
  Iteration 130 (of 200).   Current convergence value = 0.000553787 (threshold = 0)
  Iteration 131 (of 200).   Current convergence value = 0.000551378 (threshold = 0)
  Iteration 132 (of 200).   Current convergence value = 0.000548902 (threshold = 0)
  Iteration 133 (of 200).   Current convergence value = 0.000546036 (threshold = 0)
  Iteration 134 (of 200).   Current convergence value = 0.000542565 (threshold = 0)
  Iteration 135 (of 200).   Current convergence value = 0.000538629 (threshold = 0)
  Iteration 136 (of 200).   Current convergence value = 0.000535425 (threshold = 0)
  Iteration 137 (of 200).   Current convergence value = 0.000532126 (threshold = 0)
  Iteration 138 (of 200).   Current convergence value = 0.000528683 (threshold = 0)
  Iteration 139 (of 200).   Current convergence value = 0.000525262 (threshold = 0)
  Iteration 140 (of 200).   Current convergence value = 0.000521305 (threshold = 0)
  Iteration 141 (of 200).   Current convergence value = 0.000517343 (threshold = 0)
  Iteration 142 (of 200).   Current convergence value = 0.000513402 (threshold = 0)
  Iteration 143 (of 200).   Current convergence value = 0.000510246 (threshold = 0)
  Iteration 144 (of 200).   Current convergence value = 0.000507743 (threshold = 0)
  Iteration 145 (of 200).   Current convergence value = 0.000505942 (threshold = 0)
  Iteration 146 (of 200).   Current convergence value = 0.00050526 (threshold = 0)
  Iteration 147 (of 200).   Current convergence value = 0.000504662 (threshold = 0)
  Iteration 148 (of 200).   Current convergence value = 0.00050343 (threshold = 0)
  Iteration 149 (of 200).   Current convergence value = 0.000502319 (threshold = 0)
  Iteration 150 (of 200).   Current convergence value = 0.000501275 (threshold = 0)
  Iteration 151 (of 200).   Current convergence value = 0.000500539 (threshold = 0)
  Iteration 152 (of 200).   Current convergence value = 0.000500504 (threshold = 0)
  Iteration 153 (of 200).   Current convergence value = 0.000500444 (threshold = 0)
  Iteration 154 (of 200).   Current convergence value = 0.000500309 (threshold = 0)
  Iteration 155 (of 200).   Current convergence value = 0.000500084 (threshold = 0)
  Iteration 156 (of 200).   Current convergence value = 0.000500179 (threshold = 0)
  Iteration 157 (of 200).   Current convergence value = 0.00049996 (threshold = 0)
  Iteration 158 (of 200).   Current convergence value = 0.000499716 (threshold = 0)
  Iteration 159 (of 200).   Current convergence value = 0.000499486 (threshold = 0)
  Iteration 160 (of 200).   Current convergence value = 0.000498694 (threshold = 0)
  Iteration 161 (of 200).   Current convergence value = 0.000497822 (threshold = 0)
  Iteration 162 (of 200).   Current convergence value = 0.000496793 (threshold = 0)
  Iteration 163 (of 200).   Current convergence value = 0.00049592 (threshold = 0)
  Iteration 164 (of 200).   Current convergence value = 0.000495 (threshold = 0)
  Iteration 165 (of 200).   Current convergence value = 0.000494376 (threshold = 0)
  Iteration 166 (of 200).   Current convergence value = 0.000494098 (threshold = 0)
  Iteration 167 (of 200).   Current convergence value = 0.000493907 (threshold = 0)
  Iteration 168 (of 200).   Current convergence value = 0.00049424 (threshold = 0)
  Iteration 169 (of 200).   Current convergence value = 0.000495347 (threshold = 0)
  Iteration 170 (of 200).   Current convergence value = 0.00049665 (threshold = 0)
  Iteration 171 (of 200).   Current convergence value = 0.000498144 (threshold = 0)
  Iteration 172 (of 200).   Current convergence value = 0.000500272 (threshold = 0)
  Iteration 173 (of 200).   Current convergence value = 0.000503277 (threshold = 0)
  Iteration 174 (of 200).   Current convergence value = 0.000506654 (threshold = 0)
  Iteration 175 (of 200).   Current convergence value = 0.000509886 (threshold = 0)
  Iteration 176 (of 200).   Current convergence value = 0.000511972 (threshold = 0)
  Iteration 177 (of 200).   Current convergence value = 0.000515127 (threshold = 0)
  Iteration 178 (of 200).   Current convergence value = 0.00051873 (threshold = 0)
  Iteration 179 (of 200).   Current convergence value = 0.000521786 (threshold = 0)
  Iteration 180 (of 200).   Current convergence value = 0.000525771 (threshold = 0)
  Iteration 181 (of 200).   Current convergence value = 0.000530207 (threshold = 0)
  Iteration 182 (of 200).   Current convergence value = 0.000535171 (threshold = 0)
  Iteration 183 (of 200).   Current convergence value = 0.000540463 (threshold = 0)
  Iteration 184 (of 200).   Current convergence value = 0.000546436 (threshold = 0)
  Iteration 185 (of 200).   Current convergence value = 0.000550602 (threshold = 0)
  Iteration 186 (of 200).   Current convergence value = 0.000552802 (threshold = 0)
  Iteration 187 (of 200).   Current convergence value = 0.000552416 (threshold = 0)
  Iteration 188 (of 200).   Current convergence value = 0.000551906 (threshold = 0)
  Iteration 189 (of 200).   Current convergence value = 0.000550939 (threshold = 0)
  Iteration 190 (of 200).   Current convergence value = 0.000549386 (threshold = 0)
  Iteration 191 (of 200).   Current convergence value = 0.000546803 (threshold = 0)
  Iteration 192 (of 200).   Current convergence value = 0.000542935 (threshold = 0)
  Iteration 193 (of 200).   Current convergence value = 0.000537296 (threshold = 0)
  Iteration 194 (of 200).   Current convergence value = 0.000533434 (threshold = 0)
  Iteration 195 (of 200).   Current convergence value = 0.000529608 (threshold = 0)
  Iteration 196 (of 200).   Current convergence value = 0.000526405 (threshold = 0)
  Iteration 197 (of 200).   Current convergence value = 0.000523005 (threshold = 0)
  Iteration 198 (of 200).   Current convergence value = 0.000517729 (threshold = 0)
  Iteration 199 (of 200).   Current convergence value = 0.000510253 (threshold = 0)
  Iteration 200 (of 200).   Current convergence value = 0.000501864 (threshold = 0)
Current level = 4
  Iteration 1 (of 200).   Current convergence value = 0.00476343 (threshold = 0)
  Iteration 2 (of 200).   Current convergence value = 0.00412068 (threshold = 0)
  Iteration 3 (of 200).   Current convergence value = 0.00391808 (threshold = 0)
  Iteration 4 (of 200).   Current convergence value = 0.00375042 (threshold = 0)
  Iteration 5 (of 200).   Current convergence value = 0.00367785 (threshold = 0)
  Iteration 6 (of 200).   Current convergence value = 0.00340048 (threshold = 0)
  Iteration 7 (of 200).   Current convergence value = 0.00315839 (threshold = 0)
  Iteration 8 (of 200).   Current convergence value = 0.0029869 (threshold = 0)
  Iteration 9 (of 200).   Current convergence value = 0.00291057 (threshold = 0)
  Iteration 10 (of 200).   Current convergence value = 0.00286389 (threshold = 0)
  Iteration 11 (of 200).   Current convergence value = 0.00272069 (threshold = 0)
  Iteration 12 (of 200).   Current convergence value = 0.00258683 (threshold = 0)
  Iteration 13 (of 200).   Current convergence value = 0.00267288 (threshold = 0)
  Iteration 14 (of 200).   Current convergence value = 0.0024652 (threshold = 0)
  Iteration 15 (of 200).   Current convergence value = 0.00232147 (threshold = 0)
  Iteration 16 (of 200).   Current convergence value = 0.00220326 (threshold = 0)
  Iteration 17 (of 200).   Current convergence value = 0.00210166 (threshold = 0)
  Iteration 18 (of 200).   Current convergence value = 0.00201814 (threshold = 0)
  Iteration 19 (of 200).   Current convergence value = 0.00194533 (threshold = 0)
  Iteration 20 (of 200).   Current convergence value = 0.00190193 (threshold = 0)
  Iteration 21 (of 200).   Current convergence value = 0.00188483 (threshold = 0)
  Iteration 22 (of 200).   Current convergence value = 0.00185344 (threshold = 0)
  Iteration 23 (of 200).   Current convergence value = 0.00181592 (threshold = 0)
  Iteration 24 (of 200).   Current convergence value = 0.00179208 (threshold = 0)
  Iteration 25 (of 200).   Current convergence value = 0.00178093 (threshold = 0)
  Iteration 26 (of 200).   Current convergence value = 0.00178052 (threshold = 0)
  Iteration 27 (of 200).   Current convergence value = 0.00186333 (threshold = 0)
  Iteration 28 (of 200).   Current convergence value = 0.00181381 (threshold = 0)
  Iteration 29 (of 200).   Current convergence value = 0.00178446 (threshold = 0)
  Iteration 30 (of 200).   Current convergence value = 0.00175375 (threshold = 0)
  Iteration 31 (of 200).   Current convergence value = 0.00172026 (threshold = 0)
  Iteration 32 (of 200).   Current convergence value = 0.00168654 (threshold = 0)
  Iteration 33 (of 200).   Current convergence value = 0.00164428 (threshold = 0)
  Iteration 34 (of 200).   Current convergence value = 0.00160298 (threshold = 0)
  Iteration 35 (of 200).   Current convergence value = 0.0015646 (threshold = 0)
  Iteration 36 (of 200).   Current convergence value = 0.0015406 (threshold = 0)
  Iteration 37 (of 200).   Current convergence value = 0.00152429 (threshold = 0)
  Iteration 38 (of 200).   Current convergence value = 0.00150489 (threshold = 0)
  Iteration 39 (of 200).   Current convergence value = 0.00148827 (threshold = 0)
  Iteration 40 (of 200).   Current convergence value = 0.00147317 (threshold = 0)
  Iteration 41 (of 200).   Current convergence value = 0.00145826 (threshold = 0)
  Iteration 42 (of 200).   Current convergence value = 0.00144375 (threshold = 0)
  Iteration 43 (of 200).   Current convergence value = 0.0014199 (threshold = 0)
  Iteration 44 (of 200).   Current convergence value = 0.00139855 (threshold = 0)
  Iteration 45 (of 200).   Current convergence value = 0.00137808 (threshold = 0)
  Iteration 46 (of 200).   Current convergence value = 0.00135617 (threshold = 0)
  Iteration 47 (of 200).   Current convergence value = 0.00133382 (threshold = 0)
  Iteration 48 (of 200).   Current convergence value = 0.00130959 (threshold = 0)
  Iteration 49 (of 200).   Current convergence value = 0.00128814 (threshold = 0)
  Iteration 50 (of 200).   Current convergence value = 0.00126715 (threshold = 0)
  Iteration 51 (of 200).   Current convergence value = 0.00124778 (threshold = 0)
  Iteration 52 (of 200).   Current convergence value = 0.00123078 (threshold = 0)
  Iteration 53 (of 200).   Current convergence value = 0.00121172 (threshold = 0)
  Iteration 54 (of 200).   Current convergence value = 0.00119201 (threshold = 0)
  Iteration 55 (of 200).   Current convergence value = 0.00117625 (threshold = 0)
  Iteration 56 (of 200).   Current convergence value = 0.00115883 (threshold = 0)
  Iteration 57 (of 200).   Current convergence value = 0.00114351 (threshold = 0)
  Iteration 58 (of 200).   Current convergence value = 0.00112844 (threshold = 0)
  Iteration 59 (of 200).   Current convergence value = 0.00111089 (threshold = 0)
  Iteration 60 (of 200).   Current convergence value = 0.00109565 (threshold = 0)
  Iteration 61 (of 200).   Current convergence value = 0.00107963 (threshold = 0)
  Iteration 62 (of 200).   Current convergence value = 0.00106309 (threshold = 0)
  Iteration 63 (of 200).   Current convergence value = 0.00104334 (threshold = 0)
  Iteration 64 (of 200).   Current convergence value = 0.00102693 (threshold = 0)
  Iteration 65 (of 200).   Current convergence value = 0.00101303 (threshold = 0)
  Iteration 66 (of 200).   Current convergence value = 0.00100243 (threshold = 0)
  Iteration 67 (of 200).   Current convergence value = 0.000992679 (threshold = 0)
  Iteration 68 (of 200).   Current convergence value = 0.00098574 (threshold = 0)
  Iteration 69 (of 200).   Current convergence value = 0.000975868 (threshold = 0)
  Iteration 70 (of 200).   Current convergence value = 0.000965239 (threshold = 0)
  Iteration 71 (of 200).   Current convergence value = 0.000955764 (threshold = 0)
  Iteration 72 (of 200).   Current convergence value = 0.000947238 (threshold = 0)
  Iteration 73 (of 200).   Current convergence value = 0.000940432 (threshold = 0)
  Iteration 74 (of 200).   Current convergence value = 0.000936702 (threshold = 0)
  Iteration 75 (of 200).   Current convergence value = 0.000934511 (threshold = 0)
  Iteration 76 (of 200).   Current convergence value = 0.000931635 (threshold = 0)
  Iteration 77 (of 200).   Current convergence value = 0.000925151 (threshold = 0)
  Iteration 78 (of 200).   Current convergence value = 0.000918773 (threshold = 0)
  Iteration 79 (of 200).   Current convergence value = 0.00091209 (threshold = 0)
  Iteration 80 (of 200).   Current convergence value = 0.000904886 (threshold = 0)
  Iteration 81 (of 200).   Current convergence value = 0.000899272 (threshold = 0)
  Iteration 82 (of 200).   Current convergence value = 0.000893933 (threshold = 0)
  Iteration 83 (of 200).   Current convergence value = 0.000889728 (threshold = 0)
  Iteration 84 (of 200).   Current convergence value = 0.000886321 (threshold = 0)
  Iteration 85 (of 200).   Current convergence value = 0.000882311 (threshold = 0)
  Iteration 86 (of 200).   Current convergence value = 0.000875188 (threshold = 0)
  Iteration 87 (of 200).   Current convergence value = 0.00086883 (threshold = 0)
  Iteration 88 (of 200).   Current convergence value = 0.000863593 (threshold = 0)
  Iteration 89 (of 200).   Current convergence value = 0.000818169 (threshold = 0)
  Iteration 90 (of 200).   Current convergence value = 0.000793001 (threshold = 0)
  Iteration 91 (of 200).   Current convergence value = 0.000773948 (threshold = 0)
  Iteration 92 (of 200).   Current convergence value = 0.000757272 (threshold = 0)
  Iteration 93 (of 200).   Current convergence value = 0.000744062 (threshold = 0)
  Iteration 94 (of 200).   Current convergence value = 0.000732623 (threshold = 0)
  Iteration 95 (of 200).   Current convergence value = 0.00072199 (threshold = 0)
  Iteration 96 (of 200).   Current convergence value = 0.000712916 (threshold = 0)
  Iteration 97 (of 200).   Current convergence value = 0.000705614 (threshold = 0)
  Iteration 98 (of 200).   Current convergence value = 0.000701594 (threshold = 0)
  Iteration 99 (of 200).   Current convergence value = 0.000696443 (threshold = 0)
  Iteration 100 (of 200).   Current convergence value = 0.000694586 (threshold = 0)
  Iteration 101 (of 200).   Current convergence value = 0.000694097 (threshold = 0)
  Iteration 102 (of 200).   Current convergence value = 0.000695432 (threshold = 0)
  Iteration 103 (of 200).   Current convergence value = 0.00069724 (threshold = 0)
  Iteration 104 (of 200).   Current convergence value = 0.000699753 (threshold = 0)
  Iteration 105 (of 200).   Current convergence value = 0.000702357 (threshold = 0)
  Iteration 106 (of 200).   Current convergence value = 0.000702754 (threshold = 0)
  Iteration 107 (of 200).   Current convergence value = 0.000699626 (threshold = 0)
  Iteration 108 (of 200).   Current convergence value = 0.000697374 (threshold = 0)
  Iteration 109 (of 200).   Current convergence value = 0.000696115 (threshold = 0)
  Iteration 110 (of 200).   Current convergence value = 0.000696489 (threshold = 0)
  Iteration 111 (of 200).   Current convergence value = 0.000697311 (threshold = 0)
  Iteration 112 (of 200).   Current convergence value = 0.000697767 (threshold = 0)
  Iteration 113 (of 200).   Current convergence value = 0.000695208 (threshold = 0)
  Iteration 114 (of 200).   Current convergence value = 0.000692419 (threshold = 0)
  Iteration 115 (of 200).   Current convergence value = 0.000689689 (threshold = 0)
  Iteration 116 (of 200).   Current convergence value = 0.000686048 (threshold = 0)
  Iteration 117 (of 200).   Current convergence value = 0.000681248 (threshold = 0)
  Iteration 118 (of 200).   Current convergence value = 0.000677683 (threshold = 0)
  Iteration 119 (of 200).   Current convergence value = 0.000675399 (threshold = 0)
  Iteration 120 (of 200).   Current convergence value = 0.000674267 (threshold = 0)
  Iteration 121 (of 200).   Current convergence value = 0.000672949 (threshold = 0)
  Iteration 122 (of 200).   Current convergence value = 0.000674627 (threshold = 0)
  Iteration 123 (of 200).   Current convergence value = 0.000678096 (threshold = 0)
  Iteration 124 (of 200).   Current convergence value = 0.000682607 (threshold = 0)
  Iteration 125 (of 200).   Current convergence value = 0.000696794 (threshold = 0)
  Iteration 126 (of 200).   Current convergence value = 0.000708181 (threshold = 0)
  Iteration 127 (of 200).   Current convergence value = 0.000713405 (threshold = 0)
  Iteration 128 (of 200).   Current convergence value = 0.000713522 (threshold = 0)
  Iteration 129 (of 200).   Current convergence value = 0.000715605 (threshold = 0)
  Iteration 130 (of 200).   Current convergence value = 0.000716313 (threshold = 0)
  Iteration 131 (of 200).   Current convergence value = 0.00071827 (threshold = 0)
  Iteration 132 (of 200).   Current convergence value = 0.00072297 (threshold = 0)
  Iteration 133 (of 200).   Current convergence value = 0.000728632 (threshold = 0)
  Iteration 134 (of 200).   Current convergence value = 0.000734863 (threshold = 0)
  Iteration 135 (of 200).   Current convergence value = 0.000740394 (threshold = 0)
  Iteration 136 (of 200).   Current convergence value = 0.000748478 (threshold = 0)
  Iteration 137 (of 200).   Current convergence value = 0.000758565 (threshold = 0)
  Iteration 138 (of 200).   Current convergence value = 0.000770606 (threshold = 0)
  Iteration 139 (of 200).   Current convergence value = 0.000785232 (threshold = 0)
  Iteration 140 (of 200).   Current convergence value = 0.000769254 (threshold = 0)
  Iteration 141 (of 200).   Current convergence value = 0.000757941 (threshold = 0)
  Iteration 142 (of 200).   Current convergence value = 0.000749447 (threshold = 0)
  Iteration 143 (of 200).   Current convergence value = 0.000745254 (threshold = 0)
  Iteration 144 (of 200).   Current convergence value = 0.000745973 (threshold = 0)
  Iteration 145 (of 200).   Current convergence value = 0.000754529 (threshold = 0)
  Iteration 146 (of 200).   Current convergence value = 0.000764386 (threshold = 0)
  Iteration 147 (of 200).   Current convergence value = 0.000774206 (threshold = 0)
  Iteration 148 (of 200).   Current convergence value = 0.000783738 (threshold = 0)
  Iteration 149 (of 200).   Current convergence value = 0.000795598 (threshold = 0)
  Iteration 150 (of 200).   Current convergence value = 0.000809043 (threshold = 0)
  Iteration 151 (of 200).   Current convergence value = 0.000823684 (threshold = 0)
  Iteration 152 (of 200).   Current convergence value = 0.000834445 (threshold = 0)
  Iteration 153 (of 200).   Current convergence value = 0.000848578 (threshold = 0)
  Iteration 154 (of 200).   Current convergence value = 0.000955286 (threshold = 0)
  Iteration 155 (of 200).   Current convergence value = 0.000971982 (threshold = 0)
  Iteration 156 (of 200).   Current convergence value = 0.000935675 (threshold = 0)
  Iteration 157 (of 200).   Current convergence value = 0.000908791 (threshold = 0)
  Iteration 158 (of 200).   Current convergence value = 0.000885137 (threshold = 0)
  Iteration 159 (of 200).   Current convergence value = 0.000863005 (threshold = 0)
  Iteration 160 (of 200).   Current convergence value = 0.000846646 (threshold = 0)
  Iteration 161 (of 200).   Current convergence value = 0.000830915 (threshold = 0)
  Iteration 162 (of 200).   Current convergence value = 0.000813962 (threshold = 0)
  Iteration 163 (of 200).   Current convergence value = 0.000796091 (threshold = 0)
  Iteration 164 (of 200).   Current convergence value = 0.000775723 (threshold = 0)
  Iteration 165 (of 200).   Current convergence value = 0.000755555 (threshold = 0)
  Iteration 166 (of 200).   Current convergence value = 0.000735904 (threshold = 0)
  Iteration 167 (of 200).   Current convergence value = 0.000716514 (threshold = 0)
  Iteration 168 (of 200).   Current convergence value = 0.000696532 (threshold = 0)
  Iteration 169 (of 200).   Current convergence value = 0.00067759 (threshold = 0)
  Iteration 170 (of 200).   Current convergence value = 0.000660557 (threshold = 0)
  Iteration 171 (of 200).   Current convergence value = 0.000661466 (threshold = 0)
  Iteration 172 (of 200).   Current convergence value = 0.000673762 (threshold = 0)
  Iteration 173 (of 200).   Current convergence value = 0.000685943 (threshold = 0)
  Iteration 174 (of 200).   Current convergence value = 0.000697326 (threshold = 0)
  Iteration 175 (of 200).   Current convergence value = 0.000710654 (threshold = 0)
  Iteration 176 (of 200).   Current convergence value = 0.000724303 (threshold = 0)
  Iteration 177 (of 200).   Current convergence value = 0.000739164 (threshold = 0)
  Iteration 178 (of 200).   Current convergence value = 0.000754586 (threshold = 0)
  Iteration 179 (of 200).   Current convergence value = 0.000767487 (threshold = 0)
  Iteration 180 (of 200).   Current convergence value = 0.000783677 (threshold = 0)
  Iteration 181 (of 200).   Current convergence value = 0.000802258 (threshold = 0)
  Iteration 182 (of 200).   Current convergence value = 0.000823383 (threshold = 0)
  Iteration 183 (of 200).   Current convergence value = 0.000837398 (threshold = 0)
  Iteration 184 (of 200).   Current convergence value = 0.00081996 (threshold = 0)
  Iteration 185 (of 200).   Current convergence value = 0.000807258 (threshold = 0)
  Iteration 186 (of 200).   Current convergence value = 0.000801788 (threshold = 0)
  Iteration 187 (of 200).   Current convergence value = 0.000807936 (threshold = 0)
  Iteration 188 (of 200).   Current convergence value = 0.000814145 (threshold = 0)
  Iteration 189 (of 200).   Current convergence value = 0.000821392 (threshold = 0)
  Iteration 190 (of 200).   Current convergence value = 0.000828223 (threshold = 0)
  Iteration 191 (of 200).   Current convergence value = 0.000835967 (threshold = 0)
  Iteration 192 (of 200).   Current convergence value = 0.000842665 (threshold = 0)
  Iteration 193 (of 200).   Current convergence value = 0.000844598 (threshold = 0)
  Iteration 194 (of 200).   Current convergence value = 0.000844519 (threshold = 0)
  Iteration 195 (of 200).   Current convergence value = 0.000919638 (threshold = 0)
  Iteration 196 (of 200).   Current convergence value = 0.000885129 (threshold = 0)
  Iteration 197 (of 200).   Current convergence value = 0.000836055 (threshold = 0)
  Iteration 198 (of 200).   Current convergence value = 0.000795273 (threshold = 0)
  Iteration 199 (of 200).   Current convergence value = 0.000763217 (threshold = 0)
  Iteration 200 (of 200).   Current convergence value = 0.000732102 (threshold = 0)
   N4BiasFieldCorrectionImageFilter (0x19c3240)
     RTTI typeinfo:   itk::N4BiasFieldCorrectionImageFilter<itk::Image<float, 3u>, itk::Image<float, 3u>, itk::Image<float, 3u> >
     Reference Count: 1
     Modified Time: 574
     Debug: Off
     Object Name: 
     Observers: 
       IterationEvent(Command)
     Inputs: 
       ConfidenceImage: (0)
       MaskImage: (0x19d5550)
       Primary: (0x19d5af0) *
     Indexed Inputs: 
       0: Primary (0x19d5af0)
       1: MaskImage (0x19d5550)
       2: ConfidenceImage (0)
     Required Input Names: Primary
     NumberOfRequiredInputs: 1
     Outputs: 
       Primary: (0x19d0b90)
     Indexed Outputs: 
       0: Primary (0x19d0b90)
     NumberOfRequiredOutputs: 1
     Number Of Work Units: 128
     ReleaseDataFlag: Off
     ReleaseDataBeforeUpdateFlag: Off
     AbortGenerateData: Off
     Progress: 0
     Multithreader: 
       RTTI typeinfo:   itk::PoolMultiThreader
       Reference Count: 1
       Modified Time: 140
       Debug: Off
       Object Name: 
       Observers: 
         none
       Number of Work Units: 128
       Number of Threads: 56
       Global Maximum Number Of Threads: 128
       Global Default Number Of Threads: 56
       Global Default Threader Type: itk::MultiThreaderBaseEnums::Threader::Pool
       SingleMethod: 0
       SingleData: 0
     DynamicMultiThreading: On
     CoordinateTolerance: 1e-06
     DirectionTolerance: 1e-06
     Use Mask Label: 0
     Mask label: 1
     Number of histogram bins: 200
     Wiener filter noise: 0.01
     Bias field FWHM: 0.15
     Maximum number of iterations: [200, 200, 200, 200]
     Convergence threshold: 0
     Spline order: 3
     Number of fitting levels: [4, 4, 4]
     Number of control points: [5, 5, 4]
     CurrentConvergenceMeasurement: 0.000732102
     CurrentLevel: 4
     ElapsedIterations: 201
     LogBiasFieldControlPointLattice: 
       Image (0x1f24950)
         RTTI typeinfo:   itk::Image<itk::Vector<float, 1u>, 3u>
         Reference Count: 1
         Modified Time: 2616003
         Debug: Off
         Object Name: 
         Observers: 
           none
         Source: (none)
         Source output name: (none)
         Release Data: Off
         Data Released: False
         Global Release Data: Off
         PipelineMTime: 0
         UpdateMTime: 0
         RealTimeStamp: 0 seconds 
         LargestPossibleRegion: 
           Dimension: 3
           Index: [0, 0, 0]
           Size: [19, 19, 11]
         BufferedRegion: 
           Dimension: 3
           Index: [0, 0, 0]
           Size: [19, 19, 11]
         RequestedRegion: 
           Dimension: 3
           Index: [0, 0, 0]
           Size: [19, 19, 11]
         Spacing: [12, 12, 12]
         Origin: [-12, 16.1851, -5.10315]
         Direction: 
1 0 0
0 -0.887011 -0.461749
0 -0.461749 0.887011

         IndexToPointMatrix: 
12 0 0
0 -10.6441 -5.54098
0 -5.54098 10.6441

         PointToIndexMatrix: 
0.0833333 0 0
0 -0.0739176 -0.0384791
0 -0.0384791 0.0739176

         Inverse Direction: 
1 0 0
0 -0.887011 -0.461749
0 -0.461749 0.887011

         PixelContainer: 
           ImportImageContainer (0x19d79e0)
             RTTI typeinfo:   itk::ImportImageContainer<unsigned long, itk::Vector<float, 1u> >
             Reference Count: 1
             Modified Time: 2616004
             Debug: Off
             Object Name: 
             Observers: 
               none
             Pointer: 0x249ce70
             Container manages memory: true
             Size: 3971
             Capacity: 3971
Elapsed time: 22.4636
All_Command_lines_OK
Using double precision for computations.
=============================================================================
The composite transform comprises the following transforms (in order): 
  1. Center of mass alignment using fixed image: /home/ccn30/rds/rds-p00500_encrypt-URQgmO1brZ0/p00500/ENCRYPT_images/26001/fMRI/N4meanEPI.nii and moving image: /home/ccn30/rds/rds-p00500_encrypt-URQgmO1brZ0/p00500/ENCRYPT_images/26001/mp2rage/n4mag0000_PSIR_skulled_std_struc_brain.nii (type = Euler3DTransform)
=============================================================================
  Reading mask(s).
    Registration stage 0
      No fixed mask
      No moving mask
    Registration stage 1
      Fixed mask = /home/ccn30/rds/rds-p00500_encrypt-URQgmO1brZ0/p00500/ENCRYPT_images/26001/fMRI/fixedEPIMask.nii
      No moving mask
  number of levels = 3
  number of levels = 4
  fixed image: /home/ccn30/rds/rds-p00500_encrypt-URQgmO1brZ0/p00500/ENCRYPT_images/26001/fMRI/N4meanEPI.nii
  moving image: /home/ccn30/rds/rds-p00500_encrypt-URQgmO1brZ0/p00500/ENCRYPT_images/26001/mp2rage/n4mag0000_PSIR_skulled_std_struc_brain.nii
  fixed image: /home/ccn30/rds/rds-p00500_encrypt-URQgmO1brZ0/p00500/ENCRYPT_images/26001/fMRI/N4meanEPI.nii
  moving image: /home/ccn30/rds/rds-p00500_encrypt-URQgmO1brZ0/p00500/ENCRYPT_images/26001/mp2rage/n4mag0000_PSIR_skulled_std_struc_brain.nii
Dimension = 3
Number of stages = 2
Use Histogram Matching false
Winsorize image intensities true
Lower quantile = 0.005
Upper quantile = 0.995
Stage 1 State
   Image metric = Mattes
     Fixed image = Image (0x3e67ad0)
  RTTI typeinfo:   itk::Image<double, 3u>
  Reference Count: 2
  Modified Time: 1979
  Debug: Off
  Object Name: 
  Observers: 
    none
  Source: (none)
  Source output name: (none)
  Release Data: Off
  Data Released: False
  Global Release Data: Off
  PipelineMTime: 0
  UpdateMTime: 1762
  RealTimeStamp: 0 seconds 
  LargestPossibleRegion: 
    Dimension: 3
    Index: [0, 0, 0]
    Size: [128, 128, 42]
  BufferedRegion: 
    Dimension: 3
    Index: [0, 0, 0]
    Size: [128, 128, 42]
  RequestedRegion: 
    Dimension: 3
    Index: [0, 0, 0]
    Size: [128, 128, 42]
  Spacing: [1.5, 1.5, 1]
  Origin: [-99.0416, 78.8447, 47.7109]
  Direction: 
1 0 0
0 -0.887011 -0.461749
0 -0.461749 0.887011

  IndexToPointMatrix: 
1.5 0 0
0 -1.33052 -0.461749
0 -0.692623 0.887011

  PointToIndexMatrix: 
0.666667 0 0
0 -0.591341 -0.307832
0 -0.461749 0.887011

  Inverse Direction: 
1 0 0
0 -0.887011 -0.461749
0 -0.461749 0.887011

  PixelContainer: 
    ImportImageContainer (0x3e67d90)
      RTTI typeinfo:   itk::ImportImageContainer<unsigned long, double>
      Reference Count: 1
      Modified Time: 1759
      Debug: Off
      Object Name: 
      Observers: 
        none
      Pointer: 0x3f23e70
      Container manages memory: true
      Size: 688128
      Capacity: 688128

     Moving image = Image (0x3f22c90)
  RTTI typeinfo:   itk::Image<double, 3u>
  Reference Count: 2
  Modified Time: 1980
  Debug: Off
  Object Name: 
  Observers: 
    none
  Source: (none)
  Source output name: (none)
  Release Data: Off
  Data Released: False
  Global Release Data: Off
  PipelineMTime: 0
  UpdateMTime: 1977
  RealTimeStamp: 0 seconds 
  LargestPossibleRegion: 
    Dimension: 3
    Index: [0, 0, 0]
    Size: [224, 320, 320]
  BufferedRegion: 
    Dimension: 3
    Index: [0, 0, 0]
    Size: [224, 320, 320]
  RequestedRegion: 
    Dimension: 3
    Index: [0, 0, 0]
    Size: [224, 320, 320]
  Spacing: [0.7, 0.7, 0.7]
  Origin: [-80.5301, 75.7663, -75.3484]
  Direction: 
1 0 0
0 -1 0
0 0 1

  IndexToPointMatrix: 
0.7 0 0
0 -0.7 0
0 0 0.7

  PointToIndexMatrix: 
1.42857 0 0
0 -1.42857 0
0 0 1.42857

  Inverse Direction: 
1 0 0
0 -1 0
0 0 1

  PixelContainer: 
    ImportImageContainer (0x3f230a0)
      RTTI typeinfo:   itk::ImportImageContainer<unsigned long, double>
      Reference Count: 1
      Modified Time: 1974
      Debug: Off
      Object Name: 
      Observers: 
        none
      Pointer: 0x2b2444e37010
      Container manages memory: true
      Size: 22937600
      Capacity: 22937600

     Weighting = 1
     Sampling strategy = random
     Number of bins = 32
     Radius = 4
     Sampling percentage  = 0.5
   Transform = Translation
     Gradient step = 0.2
     Update field sigma (voxel space) = 0
     Total field sigma (voxel space) = 0
     Update field time sigma = 0
     Total field time sigma  = 0
     Number of time indices = 0
     Number of time point samples = 0
Stage 2 State
   Image metric = Mattes
     Fixed image = Image (0x3f23b20)
  RTTI typeinfo:   itk::Image<double, 3u>
  Reference Count: 2
  Modified Time: 2411
  Debug: Off
  Object Name: 
  Observers: 
    none
  Source: (none)
  Source output name: (none)
  Release Data: Off
  Data Released: False
  Global Release Data: Off
  PipelineMTime: 0
  UpdateMTime: 2194
  RealTimeStamp: 0 seconds 
  LargestPossibleRegion: 
    Dimension: 3
    Index: [0, 0, 0]
    Size: [128, 128, 42]
  BufferedRegion: 
    Dimension: 3
    Index: [0, 0, 0]
    Size: [128, 128, 42]
  RequestedRegion: 
    Dimension: 3
    Index: [0, 0, 0]
    Size: [128, 128, 42]
  Spacing: [1.5, 1.5, 1]
  Origin: [-99.0416, 78.8447, 47.7109]
  Direction: 
1 0 0
0 -0.887011 -0.461749
0 -0.461749 0.887011

  IndexToPointMatrix: 
1.5 0 0
0 -1.33052 -0.461749
0 -0.692623 0.887011

  PointToIndexMatrix: 
0.666667 0 0
0 -0.591341 -0.307832
0 -0.461749 0.887011

  Inverse Direction: 
1 0 0
0 -0.887011 -0.461749
0 -0.461749 0.887011

  PixelContainer: 
    ImportImageContainer (0x3f21b40)
      RTTI typeinfo:   itk::ImportImageContainer<unsigned long, double>
      Reference Count: 1
      Modified Time: 2191
      Debug: Off
      Object Name: 
      Observers: 
        none
      Pointer: 0x4468690
      Container manages memory: true
      Size: 688128
      Capacity: 688128

     Moving image = Image (0x44683a0)
  RTTI typeinfo:   itk::Image<double, 3u>
  Reference Count: 2
  Modified Time: 2412
  Debug: Off
  Object Name: 
  Observers: 
    none
  Source: (none)
  Source output name: (none)
  Release Data: Off
  Data Released: False
  Global Release Data: Off
  PipelineMTime: 0
  UpdateMTime: 2409
  RealTimeStamp: 0 seconds 
  LargestPossibleRegion: 
    Dimension: 3
    Index: [0, 0, 0]
    Size: [224, 320, 320]
  BufferedRegion: 
    Dimension: 3
    Index: [0, 0, 0]
    Size: [224, 320, 320]
  RequestedRegion: 
    Dimension: 3
    Index: [0, 0, 0]
    Size: [224, 320, 320]
  Spacing: [0.7, 0.7, 0.7]
  Origin: [-80.5301, 75.7663, -75.3484]
  Direction: 
1 0 0
0 -1 0
0 0 1

  IndexToPointMatrix: 
0.7 0 0
0 -0.7 0
0 0 0.7

  PointToIndexMatrix: 
1.42857 0 0
0 -1.42857 0
0 0 1.42857

  Inverse Direction: 
1 0 0
0 -1 0
0 0 1

  PixelContainer: 
    ImportImageContainer (0x3f1cf10)
      RTTI typeinfo:   itk::ImportImageContainer<unsigned long, double>
      Reference Count: 1
      Modified Time: 2406
      Debug: Off
      Object Name: 
      Observers: 
        none
      Pointer: 0x2b244fd38010
      Container manages memory: true
      Size: 22937600
      Capacity: 22937600

     Weighting = 1
     Sampling strategy = random
     Number of bins = 32
     Radius = 4
     Sampling percentage  = 0.5
   Transform = Rigid
     Gradient step = 0.2
     Update field sigma (voxel space) = 0
     Total field sigma (voxel space) = 0
     Update field time sigma = 0
     Total field time sigma  = 0
     Number of time indices = 0
     Number of time point samples = 0
Registration using 2 total stages.

Stage 0
  iterations = 400x200x100
  convergence threshold = 1e-06
  convergence window size = 10
  number of levels = 3
  using the Mattes MI metric (number of bins = 32, weight = 1)
  preprocessing:  winsorizing the image intensities
  Shrink factors (level 1 out of 3): [5, 5, 8]
  Shrink factors (level 2 out of 3): [3, 3, 4]
  Shrink factors (level 3 out of 3): [1, 1, 2]
  smoothing sigmas per level: [0, 0, 0]
  random sampling (percentage = 0.5)

*** Running TranslationTransform registration ***

DIAGNOSTIC,Iteration,metricValue,convergenceValue,ITERATION_TIME_INDEX,SINCE_LAST
 2DIAGNOSTIC,     1, -4.196523409635e-01, 1.797693134862e+308, 9.7069e-02, 9.7068e-02, 
 2DIAGNOSTIC,     2, -4.229360884080e-01, 1.797693134862e+308, 1.0779e-01, 1.0723e-02, 
 2DIAGNOSTIC,     3, -4.231476172992e-01, 1.797693134862e+308, 1.1470e-01, 6.9091e-03, 
 2DIAGNOSTIC,     4, -4.230824370070e-01, 1.797693134862e+308, 1.2715e-01, 1.2445e-02, 
 2DIAGNOSTIC,     5, -4.230827763383e-01, 1.797693134862e+308, 1.3773e-01, 1.0585e-02, 
 2DIAGNOSTIC,     6, -4.230827929939e-01, 1.797693134862e+308, 1.5043e-01, 1.2704e-02, 
 2DIAGNOSTIC,     7, -4.230827942069e-01, 1.797693134862e+308, 1.6467e-01, 1.4237e-02, 
 2DIAGNOSTIC,     8, -4.230827942869e-01, 1.797693134862e+308, 1.7717e-01, 1.2494e-02, 
 2DIAGNOSTIC,     9, -4.230827942932e-01, 1.797693134862e+308, 2.0036e-01, 2.3195e-02, 
 2DIAGNOSTIC,    10, -4.230827942933e-01, 2.393858824572e-04, 2.1662e-01, 1.6258e-02, 
 2DIAGNOSTIC,    11, -4.230827942933e-01, 8.415288523148e-06, 2.2607e-01, 9.4562e-03, 
DIAGNOSTIC,Iteration,metricValue,convergenceValue,ITERATION_TIME_INDEX,SINCE_LAST
 2DIAGNOSTIC,     1, -3.302160253156e-01, 1.797693134862e+308, 3.4059e-01, 1.1452e-01, 
 2DIAGNOSTIC,     2, -3.338890122237e-01, 1.797693134862e+308, 3.6713e-01, 2.6540e-02, 
 2DIAGNOSTIC,     3, -3.351425617841e-01, 1.797693134862e+308, 4.0118e-01, 3.4044e-02, 
 2DIAGNOSTIC,     4, -3.354148514021e-01, 1.797693134862e+308, 4.2641e-01, 2.5236e-02, 
 2DIAGNOSTIC,     5, -3.355990842595e-01, 1.797693134862e+308, 5.0363e-01, 7.7214e-02, 
 2DIAGNOSTIC,     6, -3.355990839301e-01, 1.797693134862e+308, 5.6527e-01, 6.1642e-02, 
 2DIAGNOSTIC,     7, -3.355990839301e-01, 1.797693134862e+308, 5.9418e-01, 2.8914e-02, 
 2DIAGNOSTIC,     8, -3.355990839300e-01, 1.797693134862e+308, 6.1896e-01, 2.4784e-02, 
 2DIAGNOSTIC,     9, -3.355990839300e-01, 1.797693134862e+308, 6.4123e-01, 2.2263e-02, 
 2DIAGNOSTIC,    10, -3.355990839300e-01, 6.214266155365e-04, 6.6703e-01, 2.5804e-02, 
 2DIAGNOSTIC,    11, -3.355990839300e-01, 1.755781908659e-04, 6.8809e-01, 2.1060e-02, 
 2DIAGNOSTIC,    12, -3.355990839300e-01, 4.631501311893e-05, 7.1107e-01, 2.2977e-02, 
 2DIAGNOSTIC,    13, -3.355990839300e-01, 1.447424555366e-05, 7.4342e-01, 3.2352e-02, 
 2DIAGNOSTIC,    14, -3.355990839300e-01, 2.275863656628e-06, 7.6683e-01, 2.3412e-02, 
 2DIAGNOSTIC,    15, -3.355990839300e-01, 2.123924584818e-06, 7.8912e-01, 2.2284e-02, 
 2DIAGNOSTIC,    16, -3.355990839300e-01, 1.990987828313e-06, 8.1146e-01, 2.2343e-02, 
 2DIAGNOSTIC,    17, -3.355990839300e-01, 1.873711919412e-06, 8.3378e-01, 2.2318e-02, 
 2DIAGNOSTIC,    18, -3.355990839300e-01, 1.769483371244e-06, 8.5648e-01, 2.2703e-02, 
 2DIAGNOSTIC,    19, -3.355990839300e-01, 1.676239572618e-06, 8.7860e-01, 2.2115e-02, 
 2DIAGNOSTIC,    20, -3.355990839300e-01, 1.592330910197e-06, 8.9976e-01, 2.1169e-02, 
 2DIAGNOSTIC,    21, -3.355990839300e-01, 1.516422328110e-06, 9.2147e-01, 2.1702e-02, 
 2DIAGNOSTIC,    22, -3.355990839300e-01, 1.447421762342e-06, 9.4402e-01, 2.2551e-02, 
 2DIAGNOSTIC,    23, -3.355990839300e-01, 1.384427263600e-06, 9.6471e-01, 2.0694e-02, 
 2DIAGNOSTIC,    24, -3.355990839300e-01, 1.326687351907e-06, 9.8562e-01, 2.0912e-02, 
 2DIAGNOSTIC,    25, -3.355990839300e-01, 1.273570895070e-06, 1.0083e+00, 2.2633e-02, 
 2DIAGNOSTIC,    26, -3.355990839300e-01, 1.224543944203e-06, 1.0375e+00, 2.9274e-02, 
 2DIAGNOSTIC,    27, -3.355990839300e-01, 1.179151721688e-06, 1.0610e+00, 2.3492e-02, 
 2DIAGNOSTIC,    28, -3.355990839300e-01, 1.137004471512e-06, 1.0837e+00, 2.2715e-02, 
 2DIAGNOSTIC,    29, -3.355990839300e-01, 1.097766239910e-06, 1.1048e+00, 2.1061e-02, 
 2DIAGNOSTIC,    30, -3.355990839300e-01, 1.061145901378e-06, 1.1262e+00, 2.1414e-02, 
 2DIAGNOSTIC,    31, -3.355990839300e-01, 1.026889922970e-06, 1.1478e+00, 2.1538e-02, 
DIAGNOSTIC,Iteration,metricValue,convergenceValue,ITERATION_TIME_INDEX,SINCE_LAST
 2DIAGNOSTIC,     1, -3.060166032616e-01, 1.797693134862e+308, 1.6375e+00, 4.8974e-01, 
 2DIAGNOSTIC,     2, -3.074972218195e-01, 1.797693134862e+308, 1.9401e+00, 3.0258e-01, 
 2DIAGNOSTIC,     3, -3.136596980709e-01, 1.797693134862e+308, 2.2349e+00, 2.9487e-01, 
 2DIAGNOSTIC,     4, -3.209131406840e-01, 1.797693134862e+308, 2.5255e+00, 2.9054e-01, 
 2DIAGNOSTIC,     5, -3.341759515591e-01, 1.797693134862e+308, 2.8211e+00, 2.9560e-01, 
 2DIAGNOSTIC,     6, -3.915659109666e-01, 1.797693134862e+308, 3.2955e+00, 4.7438e-01, 
 2DIAGNOSTIC,     7, -4.778195645959e-01, 1.797693134862e+308, 3.7849e+00, 4.8946e-01, 
 2DIAGNOSTIC,     8, -4.854984237403e-01, 1.797693134862e+308, 4.0799e+00, 2.9499e-01, 
 2DIAGNOSTIC,     9, -4.979517518375e-01, 1.797693134862e+308, 4.3725e+00, 2.9257e-01, 
 2DIAGNOSTIC,    10, -5.091968597253e-01, 4.128715980727e-02, 4.7139e+00, 3.4141e-01, 
 2DIAGNOSTIC,    11, -5.116552858919e-01, 3.726317538318e-02, 5.1001e+00, 3.8622e-01, 
 2DIAGNOSTIC,    12, -5.116674497038e-01, 3.080966340620e-02, 5.7234e+00, 6.2330e-01, 
 2DIAGNOSTIC,    13, -5.116675166483e-01, 2.318025127968e-02, 6.0604e+00, 3.3697e-01, 
 2DIAGNOSTIC,    14, -5.116674973440e-01, 1.519477136378e-02, 6.4378e+00, 3.7738e-01, 
 2DIAGNOSTIC,    15, -5.116674986234e-01, 7.644841797151e-03, 7.5071e+00, 1.0693e+00, 
 2DIAGNOSTIC,    16, -5.116674986232e-01, 2.737110298836e-03, 8.1909e+00, 6.8380e-01, 
 2DIAGNOSTIC,    17, -5.116674986232e-01, 1.508596528302e-03, 8.6522e+00, 4.6135e-01, 
 2DIAGNOSTIC,    18, -5.116674986232e-01, 5.636290359731e-04, 8.9868e+00, 3.3456e-01, 
 2DIAGNOSTIC,    19, -5.116674986232e-01, 8.439262483595e-05, 9.3172e+00, 3.3043e-01, 
 2DIAGNOSTIC,    20, -5.116674986232e-01, 2.180322138078e-06, 9.8220e+00, 5.0482e-01, 
 2DIAGNOSTIC,    21, -5.116674986232e-01, 1.701287462602e-06, 1.0158e+01, 3.3571e-01, 
 2DIAGNOSTIC,    22, -5.116674986232e-01, 1.613528932513e-06, 1.0621e+01, 4.6300e-01, 
 2DIAGNOSTIC,    23, -5.116674986232e-01, 1.536101179436e-06, 1.0955e+01, 3.3439e-01, 
 2DIAGNOSTIC,    24, -5.116674986232e-01, 1.465308691398e-06, 1.1301e+01, 3.4564e-01, 
 2DIAGNOSTIC,    25, -5.116674986232e-01, 1.400782335445e-06, 1.1635e+01, 3.3381e-01, 
 2DIAGNOSTIC,    26, -5.116674986232e-01, 1.341699243602e-06, 1.2009e+01, 3.7398e-01, 
 2DIAGNOSTIC,    27, -5.116674986232e-01, 1.287398526423e-06, 1.2345e+01, 3.3646e-01, 
 2DIAGNOSTIC,    28, -5.116674986232e-01, 1.237322118618e-06, 1.2720e+01, 3.7497e-01, 
 2DIAGNOSTIC,    29, -5.116674986232e-01, 1.190995533036e-06, 1.3056e+01, 3.3581e-01, 
 2DIAGNOSTIC,    30, -5.116674986232e-01, 1.148012779034e-06, 1.3384e+01, 3.2844e-01, 
 2DIAGNOSTIC,    31, -5.116674986232e-01, 1.108024432886e-06, 1.3717e+01, 3.3231e-01, 
 2DIAGNOSTIC,    32, -5.116674986232e-01, 1.070728117572e-06, 1.4051e+01, 3.3421e-01, 
 2DIAGNOSTIC,    33, -5.116674986232e-01, 1.035860842574e-06, 1.4383e+01, 3.3246e-01, 
 2DIAGNOSTIC,    34, -5.116674986232e-01, 1.003192793239e-06, 1.4756e+01, 3.7319e-01, 
  Elapsed time (stage 0): 1.5433e+01


Stage 1
  iterations = 500x500x250x50
  convergence threshold = 1.0000e-06
  convergence window size = 10
  number of levels = 4
  using the Mattes MI metric (number of bins = 32, weight = 1.0000e+00)
  preprocessing:  winsorizing the image intensities
  Shrink factors (level 1 out of 4): [4, 4, 6]
  Shrink factors (level 2 out of 4): [3, 3, 4]
  Shrink factors (level 3 out of 4): [1, 1, 2]
  Shrink factors (level 4 out of 4): [1, 1, 1]
  smoothing sigmas per level: [2, 1, 0, 0]
  random sampling (percentage = 5.0000e-01)

*** Running Euler3DTransform registration ***

DIAGNOSTIC,Iteration,metricValue,convergenceValue,ITERATION_TIME_INDEX,SINCE_LAST
 2DIAGNOSTIC,     1, -4.949299474536e-01, 1.797693134862e+308, 1.3856e+00, 1.3856e+00, 
 2DIAGNOSTIC,     2, -4.969360575325e-01, 1.797693134862e+308, 1.3925e+00, 6.8538e-03, 
 2DIAGNOSTIC,     3, -4.973450376946e-01, 1.797693134862e+308, 1.4004e+00, 7.9131e-03, 
 2DIAGNOSTIC,     4, -4.975384376860e-01, 1.797693134862e+308, 1.4068e+00, 6.4571e-03, 
 2DIAGNOSTIC,     5, -4.985259151299e-01, 1.797693134862e+308, 1.4142e+00, 7.3891e-03, 
 2DIAGNOSTIC,     6, -5.189400007944e-01, 1.797693134862e+308, 1.4222e+00, 8.0130e-03, 
 2DIAGNOSTIC,     7, -5.209078937218e-01, 1.797693134862e+308, 1.4331e+00, 1.0892e-02, 
 2DIAGNOSTIC,     8, -5.219028486857e-01, 1.797693134862e+308, 1.4394e+00, 6.2571e-03, 
 2DIAGNOSTIC,     9, -5.232489433395e-01, 1.797693134862e+308, 1.4459e+00, 6.5410e-03, 
 2DIAGNOSTIC,    10, -5.249316008651e-01, 4.717397687898e-03, 1.4539e+00, 7.9491e-03, 
 2DIAGNOSTIC,    11, -5.254428246607e-01, 4.144000780150e-03, 1.4614e+00, 7.5409e-03, 
 2DIAGNOSTIC,    12, -5.254774730719e-01, 3.388897063597e-03, 1.4689e+00, 7.5159e-03, 
 2DIAGNOSTIC,    13, -5.254832758565e-01, 2.479875713990e-03, 1.4781e+00, 9.2280e-03, 
 2DIAGNOSTIC,    14, -5.254838038214e-01, 1.495536157060e-03, 1.4848e+00, 6.6381e-03, 
 2DIAGNOSTIC,    15, -5.254844025492e-01, 5.240432634601e-04, 1.4952e+00, 1.0442e-02, 
 2DIAGNOSTIC,    16, -5.254844039284e-01, 3.306766476290e-04, 1.5205e+00, 2.5290e-02, 
 2DIAGNOSTIC,    17, -5.254844039284e-01, 1.944086014727e-04, 1.5352e+00, 1.4636e-02, 
 2DIAGNOSTIC,    18, -5.254844039284e-01, 8.587331032459e-05, 1.5426e+00, 7.4680e-03, 
 2DIAGNOSTIC,    19, -5.254844039284e-01, 1.890288157720e-05, 1.5503e+00, 7.7260e-03, 
 2DIAGNOSTIC,    20, -5.254844039284e-01, 2.952497984050e-06, 1.5596e+00, 9.2099e-03, 
 2DIAGNOSTIC,    21, -5.254844039284e-01, 1.754906643156e-06, 1.5673e+00, 7.7460e-03, 
 2DIAGNOSTIC,    22, -5.254844039284e-01, 1.507370570107e-06, 1.5756e+00, 8.2512e-03, 
 2DIAGNOSTIC,    23, -5.254844039284e-01, 1.415887566622e-06, 1.5850e+00, 9.4049e-03, 
 2DIAGNOSTIC,    24, -5.254844039284e-01, 1.342442454665e-06, 1.5938e+00, 8.8160e-03, 
 2DIAGNOSTIC,    25, -5.254844039284e-01, 1.288053800931e-06, 1.6044e+00, 1.0669e-02, 
 2DIAGNOSTIC,    26, -5.254844039284e-01, 1.237927395932e-06, 1.6130e+00, 8.5740e-03, 
 2DIAGNOSTIC,    27, -5.254844039284e-01, 1.191556324255e-06, 1.6224e+00, 9.3830e-03, 
 2DIAGNOSTIC,    28, -5.254844039284e-01, 1.148533814173e-06, 1.6317e+00, 9.2740e-03, 
 2DIAGNOSTIC,    29, -5.254844039284e-01, 1.108509794470e-06, 1.6401e+00, 8.3940e-03, 
 2DIAGNOSTIC,    30, -5.254844039284e-01, 1.071181347685e-06, 1.6487e+00, 8.5881e-03, 
 2DIAGNOSTIC,    31, -5.254844039284e-01, 1.036285029420e-06, 1.6577e+00, 9.0411e-03, 
 2DIAGNOSTIC,    32, -5.254844039284e-01, 1.003590641598e-06, 1.6670e+00, 9.2771e-03, 
DIAGNOSTIC,Iteration,metricValue,convergenceValue,ITERATION_TIME_INDEX,SINCE_LAST
 2DIAGNOSTIC,     1, -4.021887361334e-01, 1.797693134862e+308, 2.9928e+00, 1.3258e+00, 
 2DIAGNOSTIC,     2, -3.901962801366e-01, 1.797693134862e+308, 3.0076e+00, 1.4738e-02, 
 2DIAGNOSTIC,     3, -4.005770610538e-01, 1.797693134862e+308, 3.0208e+00, 1.3250e-02, 
 2DIAGNOSTIC,     4, -4.018759169322e-01, 1.797693134862e+308, 3.0367e+00, 1.5858e-02, 
 2DIAGNOSTIC,     5, -4.021083314368e-01, 1.797693134862e+308, 3.0477e+00, 1.1001e-02, 
 2DIAGNOSTIC,     6, -4.031672983887e-01, 1.797693134862e+308, 3.0592e+00, 1.1523e-02, 
 2DIAGNOSTIC,     7, -4.037164253209e-01, 1.797693134862e+308, 3.0739e+00, 1.4707e-02, 
 2DIAGNOSTIC,     8, -4.038509052236e-01, 1.797693134862e+308, 3.0849e+00, 1.1002e-02, 
 2DIAGNOSTIC,     9, -4.040676604211e-01, 1.797693134862e+308, 3.0963e+00, 1.1446e-02, 
 2DIAGNOSTIC,    10, -4.041676139697e-01, 1.236648993351e-03, 3.1099e+00, 1.3531e-02, 
 2DIAGNOSTIC,    11, -4.042343165636e-01, 1.264297917046e-03, 3.1229e+00, 1.3020e-02, 
 2DIAGNOSTIC,    12, -4.042951204249e-01, 4.543173762670e-04, 3.1355e+00, 1.2590e-02, 
 2DIAGNOSTIC,    13, -4.041925509925e-01, 2.863392258531e-04, 3.1481e+00, 1.2666e-02, 
 2DIAGNOSTIC,    14, -4.046284189222e-01, 2.049741422431e-04, 3.1599e+00, 1.1771e-02, 
 2DIAGNOSTIC,    15, -4.046520916659e-01, 1.263281359054e-04, 3.2006e+00, 4.0632e-02, 
 2DIAGNOSTIC,    16, -4.046520915931e-01, 9.247629665904e-05, 3.2413e+00, 4.0722e-02, 
 2DIAGNOSTIC,    17, -4.046520915931e-01, 7.737707265844e-05, 3.2603e+00, 1.9060e-02, 
 2DIAGNOSTIC,    18, -4.046520915931e-01, 6.211645256427e-05, 3.2733e+00, 1.2970e-02, 
 2DIAGNOSTIC,    19, -4.046520915931e-01, 5.062290427619e-05, 3.2917e+00, 1.8418e-02, 
 2DIAGNOSTIC,    20, -4.046520915931e-01, 3.908789627451e-05, 3.3057e+00, 1.4012e-02, 
 2DIAGNOSTIC,    21, -4.046520915931e-01, 2.753860267053e-05, 3.3214e+00, 1.5627e-02, 
 2DIAGNOSTIC,    22, -4.046520915931e-01, 1.683732051962e-05, 3.3364e+00, 1.5008e-02, 
 2DIAGNOSTIC,    23, -4.046520915931e-01, 2.113171961492e-06, 3.3524e+00, 1.6054e-02, 
 2DIAGNOSTIC,    24, -4.046520915931e-01, 1.329774140121e-06, 3.3660e+00, 1.3553e-02, 
 2DIAGNOSTIC,    25, -4.046520915931e-01, 1.276417163167e-06, 3.3837e+00, 1.7751e-02, 
 2DIAGNOSTIC,    26, -4.046520915931e-01, 1.227175066135e-06, 3.3971e+00, 1.3349e-02, 
 2DIAGNOSTIC,    27, -4.046520915931e-01, 1.181591200286e-06, 3.4095e+00, 1.2468e-02, 
 2DIAGNOSTIC,    28, -4.046520915931e-01, 1.139272507070e-06, 3.4281e+00, 1.8598e-02, 
 2DIAGNOSTIC,    29, -4.046520915931e-01, 1.099880290387e-06, 3.4435e+00, 1.5386e-02, 
 2DIAGNOSTIC,    30, -4.046520915931e-01, 1.063121132489e-06, 3.4577e+00, 1.4197e-02, 
 2DIAGNOSTIC,    31, -4.046520915931e-01, 1.028739572313e-06, 3.4708e+00, 1.3046e-02, 
DIAGNOSTIC,Iteration,metricValue,convergenceValue,ITERATION_TIME_INDEX,SINCE_LAST
 2DIAGNOSTIC,     1, -3.015593542341e-01, 1.797693134862e+308, 3.8153e+00, 3.4451e-01, 
 2DIAGNOSTIC,     2, -3.067851761173e-01, 1.797693134862e+308, 3.9803e+00, 1.6499e-01, 
 2DIAGNOSTIC,     3, -3.131316075914e-01, 1.797693134862e+308, 4.1466e+00, 1.6631e-01, 
 2DIAGNOSTIC,     4, -3.185766143957e-01, 1.797693134862e+308, 4.3400e+00, 1.9340e-01, 
 2DIAGNOSTIC,     5, -3.251784894224e-01, 1.797693134862e+308, 4.5488e+00, 2.0880e-01, 
 2DIAGNOSTIC,     6, -3.329140939788e-01, 1.797693134862e+308, 4.7174e+00, 1.6859e-01, 
 2DIAGNOSTIC,     7, -3.364065011440e-01, 1.797693134862e+308, 4.9230e+00, 2.0568e-01, 
 2DIAGNOSTIC,     8, -3.396217576232e-01, 1.797693134862e+308, 5.1080e+00, 1.8496e-01, 
 2DIAGNOSTIC,     9, -3.493988703586e-01, 1.797693134862e+308, 5.3098e+00, 2.0181e-01, 
 2DIAGNOSTIC,    10, -3.514253890623e-01, 1.000858965744e-02, 5.4701e+00, 1.6032e-01, 
 2DIAGNOSTIC,    11, -3.519632771274e-01, 8.433967782712e-03, 5.6330e+00, 1.6285e-01, 
 2DIAGNOSTIC,    12, -3.529467550530e-01, 6.832284486280e-03, 5.8858e+00, 2.5283e-01, 
 2DIAGNOSTIC,    13, -3.533405388141e-01, 5.316733179592e-03, 6.0474e+00, 1.6153e-01, 
 2DIAGNOSTIC,    14, -3.536421857863e-01, 3.884340722281e-03, 6.2321e+00, 1.8472e-01, 
 2DIAGNOSTIC,    15, -3.538764970098e-01, 2.674593847269e-03, 6.3945e+00, 1.6241e-01, 
 2DIAGNOSTIC,    16, -3.541913525295e-01, 1.807601676379e-03, 6.5768e+00, 1.8232e-01, 
 2DIAGNOSTIC,    17, -3.542842372296e-01, 1.060779690909e-03, 6.7824e+00, 2.0561e-01, 
 2DIAGNOSTIC,    18, -3.542901627083e-01, 4.412795581506e-04, 6.9684e+00, 1.8603e-01, 
 2DIAGNOSTIC,    19, -3.543881838070e-01, 2.821045597196e-04, 7.1508e+00, 1.8232e-01, 
 2DIAGNOSTIC,    20, -3.543931713786e-01, 1.980550925209e-04, 7.3776e+00, 2.2685e-01, 
 2DIAGNOSTIC,    21, -3.544115496029e-01, 1.251670909248e-04, 7.9343e+00, 5.5670e-01, 
 2DIAGNOSTIC,    22, -3.544115495910e-01, 8.458563529405e-05, 8.4867e+00, 5.5239e-01, 
 2DIAGNOSTIC,    23, -3.544115495910e-01, 5.406243636741e-05, 8.6686e+00, 1.8187e-01, 
 2DIAGNOSTIC,    24, -3.544115495910e-01, 3.156187023736e-05, 8.8727e+00, 2.0408e-01, 
 2DIAGNOSTIC,    25, -3.544115495910e-01, 1.556947239332e-05, 9.0546e+00, 1.8191e-01, 
 2DIAGNOSTIC,    26, -3.544115495910e-01, 9.474901703069e-06, 9.2348e+00, 1.8022e-01, 
 2DIAGNOSTIC,    27, -3.544115495910e-01, 5.944386050123e-06, 9.4147e+00, 1.7993e-01, 
 2DIAGNOSTIC,    28, -3.544115495910e-01, 2.329817413362e-06, 9.5972e+00, 1.8244e-01, 
 2DIAGNOSTIC,    29, -3.544115495910e-01, 1.649375394888e-06, 9.7789e+00, 1.8171e-01, 
 2DIAGNOSTIC,    30, -3.544115495910e-01, 1.088579850081e-06, 9.9603e+00, 1.8141e-01, 
 2DIAGNOSTIC,    31, -3.544115495910e-01, 1.052560093071e-06, 1.0164e+01, 2.0397e-01, 
 2DIAGNOSTIC,    32, -3.544115495910e-01, 1.018847401626e-06, 1.0344e+01, 1.7951e-01, 
DIAGNOSTIC,Iteration,metricValue,convergenceValue,ITERATION_TIME_INDEX,SINCE_LAST
 2DIAGNOSTIC,     1, -3.571552936109e-01, 1.797693134862e+308, 1.1132e+01, 7.8776e-01, 
 2DIAGNOSTIC,     2, -3.571855081265e-01, 1.797693134862e+308, 1.1484e+01, 3.5286e-01, 
 2DIAGNOSTIC,     3, -3.571915784472e-01, 1.797693134862e+308, 1.1788e+01, 3.0403e-01, 
 2DIAGNOSTIC,     4, -3.574168901795e-01, 1.797693134862e+308, 1.2301e+01, 5.1282e-01, 
 2DIAGNOSTIC,     5, -3.574776649722e-01, 1.797693134862e+308, 1.2641e+01, 3.3988e-01, 
 2DIAGNOSTIC,     6, -3.576008449420e-01, 1.797693134862e+308, 1.2983e+01, 3.4161e-01, 
 2DIAGNOSTIC,     7, -3.576088312419e-01, 1.797693134862e+308, 1.3323e+01, 3.3981e-01, 
 2DIAGNOSTIC,     8, -3.576098510934e-01, 1.797693134862e+308, 1.3670e+01, 3.4785e-01, 
 2DIAGNOSTIC,     9, -3.576105999726e-01, 1.797693134862e+308, 1.4017e+01, 3.4646e-01, 
 2DIAGNOSTIC,    10, -3.576114685516e-01, 1.010753506343e-04, 1.4501e+01, 4.8430e-01, 
 2DIAGNOSTIC,    11, -3.576116702381e-01, 7.459382750993e-05, 1.4844e+01, 3.4238e-01, 
 2DIAGNOSTIC,    12, -3.576117052923e-01, 4.829839327626e-05, 1.5895e+01, 1.0517e+00, 
 2DIAGNOSTIC,    13, -3.576117052952e-01, 2.207012061718e-05, 1.6944e+01, 1.0486e+00, 
 2DIAGNOSTIC,    14, -3.576117052952e-01, 1.059422508992e-05, 1.7284e+01, 3.4034e-01, 
 2DIAGNOSTIC,    15, -3.576117052952e-01, 2.928081258610e-06, 1.7739e+01, 4.5454e-01, 
 2DIAGNOSTIC,    16, -3.576117052952e-01, 2.256314311097e-06, 1.8082e+01, 3.4306e-01, 
 2DIAGNOSTIC,    17, -3.576117052952e-01, 2.012075904237e-06, 1.8495e+01, 4.1289e-01, 
 2DIAGNOSTIC,    18, -3.576117052952e-01, 1.826706319166e-06, 1.8791e+01, 2.9601e-01, 
 2DIAGNOSTIC,    19, -3.576117052952e-01, 1.685799156839e-06, 1.9117e+01, 3.2641e-01, 
 2DIAGNOSTIC,    20, -3.576117052952e-01, 1.592256324540e-06, 1.9488e+01, 3.7123e-01, 
 2DIAGNOSTIC,    21, -3.576117052952e-01, 1.515090933685e-06, 1.9796e+01, 3.0746e-01, 
 2DIAGNOSTIC,    22, -3.576117052952e-01, 1.446208627694e-06, 2.0146e+01, 3.5032e-01, 
 2DIAGNOSTIC,    23, -3.576117052952e-01, 1.383317386354e-06, 2.0413e+01, 2.6659e-01, 
 2DIAGNOSTIC,    24, -3.576117052952e-01, 1.325668088706e-06, 2.0700e+01, 2.8701e-01, 
 2DIAGNOSTIC,    25, -3.576117052952e-01, 1.272631585419e-06, 2.1055e+01, 3.5510e-01, 
 2DIAGNOSTIC,    26, -3.576117052952e-01, 1.223675536649e-06, 2.1411e+01, 3.5654e-01, 
 2DIAGNOSTIC,    27, -3.576117052952e-01, 1.178346481112e-06, 2.1741e+01, 3.2981e-01, 
 2DIAGNOSTIC,    28, -3.576117052952e-01, 1.136255748421e-06, 2.2036e+01, 2.9445e-01, 
 2DIAGNOSTIC,    29, -3.576117052952e-01, 1.097068286389e-06, 2.2418e+01, 3.8276e-01, 
 2DIAGNOSTIC,    30, -3.576117052952e-01, 1.060493723337e-06, 2.2737e+01, 3.1827e-01, 
 2DIAGNOSTIC,    31, -3.576117052952e-01, 1.026279160453e-06, 2.3023e+01, 2.8656e-01, 
  Elapsed time (stage 1): 2.3604e+01


Total elapsed time: 3.9040e+01
