This is job 17
Time: Thu  2 Dec 16:02:40 GMT 2021
Running on master node: cpu-p-48
Current directory: /home/ccn30/rds/hpc-work/WBIC_lustre/ENCRYPT/scripts/Registration/slurmoutputs
Changed directory to /home/ccn30/rds/hpc-work/WBIC_lustre/ENCRYPT/scripts/Registration/slurmoutputs.

JobID: 50592213
======
Time: Thu  2 Dec 16:02:40 GMT 2021
Running on master node: cpu-p-48
Current directory: /home/ccn30/rds/hpc-work/WBIC_lustre/ENCRYPT/scripts/Registration/slurmoutputs

Nodes allocated:
================
cpu-p-48

numtasks=, numnodes=, mpi_tasks_per_node= (OMP_NUM_THREADS=1)

Executing command:
==================
/home/ccn30/rds/hpc-work/WBIC_lustre/ENCRYPT/scripts/Registration/coreg_main.sh /home/ccn30/rds/hpc-work/WBIC_lustre/ENCRYPT/ENCRYPT_MasterRIScodes.txt 17 /home/ccn30/rds/rds-p00500_encrypt-URQgmO1brZ0/p00500 /home/ccn30/rds/hpc-work/WBIC_lustre/ENCRYPT/scripts/Registration

******** starting 26547 ********
You are inside ANTs call
/usr/local/software/spack/spack-git/opt/spack/linux-rhel7-broadwell/gcc-5/ants-2.3.4-lj6vm7ccmij4yywr4ynrttcko4aoflqt/bin/antsRegistration
 	Fixed image /home/ccn30/rds/rds-p00500_encrypt-URQgmO1brZ0/p00500/ENCRYPT_images/26547/fMRI/N4meanEPI.nii
 	Moving image /home/ccn30/rds/rds-p00500_encrypt-URQgmO1brZ0/p00500/ENCRYPT_images/26547/mp2rage/n4mag0000_PSIR_skulled_std_struc_brain.nii
 	Mask image /home/ccn30/rds/rds-p00500_encrypt-URQgmO1brZ0/p00500/ENCRYPT_images/26547/fMRI/fixedEPIMask.nii
 	regDir /home/ccn30/rds/rds-p00500_encrypt-URQgmO1brZ0/p00500/ENCRYPT_registrations/26547

Running N4 for 3-dimensional images.

Mask not read.  Using the entire image as the mask.

Original intensity range:  [-1228.83, 24226.8]

***********************************************************
Warning:  Your input image contains nonpositive values
which could cause failure or problematic results.  A
possible workaround would be to:
   1. rescale your image to positive values e.g., [10,100].
   2. run N4 on your rescaled image.
   3. (optional) rescale the N4 output to the original
      intensity range.
***********************************************************

Specified spline distance: 100mm
  original image size:  [128, 128, 42]
  padded image size:  [134, 134, 101]
  number of control points:  [5, 5, 4]

Current level = 1
  Iteration 1 (of 200).   Current convergence value = 0.000648748 (threshold = 0)
  Iteration 2 (of 200).   Current convergence value = 0.000624701 (threshold = 0)
  Iteration 3 (of 200).   Current convergence value = 0.00060752 (threshold = 0)
  Iteration 4 (of 200).   Current convergence value = 0.000594909 (threshold = 0)
  Iteration 5 (of 200).   Current convergence value = 0.000585743 (threshold = 0)
  Iteration 6 (of 200).   Current convergence value = 0.000579291 (threshold = 0)
  Iteration 7 (of 200).   Current convergence value = 0.000557404 (threshold = 0)
  Iteration 8 (of 200).   Current convergence value = 0.00052387 (threshold = 0)
  Iteration 9 (of 200).   Current convergence value = 0.00049452 (threshold = 0)
  Iteration 10 (of 200).   Current convergence value = 0.000468775 (threshold = 0)
  Iteration 11 (of 200).   Current convergence value = 0.000450294 (threshold = 0)
  Iteration 12 (of 200).   Current convergence value = 0.000433904 (threshold = 0)
  Iteration 13 (of 200).   Current convergence value = 0.000419477 (threshold = 0)
  Iteration 14 (of 200).   Current convergence value = 0.000406503 (threshold = 0)
  Iteration 15 (of 200).   Current convergence value = 0.000394732 (threshold = 0)
  Iteration 16 (of 200).   Current convergence value = 0.00038384 (threshold = 0)
  Iteration 17 (of 200).   Current convergence value = 0.000373967 (threshold = 0)
  Iteration 18 (of 200).   Current convergence value = 0.000364582 (threshold = 0)
  Iteration 19 (of 200).   Current convergence value = 0.000356198 (threshold = 0)
  Iteration 20 (of 200).   Current convergence value = 0.000348531 (threshold = 0)
  Iteration 21 (of 200).   Current convergence value = 0.000341449 (threshold = 0)
  Iteration 22 (of 200).   Current convergence value = 0.00033504 (threshold = 0)
  Iteration 23 (of 200).   Current convergence value = 0.000329178 (threshold = 0)
  Iteration 24 (of 200).   Current convergence value = 0.000323897 (threshold = 0)
  Iteration 25 (of 200).   Current convergence value = 0.000319012 (threshold = 0)
  Iteration 26 (of 200).   Current convergence value = 0.000314475 (threshold = 0)
  Iteration 27 (of 200).   Current convergence value = 0.00031027 (threshold = 0)
  Iteration 28 (of 200).   Current convergence value = 0.000306503 (threshold = 0)
  Iteration 29 (of 200).   Current convergence value = 0.000303061 (threshold = 0)
  Iteration 30 (of 200).   Current convergence value = 0.000299514 (threshold = 0)
  Iteration 31 (of 200).   Current convergence value = 0.000296111 (threshold = 0)
  Iteration 32 (of 200).   Current convergence value = 0.000293027 (threshold = 0)
  Iteration 33 (of 200).   Current convergence value = 0.000290145 (threshold = 0)
  Iteration 34 (of 200).   Current convergence value = 0.000287582 (threshold = 0)
  Iteration 35 (of 200).   Current convergence value = 0.000285056 (threshold = 0)
  Iteration 36 (of 200).   Current convergence value = 0.000285084 (threshold = 0)
  Iteration 37 (of 200).   Current convergence value = 0.000287545 (threshold = 0)
  Iteration 38 (of 200).   Current convergence value = 0.000290672 (threshold = 0)
  Iteration 39 (of 200).   Current convergence value = 0.000294337 (threshold = 0)
  Iteration 40 (of 200).   Current convergence value = 0.000298623 (threshold = 0)
  Iteration 41 (of 200).   Current convergence value = 0.000303472 (threshold = 0)
  Iteration 42 (of 200).   Current convergence value = 0.000308923 (threshold = 0)
  Iteration 43 (of 200).   Current convergence value = 0.000314815 (threshold = 0)
  Iteration 44 (of 200).   Current convergence value = 0.000321158 (threshold = 0)
  Iteration 45 (of 200).   Current convergence value = 0.00032813 (threshold = 0)
  Iteration 46 (of 200).   Current convergence value = 0.000335495 (threshold = 0)
  Iteration 47 (of 200).   Current convergence value = 0.000343252 (threshold = 0)
  Iteration 48 (of 200).   Current convergence value = 0.000351272 (threshold = 0)
  Iteration 49 (of 200).   Current convergence value = 0.000359671 (threshold = 0)
  Iteration 50 (of 200).   Current convergence value = 0.000368406 (threshold = 0)
  Iteration 51 (of 200).   Current convergence value = 0.000377536 (threshold = 0)
  Iteration 52 (of 200).   Current convergence value = 0.000387091 (threshold = 0)
  Iteration 53 (of 200).   Current convergence value = 0.000396855 (threshold = 0)
  Iteration 54 (of 200).   Current convergence value = 0.000406802 (threshold = 0)
  Iteration 55 (of 200).   Current convergence value = 0.000416885 (threshold = 0)
  Iteration 56 (of 200).   Current convergence value = 0.000427211 (threshold = 0)
  Iteration 57 (of 200).   Current convergence value = 0.000437663 (threshold = 0)
  Iteration 58 (of 200).   Current convergence value = 0.000448243 (threshold = 0)
  Iteration 59 (of 200).   Current convergence value = 0.000458778 (threshold = 0)
  Iteration 60 (of 200).   Current convergence value = 0.000469188 (threshold = 0)
  Iteration 61 (of 200).   Current convergence value = 0.000479405 (threshold = 0)
  Iteration 62 (of 200).   Current convergence value = 0.000488853 (threshold = 0)
  Iteration 63 (of 200).   Current convergence value = 0.000493802 (threshold = 0)
  Iteration 64 (of 200).   Current convergence value = 0.00049871 (threshold = 0)
  Iteration 65 (of 200).   Current convergence value = 0.000503572 (threshold = 0)
  Iteration 66 (of 200).   Current convergence value = 0.000508206 (threshold = 0)
  Iteration 67 (of 200).   Current convergence value = 0.00051273 (threshold = 0)
  Iteration 68 (of 200).   Current convergence value = 0.000517214 (threshold = 0)
  Iteration 69 (of 200).   Current convergence value = 0.000521608 (threshold = 0)
  Iteration 70 (of 200).   Current convergence value = 0.000525752 (threshold = 0)
  Iteration 71 (of 200).   Current convergence value = 0.000529885 (threshold = 0)
  Iteration 72 (of 200).   Current convergence value = 0.000534051 (threshold = 0)
  Iteration 73 (of 200).   Current convergence value = 0.000538213 (threshold = 0)
  Iteration 74 (of 200).   Current convergence value = 0.000542308 (threshold = 0)
  Iteration 75 (of 200).   Current convergence value = 0.000546188 (threshold = 0)
  Iteration 76 (of 200).   Current convergence value = 0.000530902 (threshold = 0)
  Iteration 77 (of 200).   Current convergence value = 0.000508399 (threshold = 0)
  Iteration 78 (of 200).   Current convergence value = 0.000487345 (threshold = 0)
  Iteration 79 (of 200).   Current convergence value = 0.000467418 (threshold = 0)
  Iteration 80 (of 200).   Current convergence value = 0.000448591 (threshold = 0)
  Iteration 81 (of 200).   Current convergence value = 0.000430836 (threshold = 0)
  Iteration 82 (of 200).   Current convergence value = 0.000413924 (threshold = 0)
  Iteration 83 (of 200).   Current convergence value = 0.000398124 (threshold = 0)
  Iteration 84 (of 200).   Current convergence value = 0.000388163 (threshold = 0)
  Iteration 85 (of 200).   Current convergence value = 0.00038167 (threshold = 0)
  Iteration 86 (of 200).   Current convergence value = 0.000375535 (threshold = 0)
  Iteration 87 (of 200).   Current convergence value = 0.000370008 (threshold = 0)
  Iteration 88 (of 200).   Current convergence value = 0.000364937 (threshold = 0)
  Iteration 89 (of 200).   Current convergence value = 0.000360131 (threshold = 0)
  Iteration 90 (of 200).   Current convergence value = 0.000355606 (threshold = 0)
  Iteration 91 (of 200).   Current convergence value = 0.000351245 (threshold = 0)
  Iteration 92 (of 200).   Current convergence value = 0.000347143 (threshold = 0)
  Iteration 93 (of 200).   Current convergence value = 0.00034303 (threshold = 0)
  Iteration 94 (of 200).   Current convergence value = 0.000339208 (threshold = 0)
  Iteration 95 (of 200).   Current convergence value = 0.000335761 (threshold = 0)
  Iteration 96 (of 200).   Current convergence value = 0.000332513 (threshold = 0)
  Iteration 97 (of 200).   Current convergence value = 0.000329378 (threshold = 0)
  Iteration 98 (of 200).   Current convergence value = 0.000326452 (threshold = 0)
  Iteration 99 (of 200).   Current convergence value = 0.00032358 (threshold = 0)
  Iteration 100 (of 200).   Current convergence value = 0.00032082 (threshold = 0)
  Iteration 101 (of 200).   Current convergence value = 0.000318322 (threshold = 0)
  Iteration 102 (of 200).   Current convergence value = 0.000315852 (threshold = 0)
  Iteration 103 (of 200).   Current convergence value = 0.000313397 (threshold = 0)
  Iteration 104 (of 200).   Current convergence value = 0.00031094 (threshold = 0)
  Iteration 105 (of 200).   Current convergence value = 0.000308552 (threshold = 0)
  Iteration 106 (of 200).   Current convergence value = 0.00030621 (threshold = 0)
  Iteration 107 (of 200).   Current convergence value = 0.000303829 (threshold = 0)
  Iteration 108 (of 200).   Current convergence value = 0.000301437 (threshold = 0)
  Iteration 109 (of 200).   Current convergence value = 0.000299204 (threshold = 0)
  Iteration 110 (of 200).   Current convergence value = 0.000296937 (threshold = 0)
  Iteration 111 (of 200).   Current convergence value = 0.000294682 (threshold = 0)
  Iteration 112 (of 200).   Current convergence value = 0.00029241 (threshold = 0)
  Iteration 113 (of 200).   Current convergence value = 0.000290168 (threshold = 0)
  Iteration 114 (of 200).   Current convergence value = 0.000288001 (threshold = 0)
  Iteration 115 (of 200).   Current convergence value = 0.000285932 (threshold = 0)
  Iteration 116 (of 200).   Current convergence value = 0.000283829 (threshold = 0)
  Iteration 117 (of 200).   Current convergence value = 0.000286031 (threshold = 0)
  Iteration 118 (of 200).   Current convergence value = 0.00029296 (threshold = 0)
  Iteration 119 (of 200).   Current convergence value = 0.000300417 (threshold = 0)
  Iteration 120 (of 200).   Current convergence value = 0.000308306 (threshold = 0)
  Iteration 121 (of 200).   Current convergence value = 0.000316551 (threshold = 0)
  Iteration 122 (of 200).   Current convergence value = 0.000325212 (threshold = 0)
  Iteration 123 (of 200).   Current convergence value = 0.000334215 (threshold = 0)
  Iteration 124 (of 200).   Current convergence value = 0.000343506 (threshold = 0)
  Iteration 125 (of 200).   Current convergence value = 0.000352983 (threshold = 0)
  Iteration 126 (of 200).   Current convergence value = 0.000362739 (threshold = 0)
  Iteration 127 (of 200).   Current convergence value = 0.000372679 (threshold = 0)
  Iteration 128 (of 200).   Current convergence value = 0.000383024 (threshold = 0)
  Iteration 129 (of 200).   Current convergence value = 0.000393666 (threshold = 0)
  Iteration 130 (of 200).   Current convergence value = 0.000404444 (threshold = 0)
  Iteration 131 (of 200).   Current convergence value = 0.000415185 (threshold = 0)
  Iteration 132 (of 200).   Current convergence value = 0.000425983 (threshold = 0)
  Iteration 133 (of 200).   Current convergence value = 0.000436741 (threshold = 0)
  Iteration 134 (of 200).   Current convergence value = 0.00044751 (threshold = 0)
  Iteration 135 (of 200).   Current convergence value = 0.000458138 (threshold = 0)
  Iteration 136 (of 200).   Current convergence value = 0.000468571 (threshold = 0)
  Iteration 137 (of 200).   Current convergence value = 0.000478767 (threshold = 0)
  Iteration 138 (of 200).   Current convergence value = 0.000488791 (threshold = 0)
  Iteration 139 (of 200).   Current convergence value = 0.000498569 (threshold = 0)
  Iteration 140 (of 200).   Current convergence value = 0.000508118 (threshold = 0)
  Iteration 141 (of 200).   Current convergence value = 0.000515097 (threshold = 0)
  Iteration 142 (of 200).   Current convergence value = 0.00052027 (threshold = 0)
  Iteration 143 (of 200).   Current convergence value = 0.000525007 (threshold = 0)
  Iteration 144 (of 200).   Current convergence value = 0.000529436 (threshold = 0)
  Iteration 145 (of 200).   Current convergence value = 0.000533726 (threshold = 0)
  Iteration 146 (of 200).   Current convergence value = 0.000537744 (threshold = 0)
  Iteration 147 (of 200).   Current convergence value = 0.000541674 (threshold = 0)
  Iteration 148 (of 200).   Current convergence value = 0.000545372 (threshold = 0)
  Iteration 149 (of 200).   Current convergence value = 0.000549006 (threshold = 0)
  Iteration 150 (of 200).   Current convergence value = 0.000552359 (threshold = 0)
  Iteration 151 (of 200).   Current convergence value = 0.000555476 (threshold = 0)
  Iteration 152 (of 200).   Current convergence value = 0.000558351 (threshold = 0)
  Iteration 153 (of 200).   Current convergence value = 0.000560871 (threshold = 0)
  Iteration 154 (of 200).   Current convergence value = 0.000563093 (threshold = 0)
  Iteration 155 (of 200).   Current convergence value = 0.000564963 (threshold = 0)
  Iteration 156 (of 200).   Current convergence value = 0.000542488 (threshold = 0)
  Iteration 157 (of 200).   Current convergence value = 0.000520569 (threshold = 0)
  Iteration 158 (of 200).   Current convergence value = 0.000499549 (threshold = 0)
  Iteration 159 (of 200).   Current convergence value = 0.000479438 (threshold = 0)
  Iteration 160 (of 200).   Current convergence value = 0.000460084 (threshold = 0)
  Iteration 161 (of 200).   Current convergence value = 0.000441649 (threshold = 0)
  Iteration 162 (of 200).   Current convergence value = 0.000425745 (threshold = 0)
  Iteration 163 (of 200).   Current convergence value = 0.000417715 (threshold = 0)
  Iteration 164 (of 200).   Current convergence value = 0.000410229 (threshold = 0)
  Iteration 165 (of 200).   Current convergence value = 0.000403173 (threshold = 0)
  Iteration 166 (of 200).   Current convergence value = 0.00039646 (threshold = 0)
  Iteration 167 (of 200).   Current convergence value = 0.000390157 (threshold = 0)
  Iteration 168 (of 200).   Current convergence value = 0.000384085 (threshold = 0)
  Iteration 169 (of 200).   Current convergence value = 0.000378209 (threshold = 0)
  Iteration 170 (of 200).   Current convergence value = 0.0003725 (threshold = 0)
  Iteration 171 (of 200).   Current convergence value = 0.000367007 (threshold = 0)
  Iteration 172 (of 200).   Current convergence value = 0.000361813 (threshold = 0)
  Iteration 173 (of 200).   Current convergence value = 0.000356911 (threshold = 0)
  Iteration 174 (of 200).   Current convergence value = 0.000352231 (threshold = 0)
  Iteration 175 (of 200).   Current convergence value = 0.000347604 (threshold = 0)
  Iteration 176 (of 200).   Current convergence value = 0.000343065 (threshold = 0)
  Iteration 177 (of 200).   Current convergence value = 0.000338574 (threshold = 0)
  Iteration 178 (of 200).   Current convergence value = 0.000334237 (threshold = 0)
  Iteration 179 (of 200).   Current convergence value = 0.000330053 (threshold = 0)
  Iteration 180 (of 200).   Current convergence value = 0.0003259 (threshold = 0)
  Iteration 181 (of 200).   Current convergence value = 0.00032189 (threshold = 0)
  Iteration 182 (of 200).   Current convergence value = 0.000317932 (threshold = 0)
  Iteration 183 (of 200).   Current convergence value = 0.000314045 (threshold = 0)
  Iteration 184 (of 200).   Current convergence value = 0.000310167 (threshold = 0)
  Iteration 185 (of 200).   Current convergence value = 0.000306337 (threshold = 0)
  Iteration 186 (of 200).   Current convergence value = 0.000302506 (threshold = 0)
  Iteration 187 (of 200).   Current convergence value = 0.000298805 (threshold = 0)
  Iteration 188 (of 200).   Current convergence value = 0.000295117 (threshold = 0)
  Iteration 189 (of 200).   Current convergence value = 0.000291384 (threshold = 0)
  Iteration 190 (of 200).   Current convergence value = 0.000287762 (threshold = 0)
  Iteration 191 (of 200).   Current convergence value = 0.00028416 (threshold = 0)
  Iteration 192 (of 200).   Current convergence value = 0.00028272 (threshold = 0)
  Iteration 193 (of 200).   Current convergence value = 0.000288195 (threshold = 0)
  Iteration 194 (of 200).   Current convergence value = 0.000293865 (threshold = 0)
  Iteration 195 (of 200).   Current convergence value = 0.000299754 (threshold = 0)
  Iteration 196 (of 200).   Current convergence value = 0.000305866 (threshold = 0)
  Iteration 197 (of 200).   Current convergence value = 0.000311971 (threshold = 0)
  Iteration 198 (of 200).   Current convergence value = 0.000318044 (threshold = 0)
  Iteration 199 (of 200).   Current convergence value = 0.000324219 (threshold = 0)
  Iteration 200 (of 200).   Current convergence value = 0.000330609 (threshold = 0)
Current level = 2
  Iteration 1 (of 200).   Current convergence value = 0.00151034 (threshold = 0)
  Iteration 2 (of 200).   Current convergence value = 0.0015478 (threshold = 0)
  Iteration 3 (of 200).   Current convergence value = 0.00160769 (threshold = 0)
  Iteration 4 (of 200).   Current convergence value = 0.00168015 (threshold = 0)
  Iteration 5 (of 200).   Current convergence value = 0.00175396 (threshold = 0)
  Iteration 6 (of 200).   Current convergence value = 0.00182169 (threshold = 0)
  Iteration 7 (of 200).   Current convergence value = 0.00185529 (threshold = 0)
  Iteration 8 (of 200).   Current convergence value = 0.00188278 (threshold = 0)
  Iteration 9 (of 200).   Current convergence value = 0.00190105 (threshold = 0)
  Iteration 10 (of 200).   Current convergence value = 0.00185875 (threshold = 0)
  Iteration 11 (of 200).   Current convergence value = 0.00176014 (threshold = 0)
  Iteration 12 (of 200).   Current convergence value = 0.00168503 (threshold = 0)
  Iteration 13 (of 200).   Current convergence value = 0.00162141 (threshold = 0)
  Iteration 14 (of 200).   Current convergence value = 0.0015676 (threshold = 0)
  Iteration 15 (of 200).   Current convergence value = 0.00152062 (threshold = 0)
  Iteration 16 (of 200).   Current convergence value = 0.00148053 (threshold = 0)
  Iteration 17 (of 200).   Current convergence value = 0.00146983 (threshold = 0)
  Iteration 18 (of 200).   Current convergence value = 0.0014941 (threshold = 0)
  Iteration 19 (of 200).   Current convergence value = 0.00151704 (threshold = 0)
  Iteration 20 (of 200).   Current convergence value = 0.00153653 (threshold = 0)
  Iteration 21 (of 200).   Current convergence value = 0.0015525 (threshold = 0)
  Iteration 22 (of 200).   Current convergence value = 0.00156356 (threshold = 0)
  Iteration 23 (of 200).   Current convergence value = 0.00157032 (threshold = 0)
  Iteration 24 (of 200).   Current convergence value = 0.00157074 (threshold = 0)
  Iteration 25 (of 200).   Current convergence value = 0.00156257 (threshold = 0)
  Iteration 26 (of 200).   Current convergence value = 0.00154723 (threshold = 0)
  Iteration 27 (of 200).   Current convergence value = 0.00152099 (threshold = 0)
  Iteration 28 (of 200).   Current convergence value = 0.00148684 (threshold = 0)
  Iteration 29 (of 200).   Current convergence value = 0.00144905 (threshold = 0)
  Iteration 30 (of 200).   Current convergence value = 0.00142871 (threshold = 0)
  Iteration 31 (of 200).   Current convergence value = 0.00143503 (threshold = 0)
  Iteration 32 (of 200).   Current convergence value = 0.00144294 (threshold = 0)
  Iteration 33 (of 200).   Current convergence value = 0.00135328 (threshold = 0)
  Iteration 34 (of 200).   Current convergence value = 0.00128344 (threshold = 0)
  Iteration 35 (of 200).   Current convergence value = 0.00122729 (threshold = 0)
  Iteration 36 (of 200).   Current convergence value = 0.00118292 (threshold = 0)
  Iteration 37 (of 200).   Current convergence value = 0.00114733 (threshold = 0)
  Iteration 38 (of 200).   Current convergence value = 0.00111883 (threshold = 0)
  Iteration 39 (of 200).   Current convergence value = 0.0010968 (threshold = 0)
  Iteration 40 (of 200).   Current convergence value = 0.0010805 (threshold = 0)
  Iteration 41 (of 200).   Current convergence value = 0.00106823 (threshold = 0)
  Iteration 42 (of 200).   Current convergence value = 0.0010591 (threshold = 0)
  Iteration 43 (of 200).   Current convergence value = 0.00105189 (threshold = 0)
  Iteration 44 (of 200).   Current convergence value = 0.0010459 (threshold = 0)
  Iteration 45 (of 200).   Current convergence value = 0.00104054 (threshold = 0)
  Iteration 46 (of 200).   Current convergence value = 0.00103559 (threshold = 0)
  Iteration 47 (of 200).   Current convergence value = 0.00103029 (threshold = 0)
  Iteration 48 (of 200).   Current convergence value = 0.0010252 (threshold = 0)
  Iteration 49 (of 200).   Current convergence value = 0.00102068 (threshold = 0)
  Iteration 50 (of 200).   Current convergence value = 0.00101601 (threshold = 0)
  Iteration 51 (of 200).   Current convergence value = 0.00101158 (threshold = 0)
  Iteration 52 (of 200).   Current convergence value = 0.00100681 (threshold = 0)
  Iteration 53 (of 200).   Current convergence value = 0.00100141 (threshold = 0)
  Iteration 54 (of 200).   Current convergence value = 0.000996539 (threshold = 0)
  Iteration 55 (of 200).   Current convergence value = 0.00099134 (threshold = 0)
  Iteration 56 (of 200).   Current convergence value = 0.000985628 (threshold = 0)
  Iteration 57 (of 200).   Current convergence value = 0.000979673 (threshold = 0)
  Iteration 58 (of 200).   Current convergence value = 0.000973726 (threshold = 0)
  Iteration 59 (of 200).   Current convergence value = 0.000967971 (threshold = 0)
  Iteration 60 (of 200).   Current convergence value = 0.000962169 (threshold = 0)
  Iteration 61 (of 200).   Current convergence value = 0.000956352 (threshold = 0)
  Iteration 62 (of 200).   Current convergence value = 0.000951403 (threshold = 0)
  Iteration 63 (of 200).   Current convergence value = 0.000945871 (threshold = 0)
  Iteration 64 (of 200).   Current convergence value = 0.000938959 (threshold = 0)
  Iteration 65 (of 200).   Current convergence value = 0.000932423 (threshold = 0)
  Iteration 66 (of 200).   Current convergence value = 0.000934881 (threshold = 0)
  Iteration 67 (of 200).   Current convergence value = 0.00093688 (threshold = 0)
  Iteration 68 (of 200).   Current convergence value = 0.000937815 (threshold = 0)
  Iteration 69 (of 200).   Current convergence value = 0.000936911 (threshold = 0)
  Iteration 70 (of 200).   Current convergence value = 0.000934844 (threshold = 0)
  Iteration 71 (of 200).   Current convergence value = 0.000931797 (threshold = 0)
  Iteration 72 (of 200).   Current convergence value = 0.000927069 (threshold = 0)
  Iteration 73 (of 200).   Current convergence value = 0.00091881 (threshold = 0)
  Iteration 74 (of 200).   Current convergence value = 0.000905923 (threshold = 0)
  Iteration 75 (of 200).   Current convergence value = 0.000889672 (threshold = 0)
  Iteration 76 (of 200).   Current convergence value = 0.000885115 (threshold = 0)
  Iteration 77 (of 200).   Current convergence value = 0.000881367 (threshold = 0)
  Iteration 78 (of 200).   Current convergence value = 0.000878051 (threshold = 0)
  Iteration 79 (of 200).   Current convergence value = 0.000874811 (threshold = 0)
  Iteration 80 (of 200).   Current convergence value = 0.00087127 (threshold = 0)
  Iteration 81 (of 200).   Current convergence value = 0.00086753 (threshold = 0)
  Iteration 82 (of 200).   Current convergence value = 0.00086377 (threshold = 0)
  Iteration 83 (of 200).   Current convergence value = 0.000859622 (threshold = 0)
  Iteration 84 (of 200).   Current convergence value = 0.000854405 (threshold = 0)
  Iteration 85 (of 200).   Current convergence value = 0.000848554 (threshold = 0)
  Iteration 86 (of 200).   Current convergence value = 0.000841998 (threshold = 0)
  Iteration 87 (of 200).   Current convergence value = 0.000836231 (threshold = 0)
  Iteration 88 (of 200).   Current convergence value = 0.00083036 (threshold = 0)
  Iteration 89 (of 200).   Current convergence value = 0.000823144 (threshold = 0)
  Iteration 90 (of 200).   Current convergence value = 0.000814781 (threshold = 0)
  Iteration 91 (of 200).   Current convergence value = 0.000805596 (threshold = 0)
  Iteration 92 (of 200).   Current convergence value = 0.000796111 (threshold = 0)
  Iteration 93 (of 200).   Current convergence value = 0.000786272 (threshold = 0)
  Iteration 94 (of 200).   Current convergence value = 0.00077488 (threshold = 0)
  Iteration 95 (of 200).   Current convergence value = 0.000761513 (threshold = 0)
  Iteration 96 (of 200).   Current convergence value = 0.000755976 (threshold = 0)
  Iteration 97 (of 200).   Current convergence value = 0.000762247 (threshold = 0)
  Iteration 98 (of 200).   Current convergence value = 0.000768988 (threshold = 0)
  Iteration 99 (of 200).   Current convergence value = 0.000774604 (threshold = 0)
  Iteration 100 (of 200).   Current convergence value = 0.000778214 (threshold = 0)
  Iteration 101 (of 200).   Current convergence value = 0.000770494 (threshold = 0)
  Iteration 102 (of 200).   Current convergence value = 0.000757486 (threshold = 0)
  Iteration 103 (of 200).   Current convergence value = 0.000742775 (threshold = 0)
  Iteration 104 (of 200).   Current convergence value = 0.000725605 (threshold = 0)
  Iteration 105 (of 200).   Current convergence value = 0.000707677 (threshold = 0)
  Iteration 106 (of 200).   Current convergence value = 0.000688628 (threshold = 0)
  Iteration 107 (of 200).   Current convergence value = 0.000668347 (threshold = 0)
  Iteration 108 (of 200).   Current convergence value = 0.0006517 (threshold = 0)
  Iteration 109 (of 200).   Current convergence value = 0.000666342 (threshold = 0)
  Iteration 110 (of 200).   Current convergence value = 0.000684644 (threshold = 0)
  Iteration 111 (of 200).   Current convergence value = 0.000705296 (threshold = 0)
  Iteration 112 (of 200).   Current convergence value = 0.00072811 (threshold = 0)
  Iteration 113 (of 200).   Current convergence value = 0.00075364 (threshold = 0)
  Iteration 114 (of 200).   Current convergence value = 0.000781399 (threshold = 0)
  Iteration 115 (of 200).   Current convergence value = 0.000810355 (threshold = 0)
  Iteration 116 (of 200).   Current convergence value = 0.000848496 (threshold = 0)
  Iteration 117 (of 200).   Current convergence value = 0.000888764 (threshold = 0)
  Iteration 118 (of 200).   Current convergence value = 0.000851953 (threshold = 0)
  Iteration 119 (of 200).   Current convergence value = 0.0008165 (threshold = 0)
  Iteration 120 (of 200).   Current convergence value = 0.000785507 (threshold = 0)
  Iteration 121 (of 200).   Current convergence value = 0.000756638 (threshold = 0)
  Iteration 122 (of 200).   Current convergence value = 0.000729981 (threshold = 0)
  Iteration 123 (of 200).   Current convergence value = 0.000705287 (threshold = 0)
  Iteration 124 (of 200).   Current convergence value = 0.000682146 (threshold = 0)
  Iteration 125 (of 200).   Current convergence value = 0.000663862 (threshold = 0)
  Iteration 126 (of 200).   Current convergence value = 0.000646907 (threshold = 0)
  Iteration 127 (of 200).   Current convergence value = 0.000652132 (threshold = 0)
  Iteration 128 (of 200).   Current convergence value = 0.000656401 (threshold = 0)
  Iteration 129 (of 200).   Current convergence value = 0.00065981 (threshold = 0)
  Iteration 130 (of 200).   Current convergence value = 0.000659559 (threshold = 0)
  Iteration 131 (of 200).   Current convergence value = 0.000656549 (threshold = 0)
  Iteration 132 (of 200).   Current convergence value = 0.000650381 (threshold = 0)
  Iteration 133 (of 200).   Current convergence value = 0.000641538 (threshold = 0)
  Iteration 134 (of 200).   Current convergence value = 0.000623804 (threshold = 0)
  Iteration 135 (of 200).   Current convergence value = 0.000594793 (threshold = 0)
  Iteration 136 (of 200).   Current convergence value = 0.000572528 (threshold = 0)
  Iteration 137 (of 200).   Current convergence value = 0.000583637 (threshold = 0)
  Iteration 138 (of 200).   Current convergence value = 0.000596302 (threshold = 0)
  Iteration 139 (of 200).   Current convergence value = 0.000610455 (threshold = 0)
  Iteration 140 (of 200).   Current convergence value = 0.000627059 (threshold = 0)
  Iteration 141 (of 200).   Current convergence value = 0.000646068 (threshold = 0)
  Iteration 142 (of 200).   Current convergence value = 0.000668076 (threshold = 0)
  Iteration 143 (of 200).   Current convergence value = 0.000693597 (threshold = 0)
  Iteration 144 (of 200).   Current convergence value = 0.0007202 (threshold = 0)
  Iteration 145 (of 200).   Current convergence value = 0.000747894 (threshold = 0)
  Iteration 146 (of 200).   Current convergence value = 0.000779716 (threshold = 0)
  Iteration 147 (of 200).   Current convergence value = 0.000813848 (threshold = 0)
  Iteration 148 (of 200).   Current convergence value = 0.000848501 (threshold = 0)
  Iteration 149 (of 200).   Current convergence value = 0.000871351 (threshold = 0)
  Iteration 150 (of 200).   Current convergence value = 0.000891613 (threshold = 0)
  Iteration 151 (of 200).   Current convergence value = 0.00085759 (threshold = 0)
  Iteration 152 (of 200).   Current convergence value = 0.000813336 (threshold = 0)
  Iteration 153 (of 200).   Current convergence value = 0.000773366 (threshold = 0)
  Iteration 154 (of 200).   Current convergence value = 0.000742079 (threshold = 0)
  Iteration 155 (of 200).   Current convergence value = 0.000719941 (threshold = 0)
  Iteration 156 (of 200).   Current convergence value = 0.000722395 (threshold = 0)
  Iteration 157 (of 200).   Current convergence value = 0.000713568 (threshold = 0)
  Iteration 158 (of 200).   Current convergence value = 0.000704326 (threshold = 0)
  Iteration 159 (of 200).   Current convergence value = 0.000691881 (threshold = 0)
  Iteration 160 (of 200).   Current convergence value = 0.00067603 (threshold = 0)
  Iteration 161 (of 200).   Current convergence value = 0.00065771 (threshold = 0)
  Iteration 162 (of 200).   Current convergence value = 0.000636969 (threshold = 0)
  Iteration 163 (of 200).   Current convergence value = 0.000616255 (threshold = 0)
  Iteration 164 (of 200).   Current convergence value = 0.00059554 (threshold = 0)
  Iteration 165 (of 200).   Current convergence value = 0.000594528 (threshold = 0)
  Iteration 166 (of 200).   Current convergence value = 0.000596409 (threshold = 0)
  Iteration 167 (of 200).   Current convergence value = 0.000600527 (threshold = 0)
  Iteration 168 (of 200).   Current convergence value = 0.00060242 (threshold = 0)
  Iteration 169 (of 200).   Current convergence value = 0.0006049 (threshold = 0)
  Iteration 170 (of 200).   Current convergence value = 0.000612524 (threshold = 0)
  Iteration 171 (of 200).   Current convergence value = 0.000621554 (threshold = 0)
  Iteration 172 (of 200).   Current convergence value = 0.000631474 (threshold = 0)
  Iteration 173 (of 200).   Current convergence value = 0.000641995 (threshold = 0)
  Iteration 174 (of 200).   Current convergence value = 0.000653609 (threshold = 0)
  Iteration 175 (of 200).   Current convergence value = 0.00066817 (threshold = 0)
  Iteration 176 (of 200).   Current convergence value = 0.000686134 (threshold = 0)
  Iteration 177 (of 200).   Current convergence value = 0.000704902 (threshold = 0)
  Iteration 178 (of 200).   Current convergence value = 0.000728748 (threshold = 0)
  Iteration 179 (of 200).   Current convergence value = 0.000754853 (threshold = 0)
  Iteration 180 (of 200).   Current convergence value = 0.00077756 (threshold = 0)
  Iteration 181 (of 200).   Current convergence value = 0.000796217 (threshold = 0)
  Iteration 182 (of 200).   Current convergence value = 0.000809688 (threshold = 0)
  Iteration 183 (of 200).   Current convergence value = 0.000823842 (threshold = 0)
  Iteration 184 (of 200).   Current convergence value = 0.000833136 (threshold = 0)
  Iteration 185 (of 200).   Current convergence value = 0.000842303 (threshold = 0)
  Iteration 186 (of 200).   Current convergence value = 0.00084995 (threshold = 0)
  Iteration 187 (of 200).   Current convergence value = 0.000862196 (threshold = 0)
  Iteration 188 (of 200).   Current convergence value = 0.000873094 (threshold = 0)
  Iteration 189 (of 200).   Current convergence value = 0.000856163 (threshold = 0)
  Iteration 190 (of 200).   Current convergence value = 0.000838553 (threshold = 0)
  Iteration 191 (of 200).   Current convergence value = 0.000818339 (threshold = 0)
  Iteration 192 (of 200).   Current convergence value = 0.000795826 (threshold = 0)
  Iteration 193 (of 200).   Current convergence value = 0.000769912 (threshold = 0)
  Iteration 194 (of 200).   Current convergence value = 0.000740434 (threshold = 0)
  Iteration 195 (of 200).   Current convergence value = 0.00070958 (threshold = 0)
  Iteration 196 (of 200).   Current convergence value = 0.000683901 (threshold = 0)
  Iteration 197 (of 200).   Current convergence value = 0.000673592 (threshold = 0)
  Iteration 198 (of 200).   Current convergence value = 0.000665655 (threshold = 0)
  Iteration 199 (of 200).   Current convergence value = 0.000659148 (threshold = 0)
  Iteration 200 (of 200).   Current convergence value = 0.000652713 (threshold = 0)
Current level = 3
  Iteration 1 (of 200).   Current convergence value = 0.00349986 (threshold = 0)
  Iteration 2 (of 200).   Current convergence value = 0.00296405 (threshold = 0)
  Iteration 3 (of 200).   Current convergence value = 0.00259353 (threshold = 0)
  Iteration 4 (of 200).   Current convergence value = 0.00230959 (threshold = 0)
  Iteration 5 (of 200).   Current convergence value = 0.00208109 (threshold = 0)
  Iteration 6 (of 200).   Current convergence value = 0.00190304 (threshold = 0)
  Iteration 7 (of 200).   Current convergence value = 0.0017623 (threshold = 0)
  Iteration 8 (of 200).   Current convergence value = 0.0016461 (threshold = 0)
  Iteration 9 (of 200).   Current convergence value = 0.00154901 (threshold = 0)
  Iteration 10 (of 200).   Current convergence value = 0.00147118 (threshold = 0)
  Iteration 11 (of 200).   Current convergence value = 0.00141182 (threshold = 0)
  Iteration 12 (of 200).   Current convergence value = 0.00132552 (threshold = 0)
  Iteration 13 (of 200).   Current convergence value = 0.00126096 (threshold = 0)
  Iteration 14 (of 200).   Current convergence value = 0.00121802 (threshold = 0)
  Iteration 15 (of 200).   Current convergence value = 0.00118601 (threshold = 0)
  Iteration 16 (of 200).   Current convergence value = 0.00115892 (threshold = 0)
  Iteration 17 (of 200).   Current convergence value = 0.00113626 (threshold = 0)
  Iteration 18 (of 200).   Current convergence value = 0.00111614 (threshold = 0)
  Iteration 19 (of 200).   Current convergence value = 0.00109767 (threshold = 0)
  Iteration 20 (of 200).   Current convergence value = 0.00108138 (threshold = 0)
  Iteration 21 (of 200).   Current convergence value = 0.00106618 (threshold = 0)
  Iteration 22 (of 200).   Current convergence value = 0.00105248 (threshold = 0)
  Iteration 23 (of 200).   Current convergence value = 0.00103899 (threshold = 0)
  Iteration 24 (of 200).   Current convergence value = 0.00102628 (threshold = 0)
  Iteration 25 (of 200).   Current convergence value = 0.00101298 (threshold = 0)
  Iteration 26 (of 200).   Current convergence value = 0.000998711 (threshold = 0)
  Iteration 27 (of 200).   Current convergence value = 0.000984 (threshold = 0)
  Iteration 28 (of 200).   Current convergence value = 0.00097006 (threshold = 0)
  Iteration 29 (of 200).   Current convergence value = 0.000957004 (threshold = 0)
  Iteration 30 (of 200).   Current convergence value = 0.000944563 (threshold = 0)
  Iteration 31 (of 200).   Current convergence value = 0.000932732 (threshold = 0)
  Iteration 32 (of 200).   Current convergence value = 0.000922597 (threshold = 0)
  Iteration 33 (of 200).   Current convergence value = 0.000913356 (threshold = 0)
  Iteration 34 (of 200).   Current convergence value = 0.000905186 (threshold = 0)
  Iteration 35 (of 200).   Current convergence value = 0.000897048 (threshold = 0)
  Iteration 36 (of 200).   Current convergence value = 0.000889684 (threshold = 0)
  Iteration 37 (of 200).   Current convergence value = 0.000882942 (threshold = 0)
  Iteration 38 (of 200).   Current convergence value = 0.000876939 (threshold = 0)
  Iteration 39 (of 200).   Current convergence value = 0.00087166 (threshold = 0)
  Iteration 40 (of 200).   Current convergence value = 0.000866628 (threshold = 0)
  Iteration 41 (of 200).   Current convergence value = 0.000861644 (threshold = 0)
  Iteration 42 (of 200).   Current convergence value = 0.000856474 (threshold = 0)
  Iteration 43 (of 200).   Current convergence value = 0.000850564 (threshold = 0)
  Iteration 44 (of 200).   Current convergence value = 0.000844396 (threshold = 0)
  Iteration 45 (of 200).   Current convergence value = 0.000837967 (threshold = 0)
  Iteration 46 (of 200).   Current convergence value = 0.000831782 (threshold = 0)
  Iteration 47 (of 200).   Current convergence value = 0.000824858 (threshold = 0)
  Iteration 48 (of 200).   Current convergence value = 0.000817269 (threshold = 0)
  Iteration 49 (of 200).   Current convergence value = 0.000809759 (threshold = 0)
  Iteration 50 (of 200).   Current convergence value = 0.000802686 (threshold = 0)
  Iteration 51 (of 200).   Current convergence value = 0.000795421 (threshold = 0)
  Iteration 52 (of 200).   Current convergence value = 0.00078808 (threshold = 0)
  Iteration 53 (of 200).   Current convergence value = 0.000780862 (threshold = 0)
  Iteration 54 (of 200).   Current convergence value = 0.000773293 (threshold = 0)
  Iteration 55 (of 200).   Current convergence value = 0.000765168 (threshold = 0)
  Iteration 56 (of 200).   Current convergence value = 0.000756997 (threshold = 0)
  Iteration 57 (of 200).   Current convergence value = 0.000749865 (threshold = 0)
  Iteration 58 (of 200).   Current convergence value = 0.000742409 (threshold = 0)
  Iteration 59 (of 200).   Current convergence value = 0.000735032 (threshold = 0)
  Iteration 60 (of 200).   Current convergence value = 0.00072736 (threshold = 0)
  Iteration 61 (of 200).   Current convergence value = 0.000719842 (threshold = 0)
  Iteration 62 (of 200).   Current convergence value = 0.000712238 (threshold = 0)
  Iteration 63 (of 200).   Current convergence value = 0.000704918 (threshold = 0)
  Iteration 64 (of 200).   Current convergence value = 0.000697236 (threshold = 0)
  Iteration 65 (of 200).   Current convergence value = 0.000689737 (threshold = 0)
  Iteration 66 (of 200).   Current convergence value = 0.000682301 (threshold = 0)
  Iteration 67 (of 200).   Current convergence value = 0.000674744 (threshold = 0)
  Iteration 68 (of 200).   Current convergence value = 0.000667903 (threshold = 0)
  Iteration 69 (of 200).   Current convergence value = 0.000661873 (threshold = 0)
  Iteration 70 (of 200).   Current convergence value = 0.000655556 (threshold = 0)
  Iteration 71 (of 200).   Current convergence value = 0.000649244 (threshold = 0)
  Iteration 72 (of 200).   Current convergence value = 0.000641908 (threshold = 0)
  Iteration 73 (of 200).   Current convergence value = 0.000635004 (threshold = 0)
  Iteration 74 (of 200).   Current convergence value = 0.000630079 (threshold = 0)
  Iteration 75 (of 200).   Current convergence value = 0.000625604 (threshold = 0)
  Iteration 76 (of 200).   Current convergence value = 0.000621608 (threshold = 0)
  Iteration 77 (of 200).   Current convergence value = 0.000598826 (threshold = 0)
  Iteration 78 (of 200).   Current convergence value = 0.00059417 (threshold = 0)
  Iteration 79 (of 200).   Current convergence value = 0.000598497 (threshold = 0)
  Iteration 80 (of 200).   Current convergence value = 0.000605036 (threshold = 0)
  Iteration 81 (of 200).   Current convergence value = 0.00061266 (threshold = 0)
  Iteration 82 (of 200).   Current convergence value = 0.000614918 (threshold = 0)
  Iteration 83 (of 200).   Current convergence value = 0.000617993 (threshold = 0)
  Iteration 84 (of 200).   Current convergence value = 0.000619694 (threshold = 0)
  Iteration 85 (of 200).   Current convergence value = 0.000610953 (threshold = 0)
  Iteration 86 (of 200).   Current convergence value = 0.0006025 (threshold = 0)
  Iteration 87 (of 200).   Current convergence value = 0.00059742 (threshold = 0)
  Iteration 88 (of 200).   Current convergence value = 0.000592844 (threshold = 0)
  Iteration 89 (of 200).   Current convergence value = 0.000586714 (threshold = 0)
  Iteration 90 (of 200).   Current convergence value = 0.000578732 (threshold = 0)
  Iteration 91 (of 200).   Current convergence value = 0.000570559 (threshold = 0)
  Iteration 92 (of 200).   Current convergence value = 0.00056255 (threshold = 0)
  Iteration 93 (of 200).   Current convergence value = 0.000551041 (threshold = 0)
  Iteration 94 (of 200).   Current convergence value = 0.000540779 (threshold = 0)
  Iteration 95 (of 200).   Current convergence value = 0.000527427 (threshold = 0)
  Iteration 96 (of 200).   Current convergence value = 0.000517496 (threshold = 0)
  Iteration 97 (of 200).   Current convergence value = 0.000508261 (threshold = 0)
  Iteration 98 (of 200).   Current convergence value = 0.000497983 (threshold = 0)
  Iteration 99 (of 200).   Current convergence value = 0.00048913 (threshold = 0)
  Iteration 100 (of 200).   Current convergence value = 0.000482007 (threshold = 0)
  Iteration 101 (of 200).   Current convergence value = 0.000478438 (threshold = 0)
  Iteration 102 (of 200).   Current convergence value = 0.000478736 (threshold = 0)
  Iteration 103 (of 200).   Current convergence value = 0.000481346 (threshold = 0)
  Iteration 104 (of 200).   Current convergence value = 0.000488618 (threshold = 0)
  Iteration 105 (of 200).   Current convergence value = 0.000499286 (threshold = 0)
  Iteration 106 (of 200).   Current convergence value = 0.000519525 (threshold = 0)
  Iteration 107 (of 200).   Current convergence value = 0.000567772 (threshold = 0)
  Iteration 108 (of 200).   Current convergence value = 0.000619946 (threshold = 0)
  Iteration 109 (of 200).   Current convergence value = 0.000645552 (threshold = 0)
  Iteration 110 (of 200).   Current convergence value = 0.00067173 (threshold = 0)
  Iteration 111 (of 200).   Current convergence value = 0.000696889 (threshold = 0)
  Iteration 112 (of 200).   Current convergence value = 0.00072115 (threshold = 0)
  Iteration 113 (of 200).   Current convergence value = 0.000746845 (threshold = 0)
  Iteration 114 (of 200).   Current convergence value = 0.000772499 (threshold = 0)
  Iteration 115 (of 200).   Current convergence value = 0.000795289 (threshold = 0)
  Iteration 116 (of 200).   Current convergence value = 0.000811644 (threshold = 0)
  Iteration 117 (of 200).   Current convergence value = 0.000823198 (threshold = 0)
  Iteration 118 (of 200).   Current convergence value = 0.000831076 (threshold = 0)
  Iteration 119 (of 200).   Current convergence value = 0.000832823 (threshold = 0)
  Iteration 120 (of 200).   Current convergence value = 0.000811832 (threshold = 0)
  Iteration 121 (of 200).   Current convergence value = 0.000647352 (threshold = 0)
  Iteration 122 (of 200).   Current convergence value = 0.000558683 (threshold = 0)
  Iteration 123 (of 200).   Current convergence value = 0.000510328 (threshold = 0)
  Iteration 124 (of 200).   Current convergence value = 0.000483146 (threshold = 0)
  Iteration 125 (of 200).   Current convergence value = 0.000466181 (threshold = 0)
  Iteration 126 (of 200).   Current convergence value = 0.000455088 (threshold = 0)
  Iteration 127 (of 200).   Current convergence value = 0.000445657 (threshold = 0)
  Iteration 128 (of 200).   Current convergence value = 0.000437122 (threshold = 0)
  Iteration 129 (of 200).   Current convergence value = 0.0004224 (threshold = 0)
  Iteration 130 (of 200).   Current convergence value = 0.000403819 (threshold = 0)
  Iteration 131 (of 200).   Current convergence value = 0.000388109 (threshold = 0)
  Iteration 132 (of 200).   Current convergence value = 0.000374861 (threshold = 0)
  Iteration 133 (of 200).   Current convergence value = 0.000363855 (threshold = 0)
  Iteration 134 (of 200).   Current convergence value = 0.000354588 (threshold = 0)
  Iteration 135 (of 200).   Current convergence value = 0.00034641 (threshold = 0)
  Iteration 136 (of 200).   Current convergence value = 0.000339548 (threshold = 0)
  Iteration 137 (of 200).   Current convergence value = 0.000334492 (threshold = 0)
  Iteration 138 (of 200).   Current convergence value = 0.000330557 (threshold = 0)
  Iteration 139 (of 200).   Current convergence value = 0.000328506 (threshold = 0)
  Iteration 140 (of 200).   Current convergence value = 0.000328495 (threshold = 0)
  Iteration 141 (of 200).   Current convergence value = 0.000330947 (threshold = 0)
  Iteration 142 (of 200).   Current convergence value = 0.000335706 (threshold = 0)
  Iteration 143 (of 200).   Current convergence value = 0.000342557 (threshold = 0)
  Iteration 144 (of 200).   Current convergence value = 0.000352175 (threshold = 0)
  Iteration 145 (of 200).   Current convergence value = 0.000364443 (threshold = 0)
  Iteration 146 (of 200).   Current convergence value = 0.000378932 (threshold = 0)
  Iteration 147 (of 200).   Current convergence value = 0.000396683 (threshold = 0)
  Iteration 148 (of 200).   Current convergence value = 0.000417198 (threshold = 0)
  Iteration 149 (of 200).   Current convergence value = 0.000439535 (threshold = 0)
  Iteration 150 (of 200).   Current convergence value = 0.000464776 (threshold = 0)
  Iteration 151 (of 200).   Current convergence value = 0.000520538 (threshold = 0)
  Iteration 152 (of 200).   Current convergence value = 0.000594124 (threshold = 0)
  Iteration 153 (of 200).   Current convergence value = 0.000632774 (threshold = 0)
  Iteration 154 (of 200).   Current convergence value = 0.000660323 (threshold = 0)
  Iteration 155 (of 200).   Current convergence value = 0.00068733 (threshold = 0)
  Iteration 156 (of 200).   Current convergence value = 0.000713646 (threshold = 0)
  Iteration 157 (of 200).   Current convergence value = 0.000742176 (threshold = 0)
  Iteration 158 (of 200).   Current convergence value = 0.000768941 (threshold = 0)
  Iteration 159 (of 200).   Current convergence value = 0.000791496 (threshold = 0)
  Iteration 160 (of 200).   Current convergence value = 0.00080786 (threshold = 0)
  Iteration 161 (of 200).   Current convergence value = 0.000820281 (threshold = 0)
  Iteration 162 (of 200).   Current convergence value = 0.000829418 (threshold = 0)
  Iteration 163 (of 200).   Current convergence value = 0.000832769 (threshold = 0)
  Iteration 164 (of 200).   Current convergence value = 0.000830709 (threshold = 0)
  Iteration 165 (of 200).   Current convergence value = 0.000824461 (threshold = 0)
  Iteration 166 (of 200).   Current convergence value = 0.000718832 (threshold = 0)
  Iteration 167 (of 200).   Current convergence value = 0.000588373 (threshold = 0)
  Iteration 168 (of 200).   Current convergence value = 0.000510776 (threshold = 0)
  Iteration 169 (of 200).   Current convergence value = 0.000464977 (threshold = 0)
  Iteration 170 (of 200).   Current convergence value = 0.000437187 (threshold = 0)
  Iteration 171 (of 200).   Current convergence value = 0.00041271 (threshold = 0)
  Iteration 172 (of 200).   Current convergence value = 0.000387002 (threshold = 0)
  Iteration 173 (of 200).   Current convergence value = 0.000368416 (threshold = 0)
  Iteration 174 (of 200).   Current convergence value = 0.000355281 (threshold = 0)
  Iteration 175 (of 200).   Current convergence value = 0.000346389 (threshold = 0)
  Iteration 176 (of 200).   Current convergence value = 0.000340903 (threshold = 0)
  Iteration 177 (of 200).   Current convergence value = 0.000340797 (threshold = 0)
  Iteration 178 (of 200).   Current convergence value = 0.000344295 (threshold = 0)
  Iteration 179 (of 200).   Current convergence value = 0.000351407 (threshold = 0)
  Iteration 180 (of 200).   Current convergence value = 0.000362117 (threshold = 0)
  Iteration 181 (of 200).   Current convergence value = 0.00037698 (threshold = 0)
  Iteration 182 (of 200).   Current convergence value = 0.000395113 (threshold = 0)
  Iteration 183 (of 200).   Current convergence value = 0.000415783 (threshold = 0)
  Iteration 184 (of 200).   Current convergence value = 0.00043899 (threshold = 0)
  Iteration 185 (of 200).   Current convergence value = 0.000466273 (threshold = 0)
  Iteration 186 (of 200).   Current convergence value = 0.000528092 (threshold = 0)
  Iteration 187 (of 200).   Current convergence value = 0.000606986 (threshold = 0)
  Iteration 188 (of 200).   Current convergence value = 0.000674245 (threshold = 0)
  Iteration 189 (of 200).   Current convergence value = 0.000712102 (threshold = 0)
  Iteration 190 (of 200).   Current convergence value = 0.00074714 (threshold = 0)
  Iteration 191 (of 200).   Current convergence value = 0.000779451 (threshold = 0)
  Iteration 192 (of 200).   Current convergence value = 0.000805949 (threshold = 0)
  Iteration 193 (of 200).   Current convergence value = 0.000829434 (threshold = 0)
  Iteration 194 (of 200).   Current convergence value = 0.000845974 (threshold = 0)
  Iteration 195 (of 200).   Current convergence value = 0.000858499 (threshold = 0)
  Iteration 196 (of 200).   Current convergence value = 0.000863258 (threshold = 0)
  Iteration 197 (of 200).   Current convergence value = 0.000862908 (threshold = 0)
  Iteration 198 (of 200).   Current convergence value = 0.000855111 (threshold = 0)
  Iteration 199 (of 200).   Current convergence value = 0.000839985 (threshold = 0)
  Iteration 200 (of 200).   Current convergence value = 0.000818037 (threshold = 0)
Current level = 4
  Iteration 1 (of 200).   Current convergence value = 0.00450896 (threshold = 0)
  Iteration 2 (of 200).   Current convergence value = 0.00391723 (threshold = 0)
  Iteration 3 (of 200).   Current convergence value = 0.00368921 (threshold = 0)
  Iteration 4 (of 200).   Current convergence value = 0.00350506 (threshold = 0)
  Iteration 5 (of 200).   Current convergence value = 0.00336194 (threshold = 0)
  Iteration 6 (of 200).   Current convergence value = 0.00331892 (threshold = 0)
  Iteration 7 (of 200).   Current convergence value = 0.00317958 (threshold = 0)
  Iteration 8 (of 200).   Current convergence value = 0.00270074 (threshold = 0)
  Iteration 9 (of 200).   Current convergence value = 0.00257429 (threshold = 0)
  Iteration 10 (of 200).   Current convergence value = 0.00248696 (threshold = 0)
  Iteration 11 (of 200).   Current convergence value = 0.00240776 (threshold = 0)
  Iteration 12 (of 200).   Current convergence value = 0.00232536 (threshold = 0)
  Iteration 13 (of 200).   Current convergence value = 0.00225113 (threshold = 0)
  Iteration 14 (of 200).   Current convergence value = 0.00218245 (threshold = 0)
  Iteration 15 (of 200).   Current convergence value = 0.00211842 (threshold = 0)
  Iteration 16 (of 200).   Current convergence value = 0.00206142 (threshold = 0)
  Iteration 17 (of 200).   Current convergence value = 0.0020078 (threshold = 0)
  Iteration 18 (of 200).   Current convergence value = 0.00195727 (threshold = 0)
  Iteration 19 (of 200).   Current convergence value = 0.00191658 (threshold = 0)
  Iteration 20 (of 200).   Current convergence value = 0.00188744 (threshold = 0)
  Iteration 21 (of 200).   Current convergence value = 0.00187362 (threshold = 0)
  Iteration 22 (of 200).   Current convergence value = 0.00188023 (threshold = 0)
  Iteration 23 (of 200).   Current convergence value = 0.00190803 (threshold = 0)
  Iteration 24 (of 200).   Current convergence value = 0.00196937 (threshold = 0)
  Iteration 25 (of 200).   Current convergence value = 0.00172893 (threshold = 0)
  Iteration 26 (of 200).   Current convergence value = 0.00162186 (threshold = 0)
  Iteration 27 (of 200).   Current convergence value = 0.00156897 (threshold = 0)
  Iteration 28 (of 200).   Current convergence value = 0.00153465 (threshold = 0)
  Iteration 29 (of 200).   Current convergence value = 0.00150506 (threshold = 0)
  Iteration 30 (of 200).   Current convergence value = 0.00148 (threshold = 0)
  Iteration 31 (of 200).   Current convergence value = 0.00145737 (threshold = 0)
  Iteration 32 (of 200).   Current convergence value = 0.00143683 (threshold = 0)
  Iteration 33 (of 200).   Current convergence value = 0.00142163 (threshold = 0)
  Iteration 34 (of 200).   Current convergence value = 0.00140368 (threshold = 0)
  Iteration 35 (of 200).   Current convergence value = 0.00138576 (threshold = 0)
  Iteration 36 (of 200).   Current convergence value = 0.00136394 (threshold = 0)
  Iteration 37 (of 200).   Current convergence value = 0.00134615 (threshold = 0)
  Iteration 38 (of 200).   Current convergence value = 0.00133244 (threshold = 0)
  Iteration 39 (of 200).   Current convergence value = 0.00132036 (threshold = 0)
  Iteration 40 (of 200).   Current convergence value = 0.00131085 (threshold = 0)
  Iteration 41 (of 200).   Current convergence value = 0.00129858 (threshold = 0)
  Iteration 42 (of 200).   Current convergence value = 0.00128123 (threshold = 0)
  Iteration 43 (of 200).   Current convergence value = 0.00126411 (threshold = 0)
  Iteration 44 (of 200).   Current convergence value = 0.00124754 (threshold = 0)
  Iteration 45 (of 200).   Current convergence value = 0.0012306 (threshold = 0)
  Iteration 46 (of 200).   Current convergence value = 0.00121326 (threshold = 0)
  Iteration 47 (of 200).   Current convergence value = 0.00119248 (threshold = 0)
  Iteration 48 (of 200).   Current convergence value = 0.00116961 (threshold = 0)
  Iteration 49 (of 200).   Current convergence value = 0.00114628 (threshold = 0)
  Iteration 50 (of 200).   Current convergence value = 0.00112119 (threshold = 0)
  Iteration 51 (of 200).   Current convergence value = 0.00109652 (threshold = 0)
  Iteration 52 (of 200).   Current convergence value = 0.00107453 (threshold = 0)
  Iteration 53 (of 200).   Current convergence value = 0.00105193 (threshold = 0)
  Iteration 54 (of 200).   Current convergence value = 0.00102912 (threshold = 0)
  Iteration 55 (of 200).   Current convergence value = 0.00100587 (threshold = 0)
  Iteration 56 (of 200).   Current convergence value = 0.00097956 (threshold = 0)
  Iteration 57 (of 200).   Current convergence value = 0.000953632 (threshold = 0)
  Iteration 58 (of 200).   Current convergence value = 0.000929602 (threshold = 0)
  Iteration 59 (of 200).   Current convergence value = 0.000909006 (threshold = 0)
  Iteration 60 (of 200).   Current convergence value = 0.000889622 (threshold = 0)
  Iteration 61 (of 200).   Current convergence value = 0.000872442 (threshold = 0)
  Iteration 62 (of 200).   Current convergence value = 0.000859564 (threshold = 0)
  Iteration 63 (of 200).   Current convergence value = 0.00084938 (threshold = 0)
  Iteration 64 (of 200).   Current convergence value = 0.000841344 (threshold = 0)
  Iteration 65 (of 200).   Current convergence value = 0.000836479 (threshold = 0)
  Iteration 66 (of 200).   Current convergence value = 0.000829878 (threshold = 0)
  Iteration 67 (of 200).   Current convergence value = 0.000822143 (threshold = 0)
  Iteration 68 (of 200).   Current convergence value = 0.000816433 (threshold = 0)
  Iteration 69 (of 200).   Current convergence value = 0.000810242 (threshold = 0)
  Iteration 70 (of 200).   Current convergence value = 0.000806532 (threshold = 0)
  Iteration 71 (of 200).   Current convergence value = 0.000806006 (threshold = 0)
  Iteration 72 (of 200).   Current convergence value = 0.000807515 (threshold = 0)
  Iteration 73 (of 200).   Current convergence value = 0.000807411 (threshold = 0)
  Iteration 74 (of 200).   Current convergence value = 0.000803913 (threshold = 0)
  Iteration 75 (of 200).   Current convergence value = 0.000805731 (threshold = 0)
  Iteration 76 (of 200).   Current convergence value = 0.000808021 (threshold = 0)
  Iteration 77 (of 200).   Current convergence value = 0.000812844 (threshold = 0)
  Iteration 78 (of 200).   Current convergence value = 0.00082228 (threshold = 0)
  Iteration 79 (of 200).   Current convergence value = 0.000827644 (threshold = 0)
  Iteration 80 (of 200).   Current convergence value = 0.000827885 (threshold = 0)
  Iteration 81 (of 200).   Current convergence value = 0.000825792 (threshold = 0)
  Iteration 82 (of 200).   Current convergence value = 0.000820268 (threshold = 0)
  Iteration 83 (of 200).   Current convergence value = 0.000814422 (threshold = 0)
  Iteration 84 (of 200).   Current convergence value = 0.000807097 (threshold = 0)
  Iteration 85 (of 200).   Current convergence value = 0.000800942 (threshold = 0)
  Iteration 86 (of 200).   Current convergence value = 0.000795886 (threshold = 0)
  Iteration 87 (of 200).   Current convergence value = 0.000791807 (threshold = 0)
  Iteration 88 (of 200).   Current convergence value = 0.000787419 (threshold = 0)
  Iteration 89 (of 200).   Current convergence value = 0.000783475 (threshold = 0)
  Iteration 90 (of 200).   Current convergence value = 0.000776982 (threshold = 0)
  Iteration 91 (of 200).   Current convergence value = 0.000767924 (threshold = 0)
  Iteration 92 (of 200).   Current convergence value = 0.000759176 (threshold = 0)
  Iteration 93 (of 200).   Current convergence value = 0.00075122 (threshold = 0)
  Iteration 94 (of 200).   Current convergence value = 0.000744044 (threshold = 0)
  Iteration 95 (of 200).   Current convergence value = 0.000737801 (threshold = 0)
  Iteration 96 (of 200).   Current convergence value = 0.000732143 (threshold = 0)
  Iteration 97 (of 200).   Current convergence value = 0.000727287 (threshold = 0)
  Iteration 98 (of 200).   Current convergence value = 0.00072003 (threshold = 0)
  Iteration 99 (of 200).   Current convergence value = 0.000712694 (threshold = 0)
  Iteration 100 (of 200).   Current convergence value = 0.000705334 (threshold = 0)
  Iteration 101 (of 200).   Current convergence value = 0.000698812 (threshold = 0)
  Iteration 102 (of 200).   Current convergence value = 0.000691218 (threshold = 0)
  Iteration 103 (of 200).   Current convergence value = 0.000673632 (threshold = 0)
  Iteration 104 (of 200).   Current convergence value = 0.000656143 (threshold = 0)
  Iteration 105 (of 200).   Current convergence value = 0.000642756 (threshold = 0)
  Iteration 106 (of 200).   Current convergence value = 0.000631266 (threshold = 0)
  Iteration 107 (of 200).   Current convergence value = 0.000621992 (threshold = 0)
  Iteration 108 (of 200).   Current convergence value = 0.000613138 (threshold = 0)
  Iteration 109 (of 200).   Current convergence value = 0.000603961 (threshold = 0)
  Iteration 110 (of 200).   Current convergence value = 0.00059022 (threshold = 0)
  Iteration 111 (of 200).   Current convergence value = 0.000573757 (threshold = 0)
  Iteration 112 (of 200).   Current convergence value = 0.000556393 (threshold = 0)
  Iteration 113 (of 200).   Current convergence value = 0.000540121 (threshold = 0)
  Iteration 114 (of 200).   Current convergence value = 0.000527217 (threshold = 0)
  Iteration 115 (of 200).   Current convergence value = 0.000514211 (threshold = 0)
  Iteration 116 (of 200).   Current convergence value = 0.000501653 (threshold = 0)
  Iteration 117 (of 200).   Current convergence value = 0.000492499 (threshold = 0)
  Iteration 118 (of 200).   Current convergence value = 0.000486467 (threshold = 0)
  Iteration 119 (of 200).   Current convergence value = 0.000479377 (threshold = 0)
  Iteration 120 (of 200).   Current convergence value = 0.000469163 (threshold = 0)
  Iteration 121 (of 200).   Current convergence value = 0.000458141 (threshold = 0)
  Iteration 122 (of 200).   Current convergence value = 0.000447827 (threshold = 0)
  Iteration 123 (of 200).   Current convergence value = 0.000435597 (threshold = 0)
  Iteration 124 (of 200).   Current convergence value = 0.000423932 (threshold = 0)
  Iteration 125 (of 200).   Current convergence value = 0.000413734 (threshold = 0)
  Iteration 126 (of 200).   Current convergence value = 0.000404188 (threshold = 0)
  Iteration 127 (of 200).   Current convergence value = 0.000395822 (threshold = 0)
  Iteration 128 (of 200).   Current convergence value = 0.000389685 (threshold = 0)
  Iteration 129 (of 200).   Current convergence value = 0.000385265 (threshold = 0)
  Iteration 130 (of 200).   Current convergence value = 0.0003811 (threshold = 0)
  Iteration 131 (of 200).   Current convergence value = 0.000377859 (threshold = 0)
  Iteration 132 (of 200).   Current convergence value = 0.000374128 (threshold = 0)
  Iteration 133 (of 200).   Current convergence value = 0.000371182 (threshold = 0)
  Iteration 134 (of 200).   Current convergence value = 0.00036865 (threshold = 0)
  Iteration 135 (of 200).   Current convergence value = 0.000364741 (threshold = 0)
  Iteration 136 (of 200).   Current convergence value = 0.000364082 (threshold = 0)
  Iteration 137 (of 200).   Current convergence value = 0.00036289 (threshold = 0)
  Iteration 138 (of 200).   Current convergence value = 0.000361385 (threshold = 0)
  Iteration 139 (of 200).   Current convergence value = 0.000359585 (threshold = 0)
  Iteration 140 (of 200).   Current convergence value = 0.000361281 (threshold = 0)
  Iteration 141 (of 200).   Current convergence value = 0.000363118 (threshold = 0)
  Iteration 142 (of 200).   Current convergence value = 0.000365151 (threshold = 0)
  Iteration 143 (of 200).   Current convergence value = 0.000364613 (threshold = 0)
  Iteration 144 (of 200).   Current convergence value = 0.00036371 (threshold = 0)
  Iteration 145 (of 200).   Current convergence value = 0.000362376 (threshold = 0)
  Iteration 146 (of 200).   Current convergence value = 0.000361405 (threshold = 0)
  Iteration 147 (of 200).   Current convergence value = 0.000360999 (threshold = 0)
  Iteration 148 (of 200).   Current convergence value = 0.000360231 (threshold = 0)
  Iteration 149 (of 200).   Current convergence value = 0.000358587 (threshold = 0)
  Iteration 150 (of 200).   Current convergence value = 0.000353796 (threshold = 0)
  Iteration 151 (of 200).   Current convergence value = 0.000349411 (threshold = 0)
  Iteration 152 (of 200).   Current convergence value = 0.000345213 (threshold = 0)
  Iteration 153 (of 200).   Current convergence value = 0.000342028 (threshold = 0)
  Iteration 154 (of 200).   Current convergence value = 0.00034057 (threshold = 0)
  Iteration 155 (of 200).   Current convergence value = 0.000340262 (threshold = 0)
  Iteration 156 (of 200).   Current convergence value = 0.000341114 (threshold = 0)
  Iteration 157 (of 200).   Current convergence value = 0.000342902 (threshold = 0)
  Iteration 158 (of 200).   Current convergence value = 0.000344242 (threshold = 0)
  Iteration 159 (of 200).   Current convergence value = 0.000345337 (threshold = 0)
  Iteration 160 (of 200).   Current convergence value = 0.000345087 (threshold = 0)
  Iteration 161 (of 200).   Current convergence value = 0.000343947 (threshold = 0)
  Iteration 162 (of 200).   Current convergence value = 0.000344045 (threshold = 0)
  Iteration 163 (of 200).   Current convergence value = 0.00034381 (threshold = 0)
  Iteration 164 (of 200).   Current convergence value = 0.000344122 (threshold = 0)
  Iteration 165 (of 200).   Current convergence value = 0.000339764 (threshold = 0)
  Iteration 166 (of 200).   Current convergence value = 0.000334741 (threshold = 0)
  Iteration 167 (of 200).   Current convergence value = 0.000328538 (threshold = 0)
  Iteration 168 (of 200).   Current convergence value = 0.000321266 (threshold = 0)
  Iteration 169 (of 200).   Current convergence value = 0.000315428 (threshold = 0)
  Iteration 170 (of 200).   Current convergence value = 0.000310688 (threshold = 0)
  Iteration 171 (of 200).   Current convergence value = 0.000306873 (threshold = 0)
  Iteration 172 (of 200).   Current convergence value = 0.000303652 (threshold = 0)
  Iteration 173 (of 200).   Current convergence value = 0.000300522 (threshold = 0)
  Iteration 174 (of 200).   Current convergence value = 0.000297663 (threshold = 0)
  Iteration 175 (of 200).   Current convergence value = 0.000294793 (threshold = 0)
  Iteration 176 (of 200).   Current convergence value = 0.000292071 (threshold = 0)
  Iteration 177 (of 200).   Current convergence value = 0.000289558 (threshold = 0)
  Iteration 178 (of 200).   Current convergence value = 0.000286994 (threshold = 0)
  Iteration 179 (of 200).   Current convergence value = 0.000284688 (threshold = 0)
  Iteration 180 (of 200).   Current convergence value = 0.000282433 (threshold = 0)
  Iteration 181 (of 200).   Current convergence value = 0.000279616 (threshold = 0)
  Iteration 182 (of 200).   Current convergence value = 0.000277728 (threshold = 0)
  Iteration 183 (of 200).   Current convergence value = 0.000276791 (threshold = 0)
  Iteration 184 (of 200).   Current convergence value = 0.000276753 (threshold = 0)
  Iteration 185 (of 200).   Current convergence value = 0.000277467 (threshold = 0)
  Iteration 186 (of 200).   Current convergence value = 0.000278829 (threshold = 0)
  Iteration 187 (of 200).   Current convergence value = 0.000279942 (threshold = 0)
  Iteration 188 (of 200).   Current convergence value = 0.00028039 (threshold = 0)
  Iteration 189 (of 200).   Current convergence value = 0.000280658 (threshold = 0)
  Iteration 190 (of 200).   Current convergence value = 0.000281219 (threshold = 0)
  Iteration 191 (of 200).   Current convergence value = 0.000282373 (threshold = 0)
  Iteration 192 (of 200).   Current convergence value = 0.000284712 (threshold = 0)
  Iteration 193 (of 200).   Current convergence value = 0.000287365 (threshold = 0)
  Iteration 194 (of 200).   Current convergence value = 0.000291341 (threshold = 0)
  Iteration 195 (of 200).   Current convergence value = 0.00029501 (threshold = 0)
  Iteration 196 (of 200).   Current convergence value = 0.000297953 (threshold = 0)
  Iteration 197 (of 200).   Current convergence value = 0.000301126 (threshold = 0)
  Iteration 198 (of 200).   Current convergence value = 0.000302656 (threshold = 0)
  Iteration 199 (of 200).   Current convergence value = 0.000304185 (threshold = 0)
  Iteration 200 (of 200).   Current convergence value = 0.000304654 (threshold = 0)
   N4BiasFieldCorrectionImageFilter (0x1c6c240)
     RTTI typeinfo:   itk::N4BiasFieldCorrectionImageFilter<itk::Image<float, 3u>, itk::Image<float, 3u>, itk::Image<float, 3u> >
     Reference Count: 1
     Modified Time: 574
     Debug: Off
     Object Name: 
     Observers: 
       IterationEvent(Command)
     Inputs: 
       ConfidenceImage: (0)
       MaskImage: (0x1c7eaf0)
       Primary: (0x1c7c080) *
     Indexed Inputs: 
       0: Primary (0x1c7c080)
       1: MaskImage (0x1c7eaf0)
       2: ConfidenceImage (0)
     Required Input Names: Primary
     NumberOfRequiredInputs: 1
     Outputs: 
       Primary: (0x1c79b90)
     Indexed Outputs: 
       0: Primary (0x1c79b90)
     NumberOfRequiredOutputs: 1
     Number Of Work Units: 128
     ReleaseDataFlag: Off
     ReleaseDataBeforeUpdateFlag: Off
     AbortGenerateData: Off
     Progress: 0
     Multithreader: 
       RTTI typeinfo:   itk::PoolMultiThreader
       Reference Count: 1
       Modified Time: 140
       Debug: Off
       Object Name: 
       Observers: 
         none
       Number of Work Units: 128
       Number of Threads: 56
       Global Maximum Number Of Threads: 128
       Global Default Number Of Threads: 56
       Global Default Threader Type: itk::MultiThreaderBaseEnums::Threader::Pool
       SingleMethod: 0
       SingleData: 0
     DynamicMultiThreading: On
     CoordinateTolerance: 1e-06
     DirectionTolerance: 1e-06
     Use Mask Label: 0
     Mask label: 1
     Number of histogram bins: 200
     Wiener filter noise: 0.01
     Bias field FWHM: 0.15
     Maximum number of iterations: [200, 200, 200, 200]
     Convergence threshold: 0
     Spline order: 3
     Number of fitting levels: [4, 4, 4]
     Number of control points: [5, 5, 4]
     CurrentConvergenceMeasurement: 0.000304654
     CurrentLevel: 4
     ElapsedIterations: 201
     LogBiasFieldControlPointLattice: 
       Image (0x21ccf40)
         RTTI typeinfo:   itk::Image<itk::Vector<float, 1u>, 3u>
         Reference Count: 1
         Modified Time: 2616003
         Debug: Off
         Object Name: 
         Observers: 
           none
         Source: (none)
         Source output name: (none)
         Release Data: Off
         Data Released: False
         Global Release Data: Off
         PipelineMTime: 0
         UpdateMTime: 0
         RealTimeStamp: 0 seconds 
         LargestPossibleRegion: 
           Dimension: 3
           Index: [0, 0, 0]
           Size: [19, 19, 11]
         BufferedRegion: 
           Dimension: 3
           Index: [0, 0, 0]
           Size: [19, 19, 11]
         RequestedRegion: 
           Dimension: 3
           Index: [0, 0, 0]
           Size: [19, 19, 11]
         Spacing: [12, 12, 12]
         Origin: [-12.3914, 15.3483, -6.54853]
         Direction: 
0.99945 -3.15427e-08 0.0331682
0.0118385 -0.934133 -0.356728
-0.0309835 -0.356925 0.933619

         IndexToPointMatrix: 
11.9934 -3.78512e-07 0.398018
0.142062 -11.2096 -4.28074
-0.371802 -4.2831 11.2034

         PointToIndexMatrix: 
0.0832875 0.000986543 -0.00258196
-2.64401e-09 -0.0778444 -0.0297437
0.00276402 -0.0297274 0.0778016

         Inverse Direction: 
0.99945 0.0118385 -0.0309835
-3.17281e-08 -0.934133 -0.356925
0.0331682 -0.356728 0.933619

         PixelContainer: 
           ImportImageContainer (0x1c70c10)
             RTTI typeinfo:   itk::ImportImageContainer<unsigned long, itk::Vector<float, 1u> >
             Reference Count: 1
             Modified Time: 2616004
             Debug: Off
             Object Name: 
             Observers: 
               none
             Pointer: 0x270a660
             Container manages memory: true
             Size: 3971
             Capacity: 3971
Elapsed time: 22.523
All_Command_lines_OK
Using double precision for computations.
=============================================================================
The composite transform comprises the following transforms (in order): 
  1. Center of mass alignment using fixed image: /home/ccn30/rds/rds-p00500_encrypt-URQgmO1brZ0/p00500/ENCRYPT_images/26547/fMRI/N4meanEPI.nii and moving image: /home/ccn30/rds/rds-p00500_encrypt-URQgmO1brZ0/p00500/ENCRYPT_images/26547/mp2rage/n4mag0000_PSIR_skulled_std_struc_brain.nii (type = Euler3DTransform)
=============================================================================
  Reading mask(s).
    Registration stage 0
      No fixed mask
      No moving mask
    Registration stage 1
      Fixed mask = /home/ccn30/rds/rds-p00500_encrypt-URQgmO1brZ0/p00500/ENCRYPT_images/26547/fMRI/fixedEPIMask.nii
      No moving mask
  number of levels = 3
  number of levels = 4
  fixed image: /home/ccn30/rds/rds-p00500_encrypt-URQgmO1brZ0/p00500/ENCRYPT_images/26547/fMRI/N4meanEPI.nii
  moving image: /home/ccn30/rds/rds-p00500_encrypt-URQgmO1brZ0/p00500/ENCRYPT_images/26547/mp2rage/n4mag0000_PSIR_skulled_std_struc_brain.nii
  fixed image: /home/ccn30/rds/rds-p00500_encrypt-URQgmO1brZ0/p00500/ENCRYPT_images/26547/fMRI/N4meanEPI.nii
  moving image: /home/ccn30/rds/rds-p00500_encrypt-URQgmO1brZ0/p00500/ENCRYPT_images/26547/mp2rage/n4mag0000_PSIR_skulled_std_struc_brain.nii
Dimension = 3
Number of stages = 2
Use Histogram Matching false
Winsorize image intensities true
Lower quantile = 0.005
Upper quantile = 0.995
Stage 1 State
   Image metric = Mattes
     Fixed image = Image (0x2f7cad0)
  RTTI typeinfo:   itk::Image<double, 3u>
  Reference Count: 2
  Modified Time: 1979
  Debug: Off
  Object Name: 
  Observers: 
    none
  Source: (none)
  Source output name: (none)
  Release Data: Off
  Data Released: False
  Global Release Data: Off
  PipelineMTime: 0
  UpdateMTime: 1762
  RealTimeStamp: 0 seconds 
  LargestPossibleRegion: 
    Dimension: 3
    Index: [0, 0, 0]
    Size: [128, 128, 42]
  BufferedRegion: 
    Dimension: 3
    Index: [0, 0, 0]
    Size: [128, 128, 42]
  RequestedRegion: 
    Dimension: 3
    Index: [0, 0, 0]
    Size: [128, 128, 42]
  Spacing: [1.5, 1.5, 1]
  Origin: [-95.7538, 80.5149, 29.8753]
  Direction: 
0.99945 -3.15427e-08 0.0331682
0.0118385 -0.934133 -0.356728
-0.0309835 -0.356925 0.933619

  IndexToPointMatrix: 
1.49917 -4.7314e-08 0.0331682
0.0177578 -1.4012 -0.356728
-0.0464753 -0.535387 0.933619

  PointToIndexMatrix: 
0.6663 0.00789235 -0.0206557
-2.1152e-08 -0.622755 -0.23795
0.0331682 -0.356728 0.933619

  Inverse Direction: 
0.99945 0.0118385 -0.0309835
-3.17281e-08 -0.934133 -0.356925
0.0331682 -0.356728 0.933619

  PixelContainer: 
    ImportImageContainer (0x2f7cd90)
      RTTI typeinfo:   itk::ImportImageContainer<unsigned long, double>
      Reference Count: 1
      Modified Time: 1759
      Debug: Off
      Object Name: 
      Observers: 
        none
      Pointer: 0x3038e70
      Container manages memory: true
      Size: 688128
      Capacity: 688128

     Moving image = Image (0x3037c90)
  RTTI typeinfo:   itk::Image<double, 3u>
  Reference Count: 2
  Modified Time: 1980
  Debug: Off
  Object Name: 
  Observers: 
    none
  Source: (none)
  Source output name: (none)
  Release Data: Off
  Data Released: False
  Global Release Data: Off
  PipelineMTime: 0
  UpdateMTime: 1977
  RealTimeStamp: 0 seconds 
  LargestPossibleRegion: 
    Dimension: 3
    Index: [0, 0, 0]
    Size: [224, 320, 320]
  BufferedRegion: 
    Dimension: 3
    Index: [0, 0, 0]
    Size: [224, 320, 320]
  RequestedRegion: 
    Dimension: 3
    Index: [0, 0, 0]
    Size: [224, 320, 320]
  Spacing: [0.7, 0.7, 0.7]
  Origin: [-76.8093, 74.7286, -103.862]
  Direction: 
1 0 0
0 -1 0
0 0 1

  IndexToPointMatrix: 
0.7 0 0
0 -0.7 0
0 0 0.7

  PointToIndexMatrix: 
1.42857 0 0
0 -1.42857 0
0 0 1.42857

  Inverse Direction: 
1 0 0
0 -1 0
0 0 1

  PixelContainer: 
    ImportImageContainer (0x30380a0)
      RTTI typeinfo:   itk::ImportImageContainer<unsigned long, double>
      Reference Count: 1
      Modified Time: 1974
      Debug: Off
      Object Name: 
      Observers: 
        none
      Pointer: 0x2b99bb3d0010
      Container manages memory: true
      Size: 22937600
      Capacity: 22937600

     Weighting = 1
     Sampling strategy = random
     Number of bins = 32
     Radius = 4
     Sampling percentage  = 0.5
   Transform = Translation
     Gradient step = 0.2
     Update field sigma (voxel space) = 0
     Total field sigma (voxel space) = 0
     Update field time sigma = 0
     Total field time sigma  = 0
     Number of time indices = 0
     Number of time point samples = 0
Stage 2 State
   Image metric = Mattes
     Fixed image = Image (0x3038b20)
  RTTI typeinfo:   itk::Image<double, 3u>
  Reference Count: 2
  Modified Time: 2411
  Debug: Off
  Object Name: 
  Observers: 
    none
  Source: (none)
  Source output name: (none)
  Release Data: Off
  Data Released: False
  Global Release Data: Off
  PipelineMTime: 0
  UpdateMTime: 2194
  RealTimeStamp: 0 seconds 
  LargestPossibleRegion: 
    Dimension: 3
    Index: [0, 0, 0]
    Size: [128, 128, 42]
  BufferedRegion: 
    Dimension: 3
    Index: [0, 0, 0]
    Size: [128, 128, 42]
  RequestedRegion: 
    Dimension: 3
    Index: [0, 0, 0]
    Size: [128, 128, 42]
  Spacing: [1.5, 1.5, 1]
  Origin: [-95.7538, 80.5149, 29.8753]
  Direction: 
0.99945 -3.15427e-08 0.0331682
0.0118385 -0.934133 -0.356728
-0.0309835 -0.356925 0.933619

  IndexToPointMatrix: 
1.49917 -4.7314e-08 0.0331682
0.0177578 -1.4012 -0.356728
-0.0464753 -0.535387 0.933619

  PointToIndexMatrix: 
0.6663 0.00789235 -0.0206557
-2.1152e-08 -0.622755 -0.23795
0.0331682 -0.356728 0.933619

  Inverse Direction: 
0.99945 0.0118385 -0.0309835
-3.17281e-08 -0.934133 -0.356925
0.0331682 -0.356728 0.933619

  PixelContainer: 
    ImportImageContainer (0x3036b40)
      RTTI typeinfo:   itk::ImportImageContainer<unsigned long, double>
      Reference Count: 1
      Modified Time: 2191
      Debug: Off
      Object Name: 
      Observers: 
        none
      Pointer: 0x357d690
      Container manages memory: true
      Size: 688128
      Capacity: 688128

     Moving image = Image (0x357d3a0)
  RTTI typeinfo:   itk::Image<double, 3u>
  Reference Count: 2
  Modified Time: 2412
  Debug: Off
  Object Name: 
  Observers: 
    none
  Source: (none)
  Source output name: (none)
  Release Data: Off
  Data Released: False
  Global Release Data: Off
  PipelineMTime: 0
  UpdateMTime: 2409
  RealTimeStamp: 0 seconds 
  LargestPossibleRegion: 
    Dimension: 3
    Index: [0, 0, 0]
    Size: [224, 320, 320]
  BufferedRegion: 
    Dimension: 3
    Index: [0, 0, 0]
    Size: [224, 320, 320]
  RequestedRegion: 
    Dimension: 3
    Index: [0, 0, 0]
    Size: [224, 320, 320]
  Spacing: [0.7, 0.7, 0.7]
  Origin: [-76.8093, 74.7286, -103.862]
  Direction: 
1 0 0
0 -1 0
0 0 1

  IndexToPointMatrix: 
0.7 0 0
0 -0.7 0
0 0 0.7

  PointToIndexMatrix: 
1.42857 0 0
0 -1.42857 0
0 0 1.42857

  Inverse Direction: 
1 0 0
0 -1 0
0 0 1

  PixelContainer: 
    ImportImageContainer (0x3031f10)
      RTTI typeinfo:   itk::ImportImageContainer<unsigned long, double>
      Reference Count: 1
      Modified Time: 2406
      Debug: Off
      Object Name: 
      Observers: 
        none
      Pointer: 0x2b99c62d1010
      Container manages memory: true
      Size: 22937600
      Capacity: 22937600

     Weighting = 1
     Sampling strategy = random
     Number of bins = 32
     Radius = 4
     Sampling percentage  = 0.5
   Transform = Rigid
     Gradient step = 0.2
     Update field sigma (voxel space) = 0
     Total field sigma (voxel space) = 0
     Update field time sigma = 0
     Total field time sigma  = 0
     Number of time indices = 0
     Number of time point samples = 0
Registration using 2 total stages.

Stage 0
  iterations = 400x200x100
  convergence threshold = 1e-06
  convergence window size = 10
  number of levels = 3
  using the Mattes MI metric (number of bins = 32, weight = 1)
  preprocessing:  winsorizing the image intensities
  Shrink factors (level 1 out of 3): [5, 5, 8]
  Shrink factors (level 2 out of 3): [3, 3, 4]
  Shrink factors (level 3 out of 3): [1, 1, 2]
  smoothing sigmas per level: [0, 0, 0]
  random sampling (percentage = 0.5)

*** Running TranslationTransform registration ***

DIAGNOSTIC,Iteration,metricValue,convergenceValue,ITERATION_TIME_INDEX,SINCE_LAST
 2DIAGNOSTIC,     1, -4.663652103996e-01, 1.797693134862e+308, 8.9286e-02, 8.9286e-02, 
 2DIAGNOSTIC,     2, -4.776622620811e-01, 1.797693134862e+308, 9.7878e-02, 8.5921e-03, 
 2DIAGNOSTIC,     3, -4.767965759079e-01, 1.797693134862e+308, 1.1091e-01, 1.3033e-02, 
 2DIAGNOSTIC,     4, -4.782410311573e-01, 1.797693134862e+308, 1.1659e-01, 5.6789e-03, 
 2DIAGNOSTIC,     5, -4.808489229567e-01, 1.797693134862e+308, 1.2246e-01, 5.8732e-03, 
 2DIAGNOSTIC,     6, -4.822460129666e-01, 1.797693134862e+308, 1.3139e-01, 8.9309e-03, 
 2DIAGNOSTIC,     7, -4.823216024400e-01, 1.797693134862e+308, 1.3815e-01, 6.7601e-03, 
 2DIAGNOSTIC,     8, -4.823723469657e-01, 1.797693134862e+308, 1.4405e-01, 5.8930e-03, 
 2DIAGNOSTIC,     9, -4.824276702211e-01, 1.797693134862e+308, 1.4984e-01, 5.7881e-03, 
 2DIAGNOSTIC,    10, -4.824723797430e-01, 1.564355649237e-03, 1.7713e-01, 2.7293e-02, 
 2DIAGNOSTIC,    11, -4.824723779239e-01, 7.266975847558e-04, 2.0621e-01, 2.9083e-02, 
 2DIAGNOSTIC,    12, -4.824723779239e-01, 5.262499662709e-04, 2.2568e-01, 1.9472e-02, 
 2DIAGNOSTIC,    13, -4.824723779239e-01, 2.706701845291e-04, 2.3867e-01, 1.2984e-02, 
 2DIAGNOSTIC,    14, -4.824723779239e-01, 8.605192525542e-05, 2.4692e-01, 8.2521e-03, 
 2DIAGNOSTIC,    15, -4.824723779239e-01, 1.985115889649e-05, 2.5706e-01, 1.0137e-02, 
 2DIAGNOSTIC,    16, -4.824723779239e-01, 1.196324173940e-05, 2.6661e-01, 9.5570e-03, 
 2DIAGNOSTIC,    17, -4.824723779239e-01, 6.717539963258e-06, 2.7522e-01, 8.6031e-03, 
 2DIAGNOSTIC,    18, -4.824723779239e-01, 3.242588035558e-06, 2.8345e-01, 8.2331e-03, 
 2DIAGNOSTIC,    19, -4.824723779239e-01, 1.680193017953e-06, 2.9107e-01, 7.6239e-03, 
 2DIAGNOSTIC,    20, -4.824723779239e-01, 1.595949105787e-06, 2.9893e-01, 7.8559e-03, 
 2DIAGNOSTIC,    21, -4.824723779239e-01, 1.519703423832e-06, 3.0756e-01, 8.6279e-03, 
 2DIAGNOSTIC,    22, -4.824723779239e-01, 1.450410762903e-06, 3.1590e-01, 8.3392e-03, 
 2DIAGNOSTIC,    23, -4.824723779239e-01, 1.387161506279e-06, 3.2400e-01, 8.0991e-03, 
 2DIAGNOSTIC,    24, -4.824723779239e-01, 1.329198071325e-06, 3.3301e-01, 9.0098e-03, 
 2DIAGNOSTIC,    25, -4.824723779239e-01, 1.275884420900e-06, 3.4070e-01, 7.6950e-03, 
 2DIAGNOSTIC,    26, -4.824723779239e-01, 1.226682627573e-06, 3.4796e-01, 7.2641e-03, 
 2DIAGNOSTIC,    27, -4.824723779239e-01, 1.181134659058e-06, 3.5619e-01, 8.2300e-03, 
 2DIAGNOSTIC,    28, -4.824723779239e-01, 1.138848076426e-06, 3.6393e-01, 7.7319e-03, 
 2DIAGNOSTIC,    29, -4.824723779239e-01, 1.099484698015e-06, 3.7239e-01, 8.4620e-03, 
 2DIAGNOSTIC,    30, -4.824723779239e-01, 1.062751536017e-06, 3.8121e-01, 8.8210e-03, 
 2DIAGNOSTIC,    31, -4.824723779239e-01, 1.028393491039e-06, 3.8928e-01, 8.0671e-03, 
DIAGNOSTIC,Iteration,metricValue,convergenceValue,ITERATION_TIME_INDEX,SINCE_LAST
 2DIAGNOSTIC,     1, -4.148436568790e-01, 1.797693134862e+308, 5.0249e-01, 1.1322e-01, 
 2DIAGNOSTIC,     2, -3.702043620493e-01, 1.797693134862e+308, 5.2590e-01, 2.3404e-02, 
 2DIAGNOSTIC,     3, -3.715503970203e-01, 1.797693134862e+308, 5.4849e-01, 2.2595e-02, 
 2DIAGNOSTIC,     4, -3.716228930745e-01, 1.797693134862e+308, 5.9403e-01, 4.5539e-02, 
 2DIAGNOSTIC,     5, -3.716229139209e-01, 1.797693134862e+308, 6.6453e-01, 7.0499e-02, 
 2DIAGNOSTIC,     6, -3.716229139192e-01, 1.797693134862e+308, 7.1919e-01, 5.4661e-02, 
 2DIAGNOSTIC,     7, -3.716229139192e-01, 1.797693134862e+308, 7.4156e-01, 2.2367e-02, 
 2DIAGNOSTIC,     8, -3.716229139192e-01, 1.797693134862e+308, 7.6718e-01, 2.5625e-02, 
 2DIAGNOSTIC,     9, -3.716229139192e-01, 1.797693134862e+308, 7.8941e-01, 2.2231e-02, 
DIAGNOSTIC,Iteration,metricValue,convergenceValue,ITERATION_TIME_INDEX,SINCE_LAST
 2DIAGNOSTIC,     1, -3.386217049229e-01, 1.797693134862e+308, 1.3062e+00, 5.1676e-01, 
 2DIAGNOSTIC,     2, -3.410292360871e-01, 1.797693134862e+308, 1.6045e+00, 2.9836e-01, 
 2DIAGNOSTIC,     3, -3.458770955553e-01, 1.797693134862e+308, 1.9118e+00, 3.0726e-01, 
 2DIAGNOSTIC,     4, -3.485748513622e-01, 1.797693134862e+308, 2.2108e+00, 2.9897e-01, 
 2DIAGNOSTIC,     5, -3.606697896829e-01, 1.797693134862e+308, 2.5044e+00, 2.9368e-01, 
 2DIAGNOSTIC,     6, -3.719572138625e-01, 1.797693134862e+308, 2.8013e+00, 2.9683e-01, 
 2DIAGNOSTIC,     7, -4.744722929297e-01, 1.797693134862e+308, 3.3554e+00, 5.5415e-01, 
 2DIAGNOSTIC,     8, -5.211235232123e-01, 1.797693134862e+308, 3.7327e+00, 3.7725e-01, 
 2DIAGNOSTIC,     9, -5.246187470880e-01, 1.797693134862e+308, 4.8031e+00, 1.0704e+00, 
 2DIAGNOSTIC,    10, -5.246187451056e-01, 3.629060365351e-02, 5.8788e+00, 1.0757e+00, 
 2DIAGNOSTIC,    11, -5.246187451056e-01, 3.374646819485e-02, 6.5620e+00, 6.8316e-01, 
 2DIAGNOSTIC,    12, -5.246187451056e-01, 2.878120543908e-02, 6.8979e+00, 3.3591e-01, 
 2DIAGNOSTIC,    13, -5.246187451056e-01, 2.236322079929e-02, 7.2741e+00, 3.7628e-01, 
 2DIAGNOSTIC,    14, -5.246187451056e-01, 1.519754755557e-02, 7.6524e+00, 3.7823e-01, 
 2DIAGNOSTIC,    15, -5.246187451056e-01, 8.347532744424e-03, 8.0056e+00, 3.5319e-01, 
 2DIAGNOSTIC,    16, -5.246187451056e-01, 2.073706875056e-03, 8.3432e+00, 3.3765e-01, 
 2DIAGNOSTIC,    17, -5.246187451056e-01, 1.291002165746e-04, 8.6760e+00, 3.3281e-01, 
 2DIAGNOSTIC,    18, -5.246187451056e-01, 1.998861123606e-06, 9.0963e+00, 4.2023e-01, 
 2DIAGNOSTIC,    19, -5.246187451056e-01, 1.880743124641e-06, 9.4271e+00, 3.3085e-01, 
 2DIAGNOSTIC,    20, -5.246187451056e-01, 1.775752780070e-06, 9.8057e+00, 3.7863e-01, 
 2DIAGNOSTIC,    21, -5.246187451056e-01, 1.681864600978e-06, 1.0097e+01, 2.9155e-01, 
 2DIAGNOSTIC,    22, -5.246187451056e-01, 1.597406029313e-06, 1.0429e+01, 3.3126e-01, 
 2DIAGNOSTIC,    23, -5.246187451056e-01, 1.521024405773e-06, 1.0761e+01, 3.3220e-01, 
 2DIAGNOSTIC,    24, -5.246187451056e-01, 1.451613980109e-06, 1.1118e+01, 3.5686e-01, 
 2DIAGNOSTIC,    25, -5.246187451056e-01, 1.388262032380e-06, 1.1484e+01, 3.6653e-01, 
 2DIAGNOSTIC,    26, -5.246187451056e-01, 1.330208513090e-06, 1.1774e+01, 2.8973e-01, 
 2DIAGNOSTIC,    27, -5.246187451056e-01, 1.276815402934e-06, 1.2150e+01, 3.7621e-01, 
 2DIAGNOSTIC,    28, -5.246187451056e-01, 1.227543167136e-06, 1.2513e+01, 3.6309e-01, 
 2DIAGNOSTIC,    29, -5.246187451056e-01, 1.181932458905e-06, 1.2804e+01, 2.9125e-01, 
 2DIAGNOSTIC,    30, -5.246187451056e-01, 1.139589755804e-06, 1.3137e+01, 3.3236e-01, 
 2DIAGNOSTIC,    31, -5.246187451056e-01, 1.100175976813e-06, 1.3468e+01, 3.3140e-01, 
 2DIAGNOSTIC,    32, -5.246187451056e-01, 1.063397382380e-06, 1.3802e+01, 3.3377e-01, 
 2DIAGNOSTIC,    33, -5.246187451056e-01, 1.028998240983e-06, 1.4135e+01, 3.3304e-01, 
  Elapsed time (stage 0): 1.4711e+01


Stage 1
  iterations = 500x500x250x50
  convergence threshold = 1.0000e-06
  convergence window size = 10
  number of levels = 4
  using the Mattes MI metric (number of bins = 32, weight = 1.0000e+00)
  preprocessing:  winsorizing the image intensities
  Shrink factors (level 1 out of 4): [4, 4, 6]
  Shrink factors (level 2 out of 4): [3, 3, 4]
  Shrink factors (level 3 out of 4): [1, 1, 2]
  Shrink factors (level 4 out of 4): [1, 1, 1]
  smoothing sigmas per level: [2, 1, 0, 0]
  random sampling (percentage = 5.0000e-01)

*** Running Euler3DTransform registration ***

DIAGNOSTIC,Iteration,metricValue,convergenceValue,ITERATION_TIME_INDEX,SINCE_LAST
 2DIAGNOSTIC,     1, -4.595144295847e-01, 1.797693134862e+308, 1.3132e+00, 1.3132e+00, 
 2DIAGNOSTIC,     2, -4.631196284138e-01, 1.797693134862e+308, 1.3192e+00, 5.9750e-03, 
 2DIAGNOSTIC,     3, -4.657550637853e-01, 1.797693134862e+308, 1.3260e+00, 6.8750e-03, 
 2DIAGNOSTIC,     4, -4.677133635796e-01, 1.797693134862e+308, 1.3343e+00, 8.2939e-03, 
 2DIAGNOSTIC,     5, -4.708787831467e-01, 1.797693134862e+308, 1.3439e+00, 9.5441e-03, 
 2DIAGNOSTIC,     6, -4.712237175283e-01, 1.797693134862e+308, 1.3508e+00, 6.8929e-03, 
 2DIAGNOSTIC,     7, -4.721122984210e-01, 1.797693134862e+308, 1.3589e+00, 8.1620e-03, 
 2DIAGNOSTIC,     8, -4.742343384625e-01, 1.797693134862e+308, 1.3667e+00, 7.7429e-03, 
 2DIAGNOSTIC,     9, -4.747027189518e-01, 1.797693134862e+308, 1.3727e+00, 6.0289e-03, 
 2DIAGNOSTIC,    10, -4.748977836875e-01, 2.035485749333e-03, 1.3788e+00, 6.1388e-03, 
 2DIAGNOSTIC,    11, -4.749228569889e-01, 1.455062554534e-03, 1.3850e+00, 6.1829e-03, 
 2DIAGNOSTIC,    12, -4.749700187168e-01, 1.025368669784e-03, 1.3922e+00, 7.1850e-03, 
 2DIAGNOSTIC,    13, -4.751179199182e-01, 6.969981745877e-04, 1.4051e+00, 1.2838e-02, 
 2DIAGNOSTIC,    14, -4.751199880596e-01, 4.334307824864e-04, 1.4111e+00, 6.0310e-03, 
 2DIAGNOSTIC,    15, -4.751306402045e-01, 2.949580301280e-04, 1.4172e+00, 6.1190e-03, 
 2DIAGNOSTIC,    16, -4.751367649397e-01, 1.606342171509e-04, 1.4248e+00, 7.6139e-03, 
 2DIAGNOSTIC,    17, -4.751379984560e-01, 5.726806363832e-05, 1.4319e+00, 7.1321e-03, 
 2DIAGNOSTIC,    18, -4.751383496929e-01, 3.091967071669e-05, 1.4396e+00, 7.6511e-03, 
 2DIAGNOSTIC,    19, -4.751384508023e-01, 1.934692365738e-05, 1.4486e+00, 9.0001e-03, 
 2DIAGNOSTIC,    20, -4.751384550240e-01, 1.322996945682e-05, 1.4725e+00, 2.3897e-02, 
 2DIAGNOSTIC,    21, -4.751384550239e-01, 7.343488826472e-06, 1.4901e+00, 1.7643e-02, 
 2DIAGNOSTIC,    22, -4.751384550239e-01, 2.629529300094e-06, 1.4980e+00, 7.8690e-03, 
 2DIAGNOSTIC,    23, -4.751384550239e-01, 2.088711077659e-06, 1.5060e+00, 7.9529e-03, 
 2DIAGNOSTIC,    24, -4.751384550239e-01, 1.574175057008e-06, 1.5161e+00, 1.0124e-02, 
 2DIAGNOSTIC,    25, -4.751384550239e-01, 1.330653951089e-06, 1.5245e+00, 8.4090e-03, 
 2DIAGNOSTIC,    26, -4.751384550239e-01, 1.241944747918e-06, 1.5343e+00, 9.8350e-03, 
 2DIAGNOSTIC,    27, -4.751384550239e-01, 1.185891125403e-06, 1.5417e+00, 7.3900e-03, 
 2DIAGNOSTIC,    28, -4.751384550239e-01, 1.141104969633e-06, 1.5497e+00, 7.9989e-03, 
 2DIAGNOSTIC,    29, -4.751384550239e-01, 1.101503713463e-06, 1.5589e+00, 9.1970e-03, 
 2DIAGNOSTIC,    30, -4.751384550239e-01, 1.064637782558e-06, 1.5682e+00, 9.3100e-03, 
 2DIAGNOSTIC,    31, -4.751384550239e-01, 1.030159645574e-06, 1.5760e+00, 7.7870e-03, 
DIAGNOSTIC,Iteration,metricValue,convergenceValue,ITERATION_TIME_INDEX,SINCE_LAST
 2DIAGNOSTIC,     1, -4.111546911667e-01, 1.797693134862e+308, 2.8828e+00, 1.3068e+00, 
 2DIAGNOSTIC,     2, -3.963143007940e-01, 1.797693134862e+308, 2.8939e+00, 1.1183e-02, 
 2DIAGNOSTIC,     3, -3.968608550740e-01, 1.797693134862e+308, 2.9069e+00, 1.2924e-02, 
 2DIAGNOSTIC,     4, -3.975360556912e-01, 1.797693134862e+308, 2.9182e+00, 1.1370e-02, 
 2DIAGNOSTIC,     5, -3.978580556965e-01, 1.797693134862e+308, 2.9326e+00, 1.4373e-02, 
 2DIAGNOSTIC,     6, -3.979943046266e-01, 1.797693134862e+308, 2.9423e+00, 9.6641e-03, 
 2DIAGNOSTIC,     7, -3.983587147210e-01, 1.797693134862e+308, 2.9538e+00, 1.1507e-02, 
 2DIAGNOSTIC,     8, -3.984721139023e-01, 1.797693134862e+308, 2.9656e+00, 1.1853e-02, 
 2DIAGNOSTIC,     9, -3.985481207968e-01, 1.797693134862e+308, 2.9818e+00, 1.6196e-02, 
DIAGNOSTIC,Iteration,metricValue,convergenceValue,ITERATION_TIME_INDEX,SINCE_LAST
 2DIAGNOSTIC,     1, -2.863473139795e-01, 1.797693134862e+308, 3.2903e+00, 3.0847e-01, 
 2DIAGNOSTIC,     2, -2.944442768954e-01, 1.797693134862e+308, 3.4181e+00, 1.2781e-01, 
 2DIAGNOSTIC,     3, -3.001376552341e-01, 1.797693134862e+308, 3.5449e+00, 1.2679e-01, 
 2DIAGNOSTIC,     4, -3.063645684791e-01, 1.797693134862e+308, 3.7184e+00, 1.7354e-01, 
 2DIAGNOSTIC,     5, -3.083541272931e-01, 1.797693134862e+308, 3.8779e+00, 1.5943e-01, 
 2DIAGNOSTIC,     6, -3.092888068257e-01, 1.797693134862e+308, 4.0100e+00, 1.3217e-01, 
 2DIAGNOSTIC,     7, -3.134894762937e-01, 1.797693134862e+308, 4.1373e+00, 1.2722e-01, 
 2DIAGNOSTIC,     8, -3.182711120319e-01, 1.797693134862e+308, 4.2630e+00, 1.2574e-01, 
 2DIAGNOSTIC,     9, -3.190434679897e-01, 1.797693134862e+308, 4.4216e+00, 1.5863e-01, 
 2DIAGNOSTIC,    10, -3.193376777930e-01, 6.536925298148e-03, 4.5499e+00, 1.2829e-01, 
 2DIAGNOSTIC,    11, -3.194487086907e-01, 4.691841032972e-03, 4.6814e+00, 1.3147e-01, 
 2DIAGNOSTIC,    12, -3.196377215551e-01, 3.368530794518e-03, 4.8991e+00, 2.1773e-01, 
 2DIAGNOSTIC,    13, -3.196756578684e-01, 2.338823549162e-03, 5.0331e+00, 1.3396e-01, 
 2DIAGNOSTIC,    14, -3.197636027316e-01, 1.660394003221e-03, 5.1945e+00, 1.6142e-01, 
 2DIAGNOSTIC,    15, -3.197651514908e-01, 1.050558206114e-03, 5.6406e+00, 4.4608e-01, 
 2DIAGNOSTIC,    16, -3.197651514769e-01, 4.730773286375e-04, 6.0820e+00, 4.4141e-01, 
 2DIAGNOSTIC,    17, -3.197651514769e-01, 1.398160851967e-04, 6.2293e+00, 1.4727e-01, 
 2DIAGNOSTIC,    18, -3.197651514768e-01, 7.200881900750e-05, 6.3933e+00, 1.6404e-01, 
 2DIAGNOSTIC,    19, -3.197651514768e-01, 4.159674371135e-05, 6.5570e+00, 1.6366e-01, 
 2DIAGNOSTIC,    20, -3.197651514768e-01, 2.388514278232e-05, 6.7346e+00, 1.7762e-01, 
 2DIAGNOSTIC,    21, -3.197651514768e-01, 1.045445687565e-05, 6.8813e+00, 1.4673e-01, 
 2DIAGNOSTIC,    22, -3.197651514768e-01, 5.207269703114e-06, 7.0289e+00, 1.4761e-01, 
 2DIAGNOSTIC,    23, -3.197651514768e-01, 1.467452803411e-06, 7.1969e+00, 1.6794e-01, 
 2DIAGNOSTIC,    24, -3.197651514768e-01, 1.347021115178e-06, 7.3446e+00, 1.4778e-01, 
 2DIAGNOSTIC,    25, -3.197651514768e-01, 1.292298042126e-06, 7.4909e+00, 1.4622e-01, 
 2DIAGNOSTIC,    26, -3.197651514768e-01, 1.241847221001e-06, 7.6205e+00, 1.2963e-01, 
 2DIAGNOSTIC,    27, -3.197651514768e-01, 1.195187556084e-06, 7.7674e+00, 1.4688e-01, 
 2DIAGNOSTIC,    28, -3.197651514768e-01, 1.151907189099e-06, 7.9151e+00, 1.4769e-01, 
 2DIAGNOSTIC,    29, -3.197651514768e-01, 1.111651834092e-06, 8.0762e+00, 1.6118e-01, 
 2DIAGNOSTIC,    30, -3.197651514768e-01, 1.074115057405e-06, 8.2254e+00, 1.4921e-01, 
 2DIAGNOSTIC,    31, -3.197651514768e-01, 1.039030462328e-06, 8.4089e+00, 1.8347e-01, 
 2DIAGNOSTIC,    32, -3.197651514768e-01, 1.006165357358e-06, 8.5535e+00, 1.4462e-01, 
DIAGNOSTIC,Iteration,metricValue,convergenceValue,ITERATION_TIME_INDEX,SINCE_LAST
 2DIAGNOSTIC,     1, -3.191569618967e-01, 1.797693134862e+308, 9.2021e+00, 6.4857e-01, 
 2DIAGNOSTIC,     2, -3.196081705128e-01, 1.797693134862e+308, 9.4884e+00, 2.8630e-01, 
 2DIAGNOSTIC,     3, -3.196192829495e-01, 1.797693134862e+308, 9.7311e+00, 2.4264e-01, 
 2DIAGNOSTIC,     4, -3.196369126277e-01, 1.797693134862e+308, 1.0124e+01, 3.9278e-01, 
 2DIAGNOSTIC,     5, -3.196558066893e-01, 1.797693134862e+308, 1.0598e+01, 4.7392e-01, 
 2DIAGNOSTIC,     6, -3.196571790205e-01, 1.797693134862e+308, 1.0838e+01, 2.4017e-01, 
 2DIAGNOSTIC,     7, -3.196631857658e-01, 1.797693134862e+308, 1.1088e+01, 2.5000e-01, 
 2DIAGNOSTIC,     8, -3.196708502293e-01, 1.797693134862e+308, 1.1367e+01, 2.7896e-01, 
 2DIAGNOSTIC,     9, -3.196783927939e-01, 1.797693134862e+308, 1.1612e+01, 2.4469e-01, 
 2DIAGNOSTIC,    10, -3.196835355728e-01, 5.979343354452e-05, 1.1858e+01, 2.4653e-01, 
 2DIAGNOSTIC,    11, -3.196853177328e-01, 1.666888585980e-05, 1.2108e+01, 2.5017e-01, 
 2DIAGNOSTIC,    12, -3.196858061478e-01, 1.298455503178e-05, 1.2956e+01, 8.4797e-01, 
 2DIAGNOSTIC,    13, -3.196858060441e-01, 9.670716449001e-06, 1.3823e+01, 8.6723e-01, 
 2DIAGNOSTIC,    14, -3.196858060441e-01, 7.257962920462e-06, 1.4139e+01, 3.1510e-01, 
 2DIAGNOSTIC,    15, -3.196858060441e-01, 5.834475005032e-06, 1.4463e+01, 3.2406e-01, 
 2DIAGNOSTIC,    16, -3.196858060441e-01, 4.324242665207e-06, 1.4834e+01, 3.7147e-01, 
 2DIAGNOSTIC,    17, -3.196858060441e-01, 3.087718659187e-06, 1.5111e+01, 2.7697e-01, 
 2DIAGNOSTIC,    18, -3.196858060441e-01, 2.248576986684e-06, 1.5441e+01, 3.3028e-01, 
 2DIAGNOSTIC,    19, -3.196858060441e-01, 1.800644809806e-06, 1.5740e+01, 2.9833e-01, 
 2DIAGNOSTIC,    20, -3.196858060441e-01, 1.612407187435e-06, 1.6021e+01, 2.8105e-01, 
 2DIAGNOSTIC,    21, -3.196858060441e-01, 1.514940749084e-06, 1.6322e+01, 3.0115e-01, 
 2DIAGNOSTIC,    22, -3.196858060441e-01, 1.446075887937e-06, 1.6669e+01, 3.4724e-01, 
 2DIAGNOSTIC,    23, -3.196858060441e-01, 1.383195940174e-06, 1.6946e+01, 2.7652e-01, 
 2DIAGNOSTIC,    24, -3.196858060441e-01, 1.325556553737e-06, 1.7222e+01, 2.7626e-01, 
 2DIAGNOSTIC,    25, -3.196858060441e-01, 1.272528796066e-06, 1.7495e+01, 2.7275e-01, 
 2DIAGNOSTIC,    26, -3.196858060441e-01, 1.223580503175e-06, 1.7800e+01, 3.0513e-01, 
 2DIAGNOSTIC,    27, -3.196858060441e-01, 1.178258357742e-06, 1.8133e+01, 3.3296e-01, 
 2DIAGNOSTIC,    28, -3.196858060441e-01, 1.136173807953e-06, 1.8432e+01, 2.9926e-01, 
 2DIAGNOSTIC,    29, -3.196858060441e-01, 1.096991900242e-06, 1.8701e+01, 2.6886e-01, 
 2DIAGNOSTIC,    30, -3.196858060441e-01, 1.060422345309e-06, 1.8961e+01, 2.6045e-01, 
 2DIAGNOSTIC,    31, -3.196858060441e-01, 1.026212313696e-06, 1.9226e+01, 2.6425e-01, 
  Elapsed time (stage 1): 1.9796e+01


Total elapsed time: 3.4511e+01
