This is job 0
Time: Thu 11 Nov 11:42:46 GMT 2021
Running on master node: cpu-p-84
Current directory: /rds/user/ccn30/hpc-work/WBIC_lustre/ENCRYPT/scripts/Registration/slurmoutputs
Changed directory to /home/ccn30/rds/hpc-work/WBIC_lustre/ENCRYPT/scripts/Registration/slurmoutputs.

JobID: 49409139
======
Time: Thu 11 Nov 11:42:46 GMT 2021
Running on master node: cpu-p-84
Current directory: /home/ccn30/rds/hpc-work/WBIC_lustre/ENCRYPT/scripts/Registration/slurmoutputs

Nodes allocated:
================
cpu-p-84

numtasks=, numnodes=, mpi_tasks_per_node= (OMP_NUM_THREADS=1)

Executing command:
==================
/home/ccn30/rds/hpc-work/WBIC_lustre/ENCRYPT/scripts/Registration/coreg_main.sh /home/ccn30/rds/hpc-work/WBIC_lustre/ENCRYPT/testsubjcode.txt 0 /home/ccn30/rds/rds-p00500_encrypt-URQgmO1brZ0/p00500 /home/ccn30/rds/hpc-work/WBIC_home/ENCRYPT/atlases/magdeburgatlas

******** starting 32920 ********
All_Command_lines_OK
Using double precision for computations.
=============================================================================
The composite transform comprises the following transforms (in order): 
  1. Center of mass alignment using fixed image: /home/ccn30/rds/hpc-work/WBIC_home/ENCRYPT/atlases/magdeburgatlas/template/template.nii.gz and moving image: /home/ccn30/rds/rds-p00500_encrypt-URQgmO1brZ0/p00500/ENCRYPT_images/32920/mp2rage/denoise_n4mag0000_PSIR_skulled_std.nii (type = Euler3DTransform)
=============================================================================
  number of levels = 4
  number of levels = 4
  fixed image: /home/ccn30/rds/hpc-work/WBIC_home/ENCRYPT/atlases/magdeburgatlas/template/template.nii.gz
  moving image: /home/ccn30/rds/rds-p00500_encrypt-URQgmO1brZ0/p00500/ENCRYPT_images/32920/mp2rage/denoise_n4mag0000_PSIR_skulled_std.nii
  fixed image: /home/ccn30/rds/hpc-work/WBIC_home/ENCRYPT/atlases/magdeburgatlas/template/template.nii.gz
  moving image: /home/ccn30/rds/rds-p00500_encrypt-URQgmO1brZ0/p00500/ENCRYPT_images/32920/mp2rage/denoise_n4mag0000_PSIR_skulled_std.nii
Dimension = 3
Number of stages = 2
Use Histogram Matching true
Winsorize image intensities true
Lower quantile = 0.005
Upper quantile = 0.995
Stage 1 State
   Image metric = Mattes
     Fixed image = Image (0x447d200)
  RTTI typeinfo:   itk::Image<double, 3u>
  Reference Count: 2
  Modified Time: 1698
  Debug: Off
  Object Name: 
  Observers: 
    none
  Source: (none)
  Source output name: (none)
  Release Data: Off
  Data Released: False
  Global Release Data: Off
  PipelineMTime: 0
  UpdateMTime: 1481
  RealTimeStamp: 0 seconds 
  LargestPossibleRegion: 
    Dimension: 3
    Index: [0, 0, 0]
    Size: [384, 301, 288]
  BufferedRegion: 
    Dimension: 3
    Index: [0, 0, 0]
    Size: [384, 301, 288]
  RequestedRegion: 
    Dimension: 3
    Index: [0, 0, 0]
    Size: [384, 301, 288]
  Spacing: [0.598958, 0.598958, 0.599937]
  Origin: [83.4012, -147.626, 85.1783]
  Direction: 
-0 0 -1
1 -0 0
0 -1 0

  IndexToPointMatrix: 
0 0 -0.599937
0.598958 0 0
0 -0.598958 0

  PointToIndexMatrix: 
0 1.66957 0
0 0 -1.66957
-1.66684 0 0

  Inverse Direction: 
0 1 0
0 0 -1
-1 0 0

  PixelContainer: 
    ImportImageContainer (0x446ddc0)
      RTTI typeinfo:   itk::ImportImageContainer<unsigned long, double>
      Reference Count: 1
      Modified Time: 1478
      Debug: Off
      Object Name: 
      Observers: 
        none
      Pointer: 0x2b7dfc0ae010
      Container manages memory: true
      Size: 33288192
      Capacity: 33288192

     Moving image = Image (0x44813f0)
  RTTI typeinfo:   itk::Image<double, 3u>
  Reference Count: 2
  Modified Time: 1699
  Debug: Off
  Object Name: 
  Observers: 
    none
  Source: (none)
  Source output name: (none)
  Release Data: Off
  Data Released: False
  Global Release Data: Off
  PipelineMTime: 0
  UpdateMTime: 1696
  RealTimeStamp: 0 seconds 
  LargestPossibleRegion: 
    Dimension: 3
    Index: [0, 0, 0]
    Size: [224, 320, 320]
  BufferedRegion: 
    Dimension: 3
    Index: [0, 0, 0]
    Size: [224, 320, 320]
  RequestedRegion: 
    Dimension: 3
    Index: [0, 0, 0]
    Size: [224, 320, 320]
  Spacing: [0.7, 0.7, 0.7]
  Origin: [-80.5301, 91.9889, -84.119]
  Direction: 
1 0 0
0 -1 0
0 0 1

  IndexToPointMatrix: 
0.7 0 0
0 -0.7 0
0 0 0.7

  PointToIndexMatrix: 
1.42857 0 0
0 -1.42857 0
0 0 1.42857

  Inverse Direction: 
1 0 0
0 -1 0
0 0 1

  PixelContainer: 
    ImportImageContainer (0x44816b0)
      RTTI typeinfo:   itk::ImportImageContainer<unsigned long, double>
      Reference Count: 1
      Modified Time: 1693
      Debug: Off
      Object Name: 
      Observers: 
        none
      Pointer: 0x2b7e0bea7010
      Container manages memory: true
      Size: 22937600
      Capacity: 22937600

     Weighting = 1
     Sampling strategy = regular
     Number of bins = 32
     Radius = 4
     Sampling percentage  = 0.25
   Transform = Rigid
     Gradient step = 0.1
     Update field sigma (voxel space) = 0
     Total field sigma (voxel space) = 0
     Update field time sigma = 0
     Total field time sigma  = 0
     Number of time indices = 0
     Number of time point samples = 0
Stage 2 State
   Image metric = Mattes
     Fixed image = Image (0x4490060)
  RTTI typeinfo:   itk::Image<double, 3u>
  Reference Count: 2
  Modified Time: 2130
  Debug: Off
  Object Name: 
  Observers: 
    none
  Source: (none)
  Source output name: (none)
  Release Data: Off
  Data Released: False
  Global Release Data: Off
  PipelineMTime: 0
  UpdateMTime: 1913
  RealTimeStamp: 0 seconds 
  LargestPossibleRegion: 
    Dimension: 3
    Index: [0, 0, 0]
    Size: [384, 301, 288]
  BufferedRegion: 
    Dimension: 3
    Index: [0, 0, 0]
    Size: [384, 301, 288]
  RequestedRegion: 
    Dimension: 3
    Index: [0, 0, 0]
    Size: [384, 301, 288]
  Spacing: [0.598958, 0.598958, 0.599937]
  Origin: [83.4012, -147.626, 85.1783]
  Direction: 
-0 0 -1
1 -0 0
0 -1 0

  IndexToPointMatrix: 
0 0 -0.599937
0.598958 0 0
0 -0.598958 0

  PointToIndexMatrix: 
0 1.66957 0
0 0 -1.66957
-1.66684 0 0

  Inverse Direction: 
0 1 0
0 0 -1
-1 0 0

  PixelContainer: 
    ImportImageContainer (0x4484140)
      RTTI typeinfo:   itk::ImportImageContainer<unsigned long, double>
      Reference Count: 1
      Modified Time: 1910
      Debug: Off
      Object Name: 
      Observers: 
        none
      Pointer: 0x2b7e16da8010
      Container manages memory: true
      Size: 33288192
      Capacity: 33288192

     Moving image = Image (0x4491e80)
  RTTI typeinfo:   itk::Image<double, 3u>
  Reference Count: 2
  Modified Time: 2131
  Debug: Off
  Object Name: 
  Observers: 
    none
  Source: (none)
  Source output name: (none)
  Release Data: Off
  Data Released: False
  Global Release Data: Off
  PipelineMTime: 0
  UpdateMTime: 2128
  RealTimeStamp: 0 seconds 
  LargestPossibleRegion: 
    Dimension: 3
    Index: [0, 0, 0]
    Size: [224, 320, 320]
  BufferedRegion: 
    Dimension: 3
    Index: [0, 0, 0]
    Size: [224, 320, 320]
  RequestedRegion: 
    Dimension: 3
    Index: [0, 0, 0]
    Size: [224, 320, 320]
  Spacing: [0.7, 0.7, 0.7]
  Origin: [-80.5301, 91.9889, -84.119]
  Direction: 
1 0 0
0 -1 0
0 0 1

  IndexToPointMatrix: 
0.7 0 0
0 -0.7 0
0 0 0.7

  PointToIndexMatrix: 
1.42857 0 0
0 -1.42857 0
0 0 1.42857

  Inverse Direction: 
1 0 0
0 -1 0
0 0 1

  PixelContainer: 
    ImportImageContainer (0x448c540)
      RTTI typeinfo:   itk::ImportImageContainer<unsigned long, double>
      Reference Count: 1
      Modified Time: 2125
      Debug: Off
      Object Name: 
      Observers: 
        none
      Pointer: 0x2b7e26ba1010
      Container manages memory: true
      Size: 22937600
      Capacity: 22937600

     Weighting = 1
     Sampling strategy = regular
     Number of bins = 32
     Radius = 4
     Sampling percentage  = 0.25
   Transform = Affine
     Gradient step = 0.1
     Update field sigma (voxel space) = 0
     Total field sigma (voxel space) = 0
     Update field time sigma = 0
     Total field time sigma  = 0
     Number of time indices = 0
     Number of time point samples = 0
Registration using 2 total stages.

Stage 0
  iterations = 1000x500x250x100
  convergence threshold = 1e-06
  convergence window size = 10
  number of levels = 4
  using the Mattes MI metric (number of bins = 32, weight = 1)
  preprocessing:  winsorizing the image intensities
  preprocessing:  histogram matching the images
  Shrink factors (level 1 out of 4): [8, 8, 8]
  Shrink factors (level 2 out of 4): [4, 4, 4]
  Shrink factors (level 3 out of 4): [2, 2, 2]
  Shrink factors (level 4 out of 4): [1, 1, 1]
  smoothing sigmas per level: [3, 2, 1, 0]
  regular sampling (percentage = 0.25)

*** Running Euler3DTransform registration ***

DIAGNOSTIC,Iteration,metricValue,convergenceValue,ITERATION_TIME_INDEX,SINCE_LAST
 2DIAGNOSTIC,     1, -4.126863707497e-01, 1.797693134862e+308, 2.6909e+00, 2.6909e+00, 
 2DIAGNOSTIC,     2, -4.149679114094e-01, 1.797693134862e+308, 2.7287e+00, 3.7775e-02, 
 2DIAGNOSTIC,     3, -4.191080847109e-01, 1.797693134862e+308, 2.7782e+00, 4.9537e-02, 
 2DIAGNOSTIC,     4, -4.259101215693e-01, 1.797693134862e+308, 2.8188e+00, 4.0579e-02, 
 2DIAGNOSTIC,     5, -4.366988138084e-01, 1.797693134862e+308, 2.8652e+00, 4.6400e-02, 
 2DIAGNOSTIC,     6, -4.550208957450e-01, 1.797693134862e+308, 2.9056e+00, 4.0427e-02, 
 2DIAGNOSTIC,     7, -4.864360330849e-01, 1.797693134862e+308, 2.9579e+00, 5.2247e-02, 
 2DIAGNOSTIC,     8, -5.130322575573e-01, 1.797693134862e+308, 2.9979e+00, 3.9981e-02, 
 2DIAGNOSTIC,     9, -5.144403178169e-01, 1.797693134862e+308, 3.0429e+00, 4.5072e-02, 
 2DIAGNOSTIC,    10, -5.155001010890e-01, 1.775590845615e-02, 3.0840e+00, 4.1027e-02, 
 2DIAGNOSTIC,    11, -5.202892344562e-01, 1.625911458987e-02, 3.1468e+00, 6.2797e-02, 
 2DIAGNOSTIC,    12, -5.210175024665e-01, 1.371222028507e-02, 3.1889e+00, 4.2108e-02, 
 2DIAGNOSTIC,    13, -5.213010509759e-01, 1.055958147850e-02, 3.2756e+00, 8.6688e-02, 
 2DIAGNOSTIC,    14, -5.213370056568e-01, 7.254105497392e-03, 3.3254e+00, 4.9868e-02, 
 2DIAGNOSTIC,    15, -5.213749187918e-01, 4.207093021594e-03, 3.3665e+00, 4.1072e-02, 
 2DIAGNOSTIC,    16, -5.214734892268e-01, 1.842595065222e-03, 3.4089e+00, 4.2428e-02, 
 2DIAGNOSTIC,    17, -5.215384651802e-01, 6.679220382241e-04, 3.4600e+00, 5.1098e-02, 
 2DIAGNOSTIC,    18, -5.215717823042e-01, 4.367987903333e-04, 3.5022e+00, 4.2161e-02, 
 2DIAGNOSTIC,    19, -5.215964983133e-01, 2.365340218599e-04, 3.5532e+00, 5.0978e-02, 
 2DIAGNOSTIC,    20, -5.216326765006e-01, 6.398944210845e-05, 3.5923e+00, 3.9150e-02, 
 2DIAGNOSTIC,    21, -5.216646225284e-01, 3.522224216738e-05, 3.6372e+00, 4.4851e-02, 
 2DIAGNOSTIC,    22, -5.217282929669e-01, 2.660575800658e-05, 3.6861e+00, 4.8912e-02, 
 2DIAGNOSTIC,    23, -5.217569972202e-01, 2.422551134883e-05, 3.7322e+00, 4.6133e-02, 
 2DIAGNOSTIC,    24, -5.218573262947e-01, 2.320387364961e-05, 3.7809e+00, 4.8699e-02, 
 2DIAGNOSTIC,    25, -5.219779017053e-01, 2.376500917649e-05, 3.8218e+00, 4.0878e-02, 
 2DIAGNOSTIC,    26, -5.223032938035e-01, 3.140551537328e-05, 3.8681e+00, 4.6316e-02, 
 2DIAGNOSTIC,    27, -5.225843764826e-01, 4.276648240362e-05, 3.9277e+00, 5.9587e-02, 
 2DIAGNOSTIC,    28, -5.225677137052e-01, 4.964508283734e-05, 3.9684e+00, 4.0713e-02, 
 2DIAGNOSTIC,    29, -5.225873827974e-01, 5.247154624702e-05, 4.0096e+00, 4.1146e-02, 
 2DIAGNOSTIC,    30, -5.227283622924e-01, 5.361473308495e-05, 4.0556e+00, 4.6075e-02, 
 2DIAGNOSTIC,    31, -5.227446933787e-01, 5.040041881229e-05, 4.1004e+00, 4.4799e-02, 
 2DIAGNOSTIC,    32, -5.229202623067e-01, 4.692083352774e-05, 4.1673e+00, 6.6859e-02, 
 2DIAGNOSTIC,    33, -5.229658197232e-01, 4.059374014453e-05, 4.3199e+00, 1.5257e-01, 
 2DIAGNOSTIC,    34, -5.229658194144e-01, 3.265280606728e-05, 4.3590e+00, 3.9183e-02, 
 2DIAGNOSTIC,    35, -5.229658234005e-01, 2.403230239560e-05, 4.4011e+00, 4.2017e-02, 
 2DIAGNOSTIC,    36, -5.229658301404e-01, 1.866992582334e-05, 4.4455e+00, 4.4407e-02, 
 2DIAGNOSTIC,    37, -5.229658415358e-01, 1.619154804204e-05, 4.4822e+00, 3.6765e-02, 
 2DIAGNOSTIC,    38, -5.229658608006e-01, 1.214552010130e-05, 4.5270e+00, 4.4813e-02, 
 2DIAGNOSTIC,    39, -5.229658933633e-01, 7.506946424023e-06, 4.5656e+00, 3.8537e-02, 
 2DIAGNOSTIC,    40, -5.229659483876e-01, 4.485038741057e-06, 4.6132e+00, 4.7643e-02, 
 2DIAGNOSTIC,    41, -5.229660413005e-01, 1.429118201907e-06, 4.6532e+00, 4.0022e-02, 
DIAGNOSTIC,Iteration,metricValue,convergenceValue,ITERATION_TIME_INDEX,SINCE_LAST
 2DIAGNOSTIC,     1, -4.559305701214e-01, 1.797693134862e+308, 7.6260e+00, 2.9727e+00, 
 2DIAGNOSTIC,     2, -4.561260357373e-01, 1.797693134862e+308, 7.9240e+00, 2.9801e-01, 
 2DIAGNOSTIC,     3, -4.562239162308e-01, 1.797693134862e+308, 8.2200e+00, 2.9603e-01, 
 2DIAGNOSTIC,     4, -4.562971020091e-01, 1.797693134862e+308, 8.5463e+00, 3.2628e-01, 
 2DIAGNOSTIC,     5, -4.563440073191e-01, 1.797693134862e+308, 8.8919e+00, 3.4562e-01, 
 2DIAGNOSTIC,     6, -4.564237040298e-01, 1.797693134862e+308, 9.1879e+00, 2.9595e-01, 
 2DIAGNOSTIC,     7, -4.565133030314e-01, 1.797693134862e+308, 9.5679e+00, 3.8003e-01, 
 2DIAGNOSTIC,     8, -4.565227985341e-01, 1.797693134862e+308, 9.9527e+00, 3.8481e-01, 
 2DIAGNOSTIC,     9, -4.565246341436e-01, 1.797693134862e+308, 1.0258e+01, 3.0552e-01, 
 2DIAGNOSTIC,    10, -4.565403769621e-01, 8.302206761567e-05, 1.0550e+01, 2.9130e-01, 
 2DIAGNOSTIC,    11, -4.565639625021e-01, 5.794566804854e-05, 1.0888e+01, 3.3851e-01, 
 2DIAGNOSTIC,    12, -4.566101429048e-01, 4.447456487808e-05, 1.1222e+01, 3.3433e-01, 
 2DIAGNOSTIC,    13, -4.566741604407e-01, 3.698275419846e-05, 1.1838e+01, 6.1560e-01, 
 2DIAGNOSTIC,    14, -4.567002064484e-01, 3.184131162492e-05, 1.2180e+01, 3.4185e-01, 
 2DIAGNOSTIC,    15, -4.566944990950e-01, 2.637040665290e-05, 1.2562e+01, 3.8217e-01, 
 2DIAGNOSTIC,    16, -4.566945181205e-01, 2.240250193956e-05, 1.2894e+01, 3.3219e-01, 
 2DIAGNOSTIC,    17, -4.566937564066e-01, 2.024869261635e-05, 1.3184e+01, 2.8932e-01, 
 2DIAGNOSTIC,    18, -4.566935336804e-01, 1.692628639535e-05, 1.3525e+01, 3.4142e-01, 
 2DIAGNOSTIC,    19, -4.566937188346e-01, 1.261288121826e-05, 1.3820e+01, 2.9500e-01, 
 2DIAGNOSTIC,    20, -4.566964020037e-01, 8.316273489420e-06, 1.4114e+01, 2.9415e-01, 
 2DIAGNOSTIC,    21, -4.567003217107e-01, 4.612563767957e-06, 1.4454e+01, 3.3999e-01, 
 2DIAGNOSTIC,    22, -4.567029824551e-01, 2.291107786788e-06, 1.4740e+01, 2.8614e-01, 
 2DIAGNOSTIC,    23, -4.567150691633e-01, 2.130950286346e-06, 1.5032e+01, 2.9229e-01, 
 2DIAGNOSTIC,    24, -4.567250005760e-01, 2.844411640016e-06, 1.5329e+01, 2.9601e-01, 
 2DIAGNOSTIC,    25, -4.567467198329e-01, 3.752651767178e-06, 1.5809e+01, 4.8069e-01, 
 2DIAGNOSTIC,    26, -4.567605406333e-01, 4.680291681124e-06, 1.6235e+01, 4.2617e-01, 
 2DIAGNOSTIC,    27, -4.567601870422e-01, 5.187353395247e-06, 1.6573e+01, 3.3782e-01, 
 2DIAGNOSTIC,    28, -4.567579514298e-01, 5.233658891220e-06, 1.6920e+01, 3.4657e-01, 
 2DIAGNOSTIC,    29, -4.567571810852e-01, 4.877355409764e-06, 1.7214e+01, 2.9452e-01, 
 2DIAGNOSTIC,    30, -4.567553446869e-01, 4.197718390414e-06, 1.7546e+01, 3.3128e-01, 
 2DIAGNOSTIC,    31, -4.567567049506e-01, 3.369508933392e-06, 1.7878e+01, 3.3288e-01, 
 2DIAGNOSTIC,    32, -4.567557339803e-01, 2.404248600103e-06, 1.8223e+01, 3.4414e-01, 
 2DIAGNOSTIC,    33, -4.567544154665e-01, 1.571775858890e-06, 1.8602e+01, 3.7988e-01, 
DIAGNOSTIC,Iteration,metricValue,convergenceValue,ITERATION_TIME_INDEX,SINCE_LAST
 2DIAGNOSTIC,     1, -3.897038215899e-01, 1.797693134862e+308, 2.4064e+01, 5.4620e+00, 
 2DIAGNOSTIC,     2, -3.899423294531e-01, 1.797693134862e+308, 2.6236e+01, 2.1711e+00, 
 2DIAGNOSTIC,     3, -3.902012551442e-01, 1.797693134862e+308, 2.8384e+01, 2.1488e+00, 
 2DIAGNOSTIC,     4, -3.905023142689e-01, 1.797693134862e+308, 3.0500e+01, 2.1152e+00, 
 2DIAGNOSTIC,     5, -3.908607724366e-01, 1.797693134862e+308, 3.2638e+01, 2.1384e+00, 
 2DIAGNOSTIC,     6, -3.911897410795e-01, 1.797693134862e+308, 3.6405e+01, 3.7666e+00, 
 2DIAGNOSTIC,     7, -3.912360891596e-01, 1.797693134862e+308, 3.9155e+01, 2.7509e+00, 
 2DIAGNOSTIC,     8, -3.912375016126e-01, 1.797693134862e+308, 4.2525e+01, 3.3697e+00, 
 2DIAGNOSTIC,     9, -3.912366194604e-01, 1.797693134862e+308, 4.5580e+01, 3.0550e+00, 
 2DIAGNOSTIC,    10, -3.912370910687e-01, 2.787437910352e-04, 4.7884e+01, 2.3039e+00, 
 2DIAGNOSTIC,    11, -3.912352783333e-01, 1.944322225678e-04, 4.9948e+01, 2.0640e+00, 
 2DIAGNOSTIC,    12, -3.912350955217e-01, 1.214624017282e-04, 5.2271e+01, 2.3233e+00, 
 2DIAGNOSTIC,    13, -3.912352581882e-01, 6.354302154150e-05, 5.4738e+01, 2.4666e+00, 
 2DIAGNOSTIC,    14, -3.912342008131e-01, 2.364759812687e-05, 5.7510e+01, 2.7723e+00, 
 2DIAGNOSTIC,    15, -3.912339150535e-01, 4.058311490307e-06, 5.9975e+01, 2.4646e+00, 
 2DIAGNOSTIC,    16, -3.912337914393e-01, 1.625525476223e-06, 6.2461e+01, 2.4861e+00, 
 2DIAGNOSTIC,    17, -3.912335925615e-01, 1.484030636906e-06, 6.4911e+01, 2.4498e+00, 
 2DIAGNOSTIC,    18, -3.912335957453e-01, 1.451450974022e-06, 6.7371e+01, 2.4605e+00, 
 2DIAGNOSTIC,    19, -3.912335244296e-01, 1.414259789757e-06, 6.9821e+01, 2.4495e+00, 
 2DIAGNOSTIC,    20, -3.912333205389e-01, 1.416979965745e-06, 7.2299e+01, 2.4787e+00, 
 2DIAGNOSTIC,    21, -3.912333832684e-01, 1.375086373323e-06, 7.4751e+01, 2.4517e+00, 
 2DIAGNOSTIC,    22, -3.912331484589e-01, 1.335549905619e-06, 7.7513e+01, 2.7622e+00, 
 2DIAGNOSTIC,    23, -3.912330790153e-01, 1.313749841129e-06, 7.9962e+01, 2.4488e+00, 
 2DIAGNOSTIC,    24, -3.912327514051e-01, 1.258560428166e-06, 8.2078e+01, 2.1155e+00, 
 2DIAGNOSTIC,    25, -3.912326845384e-01, 1.204152696208e-06, 8.4208e+01, 2.1301e+00, 
 2DIAGNOSTIC,    26, -3.912329162103e-01, 1.163487933976e-06, 8.6979e+01, 2.7715e+00, 
 2DIAGNOSTIC,    27, -3.912328157681e-01, 1.123133170813e-06, 8.9063e+01, 2.0841e+00, 
 2DIAGNOSTIC,    28, -3.912325828304e-01, 1.085159815138e-06, 9.0875e+01, 1.8115e+00, 
 2DIAGNOSTIC,    29, -3.912324755538e-01, 1.050639492933e-06, 9.3117e+01, 2.2426e+00, 
 2DIAGNOSTIC,    30, -3.912328010717e-01, 1.025649549458e-06, 9.5578e+01, 2.4606e+00, 
 2DIAGNOSTIC,    31, -3.912325815803e-01, 1.001521690643e-06, 9.8002e+01, 2.4244e+00, 
DIAGNOSTIC,Iteration,metricValue,convergenceValue,ITERATION_TIME_INDEX,SINCE_LAST
 2DIAGNOSTIC,     1, -3.475594653987e-01, 1.797693134862e+308, 1.1914e+02, 2.1136e+01, 
 2DIAGNOSTIC,     2, -3.475820934194e-01, 1.797693134862e+308, 1.3918e+02, 2.0037e+01, 
 2DIAGNOSTIC,     3, -3.475820536739e-01, 1.797693134862e+308, 1.6598e+02, 2.6801e+01, 
 2DIAGNOSTIC,     4, -3.475817220632e-01, 1.797693134862e+308, 1.8356e+02, 1.7580e+01, 
 2DIAGNOSTIC,     5, -3.475817148841e-01, 1.797693134862e+308, 1.9961e+02, 1.6052e+01, 
 2DIAGNOSTIC,     6, -3.475815964602e-01, 1.797693134862e+308, 2.2348e+02, 2.3872e+01, 
 2DIAGNOSTIC,     7, -3.475816152187e-01, 1.797693134862e+308, 2.4161e+02, 1.8134e+01, 
 2DIAGNOSTIC,     8, -3.475815542491e-01, 1.797693134862e+308, 2.5715e+02, 1.5539e+01, 
 2DIAGNOSTIC,     9, -3.475815357785e-01, 1.797693134862e+308, 2.7105e+02, 1.3894e+01, 
 2DIAGNOSTIC,    10, -3.475815257481e-01, 4.910665725624e-06, 2.8502e+02, 1.3976e+01, 
 2DIAGNOSTIC,    11, -3.475815163128e-01, 2.799581525770e-06, 3.0046e+02, 1.5434e+01, 
 2DIAGNOSTIC,    12, -3.475815214185e-01, 2.590657910986e-06, 3.2079e+02, 2.0334e+01, 
 2DIAGNOSTIC,    13, -3.475815502584e-01, 2.419133650566e-06, 3.3679e+02, 1.5999e+01, 
 2DIAGNOSTIC,    14, -3.475815105175e-01, 2.252875191691e-06, 3.5044e+02, 1.3654e+01, 
 2DIAGNOSTIC,    15, -3.475814984172e-01, 2.109736710179e-06, 3.6651e+02, 1.6068e+01, 
 2DIAGNOSTIC,    16, -3.475815056551e-01, 1.979756841561e-06, 3.8196e+02, 1.5453e+01, 
 2DIAGNOSTIC,    17, -3.475814662760e-01, 1.864857389178e-06, 3.9595e+02, 1.3988e+01, 
 2DIAGNOSTIC,    18, -3.475814784983e-01, 1.761135616930e-06, 4.0980e+02, 1.3843e+01, 
 2DIAGNOSTIC,    19, -3.475814587040e-01, 1.667256212562e-06, 4.2506e+02, 1.5267e+01, 
 2DIAGNOSTIC,    20, -3.475814254566e-01, 1.581690841593e-06, 4.4099e+02, 1.5928e+01, 
 2DIAGNOSTIC,    21, -3.475814120039e-01, 1.504224988569e-06, 4.5489e+02, 1.3901e+01, 
 2DIAGNOSTIC,    22, -3.475814053826e-01, 1.434682520368e-06, 4.6839e+02, 1.3503e+01, 
 2DIAGNOSTIC,    23, -3.475814101293e-01, 1.373453492944e-06, 4.8638e+02, 1.7988e+01, 
 2DIAGNOSTIC,    24, -3.475814461406e-01, 1.318090889740e-06, 5.0040e+02, 1.4014e+01, 
 2DIAGNOSTIC,    25, -3.475814442426e-01, 1.267358640332e-06, 5.1594e+02, 1.5539e+01, 
 2DIAGNOSTIC,    26, -3.475814423497e-01, 1.221230735836e-06, 5.3187e+02, 1.5932e+01, 
 2DIAGNOSTIC,    27, -3.475814328234e-01, 1.177237574916e-06, 5.4737e+02, 1.5503e+01, 
 2DIAGNOSTIC,    28, -3.475813983988e-01, 1.135823582597e-06, 5.6313e+02, 1.5760e+01, 
 2DIAGNOSTIC,    29, -3.475813840878e-01, 1.096352967939e-06, 5.7912e+02, 1.5987e+01, 
 2DIAGNOSTIC,    30, -3.475813687763e-01, 1.058245007839e-06, 5.9241e+02, 1.3289e+01, 
 2DIAGNOSTIC,    31, -3.475813764473e-01, 1.022656919182e-06, 6.0619e+02, 1.3788e+01, 
  Elapsed time (stage 0): 6.1538e+02


Stage 1
  iterations = 1000x500x250x100
  convergence threshold = 1.0000e-06
  convergence window size = 10
  number of levels = 4
  using the Mattes MI metric (number of bins = 32, weight = 1.0000e+00)
  preprocessing:  winsorizing the image intensities
  preprocessing:  histogram matching the images
  Shrink factors (level 1 out of 4): [8, 8, 8]
  Shrink factors (level 2 out of 4): [4, 4, 4]
  Shrink factors (level 3 out of 4): [2, 2, 2]
  Shrink factors (level 4 out of 4): [1, 1, 1]
  smoothing sigmas per level: [3, 2, 1, 0]
  regular sampling (percentage = 2.5000e-01)

*** Running AffineTransform registration ***

DIAGNOSTIC,Iteration,metricValue,convergenceValue,ITERATION_TIME_INDEX,SINCE_LAST
 2DIAGNOSTIC,     1, -5.248607026135e-01, 1.797693134862e+308, 2.6680e+00, 2.6680e+00, 
 2DIAGNOSTIC,     2, -5.263631676999e-01, 1.797693134862e+308, 2.7171e+00, 4.9111e-02, 
 2DIAGNOSTIC,     3, -5.290650989916e-01, 1.797693134862e+308, 2.7580e+00, 4.0912e-02, 
 2DIAGNOSTIC,     4, -5.329879219846e-01, 1.797693134862e+308, 2.8082e+00, 5.0172e-02, 
 2DIAGNOSTIC,     5, -5.424559993176e-01, 1.797693134862e+308, 2.8576e+00, 4.9398e-02, 
 2DIAGNOSTIC,     6, -5.637460719961e-01, 1.797693134862e+308, 2.9091e+00, 5.1588e-02, 
 2DIAGNOSTIC,     7, -5.849186475068e-01, 1.797693134862e+308, 2.9592e+00, 5.0022e-02, 
 2DIAGNOSTIC,     8, -5.947489489077e-01, 1.797693134862e+308, 3.0150e+00, 5.5865e-02, 
 2DIAGNOSTIC,     9, -5.996101470719e-01, 1.797693134862e+308, 3.0750e+00, 6.0000e-02, 
 2DIAGNOSTIC,    10, -6.008504560904e-01, 1.085761090039e-02, 3.1272e+00, 5.2138e-02, 
 2DIAGNOSTIC,    11, -6.065311883868e-01, 9.966439582017e-03, 3.1846e+00, 5.7433e-02, 
 2DIAGNOSTIC,    12, -6.105074603651e-01, 8.552264392689e-03, 3.2337e+00, 4.9136e-02, 
 2DIAGNOSTIC,    13, -6.110480141249e-01, 6.728941705410e-03, 3.3101e+00, 7.6329e-02, 
 2DIAGNOSTIC,    14, -6.111420038501e-01, 4.728579046181e-03, 3.3670e+00, 5.6973e-02, 
 2DIAGNOSTIC,    15, -6.112206336682e-01, 2.888754012131e-03, 3.4159e+00, 4.8827e-02, 
 2DIAGNOSTIC,    16, -6.112871603291e-01, 1.667575552772e-03, 3.4669e+00, 5.1005e-02, 
 2DIAGNOSTIC,    17, -6.113758632941e-01, 1.048419584225e-03, 3.5089e+00, 4.2013e-02, 
 2DIAGNOSTIC,    18, -6.115666367594e-01, 6.751949968362e-04, 3.5602e+00, 5.1346e-02, 
 2DIAGNOSTIC,    19, -6.117429670965e-01, 4.122243711991e-04, 3.6042e+00, 4.3997e-02, 
 2DIAGNOSTIC,    20, -6.119395485597e-01, 1.709047178219e-04, 3.6553e+00, 5.1087e-02, 
 2DIAGNOSTIC,    21, -6.122109752432e-01, 7.264113529924e-05, 3.7206e+00, 6.5284e-02, 
 2DIAGNOSTIC,    22, -6.122779169081e-01, 6.551789328588e-05, 3.7854e+00, 6.4762e-02, 
 2DIAGNOSTIC,    23, -6.122527191453e-01, 6.386753062878e-05, 3.8367e+00, 5.1357e-02, 
 2DIAGNOSTIC,    24, -6.124036339313e-01, 6.146363319904e-05, 3.8842e+00, 4.7513e-02, 
 2DIAGNOSTIC,    25, -6.124322446934e-01, 5.556840938069e-05, 3.9349e+00, 5.0721e-02, 
 2DIAGNOSTIC,    26, -6.124653519709e-01, 4.684488355777e-05, 3.9762e+00, 4.1289e-02, 
 2DIAGNOSTIC,    27, -6.125075654984e-01, 3.682209361016e-05, 4.0280e+00, 5.1729e-02, 
 2DIAGNOSTIC,    28, -6.125564358757e-01, 2.830274056027e-05, 4.0808e+00, 5.2792e-02, 
 2DIAGNOSTIC,    29, -6.126096577137e-01, 2.154988453924e-05, 4.1381e+00, 5.7377e-02, 
 2DIAGNOSTIC,    30, -6.127322885346e-01, 1.827938691201e-05, 4.1891e+00, 5.1008e-02, 
 2DIAGNOSTIC,    31, -6.127866616964e-01, 1.857995021493e-05, 4.2492e+00, 6.0010e-02, 
 2DIAGNOSTIC,    32, -6.129445464168e-01, 2.059622989541e-05, 4.3121e+00, 6.2923e-02, 
 2DIAGNOSTIC,    33, -6.129491189006e-01, 2.024019359927e-05, 4.3813e+00, 6.9231e-02, 
 2DIAGNOSTIC,    34, -6.129590673387e-01, 2.035298537715e-05, 4.4340e+00, 5.2649e-02, 
 2DIAGNOSTIC,    35, -6.129416077696e-01, 1.877276840741e-05, 4.4894e+00, 5.5484e-02, 
 2DIAGNOSTIC,    36, -6.129365478578e-01, 1.594428759599e-05, 4.5344e+00, 4.4956e-02, 
 2DIAGNOSTIC,    37, -6.129243416293e-01, 1.220799909333e-05, 4.5839e+00, 4.9552e-02, 
 2DIAGNOSTIC,    38, -6.129316208536e-01, 8.298682739320e-06, 4.6343e+00, 5.0350e-02, 
 2DIAGNOSTIC,    39, -6.129342787393e-01, 4.555794801232e-06, 4.6845e+00, 5.0180e-02, 
 2DIAGNOSTIC,    40, -6.129258406481e-01, 2.010229031686e-06, 4.7269e+00, 4.2451e-02, 
DIAGNOSTIC,Iteration,metricValue,convergenceValue,ITERATION_TIME_INDEX,SINCE_LAST
 2DIAGNOSTIC,     1, -5.323620522916e-01, 1.797693134862e+308, 7.7479e+00, 3.0210e+00, 
 2DIAGNOSTIC,     2, -5.328476457002e-01, 1.797693134862e+308, 8.0973e+00, 3.4938e-01, 
 2DIAGNOSTIC,     3, -5.333675138959e-01, 1.797693134862e+308, 8.4291e+00, 3.3174e-01, 
 2DIAGNOSTIC,     4, -5.337903596198e-01, 1.797693134862e+308, 8.8237e+00, 3.9467e-01, 
 2DIAGNOSTIC,     5, -5.341812301945e-01, 1.797693134862e+308, 9.1671e+00, 3.4337e-01, 
 2DIAGNOSTIC,     6, -5.347094072161e-01, 1.797693134862e+308, 9.5450e+00, 3.7786e-01, 
 2DIAGNOSTIC,     7, -5.348393218562e-01, 1.797693134862e+308, 9.9745e+00, 4.2950e-01, 
 2DIAGNOSTIC,     8, -5.348818343245e-01, 1.797693134862e+308, 1.0572e+01, 5.9786e-01, 
 2DIAGNOSTIC,     9, -5.348887448753e-01, 1.797693134862e+308, 1.0905e+01, 3.3285e-01, 
 2DIAGNOSTIC,    10, -5.349035143444e-01, 3.205987740370e-04, 1.1305e+01, 3.9986e-01, 
 2DIAGNOSTIC,    11, -5.349154054649e-01, 2.219799559185e-04, 1.1636e+01, 3.3085e-01, 
 2DIAGNOSTIC,    12, -5.349175331907e-01, 1.414534641292e-04, 1.1963e+01, 3.2695e-01, 
 2DIAGNOSTIC,    13, -5.349468351250e-01, 8.328318898854e-05, 1.2326e+01, 3.6362e-01, 
 2DIAGNOSTIC,    14, -5.349603847558e-01, 4.253193238367e-05, 1.2656e+01, 3.2946e-01, 
 2DIAGNOSTIC,    15, -5.349652618714e-01, 1.710924673239e-05, 1.2990e+01, 3.3420e-01, 
 2DIAGNOSTIC,    16, -5.349814031510e-01, 1.149109606816e-05, 1.3284e+01, 2.9399e-01, 
 2DIAGNOSTIC,    17, -5.350105579227e-01, 1.059623295926e-05, 1.3569e+01, 2.8485e-01, 
 2DIAGNOSTIC,    18, -5.350388135065e-01, 1.105792701601e-05, 1.3855e+01, 2.8593e-01, 
 2DIAGNOSTIC,    19, -5.350674772081e-01, 1.158346036995e-05, 1.4179e+01, 3.2439e-01, 
 2DIAGNOSTIC,    20, -5.350874978179e-01, 1.205967895472e-05, 1.4705e+01, 5.2550e-01, 
 2DIAGNOSTIC,    21, -5.350942075853e-01, 1.199509271771e-05, 1.5107e+01, 4.0185e-01, 
 2DIAGNOSTIC,    22, -5.350923589798e-01, 1.094689520459e-05, 1.5436e+01, 3.2957e-01, 
 2DIAGNOSTIC,    23, -5.350904092570e-01, 9.726433942946e-06, 1.5765e+01, 3.2834e-01, 
 2DIAGNOSTIC,    24, -5.350889953885e-01, 8.094797803851e-06, 1.6092e+01, 3.2699e-01, 
 2DIAGNOSTIC,    25, -5.350871772846e-01, 6.020458287237e-06, 1.6456e+01, 3.6412e-01, 
 2DIAGNOSTIC,    26, -5.350860896019e-01, 3.962910383536e-06, 1.6777e+01, 3.2180e-01, 
 2DIAGNOSTIC,    27, -5.350838509323e-01, 2.327127925292e-06, 1.7143e+01, 3.6563e-01, 
 2DIAGNOSTIC,    28, -5.350841111776e-01, 1.233635015349e-06, 1.7518e+01, 3.7514e-01, 
DIAGNOSTIC,Iteration,metricValue,convergenceValue,ITERATION_TIME_INDEX,SINCE_LAST
 2DIAGNOSTIC,     1, -4.599129295779e-01, 1.797693134862e+308, 2.3318e+01, 5.8001e+00, 
 2DIAGNOSTIC,     2, -4.601555454387e-01, 1.797693134862e+308, 2.5745e+01, 2.4268e+00, 
 2DIAGNOSTIC,     3, -4.604008843795e-01, 1.797693134862e+308, 2.8196e+01, 2.4512e+00, 
 2DIAGNOSTIC,     4, -4.606574927974e-01, 1.797693134862e+308, 3.0574e+01, 2.3772e+00, 
 2DIAGNOSTIC,     5, -4.611036328779e-01, 1.797693134862e+308, 3.3973e+01, 3.3991e+00, 
 2DIAGNOSTIC,     6, -4.611858818723e-01, 1.797693134862e+308, 3.6367e+01, 2.3943e+00, 
 2DIAGNOSTIC,     7, -4.613302505153e-01, 1.797693134862e+308, 3.8724e+01, 2.3573e+00, 
 2DIAGNOSTIC,     8, -4.614356813263e-01, 1.797693134862e+308, 4.1102e+01, 2.3774e+00, 
 2DIAGNOSTIC,     9, -4.615126927816e-01, 1.797693134862e+308, 4.3843e+01, 2.7415e+00, 
 2DIAGNOSTIC,    10, -4.616243181961e-01, 2.468115228552e-04, 4.7221e+01, 3.3780e+00, 
 2DIAGNOSTIC,    11, -4.616865102724e-01, 1.922784443501e-04, 4.9604e+01, 2.3832e+00, 
 2DIAGNOSTIC,    12, -4.618416514286e-01, 1.503479547047e-04, 5.1955e+01, 2.3510e+00, 
 2DIAGNOSTIC,    13, -4.618992662344e-01, 1.156638905749e-04, 5.4576e+01, 2.6202e+00, 
 2DIAGNOSTIC,    14, -4.619405232211e-01, 8.831670498545e-05, 5.8997e+01, 4.4215e+00, 
 2DIAGNOSTIC,    15, -4.619410332586e-01, 7.514537734672e-05, 6.1995e+01, 2.9982e+00, 
 2DIAGNOSTIC,    16, -4.619412584613e-01, 6.001668482641e-05, 6.5359e+01, 3.3637e+00, 
 2DIAGNOSTIC,    17, -4.619410955000e-01, 4.645796405867e-05, 6.8051e+01, 2.6920e+00, 
 2DIAGNOSTIC,    18, -4.619407815782e-01, 3.383392891085e-05, 7.0406e+01, 2.3545e+00, 
 2DIAGNOSTIC,    19, -4.619406018853e-01, 2.203338961752e-05, 7.3101e+01, 2.6950e+00, 
 2DIAGNOSTIC,    20, -4.619413981194e-01, 1.301150516439e-05, 7.6819e+01, 3.7185e+00, 
 2DIAGNOSTIC,    21, -4.619412521254e-01, 5.514411235440e-06, 7.9531e+01, 2.7124e+00, 
 2DIAGNOSTIC,    22, -4.619412482183e-01, 2.637649102723e-06, 8.2214e+01, 2.6827e+00, 
 2DIAGNOSTIC,    23, -4.619412438679e-01, 1.411597966072e-06, 8.4935e+01, 2.7213e+00, 
 2DIAGNOSTIC,    24, -4.619412026909e-01, 1.342453601061e-06, 8.7968e+01, 3.0330e+00, 
 2DIAGNOSTIC,    25, -4.619411001061e-01, 1.286792298785e-06, 9.0328e+01, 2.3598e+00, 
 2DIAGNOSTIC,    26, -4.619410137570e-01, 1.237455448083e-06, 9.2670e+01, 2.3421e+00, 
 2DIAGNOSTIC,    27, -4.619409786611e-01, 1.186521042820e-06, 9.5469e+01, 2.7984e+00, 
 2DIAGNOSTIC,    28, -4.619410507428e-01, 1.133452752440e-06, 9.7660e+01, 2.1916e+00, 
 2DIAGNOSTIC,    29, -4.619410288033e-01, 1.079517304034e-06, 1.0007e+02, 2.4124e+00, 
 2DIAGNOSTIC,    30, -4.619410064759e-01, 1.046936002565e-06, 1.0244e+02, 2.3691e+00, 
 2DIAGNOSTIC,    31, -4.619410664886e-01, 1.016152232594e-06, 1.0512e+02, 2.6759e+00, 
DIAGNOSTIC,Iteration,metricValue,convergenceValue,ITERATION_TIME_INDEX,SINCE_LAST
 2DIAGNOSTIC,     1, -4.090267847781e-01, 1.797693134862e+308, 1.2591e+02, 2.0792e+01, 
 2DIAGNOSTIC,     2, -4.091231536568e-01, 1.797693134862e+308, 1.4140e+02, 1.5486e+01, 
 2DIAGNOSTIC,     3, -4.092298154314e-01, 1.797693134862e+308, 1.5716e+02, 1.5769e+01, 
 2DIAGNOSTIC,     4, -4.093371624557e-01, 1.797693134862e+308, 1.8113e+02, 2.3968e+01, 
 2DIAGNOSTIC,     5, -4.093654789721e-01, 1.797693134862e+308, 2.0756e+02, 2.6426e+01, 
 2DIAGNOSTIC,     6, -4.093679208061e-01, 1.797693134862e+308, 2.2292e+02, 1.5364e+01, 
 2DIAGNOSTIC,     7, -4.093764188893e-01, 1.797693134862e+308, 2.3929e+02, 1.6367e+01, 
 2DIAGNOSTIC,     8, -4.093896290770e-01, 1.797693134862e+308, 2.5545e+02, 1.6159e+01, 
 2DIAGNOSTIC,     9, -4.094069859866e-01, 1.797693134862e+308, 2.7085e+02, 1.5404e+01, 
 2DIAGNOSTIC,    10, -4.094276259282e-01, 5.732395820125e-05, 2.8651e+02, 1.5655e+01, 
 2DIAGNOSTIC,    11, -4.094484069460e-01, 3.822553974066e-05, 3.0225e+02, 1.5739e+01, 
 2DIAGNOSTIC,    12, -4.094686305756e-01, 2.579840029865e-05, 3.1762e+02, 1.5370e+01, 
 2DIAGNOSTIC,    13, -4.094843215661e-01, 1.956770384257e-05, 3.3322e+02, 1.5604e+01, 
 2DIAGNOSTIC,    14, -4.095259690457e-01, 2.001504038915e-05, 3.5057e+02, 1.7346e+01, 
 2DIAGNOSTIC,    15, -4.095470146148e-01, 2.102518534426e-05, 3.7069e+02, 2.0119e+01, 
 2DIAGNOSTIC,    16, -4.095588093221e-01, 2.078670753626e-05, 3.9882e+02, 2.8138e+01, 
 2DIAGNOSTIC,    17, -4.095590456854e-01, 1.921406200913e-05, 4.1449e+02, 1.5665e+01, 
 2DIAGNOSTIC,    18, -4.095616376948e-01, 1.682633876497e-05, 4.3194e+02, 1.7450e+01, 
 2DIAGNOSTIC,    19, -4.095632940969e-01, 1.396261866963e-05, 4.4960e+02, 1.7662e+01, 
 2DIAGNOSTIC,    20, -4.095637163796e-01, 1.095154638738e-05, 4.6512e+02, 1.5521e+01, 
 2DIAGNOSTIC,    21, -4.095648521942e-01, 8.081806733812e-06, 4.8024e+02, 1.5115e+01, 
 2DIAGNOSTIC,    22, -4.095663185424e-01, 5.554944694626e-06, 4.9589e+02, 1.5651e+01, 
 2DIAGNOSTIC,    23, -4.095693714916e-01, 3.404410419600e-06, 5.1147e+02, 1.5582e+01, 
 2DIAGNOSTIC,    24, -4.095751101643e-01, 2.598377786857e-06, 5.3111e+02, 1.9641e+01, 
 2DIAGNOSTIC,    25, -4.095767089474e-01, 2.354577548581e-06, 5.7222e+02, 4.1114e+01, 
 2DIAGNOSTIC,    26, -4.095765637521e-01, 2.341426876253e-06, 5.9024e+02, 1.8019e+01, 
 2DIAGNOSTIC,    27, -4.095765660142e-01, 2.230861203954e-06, 6.0779e+02, 1.7544e+01, 
 2DIAGNOSTIC,    28, -4.095765649898e-01, 2.091223844904e-06, 6.6186e+02, 5.4078e+01, 
 2DIAGNOSTIC,    29, -4.095765649898e-01, 1.908508368856e-06, 6.9798e+02, 3.6120e+01, 
 2DIAGNOSTIC,    30, -4.095765649898e-01, 1.670731826026e-06, 7.1568e+02, 1.7693e+01, 
 2DIAGNOSTIC,    31, -4.095765649898e-01, 1.417874890684e-06, 7.3313e+02, 1.7452e+01, 
 2DIAGNOSTIC,    32, -4.095765649898e-01, 1.175712694243e-06, 7.5100e+02, 1.7866e+01, 
  Elapsed time (stage 1): 7.6166e+02


Total elapsed time: 1.3770e+03

--------------------------------------------------------------------------------------
 Mapping parameters
--------------------------------------------------------------------------------------
 ANTSPATH is /usr/local/software/spack/spack-git/opt/spack/linux-rhel7-broadwell/gcc-5/ants-2.3.4-lj6vm7ccmij4yywr4ynrttcko4aoflqt/bin

 Dimensionality:           3
 Output name prefix:       T1xT2_ANTs
 Fixed images:             /home/ccn30/rds/rds-p00500_encrypt-URQgmO1brZ0/p00500/ENCRYPT_images/32920/T2/N4t2.nii
 Moving images:            /home/ccn30/rds/rds-p00500_encrypt-URQgmO1brZ0/p00500/ENCRYPT_images/32920/mp2rage/n4mag0000_PSIR_skulled_std.nii
 Mask images:              
 Initial transforms:       
 Number of threads:        1
 Spline distance:          26
 Transform type:           a
 MI histogram bins:        32
 Precision:                d
 Use histogram matching    0
======================================================================================
 antsRegistration call:
--------------------------------------------------------------------------------------
/usr/local/software/spack/spack-git/opt/spack/linux-rhel7-broadwell/gcc-5/ants-2.3.4-lj6vm7ccmij4yywr4ynrttcko4aoflqt/bin/antsRegistration --verbose 1 --dimensionality 3 --float 0 --collapse-output-transforms 1 --output [ T1xT2_ANTs,T1xT2_ANTsWarped.nii.gz,T1xT2_ANTsInverseWarped.nii.gz ] --interpolation Linear --use-histogram-matching 0 --winsorize-image-intensities [ 0.005,0.995 ] --initial-moving-transform [ /home/ccn30/rds/rds-p00500_encrypt-URQgmO1brZ0/p00500/ENCRYPT_images/32920/T2/N4t2.nii,/home/ccn30/rds/rds-p00500_encrypt-URQgmO1brZ0/p00500/ENCRYPT_images/32920/mp2rage/n4mag0000_PSIR_skulled_std.nii,1 ] --transform Rigid[ 0.1 ] --metric MI[ /home/ccn30/rds/rds-p00500_encrypt-URQgmO1brZ0/p00500/ENCRYPT_images/32920/T2/N4t2.nii,/home/ccn30/rds/rds-p00500_encrypt-URQgmO1brZ0/p00500/ENCRYPT_images/32920/mp2rage/n4mag0000_PSIR_skulled_std.nii,1,32,Regular,0.25 ] --convergence [ 1000x500x250x0,1e-6,10 ] --shrink-factors 12x8x4x2 --smoothing-sigmas 4x3x2x1vox --transform Affine[ 0.1 ] --metric MI[ /home/ccn30/rds/rds-p00500_encrypt-URQgmO1brZ0/p00500/ENCRYPT_images/32920/T2/N4t2.nii,/home/ccn30/rds/rds-p00500_encrypt-URQgmO1brZ0/p00500/ENCRYPT_images/32920/mp2rage/n4mag0000_PSIR_skulled_std.nii,1,32,Regular,0.25 ] --convergence [ 1000x500x250x0,1e-6,10 ] --shrink-factors 12x8x4x2 --smoothing-sigmas 4x3x2x1vox
--------------------------------------------------------------------------------------
All_Command_lines_OK
Using double precision for computations.
=============================================================================
The composite transform comprises the following transforms (in order): 
  1. Center of mass alignment using fixed image: /home/ccn30/rds/rds-p00500_encrypt-URQgmO1brZ0/p00500/ENCRYPT_images/32920/T2/N4t2.nii and moving image: /home/ccn30/rds/rds-p00500_encrypt-URQgmO1brZ0/p00500/ENCRYPT_images/32920/mp2rage/n4mag0000_PSIR_skulled_std.nii (type = Euler3DTransform)
=============================================================================
  number of levels = 4
  number of levels = 4
  fixed image: /home/ccn30/rds/rds-p00500_encrypt-URQgmO1brZ0/p00500/ENCRYPT_images/32920/T2/N4t2.nii
  moving image: /home/ccn30/rds/rds-p00500_encrypt-URQgmO1brZ0/p00500/ENCRYPT_images/32920/mp2rage/n4mag0000_PSIR_skulled_std.nii
  fixed image: /home/ccn30/rds/rds-p00500_encrypt-URQgmO1brZ0/p00500/ENCRYPT_images/32920/T2/N4t2.nii
  moving image: /home/ccn30/rds/rds-p00500_encrypt-URQgmO1brZ0/p00500/ENCRYPT_images/32920/mp2rage/n4mag0000_PSIR_skulled_std.nii
Dimension = 3
Number of stages = 2
Use Histogram Matching false
Winsorize image intensities true
Lower quantile = 0.005
Upper quantile = 0.995
Stage 1 State
   Image metric = Mattes
     Fixed image = Image (0x4553b30)
  RTTI typeinfo:   itk::Image<double, 3u>
  Reference Count: 2
  Modified Time: 1709
  Debug: Off
  Object Name: 
  Observers: 
    none
  Source: (none)
  Source output name: (none)
  Release Data: Off
  Data Released: False
  Global Release Data: Off
  PipelineMTime: 0
  UpdateMTime: 1492
  RealTimeStamp: 0 seconds 
  LargestPossibleRegion: 
    Dimension: 3
    Index: [0, 0, 0]
    Size: [512, 512, 54]
  BufferedRegion: 
    Dimension: 3
    Index: [0, 0, 0]
    Size: [512, 512, 54]
  RequestedRegion: 
    Dimension: 3
    Index: [0, 0, 0]
    Size: [512, 512, 54]
  Spacing: [0.4375, 0.4375, 1.1]
  Origin: [-116.844, 14.3301, -91.9597]
  Direction: 
0.999903 -0.0063475 0.012426
-0.0139534 -0.453946 0.89092
1.43568e-05 0.891006 0.453991

  IndexToPointMatrix: 
0.437457 -0.00277703 0.0136686
-0.00610461 -0.198601 0.980012
6.28111e-06 0.389815 0.49939

  PointToIndexMatrix: 
2.28549 -0.0318934 3.28158e-05
-0.0145086 -1.03759 2.03659
0.0112964 0.809927 0.412719

  Inverse Direction: 
0.999903 -0.0139534 1.43569e-05
-0.0063475 -0.453946 0.891006
0.012426 0.89092 0.453991

  PixelContainer: 
    ImportImageContainer (0x4550780)
      RTTI typeinfo:   itk::ImportImageContainer<unsigned long, double>
      Reference Count: 1
      Modified Time: 1489
      Debug: Off
      Object Name: 
      Observers: 
        none
      Pointer: 0x2acb62843010
      Container manages memory: true
      Size: 14155776
      Capacity: 14155776

     Moving image = Image (0x4552290)
  RTTI typeinfo:   itk::Image<double, 3u>
  Reference Count: 2
  Modified Time: 1710
  Debug: Off
  Object Name: 
  Observers: 
    none
  Source: (none)
  Source output name: (none)
  Release Data: Off
  Data Released: False
  Global Release Data: Off
  PipelineMTime: 0
  UpdateMTime: 1707
  RealTimeStamp: 0 seconds 
  LargestPossibleRegion: 
    Dimension: 3
    Index: [0, 0, 0]
    Size: [224, 320, 320]
  BufferedRegion: 
    Dimension: 3
    Index: [0, 0, 0]
    Size: [224, 320, 320]
  RequestedRegion: 
    Dimension: 3
    Index: [0, 0, 0]
    Size: [224, 320, 320]
  Spacing: [0.7, 0.7, 0.7]
  Origin: [-80.5301, 91.9889, -84.119]
  Direction: 
1 0 0
0 -1 0
0 0 1

  IndexToPointMatrix: 
0.7 0 0
0 -0.7 0
0 0 0.7

  PointToIndexMatrix: 
1.42857 0 0
0 -1.42857 0
0 0 1.42857

  Inverse Direction: 
1 0 0
0 -1 0
0 0 1

  PixelContainer: 
    ImportImageContainer (0x4550b80)
      RTTI typeinfo:   itk::ImportImageContainer<unsigned long, double>
      Reference Count: 1
      Modified Time: 1704
      Debug: Off
      Object Name: 
      Observers: 
        none
      Pointer: 0x2acb69444010
      Container manages memory: true
      Size: 22937600
      Capacity: 22937600

     Weighting = 1
     Sampling strategy = regular
     Number of bins = 32
     Radius = 4
     Sampling percentage  = 0.25
   Transform = Rigid
     Gradient step = 0.1
     Update field sigma (voxel space) = 0
     Total field sigma (voxel space) = 0
     Update field time sigma = 0
     Total field time sigma  = 0
     Number of time indices = 0
     Number of time point samples = 0
Stage 2 State
   Image metric = Mattes
     Fixed image = Image (0x4565350)
  RTTI typeinfo:   itk::Image<double, 3u>
  Reference Count: 2
  Modified Time: 2141
  Debug: Off
  Object Name: 
  Observers: 
    none
  Source: (none)
  Source output name: (none)
  Release Data: Off
  Data Released: False
  Global Release Data: Off
  PipelineMTime: 0
  UpdateMTime: 1924
  RealTimeStamp: 0 seconds 
  LargestPossibleRegion: 
    Dimension: 3
    Index: [0, 0, 0]
    Size: [512, 512, 54]
  BufferedRegion: 
    Dimension: 3
    Index: [0, 0, 0]
    Size: [512, 512, 54]
  RequestedRegion: 
    Dimension: 3
    Index: [0, 0, 0]
    Size: [512, 512, 54]
  Spacing: [0.4375, 0.4375, 1.1]
  Origin: [-116.844, 14.3301, -91.9597]
  Direction: 
0.999903 -0.0063475 0.012426
-0.0139534 -0.453946 0.89092
1.43568e-05 0.891006 0.453991

  IndexToPointMatrix: 
0.437457 -0.00277703 0.0136686
-0.00610461 -0.198601 0.980012
6.28111e-06 0.389815 0.49939

  PointToIndexMatrix: 
2.28549 -0.0318934 3.28158e-05
-0.0145086 -1.03759 2.03659
0.0112964 0.809927 0.412719

  Inverse Direction: 
0.999903 -0.0139534 1.43569e-05
-0.0063475 -0.453946 0.891006
0.012426 0.89092 0.453991

  PixelContainer: 
    ImportImageContainer (0x455fcc0)
      RTTI typeinfo:   itk::ImportImageContainer<unsigned long, double>
      Reference Count: 1
      Modified Time: 1921
      Debug: Off
      Object Name: 
      Observers: 
        none
      Pointer: 0x2acb74345010
      Container manages memory: true
      Size: 14155776
      Capacity: 14155776

     Moving image = Image (0x4569ea0)
  RTTI typeinfo:   itk::Image<double, 3u>
  Reference Count: 2
  Modified Time: 2142
  Debug: Off
  Object Name: 
  Observers: 
    none
  Source: (none)
  Source output name: (none)
  Release Data: Off
  Data Released: False
  Global Release Data: Off
  PipelineMTime: 0
  UpdateMTime: 2139
  RealTimeStamp: 0 seconds 
  LargestPossibleRegion: 
    Dimension: 3
    Index: [0, 0, 0]
    Size: [224, 320, 320]
  BufferedRegion: 
    Dimension: 3
    Index: [0, 0, 0]
    Size: [224, 320, 320]
  RequestedRegion: 
    Dimension: 3
    Index: [0, 0, 0]
    Size: [224, 320, 320]
  Spacing: [0.7, 0.7, 0.7]
  Origin: [-80.5301, 91.9889, -84.119]
  Direction: 
1 0 0
0 -1 0
0 0 1

  IndexToPointMatrix: 
0.7 0 0
0 -0.7 0
0 0 0.7

  PointToIndexMatrix: 
1.42857 0 0
0 -1.42857 0
0 0 1.42857

  Inverse Direction: 
1 0 0
0 -1 0
0 0 1

  PixelContainer: 
    ImportImageContainer (0x45563d0)
      RTTI typeinfo:   itk::ImportImageContainer<unsigned long, double>
      Reference Count: 1
      Modified Time: 2136
      Debug: Off
      Object Name: 
      Observers: 
        none
      Pointer: 0x2acb7af46010
      Container manages memory: true
      Size: 22937600
      Capacity: 22937600

     Weighting = 1
     Sampling strategy = regular
     Number of bins = 32
     Radius = 4
     Sampling percentage  = 0.25
   Transform = Affine
     Gradient step = 0.1
     Update field sigma (voxel space) = 0
     Total field sigma (voxel space) = 0
     Update field time sigma = 0
     Total field time sigma  = 0
     Number of time indices = 0
     Number of time point samples = 0
Registration using 2 total stages.

Stage 0
  iterations = 1000x500x250x0
  convergence threshold = 1e-06
  convergence window size = 10
  number of levels = 4
  using the Mattes MI metric (number of bins = 32, weight = 1)
  preprocessing:  winsorizing the image intensities
  Shrink factors (level 1 out of 4): [12, 12, 5]
  Shrink factors (level 2 out of 4): [8, 8, 3]
  Shrink factors (level 3 out of 4): [4, 4, 2]
  Shrink factors (level 4 out of 4): [2, 2, 1]
  smoothing sigmas per level: [4, 3, 2, 1]
  regular sampling (percentage = 0.25)

*** Running Euler3DTransform registration ***

DIAGNOSTIC,Iteration,metricValue,convergenceValue,ITERATION_TIME_INDEX,SINCE_LAST
 2DIAGNOSTIC,     1, -3.855441364180e-01, 1.797693134862e+308, 4.1676e+00, 4.1676e+00, 
 2DIAGNOSTIC,     2, -3.900496313298e-01, 1.797693134862e+308, 4.1826e+00, 1.5005e-02, 
 2DIAGNOSTIC,     3, -3.962147619455e-01, 1.797693134862e+308, 4.1921e+00, 9.5372e-03, 
 2DIAGNOSTIC,     4, -4.052269626669e-01, 1.797693134862e+308, 4.2008e+00, 8.7168e-03, 
 2DIAGNOSTIC,     5, -4.235750065097e-01, 1.797693134862e+308, 4.2163e+00, 1.5472e-02, 
 2DIAGNOSTIC,     6, -4.736000375314e-01, 1.797693134862e+308, 4.2329e+00, 1.6606e-02, 
 2DIAGNOSTIC,     7, -5.480943125960e-01, 1.797693134862e+308, 4.2470e+00, 1.4117e-02, 
 2DIAGNOSTIC,     8, -5.584978424156e-01, 1.797693134862e+308, 4.2602e+00, 1.3232e-02, 
 2DIAGNOSTIC,     9, -5.623078635166e-01, 1.797693134862e+308, 4.2758e+00, 1.5519e-02, 
 2DIAGNOSTIC,    10, -5.653725938341e-01, 3.134377271814e-02, 4.2862e+00, 1.0446e-02, 
 2DIAGNOSTIC,    11, -5.682089854523e-01, 2.755435406894e-02, 4.2974e+00, 1.1165e-02, 
 2DIAGNOSTIC,    12, -5.686253666401e-01, 2.224650044101e-02, 4.3251e+00, 2.7757e-02, 
 2DIAGNOSTIC,    13, -5.685959593308e-01, 1.618576070506e-02, 4.3449e+00, 1.9780e-02, 
 2DIAGNOSTIC,    14, -5.686760303390e-01, 1.007805525136e-02, 4.3616e+00, 1.6675e-02, 
 2DIAGNOSTIC,    15, -5.686451168787e-01, 4.651855735613e-03, 4.3728e+00, 1.1212e-02, 
 2DIAGNOSTIC,    16, -5.686327791371e-01, 1.242960027939e-03, 4.3831e+00, 1.0303e-02, 
 2DIAGNOSTIC,    17, -5.686838002225e-01, 5.981467658058e-04, 4.3924e+00, 9.2852e-03, 
 2DIAGNOSTIC,    18, -5.686384218796e-01, 2.949393293208e-04, 4.4104e+00, 1.7989e-02, 
 2DIAGNOSTIC,    19, -5.686749932465e-01, 1.097482265729e-04, 4.4273e+00, 1.6914e-02, 
 2DIAGNOSTIC,    20, -5.686948872163e-01, 1.706986644848e-05, 4.4416e+00, 1.4321e-02, 
 2DIAGNOSTIC,    21, -5.687182724973e-01, 6.417385118807e-06, 4.4563e+00, 1.4674e-02, 
 2DIAGNOSTIC,    22, -5.687501752384e-01, 7.440771218580e-06, 4.4673e+00, 1.0985e-02, 
 2DIAGNOSTIC,    23, -5.689539370679e-01, 1.185084644977e-05, 4.4771e+00, 9.8228e-03, 
 2DIAGNOSTIC,    24, -5.692103722387e-01, 2.235515802518e-05, 4.4883e+00, 1.1173e-02, 
 2DIAGNOSTIC,    25, -5.692478673883e-01, 3.003775276297e-05, 4.5084e+00, 2.0100e-02, 
 2DIAGNOSTIC,    26, -5.692971639285e-01, 3.522727793040e-05, 4.5309e+00, 2.2542e-02, 
 2DIAGNOSTIC,    27, -5.693476529777e-01, 3.890305200583e-05, 4.5418e+00, 1.0911e-02, 
 2DIAGNOSTIC,    28, -5.692752605216e-01, 3.641922018410e-05, 4.5555e+00, 1.3698e-02, 
 2DIAGNOSTIC,    29, -5.693771162983e-01, 3.330752941436e-05, 4.5649e+00, 9.3360e-03, 
 2DIAGNOSTIC,    30, -5.693776256307e-01, 2.771391117039e-05, 4.5735e+00, 8.6539e-03, 
 2DIAGNOSTIC,    31, -5.693787062865e-01, 2.048681264274e-05, 4.5850e+00, 1.1486e-02, 
 2DIAGNOSTIC,    32, -5.693795870012e-01, 1.242266371333e-05, 4.6032e+00, 1.8205e-02, 
 2DIAGNOSTIC,    33, -5.693805023989e-01, 6.979883666061e-06, 4.6241e+00, 2.0856e-02, 
 2DIAGNOSTIC,    34, -5.693827726645e-01, 5.296391280947e-06, 4.6564e+00, 3.2349e-02, 
 2DIAGNOSTIC,    35, -5.693827726644e-01, 3.831751350901e-06, 4.6652e+00, 8.7981e-03, 
 2DIAGNOSTIC,    36, -5.693827726644e-01, 2.888678715798e-06, 4.6744e+00, 9.1941e-03, 
 2DIAGNOSTIC,    37, -5.693827726645e-01, 2.574859380190e-06, 4.6917e+00, 1.7265e-02, 
 2DIAGNOSTIC,    38, -5.693827726646e-01, 1.082218457349e-06, 4.7081e+00, 1.6404e-02, 
 2DIAGNOSTIC,    39, -5.693827726648e-01, 1.014653143852e-06, 4.7206e+00, 1.2516e-02, 
DIAGNOSTIC,Iteration,metricValue,convergenceValue,ITERATION_TIME_INDEX,SINCE_LAST
 2DIAGNOSTIC,     1, -4.884854193586e-01, 1.797693134862e+308, 8.8810e+00, 4.1604e+00, 
 2DIAGNOSTIC,     2, -4.899314841411e-01, 1.797693134862e+308, 8.9453e+00, 6.4344e-02, 
 2DIAGNOSTIC,     3, -4.906891731044e-01, 1.797693134862e+308, 9.0036e+00, 5.8257e-02, 
 2DIAGNOSTIC,     4, -4.908411951741e-01, 1.797693134862e+308, 9.0677e+00, 6.4106e-02, 
 2DIAGNOSTIC,     5, -4.910867965271e-01, 1.797693134862e+308, 9.1320e+00, 6.4312e-02, 
 2DIAGNOSTIC,     6, -4.913733292028e-01, 1.797693134862e+308, 9.2131e+00, 8.1125e-02, 
 2DIAGNOSTIC,     7, -4.920299409969e-01, 1.797693134862e+308, 9.3084e+00, 9.5310e-02, 
 2DIAGNOSTIC,     8, -4.921580756134e-01, 1.797693134862e+308, 9.3659e+00, 5.7496e-02, 
 2DIAGNOSTIC,     9, -4.921893900025e-01, 1.797693134862e+308, 9.4312e+00, 6.5333e-02, 
 2DIAGNOSTIC,    10, -4.922122067170e-01, 4.275521761425e-04, 9.4940e+00, 6.2714e-02, 
 2DIAGNOSTIC,    11, -4.922626373796e-01, 2.773020308045e-04, 9.5857e+00, 9.1732e-02, 
 2DIAGNOSTIC,    12, -4.922547187260e-01, 1.954666333330e-04, 9.6765e+00, 9.0814e-02, 
 2DIAGNOSTIC,    13, -4.922558976229e-01, 1.425899228058e-04, 9.7384e+00, 6.1887e-02, 
 2DIAGNOSTIC,    14, -4.922747635727e-01, 9.188932319075e-05, 9.8143e+00, 7.5895e-02, 
 2DIAGNOSTIC,    15, -4.922611749367e-01, 4.874089016289e-05, 9.8795e+00, 6.5204e-02, 
 2DIAGNOSTIC,    16, -4.922757705404e-01, 1.698562766145e-05, 9.9352e+00, 5.5745e-02, 
 2DIAGNOSTIC,    17, -4.922960209352e-01, 1.049994911614e-05, 1.0003e+01, 6.7407e-02, 
 2DIAGNOSTIC,    18, -4.922707838709e-01, 7.228279735448e-06, 1.0069e+01, 6.6786e-02, 
 2DIAGNOSTIC,    19, -4.923064762249e-01, 5.857238699981e-06, 1.0302e+01, 2.3293e-01, 
 2DIAGNOSTIC,    20, -4.923064762191e-01, 4.824663997385e-06, 1.0534e+01, 2.3180e-01, 
 2DIAGNOSTIC,    21, -4.923064762191e-01, 4.985649354652e-06, 1.0626e+01, 9.1595e-02, 
 2DIAGNOSTIC,    22, -4.923064762191e-01, 4.606696402884e-06, 1.0693e+01, 6.6811e-02, 
 2DIAGNOSTIC,    23, -4.923064762191e-01, 3.988461876818e-06, 1.0793e+01, 1.0076e-01, 
 2DIAGNOSTIC,    24, -4.923064762191e-01, 3.641373835003e-06, 1.0870e+01, 7.7080e-02, 
 2DIAGNOSTIC,    25, -4.923064762191e-01, 2.773988957740e-06, 1.0943e+01, 7.2429e-02, 
 2DIAGNOSTIC,    26, -4.923064762191e-01, 2.149948411391e-06, 1.1011e+01, 6.8513e-02, 
 2DIAGNOSTIC,    27, -4.923064762191e-01, 1.943113816689e-06, 1.1084e+01, 7.2759e-02, 
 2DIAGNOSTIC,    28, -4.923064762191e-01, 1.137088773639e-06, 1.1171e+01, 8.6729e-02, 
 2DIAGNOSTIC,    29, -4.923064762191e-01, 1.097844935724e-06, 1.1245e+01, 7.4401e-02, 
 2DIAGNOSTIC,    30, -4.923064762191e-01, 1.061219434190e-06, 1.1320e+01, 7.4758e-02, 
 2DIAGNOSTIC,    31, -4.923064762191e-01, 1.026958784678e-06, 1.1403e+01, 8.3416e-02, 
DIAGNOSTIC,Iteration,metricValue,convergenceValue,ITERATION_TIME_INDEX,SINCE_LAST
 2DIAGNOSTIC,     1, -4.617171469590e-01, 1.797693134862e+308, 1.6065e+01, 4.6617e+00, 
 2DIAGNOSTIC,     2, -4.626578001504e-01, 1.797693134862e+308, 1.6434e+01, 3.6891e-01, 
 2DIAGNOSTIC,     3, -4.629209783858e-01, 1.797693134862e+308, 1.6798e+01, 3.6357e-01, 
 2DIAGNOSTIC,     4, -4.633237631457e-01, 1.797693134862e+308, 1.7169e+01, 3.7092e-01, 
 2DIAGNOSTIC,     5, -4.637841196838e-01, 1.797693134862e+308, 1.7541e+01, 3.7271e-01, 
 2DIAGNOSTIC,     6, -4.645113276143e-01, 1.797693134862e+308, 1.7909e+01, 3.6741e-01, 
 2DIAGNOSTIC,     7, -4.647495520660e-01, 1.797693134862e+308, 1.8562e+01, 6.5304e-01, 
 2DIAGNOSTIC,     8, -4.648025664710e-01, 1.797693134862e+308, 1.8928e+01, 3.6646e-01, 
 2DIAGNOSTIC,     9, -4.648370372179e-01, 1.797693134862e+308, 1.9293e+01, 3.6480e-01, 
 2DIAGNOSTIC,    10, -4.648667178837e-01, 4.419363076770e-04, 1.9658e+01, 3.6524e-01, 
 2DIAGNOSTIC,    11, -4.648956296577e-01, 3.100429105490e-04, 2.0128e+01, 4.6990e-01, 
 2DIAGNOSTIC,    12, -4.649565617399e-01, 2.236573381253e-04, 2.0654e+01, 5.2597e-01, 
 2DIAGNOSTIC,    13, -4.649652926893e-01, 1.435878409096e-04, 2.1018e+01, 3.6360e-01, 
 2DIAGNOSTIC,    14, -4.649723760568e-01, 8.006540065249e-05, 2.1413e+01, 3.9517e-01, 
 2DIAGNOSTIC,    15, -4.649732636869e-01, 3.606044150556e-05, 2.1737e+01, 3.2440e-01, 
 2DIAGNOSTIC,    16, -4.649741915628e-01, 2.207393856196e-05, 2.2066e+01, 3.2924e-01, 
 2DIAGNOSTIC,    17, -4.649761393524e-01, 1.647403169825e-05, 2.2400e+01, 3.3362e-01, 
 2DIAGNOSTIC,    18, -4.649835237875e-01, 1.218225812991e-05, 2.2722e+01, 3.2155e-01, 
 2DIAGNOSTIC,    19, -4.649979441934e-01, 8.958174160537e-06, 2.3055e+01, 3.3377e-01, 
 2DIAGNOSTIC,    20, -4.649966944932e-01, 6.241472345764e-06, 2.3486e+01, 4.3029e-01, 
 2DIAGNOSTIC,    21, -4.650556913449e-01, 5.876778200152e-06, 2.4139e+01, 6.5341e-01, 
 2DIAGNOSTIC,    22, -4.650464974031e-01, 6.530531906225e-06, 2.4486e+01, 3.4713e-01, 
 2DIAGNOSTIC,    23, -4.650422396705e-01, 6.786530931849e-06, 2.4786e+01, 3.0005e-01, 
 2DIAGNOSTIC,    24, -4.650380733378e-01, 6.607661729260e-06, 2.5131e+01, 3.4446e-01, 
 2DIAGNOSTIC,    25, -4.650283326691e-01, 5.725232638754e-06, 2.5479e+01, 3.4795e-01, 
 2DIAGNOSTIC,    26, -4.650234769223e-01, 4.387251236193e-06, 2.5787e+01, 3.0856e-01, 
 2DIAGNOSTIC,    27, -4.650186250792e-01, 2.781287421295e-06, 2.6096e+01, 3.0918e-01, 
 2DIAGNOSTIC,    28, -4.650188464968e-01, 1.317838857567e-06, 2.6490e+01, 3.9400e-01, 
DIAGNOSTIC,Iteration,metricValue,convergenceValue,ITERATION_TIME_INDEX,SINCE_LAST
 2DIAGNOSTIC,     1, -3.564303355666e-01, 1.797693134862e+308, 3.3020e+01, 6.5298e+00, 
  Elapsed time (stage 0): 3.4660e+01


Stage 1
  iterations = 1000x500x250x0
  convergence threshold = 1.0000e-06
  convergence window size = 10
  number of levels = 4
  using the Mattes MI metric (number of bins = 32, weight = 1.0000e+00)
  preprocessing:  winsorizing the image intensities
  Shrink factors (level 1 out of 4): [12, 12, 5]
  Shrink factors (level 2 out of 4): [8, 8, 3]
  Shrink factors (level 3 out of 4): [4, 4, 2]
  Shrink factors (level 4 out of 4): [2, 2, 1]
  smoothing sigmas per level: [4, 3, 2, 1]
  regular sampling (percentage = 2.5000e-01)

*** Running AffineTransform registration ***

DIAGNOSTIC,Iteration,metricValue,convergenceValue,ITERATION_TIME_INDEX,SINCE_LAST
 2DIAGNOSTIC,     1, -5.701639137338e-01, 1.797693134862e+308, 4.0955e+00, 4.0955e+00, 
 2DIAGNOSTIC,     2, -5.714753464091e-01, 1.797693134862e+308, 4.1134e+00, 1.7924e-02, 
 2DIAGNOSTIC,     3, -5.739712944733e-01, 1.797693134862e+308, 4.1294e+00, 1.6015e-02, 
 2DIAGNOSTIC,     4, -5.771637993570e-01, 1.797693134862e+308, 4.1438e+00, 1.4356e-02, 
 2DIAGNOSTIC,     5, -5.795309187188e-01, 1.797693134862e+308, 4.1580e+00, 1.4251e-02, 
 2DIAGNOSTIC,     6, -5.812769648460e-01, 1.797693134862e+308, 4.1679e+00, 9.8598e-03, 
 2DIAGNOSTIC,     7, -5.844205603623e-01, 1.797693134862e+308, 4.1779e+00, 9.9530e-03, 
 2DIAGNOSTIC,     8, -5.862094930754e-01, 1.797693134862e+308, 4.2091e+00, 3.1228e-02, 
 2DIAGNOSTIC,     9, -5.868725041713e-01, 1.797693134862e+308, 4.2267e+00, 1.7590e-02, 
 2DIAGNOSTIC,    10, -5.869979248122e-01, 2.089095693214e-03, 4.2446e+00, 1.7910e-02, 
 2DIAGNOSTIC,    11, -5.869877981776e-01, 1.665255826690e-03, 4.2569e+00, 1.2262e-02, 
 2DIAGNOSTIC,    12, -5.870005964996e-01, 1.215886002029e-03, 4.2670e+00, 1.0147e-02, 
 2DIAGNOSTIC,    13, -5.871460929024e-01, 8.232387166359e-04, 4.2810e+00, 1.3953e-02, 
 2DIAGNOSTIC,    14, -5.876588952327e-01, 5.412980629212e-04, 4.2997e+00, 1.8721e-02, 
 2DIAGNOSTIC,    15, -5.901242897881e-01, 4.052369004101e-04, 4.3199e+00, 2.0206e-02, 
 2DIAGNOSTIC,    16, -5.902420279689e-01, 3.025879303580e-04, 4.3373e+00, 1.7440e-02, 
 2DIAGNOSTIC,    17, -5.900497676216e-01, 2.688799371857e-04, 4.3509e+00, 1.3612e-02, 
 2DIAGNOSTIC,    18, -5.897781010343e-01, 2.560319884594e-04, 4.3611e+00, 1.0199e-02, 
 2DIAGNOSTIC,    19, -5.895829390104e-01, 2.326145746928e-04, 4.3782e+00, 1.7047e-02, 
 2DIAGNOSTIC,    20, -5.893429390295e-01, 1.863089025998e-04, 4.3985e+00, 2.0276e-02, 
 2DIAGNOSTIC,    21, -5.898729611680e-01, 1.392645223177e-04, 4.4143e+00, 1.5893e-02, 
 2DIAGNOSTIC,    22, -5.892744689430e-01, 7.129280776970e-05, 4.4312e+00, 1.6879e-02, 
 2DIAGNOSTIC,    23, -5.903207191055e-01, 2.881375200088e-05, 4.4481e+00, 1.6884e-02, 
DIAGNOSTIC,Iteration,metricValue,convergenceValue,ITERATION_TIME_INDEX,SINCE_LAST
 2DIAGNOSTIC,     1, -5.003775568941e-01, 1.797693134862e+308, 8.6027e+00, 4.1546e+00, 
 2DIAGNOSTIC,     2, -5.015132966942e-01, 1.797693134862e+308, 8.6701e+00, 6.7405e-02, 
 2DIAGNOSTIC,     3, -5.024969906554e-01, 1.797693134862e+308, 8.7404e+00, 7.0288e-02, 
 2DIAGNOSTIC,     4, -5.032582800911e-01, 1.797693134862e+308, 8.8086e+00, 6.8212e-02, 
 2DIAGNOSTIC,     5, -5.040293278162e-01, 1.797693134862e+308, 8.8747e+00, 6.6173e-02, 
 2DIAGNOSTIC,     6, -5.060465859499e-01, 1.797693134862e+308, 8.9554e+00, 8.0637e-02, 
 2DIAGNOSTIC,     7, -5.083896769086e-01, 1.797693134862e+308, 9.0361e+00, 8.0691e-02, 
 2DIAGNOSTIC,     8, -5.086889872942e-01, 1.797693134862e+308, 9.1526e+00, 1.1651e-01, 
 2DIAGNOSTIC,     9, -5.087057488185e-01, 1.797693134862e+308, 9.2340e+00, 8.1457e-02, 
 2DIAGNOSTIC,    10, -5.087251753267e-01, 1.224314160480e-03, 9.3146e+00, 8.0539e-02, 
 2DIAGNOSTIC,    11, -5.087189309856e-01, 9.756822758507e-04, 9.3948e+00, 8.0182e-02, 
 2DIAGNOSTIC,    12, -5.087134603495e-01, 7.319474843838e-04, 9.4726e+00, 7.7802e-02, 
 2DIAGNOSTIC,    13, -5.086463343986e-01, 4.999908458572e-04, 9.5478e+00, 7.5267e-02, 
 2DIAGNOSTIC,    14, -5.086359180390e-01, 2.879021453584e-04, 9.6446e+00, 9.6766e-02, 
 2DIAGNOSTIC,    15, -5.086394790645e-01, 1.061743154769e-04, 9.7121e+00, 6.7532e-02, 
 2DIAGNOSTIC,    16, -5.086150531994e-01, 5.341926250443e-06, 9.7934e+00, 8.1280e-02, 
DIAGNOSTIC,Iteration,metricValue,convergenceValue,ITERATION_TIME_INDEX,SINCE_LAST
 2DIAGNOSTIC,     1, -4.633538523057e-01, 1.797693134862e+308, 1.4370e+01, 4.5763e+00, 
 2DIAGNOSTIC,     2, -4.645771197841e-01, 1.797693134862e+308, 1.4779e+01, 4.0965e-01, 
 2DIAGNOSTIC,     3, -4.657694400005e-01, 1.797693134862e+308, 1.5178e+01, 3.9820e-01, 
 2DIAGNOSTIC,     4, -4.670071972684e-01, 1.797693134862e+308, 1.5580e+01, 4.0248e-01, 
 2DIAGNOSTIC,     5, -4.683435468729e-01, 1.797693134862e+308, 1.6108e+01, 5.2809e-01, 
 2DIAGNOSTIC,     6, -4.691515853968e-01, 1.797693134862e+308, 1.6933e+01, 8.2514e-01, 
 2DIAGNOSTIC,     7, -4.691845966444e-01, 1.797693134862e+308, 1.7398e+01, 4.6431e-01, 
 2DIAGNOSTIC,     8, -4.691899641367e-01, 1.797693134862e+308, 1.7798e+01, 3.9998e-01, 
 2DIAGNOSTIC,     9, -4.691950345020e-01, 1.797693134862e+308, 1.8265e+01, 4.6766e-01, 
 2DIAGNOSTIC,    10, -4.691983845040e-01, 8.196710753473e-04, 1.8665e+01, 3.9953e-01, 
 2DIAGNOSTIC,    11, -4.692021203769e-01, 5.309259528681e-04, 1.9127e+01, 4.6272e-01, 
 2DIAGNOSTIC,    12, -4.692136882399e-01, 3.055853638777e-04, 1.9532e+01, 4.0473e-01, 
 2DIAGNOSTIC,    13, -4.692257943844e-01, 1.436303998584e-04, 1.9937e+01, 4.0476e-01, 
 2DIAGNOSTIC,    14, -4.692630434826e-01, 4.613260574134e-05, 2.0343e+01, 4.0645e-01, 
 2DIAGNOSTIC,    15, -4.693278734548e-01, 1.343137831133e-05, 2.0752e+01, 4.0814e-01, 
 2DIAGNOSTIC,    16, -4.693974552241e-01, 1.700974744345e-05, 2.1208e+01, 4.5686e-01, 
 2DIAGNOSTIC,    17, -4.695155800965e-01, 2.414764923322e-05, 2.1606e+01, 3.9789e-01, 
 2DIAGNOSTIC,    18, -4.696700953136e-01, 3.375835993379e-05, 2.2020e+01, 4.1334e-01, 
 2DIAGNOSTIC,    19, -4.698737144329e-01, 4.596994002625e-05, 2.2422e+01, 4.0261e-01, 
 2DIAGNOSTIC,    20, -4.699857649369e-01, 5.624114274428e-05, 2.3070e+01, 6.4758e-01, 
 2DIAGNOSTIC,    21, -4.701463842455e-01, 6.519666646901e-05, 2.3470e+01, 3.9985e-01, 
 2DIAGNOSTIC,    22, -4.701462758139e-01, 6.766259577087e-05, 2.3881e+01, 4.1151e-01, 
 2DIAGNOSTIC,    23, -4.702099972532e-01, 6.573897183772e-05, 2.4402e+01, 5.2030e-01, 
 2DIAGNOSTIC,    24, -4.702743700047e-01, 6.044231780761e-05, 2.4926e+01, 5.2436e-01, 
 2DIAGNOSTIC,    25, -4.702547554361e-01, 5.105920836260e-05, 2.5502e+01, 5.7589e-01, 
 2DIAGNOSTIC,    26, -4.702551120676e-01, 3.937306921099e-05, 2.5958e+01, 4.5580e-01, 
 2DIAGNOSTIC,    27, -4.702818172123e-01, 2.820907579597e-05, 2.6420e+01, 4.6279e-01, 
 2DIAGNOSTIC,    28, -4.702772897424e-01, 1.844964638485e-05, 2.6891e+01, 4.7089e-01, 
 2DIAGNOSTIC,    29, -4.702726532470e-01, 1.184484956003e-05, 2.7354e+01, 4.6326e-01, 
 2DIAGNOSTIC,    30, -4.702679315796e-01, 6.773364561181e-06, 2.7827e+01, 4.7206e-01, 
 2DIAGNOSTIC,    31, -4.702583337655e-01, 4.475981751122e-06, 2.8215e+01, 3.8825e-01, 
 2DIAGNOSTIC,    32, -4.702537779835e-01, 1.876093276024e-06, 2.8667e+01, 4.5263e-01, 
DIAGNOSTIC,Iteration,metricValue,convergenceValue,ITERATION_TIME_INDEX,SINCE_LAST
 2DIAGNOSTIC,     1, -3.531604838638e-01, 1.797693134862e+308, 3.5535e+01, 6.8675e+00, 
  Elapsed time (stage 1): 3.7174e+01


Total elapsed time: 7.1843e+01
Using double precision for computations.
Input scalar image: /home/ccn30/rds/rds-p00500_encrypt-URQgmO1brZ0/p00500/ENCRYPT_images/32920/T2/N4t2.nii
Reference image: /home/ccn30/rds/rds-p00500_encrypt-URQgmO1brZ0/p00500/ENCRYPT_images/32920/mp2rage/n4mag0000_PSIR_skulled_std.nii
=============================================================================
The composite transform comprises the following transforms (in order): 
  1. inverse of T1xT2_ANTs0GenericAffine.mat (type = AffineTransform)
=============================================================================
Default pixel value: 0
Interpolation type: LinearInterpolateImageFunction
Output warped image: T2xT1Warped_affine.nii.gz
