This is job 25
Time: Thu  2 Dec 16:02:40 GMT 2021
Running on master node: cpu-p-76
Current directory: /home/ccn30/rds/hpc-work/WBIC_lustre/ENCRYPT/scripts/Registration/slurmoutputs
Changed directory to /home/ccn30/rds/hpc-work/WBIC_lustre/ENCRYPT/scripts/Registration/slurmoutputs.

JobID: 50592221
======
Time: Thu  2 Dec 16:02:40 GMT 2021
Running on master node: cpu-p-76
Current directory: /home/ccn30/rds/hpc-work/WBIC_lustre/ENCRYPT/scripts/Registration/slurmoutputs

Nodes allocated:
================
cpu-p-76

numtasks=, numnodes=, mpi_tasks_per_node= (OMP_NUM_THREADS=1)

Executing command:
==================
/home/ccn30/rds/hpc-work/WBIC_lustre/ENCRYPT/scripts/Registration/coreg_main.sh /home/ccn30/rds/hpc-work/WBIC_lustre/ENCRYPT/ENCRYPT_MasterRIScodes.txt 25 /home/ccn30/rds/rds-p00500_encrypt-URQgmO1brZ0/p00500 /home/ccn30/rds/hpc-work/WBIC_lustre/ENCRYPT/scripts/Registration

******** starting 27341 ********
You are inside ANTs call
/usr/local/software/spack/spack-git/opt/spack/linux-rhel7-broadwell/gcc-5/ants-2.3.4-lj6vm7ccmij4yywr4ynrttcko4aoflqt/bin/antsRegistration
 	Fixed image /home/ccn30/rds/rds-p00500_encrypt-URQgmO1brZ0/p00500/ENCRYPT_images/27341/fMRI/N4meanEPI.nii
 	Moving image /home/ccn30/rds/rds-p00500_encrypt-URQgmO1brZ0/p00500/ENCRYPT_images/27341/mp2rage/n4mag0000_PSIR_skulled_std_struc_brain.nii
 	Mask image /home/ccn30/rds/rds-p00500_encrypt-URQgmO1brZ0/p00500/ENCRYPT_images/27341/fMRI/fixedEPIMask.nii
 	regDir /home/ccn30/rds/rds-p00500_encrypt-URQgmO1brZ0/p00500/ENCRYPT_registrations/27341

Running N4 for 3-dimensional images.

Mask not read.  Using the entire image as the mask.

Original intensity range:  [-197.255, 25853.9]

***********************************************************
Warning:  Your input image contains nonpositive values
which could cause failure or problematic results.  A
possible workaround would be to:
   1. rescale your image to positive values e.g., [10,100].
   2. run N4 on your rescaled image.
   3. (optional) rescale the N4 output to the original
      intensity range.
***********************************************************

Specified spline distance: 100mm
  original image size:  [128, 128, 42]
  padded image size:  [134, 134, 101]
  number of control points:  [5, 5, 4]

Current level = 1
  Iteration 1 (of 200).   Current convergence value = 0.000746852 (threshold = 0)
  Iteration 2 (of 200).   Current convergence value = 0.000700926 (threshold = 0)
  Iteration 3 (of 200).   Current convergence value = 0.000672302 (threshold = 0)
  Iteration 4 (of 200).   Current convergence value = 0.000656551 (threshold = 0)
  Iteration 5 (of 200).   Current convergence value = 0.000650421 (threshold = 0)
  Iteration 6 (of 200).   Current convergence value = 0.000641723 (threshold = 0)
  Iteration 7 (of 200).   Current convergence value = 0.000606648 (threshold = 0)
  Iteration 8 (of 200).   Current convergence value = 0.00057581 (threshold = 0)
  Iteration 9 (of 200).   Current convergence value = 0.000548551 (threshold = 0)
  Iteration 10 (of 200).   Current convergence value = 0.000524286 (threshold = 0)
  Iteration 11 (of 200).   Current convergence value = 0.000502678 (threshold = 0)
  Iteration 12 (of 200).   Current convergence value = 0.000483494 (threshold = 0)
  Iteration 13 (of 200).   Current convergence value = 0.000465962 (threshold = 0)
  Iteration 14 (of 200).   Current convergence value = 0.000450212 (threshold = 0)
  Iteration 15 (of 200).   Current convergence value = 0.000435939 (threshold = 0)
  Iteration 16 (of 200).   Current convergence value = 0.00042274 (threshold = 0)
  Iteration 17 (of 200).   Current convergence value = 0.000410688 (threshold = 0)
  Iteration 18 (of 200).   Current convergence value = 0.0003998 (threshold = 0)
  Iteration 19 (of 200).   Current convergence value = 0.000389755 (threshold = 0)
  Iteration 20 (of 200).   Current convergence value = 0.000380658 (threshold = 0)
  Iteration 21 (of 200).   Current convergence value = 0.000372284 (threshold = 0)
  Iteration 22 (of 200).   Current convergence value = 0.000364702 (threshold = 0)
  Iteration 23 (of 200).   Current convergence value = 0.000357906 (threshold = 0)
  Iteration 24 (of 200).   Current convergence value = 0.000351781 (threshold = 0)
  Iteration 25 (of 200).   Current convergence value = 0.00034613 (threshold = 0)
  Iteration 26 (of 200).   Current convergence value = 0.000340895 (threshold = 0)
  Iteration 27 (of 200).   Current convergence value = 0.00033625 (threshold = 0)
  Iteration 28 (of 200).   Current convergence value = 0.000331908 (threshold = 0)
  Iteration 29 (of 200).   Current convergence value = 0.000327875 (threshold = 0)
  Iteration 30 (of 200).   Current convergence value = 0.000324041 (threshold = 0)
  Iteration 31 (of 200).   Current convergence value = 0.000320725 (threshold = 0)
  Iteration 32 (of 200).   Current convergence value = 0.000317624 (threshold = 0)
  Iteration 33 (of 200).   Current convergence value = 0.000314729 (threshold = 0)
  Iteration 34 (of 200).   Current convergence value = 0.000312216 (threshold = 0)
  Iteration 35 (of 200).   Current convergence value = 0.000310256 (threshold = 0)
  Iteration 36 (of 200).   Current convergence value = 0.000317541 (threshold = 0)
  Iteration 37 (of 200).   Current convergence value = 0.000325209 (threshold = 0)
  Iteration 38 (of 200).   Current convergence value = 0.000333383 (threshold = 0)
  Iteration 39 (of 200).   Current convergence value = 0.000341969 (threshold = 0)
  Iteration 40 (of 200).   Current convergence value = 0.000350958 (threshold = 0)
  Iteration 41 (of 200).   Current convergence value = 0.000360218 (threshold = 0)
  Iteration 42 (of 200).   Current convergence value = 0.000369919 (threshold = 0)
  Iteration 43 (of 200).   Current convergence value = 0.00038019 (threshold = 0)
  Iteration 44 (of 200).   Current convergence value = 0.000390926 (threshold = 0)
  Iteration 45 (of 200).   Current convergence value = 0.000402175 (threshold = 0)
  Iteration 46 (of 200).   Current convergence value = 0.000413835 (threshold = 0)
  Iteration 47 (of 200).   Current convergence value = 0.00042602 (threshold = 0)
  Iteration 48 (of 200).   Current convergence value = 0.000438738 (threshold = 0)
  Iteration 49 (of 200).   Current convergence value = 0.000451823 (threshold = 0)
  Iteration 50 (of 200).   Current convergence value = 0.000465323 (threshold = 0)
  Iteration 51 (of 200).   Current convergence value = 0.000479164 (threshold = 0)
  Iteration 52 (of 200).   Current convergence value = 0.000493182 (threshold = 0)
  Iteration 53 (of 200).   Current convergence value = 0.000507348 (threshold = 0)
  Iteration 54 (of 200).   Current convergence value = 0.000521633 (threshold = 0)
  Iteration 55 (of 200).   Current convergence value = 0.000536035 (threshold = 0)
  Iteration 56 (of 200).   Current convergence value = 0.000550453 (threshold = 0)
  Iteration 57 (of 200).   Current convergence value = 0.000564914 (threshold = 0)
  Iteration 58 (of 200).   Current convergence value = 0.00057932 (threshold = 0)
  Iteration 59 (of 200).   Current convergence value = 0.000593622 (threshold = 0)
  Iteration 60 (of 200).   Current convergence value = 0.000607695 (threshold = 0)
  Iteration 61 (of 200).   Current convergence value = 0.00062147 (threshold = 0)
  Iteration 62 (of 200).   Current convergence value = 0.000631679 (threshold = 0)
  Iteration 63 (of 200).   Current convergence value = 0.000639287 (threshold = 0)
  Iteration 64 (of 200).   Current convergence value = 0.000646571 (threshold = 0)
  Iteration 65 (of 200).   Current convergence value = 0.00065343 (threshold = 0)
  Iteration 66 (of 200).   Current convergence value = 0.000659641 (threshold = 0)
  Iteration 67 (of 200).   Current convergence value = 0.000665429 (threshold = 0)
  Iteration 68 (of 200).   Current convergence value = 0.000670715 (threshold = 0)
  Iteration 69 (of 200).   Current convergence value = 0.000675633 (threshold = 0)
  Iteration 70 (of 200).   Current convergence value = 0.000680061 (threshold = 0)
  Iteration 71 (of 200).   Current convergence value = 0.000684034 (threshold = 0)
  Iteration 72 (of 200).   Current convergence value = 0.000686163 (threshold = 0)
  Iteration 73 (of 200).   Current convergence value = 0.000656184 (threshold = 0)
  Iteration 74 (of 200).   Current convergence value = 0.000636672 (threshold = 0)
  Iteration 75 (of 200).   Current convergence value = 0.000624333 (threshold = 0)
  Iteration 76 (of 200).   Current convergence value = 0.000613239 (threshold = 0)
  Iteration 77 (of 200).   Current convergence value = 0.000603252 (threshold = 0)
  Iteration 78 (of 200).   Current convergence value = 0.000594194 (threshold = 0)
  Iteration 79 (of 200).   Current convergence value = 0.00058604 (threshold = 0)
  Iteration 80 (of 200).   Current convergence value = 0.00057878 (threshold = 0)
  Iteration 81 (of 200).   Current convergence value = 0.000572108 (threshold = 0)
  Iteration 82 (of 200).   Current convergence value = 0.000566189 (threshold = 0)
  Iteration 83 (of 200).   Current convergence value = 0.000561045 (threshold = 0)
  Iteration 84 (of 200).   Current convergence value = 0.000556304 (threshold = 0)
  Iteration 85 (of 200).   Current convergence value = 0.000551962 (threshold = 0)
  Iteration 86 (of 200).   Current convergence value = 0.000547855 (threshold = 0)
  Iteration 87 (of 200).   Current convergence value = 0.000543899 (threshold = 0)
  Iteration 88 (of 200).   Current convergence value = 0.000540145 (threshold = 0)
  Iteration 89 (of 200).   Current convergence value = 0.00053656 (threshold = 0)
  Iteration 90 (of 200).   Current convergence value = 0.000533088 (threshold = 0)
  Iteration 91 (of 200).   Current convergence value = 0.000529705 (threshold = 0)
  Iteration 92 (of 200).   Current convergence value = 0.000526364 (threshold = 0)
  Iteration 93 (of 200).   Current convergence value = 0.000523266 (threshold = 0)
  Iteration 94 (of 200).   Current convergence value = 0.000520298 (threshold = 0)
  Iteration 95 (of 200).   Current convergence value = 0.000517388 (threshold = 0)
  Iteration 96 (of 200).   Current convergence value = 0.000514416 (threshold = 0)
  Iteration 97 (of 200).   Current convergence value = 0.000511579 (threshold = 0)
  Iteration 98 (of 200).   Current convergence value = 0.000508613 (threshold = 0)
  Iteration 99 (of 200).   Current convergence value = 0.000505547 (threshold = 0)
  Iteration 100 (of 200).   Current convergence value = 0.000502615 (threshold = 0)
  Iteration 101 (of 200).   Current convergence value = 0.000499645 (threshold = 0)
  Iteration 102 (of 200).   Current convergence value = 0.000496909 (threshold = 0)
  Iteration 103 (of 200).   Current convergence value = 0.00049413 (threshold = 0)
  Iteration 104 (of 200).   Current convergence value = 0.000491244 (threshold = 0)
  Iteration 105 (of 200).   Current convergence value = 0.000488361 (threshold = 0)
  Iteration 106 (of 200).   Current convergence value = 0.000485202 (threshold = 0)
  Iteration 107 (of 200).   Current convergence value = 0.000482071 (threshold = 0)
  Iteration 108 (of 200).   Current convergence value = 0.000493005 (threshold = 0)
  Iteration 109 (of 200).   Current convergence value = 0.000507063 (threshold = 0)
  Iteration 110 (of 200).   Current convergence value = 0.000521231 (threshold = 0)
  Iteration 111 (of 200).   Current convergence value = 0.000535474 (threshold = 0)
  Iteration 112 (of 200).   Current convergence value = 0.000549894 (threshold = 0)
  Iteration 113 (of 200).   Current convergence value = 0.000564442 (threshold = 0)
  Iteration 114 (of 200).   Current convergence value = 0.000578811 (threshold = 0)
  Iteration 115 (of 200).   Current convergence value = 0.000593121 (threshold = 0)
  Iteration 116 (of 200).   Current convergence value = 0.000607387 (threshold = 0)
  Iteration 117 (of 200).   Current convergence value = 0.000621641 (threshold = 0)
  Iteration 118 (of 200).   Current convergence value = 0.000635687 (threshold = 0)
  Iteration 119 (of 200).   Current convergence value = 0.000649615 (threshold = 0)
  Iteration 120 (of 200).   Current convergence value = 0.00066333 (threshold = 0)
  Iteration 121 (of 200).   Current convergence value = 0.000676085 (threshold = 0)
  Iteration 122 (of 200).   Current convergence value = 0.000687864 (threshold = 0)
  Iteration 123 (of 200).   Current convergence value = 0.0006991 (threshold = 0)
  Iteration 124 (of 200).   Current convergence value = 0.000709617 (threshold = 0)
  Iteration 125 (of 200).   Current convergence value = 0.000719302 (threshold = 0)
  Iteration 126 (of 200).   Current convergence value = 0.000728094 (threshold = 0)
  Iteration 127 (of 200).   Current convergence value = 0.00073598 (threshold = 0)
  Iteration 128 (of 200).   Current convergence value = 0.000743107 (threshold = 0)
  Iteration 129 (of 200).   Current convergence value = 0.00074923 (threshold = 0)
  Iteration 130 (of 200).   Current convergence value = 0.000754621 (threshold = 0)
  Iteration 131 (of 200).   Current convergence value = 0.000756983 (threshold = 0)
  Iteration 132 (of 200).   Current convergence value = 0.000758801 (threshold = 0)
  Iteration 133 (of 200).   Current convergence value = 0.00075968 (threshold = 0)
  Iteration 134 (of 200).   Current convergence value = 0.000759767 (threshold = 0)
  Iteration 135 (of 200).   Current convergence value = 0.000759205 (threshold = 0)
  Iteration 136 (of 200).   Current convergence value = 0.000757835 (threshold = 0)
  Iteration 137 (of 200).   Current convergence value = 0.000755499 (threshold = 0)
  Iteration 138 (of 200).   Current convergence value = 0.000752285 (threshold = 0)
  Iteration 139 (of 200).   Current convergence value = 0.000748099 (threshold = 0)
  Iteration 140 (of 200).   Current convergence value = 0.000742787 (threshold = 0)
  Iteration 141 (of 200).   Current convergence value = 0.00073655 (threshold = 0)
  Iteration 142 (of 200).   Current convergence value = 0.000728217 (threshold = 0)
  Iteration 143 (of 200).   Current convergence value = 0.000708606 (threshold = 0)
  Iteration 144 (of 200).   Current convergence value = 0.000689689 (threshold = 0)
  Iteration 145 (of 200).   Current convergence value = 0.00067134 (threshold = 0)
  Iteration 146 (of 200).   Current convergence value = 0.000653559 (threshold = 0)
  Iteration 147 (of 200).   Current convergence value = 0.000636478 (threshold = 0)
  Iteration 148 (of 200).   Current convergence value = 0.00061976 (threshold = 0)
  Iteration 149 (of 200).   Current convergence value = 0.000603599 (threshold = 0)
  Iteration 150 (of 200).   Current convergence value = 0.000587978 (threshold = 0)
  Iteration 151 (of 200).   Current convergence value = 0.000572809 (threshold = 0)
  Iteration 152 (of 200).   Current convergence value = 0.000557908 (threshold = 0)
  Iteration 153 (of 200).   Current convergence value = 0.000543426 (threshold = 0)
  Iteration 154 (of 200).   Current convergence value = 0.00052956 (threshold = 0)
  Iteration 155 (of 200).   Current convergence value = 0.000516167 (threshold = 0)
  Iteration 156 (of 200).   Current convergence value = 0.000503256 (threshold = 0)
  Iteration 157 (of 200).   Current convergence value = 0.000490732 (threshold = 0)
  Iteration 158 (of 200).   Current convergence value = 0.000478703 (threshold = 0)
  Iteration 159 (of 200).   Current convergence value = 0.00046707 (threshold = 0)
  Iteration 160 (of 200).   Current convergence value = 0.000455789 (threshold = 0)
  Iteration 161 (of 200).   Current convergence value = 0.00044494 (threshold = 0)
  Iteration 162 (of 200).   Current convergence value = 0.000434618 (threshold = 0)
  Iteration 163 (of 200).   Current convergence value = 0.00042473 (threshold = 0)
  Iteration 164 (of 200).   Current convergence value = 0.000415291 (threshold = 0)
  Iteration 165 (of 200).   Current convergence value = 0.000406198 (threshold = 0)
  Iteration 166 (of 200).   Current convergence value = 0.000397427 (threshold = 0)
  Iteration 167 (of 200).   Current convergence value = 0.000389273 (threshold = 0)
  Iteration 168 (of 200).   Current convergence value = 0.000381642 (threshold = 0)
  Iteration 169 (of 200).   Current convergence value = 0.000374514 (threshold = 0)
  Iteration 170 (of 200).   Current convergence value = 0.000367809 (threshold = 0)
  Iteration 171 (of 200).   Current convergence value = 0.000361607 (threshold = 0)
  Iteration 172 (of 200).   Current convergence value = 0.000362281 (threshold = 0)
  Iteration 173 (of 200).   Current convergence value = 0.000366108 (threshold = 0)
  Iteration 174 (of 200).   Current convergence value = 0.000369905 (threshold = 0)
  Iteration 175 (of 200).   Current convergence value = 0.000373746 (threshold = 0)
  Iteration 176 (of 200).   Current convergence value = 0.000377604 (threshold = 0)
  Iteration 177 (of 200).   Current convergence value = 0.000381504 (threshold = 0)
  Iteration 178 (of 200).   Current convergence value = 0.000385401 (threshold = 0)
  Iteration 179 (of 200).   Current convergence value = 0.000389146 (threshold = 0)
  Iteration 180 (of 200).   Current convergence value = 0.000392893 (threshold = 0)
  Iteration 181 (of 200).   Current convergence value = 0.000396529 (threshold = 0)
  Iteration 182 (of 200).   Current convergence value = 0.000400072 (threshold = 0)
  Iteration 183 (of 200).   Current convergence value = 0.000403436 (threshold = 0)
  Iteration 184 (of 200).   Current convergence value = 0.000406666 (threshold = 0)
  Iteration 185 (of 200).   Current convergence value = 0.000409714 (threshold = 0)
  Iteration 186 (of 200).   Current convergence value = 0.000412625 (threshold = 0)
  Iteration 187 (of 200).   Current convergence value = 0.000415339 (threshold = 0)
  Iteration 188 (of 200).   Current convergence value = 0.000417881 (threshold = 0)
  Iteration 189 (of 200).   Current convergence value = 0.000420301 (threshold = 0)
  Iteration 190 (of 200).   Current convergence value = 0.000422439 (threshold = 0)
  Iteration 191 (of 200).   Current convergence value = 0.000424352 (threshold = 0)
  Iteration 192 (of 200).   Current convergence value = 0.000426039 (threshold = 0)
  Iteration 193 (of 200).   Current convergence value = 0.000427518 (threshold = 0)
  Iteration 194 (of 200).   Current convergence value = 0.000429042 (threshold = 0)
  Iteration 195 (of 200).   Current convergence value = 0.00043037 (threshold = 0)
  Iteration 196 (of 200).   Current convergence value = 0.00043147 (threshold = 0)
  Iteration 197 (of 200).   Current convergence value = 0.000432341 (threshold = 0)
  Iteration 198 (of 200).   Current convergence value = 0.000433254 (threshold = 0)
  Iteration 199 (of 200).   Current convergence value = 0.000434011 (threshold = 0)
  Iteration 200 (of 200).   Current convergence value = 0.000434428 (threshold = 0)
Current level = 2
  Iteration 1 (of 200).   Current convergence value = 0.00193322 (threshold = 0)
  Iteration 2 (of 200).   Current convergence value = 0.00185767 (threshold = 0)
  Iteration 3 (of 200).   Current convergence value = 0.00180382 (threshold = 0)
  Iteration 4 (of 200).   Current convergence value = 0.00176477 (threshold = 0)
  Iteration 5 (of 200).   Current convergence value = 0.00174168 (threshold = 0)
  Iteration 6 (of 200).   Current convergence value = 0.00171955 (threshold = 0)
  Iteration 7 (of 200).   Current convergence value = 0.00166002 (threshold = 0)
  Iteration 8 (of 200).   Current convergence value = 0.00157361 (threshold = 0)
  Iteration 9 (of 200).   Current convergence value = 0.00151384 (threshold = 0)
  Iteration 10 (of 200).   Current convergence value = 0.00147382 (threshold = 0)
  Iteration 11 (of 200).   Current convergence value = 0.00144721 (threshold = 0)
  Iteration 12 (of 200).   Current convergence value = 0.00143032 (threshold = 0)
  Iteration 13 (of 200).   Current convergence value = 0.00142144 (threshold = 0)
  Iteration 14 (of 200).   Current convergence value = 0.00140841 (threshold = 0)
  Iteration 15 (of 200).   Current convergence value = 0.00138369 (threshold = 0)
  Iteration 16 (of 200).   Current convergence value = 0.0013587 (threshold = 0)
  Iteration 17 (of 200).   Current convergence value = 0.00133423 (threshold = 0)
  Iteration 18 (of 200).   Current convergence value = 0.00130875 (threshold = 0)
  Iteration 19 (of 200).   Current convergence value = 0.00128402 (threshold = 0)
  Iteration 20 (of 200).   Current convergence value = 0.00126011 (threshold = 0)
  Iteration 21 (of 200).   Current convergence value = 0.00123682 (threshold = 0)
  Iteration 22 (of 200).   Current convergence value = 0.0012134 (threshold = 0)
  Iteration 23 (of 200).   Current convergence value = 0.00118956 (threshold = 0)
  Iteration 24 (of 200).   Current convergence value = 0.00116682 (threshold = 0)
  Iteration 25 (of 200).   Current convergence value = 0.00114301 (threshold = 0)
  Iteration 26 (of 200).   Current convergence value = 0.00111908 (threshold = 0)
  Iteration 27 (of 200).   Current convergence value = 0.00109599 (threshold = 0)
  Iteration 28 (of 200).   Current convergence value = 0.00107243 (threshold = 0)
  Iteration 29 (of 200).   Current convergence value = 0.00104995 (threshold = 0)
  Iteration 30 (of 200).   Current convergence value = 0.00102856 (threshold = 0)
  Iteration 31 (of 200).   Current convergence value = 0.00100793 (threshold = 0)
  Iteration 32 (of 200).   Current convergence value = 0.000987909 (threshold = 0)
  Iteration 33 (of 200).   Current convergence value = 0.000968422 (threshold = 0)
  Iteration 34 (of 200).   Current convergence value = 0.000949703 (threshold = 0)
  Iteration 35 (of 200).   Current convergence value = 0.000930147 (threshold = 0)
  Iteration 36 (of 200).   Current convergence value = 0.000910406 (threshold = 0)
  Iteration 37 (of 200).   Current convergence value = 0.000890689 (threshold = 0)
  Iteration 38 (of 200).   Current convergence value = 0.000873025 (threshold = 0)
  Iteration 39 (of 200).   Current convergence value = 0.000856981 (threshold = 0)
  Iteration 40 (of 200).   Current convergence value = 0.000841052 (threshold = 0)
  Iteration 41 (of 200).   Current convergence value = 0.000826348 (threshold = 0)
  Iteration 42 (of 200).   Current convergence value = 0.000811644 (threshold = 0)
  Iteration 43 (of 200).   Current convergence value = 0.000798606 (threshold = 0)
  Iteration 44 (of 200).   Current convergence value = 0.000787704 (threshold = 0)
  Iteration 45 (of 200).   Current convergence value = 0.000776287 (threshold = 0)
  Iteration 46 (of 200).   Current convergence value = 0.000764275 (threshold = 0)
  Iteration 47 (of 200).   Current convergence value = 0.000751912 (threshold = 0)
  Iteration 48 (of 200).   Current convergence value = 0.00073889 (threshold = 0)
  Iteration 49 (of 200).   Current convergence value = 0.00072519 (threshold = 0)
  Iteration 50 (of 200).   Current convergence value = 0.00071103 (threshold = 0)
  Iteration 51 (of 200).   Current convergence value = 0.000696065 (threshold = 0)
  Iteration 52 (of 200).   Current convergence value = 0.000689119 (threshold = 0)
  Iteration 53 (of 200).   Current convergence value = 0.000690839 (threshold = 0)
  Iteration 54 (of 200).   Current convergence value = 0.000697416 (threshold = 0)
  Iteration 55 (of 200).   Current convergence value = 0.000706024 (threshold = 0)
  Iteration 56 (of 200).   Current convergence value = 0.000714043 (threshold = 0)
  Iteration 57 (of 200).   Current convergence value = 0.000709396 (threshold = 0)
  Iteration 58 (of 200).   Current convergence value = 0.000705635 (threshold = 0)
  Iteration 59 (of 200).   Current convergence value = 0.000701686 (threshold = 0)
  Iteration 60 (of 200).   Current convergence value = 0.000697491 (threshold = 0)
  Iteration 61 (of 200).   Current convergence value = 0.000693271 (threshold = 0)
  Iteration 62 (of 200).   Current convergence value = 0.00068943 (threshold = 0)
  Iteration 63 (of 200).   Current convergence value = 0.000685662 (threshold = 0)
  Iteration 64 (of 200).   Current convergence value = 0.000682113 (threshold = 0)
  Iteration 65 (of 200).   Current convergence value = 0.000678168 (threshold = 0)
  Iteration 66 (of 200).   Current convergence value = 0.00067455 (threshold = 0)
  Iteration 67 (of 200).   Current convergence value = 0.000671201 (threshold = 0)
  Iteration 68 (of 200).   Current convergence value = 0.000668143 (threshold = 0)
  Iteration 69 (of 200).   Current convergence value = 0.000664841 (threshold = 0)
  Iteration 70 (of 200).   Current convergence value = 0.000661691 (threshold = 0)
  Iteration 71 (of 200).   Current convergence value = 0.000658995 (threshold = 0)
  Iteration 72 (of 200).   Current convergence value = 0.000655517 (threshold = 0)
  Iteration 73 (of 200).   Current convergence value = 0.000651095 (threshold = 0)
  Iteration 74 (of 200).   Current convergence value = 0.000646824 (threshold = 0)
  Iteration 75 (of 200).   Current convergence value = 0.000642448 (threshold = 0)
  Iteration 76 (of 200).   Current convergence value = 0.000638008 (threshold = 0)
  Iteration 77 (of 200).   Current convergence value = 0.000633712 (threshold = 0)
  Iteration 78 (of 200).   Current convergence value = 0.000629588 (threshold = 0)
  Iteration 79 (of 200).   Current convergence value = 0.000625348 (threshold = 0)
  Iteration 80 (of 200).   Current convergence value = 0.00062087 (threshold = 0)
  Iteration 81 (of 200).   Current convergence value = 0.000616843 (threshold = 0)
  Iteration 82 (of 200).   Current convergence value = 0.000612985 (threshold = 0)
  Iteration 83 (of 200).   Current convergence value = 0.000609007 (threshold = 0)
  Iteration 84 (of 200).   Current convergence value = 0.000604838 (threshold = 0)
  Iteration 85 (of 200).   Current convergence value = 0.000600773 (threshold = 0)
  Iteration 86 (of 200).   Current convergence value = 0.000596736 (threshold = 0)
  Iteration 87 (of 200).   Current convergence value = 0.000593353 (threshold = 0)
  Iteration 88 (of 200).   Current convergence value = 0.000590388 (threshold = 0)
  Iteration 89 (of 200).   Current convergence value = 0.000587389 (threshold = 0)
  Iteration 90 (of 200).   Current convergence value = 0.000584786 (threshold = 0)
  Iteration 91 (of 200).   Current convergence value = 0.000581548 (threshold = 0)
  Iteration 92 (of 200).   Current convergence value = 0.000578587 (threshold = 0)
  Iteration 93 (of 200).   Current convergence value = 0.000575562 (threshold = 0)
  Iteration 94 (of 200).   Current convergence value = 0.000572677 (threshold = 0)
  Iteration 95 (of 200).   Current convergence value = 0.000570286 (threshold = 0)
  Iteration 96 (of 200).   Current convergence value = 0.000567984 (threshold = 0)
  Iteration 97 (of 200).   Current convergence value = 0.000565831 (threshold = 0)
  Iteration 98 (of 200).   Current convergence value = 0.000563976 (threshold = 0)
  Iteration 99 (of 200).   Current convergence value = 0.000562298 (threshold = 0)
  Iteration 100 (of 200).   Current convergence value = 0.000560569 (threshold = 0)
  Iteration 101 (of 200).   Current convergence value = 0.00055554 (threshold = 0)
  Iteration 102 (of 200).   Current convergence value = 0.000545949 (threshold = 0)
  Iteration 103 (of 200).   Current convergence value = 0.000536616 (threshold = 0)
  Iteration 104 (of 200).   Current convergence value = 0.000527513 (threshold = 0)
  Iteration 105 (of 200).   Current convergence value = 0.000518995 (threshold = 0)
  Iteration 106 (of 200).   Current convergence value = 0.000511289 (threshold = 0)
  Iteration 107 (of 200).   Current convergence value = 0.000503967 (threshold = 0)
  Iteration 108 (of 200).   Current convergence value = 0.000497121 (threshold = 0)
  Iteration 109 (of 200).   Current convergence value = 0.000490756 (threshold = 0)
  Iteration 110 (of 200).   Current convergence value = 0.000484897 (threshold = 0)
  Iteration 111 (of 200).   Current convergence value = 0.000479622 (threshold = 0)
  Iteration 112 (of 200).   Current convergence value = 0.000474635 (threshold = 0)
  Iteration 113 (of 200).   Current convergence value = 0.000469764 (threshold = 0)
  Iteration 114 (of 200).   Current convergence value = 0.000464955 (threshold = 0)
  Iteration 115 (of 200).   Current convergence value = 0.000460145 (threshold = 0)
  Iteration 116 (of 200).   Current convergence value = 0.000455211 (threshold = 0)
  Iteration 117 (of 200).   Current convergence value = 0.000450126 (threshold = 0)
  Iteration 118 (of 200).   Current convergence value = 0.000445038 (threshold = 0)
  Iteration 119 (of 200).   Current convergence value = 0.000440219 (threshold = 0)
  Iteration 120 (of 200).   Current convergence value = 0.000435505 (threshold = 0)
  Iteration 121 (of 200).   Current convergence value = 0.000430848 (threshold = 0)
  Iteration 122 (of 200).   Current convergence value = 0.000426226 (threshold = 0)
  Iteration 123 (of 200).   Current convergence value = 0.000421777 (threshold = 0)
  Iteration 124 (of 200).   Current convergence value = 0.00041773 (threshold = 0)
  Iteration 125 (of 200).   Current convergence value = 0.000413625 (threshold = 0)
  Iteration 126 (of 200).   Current convergence value = 0.00040969 (threshold = 0)
  Iteration 127 (of 200).   Current convergence value = 0.000405868 (threshold = 0)
  Iteration 128 (of 200).   Current convergence value = 0.000402302 (threshold = 0)
  Iteration 129 (of 200).   Current convergence value = 0.000399022 (threshold = 0)
  Iteration 130 (of 200).   Current convergence value = 0.000395757 (threshold = 0)
  Iteration 131 (of 200).   Current convergence value = 0.000392522 (threshold = 0)
  Iteration 132 (of 200).   Current convergence value = 0.000389378 (threshold = 0)
  Iteration 133 (of 200).   Current convergence value = 0.000386399 (threshold = 0)
  Iteration 134 (of 200).   Current convergence value = 0.000383421 (threshold = 0)
  Iteration 135 (of 200).   Current convergence value = 0.000380497 (threshold = 0)
  Iteration 136 (of 200).   Current convergence value = 0.000377707 (threshold = 0)
  Iteration 137 (of 200).   Current convergence value = 0.000375024 (threshold = 0)
  Iteration 138 (of 200).   Current convergence value = 0.000372225 (threshold = 0)
  Iteration 139 (of 200).   Current convergence value = 0.000369577 (threshold = 0)
  Iteration 140 (of 200).   Current convergence value = 0.000366872 (threshold = 0)
  Iteration 141 (of 200).   Current convergence value = 0.000364153 (threshold = 0)
  Iteration 142 (of 200).   Current convergence value = 0.00036156 (threshold = 0)
  Iteration 143 (of 200).   Current convergence value = 0.000358995 (threshold = 0)
  Iteration 144 (of 200).   Current convergence value = 0.000356588 (threshold = 0)
  Iteration 145 (of 200).   Current convergence value = 0.000354254 (threshold = 0)
  Iteration 146 (of 200).   Current convergence value = 0.000351898 (threshold = 0)
  Iteration 147 (of 200).   Current convergence value = 0.000349687 (threshold = 0)
  Iteration 148 (of 200).   Current convergence value = 0.000347378 (threshold = 0)
  Iteration 149 (of 200).   Current convergence value = 0.000345127 (threshold = 0)
  Iteration 150 (of 200).   Current convergence value = 0.000342999 (threshold = 0)
  Iteration 151 (of 200).   Current convergence value = 0.000340928 (threshold = 0)
  Iteration 152 (of 200).   Current convergence value = 0.000338857 (threshold = 0)
  Iteration 153 (of 200).   Current convergence value = 0.00033682 (threshold = 0)
  Iteration 154 (of 200).   Current convergence value = 0.000334794 (threshold = 0)
  Iteration 155 (of 200).   Current convergence value = 0.000332796 (threshold = 0)
  Iteration 156 (of 200).   Current convergence value = 0.000330858 (threshold = 0)
  Iteration 157 (of 200).   Current convergence value = 0.000328943 (threshold = 0)
  Iteration 158 (of 200).   Current convergence value = 0.000327065 (threshold = 0)
  Iteration 159 (of 200).   Current convergence value = 0.000325222 (threshold = 0)
  Iteration 160 (of 200).   Current convergence value = 0.000323281 (threshold = 0)
  Iteration 161 (of 200).   Current convergence value = 0.000321355 (threshold = 0)
  Iteration 162 (of 200).   Current convergence value = 0.000319304 (threshold = 0)
  Iteration 163 (of 200).   Current convergence value = 0.000317212 (threshold = 0)
  Iteration 164 (of 200).   Current convergence value = 0.000315171 (threshold = 0)
  Iteration 165 (of 200).   Current convergence value = 0.000313125 (threshold = 0)
  Iteration 166 (of 200).   Current convergence value = 0.0003112 (threshold = 0)
  Iteration 167 (of 200).   Current convergence value = 0.000309264 (threshold = 0)
  Iteration 168 (of 200).   Current convergence value = 0.000307241 (threshold = 0)
  Iteration 169 (of 200).   Current convergence value = 0.000305378 (threshold = 0)
  Iteration 170 (of 200).   Current convergence value = 0.000303543 (threshold = 0)
  Iteration 171 (of 200).   Current convergence value = 0.000301779 (threshold = 0)
  Iteration 172 (of 200).   Current convergence value = 0.00030002 (threshold = 0)
  Iteration 173 (of 200).   Current convergence value = 0.00029819 (threshold = 0)
  Iteration 174 (of 200).   Current convergence value = 0.000296455 (threshold = 0)
  Iteration 175 (of 200).   Current convergence value = 0.000294764 (threshold = 0)
  Iteration 176 (of 200).   Current convergence value = 0.000292961 (threshold = 0)
  Iteration 177 (of 200).   Current convergence value = 0.000291137 (threshold = 0)
  Iteration 178 (of 200).   Current convergence value = 0.0002893 (threshold = 0)
  Iteration 179 (of 200).   Current convergence value = 0.000287489 (threshold = 0)
  Iteration 180 (of 200).   Current convergence value = 0.000285657 (threshold = 0)
  Iteration 181 (of 200).   Current convergence value = 0.000283818 (threshold = 0)
  Iteration 182 (of 200).   Current convergence value = 0.000281923 (threshold = 0)
  Iteration 183 (of 200).   Current convergence value = 0.000279916 (threshold = 0)
  Iteration 184 (of 200).   Current convergence value = 0.000277991 (threshold = 0)
  Iteration 185 (of 200).   Current convergence value = 0.000276131 (threshold = 0)
  Iteration 186 (of 200).   Current convergence value = 0.000274252 (threshold = 0)
  Iteration 187 (of 200).   Current convergence value = 0.000272389 (threshold = 0)
  Iteration 188 (of 200).   Current convergence value = 0.000270423 (threshold = 0)
  Iteration 189 (of 200).   Current convergence value = 0.000268542 (threshold = 0)
  Iteration 190 (of 200).   Current convergence value = 0.00026672 (threshold = 0)
  Iteration 191 (of 200).   Current convergence value = 0.000264835 (threshold = 0)
  Iteration 192 (of 200).   Current convergence value = 0.000262996 (threshold = 0)
  Iteration 193 (of 200).   Current convergence value = 0.000261158 (threshold = 0)
  Iteration 194 (of 200).   Current convergence value = 0.000259379 (threshold = 0)
  Iteration 195 (of 200).   Current convergence value = 0.000257451 (threshold = 0)
  Iteration 196 (of 200).   Current convergence value = 0.00025564 (threshold = 0)
  Iteration 197 (of 200).   Current convergence value = 0.000253812 (threshold = 0)
  Iteration 198 (of 200).   Current convergence value = 0.000251978 (threshold = 0)
  Iteration 199 (of 200).   Current convergence value = 0.000250118 (threshold = 0)
  Iteration 200 (of 200).   Current convergence value = 0.000248232 (threshold = 0)
Current level = 3
  Iteration 1 (of 200).   Current convergence value = 0.00497264 (threshold = 0)
  Iteration 2 (of 200).   Current convergence value = 0.00384466 (threshold = 0)
  Iteration 3 (of 200).   Current convergence value = 0.00339203 (threshold = 0)
  Iteration 4 (of 200).   Current convergence value = 0.00312701 (threshold = 0)
  Iteration 5 (of 200).   Current convergence value = 0.0029366 (threshold = 0)
  Iteration 6 (of 200).   Current convergence value = 0.00279833 (threshold = 0)
  Iteration 7 (of 200).   Current convergence value = 0.00268196 (threshold = 0)
  Iteration 8 (of 200).   Current convergence value = 0.0025884 (threshold = 0)
  Iteration 9 (of 200).   Current convergence value = 0.00251114 (threshold = 0)
  Iteration 10 (of 200).   Current convergence value = 0.00245215 (threshold = 0)
  Iteration 11 (of 200).   Current convergence value = 0.00241149 (threshold = 0)
  Iteration 12 (of 200).   Current convergence value = 0.00238131 (threshold = 0)
  Iteration 13 (of 200).   Current convergence value = 0.00235367 (threshold = 0)
  Iteration 14 (of 200).   Current convergence value = 0.00227614 (threshold = 0)
  Iteration 15 (of 200).   Current convergence value = 0.00220215 (threshold = 0)
  Iteration 16 (of 200).   Current convergence value = 0.00213701 (threshold = 0)
  Iteration 17 (of 200).   Current convergence value = 0.00207597 (threshold = 0)
  Iteration 18 (of 200).   Current convergence value = 0.00202848 (threshold = 0)
  Iteration 19 (of 200).   Current convergence value = 0.00197988 (threshold = 0)
  Iteration 20 (of 200).   Current convergence value = 0.00192756 (threshold = 0)
  Iteration 21 (of 200).   Current convergence value = 0.00187773 (threshold = 0)
  Iteration 22 (of 200).   Current convergence value = 0.00182632 (threshold = 0)
  Iteration 23 (of 200).   Current convergence value = 0.00177031 (threshold = 0)
  Iteration 24 (of 200).   Current convergence value = 0.00171245 (threshold = 0)
  Iteration 25 (of 200).   Current convergence value = 0.00165561 (threshold = 0)
  Iteration 26 (of 200).   Current convergence value = 0.00159921 (threshold = 0)
  Iteration 27 (of 200).   Current convergence value = 0.00154381 (threshold = 0)
  Iteration 28 (of 200).   Current convergence value = 0.00148518 (threshold = 0)
  Iteration 29 (of 200).   Current convergence value = 0.00142147 (threshold = 0)
  Iteration 30 (of 200).   Current convergence value = 0.00136177 (threshold = 0)
  Iteration 31 (of 200).   Current convergence value = 0.00130387 (threshold = 0)
  Iteration 32 (of 200).   Current convergence value = 0.00124853 (threshold = 0)
  Iteration 33 (of 200).   Current convergence value = 0.00119603 (threshold = 0)
  Iteration 34 (of 200).   Current convergence value = 0.00114967 (threshold = 0)
  Iteration 35 (of 200).   Current convergence value = 0.00110963 (threshold = 0)
  Iteration 36 (of 200).   Current convergence value = 0.00107576 (threshold = 0)
  Iteration 37 (of 200).   Current convergence value = 0.00104622 (threshold = 0)
  Iteration 38 (of 200).   Current convergence value = 0.00101963 (threshold = 0)
  Iteration 39 (of 200).   Current convergence value = 0.000995341 (threshold = 0)
  Iteration 40 (of 200).   Current convergence value = 0.000969611 (threshold = 0)
  Iteration 41 (of 200).   Current convergence value = 0.000939469 (threshold = 0)
  Iteration 42 (of 200).   Current convergence value = 0.00091142 (threshold = 0)
  Iteration 43 (of 200).   Current convergence value = 0.000883194 (threshold = 0)
  Iteration 44 (of 200).   Current convergence value = 0.000855572 (threshold = 0)
  Iteration 45 (of 200).   Current convergence value = 0.000831055 (threshold = 0)
  Iteration 46 (of 200).   Current convergence value = 0.000809283 (threshold = 0)
  Iteration 47 (of 200).   Current convergence value = 0.000789183 (threshold = 0)
  Iteration 48 (of 200).   Current convergence value = 0.000771485 (threshold = 0)
  Iteration 49 (of 200).   Current convergence value = 0.000757617 (threshold = 0)
  Iteration 50 (of 200).   Current convergence value = 0.000747093 (threshold = 0)
  Iteration 51 (of 200).   Current convergence value = 0.000738742 (threshold = 0)
  Iteration 52 (of 200).   Current convergence value = 0.000731868 (threshold = 0)
  Iteration 53 (of 200).   Current convergence value = 0.000726563 (threshold = 0)
  Iteration 54 (of 200).   Current convergence value = 0.000722857 (threshold = 0)
  Iteration 55 (of 200).   Current convergence value = 0.000720691 (threshold = 0)
  Iteration 56 (of 200).   Current convergence value = 0.000721445 (threshold = 0)
  Iteration 57 (of 200).   Current convergence value = 0.00072516 (threshold = 0)
  Iteration 58 (of 200).   Current convergence value = 0.000732183 (threshold = 0)
  Iteration 59 (of 200).   Current convergence value = 0.000743315 (threshold = 0)
  Iteration 60 (of 200).   Current convergence value = 0.000756281 (threshold = 0)
  Iteration 61 (of 200).   Current convergence value = 0.000762325 (threshold = 0)
  Iteration 62 (of 200).   Current convergence value = 0.000751547 (threshold = 0)
  Iteration 63 (of 200).   Current convergence value = 0.000742057 (threshold = 0)
  Iteration 64 (of 200).   Current convergence value = 0.000747318 (threshold = 0)
  Iteration 65 (of 200).   Current convergence value = 0.000762569 (threshold = 0)
  Iteration 66 (of 200).   Current convergence value = 0.000776295 (threshold = 0)
  Iteration 67 (of 200).   Current convergence value = 0.000791055 (threshold = 0)
  Iteration 68 (of 200).   Current convergence value = 0.000813194 (threshold = 0)
  Iteration 69 (of 200).   Current convergence value = 0.000838532 (threshold = 0)
  Iteration 70 (of 200).   Current convergence value = 0.000865531 (threshold = 0)
  Iteration 71 (of 200).   Current convergence value = 0.000896343 (threshold = 0)
  Iteration 72 (of 200).   Current convergence value = 0.000929109 (threshold = 0)
  Iteration 73 (of 200).   Current convergence value = 0.000964582 (threshold = 0)
  Iteration 74 (of 200).   Current convergence value = 0.00100562 (threshold = 0)
  Iteration 75 (of 200).   Current convergence value = 0.00105199 (threshold = 0)
  Iteration 76 (of 200).   Current convergence value = 0.00110349 (threshold = 0)
  Iteration 77 (of 200).   Current convergence value = 0.00116245 (threshold = 0)
  Iteration 78 (of 200).   Current convergence value = 0.00123094 (threshold = 0)
  Iteration 79 (of 200).   Current convergence value = 0.00125939 (threshold = 0)
  Iteration 80 (of 200).   Current convergence value = 0.00112193 (threshold = 0)
  Iteration 81 (of 200).   Current convergence value = 0.00102154 (threshold = 0)
  Iteration 82 (of 200).   Current convergence value = 0.000943331 (threshold = 0)
  Iteration 83 (of 200).   Current convergence value = 0.000879278 (threshold = 0)
  Iteration 84 (of 200).   Current convergence value = 0.000824333 (threshold = 0)
  Iteration 85 (of 200).   Current convergence value = 0.000777097 (threshold = 0)
  Iteration 86 (of 200).   Current convergence value = 0.000738736 (threshold = 0)
  Iteration 87 (of 200).   Current convergence value = 0.000707742 (threshold = 0)
  Iteration 88 (of 200).   Current convergence value = 0.000682159 (threshold = 0)
  Iteration 89 (of 200).   Current convergence value = 0.000660726 (threshold = 0)
  Iteration 90 (of 200).   Current convergence value = 0.000642188 (threshold = 0)
  Iteration 91 (of 200).   Current convergence value = 0.000625329 (threshold = 0)
  Iteration 92 (of 200).   Current convergence value = 0.000609662 (threshold = 0)
  Iteration 93 (of 200).   Current convergence value = 0.000596512 (threshold = 0)
  Iteration 94 (of 200).   Current convergence value = 0.000583949 (threshold = 0)
  Iteration 95 (of 200).   Current convergence value = 0.000571793 (threshold = 0)
  Iteration 96 (of 200).   Current convergence value = 0.000560932 (threshold = 0)
  Iteration 97 (of 200).   Current convergence value = 0.000550777 (threshold = 0)
  Iteration 98 (of 200).   Current convergence value = 0.000541161 (threshold = 0)
  Iteration 99 (of 200).   Current convergence value = 0.000532101 (threshold = 0)
  Iteration 100 (of 200).   Current convergence value = 0.000524468 (threshold = 0)
  Iteration 101 (of 200).   Current convergence value = 0.000514049 (threshold = 0)
  Iteration 102 (of 200).   Current convergence value = 0.000503164 (threshold = 0)
  Iteration 103 (of 200).   Current convergence value = 0.000493087 (threshold = 0)
  Iteration 104 (of 200).   Current convergence value = 0.000483258 (threshold = 0)
  Iteration 105 (of 200).   Current convergence value = 0.000477176 (threshold = 0)
  Iteration 106 (of 200).   Current convergence value = 0.000472607 (threshold = 0)
  Iteration 107 (of 200).   Current convergence value = 0.000466517 (threshold = 0)
  Iteration 108 (of 200).   Current convergence value = 0.000460019 (threshold = 0)
  Iteration 109 (of 200).   Current convergence value = 0.00045421 (threshold = 0)
  Iteration 110 (of 200).   Current convergence value = 0.00044901 (threshold = 0)
  Iteration 111 (of 200).   Current convergence value = 0.00044463 (threshold = 0)
  Iteration 112 (of 200).   Current convergence value = 0.000440283 (threshold = 0)
  Iteration 113 (of 200).   Current convergence value = 0.00043564 (threshold = 0)
  Iteration 114 (of 200).   Current convergence value = 0.000430713 (threshold = 0)
  Iteration 115 (of 200).   Current convergence value = 0.000426369 (threshold = 0)
  Iteration 116 (of 200).   Current convergence value = 0.000422233 (threshold = 0)
  Iteration 117 (of 200).   Current convergence value = 0.000417659 (threshold = 0)
  Iteration 118 (of 200).   Current convergence value = 0.000412336 (threshold = 0)
  Iteration 119 (of 200).   Current convergence value = 0.000407193 (threshold = 0)
  Iteration 120 (of 200).   Current convergence value = 0.000401561 (threshold = 0)
  Iteration 121 (of 200).   Current convergence value = 0.000394709 (threshold = 0)
  Iteration 122 (of 200).   Current convergence value = 0.000388469 (threshold = 0)
  Iteration 123 (of 200).   Current convergence value = 0.000382797 (threshold = 0)
  Iteration 124 (of 200).   Current convergence value = 0.000378321 (threshold = 0)
  Iteration 125 (of 200).   Current convergence value = 0.000373752 (threshold = 0)
  Iteration 126 (of 200).   Current convergence value = 0.000369181 (threshold = 0)
  Iteration 127 (of 200).   Current convergence value = 0.000364663 (threshold = 0)
  Iteration 128 (of 200).   Current convergence value = 0.000360571 (threshold = 0)
  Iteration 129 (of 200).   Current convergence value = 0.000357385 (threshold = 0)
  Iteration 130 (of 200).   Current convergence value = 0.000353604 (threshold = 0)
  Iteration 131 (of 200).   Current convergence value = 0.00034983 (threshold = 0)
  Iteration 132 (of 200).   Current convergence value = 0.000346044 (threshold = 0)
  Iteration 133 (of 200).   Current convergence value = 0.000342336 (threshold = 0)
  Iteration 134 (of 200).   Current convergence value = 0.000338992 (threshold = 0)
  Iteration 135 (of 200).   Current convergence value = 0.0003354 (threshold = 0)
  Iteration 136 (of 200).   Current convergence value = 0.000331146 (threshold = 0)
  Iteration 137 (of 200).   Current convergence value = 0.00032685 (threshold = 0)
  Iteration 138 (of 200).   Current convergence value = 0.000323033 (threshold = 0)
  Iteration 139 (of 200).   Current convergence value = 0.000319707 (threshold = 0)
  Iteration 140 (of 200).   Current convergence value = 0.000317051 (threshold = 0)
  Iteration 141 (of 200).   Current convergence value = 0.000315173 (threshold = 0)
  Iteration 142 (of 200).   Current convergence value = 0.000314717 (threshold = 0)
  Iteration 143 (of 200).   Current convergence value = 0.000314609 (threshold = 0)
  Iteration 144 (of 200).   Current convergence value = 0.000315251 (threshold = 0)
  Iteration 145 (of 200).   Current convergence value = 0.000316911 (threshold = 0)
  Iteration 146 (of 200).   Current convergence value = 0.000319592 (threshold = 0)
  Iteration 147 (of 200).   Current convergence value = 0.000323953 (threshold = 0)
  Iteration 148 (of 200).   Current convergence value = 0.000329794 (threshold = 0)
  Iteration 149 (of 200).   Current convergence value = 0.00033707 (threshold = 0)
  Iteration 150 (of 200).   Current convergence value = 0.000346213 (threshold = 0)
  Iteration 151 (of 200).   Current convergence value = 0.000357119 (threshold = 0)
  Iteration 152 (of 200).   Current convergence value = 0.000369442 (threshold = 0)
  Iteration 153 (of 200).   Current convergence value = 0.000383579 (threshold = 0)
  Iteration 154 (of 200).   Current convergence value = 0.000399651 (threshold = 0)
  Iteration 155 (of 200).   Current convergence value = 0.000418148 (threshold = 0)
  Iteration 156 (of 200).   Current convergence value = 0.000439195 (threshold = 0)
  Iteration 157 (of 200).   Current convergence value = 0.000462861 (threshold = 0)
  Iteration 158 (of 200).   Current convergence value = 0.000489511 (threshold = 0)
  Iteration 159 (of 200).   Current convergence value = 0.000518562 (threshold = 0)
  Iteration 160 (of 200).   Current convergence value = 0.000549279 (threshold = 0)
  Iteration 161 (of 200).   Current convergence value = 0.000580444 (threshold = 0)
  Iteration 162 (of 200).   Current convergence value = 0.000613748 (threshold = 0)
  Iteration 163 (of 200).   Current convergence value = 0.000647468 (threshold = 0)
  Iteration 164 (of 200).   Current convergence value = 0.00065711 (threshold = 0)
  Iteration 165 (of 200).   Current convergence value = 0.000681138 (threshold = 0)
  Iteration 166 (of 200).   Current convergence value = 0.000713575 (threshold = 0)
  Iteration 167 (of 200).   Current convergence value = 0.00075194 (threshold = 0)
  Iteration 168 (of 200).   Current convergence value = 0.000794033 (threshold = 0)
  Iteration 169 (of 200).   Current convergence value = 0.000837575 (threshold = 0)
  Iteration 170 (of 200).   Current convergence value = 0.000880891 (threshold = 0)
  Iteration 171 (of 200).   Current convergence value = 0.000927413 (threshold = 0)
  Iteration 172 (of 200).   Current convergence value = 0.000977101 (threshold = 0)
  Iteration 173 (of 200).   Current convergence value = 0.00102861 (threshold = 0)
  Iteration 174 (of 200).   Current convergence value = 0.00108411 (threshold = 0)
  Iteration 175 (of 200).   Current convergence value = 0.00114173 (threshold = 0)
  Iteration 176 (of 200).   Current convergence value = 0.00120202 (threshold = 0)
  Iteration 177 (of 200).   Current convergence value = 0.00126432 (threshold = 0)
  Iteration 178 (of 200).   Current convergence value = 0.00128135 (threshold = 0)
  Iteration 179 (of 200).   Current convergence value = 0.00110241 (threshold = 0)
  Iteration 180 (of 200).   Current convergence value = 0.000963144 (threshold = 0)
  Iteration 181 (of 200).   Current convergence value = 0.000850551 (threshold = 0)
  Iteration 182 (of 200).   Current convergence value = 0.000760543 (threshold = 0)
  Iteration 183 (of 200).   Current convergence value = 0.000682681 (threshold = 0)
  Iteration 184 (of 200).   Current convergence value = 0.000614967 (threshold = 0)
  Iteration 185 (of 200).   Current convergence value = 0.00055676 (threshold = 0)
  Iteration 186 (of 200).   Current convergence value = 0.000508411 (threshold = 0)
  Iteration 187 (of 200).   Current convergence value = 0.000467605 (threshold = 0)
  Iteration 188 (of 200).   Current convergence value = 0.00043176 (threshold = 0)
  Iteration 189 (of 200).   Current convergence value = 0.000403823 (threshold = 0)
  Iteration 190 (of 200).   Current convergence value = 0.000380427 (threshold = 0)
  Iteration 191 (of 200).   Current convergence value = 0.000360166 (threshold = 0)
  Iteration 192 (of 200).   Current convergence value = 0.000342421 (threshold = 0)
  Iteration 193 (of 200).   Current convergence value = 0.000326162 (threshold = 0)
  Iteration 194 (of 200).   Current convergence value = 0.000312095 (threshold = 0)
  Iteration 195 (of 200).   Current convergence value = 0.000299728 (threshold = 0)
  Iteration 196 (of 200).   Current convergence value = 0.000287834 (threshold = 0)
  Iteration 197 (of 200).   Current convergence value = 0.000276729 (threshold = 0)
  Iteration 198 (of 200).   Current convergence value = 0.000267788 (threshold = 0)
  Iteration 199 (of 200).   Current convergence value = 0.000259783 (threshold = 0)
  Iteration 200 (of 200).   Current convergence value = 0.000253359 (threshold = 0)
Current level = 4
  Iteration 1 (of 200).   Current convergence value = 0.00504755 (threshold = 0)
  Iteration 2 (of 200).   Current convergence value = 0.00442745 (threshold = 0)
  Iteration 3 (of 200).   Current convergence value = 0.00395761 (threshold = 0)
  Iteration 4 (of 200).   Current convergence value = 0.00365487 (threshold = 0)
  Iteration 5 (of 200).   Current convergence value = 0.00344363 (threshold = 0)
  Iteration 6 (of 200).   Current convergence value = 0.00327571 (threshold = 0)
  Iteration 7 (of 200).   Current convergence value = 0.00314111 (threshold = 0)
  Iteration 8 (of 200).   Current convergence value = 0.00303667 (threshold = 0)
  Iteration 9 (of 200).   Current convergence value = 0.00294892 (threshold = 0)
  Iteration 10 (of 200).   Current convergence value = 0.00286781 (threshold = 0)
  Iteration 11 (of 200).   Current convergence value = 0.0027932 (threshold = 0)
  Iteration 12 (of 200).   Current convergence value = 0.00271581 (threshold = 0)
  Iteration 13 (of 200).   Current convergence value = 0.00262577 (threshold = 0)
  Iteration 14 (of 200).   Current convergence value = 0.0025504 (threshold = 0)
  Iteration 15 (of 200).   Current convergence value = 0.00249367 (threshold = 0)
  Iteration 16 (of 200).   Current convergence value = 0.00244323 (threshold = 0)
  Iteration 17 (of 200).   Current convergence value = 0.00240232 (threshold = 0)
  Iteration 18 (of 200).   Current convergence value = 0.00236684 (threshold = 0)
  Iteration 19 (of 200).   Current convergence value = 0.00232885 (threshold = 0)
  Iteration 20 (of 200).   Current convergence value = 0.0022803 (threshold = 0)
  Iteration 21 (of 200).   Current convergence value = 0.00222123 (threshold = 0)
  Iteration 22 (of 200).   Current convergence value = 0.00214436 (threshold = 0)
  Iteration 23 (of 200).   Current convergence value = 0.00205957 (threshold = 0)
  Iteration 24 (of 200).   Current convergence value = 0.00197711 (threshold = 0)
  Iteration 25 (of 200).   Current convergence value = 0.00190203 (threshold = 0)
  Iteration 26 (of 200).   Current convergence value = 0.00183902 (threshold = 0)
  Iteration 27 (of 200).   Current convergence value = 0.00179167 (threshold = 0)
  Iteration 28 (of 200).   Current convergence value = 0.00174354 (threshold = 0)
  Iteration 29 (of 200).   Current convergence value = 0.0016976 (threshold = 0)
  Iteration 30 (of 200).   Current convergence value = 0.00165853 (threshold = 0)
  Iteration 31 (of 200).   Current convergence value = 0.0016215 (threshold = 0)
  Iteration 32 (of 200).   Current convergence value = 0.00158197 (threshold = 0)
  Iteration 33 (of 200).   Current convergence value = 0.00153979 (threshold = 0)
  Iteration 34 (of 200).   Current convergence value = 0.00150075 (threshold = 0)
  Iteration 35 (of 200).   Current convergence value = 0.00145796 (threshold = 0)
  Iteration 36 (of 200).   Current convergence value = 0.00141157 (threshold = 0)
  Iteration 37 (of 200).   Current convergence value = 0.00137254 (threshold = 0)
  Iteration 38 (of 200).   Current convergence value = 0.00133591 (threshold = 0)
  Iteration 39 (of 200).   Current convergence value = 0.00130026 (threshold = 0)
  Iteration 40 (of 200).   Current convergence value = 0.00126436 (threshold = 0)
  Iteration 41 (of 200).   Current convergence value = 0.00123127 (threshold = 0)
  Iteration 42 (of 200).   Current convergence value = 0.00120086 (threshold = 0)
  Iteration 43 (of 200).   Current convergence value = 0.00117478 (threshold = 0)
  Iteration 44 (of 200).   Current convergence value = 0.00114931 (threshold = 0)
  Iteration 45 (of 200).   Current convergence value = 0.00113105 (threshold = 0)
  Iteration 46 (of 200).   Current convergence value = 0.0011138 (threshold = 0)
  Iteration 47 (of 200).   Current convergence value = 0.00109578 (threshold = 0)
  Iteration 48 (of 200).   Current convergence value = 0.00107798 (threshold = 0)
  Iteration 49 (of 200).   Current convergence value = 0.00106108 (threshold = 0)
  Iteration 50 (of 200).   Current convergence value = 0.00104506 (threshold = 0)
  Iteration 51 (of 200).   Current convergence value = 0.00103044 (threshold = 0)
  Iteration 52 (of 200).   Current convergence value = 0.00101488 (threshold = 0)
  Iteration 53 (of 200).   Current convergence value = 0.00100104 (threshold = 0)
  Iteration 54 (of 200).   Current convergence value = 0.000990783 (threshold = 0)
  Iteration 55 (of 200).   Current convergence value = 0.000982834 (threshold = 0)
  Iteration 56 (of 200).   Current convergence value = 0.000977424 (threshold = 0)
  Iteration 57 (of 200).   Current convergence value = 0.000966172 (threshold = 0)
  Iteration 58 (of 200).   Current convergence value = 0.000952941 (threshold = 0)
  Iteration 59 (of 200).   Current convergence value = 0.000934139 (threshold = 0)
  Iteration 60 (of 200).   Current convergence value = 0.00091526 (threshold = 0)
  Iteration 61 (of 200).   Current convergence value = 0.000889944 (threshold = 0)
  Iteration 62 (of 200).   Current convergence value = 0.000868052 (threshold = 0)
  Iteration 63 (of 200).   Current convergence value = 0.000852957 (threshold = 0)
  Iteration 64 (of 200).   Current convergence value = 0.000841847 (threshold = 0)
  Iteration 65 (of 200).   Current convergence value = 0.00083436 (threshold = 0)
  Iteration 66 (of 200).   Current convergence value = 0.000826205 (threshold = 0)
  Iteration 67 (of 200).   Current convergence value = 0.000821631 (threshold = 0)
  Iteration 68 (of 200).   Current convergence value = 0.000818364 (threshold = 0)
  Iteration 69 (of 200).   Current convergence value = 0.000814491 (threshold = 0)
  Iteration 70 (of 200).   Current convergence value = 0.000810807 (threshold = 0)
  Iteration 71 (of 200).   Current convergence value = 0.000807351 (threshold = 0)
  Iteration 72 (of 200).   Current convergence value = 0.000803682 (threshold = 0)
  Iteration 73 (of 200).   Current convergence value = 0.000802189 (threshold = 0)
  Iteration 74 (of 200).   Current convergence value = 0.000801783 (threshold = 0)
  Iteration 75 (of 200).   Current convergence value = 0.000801901 (threshold = 0)
  Iteration 76 (of 200).   Current convergence value = 0.00080379 (threshold = 0)
  Iteration 77 (of 200).   Current convergence value = 0.000808445 (threshold = 0)
  Iteration 78 (of 200).   Current convergence value = 0.00081445 (threshold = 0)
  Iteration 79 (of 200).   Current convergence value = 0.00082266 (threshold = 0)
  Iteration 80 (of 200).   Current convergence value = 0.000829863 (threshold = 0)
  Iteration 81 (of 200).   Current convergence value = 0.000839483 (threshold = 0)
  Iteration 82 (of 200).   Current convergence value = 0.000843261 (threshold = 0)
  Iteration 83 (of 200).   Current convergence value = 0.000850074 (threshold = 0)
  Iteration 84 (of 200).   Current convergence value = 0.000858274 (threshold = 0)
  Iteration 85 (of 200).   Current convergence value = 0.000867502 (threshold = 0)
  Iteration 86 (of 200).   Current convergence value = 0.000880857 (threshold = 0)
  Iteration 87 (of 200).   Current convergence value = 0.00088372 (threshold = 0)
  Iteration 88 (of 200).   Current convergence value = 0.00088884 (threshold = 0)
  Iteration 89 (of 200).   Current convergence value = 0.00089595 (threshold = 0)
  Iteration 90 (of 200).   Current convergence value = 0.000904381 (threshold = 0)
  Iteration 91 (of 200).   Current convergence value = 0.000921284 (threshold = 0)
  Iteration 92 (of 200).   Current convergence value = 0.000966142 (threshold = 0)
  Iteration 93 (of 200).   Current convergence value = 0.0010206 (threshold = 0)
  Iteration 94 (of 200).   Current convergence value = 0.00103977 (threshold = 0)
  Iteration 95 (of 200).   Current convergence value = 0.0010731 (threshold = 0)
  Iteration 96 (of 200).   Current convergence value = 0.00111505 (threshold = 0)
  Iteration 97 (of 200).   Current convergence value = 0.00116779 (threshold = 0)
  Iteration 98 (of 200).   Current convergence value = 0.00123623 (threshold = 0)
  Iteration 99 (of 200).   Current convergence value = 0.00132467 (threshold = 0)
  Iteration 100 (of 200).   Current convergence value = 0.00143575 (threshold = 0)
  Iteration 101 (of 200).   Current convergence value = 0.00157045 (threshold = 0)
  Iteration 102 (of 200).   Current convergence value = 0.00172674 (threshold = 0)
  Iteration 103 (of 200).   Current convergence value = 0.00156817 (threshold = 0)
  Iteration 104 (of 200).   Current convergence value = 0.00130003 (threshold = 0)
  Iteration 105 (of 200).   Current convergence value = 0.00111179 (threshold = 0)
  Iteration 106 (of 200).   Current convergence value = 0.000976971 (threshold = 0)
  Iteration 107 (of 200).   Current convergence value = 0.000873873 (threshold = 0)
  Iteration 108 (of 200).   Current convergence value = 0.000796271 (threshold = 0)
  Iteration 109 (of 200).   Current convergence value = 0.000734692 (threshold = 0)
  Iteration 110 (of 200).   Current convergence value = 0.000684857 (threshold = 0)
  Iteration 111 (of 200).   Current convergence value = 0.000646899 (threshold = 0)
  Iteration 112 (of 200).   Current convergence value = 0.000618671 (threshold = 0)
  Iteration 113 (of 200).   Current convergence value = 0.000595569 (threshold = 0)
  Iteration 114 (of 200).   Current convergence value = 0.000578515 (threshold = 0)
  Iteration 115 (of 200).   Current convergence value = 0.000564611 (threshold = 0)
  Iteration 116 (of 200).   Current convergence value = 0.000552594 (threshold = 0)
  Iteration 117 (of 200).   Current convergence value = 0.000543316 (threshold = 0)
  Iteration 118 (of 200).   Current convergence value = 0.000537116 (threshold = 0)
  Iteration 119 (of 200).   Current convergence value = 0.000533264 (threshold = 0)
  Iteration 120 (of 200).   Current convergence value = 0.000529732 (threshold = 0)
  Iteration 121 (of 200).   Current convergence value = 0.00052678 (threshold = 0)
  Iteration 122 (of 200).   Current convergence value = 0.00052363 (threshold = 0)
  Iteration 123 (of 200).   Current convergence value = 0.000522175 (threshold = 0)
  Iteration 124 (of 200).   Current convergence value = 0.000519391 (threshold = 0)
  Iteration 125 (of 200).   Current convergence value = 0.000514038 (threshold = 0)
  Iteration 126 (of 200).   Current convergence value = 0.000509473 (threshold = 0)
  Iteration 127 (of 200).   Current convergence value = 0.000506868 (threshold = 0)
  Iteration 128 (of 200).   Current convergence value = 0.000502413 (threshold = 0)
  Iteration 129 (of 200).   Current convergence value = 0.000498325 (threshold = 0)
  Iteration 130 (of 200).   Current convergence value = 0.000493896 (threshold = 0)
  Iteration 131 (of 200).   Current convergence value = 0.000490232 (threshold = 0)
  Iteration 132 (of 200).   Current convergence value = 0.000486456 (threshold = 0)
  Iteration 133 (of 200).   Current convergence value = 0.00048281 (threshold = 0)
  Iteration 134 (of 200).   Current convergence value = 0.000480618 (threshold = 0)
  Iteration 135 (of 200).   Current convergence value = 0.000478299 (threshold = 0)
  Iteration 136 (of 200).   Current convergence value = 0.000477541 (threshold = 0)
  Iteration 137 (of 200).   Current convergence value = 0.000481132 (threshold = 0)
  Iteration 138 (of 200).   Current convergence value = 0.000487498 (threshold = 0)
  Iteration 139 (of 200).   Current convergence value = 0.000494489 (threshold = 0)
  Iteration 140 (of 200).   Current convergence value = 0.000502781 (threshold = 0)
  Iteration 141 (of 200).   Current convergence value = 0.000513924 (threshold = 0)
  Iteration 142 (of 200).   Current convergence value = 0.00052611 (threshold = 0)
  Iteration 143 (of 200).   Current convergence value = 0.000538963 (threshold = 0)
  Iteration 144 (of 200).   Current convergence value = 0.000552447 (threshold = 0)
  Iteration 145 (of 200).   Current convergence value = 0.000566155 (threshold = 0)
  Iteration 146 (of 200).   Current convergence value = 0.000576273 (threshold = 0)
  Iteration 147 (of 200).   Current convergence value = 0.000607318 (threshold = 0)
  Iteration 148 (of 200).   Current convergence value = 0.000669651 (threshold = 0)
  Iteration 149 (of 200).   Current convergence value = 0.000747811 (threshold = 0)
  Iteration 150 (of 200).   Current convergence value = 0.000849424 (threshold = 0)
  Iteration 151 (of 200).   Current convergence value = 0.000902567 (threshold = 0)
  Iteration 152 (of 200).   Current convergence value = 0.000931702 (threshold = 0)
  Iteration 153 (of 200).   Current convergence value = 0.000997872 (threshold = 0)
  Iteration 154 (of 200).   Current convergence value = 0.00109151 (threshold = 0)
  Iteration 155 (of 200).   Current convergence value = 0.00122235 (threshold = 0)
  Iteration 156 (of 200).   Current convergence value = 0.00138194 (threshold = 0)
  Iteration 157 (of 200).   Current convergence value = 0.0015102 (threshold = 0)
  Iteration 158 (of 200).   Current convergence value = 0.00108686 (threshold = 0)
  Iteration 159 (of 200).   Current convergence value = 0.000806499 (threshold = 0)
  Iteration 160 (of 200).   Current convergence value = 0.000639644 (threshold = 0)
  Iteration 161 (of 200).   Current convergence value = 0.000561151 (threshold = 0)
  Iteration 162 (of 200).   Current convergence value = 0.000532547 (threshold = 0)
  Iteration 163 (of 200).   Current convergence value = 0.000530028 (threshold = 0)
  Iteration 164 (of 200).   Current convergence value = 0.000497757 (threshold = 0)
  Iteration 165 (of 200).   Current convergence value = 0.000476418 (threshold = 0)
  Iteration 166 (of 200).   Current convergence value = 0.000467619 (threshold = 0)
  Iteration 167 (of 200).   Current convergence value = 0.000470169 (threshold = 0)
  Iteration 168 (of 200).   Current convergence value = 0.000489059 (threshold = 0)
  Iteration 169 (of 200).   Current convergence value = 0.000522501 (threshold = 0)
  Iteration 170 (of 200).   Current convergence value = 0.000565094 (threshold = 0)
  Iteration 171 (of 200).   Current convergence value = 0.000611281 (threshold = 0)
  Iteration 172 (of 200).   Current convergence value = 0.000640734 (threshold = 0)
  Iteration 173 (of 200).   Current convergence value = 0.000707215 (threshold = 0)
  Iteration 174 (of 200).   Current convergence value = 0.000840109 (threshold = 0)
  Iteration 175 (of 200).   Current convergence value = 0.00101113 (threshold = 0)
  Iteration 176 (of 200).   Current convergence value = 0.00115697 (threshold = 0)
  Iteration 177 (of 200).   Current convergence value = 0.0013019 (threshold = 0)
  Iteration 178 (of 200).   Current convergence value = 0.00154557 (threshold = 0)
  Iteration 179 (of 200).   Current convergence value = 0.00113328 (threshold = 0)
  Iteration 180 (of 200).   Current convergence value = 0.000711896 (threshold = 0)
  Iteration 181 (of 200).   Current convergence value = 0.000602859 (threshold = 0)
  Iteration 182 (of 200).   Current convergence value = 0.000535691 (threshold = 0)
  Iteration 183 (of 200).   Current convergence value = 0.000524081 (threshold = 0)
  Iteration 184 (of 200).   Current convergence value = 0.000536097 (threshold = 0)
  Iteration 185 (of 200).   Current convergence value = 0.000541854 (threshold = 0)
  Iteration 186 (of 200).   Current convergence value = 0.000550849 (threshold = 0)
  Iteration 187 (of 200).   Current convergence value = 0.000561294 (threshold = 0)
  Iteration 188 (of 200).   Current convergence value = 0.000563907 (threshold = 0)
  Iteration 189 (of 200).   Current convergence value = 0.000587098 (threshold = 0)
  Iteration 190 (of 200).   Current convergence value = 0.000634784 (threshold = 0)
  Iteration 191 (of 200).   Current convergence value = 0.000691508 (threshold = 0)
  Iteration 192 (of 200).   Current convergence value = 0.00075494 (threshold = 0)
  Iteration 193 (of 200).   Current convergence value = 0.000825356 (threshold = 0)
  Iteration 194 (of 200).   Current convergence value = 0.000902356 (threshold = 0)
  Iteration 195 (of 200).   Current convergence value = 0.000989928 (threshold = 0)
  Iteration 196 (of 200).   Current convergence value = 0.00109581 (threshold = 0)
  Iteration 197 (of 200).   Current convergence value = 0.00116563 (threshold = 0)
  Iteration 198 (of 200).   Current convergence value = 0.00120265 (threshold = 0)
  Iteration 199 (of 200).   Current convergence value = 0.00125607 (threshold = 0)
  Iteration 200 (of 200).   Current convergence value = 0.00132977 (threshold = 0)
   N4BiasFieldCorrectionImageFilter (0x35d9240)
     RTTI typeinfo:   itk::N4BiasFieldCorrectionImageFilter<itk::Image<float, 3u>, itk::Image<float, 3u>, itk::Image<float, 3u> >
     Reference Count: 1
     Modified Time: 574
     Debug: Off
     Object Name: 
     Observers: 
       IterationEvent(Command)
     Inputs: 
       ConfidenceImage: (0)
       MaskImage: (0x35ebaf0)
       Primary: (0x35e9080) *
     Indexed Inputs: 
       0: Primary (0x35e9080)
       1: MaskImage (0x35ebaf0)
       2: ConfidenceImage (0)
     Required Input Names: Primary
     NumberOfRequiredInputs: 1
     Outputs: 
       Primary: (0x35e6b90)
     Indexed Outputs: 
       0: Primary (0x35e6b90)
     NumberOfRequiredOutputs: 1
     Number Of Work Units: 128
     ReleaseDataFlag: Off
     ReleaseDataBeforeUpdateFlag: Off
     AbortGenerateData: Off
     Progress: 0
     Multithreader: 
       RTTI typeinfo:   itk::PoolMultiThreader
       Reference Count: 1
       Modified Time: 140
       Debug: Off
       Object Name: 
       Observers: 
         none
       Number of Work Units: 128
       Number of Threads: 56
       Global Maximum Number Of Threads: 128
       Global Default Number Of Threads: 56
       Global Default Threader Type: itk::MultiThreaderBaseEnums::Threader::Pool
       SingleMethod: 0
       SingleData: 0
     DynamicMultiThreading: On
     CoordinateTolerance: 1e-06
     DirectionTolerance: 1e-06
     Use Mask Label: 0
     Mask label: 1
     Number of histogram bins: 200
     Wiener filter noise: 0.01
     Bias field FWHM: 0.15
     Maximum number of iterations: [200, 200, 200, 200]
     Convergence threshold: 0
     Spline order: 3
     Number of fitting levels: [4, 4, 4]
     Number of control points: [5, 5, 4]
     CurrentConvergenceMeasurement: 0.00132977
     CurrentLevel: 4
     ElapsedIterations: 201
     LogBiasFieldControlPointLattice: 
       Image (0x3b3aa00)
         RTTI typeinfo:   itk::Image<itk::Vector<float, 1u>, 3u>
         Reference Count: 1
         Modified Time: 2616003
         Debug: Off
         Object Name: 
         Observers: 
           none
         Source: (none)
         Source output name: (none)
         Release Data: Off
         Data Released: False
         Global Release Data: Off
         PipelineMTime: 0
         UpdateMTime: 0
         RealTimeStamp: 0 seconds 
         LargestPossibleRegion: 
           Dimension: 3
           Index: [0, 0, 0]
           Size: [19, 19, 11]
         BufferedRegion: 
           Dimension: 3
           Index: [0, 0, 0]
           Size: [19, 19, 11]
         RequestedRegion: 
           Dimension: 3
           Index: [0, 0, 0]
           Size: [19, 19, 11]
         Spacing: [12, 12, 12]
         Origin: [-11.6123, 15.7014, -7.1147]
         Direction: 
0.999494 3.39799e-07 -0.0318022
-0.0116585 -0.930377 -0.366418
0.0295882 -0.366604 0.929907

         IndexToPointMatrix: 
11.9939 4.07759e-06 -0.381627
-0.139902 -11.1645 -4.39702
0.355058 -4.39924 11.1589

         PointToIndexMatrix: 
0.0832912 -0.000971541 0.00246568
2.83289e-08 -0.0775314 -0.0305503
-0.00265019 -0.0305348 0.0774922

         Inverse Direction: 
0.999494 -0.0116585 0.0295882
3.39946e-07 -0.930377 -0.366604
-0.0318022 -0.366418 0.929907

         PixelContainer: 
           ImportImageContainer (0x35ecba0)
             RTTI typeinfo:   itk::ImportImageContainer<unsigned long, itk::Vector<float, 1u> >
             Reference Count: 1
             Modified Time: 2616004
             Debug: Off
             Object Name: 
             Observers: 
               none
             Pointer: 0x3fd85e0
             Container manages memory: true
             Size: 3971
             Capacity: 3971
Elapsed time: 22.4421
All_Command_lines_OK
Using double precision for computations.
=============================================================================
The composite transform comprises the following transforms (in order): 
  1. Center of mass alignment using fixed image: /home/ccn30/rds/rds-p00500_encrypt-URQgmO1brZ0/p00500/ENCRYPT_images/27341/fMRI/N4meanEPI.nii and moving image: /home/ccn30/rds/rds-p00500_encrypt-URQgmO1brZ0/p00500/ENCRYPT_images/27341/mp2rage/n4mag0000_PSIR_skulled_std_struc_brain.nii (type = Euler3DTransform)
=============================================================================
  Reading mask(s).
    Registration stage 0
      No fixed mask
      No moving mask
    Registration stage 1
      Fixed mask = /home/ccn30/rds/rds-p00500_encrypt-URQgmO1brZ0/p00500/ENCRYPT_images/27341/fMRI/fixedEPIMask.nii
      No moving mask
  number of levels = 3
  number of levels = 4
  fixed image: /home/ccn30/rds/rds-p00500_encrypt-URQgmO1brZ0/p00500/ENCRYPT_images/27341/fMRI/N4meanEPI.nii
  moving image: /home/ccn30/rds/rds-p00500_encrypt-URQgmO1brZ0/p00500/ENCRYPT_images/27341/mp2rage/n4mag0000_PSIR_skulled_std_struc_brain.nii
  fixed image: /home/ccn30/rds/rds-p00500_encrypt-URQgmO1brZ0/p00500/ENCRYPT_images/27341/fMRI/N4meanEPI.nii
  moving image: /home/ccn30/rds/rds-p00500_encrypt-URQgmO1brZ0/p00500/ENCRYPT_images/27341/mp2rage/n4mag0000_PSIR_skulled_std_struc_brain.nii
Dimension = 3
Number of stages = 2
Use Histogram Matching false
Winsorize image intensities true
Lower quantile = 0.005
Upper quantile = 0.995
Stage 1 State
   Image metric = Mattes
     Fixed image = Image (0x41a7eb0)
  RTTI typeinfo:   itk::Image<double, 3u>
  Reference Count: 2
  Modified Time: 1979
  Debug: Off
  Object Name: 
  Observers: 
    none
  Source: (none)
  Source output name: (none)
  Release Data: Off
  Data Released: False
  Global Release Data: Off
  PipelineMTime: 0
  UpdateMTime: 1762
  RealTimeStamp: 0 seconds 
  LargestPossibleRegion: 
    Dimension: 3
    Index: [0, 0, 0]
    Size: [128, 128, 42]
  BufferedRegion: 
    Dimension: 3
    Index: [0, 0, 0]
    Size: [128, 128, 42]
  RequestedRegion: 
    Dimension: 3
    Index: [0, 0, 0]
    Size: [128, 128, 42]
  Spacing: [1.5, 1.5, 1]
  Origin: [-99.8473, 79.9804, 17.5653]
  Direction: 
0.999494 3.39799e-07 -0.0318022
-0.0116585 -0.930377 -0.366418
0.0295882 -0.366604 0.929907

  IndexToPointMatrix: 
1.49924 5.09699e-07 -0.0318022
-0.0174877 -1.39557 -0.366418
0.0443823 -0.549905 0.929907

  PointToIndexMatrix: 
0.666329 -0.00777233 0.0197255
2.26631e-07 -0.620252 -0.244402
-0.0318022 -0.366418 0.929907

  Inverse Direction: 
0.999494 -0.0116585 0.0295882
3.39946e-07 -0.930377 -0.366604
-0.0318022 -0.366418 0.929907

  PixelContainer: 
    ImportImageContainer (0x419e4d0)
      RTTI typeinfo:   itk::ImportImageContainer<unsigned long, double>
      Reference Count: 1
      Modified Time: 1759
      Debug: Off
      Object Name: 
      Observers: 
        none
      Pointer: 0x4258e70
      Container manages memory: true
      Size: 688128
      Capacity: 688128

     Moving image = Image (0x4257c90)
  RTTI typeinfo:   itk::Image<double, 3u>
  Reference Count: 2
  Modified Time: 1980
  Debug: Off
  Object Name: 
  Observers: 
    none
  Source: (none)
  Source output name: (none)
  Release Data: Off
  Data Released: False
  Global Release Data: Off
  PipelineMTime: 0
  UpdateMTime: 1977
  RealTimeStamp: 0 seconds 
  LargestPossibleRegion: 
    Dimension: 3
    Index: [0, 0, 0]
    Size: [224, 320, 320]
  BufferedRegion: 
    Dimension: 3
    Index: [0, 0, 0]
    Size: [224, 320, 320]
  RequestedRegion: 
    Dimension: 3
    Index: [0, 0, 0]
    Size: [224, 320, 320]
  Spacing: [0.7, 0.7, 0.7]
  Origin: [-80.5301, 75.9504, -93.372]
  Direction: 
1 0 0
0 -1 0
0 0 1

  IndexToPointMatrix: 
0.7 0 0
0 -0.7 0
0 0 0.7

  PointToIndexMatrix: 
1.42857 0 0
0 -1.42857 0
0 0 1.42857

  Inverse Direction: 
1 0 0
0 -1 0
0 0 1

  PixelContainer: 
    ImportImageContainer (0x419c1f0)
      RTTI typeinfo:   itk::ImportImageContainer<unsigned long, double>
      Reference Count: 1
      Modified Time: 1974
      Debug: Off
      Object Name: 
      Observers: 
        none
      Pointer: 0x2ac778567010
      Container manages memory: true
      Size: 22937600
      Capacity: 22937600

     Weighting = 1
     Sampling strategy = random
     Number of bins = 32
     Radius = 4
     Sampling percentage  = 0.5
   Transform = Translation
     Gradient step = 0.2
     Update field sigma (voxel space) = 0
     Total field sigma (voxel space) = 0
     Update field time sigma = 0
     Total field time sigma  = 0
     Number of time indices = 0
     Number of time point samples = 0
Stage 2 State
   Image metric = Mattes
     Fixed image = Image (0x4258b20)
  RTTI typeinfo:   itk::Image<double, 3u>
  Reference Count: 2
  Modified Time: 2411
  Debug: Off
  Object Name: 
  Observers: 
    none
  Source: (none)
  Source output name: (none)
  Release Data: Off
  Data Released: False
  Global Release Data: Off
  PipelineMTime: 0
  UpdateMTime: 2194
  RealTimeStamp: 0 seconds 
  LargestPossibleRegion: 
    Dimension: 3
    Index: [0, 0, 0]
    Size: [128, 128, 42]
  BufferedRegion: 
    Dimension: 3
    Index: [0, 0, 0]
    Size: [128, 128, 42]
  RequestedRegion: 
    Dimension: 3
    Index: [0, 0, 0]
    Size: [128, 128, 42]
  Spacing: [1.5, 1.5, 1]
  Origin: [-99.8473, 79.9804, 17.5653]
  Direction: 
0.999494 3.39799e-07 -0.0318022
-0.0116585 -0.930377 -0.366418
0.0295882 -0.366604 0.929907

  IndexToPointMatrix: 
1.49924 5.09699e-07 -0.0318022
-0.0174877 -1.39557 -0.366418
0.0443823 -0.549905 0.929907

  PointToIndexMatrix: 
0.666329 -0.00777233 0.0197255
2.26631e-07 -0.620252 -0.244402
-0.0318022 -0.366418 0.929907

  Inverse Direction: 
0.999494 -0.0116585 0.0295882
3.39946e-07 -0.930377 -0.366604
-0.0318022 -0.366418 0.929907

  PixelContainer: 
    ImportImageContainer (0x41a8680)
      RTTI typeinfo:   itk::ImportImageContainer<unsigned long, double>
      Reference Count: 1
      Modified Time: 2191
      Debug: Off
      Object Name: 
      Observers: 
        none
      Pointer: 0x479d6f0
      Container manages memory: true
      Size: 688128
      Capacity: 688128

     Moving image = Image (0x479d3a0)
  RTTI typeinfo:   itk::Image<double, 3u>
  Reference Count: 2
  Modified Time: 2412
  Debug: Off
  Object Name: 
  Observers: 
    none
  Source: (none)
  Source output name: (none)
  Release Data: Off
  Data Released: False
  Global Release Data: Off
  PipelineMTime: 0
  UpdateMTime: 2409
  RealTimeStamp: 0 seconds 
  LargestPossibleRegion: 
    Dimension: 3
    Index: [0, 0, 0]
    Size: [224, 320, 320]
  BufferedRegion: 
    Dimension: 3
    Index: [0, 0, 0]
    Size: [224, 320, 320]
  RequestedRegion: 
    Dimension: 3
    Index: [0, 0, 0]
    Size: [224, 320, 320]
  Spacing: [0.7, 0.7, 0.7]
  Origin: [-80.5301, 75.9504, -93.372]
  Direction: 
1 0 0
0 -1 0
0 0 1

  IndexToPointMatrix: 
0.7 0 0
0 -0.7 0
0 0 0.7

  PointToIndexMatrix: 
1.42857 0 0
0 -1.42857 0
0 0 1.42857

  Inverse Direction: 
1 0 0
0 -1 0
0 0 1

  PixelContainer: 
    ImportImageContainer (0x42582f0)
      RTTI typeinfo:   itk::ImportImageContainer<unsigned long, double>
      Reference Count: 1
      Modified Time: 2406
      Debug: Off
      Object Name: 
      Observers: 
        none
      Pointer: 0x2ac783468010
      Container manages memory: true
      Size: 22937600
      Capacity: 22937600

     Weighting = 1
     Sampling strategy = random
     Number of bins = 32
     Radius = 4
     Sampling percentage  = 0.5
   Transform = Rigid
     Gradient step = 0.2
     Update field sigma (voxel space) = 0
     Total field sigma (voxel space) = 0
     Update field time sigma = 0
     Total field time sigma  = 0
     Number of time indices = 0
     Number of time point samples = 0
Registration using 2 total stages.

Stage 0
  iterations = 400x200x100
  convergence threshold = 1e-06
  convergence window size = 10
  number of levels = 3
  using the Mattes MI metric (number of bins = 32, weight = 1)
  preprocessing:  winsorizing the image intensities
  Shrink factors (level 1 out of 3): [5, 5, 8]
  Shrink factors (level 2 out of 3): [3, 3, 4]
  Shrink factors (level 3 out of 3): [1, 1, 2]
  smoothing sigmas per level: [0, 0, 0]
  random sampling (percentage = 0.5)

*** Running TranslationTransform registration ***

DIAGNOSTIC,Iteration,metricValue,convergenceValue,ITERATION_TIME_INDEX,SINCE_LAST
 2DIAGNOSTIC,     1, -5.040840057482e-01, 1.797693134862e+308, 8.8660e-02, 8.8660e-02, 
 2DIAGNOSTIC,     2, -5.127511771435e-01, 1.797693134862e+308, 9.5977e-02, 7.3168e-03, 
 2DIAGNOSTIC,     3, -5.176831143754e-01, 1.797693134862e+308, 1.0317e-01, 7.1890e-03, 
 2DIAGNOSTIC,     4, -5.225744836633e-01, 1.797693134862e+308, 1.1293e-01, 9.7620e-03, 
 2DIAGNOSTIC,     5, -5.233505274304e-01, 1.797693134862e+308, 1.1898e-01, 6.0530e-03, 
 2DIAGNOSTIC,     6, -5.235515496902e-01, 1.797693134862e+308, 1.2461e-01, 5.6329e-03, 
 2DIAGNOSTIC,     7, -5.238494354103e-01, 1.797693134862e+308, 1.3428e-01, 9.6660e-03, 
 2DIAGNOSTIC,     8, -5.238764648455e-01, 1.797693134862e+308, 1.5476e-01, 2.0482e-02, 
 2DIAGNOSTIC,     9, -5.238764648292e-01, 1.797693134862e+308, 1.7486e-01, 2.0096e-02, 
 2DIAGNOSTIC,    10, -5.238764648292e-01, 1.888381644649e-03, 1.8161e-01, 6.7561e-03, 
 2DIAGNOSTIC,    11, -5.238764648292e-01, 8.840578478556e-04, 1.8828e-01, 6.6700e-03, 
 2DIAGNOSTIC,    12, -5.238764648292e-01, 3.600718586206e-04, 1.9478e-01, 6.5010e-03, 
 2DIAGNOSTIC,    13, -5.238764648292e-01, 8.650123500069e-05, 2.0244e-01, 7.6599e-03, 
 2DIAGNOSTIC,    14, -5.238764648292e-01, 3.457167919863e-05, 2.0960e-01, 7.1561e-03, 
 2DIAGNOSTIC,    15, -5.238764648292e-01, 1.480000014896e-05, 2.1693e-01, 7.3318e-03, 
 2DIAGNOSTIC,    16, -5.238764648292e-01, 2.918289843293e-06, 2.2469e-01, 7.7541e-03, 
 2DIAGNOSTIC,    17, -5.238764648292e-01, 1.879463213575e-06, 2.3206e-01, 7.3750e-03, 
 2DIAGNOSTIC,    18, -5.238764648292e-01, 1.774612199856e-06, 2.4047e-01, 8.4050e-03, 
 2DIAGNOSTIC,    19, -5.238764648292e-01, 1.680841407829e-06, 2.4879e-01, 8.3251e-03, 
 2DIAGNOSTIC,    20, -5.238764648292e-01, 1.596482991605e-06, 2.5615e-01, 7.3619e-03, 
 2DIAGNOSTIC,    21, -5.238764648292e-01, 1.520187506578e-06, 2.6358e-01, 7.4260e-03, 
 2DIAGNOSTIC,    22, -5.238764648292e-01, 1.450851701050e-06, 2.7097e-01, 7.3869e-03, 
 2DIAGNOSTIC,    23, -5.238764648292e-01, 1.387564820869e-06, 2.7837e-01, 7.3991e-03, 
 2DIAGNOSTIC,    24, -5.238764648292e-01, 1.329568380108e-06, 2.8567e-01, 7.3090e-03, 
 2DIAGNOSTIC,    25, -5.238764648292e-01, 1.276225615701e-06, 2.9294e-01, 7.2680e-03, 
 2DIAGNOSTIC,    26, -5.238764648292e-01, 1.226998011569e-06, 3.0018e-01, 7.2420e-03, 
 2DIAGNOSTIC,    27, -5.238764648292e-01, 1.181427054069e-06, 3.0663e-01, 6.4418e-03, 
 2DIAGNOSTIC,    28, -5.238764648292e-01, 1.139119907310e-06, 3.1477e-01, 8.1429e-03, 
 2DIAGNOSTIC,    29, -5.238764648292e-01, 1.099738060360e-06, 3.2100e-01, 6.2342e-03, 
 2DIAGNOSTIC,    30, -5.238764648292e-01, 1.062988249964e-06, 3.2808e-01, 7.0739e-03, 
 2DIAGNOSTIC,    31, -5.238764648292e-01, 1.028615145213e-06, 3.3522e-01, 7.1449e-03, 
DIAGNOSTIC,Iteration,metricValue,convergenceValue,ITERATION_TIME_INDEX,SINCE_LAST
 2DIAGNOSTIC,     1, -3.905263679985e-01, 1.797693134862e+308, 4.5983e-01, 1.2461e-01, 
 2DIAGNOSTIC,     2, -3.928760852076e-01, 1.797693134862e+308, 5.0231e-01, 4.2479e-02, 
 2DIAGNOSTIC,     3, -3.942238277271e-01, 1.797693134862e+308, 5.3950e-01, 3.7197e-02, 
 2DIAGNOSTIC,     4, -3.966601619893e-01, 1.797693134862e+308, 5.7930e-01, 3.9799e-02, 
 2DIAGNOSTIC,     5, -3.942406346649e-01, 1.797693134862e+308, 6.0930e-01, 2.9999e-02, 
 2DIAGNOSTIC,     6, -3.953107934195e-01, 1.797693134862e+308, 7.2128e-01, 1.1197e-01, 
 2DIAGNOSTIC,     7, -3.953107901934e-01, 1.797693134862e+308, 8.3484e-01, 1.1357e-01, 
 2DIAGNOSTIC,     8, -3.953107901933e-01, 1.797693134862e+308, 9.3315e-01, 9.8305e-02, 
 2DIAGNOSTIC,     9, -3.953107901933e-01, 1.797693134862e+308, 9.5688e-01, 2.3732e-02, 
 2DIAGNOSTIC,    10, -3.953107901933e-01, 5.234531008099e-04, 9.7956e-01, 2.2682e-02, 
 2DIAGNOSTIC,    11, -3.953107901933e-01, 1.951411297133e-04, 1.0016e+00, 2.2059e-02, 
 2DIAGNOSTIC,    12, -3.953107901933e-01, 4.225613818426e-05, 1.0247e+00, 2.3121e-02, 
DIAGNOSTIC,Iteration,metricValue,convergenceValue,ITERATION_TIME_INDEX,SINCE_LAST
 2DIAGNOSTIC,     1, -3.627142268590e-01, 1.797693134862e+308, 1.5152e+00, 4.9045e-01, 
 2DIAGNOSTIC,     2, -3.648441666354e-01, 1.797693134862e+308, 1.8239e+00, 3.0869e-01, 
 2DIAGNOSTIC,     3, -3.698160382948e-01, 1.797693134862e+308, 2.1231e+00, 2.9917e-01, 
 2DIAGNOSTIC,     4, -3.777063023220e-01, 1.797693134862e+308, 2.4313e+00, 3.0826e-01, 
 2DIAGNOSTIC,     5, -3.861116187860e-01, 1.797693134862e+308, 2.7323e+00, 3.0103e-01, 
 2DIAGNOSTIC,     6, -4.202411320652e-01, 1.797693134862e+308, 3.0905e+00, 3.5820e-01, 
 2DIAGNOSTIC,     7, -5.616886136013e-01, 1.797693134862e+308, 3.6101e+00, 5.1953e-01, 
 2DIAGNOSTIC,     8, -6.007349859184e-01, 1.797693134862e+308, 3.9501e+00, 3.3998e-01, 
 2DIAGNOSTIC,     9, -6.033350801562e-01, 1.797693134862e+308, 4.2883e+00, 3.3829e-01, 
 2DIAGNOSTIC,    10, -6.042950093306e-01, 4.299305820667e-02, 4.6352e+00, 3.4687e-01, 
 2DIAGNOSTIC,    11, -6.043375263730e-01, 3.927905863854e-02, 5.1921e+00, 5.5693e-01, 
 2DIAGNOSTIC,    12, -6.043377251534e-01, 3.286669865053e-02, 5.7586e+00, 5.6647e-01, 
 2DIAGNOSTIC,    13, -6.043377280761e-01, 2.492474765790e-02, 6.8386e+00, 1.0800e+00, 
 2DIAGNOSTIC,    14, -6.043377280759e-01, 1.652051055892e-02, 7.6711e+00, 8.3247e-01, 
 2DIAGNOSTIC,    15, -6.043377280759e-01, 8.312535018170e-03, 8.0077e+00, 3.3664e-01, 
 2DIAGNOSTIC,    16, -6.043377280759e-01, 1.599607347158e-03, 8.4341e+00, 4.2642e-01, 
 2DIAGNOSTIC,    17, -6.043377280759e-01, 1.464369657249e-04, 8.8100e+00, 3.7586e-01, 
 2DIAGNOSTIC,    18, -6.043377280759e-01, 3.318856570694e-05, 9.1485e+00, 3.3850e-01, 
 2DIAGNOSTIC,    19, -6.043377280759e-01, 3.113386774306e-06, 9.5269e+00, 3.7847e-01, 
 2DIAGNOSTIC,    20, -6.043377280759e-01, 1.802920328857e-06, 1.0076e+01, 5.4917e-01, 
 2DIAGNOSTIC,    21, -6.043377280759e-01, 1.701426982928e-06, 1.0414e+01, 3.3800e-01, 
 2DIAGNOSTIC,    22, -6.043377280759e-01, 1.614976467744e-06, 1.0752e+01, 3.3807e-01, 
 2DIAGNOSTIC,    23, -6.043377280759e-01, 1.536946348364e-06, 1.1129e+01, 3.7690e-01, 
 2DIAGNOSTIC,    24, -6.043377280759e-01, 1.466108991557e-06, 1.1466e+01, 3.3660e-01, 
 2DIAGNOSTIC,    25, -6.043377280759e-01, 1.401513682220e-06, 1.1834e+01, 3.6843e-01, 
 2DIAGNOSTIC,    26, -6.043377280759e-01, 1.342370182227e-06, 1.2197e+01, 3.6266e-01, 
 2DIAGNOSTIC,    27, -6.043377280759e-01, 1.288016243529e-06, 1.2575e+01, 3.7857e-01, 
 2DIAGNOSTIC,    28, -6.043377280759e-01, 1.237892704564e-06, 1.2938e+01, 3.6271e-01, 
 2DIAGNOSTIC,    29, -6.043377280759e-01, 1.191524183083e-06, 1.3273e+01, 3.3478e-01, 
 2DIAGNOSTIC,    30, -6.043377280759e-01, 1.148503952039e-06, 1.3636e+01, 3.6267e-01, 
 2DIAGNOSTIC,    31, -6.043377280759e-01, 1.108481977298e-06, 1.3970e+01, 3.3419e-01, 
 2DIAGNOSTIC,    32, -6.043377280759e-01, 1.071155372394e-06, 1.4349e+01, 3.7903e-01, 
 2DIAGNOSTIC,    33, -6.043377280759e-01, 1.036260718970e-06, 1.4684e+01, 3.3570e-01, 
 2DIAGNOSTIC,    34, -6.043377280759e-01, 1.003567840878e-06, 1.5020e+01, 3.3585e-01, 
  Elapsed time (stage 0): 1.5599e+01


Stage 1
  iterations = 500x500x250x50
  convergence threshold = 1.0000e-06
  convergence window size = 10
  number of levels = 4
  using the Mattes MI metric (number of bins = 32, weight = 1.0000e+00)
  preprocessing:  winsorizing the image intensities
  Shrink factors (level 1 out of 4): [4, 4, 6]
  Shrink factors (level 2 out of 4): [3, 3, 4]
  Shrink factors (level 3 out of 4): [1, 1, 2]
  Shrink factors (level 4 out of 4): [1, 1, 1]
  smoothing sigmas per level: [2, 1, 0, 0]
  random sampling (percentage = 5.0000e-01)

*** Running Euler3DTransform registration ***

DIAGNOSTIC,Iteration,metricValue,convergenceValue,ITERATION_TIME_INDEX,SINCE_LAST
 2DIAGNOSTIC,     1, -3.470889707899e-01, 1.797693134862e+308, 1.3298e+00, 1.3298e+00, 
 2DIAGNOSTIC,     2, -3.502391601231e-01, 1.797693134862e+308, 1.3359e+00, 6.1140e-03, 
 2DIAGNOSTIC,     3, -3.550102396475e-01, 1.797693134862e+308, 1.3441e+00, 8.1801e-03, 
 2DIAGNOSTIC,     4, -3.567097575241e-01, 1.797693134862e+308, 1.3510e+00, 6.8951e-03, 
 2DIAGNOSTIC,     5, -3.574448274047e-01, 1.797693134862e+308, 1.3566e+00, 5.6260e-03, 
 2DIAGNOSTIC,     6, -3.579322850872e-01, 1.797693134862e+308, 1.3626e+00, 6.0561e-03, 
 2DIAGNOSTIC,     7, -3.583946044341e-01, 1.797693134862e+308, 1.3704e+00, 7.7560e-03, 
 2DIAGNOSTIC,     8, -3.585905586062e-01, 1.797693134862e+308, 1.3770e+00, 6.5720e-03, 
 2DIAGNOSTIC,     9, -3.589896125049e-01, 1.797693134862e+308, 1.3825e+00, 5.5740e-03, 
 2DIAGNOSTIC,    10, -3.622735550612e-01, 2.094034610971e-03, 1.3895e+00, 6.9439e-03, 
 2DIAGNOSTIC,    11, -3.656803283969e-01, 1.739111514137e-03, 1.3973e+00, 7.8380e-03, 
 2DIAGNOSTIC,    12, -3.660583380338e-01, 1.511671615490e-03, 1.4040e+00, 6.6321e-03, 
 2DIAGNOSTIC,    13, -3.665417347298e-01, 1.506991103874e-03, 1.4103e+00, 6.3100e-03, 
 2DIAGNOSTIC,    14, -3.669641939446e-01, 1.487451596939e-03, 1.4178e+00, 7.5140e-03, 
 2DIAGNOSTIC,    15, -3.671732175792e-01, 1.380912703104e-03, 1.4297e+00, 1.1904e-02, 
 2DIAGNOSTIC,    16, -3.672204254766e-01, 1.184658585224e-03, 1.4360e+00, 6.2852e-03, 
 2DIAGNOSTIC,    17, -3.673332038807e-01, 9.316644225172e-04, 1.4420e+00, 6.0530e-03, 
 2DIAGNOSTIC,    18, -3.673796263697e-01, 6.352806550368e-04, 1.4484e+00, 6.3820e-03, 
 2DIAGNOSTIC,    19, -3.674196671330e-01, 3.278384822284e-04, 1.4555e+00, 7.0970e-03, 
 2DIAGNOSTIC,    20, -3.674389296049e-01, 1.476606811580e-04, 1.4626e+00, 7.0679e-03, 
 2DIAGNOSTIC,    21, -3.675641785428e-01, 1.034266763450e-04, 1.4725e+00, 9.9750e-03, 
 2DIAGNOSTIC,    22, -3.675930351762e-01, 6.791392163729e-05, 1.4790e+00, 6.4440e-03, 
 2DIAGNOSTIC,    23, -3.676400269558e-01, 4.709349303991e-05, 1.4857e+00, 6.7000e-03, 
 2DIAGNOSTIC,    24, -3.677345974022e-01, 4.052387793439e-05, 1.4928e+00, 7.1299e-03, 
 2DIAGNOSTIC,    25, -3.678680759663e-01, 4.148332480822e-05, 1.5003e+00, 7.5221e-03, 
 2DIAGNOSTIC,    26, -3.682410220335e-01, 5.105172531143e-05, 1.5080e+00, 7.6480e-03, 
 2DIAGNOSTIC,    27, -3.685351714346e-01, 6.673680419734e-05, 1.5188e+00, 1.0759e-02, 
 2DIAGNOSTIC,    28, -3.687837329476e-01, 8.329125193044e-05, 1.5262e+00, 7.4399e-03, 
 2DIAGNOSTIC,    29, -3.689939336871e-01, 9.772180690951e-05, 1.5327e+00, 6.5219e-03, 
 2DIAGNOSTIC,    30, -3.699154315338e-01, 1.264103930866e-04, 1.5455e+00, 1.2770e-02, 
 2DIAGNOSTIC,    31, -3.699644546435e-01, 1.450843006392e-04, 1.5516e+00, 6.0959e-03, 
 2DIAGNOSTIC,    32, -3.700505564688e-01, 1.519225353747e-04, 1.5589e+00, 7.3030e-03, 
 2DIAGNOSTIC,    33, -3.701214926606e-01, 1.471034064764e-04, 1.5652e+00, 6.2819e-03, 
 2DIAGNOSTIC,    34, -3.701550705602e-01, 1.315822474802e-04, 1.5712e+00, 6.0539e-03, 
 2DIAGNOSTIC,    35, -3.701632305993e-01, 1.072996171345e-04, 1.5784e+00, 7.1790e-03, 
 2DIAGNOSTIC,    36, -3.701648981305e-01, 8.226433751447e-05, 1.5876e+00, 9.1581e-03, 
 2DIAGNOSTIC,    37, -3.701675751215e-01, 5.729907373793e-05, 1.6042e+00, 1.6659e-02, 
 2DIAGNOSTIC,    38, -3.701675815907e-01, 3.347327855956e-05, 1.6194e+00, 1.5215e-02, 
 2DIAGNOSTIC,    39, -3.701675816062e-01, 1.146747596747e-05, 1.6455e+00, 2.6045e-02, 
 2DIAGNOSTIC,    40, -3.701675816062e-01, 7.491402070504e-06, 1.6563e+00, 1.0813e-02, 
 2DIAGNOSTIC,    41, -3.701675816062e-01, 3.982117906844e-06, 1.6642e+00, 7.8969e-03, 
 2DIAGNOSTIC,    42, -3.701675816062e-01, 1.901791824844e-06, 1.6722e+00, 8.0628e-03, 
 2DIAGNOSTIC,    43, -3.701675816062e-01, 1.077632715635e-06, 1.6799e+00, 7.6330e-03, 
DIAGNOSTIC,Iteration,metricValue,convergenceValue,ITERATION_TIME_INDEX,SINCE_LAST
 2DIAGNOSTIC,     1, -3.934592207243e-01, 1.797693134862e+308, 3.0319e+00, 1.3520e+00, 
 2DIAGNOSTIC,     2, -3.463985323286e-01, 1.797693134862e+308, 3.0423e+00, 1.0376e-02, 
 2DIAGNOSTIC,     3, -3.497704319376e-01, 1.797693134862e+308, 3.0523e+00, 1.0010e-02, 
 2DIAGNOSTIC,     4, -3.501065951288e-01, 1.797693134862e+308, 3.0695e+00, 1.7234e-02, 
 2DIAGNOSTIC,     5, -3.501874597511e-01, 1.797693134862e+308, 3.0793e+00, 9.7902e-03, 
 2DIAGNOSTIC,     6, -3.505592225902e-01, 1.797693134862e+308, 3.0899e+00, 1.0629e-02, 
 2DIAGNOSTIC,     7, -3.508397221005e-01, 1.797693134862e+308, 3.0995e+00, 9.5069e-03, 
 2DIAGNOSTIC,     8, -3.510246053909e-01, 1.797693134862e+308, 3.1103e+00, 1.0823e-02, 
 2DIAGNOSTIC,     9, -3.517657153304e-01, 1.797693134862e+308, 3.1275e+00, 1.7215e-02, 
DIAGNOSTIC,Iteration,metricValue,convergenceValue,ITERATION_TIME_INDEX,SINCE_LAST
 2DIAGNOSTIC,     1, -2.770081859915e-01, 1.797693134862e+308, 3.4341e+00, 3.0660e-01, 
 2DIAGNOSTIC,     2, -2.817763568953e-01, 1.797693134862e+308, 3.5607e+00, 1.2662e-01, 
 2DIAGNOSTIC,     3, -2.830023421475e-01, 1.797693134862e+308, 3.7020e+00, 1.4124e-01, 
 2DIAGNOSTIC,     4, -2.845878433276e-01, 1.797693134862e+308, 3.8636e+00, 1.6164e-01, 
 2DIAGNOSTIC,     5, -2.849211908146e-01, 1.797693134862e+308, 3.9887e+00, 1.2514e-01, 
 2DIAGNOSTIC,     6, -2.853899656296e-01, 1.797693134862e+308, 4.1474e+00, 1.5871e-01, 
 2DIAGNOSTIC,     7, -2.854363492202e-01, 1.797693134862e+308, 4.2723e+00, 1.2487e-01, 
 2DIAGNOSTIC,     8, -2.854536740787e-01, 1.797693134862e+308, 4.4110e+00, 1.3867e-01, 
 2DIAGNOSTIC,     9, -2.854745857157e-01, 1.797693134862e+308, 4.5582e+00, 1.4717e-01, 
 2DIAGNOSTIC,    10, -2.854971030377e-01, 1.396379957042e-03, 4.6824e+00, 1.2428e-01, 
 2DIAGNOSTIC,    11, -2.855050757634e-01, 6.203375720948e-04, 4.8244e+00, 1.4196e-01, 
 2DIAGNOSTIC,    12, -2.855116512662e-01, 3.158629479253e-04, 4.9662e+00, 1.4181e-01, 
 2DIAGNOSTIC,    13, -2.855118366040e-01, 1.218632232321e-04, 5.0903e+00, 1.2405e-01, 
 2DIAGNOSTIC,    14, -2.855142029568e-01, 5.797721636976e-05, 5.2155e+00, 1.2527e-01, 
 2DIAGNOSTIC,    15, -2.855184394477e-01, 1.917988731003e-05, 5.3417e+00, 1.2616e-01, 
 2DIAGNOSTIC,    16, -2.855210603909e-01, 1.305186470908e-05, 5.5000e+00, 1.5832e-01, 
 2DIAGNOSTIC,    17, -2.855258034415e-01, 9.633328248201e-06, 5.7689e+00, 2.6888e-01, 
 2DIAGNOSTIC,    18, -2.855258112948e-01, 6.826186502482e-06, 5.8958e+00, 1.2687e-01, 
 2DIAGNOSTIC,    19, -2.855259079995e-01, 4.930302982931e-06, 6.0201e+00, 1.2429e-01, 
 2DIAGNOSTIC,    20, -2.855259907007e-01, 4.042552779651e-06, 6.2114e+00, 1.9131e-01, 
 2DIAGNOSTIC,    21, -2.855259925482e-01, 3.379900345359e-06, 6.6454e+00, 4.3405e-01, 
 2DIAGNOSTIC,    22, -2.855259925482e-01, 2.902455056610e-06, 6.9076e+00, 2.6218e-01, 
 2DIAGNOSTIC,    23, -2.855259925482e-01, 2.339165388957e-06, 7.0490e+00, 1.4139e-01, 
 2DIAGNOSTIC,    24, -2.855259925482e-01, 1.831429568042e-06, 7.1914e+00, 1.4242e-01, 
 2DIAGNOSTIC,    25, -2.855259925482e-01, 1.485496102703e-06, 7.3341e+00, 1.4265e-01, 
 2DIAGNOSTIC,    26, -2.855259925482e-01, 1.241874218127e-06, 7.5042e+00, 1.7010e-01, 
 2DIAGNOSTIC,    27, -2.855259925482e-01, 1.190189595962e-06, 7.6467e+00, 1.4256e-01, 
 2DIAGNOSTIC,    28, -2.855259925482e-01, 1.141528588683e-06, 7.8133e+00, 1.6659e-01, 
 2DIAGNOSTIC,    29, -2.855259925482e-01, 1.099185674439e-06, 7.9687e+00, 1.5539e-01, 
 2DIAGNOSTIC,    30, -2.855259925482e-01, 1.062412787585e-06, 8.1086e+00, 1.3994e-01, 
 2DIAGNOSTIC,    31, -2.855259925482e-01, 1.028076289281e-06, 8.2508e+00, 1.4218e-01, 
DIAGNOSTIC,Iteration,metricValue,convergenceValue,ITERATION_TIME_INDEX,SINCE_LAST
 2DIAGNOSTIC,     1, -2.857537257643e-01, 1.797693134862e+308, 9.0036e+00, 7.5281e-01, 
 2DIAGNOSTIC,     2, -2.857810449825e-01, 1.797693134862e+308, 9.3082e+00, 3.0456e-01, 
 2DIAGNOSTIC,     3, -2.857812025463e-01, 1.797693134862e+308, 9.5757e+00, 2.6755e-01, 
 2DIAGNOSTIC,     4, -2.857823502489e-01, 1.797693134862e+308, 9.9462e+00, 3.7047e-01, 
 2DIAGNOSTIC,     5, -2.857823692822e-01, 1.797693134862e+308, 1.0352e+01, 4.0534e-01, 
 2DIAGNOSTIC,     6, -2.857823698569e-01, 1.797693134862e+308, 1.0815e+01, 4.6341e-01, 
 2DIAGNOSTIC,     7, -2.857823698720e-01, 1.797693134862e+308, 1.1661e+01, 8.4642e-01, 
 2DIAGNOSTIC,     8, -2.857823698720e-01, 1.797693134862e+308, 1.1994e+01, 3.3306e-01, 
 2DIAGNOSTIC,     9, -2.857823698720e-01, 1.797693134862e+308, 1.2334e+01, 3.3993e-01, 
 2DIAGNOSTIC,    10, -2.857823698720e-01, 6.227260580166e-06, 1.2669e+01, 3.3427e-01, 
 2DIAGNOSTIC,    11, -2.857823698720e-01, 3.105081921487e-06, 1.2944e+01, 2.7512e-01, 
 2DIAGNOSTIC,    12, -2.857823698720e-01, 2.749049437270e-06, 1.3248e+01, 3.0401e-01, 
 2DIAGNOSTIC,    13, -2.857823698720e-01, 2.448479058920e-06, 1.3518e+01, 2.7048e-01, 
 2DIAGNOSTIC,    14, -2.857823698720e-01, 2.272197872313e-06, 1.3822e+01, 3.0344e-01, 
 2DIAGNOSTIC,    15, -2.857823698720e-01, 2.120677939740e-06, 1.4090e+01, 2.6800e-01, 
 2DIAGNOSTIC,    16, -2.857823698720e-01, 1.988133729411e-06, 1.4356e+01, 2.6628e-01, 
 2DIAGNOSTIC,    17, -2.857823698720e-01, 1.871183936554e-06, 1.4627e+01, 2.7122e-01, 
 2DIAGNOSTIC,    18, -2.857823698720e-01, 1.767228643826e-06, 1.4910e+01, 2.8275e-01, 
 2DIAGNOSTIC,    19, -2.857823698720e-01, 1.674216076268e-06, 1.5176e+01, 2.6613e-01, 
 2DIAGNOSTIC,    20, -2.857823698720e-01, 1.590504816164e-06, 1.5440e+01, 2.6430e-01, 
 2DIAGNOSTIC,    21, -2.857823698720e-01, 1.514766098380e-06, 1.5704e+01, 2.6347e-01, 
 2DIAGNOSTIC,    22, -2.857823698720e-01, 1.445912752675e-06, 1.6021e+01, 3.1714e-01, 
 2DIAGNOSTIC,    23, -2.857823698720e-01, 1.383046682818e-06, 1.6295e+01, 2.7362e-01, 
 2DIAGNOSTIC,    24, -2.857823698720e-01, 1.325419475895e-06, 1.6521e+01, 2.2611e-01, 
 2DIAGNOSTIC,    25, -2.857823698720e-01, 1.272402465662e-06, 1.6772e+01, 2.5106e-01, 
 2DIAGNOSTIC,    26, -2.857823698720e-01, 1.223463704070e-06, 1.7059e+01, 2.8673e-01, 
 2DIAGNOSTIC,    27, -2.857823698720e-01, 1.178150050594e-06, 1.7343e+01, 2.8469e-01, 
 2DIAGNOSTIC,    28, -2.857823698720e-01, 1.136073099241e-06, 1.7685e+01, 3.4180e-01, 
 2DIAGNOSTIC,    29, -2.857823698720e-01, 1.096898017555e-06, 1.7931e+01, 2.4564e-01, 
 2DIAGNOSTIC,    30, -2.857823698720e-01, 1.060334617435e-06, 1.8198e+01, 2.6760e-01, 
 2DIAGNOSTIC,    31, -2.857823698720e-01, 1.026130154631e-06, 1.8442e+01, 2.4403e-01, 
  Elapsed time (stage 1): 1.9006e+01


Total elapsed time: 3.4608e+01
