Non-commercial use only - see $FSLDIR/LICENSE
Non-commercial use only - see $FSLDIR/LICENSE
Transform reader for /home/ccn30/rds/rds-p00500_encrypt-URQgmO1brZ0/p00500/ENCRYPT_registrations/26795/T1xepiSlab0GenericAffine.mat caught an ITK exception:

itk::ExceptionObject (0x23dba70)
Location: "unknown" 
File: /tmp/sjr20/spack-stage-ants-2.3.4-lj6vm7ccmij4yywr4ynrttcko4aoflqt/spack-build/ITKv5/Modules/IO/TransformBase/src/itkTransformFileReader.cxx
Line: 144
Description: itk::ERROR: TransformFileReaderTemplate(0x23db1d0): Transform IO: MatlabTransformIOTemplate
   failed to read file: /home/ccn30/rds/rds-p00500_encrypt-URQgmO1brZ0/p00500/ENCRYPT_registrations/26795/T1xepiSlab0GenericAffine.mat


Transform reader for /home/ccn30/rds/rds-p00500_encrypt-URQgmO1brZ0/p00500/ENCRYPT_registrations/26795/T1xepiSlab0GenericAffine.mat caught an ITK exception:

itk::ExceptionObject (0x3e14a70)
Location: "unknown" 
File: /tmp/sjr20/spack-stage-ants-2.3.4-lj6vm7ccmij4yywr4ynrttcko4aoflqt/spack-build/ITKv5/Modules/IO/TransformBase/src/itkTransformFileReader.cxx
Line: 144
Description: itk::ERROR: TransformFileReaderTemplate(0x3e141d0): Transform IO: MatlabTransformIOTemplate
   failed to read file: /home/ccn30/rds/rds-p00500_encrypt-URQgmO1brZ0/p00500/ENCRYPT_registrations/26795/T1xepiSlab0GenericAffine.mat


Transform reader for /home/ccn30/rds/rds-p00500_encrypt-URQgmO1brZ0/p00500/ENCRYPT_registrations/26795/T1xepiSlab0GenericAffine.mat caught an ITK exception:

itk::ExceptionObject (0x3e38950)
Location: "unknown" 
File: /tmp/sjr20/spack-stage-ants-2.3.4-lj6vm7ccmij4yywr4ynrttcko4aoflqt/spack-build/ITKv5/Modules/IO/TransformBase/src/itkTransformFileReader.cxx
Line: 144
Description: itk::ERROR: TransformFileReaderTemplate(0x3e380b0): Transform IO: MatlabTransformIOTemplate
   failed to read file: /home/ccn30/rds/rds-p00500_encrypt-URQgmO1brZ0/p00500/ENCRYPT_registrations/26795/T1xepiSlab0GenericAffine.mat


Transform reader for /home/ccn30/rds/rds-p00500_encrypt-URQgmO1brZ0/p00500/ENCRYPT_registrations/26795/T1xepiSlab0GenericAffine.mat caught an ITK exception:

itk::ExceptionObject (0x303f950)
Location: "unknown" 
File: /tmp/sjr20/spack-stage-ants-2.3.4-lj6vm7ccmij4yywr4ynrttcko4aoflqt/spack-build/ITKv5/Modules/IO/TransformBase/src/itkTransformFileReader.cxx
Line: 144
Description: itk::ERROR: TransformFileReaderTemplate(0x303f0b0): Transform IO: MatlabTransformIOTemplate
   failed to read file: /home/ccn30/rds/rds-p00500_encrypt-URQgmO1brZ0/p00500/ENCRYPT_registrations/26795/T1xepiSlab0GenericAffine.mat


Transform reader for /home/ccn30/rds/rds-p00500_encrypt-URQgmO1brZ0/p00500/ENCRYPT_registrations/26795/T1xepiSlab0GenericAffine.mat caught an ITK exception:

itk::ExceptionObject (0x2269950)
Location: "unknown" 
File: /tmp/sjr20/spack-stage-ants-2.3.4-lj6vm7ccmij4yywr4ynrttcko4aoflqt/spack-build/ITKv5/Modules/IO/TransformBase/src/itkTransformFileReader.cxx
Line: 144
Description: itk::ERROR: TransformFileReaderTemplate(0x22690b0): Transform IO: MatlabTransformIOTemplate
   failed to read file: /home/ccn30/rds/rds-p00500_encrypt-URQgmO1brZ0/p00500/ENCRYPT_registrations/26795/T1xepiSlab0GenericAffine.mat


Transform reader for /home/ccn30/rds/rds-p00500_encrypt-URQgmO1brZ0/p00500/ENCRYPT_registrations/26795/T1xepiSlab0GenericAffine.mat caught an ITK exception:

itk::ExceptionObject (0x3726950)
Location: "unknown" 
File: /tmp/sjr20/spack-stage-ants-2.3.4-lj6vm7ccmij4yywr4ynrttcko4aoflqt/spack-build/ITKv5/Modules/IO/TransformBase/src/itkTransformFileReader.cxx
Line: 144
Description: itk::ERROR: TransformFileReaderTemplate(0x37260b0): Transform IO: MatlabTransformIOTemplate
   failed to read file: /home/ccn30/rds/rds-p00500_encrypt-URQgmO1brZ0/p00500/ENCRYPT_registrations/26795/T1xepiSlab0GenericAffine.mat


Image Exception : #63 :: No image files match: /home/ccn30/rds/rds-p00500_encrypt-URQgmO1brZ0/p00500/ENCRYPT_MTLmasks/26795/combinedEC_right_HybridMaass_EPI
terminate called after throwing an instance of 'std::runtime_error'
  what():  No image files match: /home/ccn30/rds/rds-p00500_encrypt-URQgmO1brZ0/p00500/ENCRYPT_MTLmasks/26795/combinedEC_right_HybridMaass_EPI
/home/ccn30/rds/hpc-work/WBIC_lustre/ENCRYPT/scripts/Registration/coreg_main.sh: line 345: 75126 Aborted                 fslmaths ${HybridMaass_epi_R} -thr 16.5 -uthr 17.5 -bin ${HybridMaassPM_epi_R} -odt char
Image Exception : #63 :: No image files match: /home/ccn30/rds/rds-p00500_encrypt-URQgmO1brZ0/p00500/ENCRYPT_MTLmasks/26795/combinedEC_right_HybridMaass_EPI
terminate called after throwing an instance of 'std::runtime_error'
  what():  No image files match: /home/ccn30/rds/rds-p00500_encrypt-URQgmO1brZ0/p00500/ENCRYPT_MTLmasks/26795/combinedEC_right_HybridMaass_EPI
/home/ccn30/rds/hpc-work/WBIC_lustre/ENCRYPT/scripts/Registration/coreg_main.sh: line 346: 75129 Aborted                 fslmaths ${HybridMaass_epi_R} -thr 17.5 -uthr 18.5 -bin ${HybridMaassAL_epi_R} -odt char
Image Exception : #63 :: No image files match: /home/ccn30/rds/rds-p00500_encrypt-URQgmO1brZ0/p00500/ENCRYPT_MTLmasks/26795/26795_right_lfseg_corr_usegray_noCysts_clean_EPI
terminate called after throwing an instance of 'std::runtime_error'
  what():  No image files match: /home/ccn30/rds/rds-p00500_encrypt-URQgmO1brZ0/p00500/ENCRYPT_MTLmasks/26795/26795_right_lfseg_corr_usegray_noCysts_clean_EPI
/home/ccn30/rds/hpc-work/WBIC_lustre/ENCRYPT/scripts/Registration/coreg_main.sh: line 347: 75131 Aborted                 fslmaths ${ASHS_epi_R} -thr 4.5 -uthr 5.5 -bin ${ASHS_HCtail_R} -odt char
Image Exception : #63 :: No image files match: /home/ccn30/rds/rds-p00500_encrypt-URQgmO1brZ0/p00500/ENCRYPT_MTLmasks/26795/combinedEC_left_HybridMaass_EPI
terminate called after throwing an instance of 'std::runtime_error'
  what():  No image files match: /home/ccn30/rds/rds-p00500_encrypt-URQgmO1brZ0/p00500/ENCRYPT_MTLmasks/26795/combinedEC_left_HybridMaass_EPI
/home/ccn30/rds/hpc-work/WBIC_lustre/ENCRYPT/scripts/Registration/coreg_main.sh: line 349: 75135 Aborted                 fslmaths ${HybridMaass_epi_L} -thr 16.5 -uthr 17.5 -bin ${HybridMaassPM_epi_L} -odt char
Image Exception : #63 :: No image files match: /home/ccn30/rds/rds-p00500_encrypt-URQgmO1brZ0/p00500/ENCRYPT_MTLmasks/26795/combinedEC_left_HybridMaass_EPI
terminate called after throwing an instance of 'std::runtime_error'
  what():  No image files match: /home/ccn30/rds/rds-p00500_encrypt-URQgmO1brZ0/p00500/ENCRYPT_MTLmasks/26795/combinedEC_left_HybridMaass_EPI
/home/ccn30/rds/hpc-work/WBIC_lustre/ENCRYPT/scripts/Registration/coreg_main.sh: line 350: 75136 Aborted                 fslmaths ${HybridMaass_epi_L} -thr 17.5 -uthr 18.5 -bin ${HybridMaassAL_epi_L} -odt char
Image Exception : #63 :: No image files match: /home/ccn30/rds/rds-p00500_encrypt-URQgmO1brZ0/p00500/ENCRYPT_MTLmasks/26795/26795_left_lfseg_corr_usegray_noCysts_clean_EPI
terminate called after throwing an instance of 'std::runtime_error'
  what():  No image files match: /home/ccn30/rds/rds-p00500_encrypt-URQgmO1brZ0/p00500/ENCRYPT_MTLmasks/26795/26795_left_lfseg_corr_usegray_noCysts_clean_EPI
/home/ccn30/rds/hpc-work/WBIC_lustre/ENCRYPT/scripts/Registration/coreg_main.sh: line 351: 75137 Aborted                 fslmaths ${ASHS_epi_L} -thr 4.5 -uthr 5.5 -bin ${ASHS_HCtail_L} -odt char
