This is job 11
Time: Thu 16 Sep 12:56:46 BST 2021
Running on master node: cpu-p-318
Current directory: /rds/user/ccn30/hpc-work/WBIC_lustre/ENCRYPT/scripts/Registration/slurmoutputs
Changed directory to /home/ccn30/rds/hpc-work/WBIC_lustre/ENCRYPT/scripts/Registration/slurmoutputs.

JobID: 46502785
======
Time: Thu 16 Sep 12:56:46 BST 2021
Running on master node: cpu-p-318
Current directory: /home/ccn30/rds/hpc-work/WBIC_lustre/ENCRYPT/scripts/Registration/slurmoutputs

Nodes allocated:
================
cpu-p-318

numtasks=, numnodes=, mpi_tasks_per_node= (OMP_NUM_THREADS=1)

Executing command:
==================
/home/ccn30/rds/hpc-work/WBIC_lustre/ENCRYPT/scripts/Registration/coreg_main.sh /home/ccn30/rds/hpc-work/WBIC_lustre/ENCRYPT/ENCRYPT_MasterRIScodes.txt 11 /home/ccn30/rds/rds-p00500_encrypt-URQgmO1brZ0/p00500 /home/ccn30/rds/hpc-work/WBIC_home/ENCRYPT/atlases/magdeburgatlas

******** starting 26069 ********
All_Command_lines_OK
Using double precision for computations.
=============================================================================
The composite transform comprises the following transforms (in order): 
  1. Center of mass alignment using fixed image: /home/ccn30/rds/hpc-work/WBIC_home/ENCRYPT/atlases/magdeburgatlas/template/template.nii.gz and moving image: /home/ccn30/rds/rds-p00500_encrypt-URQgmO1brZ0/p00500/ENCRYPT_images/26069/mp2rage/denoise_n4mag0000_PSIR_skulled_std.nii (type = Euler3DTransform)
=============================================================================
  number of levels = 4
  number of levels = 4
  fixed image: /home/ccn30/rds/hpc-work/WBIC_home/ENCRYPT/atlases/magdeburgatlas/template/template.nii.gz
  moving image: /home/ccn30/rds/rds-p00500_encrypt-URQgmO1brZ0/p00500/ENCRYPT_images/26069/mp2rage/denoise_n4mag0000_PSIR_skulled_std.nii
  fixed image: /home/ccn30/rds/hpc-work/WBIC_home/ENCRYPT/atlases/magdeburgatlas/template/template.nii.gz
  moving image: /home/ccn30/rds/rds-p00500_encrypt-URQgmO1brZ0/p00500/ENCRYPT_images/26069/mp2rage/denoise_n4mag0000_PSIR_skulled_std.nii
Dimension = 3
Number of stages = 2
Use Histogram Matching true
Winsorize image intensities true
Lower quantile = 0.005
Upper quantile = 0.995
Stage 1 State
   Image metric = Mattes
     Fixed image = Image (0x2fcf200)
  RTTI typeinfo:   itk::Image<double, 3u>
  Reference Count: 2
  Modified Time: 1698
  Debug: Off
  Object Name: 
  Observers: 
    none
  Source: (none)
  Source output name: (none)
  Release Data: Off
  Data Released: False
  Global Release Data: Off
  PipelineMTime: 0
  UpdateMTime: 1481
  RealTimeStamp: 0 seconds 
  LargestPossibleRegion: 
    Dimension: 3
    Index: [0, 0, 0]
    Size: [384, 301, 288]
  BufferedRegion: 
    Dimension: 3
    Index: [0, 0, 0]
    Size: [384, 301, 288]
  RequestedRegion: 
    Dimension: 3
    Index: [0, 0, 0]
    Size: [384, 301, 288]
  Spacing: [0.598958, 0.598958, 0.599937]
  Origin: [83.4012, -147.626, 85.1783]
  Direction: 
-0 0 -1
1 -0 0
0 -1 0

  IndexToPointMatrix: 
0 0 -0.599937
0.598958 0 0
0 -0.598958 0

  PointToIndexMatrix: 
0 1.66957 0
0 0 -1.66957
-1.66684 0 0

  Inverse Direction: 
0 1 0
0 0 -1
-1 0 0

  PixelContainer: 
    ImportImageContainer (0x2fbfdc0)
      RTTI typeinfo:   itk::ImportImageContainer<unsigned long, double>
      Reference Count: 1
      Modified Time: 1478
      Debug: Off
      Object Name: 
      Observers: 
        none
      Pointer: 0x2b0982282010
      Container manages memory: true
      Size: 33288192
      Capacity: 33288192

     Moving image = Image (0x2fd33f0)
  RTTI typeinfo:   itk::Image<double, 3u>
  Reference Count: 2
  Modified Time: 1699
  Debug: Off
  Object Name: 
  Observers: 
    none
  Source: (none)
  Source output name: (none)
  Release Data: Off
  Data Released: False
  Global Release Data: Off
  PipelineMTime: 0
  UpdateMTime: 1696
  RealTimeStamp: 0 seconds 
  LargestPossibleRegion: 
    Dimension: 3
    Index: [0, 0, 0]
    Size: [224, 320, 320]
  BufferedRegion: 
    Dimension: 3
    Index: [0, 0, 0]
    Size: [224, 320, 320]
  RequestedRegion: 
    Dimension: 3
    Index: [0, 0, 0]
    Size: [224, 320, 320]
  Spacing: [0.7, 0.7, 0.7]
  Origin: [-76.1911, 75.3484, -83.4065]
  Direction: 
1 0 0
0 -1 0
0 0 1

  IndexToPointMatrix: 
0.7 0 0
0 -0.7 0
0 0 0.7

  PointToIndexMatrix: 
1.42857 0 0
0 -1.42857 0
0 0 1.42857

  Inverse Direction: 
1 0 0
0 -1 0
0 0 1

  PixelContainer: 
    ImportImageContainer (0x2fd36b0)
      RTTI typeinfo:   itk::ImportImageContainer<unsigned long, double>
      Reference Count: 1
      Modified Time: 1693
      Debug: Off
      Object Name: 
      Observers: 
        none
      Pointer: 0x2b099207b010
      Container manages memory: true
      Size: 22937600
      Capacity: 22937600

     Weighting = 1
     Sampling strategy = regular
     Number of bins = 32
     Radius = 4
     Sampling percentage  = 0.25
   Transform = Rigid
     Gradient step = 0.1
     Update field sigma (voxel space) = 0
     Total field sigma (voxel space) = 0
     Update field time sigma = 0
     Total field time sigma  = 0
     Number of time indices = 0
     Number of time point samples = 0
Stage 2 State
   Image metric = Mattes
     Fixed image = Image (0x2fe2060)
  RTTI typeinfo:   itk::Image<double, 3u>
  Reference Count: 2
  Modified Time: 2130
  Debug: Off
  Object Name: 
  Observers: 
    none
  Source: (none)
  Source output name: (none)
  Release Data: Off
  Data Released: False
  Global Release Data: Off
  PipelineMTime: 0
  UpdateMTime: 1913
  RealTimeStamp: 0 seconds 
  LargestPossibleRegion: 
    Dimension: 3
    Index: [0, 0, 0]
    Size: [384, 301, 288]
  BufferedRegion: 
    Dimension: 3
    Index: [0, 0, 0]
    Size: [384, 301, 288]
  RequestedRegion: 
    Dimension: 3
    Index: [0, 0, 0]
    Size: [384, 301, 288]
  Spacing: [0.598958, 0.598958, 0.599937]
  Origin: [83.4012, -147.626, 85.1783]
  Direction: 
-0 0 -1
1 -0 0
0 -1 0

  IndexToPointMatrix: 
0 0 -0.599937
0.598958 0 0
0 -0.598958 0

  PointToIndexMatrix: 
0 1.66957 0
0 0 -1.66957
-1.66684 0 0

  Inverse Direction: 
0 1 0
0 0 -1
-1 0 0

  PixelContainer: 
    ImportImageContainer (0x2fd6140)
      RTTI typeinfo:   itk::ImportImageContainer<unsigned long, double>
      Reference Count: 1
      Modified Time: 1910
      Debug: Off
      Object Name: 
      Observers: 
        none
      Pointer: 0x2b099cf7c010
      Container manages memory: true
      Size: 33288192
      Capacity: 33288192

     Moving image = Image (0x2fe3e80)
  RTTI typeinfo:   itk::Image<double, 3u>
  Reference Count: 2
  Modified Time: 2131
  Debug: Off
  Object Name: 
  Observers: 
    none
  Source: (none)
  Source output name: (none)
  Release Data: Off
  Data Released: False
  Global Release Data: Off
  PipelineMTime: 0
  UpdateMTime: 2128
  RealTimeStamp: 0 seconds 
  LargestPossibleRegion: 
    Dimension: 3
    Index: [0, 0, 0]
    Size: [224, 320, 320]
  BufferedRegion: 
    Dimension: 3
    Index: [0, 0, 0]
    Size: [224, 320, 320]
  RequestedRegion: 
    Dimension: 3
    Index: [0, 0, 0]
    Size: [224, 320, 320]
  Spacing: [0.7, 0.7, 0.7]
  Origin: [-76.1911, 75.3484, -83.4065]
  Direction: 
1 0 0
0 -1 0
0 0 1

  IndexToPointMatrix: 
0.7 0 0
0 -0.7 0
0 0 0.7

  PointToIndexMatrix: 
1.42857 0 0
0 -1.42857 0
0 0 1.42857

  Inverse Direction: 
1 0 0
0 -1 0
0 0 1

  PixelContainer: 
    ImportImageContainer (0x2fde540)
      RTTI typeinfo:   itk::ImportImageContainer<unsigned long, double>
      Reference Count: 1
      Modified Time: 2125
      Debug: Off
      Object Name: 
      Observers: 
        none
      Pointer: 0x2b09acd75010
      Container manages memory: true
      Size: 22937600
      Capacity: 22937600

     Weighting = 1
     Sampling strategy = regular
     Number of bins = 32
     Radius = 4
     Sampling percentage  = 0.25
   Transform = Affine
     Gradient step = 0.1
     Update field sigma (voxel space) = 0
     Total field sigma (voxel space) = 0
     Update field time sigma = 0
     Total field time sigma  = 0
     Number of time indices = 0
     Number of time point samples = 0
Registration using 2 total stages.

Stage 0
  iterations = 1000x500x250x100
  convergence threshold = 1e-06
  convergence window size = 10
  number of levels = 4
  using the Mattes MI metric (number of bins = 32, weight = 1)
  preprocessing:  winsorizing the image intensities
  preprocessing:  histogram matching the images
  Shrink factors (level 1 out of 4): [8, 8, 8]
  Shrink factors (level 2 out of 4): [4, 4, 4]
  Shrink factors (level 3 out of 4): [2, 2, 2]
  Shrink factors (level 4 out of 4): [1, 1, 1]
  smoothing sigmas per level: [3, 2, 1, 0]
  regular sampling (percentage = 0.25)

*** Running Euler3DTransform registration ***

DIAGNOSTIC,Iteration,metricValue,convergenceValue,ITERATION_TIME_INDEX,SINCE_LAST
 2DIAGNOSTIC,     1, -2.553909088576e-01, 1.797693134862e+308, 2.5724e+00, 2.5724e+00, 
 2DIAGNOSTIC,     2, -2.565360215484e-01, 1.797693134862e+308, 2.6043e+00, 3.1885e-02, 
 2DIAGNOSTIC,     3, -2.577918396771e-01, 1.797693134862e+308, 2.6336e+00, 2.9302e-02, 
 2DIAGNOSTIC,     4, -2.612472873445e-01, 1.797693134862e+308, 2.6646e+00, 3.1016e-02, 
 2DIAGNOSTIC,     5, -2.673996925092e-01, 1.797693134862e+308, 2.6953e+00, 3.0731e-02, 
 2DIAGNOSTIC,     6, -2.773022611807e-01, 1.797693134862e+308, 2.7253e+00, 2.9981e-02, 
 2DIAGNOSTIC,     7, -2.906471884655e-01, 1.797693134862e+308, 2.7553e+00, 3.0019e-02, 
 2DIAGNOSTIC,     8, -3.055682152952e-01, 1.797693134862e+308, 2.7859e+00, 3.0501e-02, 
 2DIAGNOSTIC,     9, -3.682398334105e-01, 1.797693134862e+308, 2.8325e+00, 4.6658e-02, 
 2DIAGNOSTIC,    10, -4.629678973642e-01, 3.351086670821e-02, 2.8825e+00, 5.0013e-02, 
 2DIAGNOSTIC,    11, -4.631561061243e-01, 3.944216861502e-02, 2.9103e+00, 2.7729e-02, 
 2DIAGNOSTIC,    12, -4.638084638640e-01, 4.083613559704e-02, 2.9480e+00, 3.7793e-02, 
 2DIAGNOSTIC,    13, -4.645443794005e-01, 3.855859303664e-02, 2.9758e+00, 2.7758e-02, 
 2DIAGNOSTIC,    14, -4.655527447747e-01, 3.348273964905e-02, 3.0101e+00, 3.4265e-02, 
 2DIAGNOSTIC,    15, -4.664301292982e-01, 2.658458090952e-02, 3.0392e+00, 2.9145e-02, 
 2DIAGNOSTIC,    16, -4.671117201416e-01, 1.894592939128e-02, 3.0761e+00, 3.6866e-02, 
 2DIAGNOSTIC,    17, -4.694581367658e-01, 1.152508729187e-02, 3.1139e+00, 3.7823e-02, 
 2DIAGNOSTIC,    18, -4.718460368176e-01, 4.789412297119e-03, 3.1431e+00, 2.9196e-02, 
 2DIAGNOSTIC,    19, -4.729106338656e-01, 9.028246457474e-04, 3.1859e+00, 4.2825e-02, 
 2DIAGNOSTIC,    20, -4.749080309255e-01, 9.920926123165e-04, 3.2356e+00, 4.9728e-02, 
 2DIAGNOSTIC,    21, -4.749255266032e-01, 9.861389878292e-04, 3.2710e+00, 3.5316e-02, 
 2DIAGNOSTIC,    22, -4.749567289451e-01, 9.121998512112e-04, 3.3046e+00, 3.3654e-02, 
 2DIAGNOSTIC,    23, -4.749504459110e-01, 7.834419315274e-04, 3.3383e+00, 3.3646e-02, 
 2DIAGNOSTIC,    24, -4.749468487042e-01, 6.242034163883e-04, 3.3757e+00, 3.7397e-02, 
 2DIAGNOSTIC,    25, -4.749312441603e-01, 4.466272606299e-04, 3.4026e+00, 2.6922e-02, 
 2DIAGNOSTIC,    26, -4.749193150738e-01, 2.607834926849e-04, 3.4411e+00, 3.8517e-02, 
 2DIAGNOSTIC,    27, -4.749252731734e-01, 1.268330529805e-04, 3.4752e+00, 3.4093e-02, 
 2DIAGNOSTIC,    28, -4.749087840692e-01, 5.072987255511e-05, 3.5101e+00, 3.4943e-02, 
DIAGNOSTIC,Iteration,metricValue,convergenceValue,ITERATION_TIME_INDEX,SINCE_LAST
 2DIAGNOSTIC,     1, -4.018963681666e-01, 1.797693134862e+308, 6.3800e+00, 2.8699e+00, 
 2DIAGNOSTIC,     2, -4.020416325755e-01, 1.797693134862e+308, 6.6062e+00, 2.2620e-01, 
 2DIAGNOSTIC,     3, -4.021981065192e-01, 1.797693134862e+308, 6.8996e+00, 2.9331e-01, 
 2DIAGNOSTIC,     4, -4.022446365538e-01, 1.797693134862e+308, 7.1707e+00, 2.7116e-01, 
 2DIAGNOSTIC,     5, -4.022369072767e-01, 1.797693134862e+308, 7.5600e+00, 3.8928e-01, 
 2DIAGNOSTIC,     6, -4.022414162083e-01, 1.797693134862e+308, 7.8175e+00, 2.5748e-01, 
 2DIAGNOSTIC,     7, -4.022407622436e-01, 1.797693134862e+308, 8.0784e+00, 2.6097e-01, 
 2DIAGNOSTIC,     8, -4.022390191935e-01, 1.797693134862e+308, 8.3696e+00, 2.9117e-01, 
 2DIAGNOSTIC,     9, -4.022378903271e-01, 1.797693134862e+308, 8.6268e+00, 2.5719e-01, 
 2DIAGNOSTIC,    10, -4.022367706375e-01, 4.130679658182e-05, 8.9207e+00, 2.9394e-01, 
 2DIAGNOSTIC,    11, -4.022293975199e-01, 1.687632588901e-05, 9.1808e+00, 2.6010e-01, 
 2DIAGNOSTIC,    12, -4.022276183401e-01, 3.485651563259e-06, 9.4065e+00, 2.2571e-01, 
DIAGNOSTIC,Iteration,metricValue,convergenceValue,ITERATION_TIME_INDEX,SINCE_LAST
 2DIAGNOSTIC,     1, -3.437082674982e-01, 1.797693134862e+308, 1.4237e+01, 4.8306e+00, 
 2DIAGNOSTIC,     2, -3.437881193555e-01, 1.797693134862e+308, 1.5924e+01, 1.6869e+00, 
 2DIAGNOSTIC,     3, -3.438627370888e-01, 1.797693134862e+308, 1.7603e+01, 1.6787e+00, 
 2DIAGNOSTIC,     4, -3.439732953646e-01, 1.797693134862e+308, 1.9291e+01, 1.6882e+00, 
 2DIAGNOSTIC,     5, -3.440792899346e-01, 1.797693134862e+308, 2.0981e+01, 1.6897e+00, 
 2DIAGNOSTIC,     6, -3.442257026069e-01, 1.797693134862e+308, 2.2912e+01, 1.9309e+00, 
 2DIAGNOSTIC,     7, -3.444603112024e-01, 1.797693134862e+308, 2.6061e+01, 3.1491e+00, 
 2DIAGNOSTIC,     8, -3.444598412356e-01, 1.797693134862e+308, 2.7992e+01, 1.9308e+00, 
 2DIAGNOSTIC,     9, -3.444585226342e-01, 1.797693134862e+308, 3.0409e+01, 2.4172e+00, 
 2DIAGNOSTIC,    10, -3.444578218809e-01, 1.688449407347e-04, 3.2322e+01, 1.9133e+00, 
 2DIAGNOSTIC,    11, -3.444577378182e-01, 1.340099161777e-04, 3.4237e+01, 1.9145e+00, 
 2DIAGNOSTIC,    12, -3.444573376946e-01, 9.844813418253e-05, 3.7141e+01, 2.9043e+00, 
 2DIAGNOSTIC,    13, -3.444569361302e-01, 6.440210248673e-05, 3.9029e+01, 1.8878e+00, 
 2DIAGNOSTIC,    14, -3.444571965771e-01, 3.628379748706e-05, 4.0944e+01, 1.9148e+00, 
 2DIAGNOSTIC,    15, -3.444570092851e-01, 1.455969008779e-05, 4.2625e+01, 1.6814e+00, 
 2DIAGNOSTIC,    16, -3.444568518332e-01, 1.610312475947e-06, 4.4556e+01, 1.9308e+00, 
 2DIAGNOSTIC,    17, -3.444568784775e-01, 1.614213635259e-06, 4.6473e+01, 1.9176e+00, 
 2DIAGNOSTIC,    18, -3.444559299046e-01, 1.577812108633e-06, 4.8391e+01, 1.9173e+00, 
 2DIAGNOSTIC,    19, -3.444557680197e-01, 1.500087003579e-06, 5.0066e+01, 1.6753e+00, 
 2DIAGNOSTIC,    20, -3.444548046918e-01, 1.377192256367e-06, 5.2234e+01, 2.1681e+00, 
 2DIAGNOSTIC,    21, -3.444548504226e-01, 1.285390703945e-06, 5.3914e+01, 1.6795e+00, 
 2DIAGNOSTIC,    22, -3.444544021387e-01, 1.191573638419e-06, 5.5854e+01, 1.9408e+00, 
 2DIAGNOSTIC,    23, -3.444551988522e-01, 1.144014923155e-06, 5.7770e+01, 1.9156e+00, 
 2DIAGNOSTIC,    24, -3.444552127483e-01, 1.131844126707e-06, 5.9684e+01, 1.9139e+00, 
 2DIAGNOSTIC,    25, -3.444550957017e-01, 1.129084105295e-06, 6.1599e+01, 1.9148e+00, 
 2DIAGNOSTIC,    26, -3.444549946402e-01, 1.132048118489e-06, 6.3525e+01, 1.9265e+00, 
 2DIAGNOSTIC,    27, -3.444546384233e-01, 1.133845547840e-06, 6.5463e+01, 1.9380e+00, 
 2DIAGNOSTIC,    28, -3.444544095706e-01, 1.104699190103e-06, 6.7646e+01, 2.1824e+00, 
 2DIAGNOSTIC,    29, -3.444542138193e-01, 1.070913631426e-06, 6.9338e+01, 1.6923e+00, 
 2DIAGNOSTIC,    30, -3.444542175953e-01, 1.015625011848e-06, 7.1274e+01, 1.9357e+00, 
DIAGNOSTIC,Iteration,metricValue,convergenceValue,ITERATION_TIME_INDEX,SINCE_LAST
 2DIAGNOSTIC,     1, -2.977191399258e-01, 1.797693134862e+308, 8.7358e+01, 1.6084e+01, 
 2DIAGNOSTIC,     2, -2.979984433452e-01, 1.797693134862e+308, 9.8975e+01, 1.1618e+01, 
 2DIAGNOSTIC,     3, -2.981907658297e-01, 1.797693134862e+308, 1.1058e+02, 1.1600e+01, 
 2DIAGNOSTIC,     4, -2.982846912770e-01, 1.797693134862e+308, 1.2385e+02, 1.3271e+01, 
 2DIAGNOSTIC,     5, -2.983154987278e-01, 1.797693134862e+308, 1.3547e+02, 1.1624e+01, 
 2DIAGNOSTIC,     6, -2.983394615916e-01, 1.797693134862e+308, 1.5373e+02, 1.8262e+01, 
 2DIAGNOSTIC,     7, -2.983413568614e-01, 1.797693134862e+308, 1.6626e+02, 1.2527e+01, 
 2DIAGNOSTIC,     8, -2.983424184601e-01, 1.797693134862e+308, 1.7787e+02, 1.1607e+01, 
 2DIAGNOSTIC,     9, -2.983487623942e-01, 1.797693134862e+308, 1.9110e+02, 1.3232e+01, 
 2DIAGNOSTIC,    10, -2.983534965903e-01, 1.058476694768e-04, 2.0267e+02, 1.1574e+01, 
 2DIAGNOSTIC,    11, -2.983552176447e-01, 5.113011167544e-05, 2.1431e+02, 1.1638e+01, 
 2DIAGNOSTIC,    12, -2.983583461560e-01, 2.332955318966e-05, 2.2972e+02, 1.5413e+01, 
 2DIAGNOSTIC,    13, -2.983582042279e-01, 1.188301935059e-05, 2.4301e+02, 1.3290e+01, 
 2DIAGNOSTIC,    14, -2.983596953354e-01, 7.667261965466e-06, 2.5812e+02, 1.5108e+01, 
 2DIAGNOSTIC,    15, -2.983604202157e-01, 5.476702931231e-06, 2.6989e+02, 1.1768e+01, 
 2DIAGNOSTIC,    16, -2.983606318702e-01, 4.691914587532e-06, 2.8339e+02, 1.3504e+01, 
 2DIAGNOSTIC,    17, -2.983643321940e-01, 4.069368597925e-06, 3.1028e+02, 2.6888e+01, 
 2DIAGNOSTIC,    18, -2.983645761003e-01, 3.371339593258e-06, 3.2358e+02, 1.3304e+01, 
 2DIAGNOSTIC,    19, -2.983644731923e-01, 2.908652593815e-06, 3.4538e+02, 2.1800e+01, 
 2DIAGNOSTIC,    20, -2.983644710059e-01, 2.604608388052e-06, 3.6953e+02, 2.4149e+01, 
 2DIAGNOSTIC,    21, -2.983644709506e-01, 2.309338527164e-06, 3.9451e+02, 2.4972e+01, 
 2DIAGNOSTIC,    22, -2.983644983307e-01, 2.102052651616e-06, 4.3467e+02, 4.0168e+01, 
 2DIAGNOSTIC,    23, -2.983644983307e-01, 1.843524643989e-06, 4.5153e+02, 1.6859e+01, 
 2DIAGNOSTIC,    24, -2.983644983307e-01, 1.624319009734e-06, 4.6514e+02, 1.3611e+01, 
 2DIAGNOSTIC,    25, -2.983644983307e-01, 1.423889524538e-06, 4.8074e+02, 1.5599e+01, 
 2DIAGNOSTIC,    26, -2.983644983307e-01, 1.228565250068e-06, 4.9430e+02, 1.3558e+01, 
 2DIAGNOSTIC,    27, -2.983644983307e-01, 1.177515397459e-06, 5.0816e+02, 1.3857e+01, 
 2DIAGNOSTIC,    28, -2.983644983307e-01, 1.138587085621e-06, 5.2325e+02, 1.5094e+01, 
 2DIAGNOSTIC,    29, -2.983644983307e-01, 1.098760590117e-06, 5.3830e+02, 1.5046e+01, 
 2DIAGNOSTIC,    30, -2.983644983307e-01, 1.061371551349e-06, 5.5291e+02, 1.4611e+01, 
 2DIAGNOSTIC,    31, -2.983644983307e-01, 1.026286946190e-06, 5.6632e+02, 1.3408e+01, 
  Elapsed time (stage 0): 5.7517e+02


Stage 1
  iterations = 1000x500x250x100
  convergence threshold = 1.0000e-06
  convergence window size = 10
  number of levels = 4
  using the Mattes MI metric (number of bins = 32, weight = 1.0000e+00)
  preprocessing:  winsorizing the image intensities
  preprocessing:  histogram matching the images
  Shrink factors (level 1 out of 4): [8, 8, 8]
  Shrink factors (level 2 out of 4): [4, 4, 4]
  Shrink factors (level 3 out of 4): [2, 2, 2]
  Shrink factors (level 4 out of 4): [1, 1, 1]
  smoothing sigmas per level: [3, 2, 1, 0]
  regular sampling (percentage = 2.5000e-01)

*** Running AffineTransform registration ***

DIAGNOSTIC,Iteration,metricValue,convergenceValue,ITERATION_TIME_INDEX,SINCE_LAST
 2DIAGNOSTIC,     1, -4.734396456548e-01, 1.797693134862e+308, 2.6234e+00, 2.6234e+00, 
 2DIAGNOSTIC,     2, -4.755670145125e-01, 1.797693134862e+308, 2.6605e+00, 3.7152e-02, 
 2DIAGNOSTIC,     3, -4.792850224972e-01, 1.797693134862e+308, 2.6980e+00, 3.7454e-02, 
 2DIAGNOSTIC,     4, -4.851653603255e-01, 1.797693134862e+308, 2.7352e+00, 3.7193e-02, 
 2DIAGNOSTIC,     5, -4.938333734910e-01, 1.797693134862e+308, 2.7703e+00, 3.5127e-02, 
 2DIAGNOSTIC,     6, -5.067217283684e-01, 1.797693134862e+308, 2.8064e+00, 3.6100e-02, 
 2DIAGNOSTIC,     7, -5.233370601995e-01, 1.797693134862e+308, 2.8488e+00, 4.2410e-02, 
 2DIAGNOSTIC,     8, -5.252101079459e-01, 1.797693134862e+308, 2.8867e+00, 3.7917e-02, 
 2DIAGNOSTIC,     9, -5.259554954186e-01, 1.797693134862e+308, 2.9252e+00, 3.8455e-02, 
 2DIAGNOSTIC,    10, -5.268726455677e-01, 8.483320921398e-03, 2.9692e+00, 4.4056e-02, 
 2DIAGNOSTIC,    11, -5.270858284679e-01, 7.137043492541e-03, 3.0121e+00, 4.2895e-02, 
 2DIAGNOSTIC,    12, -5.271790950989e-01, 5.481298471499e-03, 3.0693e+00, 5.7187e-02, 
 2DIAGNOSTIC,    13, -5.272146719745e-01, 3.761582804105e-03, 3.1129e+00, 4.3570e-02, 
 2DIAGNOSTIC,    14, -5.271407506131e-01, 2.193902671534e-03, 3.1562e+00, 4.3284e-02, 
 2DIAGNOSTIC,    15, -5.271593732751e-01, 9.596028254120e-04, 3.1936e+00, 3.7481e-02, 
 2DIAGNOSTIC,    16, -5.271819047582e-01, 2.298461486372e-04, 3.2363e+00, 4.2653e-02, 
 2DIAGNOSTIC,    17, -5.270563249681e-01, 1.047785429989e-04, 3.2792e+00, 4.2949e-02, 
 2DIAGNOSTIC,    18, -5.270539896661e-01, 4.198892579497e-05, 3.3226e+00, 4.3339e-02, 
DIAGNOSTIC,Iteration,metricValue,convergenceValue,ITERATION_TIME_INDEX,SINCE_LAST
 2DIAGNOSTIC,     1, -4.558768328271e-01, 1.797693134862e+308, 6.3023e+00, 2.9797e+00, 
 2DIAGNOSTIC,     2, -4.565940804914e-01, 1.797693134862e+308, 6.5774e+00, 2.7518e-01, 
 2DIAGNOSTIC,     3, -4.573519452432e-01, 1.797693134862e+308, 6.8510e+00, 2.7356e-01, 
 2DIAGNOSTIC,     4, -4.580095568272e-01, 1.797693134862e+308, 7.1287e+00, 2.7772e-01, 
 2DIAGNOSTIC,     5, -4.585427869789e-01, 1.797693134862e+308, 7.4031e+00, 2.7436e-01, 
 2DIAGNOSTIC,     6, -4.589405666851e-01, 1.797693134862e+308, 7.6767e+00, 2.7362e-01, 
 2DIAGNOSTIC,     7, -4.592902711220e-01, 1.797693134862e+308, 7.9888e+00, 3.1213e-01, 
 2DIAGNOSTIC,     8, -4.592994984283e-01, 1.797693134862e+308, 8.2998e+00, 3.1100e-01, 
 2DIAGNOSTIC,     9, -4.593450770528e-01, 1.797693134862e+308, 8.6830e+00, 3.8316e-01, 
 2DIAGNOSTIC,    10, -4.593851022359e-01, 4.957714662838e-04, 8.9581e+00, 2.7509e-01, 
 2DIAGNOSTIC,    11, -4.593972786232e-01, 3.370514269322e-04, 9.2321e+00, 2.7407e-01, 
 2DIAGNOSTIC,    12, -4.594051848168e-01, 2.117429698452e-04, 9.5104e+00, 2.7827e-01, 
 2DIAGNOSTIC,    13, -4.594259391613e-01, 1.236634705375e-04, 9.8163e+00, 3.0586e-01, 
 2DIAGNOSTIC,    14, -4.594180428648e-01, 6.567541709059e-05, 1.0093e+01, 2.7626e-01, 
 2DIAGNOSTIC,    15, -4.594327095126e-01, 3.197638418626e-05, 1.0417e+01, 3.2427e-01, 
 2DIAGNOSTIC,    16, -4.594526422629e-01, 1.555817821244e-05, 1.0727e+01, 3.0984e-01, 
 2DIAGNOSTIC,    17, -4.594561063933e-01, 1.270218296874e-05, 1.1024e+01, 2.9687e-01, 
 2DIAGNOSTIC,    18, -4.594576280623e-01, 9.513182539445e-06, 1.1359e+01, 3.3545e-01, 
 2DIAGNOSTIC,    19, -4.594576953533e-01, 7.413081993937e-06, 1.1692e+01, 3.3347e-01, 
 2DIAGNOSTIC,    20, -4.594562593186e-01, 6.181156776440e-06, 1.2034e+01, 3.4140e-01, 
 2DIAGNOSTIC,    21, -4.594563893898e-01, 4.989167622482e-06, 1.2334e+01, 3.0006e-01, 
 2DIAGNOSTIC,    22, -4.594563964717e-01, 3.787053039689e-06, 1.2599e+01, 2.6497e-01, 
 2DIAGNOSTIC,    23, -4.594549431035e-01, 3.008387228463e-06, 1.2893e+01, 2.9397e-01, 
 2DIAGNOSTIC,    24, -4.594550726599e-01, 1.939974183698e-06, 1.3159e+01, 2.6608e-01, 
 2DIAGNOSTIC,    25, -4.594536526019e-01, 1.215214414610e-06, 1.3431e+01, 2.7238e-01, 
 2DIAGNOSTIC,    26, -4.594548962943e-01, 1.054710049395e-06, 1.3695e+01, 2.6352e-01, 
 2DIAGNOSTIC,    27, -4.594570495457e-01, 1.048370459236e-06, 1.3995e+01, 3.0022e-01, 
 2DIAGNOSTIC,    28, -4.594577364325e-01, 1.102279746874e-06, 1.4297e+01, 3.0217e-01, 
 2DIAGNOSTIC,    29, -4.594550250945e-01, 1.100979611500e-06, 1.4560e+01, 2.6288e-01, 
DIAGNOSTIC,Iteration,metricValue,convergenceValue,ITERATION_TIME_INDEX,SINCE_LAST
 2DIAGNOSTIC,     1, -3.940656597384e-01, 1.797693134862e+308, 1.9666e+01, 5.1058e+00, 
 2DIAGNOSTIC,     2, -3.943151086650e-01, 1.797693134862e+308, 2.1901e+01, 2.2347e+00, 
 2DIAGNOSTIC,     3, -3.943706422836e-01, 1.797693134862e+308, 2.4409e+01, 2.5081e+00, 
 2DIAGNOSTIC,     4, -3.943801950327e-01, 1.797693134862e+308, 2.6641e+01, 2.2326e+00, 
 2DIAGNOSTIC,     5, -3.943805595955e-01, 1.797693134862e+308, 2.8604e+01, 1.9623e+00, 
 2DIAGNOSTIC,     6, -3.943847284166e-01, 1.797693134862e+308, 3.0829e+01, 2.2257e+00, 
 2DIAGNOSTIC,     7, -3.943892216446e-01, 1.797693134862e+308, 3.4142e+01, 3.3128e+00, 
 2DIAGNOSTIC,     8, -3.943897768990e-01, 1.797693134862e+308, 3.7439e+01, 3.2974e+00, 
 2DIAGNOSTIC,     9, -3.943898887445e-01, 1.797693134862e+308, 3.9924e+01, 2.4844e+00, 
 2DIAGNOSTIC,    10, -3.943897730706e-01, 3.257018953172e-05, 4.1883e+01, 1.9594e+00, 
 2DIAGNOSTIC,    11, -3.943893461882e-01, 9.627468944159e-06, 4.4117e+01, 2.2336e+00, 
 2DIAGNOSTIC,    12, -3.943894370738e-01, 4.798701113806e-06, 4.6376e+01, 2.2595e+00, 
 2DIAGNOSTIC,    13, -3.943888178928e-01, 3.550142508815e-06, 4.8360e+01, 1.9835e+00, 
 2DIAGNOSTIC,    14, -3.943885628617e-01, 2.864656844667e-06, 5.0596e+01, 2.2364e+00, 
 2DIAGNOSTIC,    15, -3.943884840050e-01, 2.227733835070e-06, 5.3092e+01, 2.4964e+00, 
 2DIAGNOSTIC,    16, -3.943883464123e-01, 1.836621406875e-06, 5.5380e+01, 2.2871e+00, 
 2DIAGNOSTIC,    17, -3.943877101826e-01, 1.668350323981e-06, 5.7393e+01, 2.0135e+00, 
 2DIAGNOSTIC,    18, -3.943876272096e-01, 1.557024496640e-06, 6.0012e+01, 2.6190e+00, 
 2DIAGNOSTIC,    19, -3.943875194270e-01, 1.477023578111e-06, 6.2076e+01, 2.0644e+00, 
 2DIAGNOSTIC,    20, -3.943870610894e-01, 1.402591141522e-06, 6.4678e+01, 2.6019e+00, 
 2DIAGNOSTIC,    21, -3.943870897914e-01, 1.339138007768e-06, 6.7004e+01, 2.3260e+00, 
 2DIAGNOSTIC,    22, -3.943869539631e-01, 1.296938258143e-06, 6.9243e+01, 2.2388e+00, 
 2DIAGNOSTIC,    23, -3.943867927118e-01, 1.248057858998e-06, 7.1219e+01, 1.9756e+00, 
 2DIAGNOSTIC,    24, -3.943866420753e-01, 1.203654436212e-06, 7.3178e+01, 1.9588e+00, 
 2DIAGNOSTIC,    25, -3.943865798103e-01, 1.170263476950e-06, 7.5144e+01, 1.9669e+00, 
 2DIAGNOSTIC,    26, -3.943866549056e-01, 1.147723587336e-06, 7.7361e+01, 2.2162e+00, 
 2DIAGNOSTIC,    27, -3.943867102095e-01, 1.118246605279e-06, 7.9327e+01, 1.9668e+00, 
 2DIAGNOSTIC,    28, -3.943866580735e-01, 1.093055244018e-06, 8.1550e+01, 2.2229e+00, 
 2DIAGNOSTIC,    29, -3.943861826315e-01, 1.059622785106e-06, 8.3504e+01, 1.9538e+00, 
 2DIAGNOSTIC,    30, -3.943862326885e-01, 1.022381997076e-06, 8.5479e+01, 1.9750e+00, 
DIAGNOSTIC,Iteration,metricValue,convergenceValue,ITERATION_TIME_INDEX,SINCE_LAST
 2DIAGNOSTIC,     1, -3.468041702963e-01, 1.797693134862e+308, 1.0393e+02, 1.8448e+01, 
 2DIAGNOSTIC,     2, -3.470307231859e-01, 1.797693134862e+308, 1.1777e+02, 1.3844e+01, 
 2DIAGNOSTIC,     3, -3.471639058816e-01, 1.797693134862e+308, 1.3171e+02, 1.3939e+01, 
 2DIAGNOSTIC,     4, -3.472584799052e-01, 1.797693134862e+308, 1.4549e+02, 1.3784e+01, 
 2DIAGNOSTIC,     5, -3.473046886657e-01, 1.797693134862e+308, 1.6566e+02, 2.0168e+01, 
 2DIAGNOSTIC,     6, -3.473138096617e-01, 1.797693134862e+308, 1.7945e+02, 1.3791e+01, 
 2DIAGNOSTIC,     7, -3.473605189608e-01, 1.797693134862e+308, 2.0059e+02, 2.1132e+01, 
 2DIAGNOSTIC,     8, -3.473612875791e-01, 1.797693134862e+308, 2.1629e+02, 1.5701e+01, 
 2DIAGNOSTIC,     9, -3.473614806070e-01, 1.797693134862e+308, 2.3192e+02, 1.5635e+01, 
 2DIAGNOSTIC,    10, -3.473612138756e-01, 8.779150173291e-05, 2.5648e+02, 2.4554e+01, 
 2DIAGNOSTIC,    11, -3.473612910588e-01, 4.823550619126e-05, 2.7210e+02, 1.5621e+01, 
 2DIAGNOSTIC,    12, -3.473612891802e-01, 2.647274373573e-05, 2.8792e+02, 1.5828e+01, 
 2DIAGNOSTIC,    13, -3.473612594109e-01, 1.415265188527e-05, 3.0544e+02, 1.7513e+01, 
 2DIAGNOSTIC,    14, -3.473612247025e-01, 8.029834745876e-06, 3.2103e+02, 1.5596e+01, 
 2DIAGNOSTIC,    15, -3.473612299211e-01, 4.736819802217e-06, 3.3616e+02, 1.5127e+01, 
 2DIAGNOSTIC,    16, -3.473611919356e-01, 2.012307041679e-06, 3.5110e+02, 1.4940e+01, 
 2DIAGNOSTIC,    17, -3.473611744228e-01, 1.852810288375e-06, 3.6476e+02, 1.3656e+01, 
 2DIAGNOSTIC,    18, -3.473611590514e-01, 1.746713664805e-06, 3.7850e+02, 1.3743e+01, 
 2DIAGNOSTIC,    19, -3.473612000171e-01, 1.664180174818e-06, 3.9411e+02, 1.5608e+01, 
 2DIAGNOSTIC,    20, -3.473612063199e-01, 1.580036614539e-06, 4.0951e+02, 1.5403e+01, 
 2DIAGNOSTIC,    21, -3.473611700570e-01, 1.506500002427e-06, 4.2517e+02, 1.5656e+01, 
 2DIAGNOSTIC,    22, -3.473611736742e-01, 1.440614474282e-06, 4.4056e+02, 1.5388e+01, 
 2DIAGNOSTIC,    23, -3.473611230237e-01, 1.378121854342e-06, 4.5596e+02, 1.5408e+01, 
 2DIAGNOSTIC,    24, -3.473611081955e-01, 1.319608586188e-06, 4.6952e+02, 1.3557e+01, 
 2DIAGNOSTIC,    25, -3.473611111055e-01, 1.266619829375e-06, 4.8456e+02, 1.5041e+01, 
 2DIAGNOSTIC,    26, -3.473611551755e-01, 1.218475129128e-06, 4.9792e+02, 1.3358e+01, 
 2DIAGNOSTIC,    27, -3.473611432003e-01, 1.173484416091e-06, 5.1131e+02, 1.3397e+01, 
 2DIAGNOSTIC,    28, -3.473611617247e-01, 1.132258485789e-06, 5.2932e+02, 1.8006e+01, 
 2DIAGNOSTIC,    29, -3.473611654558e-01, 1.095508989052e-06, 5.4621e+02, 1.6892e+01, 
 2DIAGNOSTIC,    30, -3.473611462144e-01, 1.061001630435e-06, 5.6142e+02, 1.5207e+01, 
 2DIAGNOSTIC,    31, -3.473610941908e-01, 1.026319062229e-06, 5.7477e+02, 1.3352e+01, 
  Elapsed time (stage 1): 5.8498e+02


Total elapsed time: 1.1602e+03

--------------------------------------------------------------------------------------
 Mapping parameters
--------------------------------------------------------------------------------------
 ANTSPATH is /usr/local/software/spack/spack-git/opt/spack/linux-rhel7-broadwell/gcc-5/ants-2.3.4-lj6vm7ccmij4yywr4ynrttcko4aoflqt/bin

 Dimensionality:           3
 Output name prefix:       T1xT2_ANTs
 Fixed images:             /home/ccn30/rds/rds-p00500_encrypt-URQgmO1brZ0/p00500/ENCRYPT_images/26069/T2/N4t2.nii
 Moving images:            /home/ccn30/rds/rds-p00500_encrypt-URQgmO1brZ0/p00500/ENCRYPT_images/26069/mp2rage/n4mag0000_PSIR_skulled_std.nii
 Mask images:              
 Initial transforms:       
 Number of threads:        1
 Spline distance:          26
 Transform type:           a
 MI histogram bins:        32
 Precision:                d
 Use histogram matching    0
======================================================================================
 antsRegistration call:
--------------------------------------------------------------------------------------
/usr/local/software/spack/spack-git/opt/spack/linux-rhel7-broadwell/gcc-5/ants-2.3.4-lj6vm7ccmij4yywr4ynrttcko4aoflqt/bin/antsRegistration --verbose 1 --dimensionality 3 --float 0 --collapse-output-transforms 1 --output [ T1xT2_ANTs,T1xT2_ANTsWarped.nii.gz,T1xT2_ANTsInverseWarped.nii.gz ] --interpolation Linear --use-histogram-matching 0 --winsorize-image-intensities [ 0.005,0.995 ] --initial-moving-transform [ /home/ccn30/rds/rds-p00500_encrypt-URQgmO1brZ0/p00500/ENCRYPT_images/26069/T2/N4t2.nii,/home/ccn30/rds/rds-p00500_encrypt-URQgmO1brZ0/p00500/ENCRYPT_images/26069/mp2rage/n4mag0000_PSIR_skulled_std.nii,1 ] --transform Rigid[ 0.1 ] --metric MI[ /home/ccn30/rds/rds-p00500_encrypt-URQgmO1brZ0/p00500/ENCRYPT_images/26069/T2/N4t2.nii,/home/ccn30/rds/rds-p00500_encrypt-URQgmO1brZ0/p00500/ENCRYPT_images/26069/mp2rage/n4mag0000_PSIR_skulled_std.nii,1,32,Regular,0.25 ] --convergence [ 1000x500x250x0,1e-6,10 ] --shrink-factors 12x8x4x2 --smoothing-sigmas 4x3x2x1vox --transform Affine[ 0.1 ] --metric MI[ /home/ccn30/rds/rds-p00500_encrypt-URQgmO1brZ0/p00500/ENCRYPT_images/26069/T2/N4t2.nii,/home/ccn30/rds/rds-p00500_encrypt-URQgmO1brZ0/p00500/ENCRYPT_images/26069/mp2rage/n4mag0000_PSIR_skulled_std.nii,1,32,Regular,0.25 ] --convergence [ 1000x500x250x0,1e-6,10 ] --shrink-factors 12x8x4x2 --smoothing-sigmas 4x3x2x1vox
--------------------------------------------------------------------------------------
All_Command_lines_OK
Using double precision for computations.
=============================================================================
The composite transform comprises the following transforms (in order): 
  1. Center of mass alignment using fixed image: /home/ccn30/rds/rds-p00500_encrypt-URQgmO1brZ0/p00500/ENCRYPT_images/26069/T2/N4t2.nii and moving image: /home/ccn30/rds/rds-p00500_encrypt-URQgmO1brZ0/p00500/ENCRYPT_images/26069/mp2rage/n4mag0000_PSIR_skulled_std.nii (type = Euler3DTransform)
=============================================================================
  number of levels = 4
  number of levels = 4
  fixed image: /home/ccn30/rds/rds-p00500_encrypt-URQgmO1brZ0/p00500/ENCRYPT_images/26069/T2/N4t2.nii
  moving image: /home/ccn30/rds/rds-p00500_encrypt-URQgmO1brZ0/p00500/ENCRYPT_images/26069/mp2rage/n4mag0000_PSIR_skulled_std.nii
  fixed image: /home/ccn30/rds/rds-p00500_encrypt-URQgmO1brZ0/p00500/ENCRYPT_images/26069/T2/N4t2.nii
  moving image: /home/ccn30/rds/rds-p00500_encrypt-URQgmO1brZ0/p00500/ENCRYPT_images/26069/mp2rage/n4mag0000_PSIR_skulled_std.nii
Dimension = 3
Number of stages = 2
Use Histogram Matching false
Winsorize image intensities true
Lower quantile = 0.005
Upper quantile = 0.995
Stage 1 State
   Image metric = Mattes
     Fixed image = Image (0x2e47010)
  RTTI typeinfo:   itk::Image<double, 3u>
  Reference Count: 2
  Modified Time: 1709
  Debug: Off
  Object Name: 
  Observers: 
    none
  Source: (none)
  Source output name: (none)
  Release Data: Off
  Data Released: False
  Global Release Data: Off
  PipelineMTime: 0
  UpdateMTime: 1492
  RealTimeStamp: 0 seconds 
  LargestPossibleRegion: 
    Dimension: 3
    Index: [0, 0, 0]
    Size: [512, 512, 54]
  BufferedRegion: 
    Dimension: 3
    Index: [0, 0, 0]
    Size: [512, 512, 54]
  RequestedRegion: 
    Dimension: 3
    Index: [0, 0, 0]
    Size: [512, 512, 54]
  Spacing: [0.4375, 0.4375, 1.1]
  Origin: [-112.088, -1.98319, -91.5782]
  Direction: 
0.998698 0.0236343 -0.0452044
0.05101 -0.462681 0.885056
-2.45037e-06 0.88621 0.463284

  IndexToPointMatrix: 
0.43693 0.01034 -0.0497249
0.0223169 -0.202423 0.973562
-1.07204e-06 0.387717 0.509613

  PointToIndexMatrix: 
2.28274 0.116594 -5.60149e-06
0.0540213 -1.05756 2.02562
-0.0410949 0.804596 0.421168

  Inverse Direction: 
0.998698 0.05101 -2.45065e-06
0.0236343 -0.462681 0.88621
-0.0452044 0.885056 0.463284

  PixelContainer: 
    ImportImageContainer (0x2e41980)
      RTTI typeinfo:   itk::ImportImageContainer<unsigned long, double>
      Reference Count: 1
      Modified Time: 1489
      Debug: Off
      Object Name: 
      Observers: 
        none
      Pointer: 0x2ae320dcf010
      Container manages memory: true
      Size: 14155776
      Capacity: 14155776

     Moving image = Image (0x2e44b30)
  RTTI typeinfo:   itk::Image<double, 3u>
  Reference Count: 2
  Modified Time: 1710
  Debug: Off
  Object Name: 
  Observers: 
    none
  Source: (none)
  Source output name: (none)
  Release Data: Off
  Data Released: False
  Global Release Data: Off
  PipelineMTime: 0
  UpdateMTime: 1707
  RealTimeStamp: 0 seconds 
  LargestPossibleRegion: 
    Dimension: 3
    Index: [0, 0, 0]
    Size: [224, 320, 320]
  BufferedRegion: 
    Dimension: 3
    Index: [0, 0, 0]
    Size: [224, 320, 320]
  RequestedRegion: 
    Dimension: 3
    Index: [0, 0, 0]
    Size: [224, 320, 320]
  Spacing: [0.7, 0.7, 0.7]
  Origin: [-76.1911, 75.3484, -83.4065]
  Direction: 
1 0 0
0 -1 0
0 0 1

  IndexToPointMatrix: 
0.7 0 0
0 -0.7 0
0 0 0.7

  PointToIndexMatrix: 
1.42857 0 0
0 -1.42857 0
0 0 1.42857

  Inverse Direction: 
1 0 0
0 -1 0
0 0 1

  PixelContainer: 
    ImportImageContainer (0x2e41780)
      RTTI typeinfo:   itk::ImportImageContainer<unsigned long, double>
      Reference Count: 1
      Modified Time: 1704
      Debug: Off
      Object Name: 
      Observers: 
        none
      Pointer: 0x2ae3279d0010
      Container manages memory: true
      Size: 22937600
      Capacity: 22937600

     Weighting = 1
     Sampling strategy = regular
     Number of bins = 32
     Radius = 4
     Sampling percentage  = 0.25
   Transform = Rigid
     Gradient step = 0.1
     Update field sigma (voxel space) = 0
     Total field sigma (voxel space) = 0
     Update field time sigma = 0
     Total field time sigma  = 0
     Number of time indices = 0
     Number of time point samples = 0
Stage 2 State
   Image metric = Mattes
     Fixed image = Image (0x2e56500)
  RTTI typeinfo:   itk::Image<double, 3u>
  Reference Count: 2
  Modified Time: 2141
  Debug: Off
  Object Name: 
  Observers: 
    none
  Source: (none)
  Source output name: (none)
  Release Data: Off
  Data Released: False
  Global Release Data: Off
  PipelineMTime: 0
  UpdateMTime: 1924
  RealTimeStamp: 0 seconds 
  LargestPossibleRegion: 
    Dimension: 3
    Index: [0, 0, 0]
    Size: [512, 512, 54]
  BufferedRegion: 
    Dimension: 3
    Index: [0, 0, 0]
    Size: [512, 512, 54]
  RequestedRegion: 
    Dimension: 3
    Index: [0, 0, 0]
    Size: [512, 512, 54]
  Spacing: [0.4375, 0.4375, 1.1]
  Origin: [-112.088, -1.98319, -91.5782]
  Direction: 
0.998698 0.0236343 -0.0452044
0.05101 -0.462681 0.885056
-2.45037e-06 0.88621 0.463284

  IndexToPointMatrix: 
0.43693 0.01034 -0.0497249
0.0223169 -0.202423 0.973562
-1.07204e-06 0.387717 0.509613

  PointToIndexMatrix: 
2.28274 0.116594 -5.60149e-06
0.0540213 -1.05756 2.02562
-0.0410949 0.804596 0.421168

  Inverse Direction: 
0.998698 0.05101 -2.45065e-06
0.0236343 -0.462681 0.88621
-0.0452044 0.885056 0.463284

  PixelContainer: 
    ImportImageContainer (0x2e47860)
      RTTI typeinfo:   itk::ImportImageContainer<unsigned long, double>
      Reference Count: 1
      Modified Time: 1921
      Debug: Off
      Object Name: 
      Observers: 
        none
      Pointer: 0x2ae3328d1010
      Container manages memory: true
      Size: 14155776
      Capacity: 14155776

     Moving image = Image (0x2e5af40)
  RTTI typeinfo:   itk::Image<double, 3u>
  Reference Count: 2
  Modified Time: 2142
  Debug: Off
  Object Name: 
  Observers: 
    none
  Source: (none)
  Source output name: (none)
  Release Data: Off
  Data Released: False
  Global Release Data: Off
  PipelineMTime: 0
  UpdateMTime: 2139
  RealTimeStamp: 0 seconds 
  LargestPossibleRegion: 
    Dimension: 3
    Index: [0, 0, 0]
    Size: [224, 320, 320]
  BufferedRegion: 
    Dimension: 3
    Index: [0, 0, 0]
    Size: [224, 320, 320]
  RequestedRegion: 
    Dimension: 3
    Index: [0, 0, 0]
    Size: [224, 320, 320]
  Spacing: [0.7, 0.7, 0.7]
  Origin: [-76.1911, 75.3484, -83.4065]
  Direction: 
1 0 0
0 -1 0
0 0 1

  IndexToPointMatrix: 
0.7 0 0
0 -0.7 0
0 0 0.7

  PointToIndexMatrix: 
1.42857 0 0
0 -1.42857 0
0 0 1.42857

  Inverse Direction: 
1 0 0
0 -1 0
0 0 1

  PixelContainer: 
    ImportImageContainer (0x2e52750)
      RTTI typeinfo:   itk::ImportImageContainer<unsigned long, double>
      Reference Count: 1
      Modified Time: 2136
      Debug: Off
      Object Name: 
      Observers: 
        none
      Pointer: 0x2ae3394d2010
      Container manages memory: true
      Size: 22937600
      Capacity: 22937600

     Weighting = 1
     Sampling strategy = regular
     Number of bins = 32
     Radius = 4
     Sampling percentage  = 0.25
   Transform = Affine
     Gradient step = 0.1
     Update field sigma (voxel space) = 0
     Total field sigma (voxel space) = 0
     Update field time sigma = 0
     Total field time sigma  = 0
     Number of time indices = 0
     Number of time point samples = 0
Registration using 2 total stages.

Stage 0
  iterations = 1000x500x250x0
  convergence threshold = 1e-06
  convergence window size = 10
  number of levels = 4
  using the Mattes MI metric (number of bins = 32, weight = 1)
  preprocessing:  winsorizing the image intensities
  Shrink factors (level 1 out of 4): [12, 12, 5]
  Shrink factors (level 2 out of 4): [8, 8, 3]
  Shrink factors (level 3 out of 4): [4, 4, 2]
  Shrink factors (level 4 out of 4): [2, 2, 1]
  smoothing sigmas per level: [4, 3, 2, 1]
  regular sampling (percentage = 0.25)

*** Running Euler3DTransform registration ***

DIAGNOSTIC,Iteration,metricValue,convergenceValue,ITERATION_TIME_INDEX,SINCE_LAST
 2DIAGNOSTIC,     1, -3.857965465838e-01, 1.797693134862e+308, 3.8949e+00, 3.8949e+00, 
 2DIAGNOSTIC,     2, -3.870021650765e-01, 1.797693134862e+308, 3.9030e+00, 8.1041e-03, 
 2DIAGNOSTIC,     3, -3.878573809241e-01, 1.797693134862e+308, 3.9133e+00, 1.0215e-02, 
 2DIAGNOSTIC,     4, -3.910596463379e-01, 1.797693134862e+308, 3.9237e+00, 1.0401e-02, 
 2DIAGNOSTIC,     5, -3.984072829533e-01, 1.797693134862e+308, 3.9334e+00, 9.7160e-03, 
 2DIAGNOSTIC,     6, -4.138026954954e-01, 1.797693134862e+308, 3.9424e+00, 9.0008e-03, 
 2DIAGNOSTIC,     7, -4.240886198641e-01, 1.797693134862e+308, 3.9516e+00, 9.2700e-03, 
 2DIAGNOSTIC,     8, -4.938490883549e-01, 1.797693134862e+308, 3.9660e+00, 1.4337e-02, 
 2DIAGNOSTIC,     9, -6.343092694246e-01, 1.797693134862e+308, 3.9994e+00, 3.3420e-02, 
 2DIAGNOSTIC,    10, -6.343008482238e-01, 3.478727118552e-02, 4.0129e+00, 1.3537e-02, 
 2DIAGNOSTIC,    11, -6.343114387802e-01, 3.725936024836e-02, 4.0251e+00, 1.2112e-02, 
 2DIAGNOSTIC,    12, -6.343293314130e-01, 3.609941724777e-02, 4.0339e+00, 8.8081e-03, 
 2DIAGNOSTIC,    13, -6.343595206793e-01, 3.195672701845e-02, 4.0423e+00, 8.4281e-03, 
 2DIAGNOSTIC,    14, -6.344103992155e-01, 2.574022798163e-02, 4.0536e+00, 1.1289e-02, 
 2DIAGNOSTIC,    15, -6.344959667022e-01, 1.851854169349e-02, 4.0653e+00, 1.1746e-02, 
 2DIAGNOSTIC,    16, -6.346392534976e-01, 1.134454214331e-02, 4.0752e+00, 9.8581e-03, 
 2DIAGNOSTIC,    17, -6.348776500893e-01, 4.474850180683e-03, 4.0839e+00, 8.7452e-03, 
 2DIAGNOSTIC,    18, -6.352704583395e-01, 5.468694208362e-05, 4.0926e+00, 8.6958e-03, 
 2DIAGNOSTIC,    19, -6.358996193698e-01, 8.410962925089e-05, 4.1073e+00, 1.4707e-02, 
 2DIAGNOSTIC,    20, -6.368988429071e-01, 1.280666755455e-04, 4.1187e+00, 1.1324e-02, 
 2DIAGNOSTIC,    21, -6.382686251627e-01, 1.890558127417e-04, 4.1273e+00, 8.6789e-03, 
 2DIAGNOSTIC,    22, -6.395730501537e-01, 2.566176325314e-04, 4.1359e+00, 8.5509e-03, 
 2DIAGNOSTIC,    23, -6.417536539424e-01, 3.424275012354e-04, 4.1500e+00, 1.4120e-02, 
 2DIAGNOSTIC,    24, -6.436090939333e-01, 4.277119373773e-04, 4.1622e+00, 1.2221e-02, 
 2DIAGNOSTIC,    25, -6.453636723695e-01, 5.019389906182e-04, 4.1716e+00, 9.3560e-03, 
 2DIAGNOSTIC,    26, -6.458933364205e-01, 5.354957933925e-04, 4.1811e+00, 9.5451e-03, 
 2DIAGNOSTIC,    27, -6.459247495566e-01, 5.214122132100e-04, 4.1943e+00, 1.3142e-02, 
 2DIAGNOSTIC,    28, -6.466247786530e-01, 4.790044899146e-04, 4.2110e+00, 1.6743e-02, 
 2DIAGNOSTIC,    29, -6.466601041499e-01, 4.054587629106e-04, 4.2207e+00, 9.7260e-03, 
 2DIAGNOSTIC,    30, -6.465785708453e-01, 3.140708442938e-04, 4.2292e+00, 8.4629e-03, 
 2DIAGNOSTIC,    31, -6.466504742320e-01, 2.228068498608e-04, 4.2438e+00, 1.4604e-02, 
 2DIAGNOSTIC,    32, -6.466660124864e-01, 1.367880429382e-04, 4.2531e+00, 9.3131e-03, 
 2DIAGNOSTIC,    33, -6.469964376703e-01, 8.018995175198e-05, 4.2632e+00, 1.0079e-02, 
 2DIAGNOSTIC,    34, -6.470079564883e-01, 4.562948768527e-05, 4.2766e+00, 1.3397e-02, 
 2DIAGNOSTIC,    35, -6.468715760844e-01, 3.139163297005e-05, 4.2872e+00, 1.0558e-02, 
 2DIAGNOSTIC,    36, -6.469007380972e-01, 2.284579727702e-05, 4.2970e+00, 9.8081e-03, 
 2DIAGNOSTIC,    37, -6.469253024427e-01, 1.313100175569e-05, 4.3080e+00, 1.0996e-02, 
 2DIAGNOSTIC,    38, -6.469365682496e-01, 1.168057378961e-05, 4.3165e+00, 8.4991e-03, 
 2DIAGNOSTIC,    39, -6.467563979240e-01, 7.546910479057e-06, 4.3314e+00, 1.4945e-02, 
 2DIAGNOSTIC,    40, -6.470857528620e-01, 6.097754011569e-06, 4.3425e+00, 1.1121e-02, 
 2DIAGNOSTIC,    41, -6.469444766864e-01, 3.330755328722e-06, 4.3521e+00, 9.5329e-03, 
DIAGNOSTIC,Iteration,metricValue,convergenceValue,ITERATION_TIME_INDEX,SINCE_LAST
 2DIAGNOSTIC,     1, -5.858421305072e-01, 1.797693134862e+308, 8.3178e+00, 3.9658e+00, 
 2DIAGNOSTIC,     2, -5.882411174718e-01, 1.797693134862e+308, 8.3728e+00, 5.5028e-02, 
 2DIAGNOSTIC,     3, -5.900213770806e-01, 1.797693134862e+308, 8.4272e+00, 5.4313e-02, 
 2DIAGNOSTIC,     4, -5.914475600811e-01, 1.797693134862e+308, 8.4838e+00, 5.6611e-02, 
 2DIAGNOSTIC,     5, -5.928663895425e-01, 1.797693134862e+308, 8.5402e+00, 5.6431e-02, 
 2DIAGNOSTIC,     6, -5.943129283978e-01, 1.797693134862e+308, 8.5957e+00, 5.5495e-02, 
 2DIAGNOSTIC,     7, -5.955877036303e-01, 1.797693134862e+308, 8.6512e+00, 5.5494e-02, 
 2DIAGNOSTIC,     8, -5.959222847131e-01, 1.797693134862e+308, 8.7337e+00, 8.2491e-02, 
 2DIAGNOSTIC,     9, -5.964556099429e-01, 1.797693134862e+308, 8.8179e+00, 8.4240e-02, 
 2DIAGNOSTIC,    10, -5.967926777116e-01, 1.175105238103e-03, 8.8736e+00, 5.5726e-02, 
 2DIAGNOSTIC,    11, -5.969695534736e-01, 8.652860359082e-04, 8.9382e+00, 6.4570e-02, 
 2DIAGNOSTIC,    12, -5.967898415110e-01, 6.174661969711e-04, 9.0040e+00, 6.5773e-02, 
 2DIAGNOSTIC,    13, -5.966038223679e-01, 4.112054823462e-04, 9.0603e+00, 5.6274e-02, 
 2DIAGNOSTIC,    14, -5.966500296632e-01, 2.474898919770e-04, 9.1263e+00, 6.6079e-02, 
 2DIAGNOSTIC,    15, -5.964968433544e-01, 1.225546089980e-04, 9.1912e+00, 6.4814e-02, 
 2DIAGNOSTIC,    16, -5.966234465459e-01, 4.851921676990e-05, 9.2562e+00, 6.5011e-02, 
 2DIAGNOSTIC,    17, -5.969843696953e-01, 2.497160278001e-05, 9.3223e+00, 6.6142e-02, 
 2DIAGNOSTIC,    18, -5.973729912474e-01, 2.069885028011e-05, 9.3935e+00, 7.1218e-02, 
 2DIAGNOSTIC,    19, -5.973878002187e-01, 2.854270316806e-05, 9.4597e+00, 6.6201e-02, 
 2DIAGNOSTIC,    20, -5.974037604237e-01, 4.157991046120e-05, 9.5163e+00, 5.6534e-02, 
 2DIAGNOSTIC,    21, -5.970072308828e-01, 4.480643013081e-05, 9.5717e+00, 5.5429e-02, 
 2DIAGNOSTIC,    22, -5.970116306636e-01, 4.004656321853e-05, 9.6371e+00, 6.5449e-02, 
 2DIAGNOSTIC,    23, -5.970145332498e-01, 2.800435560349e-05, 9.6947e+00, 5.7569e-02, 
 2DIAGNOSTIC,    24, -5.969829233166e-01, 1.483498130461e-05, 9.7506e+00, 5.5916e-02, 
DIAGNOSTIC,Iteration,metricValue,convergenceValue,ITERATION_TIME_INDEX,SINCE_LAST
 2DIAGNOSTIC,     1, -5.557699116741e-01, 1.797693134862e+308, 1.4119e+01, 4.3684e+00, 
 2DIAGNOSTIC,     2, -5.574032088271e-01, 1.797693134862e+308, 1.4450e+01, 3.3100e-01, 
 2DIAGNOSTIC,     3, -5.584956121322e-01, 1.797693134862e+308, 1.4780e+01, 3.2989e-01, 
 2DIAGNOSTIC,     4, -5.589689527827e-01, 1.797693134862e+308, 1.5113e+01, 3.3283e-01, 
 2DIAGNOSTIC,     5, -5.594056587872e-01, 1.797693134862e+308, 1.5444e+01, 3.3091e-01, 
 2DIAGNOSTIC,     6, -5.599122367736e-01, 1.797693134862e+308, 1.5828e+01, 3.8420e-01, 
 2DIAGNOSTIC,     7, -5.602229641089e-01, 1.797693134862e+308, 1.6363e+01, 5.3499e-01, 
 2DIAGNOSTIC,     8, -5.602265071394e-01, 1.797693134862e+308, 1.6748e+01, 3.8551e-01, 
 2DIAGNOSTIC,     9, -5.602380082800e-01, 1.797693134862e+308, 1.7131e+01, 3.8281e-01, 
 2DIAGNOSTIC,    10, -5.602634444037e-01, 4.532900595756e-04, 1.7462e+01, 3.3087e-01, 
 2DIAGNOSTIC,    11, -5.603419368266e-01, 2.712769943581e-04, 1.7849e+01, 3.8678e-01, 
 2DIAGNOSTIC,    12, -5.604342910768e-01, 1.675077701274e-04, 1.8184e+01, 3.3534e-01, 
 2DIAGNOSTIC,    13, -5.605650585590e-01, 1.125507905364e-04, 1.8518e+01, 3.3427e-01, 
 2DIAGNOSTIC,    14, -5.606756584154e-01, 7.653924620793e-05, 1.8903e+01, 3.8496e-01, 
 2DIAGNOSTIC,    15, -5.608713691486e-01, 5.958015974108e-05, 1.9699e+01, 7.9529e-01, 
 2DIAGNOSTIC,    16, -5.608625833822e-01, 5.487758797783e-05, 2.0028e+01, 3.2981e-01, 
 2DIAGNOSTIC,    17, -5.608634694309e-01, 5.524375898166e-05, 2.0360e+01, 3.3130e-01, 
 2DIAGNOSTIC,    18, -5.608602474666e-01, 5.068649644326e-05, 2.0746e+01, 3.8595e-01, 
 2DIAGNOSTIC,    19, -5.608567868610e-01, 4.225449906642e-05, 2.1081e+01, 3.3492e-01, 
 2DIAGNOSTIC,    20, -5.608584809486e-01, 3.151908938864e-05, 2.1412e+01, 3.3169e-01, 
 2DIAGNOSTIC,    21, -5.608512170537e-01, 2.074171769974e-05, 2.1746e+01, 3.3412e-01, 
 2DIAGNOSTIC,    22, -5.608504777884e-01, 1.128682092033e-05, 2.2082e+01, 3.3546e-01, 
 2DIAGNOSTIC,    23, -5.608825557318e-01, 5.307431361214e-06, 2.2465e+01, 3.8266e-01, 
 2DIAGNOSTIC,    24, -5.608811858349e-01, 1.627623438291e-06, 2.2849e+01, 3.8485e-01, 
 2DIAGNOSTIC,    25, -5.608795964316e-01, 2.167434272254e-06, 2.3183e+01, 3.3336e-01, 
 2DIAGNOSTIC,    26, -5.608794754657e-01, 2.418569303581e-06, 2.3512e+01, 3.2974e-01, 
 2DIAGNOSTIC,    27, -5.608916450604e-01, 2.783227394790e-06, 2.3843e+01, 3.3085e-01, 
 2DIAGNOSTIC,    28, -5.609639146645e-01, 4.205176695665e-06, 2.4225e+01, 3.8185e-01, 
 2DIAGNOSTIC,    29, -5.609588449879e-01, 5.052186673647e-06, 2.4605e+01, 3.8027e-01, 
 2DIAGNOSTIC,    30, -5.609617005549e-01, 5.579040000772e-06, 2.4935e+01, 3.2993e-01, 
 2DIAGNOSTIC,    31, -5.609886123572e-01, 5.988386643528e-06, 2.5266e+01, 3.3026e-01, 
 2DIAGNOSTIC,    32, -5.609948822621e-01, 5.953923818115e-06, 2.5799e+01, 5.3312e-01, 
 2DIAGNOSTIC,    33, -5.609776348269e-01, 5.663292719178e-06, 2.6181e+01, 3.8257e-01, 
 2DIAGNOSTIC,    34, -5.609699735244e-01, 4.824738810010e-06, 2.6566e+01, 3.8473e-01, 
 2DIAGNOSTIC,    35, -5.609702577219e-01, 3.664821496552e-06, 2.6897e+01, 3.3088e-01, 
 2DIAGNOSTIC,    36, -5.609670892072e-01, 2.255032472347e-06, 2.7231e+01, 3.3402e-01, 
DIAGNOSTIC,Iteration,metricValue,convergenceValue,ITERATION_TIME_INDEX,SINCE_LAST
 2DIAGNOSTIC,     1, -4.471085213506e-01, 1.797693134862e+308, 3.3854e+01, 6.6231e+00, 
  Elapsed time (stage 0): 3.5512e+01


Stage 1
  iterations = 1000x500x250x0
  convergence threshold = 1.0000e-06
  convergence window size = 10
  number of levels = 4
  using the Mattes MI metric (number of bins = 32, weight = 1.0000e+00)
  preprocessing:  winsorizing the image intensities
  Shrink factors (level 1 out of 4): [12, 12, 5]
  Shrink factors (level 2 out of 4): [8, 8, 3]
  Shrink factors (level 3 out of 4): [4, 4, 2]
  Shrink factors (level 4 out of 4): [2, 2, 1]
  smoothing sigmas per level: [4, 3, 2, 1]
  regular sampling (percentage = 2.5000e-01)

*** Running AffineTransform registration ***

DIAGNOSTIC,Iteration,metricValue,convergenceValue,ITERATION_TIME_INDEX,SINCE_LAST
 2DIAGNOSTIC,     1, -6.230954960719e-01, 1.797693134862e+308, 3.9825e+00, 3.9825e+00, 
 2DIAGNOSTIC,     2, -6.249615757340e-01, 1.797693134862e+308, 3.9947e+00, 1.2158e-02, 
 2DIAGNOSTIC,     3, -6.278266556712e-01, 1.797693134862e+308, 4.0102e+00, 1.5506e-02, 
 2DIAGNOSTIC,     4, -6.303806331579e-01, 1.797693134862e+308, 4.0201e+00, 9.9502e-03, 
 2DIAGNOSTIC,     5, -6.331297688060e-01, 1.797693134862e+308, 4.0307e+00, 1.0611e-02, 
 2DIAGNOSTIC,     6, -6.327573989407e-01, 1.797693134862e+308, 4.0403e+00, 9.5460e-03, 
 2DIAGNOSTIC,     7, -6.336223668693e-01, 1.797693134862e+308, 4.0560e+00, 1.5753e-02, 
 2DIAGNOSTIC,     8, -6.348755255120e-01, 1.797693134862e+308, 4.0727e+00, 1.6658e-02, 
 2DIAGNOSTIC,     9, -6.358863209906e-01, 1.797693134862e+308, 4.0834e+00, 1.0727e-02, 
 2DIAGNOSTIC,    10, -6.351206399824e-01, 1.262655493955e-03, 4.0932e+00, 9.7270e-03, 
 2DIAGNOSTIC,    11, -6.352604509909e-01, 8.822862063327e-04, 4.1098e+00, 1.6637e-02, 
 2DIAGNOSTIC,    12, -6.359816624140e-01, 5.829756686576e-04, 4.1242e+00, 1.4432e-02, 
 2DIAGNOSTIC,    13, -6.359741681083e-01, 3.727740969256e-04, 4.1343e+00, 1.0120e-02, 
 2DIAGNOSTIC,    14, -6.360661092276e-01, 2.415994584844e-04, 4.1441e+00, 9.7558e-03, 
 2DIAGNOSTIC,    15, -6.363698435715e-01, 1.993510551782e-04, 4.1615e+00, 1.7355e-02, 
 2DIAGNOSTIC,    16, -6.368395666361e-01, 1.469705443777e-04, 4.1747e+00, 1.3267e-02, 
 2DIAGNOSTIC,    17, -6.372962605127e-01, 1.208244737879e-04, 4.1861e+00, 1.1334e-02, 
 2DIAGNOSTIC,    18, -6.384665456195e-01, 1.459742642664e-04, 4.1967e+00, 1.0620e-02, 
 2DIAGNOSTIC,    19, -6.382553660947e-01, 1.742688333740e-04, 4.2123e+00, 1.5663e-02, 
 2DIAGNOSTIC,    20, -6.392255322322e-01, 1.888094092674e-04, 4.2294e+00, 1.7073e-02, 
 2DIAGNOSTIC,    21, -6.391523098565e-01, 1.850626593033e-04, 4.2404e+00, 1.0979e-02, 
 2DIAGNOSTIC,    22, -6.389525780197e-01, 1.752036351253e-04, 4.2501e+00, 9.7358e-03, 
 2DIAGNOSTIC,    23, -6.388052197064e-01, 1.471120241207e-04, 4.2686e+00, 1.8480e-02, 
 2DIAGNOSTIC,    24, -6.388663966093e-01, 1.105850772114e-04, 4.2815e+00, 1.2922e-02, 
 2DIAGNOSTIC,    25, -6.389688882344e-01, 7.381716340158e-05, 4.2926e+00, 1.1096e-02, 
 2DIAGNOSTIC,    26, -6.390887922629e-01, 4.307068736729e-05, 4.3025e+00, 9.8839e-03, 
 2DIAGNOSTIC,    27, -6.392848469884e-01, 2.120293243293e-05, 4.3187e+00, 1.6200e-02, 
 2DIAGNOSTIC,    28, -6.394612918606e-01, 2.080175651410e-05, 4.3313e+00, 1.2623e-02, 
 2DIAGNOSTIC,    29, -6.412869617097e-01, 4.294183050423e-05, 4.3453e+00, 1.4011e-02, 
 2DIAGNOSTIC,    30, -6.414569970367e-01, 7.585017328060e-05, 4.3550e+00, 9.6281e-03, 
 2DIAGNOSTIC,    31, -6.416329549777e-01, 1.013346342577e-04, 4.3725e+00, 1.7566e-02, 
 2DIAGNOSTIC,    32, -6.417802888510e-01, 1.153833945990e-04, 4.3866e+00, 1.4082e-02, 
 2DIAGNOSTIC,    33, -6.422290849194e-01, 1.216888681248e-04, 4.4000e+00, 1.3372e-02, 
 2DIAGNOSTIC,    34, -6.420174637280e-01, 1.136817877672e-04, 4.4097e+00, 9.7520e-03, 
 2DIAGNOSTIC,    35, -6.420682734178e-01, 9.744807619835e-05, 4.4262e+00, 1.6509e-02, 
 2DIAGNOSTIC,    36, -6.421669007160e-01, 7.596939252831e-05, 4.4411e+00, 1.4842e-02, 
 2DIAGNOSTIC,    37, -6.422465216245e-01, 5.195242642174e-05, 4.4509e+00, 9.7630e-03, 
 2DIAGNOSTIC,    38, -6.423032000515e-01, 2.643550807263e-05, 4.4618e+00, 1.0914e-02, 
 2DIAGNOSTIC,    39, -6.423771719664e-01, 2.154632053887e-05, 4.4772e+00, 1.5473e-02, 
 2DIAGNOSTIC,    40, -6.423330706925e-01, 1.636998324864e-05, 4.4889e+00, 1.1624e-02, 
 2DIAGNOSTIC,    41, -6.424520221278e-01, 1.315429217223e-05, 4.4991e+00, 1.0209e-02, 
 2DIAGNOSTIC,    42, -6.424384869955e-01, 1.012725487937e-05, 4.5099e+00, 1.0870e-02, 
 2DIAGNOSTIC,    43, -6.426515240168e-01, 1.328740857191e-05, 4.5271e+00, 1.7138e-02, 
 2DIAGNOSTIC,    44, -6.426435191315e-01, 1.283387485947e-05, 4.5444e+00, 1.7337e-02, 
 2DIAGNOSTIC,    45, -6.424595828997e-01, 9.941646337136e-06, 4.5554e+00, 1.0970e-02, 
 2DIAGNOSTIC,    46, -6.424265892023e-01, 6.990976684211e-06, 4.5662e+00, 1.0792e-02, 
 2DIAGNOSTIC,    47, -6.424285331745e-01, 4.300271572156e-06, 4.5830e+00, 1.6867e-02, 
 2DIAGNOSTIC,    48, -6.424324964254e-01, 1.867178363046e-06, 4.5954e+00, 1.2323e-02, 
DIAGNOSTIC,Iteration,metricValue,convergenceValue,ITERATION_TIME_INDEX,SINCE_LAST
 2DIAGNOSTIC,     1, -5.936577405755e-01, 1.797693134862e+308, 8.5911e+00, 3.9957e+00, 
 2DIAGNOSTIC,     2, -5.944054129926e-01, 1.797693134862e+308, 8.6503e+00, 5.9269e-02, 
 2DIAGNOSTIC,     3, -5.949058534014e-01, 1.797693134862e+308, 8.7087e+00, 5.8333e-02, 
 2DIAGNOSTIC,     4, -5.955065289365e-01, 1.797693134862e+308, 8.7674e+00, 5.8766e-02, 
 2DIAGNOSTIC,     5, -5.961613075116e-01, 1.797693134862e+308, 8.8283e+00, 6.0837e-02, 
 2DIAGNOSTIC,     6, -5.964905004887e-01, 1.797693134862e+308, 8.9122e+00, 8.3922e-02, 
 2DIAGNOSTIC,     7, -5.969193259101e-01, 1.797693134862e+308, 9.0064e+00, 9.4222e-02, 
 2DIAGNOSTIC,     8, -5.969113232183e-01, 1.797693134862e+308, 9.0649e+00, 5.8515e-02, 
 2DIAGNOSTIC,     9, -5.970936360903e-01, 1.797693134862e+308, 9.1315e+00, 6.6554e-02, 
 2DIAGNOSTIC,    10, -5.972655129354e-01, 3.884451273545e-04, 9.2008e+00, 6.9340e-02, 
 2DIAGNOSTIC,    11, -5.972356181521e-01, 2.814869461007e-04, 9.2621e+00, 6.1285e-02, 
 2DIAGNOSTIC,    12, -5.972458753810e-01, 1.975643501007e-04, 9.3215e+00, 5.9433e-02, 
 2DIAGNOSTIC,    13, -5.973063513181e-01, 1.293991245609e-04, 9.3803e+00, 5.8731e-02, 
 2DIAGNOSTIC,    14, -5.975780743118e-01, 8.869230886442e-05, 9.4415e+00, 6.1275e-02, 
 2DIAGNOSTIC,    15, -5.977344150333e-01, 7.083363748432e-05, 9.5111e+00, 6.9545e-02, 
 2DIAGNOSTIC,    16, -5.977784529053e-01, 5.973364791192e-05, 9.5798e+00, 6.8768e-02, 
 2DIAGNOSTIC,    17, -5.980786662145e-01, 6.533482683439e-05, 9.6581e+00, 7.8234e-02, 
 2DIAGNOSTIC,    18, -5.982012799310e-01, 6.718521038324e-05, 9.7273e+00, 6.9186e-02, 
 2DIAGNOSTIC,    19, -5.983290275740e-01, 7.030734706999e-05, 9.7935e+00, 6.6235e-02, 
 2DIAGNOSTIC,    20, -5.983399985768e-01, 7.111380201388e-05, 9.8525e+00, 5.8962e-02, 
 2DIAGNOSTIC,    21, -5.983250047353e-01, 6.447774330515e-05, 9.9130e+00, 6.0541e-02, 
 2DIAGNOSTIC,    22, -5.983471448111e-01, 5.329203053706e-05, 9.9733e+00, 6.0275e-02, 
 2DIAGNOSTIC,    23, -5.983969752821e-01, 4.031714886506e-05, 1.0035e+01, 6.1782e-02, 
 2DIAGNOSTIC,    24, -5.985138188760e-01, 3.242085551997e-05, 1.0094e+01, 5.8873e-02, 
 2DIAGNOSTIC,    25, -5.985846157961e-01, 2.658820291054e-05, 1.0163e+01, 6.9534e-02, 
 2DIAGNOSTIC,    26, -5.987391123358e-01, 2.237167790897e-05, 1.0256e+01, 9.2527e-02, 
 2DIAGNOSTIC,    27, -5.986481361012e-01, 2.009452588479e-05, 1.0477e+01, 2.2052e-01, 
 2DIAGNOSTIC,    28, -5.986481358215e-01, 1.828819114166e-05, 1.0539e+01, 6.2163e-02, 
 2DIAGNOSTIC,    29, -5.986481383288e-01, 1.706434267382e-05, 1.0600e+01, 6.1294e-02, 
 2DIAGNOSTIC,    30, -5.986481425677e-01, 1.455211747028e-05, 1.0659e+01, 5.9166e-02, 
 2DIAGNOSTIC,    31, -5.986481497333e-01, 1.068539717899e-05, 1.0718e+01, 5.8924e-02, 
 2DIAGNOSTIC,    32, -5.986481618410e-01, 6.506078796320e-06, 1.0777e+01, 5.9424e-02, 
 2DIAGNOSTIC,    33, -5.986481822950e-01, 2.781687039599e-06, 1.0838e+01, 6.0534e-02, 
DIAGNOSTIC,Iteration,metricValue,convergenceValue,ITERATION_TIME_INDEX,SINCE_LAST
 2DIAGNOSTIC,     1, -5.385150460506e-01, 1.797693134862e+308, 1.5194e+01, 4.3561e+00, 
 2DIAGNOSTIC,     2, -5.402196695748e-01, 1.797693134862e+308, 1.5554e+01, 3.5959e-01, 
 2DIAGNOSTIC,     3, -5.422257351883e-01, 1.797693134862e+308, 1.5909e+01, 3.5559e-01, 
 2DIAGNOSTIC,     4, -5.438486104675e-01, 1.797693134862e+308, 1.6265e+01, 3.5622e-01, 
 2DIAGNOSTIC,     5, -5.451304686987e-01, 1.797693134862e+308, 1.6622e+01, 3.5699e-01, 
 2DIAGNOSTIC,     6, -5.462227833966e-01, 1.797693134862e+308, 1.6978e+01, 3.5530e-01, 
 2DIAGNOSTIC,     7, -5.467095599068e-01, 1.797693134862e+308, 1.7387e+01, 4.0886e-01, 
 2DIAGNOSTIC,     8, -5.472627096147e-01, 1.797693134862e+308, 1.7949e+01, 5.6253e-01, 
 2DIAGNOSTIC,     9, -5.473580878626e-01, 1.797693134862e+308, 1.8358e+01, 4.0833e-01, 
 2DIAGNOSTIC,    10, -5.473455584875e-01, 1.053374922887e-03, 1.8716e+01, 3.5834e-01, 
 2DIAGNOSTIC,    11, -5.474440545890e-01, 7.255770648838e-04, 1.9074e+01, 3.5794e-01, 
 2DIAGNOSTIC,    12, -5.477183454089e-01, 4.724414540216e-04, 1.9432e+01, 3.5867e-01, 
 2DIAGNOSTIC,    13, -5.480451993258e-01, 3.082923350983e-04, 1.9948e+01, 5.1595e-01, 
 2DIAGNOSTIC,    14, -5.480923679662e-01, 2.012104530640e-04, 2.0308e+01, 3.5965e-01, 
 2DIAGNOSTIC,    15, -5.482469631749e-01, 1.398524905286e-04, 2.0668e+01, 3.5980e-01, 
 2DIAGNOSTIC,    16, -5.489170357484e-01, 1.306957250810e-04, 2.1288e+01, 6.2041e-01, 
 2DIAGNOSTIC,    17, -5.488985783579e-01, 1.239637770007e-04, 2.1701e+01, 4.1300e-01, 
 2DIAGNOSTIC,    18, -5.488742300774e-01, 1.220863851631e-04, 2.2113e+01, 4.1173e-01, 
 2DIAGNOSTIC,    19, -5.488483275235e-01, 1.115696931774e-04, 2.2522e+01, 4.0940e-01, 
 2DIAGNOSTIC,    20, -5.488533790272e-01, 9.172283432759e-05, 2.2882e+01, 3.5940e-01, 
 2DIAGNOSTIC,    21, -5.488637735940e-01, 6.768456430551e-05, 2.3241e+01, 3.5896e-01, 
 2DIAGNOSTIC,    22, -5.488615277704e-01, 4.587885959258e-05, 2.3598e+01, 3.5759e-01, 
 2DIAGNOSTIC,    23, -5.488887631928e-01, 3.010092694510e-05, 2.3958e+01, 3.6002e-01, 
 2DIAGNOSTIC,    24, -5.489251917454e-01, 1.483160489170e-05, 2.4369e+01, 4.1030e-01, 
 2DIAGNOSTIC,    25, -5.489683490761e-01, 3.202590049274e-06, 2.4726e+01, 3.5711e-01, 
 2DIAGNOSTIC,    26, -5.489957604496e-01, 6.213912581175e-06, 2.5135e+01, 4.0881e-01, 
 2DIAGNOSTIC,    27, -5.489817369270e-01, 7.920223510434e-06, 2.5544e+01, 4.0972e-01, 
 2DIAGNOSTIC,    28, -5.489883710853e-01, 8.573915343840e-06, 2.5953e+01, 4.0891e-01, 
 2DIAGNOSTIC,    29, -5.489808973556e-01, 7.867451880215e-06, 2.6361e+01, 4.0748e-01, 
 2DIAGNOSTIC,    30, -5.489811018085e-01, 6.645861194941e-06, 2.6717e+01, 3.5650e-01, 
 2DIAGNOSTIC,    31, -5.489839960196e-01, 5.204715479983e-06, 2.7073e+01, 3.5625e-01, 
 2DIAGNOSTIC,    32, -5.490018550339e-01, 3.715951013929e-06, 2.7429e+01, 3.5544e-01, 
 2DIAGNOSTIC,    33, -5.490415617597e-01, 3.103795418957e-06, 2.7838e+01, 4.0882e-01, 
 2DIAGNOSTIC,    34, -5.490892204049e-01, 3.579570988361e-06, 2.8194e+01, 3.5675e-01, 
 2DIAGNOSTIC,    35, -5.491052692719e-01, 4.634028673435e-06, 2.8556e+01, 3.6201e-01, 
 2DIAGNOSTIC,    36, -5.492071214531e-01, 7.153845313898e-06, 2.8915e+01, 3.5888e-01, 
 2DIAGNOSTIC,    37, -5.494174581009e-01, 1.165640226850e-05, 2.9274e+01, 3.5838e-01, 
 2DIAGNOSTIC,    38, -5.498619730455e-01, 2.098292311683e-05, 2.9683e+01, 4.0937e-01, 
 2DIAGNOSTIC,    39, -5.501164731809e-01, 3.107325216687e-05, 3.0302e+01, 6.1908e-01, 
 2DIAGNOSTIC,    40, -5.500496450722e-01, 3.692669542264e-05, 3.0873e+01, 5.7033e-01, 
 2DIAGNOSTIC,    41, -5.500595167063e-01, 3.933911903622e-05, 3.1232e+01, 3.5980e-01, 
 2DIAGNOSTIC,    42, -5.500461955897e-01, 3.797551276669e-05, 3.1644e+01, 4.1124e-01, 
 2DIAGNOSTIC,    43, -5.500444349673e-01, 3.346530028946e-05, 3.2054e+01, 4.1089e-01, 
 2DIAGNOSTIC,    44, -5.500482060146e-01, 2.662205438838e-05, 3.2410e+01, 3.5576e-01, 
 2DIAGNOSTIC,    45, -5.500415120519e-01, 1.779196644553e-05, 3.2769e+01, 3.5906e-01, 
 2DIAGNOSTIC,    46, -5.500504340373e-01, 9.004477499994e-06, 3.3129e+01, 3.6020e-01, 
 2DIAGNOSTIC,    47, -5.500659399858e-01, 2.168474489275e-06, 3.3492e+01, 3.6283e-01, 
DIAGNOSTIC,Iteration,metricValue,convergenceValue,ITERATION_TIME_INDEX,SINCE_LAST
 2DIAGNOSTIC,     1, -4.458631621132e-01, 1.797693134862e+308, 4.0098e+01, 6.6058e+00, 
  Elapsed time (stage 1): 4.1759e+01


Total elapsed time: 7.7278e+01
Using double precision for computations.
Input scalar image: /home/ccn30/rds/rds-p00500_encrypt-URQgmO1brZ0/p00500/ENCRYPT_images/26069/T2/N4t2.nii
Reference image: /home/ccn30/rds/rds-p00500_encrypt-URQgmO1brZ0/p00500/ENCRYPT_images/26069/mp2rage/n4mag0000_PSIR_skulled_std.nii
Can't read initial transform T1xT2_ANTs_0GenericAffine.mat
