This is job 9
Time: Thu 16 Sep 12:56:46 BST 2021
Running on master node: cpu-p-21
Current directory: /rds/user/ccn30/hpc-work/WBIC_lustre/ENCRYPT/scripts/Registration/slurmoutputs
Changed directory to /home/ccn30/rds/hpc-work/WBIC_lustre/ENCRYPT/scripts/Registration/slurmoutputs.

JobID: 46502783
======
Time: Thu 16 Sep 12:56:46 BST 2021
Running on master node: cpu-p-21
Current directory: /home/ccn30/rds/hpc-work/WBIC_lustre/ENCRYPT/scripts/Registration/slurmoutputs

Nodes allocated:
================
cpu-p-21

numtasks=, numnodes=, mpi_tasks_per_node= (OMP_NUM_THREADS=1)

Executing command:
==================
/home/ccn30/rds/hpc-work/WBIC_lustre/ENCRYPT/scripts/Registration/coreg_main.sh /home/ccn30/rds/hpc-work/WBIC_lustre/ENCRYPT/ENCRYPT_MasterRIScodes.txt 9 /home/ccn30/rds/rds-p00500_encrypt-URQgmO1brZ0/p00500 /home/ccn30/rds/hpc-work/WBIC_home/ENCRYPT/atlases/magdeburgatlas

******** starting 26001 ********
All_Command_lines_OK
Using double precision for computations.
=============================================================================
The composite transform comprises the following transforms (in order): 
  1. Center of mass alignment using fixed image: /home/ccn30/rds/hpc-work/WBIC_home/ENCRYPT/atlases/magdeburgatlas/template/template.nii.gz and moving image: /home/ccn30/rds/rds-p00500_encrypt-URQgmO1brZ0/p00500/ENCRYPT_images/26001/mp2rage/denoise_n4mag0000_PSIR_skulled_std.nii (type = Euler3DTransform)
=============================================================================
  number of levels = 4
  number of levels = 4
  fixed image: /home/ccn30/rds/hpc-work/WBIC_home/ENCRYPT/atlases/magdeburgatlas/template/template.nii.gz
  moving image: /home/ccn30/rds/rds-p00500_encrypt-URQgmO1brZ0/p00500/ENCRYPT_images/26001/mp2rage/denoise_n4mag0000_PSIR_skulled_std.nii
  fixed image: /home/ccn30/rds/hpc-work/WBIC_home/ENCRYPT/atlases/magdeburgatlas/template/template.nii.gz
  moving image: /home/ccn30/rds/rds-p00500_encrypt-URQgmO1brZ0/p00500/ENCRYPT_images/26001/mp2rage/denoise_n4mag0000_PSIR_skulled_std.nii
Dimension = 3
Number of stages = 2
Use Histogram Matching true
Winsorize image intensities true
Lower quantile = 0.005
Upper quantile = 0.995
Stage 1 State
   Image metric = Mattes
     Fixed image = Image (0x3559200)
  RTTI typeinfo:   itk::Image<double, 3u>
  Reference Count: 2
  Modified Time: 1698
  Debug: Off
  Object Name: 
  Observers: 
    none
  Source: (none)
  Source output name: (none)
  Release Data: Off
  Data Released: False
  Global Release Data: Off
  PipelineMTime: 0
  UpdateMTime: 1481
  RealTimeStamp: 0 seconds 
  LargestPossibleRegion: 
    Dimension: 3
    Index: [0, 0, 0]
    Size: [384, 301, 288]
  BufferedRegion: 
    Dimension: 3
    Index: [0, 0, 0]
    Size: [384, 301, 288]
  RequestedRegion: 
    Dimension: 3
    Index: [0, 0, 0]
    Size: [384, 301, 288]
  Spacing: [0.598958, 0.598958, 0.599937]
  Origin: [83.4012, -147.626, 85.1783]
  Direction: 
-0 0 -1
1 -0 0
0 -1 0

  IndexToPointMatrix: 
0 0 -0.599937
0.598958 0 0
0 -0.598958 0

  PointToIndexMatrix: 
0 1.66957 0
0 0 -1.66957
-1.66684 0 0

  Inverse Direction: 
0 1 0
0 0 -1
-1 0 0

  PixelContainer: 
    ImportImageContainer (0x3549dc0)
      RTTI typeinfo:   itk::ImportImageContainer<unsigned long, double>
      Reference Count: 1
      Modified Time: 1478
      Debug: Off
      Object Name: 
      Observers: 
        none
      Pointer: 0x2b268a9e0010
      Container manages memory: true
      Size: 33288192
      Capacity: 33288192

     Moving image = Image (0x355d3f0)
  RTTI typeinfo:   itk::Image<double, 3u>
  Reference Count: 2
  Modified Time: 1699
  Debug: Off
  Object Name: 
  Observers: 
    none
  Source: (none)
  Source output name: (none)
  Release Data: Off
  Data Released: False
  Global Release Data: Off
  PipelineMTime: 0
  UpdateMTime: 1696
  RealTimeStamp: 0 seconds 
  LargestPossibleRegion: 
    Dimension: 3
    Index: [0, 0, 0]
    Size: [224, 320, 320]
  BufferedRegion: 
    Dimension: 3
    Index: [0, 0, 0]
    Size: [224, 320, 320]
  RequestedRegion: 
    Dimension: 3
    Index: [0, 0, 0]
    Size: [224, 320, 320]
  Spacing: [0.7, 0.7, 0.7]
  Origin: [-80.5301, 75.7663, -75.3484]
  Direction: 
1 0 0
0 -1 0
0 0 1

  IndexToPointMatrix: 
0.7 0 0
0 -0.7 0
0 0 0.7

  PointToIndexMatrix: 
1.42857 0 0
0 -1.42857 0
0 0 1.42857

  Inverse Direction: 
1 0 0
0 -1 0
0 0 1

  PixelContainer: 
    ImportImageContainer (0x355d6b0)
      RTTI typeinfo:   itk::ImportImageContainer<unsigned long, double>
      Reference Count: 1
      Modified Time: 1693
      Debug: Off
      Object Name: 
      Observers: 
        none
      Pointer: 0x2b269a7d9010
      Container manages memory: true
      Size: 22937600
      Capacity: 22937600

     Weighting = 1
     Sampling strategy = regular
     Number of bins = 32
     Radius = 4
     Sampling percentage  = 0.25
   Transform = Rigid
     Gradient step = 0.1
     Update field sigma (voxel space) = 0
     Total field sigma (voxel space) = 0
     Update field time sigma = 0
     Total field time sigma  = 0
     Number of time indices = 0
     Number of time point samples = 0
Stage 2 State
   Image metric = Mattes
     Fixed image = Image (0x356c060)
  RTTI typeinfo:   itk::Image<double, 3u>
  Reference Count: 2
  Modified Time: 2130
  Debug: Off
  Object Name: 
  Observers: 
    none
  Source: (none)
  Source output name: (none)
  Release Data: Off
  Data Released: False
  Global Release Data: Off
  PipelineMTime: 0
  UpdateMTime: 1913
  RealTimeStamp: 0 seconds 
  LargestPossibleRegion: 
    Dimension: 3
    Index: [0, 0, 0]
    Size: [384, 301, 288]
  BufferedRegion: 
    Dimension: 3
    Index: [0, 0, 0]
    Size: [384, 301, 288]
  RequestedRegion: 
    Dimension: 3
    Index: [0, 0, 0]
    Size: [384, 301, 288]
  Spacing: [0.598958, 0.598958, 0.599937]
  Origin: [83.4012, -147.626, 85.1783]
  Direction: 
-0 0 -1
1 -0 0
0 -1 0

  IndexToPointMatrix: 
0 0 -0.599937
0.598958 0 0
0 -0.598958 0

  PointToIndexMatrix: 
0 1.66957 0
0 0 -1.66957
-1.66684 0 0

  Inverse Direction: 
0 1 0
0 0 -1
-1 0 0

  PixelContainer: 
    ImportImageContainer (0x3560140)
      RTTI typeinfo:   itk::ImportImageContainer<unsigned long, double>
      Reference Count: 1
      Modified Time: 1910
      Debug: Off
      Object Name: 
      Observers: 
        none
      Pointer: 0x2b26a56da010
      Container manages memory: true
      Size: 33288192
      Capacity: 33288192

     Moving image = Image (0x356de80)
  RTTI typeinfo:   itk::Image<double, 3u>
  Reference Count: 2
  Modified Time: 2131
  Debug: Off
  Object Name: 
  Observers: 
    none
  Source: (none)
  Source output name: (none)
  Release Data: Off
  Data Released: False
  Global Release Data: Off
  PipelineMTime: 0
  UpdateMTime: 2128
  RealTimeStamp: 0 seconds 
  LargestPossibleRegion: 
    Dimension: 3
    Index: [0, 0, 0]
    Size: [224, 320, 320]
  BufferedRegion: 
    Dimension: 3
    Index: [0, 0, 0]
    Size: [224, 320, 320]
  RequestedRegion: 
    Dimension: 3
    Index: [0, 0, 0]
    Size: [224, 320, 320]
  Spacing: [0.7, 0.7, 0.7]
  Origin: [-80.5301, 75.7663, -75.3484]
  Direction: 
1 0 0
0 -1 0
0 0 1

  IndexToPointMatrix: 
0.7 0 0
0 -0.7 0
0 0 0.7

  PointToIndexMatrix: 
1.42857 0 0
0 -1.42857 0
0 0 1.42857

  Inverse Direction: 
1 0 0
0 -1 0
0 0 1

  PixelContainer: 
    ImportImageContainer (0x3568540)
      RTTI typeinfo:   itk::ImportImageContainer<unsigned long, double>
      Reference Count: 1
      Modified Time: 2125
      Debug: Off
      Object Name: 
      Observers: 
        none
      Pointer: 0x2b26b54d3010
      Container manages memory: true
      Size: 22937600
      Capacity: 22937600

     Weighting = 1
     Sampling strategy = regular
     Number of bins = 32
     Radius = 4
     Sampling percentage  = 0.25
   Transform = Affine
     Gradient step = 0.1
     Update field sigma (voxel space) = 0
     Total field sigma (voxel space) = 0
     Update field time sigma = 0
     Total field time sigma  = 0
     Number of time indices = 0
     Number of time point samples = 0
Registration using 2 total stages.

Stage 0
  iterations = 1000x500x250x100
  convergence threshold = 1e-06
  convergence window size = 10
  number of levels = 4
  using the Mattes MI metric (number of bins = 32, weight = 1)
  preprocessing:  winsorizing the image intensities
  preprocessing:  histogram matching the images
  Shrink factors (level 1 out of 4): [8, 8, 8]
  Shrink factors (level 2 out of 4): [4, 4, 4]
  Shrink factors (level 3 out of 4): [2, 2, 2]
  Shrink factors (level 4 out of 4): [1, 1, 1]
  smoothing sigmas per level: [3, 2, 1, 0]
  regular sampling (percentage = 0.25)

*** Running Euler3DTransform registration ***

DIAGNOSTIC,Iteration,metricValue,convergenceValue,ITERATION_TIME_INDEX,SINCE_LAST
 2DIAGNOSTIC,     1, -3.497822787292e-01, 1.797693134862e+308, 2.6729e+00, 2.6729e+00, 
 2DIAGNOSTIC,     2, -3.510623684325e-01, 1.797693134862e+308, 2.7079e+00, 3.5017e-02, 
 2DIAGNOSTIC,     3, -3.528900322515e-01, 1.797693134862e+308, 2.7459e+00, 3.8006e-02, 
 2DIAGNOSTIC,     4, -3.566653628992e-01, 1.797693134862e+308, 2.7878e+00, 4.1880e-02, 
 2DIAGNOSTIC,     5, -3.608302413841e-01, 1.797693134862e+308, 2.8217e+00, 3.3954e-02, 
 2DIAGNOSTIC,     6, -3.669865739811e-01, 1.797693134862e+308, 2.8566e+00, 3.4893e-02, 
 2DIAGNOSTIC,     7, -3.767738905213e-01, 1.797693134862e+308, 2.8923e+00, 3.5706e-02, 
 2DIAGNOSTIC,     8, -4.033623841486e-01, 1.797693134862e+308, 2.9275e+00, 3.5149e-02, 
 2DIAGNOSTIC,     9, -4.834945979845e-01, 1.797693134862e+308, 2.9705e+00, 4.3061e-02, 
 2DIAGNOSTIC,    10, -4.859936013799e-01, 2.176869454573e-02, 3.0072e+00, 3.6627e-02, 
 2DIAGNOSTIC,    11, -4.880565858304e-01, 2.363157827542e-02, 3.0433e+00, 3.6135e-02, 
 2DIAGNOSTIC,    12, -4.914079267129e-01, 2.335719331746e-02, 3.1161e+00, 7.2820e-02, 
 2DIAGNOSTIC,    13, -4.915534176799e-01, 2.112120627159e-02, 3.1572e+00, 4.1119e-02, 
 2DIAGNOSTIC,    14, -4.915291940889e-01, 1.748911312582e-02, 3.1979e+00, 4.0715e-02, 
 2DIAGNOSTIC,    15, -4.915432748401e-01, 1.303303238649e-02, 3.2469e+00, 4.8953e-02, 
 2DIAGNOSTIC,    16, -4.915723046995e-01, 8.346060037513e-03, 3.2859e+00, 3.9047e-02, 
 2DIAGNOSTIC,    17, -4.915400945890e-01, 3.912218378403e-03, 3.3274e+00, 4.1507e-02, 
 2DIAGNOSTIC,    18, -4.915411204769e-01, 5.626586884958e-04, 3.3680e+00, 4.0560e-02, 
 2DIAGNOSTIC,    19, -4.915370415942e-01, 2.991957996098e-04, 3.4089e+00, 4.0935e-02, 
 2DIAGNOSTIC,    20, -4.914926845248e-01, 1.164393075104e-04, 3.4444e+00, 3.5508e-02, 
 2DIAGNOSTIC,    21, -4.914693128093e-01, 1.912848843148e-06, 3.4852e+00, 4.0721e-02, 
DIAGNOSTIC,Iteration,metricValue,convergenceValue,ITERATION_TIME_INDEX,SINCE_LAST
 2DIAGNOSTIC,     1, -4.117473402196e-01, 1.797693134862e+308, 6.4936e+00, 3.0085e+00, 
 2DIAGNOSTIC,     2, -4.123074855253e-01, 1.797693134862e+308, 6.7538e+00, 2.6016e-01, 
 2DIAGNOSTIC,     3, -4.130514815665e-01, 1.797693134862e+308, 7.0152e+00, 2.6142e-01, 
 2DIAGNOSTIC,     4, -4.136908288764e-01, 1.797693134862e+308, 7.2761e+00, 2.6091e-01, 
 2DIAGNOSTIC,     5, -4.141728059667e-01, 1.797693134862e+308, 7.5318e+00, 2.5566e-01, 
 2DIAGNOSTIC,     6, -4.144504378913e-01, 1.797693134862e+308, 7.7823e+00, 2.5048e-01, 
 2DIAGNOSTIC,     7, -4.145623591078e-01, 1.797693134862e+308, 8.0733e+00, 2.9105e-01, 
 2DIAGNOSTIC,     8, -4.145828784780e-01, 1.797693134862e+308, 8.3656e+00, 2.9230e-01, 
 2DIAGNOSTIC,     9, -4.147001206867e-01, 1.797693134862e+308, 8.7261e+00, 3.6048e-01, 
 2DIAGNOSTIC,    10, -4.147061664131e-01, 4.549125043693e-04, 9.1274e+00, 4.0130e-01, 
 2DIAGNOSTIC,    11, -4.147193826909e-01, 3.010460455868e-04, 9.4888e+00, 3.6143e-01, 
 2DIAGNOSTIC,    12, -4.147318012307e-01, 1.784914598797e-04, 9.7890e+00, 3.0018e-01, 
 2DIAGNOSTIC,    13, -4.147330637043e-01, 9.781304416162e-05, 1.0077e+01, 2.8834e-01, 
 2DIAGNOSTIC,    14, -4.147343258219e-01, 5.091630627826e-05, 1.0326e+01, 2.4862e-01, 
 2DIAGNOSTIC,    15, -4.147339850502e-01, 2.757281333819e-05, 1.0619e+01, 2.9339e-01, 
 2DIAGNOSTIC,    16, -4.147294976310e-01, 1.647769785668e-05, 1.0910e+01, 2.9105e-01, 
 2DIAGNOSTIC,    17, -4.147316651513e-01, 9.993678552811e-06, 1.1197e+01, 2.8664e-01, 
 2DIAGNOSTIC,    18, -4.147255149645e-01, 3.904095000028e-06, 1.1465e+01, 2.6813e-01, 
 2DIAGNOSTIC,    19, -4.147356924413e-01, 2.870233001634e-06, 1.1719e+01, 2.5370e-01, 
 2DIAGNOSTIC,    20, -4.147362340571e-01, 2.037033776742e-06, 1.2007e+01, 2.8784e-01, 
 2DIAGNOSTIC,    21, -4.147410335606e-01, 1.822378267825e-06, 1.2296e+01, 2.8881e-01, 
 2DIAGNOSTIC,    22, -4.147320329756e-01, 1.705657850785e-06, 1.2589e+01, 2.9375e-01, 
 2DIAGNOSTIC,    23, -4.147167700481e-01, 1.165386973805e-06, 1.2876e+01, 2.8686e-01, 
 2DIAGNOSTIC,    24, -4.147401676069e-01, 1.402515476243e-06, 1.3160e+01, 2.8421e-01, 
 2DIAGNOSTIC,    25, -4.147441820271e-01, 1.686592943487e-06, 1.3482e+01, 3.2197e-01, 
 2DIAGNOSTIC,    26, -4.147426261178e-01, 1.747863407099e-06, 1.3771e+01, 2.8874e-01, 
 2DIAGNOSTIC,    27, -4.147387899865e-01, 1.737644647982e-06, 1.4055e+01, 2.8407e-01, 
 2DIAGNOSTIC,    28, -4.147304376009e-01, 1.323993052790e-06, 1.4300e+01, 2.4533e-01, 
 2DIAGNOSTIC,    29, -4.147290107333e-01, 1.121329472872e-06, 1.4627e+01, 3.2690e-01, 
DIAGNOSTIC,Iteration,metricValue,convergenceValue,ITERATION_TIME_INDEX,SINCE_LAST
 2DIAGNOSTIC,     1, -3.459583776873e-01, 1.797693134862e+308, 1.9738e+01, 5.1110e+00, 
 2DIAGNOSTIC,     2, -3.460533294204e-01, 1.797693134862e+308, 2.1581e+01, 1.8425e+00, 
 2DIAGNOSTIC,     3, -3.461906639479e-01, 1.797693134862e+308, 2.3404e+01, 1.8237e+00, 
 2DIAGNOSTIC,     4, -3.462293752876e-01, 1.797693134862e+308, 2.5246e+01, 1.8414e+00, 
 2DIAGNOSTIC,     5, -3.462335170282e-01, 1.797693134862e+308, 2.7354e+01, 2.1081e+00, 
 2DIAGNOSTIC,     6, -3.462329345863e-01, 1.797693134862e+308, 2.9466e+01, 2.1121e+00, 
 2DIAGNOSTIC,     7, -3.462289603919e-01, 1.797693134862e+308, 3.1594e+01, 2.1278e+00, 
 2DIAGNOSTIC,     8, -3.462324068866e-01, 1.797693134862e+308, 3.3432e+01, 1.8385e+00, 
 2DIAGNOSTIC,     9, -3.462443259255e-01, 1.797693134862e+308, 3.5267e+01, 1.8341e+00, 
 2DIAGNOSTIC,    10, -3.462677306008e-01, 4.465818755479e-05, 3.7106e+01, 1.8391e+00, 
 2DIAGNOSTIC,    11, -3.464940901673e-01, 4.150405230402e-05, 3.9762e+01, 2.6568e+00, 
 2DIAGNOSTIC,    12, -3.465209102575e-01, 4.310431884123e-05, 4.1584e+01, 1.8212e+00, 
 2DIAGNOSTIC,    13, -3.465596530173e-01, 5.199729601091e-05, 4.3681e+01, 2.0977e+00, 
 2DIAGNOSTIC,    14, -3.465595353180e-01, 5.752258947565e-05, 4.5800e+01, 2.1186e+00, 
 2DIAGNOSTIC,    15, -3.466093177930e-01, 6.019694605884e-05, 4.9536e+01, 3.7366e+00, 
 2DIAGNOSTIC,    16, -3.466158700105e-01, 5.728934575011e-05, 5.2953e+01, 3.4168e+00, 
 2DIAGNOSTIC,    17, -3.466158161268e-01, 4.940935602998e-05, 5.5079e+01, 2.1253e+00, 
 2DIAGNOSTIC,    18, -3.466151094828e-01, 3.831106232216e-05, 5.7475e+01, 2.3968e+00, 
 2DIAGNOSTIC,    19, -3.466147860316e-01, 2.559536659991e-05, 5.9340e+01, 1.8651e+00, 
 2DIAGNOSTIC,    20, -3.466145111958e-01, 1.261573009044e-05, 6.1191e+01, 1.8502e+00, 
 2DIAGNOSTIC,    21, -3.466137676667e-01, 8.637211492475e-06, 6.3315e+01, 2.1249e+00, 
 2DIAGNOSTIC,    22, -3.466135158964e-01, 5.334988217864e-06, 6.5722e+01, 2.4067e+00, 
 2DIAGNOSTIC,    23, -3.466138608821e-01, 3.376199692595e-06, 6.7854e+01, 2.1320e+00, 
 2DIAGNOSTIC,    24, -3.466137624725e-01, 1.339908208130e-06, 6.9965e+01, 2.1112e+00, 
 2DIAGNOSTIC,    25, -3.466127410860e-01, 1.059265474737e-06, 7.2075e+01, 2.1093e+00, 
 2DIAGNOSTIC,    26, -3.466122971391e-01, 1.014198835469e-06, 7.3918e+01, 1.8431e+00, 
 2DIAGNOSTIC,    27, -3.466127767695e-01, 1.005674750774e-06, 7.6028e+01, 2.1101e+00, 
DIAGNOSTIC,Iteration,metricValue,convergenceValue,ITERATION_TIME_INDEX,SINCE_LAST
 2DIAGNOSTIC,     1, -3.080899297139e-01, 1.797693134862e+308, 9.3199e+01, 1.7171e+01, 
 2DIAGNOSTIC,     2, -3.081459993245e-01, 1.797693134862e+308, 1.0560e+02, 1.2403e+01, 
 2DIAGNOSTIC,     3, -3.081737724732e-01, 1.797693134862e+308, 1.1722e+02, 1.1621e+01, 
 2DIAGNOSTIC,     4, -3.082628179809e-01, 1.797693134862e+308, 1.2965e+02, 1.2426e+01, 
 2DIAGNOSTIC,     5, -3.084332334306e-01, 1.797693134862e+308, 1.4392e+02, 1.4273e+01, 
 2DIAGNOSTIC,     6, -3.085545054691e-01, 1.797693134862e+308, 1.5640e+02, 1.2477e+01, 
 2DIAGNOSTIC,     7, -3.085676002521e-01, 1.797693134862e+308, 1.7914e+02, 2.2742e+01, 
 2DIAGNOSTIC,     8, -3.085679097092e-01, 1.797693134862e+308, 1.9629e+02, 1.7147e+01, 
 2DIAGNOSTIC,     9, -3.085685814590e-01, 1.797693134862e+308, 2.1001e+02, 1.3719e+01, 
 2DIAGNOSTIC,    10, -3.085683082986e-01, 1.217527016288e-04, 2.2887e+02, 1.8862e+01, 
 2DIAGNOSTIC,    11, -3.085679412885e-01, 9.055017726471e-05, 2.4426e+02, 1.5389e+01, 
 2DIAGNOSTIC,    12, -3.085678911052e-01, 6.117708015649e-05, 2.5792e+02, 1.3658e+01, 
 2DIAGNOSTIC,    13, -3.085677372659e-01, 3.309878520370e-05, 2.7113e+02, 1.3217e+01, 
 2DIAGNOSTIC,    14, -3.085676970221e-01, 1.189518112873e-05, 2.8885e+02, 1.7715e+01, 
 2DIAGNOSTIC,    15, -3.085677407769e-01, 2.908708925747e-06, 3.0308e+02, 1.4228e+01, 
 2DIAGNOSTIC,    16, -3.085676639354e-01, 1.932399724958e-06, 3.1913e+02, 1.6058e+01, 
 2DIAGNOSTIC,    17, -3.085674472593e-01, 1.774134898706e-06, 3.3326e+02, 1.4125e+01, 
 2DIAGNOSTIC,    18, -3.085674086606e-01, 1.655341874920e-06, 3.4743e+02, 1.4166e+01, 
 2DIAGNOSTIC,    19, -3.085674695444e-01, 1.595046660356e-06, 3.5987e+02, 1.2447e+01, 
 2DIAGNOSTIC,    20, -3.085673504811e-01, 1.530180095605e-06, 3.7404e+02, 1.4170e+01, 
 2DIAGNOSTIC,    21, -3.085673836807e-01, 1.462700887335e-06, 3.8823e+02, 1.4183e+01, 
 2DIAGNOSTIC,    22, -3.085672931410e-01, 1.400670553132e-06, 4.0080e+02, 1.2579e+01, 
 2DIAGNOSTIC,    23, -3.085673055287e-01, 1.342745032377e-06, 4.1317e+02, 1.2370e+01, 
 2DIAGNOSTIC,    24, -3.085672596653e-01, 1.289880728499e-06, 4.2913e+02, 1.5956e+01, 
 2DIAGNOSTIC,    25, -3.085672693525e-01, 1.246603796939e-06, 4.4337e+02, 1.4238e+01, 
 2DIAGNOSTIC,    26, -3.085670875955e-01, 1.200171524565e-06, 4.5932e+02, 1.5952e+01, 
 2DIAGNOSTIC,    27, -3.085669545661e-01, 1.147664421636e-06, 4.7329e+02, 1.3968e+01, 
 2DIAGNOSTIC,    28, -3.085669026426e-01, 1.098809893171e-06, 4.8580e+02, 1.2510e+01, 
 2DIAGNOSTIC,    29, -3.085669043980e-01, 1.058853790196e-06, 4.9820e+02, 1.2402e+01, 
 2DIAGNOSTIC,    30, -3.085667294788e-01, 1.016028892478e-06, 5.1055e+02, 1.2352e+01, 
  Elapsed time (stage 0): 5.1961e+02


Stage 1
  iterations = 1000x500x250x100
  convergence threshold = 1.0000e-06
  convergence window size = 10
  number of levels = 4
  using the Mattes MI metric (number of bins = 32, weight = 1.0000e+00)
  preprocessing:  winsorizing the image intensities
  preprocessing:  histogram matching the images
  Shrink factors (level 1 out of 4): [8, 8, 8]
  Shrink factors (level 2 out of 4): [4, 4, 4]
  Shrink factors (level 3 out of 4): [2, 2, 2]
  Shrink factors (level 4 out of 4): [1, 1, 1]
  smoothing sigmas per level: [3, 2, 1, 0]
  regular sampling (percentage = 2.5000e-01)

*** Running AffineTransform registration ***

DIAGNOSTIC,Iteration,metricValue,convergenceValue,ITERATION_TIME_INDEX,SINCE_LAST
 2DIAGNOSTIC,     1, -4.850869797868e-01, 1.797693134862e+308, 2.6809e+00, 2.6809e+00, 
 2DIAGNOSTIC,     2, -4.868050923182e-01, 1.797693134862e+308, 2.7282e+00, 4.7309e-02, 
 2DIAGNOSTIC,     3, -4.897942416278e-01, 1.797693134862e+308, 2.7826e+00, 5.4474e-02, 
 2DIAGNOSTIC,     4, -4.948369834554e-01, 1.797693134862e+308, 2.8211e+00, 3.8406e-02, 
 2DIAGNOSTIC,     5, -5.028285963636e-01, 1.797693134862e+308, 2.8625e+00, 4.1484e-02, 
 2DIAGNOSTIC,     6, -5.132787554984e-01, 1.797693134862e+308, 2.9028e+00, 4.0286e-02, 
 2DIAGNOSTIC,     7, -5.272607198654e-01, 1.797693134862e+308, 2.9422e+00, 3.9413e-02, 
 2DIAGNOSTIC,     8, -5.412795356321e-01, 1.797693134862e+308, 2.9888e+00, 4.6607e-02, 
 2DIAGNOSTIC,     9, -5.566157131456e-01, 1.797693134862e+308, 3.0827e+00, 9.3852e-02, 
 2DIAGNOSTIC,    10, -5.566855275353e-01, 1.023673884751e-02, 3.1238e+00, 4.1112e-02, 
 2DIAGNOSTIC,    11, -5.566241739870e-01, 9.552428616915e-03, 3.1595e+00, 3.5708e-02, 
 2DIAGNOSTIC,    12, -5.567845953866e-01, 8.224879643313e-03, 3.2022e+00, 4.2638e-02, 
 2DIAGNOSTIC,    13, -5.569535387105e-01, 6.497144354767e-03, 3.2393e+00, 3.7122e-02, 
 2DIAGNOSTIC,    14, -5.570240368047e-01, 4.632271428160e-03, 3.2772e+00, 3.7965e-02, 
 2DIAGNOSTIC,    15, -5.573451081397e-01, 2.906957976606e-03, 3.3133e+00, 3.6029e-02, 
 2DIAGNOSTIC,    16, -5.579179971788e-01, 1.511551967154e-03, 3.3564e+00, 4.3142e-02, 
 2DIAGNOSTIC,    17, -5.583009636317e-01, 5.931602914906e-04, 3.3998e+00, 4.3419e-02, 
 2DIAGNOSTIC,    18, -5.583226453432e-01, 1.289625515578e-04, 3.4361e+00, 3.6302e-02, 
 2DIAGNOSTIC,    19, -5.584180004367e-01, 1.354152837939e-04, 3.4743e+00, 3.8209e-02, 
 2DIAGNOSTIC,    20, -5.591855052672e-01, 1.510307435167e-04, 3.5173e+00, 4.2956e-02, 
 2DIAGNOSTIC,    21, -5.599189136525e-01, 1.672573859334e-04, 3.5551e+00, 3.7798e-02, 
 2DIAGNOSTIC,    22, -5.604078575140e-01, 1.816522839422e-04, 3.5980e+00, 4.2873e-02, 
 2DIAGNOSTIC,    23, -5.608641880715e-01, 1.926067202414e-04, 3.6358e+00, 3.7849e-02, 
 2DIAGNOSTIC,    24, -5.611477540383e-01, 1.925661227664e-04, 3.6739e+00, 3.8054e-02, 
 2DIAGNOSTIC,    25, -5.613908516313e-01, 1.859804324057e-04, 3.7161e+00, 4.2224e-02, 
 2DIAGNOSTIC,    26, -5.613396110241e-01, 1.726430825841e-04, 3.7534e+00, 3.7329e-02, 
 2DIAGNOSTIC,    27, -5.620891973501e-01, 1.663378784968e-04, 3.7954e+00, 4.1992e-02, 
 2DIAGNOSTIC,    28, -5.623782151104e-01, 1.505515242449e-04, 3.8389e+00, 4.3438e-02, 
 2DIAGNOSTIC,    29, -5.624264311998e-01, 1.241559608242e-04, 3.8839e+00, 4.5074e-02, 
 2DIAGNOSTIC,    30, -5.624309933531e-01, 1.014103200243e-04, 3.9233e+00, 3.9389e-02, 
 2DIAGNOSTIC,    31, -5.624419273411e-01, 8.317644709142e-05, 3.9657e+00, 4.2348e-02, 
 2DIAGNOSTIC,    32, -5.624915335297e-01, 6.679921339481e-05, 4.0085e+00, 4.2845e-02, 
 2DIAGNOSTIC,    33, -5.623576685054e-01, 5.005482597033e-05, 4.0508e+00, 4.2321e-02, 
 2DIAGNOSTIC,    34, -5.623945174323e-01, 3.467827468934e-05, 4.0929e+00, 4.2057e-02, 
 2DIAGNOSTIC,    35, -5.624515401871e-01, 2.164944529994e-05, 4.1301e+00, 3.7214e-02, 
 2DIAGNOSTIC,    36, -5.626016495774e-01, 8.517627745463e-06, 4.1755e+00, 4.5430e-02, 
 2DIAGNOSTIC,    37, -5.626934963625e-01, 7.026480067521e-06, 4.2189e+00, 4.3329e-02, 
 2DIAGNOSTIC,    38, -5.628371998226e-01, 1.094275891995e-05, 4.2622e+00, 4.3384e-02, 
 2DIAGNOSTIC,    39, -5.628635393101e-01, 1.468133930464e-05, 4.3115e+00, 4.9230e-02, 
 2DIAGNOSTIC,    40, -5.628179845307e-01, 1.636450532681e-05, 4.3684e+00, 5.6875e-02, 
 2DIAGNOSTIC,    41, -5.628542282146e-01, 1.705580796046e-05, 4.4096e+00, 4.1235e-02, 
 2DIAGNOSTIC,    42, -5.628434282776e-01, 1.665636005465e-05, 4.4517e+00, 4.2106e-02, 
 2DIAGNOSTIC,    43, -5.628259523647e-01, 1.293209181285e-05, 4.4961e+00, 4.4364e-02, 
 2DIAGNOSTIC,    44, -5.627746602214e-01, 8.069560743708e-06, 4.5395e+00, 4.3405e-02, 
 2DIAGNOSTIC,    45, -5.627393082378e-01, 2.984309277587e-06, 4.5838e+00, 4.4322e-02, 
DIAGNOSTIC,Iteration,metricValue,convergenceValue,ITERATION_TIME_INDEX,SINCE_LAST
 2DIAGNOSTIC,     1, -4.718687879094e-01, 1.797693134862e+308, 7.5563e+00, 2.9725e+00, 
 2DIAGNOSTIC,     2, -4.726022814268e-01, 1.797693134862e+308, 7.8272e+00, 2.7089e-01, 
 2DIAGNOSTIC,     3, -4.735238816047e-01, 1.797693134862e+308, 8.0988e+00, 2.7161e-01, 
 2DIAGNOSTIC,     4, -4.744462788367e-01, 1.797693134862e+308, 8.3704e+00, 2.7158e-01, 
 2DIAGNOSTIC,     5, -4.754908621612e-01, 1.797693134862e+308, 8.6377e+00, 2.6733e-01, 
 2DIAGNOSTIC,     6, -4.760733039790e-01, 1.797693134862e+308, 8.9025e+00, 2.6473e-01, 
 2DIAGNOSTIC,     7, -4.764740846648e-01, 1.797693134862e+308, 9.1659e+00, 2.6341e-01, 
 2DIAGNOSTIC,     8, -4.767730175133e-01, 1.797693134862e+308, 9.5064e+00, 3.4056e-01, 
 2DIAGNOSTIC,     9, -4.769279075378e-01, 1.797693134862e+308, 9.8051e+00, 2.9863e-01, 
 2DIAGNOSTIC,    10, -4.771531922242e-01, 7.441620890187e-04, 1.0104e+01, 2.9879e-01, 
 2DIAGNOSTIC,    11, -4.772255359561e-01, 5.573951368613e-04, 1.0522e+01, 4.1800e-01, 
 2DIAGNOSTIC,    12, -4.772031755755e-01, 3.873345729824e-04, 1.0827e+01, 3.0541e-01, 
 2DIAGNOSTIC,    13, -4.772234071579e-01, 2.518037728446e-04, 1.1096e+01, 2.6836e-01, 
 2DIAGNOSTIC,    14, -4.772723870983e-01, 1.536218060897e-04, 1.1435e+01, 3.3944e-01, 
 2DIAGNOSTIC,    15, -4.772916523047e-01, 9.659336792318e-05, 1.1737e+01, 3.0147e-01, 
 2DIAGNOSTIC,    16, -4.772989321540e-01, 5.980265526177e-05, 1.2114e+01, 3.7778e-01, 
 2DIAGNOSTIC,    17, -4.772993258945e-01, 3.604430463721e-05, 1.2456e+01, 3.4175e-01, 
 2DIAGNOSTIC,    18, -4.772976704099e-01, 2.161609689649e-05, 1.2730e+01, 2.7381e-01, 
 2DIAGNOSTIC,    19, -4.772941885847e-01, 1.141597590153e-05, 1.3072e+01, 3.4179e-01, 
 2DIAGNOSTIC,    20, -4.772949502136e-01, 8.005423521494e-06, 1.3372e+01, 3.0024e-01, 
 2DIAGNOSTIC,    21, -4.772876560254e-01, 6.211440592693e-06, 1.3683e+01, 3.1118e-01, 
 2DIAGNOSTIC,    22, -4.772854272482e-01, 3.488202906320e-06, 1.3923e+01, 2.4005e-01, 
 2DIAGNOSTIC,    23, -4.772832612666e-01, 1.253488796607e-06, 1.4157e+01, 2.3383e-01, 
DIAGNOSTIC,Iteration,metricValue,convergenceValue,ITERATION_TIME_INDEX,SINCE_LAST
 2DIAGNOSTIC,     1, -3.988887982558e-01, 1.797693134862e+308, 1.8786e+01, 4.6291e+00, 
 2DIAGNOSTIC,     2, -3.993269091481e-01, 1.797693134862e+308, 2.0678e+01, 1.8918e+00, 
 2DIAGNOSTIC,     3, -3.997975486609e-01, 1.797693134862e+308, 2.2652e+01, 1.9737e+00, 
 2DIAGNOSTIC,     4, -4.002104941038e-01, 1.797693134862e+308, 2.4620e+01, 1.9687e+00, 
 2DIAGNOSTIC,     5, -4.006137690993e-01, 1.797693134862e+308, 2.6591e+01, 1.9710e+00, 
 2DIAGNOSTIC,     6, -4.010348427164e-01, 1.797693134862e+308, 2.8538e+01, 1.9469e+00, 
 2DIAGNOSTIC,     7, -4.012763989133e-01, 1.797693134862e+308, 3.0762e+01, 2.2234e+00, 
 2DIAGNOSTIC,     8, -4.013838974136e-01, 1.797693134862e+308, 3.3259e+01, 2.4970e+00, 
 2DIAGNOSTIC,     9, -4.014719685636e-01, 1.797693134862e+308, 3.5762e+01, 2.5036e+00, 
 2DIAGNOSTIC,    10, -4.016189144436e-01, 4.491219968212e-04, 3.7738e+01, 1.9759e+00, 
 2DIAGNOSTIC,    11, -4.018337193421e-01, 3.500165194093e-04, 3.9702e+01, 1.9640e+00, 
 2DIAGNOSTIC,    12, -4.020913903176e-01, 2.768117996372e-04, 4.1657e+01, 1.9550e+00, 
 2DIAGNOSTIC,    13, -4.022647467511e-01, 2.249643354807e-04, 4.3871e+01, 2.2138e+00, 
 2DIAGNOSTIC,    14, -4.024518628254e-01, 1.905432949752e-04, 4.7670e+01, 3.7990e+00, 
 2DIAGNOSTIC,    15, -4.024546390513e-01, 1.622474326761e-04, 4.9876e+01, 2.2059e+00, 
 2DIAGNOSTIC,    16, -4.024576166006e-01, 1.414020590896e-04, 5.2062e+01, 2.1867e+00, 
 2DIAGNOSTIC,    17, -4.024570341228e-01, 1.201229834233e-04, 5.4277e+01, 2.2142e+00, 
 2DIAGNOSTIC,    18, -4.024562641691e-01, 9.442298540702e-05, 5.7051e+01, 2.7746e+00, 
 2DIAGNOSTIC,    19, -4.024560256014e-01, 6.608031429238e-05, 5.9312e+01, 2.2612e+00, 
 2DIAGNOSTIC,    20, -4.024561326684e-01, 3.976529683309e-05, 6.1837e+01, 2.5242e+00, 
 2DIAGNOSTIC,    21, -4.024519786686e-01, 1.942933149070e-05, 6.4052e+01, 2.2158e+00, 
 2DIAGNOSTIC,    22, -4.024516764359e-01, 7.472252471857e-06, 6.6285e+01, 2.2322e+00, 
 2DIAGNOSTIC,    23, -4.024516275256e-01, 1.163180911375e-06, 6.8261e+01, 1.9766e+00, 
DIAGNOSTIC,Iteration,metricValue,convergenceValue,ITERATION_TIME_INDEX,SINCE_LAST
 2DIAGNOSTIC,     1, -3.568590817842e-01, 1.797693134862e+308, 8.6555e+01, 1.8293e+01, 
 2DIAGNOSTIC,     2, -3.570155679720e-01, 1.797693134862e+308, 1.0003e+02, 1.3471e+01, 
 2DIAGNOSTIC,     3, -3.571490680322e-01, 1.797693134862e+308, 1.1346e+02, 1.3432e+01, 
 2DIAGNOSTIC,     4, -3.572099422315e-01, 1.797693134862e+308, 1.2874e+02, 1.5285e+01, 
 2DIAGNOSTIC,     5, -3.572275218412e-01, 1.797693134862e+308, 1.4578e+02, 1.7034e+01, 
 2DIAGNOSTIC,     6, -3.572297445127e-01, 1.797693134862e+308, 1.7504e+02, 2.9260e+01, 
 2DIAGNOSTIC,     7, -3.572297781721e-01, 1.797693134862e+308, 2.1365e+02, 3.8609e+01, 
 2DIAGNOSTIC,     8, -3.572297781720e-01, 1.797693134862e+308, 2.4081e+02, 2.7167e+01, 
 2DIAGNOSTIC,     9, -3.572297781720e-01, 1.797693134862e+308, 2.5413e+02, 1.3322e+01, 
 2DIAGNOSTIC,    10, -3.572297781720e-01, 5.284566823842e-05, 2.7050e+02, 1.6365e+01, 
 2DIAGNOSTIC,    11, -3.572297781720e-01, 2.457249989773e-05, 2.8585e+02, 1.5350e+01, 
 2DIAGNOSTIC,    12, -3.572297781720e-01, 9.258228021364e-06, 3.0120e+02, 1.5349e+01, 
 2DIAGNOSTIC,    13, -3.572297781720e-01, 3.783496737728e-06, 3.1654e+02, 1.5338e+01, 
 2DIAGNOSTIC,    14, -3.572297781720e-01, 2.402361939574e-06, 3.3189e+02, 1.5352e+01, 
 2DIAGNOSTIC,    15, -3.572297781720e-01, 2.122719251152e-06, 3.4718e+02, 1.5296e+01, 
 2DIAGNOSTIC,    16, -3.572297781720e-01, 1.988359429578e-06, 3.6433e+02, 1.7142e+01, 
 2DIAGNOSTIC,    17, -3.572297781720e-01, 1.871383866349e-06, 3.8492e+02, 2.0594e+01, 
 2DIAGNOSTIC,    18, -3.572297781720e-01, 1.767406975078e-06, 3.9914e+02, 1.4216e+01, 
 2DIAGNOSTIC,    19, -3.572297781720e-01, 1.674376128809e-06, 4.1427e+02, 1.5136e+01, 
 2DIAGNOSTIC,    20, -3.572297781720e-01, 1.590649262813e-06, 4.2957e+02, 1.5299e+01, 
 2DIAGNOSTIC,    21, -3.572297781720e-01, 1.514897115126e-06, 4.4487e+02, 1.5299e+01, 
 2DIAGNOSTIC,    22, -3.572297781720e-01, 1.446032128982e-06, 4.6014e+02, 1.5270e+01, 
 2DIAGNOSTIC,    23, -3.572297781720e-01, 1.383155903797e-06, 4.7530e+02, 1.5160e+01, 
 2DIAGNOSTIC,    24, -3.572297781720e-01, 1.325519784399e-06, 4.9413e+02, 1.8833e+01, 
 2DIAGNOSTIC,    25, -3.572297781720e-01, 1.272494909658e-06, 5.0945e+02, 1.5313e+01, 
 2DIAGNOSTIC,    26, -3.572297781720e-01, 1.223549173507e-06, 5.2648e+02, 1.7034e+01, 
 2DIAGNOSTIC,    27, -3.572297781720e-01, 1.178229305974e-06, 5.4090e+02, 1.4422e+01, 
 2DIAGNOSTIC,    28, -3.572297781720e-01, 1.136146794409e-06, 5.5442e+02, 1.3518e+01, 
 2DIAGNOSTIC,    29, -3.572297781720e-01, 1.096966717733e-06, 5.6953e+02, 1.5114e+01, 
 2DIAGNOSTIC,    30, -3.572297781720e-01, 1.060398813792e-06, 5.8274e+02, 1.3206e+01, 
 2DIAGNOSTIC,    31, -3.572297781720e-01, 1.026190275970e-06, 6.0140e+02, 1.8662e+01, 
  Elapsed time (stage 1): 6.1146e+02


Total elapsed time: 1.1311e+03

--------------------------------------------------------------------------------------
 Mapping parameters
--------------------------------------------------------------------------------------
 ANTSPATH is /usr/local/software/spack/spack-git/opt/spack/linux-rhel7-broadwell/gcc-5/ants-2.3.4-lj6vm7ccmij4yywr4ynrttcko4aoflqt/bin

 Dimensionality:           3
 Output name prefix:       T1xT2_ANTs
 Fixed images:             /home/ccn30/rds/rds-p00500_encrypt-URQgmO1brZ0/p00500/ENCRYPT_images/26001/T2/N4t2.nii
 Moving images:            /home/ccn30/rds/rds-p00500_encrypt-URQgmO1brZ0/p00500/ENCRYPT_images/26001/mp2rage/n4mag0000_PSIR_skulled_std.nii
 Mask images:              
 Initial transforms:       
 Number of threads:        1
 Spline distance:          26
 Transform type:           a
 MI histogram bins:        32
 Precision:                d
 Use histogram matching    0
======================================================================================
 antsRegistration call:
--------------------------------------------------------------------------------------
/usr/local/software/spack/spack-git/opt/spack/linux-rhel7-broadwell/gcc-5/ants-2.3.4-lj6vm7ccmij4yywr4ynrttcko4aoflqt/bin/antsRegistration --verbose 1 --dimensionality 3 --float 0 --collapse-output-transforms 1 --output [ T1xT2_ANTs,T1xT2_ANTsWarped.nii.gz,T1xT2_ANTsInverseWarped.nii.gz ] --interpolation Linear --use-histogram-matching 0 --winsorize-image-intensities [ 0.005,0.995 ] --initial-moving-transform [ /home/ccn30/rds/rds-p00500_encrypt-URQgmO1brZ0/p00500/ENCRYPT_images/26001/T2/N4t2.nii,/home/ccn30/rds/rds-p00500_encrypt-URQgmO1brZ0/p00500/ENCRYPT_images/26001/mp2rage/n4mag0000_PSIR_skulled_std.nii,1 ] --transform Rigid[ 0.1 ] --metric MI[ /home/ccn30/rds/rds-p00500_encrypt-URQgmO1brZ0/p00500/ENCRYPT_images/26001/T2/N4t2.nii,/home/ccn30/rds/rds-p00500_encrypt-URQgmO1brZ0/p00500/ENCRYPT_images/26001/mp2rage/n4mag0000_PSIR_skulled_std.nii,1,32,Regular,0.25 ] --convergence [ 1000x500x250x0,1e-6,10 ] --shrink-factors 12x8x4x2 --smoothing-sigmas 4x3x2x1vox --transform Affine[ 0.1 ] --metric MI[ /home/ccn30/rds/rds-p00500_encrypt-URQgmO1brZ0/p00500/ENCRYPT_images/26001/T2/N4t2.nii,/home/ccn30/rds/rds-p00500_encrypt-URQgmO1brZ0/p00500/ENCRYPT_images/26001/mp2rage/n4mag0000_PSIR_skulled_std.nii,1,32,Regular,0.25 ] --convergence [ 1000x500x250x0,1e-6,10 ] --shrink-factors 12x8x4x2 --smoothing-sigmas 4x3x2x1vox
--------------------------------------------------------------------------------------
All_Command_lines_OK
Using double precision for computations.
=============================================================================
The composite transform comprises the following transforms (in order): 
  1. Center of mass alignment using fixed image: /home/ccn30/rds/rds-p00500_encrypt-URQgmO1brZ0/p00500/ENCRYPT_images/26001/T2/N4t2.nii and moving image: /home/ccn30/rds/rds-p00500_encrypt-URQgmO1brZ0/p00500/ENCRYPT_images/26001/mp2rage/n4mag0000_PSIR_skulled_std.nii (type = Euler3DTransform)
=============================================================================
  number of levels = 4
  number of levels = 4
  fixed image: /home/ccn30/rds/rds-p00500_encrypt-URQgmO1brZ0/p00500/ENCRYPT_images/26001/T2/N4t2.nii
  moving image: /home/ccn30/rds/rds-p00500_encrypt-URQgmO1brZ0/p00500/ENCRYPT_images/26001/mp2rage/n4mag0000_PSIR_skulled_std.nii
  fixed image: /home/ccn30/rds/rds-p00500_encrypt-URQgmO1brZ0/p00500/ENCRYPT_images/26001/T2/N4t2.nii
  moving image: /home/ccn30/rds/rds-p00500_encrypt-URQgmO1brZ0/p00500/ENCRYPT_images/26001/mp2rage/n4mag0000_PSIR_skulled_std.nii
Dimension = 3
Number of stages = 2
Use Histogram Matching false
Winsorize image intensities true
Lower quantile = 0.005
Upper quantile = 0.995
Stage 1 State
   Image metric = Mattes
     Fixed image = Image (0x3537010)
  RTTI typeinfo:   itk::Image<double, 3u>
  Reference Count: 2
  Modified Time: 1709
  Debug: Off
  Object Name: 
  Observers: 
    none
  Source: (none)
  Source output name: (none)
  Release Data: Off
  Data Released: False
  Global Release Data: Off
  PipelineMTime: 0
  UpdateMTime: 1492
  RealTimeStamp: 0 seconds 
  LargestPossibleRegion: 
    Dimension: 3
    Index: [0, 0, 0]
    Size: [512, 512, 54]
  BufferedRegion: 
    Dimension: 3
    Index: [0, 0, 0]
    Size: [512, 512, 54]
  RequestedRegion: 
    Dimension: 3
    Index: [0, 0, 0]
    Size: [512, 512, 54]
  Spacing: [0.4375, 0.4375, 1.1]
  Origin: [-114.188, 6.69915, -92.443]
  Direction: 
1 1.20326e-11 -7.38801e-12
1.20326e-11 -0.452435 0.891798
-7.38801e-12 0.891798 0.452435

  IndexToPointMatrix: 
0.4375 5.26424e-12 -8.12681e-12
5.26424e-12 -0.19794 0.980977
-3.23225e-12 0.390161 0.497678

  PointToIndexMatrix: 
2.28571 2.7503e-11 -1.68869e-11
2.7503e-11 -1.03414 2.03839
-6.71637e-12 0.810725 0.411304

  Inverse Direction: 
1 1.20326e-11 -7.38801e-12
1.20326e-11 -0.452435 0.891798
-7.38801e-12 0.891798 0.452435

  PixelContainer: 
    ImportImageContainer (0x3531980)
      RTTI typeinfo:   itk::ImportImageContainer<unsigned long, double>
      Reference Count: 1
      Modified Time: 1489
      Debug: Off
      Object Name: 
      Observers: 
        none
      Pointer: 0x2b5e6548c010
      Container manages memory: true
      Size: 14155776
      Capacity: 14155776

     Moving image = Image (0x3534b30)
  RTTI typeinfo:   itk::Image<double, 3u>
  Reference Count: 2
  Modified Time: 1710
  Debug: Off
  Object Name: 
  Observers: 
    none
  Source: (none)
  Source output name: (none)
  Release Data: Off
  Data Released: False
  Global Release Data: Off
  PipelineMTime: 0
  UpdateMTime: 1707
  RealTimeStamp: 0 seconds 
  LargestPossibleRegion: 
    Dimension: 3
    Index: [0, 0, 0]
    Size: [224, 320, 320]
  BufferedRegion: 
    Dimension: 3
    Index: [0, 0, 0]
    Size: [224, 320, 320]
  RequestedRegion: 
    Dimension: 3
    Index: [0, 0, 0]
    Size: [224, 320, 320]
  Spacing: [0.7, 0.7, 0.7]
  Origin: [-80.5301, 75.7663, -75.3484]
  Direction: 
1 0 0
0 -1 0
0 0 1

  IndexToPointMatrix: 
0.7 0 0
0 -0.7 0
0 0 0.7

  PointToIndexMatrix: 
1.42857 0 0
0 -1.42857 0
0 0 1.42857

  Inverse Direction: 
1 0 0
0 -1 0
0 0 1

  PixelContainer: 
    ImportImageContainer (0x3531780)
      RTTI typeinfo:   itk::ImportImageContainer<unsigned long, double>
      Reference Count: 1
      Modified Time: 1704
      Debug: Off
      Object Name: 
      Observers: 
        none
      Pointer: 0x2b5e6c08d010
      Container manages memory: true
      Size: 22937600
      Capacity: 22937600

     Weighting = 1
     Sampling strategy = regular
     Number of bins = 32
     Radius = 4
     Sampling percentage  = 0.25
   Transform = Rigid
     Gradient step = 0.1
     Update field sigma (voxel space) = 0
     Total field sigma (voxel space) = 0
     Update field time sigma = 0
     Total field time sigma  = 0
     Number of time indices = 0
     Number of time point samples = 0
Stage 2 State
   Image metric = Mattes
     Fixed image = Image (0x3546500)
  RTTI typeinfo:   itk::Image<double, 3u>
  Reference Count: 2
  Modified Time: 2141
  Debug: Off
  Object Name: 
  Observers: 
    none
  Source: (none)
  Source output name: (none)
  Release Data: Off
  Data Released: False
  Global Release Data: Off
  PipelineMTime: 0
  UpdateMTime: 1924
  RealTimeStamp: 0 seconds 
  LargestPossibleRegion: 
    Dimension: 3
    Index: [0, 0, 0]
    Size: [512, 512, 54]
  BufferedRegion: 
    Dimension: 3
    Index: [0, 0, 0]
    Size: [512, 512, 54]
  RequestedRegion: 
    Dimension: 3
    Index: [0, 0, 0]
    Size: [512, 512, 54]
  Spacing: [0.4375, 0.4375, 1.1]
  Origin: [-114.188, 6.69915, -92.443]
  Direction: 
1 1.20326e-11 -7.38801e-12
1.20326e-11 -0.452435 0.891798
-7.38801e-12 0.891798 0.452435

  IndexToPointMatrix: 
0.4375 5.26424e-12 -8.12681e-12
5.26424e-12 -0.19794 0.980977
-3.23225e-12 0.390161 0.497678

  PointToIndexMatrix: 
2.28571 2.7503e-11 -1.68869e-11
2.7503e-11 -1.03414 2.03839
-6.71637e-12 0.810725 0.411304

  Inverse Direction: 
1 1.20326e-11 -7.38801e-12
1.20326e-11 -0.452435 0.891798
-7.38801e-12 0.891798 0.452435

  PixelContainer: 
    ImportImageContainer (0x3537860)
      RTTI typeinfo:   itk::ImportImageContainer<unsigned long, double>
      Reference Count: 1
      Modified Time: 1921
      Debug: Off
      Object Name: 
      Observers: 
        none
      Pointer: 0x2b5e76f8e010
      Container manages memory: true
      Size: 14155776
      Capacity: 14155776

     Moving image = Image (0x354af40)
  RTTI typeinfo:   itk::Image<double, 3u>
  Reference Count: 2
  Modified Time: 2142
  Debug: Off
  Object Name: 
  Observers: 
    none
  Source: (none)
  Source output name: (none)
  Release Data: Off
  Data Released: False
  Global Release Data: Off
  PipelineMTime: 0
  UpdateMTime: 2139
  RealTimeStamp: 0 seconds 
  LargestPossibleRegion: 
    Dimension: 3
    Index: [0, 0, 0]
    Size: [224, 320, 320]
  BufferedRegion: 
    Dimension: 3
    Index: [0, 0, 0]
    Size: [224, 320, 320]
  RequestedRegion: 
    Dimension: 3
    Index: [0, 0, 0]
    Size: [224, 320, 320]
  Spacing: [0.7, 0.7, 0.7]
  Origin: [-80.5301, 75.7663, -75.3484]
  Direction: 
1 0 0
0 -1 0
0 0 1

  IndexToPointMatrix: 
0.7 0 0
0 -0.7 0
0 0 0.7

  PointToIndexMatrix: 
1.42857 0 0
0 -1.42857 0
0 0 1.42857

  Inverse Direction: 
1 0 0
0 -1 0
0 0 1

  PixelContainer: 
    ImportImageContainer (0x3542750)
      RTTI typeinfo:   itk::ImportImageContainer<unsigned long, double>
      Reference Count: 1
      Modified Time: 2136
      Debug: Off
      Object Name: 
      Observers: 
        none
      Pointer: 0x2b5e7db8f010
      Container manages memory: true
      Size: 22937600
      Capacity: 22937600

     Weighting = 1
     Sampling strategy = regular
     Number of bins = 32
     Radius = 4
     Sampling percentage  = 0.25
   Transform = Affine
     Gradient step = 0.1
     Update field sigma (voxel space) = 0
     Total field sigma (voxel space) = 0
     Update field time sigma = 0
     Total field time sigma  = 0
     Number of time indices = 0
     Number of time point samples = 0
Registration using 2 total stages.

Stage 0
  iterations = 1000x500x250x0
  convergence threshold = 1e-06
  convergence window size = 10
  number of levels = 4
  using the Mattes MI metric (number of bins = 32, weight = 1)
  preprocessing:  winsorizing the image intensities
  Shrink factors (level 1 out of 4): [12, 12, 5]
  Shrink factors (level 2 out of 4): [8, 8, 3]
  Shrink factors (level 3 out of 4): [4, 4, 2]
  Shrink factors (level 4 out of 4): [2, 2, 1]
  smoothing sigmas per level: [4, 3, 2, 1]
  regular sampling (percentage = 0.25)

*** Running Euler3DTransform registration ***

DIAGNOSTIC,Iteration,metricValue,convergenceValue,ITERATION_TIME_INDEX,SINCE_LAST
 2DIAGNOSTIC,     1, -1.841961259100e-01, 1.797693134862e+308, 3.9959e+00, 3.9959e+00, 
 2DIAGNOSTIC,     2, -1.866726604962e-01, 1.797693134862e+308, 4.0060e+00, 1.0050e-02, 
 2DIAGNOSTIC,     3, -1.887464458707e-01, 1.797693134862e+308, 4.0188e+00, 1.2828e-02, 
 2DIAGNOSTIC,     4, -1.932432147053e-01, 1.797693134862e+308, 4.0331e+00, 1.4297e-02, 
 2DIAGNOSTIC,     5, -1.936086566404e-01, 1.797693134862e+308, 4.0424e+00, 9.3431e-03, 
 2DIAGNOSTIC,     6, -1.937042879054e-01, 1.797693134862e+308, 4.0552e+00, 1.2741e-02, 
 2DIAGNOSTIC,     7, -1.937960590887e-01, 1.797693134862e+308, 4.0673e+00, 1.2184e-02, 
 2DIAGNOSTIC,     8, -1.935034893382e-01, 1.797693134862e+308, 4.0761e+00, 8.7130e-03, 
 2DIAGNOSTIC,     9, -1.935732772439e-01, 1.797693134862e+308, 4.0840e+00, 7.9391e-03, 
 2DIAGNOSTIC,    10, -1.937421166530e-01, 2.851338816948e-03, 4.0999e+00, 1.5922e-02, 
 2DIAGNOSTIC,    11, -1.933865530152e-01, 1.523019032173e-03, 4.1101e+00, 1.0165e-02, 
 2DIAGNOSTIC,    12, -1.934096878330e-01, 5.920290428084e-04, 4.1205e+00, 1.0397e-02, 
DIAGNOSTIC,Iteration,metricValue,convergenceValue,ITERATION_TIME_INDEX,SINCE_LAST
 2DIAGNOSTIC,     1, -1.562955353373e-01, 1.797693134862e+308, 8.2087e+00, 4.0883e+00, 
 2DIAGNOSTIC,     2, -1.571647882356e-01, 1.797693134862e+308, 8.2671e+00, 5.8355e-02, 
 2DIAGNOSTIC,     3, -1.585285446065e-01, 1.797693134862e+308, 8.3253e+00, 5.8170e-02, 
 2DIAGNOSTIC,     4, -1.602513324150e-01, 1.797693134862e+308, 8.3788e+00, 5.3499e-02, 
 2DIAGNOSTIC,     5, -1.643819991675e-01, 1.797693134862e+308, 8.4337e+00, 5.4931e-02, 
 2DIAGNOSTIC,     6, -1.739430220010e-01, 1.797693134862e+308, 8.4911e+00, 5.7357e-02, 
 2DIAGNOSTIC,     7, -2.096177077618e-01, 1.797693134862e+308, 8.5786e+00, 8.7538e-02, 
 2DIAGNOSTIC,     8, -2.518873633842e-01, 1.797693134862e+308, 8.6432e+00, 6.4586e-02, 
 2DIAGNOSTIC,     9, -2.593266390845e-01, 1.797693134862e+308, 8.7045e+00, 6.1309e-02, 
 2DIAGNOSTIC,    10, -2.927888130380e-01, 4.525449249374e-02, 8.7733e+00, 6.8792e-02, 
 2DIAGNOSTIC,    11, -3.031118064081e-01, 4.716320779244e-02, 8.8632e+00, 8.9889e-02, 
 2DIAGNOSTIC,    12, -3.049908500056e-01, 4.476424475169e-02, 8.9348e+00, 7.1589e-02, 
 2DIAGNOSTIC,    13, -3.056093483198e-01, 3.912899281607e-02, 8.9925e+00, 5.7738e-02, 
 2DIAGNOSTIC,    14, -3.064465226360e-01, 3.135614484913e-02, 9.0559e+00, 6.3395e-02, 
 2DIAGNOSTIC,    15, -3.151152417347e-01, 2.313859404592e-02, 9.1419e+00, 8.6019e-02, 
 2DIAGNOSTIC,    16, -3.157398459481e-01, 1.487838740594e-02, 9.2024e+00, 6.0511e-02, 
 2DIAGNOSTIC,    17, -3.167144417888e-01, 9.000002318092e-03, 9.2613e+00, 5.8839e-02, 
 2DIAGNOSTIC,    18, -3.178718968412e-01, 5.926817572202e-03, 9.3600e+00, 9.8725e-02, 
 2DIAGNOSTIC,    19, -3.181561816731e-01, 3.127645094445e-03, 9.4154e+00, 5.5409e-02, 
 2DIAGNOSTIC,    20, -3.185474191217e-01, 2.252873461926e-03, 9.4764e+00, 6.0987e-02, 
 2DIAGNOSTIC,    21, -3.189188368813e-01, 1.830140171819e-03, 9.5401e+00, 6.3768e-02, 
 2DIAGNOSTIC,    22, -3.190371465046e-01, 1.389644843852e-03, 9.5982e+00, 5.8016e-02, 
 2DIAGNOSTIC,    23, -3.191549458987e-01, 9.048500594968e-04, 9.6555e+00, 5.7304e-02, 
 2DIAGNOSTIC,    24, -3.196571242014e-01, 4.338963842456e-04, 9.7275e+00, 7.2001e-02, 
 2DIAGNOSTIC,    25, -3.200818662378e-01, 3.528290066365e-04, 9.7837e+00, 5.6281e-02, 
 2DIAGNOSTIC,    26, -3.217242712028e-01, 3.371296110229e-04, 9.8702e+00, 8.6486e-02, 
 2DIAGNOSTIC,    27, -3.216914950467e-01, 3.254889271750e-04, 9.9280e+00, 5.7790e-02, 
 2DIAGNOSTIC,    28, -3.217073073808e-01, 3.288976843502e-04, 9.9882e+00, 6.0145e-02, 
 2DIAGNOSTIC,    29, -3.217875495712e-01, 3.146211385233e-04, 1.0045e+01, 5.6650e-02, 
 2DIAGNOSTIC,    30, -3.218139148537e-01, 2.854039653080e-04, 1.0115e+01, 7.0033e-02, 
 2DIAGNOSTIC,    31, -3.217368189237e-01, 2.405551846846e-04, 1.0190e+01, 7.5567e-02, 
 2DIAGNOSTIC,    32, -3.218394419207e-01, 1.836112545910e-04, 1.0250e+01, 5.9659e-02, 
 2DIAGNOSTIC,    33, -3.218746557126e-01, 1.184936180176e-04, 1.0330e+01, 7.9655e-02, 
 2DIAGNOSTIC,    34, -3.218200368595e-01, 6.003137778542e-05, 1.0386e+01, 5.5930e-02, 
 2DIAGNOSTIC,    35, -3.217505639976e-01, 8.697242625429e-06, 1.0454e+01, 6.8149e-02, 
 2DIAGNOSTIC,    36, -3.217760118516e-01, 6.283268727349e-06, 1.0515e+01, 6.1132e-02, 
DIAGNOSTIC,Iteration,metricValue,convergenceValue,ITERATION_TIME_INDEX,SINCE_LAST
 2DIAGNOSTIC,     1, -3.071668313341e-01, 1.797693134862e+308, 1.4894e+01, 4.3789e+00, 
 2DIAGNOSTIC,     2, -3.080673073878e-01, 1.797693134862e+308, 1.5241e+01, 3.4684e-01, 
 2DIAGNOSTIC,     3, -3.085358323731e-01, 1.797693134862e+308, 1.5585e+01, 3.4477e-01, 
 2DIAGNOSTIC,     4, -3.088513829640e-01, 1.797693134862e+308, 1.5930e+01, 3.4452e-01, 
 2DIAGNOSTIC,     5, -3.092670540153e-01, 1.797693134862e+308, 1.6277e+01, 3.4695e-01, 
 2DIAGNOSTIC,     6, -3.098451833258e-01, 1.797693134862e+308, 1.6623e+01, 3.4617e-01, 
 2DIAGNOSTIC,     7, -3.110817810179e-01, 1.797693134862e+308, 1.7180e+01, 5.5695e-01, 
 2DIAGNOSTIC,     8, -3.111385818323e-01, 1.797693134862e+308, 1.7525e+01, 3.4533e-01, 
 2DIAGNOSTIC,     9, -3.111805808002e-01, 1.797693134862e+308, 1.8087e+01, 5.6172e-01, 
 2DIAGNOSTIC,    10, -3.112069604141e-01, 8.957430609310e-04, 1.8490e+01, 4.0286e-01, 
 2DIAGNOSTIC,    11, -3.112018495016e-01, 6.852827398462e-04, 1.8885e+01, 3.9520e-01, 
 2DIAGNOSTIC,    12, -3.112129197306e-01, 5.166439082857e-04, 1.9288e+01, 4.0292e-01, 
 2DIAGNOSTIC,    13, -3.112453358409e-01, 3.629611512200e-04, 1.9905e+01, 6.1677e-01, 
 2DIAGNOSTIC,    14, -3.112381062304e-01, 2.196377697812e-04, 2.0308e+01, 4.0358e-01, 
 2DIAGNOSTIC,    15, -3.112326418087e-01, 1.006769919592e-04, 2.0657e+01, 3.4866e-01, 
 2DIAGNOSTIC,    16, -3.112263401490e-01, 1.841951422346e-05, 2.1056e+01, 3.9881e-01, 
 2DIAGNOSTIC,    17, -3.112166667916e-01, 1.040984248166e-05, 2.1457e+01, 4.0094e-01, 
 2DIAGNOSTIC,    18, -3.112104605428e-01, 5.006444571673e-06, 2.1857e+01, 4.0065e-01, 
 2DIAGNOSTIC,    19, -3.112066305776e-01, 1.681414437654e-06, 2.2198e+01, 3.4054e-01, 
DIAGNOSTIC,Iteration,metricValue,convergenceValue,ITERATION_TIME_INDEX,SINCE_LAST
 2DIAGNOSTIC,     1, -2.680655709477e-01, 1.797693134862e+308, 2.8848e+01, 6.6496e+00, 
  Elapsed time (stage 0): 3.0533e+01


Stage 1
  iterations = 1000x500x250x0
  convergence threshold = 1.0000e-06
  convergence window size = 10
  number of levels = 4
  using the Mattes MI metric (number of bins = 32, weight = 1.0000e+00)
  preprocessing:  winsorizing the image intensities
  Shrink factors (level 1 out of 4): [12, 12, 5]
  Shrink factors (level 2 out of 4): [8, 8, 3]
  Shrink factors (level 3 out of 4): [4, 4, 2]
  Shrink factors (level 4 out of 4): [2, 2, 1]
  smoothing sigmas per level: [4, 3, 2, 1]
  regular sampling (percentage = 2.5000e-01)

*** Running AffineTransform registration ***

DIAGNOSTIC,Iteration,metricValue,convergenceValue,ITERATION_TIME_INDEX,SINCE_LAST
 2DIAGNOSTIC,     1, -3.244431670489e-01, 1.797693134862e+308, 3.9667e+00, 3.9667e+00, 
 2DIAGNOSTIC,     2, -3.249016150745e-01, 1.797693134862e+308, 3.9779e+00, 1.1118e-02, 
 2DIAGNOSTIC,     3, -3.254153420852e-01, 1.797693134862e+308, 3.9990e+00, 2.1124e-02, 
 2DIAGNOSTIC,     4, -3.257275179047e-01, 1.797693134862e+308, 4.0107e+00, 1.1687e-02, 
 2DIAGNOSTIC,     5, -3.285009804531e-01, 1.797693134862e+308, 4.0248e+00, 1.4102e-02, 
 2DIAGNOSTIC,     6, -3.317696843487e-01, 1.797693134862e+308, 4.0419e+00, 1.7121e-02, 
 2DIAGNOSTIC,     7, -3.334460223115e-01, 1.797693134862e+308, 4.0530e+00, 1.1151e-02, 
 2DIAGNOSTIC,     8, -3.335116527315e-01, 1.797693134862e+308, 4.0721e+00, 1.9065e-02, 
 2DIAGNOSTIC,     9, -3.337550508182e-01, 1.797693134862e+308, 4.0854e+00, 1.3267e-02, 
 2DIAGNOSTIC,    10, -3.332870260768e-01, 2.281011905725e-03, 4.0983e+00, 1.2942e-02, 
 2DIAGNOSTIC,    11, -3.327444419279e-01, 1.802752072703e-03, 4.1152e+00, 1.6874e-02, 
 2DIAGNOSTIC,    12, -3.338308078907e-01, 1.354615464625e-03, 4.1437e+00, 2.8473e-02, 
 2DIAGNOSTIC,    13, -3.339526270764e-01, 8.978100461636e-04, 4.1589e+00, 1.5184e-02, 
 2DIAGNOSTIC,    14, -3.339718162478e-01, 4.450970925301e-04, 4.1695e+00, 1.0600e-02, 
 2DIAGNOSTIC,    15, -3.338318874298e-01, 1.611542393492e-04, 4.1850e+00, 1.5597e-02, 
 2DIAGNOSTIC,    16, -3.338852289189e-01, 7.504917881995e-05, 4.1985e+00, 1.3441e-02, 
 2DIAGNOSTIC,    17, -3.339741183547e-01, 8.020710376384e-05, 4.2085e+00, 9.9771e-03, 
 2DIAGNOSTIC,    18, -3.341853688458e-01, 8.922600877943e-05, 4.2234e+00, 1.4963e-02, 
 2DIAGNOSTIC,    19, -3.344211112402e-01, 1.117147813151e-04, 4.2379e+00, 1.4482e-02, 
 2DIAGNOSTIC,    20, -3.346350796096e-01, 1.121128777185e-04, 4.2500e+00, 1.2052e-02, 
 2DIAGNOSTIC,    21, -3.351706877623e-01, 1.006688619962e-04, 4.2688e+00, 1.8854e-02, 
 2DIAGNOSTIC,    22, -3.355784316124e-01, 1.384891149133e-04, 4.2807e+00, 1.1841e-02, 
 2DIAGNOSTIC,    23, -3.357352971701e-01, 1.702420609272e-04, 4.3005e+00, 1.9798e-02, 
 2DIAGNOSTIC,    24, -3.354789800513e-01, 1.754033812644e-04, 4.3131e+00, 1.2653e-02, 
 2DIAGNOSTIC,    25, -3.354963614780e-01, 1.600401755671e-04, 4.3269e+00, 1.3802e-02, 
 2DIAGNOSTIC,    26, -3.353454549808e-01, 1.274572855022e-04, 4.3424e+00, 1.5504e-02, 
 2DIAGNOSTIC,    27, -3.353110578105e-01, 8.686588993419e-05, 4.3554e+00, 1.2977e-02, 
 2DIAGNOSTIC,    28, -3.351403669762e-01, 4.237928718272e-05, 4.3753e+00, 1.9938e-02, 
DIAGNOSTIC,Iteration,metricValue,convergenceValue,ITERATION_TIME_INDEX,SINCE_LAST
 2DIAGNOSTIC,     1, -3.272033388975e-01, 1.797693134862e+308, 8.2493e+00, 3.8740e+00, 
 2DIAGNOSTIC,     2, -3.280172180214e-01, 1.797693134862e+308, 8.2909e+00, 4.1555e-02, 
 2DIAGNOSTIC,     3, -3.289873761863e-01, 1.797693134862e+308, 8.3285e+00, 3.7571e-02, 
 2DIAGNOSTIC,     4, -3.296335927694e-01, 1.797693134862e+308, 8.3704e+00, 4.1917e-02, 
 2DIAGNOSTIC,     5, -3.301400838704e-01, 1.797693134862e+308, 8.4123e+00, 4.1922e-02, 
 2DIAGNOSTIC,     6, -3.301792262405e-01, 1.797693134862e+308, 8.4676e+00, 5.5250e-02, 
 2DIAGNOSTIC,     7, -3.302224482785e-01, 1.797693134862e+308, 8.5095e+00, 4.1945e-02, 
 2DIAGNOSTIC,     8, -3.302577294261e-01, 1.797693134862e+308, 8.5515e+00, 4.2014e-02, 
 2DIAGNOSTIC,     9, -3.302279680459e-01, 1.797693134862e+308, 8.5932e+00, 4.1710e-02, 
 2DIAGNOSTIC,    10, -3.301155726170e-01, 5.221684341579e-04, 8.6358e+00, 4.2537e-02, 
 2DIAGNOSTIC,    11, -3.301633113420e-01, 2.860032595835e-04, 8.6824e+00, 4.6650e-02, 
 2DIAGNOSTIC,    12, -3.300921778495e-01, 1.161086474632e-04, 8.7244e+00, 4.1994e-02, 
 2DIAGNOSTIC,    13, -3.300147956521e-01, 2.058274178572e-05, 8.7618e+00, 3.7361e-02, 
DIAGNOSTIC,Iteration,metricValue,convergenceValue,ITERATION_TIME_INDEX,SINCE_LAST
 2DIAGNOSTIC,     1, -3.164615154326e-01, 1.797693134862e+308, 1.3071e+01, 4.3097e+00, 
 2DIAGNOSTIC,     2, -3.176448015180e-01, 1.797693134862e+308, 1.3457e+01, 3.8585e-01, 
 2DIAGNOSTIC,     3, -3.188862126261e-01, 1.797693134862e+308, 1.3839e+01, 3.8155e-01, 
 2DIAGNOSTIC,     4, -3.201632527105e-01, 1.797693134862e+308, 1.4221e+01, 3.8243e-01, 
 2DIAGNOSTIC,     5, -3.209761810381e-01, 1.797693134862e+308, 1.4713e+01, 4.9217e-01, 
 2DIAGNOSTIC,     6, -3.211587210185e-01, 1.797693134862e+308, 1.5152e+01, 4.3846e-01, 
 2DIAGNOSTIC,     7, -3.211465971625e-01, 1.797693134862e+308, 1.5645e+01, 4.9310e-01, 
 2DIAGNOSTIC,     8, -3.210911487735e-01, 1.797693134862e+308, 1.6087e+01, 4.4150e-01, 
 2DIAGNOSTIC,     9, -3.211510264792e-01, 1.797693134862e+308, 1.6697e+01, 6.1016e-01, 
 2DIAGNOSTIC,    10, -3.211498517050e-01, 8.726246667284e-04, 1.7249e+01, 5.5232e-01, 
 2DIAGNOSTIC,    11, -3.211301893518e-01, 5.040129274017e-04, 1.7690e+01, 4.4077e-01, 
 2DIAGNOSTIC,    12, -3.211254369600e-01, 2.388590683185e-04, 1.8076e+01, 3.8669e-01, 
 2DIAGNOSTIC,    13, -3.210967163085e-01, 7.449108151343e-05, 1.8460e+01, 3.8367e-01, 
 2DIAGNOSTIC,    14, -3.210969027930e-01, 6.697058751837e-06, 1.8904e+01, 4.4430e-01, 
DIAGNOSTIC,Iteration,metricValue,convergenceValue,ITERATION_TIME_INDEX,SINCE_LAST
 2DIAGNOSTIC,     1, -2.675571662306e-01, 1.797693134862e+308, 2.5953e+01, 7.0489e+00, 
  Elapsed time (stage 1): 2.7634e+01


Total elapsed time: 5.8177e+01
Using double precision for computations.
Input scalar image: /home/ccn30/rds/rds-p00500_encrypt-URQgmO1brZ0/p00500/ENCRYPT_images/26001/T2/N4t2.nii
Reference image: /home/ccn30/rds/rds-p00500_encrypt-URQgmO1brZ0/p00500/ENCRYPT_images/26001/mp2rage/n4mag0000_PSIR_skulled_std.nii
Can't read initial transform T1xT2_ANTs_0GenericAffine.mat
