This is job 16
Time: Thu 16 Sep 12:56:46 BST 2021
Running on master node: cpu-p-524
Current directory: /rds/user/ccn30/hpc-work/WBIC_lustre/ENCRYPT/scripts/Registration/slurmoutputs
Changed directory to /home/ccn30/rds/hpc-work/WBIC_lustre/ENCRYPT/scripts/Registration/slurmoutputs.

JobID: 46502790
======
Time: Thu 16 Sep 12:56:46 BST 2021
Running on master node: cpu-p-524
Current directory: /home/ccn30/rds/hpc-work/WBIC_lustre/ENCRYPT/scripts/Registration/slurmoutputs

Nodes allocated:
================
cpu-p-524

numtasks=, numnodes=, mpi_tasks_per_node= (OMP_NUM_THREADS=1)

Executing command:
==================
/home/ccn30/rds/hpc-work/WBIC_lustre/ENCRYPT/scripts/Registration/coreg_main.sh /home/ccn30/rds/hpc-work/WBIC_lustre/ENCRYPT/ENCRYPT_MasterRIScodes.txt 16 /home/ccn30/rds/rds-p00500_encrypt-URQgmO1brZ0/p00500 /home/ccn30/rds/hpc-work/WBIC_home/ENCRYPT/atlases/magdeburgatlas

******** starting 26547 ********
All_Command_lines_OK
Using double precision for computations.
=============================================================================
The composite transform comprises the following transforms (in order): 
  1. Center of mass alignment using fixed image: /home/ccn30/rds/hpc-work/WBIC_home/ENCRYPT/atlases/magdeburgatlas/template/template.nii.gz and moving image: /home/ccn30/rds/rds-p00500_encrypt-URQgmO1brZ0/p00500/ENCRYPT_images/26547/mp2rage/denoise_n4mag0000_PSIR_skulled_std.nii (type = Euler3DTransform)
=============================================================================
  number of levels = 4
  number of levels = 4
  fixed image: /home/ccn30/rds/hpc-work/WBIC_home/ENCRYPT/atlases/magdeburgatlas/template/template.nii.gz
  moving image: /home/ccn30/rds/rds-p00500_encrypt-URQgmO1brZ0/p00500/ENCRYPT_images/26547/mp2rage/denoise_n4mag0000_PSIR_skulled_std.nii
  fixed image: /home/ccn30/rds/hpc-work/WBIC_home/ENCRYPT/atlases/magdeburgatlas/template/template.nii.gz
  moving image: /home/ccn30/rds/rds-p00500_encrypt-URQgmO1brZ0/p00500/ENCRYPT_images/26547/mp2rage/denoise_n4mag0000_PSIR_skulled_std.nii
Dimension = 3
Number of stages = 2
Use Histogram Matching true
Winsorize image intensities true
Lower quantile = 0.005
Upper quantile = 0.995
Stage 1 State
   Image metric = Mattes
     Fixed image = Image (0x3683200)
  RTTI typeinfo:   itk::Image<double, 3u>
  Reference Count: 2
  Modified Time: 1698
  Debug: Off
  Object Name: 
  Observers: 
    none
  Source: (none)
  Source output name: (none)
  Release Data: Off
  Data Released: False
  Global Release Data: Off
  PipelineMTime: 0
  UpdateMTime: 1481
  RealTimeStamp: 0 seconds 
  LargestPossibleRegion: 
    Dimension: 3
    Index: [0, 0, 0]
    Size: [384, 301, 288]
  BufferedRegion: 
    Dimension: 3
    Index: [0, 0, 0]
    Size: [384, 301, 288]
  RequestedRegion: 
    Dimension: 3
    Index: [0, 0, 0]
    Size: [384, 301, 288]
  Spacing: [0.598958, 0.598958, 0.599937]
  Origin: [83.4012, -147.626, 85.1783]
  Direction: 
-0 0 -1
1 -0 0
0 -1 0

  IndexToPointMatrix: 
0 0 -0.599937
0.598958 0 0
0 -0.598958 0

  PointToIndexMatrix: 
0 1.66957 0
0 0 -1.66957
-1.66684 0 0

  Inverse Direction: 
0 1 0
0 0 -1
-1 0 0

  PixelContainer: 
    ImportImageContainer (0x3673dc0)
      RTTI typeinfo:   itk::ImportImageContainer<unsigned long, double>
      Reference Count: 1
      Modified Time: 1478
      Debug: Off
      Object Name: 
      Observers: 
        none
      Pointer: 0x2ad81f5be010
      Container manages memory: true
      Size: 33288192
      Capacity: 33288192

     Moving image = Image (0x36873f0)
  RTTI typeinfo:   itk::Image<double, 3u>
  Reference Count: 2
  Modified Time: 1699
  Debug: Off
  Object Name: 
  Observers: 
    none
  Source: (none)
  Source output name: (none)
  Release Data: Off
  Data Released: False
  Global Release Data: Off
  PipelineMTime: 0
  UpdateMTime: 1696
  RealTimeStamp: 0 seconds 
  LargestPossibleRegion: 
    Dimension: 3
    Index: [0, 0, 0]
    Size: [224, 320, 320]
  BufferedRegion: 
    Dimension: 3
    Index: [0, 0, 0]
    Size: [224, 320, 320]
  RequestedRegion: 
    Dimension: 3
    Index: [0, 0, 0]
    Size: [224, 320, 320]
  Spacing: [0.7, 0.7, 0.7]
  Origin: [-76.8093, 74.7286, -103.862]
  Direction: 
1 0 0
0 -1 0
0 0 1

  IndexToPointMatrix: 
0.7 0 0
0 -0.7 0
0 0 0.7

  PointToIndexMatrix: 
1.42857 0 0
0 -1.42857 0
0 0 1.42857

  Inverse Direction: 
1 0 0
0 -1 0
0 0 1

  PixelContainer: 
    ImportImageContainer (0x36876b0)
      RTTI typeinfo:   itk::ImportImageContainer<unsigned long, double>
      Reference Count: 1
      Modified Time: 1693
      Debug: Off
      Object Name: 
      Observers: 
        none
      Pointer: 0x2ad82f3b7010
      Container manages memory: true
      Size: 22937600
      Capacity: 22937600

     Weighting = 1
     Sampling strategy = regular
     Number of bins = 32
     Radius = 4
     Sampling percentage  = 0.25
   Transform = Rigid
     Gradient step = 0.1
     Update field sigma (voxel space) = 0
     Total field sigma (voxel space) = 0
     Update field time sigma = 0
     Total field time sigma  = 0
     Number of time indices = 0
     Number of time point samples = 0
Stage 2 State
   Image metric = Mattes
     Fixed image = Image (0x3696060)
  RTTI typeinfo:   itk::Image<double, 3u>
  Reference Count: 2
  Modified Time: 2130
  Debug: Off
  Object Name: 
  Observers: 
    none
  Source: (none)
  Source output name: (none)
  Release Data: Off
  Data Released: False
  Global Release Data: Off
  PipelineMTime: 0
  UpdateMTime: 1913
  RealTimeStamp: 0 seconds 
  LargestPossibleRegion: 
    Dimension: 3
    Index: [0, 0, 0]
    Size: [384, 301, 288]
  BufferedRegion: 
    Dimension: 3
    Index: [0, 0, 0]
    Size: [384, 301, 288]
  RequestedRegion: 
    Dimension: 3
    Index: [0, 0, 0]
    Size: [384, 301, 288]
  Spacing: [0.598958, 0.598958, 0.599937]
  Origin: [83.4012, -147.626, 85.1783]
  Direction: 
-0 0 -1
1 -0 0
0 -1 0

  IndexToPointMatrix: 
0 0 -0.599937
0.598958 0 0
0 -0.598958 0

  PointToIndexMatrix: 
0 1.66957 0
0 0 -1.66957
-1.66684 0 0

  Inverse Direction: 
0 1 0
0 0 -1
-1 0 0

  PixelContainer: 
    ImportImageContainer (0x368a140)
      RTTI typeinfo:   itk::ImportImageContainer<unsigned long, double>
      Reference Count: 1
      Modified Time: 1910
      Debug: Off
      Object Name: 
      Observers: 
        none
      Pointer: 0x2ad83a2b8010
      Container manages memory: true
      Size: 33288192
      Capacity: 33288192

     Moving image = Image (0x3697e80)
  RTTI typeinfo:   itk::Image<double, 3u>
  Reference Count: 2
  Modified Time: 2131
  Debug: Off
  Object Name: 
  Observers: 
    none
  Source: (none)
  Source output name: (none)
  Release Data: Off
  Data Released: False
  Global Release Data: Off
  PipelineMTime: 0
  UpdateMTime: 2128
  RealTimeStamp: 0 seconds 
  LargestPossibleRegion: 
    Dimension: 3
    Index: [0, 0, 0]
    Size: [224, 320, 320]
  BufferedRegion: 
    Dimension: 3
    Index: [0, 0, 0]
    Size: [224, 320, 320]
  RequestedRegion: 
    Dimension: 3
    Index: [0, 0, 0]
    Size: [224, 320, 320]
  Spacing: [0.7, 0.7, 0.7]
  Origin: [-76.8093, 74.7286, -103.862]
  Direction: 
1 0 0
0 -1 0
0 0 1

  IndexToPointMatrix: 
0.7 0 0
0 -0.7 0
0 0 0.7

  PointToIndexMatrix: 
1.42857 0 0
0 -1.42857 0
0 0 1.42857

  Inverse Direction: 
1 0 0
0 -1 0
0 0 1

  PixelContainer: 
    ImportImageContainer (0x3692540)
      RTTI typeinfo:   itk::ImportImageContainer<unsigned long, double>
      Reference Count: 1
      Modified Time: 2125
      Debug: Off
      Object Name: 
      Observers: 
        none
      Pointer: 0x2ad84a0b1010
      Container manages memory: true
      Size: 22937600
      Capacity: 22937600

     Weighting = 1
     Sampling strategy = regular
     Number of bins = 32
     Radius = 4
     Sampling percentage  = 0.25
   Transform = Affine
     Gradient step = 0.1
     Update field sigma (voxel space) = 0
     Total field sigma (voxel space) = 0
     Update field time sigma = 0
     Total field time sigma  = 0
     Number of time indices = 0
     Number of time point samples = 0
Registration using 2 total stages.

Stage 0
  iterations = 1000x500x250x100
  convergence threshold = 1e-06
  convergence window size = 10
  number of levels = 4
  using the Mattes MI metric (number of bins = 32, weight = 1)
  preprocessing:  winsorizing the image intensities
  preprocessing:  histogram matching the images
  Shrink factors (level 1 out of 4): [8, 8, 8]
  Shrink factors (level 2 out of 4): [4, 4, 4]
  Shrink factors (level 3 out of 4): [2, 2, 2]
  Shrink factors (level 4 out of 4): [1, 1, 1]
  smoothing sigmas per level: [3, 2, 1, 0]
  regular sampling (percentage = 0.25)

*** Running Euler3DTransform registration ***

DIAGNOSTIC,Iteration,metricValue,convergenceValue,ITERATION_TIME_INDEX,SINCE_LAST
 2DIAGNOSTIC,     1, -3.604305437342e-01, 1.797693134862e+308, 2.6359e+00, 2.6359e+00, 
 2DIAGNOSTIC,     2, -3.620052801375e-01, 1.797693134862e+308, 2.6663e+00, 3.0466e-02, 
 2DIAGNOSTIC,     3, -3.648868020486e-01, 1.797693134862e+308, 2.6967e+00, 3.0363e-02, 
 2DIAGNOSTIC,     4, -3.694288051019e-01, 1.797693134862e+308, 2.7277e+00, 3.1025e-02, 
 2DIAGNOSTIC,     5, -3.776544844844e-01, 1.797693134862e+308, 2.7584e+00, 3.0712e-02, 
 2DIAGNOSTIC,     6, -3.909508869843e-01, 1.797693134862e+308, 2.7887e+00, 3.0272e-02, 
 2DIAGNOSTIC,     7, -4.088769259387e-01, 1.797693134862e+308, 2.8190e+00, 3.0331e-02, 
 2DIAGNOSTIC,     8, -4.511187403442e-01, 1.797693134862e+308, 2.8591e+00, 4.0050e-02, 
 2DIAGNOSTIC,     9, -5.098930860215e-01, 1.797693134862e+308, 2.8997e+00, 4.0570e-02, 
 2DIAGNOSTIC,    10, -5.133459330802e-01, 2.513196429236e-02, 2.9313e+00, 3.1608e-02, 
 2DIAGNOSTIC,    11, -5.193722387522e-01, 2.597669879321e-02, 2.9692e+00, 3.7932e-02, 
 2DIAGNOSTIC,    12, -5.262785874482e-01, 2.482499371302e-02, 3.0012e+00, 3.2008e-02, 
 2DIAGNOSTIC,    13, -5.348678352302e-01, 2.217980294865e-02, 3.0371e+00, 3.5906e-02, 
 2DIAGNOSTIC,    14, -5.749998148699e-01, 1.987206206381e-02, 3.0817e+00, 4.4645e-02, 
 2DIAGNOSTIC,    15, -5.764265063150e-01, 1.654042348125e-02, 3.1130e+00, 3.1294e-02, 
 2DIAGNOSTIC,    16, -5.778734742768e-01, 1.285063309627e-02, 3.1492e+00, 3.6133e-02, 
 2DIAGNOSTIC,    17, -5.794944895723e-01, 9.221532014961e-03, 3.1898e+00, 4.0617e-02, 
 2DIAGNOSTIC,    18, -5.799940237650e-01, 6.595707029204e-03, 3.2258e+00, 3.5993e-02, 
 2DIAGNOSTIC,    19, -5.813342589082e-01, 5.544590892168e-03, 3.2620e+00, 3.6167e-02, 
 2DIAGNOSTIC,    20, -5.824494515092e-01, 4.237985408841e-03, 3.2983e+00, 3.6372e-02, 
 2DIAGNOSTIC,    21, -5.824999614941e-01, 2.869324577208e-03, 3.3342e+00, 3.5873e-02, 
 2DIAGNOSTIC,    22, -5.825197373431e-01, 1.568605943558e-03, 3.3699e+00, 3.5734e-02, 
 2DIAGNOSTIC,    23, -5.825615803498e-01, 4.402974651249e-04, 3.4010e+00, 3.1047e-02, 
 2DIAGNOSTIC,    24, -5.826238936060e-01, 3.257451953433e-04, 3.4354e+00, 3.4437e-02, 
 2DIAGNOSTIC,    25, -5.827493441955e-01, 2.254746545234e-04, 3.4695e+00, 3.4110e-02, 
 2DIAGNOSTIC,    26, -5.829201314834e-01, 1.472614553946e-04, 3.4991e+00, 2.9609e-02, 
 2DIAGNOSTIC,    27, -5.830960474849e-01, 9.928112874266e-05, 3.5314e+00, 3.2296e-02, 
 2DIAGNOSTIC,    28, -5.832948215721e-01, 5.925595533152e-05, 3.5754e+00, 4.3955e-02, 
 2DIAGNOSTIC,    29, -5.833629034415e-01, 4.296758924512e-05, 3.6054e+00, 3.0021e-02, 
 2DIAGNOSTIC,    30, -5.833721855127e-01, 4.449200640104e-05, 3.6354e+00, 2.9977e-02, 
 2DIAGNOSTIC,    31, -5.833489827009e-01, 4.231725672919e-05, 3.6618e+00, 2.6425e-02, 
 2DIAGNOSTIC,    32, -5.833732727939e-01, 3.714086633495e-05, 3.6889e+00, 2.7059e-02, 
 2DIAGNOSTIC,    33, -5.834504525556e-01, 3.081782313118e-05, 3.7227e+00, 3.3819e-02, 
 2DIAGNOSTIC,    34, -5.834281731617e-01, 2.268166526232e-05, 3.7523e+00, 2.9658e-02, 
 2DIAGNOSTIC,    35, -5.834301239330e-01, 1.499946685491e-05, 3.7783e+00, 2.6002e-02, 
 2DIAGNOSTIC,    36, -5.834643726757e-01, 9.510678741581e-06, 3.8079e+00, 2.9558e-02, 
 2DIAGNOSTIC,    37, -5.834690624947e-01, 6.052739470137e-06, 3.8341e+00, 2.6155e-02, 
 2DIAGNOSTIC,    38, -5.834724342220e-01, 5.102515095664e-06, 3.8701e+00, 3.6020e-02, 
 2DIAGNOSTIC,    39, -5.834819467760e-01, 4.872854953729e-06, 3.9002e+00, 3.0110e-02, 
 2DIAGNOSTIC,    40, -5.834702739213e-01, 4.271492920593e-06, 3.9276e+00, 2.7380e-02, 
 2DIAGNOSTIC,    41, -5.834635463765e-01, 2.988067475337e-06, 3.9577e+00, 3.0160e-02, 
 2DIAGNOSTIC,    42, -5.834526299594e-01, 1.704070839232e-06, 3.9835e+00, 2.5733e-02, 
 2DIAGNOSTIC,    43, -5.834658599296e-01, 1.524518276584e-06, 4.0132e+00, 2.9745e-02, 
DIAGNOSTIC,Iteration,metricValue,convergenceValue,ITERATION_TIME_INDEX,SINCE_LAST
 2DIAGNOSTIC,     1, -4.867682334839e-01, 1.797693134862e+308, 6.7799e+00, 2.7667e+00, 
 2DIAGNOSTIC,     2, -4.876026145861e-01, 1.797693134862e+308, 6.9825e+00, 2.0259e-01, 
 2DIAGNOSTIC,     3, -4.883963195130e-01, 1.797693134862e+308, 7.1928e+00, 2.1026e-01, 
 2DIAGNOSTIC,     4, -4.888007833027e-01, 1.797693134862e+308, 7.3943e+00, 2.0154e-01, 
 2DIAGNOSTIC,     5, -4.889147382465e-01, 1.797693134862e+308, 7.5984e+00, 2.0411e-01, 
 2DIAGNOSTIC,     6, -4.891049103673e-01, 1.797693134862e+308, 7.7984e+00, 1.9995e-01, 
 2DIAGNOSTIC,     7, -4.893917581104e-01, 1.797693134862e+308, 8.0004e+00, 2.0207e-01, 
 2DIAGNOSTIC,     8, -4.906091776943e-01, 1.797693134862e+308, 8.2958e+00, 2.9534e-01, 
 2DIAGNOSTIC,     9, -4.914614895299e-01, 1.797693134862e+308, 8.5129e+00, 2.1717e-01, 
 2DIAGNOSTIC,    10, -4.915622795457e-01, 5.855990738068e-04, 8.7506e+00, 2.3762e-01, 
 2DIAGNOSTIC,    11, -4.917454537679e-01, 5.104261531603e-04, 8.9820e+00, 2.3142e-01, 
 2DIAGNOSTIC,    12, -4.918901996362e-01, 4.489038236635e-04, 9.2221e+00, 2.4009e-01, 
 2DIAGNOSTIC,    13, -4.919172565425e-01, 3.917983381217e-04, 9.4548e+00, 2.3272e-01, 
 2DIAGNOSTIC,    14, -4.919356199348e-01, 3.245629913246e-04, 9.7150e+00, 2.6023e-01, 
 2DIAGNOSTIC,    15, -4.920302442611e-01, 2.455280029523e-04, 9.9732e+00, 2.5813e-01, 
 2DIAGNOSTIC,    16, -4.920387062486e-01, 1.618080504852e-04, 1.0297e+01, 3.2348e-01, 
 2DIAGNOSTIC,    17, -4.920327198826e-01, 8.198392205712e-05, 1.0532e+01, 2.3574e-01, 
 2DIAGNOSTIC,    18, -4.920337004207e-01, 4.225544516718e-05, 1.0765e+01, 2.3270e-01, 
 2DIAGNOSTIC,    19, -4.920304651899e-01, 2.889140297075e-05, 1.0991e+01, 2.2592e-01, 
 2DIAGNOSTIC,    20, -4.920234891693e-01, 1.691887465341e-05, 1.1246e+01, 2.5491e-01, 
 2DIAGNOSTIC,    21, -4.920252168835e-01, 9.656780197737e-06, 1.1455e+01, 2.0893e-01, 
 2DIAGNOSTIC,    22, -4.920255407966e-01, 6.138642819078e-06, 1.1696e+01, 2.4148e-01, 
 2DIAGNOSTIC,    23, -4.920251481454e-01, 3.176697179211e-06, 1.1935e+01, 2.3849e-01, 
DIAGNOSTIC,Iteration,metricValue,convergenceValue,ITERATION_TIME_INDEX,SINCE_LAST
 2DIAGNOSTIC,     1, -4.156881871212e-01, 1.797693134862e+308, 1.6737e+01, 4.8023e+00, 
 2DIAGNOSTIC,     2, -4.159506726009e-01, 1.797693134862e+308, 1.8543e+01, 1.8062e+00, 
 2DIAGNOSTIC,     3, -4.159958042890e-01, 1.797693134862e+308, 2.0116e+01, 1.5723e+00, 
 2DIAGNOSTIC,     4, -4.160193296871e-01, 1.797693134862e+308, 2.1693e+01, 1.5773e+00, 
 2DIAGNOSTIC,     5, -4.160862902511e-01, 1.797693134862e+308, 2.3263e+01, 1.5703e+00, 
 2DIAGNOSTIC,     6, -4.161986337340e-01, 1.797693134862e+308, 2.5065e+01, 1.8021e+00, 
 2DIAGNOSTIC,     7, -4.162307403544e-01, 1.797693134862e+308, 2.6639e+01, 1.5742e+00, 
 2DIAGNOSTIC,     8, -4.163836611829e-01, 1.797693134862e+308, 2.9115e+01, 2.4752e+00, 
 2DIAGNOSTIC,     9, -4.164779213844e-01, 1.797693134862e+308, 3.0914e+01, 1.7994e+00, 
 2DIAGNOSTIC,    10, -4.164906091468e-01, 1.160459846472e-04, 3.2724e+01, 1.8097e+00, 
 2DIAGNOSTIC,    11, -4.164891059744e-01, 9.209203532946e-05, 3.4547e+01, 1.8232e+00, 
 2DIAGNOSTIC,    12, -4.164910843190e-01, 7.920048094213e-05, 3.6379e+01, 1.8325e+00, 
 2DIAGNOSTIC,    13, -4.164907922077e-01, 6.368715638522e-05, 3.7974e+01, 1.5945e+00, 
 2DIAGNOSTIC,    14, -4.164915653168e-01, 4.590480595630e-05, 3.9791e+01, 1.8174e+00, 
 2DIAGNOSTIC,    15, -4.164941553010e-01, 2.963652373147e-05, 4.1612e+01, 1.8211e+00, 
 2DIAGNOSTIC,    16, -4.164940118060e-01, 1.776823395951e-05, 4.3204e+01, 1.5915e+00, 
 2DIAGNOSTIC,    17, -4.164967907379e-01, 7.123959845146e-06, 4.5049e+01, 1.8447e+00, 
 2DIAGNOSTIC,    18, -4.164988695707e-01, 2.957212507405e-06, 4.6902e+01, 1.8536e+00, 
 2DIAGNOSTIC,    19, -4.165037994000e-01, 2.668662677383e-06, 4.8745e+01, 1.8426e+00, 
 2DIAGNOSTIC,    20, -4.165036342469e-01, 2.742221561061e-06, 5.0365e+01, 1.6197e+00, 
 2DIAGNOSTIC,    21, -4.165064741264e-01, 2.746051181522e-06, 5.2692e+01, 2.3271e+00, 
 2DIAGNOSTIC,    22, -4.165091782830e-01, 2.780008768757e-06, 5.4556e+01, 1.8648e+00, 
 2DIAGNOSTIC,    23, -4.165092676167e-01, 2.677165626498e-06, 5.6180e+01, 1.6237e+00, 
 2DIAGNOSTIC,    24, -4.165071160376e-01, 2.421161305333e-06, 5.7996e+01, 1.8158e+00, 
 2DIAGNOSTIC,    25, -4.165099832695e-01, 2.235943100795e-06, 5.9531e+01, 1.5353e+00, 
 2DIAGNOSTIC,    26, -4.165111296802e-01, 1.997098957894e-06, 6.1264e+01, 1.7326e+00, 
 2DIAGNOSTIC,    27, -4.165153153502e-01, 1.876843266344e-06, 6.3001e+01, 1.7369e+00, 
 2DIAGNOSTIC,    28, -4.165154254970e-01, 1.748783126199e-06, 6.4989e+01, 1.9878e+00, 
 2DIAGNOSTIC,    29, -4.165159518608e-01, 1.704248413857e-06, 6.6785e+01, 1.7968e+00, 
 2DIAGNOSTIC,    30, -4.165157229429e-01, 1.595470899708e-06, 6.8579e+01, 1.7933e+00, 
 2DIAGNOSTIC,    31, -4.165155188978e-01, 1.497980936044e-06, 7.0149e+01, 1.5700e+00, 
 2DIAGNOSTIC,    32, -4.165155355579e-01, 1.418969284607e-06, 7.1716e+01, 1.5670e+00, 
 2DIAGNOSTIC,    33, -4.165161051889e-01, 1.319936471997e-06, 7.3287e+01, 1.5712e+00, 
 2DIAGNOSTIC,    34, -4.165170514873e-01, 1.168200648161e-06, 7.4864e+01, 1.5771e+00, 
 2DIAGNOSTIC,    35, -4.165186599774e-01, 1.090379871171e-06, 7.6666e+01, 1.8024e+00, 
 2DIAGNOSTIC,    36, -4.165195019678e-01, 1.034854361301e-06, 7.8246e+01, 1.5793e+00, 
 2DIAGNOSTIC,    37, -4.165236425363e-01, 1.121703213688e-06, 7.9816e+01, 1.5703e+00, 
 2DIAGNOSTIC,    38, -4.165294297726e-01, 1.282876889795e-06, 8.1603e+01, 1.7873e+00, 
 2DIAGNOSTIC,    39, -4.165359352389e-01, 1.514243394809e-06, 8.3176e+01, 1.5724e+00, 
 2DIAGNOSTIC,    40, -4.165407852659e-01, 1.745129225985e-06, 8.4757e+01, 1.5811e+00, 
 2DIAGNOSTIC,    41, -4.165445120702e-01, 1.933094383039e-06, 8.6576e+01, 1.8189e+00, 
 2DIAGNOSTIC,    42, -4.165480820505e-01, 2.059652892766e-06, 8.8406e+01, 1.8301e+00, 
 2DIAGNOSTIC,    43, -4.165534839081e-01, 2.148956011066e-06, 9.0688e+01, 2.2818e+00, 
 2DIAGNOSTIC,    44, -4.165496620850e-01, 2.052292430742e-06, 9.2514e+01, 1.8262e+00, 
 2DIAGNOSTIC,    45, -4.165465411997e-01, 1.813395993630e-06, 9.5265e+01, 2.7511e+00, 
 2DIAGNOSTIC,    46, -4.165444986357e-01, 1.462609362610e-06, 9.7134e+01, 1.8696e+00, 
 2DIAGNOSTIC,    47, -4.165455731067e-01, 1.126579915439e-06, 9.8747e+01, 1.6126e+00, 
DIAGNOSTIC,Iteration,metricValue,convergenceValue,ITERATION_TIME_INDEX,SINCE_LAST
 2DIAGNOSTIC,     1, -3.707980245940e-01, 1.797693134862e+308, 1.1429e+02, 1.5538e+01, 
 2DIAGNOSTIC,     2, -3.710598898935e-01, 1.797693134862e+308, 1.2535e+02, 1.1069e+01, 
 2DIAGNOSTIC,     3, -3.710900449100e-01, 1.797693134862e+308, 1.3643e+02, 1.1076e+01, 
 2DIAGNOSTIC,     4, -3.710965445200e-01, 1.797693134862e+308, 1.4769e+02, 1.1262e+01, 
 2DIAGNOSTIC,     5, -3.711063163790e-01, 1.797693134862e+308, 1.5858e+02, 1.0888e+01, 
 2DIAGNOSTIC,     6, -3.711350113863e-01, 1.797693134862e+308, 1.7431e+02, 1.5725e+01, 
 2DIAGNOSTIC,     7, -3.711540202750e-01, 1.797693134862e+308, 1.8703e+02, 1.2721e+01, 
 2DIAGNOSTIC,     8, -3.711832302266e-01, 1.797693134862e+308, 1.9834e+02, 1.1313e+01, 
 2DIAGNOSTIC,     9, -3.712315507699e-01, 1.797693134862e+308, 2.1104e+02, 1.2704e+01, 
 2DIAGNOSTIC,    10, -3.712344473226e-01, 5.551743854890e-05, 2.2211e+02, 1.1071e+01, 
 2DIAGNOSTIC,    11, -3.712485089365e-01, 3.412408992094e-05, 2.3323e+02, 1.1118e+01, 
 2DIAGNOSTIC,    12, -3.712690618781e-01, 3.147223188013e-05, 2.5250e+02, 1.9266e+01, 
 2DIAGNOSTIC,    13, -3.712725835170e-01, 2.856773930650e-05, 2.6365e+02, 1.1153e+01, 
 2DIAGNOSTIC,    14, -3.712722423722e-01, 2.403271632453e-05, 2.7623e+02, 1.2583e+01, 
 2DIAGNOSTIC,    15, -3.712737983213e-01, 1.869359605589e-05, 2.8892e+02, 1.2682e+01, 
 2DIAGNOSTIC,    16, -3.712740787862e-01, 1.390239100675e-05, 3.0175e+02, 1.2834e+01, 
 2DIAGNOSTIC,    17, -3.712743133310e-01, 9.417264632730e-06, 3.1269e+02, 1.0943e+01, 
 2DIAGNOSTIC,    18, -3.712752943437e-01, 5.965296342635e-06, 3.2372e+02, 1.1025e+01, 
 2DIAGNOSTIC,    19, -3.712773129412e-01, 4.532046894233e-06, 3.3565e+02, 1.1934e+01, 
 2DIAGNOSTIC,    20, -3.712794961247e-01, 3.164740541822e-06, 3.4924e+02, 1.3589e+01, 
 2DIAGNOSTIC,    21, -3.712792770400e-01, 2.264397998233e-06, 3.6182e+02, 1.2580e+01, 
 2DIAGNOSTIC,    22, -3.712792841202e-01, 2.090703908914e-06, 3.7447e+02, 1.2654e+01, 
 2DIAGNOSTIC,    23, -3.712792936323e-01, 1.990725933328e-06, 3.8735e+02, 1.2880e+01, 
 2DIAGNOSTIC,    24, -3.712796815182e-01, 1.840855219343e-06, 3.9846e+02, 1.1105e+01, 
 2DIAGNOSTIC,    25, -3.712807165298e-01, 1.732611184226e-06, 4.0952e+02, 1.1055e+01, 
 2DIAGNOSTIC,    26, -3.712820394247e-01, 1.636903454234e-06, 4.2066e+02, 1.1145e+01, 
 2DIAGNOSTIC,    27, -3.712826850067e-01, 1.534702620196e-06, 4.3356e+02, 1.2896e+01, 
 2DIAGNOSTIC,    28, -3.712841068888e-01, 1.471280577543e-06, 4.4597e+02, 1.2419e+01, 
 2DIAGNOSTIC,    29, -3.712852205241e-01, 1.460990368338e-06, 4.5705e+02, 1.1079e+01, 
 2DIAGNOSTIC,    30, -3.712866980358e-01, 1.509847570962e-06, 4.6826e+02, 1.1202e+01, 
 2DIAGNOSTIC,    31, -3.712945312758e-01, 1.700362645539e-06, 4.9524e+02, 2.6988e+01, 
 2DIAGNOSTIC,    32, -3.712949501846e-01, 1.820790020583e-06, 5.0961e+02, 1.4368e+01, 
 2DIAGNOSTIC,    33, -3.712947583574e-01, 1.853580542714e-06, 5.2558e+02, 1.5967e+01, 
 2DIAGNOSTIC,    34, -3.712947940033e-01, 1.811905338881e-06, 5.3987e+02, 1.4295e+01, 
 2DIAGNOSTIC,    35, -3.712948070176e-01, 1.710925961258e-06, 5.5411e+02, 1.4237e+01, 
 2DIAGNOSTIC,    36, -3.712947933089e-01, 1.564469559887e-06, 5.6676e+02, 1.2652e+01, 
 2DIAGNOSTIC,    37, -3.712947240369e-01, 1.372286723967e-06, 5.7790e+02, 1.1140e+01, 
 2DIAGNOSTIC,    38, -3.712947663258e-01, 1.173276542605e-06, 5.9078e+02, 1.2872e+01, 
  Elapsed time (stage 0): 5.9943e+02


Stage 1
  iterations = 1000x500x250x100
  convergence threshold = 1.0000e-06
  convergence window size = 10
  number of levels = 4
  using the Mattes MI metric (number of bins = 32, weight = 1.0000e+00)
  preprocessing:  winsorizing the image intensities
  preprocessing:  histogram matching the images
  Shrink factors (level 1 out of 4): [8, 8, 8]
  Shrink factors (level 2 out of 4): [4, 4, 4]
  Shrink factors (level 3 out of 4): [2, 2, 2]
  Shrink factors (level 4 out of 4): [1, 1, 1]
  smoothing sigmas per level: [3, 2, 1, 0]
  regular sampling (percentage = 2.5000e-01)

*** Running AffineTransform registration ***

DIAGNOSTIC,Iteration,metricValue,convergenceValue,ITERATION_TIME_INDEX,SINCE_LAST
 2DIAGNOSTIC,     1, -5.733922378560e-01, 1.797693134862e+308, 2.6405e+00, 2.6405e+00, 
 2DIAGNOSTIC,     2, -5.743597307129e-01, 1.797693134862e+308, 2.6735e+00, 3.2980e-02, 
 2DIAGNOSTIC,     3, -5.760383813407e-01, 1.797693134862e+308, 2.7064e+00, 3.2861e-02, 
 2DIAGNOSTIC,     4, -5.782101495850e-01, 1.797693134862e+308, 2.7391e+00, 3.2776e-02, 
 2DIAGNOSTIC,     5, -5.809181962196e-01, 1.797693134862e+308, 2.7718e+00, 3.2621e-02, 
 2DIAGNOSTIC,     6, -5.823870308116e-01, 1.797693134862e+308, 2.8044e+00, 3.2657e-02, 
 2DIAGNOSTIC,     7, -5.843474249292e-01, 1.797693134862e+308, 2.8413e+00, 3.6919e-02, 
 2DIAGNOSTIC,     8, -5.852936672394e-01, 1.797693134862e+308, 2.8909e+00, 4.9588e-02, 
 2DIAGNOSTIC,     9, -5.854896100846e-01, 1.797693134862e+308, 2.9234e+00, 3.2477e-02, 
 2DIAGNOSTIC,    10, -5.864419978626e-01, 1.587930850087e-03, 2.9562e+00, 3.2785e-02, 
 2DIAGNOSTIC,    11, -5.871851312194e-01, 1.309328850693e-03, 2.9891e+00, 3.2883e-02, 
 2DIAGNOSTIC,    12, -5.880826803020e-01, 1.035266200643e-03, 3.0262e+00, 3.7105e-02, 
 2DIAGNOSTIC,    13, -5.886235942024e-01, 7.927375783095e-04, 3.0681e+00, 4.1931e-02, 
 2DIAGNOSTIC,    14, -5.886693432313e-01, 5.896363653764e-04, 3.1173e+00, 4.9225e-02, 
 2DIAGNOSTIC,    15, -5.886472451521e-01, 4.474551583534e-04, 3.1504e+00, 3.3084e-02, 
 2DIAGNOSTIC,    16, -5.886705507392e-01, 3.262535668484e-04, 3.1924e+00, 4.1944e-02, 
 2DIAGNOSTIC,    17, -5.886822763871e-01, 2.452221642835e-04, 3.2296e+00, 3.7237e-02, 
 2DIAGNOSTIC,    18, -5.886523080147e-01, 1.756964540688e-04, 3.2671e+00, 3.7549e-02, 
 2DIAGNOSTIC,    19, -5.886418680747e-01, 1.020525673210e-04, 3.3043e+00, 3.7185e-02, 
 2DIAGNOSTIC,    20, -5.886270253336e-01, 4.925792183682e-05, 3.3418e+00, 3.7498e-02, 
 2DIAGNOSTIC,    21, -5.886175324377e-01, 1.362590818187e-05, 3.3792e+00, 3.7418e-02, 
DIAGNOSTIC,Iteration,metricValue,convergenceValue,ITERATION_TIME_INDEX,SINCE_LAST
 2DIAGNOSTIC,     1, -5.062519571709e-01, 1.797693134862e+308, 6.3069e+00, 2.9277e+00, 
 2DIAGNOSTIC,     2, -5.068007999403e-01, 1.797693134862e+308, 6.5497e+00, 2.4281e-01, 
 2DIAGNOSTIC,     3, -5.074631286274e-01, 1.797693134862e+308, 6.7851e+00, 2.3532e-01, 
 2DIAGNOSTIC,     4, -5.078997611809e-01, 1.797693134862e+308, 7.0205e+00, 2.3539e-01, 
 2DIAGNOSTIC,     5, -5.084724487673e-01, 1.797693134862e+308, 7.2894e+00, 2.6891e-01, 
 2DIAGNOSTIC,     6, -5.087860201983e-01, 1.797693134862e+308, 7.5230e+00, 2.3359e-01, 
 2DIAGNOSTIC,     7, -5.088773116538e-01, 1.797693134862e+308, 7.7881e+00, 2.6517e-01, 
 2DIAGNOSTIC,     8, -5.089726715465e-01, 1.797693134862e+308, 8.0534e+00, 2.6527e-01, 
 2DIAGNOSTIC,     9, -5.090023387612e-01, 1.797693134862e+308, 8.2901e+00, 2.3666e-01, 
 2DIAGNOSTIC,    10, -5.090423714968e-01, 3.545161012347e-04, 8.5564e+00, 2.6638e-01, 
 2DIAGNOSTIC,    11, -5.090647844481e-01, 2.401177617812e-04, 8.9798e+00, 4.2333e-01, 
 2DIAGNOSTIC,    12, -5.090638424293e-01, 1.487430393387e-04, 9.2465e+00, 2.6675e-01, 
 2DIAGNOSTIC,    13, -5.090581948552e-01, 8.642751766778e-05, 9.5155e+00, 2.6895e-01, 
 2DIAGNOSTIC,    14, -5.090519068760e-01, 4.211702271946e-05, 9.7511e+00, 2.3565e-01, 
 2DIAGNOSTIC,    15, -5.090506143063e-01, 2.111215356618e-05, 1.0019e+01, 2.6781e-01, 
 2DIAGNOSTIC,    16, -5.090492735295e-01, 1.184437948798e-05, 1.0284e+01, 2.6510e-01, 
 2DIAGNOSTIC,    17, -5.090501121175e-01, 5.728927292156e-06, 1.0551e+01, 2.6713e-01, 
 2DIAGNOSTIC,    18, -5.090507019447e-01, 2.918281121179e-06, 1.0819e+01, 2.6762e-01, 
 2DIAGNOSTIC,    19, -5.090490992386e-01, 1.099473647855e-06, 1.1053e+01, 2.3435e-01, 
DIAGNOSTIC,Iteration,metricValue,convergenceValue,ITERATION_TIME_INDEX,SINCE_LAST
 2DIAGNOSTIC,     1, -4.333797673093e-01, 1.797693134862e+308, 1.6052e+01, 4.9986e+00, 
 2DIAGNOSTIC,     2, -4.335902342682e-01, 1.797693134862e+308, 1.8056e+01, 2.0046e+00, 
 2DIAGNOSTIC,     3, -4.336179802824e-01, 1.797693134862e+308, 2.0065e+01, 2.0087e+00, 
 2DIAGNOSTIC,     4, -4.336185408086e-01, 1.797693134862e+308, 2.3993e+01, 3.9275e+00, 
 2DIAGNOSTIC,     5, -4.336193123905e-01, 1.797693134862e+308, 2.6492e+01, 2.4993e+00, 
 2DIAGNOSTIC,     6, -4.336190174926e-01, 1.797693134862e+308, 2.8502e+01, 2.0106e+00, 
 2DIAGNOSTIC,     7, -4.336188785664e-01, 1.797693134862e+308, 3.0536e+01, 2.0339e+00, 
 2DIAGNOSTIC,     8, -4.336187224899e-01, 1.797693134862e+308, 3.2346e+01, 1.8095e+00, 
 2DIAGNOSTIC,     9, -4.336186540792e-01, 1.797693134862e+308, 3.4406e+01, 2.0600e+00, 
 2DIAGNOSTIC,    10, -4.336185695220e-01, 2.050269814213e-05, 3.6355e+01, 1.9496e+00, 
 2DIAGNOSTIC,    11, -4.336184087426e-01, 4.588492598365e-06, 3.8117e+01, 1.7615e+00, 
 2DIAGNOSTIC,    12, -4.336180499204e-01, 2.609295908604e-06, 4.0091e+01, 1.9743e+00, 
 2DIAGNOSTIC,    13, -4.336182953972e-01, 2.349657473907e-06, 4.2074e+01, 1.9827e+00, 
 2DIAGNOSTIC,    14, -4.336184177286e-01, 2.166060734970e-06, 4.4054e+01, 1.9798e+00, 
 2DIAGNOSTIC,    15, -4.336181498561e-01, 2.038655206524e-06, 4.6038e+01, 1.9844e+00, 
 2DIAGNOSTIC,    16, -4.336182415739e-01, 1.927138144606e-06, 4.8053e+01, 2.0144e+00, 
 2DIAGNOSTIC,    17, -4.336177881296e-01, 1.811683194089e-06, 5.0054e+01, 2.0012e+00, 
 2DIAGNOSTIC,    18, -4.336179351546e-01, 1.714402690027e-06, 5.2979e+01, 2.9252e+00, 
 2DIAGNOSTIC,    19, -4.336177130784e-01, 1.621706213380e-06, 5.4964e+01, 1.9853e+00, 
 2DIAGNOSTIC,    20, -4.336175793913e-01, 1.536296880184e-06, 5.6974e+01, 2.0095e+00, 
 2DIAGNOSTIC,    21, -4.336173390752e-01, 1.452179657663e-06, 5.8743e+01, 1.7693e+00, 
 2DIAGNOSTIC,    22, -4.336171703139e-01, 1.365792100118e-06, 6.0506e+01, 1.7625e+00, 
 2DIAGNOSTIC,    23, -4.336170086481e-01, 1.296649816927e-06, 6.2286e+01, 1.7807e+00, 
 2DIAGNOSTIC,    24, -4.336166753164e-01, 1.235711494421e-06, 6.4306e+01, 2.0199e+00, 
 2DIAGNOSTIC,    25, -4.336196283405e-01, 1.258552739747e-06, 6.6339e+01, 2.0326e+00, 
 2DIAGNOSTIC,    26, -4.336187533016e-01, 1.259311197079e-06, 6.8378e+01, 2.0395e+00, 
 2DIAGNOSTIC,    27, -4.336183999812e-01, 1.238278957545e-06, 7.0428e+01, 2.0501e+00, 
 2DIAGNOSTIC,    28, -4.336183283474e-01, 1.216088856434e-06, 7.2480e+01, 2.0513e+00, 
 2DIAGNOSTIC,    29, -4.336176907600e-01, 1.167920982717e-06, 7.4544e+01, 2.0640e+00, 
 2DIAGNOSTIC,    30, -4.336171783663e-01, 1.101448892066e-06, 7.6491e+01, 1.9471e+00, 
 2DIAGNOSTIC,    31, -4.336171695225e-01, 1.030281246650e-06, 7.8263e+01, 1.7721e+00, 
DIAGNOSTIC,Iteration,metricValue,convergenceValue,ITERATION_TIME_INDEX,SINCE_LAST
 2DIAGNOSTIC,     1, -3.836116821948e-01, 1.797693134862e+308, 9.5400e+01, 1.7137e+01, 
 2DIAGNOSTIC,     2, -3.838150824251e-01, 1.797693134862e+308, 1.0795e+02, 1.2552e+01, 
 2DIAGNOSTIC,     3, -3.839784919376e-01, 1.797693134862e+308, 1.2040e+02, 1.2449e+01, 
 2DIAGNOSTIC,     4, -3.842421758236e-01, 1.797693134862e+308, 1.3284e+02, 1.2440e+01, 
 2DIAGNOSTIC,     5, -3.846703212879e-01, 1.797693134862e+308, 1.4871e+02, 1.5870e+01, 
 2DIAGNOSTIC,     6, -3.849080494578e-01, 1.797693134862e+308, 1.6437e+02, 1.5660e+01, 
 2DIAGNOSTIC,     7, -3.849508833979e-01, 1.797693134862e+308, 1.7689e+02, 1.2515e+01, 
 2DIAGNOSTIC,     8, -3.849795364186e-01, 1.797693134862e+308, 1.8951e+02, 1.2620e+01, 
 2DIAGNOSTIC,     9, -3.849980528587e-01, 1.797693134862e+308, 2.0352e+02, 1.4019e+01, 
 2DIAGNOSTIC,    10, -3.850059485667e-01, 2.619317167754e-04, 2.1771e+02, 1.4188e+01, 
 2DIAGNOSTIC,    11, -3.850185100513e-01, 1.898848806764e-04, 2.3180e+02, 1.4092e+01, 
 2DIAGNOSTIC,    12, -3.850475774056e-01, 1.276425256197e-04, 2.4431e+02, 1.2503e+01, 
 2DIAGNOSTIC,    13, -3.851124962864e-01, 7.669066815094e-05, 2.5693e+02, 1.2627e+01, 
 2DIAGNOSTIC,    14, -3.852936860397e-01, 4.920659235241e-05, 2.7583e+02, 1.8893e+01, 
 2DIAGNOSTIC,    15, -3.853526605944e-01, 4.460475600898e-05, 2.9164e+02, 1.5812e+01, 
 2DIAGNOSTIC,    16, -3.853522185766e-01, 4.766695188552e-05, 3.0567e+02, 1.4034e+01, 
 2DIAGNOSTIC,    17, -3.853514440956e-01, 4.809639765259e-05, 3.2282e+02, 1.7152e+01, 
 2DIAGNOSTIC,    18, -3.853519230309e-01, 4.535679371261e-05, 3.3682e+02, 1.3991e+01, 
 2DIAGNOSTIC,    19, -3.853518095375e-01, 3.945984149084e-05, 3.5099e+02, 1.4173e+01, 
 2DIAGNOSTIC,    20, -3.853513178936e-01, 3.089266230190e-05, 3.6662e+02, 1.5628e+01, 
 2DIAGNOSTIC,    21, -3.853513110207e-01, 2.094981197820e-05, 3.8735e+02, 2.0729e+01, 
 2DIAGNOSTIC,    22, -3.853513419671e-01, 1.111734380804e-05, 3.9965e+02, 1.2305e+01, 
 2DIAGNOSTIC,    23, -3.853513126602e-01, 3.174401677505e-06, 4.1358e+02, 1.3927e+01, 
 2DIAGNOSTIC,    24, -3.853511915029e-01, 1.243719537310e-06, 4.2752e+02, 1.3943e+01, 
 2DIAGNOSTIC,    25, -3.853511803882e-01, 1.217315647464e-06, 4.3934e+02, 1.1821e+01, 
 2DIAGNOSTIC,    26, -3.853512214530e-01, 1.187604730515e-06, 4.5235e+02, 1.3012e+01, 
 2DIAGNOSTIC,    27, -3.853510903306e-01, 1.138088431649e-06, 4.6586e+02, 1.3502e+01, 
 2DIAGNOSTIC,    28, -3.853510176257e-01, 1.106754684996e-06, 4.8136e+02, 1.5509e+01, 
 2DIAGNOSTIC,    29, -3.853507529915e-01, 1.071275367345e-06, 4.9366e+02, 1.2297e+01, 
 2DIAGNOSTIC,    30, -3.853507369530e-01, 1.028306855062e-06, 5.0726e+02, 1.3602e+01, 
  Elapsed time (stage 1): 5.1694e+02


Total elapsed time: 1.1164e+03

--------------------------------------------------------------------------------------
 Mapping parameters
--------------------------------------------------------------------------------------
 ANTSPATH is /usr/local/software/spack/spack-git/opt/spack/linux-rhel7-broadwell/gcc-5/ants-2.3.4-lj6vm7ccmij4yywr4ynrttcko4aoflqt/bin

 Dimensionality:           3
 Output name prefix:       T1xT2_ANTs
 Fixed images:             /home/ccn30/rds/rds-p00500_encrypt-URQgmO1brZ0/p00500/ENCRYPT_images/26547/T2/N4t2.nii
 Moving images:            /home/ccn30/rds/rds-p00500_encrypt-URQgmO1brZ0/p00500/ENCRYPT_images/26547/mp2rage/n4mag0000_PSIR_skulled_std.nii
 Mask images:              
 Initial transforms:       
 Number of threads:        1
 Spline distance:          26
 Transform type:           a
 MI histogram bins:        32
 Precision:                d
 Use histogram matching    0
======================================================================================
 antsRegistration call:
--------------------------------------------------------------------------------------
/usr/local/software/spack/spack-git/opt/spack/linux-rhel7-broadwell/gcc-5/ants-2.3.4-lj6vm7ccmij4yywr4ynrttcko4aoflqt/bin/antsRegistration --verbose 1 --dimensionality 3 --float 0 --collapse-output-transforms 1 --output [ T1xT2_ANTs,T1xT2_ANTsWarped.nii.gz,T1xT2_ANTsInverseWarped.nii.gz ] --interpolation Linear --use-histogram-matching 0 --winsorize-image-intensities [ 0.005,0.995 ] --initial-moving-transform [ /home/ccn30/rds/rds-p00500_encrypt-URQgmO1brZ0/p00500/ENCRYPT_images/26547/T2/N4t2.nii,/home/ccn30/rds/rds-p00500_encrypt-URQgmO1brZ0/p00500/ENCRYPT_images/26547/mp2rage/n4mag0000_PSIR_skulled_std.nii,1 ] --transform Rigid[ 0.1 ] --metric MI[ /home/ccn30/rds/rds-p00500_encrypt-URQgmO1brZ0/p00500/ENCRYPT_images/26547/T2/N4t2.nii,/home/ccn30/rds/rds-p00500_encrypt-URQgmO1brZ0/p00500/ENCRYPT_images/26547/mp2rage/n4mag0000_PSIR_skulled_std.nii,1,32,Regular,0.25 ] --convergence [ 1000x500x250x0,1e-6,10 ] --shrink-factors 12x8x4x2 --smoothing-sigmas 4x3x2x1vox --transform Affine[ 0.1 ] --metric MI[ /home/ccn30/rds/rds-p00500_encrypt-URQgmO1brZ0/p00500/ENCRYPT_images/26547/T2/N4t2.nii,/home/ccn30/rds/rds-p00500_encrypt-URQgmO1brZ0/p00500/ENCRYPT_images/26547/mp2rage/n4mag0000_PSIR_skulled_std.nii,1,32,Regular,0.25 ] --convergence [ 1000x500x250x0,1e-6,10 ] --shrink-factors 12x8x4x2 --smoothing-sigmas 4x3x2x1vox
--------------------------------------------------------------------------------------
All_Command_lines_OK
Using double precision for computations.
=============================================================================
The composite transform comprises the following transforms (in order): 
  1. Center of mass alignment using fixed image: /home/ccn30/rds/rds-p00500_encrypt-URQgmO1brZ0/p00500/ENCRYPT_images/26547/T2/N4t2.nii and moving image: /home/ccn30/rds/rds-p00500_encrypt-URQgmO1brZ0/p00500/ENCRYPT_images/26547/mp2rage/n4mag0000_PSIR_skulled_std.nii (type = Euler3DTransform)
=============================================================================
  number of levels = 4
  number of levels = 4
  fixed image: /home/ccn30/rds/rds-p00500_encrypt-URQgmO1brZ0/p00500/ENCRYPT_images/26547/T2/N4t2.nii
  moving image: /home/ccn30/rds/rds-p00500_encrypt-URQgmO1brZ0/p00500/ENCRYPT_images/26547/mp2rage/n4mag0000_PSIR_skulled_std.nii
  fixed image: /home/ccn30/rds/rds-p00500_encrypt-URQgmO1brZ0/p00500/ENCRYPT_images/26547/T2/N4t2.nii
  moving image: /home/ccn30/rds/rds-p00500_encrypt-URQgmO1brZ0/p00500/ENCRYPT_images/26547/mp2rage/n4mag0000_PSIR_skulled_std.nii
Dimension = 3
Number of stages = 2
Use Histogram Matching false
Winsorize image intensities true
Lower quantile = 0.005
Upper quantile = 0.995
Stage 1 State
   Image metric = Mattes
     Fixed image = Image (0x3454010)
  RTTI typeinfo:   itk::Image<double, 3u>
  Reference Count: 2
  Modified Time: 1709
  Debug: Off
  Object Name: 
  Observers: 
    none
  Source: (none)
  Source output name: (none)
  Release Data: Off
  Data Released: False
  Global Release Data: Off
  PipelineMTime: 0
  UpdateMTime: 1492
  RealTimeStamp: 0 seconds 
  LargestPossibleRegion: 
    Dimension: 3
    Index: [0, 0, 0]
    Size: [512, 512, 54]
  BufferedRegion: 
    Dimension: 3
    Index: [0, 0, 0]
    Size: [512, 512, 54]
  RequestedRegion: 
    Dimension: 3
    Index: [0, 0, 0]
    Size: [512, 512, 54]
  Spacing: [0.4375, 0.4375, 1.1]
  Origin: [-112.636, -17.1747, -106.963]
  Direction: 
0.999532 0.00945776 -0.0291044
0.0306025 -0.309008 0.950567
3.24489e-06 0.951012 0.309153

  IndexToPointMatrix: 
0.437295 0.00413777 -0.0320148
0.0133886 -0.135191 1.04562
1.41964e-06 0.416068 0.340068

  PointToIndexMatrix: 
2.28464 0.0699486 7.41597e-06
0.0216177 -0.706304 2.17374
-0.0264585 0.864152 0.281048

  Inverse Direction: 
0.999532 0.0306025 3.24449e-06
0.00945776 -0.309008 0.951012
-0.0291044 0.950567 0.309153

  PixelContainer: 
    ImportImageContainer (0x344e980)
      RTTI typeinfo:   itk::ImportImageContainer<unsigned long, double>
      Reference Count: 1
      Modified Time: 1489
      Debug: Off
      Object Name: 
      Observers: 
        none
      Pointer: 0x2b0d37024010
      Container manages memory: true
      Size: 14155776
      Capacity: 14155776

     Moving image = Image (0x3451b30)
  RTTI typeinfo:   itk::Image<double, 3u>
  Reference Count: 2
  Modified Time: 1710
  Debug: Off
  Object Name: 
  Observers: 
    none
  Source: (none)
  Source output name: (none)
  Release Data: Off
  Data Released: False
  Global Release Data: Off
  PipelineMTime: 0
  UpdateMTime: 1707
  RealTimeStamp: 0 seconds 
  LargestPossibleRegion: 
    Dimension: 3
    Index: [0, 0, 0]
    Size: [224, 320, 320]
  BufferedRegion: 
    Dimension: 3
    Index: [0, 0, 0]
    Size: [224, 320, 320]
  RequestedRegion: 
    Dimension: 3
    Index: [0, 0, 0]
    Size: [224, 320, 320]
  Spacing: [0.7, 0.7, 0.7]
  Origin: [-76.8093, 74.7286, -103.862]
  Direction: 
1 0 0
0 -1 0
0 0 1

  IndexToPointMatrix: 
0.7 0 0
0 -0.7 0
0 0 0.7

  PointToIndexMatrix: 
1.42857 0 0
0 -1.42857 0
0 0 1.42857

  Inverse Direction: 
1 0 0
0 -1 0
0 0 1

  PixelContainer: 
    ImportImageContainer (0x344e780)
      RTTI typeinfo:   itk::ImportImageContainer<unsigned long, double>
      Reference Count: 1
      Modified Time: 1704
      Debug: Off
      Object Name: 
      Observers: 
        none
      Pointer: 0x2b0d3dc25010
      Container manages memory: true
      Size: 22937600
      Capacity: 22937600

     Weighting = 1
     Sampling strategy = regular
     Number of bins = 32
     Radius = 4
     Sampling percentage  = 0.25
   Transform = Rigid
     Gradient step = 0.1
     Update field sigma (voxel space) = 0
     Total field sigma (voxel space) = 0
     Update field time sigma = 0
     Total field time sigma  = 0
     Number of time indices = 0
     Number of time point samples = 0
Stage 2 State
   Image metric = Mattes
     Fixed image = Image (0x3463500)
  RTTI typeinfo:   itk::Image<double, 3u>
  Reference Count: 2
  Modified Time: 2141
  Debug: Off
  Object Name: 
  Observers: 
    none
  Source: (none)
  Source output name: (none)
  Release Data: Off
  Data Released: False
  Global Release Data: Off
  PipelineMTime: 0
  UpdateMTime: 1924
  RealTimeStamp: 0 seconds 
  LargestPossibleRegion: 
    Dimension: 3
    Index: [0, 0, 0]
    Size: [512, 512, 54]
  BufferedRegion: 
    Dimension: 3
    Index: [0, 0, 0]
    Size: [512, 512, 54]
  RequestedRegion: 
    Dimension: 3
    Index: [0, 0, 0]
    Size: [512, 512, 54]
  Spacing: [0.4375, 0.4375, 1.1]
  Origin: [-112.636, -17.1747, -106.963]
  Direction: 
0.999532 0.00945776 -0.0291044
0.0306025 -0.309008 0.950567
3.24489e-06 0.951012 0.309153

  IndexToPointMatrix: 
0.437295 0.00413777 -0.0320148
0.0133886 -0.135191 1.04562
1.41964e-06 0.416068 0.340068

  PointToIndexMatrix: 
2.28464 0.0699486 7.41597e-06
0.0216177 -0.706304 2.17374
-0.0264585 0.864152 0.281048

  Inverse Direction: 
0.999532 0.0306025 3.24449e-06
0.00945776 -0.309008 0.951012
-0.0291044 0.950567 0.309153

  PixelContainer: 
    ImportImageContainer (0x3454860)
      RTTI typeinfo:   itk::ImportImageContainer<unsigned long, double>
      Reference Count: 1
      Modified Time: 1921
      Debug: Off
      Object Name: 
      Observers: 
        none
      Pointer: 0x2b0d48b26010
      Container manages memory: true
      Size: 14155776
      Capacity: 14155776

     Moving image = Image (0x3467f40)
  RTTI typeinfo:   itk::Image<double, 3u>
  Reference Count: 2
  Modified Time: 2142
  Debug: Off
  Object Name: 
  Observers: 
    none
  Source: (none)
  Source output name: (none)
  Release Data: Off
  Data Released: False
  Global Release Data: Off
  PipelineMTime: 0
  UpdateMTime: 2139
  RealTimeStamp: 0 seconds 
  LargestPossibleRegion: 
    Dimension: 3
    Index: [0, 0, 0]
    Size: [224, 320, 320]
  BufferedRegion: 
    Dimension: 3
    Index: [0, 0, 0]
    Size: [224, 320, 320]
  RequestedRegion: 
    Dimension: 3
    Index: [0, 0, 0]
    Size: [224, 320, 320]
  Spacing: [0.7, 0.7, 0.7]
  Origin: [-76.8093, 74.7286, -103.862]
  Direction: 
1 0 0
0 -1 0
0 0 1

  IndexToPointMatrix: 
0.7 0 0
0 -0.7 0
0 0 0.7

  PointToIndexMatrix: 
1.42857 0 0
0 -1.42857 0
0 0 1.42857

  Inverse Direction: 
1 0 0
0 -1 0
0 0 1

  PixelContainer: 
    ImportImageContainer (0x345f750)
      RTTI typeinfo:   itk::ImportImageContainer<unsigned long, double>
      Reference Count: 1
      Modified Time: 2136
      Debug: Off
      Object Name: 
      Observers: 
        none
      Pointer: 0x2b0d4f727010
      Container manages memory: true
      Size: 22937600
      Capacity: 22937600

     Weighting = 1
     Sampling strategy = regular
     Number of bins = 32
     Radius = 4
     Sampling percentage  = 0.25
   Transform = Affine
     Gradient step = 0.1
     Update field sigma (voxel space) = 0
     Total field sigma (voxel space) = 0
     Update field time sigma = 0
     Total field time sigma  = 0
     Number of time indices = 0
     Number of time point samples = 0
Registration using 2 total stages.

Stage 0
  iterations = 1000x500x250x0
  convergence threshold = 1e-06
  convergence window size = 10
  number of levels = 4
  using the Mattes MI metric (number of bins = 32, weight = 1)
  preprocessing:  winsorizing the image intensities
  Shrink factors (level 1 out of 4): [12, 12, 5]
  Shrink factors (level 2 out of 4): [8, 8, 3]
  Shrink factors (level 3 out of 4): [4, 4, 2]
  Shrink factors (level 4 out of 4): [2, 2, 1]
  smoothing sigmas per level: [4, 3, 2, 1]
  regular sampling (percentage = 0.25)

*** Running Euler3DTransform registration ***

DIAGNOSTIC,Iteration,metricValue,convergenceValue,ITERATION_TIME_INDEX,SINCE_LAST
 2DIAGNOSTIC,     1, -3.153897874765e-01, 1.797693134862e+308, 4.0408e+00, 4.0408e+00, 
 2DIAGNOSTIC,     2, -3.164857292516e-01, 1.797693134862e+308, 4.0512e+00, 1.0417e-02, 
 2DIAGNOSTIC,     3, -3.191042462481e-01, 1.797693134862e+308, 4.0614e+00, 1.0191e-02, 
 2DIAGNOSTIC,     4, -3.232708472787e-01, 1.797693134862e+308, 4.0721e+00, 1.0635e-02, 
 2DIAGNOSTIC,     5, -3.328487361162e-01, 1.797693134862e+308, 4.0832e+00, 1.1145e-02, 
 2DIAGNOSTIC,     6, -3.681019855423e-01, 1.797693134862e+308, 4.0949e+00, 1.1721e-02, 
 2DIAGNOSTIC,     7, -4.533839381537e-01, 1.797693134862e+308, 4.1145e+00, 1.9619e-02, 
 2DIAGNOSTIC,     8, -4.761343997445e-01, 1.797693134862e+308, 4.1256e+00, 1.1074e-02, 
 2DIAGNOSTIC,     9, -4.859903810443e-01, 1.797693134862e+308, 4.1385e+00, 1.2851e-02, 
 2DIAGNOSTIC,    10, -5.033769162887e-01, 3.743614943859e-02, 4.1510e+00, 1.2575e-02, 
 2DIAGNOSTIC,    11, -5.042908566488e-01, 3.515581196949e-02, 4.1635e+00, 1.2403e-02, 
 2DIAGNOSTIC,    12, -5.046658089655e-01, 3.027431904467e-02, 4.1746e+00, 1.1171e-02, 
 2DIAGNOSTIC,    13, -5.054197097249e-01, 2.379916716765e-02, 4.1861e+00, 1.1427e-02, 
 2DIAGNOSTIC,    14, -5.067397316369e-01, 1.662077747711e-02, 4.2011e+00, 1.5093e-02, 
 2DIAGNOSTIC,    15, -5.071452106867e-01, 9.520654366416e-03, 4.2135e+00, 1.2314e-02, 
 2DIAGNOSTIC,    16, -5.071965115781e-01, 3.959723357435e-03, 4.2260e+00, 1.2539e-02, 
 2DIAGNOSTIC,    17, -5.072906725308e-01, 2.050340330329e-03, 4.2371e+00, 1.1141e-02, 
 2DIAGNOSTIC,    18, -5.076013073812e-01, 1.019661968531e-03, 4.2508e+00, 1.3707e-02, 
 2DIAGNOSTIC,    19, -5.078081689997e-01, 3.402679541126e-04, 4.2675e+00, 1.6619e-02, 
 2DIAGNOSTIC,    20, -5.076582614245e-01, 2.527089884231e-04, 4.2829e+00, 1.5440e-02, 
 2DIAGNOSTIC,    21, -5.077519298657e-01, 1.824288388588e-04, 4.2951e+00, 1.2222e-02, 
 2DIAGNOSTIC,    22, -5.076961579727e-01, 1.115301904616e-04, 4.3079e+00, 1.2746e-02, 
 2DIAGNOSTIC,    23, -5.076402474803e-01, 5.515603959385e-05, 4.3192e+00, 1.1286e-02, 
 2DIAGNOSTIC,    24, -5.075855711245e-01, 3.142122818286e-05, 4.3304e+00, 1.1257e-02, 
 2DIAGNOSTIC,    25, -5.075991208934e-01, 1.749001894400e-05, 4.3414e+00, 1.1000e-02, 
 2DIAGNOSTIC,    26, -5.076110444289e-01, 4.765813730240e-06, 4.3526e+00, 1.1159e-02, 
DIAGNOSTIC,Iteration,metricValue,convergenceValue,ITERATION_TIME_INDEX,SINCE_LAST
 2DIAGNOSTIC,     1, -4.959282320979e-01, 1.797693134862e+308, 8.4352e+00, 4.0827e+00, 
 2DIAGNOSTIC,     2, -4.963959241059e-01, 1.797693134862e+308, 8.4879e+00, 5.2628e-02, 
 2DIAGNOSTIC,     3, -4.966571510209e-01, 1.797693134862e+308, 8.5400e+00, 5.2181e-02, 
 2DIAGNOSTIC,     4, -4.968452025855e-01, 1.797693134862e+308, 8.6082e+00, 6.8197e-02, 
 2DIAGNOSTIC,     5, -4.972802052906e-01, 1.797693134862e+308, 8.6928e+00, 8.4530e-02, 
 2DIAGNOSTIC,     6, -4.973147969528e-01, 1.797693134862e+308, 8.7453e+00, 5.2488e-02, 
 2DIAGNOSTIC,     7, -4.973729266587e-01, 1.797693134862e+308, 8.7976e+00, 5.2382e-02, 
 2DIAGNOSTIC,     8, -4.974532542488e-01, 1.797693134862e+308, 8.8500e+00, 5.2385e-02, 
 2DIAGNOSTIC,     9, -4.975212756317e-01, 1.797693134862e+308, 8.9023e+00, 5.2239e-02, 
 2DIAGNOSTIC,    10, -4.975787002012e-01, 2.001474192992e-04, 8.9548e+00, 5.2516e-02, 
 2DIAGNOSTIC,    11, -4.976119874922e-01, 1.373187398976e-04, 9.0393e+00, 8.4495e-02, 
 2DIAGNOSTIC,    12, -4.976191985608e-01, 9.560702073334e-05, 9.0917e+00, 5.2382e-02, 
 2DIAGNOSTIC,    13, -4.976499094184e-01, 6.475082372322e-05, 9.1601e+00, 6.8475e-02, 
 2DIAGNOSTIC,    14, -4.976606635071e-01, 4.023349282423e-05, 9.2128e+00, 5.2695e-02, 
 2DIAGNOSTIC,    15, -4.976654991711e-01, 3.227708277255e-05, 9.2655e+00, 5.2696e-02, 
 2DIAGNOSTIC,    16, -4.976730634788e-01, 2.406030316977e-05, 9.3422e+00, 7.6655e-02, 
 2DIAGNOSTIC,    17, -4.976780256518e-01, 1.687026336344e-05, 9.3953e+00, 5.3147e-02, 
 2DIAGNOSTIC,    18, -4.976812636974e-01, 1.170702998742e-05, 9.4481e+00, 5.2776e-02, 
 2DIAGNOSTIC,    19, -4.976861583411e-01, 8.319182369286e-06, 9.5170e+00, 6.8903e-02, 
 2DIAGNOSTIC,    20, -4.976876599030e-01, 6.321315816536e-06, 9.5699e+00, 5.2882e-02, 
 2DIAGNOSTIC,    21, -4.976904940218e-01, 5.062768092833e-06, 9.6230e+00, 5.3082e-02, 
 2DIAGNOSTIC,    22, -4.976960062765e-01, 3.897740044022e-06, 9.7002e+00, 7.7187e-02, 
 2DIAGNOSTIC,    23, -4.976971985154e-01, 3.389467301856e-06, 9.7538e+00, 5.3648e-02, 
 2DIAGNOSTIC,    24, -4.976978919926e-01, 3.008392080492e-06, 9.8071e+00, 5.3322e-02, 
 2DIAGNOSTIC,    25, -4.976995514500e-01, 2.646604568314e-06, 9.8599e+00, 5.2789e-02, 
 2DIAGNOSTIC,    26, -4.977030426761e-01, 2.423851071111e-06, 9.9131e+00, 5.3213e-02, 
 2DIAGNOSTIC,    27, -4.977054185679e-01, 2.255946135295e-06, 9.9816e+00, 6.8432e-02, 
 2DIAGNOSTIC,    28, -4.977060646848e-01, 2.075281705316e-06, 1.0049e+01, 6.7842e-02, 
 2DIAGNOSTIC,    29, -4.977065462201e-01, 1.926828592770e-06, 1.0102e+01, 5.2507e-02, 
 2DIAGNOSTIC,    30, -4.977071521443e-01, 1.749868588037e-06, 1.0154e+01, 5.2299e-02, 
 2DIAGNOSTIC,    31, -4.977088252099e-01, 1.598347853168e-06, 1.0231e+01, 7.6586e-02, 
 2DIAGNOSTIC,    32, -4.977096145925e-01, 1.513073447451e-06, 1.0283e+01, 5.2546e-02, 
 2DIAGNOSTIC,    33, -4.977099013319e-01, 1.410130134084e-06, 1.0344e+01, 6.0970e-02, 
 2DIAGNOSTIC,    34, -4.977104111532e-01, 1.291966680812e-06, 1.0405e+01, 6.0958e-02, 
 2DIAGNOSTIC,    35, -4.977108066677e-01, 1.179009502087e-06, 1.0466e+01, 6.1016e-02, 
 2DIAGNOSTIC,    36, -4.977139221415e-01, 1.150140668021e-06, 1.0527e+01, 6.1134e-02, 
 2DIAGNOSTIC,    37, -4.977141127190e-01, 1.135589795392e-06, 1.0694e+01, 1.6629e-01, 
 2DIAGNOSTIC,    38, -4.977141127194e-01, 1.106023405282e-06, 1.0892e+01, 1.9854e-01, 
 2DIAGNOSTIC,    39, -4.977141127194e-01, 1.060272188075e-06, 1.0961e+01, 6.9104e-02, 
 2DIAGNOSTIC,    40, -4.977141127194e-01, 1.001433742830e-06, 1.1023e+01, 6.1521e-02, 
DIAGNOSTIC,Iteration,metricValue,convergenceValue,ITERATION_TIME_INDEX,SINCE_LAST
 2DIAGNOSTIC,     1, -4.362447983410e-01, 1.797693134862e+308, 1.5449e+01, 4.4263e+00, 
 2DIAGNOSTIC,     2, -4.367922418741e-01, 1.797693134862e+308, 1.5806e+01, 3.5679e-01, 
 2DIAGNOSTIC,     3, -4.367784401690e-01, 1.797693134862e+308, 1.6117e+01, 3.1150e-01, 
 2DIAGNOSTIC,     4, -4.368851832026e-01, 1.797693134862e+308, 1.6431e+01, 3.1371e-01, 
 2DIAGNOSTIC,     5, -4.369660631698e-01, 1.797693134862e+308, 1.6744e+01, 3.1263e-01, 
 2DIAGNOSTIC,     6, -4.371345957000e-01, 1.797693134862e+308, 1.7248e+01, 5.0397e-01, 
 2DIAGNOSTIC,     7, -4.371648407187e-01, 1.797693134862e+308, 1.7560e+01, 3.1176e-01, 
 2DIAGNOSTIC,     8, -4.371733712478e-01, 1.797693134862e+308, 1.7967e+01, 4.0785e-01, 
 2DIAGNOSTIC,     9, -4.371749563263e-01, 1.797693134862e+308, 1.8329e+01, 3.6119e-01, 
 2DIAGNOSTIC,    10, -4.371729986317e-01, 1.136428050058e-04, 1.8642e+01, 3.1359e-01, 
 2DIAGNOSTIC,    11, -4.371661644619e-01, 6.343034306264e-05, 1.9002e+01, 3.5954e-01, 
 2DIAGNOSTIC,    12, -4.371667922087e-01, 4.597697333650e-05, 1.9313e+01, 3.1128e-01, 
 2DIAGNOSTIC,    13, -4.371649531834e-01, 2.652892385857e-05, 1.9619e+01, 3.0630e-01, 
 2DIAGNOSTIC,    14, -4.371662234696e-01, 1.269536435008e-05, 1.9924e+01, 3.0515e-01, 
 2DIAGNOSTIC,    15, -4.371705672540e-01, 3.262812139596e-06, 2.0262e+01, 3.3743e-01, 
 2DIAGNOSTIC,    16, -4.371695971298e-01, 1.684844524466e-06, 2.0600e+01, 3.3812e-01, 
 2DIAGNOSTIC,    17, -4.371910416649e-01, 2.292665357360e-06, 2.1032e+01, 4.3193e-01, 
 2DIAGNOSTIC,    18, -4.371889405335e-01, 3.000648786194e-06, 2.1389e+01, 3.5754e-01, 
 2DIAGNOSTIC,    19, -4.371862521386e-01, 3.490832073849e-06, 2.1692e+01, 3.0261e-01, 
 2DIAGNOSTIC,    20, -4.371835853769e-01, 3.629135978032e-06, 2.2000e+01, 3.0768e-01, 
 2DIAGNOSTIC,    21, -4.371837547898e-01, 3.355213942770e-06, 2.2309e+01, 3.0885e-01, 
 2DIAGNOSTIC,    22, -4.371840762574e-01, 2.953825379591e-06, 2.2618e+01, 3.0933e-01, 
 2DIAGNOSTIC,    23, -4.371871810256e-01, 2.479660803009e-06, 2.2926e+01, 3.0770e-01, 
 2DIAGNOSTIC,    24, -4.371902610044e-01, 2.065388606622e-06, 2.3327e+01, 4.0091e-01, 
 2DIAGNOSTIC,    25, -4.372041342278e-01, 2.095400107593e-06, 2.4474e+01, 1.1471e+00, 
 2DIAGNOSTIC,    26, -4.372041342269e-01, 1.996773711439e-06, 2.5488e+01, 1.0146e+00, 
 2DIAGNOSTIC,    27, -4.372041342269e-01, 2.353506590766e-06, 2.5932e+01, 4.4394e-01, 
 2DIAGNOSTIC,    28, -4.372041342269e-01, 2.529970861462e-06, 2.6376e+01, 4.4379e-01, 
 2DIAGNOSTIC,    29, -4.372041342269e-01, 2.501648394451e-06, 2.6773e+01, 3.9715e-01, 
 2DIAGNOSTIC,    30, -4.372041342269e-01, 2.280369475673e-06, 2.7123e+01, 3.5017e-01, 
 2DIAGNOSTIC,    31, -4.372041342269e-01, 1.962008613576e-06, 2.7475e+01, 3.5143e-01, 
 2DIAGNOSTIC,    32, -4.372041342269e-01, 1.584963104116e-06, 2.7826e+01, 3.5181e-01, 
 2DIAGNOSTIC,    33, -4.372041342269e-01, 1.237474052548e-06, 2.8179e+01, 3.5290e-01, 
DIAGNOSTIC,Iteration,metricValue,convergenceValue,ITERATION_TIME_INDEX,SINCE_LAST
 2DIAGNOSTIC,     1, -3.422193557386e-01, 1.797693134862e+308, 3.4500e+01, 6.3203e+00, 
  Elapsed time (stage 0): 3.6203e+01


Stage 1
  iterations = 1000x500x250x0
  convergence threshold = 1.0000e-06
  convergence window size = 10
  number of levels = 4
  using the Mattes MI metric (number of bins = 32, weight = 1.0000e+00)
  preprocessing:  winsorizing the image intensities
  Shrink factors (level 1 out of 4): [12, 12, 5]
  Shrink factors (level 2 out of 4): [8, 8, 3]
  Shrink factors (level 3 out of 4): [4, 4, 2]
  Shrink factors (level 4 out of 4): [2, 2, 1]
  smoothing sigmas per level: [4, 3, 2, 1]
  regular sampling (percentage = 2.5000e-01)

*** Running AffineTransform registration ***

DIAGNOSTIC,Iteration,metricValue,convergenceValue,ITERATION_TIME_INDEX,SINCE_LAST
 2DIAGNOSTIC,     1, -5.056130261317e-01, 1.797693134862e+308, 3.9440e+00, 3.9440e+00, 
 2DIAGNOSTIC,     2, -5.075640302008e-01, 1.797693134862e+308, 3.9571e+00, 1.3122e-02, 
 2DIAGNOSTIC,     3, -5.104920764158e-01, 1.797693134862e+308, 3.9705e+00, 1.3391e-02, 
 2DIAGNOSTIC,     4, -5.146130156840e-01, 1.797693134862e+308, 3.9837e+00, 1.3164e-02, 
 2DIAGNOSTIC,     5, -5.187303263801e-01, 1.797693134862e+308, 3.9970e+00, 1.3334e-02, 
 2DIAGNOSTIC,     6, -5.228090070194e-01, 1.797693134862e+308, 4.0105e+00, 1.3543e-02, 
 2DIAGNOSTIC,     7, -5.261129550193e-01, 1.797693134862e+308, 4.0283e+00, 1.7736e-02, 
 2DIAGNOSTIC,     8, -5.263084285348e-01, 1.797693134862e+308, 4.0434e+00, 1.5125e-02, 
 2DIAGNOSTIC,     9, -5.262947883949e-01, 1.797693134862e+308, 4.0586e+00, 1.5178e-02, 
 2DIAGNOSTIC,    10, -5.262891818645e-01, 2.973487569137e-03, 4.0724e+00, 1.3832e-02, 
 2DIAGNOSTIC,    11, -5.262875781020e-01, 2.232832960171e-03, 4.0862e+00, 1.3812e-02, 
 2DIAGNOSTIC,    12, -5.266145140541e-01, 1.519381707509e-03, 4.1015e+00, 1.5291e-02, 
 2DIAGNOSTIC,    13, -5.274416267641e-01, 9.367307349385e-04, 4.1152e+00, 1.3678e-02, 
 2DIAGNOSTIC,    14, -5.276548956109e-01, 5.211114475158e-04, 4.1291e+00, 1.3877e-02, 
 2DIAGNOSTIC,    15, -5.281847732695e-01, 2.807723712042e-04, 4.1466e+00, 1.7516e-02, 
 2DIAGNOSTIC,    16, -5.282857170705e-01, 1.844233370966e-04, 4.1627e+00, 1.6150e-02, 
 2DIAGNOSTIC,    17, -5.284219920389e-01, 1.926534382148e-04, 4.1763e+00, 1.3571e-02, 
 2DIAGNOSTIC,    18, -5.287007892628e-01, 1.963779227494e-04, 4.1900e+00, 1.3682e-02, 
 2DIAGNOSTIC,    19, -5.288705105467e-01, 1.859200872460e-04, 4.2038e+00, 1.3792e-02, 
 2DIAGNOSTIC,    20, -5.291530568116e-01, 1.671464405709e-04, 4.2182e+00, 1.4400e-02, 
 2DIAGNOSTIC,    21, -5.301283056483e-01, 1.598809797634e-04, 4.2424e+00, 2.4194e-02, 
 2DIAGNOSTIC,    22, -5.300723249245e-01, 1.442542166178e-04, 4.2610e+00, 1.8593e-02, 
 2DIAGNOSTIC,    23, -5.300827689253e-01, 1.367258512000e-04, 4.2769e+00, 1.5885e-02, 
 2DIAGNOSTIC,    24, -5.300589645574e-01, 1.213903284198e-04, 4.2904e+00, 1.3534e-02, 
 2DIAGNOSTIC,    25, -5.300261300441e-01, 1.066703219557e-04, 4.3038e+00, 1.3428e-02, 
 2DIAGNOSTIC,    26, -5.300485859728e-01, 8.545934527775e-05, 4.3176e+00, 1.3811e-02, 
 2DIAGNOSTIC,    27, -5.300801696462e-01, 6.115895248136e-05, 4.3315e+00, 1.3874e-02, 
 2DIAGNOSTIC,    28, -5.301307283474e-01, 3.958049979835e-05, 4.3450e+00, 1.3482e-02, 
 2DIAGNOSTIC,    29, -5.302140320808e-01, 2.064231080476e-05, 4.3585e+00, 1.3559e-02, 
 2DIAGNOSTIC,    30, -5.303248017493e-01, 7.695715999581e-06, 4.3742e+00, 1.5631e-02, 
 2DIAGNOSTIC,    31, -5.304481585592e-01, 1.411839552408e-05, 4.3895e+00, 1.5335e-02, 
 2DIAGNOSTIC,    32, -5.299053558083e-01, 8.736865450720e-06, 4.4061e+00, 1.6626e-02, 
 2DIAGNOSTIC,    33, -5.304200335296e-01, 1.184661358831e-05, 4.4312e+00, 2.5081e-02, 
 2DIAGNOSTIC,    34, -5.304684805494e-01, 1.382093167852e-05, 4.4445e+00, 1.3260e-02, 
 2DIAGNOSTIC,    35, -5.304240437630e-01, 1.317137202796e-05, 4.4581e+00, 1.3571e-02, 
 2DIAGNOSTIC,    36, -5.304814611298e-01, 1.275379259866e-05, 4.4714e+00, 1.3352e-02, 
 2DIAGNOSTIC,    37, -5.304481613238e-01, 1.130326228615e-05, 4.4847e+00, 1.3268e-02, 
 2DIAGNOSTIC,    38, -5.304609844949e-01, 9.765892123606e-06, 4.4981e+00, 1.3419e-02, 
 2DIAGNOSTIC,    39, -5.305502730798e-01, 9.666528447486e-06, 4.5133e+00, 1.5174e-02, 
 2DIAGNOSTIC,    40, -5.304625270243e-01, 8.981718583084e-06, 4.5268e+00, 1.3527e-02, 
 2DIAGNOSTIC,    41, -5.304735516921e-01, 9.656062437045e-06, 4.5403e+00, 1.3535e-02, 
 2DIAGNOSTIC,    42, -5.304920922471e-01, 2.531501932371e-06, 4.5539e+00, 1.3621e-02, 
 2DIAGNOSTIC,    43, -5.305684332679e-01, 2.943206563352e-06, 4.5698e+00, 1.5846e-02, 
 2DIAGNOSTIC,    44, -5.305632954778e-01, 3.637336099867e-06, 4.5839e+00, 1.4117e-02, 
 2DIAGNOSTIC,    45, -5.307196210057e-01, 5.370133602738e-06, 4.5996e+00, 1.5708e-02, 
 2DIAGNOSTIC,    46, -5.307712067605e-01, 7.851100143261e-06, 4.6188e+00, 1.9140e-02, 
 2DIAGNOSTIC,    47, -5.307539455404e-01, 8.949193928118e-06, 4.6327e+00, 1.3954e-02, 
 2DIAGNOSTIC,    48, -5.307615149714e-01, 9.425895217824e-06, 4.6481e+00, 1.5412e-02, 
 2DIAGNOSTIC,    49, -5.307698333771e-01, 1.014553772159e-05, 4.6632e+00, 1.5063e-02, 
 2DIAGNOSTIC,    50, -5.307779089934e-01, 9.045452804706e-06, 4.6768e+00, 1.3585e-02, 
 2DIAGNOSTIC,    51, -5.307874650763e-01, 7.388629380743e-06, 4.6924e+00, 1.5617e-02, 
 2DIAGNOSTIC,    52, -5.307649847083e-01, 5.109946356101e-06, 4.7077e+00, 1.5342e-02, 
 2DIAGNOSTIC,    53, -5.307995402332e-01, 3.650622154072e-06, 4.7218e+00, 1.4042e-02, 
 2DIAGNOSTIC,    54, -5.308117184525e-01, 1.969072149530e-06, 4.7369e+00, 1.5133e-02, 
 2DIAGNOSTIC,    55, -5.307990489958e-01, 1.603013420216e-06, 4.7526e+00, 1.5690e-02, 
 2DIAGNOSTIC,    56, -5.308280265456e-01, 1.942759514571e-06, 4.7680e+00, 1.5403e-02, 
 2DIAGNOSTIC,    57, -5.308322840597e-01, 2.010666506534e-06, 4.7834e+00, 1.5447e-02, 
 2DIAGNOSTIC,    58, -5.308371307797e-01, 2.047401248536e-06, 4.7985e+00, 1.5017e-02, 
 2DIAGNOSTIC,    59, -5.308556795465e-01, 2.180625294699e-06, 4.8136e+00, 1.5097e-02, 
 2DIAGNOSTIC,    60, -5.308576980285e-01, 2.239413784029e-06, 4.8273e+00, 1.3695e-02, 
 2DIAGNOSTIC,    61, -5.308612065847e-01, 2.256597380814e-06, 4.8411e+00, 1.3863e-02, 
 2DIAGNOSTIC,    62, -5.308667273600e-01, 1.950431666977e-06, 4.8548e+00, 1.3675e-02, 
 2DIAGNOSTIC,    63, -5.308797704294e-01, 1.920064491571e-06, 4.8686e+00, 1.3810e-02, 
 2DIAGNOSTIC,    64, -5.308447986113e-01, 1.564677608281e-06, 4.8836e+00, 1.4985e-02, 
 2DIAGNOSTIC,    65, -5.309358035720e-01, 1.769570522669e-06, 4.8971e+00, 1.3519e-02, 
 2DIAGNOSTIC,    66, -5.309829696079e-01, 2.444059980251e-06, 4.9113e+00, 1.4227e-02, 
 2DIAGNOSTIC,    67, -5.309498921996e-01, 2.671228943457e-06, 4.9285e+00, 1.7137e-02, 
 2DIAGNOSTIC,    68, -5.310480045033e-01, 3.513852508852e-06, 4.9641e+00, 3.5646e-02, 
 2DIAGNOSTIC,    69, -5.310480033946e-01, 4.166250661738e-06, 4.9775e+00, 1.3358e-02, 
 2DIAGNOSTIC,    70, -5.310480072393e-01, 4.452609156548e-06, 4.9913e+00, 1.3791e-02, 
 2DIAGNOSTIC,    71, -5.310480137393e-01, 4.372258082308e-06, 5.0048e+00, 1.3558e-02, 
 2DIAGNOSTIC,    72, -5.310480247269e-01, 3.962396249576e-06, 5.0184e+00, 1.3580e-02, 
 2DIAGNOSTIC,    73, -5.310480432953e-01, 3.330458111806e-06, 5.0322e+00, 1.3832e-02, 
 2DIAGNOSTIC,    74, -5.310480746616e-01, 2.161279099609e-06, 5.0461e+00, 1.3872e-02, 
 2DIAGNOSTIC,    75, -5.310481276088e-01, 1.508144907359e-06, 5.0595e+00, 1.3370e-02, 
 2DIAGNOSTIC,    76, -5.310482168768e-01, 1.117155389594e-06, 5.0725e+00, 1.3007e-02, 
DIAGNOSTIC,Iteration,metricValue,convergenceValue,ITERATION_TIME_INDEX,SINCE_LAST
 2DIAGNOSTIC,     1, -4.983169591471e-01, 1.797693134862e+308, 9.1302e+00, 4.0578e+00, 
 2DIAGNOSTIC,     2, -4.993712039756e-01, 1.797693134862e+308, 9.1750e+00, 4.4737e-02, 
 2DIAGNOSTIC,     3, -5.002807252527e-01, 1.797693134862e+308, 9.2190e+00, 4.3996e-02, 
 2DIAGNOSTIC,     4, -5.010852696864e-01, 1.797693134862e+308, 9.2626e+00, 4.3569e-02, 
 2DIAGNOSTIC,     5, -5.018250622395e-01, 1.797693134862e+308, 9.3073e+00, 4.4700e-02, 
 2DIAGNOSTIC,     6, -5.030321148935e-01, 1.797693134862e+308, 9.3510e+00, 4.3760e-02, 
 2DIAGNOSTIC,     7, -5.042925525752e-01, 1.797693134862e+308, 9.4101e+00, 5.9123e-02, 
 2DIAGNOSTIC,     8, -5.052522065164e-01, 1.797693134862e+308, 9.4731e+00, 6.2947e-02, 
 2DIAGNOSTIC,     9, -5.055112271083e-01, 1.797693134862e+308, 9.5174e+00, 4.4366e-02, 
 2DIAGNOSTIC,    10, -5.058347915307e-01, 1.025197827210e-03, 9.5742e+00, 5.6746e-02, 
 2DIAGNOSTIC,    11, -5.064341549472e-01, 8.677021372414e-04, 9.6330e+00, 5.8787e-02, 
 2DIAGNOSTIC,    12, -5.067928144810e-01, 7.235864562151e-04, 9.6924e+00, 5.9464e-02, 
 2DIAGNOSTIC,    13, -5.073096672951e-01, 5.980121539744e-04, 9.7807e+00, 8.8220e-02, 
 2DIAGNOSTIC,    14, -5.073442326163e-01, 4.704138863346e-04, 9.8305e+00, 4.9850e-02, 
 2DIAGNOSTIC,    15, -5.074570870907e-01, 3.492217345874e-04, 9.8865e+00, 5.6034e-02, 
 2DIAGNOSTIC,    16, -5.075000399712e-01, 2.545295418962e-04, 9.9374e+00, 5.0870e-02, 
 2DIAGNOSTIC,    17, -5.075205467054e-01, 1.893103984704e-04, 9.9944e+00, 5.6941e-02, 
 2DIAGNOSTIC,    18, -5.075462954559e-01, 1.448371616030e-04, 1.0052e+01, 5.7751e-02, 
 2DIAGNOSTIC,    19, -5.075590486727e-01, 9.990366948313e-05, 1.0100e+01, 4.7694e-02, 
 2DIAGNOSTIC,    20, -5.075741651258e-01, 5.971632114962e-05, 1.0152e+01, 5.2638e-02, 
 2DIAGNOSTIC,    21, -5.075850863595e-01, 3.419512697658e-05, 1.0221e+01, 6.8552e-02, 
 2DIAGNOSTIC,    22, -5.075882311687e-01, 1.687350886284e-05, 1.0272e+01, 5.1472e-02, 
 2DIAGNOSTIC,    23, -5.075820258096e-01, 1.213131512513e-05, 1.0323e+01, 5.0273e-02, 
 2DIAGNOSTIC,    24, -5.075900721754e-01, 7.722556756823e-06, 1.0370e+01, 4.6970e-02, 
 2DIAGNOSTIC,    25, -5.075934367831e-01, 5.655870921488e-06, 1.0418e+01, 4.8597e-02, 
 2DIAGNOSTIC,    26, -5.076203542270e-01, 4.838799642699e-06, 1.0473e+01, 5.4614e-02, 
 2DIAGNOSTIC,    27, -5.076336487903e-01, 4.425238683312e-06, 1.0537e+01, 6.4276e-02, 
 2DIAGNOSTIC,    28, -5.076407128574e-01, 4.395325047347e-06, 1.0588e+01, 5.1117e-02, 
 2DIAGNOSTIC,    29, -5.076236030740e-01, 3.976134928675e-06, 1.0639e+01, 5.0634e-02, 
 2DIAGNOSTIC,    30, -5.076282655904e-01, 3.687861790842e-06, 1.0694e+01, 5.5398e-02, 
 2DIAGNOSTIC,    31, -5.076325106098e-01, 3.430748995149e-06, 1.0778e+01, 8.3633e-02, 
 2DIAGNOSTIC,    32, -5.076339680060e-01, 3.036630729328e-06, 1.0829e+01, 5.1498e-02, 
 2DIAGNOSTIC,    33, -5.076355576671e-01, 2.398417362597e-06, 1.0880e+01, 5.0781e-02, 
 2DIAGNOSTIC,    34, -5.076425122525e-01, 1.921867204720e-06, 1.0933e+01, 5.3039e-02, 
 2DIAGNOSTIC,    35, -5.076610354861e-01, 1.719455454508e-06, 1.1006e+01, 7.3060e-02, 
 2DIAGNOSTIC,    36, -5.076704954510e-01, 2.001957959102e-06, 1.1061e+01, 5.4635e-02, 
 2DIAGNOSTIC,    37, -5.076707307053e-01, 2.363548509684e-06, 1.1119e+01, 5.7586e-02, 
 2DIAGNOSTIC,    38, -5.076707417940e-01, 2.681907813138e-06, 1.1179e+01, 6.0190e-02, 
 2DIAGNOSTIC,    39, -5.076707516471e-01, 2.560784002292e-06, 1.1230e+01, 5.1522e-02, 
 2DIAGNOSTIC,    40, -5.076707646479e-01, 2.338854659695e-06, 1.1289e+01, 5.8893e-02, 
 2DIAGNOSTIC,    41, -5.076707856247e-01, 2.037196145502e-06, 1.1342e+01, 5.2852e-02, 
 2DIAGNOSTIC,    42, -5.076708099703e-01, 1.653527592519e-06, 1.1401e+01, 5.9336e-02, 
 2DIAGNOSTIC,    43, -5.076709091645e-01, 1.226681999245e-06, 1.1461e+01, 5.9227e-02, 
DIAGNOSTIC,Iteration,metricValue,convergenceValue,ITERATION_TIME_INDEX,SINCE_LAST
 2DIAGNOSTIC,     1, -4.458790811579e-01, 1.797693134862e+308, 1.5762e+01, 4.3017e+00, 
 2DIAGNOSTIC,     2, -4.467946397551e-01, 1.797693134862e+308, 1.6097e+01, 3.3501e-01, 
 2DIAGNOSTIC,     3, -4.472257338333e-01, 1.797693134862e+308, 1.6432e+01, 3.3483e-01, 
 2DIAGNOSTIC,     4, -4.476293526759e-01, 1.797693134862e+308, 1.6768e+01, 3.3591e-01, 
 2DIAGNOSTIC,     5, -4.481794254205e-01, 1.797693134862e+308, 1.7104e+01, 3.3593e-01, 
 2DIAGNOSTIC,     6, -4.488569558962e-01, 1.797693134862e+308, 1.7488e+01, 3.8407e-01, 
 2DIAGNOSTIC,     7, -4.494490571740e-01, 1.797693134862e+308, 1.8065e+01, 5.7694e-01, 
 2DIAGNOSTIC,     8, -4.495924447514e-01, 1.797693134862e+308, 1.8495e+01, 4.2978e-01, 
 2DIAGNOSTIC,     9, -4.496283493894e-01, 1.797693134862e+308, 1.8831e+01, 3.3613e-01, 
 2DIAGNOSTIC,    10, -4.496510005927e-01, 5.655704147050e-04, 1.9167e+01, 3.3568e-01, 
 2DIAGNOSTIC,    11, -4.497420902484e-01, 4.193144374780e-04, 1.9503e+01, 3.3615e-01, 
 2DIAGNOSTIC,    12, -4.499374997343e-01, 3.181189287509e-04, 1.9841e+01, 3.3787e-01, 
 2DIAGNOSTIC,    13, -4.502321733691e-01, 2.392769213959e-04, 2.0179e+01, 3.3837e-01, 
 2DIAGNOSTIC,    14, -4.510102429980e-01, 2.034854830191e-04, 2.0519e+01, 3.3955e-01, 
 2DIAGNOSTIC,    15, -4.512330676362e-01, 1.856234952785e-04, 2.1148e+01, 6.2952e-01, 
 2DIAGNOSTIC,    16, -4.512340263761e-01, 1.796519404546e-04, 2.1537e+01, 3.8874e-01, 
 2DIAGNOSTIC,    17, -4.512239208850e-01, 1.799639083396e-04, 2.1876e+01, 3.3914e-01, 
 2DIAGNOSTIC,    18, -4.512258164399e-01, 1.687584502640e-04, 2.2215e+01, 3.3917e-01, 
 2DIAGNOSTIC,    19, -4.512565212411e-01, 1.450969401507e-04, 2.2554e+01, 3.3930e-01, 
 2DIAGNOSTIC,    20, -4.512947985387e-01, 1.123118809278e-04, 2.2894e+01, 3.3964e-01, 
 2DIAGNOSTIC,    21, -4.514355319157e-01, 7.959963035159e-05, 2.3233e+01, 3.3905e-01, 
 2DIAGNOSTIC,    22, -4.517007682956e-01, 5.586161993541e-05, 2.3671e+01, 4.3801e-01, 
 2DIAGNOSTIC,    23, -4.517263571015e-01, 3.721771608101e-05, 2.4301e+01, 6.3007e-01, 
 2DIAGNOSTIC,    24, -4.517329490390e-01, 3.736408779241e-05, 2.5536e+01, 1.2349e+00, 
 2DIAGNOSTIC,    25, -4.517329489415e-01, 3.982168890996e-05, 2.5873e+01, 3.3667e-01, 
 2DIAGNOSTIC,    26, -4.517329490011e-01, 3.843454773121e-05, 2.6215e+01, 3.4183e-01, 
 2DIAGNOSTIC,    27, -4.517329491019e-01, 3.331538121219e-05, 2.6558e+01, 3.4315e-01, 
 2DIAGNOSTIC,    28, -4.517329492723e-01, 2.558495601855e-05, 2.6901e+01, 3.4287e-01, 
 2DIAGNOSTIC,    29, -4.517329495605e-01, 1.685216743219e-05, 2.7246e+01, 3.4510e-01, 
 2DIAGNOSTIC,    30, -4.517329500478e-01, 8.010209783811e-06, 2.7590e+01, 3.4466e-01, 
 2DIAGNOSTIC,    31, -4.517329508717e-01, 1.801799749013e-06, 2.7935e+01, 3.4504e-01, 
 2DIAGNOSTIC,    32, -4.517329522641e-01, 1.127189925246e-06, 2.8280e+01, 3.4437e-01, 
DIAGNOSTIC,Iteration,metricValue,convergenceValue,ITERATION_TIME_INDEX,SINCE_LAST
 2DIAGNOSTIC,     1, -3.403022939355e-01, 1.797693134862e+308, 3.4630e+01, 6.3498e+00, 
  Elapsed time (stage 1): 3.6341e+01


Total elapsed time: 7.2551e+01
Using double precision for computations.
Input scalar image: /home/ccn30/rds/rds-p00500_encrypt-URQgmO1brZ0/p00500/ENCRYPT_images/26547/T2/N4t2.nii
Reference image: /home/ccn30/rds/rds-p00500_encrypt-URQgmO1brZ0/p00500/ENCRYPT_images/26547/mp2rage/n4mag0000_PSIR_skulled_std.nii
Can't read initial transform T1xT2_ANTs_0GenericAffine.mat
