This is job 15
Time: Thu 16 Sep 12:56:46 BST 2021
Running on master node: cpu-p-524
Current directory: /rds/user/ccn30/hpc-work/WBIC_lustre/ENCRYPT/scripts/Registration/slurmoutputs
Changed directory to /home/ccn30/rds/hpc-work/WBIC_lustre/ENCRYPT/scripts/Registration/slurmoutputs.

JobID: 46502789
======
Time: Thu 16 Sep 12:56:46 BST 2021
Running on master node: cpu-p-524
Current directory: /home/ccn30/rds/hpc-work/WBIC_lustre/ENCRYPT/scripts/Registration/slurmoutputs

Nodes allocated:
================
cpu-p-524

numtasks=, numnodes=, mpi_tasks_per_node= (OMP_NUM_THREADS=1)

Executing command:
==================
/home/ccn30/rds/hpc-work/WBIC_lustre/ENCRYPT/scripts/Registration/coreg_main.sh /home/ccn30/rds/hpc-work/WBIC_lustre/ENCRYPT/ENCRYPT_MasterRIScodes.txt 15 /home/ccn30/rds/rds-p00500_encrypt-URQgmO1brZ0/p00500 /home/ccn30/rds/hpc-work/WBIC_home/ENCRYPT/atlases/magdeburgatlas

******** starting 26371 ********
All_Command_lines_OK
Using double precision for computations.
=============================================================================
The composite transform comprises the following transforms (in order): 
  1. Center of mass alignment using fixed image: /home/ccn30/rds/hpc-work/WBIC_home/ENCRYPT/atlases/magdeburgatlas/template/template.nii.gz and moving image: /home/ccn30/rds/rds-p00500_encrypt-URQgmO1brZ0/p00500/ENCRYPT_images/26371/mp2rage/denoise_n4mag0000_PSIR_skulled_std.nii (type = Euler3DTransform)
=============================================================================
  number of levels = 4
  number of levels = 4
  fixed image: /home/ccn30/rds/hpc-work/WBIC_home/ENCRYPT/atlases/magdeburgatlas/template/template.nii.gz
  moving image: /home/ccn30/rds/rds-p00500_encrypt-URQgmO1brZ0/p00500/ENCRYPT_images/26371/mp2rage/denoise_n4mag0000_PSIR_skulled_std.nii
  fixed image: /home/ccn30/rds/hpc-work/WBIC_home/ENCRYPT/atlases/magdeburgatlas/template/template.nii.gz
  moving image: /home/ccn30/rds/rds-p00500_encrypt-URQgmO1brZ0/p00500/ENCRYPT_images/26371/mp2rage/denoise_n4mag0000_PSIR_skulled_std.nii
Dimension = 3
Number of stages = 2
Use Histogram Matching true
Winsorize image intensities true
Lower quantile = 0.005
Upper quantile = 0.995
Stage 1 State
   Image metric = Mattes
     Fixed image = Image (0x3809200)
  RTTI typeinfo:   itk::Image<double, 3u>
  Reference Count: 2
  Modified Time: 1698
  Debug: Off
  Object Name: 
  Observers: 
    none
  Source: (none)
  Source output name: (none)
  Release Data: Off
  Data Released: False
  Global Release Data: Off
  PipelineMTime: 0
  UpdateMTime: 1481
  RealTimeStamp: 0 seconds 
  LargestPossibleRegion: 
    Dimension: 3
    Index: [0, 0, 0]
    Size: [384, 301, 288]
  BufferedRegion: 
    Dimension: 3
    Index: [0, 0, 0]
    Size: [384, 301, 288]
  RequestedRegion: 
    Dimension: 3
    Index: [0, 0, 0]
    Size: [384, 301, 288]
  Spacing: [0.598958, 0.598958, 0.599937]
  Origin: [83.4012, -147.626, 85.1783]
  Direction: 
-0 0 -1
1 -0 0
0 -1 0

  IndexToPointMatrix: 
0 0 -0.599937
0.598958 0 0
0 -0.598958 0

  PointToIndexMatrix: 
0 1.66957 0
0 0 -1.66957
-1.66684 0 0

  Inverse Direction: 
0 1 0
0 0 -1
-1 0 0

  PixelContainer: 
    ImportImageContainer (0x37f9dc0)
      RTTI typeinfo:   itk::ImportImageContainer<unsigned long, double>
      Reference Count: 1
      Modified Time: 1478
      Debug: Off
      Object Name: 
      Observers: 
        none
      Pointer: 0x2b4503c8b010
      Container manages memory: true
      Size: 33288192
      Capacity: 33288192

     Moving image = Image (0x380d3f0)
  RTTI typeinfo:   itk::Image<double, 3u>
  Reference Count: 2
  Modified Time: 1699
  Debug: Off
  Object Name: 
  Observers: 
    none
  Source: (none)
  Source output name: (none)
  Release Data: Off
  Data Released: False
  Global Release Data: Off
  PipelineMTime: 0
  UpdateMTime: 1696
  RealTimeStamp: 0 seconds 
  LargestPossibleRegion: 
    Dimension: 3
    Index: [0, 0, 0]
    Size: [224, 320, 320]
  BufferedRegion: 
    Dimension: 3
    Index: [0, 0, 0]
    Size: [224, 320, 320]
  RequestedRegion: 
    Dimension: 3
    Index: [0, 0, 0]
    Size: [224, 320, 320]
  Spacing: [0.7, 0.7, 0.7]
  Origin: [-77.4308, 74.7286, -90.2249]
  Direction: 
1 0 0
0 -1 0
0 0 1

  IndexToPointMatrix: 
0.7 0 0
0 -0.7 0
0 0 0.7

  PointToIndexMatrix: 
1.42857 0 0
0 -1.42857 0
0 0 1.42857

  Inverse Direction: 
1 0 0
0 -1 0
0 0 1

  PixelContainer: 
    ImportImageContainer (0x380d6b0)
      RTTI typeinfo:   itk::ImportImageContainer<unsigned long, double>
      Reference Count: 1
      Modified Time: 1693
      Debug: Off
      Object Name: 
      Observers: 
        none
      Pointer: 0x2b4513a84010
      Container manages memory: true
      Size: 22937600
      Capacity: 22937600

     Weighting = 1
     Sampling strategy = regular
     Number of bins = 32
     Radius = 4
     Sampling percentage  = 0.25
   Transform = Rigid
     Gradient step = 0.1
     Update field sigma (voxel space) = 0
     Total field sigma (voxel space) = 0
     Update field time sigma = 0
     Total field time sigma  = 0
     Number of time indices = 0
     Number of time point samples = 0
Stage 2 State
   Image metric = Mattes
     Fixed image = Image (0x381c060)
  RTTI typeinfo:   itk::Image<double, 3u>
  Reference Count: 2
  Modified Time: 2130
  Debug: Off
  Object Name: 
  Observers: 
    none
  Source: (none)
  Source output name: (none)
  Release Data: Off
  Data Released: False
  Global Release Data: Off
  PipelineMTime: 0
  UpdateMTime: 1913
  RealTimeStamp: 0 seconds 
  LargestPossibleRegion: 
    Dimension: 3
    Index: [0, 0, 0]
    Size: [384, 301, 288]
  BufferedRegion: 
    Dimension: 3
    Index: [0, 0, 0]
    Size: [384, 301, 288]
  RequestedRegion: 
    Dimension: 3
    Index: [0, 0, 0]
    Size: [384, 301, 288]
  Spacing: [0.598958, 0.598958, 0.599937]
  Origin: [83.4012, -147.626, 85.1783]
  Direction: 
-0 0 -1
1 -0 0
0 -1 0

  IndexToPointMatrix: 
0 0 -0.599937
0.598958 0 0
0 -0.598958 0

  PointToIndexMatrix: 
0 1.66957 0
0 0 -1.66957
-1.66684 0 0

  Inverse Direction: 
0 1 0
0 0 -1
-1 0 0

  PixelContainer: 
    ImportImageContainer (0x3810140)
      RTTI typeinfo:   itk::ImportImageContainer<unsigned long, double>
      Reference Count: 1
      Modified Time: 1910
      Debug: Off
      Object Name: 
      Observers: 
        none
      Pointer: 0x2b451e985010
      Container manages memory: true
      Size: 33288192
      Capacity: 33288192

     Moving image = Image (0x381de80)
  RTTI typeinfo:   itk::Image<double, 3u>
  Reference Count: 2
  Modified Time: 2131
  Debug: Off
  Object Name: 
  Observers: 
    none
  Source: (none)
  Source output name: (none)
  Release Data: Off
  Data Released: False
  Global Release Data: Off
  PipelineMTime: 0
  UpdateMTime: 2128
  RealTimeStamp: 0 seconds 
  LargestPossibleRegion: 
    Dimension: 3
    Index: [0, 0, 0]
    Size: [224, 320, 320]
  BufferedRegion: 
    Dimension: 3
    Index: [0, 0, 0]
    Size: [224, 320, 320]
  RequestedRegion: 
    Dimension: 3
    Index: [0, 0, 0]
    Size: [224, 320, 320]
  Spacing: [0.7, 0.7, 0.7]
  Origin: [-77.4308, 74.7286, -90.2249]
  Direction: 
1 0 0
0 -1 0
0 0 1

  IndexToPointMatrix: 
0.7 0 0
0 -0.7 0
0 0 0.7

  PointToIndexMatrix: 
1.42857 0 0
0 -1.42857 0
0 0 1.42857

  Inverse Direction: 
1 0 0
0 -1 0
0 0 1

  PixelContainer: 
    ImportImageContainer (0x3818540)
      RTTI typeinfo:   itk::ImportImageContainer<unsigned long, double>
      Reference Count: 1
      Modified Time: 2125
      Debug: Off
      Object Name: 
      Observers: 
        none
      Pointer: 0x2b452e77e010
      Container manages memory: true
      Size: 22937600
      Capacity: 22937600

     Weighting = 1
     Sampling strategy = regular
     Number of bins = 32
     Radius = 4
     Sampling percentage  = 0.25
   Transform = Affine
     Gradient step = 0.1
     Update field sigma (voxel space) = 0
     Total field sigma (voxel space) = 0
     Update field time sigma = 0
     Total field time sigma  = 0
     Number of time indices = 0
     Number of time point samples = 0
Registration using 2 total stages.

Stage 0
  iterations = 1000x500x250x100
  convergence threshold = 1e-06
  convergence window size = 10
  number of levels = 4
  using the Mattes MI metric (number of bins = 32, weight = 1)
  preprocessing:  winsorizing the image intensities
  preprocessing:  histogram matching the images
  Shrink factors (level 1 out of 4): [8, 8, 8]
  Shrink factors (level 2 out of 4): [4, 4, 4]
  Shrink factors (level 3 out of 4): [2, 2, 2]
  Shrink factors (level 4 out of 4): [1, 1, 1]
  smoothing sigmas per level: [3, 2, 1, 0]
  regular sampling (percentage = 0.25)

*** Running Euler3DTransform registration ***

DIAGNOSTIC,Iteration,metricValue,convergenceValue,ITERATION_TIME_INDEX,SINCE_LAST
 2DIAGNOSTIC,     1, -2.664527031056e-01, 1.797693134862e+308, 2.6218e+00, 2.6218e+00, 
 2DIAGNOSTIC,     2, -2.673558063479e-01, 1.797693134862e+308, 2.6518e+00, 3.0080e-02, 
 2DIAGNOSTIC,     3, -2.688671202712e-01, 1.797693134862e+308, 2.6819e+00, 3.0057e-02, 
 2DIAGNOSTIC,     4, -2.715355139083e-01, 1.797693134862e+308, 2.7120e+00, 3.0088e-02, 
 2DIAGNOSTIC,     5, -2.767553141767e-01, 1.797693134862e+308, 2.7421e+00, 3.0110e-02, 
 2DIAGNOSTIC,     6, -2.837188246846e-01, 1.797693134862e+308, 2.7722e+00, 3.0103e-02, 
 2DIAGNOSTIC,     7, -2.972099868628e-01, 1.797693134862e+308, 2.8021e+00, 2.9930e-02, 
 2DIAGNOSTIC,     8, -3.400296612994e-01, 1.797693134862e+308, 2.8371e+00, 3.4955e-02, 
 2DIAGNOSTIC,     9, -4.368562233396e-01, 1.797693134862e+308, 2.9126e+00, 7.5493e-02, 
 2DIAGNOSTIC,    10, -4.369338132300e-01, 3.448476866176e-02, 2.9438e+00, 3.1193e-02, 
 2DIAGNOSTIC,    11, -4.381506635967e-01, 3.691598370354e-02, 2.9750e+00, 3.1223e-02, 
 2DIAGNOSTIC,    12, -4.404259586714e-01, 3.588955528783e-02, 3.0063e+00, 3.1339e-02, 
 2DIAGNOSTIC,    13, -4.436537634581e-01, 3.211095920866e-02, 3.0373e+00, 3.1013e-02, 
 2DIAGNOSTIC,    14, -4.460044684983e-01, 2.633836047187e-02, 3.0683e+00, 3.0970e-02, 
 2DIAGNOSTIC,    15, -4.477761228065e-01, 1.954495090617e-02, 3.1037e+00, 3.5348e-02, 
 2DIAGNOSTIC,    16, -4.487730103029e-01, 1.250548938519e-02, 3.1345e+00, 3.0852e-02, 
 2DIAGNOSTIC,    17, -4.492946923749e-01, 5.972139587285e-03, 3.1647e+00, 3.0193e-02, 
 2DIAGNOSTIC,    18, -4.516118398082e-01, 1.561842455093e-03, 3.1941e+00, 2.9438e-02, 
 2DIAGNOSTIC,    19, -4.567068677776e-01, 1.605472755381e-03, 3.2235e+00, 2.9406e-02, 
 2DIAGNOSTIC,    20, -4.598092926899e-01, 1.610328014880e-03, 3.2609e+00, 3.7379e-02, 
 2DIAGNOSTIC,    21, -4.644529774100e-01, 1.671119174053e-03, 3.2925e+00, 3.1528e-02, 
 2DIAGNOSTIC,    22, -4.653621838018e-01, 1.674190435453e-03, 3.3191e+00, 2.6617e-02, 
 2DIAGNOSTIC,    23, -4.714524197765e-01, 1.813756631916e-03, 3.3495e+00, 3.0430e-02, 
 2DIAGNOSTIC,    24, -4.750854091646e-01, 1.942564173590e-03, 3.3798e+00, 3.0307e-02, 
 2DIAGNOSTIC,    25, -4.768277892178e-01, 1.975479189283e-03, 3.4103e+00, 3.0465e-02, 
 2DIAGNOSTIC,    26, -4.802404504093e-01, 1.942915850874e-03, 3.4367e+00, 2.6437e-02, 
 2DIAGNOSTIC,    27, -4.805367901125e-01, 1.752126065129e-03, 3.4705e+00, 3.3810e-02, 
 2DIAGNOSTIC,    28, -4.806587124725e-01, 1.471734498125e-03, 3.4967e+00, 2.6146e-02, 
 2DIAGNOSTIC,    29, -4.808157063212e-01, 1.200083939754e-03, 3.5223e+00, 2.5653e-02, 
 2DIAGNOSTIC,    30, -4.808976285018e-01, 9.081252793262e-04, 3.5551e+00, 3.2798e-02, 
 2DIAGNOSTIC,    31, -4.810944010942e-01, 6.604727534817e-04, 3.5910e+00, 3.5881e-02, 
 2DIAGNOSTIC,    32, -4.811569315222e-01, 3.865866678261e-04, 3.6192e+00, 2.8173e-02, 
 2DIAGNOSTIC,    33, -4.810765388445e-01, 2.182938857303e-04, 3.6478e+00, 2.8614e-02, 
 2DIAGNOSTIC,    34, -4.810868741149e-01, 1.131315769536e-04, 3.6768e+00, 2.9021e-02, 
 2DIAGNOSTIC,    35, -4.810644079872e-01, 3.542630741666e-05, 3.7039e+00, 2.7074e-02, 
 2DIAGNOSTIC,    36, -4.810704929074e-01, 2.282118005489e-05, 3.7291e+00, 2.5172e-02, 
 2DIAGNOSTIC,    37, -4.810764636385e-01, 1.433477707167e-05, 3.7577e+00, 2.8680e-02, 
 2DIAGNOSTIC,    38, -4.810795678427e-01, 7.277448909798e-06, 3.7865e+00, 2.8742e-02, 
 2DIAGNOSTIC,    39, -4.810258994404e-01, 1.804359470163e-06, 3.8267e+00, 4.0223e-02, 
DIAGNOSTIC,Iteration,metricValue,convergenceValue,ITERATION_TIME_INDEX,SINCE_LAST
 2DIAGNOSTIC,     1, -4.079663873254e-01, 1.797693134862e+308, 6.5834e+00, 2.7567e+00, 
 2DIAGNOSTIC,     2, -4.087885997561e-01, 1.797693134862e+308, 6.7868e+00, 2.0333e-01, 
 2DIAGNOSTIC,     3, -4.099164933661e-01, 1.797693134862e+308, 6.9979e+00, 2.1112e-01, 
 2DIAGNOSTIC,     4, -4.109851820553e-01, 1.797693134862e+308, 7.1997e+00, 2.0183e-01, 
 2DIAGNOSTIC,     5, -4.115704787732e-01, 1.797693134862e+308, 7.4025e+00, 2.0278e-01, 
 2DIAGNOSTIC,     6, -4.118579854045e-01, 1.797693134862e+308, 7.6136e+00, 2.1105e-01, 
 2DIAGNOSTIC,     7, -4.122795275204e-01, 1.797693134862e+308, 7.8154e+00, 2.0182e-01, 
 2DIAGNOSTIC,     8, -4.133812561029e-01, 1.797693134862e+308, 8.1052e+00, 2.8979e-01, 
 2DIAGNOSTIC,     9, -4.135338038557e-01, 1.797693134862e+308, 8.3088e+00, 2.0369e-01, 
 2DIAGNOSTIC,    10, -4.137873279363e-01, 9.047709712083e-04, 8.5286e+00, 2.1973e-01, 
 2DIAGNOSTIC,    11, -4.141035368661e-01, 7.184689761666e-04, 8.7907e+00, 2.6216e-01, 
 2DIAGNOSTIC,    12, -4.142315039263e-01, 5.524035011423e-04, 8.9966e+00, 2.0584e-01, 
 2DIAGNOSTIC,    13, -4.144986897543e-01, 4.345285200780e-04, 9.2000e+00, 2.0346e-01, 
 2DIAGNOSTIC,    14, -4.148563869207e-01, 3.638342614058e-04, 9.4615e+00, 2.6150e-01, 
 2DIAGNOSTIC,    15, -4.149536894296e-01, 3.011574046730e-04, 9.6614e+00, 1.9988e-01, 
 2DIAGNOSTIC,    16, -4.150628782509e-01, 2.361435589872e-04, 9.8666e+00, 2.0517e-01, 
 2DIAGNOSTIC,    17, -4.152036832081e-01, 1.789894755394e-04, 1.0192e+01, 3.2524e-01, 
 2DIAGNOSTIC,    18, -4.152742276888e-01, 1.565535233657e-04, 1.0426e+01, 2.3400e-01, 
 2DIAGNOSTIC,    19, -4.153132654996e-01, 1.288266293960e-04, 1.0660e+01, 2.3411e-01, 
 2DIAGNOSTIC,    20, -4.153170888741e-01, 1.007711347061e-04, 1.0995e+01, 3.3464e-01, 
 2DIAGNOSTIC,    21, -4.153131975382e-01, 7.652926998072e-05, 1.1263e+01, 2.6887e-01, 
 2DIAGNOSTIC,    22, -4.153118940545e-01, 5.133311913297e-05, 1.1504e+01, 2.4076e-01, 
 2DIAGNOSTIC,    23, -4.153027426107e-01, 3.111190622831e-05, 1.1715e+01, 2.1064e-01, 
 2DIAGNOSTIC,    24, -4.153052081099e-01, 2.011385784061e-05, 1.1985e+01, 2.6977e-01, 
 2DIAGNOSTIC,    25, -4.153006263970e-01, 1.076588208224e-05, 1.2227e+01, 2.4198e-01, 
 2DIAGNOSTIC,    26, -4.153014845792e-01, 4.090156127089e-06, 1.2436e+01, 2.0917e-01, 
 2DIAGNOSTIC,    27, -4.152970212684e-01, 1.073295035889e-06, 1.2650e+01, 2.1374e-01, 
DIAGNOSTIC,Iteration,metricValue,convergenceValue,ITERATION_TIME_INDEX,SINCE_LAST
 2DIAGNOSTIC,     1, -3.466339953444e-01, 1.797693134862e+308, 1.7391e+01, 4.7413e+00, 
 2DIAGNOSTIC,     2, -3.468358299253e-01, 1.797693134862e+308, 1.8975e+01, 1.5838e+00, 
 2DIAGNOSTIC,     3, -3.469993969430e-01, 1.797693134862e+308, 2.0560e+01, 1.5852e+00, 
 2DIAGNOSTIC,     4, -3.471403706224e-01, 1.797693134862e+308, 2.2146e+01, 1.5860e+00, 
 2DIAGNOSTIC,     5, -3.471824239327e-01, 1.797693134862e+308, 2.3951e+01, 1.8052e+00, 
 2DIAGNOSTIC,     6, -3.472022755664e-01, 1.797693134862e+308, 2.5772e+01, 1.8206e+00, 
 2DIAGNOSTIC,     7, -3.472089195712e-01, 1.797693134862e+308, 2.7355e+01, 1.5834e+00, 
 2DIAGNOSTIC,     8, -3.472486335393e-01, 1.797693134862e+308, 2.9153e+01, 1.7977e+00, 
 2DIAGNOSTIC,     9, -3.472578580348e-01, 1.797693134862e+308, 3.1189e+01, 2.0365e+00, 
 2DIAGNOSTIC,    10, -3.472536111593e-01, 1.013238833982e-04, 3.3019e+01, 1.8301e+00, 
 2DIAGNOSTIC,    11, -3.472551852978e-01, 5.916011940388e-05, 3.4840e+01, 1.8210e+00, 
 2DIAGNOSTIC,    12, -3.472543979932e-01, 3.252229959133e-05, 3.7840e+01, 2.9995e+00, 
 2DIAGNOSTIC,    13, -3.472547735107e-01, 1.736214594673e-05, 3.9667e+01, 1.8270e+00, 
 2DIAGNOSTIC,    14, -3.472534664489e-01, 1.111471956233e-05, 4.1500e+01, 1.8330e+00, 
 2DIAGNOSTIC,    15, -3.472531604075e-01, 7.183837383767e-06, 4.3102e+01, 1.6022e+00, 
 2DIAGNOSTIC,    16, -3.472532191011e-01, 4.321003108487e-06, 4.4953e+01, 1.8507e+00, 
 2DIAGNOSTIC,    17, -3.472537453598e-01, 1.871817248041e-06, 4.6811e+01, 1.8577e+00, 
 2DIAGNOSTIC,    18, -3.472534412764e-01, 1.473217075894e-06, 4.8668e+01, 1.8579e+00, 
 2DIAGNOSTIC,    19, -3.472535334324e-01, 1.552433368170e-06, 5.0538e+01, 1.8693e+00, 
 2DIAGNOSTIC,    20, -3.472533848494e-01, 1.453675622938e-06, 5.2413e+01, 1.8750e+00, 
 2DIAGNOSTIC,    21, -3.472534164255e-01, 1.439869311531e-06, 5.4283e+01, 1.8701e+00, 
 2DIAGNOSTIC,    22, -3.472524715815e-01, 1.368376344062e-06, 5.5914e+01, 1.6317e+00, 
 2DIAGNOSTIC,    23, -3.472535870985e-01, 1.365675255369e-06, 5.7521e+01, 1.6067e+00, 
 2DIAGNOSTIC,    24, -3.472540372340e-01, 1.334785918940e-06, 5.9067e+01, 1.5458e+00, 
 2DIAGNOSTIC,    25, -3.472518937598e-01, 1.224879112069e-06, 6.0798e+01, 1.7308e+00, 
 2DIAGNOSTIC,    26, -3.472544267916e-01, 1.211756498372e-06, 6.2546e+01, 1.7478e+00, 
 2DIAGNOSTIC,    27, -3.472567595098e-01, 1.285224168562e-06, 6.4761e+01, 2.2149e+00, 
 2DIAGNOSTIC,    28, -3.472569819167e-01, 1.338284358325e-06, 6.7238e+01, 2.4773e+00, 
 2DIAGNOSTIC,    29, -3.472563287810e-01, 1.354141338956e-06, 6.9044e+01, 1.8062e+00, 
 2DIAGNOSTIC,    30, -3.472563597665e-01, 1.343885955220e-06, 7.1080e+01, 2.0354e+00, 
 2DIAGNOSTIC,    31, -3.472560323577e-01, 1.299637813333e-06, 7.2883e+01, 1.8038e+00, 
 2DIAGNOSTIC,    32, -3.472557035105e-01, 1.196803558444e-06, 7.4460e+01, 1.5769e+00, 
 2DIAGNOSTIC,    33, -3.472553827319e-01, 1.100661752490e-06, 7.6041e+01, 1.5807e+00, 
 2DIAGNOSTIC,    34, -3.472550737509e-01, 1.003978108136e-06, 7.7626e+01, 1.5853e+00, 
DIAGNOSTIC,Iteration,metricValue,convergenceValue,ITERATION_TIME_INDEX,SINCE_LAST
 2DIAGNOSTIC,     1, -3.105805190119e-01, 1.797693134862e+308, 9.4883e+01, 1.7257e+01, 
 2DIAGNOSTIC,     2, -3.106018435678e-01, 1.797693134862e+308, 1.0771e+02, 1.2831e+01, 
 2DIAGNOSTIC,     3, -3.106069207191e-01, 1.797693134862e+308, 1.2176e+02, 1.4045e+01, 
 2DIAGNOSTIC,     4, -3.106086519138e-01, 1.797693134862e+308, 1.3448e+02, 1.2718e+01, 
 2DIAGNOSTIC,     5, -3.106087847464e-01, 1.797693134862e+308, 1.4577e+02, 1.1289e+01, 
 2DIAGNOSTIC,     6, -3.106092218592e-01, 1.797693134862e+308, 1.5835e+02, 1.2580e+01, 
 2DIAGNOSTIC,     7, -3.106076558889e-01, 1.797693134862e+308, 1.7416e+02, 1.5811e+01, 
 2DIAGNOSTIC,     8, -3.106077268199e-01, 1.797693134862e+308, 1.8851e+02, 1.4350e+01, 
 2DIAGNOSTIC,     9, -3.106071838186e-01, 1.797693134862e+308, 2.0311e+02, 1.4606e+01, 
 2DIAGNOSTIC,    10, -3.106067436400e-01, 6.023362821725e-06, 2.1572e+02, 1.2612e+01, 
 2DIAGNOSTIC,    11, -3.106067375742e-01, 3.137705200010e-06, 2.2683e+02, 1.1109e+01, 
 2DIAGNOSTIC,    12, -3.106067908682e-01, 2.332504310115e-06, 2.3959e+02, 1.2761e+01, 
 2DIAGNOSTIC,    13, -3.106069280300e-01, 2.043916940628e-06, 2.5414e+02, 1.4545e+01, 
 2DIAGNOSTIC,    14, -3.106067940011e-01, 1.936445511191e-06, 2.9352e+02, 3.9379e+01, 
 2DIAGNOSTIC,    15, -3.106067939996e-01, 1.881174648999e-06, 3.3246e+02, 3.8940e+01, 
 2DIAGNOSTIC,    16, -3.106067939996e-01, 1.882008461643e-06, 3.4898e+02, 1.6524e+01, 
 2DIAGNOSTIC,    17, -3.106067939996e-01, 1.807184908879e-06, 3.6159e+02, 1.2605e+01, 
 2DIAGNOSTIC,    18, -3.106067939996e-01, 1.750607515137e-06, 3.7429e+02, 1.2702e+01, 
 2DIAGNOSTIC,    19, -3.106067939996e-01, 1.676105509954e-06, 3.8718e+02, 1.2888e+01, 
 2DIAGNOSTIC,    20, -3.106067939996e-01, 1.588902016562e-06, 3.9990e+02, 1.2724e+01, 
 2DIAGNOSTIC,    21, -3.106067939996e-01, 1.509798600287e-06, 4.1257e+02, 1.2667e+01, 
 2DIAGNOSTIC,    22, -3.106067939996e-01, 1.440335751376e-06, 4.2544e+02, 1.2872e+01, 
 2DIAGNOSTIC,    23, -3.106067939996e-01, 1.383044446197e-06, 4.3824e+02, 1.2797e+01, 
 2DIAGNOSTIC,    24, -3.106067939996e-01, 1.325417475703e-06, 4.4928e+02, 1.1042e+01, 
 2DIAGNOSTIC,    25, -3.106067939996e-01, 1.272400622275e-06, 4.6205e+02, 1.2772e+01, 
 2DIAGNOSTIC,    26, -3.106067939996e-01, 1.223461999759e-06, 4.7496e+02, 1.2909e+01, 
 2DIAGNOSTIC,    27, -3.106067939996e-01, 1.178148470206e-06, 4.8770e+02, 1.2745e+01, 
 2DIAGNOSTIC,    28, -3.106067939996e-01, 1.136071629729e-06, 5.0041e+02, 1.2703e+01, 
 2DIAGNOSTIC,    29, -3.106067939996e-01, 1.096896647609e-06, 5.1170e+02, 1.1297e+01, 
 2DIAGNOSTIC,    30, -3.106067939996e-01, 1.060333337306e-06, 5.2447e+02, 1.2766e+01, 
 2DIAGNOSTIC,    31, -3.106067939996e-01, 1.026128955806e-06, 5.4200e+02, 1.7530e+01, 
  Elapsed time (stage 0): 5.5095e+02


Stage 1
  iterations = 1000x500x250x100
  convergence threshold = 1.0000e-06
  convergence window size = 10
  number of levels = 4
  using the Mattes MI metric (number of bins = 32, weight = 1.0000e+00)
  preprocessing:  winsorizing the image intensities
  preprocessing:  histogram matching the images
  Shrink factors (level 1 out of 4): [8, 8, 8]
  Shrink factors (level 2 out of 4): [4, 4, 4]
  Shrink factors (level 3 out of 4): [2, 2, 2]
  Shrink factors (level 4 out of 4): [1, 1, 1]
  smoothing sigmas per level: [3, 2, 1, 0]
  regular sampling (percentage = 2.5000e-01)

*** Running AffineTransform registration ***

DIAGNOSTIC,Iteration,metricValue,convergenceValue,ITERATION_TIME_INDEX,SINCE_LAST
 2DIAGNOSTIC,     1, -4.765013269912e-01, 1.797693134862e+308, 2.5241e+00, 2.5241e+00, 
 2DIAGNOSTIC,     2, -4.775264828679e-01, 1.797693134862e+308, 2.5566e+00, 3.2494e-02, 
 2DIAGNOSTIC,     3, -4.791640736741e-01, 1.797693134862e+308, 2.5892e+00, 3.2669e-02, 
 2DIAGNOSTIC,     4, -4.812677907108e-01, 1.797693134862e+308, 2.6218e+00, 3.2567e-02, 
 2DIAGNOSTIC,     5, -4.831854281421e-01, 1.797693134862e+308, 2.6544e+00, 3.2543e-02, 
 2DIAGNOSTIC,     6, -4.852465754009e-01, 1.797693134862e+308, 2.6872e+00, 3.2883e-02, 
 2DIAGNOSTIC,     7, -4.874217755938e-01, 1.797693134862e+308, 2.7239e+00, 3.6692e-02, 
 2DIAGNOSTIC,     8, -4.901239211867e-01, 1.797693134862e+308, 2.7649e+00, 4.0943e-02, 
 2DIAGNOSTIC,     9, -4.907144777887e-01, 1.797693134862e+308, 2.8186e+00, 5.3764e-02, 
 2DIAGNOSTIC,    10, -4.908614287705e-01, 2.162635181771e-03, 2.8556e+00, 3.6946e-02, 
 2DIAGNOSTIC,    11, -4.909211771535e-01, 1.806602814440e-03, 2.8922e+00, 3.6593e-02, 
 2DIAGNOSTIC,    12, -4.909766236924e-01, 1.400039594376e-03, 2.9247e+00, 3.2493e-02, 
 2DIAGNOSTIC,    13, -4.910515432946e-01, 1.005090046901e-03, 2.9574e+00, 3.2750e-02, 
 2DIAGNOSTIC,    14, -4.911631297819e-01, 6.679716488946e-04, 2.9945e+00, 3.7113e-02, 
 2DIAGNOSTIC,    15, -4.912465757679e-01, 3.936262685543e-04, 3.0270e+00, 3.2487e-02, 
 2DIAGNOSTIC,    16, -4.914368987015e-01, 1.993681510412e-04, 3.0594e+00, 3.2336e-02, 
 2DIAGNOSTIC,    17, -4.917067758256e-01, 9.145795104722e-05, 3.0960e+00, 3.6599e-02, 
 2DIAGNOSTIC,    18, -4.919546214655e-01, 8.229591518102e-05, 3.1316e+00, 3.5669e-02, 
 2DIAGNOSTIC,    19, -4.923965039172e-01, 9.813920102254e-05, 3.1686e+00, 3.6976e-02, 
 2DIAGNOSTIC,    20, -4.938905895670e-01, 1.509785918229e-04, 3.2100e+00, 4.1393e-02, 
 2DIAGNOSTIC,    21, -4.941121019125e-01, 1.915932049708e-04, 3.2468e+00, 3.6828e-02, 
 2DIAGNOSTIC,    22, -4.942219587555e-01, 2.154557191584e-04, 3.2791e+00, 3.2303e-02, 
 2DIAGNOSTIC,    23, -4.944745502557e-01, 2.259366937037e-04, 3.3157e+00, 3.6604e-02, 
 2DIAGNOSTIC,    24, -4.945647838005e-01, 2.190916625056e-04, 3.3525e+00, 3.6815e-02, 
 2DIAGNOSTIC,    25, -4.945714813376e-01, 1.939082029979e-04, 3.3894e+00, 3.6896e-02, 
 2DIAGNOSTIC,    26, -4.947531979235e-01, 1.608285737747e-04, 3.4264e+00, 3.6954e-02, 
 2DIAGNOSTIC,    27, -4.948671135088e-01, 1.237773095030e-04, 3.4762e+00, 4.9756e-02, 
 2DIAGNOSTIC,    28, -4.948473172806e-01, 8.262923760839e-05, 3.5217e+00, 4.5546e-02, 
 2DIAGNOSTIC,    29, -4.948831157569e-01, 4.548852001494e-05, 3.5584e+00, 3.6712e-02, 
 2DIAGNOSTIC,    30, -4.948307625529e-01, 3.448995927897e-05, 3.5913e+00, 3.2853e-02, 
 2DIAGNOSTIC,    31, -4.948112398413e-01, 2.481172200829e-05, 3.6290e+00, 3.7694e-02, 
 2DIAGNOSTIC,    32, -4.947905160146e-01, 1.495948052523e-05, 3.6659e+00, 3.6976e-02, 
 2DIAGNOSTIC,    33, -4.947551463523e-01, 8.194786860573e-06, 3.7028e+00, 3.6837e-02, 
 2DIAGNOSTIC,    34, -4.947609930368e-01, 2.850094179281e-06, 3.7353e+00, 3.2569e-02, 
DIAGNOSTIC,Iteration,metricValue,convergenceValue,ITERATION_TIME_INDEX,SINCE_LAST
 2DIAGNOSTIC,     1, -4.128907879214e-01, 1.797693134862e+308, 6.6635e+00, 2.9282e+00, 
 2DIAGNOSTIC,     2, -4.140463707594e-01, 1.797693134862e+308, 6.9016e+00, 2.3806e-01, 
 2DIAGNOSTIC,     3, -4.156863611734e-01, 1.797693134862e+308, 7.1360e+00, 2.3447e-01, 
 2DIAGNOSTIC,     4, -4.176719556484e-01, 1.797693134862e+308, 7.3752e+00, 2.3916e-01, 
 2DIAGNOSTIC,     5, -4.197326741056e-01, 1.797693134862e+308, 7.6088e+00, 2.3363e-01, 
 2DIAGNOSTIC,     6, -4.212554269072e-01, 1.797693134862e+308, 7.8515e+00, 2.4264e-01, 
 2DIAGNOSTIC,     7, -4.224862965903e-01, 1.797693134862e+308, 8.1151e+00, 2.6363e-01, 
 2DIAGNOSTIC,     8, -4.230184674460e-01, 1.797693134862e+308, 8.4784e+00, 3.6333e-01, 
 2DIAGNOSTIC,     9, -4.229664884725e-01, 1.797693134862e+308, 8.7188e+00, 2.4036e-01, 
 2DIAGNOSTIC,    10, -4.230245652495e-01, 1.736708876471e-03, 8.9606e+00, 2.4185e-01, 
 2DIAGNOSTIC,    11, -4.231207400564e-01, 1.292203560466e-03, 9.1947e+00, 2.3408e-01, 
 2DIAGNOSTIC,    12, -4.233126425770e-01, 8.816146347315e-04, 9.4300e+00, 2.3528e-01, 
 2DIAGNOSTIC,    13, -4.236167901739e-01, 5.552192644971e-04, 9.6635e+00, 2.3353e-01, 
 2DIAGNOSTIC,    14, -4.242291764944e-01, 3.497283397685e-04, 1.0086e+01, 4.2219e-01, 
 2DIAGNOSTIC,    15, -4.242323563698e-01, 2.316618571509e-04, 1.0412e+01, 3.2669e-01, 
 2DIAGNOSTIC,    16, -4.242224684144e-01, 1.704216052344e-04, 1.0683e+01, 2.7029e-01, 
 2DIAGNOSTIC,    17, -4.242209158620e-01, 1.493667466532e-04, 1.0984e+01, 3.0094e-01, 
 2DIAGNOSTIC,    18, -4.242153718085e-01, 1.366181888843e-04, 1.1218e+01, 2.3396e-01, 
 2DIAGNOSTIC,    19, -4.242154321130e-01, 1.105719127581e-04, 1.1451e+01, 2.3357e-01, 
 2DIAGNOSTIC,    20, -4.242165275381e-01, 7.909659248255e-05, 1.1720e+01, 2.6903e-01, 
 2DIAGNOSTIC,    21, -4.242111596318e-01, 4.659620379346e-05, 1.1955e+01, 2.3508e-01, 
 2DIAGNOSTIC,    22, -4.242038710070e-01, 1.848148358068e-05, 1.2258e+01, 3.0321e-01, 
DIAGNOSTIC,Iteration,metricValue,convergenceValue,ITERATION_TIME_INDEX,SINCE_LAST
 2DIAGNOSTIC,     1, -3.596116179690e-01, 1.797693134862e+308, 1.7241e+01, 4.9825e+00, 
 2DIAGNOSTIC,     2, -3.601446181679e-01, 1.797693134862e+308, 1.9010e+01, 1.7695e+00, 
 2DIAGNOSTIC,     3, -3.605987950928e-01, 1.797693134862e+308, 2.0783e+01, 1.7728e+00, 
 2DIAGNOSTIC,     4, -3.608008500053e-01, 1.797693134862e+308, 2.2550e+01, 1.7665e+00, 
 2DIAGNOSTIC,     5, -3.608454939310e-01, 1.797693134862e+308, 2.4307e+01, 1.7574e+00, 
 2DIAGNOSTIC,     6, -3.609248161696e-01, 1.797693134862e+308, 2.6318e+01, 2.0105e+00, 
 2DIAGNOSTIC,     7, -3.609575003276e-01, 1.797693134862e+308, 2.8098e+01, 1.7806e+00, 
 2DIAGNOSTIC,     8, -3.609738225824e-01, 1.797693134862e+308, 3.0101e+01, 2.0031e+00, 
 2DIAGNOSTIC,     9, -3.610027471222e-01, 1.797693134862e+308, 3.1883e+01, 1.7821e+00, 
 2DIAGNOSTIC,    10, -3.610889671301e-01, 2.062011643245e-04, 3.3908e+01, 2.0246e+00, 
 2DIAGNOSTIC,    11, -3.611719842738e-01, 1.219758290904e-04, 3.6177e+01, 2.2695e+00, 
 2DIAGNOSTIC,    12, -3.612428071718e-01, 8.000179537529e-05, 3.8206e+01, 2.0287e+00, 
 2DIAGNOSTIC,    13, -3.613079591942e-01, 6.872771120403e-05, 4.0001e+01, 1.7947e+00, 
 2DIAGNOSTIC,    14, -3.616007676696e-01, 8.086302816197e-05, 4.1760e+01, 1.7590e+00, 
 2DIAGNOSTIC,    15, -3.621941566770e-01, 1.171630732097e-04, 4.3705e+01, 1.9456e+00, 
 2DIAGNOSTIC,    16, -3.623966127395e-01, 1.515015873411e-04, 4.5931e+01, 2.2253e+00, 
 2DIAGNOSTIC,    17, -3.625610110396e-01, 1.774061001005e-04, 4.7676e+01, 1.7454e+00, 
 2DIAGNOSTIC,    18, -3.626792468543e-01, 1.903719924213e-04, 4.9646e+01, 1.9702e+00, 
 2DIAGNOSTIC,    19, -3.629298440733e-01, 1.958179775959e-04, 5.1393e+01, 1.7469e+00, 
 2DIAGNOSTIC,    20, -3.633089801734e-01, 2.003626167053e-04, 5.4065e+01, 2.6721e+00, 
 2DIAGNOSTIC,    21, -3.633929293953e-01, 1.918858036792e-04, 5.6051e+01, 1.9855e+00, 
 2DIAGNOSTIC,    22, -3.633894035279e-01, 1.693042007910e-04, 5.8264e+01, 2.2136e+00, 
 2DIAGNOSTIC,    23, -3.633902917688e-01, 1.354486123757e-04, 6.0718e+01, 2.4541e+00, 
 2DIAGNOSTIC,    24, -3.633897448481e-01, 1.008839279554e-04, 6.2947e+01, 2.2286e+00, 
 2DIAGNOSTIC,    25, -3.633890420024e-01, 7.807163820649e-05, 6.5661e+01, 2.7143e+00, 
 2DIAGNOSTIC,    26, -3.633888768397e-01, 5.585019655110e-05, 6.7668e+01, 2.0062e+00, 
 2DIAGNOSTIC,    27, -3.633883190885e-01, 3.506361684952e-05, 6.9448e+01, 1.7804e+00, 
 2DIAGNOSTIC,    28, -3.633885288725e-01, 1.585882582555e-05, 7.1480e+01, 2.0321e+00, 
 2DIAGNOSTIC,    29, -3.633880620309e-01, 3.096116826619e-06, 7.3501e+01, 2.0205e+00, 
DIAGNOSTIC,Iteration,metricValue,convergenceValue,ITERATION_TIME_INDEX,SINCE_LAST
 2DIAGNOSTIC,     1, -3.206072280725e-01, 1.797693134862e+308, 9.0782e+01, 1.7281e+01, 
 2DIAGNOSTIC,     2, -3.208888609900e-01, 1.797693134862e+308, 1.0331e+02, 1.2525e+01, 
 2DIAGNOSTIC,     3, -3.211917513305e-01, 1.797693134862e+308, 1.1600e+02, 1.2698e+01, 
 2DIAGNOSTIC,     4, -3.215479658619e-01, 1.797693134862e+308, 1.2868e+02, 1.2680e+01, 
 2DIAGNOSTIC,     5, -3.216746825272e-01, 1.797693134862e+308, 1.4778e+02, 1.9095e+01, 
 2DIAGNOSTIC,     6, -3.216931720015e-01, 1.797693134862e+308, 1.6863e+02, 2.0852e+01, 
 2DIAGNOSTIC,     7, -3.216938129446e-01, 1.797693134862e+308, 1.8610e+02, 1.7467e+01, 
 2DIAGNOSTIC,     8, -3.216935056763e-01, 1.797693134862e+308, 2.0050e+02, 1.4400e+01, 
 2DIAGNOSTIC,     9, -3.216932577510e-01, 1.797693134862e+308, 2.1627e+02, 1.5773e+01, 
 2DIAGNOSTIC,    10, -3.216930548007e-01, 1.987629458821e-04, 2.3059e+02, 1.4321e+01, 
 2DIAGNOSTIC,    11, -3.216927797358e-01, 1.116198552525e-04, 2.4655e+02, 1.5956e+01, 
 2DIAGNOSTIC,    12, -3.216927320419e-01, 4.983004179443e-05, 2.6409e+02, 1.7541e+01, 
 2DIAGNOSTIC,    13, -3.216927183534e-01, 1.331840230998e-05, 2.7838e+02, 1.4289e+01, 
 2DIAGNOSTIC,    14, -3.216926973553e-01, 3.314451737221e-06, 2.9263e+02, 1.4252e+01, 
 2DIAGNOSTIC,    15, -3.216926133637e-01, 1.981715181024e-06, 3.0701e+02, 1.4378e+01, 
 2DIAGNOSTIC,    16, -3.216926484140e-01, 1.850858391911e-06, 3.2274e+02, 1.5732e+01, 
 2DIAGNOSTIC,    17, -3.216925918032e-01, 1.778618836427e-06, 3.3709e+02, 1.4355e+01, 
 2DIAGNOSTIC,    18, -3.216924971090e-01, 1.703367886220e-06, 3.5118e+02, 1.4087e+01, 
 2DIAGNOSTIC,    19, -3.216924493270e-01, 1.628509062920e-06, 3.6547e+02, 1.4288e+01, 
 2DIAGNOSTIC,    20, -3.216924557488e-01, 1.557108105663e-06, 3.7768e+02, 1.2214e+01, 
 2DIAGNOSTIC,    21, -3.216922952365e-01, 1.477283813819e-06, 3.9185e+02, 1.4164e+01, 
 2DIAGNOSTIC,    22, -3.216924339794e-01, 1.412082671938e-06, 4.0611e+02, 1.4261e+01, 
 2DIAGNOSTIC,    23, -3.216924188670e-01, 1.354519581942e-06, 4.2020e+02, 1.4095e+01, 
 2DIAGNOSTIC,    24, -3.216924127435e-01, 1.303567622214e-06, 4.3452e+02, 1.4312e+01, 
 2DIAGNOSTIC,    25, -3.216923989175e-01, 1.255316947849e-06, 4.5014e+02, 1.5627e+01, 
 2DIAGNOSTIC,    26, -3.216923811589e-01, 1.213076913115e-06, 4.6419e+02, 1.4049e+01, 
 2DIAGNOSTIC,    27, -3.216923509028e-01, 1.172162814561e-06, 4.7662e+02, 1.2425e+01, 
 2DIAGNOSTIC,    28, -3.216922916759e-01, 1.129879653977e-06, 4.8848e+02, 1.1861e+01, 
 2DIAGNOSTIC,    29, -3.216923068412e-01, 1.090176727156e-06, 5.0009e+02, 1.1610e+01, 
 2DIAGNOSTIC,    30, -3.216924092600e-01, 1.057129609905e-06, 5.1366e+02, 1.3575e+01, 
 2DIAGNOSTIC,    31, -3.216924036513e-01, 1.021595006381e-06, 5.2927e+02, 1.5605e+01, 
  Elapsed time (stage 1): 5.3921e+02


Total elapsed time: 1.0902e+03

--------------------------------------------------------------------------------------
 Mapping parameters
--------------------------------------------------------------------------------------
 ANTSPATH is /usr/local/software/spack/spack-git/opt/spack/linux-rhel7-broadwell/gcc-5/ants-2.3.4-lj6vm7ccmij4yywr4ynrttcko4aoflqt/bin

 Dimensionality:           3
 Output name prefix:       T1xT2_ANTs
 Fixed images:             /home/ccn30/rds/rds-p00500_encrypt-URQgmO1brZ0/p00500/ENCRYPT_images/26371/T2/N4t2.nii
 Moving images:            /home/ccn30/rds/rds-p00500_encrypt-URQgmO1brZ0/p00500/ENCRYPT_images/26371/mp2rage/n4mag0000_PSIR_skulled_std.nii
 Mask images:              
 Initial transforms:       
 Number of threads:        1
 Spline distance:          26
 Transform type:           a
 MI histogram bins:        32
 Precision:                d
 Use histogram matching    0
======================================================================================
 antsRegistration call:
--------------------------------------------------------------------------------------
/usr/local/software/spack/spack-git/opt/spack/linux-rhel7-broadwell/gcc-5/ants-2.3.4-lj6vm7ccmij4yywr4ynrttcko4aoflqt/bin/antsRegistration --verbose 1 --dimensionality 3 --float 0 --collapse-output-transforms 1 --output [ T1xT2_ANTs,T1xT2_ANTsWarped.nii.gz,T1xT2_ANTsInverseWarped.nii.gz ] --interpolation Linear --use-histogram-matching 0 --winsorize-image-intensities [ 0.005,0.995 ] --initial-moving-transform [ /home/ccn30/rds/rds-p00500_encrypt-URQgmO1brZ0/p00500/ENCRYPT_images/26371/T2/N4t2.nii,/home/ccn30/rds/rds-p00500_encrypt-URQgmO1brZ0/p00500/ENCRYPT_images/26371/mp2rage/n4mag0000_PSIR_skulled_std.nii,1 ] --transform Rigid[ 0.1 ] --metric MI[ /home/ccn30/rds/rds-p00500_encrypt-URQgmO1brZ0/p00500/ENCRYPT_images/26371/T2/N4t2.nii,/home/ccn30/rds/rds-p00500_encrypt-URQgmO1brZ0/p00500/ENCRYPT_images/26371/mp2rage/n4mag0000_PSIR_skulled_std.nii,1,32,Regular,0.25 ] --convergence [ 1000x500x250x0,1e-6,10 ] --shrink-factors 12x8x4x2 --smoothing-sigmas 4x3x2x1vox --transform Affine[ 0.1 ] --metric MI[ /home/ccn30/rds/rds-p00500_encrypt-URQgmO1brZ0/p00500/ENCRYPT_images/26371/T2/N4t2.nii,/home/ccn30/rds/rds-p00500_encrypt-URQgmO1brZ0/p00500/ENCRYPT_images/26371/mp2rage/n4mag0000_PSIR_skulled_std.nii,1,32,Regular,0.25 ] --convergence [ 1000x500x250x0,1e-6,10 ] --shrink-factors 12x8x4x2 --smoothing-sigmas 4x3x2x1vox
--------------------------------------------------------------------------------------
All_Command_lines_OK
Using double precision for computations.
=============================================================================
The composite transform comprises the following transforms (in order): 
  1. Center of mass alignment using fixed image: /home/ccn30/rds/rds-p00500_encrypt-URQgmO1brZ0/p00500/ENCRYPT_images/26371/T2/N4t2.nii and moving image: /home/ccn30/rds/rds-p00500_encrypt-URQgmO1brZ0/p00500/ENCRYPT_images/26371/mp2rage/n4mag0000_PSIR_skulled_std.nii (type = Euler3DTransform)
=============================================================================
  number of levels = 4
  number of levels = 4
  fixed image: /home/ccn30/rds/rds-p00500_encrypt-URQgmO1brZ0/p00500/ENCRYPT_images/26371/T2/N4t2.nii
  moving image: /home/ccn30/rds/rds-p00500_encrypt-URQgmO1brZ0/p00500/ENCRYPT_images/26371/mp2rage/n4mag0000_PSIR_skulled_std.nii
  fixed image: /home/ccn30/rds/rds-p00500_encrypt-URQgmO1brZ0/p00500/ENCRYPT_images/26371/T2/N4t2.nii
  moving image: /home/ccn30/rds/rds-p00500_encrypt-URQgmO1brZ0/p00500/ENCRYPT_images/26371/mp2rage/n4mag0000_PSIR_skulled_std.nii
Dimension = 3
Number of stages = 2
Use Histogram Matching false
Winsorize image intensities true
Lower quantile = 0.005
Upper quantile = 0.995
Stage 1 State
   Image metric = Mattes
     Fixed image = Image (0x42cb010)
  RTTI typeinfo:   itk::Image<double, 3u>
  Reference Count: 2
  Modified Time: 1709
  Debug: Off
  Object Name: 
  Observers: 
    none
  Source: (none)
  Source output name: (none)
  Release Data: Off
  Data Released: False
  Global Release Data: Off
  PipelineMTime: 0
  UpdateMTime: 1492
  RealTimeStamp: 0 seconds 
  LargestPossibleRegion: 
    Dimension: 3
    Index: [0, 0, 0]
    Size: [512, 512, 54]
  BufferedRegion: 
    Dimension: 3
    Index: [0, 0, 0]
    Size: [512, 512, 54]
  RequestedRegion: 
    Dimension: 3
    Index: [0, 0, 0]
    Size: [512, 512, 54]
  Spacing: [0.4375, 0.4375, 1.1]
  Origin: [-112.631, 3.25925, -105.071]
  Direction: 
1 1.20559e-11 -7.38789e-12
1.20559e-11 -0.453991 0.891007
-7.38789e-12 0.891007 0.453991

  IndexToPointMatrix: 
0.4375 5.27447e-12 -8.12668e-12
5.27447e-12 -0.198621 0.980107
-3.2322e-12 0.389815 0.49939

  PointToIndexMatrix: 
2.28571 2.75564e-11 -1.68866e-11
2.75564e-11 -1.03769 2.03659
-6.71626e-12 0.810006 0.412719

  Inverse Direction: 
1 1.20559e-11 -7.38789e-12
1.20559e-11 -0.453991 0.891007
-7.38789e-12 0.891007 0.453991

  PixelContainer: 
    ImportImageContainer (0x42c5980)
      RTTI typeinfo:   itk::ImportImageContainer<unsigned long, double>
      Reference Count: 1
      Modified Time: 1489
      Debug: Off
      Object Name: 
      Observers: 
        none
      Pointer: 0x2ae77cb0e010
      Container manages memory: true
      Size: 14155776
      Capacity: 14155776

     Moving image = Image (0x42c8b30)
  RTTI typeinfo:   itk::Image<double, 3u>
  Reference Count: 2
  Modified Time: 1710
  Debug: Off
  Object Name: 
  Observers: 
    none
  Source: (none)
  Source output name: (none)
  Release Data: Off
  Data Released: False
  Global Release Data: Off
  PipelineMTime: 0
  UpdateMTime: 1707
  RealTimeStamp: 0 seconds 
  LargestPossibleRegion: 
    Dimension: 3
    Index: [0, 0, 0]
    Size: [224, 320, 320]
  BufferedRegion: 
    Dimension: 3
    Index: [0, 0, 0]
    Size: [224, 320, 320]
  RequestedRegion: 
    Dimension: 3
    Index: [0, 0, 0]
    Size: [224, 320, 320]
  Spacing: [0.7, 0.7, 0.7]
  Origin: [-77.4308, 74.7286, -90.2249]
  Direction: 
1 0 0
0 -1 0
0 0 1

  IndexToPointMatrix: 
0.7 0 0
0 -0.7 0
0 0 0.7

  PointToIndexMatrix: 
1.42857 0 0
0 -1.42857 0
0 0 1.42857

  Inverse Direction: 
1 0 0
0 -1 0
0 0 1

  PixelContainer: 
    ImportImageContainer (0x42c5780)
      RTTI typeinfo:   itk::ImportImageContainer<unsigned long, double>
      Reference Count: 1
      Modified Time: 1704
      Debug: Off
      Object Name: 
      Observers: 
        none
      Pointer: 0x2ae78370f010
      Container manages memory: true
      Size: 22937600
      Capacity: 22937600

     Weighting = 1
     Sampling strategy = regular
     Number of bins = 32
     Radius = 4
     Sampling percentage  = 0.25
   Transform = Rigid
     Gradient step = 0.1
     Update field sigma (voxel space) = 0
     Total field sigma (voxel space) = 0
     Update field time sigma = 0
     Total field time sigma  = 0
     Number of time indices = 0
     Number of time point samples = 0
Stage 2 State
   Image metric = Mattes
     Fixed image = Image (0x42da500)
  RTTI typeinfo:   itk::Image<double, 3u>
  Reference Count: 2
  Modified Time: 2141
  Debug: Off
  Object Name: 
  Observers: 
    none
  Source: (none)
  Source output name: (none)
  Release Data: Off
  Data Released: False
  Global Release Data: Off
  PipelineMTime: 0
  UpdateMTime: 1924
  RealTimeStamp: 0 seconds 
  LargestPossibleRegion: 
    Dimension: 3
    Index: [0, 0, 0]
    Size: [512, 512, 54]
  BufferedRegion: 
    Dimension: 3
    Index: [0, 0, 0]
    Size: [512, 512, 54]
  RequestedRegion: 
    Dimension: 3
    Index: [0, 0, 0]
    Size: [512, 512, 54]
  Spacing: [0.4375, 0.4375, 1.1]
  Origin: [-112.631, 3.25925, -105.071]
  Direction: 
1 1.20559e-11 -7.38789e-12
1.20559e-11 -0.453991 0.891007
-7.38789e-12 0.891007 0.453991

  IndexToPointMatrix: 
0.4375 5.27447e-12 -8.12668e-12
5.27447e-12 -0.198621 0.980107
-3.2322e-12 0.389815 0.49939

  PointToIndexMatrix: 
2.28571 2.75564e-11 -1.68866e-11
2.75564e-11 -1.03769 2.03659
-6.71626e-12 0.810006 0.412719

  Inverse Direction: 
1 1.20559e-11 -7.38789e-12
1.20559e-11 -0.453991 0.891007
-7.38789e-12 0.891007 0.453991

  PixelContainer: 
    ImportImageContainer (0x42cb860)
      RTTI typeinfo:   itk::ImportImageContainer<unsigned long, double>
      Reference Count: 1
      Modified Time: 1921
      Debug: Off
      Object Name: 
      Observers: 
        none
      Pointer: 0x2ae78e610010
      Container manages memory: true
      Size: 14155776
      Capacity: 14155776

     Moving image = Image (0x42def40)
  RTTI typeinfo:   itk::Image<double, 3u>
  Reference Count: 2
  Modified Time: 2142
  Debug: Off
  Object Name: 
  Observers: 
    none
  Source: (none)
  Source output name: (none)
  Release Data: Off
  Data Released: False
  Global Release Data: Off
  PipelineMTime: 0
  UpdateMTime: 2139
  RealTimeStamp: 0 seconds 
  LargestPossibleRegion: 
    Dimension: 3
    Index: [0, 0, 0]
    Size: [224, 320, 320]
  BufferedRegion: 
    Dimension: 3
    Index: [0, 0, 0]
    Size: [224, 320, 320]
  RequestedRegion: 
    Dimension: 3
    Index: [0, 0, 0]
    Size: [224, 320, 320]
  Spacing: [0.7, 0.7, 0.7]
  Origin: [-77.4308, 74.7286, -90.2249]
  Direction: 
1 0 0
0 -1 0
0 0 1

  IndexToPointMatrix: 
0.7 0 0
0 -0.7 0
0 0 0.7

  PointToIndexMatrix: 
1.42857 0 0
0 -1.42857 0
0 0 1.42857

  Inverse Direction: 
1 0 0
0 -1 0
0 0 1

  PixelContainer: 
    ImportImageContainer (0x42d6750)
      RTTI typeinfo:   itk::ImportImageContainer<unsigned long, double>
      Reference Count: 1
      Modified Time: 2136
      Debug: Off
      Object Name: 
      Observers: 
        none
      Pointer: 0x2ae795211010
      Container manages memory: true
      Size: 22937600
      Capacity: 22937600

     Weighting = 1
     Sampling strategy = regular
     Number of bins = 32
     Radius = 4
     Sampling percentage  = 0.25
   Transform = Affine
     Gradient step = 0.1
     Update field sigma (voxel space) = 0
     Total field sigma (voxel space) = 0
     Update field time sigma = 0
     Total field time sigma  = 0
     Number of time indices = 0
     Number of time point samples = 0
Registration using 2 total stages.

Stage 0
  iterations = 1000x500x250x0
  convergence threshold = 1e-06
  convergence window size = 10
  number of levels = 4
  using the Mattes MI metric (number of bins = 32, weight = 1)
  preprocessing:  winsorizing the image intensities
  Shrink factors (level 1 out of 4): [12, 12, 5]
  Shrink factors (level 2 out of 4): [8, 8, 3]
  Shrink factors (level 3 out of 4): [4, 4, 2]
  Shrink factors (level 4 out of 4): [2, 2, 1]
  smoothing sigmas per level: [4, 3, 2, 1]
  regular sampling (percentage = 0.25)

*** Running Euler3DTransform registration ***

DIAGNOSTIC,Iteration,metricValue,convergenceValue,ITERATION_TIME_INDEX,SINCE_LAST
 2DIAGNOSTIC,     1, -2.553689922050e-01, 1.797693134862e+308, 3.9388e+00, 3.9388e+00, 
 2DIAGNOSTIC,     2, -2.545953923621e-01, 1.797693134862e+308, 3.9498e+00, 1.0983e-02, 
 2DIAGNOSTIC,     3, -2.535204223702e-01, 1.797693134862e+308, 3.9595e+00, 9.7430e-03, 
 2DIAGNOSTIC,     4, -2.544022919553e-01, 1.797693134862e+308, 3.9702e+00, 1.0628e-02, 
 2DIAGNOSTIC,     5, -2.549081087290e-01, 1.797693134862e+308, 3.9802e+00, 1.0044e-02, 
 2DIAGNOSTIC,     6, -2.572438802859e-01, 1.797693134862e+308, 3.9906e+00, 1.0367e-02, 
 2DIAGNOSTIC,     7, -2.637620586615e-01, 1.797693134862e+308, 4.0013e+00, 1.0767e-02, 
 2DIAGNOSTIC,     8, -2.836707561555e-01, 1.797693134862e+308, 4.0125e+00, 1.1134e-02, 
 2DIAGNOSTIC,     9, -3.142121423000e-01, 1.797693134862e+308, 4.0256e+00, 1.3108e-02, 
 2DIAGNOSTIC,    10, -3.622188824641e-01, 1.908039414822e-02, 4.0429e+00, 1.7317e-02, 
 2DIAGNOSTIC,    11, -3.745356517180e-01, 2.465834395788e-02, 4.0548e+00, 1.1871e-02, 
 2DIAGNOSTIC,    12, -3.913876510587e-01, 2.810601508841e-02, 4.0681e+00, 1.3363e-02, 
 2DIAGNOSTIC,    13, -4.072127807922e-01, 2.934239511235e-02, 4.0805e+00, 1.2352e-02, 
 2DIAGNOSTIC,    14, -4.076030689506e-01, 2.778129173723e-02, 4.0927e+00, 1.2162e-02, 
 2DIAGNOSTIC,    15, -4.085456327155e-01, 2.407614636436e-02, 4.1048e+00, 1.2168e-02, 
 2DIAGNOSTIC,    16, -4.088682522622e-01, 1.895460793194e-02, 4.1158e+00, 1.0983e-02, 
 2DIAGNOSTIC,    17, -4.087820570143e-01, 1.320777964422e-02, 4.1281e+00, 1.2330e-02, 
 2DIAGNOSTIC,    18, -4.095887024449e-01, 8.010586191031e-03, 4.1400e+00, 1.1843e-02, 
 2DIAGNOSTIC,    19, -4.093345745671e-01, 4.050596199693e-03, 4.1504e+00, 1.0444e-02, 
 2DIAGNOSTIC,    20, -4.095890313067e-01, 2.220654986753e-03, 4.1622e+00, 1.1739e-02, 
 2DIAGNOSTIC,    21, -4.103547584128e-01, 8.991331613655e-04, 4.1743e+00, 1.2109e-02, 
 2DIAGNOSTIC,    22, -4.141329541943e-01, 3.901987230764e-04, 4.1863e+00, 1.2005e-02, 
 2DIAGNOSTIC,    23, -4.142570971326e-01, 4.587753373618e-04, 4.1985e+00, 1.2179e-02, 
 2DIAGNOSTIC,    24, -4.142845410286e-01, 4.931780622447e-04, 4.2107e+00, 1.2284e-02, 
 2DIAGNOSTIC,    25, -4.144777353687e-01, 5.168499761831e-04, 4.2415e+00, 3.0791e-02, 
 2DIAGNOSTIC,    26, -4.144777328082e-01, 4.994264914198e-04, 4.2525e+00, 1.0949e-02, 
 2DIAGNOSTIC,    27, -4.144777391986e-01, 4.318038467566e-04, 4.2635e+00, 1.1045e-02, 
 2DIAGNOSTIC,    28, -4.144777500028e-01, 3.523232937464e-04, 4.2743e+00, 1.0754e-02, 
 2DIAGNOSTIC,    29, -4.144777682657e-01, 2.409320321544e-04, 4.2847e+00, 1.0445e-02, 
 2DIAGNOSTIC,    30, -4.144777991282e-01, 1.226311511786e-04, 4.2954e+00, 1.0662e-02, 
 2DIAGNOSTIC,    31, -4.144778512601e-01, 1.803376444252e-05, 4.3063e+00, 1.0900e-02, 
 2DIAGNOSTIC,    32, -4.144779392541e-01, 1.054235340092e-05, 4.3171e+00, 1.0786e-02, 
 2DIAGNOSTIC,    33, -4.144780875939e-01, 5.608916331390e-06, 4.3277e+00, 1.0668e-02, 
 2DIAGNOSTIC,    34, -4.144783371331e-01, 1.072396479521e-06, 4.3384e+00, 1.0645e-02, 
 2DIAGNOSTIC,    35, -4.144787520780e-01, 1.054878643603e-06, 4.3501e+00, 1.1673e-02, 
 2DIAGNOSTIC,    36, -4.144793226386e-01, 1.046447186091e-06, 4.3608e+00, 1.0722e-02, 
DIAGNOSTIC,Iteration,metricValue,convergenceValue,ITERATION_TIME_INDEX,SINCE_LAST
 2DIAGNOSTIC,     1, -3.761183923146e-01, 1.797693134862e+308, 8.3238e+00, 3.9630e+00, 
 2DIAGNOSTIC,     2, -3.775982814957e-01, 1.797693134862e+308, 8.3768e+00, 5.3054e-02, 
 2DIAGNOSTIC,     3, -3.787199393238e-01, 1.797693134862e+308, 8.4295e+00, 5.2691e-02, 
 2DIAGNOSTIC,     4, -3.798352807461e-01, 1.797693134862e+308, 8.4822e+00, 5.2734e-02, 
 2DIAGNOSTIC,     5, -3.813882212997e-01, 1.797693134862e+308, 8.5346e+00, 5.2365e-02, 
 2DIAGNOSTIC,     6, -3.830098817001e-01, 1.797693134862e+308, 8.5951e+00, 6.0475e-02, 
 2DIAGNOSTIC,     7, -3.836955420474e-01, 1.797693134862e+308, 8.6720e+00, 7.6955e-02, 
 2DIAGNOSTIC,     8, -3.841317131538e-01, 1.797693134862e+308, 8.7246e+00, 5.2591e-02, 
 2DIAGNOSTIC,     9, -3.844109174467e-01, 1.797693134862e+308, 8.7776e+00, 5.2996e-02, 
 2DIAGNOSTIC,    10, -3.853257240124e-01, 1.570090639329e-03, 8.8546e+00, 7.7024e-02, 
 2DIAGNOSTIC,    11, -3.857101083834e-01, 1.254069383094e-03, 8.9074e+00, 5.2799e-02, 
 2DIAGNOSTIC,    12, -3.857937106458e-01, 9.755038666974e-04, 8.9605e+00, 5.3071e-02, 
 2DIAGNOSTIC,    13, -3.860106026656e-01, 7.299942679559e-04, 9.0135e+00, 5.2990e-02, 
 2DIAGNOSTIC,    14, -3.863869038892e-01, 5.317183545410e-04, 9.0665e+00, 5.2965e-02, 
 2DIAGNOSTIC,    15, -3.869982590626e-01, 4.160828795158e-04, 9.1516e+00, 8.5159e-02, 
 2DIAGNOSTIC,    16, -3.870371375344e-01, 3.527007405808e-04, 9.2047e+00, 5.3063e-02, 
 2DIAGNOSTIC,    17, -3.871241951453e-01, 2.988925749820e-04, 9.2575e+00, 5.2814e-02, 
 2DIAGNOSTIC,    18, -3.875282750214e-01, 2.587428034858e-04, 9.3262e+00, 6.8654e-02, 
 2DIAGNOSTIC,    19, -3.876748404034e-01, 2.141026254345e-04, 9.3949e+00, 6.8743e-02, 
 2DIAGNOSTIC,    20, -3.876020364088e-01, 1.847904768274e-04, 9.4558e+00, 6.0855e-02, 
 2DIAGNOSTIC,    21, -3.876467754538e-01, 1.568246657040e-04, 9.5082e+00, 5.2489e-02, 
 2DIAGNOSTIC,    22, -3.876292507279e-01, 1.193301082230e-04, 9.5608e+00, 5.2589e-02, 
 2DIAGNOSTIC,    23, -3.876718833694e-01, 8.209471430601e-05, 9.6212e+00, 6.0314e-02, 
 2DIAGNOSTIC,    24, -3.878349610116e-01, 5.640883717564e-05, 9.7301e+00, 1.0897e-01, 
 2DIAGNOSTIC,    25, -3.878356202517e-01, 4.578064023279e-05, 9.7824e+00, 5.2312e-02, 
 2DIAGNOSTIC,    26, -3.878407593841e-01, 3.324064777187e-05, 9.8348e+00, 5.2404e-02, 
 2DIAGNOSTIC,    27, -3.878479123050e-01, 2.096462049024e-05, 9.8873e+00, 5.2468e-02, 
 2DIAGNOSTIC,    28, -3.878568361963e-01, 1.843937466073e-05, 9.9397e+00, 5.2366e-02, 
 2DIAGNOSTIC,    29, -3.878667605629e-01, 1.842070278243e-05, 1.0000e+01, 6.0512e-02, 
 2DIAGNOSTIC,    30, -3.878374065932e-01, 1.421781053101e-05, 1.0061e+01, 6.0931e-02, 
 2DIAGNOSTIC,    31, -3.878183300860e-01, 9.764664550112e-06, 1.0114e+01, 5.2945e-02, 
 2DIAGNOSTIC,    32, -3.877913207905e-01, 3.759756642976e-06, 1.0167e+01, 5.2943e-02, 
DIAGNOSTIC,Iteration,metricValue,convergenceValue,ITERATION_TIME_INDEX,SINCE_LAST
 2DIAGNOSTIC,     1, -3.494009219097e-01, 1.797693134862e+308, 1.4333e+01, 4.1663e+00, 
 2DIAGNOSTIC,     2, -3.519069915285e-01, 1.797693134862e+308, 1.4621e+01, 2.8766e-01, 
 2DIAGNOSTIC,     3, -3.546185001726e-01, 1.797693134862e+308, 1.4911e+01, 2.8970e-01, 
 2DIAGNOSTIC,     4, -3.562706865890e-01, 1.797693134862e+308, 1.5202e+01, 2.9091e-01, 
 2DIAGNOSTIC,     5, -3.567291333739e-01, 1.797693134862e+308, 1.5493e+01, 2.9117e-01, 
 2DIAGNOSTIC,     6, -3.570084351102e-01, 1.797693134862e+308, 1.5784e+01, 2.9087e-01, 
 2DIAGNOSTIC,     7, -3.573206905139e-01, 1.797693134862e+308, 1.6162e+01, 3.7883e-01, 
 2DIAGNOSTIC,     8, -3.573445137558e-01, 1.797693134862e+308, 1.6497e+01, 3.3430e-01, 
 2DIAGNOSTIC,     9, -3.574160741765e-01, 1.797693134862e+308, 1.6895e+01, 3.9808e-01, 
 2DIAGNOSTIC,    10, -3.574225825007e-01, 1.224993163457e-03, 1.7233e+01, 3.3802e-01, 
 2DIAGNOSTIC,    11, -3.574286509149e-01, 6.649167393384e-04, 1.7529e+01, 2.9602e-01, 
 2DIAGNOSTIC,    12, -3.574406684099e-01, 3.031473805731e-04, 1.7877e+01, 3.4840e-01, 
 2DIAGNOSTIC,    13, -3.574482946882e-01, 1.347208577813e-04, 1.8317e+01, 4.4026e-01, 
 2DIAGNOSTIC,    14, -3.574532363316e-01, 7.257056875377e-05, 1.8665e+01, 3.4711e-01, 
 2DIAGNOSTIC,    15, -3.574572525292e-01, 3.670385225826e-05, 1.9012e+01, 3.4716e-01, 
 2DIAGNOSTIC,    16, -3.574660821190e-01, 1.615278634512e-05, 1.9312e+01, 3.0067e-01, 
 2DIAGNOSTIC,    17, -3.574608868416e-01, 1.112641913926e-05, 1.9659e+01, 3.4669e-01, 
 2DIAGNOSTIC,    18, -3.574634695651e-01, 6.898377888954e-06, 1.9960e+01, 3.0115e-01, 
 2DIAGNOSTIC,    19, -3.574640350422e-01, 5.666959919833e-06, 2.0265e+01, 3.0469e-01, 
 2DIAGNOSTIC,    20, -3.574646805695e-01, 4.469898762668e-06, 2.0613e+01, 3.4846e-01, 
 2DIAGNOSTIC,    21, -3.574726589927e-01, 3.641652431240e-06, 2.0916e+01, 3.0249e-01, 
 2DIAGNOSTIC,    22, -3.574694006138e-01, 2.998603734587e-06, 2.1219e+01, 3.0287e-01, 
 2DIAGNOSTIC,    23, -3.574698863932e-01, 2.555533573770e-06, 2.1569e+01, 3.5015e-01, 
 2DIAGNOSTIC,    24, -3.574634229975e-01, 1.988093064377e-06, 2.2012e+01, 4.4298e-01, 
 2DIAGNOSTIC,    25, -3.574795296088e-01, 2.039814842696e-06, 2.2549e+01, 5.3746e-01, 
 2DIAGNOSTIC,    26, -3.574857298702e-01, 2.461917554770e-06, 2.2854e+01, 3.0423e-01, 
 2DIAGNOSTIC,    27, -3.574809121057e-01, 2.437243264139e-06, 2.3204e+01, 3.5027e-01, 
 2DIAGNOSTIC,    28, -3.574812279524e-01, 2.396057514793e-06, 2.3555e+01, 3.5105e-01, 
 2DIAGNOSTIC,    29, -3.574767226504e-01, 2.133615725923e-06, 2.3859e+01, 3.0424e-01, 
 2DIAGNOSTIC,    30, -3.574698697277e-01, 1.613423181897e-06, 2.4165e+01, 3.0624e-01, 
 2DIAGNOSTIC,    31, -3.574701966588e-01, 1.287901507496e-06, 2.4470e+01, 3.0422e-01, 
DIAGNOSTIC,Iteration,metricValue,convergenceValue,ITERATION_TIME_INDEX,SINCE_LAST
 2DIAGNOSTIC,     1, -2.639205777443e-01, 1.797693134862e+308, 3.0652e+01, 6.1828e+00, 
  Elapsed time (stage 0): 3.2501e+01


Stage 1
  iterations = 1000x500x250x0
  convergence threshold = 1.0000e-06
  convergence window size = 10
  number of levels = 4
  using the Mattes MI metric (number of bins = 32, weight = 1.0000e+00)
  preprocessing:  winsorizing the image intensities
  Shrink factors (level 1 out of 4): [12, 12, 5]
  Shrink factors (level 2 out of 4): [8, 8, 3]
  Shrink factors (level 3 out of 4): [4, 4, 2]
  Shrink factors (level 4 out of 4): [2, 2, 1]
  smoothing sigmas per level: [4, 3, 2, 1]
  regular sampling (percentage = 2.5000e-01)

*** Running AffineTransform registration ***

DIAGNOSTIC,Iteration,metricValue,convergenceValue,ITERATION_TIME_INDEX,SINCE_LAST
 2DIAGNOSTIC,     1, -4.005050535368e-01, 1.797693134862e+308, 3.8351e+00, 3.8351e+00, 
 2DIAGNOSTIC,     2, -4.017984516636e-01, 1.797693134862e+308, 3.8444e+00, 9.3188e-03, 
 2DIAGNOSTIC,     3, -4.036477844290e-01, 1.797693134862e+308, 3.8537e+00, 9.2731e-03, 
 2DIAGNOSTIC,     4, -4.057332456239e-01, 1.797693134862e+308, 3.8628e+00, 9.1980e-03, 
 2DIAGNOSTIC,     5, -4.102552259642e-01, 1.797693134862e+308, 3.8722e+00, 9.3620e-03, 
 2DIAGNOSTIC,     6, -4.173386085140e-01, 1.797693134862e+308, 3.8830e+00, 1.0833e-02, 
 2DIAGNOSTIC,     7, -4.278401770710e-01, 1.797693134862e+308, 3.8945e+00, 1.1482e-02, 
 2DIAGNOSTIC,     8, -4.291234288782e-01, 1.797693134862e+308, 3.9048e+00, 1.0312e-02, 
 2DIAGNOSTIC,     9, -4.296079034120e-01, 1.797693134862e+308, 3.9152e+00, 1.0327e-02, 
 2DIAGNOSTIC,    10, -4.306975968625e-01, 5.737538917654e-03, 3.9247e+00, 9.5680e-03, 
 2DIAGNOSTIC,    11, -4.334940037893e-01, 5.119451749767e-03, 3.9387e+00, 1.3932e-02, 
 2DIAGNOSTIC,    12, -4.339213221225e-01, 4.235205515371e-03, 3.9537e+00, 1.5000e-02, 
 2DIAGNOSTIC,    13, -4.339454116361e-01, 3.212521665452e-03, 3.9646e+00, 1.0892e-02, 
 2DIAGNOSTIC,    14, -4.336331062147e-01, 2.142984782966e-03, 3.9743e+00, 9.7480e-03, 
 2DIAGNOSTIC,    15, -4.333955362894e-01, 1.214469807032e-03, 3.9841e+00, 9.8279e-03, 
 2DIAGNOSTIC,    16, -4.332306625629e-01, 5.712641188485e-04, 3.9940e+00, 9.8391e-03, 
 2DIAGNOSTIC,    17, -4.332854716478e-01, 3.690725572486e-04, 4.0048e+00, 1.0869e-02, 
 2DIAGNOSTIC,    18, -4.331862925915e-01, 2.014909151735e-04, 4.0181e+00, 1.3264e-02, 
 2DIAGNOSTIC,    19, -4.335447777365e-01, 6.374999854714e-05, 4.0280e+00, 9.8920e-03, 
DIAGNOSTIC,Iteration,metricValue,convergenceValue,ITERATION_TIME_INDEX,SINCE_LAST
 2DIAGNOSTIC,     1, -3.776467129190e-01, 1.797693134862e+308, 7.9618e+00, 3.9338e+00, 
 2DIAGNOSTIC,     2, -3.792706033732e-01, 1.797693134862e+308, 8.0194e+00, 5.7626e-02, 
 2DIAGNOSTIC,     3, -3.815171288308e-01, 1.797693134862e+308, 8.0771e+00, 5.7681e-02, 
 2DIAGNOSTIC,     4, -3.840419398771e-01, 1.797693134862e+308, 8.1345e+00, 5.7437e-02, 
 2DIAGNOSTIC,     5, -3.863816995683e-01, 1.797693134862e+308, 8.1923e+00, 5.7815e-02, 
 2DIAGNOSTIC,     6, -3.880000133293e-01, 1.797693134862e+308, 8.2506e+00, 5.8297e-02, 
 2DIAGNOSTIC,     7, -3.895876555238e-01, 1.797693134862e+308, 8.3175e+00, 6.6844e-02, 
 2DIAGNOSTIC,     8, -3.918270049277e-01, 1.797693134862e+308, 8.4429e+00, 1.2539e-01, 
 2DIAGNOSTIC,     9, -3.917890270839e-01, 1.797693134862e+308, 8.5002e+00, 5.7372e-02, 
 2DIAGNOSTIC,    10, -3.917775168291e-01, 2.590937396270e-03, 8.5589e+00, 5.8621e-02, 
 2DIAGNOSTIC,    11, -3.918229852920e-01, 1.991304772449e-03, 8.6168e+00, 5.7901e-02, 
 2DIAGNOSTIC,    12, -3.918961497494e-01, 1.416141423749e-03, 8.6751e+00, 5.8287e-02, 
 2DIAGNOSTIC,    13, -3.920110155528e-01, 9.326129479971e-04, 8.7333e+00, 5.8276e-02, 
 2DIAGNOSTIC,    14, -3.921273924217e-01, 5.711046067441e-04, 8.7913e+00, 5.7989e-02, 
 2DIAGNOSTIC,    15, -3.924068376548e-01, 3.346755001104e-04, 8.8494e+00, 5.8070e-02, 
 2DIAGNOSTIC,    16, -3.928214410813e-01, 1.894528903274e-04, 8.9075e+00, 5.8142e-02, 
 2DIAGNOSTIC,    17, -3.933060653916e-01, 1.302203450612e-04, 8.9661e+00, 5.8591e-02, 
 2DIAGNOSTIC,    18, -3.937312083707e-01, 1.737285143553e-04, 9.0328e+00, 6.6719e-02, 
 2DIAGNOSTIC,    19, -3.938534453915e-01, 1.998793695763e-04, 9.1159e+00, 8.3040e-02, 
 2DIAGNOSTIC,    20, -3.939831890742e-01, 2.094459319091e-04, 9.1740e+00, 5.8143e-02, 
 2DIAGNOSTIC,    21, -3.941557544070e-01, 2.061691093865e-04, 9.2322e+00, 5.8135e-02, 
 2DIAGNOSTIC,    22, -3.946902993159e-01, 2.038848025841e-04, 9.3655e+00, 1.3331e-01, 
 2DIAGNOSTIC,    23, -3.946909338366e-01, 1.860949800809e-04, 9.4237e+00, 5.8264e-02, 
 2DIAGNOSTIC,    24, -3.947196875224e-01, 1.572042622739e-04, 9.4823e+00, 5.8544e-02, 
 2DIAGNOSTIC,    25, -3.947584464914e-01, 1.254428560542e-04, 9.5407e+00, 5.8440e-02, 
 2DIAGNOSTIC,    26, -3.948015871284e-01, 9.692285360643e-05, 9.5992e+00, 5.8449e-02, 
 2DIAGNOSTIC,    27, -3.948388076140e-01, 7.508205478654e-05, 9.6575e+00, 5.8293e-02, 
 2DIAGNOSTIC,    28, -3.948611391307e-01, 5.943636622528e-05, 9.7155e+00, 5.8084e-02, 
 2DIAGNOSTIC,    29, -3.948730937716e-01, 4.291382148372e-05, 9.7739e+00, 5.8331e-02, 
 2DIAGNOSTIC,    30, -3.948321015546e-01, 2.572755221539e-05, 9.8331e+00, 5.9207e-02, 
 2DIAGNOSTIC,    31, -3.948857407135e-01, 1.229332795321e-05, 9.8919e+00, 5.8837e-02, 
 2DIAGNOSTIC,    32, -3.949176104470e-01, 1.145085652714e-05, 9.9837e+00, 9.1805e-02, 
 2DIAGNOSTIC,    33, -3.949312351549e-01, 9.957469933701e-06, 1.0042e+01, 5.8539e-02, 
 2DIAGNOSTIC,    34, -3.949403603081e-01, 8.524310257586e-06, 1.0101e+01, 5.8459e-02, 
 2DIAGNOSTIC,    35, -3.949542674585e-01, 7.554336206753e-06, 1.0159e+01, 5.8319e-02, 
 2DIAGNOSTIC,    36, -3.949710278958e-01, 7.183355957265e-06, 1.0243e+01, 8.3720e-02, 
 2DIAGNOSTIC,    37, -3.949809898275e-01, 7.116996944861e-06, 1.0301e+01, 5.8512e-02, 
 2DIAGNOSTIC,    38, -3.949929806482e-01, 7.109914118633e-06, 1.0359e+01, 5.8191e-02, 
 2DIAGNOSTIC,    39, -3.950731023812e-01, 8.256985228276e-06, 1.0417e+01, 5.7769e-02, 
 2DIAGNOSTIC,    40, -3.950995842967e-01, 8.315530328935e-06, 1.0509e+01, 9.2220e-02, 
 2DIAGNOSTIC,    41, -3.951073051497e-01, 8.728541525123e-06, 1.0568e+01, 5.8207e-02, 
 2DIAGNOSTIC,    42, -3.951075287013e-01, 8.935140066772e-06, 1.0651e+01, 8.3424e-02, 
 2DIAGNOSTIC,    43, -3.951077512646e-01, 8.587283843939e-06, 1.0718e+01, 6.6485e-02, 
 2DIAGNOSTIC,    44, -3.951077990085e-01, 7.633601020771e-06, 1.0776e+01, 5.7974e-02, 
 2DIAGNOSTIC,    45, -3.951080188094e-01, 6.274455026802e-06, 1.0833e+01, 5.7861e-02, 
 2DIAGNOSTIC,    46, -3.951085715361e-01, 4.729741288605e-06, 1.0891e+01, 5.8080e-02, 
 2DIAGNOSTIC,    47, -3.951091779930e-01, 3.043372351814e-06, 1.0950e+01, 5.8075e-02, 
 2DIAGNOSTIC,    48, -3.951101850593e-01, 1.369369772776e-06, 1.1008e+01, 5.8238e-02, 
 2DIAGNOSTIC,    49, -3.951545214967e-01, 1.524979163066e-06, 1.1091e+01, 8.3222e-02, 
 2DIAGNOSTIC,    50, -3.951549483230e-01, 1.958973698986e-06, 1.1183e+01, 9.1902e-02, 
 2DIAGNOSTIC,    51, -3.951549941390e-01, 2.366984484754e-06, 1.1242e+01, 5.9067e-02, 
 2DIAGNOSTIC,    52, -3.951550014722e-01, 2.605412534235e-06, 1.1301e+01, 5.8599e-02, 
 2DIAGNOSTIC,    53, -3.951550174317e-01, 2.644775970059e-06, 1.1358e+01, 5.7062e-02, 
 2DIAGNOSTIC,    54, -3.951550956617e-01, 2.478480022331e-06, 1.1412e+01, 5.3967e-02, 
 2DIAGNOSTIC,    55, -3.951552886269e-01, 2.140366635421e-06, 1.1464e+01, 5.2632e-02, 
 2DIAGNOSTIC,    56, -3.951555079874e-01, 1.683812020523e-06, 1.1516e+01, 5.2029e-02, 
 2DIAGNOSTIC,    57, -3.951558867882e-01, 1.155408591306e-06, 1.1583e+01, 6.7185e-02, 
DIAGNOSTIC,Iteration,metricValue,convergenceValue,ITERATION_TIME_INDEX,SINCE_LAST
 2DIAGNOSTIC,     1, -3.549953660115e-01, 1.797693134862e+308, 1.5879e+01, 4.2959e+00, 
 2DIAGNOSTIC,     2, -3.567715588389e-01, 1.797693134862e+308, 1.6219e+01, 3.3928e-01, 
 2DIAGNOSTIC,     3, -3.584648377493e-01, 1.797693134862e+308, 1.6559e+01, 3.4015e-01, 
 2DIAGNOSTIC,     4, -3.595126821937e-01, 1.797693134862e+308, 1.6896e+01, 3.3730e-01, 
 2DIAGNOSTIC,     5, -3.600350442467e-01, 1.797693134862e+308, 1.7231e+01, 3.3460e-01, 
 2DIAGNOSTIC,     6, -3.605506063404e-01, 1.797693134862e+308, 1.7566e+01, 3.3519e-01, 
 2DIAGNOSTIC,     7, -3.609638502437e-01, 1.797693134862e+308, 1.7995e+01, 4.2927e-01, 
 2DIAGNOSTIC,     8, -3.611268900619e-01, 1.797693134862e+308, 1.8475e+01, 4.8023e-01, 
 2DIAGNOSTIC,     9, -3.611827173028e-01, 1.797693134862e+308, 1.8810e+01, 3.3458e-01, 
 2DIAGNOSTIC,    10, -3.614419917933e-01, 1.025530814852e-03, 1.9195e+01, 3.8513e-01, 
 2DIAGNOSTIC,    11, -3.617029224840e-01, 6.696672469304e-04, 1.9579e+01, 3.8433e-01, 
 2DIAGNOSTIC,    12, -3.617241831017e-01, 4.292969297415e-04, 1.9915e+01, 3.3537e-01, 
 2DIAGNOSTIC,    13, -3.617613990220e-01, 2.918648300344e-04, 2.0253e+01, 3.3789e-01, 
 2DIAGNOSTIC,    14, -3.618186878063e-01, 2.101065862430e-04, 2.0587e+01, 3.3449e-01, 
 2DIAGNOSTIC,    15, -3.619220366612e-01, 1.525219659269e-04, 2.0970e+01, 3.8269e-01, 
 2DIAGNOSTIC,    16, -3.619729757639e-01, 1.155087503400e-04, 2.1448e+01, 4.7841e-01, 
 2DIAGNOSTIC,    17, -3.619738598188e-01, 9.160326689969e-05, 2.1829e+01, 3.8127e-01, 
 2DIAGNOSTIC,    18, -3.619824169843e-01, 6.990439078993e-05, 2.2162e+01, 3.3269e-01, 
 2DIAGNOSTIC,    19, -3.620499974038e-01, 4.910347764542e-05, 2.2543e+01, 3.8097e-01, 
 2DIAGNOSTIC,    20, -3.620942053102e-01, 3.752352907156e-05, 2.2924e+01, 3.8125e-01, 
 2DIAGNOSTIC,    21, -3.621211979906e-01, 3.447560597981e-05, 2.3305e+01, 3.8090e-01, 
 2DIAGNOSTIC,    22, -3.621226009775e-01, 2.950986237966e-05, 2.3736e+01, 4.3031e-01, 
 2DIAGNOSTIC,    23, -3.621324536222e-01, 2.399967819196e-05, 2.4124e+01, 3.8821e-01, 
 2DIAGNOSTIC,    24, -3.621333522192e-01, 1.862514545900e-05, 2.4509e+01, 3.8482e-01, 
 2DIAGNOSTIC,    25, -3.621346449190e-01, 1.528118406117e-05, 2.4895e+01, 3.8674e-01, 
 2DIAGNOSTIC,    26, -3.621280280340e-01, 1.224101984078e-05, 2.5286e+01, 3.9071e-01, 
 2DIAGNOSTIC,    27, -3.621369009069e-01, 8.713121050441e-06, 2.5675e+01, 3.8862e-01, 
 2DIAGNOSTIC,    28, -3.621561228619e-01, 5.467607607952e-06, 2.6107e+01, 4.3268e-01, 
 2DIAGNOSTIC,    29, -3.621570298168e-01, 3.854892910930e-06, 2.6444e+01, 3.3696e-01, 
 2DIAGNOSTIC,    30, -3.621445788729e-01, 2.916039445335e-06, 2.6781e+01, 3.3627e-01, 
 2DIAGNOSTIC,    31, -3.621449435688e-01, 2.578398985820e-06, 2.7118e+01, 3.3772e-01, 
 2DIAGNOSTIC,    32, -3.621455972556e-01, 2.151061491824e-06, 2.7599e+01, 4.8106e-01, 
 2DIAGNOSTIC,    33, -3.621456541961e-01, 1.859828040594e-06, 2.7938e+01, 3.3842e-01, 
 2DIAGNOSTIC,    34, -3.621405145136e-01, 1.402807333736e-06, 2.8274e+01, 3.3642e-01, 
DIAGNOSTIC,Iteration,metricValue,convergenceValue,ITERATION_TIME_INDEX,SINCE_LAST
 2DIAGNOSTIC,     1, -2.636712601593e-01, 1.797693134862e+308, 3.4679e+01, 6.4052e+00, 
  Elapsed time (stage 1): 3.6450e+01


Total elapsed time: 6.8958e+01
Using double precision for computations.
Input scalar image: /home/ccn30/rds/rds-p00500_encrypt-URQgmO1brZ0/p00500/ENCRYPT_images/26371/T2/N4t2.nii
Reference image: /home/ccn30/rds/rds-p00500_encrypt-URQgmO1brZ0/p00500/ENCRYPT_images/26371/mp2rage/n4mag0000_PSIR_skulled_std.nii
Can't read initial transform T1xT2_ANTs_0GenericAffine.mat
