Changed directory to /lustre/scratch/wbic-beta/ccn30/ENCRYPT/scripts/Registration/slurmoutputs.

JobID: 5576471
======
Time: Wed Nov  4 15:22:37 GMT 2020
Running on master node: wbic-cs-19
Current directory: /lustre/scratch/wbic-beta/ccn30/ENCRYPT/scripts/Registration/slurmoutputs

Nodes allocated:
================
wbic-cs-19

numtasks=1, numnodes=1, mpi_tasks_per_node=1 (OMP_NUM_THREADS=1)

Executing command:
==================
/lustre/scratch/wbic-beta/ccn30/ENCRYPT/scripts/Registration/antsTemplateConstruct.sh /lustre/scratch/wbic-beta/ccn30/ENCRYPT/images/template01

you are in submission script, making template in 
/applications/ANTS/2.2.0/bin/

--------------------------------------------------------------------------------------
 Creating template para01_template0.nii.gz from a population average image from the inputs.
   25739_t1.nii 25773_t1.nii 25774_t1.nii 25846_t1.nii 25869_t1.nii 25974_t1.nii 26001_t1.nii 26040_t1.nii 26041_t1.nii 26069_t1.nii 26228_t1.nii 26371_t1.nii 26395_t1.nii 26795_t1.nii 27136_t1.nii 27137_t1.nii 27241_t1.nii 27532_t1.nii
--------------------------------------------------------------------------------------
 bigimage 4 maxSize [224, 320, 320]
 Setting physcal space of output average image based on largest image 
 Averaging 18 images with dim = 3 vector components 1
 reading 25739_t1.nii
 reading 25773_t1.nii
 reading 25774_t1.nii
 reading 25846_t1.nii
 reading 25869_t1.nii
 reading 25974_t1.nii
 reading 26001_t1.nii
 reading 26040_t1.nii
 reading 26041_t1.nii
 reading 26069_t1.nii
 reading 26228_t1.nii
 reading 26371_t1.nii
 reading 26395_t1.nii
 reading 26795_t1.nii
 reading 27136_t1.nii
 reading 27137_t1.nii
 reading 27241_t1.nii
 reading 27532_t1.nii
 writing output slurmstepd: error: *** JOB 5576471 ON wbic-cs-19 CANCELLED AT 2020-11-04T15:23:14 ***
