Non-commercial use only - see $FSLDIR/LICENSE
Changed directory to /home/ccn30/rds/hpc-work/WBIC_lustre/ENCRYPT/scripts/Registration/slurmoutputs.

JobID: 46698186
======
Time: Mon 20 Sep 16:41:43 BST 2021
Running on master node: cpu-e-183
Current directory: /home/ccn30/rds/hpc-work/WBIC_lustre/ENCRYPT/scripts/Registration/slurmoutputs

Nodes allocated:
================
cpu-e-183

numtasks=1, numnodes=1, mpi_tasks_per_node=1 (OMP_NUM_THREADS=1)

Executing command:
==================
/home/ccn30/rds/hpc-work/WBIC_lustre/ENCRYPT/scripts/Registration/antsTemplateConstruct.sh /home/ccn30/rds/rds-p00500_encrypt-URQgmO1brZ0/p00500/ENCRYPT_template 

you are in submission script, making template in 
/usr/local/software/spack/spack-git/opt/spack/linux-rhel7-broadwell/gcc-5/ants-2.3.4-lj6vm7ccmij4yywr4ynrttcko4aoflqt/bin

--------------------------------------------------------------------------------------
 Creating template ants51template0.nii.gz from a population average image from the inputs.
   25739_t1.nii 25773_t1.nii 25774_t1.nii 25816_t1.nii 25841_t1.nii 25846_t1.nii 25869_t1.nii 25974_t1.nii 25976_t1.nii 26001_t1.nii 26002_t1.nii 26040_t1.nii 26041_t1.nii 26069_t1.nii 26228_t1.nii 26371_t1.nii 26395_t1.nii 26547_t1.nii 26601_t1.nii 26795_t1.nii 26886_t1.nii 27136_t1.nii 27137_t1.nii 27202_t1.nii 27241_t1.nii 27341_t1.nii 27463_t1.nii 27464_t1.nii 27532_t1.nii 27628_t1.nii 27643_t1.nii 27709_t1.nii 32004_t1.nii 32073_t1.nii 32074_t1.nii 32081_t1.nii 32099_t1.nii 32102_t1.nii 32329_t1.nii 32350_t1.nii 32354_t1.nii 32355_t1.nii 32455_t1.nii 32530_t1.nii 32533_t1.nii 32535_t1.nii 32536_t1.nii 32541_t1.nii 32547_t1.nii 32619_t1.nii 32663_t1.nii
--------------------------------------------------------------------------------------
 bigimage 4 maxSize [224, 320, 320]
 Setting physcal space of output average image based on largest image 
 Averaging 51 images with dim = 3 vector components 1
 reading 25739_t1.nii
 reading 25773_t1.nii
 reading 25774_t1.nii
 reading 25816_t1.nii
 reading 25841_t1.nii
 reading 25846_t1.nii
 reading 25869_t1.nii
 reading 25974_t1.nii
 reading 25976_t1.nii
 reading 26001_t1.nii
 reading 26002_t1.nii
 reading 26040_t1.nii
 reading 26041_t1.nii
 reading 26069_t1.nii
 reading 26228_t1.nii
 reading 26371_t1.nii
 reading 26395_t1.nii
 reading 26547_t1.nii
 reading 26601_t1.nii
 reading 26795_t1.nii
 reading 26886_t1.nii
 reading 27136_t1.nii
 reading 27137_t1.nii
 reading 27202_t1.nii
 reading 27241_t1.nii
 reading 27341_t1.nii
 reading 27463_t1.nii
 reading 27464_t1.nii
 reading 27532_t1.nii
 reading 27628_t1.nii
 reading 27643_t1.nii
 reading 27709_t1.nii
 reading 32004_t1.nii
 reading 32073_t1.nii
 reading 32074_t1.nii
 reading 32081_t1.nii
 reading 32099_t1.nii
 reading 32102_t1.nii
 reading 32329_t1.nii
 reading 32350_t1.nii
 reading 32354_t1.nii
 reading 32355_t1.nii
 reading 32455_t1.nii
 reading 32530_t1.nii
 reading 32533_t1.nii
 reading 32535_t1.nii
 reading 32536_t1.nii
 reading 32541_t1.nii
 reading 32547_t1.nii
 reading 32619_t1.nii
 reading 32663_t1.nii
 applying Laplacian sharpening 
 writing output 
sbatch: error: QOSMaxWallDurationPerJobLimit
sbatch: error: Batch job submission failed: Job violates accounting/QOS policy (job submit limit, user's size and/or time limits)
sbatch: error: QOSMaxWallDurationPerJobLimit
sbatch: error: Batch job submission failed: Job violates accounting/QOS policy (job submit limit, user's size and/or time limits)
sbatch: error: QOSMaxWallDurationPerJobLimit
sbatch: error: Batch job submission failed: Job violates accounting/QOS policy (job submit limit, user's size and/or time limits)
sbatch: error: QOSMaxWallDurationPerJobLimit
sbatch: error: Batch job submission failed: Job violates accounting/QOS policy (job submit limit, user's size and/or time limits)
sbatch: error: QOSMaxWallDurationPerJobLimit
sbatch: error: Batch job submission failed: Job violates accounting/QOS policy (job submit limit, user's size and/or time limits)
sbatch: error: QOSMaxWallDurationPerJobLimit
sbatch: error: Batch job submission failed: Job violates accounting/QOS policy (job submit limit, user's size and/or time limits)
sbatch: error: QOSMaxWallDurationPerJobLimit
sbatch: error: Batch job submission failed: Job violates accounting/QOS policy (job submit limit, user's size and/or time limits)
sbatch: error: QOSMaxWallDurationPerJobLimit
sbatch: error: Batch job submission failed: Job violates accounting/QOS policy (job submit limit, user's size and/or time limits)
sbatch: error: QOSMaxWallDurationPerJobLimit
sbatch: error: Batch job submission failed: Job violates accounting/QOS policy (job submit limit, user's size and/or time limits)
sbatch: error: QOSMaxWallDurationPerJobLimit
sbatch: error: Batch job submission failed: Job violates accounting/QOS policy (job submit limit, user's size and/or time limits)
sbatch: error: QOSMaxWallDurationPerJobLimit
sbatch: error: Batch job submission failed: Job violates accounting/QOS policy (job submit limit, user's size and/or time limits)
sbatch: error: QOSMaxWallDurationPerJobLimit
sbatch: error: Batch job submission failed: Job violates accounting/QOS policy (job submit limit, user's size and/or time limits)
sbatch: error: QOSMaxWallDurationPerJobLimit
sbatch: error: Batch job submission failed: Job violates accounting/QOS policy (job submit limit, user's size and/or time limits)
sbatch: error: QOSMaxWallDurationPerJobLimit
sbatch: error: Batch job submission failed: Job violates accounting/QOS policy (job submit limit, user's size and/or time limits)
sbatch: error: QOSMaxWallDurationPerJobLimit
sbatch: error: Batch job submission failed: Job violates accounting/QOS policy (job submit limit, user's size and/or time limits)
sbatch: error: QOSMaxWallDurationPerJobLimit
sbatch: error: Batch job submission failed: Job violates accounting/QOS policy (job submit limit, user's size and/or time limits)
sbatch: error: QOSMaxWallDurationPerJobLimit
sbatch: error: Batch job submission failed: Job violates accounting/QOS policy (job submit limit, user's size and/or time limits)
sbatch: error: QOSMaxWallDurationPerJobLimit
sbatch: error: Batch job submission failed: Job violates accounting/QOS policy (job submit limit, user's size and/or time limits)
sbatch: error: QOSMaxWallDurationPerJobLimit
sbatch: error: Batch job submission failed: Job violates accounting/QOS policy (job submit limit, user's size and/or time limits)
sbatch: error: QOSMaxWallDurationPerJobLimit
sbatch: error: Batch job submission failed: Job violates accounting/QOS policy (job submit limit, user's size and/or time limits)
sbatch: error: QOSMaxWallDurationPerJobLimit
sbatch: error: Batch job submission failed: Job violates accounting/QOS policy (job submit limit, user's size and/or time limits)
sbatch: error: QOSMaxWallDurationPerJobLimit
sbatch: error: Batch job submission failed: Job violates accounting/QOS policy (job submit limit, user's size and/or time limits)
sbatch: error: QOSMaxWallDurationPerJobLimit
sbatch: error: Batch job submission failed: Job violates accounting/QOS policy (job submit limit, user's size and/or time limits)
sbatch: error: QOSMaxWallDurationPerJobLimit
sbatch: error: Batch job submission failed: Job violates accounting/QOS policy (job submit limit, user's size and/or time limits)
sbatch: error: QOSMaxWallDurationPerJobLimit
sbatch: error: Batch job submission failed: Job violates accounting/QOS policy (job submit limit, user's size and/or time limits)
sbatch: error: QOSMaxWallDurationPerJobLimit
sbatch: error: Batch job submission failed: Job violates accounting/QOS policy (job submit limit, user's size and/or time limits)
sbatch: error: QOSMaxWallDurationPerJobLimit
sbatch: error: Batch job submission failed: Job violates accounting/QOS policy (job submit limit, user's size and/or time limits)
sbatch: error: QOSMaxWallDurationPerJobLimit
sbatch: error: Batch job submission failed: Job violates accounting/QOS policy (job submit limit, user's size and/or time limits)
sbatch: error: QOSMaxWallDurationPerJobLimit
sbatch: error: Batch job submission failed: Job violates accounting/QOS policy (job submit limit, user's size and/or time limits)
sbatch: error: QOSMaxWallDurationPerJobLimit
sbatch: error: Batch job submission failed: Job violates accounting/QOS policy (job submit limit, user's size and/or time limits)
sbatch: error: QOSMaxWallDurationPerJobLimit
sbatch: error: Batch job submission failed: Job violates accounting/QOS policy (job submit limit, user's size and/or time limits)
sbatch: error: QOSMaxWallDurationPerJobLimit
sbatch: error: Batch job submission failed: Job violates accounting/QOS policy (job submit limit, user's size and/or time limits)
sbatch: error: QOSMaxWallDurationPerJobLimit
sbatch: error: Batch job submission failed: Job violates accounting/QOS policy (job submit limit, user's size and/or time limits)
sbatch: error: QOSMaxWallDurationPerJobLimit
sbatch: error: Batch job submission failed: Job violates accounting/QOS policy (job submit limit, user's size and/or time limits)
sbatch: error: QOSMaxWallDurationPerJobLimit
sbatch: error: Batch job submission failed: Job violates accounting/QOS policy (job submit limit, user's size and/or time limits)
sbatch: error: QOSMaxWallDurationPerJobLimit
sbatch: error: Batch job submission failed: Job violates accounting/QOS policy (job submit limit, user's size and/or time limits)
sbatch: error: QOSMaxWallDurationPerJobLimit
sbatch: error: Batch job submission failed: Job violates accounting/QOS policy (job submit limit, user's size and/or time limits)
sbatch: error: QOSMaxWallDurationPerJobLimit
sbatch: error: Batch job submission failed: Job violates accounting/QOS policy (job submit limit, user's size and/or time limits)
sbatch: error: QOSMaxWallDurationPerJobLimit
sbatch: error: Batch job submission failed: Job violates accounting/QOS policy (job submit limit, user's size and/or time limits)
sbatch: error: QOSMaxWallDurationPerJobLimit
sbatch: error: Batch job submission failed: Job violates accounting/QOS policy (job submit limit, user's size and/or time limits)
sbatch: error: QOSMaxWallDurationPerJobLimit
sbatch: error: Batch job submission failed: Job violates accounting/QOS policy (job submit limit, user's size and/or time limits)
sbatch: error: QOSMaxWallDurationPerJobLimit
sbatch: error: Batch job submission failed: Job violates accounting/QOS policy (job submit limit, user's size and/or time limits)
sbatch: error: QOSMaxWallDurationPerJobLimit
sbatch: error: Batch job submission failed: Job violates accounting/QOS policy (job submit limit, user's size and/or time limits)
sbatch: error: QOSMaxWallDurationPerJobLimit
sbatch: error: Batch job submission failed: Job violates accounting/QOS policy (job submit limit, user's size and/or time limits)
sbatch: error: QOSMaxWallDurationPerJobLimit
sbatch: error: Batch job submission failed: Job violates accounting/QOS policy (job submit limit, user's size and/or time limits)
sbatch: error: QOSMaxWallDurationPerJobLimit
sbatch: error: Batch job submission failed: Job violates accounting/QOS policy (job submit limit, user's size and/or time limits)
sbatch: error: QOSMaxWallDurationPerJobLimit
sbatch: error: Batch job submission failed: Job violates accounting/QOS policy (job submit limit, user's size and/or time limits)
sbatch: error: QOSMaxWallDurationPerJobLimit
sbatch: error: Batch job submission failed: Job violates accounting/QOS policy (job submit limit, user's size and/or time limits)
sbatch: error: QOSMaxWallDurationPerJobLimit
sbatch: error: Batch job submission failed: Job violates accounting/QOS policy (job submit limit, user's size and/or time limits)
sbatch: error: QOSMaxWallDurationPerJobLimit
sbatch: error: Batch job submission failed: Job violates accounting/QOS policy (job submit limit, user's size and/or time limits)
sbatch: error: QOSMaxWallDurationPerJobLimit
sbatch: error: Batch job submission failed: Job violates accounting/QOS policy (job submit limit, user's size and/or time limits)

--------------------------------------------------------------------------------------
 Starting ANTS rigid registration on SLURM cluster. Submitted 51 jobs 
--------------------------------------------------------------------------------------
  Waiting for 0 jobs: 
  No more jobs in queue


/usr/local/software/spack/spack-git/opt/spack/linux-rhel7-broadwell/gcc-5/ants-2.3.4-lj6vm7ccmij4yywr4ynrttcko4aoflqt/bin/AverageImages 3 ants51template0.nii.gz 1 ./rigid0_0_25739_t1.nii ./rigid1_0_25773_t1.nii ./rigid2_0_25774_t1.nii ./rigid3_0_25816_t1.nii ./rigid4_0_25841_t1.nii ./rigid5_0_25846_t1.nii ./rigid6_0_25869_t1.nii ./rigid7_0_25974_t1.nii ./rigid8_0_25976_t1.nii ./rigid9_0_26001_t1.nii ./rigid10_0_26002_t1.nii ./rigid11_0_26040_t1.nii ./rigid12_0_26041_t1.nii ./rigid13_0_26069_t1.nii ./rigid14_0_26228_t1.nii ./rigid15_0_26371_t1.nii ./rigid16_0_26395_t1.nii ./rigid17_0_26547_t1.nii ./rigid18_0_26601_t1.nii ./rigid19_0_26795_t1.nii ./rigid20_0_26886_t1.nii ./rigid21_0_27136_t1.nii ./rigid22_0_27137_t1.nii ./rigid23_0_27202_t1.nii ./rigid24_0_27241_t1.nii ./rigid25_0_27341_t1.nii ./rigid26_0_27463_t1.nii ./rigid27_0_27464_t1.nii ./rigid28_0_27532_t1.nii ./rigid29_0_27628_t1.nii ./rigid30_0_27643_t1.nii ./rigid31_0_27709_t1.nii ./rigid32_0_32004_t1.nii ./rigid33_0_32073_t1.nii ./rigid34_0_32074_t1.nii ./rigid35_0_32081_t1.nii ./rigid36_0_32099_t1.nii ./rigid37_0_32102_t1.nii ./rigid38_0_32329_t1.nii ./rigid39_0_32350_t1.nii ./rigid40_0_32354_t1.nii ./rigid41_0_32355_t1.nii ./rigid42_0_32455_t1.nii ./rigid43_0_32530_t1.nii ./rigid44_0_32533_t1.nii ./rigid45_0_32535_t1.nii ./rigid46_0_32536_t1.nii ./rigid47_0_32541_t1.nii ./rigid48_0_32547_t1.nii ./rigid49_0_32619_t1.nii ./rigid50_0_32663_t1.nii
/usr/local/software/spack/spack-git/opt/spack/linux-rhel7-broadwell/gcc-5/ants-2.3.4-lj6vm7ccmij4yywr4ynrttcko4aoflqt/bin/antsMultivariateTemplateConstruction2.sh: line 272:  7246 Segmentation fault      ${ANTSPATH}/AverageImages $dim $output 1 ${images[*]}

--------------------------------------------------------------------------------------
 Backing up results from rigid iteration
--------------------------------------------------------------------------------------
mkdir: cannot create directory ‘./rigid’: File exists
mv: cannot stat ‘./rigid*.nii.gz’: No such file or directory
mv: cannot stat ‘./*GenericAffine.mat’: No such file or directory
mv: cannot stat ‘./slurm-*.out’: No such file or directory

--------------------------------------------------------------------------------------
 Start to build templates: ants51template0.nii.gz
--------------------------------------------------------------------------------------

--------------------------------------------------------------------------------------
 Mapping parameters
--------------------------------------------------------------------------------------
 ANTSPATH is /usr/local/software/spack/spack-git/opt/spack/linux-rhel7-broadwell/gcc-5/ants-2.3.4-lj6vm7ccmij4yywr4ynrttcko4aoflqt/bin

 Dimensionality:           3
 Do N4 bias correction:    0
 Back up each iteration:   1
 Similarity metric:        CC
 Gradient step:            0.25
 Transformation:           SyN
 Max iterations:           100x100x70x20
 Smoothing factors:        3x2x1x0
 Shrink factors:           6x4x2x1
 Output prefix:            ants51
 Template:                 ants51template
 Template update steps:    4
 Template population:      25739_t1.nii 25773_t1.nii 25774_t1.nii 25816_t1.nii 25841_t1.nii 25846_t1.nii 25869_t1.nii 25974_t1.nii 25976_t1.nii 26001_t1.nii 26002_t1.nii 26040_t1.nii 26041_t1.nii 26069_t1.nii 26228_t1.nii 26371_t1.nii 26395_t1.nii 26547_t1.nii 26601_t1.nii 26795_t1.nii 26886_t1.nii 27136_t1.nii 27137_t1.nii 27202_t1.nii 27241_t1.nii 27341_t1.nii 27463_t1.nii 27464_t1.nii 27532_t1.nii 27628_t1.nii 27643_t1.nii 27709_t1.nii 32004_t1.nii 32073_t1.nii 32074_t1.nii 32081_t1.nii 32099_t1.nii 32102_t1.nii 32329_t1.nii 32350_t1.nii 32354_t1.nii 32355_t1.nii 32455_t1.nii 32530_t1.nii 32533_t1.nii 32535_t1.nii 32536_t1.nii 32541_t1.nii 32547_t1.nii 32619_t1.nii 32663_t1.nii
 Number of modalities:     1
 Madality weights:         
 Image statistic:          1
--------------------------------------------------------------------------------------
sbatch: error: QOSMaxWallDurationPerJobLimit
sbatch: error: Batch job submission failed: Job violates accounting/QOS policy (job submit limit, user's size and/or time limits)
sbatch: error: QOSMaxWallDurationPerJobLimit
sbatch: error: Batch job submission failed: Job violates accounting/QOS policy (job submit limit, user's size and/or time limits)
sbatch: error: QOSMaxWallDurationPerJobLimit
sbatch: error: Batch job submission failed: Job violates accounting/QOS policy (job submit limit, user's size and/or time limits)
sbatch: error: QOSMaxWallDurationPerJobLimit
sbatch: error: Batch job submission failed: Job violates accounting/QOS policy (job submit limit, user's size and/or time limits)
sbatch: error: QOSMaxWallDurationPerJobLimit
sbatch: error: Batch job submission failed: Job violates accounting/QOS policy (job submit limit, user's size and/or time limits)
sbatch: error: QOSMaxWallDurationPerJobLimit
sbatch: error: Batch job submission failed: Job violates accounting/QOS policy (job submit limit, user's size and/or time limits)
sbatch: error: QOSMaxWallDurationPerJobLimit
sbatch: error: Batch job submission failed: Job violates accounting/QOS policy (job submit limit, user's size and/or time limits)
sbatch: error: QOSMaxWallDurationPerJobLimit
sbatch: error: Batch job submission failed: Job violates accounting/QOS policy (job submit limit, user's size and/or time limits)
sbatch: error: QOSMaxWallDurationPerJobLimit
sbatch: error: Batch job submission failed: Job violates accounting/QOS policy (job submit limit, user's size and/or time limits)
sbatch: error: QOSMaxWallDurationPerJobLimit
sbatch: error: Batch job submission failed: Job violates accounting/QOS policy (job submit limit, user's size and/or time limits)
sbatch: error: QOSMaxWallDurationPerJobLimit
sbatch: error: Batch job submission failed: Job violates accounting/QOS policy (job submit limit, user's size and/or time limits)
sbatch: error: QOSMaxWallDurationPerJobLimit
sbatch: error: Batch job submission failed: Job violates accounting/QOS policy (job submit limit, user's size and/or time limits)
sbatch: error: QOSMaxWallDurationPerJobLimit
sbatch: error: Batch job submission failed: Job violates accounting/QOS policy (job submit limit, user's size and/or time limits)
sbatch: error: QOSMaxWallDurationPerJobLimit
sbatch: error: Batch job submission failed: Job violates accounting/QOS policy (job submit limit, user's size and/or time limits)
sbatch: error: QOSMaxWallDurationPerJobLimit
sbatch: error: Batch job submission failed: Job violates accounting/QOS policy (job submit limit, user's size and/or time limits)
sbatch: error: QOSMaxWallDurationPerJobLimit
sbatch: error: Batch job submission failed: Job violates accounting/QOS policy (job submit limit, user's size and/or time limits)
sbatch: error: QOSMaxWallDurationPerJobLimit
sbatch: error: Batch job submission failed: Job violates accounting/QOS policy (job submit limit, user's size and/or time limits)
sbatch: error: QOSMaxWallDurationPerJobLimit
sbatch: error: Batch job submission failed: Job violates accounting/QOS policy (job submit limit, user's size and/or time limits)
sbatch: error: QOSMaxWallDurationPerJobLimit
sbatch: error: Batch job submission failed: Job violates accounting/QOS policy (job submit limit, user's size and/or time limits)
sbatch: error: QOSMaxWallDurationPerJobLimit
sbatch: error: Batch job submission failed: Job violates accounting/QOS policy (job submit limit, user's size and/or time limits)
sbatch: error: QOSMaxWallDurationPerJobLimit
sbatch: error: Batch job submission failed: Job violates accounting/QOS policy (job submit limit, user's size and/or time limits)
sbatch: error: QOSMaxWallDurationPerJobLimit
sbatch: error: Batch job submission failed: Job violates accounting/QOS policy (job submit limit, user's size and/or time limits)
sbatch: error: QOSMaxWallDurationPerJobLimit
sbatch: error: Batch job submission failed: Job violates accounting/QOS policy (job submit limit, user's size and/or time limits)
sbatch: error: QOSMaxWallDurationPerJobLimit
sbatch: error: Batch job submission failed: Job violates accounting/QOS policy (job submit limit, user's size and/or time limits)
sbatch: error: QOSMaxWallDurationPerJobLimit
sbatch: error: Batch job submission failed: Job violates accounting/QOS policy (job submit limit, user's size and/or time limits)
sbatch: error: QOSMaxWallDurationPerJobLimit
sbatch: error: Batch job submission failed: Job violates accounting/QOS policy (job submit limit, user's size and/or time limits)
sbatch: error: QOSMaxWallDurationPerJobLimit
sbatch: error: Batch job submission failed: Job violates accounting/QOS policy (job submit limit, user's size and/or time limits)
sbatch: error: QOSMaxWallDurationPerJobLimit
sbatch: error: Batch job submission failed: Job violates accounting/QOS policy (job submit limit, user's size and/or time limits)
sbatch: error: QOSMaxWallDurationPerJobLimit
sbatch: error: Batch job submission failed: Job violates accounting/QOS policy (job submit limit, user's size and/or time limits)
sbatch: error: QOSMaxWallDurationPerJobLimit
sbatch: error: Batch job submission failed: Job violates accounting/QOS policy (job submit limit, user's size and/or time limits)
sbatch: error: QOSMaxWallDurationPerJobLimit
sbatch: error: Batch job submission failed: Job violates accounting/QOS policy (job submit limit, user's size and/or time limits)
sbatch: error: QOSMaxWallDurationPerJobLimit
sbatch: error: Batch job submission failed: Job violates accounting/QOS policy (job submit limit, user's size and/or time limits)
sbatch: error: QOSMaxWallDurationPerJobLimit
sbatch: error: Batch job submission failed: Job violates accounting/QOS policy (job submit limit, user's size and/or time limits)
sbatch: error: QOSMaxWallDurationPerJobLimit
sbatch: error: Batch job submission failed: Job violates accounting/QOS policy (job submit limit, user's size and/or time limits)
sbatch: error: QOSMaxWallDurationPerJobLimit
sbatch: error: Batch job submission failed: Job violates accounting/QOS policy (job submit limit, user's size and/or time limits)
sbatch: error: QOSMaxWallDurationPerJobLimit
sbatch: error: Batch job submission failed: Job violates accounting/QOS policy (job submit limit, user's size and/or time limits)
sbatch: error: QOSMaxWallDurationPerJobLimit
sbatch: error: Batch job submission failed: Job violates accounting/QOS policy (job submit limit, user's size and/or time limits)
sbatch: error: QOSMaxWallDurationPerJobLimit
sbatch: error: Batch job submission failed: Job violates accounting/QOS policy (job submit limit, user's size and/or time limits)
sbatch: error: QOSMaxWallDurationPerJobLimit
sbatch: error: Batch job submission failed: Job violates accounting/QOS policy (job submit limit, user's size and/or time limits)
sbatch: error: QOSMaxWallDurationPerJobLimit
sbatch: error: Batch job submission failed: Job violates accounting/QOS policy (job submit limit, user's size and/or time limits)
sbatch: error: QOSMaxWallDurationPerJobLimit
sbatch: error: Batch job submission failed: Job violates accounting/QOS policy (job submit limit, user's size and/or time limits)
sbatch: error: QOSMaxWallDurationPerJobLimit
sbatch: error: Batch job submission failed: Job violates accounting/QOS policy (job submit limit, user's size and/or time limits)
sbatch: error: QOSMaxWallDurationPerJobLimit
sbatch: error: Batch job submission failed: Job violates accounting/QOS policy (job submit limit, user's size and/or time limits)
sbatch: error: QOSMaxWallDurationPerJobLimit
sbatch: error: Batch job submission failed: Job violates accounting/QOS policy (job submit limit, user's size and/or time limits)
sbatch: error: QOSMaxWallDurationPerJobLimit
sbatch: error: Batch job submission failed: Job violates accounting/QOS policy (job submit limit, user's size and/or time limits)
sbatch: error: QOSMaxWallDurationPerJobLimit
sbatch: error: Batch job submission failed: Job violates accounting/QOS policy (job submit limit, user's size and/or time limits)
sbatch: error: QOSMaxWallDurationPerJobLimit
sbatch: error: Batch job submission failed: Job violates accounting/QOS policy (job submit limit, user's size and/or time limits)
sbatch: error: QOSMaxWallDurationPerJobLimit
sbatch: error: Batch job submission failed: Job violates accounting/QOS policy (job submit limit, user's size and/or time limits)
sbatch: error: QOSMaxWallDurationPerJobLimit
sbatch: error: Batch job submission failed: Job violates accounting/QOS policy (job submit limit, user's size and/or time limits)
sbatch: error: QOSMaxWallDurationPerJobLimit
sbatch: error: Batch job submission failed: Job violates accounting/QOS policy (job submit limit, user's size and/or time limits)
sbatch: error: QOSMaxWallDurationPerJobLimit
sbatch: error: Batch job submission failed: Job violates accounting/QOS policy (job submit limit, user's size and/or time limits)

--------------------------------------------------------------------------------------
 Starting ANTS registration on SLURM cluster. Submitted 51 jobs 
--------------------------------------------------------------------------------------
  Waiting for 0 jobs: 
  No more jobs in queue

ls: cannot access ants51*Warp.nii.gz: No such file or directory
ls: cannot access ants51*GenericAffine.mat: No such file or directory
shapeupdatetotemplate()

--------------------------------------------------------------------------------------
 shapeupdatetotemplate---voxel-wise averaging of the warped images to the current template
Mon 20 Sep 16:44:18 BST 2021
--------------------------------------------------------------------------------------
ls: cannot access ants51template0*WarpedToTemplate.nii.gz: No such file or directory
ERROR shapeupdatedtotemplate - imagelist length is 0
