This is job 4
Time: Tue 11 Jan 15:38:59 GMT 2022
Running on master node: cpu-p-530
Current directory: /rds/user/ccn30/hpc-work/WBIC_lustre/ENCRYPT/scripts/GridCAT/slurmoutputs
Changed directory to /home/ccn30/rds/hpc-work/WBIC_lustre/ENCRYPT/scripts/GridCAT/slurmoutputs.

JobID: 53032505
======
Time: Tue 11 Jan 15:38:59 GMT 2022
Running on master node: cpu-p-530
Current directory: /home/ccn30/rds/hpc-work/WBIC_lustre/ENCRYPT/scripts/GridCAT/slurmoutputs

Nodes allocated:
================
cpu-p-530

numtasks=, numnodes=, mpi_tasks_per_node= (OMP_NUM_THREADS=1)

Executing command:
==================
/home/ccn30/rds/hpc-work/WBIC_lustre/ENCRYPT/scripts/GridCAT/gridcatprepare.sh /home/ccn30/rds/hpc-work/WBIC_lustre/ENCRYPT/scripts/GridCAT/GCAP_logfile2eventTable.m /home/ccn30/rds/hpc-work/WBIC_lustre/ENCRYPT/task_data/gridtask /home/ccn30/rds/hpc-work/WBIC_lustre/ENCRYPT/ENCRYPT_MasterRIScodes.txt /home/ccn30/rds/hpc-work/WBIC_lustre/ENCRYPT/scripts/GridCAT/GridCAT_mainfunc.m /home/ccn30/rds/rds-p00500_encrypt-URQgmO1brZ0/p00500/ENCRYPT_images /home/ccn30/rds/rds-p00500_encrypt-URQgmO1brZ0/p00500/ENCRYPT_MTLmasks 4

******** starting 25841 ********
You are inside gridcatprepare

                            < M A T L A B (R) >
                  Copyright 1984-2017 The MathWorks, Inc.
                   R2017b (9.3.0.713579) 64-bit (glnxa64)
                             September 14, 2017

 
To get started, type one of these: helpwin, helpdesk, or demo.
For product information, visit www.mathworks.com.
 
>> >> >> >> Subject is 25841
>> >> >> >> Submitting the following command: GCAP_logfile2eventTable('/home/ccn30/rds/hpc-work/WBIC_lustre/ENCRYPT/task_data/gridtask/25841')
>> You are inside GCAP_logfile2eventTable
 
 
New event-table: /home/ccn30/rds/hpc-work/WBIC_lustre/ENCRYPT/task_data/gridtask/25841/BlockA/eventTable_movemenEventData.txt
 
Logfile: /home/ccn30/rds/hpc-work/WBIC_lustre/ENCRYPT/task_data/gridtask/25841/BlockA/movemenEventData.csv
 
New event-table: /home/ccn30/rds/hpc-work/WBIC_lustre/ENCRYPT/task_data/gridtask/25841/BlockB/eventTable_movemenEventData.txt
 
Logfile: /home/ccn30/rds/hpc-work/WBIC_lustre/ENCRYPT/task_data/gridtask/25841/BlockB/movemenEventData.csv
 
New event-table: /home/ccn30/rds/hpc-work/WBIC_lustre/ENCRYPT/task_data/gridtask/25841/BlockC/eventTable_movemenEventData.txt
 
Logfile: /home/ccn30/rds/hpc-work/WBIC_lustre/ENCRYPT/task_data/gridtask/25841/BlockC/movemenEventData.csv
>> Done.
>>  
>> >> >> >> >> >> >> >> >> >> >> >> >> >> 
warp_flag =

    'main'

>> >> >> 
ROI_flag =

    'pmRightMaass'

>> >> >> 
xFold =

    '6'

>> >> >> 
mask_thresh =

    '0.3'

>> >> >> >> >> >> >> >> 
regressor_flag =

    'pmod'

>> >> >> 
outfilename =

    'gridCAT_pmRight6_hybridMaass'

>> >> >> Submitting the following command: GridCAT_mainfunc('25841','/home/ccn30/rds/rds-p00500_encrypt-URQgmO1brZ0/p00500/ENCRYPT_images/25841/fMRI','/home/ccn30/rds/hpc-work/WBIC_lustre/ENCRYPT/task_data/gridtask/25841','/home/ccn30/rds/rds-p00500_encrypt-URQgmO1brZ0/p00500/ENCRYPT_MTLmasks/25841',outfilename,ROI_flag,warp_flag,xFold,mask_thresh,regressor_flag)
>> [Warning: removed existing dir for
/home/ccn30/rds/hpc-work/WBIC_lustre/ENCRYPT/results/gridCAT/25841/gridCAT_pmRight6_hybridMaass] 
[> In GridCAT_mainfunc (line 17)] 
You are inside GridCAT_mainfunc, subject 25841
