This is job 8
Time: Tue 11 Jan 15:38:58 GMT 2022
Running on master node: cpu-p-530
Current directory: /rds/user/ccn30/hpc-work/WBIC_lustre/ENCRYPT/scripts/GridCAT/slurmoutputs
Changed directory to /home/ccn30/rds/hpc-work/WBIC_lustre/ENCRYPT/scripts/GridCAT/slurmoutputs.

JobID: 53032509
======
Time: Tue 11 Jan 15:38:58 GMT 2022
Running on master node: cpu-p-530
Current directory: /home/ccn30/rds/hpc-work/WBIC_lustre/ENCRYPT/scripts/GridCAT/slurmoutputs

Nodes allocated:
================
cpu-p-530

numtasks=, numnodes=, mpi_tasks_per_node= (OMP_NUM_THREADS=1)

Executing command:
==================
/home/ccn30/rds/hpc-work/WBIC_lustre/ENCRYPT/scripts/GridCAT/gridcatprepare.sh /home/ccn30/rds/hpc-work/WBIC_lustre/ENCRYPT/scripts/GridCAT/GCAP_logfile2eventTable.m /home/ccn30/rds/hpc-work/WBIC_lustre/ENCRYPT/task_data/gridtask /home/ccn30/rds/hpc-work/WBIC_lustre/ENCRYPT/ENCRYPT_MasterRIScodes.txt /home/ccn30/rds/hpc-work/WBIC_lustre/ENCRYPT/scripts/GridCAT/GridCAT_mainfunc.m /home/ccn30/rds/rds-p00500_encrypt-URQgmO1brZ0/p00500/ENCRYPT_images /home/ccn30/rds/rds-p00500_encrypt-URQgmO1brZ0/p00500/ENCRYPT_MTLmasks 8

******** starting 25976 ********
You are inside gridcatprepare

                            < M A T L A B (R) >
                  Copyright 1984-2017 The MathWorks, Inc.
                   R2017b (9.3.0.713579) 64-bit (glnxa64)
                             September 14, 2017

 
To get started, type one of these: helpwin, helpdesk, or demo.
For product information, visit www.mathworks.com.
 
>> >> >> >> Subject is 25976
>> >> >> >> Submitting the following command: GCAP_logfile2eventTable('/home/ccn30/rds/hpc-work/WBIC_lustre/ENCRYPT/task_data/gridtask/25976')
>> You are inside GCAP_logfile2eventTable
 
 
New event-table: /home/ccn30/rds/hpc-work/WBIC_lustre/ENCRYPT/task_data/gridtask/25976/BlockA/eventTable_movemenEventData.txt
 
Logfile: /home/ccn30/rds/hpc-work/WBIC_lustre/ENCRYPT/task_data/gridtask/25976/BlockA/movemenEventData.csv
 
New event-table: /home/ccn30/rds/hpc-work/WBIC_lustre/ENCRYPT/task_data/gridtask/25976/BlockB/eventTable_movemenEventData.txt
 
Logfile: /home/ccn30/rds/hpc-work/WBIC_lustre/ENCRYPT/task_data/gridtask/25976/BlockB/movemenEventData.csv
 
New event-table: /home/ccn30/rds/hpc-work/WBIC_lustre/ENCRYPT/task_data/gridtask/25976/BlockC/eventTable_movemenEventData.txt
 
Logfile: /home/ccn30/rds/hpc-work/WBIC_lustre/ENCRYPT/task_data/gridtask/25976/BlockC/movemenEventData.csv
