This is job 44
Time: Fri  7 Jan 18:04:14 GMT 2022
Running on master node: cpu-p-383
Current directory: /rds/user/ccn30/hpc-work/WBIC_lustre/ENCRYPT/scripts/GridCAT/slurmoutputs
Changed directory to /rds/user/ccn30/hpc-work/WBIC_lustre/ENCRYPT/scripts/GridCAT/slurmoutputs.

JobID: 52781267
======
Time: Fri  7 Jan 18:04:14 GMT 2022
Running on master node: cpu-p-383
Current directory: /rds/user/ccn30/hpc-work/WBIC_lustre/ENCRYPT/scripts/GridCAT/slurmoutputs

Nodes allocated:
================
cpu-p-383

numtasks=, numnodes=, mpi_tasks_per_node= (OMP_NUM_THREADS=1)

Executing command:
==================
/home/ccn30/rds/hpc-work/WBIC_lustre/ENCRYPT/scripts/GridCAT/gridcatprepare.sh /home/ccn30/rds/hpc-work/WBIC_lustre/ENCRYPT/scripts/GridCAT/GCAP_logfile2eventTable.m /home/ccn30/rds/hpc-work/WBIC_lustre/ENCRYPT/task_data/gridtask /home/ccn30/rds/hpc-work/WBIC_lustre/ENCRYPT/ENCRYPT_MasterRIScodes.txt /home/ccn30/rds/hpc-work/WBIC_lustre/ENCRYPT/scripts/GridCAT/GridCAT_mainfunc.m /home/ccn30/rds/rds-p00500_encrypt-URQgmO1brZ0/p00500/ENCRYPT_images /home/ccn30/rds/rds-p00500_encrypt-URQgmO1brZ0/p00500/ENCRYPT_MTLmasks 44

******** starting 32535 ********
You are inside gridcatprepare

                            < M A T L A B (R) >
                  Copyright 1984-2017 The MathWorks, Inc.
                   R2017b (9.3.0.713579) 64-bit (glnxa64)
                             September 14, 2017

 
To get started, type one of these: helpwin, helpdesk, or demo.
For product information, visit www.mathworks.com.
 
>> >> >> >> Subject is 32535
>> >> >> >> Submitting the following command: GCAP_logfile2eventTable('32535','/home/ccn30/rds/hpc-work/WBIC_lustre/ENCRYPT/task_data/gridtask/32535')
>> You are inside GCAP_logfile2eventTable
 
 
New event-table: /home/ccn30/rds/hpc-work/WBIC_lustre/ENCRYPT/task_data/gridtask/32535/32535/BlockA/eventTable_nr_movemenEventData.txt
 
Logfile: /home/ccn30/rds/hpc-work/WBIC_lustre/ENCRYPT/task_data/gridtask/32535/32535/BlockA/movemenEventData.csv
>> Done.
>>  
>> >> >> >> >> >> >> >> >> >> >> >> >> >> 
warp_flag =

    'main'

>> >> >> 
ROI_flag =

    'pmRightMaass'

>> >> >> 
xFold =

    '6'

>> >> >> 
mask_thresh =

    '0.1'

>> >> >> >> >> >> >> >> 
regressor_flag =

    'pmod'

>> >> >> 
outfilename =

    'gridCAT_pmRight6_hybridMaass'

>> >> >> Submitting the following command: GridCAT_mainfunc('32535','/home/ccn30/rds/rds-p00500_encrypt-URQgmO1brZ0/p00500/ENCRYPT_images/32535/fMRI','/home/ccn30/rds/hpc-work/WBIC_lustre/ENCRYPT/task_data/gridtask/32535','/home/ccn30/rds/rds-p00500_encrypt-URQgmO1brZ0/p00500/ENCRYPT_MTLmasks/32535',outfilename,ROI_flag,warp_flag,xFold,mask_thresh,regressor_flag)
>> You are inside GridCAT_mainfunc, subject 32535
>> Done
>> >> >> >> >> >> 
warp_flag =

    'main'

>> >> >> 
ROI_flag =

    'pmLeftMaass'

>> >> >> 
xFold =

    '6'

>> >> >> 
mask_thresh =

    '0.1'

>> >> >> >> >> >> >> >> 
regressor_flag =

    'pmod'

>> >> >> 
outfilename =

    'gridCAT_pmLeft6_hybridMaass'

>> >> >> Submitting the following command: GridCAT_mainfunc('32535','/home/ccn30/rds/rds-p00500_encrypt-URQgmO1brZ0/p00500/ENCRYPT_images/32535/fMRI','/home/ccn30/rds/hpc-work/WBIC_lustre/ENCRYPT/task_data/gridtask/32535','/home/ccn30/rds/rds-p00500_encrypt-URQgmO1brZ0/p00500/ENCRYPT_MTLmasks/32535',outfilename,ROI_flag,warp_flag,xFold,mask_thresh,regressor_flag)
>> You are inside GridCAT_mainfunc, subject 32535
>> Done
>> >> >> >> >> >> 
warp_flag =

    'control'

>> >> >> 
ROI_flag =

    'alRightMaass'

>> >> >> 
xFold =

    '6'

>> >> >> 
mask_thresh =

    '0.1'

>> >> >> >> >> >> >> >> 
regressor_flag =

    'pmod'

>> >> >> 
outfilename =

    'gridCAT_alRight6_hybridMaass'

>> >> >> Submitting the following command: GridCAT_mainfunc('32535','/home/ccn30/rds/rds-p00500_encrypt-URQgmO1brZ0/p00500/ENCRYPT_images/32535/fMRI','/home/ccn30/rds/hpc-work/WBIC_lustre/ENCRYPT/task_data/gridtask/32535','/home/ccn30/rds/rds-p00500_encrypt-URQgmO1brZ0/p00500/ENCRYPT_MTLmasks/32535',outfilename,ROI_flag,warp_flag,xFold,mask_thresh,regressor_flag)
>> You are inside GridCAT_mainfunc, subject 32535
>> Done
>> >> >> >> >> >> 
warp_flag =

    'control'

>> >> >> 
ROI_flag =

    'alLeftMaass'

>> >> >> 
xFold =

    '6'

>> >> >> 
mask_thresh =

    '0.1'

>> >> >> >> >> >> >> >> 
regressor_flag =

    'pmod'

>> >> >> 
outfilename =

    'gridCAT_alLeft6_hybridMaass'

>> >> >> Submitting the following command: GridCAT_mainfunc('32535','/home/ccn30/rds/rds-p00500_encrypt-URQgmO1brZ0/p00500/ENCRYPT_images/32535/fMRI','/home/ccn30/rds/hpc-work/WBIC_lustre/ENCRYPT/task_data/gridtask/32535','/home/ccn30/rds/rds-p00500_encrypt-URQgmO1brZ0/p00500/ENCRYPT_MTLmasks/32535',outfilename,ROI_flag,warp_flag,xFold,mask_thresh,regressor_flag)
>> You are inside GridCAT_mainfunc, subject 32535
>> Done
>> >> >> >> >> >> 
warp_flag =

    'control'

>> >> >> 
ROI_flag =

    'HCtailR'

>> >> >> 
xFold =

    '6'

>> >> >> 
mask_thresh =

    '0.1'

>> >> >> >> >> >> >> >> 
regressor_flag =

    'pmod'

>> >> >> 
outfilename =

    'gridCAT_HCtail_right'

>> >> >> Submitting the following command: GridCAT_mainfunc('32535','/home/ccn30/rds/rds-p00500_encrypt-URQgmO1brZ0/p00500/ENCRYPT_images/32535/fMRI','/home/ccn30/rds/hpc-work/WBIC_lustre/ENCRYPT/task_data/gridtask/32535','/home/ccn30/rds/rds-p00500_encrypt-URQgmO1brZ0/p00500/ENCRYPT_MTLmasks/32535',outfilename,ROI_flag,warp_flag,xFold,mask_thresh,regressor_flag)
>> You are inside GridCAT_mainfunc, subject 32535
>> Done
>> >> >> >> >> >> 
warp_flag =

    'control'

>> >> >> 
ROI_flag =

    'HCtailL'

>> >> >> 
xFold =

    '6'

>> >> >> 
mask_thresh =

    '0.1'

>> >> >> >> >> >> >> >> 
regressor_flag =

    'pmod'

>> >> >> 
outfilename =

    'gridCAT_HCtail_left'

>> >> >> Submitting the following command: GridCAT_mainfunc('32535','/home/ccn30/rds/rds-p00500_encrypt-URQgmO1brZ0/p00500/ENCRYPT_images/32535/fMRI','/home/ccn30/rds/hpc-work/WBIC_lustre/ENCRYPT/task_data/gridtask/32535','/home/ccn30/rds/rds-p00500_encrypt-URQgmO1brZ0/p00500/ENCRYPT_MTLmasks/32535',outfilename,ROI_flag,warp_flag,xFold,mask_thresh,regressor_flag)
>> You are inside GridCAT_mainfunc, subject 32535
>> Done
>> >> >> >> >> >> 
warp_flag =

    'main'

>> >> >> 
ROI_flag =

    'pmRightDTI'

>> >> >> 
xFold =

    '6'

>> >> >> 
mask_thresh =

    '0.1'

>> >> >> >> >> >> >> >> 
regressor_flag =

    'pmod'

>> >> >> 
outfilename =

    'gridCAT_pmRight6_hybridDTI'

>> >> >> Submitting the following command: GridCAT_mainfunc('32535','/home/ccn30/rds/rds-p00500_encrypt-URQgmO1brZ0/p00500/ENCRYPT_images/32535/fMRI','/home/ccn30/rds/hpc-work/WBIC_lustre/ENCRYPT/task_data/gridtask/32535','/home/ccn30/rds/rds-p00500_encrypt-URQgmO1brZ0/p00500/ENCRYPT_MTLmasks/32535',outfilename,ROI_flag,warp_flag,xFold,mask_thresh,regressor_flag)
>> You are inside GridCAT_mainfunc, subject 32535
>> Done
>> >> >> >> >> >> 
warp_flag =

    'main'

>> >> >> 
ROI_flag =

    'pmLeftDTI'

>> >> >> 
xFold =

    '6'

>> >> >> 
mask_thresh =

    '0.1'

>> >> >> >> >> >> >> >> 
regressor_flag =

    'pmod'

>> >> >> 
outfilename =

    'gridCAT_pmLeft6_hybridDTI'

>> >> >> Submitting the following command: GridCAT_mainfunc('32535','/home/ccn30/rds/rds-p00500_encrypt-URQgmO1brZ0/p00500/ENCRYPT_images/32535/fMRI','/home/ccn30/rds/hpc-work/WBIC_lustre/ENCRYPT/task_data/gridtask/32535','/home/ccn30/rds/rds-p00500_encrypt-URQgmO1brZ0/p00500/ENCRYPT_MTLmasks/32535',outfilename,ROI_flag,warp_flag,xFold,mask_thresh,regressor_flag)
>> You are inside GridCAT_mainfunc, subject 32535
>> Done
>> >> 