Non-commercial use only - see $FSLDIR/LICENSE
ModuleCmd_Load.c(213):ERROR:105: Unable to locate a modulefile for 'c3d_tool'
gzip: 27532_left_lfseg_corr_usegray.nii: unknown suffix -- ignored
gzip: 27532_left_lfseg_corr_usegray_noCysts_clean_EPI.nii: unknown suffix -- ignored
gzip: 27532_left_lfseg_corr_usegray_noCysts_clean.nii: unknown suffix -- ignored
gzip: 27532_left_lfseg_corr_usegray_noCysts_clean.nii.gz~: unknown suffix -- ignored
gzip: 27532_left_lfseg_corr_usegray_noCysts_Marianna.nii.gz~: unknown suffix -- ignored
gzip: 27532_left_lfseg_corr_usegray_noCysts.nii: unknown suffix -- ignored
gzip: 27532_right_lfseg_corr_usegray.nii: unknown suffix -- ignored
gzip: 27532_right_lfseg_corr_usegray_noCysts_clean_EPI.nii: unknown suffix -- ignored
gzip: 27532_right_lfseg_corr_usegray_noCysts_clean.nii: unknown suffix -- ignored
gzip: 27532_right_lfseg_corr_usegray_noCysts_clean.nii.gz~: unknown suffix -- ignored
gzip: 27532_right_lfseg_corr_usegray_noCysts.nii: unknown suffix -- ignored
gzip: alEC_left_DTImasked_T1xEPI.nii: unknown suffix -- ignored
gzip: alEC_left_HybridMaass_EPI.nii: unknown suffix -- ignored
gzip: alEC_right_DTImasked_T1xEPI.nii: unknown suffix -- ignored
gzip: alEC_right_HybridMaass_EPI.nii: unknown suffix -- ignored
gzip: ASHS_left_HCtail_EPI.nii: unknown suffix -- ignored
gzip: ASHS_right_HCtail_EPI.nii: unknown suffix -- ignored
gzip: combined_alEC_DTImasked_T1.nii: unknown suffix -- ignored
gzip: combined_alEC_DTImasked_T1xEPI.nii: unknown suffix -- ignored
gzip: combined_alEC_DTI_T2.nii: unknown suffix -- ignored
gzip: combinedEC_left_HybridMaass_EPI.nii: unknown suffix -- ignored
gzip: combinedEC_left_HybridMaass_T2.nii: unknown suffix -- ignored
gzip: combinedEC_left_HybridMaass_T2.nii.gz~: unknown suffix -- ignored
gzip: combinedEC_left_Maass_T2.nii: unknown suffix -- ignored
gzip: combinedEC_right_HybridMaass_EPI.nii: unknown suffix -- ignored
gzip: combinedEC_right_HybridMaass_T2.nii: unknown suffix -- ignored
gzip: combinedEC_right_HybridMaass_T2.nii.gz~: unknown suffix -- ignored
gzip: combinedEC_right_Maass_T2.nii: unknown suffix -- ignored
gzip: combined_pmEC_DTImasked_T1.nii: unknown suffix -- ignored
gzip: combined_pmEC_DTImasked_T1.nii.gz~: unknown suffix -- ignored
gzip: combined_pmEC_DTImasked_T1xEPI.nii: unknown suffix -- ignored
gzip: combined_pmEC_DTI_T2.nii: unknown suffix -- ignored
gzip: pmEC_left_DTImasked_T1xEPI.nii: unknown suffix -- ignored
gzip: pmEC_left_HybridDTI_EPI_bin.nii: unknown suffix -- ignored
gzip: pmEC_left_HybridDTI_EPI.nii: unknown suffix -- ignored
gzip: pmEC_left_HybridDTI_T2.nii: unknown suffix -- ignored
gzip: pmEC_left_HybridMaass_EPI.nii: unknown suffix -- ignored
gzip: pmEC_right_DTImasked_T1xEPI.nii: unknown suffix -- ignored
gzip: pmEC_right_HybridDTI_EPI_bin.nii: unknown suffix -- ignored
gzip: pmEC_right_HybridDTI_EPI.nii: unknown suffix -- ignored
gzip: pmEC_right_HybridDTI_T2.nii: unknown suffix -- ignored
gzip: pmEC_right_HybridMaass_EPI.nii: unknown suffix -- ignored
{Error using readEventTable (line 81)
The following event-table seems to have a wrong format and could not be read:
/home/ccn30/rds/hpc-work/WBIC_lustre/ENCRYPT/task_data/gridtask/27532/BlockC/eventTable_nr_movemenEventData.txt

Error in specifyGLM (line 28)
    cfg.eventInfo.run(runIdx) =
    readEventTable(cfg.rawData.run(runIdx).eventTable_file);

Error in GridCAT_mainfunc (line 121)
specifyGLM(cfg);
} 
