Non-commercial use only - see $FSLDIR/LICENSE
ModuleCmd_Load.c(213):ERROR:105: Unable to locate a modulefile for 'c3d_tool'
gzip: 32073_left_lfseg_corr_usegray.nii: unknown suffix -- ignored
gzip: 32073_left_lfseg_corr_usegray_noCysts_clean_EPI.nii: unknown suffix -- ignored
gzip: 32073_left_lfseg_corr_usegray_noCysts_clean.nii: unknown suffix -- ignored
gzip: 32073_left_lfseg_corr_usegray_noCysts_Marianna.nii.gz~: unknown suffix -- ignored
gzip: 32073_left_lfseg_corr_usegray_noCysts.nii: unknown suffix -- ignored
gzip: 32073_right_lfseg_corr_usegray.nii: unknown suffix -- ignored
gzip: 32073_right_lfseg_corr_usegray_noCysts_clean_EPI.nii: unknown suffix -- ignored
gzip: 32073_right_lfseg_corr_usegray_noCysts_clean.nii: unknown suffix -- ignored
gzip: 32073_right_lfseg_corr_usegray_noCysts.nii: unknown suffix -- ignored
gzip: alEC_left_HybridMaass_EPI.nii: unknown suffix -- ignored
gzip: alEC_right_HybridMaass_EPI.nii: unknown suffix -- ignored
gzip: ASHS_left_HCtail_EPI.nii: unknown suffix -- ignored
gzip: ASHS_right_HCtail_EPI.nii: unknown suffix -- ignored
gzip: combined_alEC_DTI_T2.nii: unknown suffix -- ignored
gzip: combinedEC_left_HybridMaass_EPI.nii: unknown suffix -- ignored
gzip: combinedEC_left_HybridMaass_T2.nii: unknown suffix -- ignored
gzip: combinedEC_left_Maass_T2.nii: unknown suffix -- ignored
gzip: combinedEC_right_HybridMaass_EPI.nii: unknown suffix -- ignored
gzip: combinedEC_right_HybridMaass_T2.nii: unknown suffix -- ignored
gzip: combinedEC_right_Maass_T2.nii: unknown suffix -- ignored
gzip: combined_pmEC_DTI_T2.nii: unknown suffix -- ignored
gzip: pmEC_left_HybridDTI_EPI.nii: unknown suffix -- ignored
gzip: pmEC_left_HybridDTI_T2.nii: unknown suffix -- ignored
gzip: pmEC_left_HybridMaass_EPI.nii: unknown suffix -- ignored
gzip: pmEC_right_HybridDTI_EPI.nii: unknown suffix -- ignored
gzip: pmEC_right_HybridDTI_T2.nii: unknown suffix -- ignored
gzip: pmEC_right_HybridMaass_EPI.nii: unknown suffix -- ignored
/home/ccn30/rds/hpc-work/WBIC_lustre/ENCRYPT/scripts/GridCAT/gridcatprepare.sh: line 23: c3d: command not found
/home/ccn30/rds/hpc-work/WBIC_lustre/ENCRYPT/scripts/GridCAT/gridcatprepare.sh: line 24: c3d: command not found
slurmstepd: error: *** JOB 53032261 ON cpu-p-342 CANCELLED AT 2022-01-11T15:37:07 ***
slurmstepd: error: task_p_post_term: rmdir(/sys/fs/cgroup/cpuset/slurm53032261/slurm53032261.4294967294_0) failed Device or resource busy
