cmdModule.c(567):ERROR:50: Cannot open file '/home/ccn30/privatemodules/ASHS_1.0.0' for 'reading'
/var/spool/slurm/slurmd/job5587315/slurm_script: line 107: cd: /slurmoutputs: No such file or directory
Changed directory to /lustre/scratch/wbic-beta/ccn30/ENCRYPT/scripts/GridCAT/slurmoutputs.

JobID: 5587315
======
Time: Sun Nov 15 14:25:18 GMT 2020
Running on master node: wbic-cs-13
Current directory: /lustre/scratch/wbic-beta/ccn30/ENCRYPT/scripts/GridCAT/slurmoutputs

Nodes allocated:
================
wbic-cs-13

numtasks=1, numnodes=1, mpi_tasks_per_node=1 (OMP_NUM_THREADS=1)

Executing command:
==================
/lustre/scratch/wbic-beta/ccn30/ENCRYPT/scripts/GridCAT/gridcatprepare.sh /lustre/scratch/wbic-beta/ccn30/ENCRYPT/scripts/GridCAT/GCAP_logfile2eventTable.m /lustre/scratch/wbic-beta/ccn30/ENCRYPT/task_data/gridtask 27532 /lustre/scratch/wbic-beta/ccn30/ENCRYPT/scripts/GridCAT/GridCAT_mainfunc.m /lustre/scratch/wbic-beta/ccn30/ENCRYPT/fMRI /lustre/scratch/wbic-beta/ccn30/ENCRYPT/registrations

You are inside gridcatprepare

                            < M A T L A B (R) >
                  Copyright 1984-2017 The MathWorks, Inc.
                   R2017b (9.3.0.713579) 64-bit (glnxa64)
                             September 14, 2017

 
To get started, type one of these: helpwin, helpdesk, or demo.
For product information, visit www.mathworks.com.
 
>> >> >> >> Subject is 27532
>> >> >> >> Submitting the following command: GCAP_logfile2eventTable('27532','/lustre/scratch/wbic-beta/ccn30/ENCRYPT/task_data/gridtask')
>> You are inside GCAP_logfile2eventTable
 
 
New event-table: /lustre/scratch/wbic-beta/ccn30/ENCRYPT/task_data/gridtask/27532/BlockA/eventTable_nr_movemenEventData.txt
 
Logfile: /lustre/scratch/wbic-beta/ccn30/ENCRYPT/task_data/gridtask/27532/BlockA/movemenEventData.csv
 
New event-table: /lustre/scratch/wbic-beta/ccn30/ENCRYPT/task_data/gridtask/27532/BlockB/eventTable_nr_movemenEventData.txt
 
Logfile: /lustre/scratch/wbic-beta/ccn30/ENCRYPT/task_data/gridtask/27532/BlockB/movemenEventData.csv
 
New event-table: /lustre/scratch/wbic-beta/ccn30/ENCRYPT/task_data/gridtask/27532/BlockC/eventTable_nr_movemenEventData.txt
 
Logfile: /lustre/scratch/wbic-beta/ccn30/ENCRYPT/task_data/gridtask/27532/BlockC/movemenEventData.csv
{Error using fgets
Invalid file identifier. Use fopen to generate a valid file identifier.

Error in fgetl (line 32)
[tline,lt] = fgets(fid);

Error in GCAP_logfile2eventTable (line 25)
    tline = fgetl(fid);
} 
>> Done.
>>  
>> >> >> 
pa =

    '/lustre/scratch/wbic-beta/ccn30/ENCRYPT/scripts/GridCAT'


af =

    'GridCAT_mainfunc'

>> >> >> >> >> >> >> >> 
warp_flag =

    'main'

>> >> >> 
ROI_flag =

    'pmRight'

>> >> >> 
xFold =

    '6'

>> >> >> 
mask_thresh =

    '0.5'

>> >> >> >> >> >> >> >> 
regressor_flag =

    'pmod'

>> >> >> 
outfilename =

    'gridCAT_pmRight6_nr'

>> >> >> Submitting the following command: GridCAT_mainfunc('27532','/lustre/scratch/wbic-beta/ccn30/ENCRYPT/fMRI','/lustre/scratch/wbic-beta/ccn30/ENCRYPT/task_data/gridtask','/lustre/scratch/wbic-beta/ccn30/ENCRYPT/registrations',outfilename,ROI_flag,warp_flag,xFold,mask_thresh,regressor_flag)
>> You are inside GridCAT_mainfunc, subject 27532
{Error using readEventTable (line 81)
The following event-table seems to have a wrong format and could not be read:
/lustre/scratch/wbic-beta/ccn30/ENCRYPT/task_data/gridtask/27532/BlockC/eventTable_nr_movemenEventData.txt

Error in specifyGLM (line 28)
    cfg.eventInfo.run(runIdx) =
    readEventTable(cfg.rawData.run(runIdx).eventTable_file);

Error in GridCAT_mainfunc (line 119)
specifyGLM(cfg);
} 
>> Done
>> 