cmdModule.c(567):ERROR:50: Cannot open file '/home/ccn30/privatemodules/ASHS_1.0.0' for 'reading'
/var/spool/slurm/slurmd/job5586280/slurm_script: line 86: =/lustre/scratch/wbic-beta/ccn30/ENCRYPT/scripts/GridCAT/gridcatprepare.sh: No such file or directory
/var/spool/slurm/slurmd/job5586280/slurm_script: line 87: =/lustre/scratch/wbic-beta/ccn30/ENCRYPT/scripts/GridCAT/GCAP_logfile2eventTable.m: No such file or directory
/var/spool/slurm/slurmd/job5586280/slurm_script: line 88: =/lustre/scratch/wbic-beta/ccn30/ENCRYPT/task_data/gridtask: No such file or directory
/var/spool/slurm/slurmd/job5586280/slurm_script: line 89: =26795: command not found
/var/spool/slurm/slurmd/job5586280/slurm_script: line 90: =/lustre/scratch/wbic-beta/ccn30/ENCRYPT/scripts/GridCAT/GridCAT_mainfunc.m: No such file or directory
/var/spool/slurm/slurmd/job5586280/slurm_script: line 91: =/lustre/scratch/wbic-beta/ccn30/ENCRYPT/scripts/GridCAT: No such file or directory
/var/spool/slurm/slurmd/job5586280/slurm_script: line 92: =/lustre/scratch/wbic-beta/ccn30/ENCRYPT/fMRI: No such file or directory
/var/spool/slurm/slurmd/job5586280/slurm_script: line 93: =/lustre/scratch/wbic-beta/ccn30/ENCRYPT/registrations: No such file or directory
/var/spool/slurm/slurmd/job5586280/slurm_script: line 107: cd: /slurmoutputs: No such file or directory
Changed directory to /lustre/scratch/wbic-beta/ccn30/ENCRYPT/scripts/GridCAT/slurmoutputs.

JobID: 5586280
======
Time: Thu Nov 12 18:03:28 GMT 2020
Running on master node: wbic-cs-2
Current directory: /lustre/scratch/wbic-beta/ccn30/ENCRYPT/scripts/GridCAT/slurmoutputs

Nodes allocated:
================
wbic-cs-2

numtasks=1, numnodes=1, mpi_tasks_per_node=1 (OMP_NUM_THREADS=1)

Executing command:
==================
      

