Changed directory to /home/ccn30/rds/hpc-work/WBIC_lustre/ENCRYPT/scripts/GridCAT/analysis/boundary_fMRI/slurmoutputs.

JobID: 42324000
======
Time: Fri 18 Jun 14:07:00 BST 2021
Running on master node: cpu-e-268
Current directory: /home/ccn30/rds/hpc-work/WBIC_lustre/ENCRYPT/scripts/GridCAT/analysis/boundary_fMRI/slurmoutputs

Nodes allocated:
================
cpu-e-268

numtasks=1, numnodes=1, mpi_tasks_per_node=1 (OMP_NUM_THREADS=1)

Executing command:
==================
/home/ccn30/rds/hpc-work/WBIC_lustre/ENCRYPT/scripts/GridCAT/analysis/boundary_fMRI/runMatlab_BoundaryAnalysis.sh /home/ccn30/rds/hpc-work/WBIC_lustre/ENCRYPT/scripts/GridCAT/analysis/boundary_fMRI/runBoundaryAnalysis.m /home/ccn30/rds/hpc-work/WBIC_lustre/ENCRYPT/scripts/GridCAT/analysis/boundary_fMRI/ENCRYPT_subjects_parameters.m 18 

Fri 18 Jun 14:07:00 BST 2021
inside remote MATLAB call for 18 subjects

                            < M A T L A B (R) >
                  Copyright 1984-2019 The MathWorks, Inc.
                  R2019a (9.6.0.1072779) 64-bit (glnxa64)
                               March 8, 2019

 
To get started, type doc.
For product information, visit www.mathworks.com.
 
>> >> >> Path is /home/ccn30/rds/hpc-work/WBIC_lustre/ENCRYPT/scripts/GridCAT/analysis/boundary_fMRI
>> Function is runBoundaryAnalysis
>> 
do_definition_func =

    '/home/ccn30/rds/hpc-work/WBIC_lustre/ENCRYPT/scripts/GridCAT/analysis/boundary_fMRI/ENCRYPT_subjects_parameters.m'

>> >> >> >> >> >> >> >> Submitting the following command: runBoundaryAnalysis('','','18')
>> {Undefined function or variable 'subjects'.

Error in runBoundaryAnalysis (line 16)
    subj = subjects{i};
} 
>> 