This is job 1
Time: Wed 10 Nov 10:58:52 GMT 2021
Running on master node: cpu-p-380
Current directory: /rds/user/ccn30/hpc-work/WBIC_lustre/ENCRYPT/scripts/ImagePrep/slurmoutputs
Changed directory to /home/ccn30/rds/hpc-work/WBIC_lustre/ENCRYPT/scripts/ImagePrep/slurmoutputs.

JobID: 49313040
======
Time: Wed 10 Nov 10:58:52 GMT 2021
Running on master node: cpu-p-380
Current directory: /home/ccn30/rds/hpc-work/WBIC_lustre/ENCRYPT/scripts/ImagePrep/slurmoutputs

Nodes allocated:
================
cpu-p-380

numtasks=, numnodes=, mpi_tasks_per_node= (OMP_NUM_THREADS=1)

Executing command:
==================
/home/ccn30/rds/hpc-work/WBIC_lustre/ENCRYPT/scripts/ImagePrep/denoiseReorient.sh /home/ccn30/rds/hpc-work/WBIC_lustre/ENCRYPT/testsubjcode.txt 1 /home/ccn30/rds/rds-p00500_encrypt-URQgmO1brZ0/p00500/ENCRYPT_images

Inside denoiseReorient.sh script
Subject is:  27783
Image dir is:  /home/ccn30/rds/rds-p00500_encrypt-URQgmO1brZ0/p00500/ENCRYPT_images/27783
Running DenoiseImage on:  /home/ccn30/rds/rds-p00500_encrypt-URQgmO1brZ0/p00500/ENCRYPT_images/27783/mp2rage/n4mag0000_PSIR_skulled_std.nii + /home/ccn30/rds/rds-p00500_encrypt-URQgmO1brZ0/p00500/ENCRYPT_images/27783/T2/t2.nii

Running for 3-dimensional images.

*********10*********20*********30*********40*********50*********60*********70*********80*********90*********

   AdaptiveNonLocalMeansDenoisingImageFilter (0x201a800)
     RTTI typeinfo:   itk::AdaptiveNonLocalMeansDenoisingImageFilter<itk::Image<float, 3u>, itk::Image<float, 3u>, itk::Image<unsigned char, 3u> >
     Reference Count: 1
     Modified Time: 377
     Debug: Off
     Object Name: 
     Observers: 
       ProgressEvent(Command)
     Inputs: 
       Primary: (0x201bae0) *
       _1: (0)
     Indexed Inputs: 
       0: Primary (0x201bae0)
       1: _1 (0)
     Required Input Names: Primary
     NumberOfRequiredInputs: 1
     Outputs: 
       Primary: (0x201c8a0)
     Indexed Outputs: 
       0: Primary (0x201c8a0)
     NumberOfRequiredOutputs: 1
     Number Of Work Units: 128
     ReleaseDataFlag: Off
     ReleaseDataBeforeUpdateFlag: Off
     AbortGenerateData: Off
     Progress: 1
     Multithreader: 
       RTTI typeinfo:   itk::PoolMultiThreader
       Reference Count: 1
       Modified Time: 336
       Debug: Off
       Object Name: 
       Observers: 
         none
       Number of Work Units: 107
       Number of Threads: 56
       Global Maximum Number Of Threads: 128
       Global Default Number Of Threads: 56
       Global Default Threader Type: itk::MultiThreaderBaseEnums::Threader::Pool
       SingleMethod: 1
       SingleData: 0x7ffea29035a0
     DynamicMultiThreading: Off
     CoordinateTolerance: 1e-06
     DirectionTolerance: 1e-06
Using mean squares to measure the patch similarity.
     Neighborhood search radius = [2, 2, 2]
     Neighborhood patch radius = [1, 1, 1]
     Using Gaussian noise model.
     Epsilon = 1e-05
     Mean threshold = 0.95
     Variance threshold = 0.5
     Smoothing variance = 2
     Neighborhood radius for local mean and variance = [1, 1, 1]
Elapsed time: 111.77

Running for 3-dimensional images.

*********10*********20*********30*********40*********50*********60*********70*********80*********90*********

   AdaptiveNonLocalMeansDenoisingImageFilter (0x18ee870)
     RTTI typeinfo:   itk::AdaptiveNonLocalMeansDenoisingImageFilter<itk::Image<float, 3u>, itk::Image<float, 3u>, itk::Image<unsigned char, 3u> >
     Reference Count: 1
     Modified Time: 377
     Debug: Off
     Object Name: 
     Observers: 
       ProgressEvent(Command)
     Inputs: 
       Primary: (0x18e6b30) *
       _1: (0)
     Indexed Inputs: 
       0: Primary (0x18e6b30)
       1: _1 (0)
     Required Input Names: Primary
     NumberOfRequiredInputs: 1
     Outputs: 
       Primary: (0x18ec7f0)
     Indexed Outputs: 
       0: Primary (0x18ec7f0)
     NumberOfRequiredOutputs: 1
     Number Of Work Units: 128
     ReleaseDataFlag: Off
     ReleaseDataBeforeUpdateFlag: Off
     AbortGenerateData: Off
     Progress: 1
     Multithreader: 
       RTTI typeinfo:   itk::PoolMultiThreader
       Reference Count: 1
       Modified Time: 336
       Debug: Off
       Object Name: 
       Observers: 
         none
       Number of Work Units: 107
       Number of Threads: 56
       Global Maximum Number Of Threads: 128
       Global Default Number Of Threads: 56
       Global Default Threader Type: itk::MultiThreaderBaseEnums::Threader::Pool
       SingleMethod: 1
       SingleData: 0x7ffcacdf2750
     DynamicMultiThreading: Off
     CoordinateTolerance: 1e-06
     DirectionTolerance: 1e-06
Using mean squares to measure the patch similarity.
     Neighborhood search radius = [2, 2, 2]
     Neighborhood patch radius = [1, 1, 1]
     Using Gaussian noise model.
     Epsilon = 1e-05
     Mean threshold = 0.95
     Variance threshold = 0.5
     Smoothing variance = 2
     Neighborhood radius for local mean and variance = [1, 1, 1]
Elapsed time: 551.143

Running for 3-dimensional images.

*********10*********20*********30*********40*********50*********60*********70*********80*********90*********

   AdaptiveNonLocalMeansDenoisingImageFilter (0x19e06c0)
     RTTI typeinfo:   itk::AdaptiveNonLocalMeansDenoisingImageFilter<itk::Image<float, 3u>, itk::Image<float, 3u>, itk::Image<unsigned char, 3u> >
     Reference Count: 1
     Modified Time: 377
     Debug: Off
     Object Name: 
     Observers: 
       ProgressEvent(Command)
     Inputs: 
       Primary: (0x19da9d0) *
       _1: (0)
     Indexed Inputs: 
       0: Primary (0x19da9d0)
       1: _1 (0)
     Required Input Names: Primary
     NumberOfRequiredInputs: 1
     Outputs: 
       Primary: (0x19e2760)
     Indexed Outputs: 
       0: Primary (0x19e2760)
     NumberOfRequiredOutputs: 1
     Number Of Work Units: 128
     ReleaseDataFlag: Off
     ReleaseDataBeforeUpdateFlag: Off
     AbortGenerateData: Off
     Progress: 1
     Multithreader: 
       RTTI typeinfo:   itk::PoolMultiThreader
       Reference Count: 1
       Modified Time: 336
       Debug: Off
       Object Name: 
       Observers: 
         none
       Number of Work Units: 54
       Number of Threads: 56
       Global Maximum Number Of Threads: 128
       Global Default Number Of Threads: 56
       Global Default Threader Type: itk::MultiThreaderBaseEnums::Threader::Pool
       SingleMethod: 1
       SingleData: 0x7ffcc30a8790
     DynamicMultiThreading: Off
     CoordinateTolerance: 1e-06
     DirectionTolerance: 1e-06
Using mean squares to measure the patch similarity.
     Neighborhood search radius = [2, 2, 2]
     Neighborhood patch radius = [1, 1, 1]
     Using Gaussian noise model.
     Epsilon = 1e-05
     Mean threshold = 0.95
     Variance threshold = 0.5
     Smoothing variance = 2
     Neighborhood radius for local mean and variance = [1, 1, 1]
Elapsed time: 498.622
