This is job 7
Time: Thu  2 Sep 19:59:34 BST 2021
Running on master node: cpu-e-937
Current directory: /home/ccn30/rds/hpc-work/WBIC_lustre/ENCRYPT/scripts/ImagePrep/slurmoutputs
Changed directory to /home/ccn30/rds/hpc-work/WBIC_lustre/ENCRYPT/scripts/ImagePrep/slurmoutputs.

JobID: 46067336
======
Time: Thu  2 Sep 19:59:34 BST 2021
Running on master node: cpu-e-937
Current directory: /home/ccn30/rds/hpc-work/WBIC_lustre/ENCRYPT/scripts/ImagePrep/slurmoutputs

Nodes allocated:
================
cpu-e-937

numtasks=, numnodes=, mpi_tasks_per_node= (OMP_NUM_THREADS=1)

Executing command:
==================
/home/ccn30/rds/hpc-work/WBIC_lustre/ENCRYPT/scripts/ImagePrep/ImPrep_run.sh /home/ccn30/rds/hpc-work/WBIC_lustre/ENCRYPT/scripts/ImagePrep/image_prepare_func.m /home/ccn30/rds/hpc-work/WBIC_lustre/ENCRYPT/testsubjcode.txt 7 /home/ccn30/rds/rds-p00500_encrypt-URQgmO1brZ0/p00500/ENCRYPT_images_raw /home/ccn30/rds/rds-p00500_encrypt-URQgmO1brZ0/p00500/ENCRYPT_images /home/ccn30/rds/hpc-work/WBIC_lustre/ENCRYPT/scripts/ImagePrep

Inside ImPrep_run...
RUNNING IMAGE PREP FOR:	

                            < M A T L A B (R) >
                  Copyright 1984-2019 The MathWorks, Inc.
                  R2019a (9.6.0.1072779) 64-bit (glnxa64)
                               March 8, 2019

 
To get started, type doc.
For product information, visit www.mathworks.com.
 

 Made mp2rage dir. 

Starting image preparation for subject 32455 ... Current dir is /rds/project/rds-URQgmO1brZ0/p00500/ENCRYPT_images_raw/32455/20210719_

**STARTING NEW SERIES**
 /rds/project/rds-URQgmO1brZ0/p00500/ENCRYPT_images_raw/32455/20210719_/Series_012_MP2RAGE_0.7_UniformSens_MAG
Converting dicoms to nifti...
Done dcm2niix.


 Now working on mp2rage MAG prep...Inside mp2rage dir, copying images...
Magnitude image going in is Series_012_MP2RAGE_0.7_UniformSens_MAG
Done with magnitude image.

**STARTING NEW SERIES**
 /rds/project/rds-URQgmO1brZ0/p00500/ENCRYPT_images_raw/32455/20210719_/Series_013_MP2RAGE_0.7_UniformSens_PHS
Converting dicoms to nifti...
Done dcm2niix.


 Now working on mp2rage PHS prep...Inside mp2rage dir, copying images...
Phase image going in is Series_013_MP2RAGE_0.7_UniformSens_PHS
Done with phase image.

**STARTING NEW SERIES**
 /rds/project/rds-URQgmO1brZ0/p00500/ENCRYPT_images_raw/32455/20210719_/Series_018_Highresolution_TSE_PAT2_100
Converting dicoms to nifti...
Done dcm2niix.
