This is job 10
Time: Thu  2 Sep 13:51:53 BST 2021
Running on master node: cpu-e-1015
Current directory: /home/ccn30/rds/hpc-work/WBIC_lustre/ENCRYPT/scripts/ImagePrep/slurmoutputs
Changed directory to /home/ccn30/rds/hpc-work/WBIC_lustre/ENCRYPT/scripts/ImagePrep/slurmoutputs.

JobID: 46056549
======
Time: Thu  2 Sep 13:51:53 BST 2021
Running on master node: cpu-e-1015
Current directory: /home/ccn30/rds/hpc-work/WBIC_lustre/ENCRYPT/scripts/ImagePrep/slurmoutputs

Nodes allocated:
================
cpu-e-1015

numtasks=, numnodes=, mpi_tasks_per_node= (OMP_NUM_THREADS=1)

Executing command:
==================
/home/ccn30/rds/hpc-work/WBIC_lustre/ENCRYPT/scripts/ImagePrep/ImPrep_run.sh /home/ccn30/rds/hpc-work/WBIC_lustre/ENCRYPT/scripts/ImagePrep/image_prepare_func.m /home/ccn30/rds/hpc-work/WBIC_lustre/ENCRYPT/ENCRYPT_MasterRIScodes.txt 10 /home/ccn30/rds/rds-p00500_encrypt-URQgmO1brZ0/p00500/ENCRYPT_images_raw /home/ccn30/rds/rds-p00500_encrypt-URQgmO1brZ0/p00500/ENCRYPT_images /home/ccn30/rds/hpc-work/WBIC_lustre/ENCRYPT/scripts/ImagePrep

Inside ImPrep_run...
RUNNING IMAGE PREP FOR:	

                            < M A T L A B (R) >
                  Copyright 1984-2019 The MathWorks, Inc.
                  R2019a (9.6.0.1072779) 64-bit (glnxa64)
                               March 8, 2019

 
To get started, type doc.
For product information, visit www.mathworks.com.
 

 Made mp2rage dir. 

Starting image preparation for subject 26040 ... Current dir is /rds/project/rds-URQgmO1brZ0/p00500/ENCRYPT_images_raw/26040/20200310_U-ID48485

**STARTING NEW SERIES**
 /rds/project/rds-URQgmO1brZ0/p00500/ENCRYPT_images_raw/26040/20200310_U-ID48485/Series_012_MP2RAGE_0.7_UniformSens_MAG
Converting dicoms to nifti...
Done dcm2niix.


 Now working on mp2rage MAG prep...Inside mp2rage dir, copying images...
Magnitude image going in is Series_012_MP2RAGE_0.7_UniformSens_MAG
Done with magnitude image.

**STARTING NEW SERIES**
 /rds/project/rds-URQgmO1brZ0/p00500/ENCRYPT_images_raw/26040/20200310_U-ID48485/Series_013_MP2RAGE_0.7_UniformSens_PHS
Converting dicoms to nifti...
Done dcm2niix.


 Now working on mp2rage PHS prep...Inside mp2rage dir, copying images...
Phase image going in is Series_013_MP2RAGE_0.7_UniformSens_PHS
Done with phase image.

**STARTING NEW SERIES**
 /rds/project/rds-URQgmO1brZ0/p00500/ENCRYPT_images_raw/26040/20200310_U-ID48485/Series_033_Highresolution_TSE_PAT2_100
Converting dicoms to nifti...
Done dcm2niix.
Renamed and moved t2.nii

**STARTING NEW SERIES**[Warning: Repeat scan for 26040: Series_023_cmrr_ep2d_bold_1.5x1.5x1_run1 and
Series_027_cmrr_ep2d_bold_1.5x1.5x1_run1] 
[> In image_prepare_func (line 90)] 
