Changed directory to /lustre/scratch/wbic-beta/ccn30/ENCRYPT/scripts/ImagePrep/slurmoutputs.

JobID: 5457056
======
Time: Thu Oct  8 09:29:36 BST 2020
Running on master node: wbic-cs-2
Current directory: /lustre/scratch/wbic-beta/ccn30/ENCRYPT/scripts/ImagePrep/slurmoutputs

Nodes allocated:
================
wbic-cs-2

numtasks=1, numnodes=1, mpi_tasks_per_node=1 (OMP_NUM_THREADS=1)

Executing command:
==================
/lustre/scratch/wbic-beta/ccn30/ENCRYPT/scripts/ImagePrep/denoiseT1.sh /lustre/scratch/wbic-beta/ccn30/ENCRYPT 26371/20200110_U-ID47599 /lustre/scratch/wbic-beta/ccn30/ENCRYPT/scripts/ImagePrep/slurmoutputs

Subject is:  26371
T1 is:  /lustre/scratch/wbic-beta/ccn30/ENCRYPT/images/26371/20200110_U-ID47599/mp2rage
Running DenoiseImage on:  /lustre/scratch/wbic-beta/ccn30/ENCRYPT/images/26371/20200110_U-ID47599/mp2rage

Running for 3-dimensional images.

*********10*********20*********30*********40*********50*********60*********70*********80*********90*********

   AdaptiveNonLocalMeansDenoisingImageFilter (0x1f159d0)
     RTTI typeinfo:   itk::AdaptiveNonLocalMeansDenoisingImageFilter<itk::Image<float, 3u>, itk::Image<float, 3u>, itk::Image<unsigned char, 3u> >
     Reference Count: 1
     Modified Time: 328
     Debug: Off
     Object Name: 
     Observers: 
       ProgressEvent(Command)
     Inputs: 
       Primary: (0x1f15690) *
       _1: (0)
     Indexed Inputs: 
       0: Primary (0x1f15690)
       1: _1 (0)
     Required Input Names: Primary
     NumberOfRequiredInputs: 1
     Outputs: 
       Primary: (0x1f15ff0)
     Indexed Outputs: 
       0: Primary (0x1f15ff0)
     NumberOfRequiredOutputs: 1
     Number Of Threads: 24
     ReleaseDataFlag: Off
     ReleaseDataBeforeUpdateFlag: Off
     AbortGenerateData: Off
     Progress: 1
     Multithreader: 
       RTTI typeinfo:   itk::MultiThreader
       Reference Count: 1
       Modified Time: 291
       Debug: Off
       Object Name: 
       Observers: 
         none
       Thread Count: 23
       Global Maximum Number Of Threads: 128
       Global Default Number Of Threads: 24
     CoordinateTolerance: 1e-06
     DirectionTolerance: 1e-06
Using mean squares to measure the patch similarity.
     Neighborhood search radius = [3, 3, 3]
     Neighborhood patch radius = [1, 1, 1]
     Using Gaussian noise model.
     Epsilon = 1e-05
     Mean threshold = 0.95
     Variance threshold = 0.5
     Smoothing variance = 2
     Neighborhood radius for local mean and variance = [1, 1, 1]
Elapsed time: 19720.1
