This is job 9
Time: Fri  6 Aug 16:55:32 BST 2021
Running on master node: cpu-e-497
Current directory: /home/ccn30/rds/hpc-work/WBIC_lustre/ENCRYPT/scripts/PIT
Changed directory to /home/ccn30/rds/hpc-work/WBIC_lustre/ENCRYPT/scripts/PIT/slurmoutputs.

JobID: 45143601
======
Time: Fri  6 Aug 16:55:32 BST 2021
Running on master node: cpu-e-497
Current directory: /home/ccn30/rds/hpc-work/WBIC_lustre/ENCRYPT/scripts/PIT/slurmoutputs

Nodes allocated:
================
cpu-e-497

numtasks=, numnodes=, mpi_tasks_per_node= (OMP_NUM_THREADS=1)

Executing command:
==================
/home/ccn30/rds/hpc-work/WBIC_lustre/ENCRYPT/scripts/PIT/PIT_xml2csv_runMatlab.sh /home/ccn30/rds/hpc-work/WBIC_lustre/ENCRYPT/scripts/PIT/PIT_xml2csv.m /home/ccn30/rds/hpc-work/WBIC_lustre/ENCRYPT/ENCRYPT_MasterCBcodes.txt 10 /home/ccn30/rds/hpc-work/WBIC_lustre/ENCRYPT/task_data/PIT/raw_data /home/ccn30/rds/hpc-work/WBIC_lustre/ENCRYPT/results/PIT

/home/ccn30/rds/hpc-work/WBIC_lustre/ENCRYPT/scripts/PIT/slurmoutputs
CB004

                            < M A T L A B (R) >
                  Copyright 1984-2019 The MathWorks, Inc.
                  R2019a (9.6.0.1072779) 64-bit (glnxa64)
                               March 8, 2019

 
To get started, type doc.
For product information, visit www.mathworks.com.
 
>> >> >> >> >> Matlab submitting the following command: PIT_xml2csv('CB004','/home/ccn30/rds/hpc-work/WBIC_lustre/ENCRYPT/task_data/PIT/raw_data','/home/ccn30/rds/hpc-work/WBIC_lustre/ENCRYPT/results/PIT')
>>  
** Inside function, starting CB004 **
Extracting xml data, converting to structure..
