This is job 73
Time: Fri  6 Aug 17:03:59 BST 2021
Running on master node: cpu-e-1115
Current directory: /home/ccn30/rds/hpc-work/WBIC_lustre/ENCRYPT/scripts/PIT
Changed directory to /home/ccn30/rds/hpc-work/WBIC_lustre/ENCRYPT/scripts/PIT/slurmoutputs.

JobID: 45143944
======
Time: Fri  6 Aug 17:03:59 BST 2021
Running on master node: cpu-e-1115
Current directory: /home/ccn30/rds/hpc-work/WBIC_lustre/ENCRYPT/scripts/PIT/slurmoutputs

Nodes allocated:
================
cpu-e-1115

numtasks=, numnodes=, mpi_tasks_per_node= (OMP_NUM_THREADS=1)

Executing command:
==================
/home/ccn30/rds/hpc-work/WBIC_lustre/ENCRYPT/scripts/PIT/PIT_xml2csv_runMatlab.sh /home/ccn30/rds/hpc-work/WBIC_lustre/ENCRYPT/scripts/PIT/PIT_xml2csv.m /home/ccn30/rds/hpc-work/WBIC_lustre/ENCRYPT/ENCRYPT_MasterCBcodes.txt 74 /home/ccn30/rds/hpc-work/WBIC_lustre/ENCRYPT/task_data/PIT/raw_data /home/ccn30/rds/hpc-work/WBIC_lustre/ENCRYPT/results/PIT

/home/ccn30/rds/hpc-work/WBIC_lustre/ENCRYPT/scripts/PIT/slurmoutputs
WL089

                            < M A T L A B (R) >
                  Copyright 1984-2019 The MathWorks, Inc.
                  R2019a (9.6.0.1072779) 64-bit (glnxa64)
                               March 8, 2019

 
To get started, type doc.
For product information, visit www.mathworks.com.
 
>> >> >> >> >> Matlab submitting the following command: PIT_xml2csv('WL089','/home/ccn30/rds/hpc-work/WBIC_lustre/ENCRYPT/task_data/PIT/raw_data','/home/ccn30/rds/hpc-work/WBIC_lustre/ENCRYPT/results/PIT')
>>  
** Inside function, starting WL089 **
Extracting xml data, converting to structure..
Looping through trials...
Trial Information Extracted...
Errors Calculated...
 
New results-table: PIT_RawResults_WL089.xlsx made in /home/ccn30/rds/hpc-work/WBIC_lustre/ENCRYPT/results/PIT
 
Now extracting trajectories
