This is job 59
Time: Wed  8 Dec 14:01:33 GMT 2021
Running on master node: cpu-p-137
Current directory: /rds/user/ccn30/hpc-work/WBIC_lustre/ENCRYPT/scripts/PIT/slurmoutputs
Changed directory to /home/ccn30/rds/hpc-work/WBIC_lustre/ENCRYPT/scripts/PIT/slurmoutputs.

JobID: 51112380
======
Time: Wed  8 Dec 14:01:33 GMT 2021
Running on master node: cpu-p-137
Current directory: /home/ccn30/rds/hpc-work/WBIC_lustre/ENCRYPT/scripts/PIT/slurmoutputs

Nodes allocated:
================
cpu-p-137

numtasks=, numnodes=, mpi_tasks_per_node= (OMP_NUM_THREADS=1)

Executing command:
==================
/home/ccn30/rds/hpc-work/WBIC_lustre/ENCRYPT/scripts/PIT/PIT_xml2csv_runMatlab.sh /home/ccn30/rds/hpc-work/WBIC_lustre/ENCRYPT/scripts/PIT/PIT_xml2csv.m /home/ccn30/rds/hpc-work/WBIC_lustre/ENCRYPT/ENCRYPT_MasterCBcodes.txt 59 /home/ccn30/rds/hpc-work/WBIC_lustre/ENCRYPT/task_data/PIT/raw_data /home/ccn30/rds/hpc-work/WBIC_lustre/ENCRYPT/results/PIT

/home/ccn30/rds/hpc-work/WBIC_lustre/ENCRYPT/scripts/PIT/slurmoutputs
WL124

                            < M A T L A B (R) >
                  Copyright 1984-2019 The MathWorks, Inc.
                  R2019a (9.6.0.1072779) 64-bit (glnxa64)
                               March 8, 2019

 
To get started, type doc.
For product information, visit www.mathworks.com.
 
>> >> >> >> >> Matlab submitting the following command: PIT_xml2csv('WL124','/home/ccn30/rds/hpc-work/WBIC_lustre/ENCRYPT/task_data/PIT/raw_data','/home/ccn30/rds/hpc-work/WBIC_lustre/ENCRYPT/results/PIT')
>>  
** Inside function, starting WL124 **
Extracting xml data, converting to structure..
Looping through trials...
Trial Information Extracted...
Errors and metrics Calculated...
 
New results-table: PIT_RawResults_WL124.csv made in /home/ccn30/rds/hpc-work/WBIC_lustre/ENCRYPT/results/PIT
Finished
 
>> 