This is job 34
Time: Mon  9 Aug 11:12:16 BST 2021
Running on master node: cpu-e-667
Current directory: /home/ccn30/rds/hpc-work/WBIC_lustre/ENCRYPT/scripts/PIT/slurmoutputs
Changed directory to /home/ccn30/rds/hpc-work/WBIC_lustre/ENCRYPT/scripts/PIT/slurmoutputs.

JobID: 45255017
======
Time: Mon  9 Aug 11:12:16 BST 2021
Running on master node: cpu-e-667
Current directory: /home/ccn30/rds/hpc-work/WBIC_lustre/ENCRYPT/scripts/PIT/slurmoutputs

Nodes allocated:
================
cpu-e-667

numtasks=, numnodes=, mpi_tasks_per_node= (OMP_NUM_THREADS=1)

Executing command:
==================
/home/ccn30/rds/hpc-work/WBIC_lustre/ENCRYPT/scripts/PIT/PIT_xml2csv_runMatlab.sh /home/ccn30/rds/hpc-work/WBIC_lustre/ENCRYPT/scripts/PIT/PIT_xml2csv.m /home/ccn30/rds/hpc-work/WBIC_lustre/ENCRYPT/ENCRYPT_MasterCBcodes.txt 35 /home/ccn30/rds/hpc-work/WBIC_lustre/ENCRYPT/task_data/PIT/raw_data /home/ccn30/rds/hpc-work/WBIC_lustre/ENCRYPT/results/PIT

/home/ccn30/rds/hpc-work/WBIC_lustre/ENCRYPT/scripts/PIT/slurmoutputs
CB085

                            < M A T L A B (R) >
                  Copyright 1984-2019 The MathWorks, Inc.
                  R2019a (9.6.0.1072779) 64-bit (glnxa64)
                               March 8, 2019

 
To get started, type doc.
For product information, visit www.mathworks.com.
 
>> >> >> >> >> Matlab submitting the following command: PIT_xml2csv('CB085','/home/ccn30/rds/hpc-work/WBIC_lustre/ENCRYPT/task_data/PIT/raw_data','/home/ccn30/rds/hpc-work/WBIC_lustre/ENCRYPT/results/PIT')
>>  
** Inside function, starting CB085 **
Extracting xml data, converting to structure..
Looping through trials...
Trial Information Extracted...
Errors Calculated...
 
New results-table: PIT_RawResults_CB085.xlsx made in /home/ccn30/rds/hpc-work/WBIC_lustre/ENCRYPT/results/PIT
 
Now extracting trajectories
Saved plot for Block 1 Trial 1
Saved plot for Block 1 Trial 2
Saved plot for Block 1 Trial 3
Saved plot for Block 1 Trial 4
Saved plot for Block 1 Trial 5
Saved plot for Block 1 Trial 6
Saved plot for Block 1 Trial 7
Saved plot for Block 1 Trial 8
Saved plot for Block 1 Trial 9
Saved plot for Block 1 Trial 10
Saved plot for Block 1 Trial 11
Saved plot for Block 1 Trial 12
Saved plot for Block 2 Trial 1
Saved plot for Block 2 Trial 2
Saved plot for Block 2 Trial 3
Saved plot for Block 2 Trial 4
Saved plot for Block 2 Trial 5
Saved plot for Block 2 Trial 6
Saved plot for Block 2 Trial 7
Saved plot for Block 2 Trial 8
Saved plot for Block 2 Trial 9
Saved plot for Block 2 Trial 10
Saved plot for Block 2 Trial 11
Saved plot for Block 2 Trial 12
Saved plot for Block 3 Trial 1
Saved plot for Block 3 Trial 2
Saved plot for Block 3 Trial 3
Saved plot for Block 3 Trial 4
Saved plot for Block 3 Trial 5
Saved plot for Block 3 Trial 6
Saved plot for Block 3 Trial 7
Saved plot for Block 3 Trial 8
Saved plot for Block 3 Trial 9
Saved plot for Block 3 Trial 10
Saved plot for Block 3 Trial 11
Saved plot for Block 3 Trial 12
Finished
 
>> 