cmdModule.c(567):ERROR:50: Cannot open file '/home/ccn30/privatemodules/ASHS_1.0.0' for 'reading'
Changed directory to /lustre/scratch/wbic-beta/ccn30/ENCRYPT/scripts/PIT/slurmoutputs.

JobID: 5582715
======
Time: Tue Nov 10 16:51:21 GMT 2020
Running on master node: wbic-cs-22
Current directory: /lustre/scratch/wbic-beta/ccn30/ENCRYPT/scripts/PIT/slurmoutputs

Nodes allocated:
================
wbic-cs-22

numtasks=1, numnodes=1, mpi_tasks_per_node=1 (OMP_NUM_THREADS=1)

Executing command:
==================
/lustre/scratch/wbic-beta/ccn30/ENCRYPT/scripts/PIT/PIT_raw2table_run.sh /lustre/scratch/wbic-beta/ccn30/ENCRYPT/scripts/PIT/PIT_raw2table.m /lustre/scratch/wbic-beta/ccn30/ENCRYPT/task_data/PIT/raw_data /lustre/scratch/wbic-beta/ccn30/ENCRYPT/results/PIT CB019

/lustre/scratch/wbic-beta/ccn30/ENCRYPT/scripts/PIT/slurmoutputs

                            < M A T L A B (R) >
                  Copyright 1984-2019 The MathWorks, Inc.
                  R2019a (9.6.0.1072779) 64-bit (glnxa64)
                               March 8, 2019

 
To get started, type doc.
For product information, visit www.mathworks.com.
 
>> >> >> >> >> Matlab submitting the following command: PIT_raw2table('CB019','/lustre/scratch/wbic-beta/ccn30/ENCRYPT/task_data/PIT/raw_data','/lustre/scratch/wbic-beta/ccn30/ENCRYPT/results/PIT')
>>  
** Inside function, starting CB019 **
Extracting xml data, converting to structure..
Looping through trials...
Trial Information Extracted...
Errors Calculated...
 
New results-table: PIT_RawResults_CB019.xlsx made in /lustre/scratch/wbic-beta/ccn30/ENCRYPT/results/PIT
 
Now extracting trajectories
>> 